0.00000 136.281400000000 
0.00050 117.593200000000 
0.00100 98.904800000000 
0.00150 80.216400000000 
0.00200 61.528000000000 
0.00250 49.565800000000 
0.00300 39.610400000000 
0.00350 31.938600000000 
0.00400 26.379200000000 
0.00450 21.258800000000 
0.00500 18.025400000000 
0.00550 14.792020000000 
0.00600 12.569680000000 
0.00650 10.624000000000 
0.00700 8.911600000000 
0.00750 7.706460000000 
0.00800 6.501320000000 
0.00850 5.641260000000 
0.00900 4.876080000000 
0.00950 4.164260000000 
0.01000 3.667840000000 
0.01050 3.171420000000 
0.01100 2.769640000000 
0.01150 2.441420000000 
0.01200 2.113220000000 
0.01250 1.879752000000 
0.01300 1.659094000000 
0.01350 1.449474000000 
0.01400 1.298890000000 
0.01450 1.148306000000 
0.01500 1.016114000000 
0.01550 0.911966000000 
0.01600 0.807816000000 
0.01650 0.722406000000 
0.01700 0.649496000000 
0.01750 0.576586000000 
0.01800 0.520120000000 
0.01850 0.468516000000 
0.01900 0.416910000000 
0.01950 0.378762000000 
0.02000 0.341870000000 
0.02050 0.305288000000 
0.02100 0.278674000000 
0.02150 0.252058000000 
0.02200 0.226322000000 
0.02250 0.206958000000 
0.02300 0.187595600000 
0.02350 0.169207400000 
0.02400 0.155011800000 
0.02450 0.140816400000 
0.02500 0.127492400000 
0.02550 0.117011000000 
0.02600 0.106529400000 
0.02650 0.096749000000 
0.02700 0.088958800000 
0.02750 0.081168600000 
0.02800 0.073903400000 
0.02850 0.068078200000 
0.02900 0.062252800000 
0.02950 0.056797000000 
0.03000 0.052416200000 
0.03050 0.048035600000 
0.03100 0.043897400000 
0.03150 0.040585800000 
0.03200 0.037274000000 
0.03250 0.034106600000 
0.03300 0.031590600000 
0.03350 0.029074600000 
0.03400 0.026630000000 
0.03450 0.024709800000 
0.03500 0.022789600000 
0.03550 0.020888400000 
0.03600 0.019416560000 
0.03650 0.017944700000 
0.03700 0.016472860000 
0.03750 0.015323020000 
0.03800 0.014190260000 
0.03850 0.013057500000 
0.03900 0.012141620000 
0.03950 0.011266500000 
0.04000 0.010391380000 
0.04050 0.009657620000 
0.04100 0.008979100000 
0.04150 0.008300580000 
0.04200 0.007709660000 
0.04250 0.007181780000 
0.04300 0.006653920000 
0.04350 0.006175760000 
0.04400 0.005763760000 
0.04450 0.005351760000 
0.04500 0.004963200000 
0.04550 0.004640660000 
0.04600 0.004318100000 
0.04650 0.004001100000 
0.04700 0.003747860000 
0.04750 0.003494600000 
0.04800 0.003241360000 
0.04850 0.003035660000 
0.04900 0.002836260000 
0.04950 0.002636880000 
0.05000 0.002465680000 
0.05050 0.002308260000 
0.05100 0.002150840000 
0.05150 0.002008040000 
0.05200 0.001883452000 
0.05250 0.001758864000 
0.05300 0.001639510000 
0.05350 0.001540664000 
0.05400 0.001441816000 
0.05450 0.001342968000 
0.05500 0.001263274000 
0.05550 0.001184664000 
0.05600 0.001106052000 
0.05650 0.001038200000 
0.05700 0.000975540000 
0.05750 0.000912880000 
0.05800 0.000855100000 
0.05850 0.000805044000 
0.05900 0.000754988000 
0.05950 0.000705776000 
0.06000 0.000665704000 
0.06050 0.000625630000 
0.06100 0.000585558000 
0.06150 0.000551560000 
0.06200 0.000519414000 
0.06250 0.000487266000 
0.06300 0.000457850000 
0.06350 0.000432010000 
0.06400 0.000406168000 
0.06450 0.000380750000 
0.06500 0.000359938000 
0.06550 0.000339124000 
0.06600 0.000318312000 
0.06650 0.000300392000 
0.06700 0.000283596000 
0.06750 0.000266802000 
0.06800 0.000251100000 
0.06850 0.000237522000 
0.06900 0.000223944000 
0.06950 0.000210364000 
0.07000 0.000199225200 
0.07050 0.000188226800 
0.07100 0.000177228600 
0.07150 0.000167340400 
0.07200 0.000158416200 
0.07250 0.000149491800 
0.07300 0.000140751400 
0.07350 0.000133497200 
0.07400 0.000126242800 
0.07450 0.000118988600 
0.07500 0.000112637200 
0.07550 0.000106730200 
0.07600 0.000100823200 
0.07650 0.000095150600 
0.07700 0.000090332600 
0.07750 0.000085514400 
0.07800 0.000080696400 
0.07850 0.000076535800 
0.07900 0.000072599400 
0.07950 0.000068662800 
0.08000 0.000064913800 
0.08050 0.000061692200 
0.08100 0.000058470600 
0.08150 0.000055249000 
0.08200 0.000052471400 
0.08250 0.000049830800 
0.08300 0.000047190000 
0.08350 0.000044668600 
0.08400 0.000042500600 
0.08450 0.000040332600 
0.08500 0.000038164400 
0.08550 0.000036276600 
0.08600 0.000034493800 
0.08650 0.000032711000 
0.08700 0.000030987600 
0.08750 0.000029519400 
0.08800 0.000028051000 
0.08850 0.000026582800 
0.08900 0.000025278400 
0.08950 0.000024067400 
0.09000 0.000022856200 
0.09050 0.000021660600 
0.09100 0.000020660200 
0.09150 0.000019659800 
0.09200 0.000018659360 
0.09250 0.000017744800 
0.09300 0.000016917160 
0.09350 0.000016089520 
0.09400 0.000015261860 
0.09450 0.000014563200 
0.09500 0.000013877520 
0.09550 0.000013191820 
0.09600 0.000012542180 
0.09650 0.000011973280 
0.09700 0.000011404400 
0.09750 0.000010835500 
0.09800 0.000010333720 
0.09850 0.000009861080 
0.09900 0.000009388420 
0.09950 0.000008921720 
0.10000 0.000008528500 
0.10050 0.000008135280 
0.10100 0.000007742060 
0.10150 0.000007377840 
0.10200 0.000007050260 
0.10250 0.000006722660 
0.10300 0.000006395080 
0.10350 0.000006110880 
0.10400 0.000005837620 
0.10450 0.000005564340 
0.10500 0.000005297620 
0.10550 0.000005069380 
0.10600 0.000004841120 
0.10650 0.000004612880 
0.10700 0.000004402660 
0.10750 0.000004211780 
0.10800 0.000004020880 
0.10850 0.000003830000 
0.10900 0.000003664260 
0.10950 0.000003504420 
0.11000 0.000003344600 
0.11050 0.000003188080 
0.11100 0.000003054080 
0.11150 0.000002920080 
0.11200 0.000002786080 
0.11250 0.000002661500 
0.11300 0.000002549040 
0.11350 0.000002436580 
0.11400 0.000002324100 
0.11450 0.000002224900 
0.11500 0.000002130400 
0.11550 0.000002035880 
0.11600 0.000001941850 
0.11650 0.000001862350 
0.11700 0.000001782848 
0.11750 0.000001703346 
0.11800 0.000001627802 
0.11850 0.000001560852 
0.11900 0.000001493902 
0.11950 0.000001426952 
0.12000 0.000001366214 
0.12050 0.000001309776 
0.12100 0.000001253336 
0.12150 0.000001196898 
0.12200 0.000001148028 
0.12250 0.000001100402 
0.12300 0.000001052776 
0.12350 0.000001006024 
0.12400 0.000000965796 
0.12450 0.000000925568 
0.12500 0.000000885340 
0.12550 0.000000847410 
0.12600 0.000000813400 
0.12650 0.000000779388 
0.12700 0.000000745376 
0.12750 0.000000714574 
0.12800 0.000000685794 
0.12850 0.000000657012 
0.12900 0.000000628232 
0.12950 0.000000603190 
0.13000 0.000000578814 
0.13050 0.000000554438 
0.13100 0.000000530346 
0.13150 0.000000509684 
0.13200 0.000000489022 
0.13250 0.000000468360 
0.13300 0.000000448624 
0.13350 0.000000431096 
0.13400 0.000000413568 
0.13450 0.000000396038 
0.13500 0.000000379852 
0.13550 0.000000364970 
0.13600 0.000000350090 
0.13650 0.000000335208 
0.13700 0.000000321914 
0.13750 0.000000309272 
0.13800 0.000000296630 
0.13850 0.000000283988 
0.13900 0.000000273054 
0.13950 0.000000262306 
0.14000 0.000000251560 
0.14050 0.000000240950 
0.14100 0.000000231808 
0.14150 0.000000222666 
0.14200 0.000000213522 
0.14250 0.000000204736 
0.14300 0.000000196954 
0.14350 0.000000189172 
0.14400 0.000000181390 
0.14450 0.000000174100 
0.14500 0.000000167472 
0.14550 0.000000160845 
0.14600 0.000000154217 
0.14650 0.000000148159 
0.14700 0.000000142512 
0.14750 0.000000136864 
0.14800 0.000000131217 
0.14850 0.000000126174 
0.14900 0.000000121360 
0.14950 0.000000116545 
0.15000 0.000000111731 
0.15050 0.000000107526 
0.15100 0.000000103419 
0.15150 0.000000099313 
0.15200 0.000000095207 
0.15250 0.000000091693 
0.15300 0.000000088189 
0.15350 0.000000084685 
0.15400 0.000000081229 
0.15450 0.000000078239 
0.15500 0.000000075249 
0.15550 0.000000072259 
0.15600 0.000000069352 
0.15650 0.000000066799 
0.15700 0.000000064245 
0.15750 0.000000061692 
0.15800 0.000000059242 
0.15850 0.000000057061 
0.15900 0.000000054880 
0.15950 0.000000052698 
0.16000 0.000000050629 
0.16050 0.000000048765 
0.16100 0.000000046902 
0.16150 0.000000045039 
0.16200 0.000000043287 
0.16250 0.000000041695 
0.16300 0.000000040102 
0.16350 0.000000038510 
0.16400 0.000000037023 
0.16450 0.000000035662 
0.16500 0.000000034301 
0.16550 0.000000032940 
0.16600 0.000000031676 
0.16650 0.000000030512 
0.16700 0.000000029349 
0.16750 0.000000028185 
0.16800 0.000000027108 
0.16850 0.000000026113 
0.16900 0.000000025118 
0.16950 0.000000024123 
0.17000 0.000000023201 
0.17050 0.000000022351 
0.17100 0.000000021500 
0.17150 0.000000020649 
0.17200 0.000000019860 
0.17250 0.000000019132 
0.17300 0.000000018405 
0.17350 0.000000017677 
0.17400 0.000000016999 
0.17450 0.000000016376 
0.17500 0.000000015754 
0.17550 0.000000015131 
0.17600 0.000000014548 
0.17650 0.000000014016 
0.17700 0.000000013484 
0.17750 0.000000012951 
0.17800 0.000000012448 
0.17850 0.000000011993 
0.17900 0.000000011538 
0.17950 0.000000011082 
0.18000 0.000000010647 
0.18050 0.000000010258 
0.18100 0.000000009868 
0.18150 0.000000009479 
0.18200 0.000000009101 
0.18250 0.000000008768 
0.18300 0.000000008435 
0.18350 0.000000008102 
0.18400 0.000000007775 
0.18450 0.000000007490 
0.18500 0.000000007205 
0.18550 0.000000006920 
0.18600 0.000000006636 
0.18650 0.000000006392 
0.18700 0.000000006148 
0.18750 0.000000005905 
0.18800 0.000000005661 
0.18850 0.000000005449 
0.18900 0.000000005241 
0.18950 0.000000005032 
0.19000 0.000000004824 
0.19050 0.000000004639 
0.19100 0.000000004460 
0.19150 0.000000004282 
0.19200 0.000000004104 
0.19250 0.000000003942 
0.19300 0.000000003790 
0.19350 0.000000003637 
0.19400 0.000000003485 
0.19450 0.000000003343 
0.19500 0.000000003213 
0.19550 0.000000003083 
0.19600 0.000000002953 
0.19650 0.000000002828 
0.19700 0.000000002717 
0.19750 0.000000002606 
0.19800 0.000000002495 
0.19850 0.000000002386 
0.19900 0.000000002291 
0.19950 0.000000002197 
0.20000 0.000000002102 
0.20050 0.000000002007 
0.20100 0.000000001926 
0.20150 0.000000001844 
0.20200 0.000000001763 
0.20250 0.000000001682 
0.20300 0.000000001611 
0.20350 0.000000001542 
0.20400 0.000000001473 
0.20450 0.000000001404 
0.20500 0.000000001342 
0.20550 0.000000001283 
0.20600 0.000000001224 
0.20650 0.000000001165 
0.20700 0.000000001111 
0.20750 0.000000001061 
0.20800 0.000000001011 
0.20850 0.000000000961 
0.20900 0.000000000914 
0.20950 0.000000000871 
0.21000 0.000000000829 
0.21050 0.000000000786 
0.21100 0.000000000745 
0.21150 0.000000000709 
0.21200 0.000000000673 
0.21250 0.000000000637 
0.21300 0.000000000602 
0.21350 0.000000000571 
0.21400 0.000000000541 
0.21450 0.000000000510 
0.21500 0.000000000480 
0.21550 0.000000000454 
0.21600 0.000000000428 
0.21650 0.000000000403 
0.21700 0.000000000377 
0.21750 0.000000000355 
0.21800 0.000000000334 
0.21850 0.000000000312 
0.21900 0.000000000291 
0.21950 0.000000000273 
0.22000 0.000000000255 
0.22050 0.000000000236 
0.22100 0.000000000219 
0.22150 0.000000000204 
0.22200 0.000000000188 
0.22250 0.000000000173 
0.22300 0.000000000159 
0.22350 0.000000000147 
0.22400 0.000000000134 
0.22450 0.000000000122 
0.22500 0.000000000110 
0.22550 0.000000000101 
0.22600 0.000000000091 
0.22650 0.000000000081 
0.22700 0.000000000072 
0.22750 0.000000000064 
0.22800 0.000000000056 
0.22850 0.000000000048 
0.22900 0.000000000042 
0.22950 0.000000000036 
0.23000 0.000000000030 
0.23050 0.000000000025 
0.23100 0.000000000021 
0.23150 0.000000000016 
0.23200 0.000000000012 
0.23250 0.000000000009 
0.23300 0.000000000007 
0.23350 0.000000000004 
