0.00000 136.605000000000 
0.00050 117.872200000000 
0.00100 99.139400000000 
0.00150 80.406800000000 
0.00200 61.674000000000 
0.00250 49.683400000000 
0.00300 39.704400000000 
0.00350 32.014400000000 
0.00400 26.441800000000 
0.00450 21.309200000000 
0.00500 18.068180000000 
0.00550 14.827120000000 
0.00600 12.599500000000 
0.00650 10.649200000000 
0.00700 8.932740000000 
0.00750 7.724740000000 
0.00800 6.516760000000 
0.00850 5.654660000000 
0.00900 4.887660000000 
0.00950 4.174160000000 
0.01000 3.676560000000 
0.01050 3.178960000000 
0.01100 2.776220000000 
0.01150 2.447220000000 
0.01200 2.118240000000 
0.01250 1.884214000000 
0.01300 1.663032000000 
0.01350 1.452914000000 
0.01400 1.301972000000 
0.01450 1.151032000000 
0.01500 1.018526000000 
0.01550 0.914130000000 
0.01600 0.809734000000 
0.01650 0.724122000000 
0.01700 0.651038000000 
0.01750 0.577954000000 
0.01800 0.521354000000 
0.01850 0.469628000000 
0.01900 0.417900000000 
0.01950 0.379660000000 
0.02000 0.342682000000 
0.02050 0.306014000000 
0.02100 0.279336000000 
0.02150 0.252656000000 
0.02200 0.226858000000 
0.02250 0.207450000000 
0.02300 0.188040600000 
0.02350 0.169609000000 
0.02400 0.155379800000 
0.02450 0.141150400000 
0.02500 0.127795000000 
0.02550 0.117288600000 
0.02600 0.106782200000 
0.02650 0.096978600000 
0.02700 0.089169800000 
0.02750 0.081361200000 
0.02800 0.074078800000 
0.02850 0.068239600000 
0.02900 0.062400600000 
0.02950 0.056931800000 
0.03000 0.052540600000 
0.03050 0.048149600000 
0.03100 0.044001600000 
0.03150 0.040682000000 
0.03200 0.037362400000 
0.03250 0.034187400000 
0.03300 0.031665600000 
0.03350 0.029143600000 
0.03400 0.026693200000 
0.03450 0.024768400000 
0.03500 0.022843800000 
0.03550 0.020938000000 
0.03600 0.019462640000 
0.03650 0.017987300000 
0.03700 0.016511960000 
0.03750 0.015359380000 
0.03800 0.014223920000 
0.03850 0.013088480000 
0.03900 0.012170420000 
0.03950 0.011293220000 
0.04000 0.010416040000 
0.04050 0.009680540000 
0.04100 0.009000400000 
0.04150 0.008320280000 
0.04200 0.007727960000 
0.04250 0.007198820000 
0.04300 0.006669700000 
0.04350 0.006190420000 
0.04400 0.005777440000 
0.04450 0.005364460000 
0.04500 0.004974980000 
0.04550 0.004651660000 
0.04600 0.004328360000 
0.04650 0.004010600000 
0.04700 0.003756740000 
0.04750 0.003502900000 
0.04800 0.003249040000 
0.04850 0.003042860000 
0.04900 0.002843000000 
0.04950 0.002643120000 
0.05000 0.002471520000 
0.05050 0.002313740000 
0.05100 0.002155940000 
0.05150 0.002012800000 
0.05200 0.001887920000 
0.05250 0.001763038000 
0.05300 0.001643402000 
0.05350 0.001544320000 
0.05400 0.001445238000 
0.05450 0.001346156000 
0.05500 0.001266272000 
0.05550 0.001187476000 
0.05600 0.001108678000 
0.05650 0.001040664000 
0.05700 0.000977856000 
0.05750 0.000915046000 
0.05800 0.000857130000 
0.05850 0.000806954000 
0.05900 0.000756780000 
0.05950 0.000707450000 
0.06000 0.000667282000 
0.06050 0.000627116000 
0.06100 0.000586948000 
0.06150 0.000552870000 
0.06200 0.000520646000 
0.06250 0.000488422000 
0.06300 0.000458936000 
0.06350 0.000433034000 
0.06400 0.000407132000 
0.06450 0.000381654000 
0.06500 0.000360792000 
0.06550 0.000339930000 
0.06600 0.000319068000 
0.06650 0.000301104000 
0.06700 0.000284270000 
0.06750 0.000267434000 
0.06800 0.000251696000 
0.06850 0.000238086000 
0.06900 0.000224474000 
0.06950 0.000210864000 
0.07000 0.000199698000 
0.07050 0.000188673600 
0.07100 0.000177649200 
0.07150 0.000167737600 
0.07200 0.000158792000 
0.07250 0.000149846600 
0.07300 0.000141085400 
0.07350 0.000133814000 
0.07400 0.000126542400 
0.07450 0.000119271000 
0.07500 0.000112904400 
0.07550 0.000106983400 
0.07600 0.000101062400 
0.07650 0.000095376400 
0.07700 0.000090547000 
0.07750 0.000085717400 
0.07800 0.000080887800 
0.07850 0.000076717400 
0.07900 0.000072771600 
0.07950 0.000068825800 
0.08000 0.000065067800 
0.08050 0.000061838600 
0.08100 0.000058609400 
0.08150 0.000055380200 
0.08200 0.000052596000 
0.08250 0.000049949000 
0.08300 0.000047302000 
0.08350 0.000044774800 
0.08400 0.000042601400 
0.08450 0.000040428200 
0.08500 0.000038255000 
0.08550 0.000036362800 
0.08600 0.000034575600 
0.08650 0.000032788600 
0.08700 0.000031061200 
0.08750 0.000029589400 
0.08800 0.000028117600 
0.08850 0.000026645800 
0.08900 0.000025338400 
0.08950 0.000024124600 
0.09000 0.000022910600 
0.09050 0.000021712000 
0.09100 0.000020709200 
0.09150 0.000019706460 
0.09200 0.000018703640 
0.09250 0.000017786920 
0.09300 0.000016957300 
0.09350 0.000016127700 
0.09400 0.000015298080 
0.09450 0.000014597760 
0.09500 0.000013910440 
0.09550 0.000013223140 
0.09600 0.000012571940 
0.09650 0.000012001700 
0.09700 0.000011431460 
0.09750 0.000010861220 
0.09800 0.000010358240 
0.09850 0.000009884480 
0.09900 0.000009410700 
0.09950 0.000008942900 
0.10000 0.000008548740 
0.10050 0.000008154580 
0.10100 0.000007760440 
0.10150 0.000007395360 
0.10200 0.000007066980 
0.10250 0.000006738620 
0.10300 0.000006410260 
0.10350 0.000006125380 
0.10400 0.000005851460 
0.10450 0.000005577540 
0.10500 0.000005310200 
0.10550 0.000005081400 
0.10600 0.000004852620 
0.10650 0.000004623820 
0.10700 0.000004413100 
0.10750 0.000004221760 
0.10800 0.000004030420 
0.10850 0.000003839080 
0.10900 0.000003672960 
0.10950 0.000003512740 
0.11000 0.000003352520 
0.11050 0.000003195640 
0.11100 0.000003061320 
0.11150 0.000002927000 
0.11200 0.000002792680 
0.11250 0.000002667820 
0.11300 0.000002555080 
0.11350 0.000002442360 
0.11400 0.000002329620 
0.11450 0.000002230180 
0.11500 0.000002135460 
0.11550 0.000002040720 
0.11600 0.000001946458 
0.11650 0.000001866768 
0.11700 0.000001787080 
0.11750 0.000001707390 
0.11800 0.000001631666 
0.11850 0.000001564556 
0.11900 0.000001497446 
0.11950 0.000001430338 
0.12000 0.000001369456 
0.12050 0.000001312884 
0.12100 0.000001256310 
0.12150 0.000001199738 
0.12200 0.000001150752 
0.12250 0.000001103012 
0.12300 0.000001055274 
0.12350 0.000001008412 
0.12400 0.000000968088 
0.12450 0.000000927764 
0.12500 0.000000887440 
0.12550 0.000000849422 
0.12600 0.000000815330 
0.12650 0.000000781238 
0.12700 0.000000747146 
0.12750 0.000000716270 
0.12800 0.000000687420 
0.12850 0.000000658572 
0.12900 0.000000629722 
0.12950 0.000000604622 
0.13000 0.000000580188 
0.13050 0.000000555754 
0.13100 0.000000531604 
0.13150 0.000000510894 
0.13200 0.000000490182 
0.13250 0.000000469470 
0.13300 0.000000449688 
0.13350 0.000000432118 
0.13400 0.000000414548 
0.13450 0.000000396978 
0.13500 0.000000380752 
0.13550 0.000000365836 
0.13600 0.000000350920 
0.13650 0.000000336004 
0.13700 0.000000322678 
0.13750 0.000000310006 
0.13800 0.000000297334 
0.13850 0.000000284662 
0.13900 0.000000273702 
0.13950 0.000000262930 
0.14000 0.000000252156 
0.14050 0.000000241522 
0.14100 0.000000232358 
0.14150 0.000000223194 
0.14200 0.000000214030 
0.14250 0.000000205222 
0.14300 0.000000197421 
0.14350 0.000000189621 
0.14400 0.000000181821 
0.14450 0.000000174513 
0.14500 0.000000167870 
0.14550 0.000000161227 
0.14600 0.000000154583 
0.14650 0.000000148511 
0.14700 0.000000142850 
0.14750 0.000000137189 
0.14800 0.000000131528 
0.14850 0.000000126473 
0.14900 0.000000121648 
0.14950 0.000000116822 
0.15000 0.000000111996 
0.15050 0.000000107781 
0.15100 0.000000103665 
0.15150 0.000000099549 
0.15200 0.000000095433 
0.15250 0.000000091910 
0.15300 0.000000088398 
0.15350 0.000000084886 
0.15400 0.000000081422 
0.15450 0.000000078425 
0.15500 0.000000075427 
0.15550 0.000000072430 
0.15600 0.000000069517 
0.15650 0.000000066957 
0.15700 0.000000064398 
0.15750 0.000000061838 
0.15800 0.000000059383 
0.15850 0.000000057196 
0.15900 0.000000055010 
0.15950 0.000000052823 
0.16000 0.000000050749 
0.16050 0.000000048881 
0.16100 0.000000047013 
0.16150 0.000000045146 
0.16200 0.000000043390 
0.16250 0.000000041794 
0.16300 0.000000040197 
0.16350 0.000000038601 
0.16400 0.000000037111 
0.16450 0.000000035747 
0.16500 0.000000034382 
0.16550 0.000000033018 
0.16600 0.000000031751 
0.16650 0.000000030585 
0.16700 0.000000029419 
0.16750 0.000000028252 
0.16800 0.000000027172 
0.16850 0.000000026175 
0.16900 0.000000025177 
0.16950 0.000000024180 
0.17000 0.000000023256 
0.17050 0.000000022404 
0.17100 0.000000021551 
0.17150 0.000000020698 
0.17200 0.000000019907 
0.17250 0.000000019178 
0.17300 0.000000018448 
0.17350 0.000000017719 
0.17400 0.000000017039 
0.17450 0.000000016415 
0.17500 0.000000015791 
0.17550 0.000000015167 
0.17600 0.000000014583 
0.17650 0.000000014049 
0.17700 0.000000013516 
0.17750 0.000000012982 
0.17800 0.000000012478 
0.17850 0.000000012021 
0.17900 0.000000011565 
0.17950 0.000000011109 
0.18000 0.000000010673 
0.18050 0.000000010282 
0.18100 0.000000009891 
0.18150 0.000000009501 
0.18200 0.000000009123 
0.18250 0.000000008789 
0.18300 0.000000008455 
0.18350 0.000000008121 
0.18400 0.000000007793 
0.18450 0.000000007508 
0.18500 0.000000007222 
0.18550 0.000000006937 
0.18600 0.000000006652 
0.18650 0.000000006407 
0.18700 0.000000006163 
0.18750 0.000000005919 
0.18800 0.000000005674 
0.18850 0.000000005462 
0.18900 0.000000005253 
0.18950 0.000000005044 
0.19000 0.000000004836 
0.19050 0.000000004650 
0.19100 0.000000004471 
0.19150 0.000000004292 
0.19200 0.000000004114 
0.19250 0.000000003951 
0.19300 0.000000003799 
0.19350 0.000000003646 
0.19400 0.000000003493 
0.19450 0.000000003351 
0.19500 0.000000003221 
0.19550 0.000000003090 
0.19600 0.000000002960 
0.19650 0.000000002835 
0.19700 0.000000002724 
0.19750 0.000000002612 
0.19800 0.000000002501 
0.19850 0.000000002392 
0.19900 0.000000002297 
0.19950 0.000000002202 
0.20000 0.000000002107 
0.20050 0.000000002012 
0.20100 0.000000001930 
0.20150 0.000000001849 
0.20200 0.000000001768 
0.20250 0.000000001686 
0.20300 0.000000001615 
0.20350 0.000000001546 
0.20400 0.000000001477 
0.20450 0.000000001408 
0.20500 0.000000001345 
0.20550 0.000000001286 
0.20600 0.000000001227 
0.20650 0.000000001168 
0.20700 0.000000001114 
0.20750 0.000000001064 
0.20800 0.000000001014 
0.20850 0.000000000963 
0.20900 0.000000000916 
0.20950 0.000000000873 
0.21000 0.000000000831 
0.21050 0.000000000788 
0.21100 0.000000000747 
0.21150 0.000000000711 
0.21200 0.000000000675 
0.21250 0.000000000639 
0.21300 0.000000000603 
0.21350 0.000000000573 
0.21400 0.000000000542 
0.21450 0.000000000511 
0.21500 0.000000000481 
0.21550 0.000000000455 
0.21600 0.000000000429 
0.21650 0.000000000404 
0.21700 0.000000000378 
0.21750 0.000000000356 
0.21800 0.000000000335 
0.21850 0.000000000313 
0.21900 0.000000000291 
0.21950 0.000000000273 
0.22000 0.000000000255 
0.22050 0.000000000237 
0.22100 0.000000000219 
0.22150 0.000000000204 
0.22200 0.000000000189 
0.22250 0.000000000174 
0.22300 0.000000000159 
0.22350 0.000000000147 
0.22400 0.000000000135 
0.22450 0.000000000122 
0.22500 0.000000000111 
0.22550 0.000000000101 
0.22600 0.000000000091 
0.22650 0.000000000081 
0.22700 0.000000000072 
0.22750 0.000000000064 
0.22800 0.000000000056 
0.22850 0.000000000049 
0.22900 0.000000000042 
0.22950 0.000000000036 
0.23000 0.000000000030 
0.23050 0.000000000025 
0.23100 0.000000000021 
0.23150 0.000000000017 
0.23200 0.000000000012 
0.23250 0.000000000009 
0.23300 0.000000000007 
0.23350 0.000000000004 
