0.00000 140.001800000000 
0.00050 120.803400000000 
0.00100 101.604800000000 
0.00150 82.406200000000 
0.00200 63.207600000000 
0.00250 50.918800000000 
0.00300 40.691600000000 
0.00350 32.810600000000 
0.00400 27.099200000000 
0.00450 21.839200000000 
0.00500 18.517480000000 
0.00550 15.195840000000 
0.00600 12.912820000000 
0.00650 10.914020000000 
0.00700 9.154880000000 
0.00750 7.916840000000 
0.00800 6.678800000000 
0.00850 5.795280000000 
0.00900 5.009200000000 
0.00950 4.277960000000 
0.01000 3.767980000000 
0.01050 3.258000000000 
0.01100 2.845240000000 
0.01150 2.508080000000 
0.01200 2.170900000000 
0.01250 1.931068000000 
0.01300 1.704386000000 
0.01350 1.489042000000 
0.01400 1.334348000000 
0.01450 1.179654000000 
0.01500 1.043854000000 
0.01550 0.936862000000 
0.01600 0.829870000000 
0.01650 0.742128000000 
0.01700 0.667228000000 
0.01750 0.592326000000 
0.01800 0.534318000000 
0.01850 0.481306000000 
0.01900 0.428292000000 
0.01950 0.389102000000 
0.02000 0.351202000000 
0.02050 0.313624000000 
0.02100 0.286282000000 
0.02150 0.258940000000 
0.02200 0.232500000000 
0.02250 0.212608000000 
0.02300 0.192716800000 
0.02350 0.173826800000 
0.02400 0.159243600000 
0.02450 0.144660600000 
0.02500 0.130972800000 
0.02550 0.120205200000 
0.02600 0.109437600000 
0.02650 0.099390200000 
0.02700 0.091387200000 
0.02750 0.083384400000 
0.02800 0.075920800000 
0.02850 0.069936600000 
0.02900 0.063952400000 
0.02950 0.058347400000 
0.03000 0.053847200000 
0.03050 0.049347000000 
0.03100 0.045095800000 
0.03150 0.041693600000 
0.03200 0.038291600000 
0.03250 0.035037600000 
0.03300 0.032453000000 
0.03350 0.029868400000 
0.03400 0.027357000000 
0.03450 0.025384400000 
0.03500 0.023411800000 
0.03550 0.021458600000 
0.03600 0.019946620000 
0.03650 0.018434580000 
0.03700 0.016922560000 
0.03750 0.015741320000 
0.03800 0.014577640000 
0.03850 0.013413960000 
0.03900 0.012473060000 
0.03950 0.011574060000 
0.04000 0.010675040000 
0.04050 0.009921260000 
0.04100 0.009224220000 
0.04150 0.008527180000 
0.04200 0.007920120000 
0.04250 0.007377840000 
0.04300 0.006835560000 
0.04350 0.006344360000 
0.04400 0.005921100000 
0.04450 0.005497860000 
0.04500 0.005098680000 
0.04550 0.004767340000 
0.04600 0.004435980000 
0.04650 0.004110340000 
0.04700 0.003850160000 
0.04750 0.003590000000 
0.04800 0.003329840000 
0.04850 0.003118540000 
0.04900 0.002913700000 
0.04950 0.002708860000 
0.05000 0.002532980000 
0.05050 0.002371280000 
0.05100 0.002209560000 
0.05150 0.002062860000 
0.05200 0.001934868000 
0.05250 0.001806880000 
0.05300 0.001684268000 
0.05350 0.001582722000 
0.05400 0.001481176000 
0.05450 0.001379630000 
0.05500 0.001297762000 
0.05550 0.001217004000 
0.05600 0.001136248000 
0.05650 0.001066542000 
0.05700 0.001002172000 
0.05750 0.000937800000 
0.05800 0.000878444000 
0.05850 0.000827020000 
0.05900 0.000775598000 
0.05950 0.000725042000 
0.06000 0.000683876000 
0.06050 0.000642710000 
0.06100 0.000601544000 
0.06150 0.000566618000 
0.06200 0.000533592000 
0.06250 0.000500568000 
0.06300 0.000470350000 
0.06350 0.000443802000 
0.06400 0.000417256000 
0.06450 0.000391144000 
0.06500 0.000369764000 
0.06550 0.000348382000 
0.06600 0.000327002000 
0.06650 0.000308592000 
0.06700 0.000291338000 
0.06750 0.000274084000 
0.06800 0.000257956000 
0.06850 0.000244006000 
0.06900 0.000230056000 
0.06950 0.000216108000 
0.07000 0.000204664000 
0.07050 0.000193365400 
0.07100 0.000182066800 
0.07150 0.000171908800 
0.07200 0.000162740800 
0.07250 0.000153572800 
0.07300 0.000144593800 
0.07350 0.000137141600 
0.07400 0.000129689200 
0.07450 0.000122236800 
0.07500 0.000115712000 
0.07550 0.000109643800 
0.07600 0.000103575600 
0.07650 0.000097748200 
0.07700 0.000092798600 
0.07750 0.000087849000 
0.07800 0.000082899200 
0.07850 0.000078625200 
0.07900 0.000074581200 
0.07950 0.000070537200 
0.08000 0.000066685800 
0.08050 0.000063376400 
0.08100 0.000060066800 
0.08150 0.000056757200 
0.08200 0.000053903800 
0.08250 0.000051191000 
0.08300 0.000048478200 
0.08350 0.000045888200 
0.08400 0.000043660800 
0.08450 0.000041433600 
0.08500 0.000039206400 
0.08550 0.000037267000 
0.08600 0.000035435400 
0.08650 0.000033604000 
0.08700 0.000031833600 
0.08750 0.000030325200 
0.08800 0.000028816800 
0.08850 0.000027308400 
0.08900 0.000025968600 
0.08950 0.000024724400 
0.09000 0.000023480200 
0.09050 0.000022252000 
0.09100 0.000021224200 
0.09150 0.000020196600 
0.09200 0.000019168740 
0.09250 0.000018229220 
0.09300 0.000017378980 
0.09350 0.000016528740 
0.09400 0.000015678500 
0.09450 0.000014960780 
0.09500 0.000014256360 
0.09550 0.000013551960 
0.09600 0.000012884580 
0.09650 0.000012300140 
0.09700 0.000011715720 
0.09750 0.000011131300 
0.09800 0.000010615820 
0.09850 0.000010130280 
0.09900 0.000009644720 
0.09950 0.000009165280 
0.10000 0.000008761320 
0.10050 0.000008357360 
0.10100 0.000007953400 
0.10150 0.000007579260 
0.10200 0.000007242720 
0.10250 0.000006906200 
0.10300 0.000006569660 
0.10350 0.000006277700 
0.10400 0.000005996980 
0.10450 0.000005716240 
0.10500 0.000005442240 
0.10550 0.000005207760 
0.10600 0.000004973280 
0.10650 0.000004738800 
0.10700 0.000004522840 
0.10750 0.000004326760 
0.10800 0.000004130660 
0.10850 0.000003934560 
0.10900 0.000003764300 
0.10950 0.000003600100 
0.11000 0.000003435900 
0.11050 0.000003275100 
0.11100 0.000003137460 
0.11150 0.000002999800 
0.11200 0.000002862140 
0.11250 0.000002734160 
0.11300 0.000002618620 
0.11350 0.000002503080 
0.11400 0.000002387540 
0.11450 0.000002285640 
0.11500 0.000002188560 
0.11550 0.000002091460 
0.11600 0.000001994862 
0.11650 0.000001913190 
0.11700 0.000001831518 
0.11750 0.000001749848 
0.11800 0.000001672240 
0.11850 0.000001603462 
0.11900 0.000001534684 
0.11950 0.000001465906 
0.12000 0.000001403510 
0.12050 0.000001345530 
0.12100 0.000001287552 
0.12150 0.000001229572 
0.12200 0.000001179368 
0.12250 0.000001130442 
0.12300 0.000001081516 
0.12350 0.000001033488 
0.12400 0.000000992162 
0.12450 0.000000950834 
0.12500 0.000000909508 
0.12550 0.000000870544 
0.12600 0.000000835604 
0.12650 0.000000800664 
0.12700 0.000000765724 
0.12750 0.000000734082 
0.12800 0.000000704516 
0.12850 0.000000674948 
0.12900 0.000000645382 
0.12950 0.000000619658 
0.13000 0.000000594616 
0.13050 0.000000569574 
0.13100 0.000000544824 
0.13150 0.000000523598 
0.13200 0.000000502372 
0.13250 0.000000481146 
0.13300 0.000000460872 
0.13350 0.000000442864 
0.13400 0.000000424858 
0.13450 0.000000406850 
0.13500 0.000000390220 
0.13550 0.000000374934 
0.13600 0.000000359646 
0.13650 0.000000344358 
0.13700 0.000000330702 
0.13750 0.000000317714 
0.13800 0.000000304728 
0.13850 0.000000291740 
0.13900 0.000000280508 
0.13950 0.000000269468 
0.14000 0.000000258426 
0.14050 0.000000247528 
0.14100 0.000000238136 
0.14150 0.000000228744 
0.14200 0.000000219352 
0.14250 0.000000210324 
0.14300 0.000000202330 
0.14350 0.000000194336 
0.14400 0.000000186342 
0.14450 0.000000178853 
0.14500 0.000000172044 
0.14550 0.000000165236 
0.14600 0.000000158427 
0.14650 0.000000152204 
0.14700 0.000000146402 
0.14750 0.000000140601 
0.14800 0.000000134799 
0.14850 0.000000129618 
0.14900 0.000000124673 
0.14950 0.000000119727 
0.15000 0.000000114781 
0.15050 0.000000110461 
0.15100 0.000000106243 
0.15150 0.000000102025 
0.15200 0.000000097806 
0.15250 0.000000094196 
0.15300 0.000000090597 
0.15350 0.000000086997 
0.15400 0.000000083447 
0.15450 0.000000080375 
0.15500 0.000000077303 
0.15550 0.000000074231 
0.15600 0.000000071245 
0.15650 0.000000068622 
0.15700 0.000000065999 
0.15750 0.000000063376 
0.15800 0.000000060859 
0.15850 0.000000058619 
0.15900 0.000000056378 
0.15950 0.000000054137 
0.16000 0.000000052011 
0.16050 0.000000050097 
0.16100 0.000000048183 
0.16150 0.000000046268 
0.16200 0.000000044469 
0.16250 0.000000042833 
0.16300 0.000000041197 
0.16350 0.000000039561 
0.16400 0.000000038034 
0.16450 0.000000036636 
0.16500 0.000000035237 
0.16550 0.000000033839 
0.16600 0.000000032540 
0.16650 0.000000031345 
0.16700 0.000000030150 
0.16750 0.000000028955 
0.16800 0.000000027848 
0.16850 0.000000026825 
0.16900 0.000000025803 
0.16950 0.000000024781 
0.17000 0.000000023835 
0.17050 0.000000022961 
0.17100 0.000000022087 
0.17150 0.000000021213 
0.17200 0.000000020402 
0.17250 0.000000019655 
0.17300 0.000000018907 
0.17350 0.000000018159 
0.17400 0.000000017463 
0.17450 0.000000016823 
0.17500 0.000000016184 
0.17550 0.000000015545 
0.17600 0.000000014945 
0.17650 0.000000014398 
0.17700 0.000000013852 
0.17750 0.000000013305 
0.17800 0.000000012788 
0.17850 0.000000012320 
0.17900 0.000000011853 
0.17950 0.000000011385 
0.18000 0.000000010938 
0.18050 0.000000010538 
0.18100 0.000000010137 
0.18150 0.000000009737 
0.18200 0.000000009350 
0.18250 0.000000009008 
0.18300 0.000000008665 
0.18350 0.000000008323 
0.18400 0.000000007987 
0.18450 0.000000007694 
0.18500 0.000000007402 
0.18550 0.000000007109 
0.18600 0.000000006817 
0.18650 0.000000006567 
0.18700 0.000000006316 
0.18750 0.000000006066 
0.18800 0.000000005815 
0.18850 0.000000005598 
0.18900 0.000000005384 
0.18950 0.000000005170 
0.19000 0.000000004956 
0.19050 0.000000004765 
0.19100 0.000000004582 
0.19150 0.000000004399 
0.19200 0.000000004216 
0.19250 0.000000004049 
0.19300 0.000000003893 
0.19350 0.000000003737 
0.19400 0.000000003580 
0.19450 0.000000003434 
0.19500 0.000000003301 
0.19550 0.000000003167 
0.19600 0.000000003033 
0.19650 0.000000002906 
0.19700 0.000000002791 
0.19750 0.000000002677 
0.19800 0.000000002563 
0.19850 0.000000002451 
0.19900 0.000000002354 
0.19950 0.000000002257 
0.20000 0.000000002159 
0.20050 0.000000002062 
0.20100 0.000000001978 
0.20150 0.000000001895 
0.20200 0.000000001812 
0.20250 0.000000001728 
0.20300 0.000000001655 
0.20350 0.000000001584 
0.20400 0.000000001513 
0.20450 0.000000001443 
0.20500 0.000000001379 
0.20550 0.000000001318 
0.20600 0.000000001258 
0.20650 0.000000001197 
0.20700 0.000000001141 
0.20750 0.000000001090 
0.20800 0.000000001039 
0.20850 0.000000000987 
0.20900 0.000000000939 
0.20950 0.000000000895 
0.21000 0.000000000852 
0.21050 0.000000000808 
0.21100 0.000000000766 
0.21150 0.000000000729 
0.21200 0.000000000692 
0.21250 0.000000000654 
0.21300 0.000000000618 
0.21350 0.000000000587 
0.21400 0.000000000555 
0.21450 0.000000000524 
0.21500 0.000000000493 
0.21550 0.000000000467 
0.21600 0.000000000440 
0.21650 0.000000000414 
0.21700 0.000000000387 
0.21750 0.000000000365 
0.21800 0.000000000343 
0.21850 0.000000000321 
0.21900 0.000000000299 
0.21950 0.000000000280 
0.22000 0.000000000261 
0.22050 0.000000000243 
0.22100 0.000000000224 
0.22150 0.000000000209 
0.22200 0.000000000194 
0.22250 0.000000000178 
0.22300 0.000000000163 
0.22350 0.000000000151 
0.22400 0.000000000138 
0.22450 0.000000000125 
0.22500 0.000000000113 
0.22550 0.000000000103 
0.22600 0.000000000093 
0.22650 0.000000000083 
0.22700 0.000000000074 
0.22750 0.000000000066 
0.22800 0.000000000058 
0.22850 0.000000000050 
0.22900 0.000000000043 
0.22950 0.000000000037 
0.23000 0.000000000031 
0.23050 0.000000000025 
0.23100 0.000000000021 
0.23150 0.000000000017 
0.23200 0.000000000013 
0.23250 0.000000000010 
0.23300 0.000000000007 
0.23350 0.000000000004 
