0.00000 702.076000000000 
0.00050 606.212000000000 
0.00100 510.348000000000 
0.00150 414.484000000000 
0.00200 318.622000000000 
0.00250 257.132000000000 
0.00300 205.898000000000 
0.00350 166.359400000000 
0.00400 137.637200000000 
0.00450 111.171800000000 
0.00500 94.400200000000 
0.00550 77.628600000000 
0.00600 66.069200000000 
0.00650 55.936200000000 
0.00700 47.010200000000 
0.00750 40.709000000000 
0.00800 34.407800000000 
0.00850 29.898400000000 
0.00900 25.881800000000 
0.00950 22.143400000000 
0.01000 19.527620000000 
0.01050 16.911800000000 
0.01100 14.791000000000 
0.01150 13.055040000000 
0.01200 11.319100000000 
0.01250 10.080480000000 
0.01300 8.909080000000 
0.01350 7.795840000000 
0.01400 6.993560000000 
0.01450 6.191280000000 
0.01500 5.486220000000 
0.01550 4.929380000000 
0.01600 4.372540000000 
0.01650 3.915080000000 
0.01700 3.523920000000 
0.01750 3.132740000000 
0.01800 2.829060000000 
0.01850 2.551260000000 
0.01900 2.273460000000 
0.01950 2.067480000000 
0.02000 1.868220000000 
0.02050 1.670620000000 
0.02100 1.526394000000 
0.02150 1.382166000000 
0.02200 1.242654000000 
0.02250 1.137388000000 
0.02300 1.032124000000 
0.02350 0.932112000000 
0.02400 0.854694000000 
0.02450 0.777274000000 
0.02500 0.704568000000 
0.02550 0.647228000000 
0.02600 0.589886000000 
0.02650 0.536346000000 
0.02700 0.493598000000 
0.02750 0.450850000000 
0.02800 0.410956000000 
0.02850 0.378892000000 
0.02900 0.346830000000 
0.02950 0.316782000000 
0.03000 0.292598000000 
0.03050 0.268414000000 
0.03100 0.245558000000 
0.03150 0.227222000000 
0.03200 0.208886000000 
0.03250 0.191340600000 
0.03300 0.177370000000 
0.03350 0.163399600000 
0.03400 0.149821200000 
0.03450 0.139128200000 
0.03500 0.128435200000 
0.03550 0.117847000000 
0.03600 0.109627600000 
0.03650 0.101408200000 
0.03700 0.093188800000 
0.03750 0.086750800000 
0.03800 0.080407400000 
0.03850 0.074064000000 
0.03900 0.068923600000 
0.03950 0.064009400000 
0.04000 0.059095200000 
0.04050 0.054967400000 
0.04100 0.051147000000 
0.04150 0.047326400000 
0.04200 0.043994400000 
0.04250 0.041014200000 
0.04300 0.038033800000 
0.04350 0.035331600000 
0.04400 0.032999400000 
0.04450 0.030667200000 
0.04500 0.028466200000 
0.04550 0.026635600000 
0.04600 0.024804800000 
0.04650 0.023005400000 
0.04700 0.021564200000 
0.04750 0.020123200000 
0.04800 0.018681980000 
0.04850 0.017508960000 
0.04900 0.016371360000 
0.04950 0.015233780000 
0.05000 0.014255520000 
0.05050 0.013355160000 
0.05100 0.012454820000 
0.05150 0.011637200000 
0.05200 0.010922820000 
0.05250 0.010208440000 
0.05300 0.009523760000 
0.05350 0.008955540000 
0.05400 0.008387340000 
0.05450 0.007819120000 
0.05500 0.007359960000 
0.05550 0.006906960000 
0.05600 0.006453960000 
0.05650 0.006062360000 
0.05700 0.005700400000 
0.05750 0.005338420000 
0.05800 0.005004380000 
0.05850 0.004714520000 
0.05900 0.004424680000 
0.05950 0.004139660000 
0.06000 0.003907060000 
0.06050 0.003674460000 
0.06100 0.003441840000 
0.06150 0.003244180000 
0.06200 0.003057120000 
0.06250 0.002870080000 
0.06300 0.002698780000 
0.06350 0.002548080000 
0.06400 0.002397380000 
0.06450 0.002249120000 
0.06500 0.002127460000 
0.06550 0.002005780000 
0.06600 0.001884124000 
0.06650 0.001779204000 
0.06700 0.001680798000 
0.06750 0.001582392000 
0.06800 0.001490338000 
0.06850 0.001410598000 
0.06900 0.001330856000 
0.06950 0.001251114000 
0.07000 0.001185560000 
0.07050 0.001120824000 
0.07100 0.001056090000 
0.07150 0.000997826000 
0.07200 0.000945180000 
0.07250 0.000892534000 
0.07300 0.000840962000 
0.07350 0.000798072000 
0.07400 0.000755182000 
0.07450 0.000712292000 
0.07500 0.000674690000 
0.07550 0.000639688000 
0.07600 0.000604686000 
0.07650 0.000571060000 
0.07700 0.000542448000 
0.07750 0.000513836000 
0.07800 0.000485224000 
0.07850 0.000460478000 
0.07900 0.000437050000 
0.07950 0.000413622000 
0.08000 0.000391300000 
0.08050 0.000372084000 
0.08100 0.000352870000 
0.08150 0.000333656000 
0.08200 0.000317064000 
0.08250 0.000301280000 
0.08300 0.000285496000 
0.08350 0.000270418000 
0.08400 0.000257432000 
0.08450 0.000244446000 
0.08500 0.000231458000 
0.08550 0.000220134000 
0.08600 0.000209434000 
0.08650 0.000198731600 
0.08700 0.000188383400 
0.08750 0.000179551400 
0.08800 0.000170719400 
0.08850 0.000161887400 
0.08900 0.000154032000 
0.08950 0.000146732000 
0.09000 0.000139431800 
0.09050 0.000132224000 
0.09100 0.000126181200 
0.09150 0.000120138400 
0.09200 0.000114095400 
0.09250 0.000108566200 
0.09300 0.000103556800 
0.09350 0.000098547400 
0.09400 0.000093537800 
0.09450 0.000089301400 
0.09500 0.000085142800 
0.09550 0.000080984000 
0.09600 0.000077041800 
0.09650 0.000073584400 
0.09700 0.000070127000 
0.09750 0.000066669600 
0.09800 0.000063616200 
0.09850 0.000060738000 
0.09900 0.000057859800 
0.09950 0.000055017400 
0.10000 0.000052618000 
0.10050 0.000050218600 
0.10100 0.000047819200 
0.10150 0.000045595200 
0.10200 0.000043592200 
0.10250 0.000041589400 
0.10300 0.000039586600 
0.10350 0.000037846400 
0.10400 0.000036172400 
0.10450 0.000034498200 
0.10500 0.000032864000 
0.10550 0.000031463000 
0.10600 0.000030062000 
0.10650 0.000028661000 
0.10700 0.000027369400 
0.10750 0.000026195600 
0.10800 0.000025021600 
0.10850 0.000023847600 
0.10900 0.000022826800 
0.10950 0.000021841800 
0.11000 0.000020857000 
0.11050 0.000019892280 
0.11100 0.000019064980 
0.11150 0.000018237680 
0.11200 0.000017410380 
0.11250 0.000016640720 
0.11300 0.000015945020 
0.11350 0.000015249300 
0.11400 0.000014553600 
0.11450 0.000013939160 
0.11500 0.000013353440 
0.11550 0.000012767720 
0.11600 0.000012184880 
0.11650 0.000011691240 
0.11700 0.000011197580 
0.11750 0.000010703940 
0.11800 0.000010234620 
0.11850 0.000009818100 
0.11900 0.000009401600 
0.11950 0.000008985100 
0.12000 0.000008606860 
0.12050 0.000008255100 
0.12100 0.000007903340 
0.12150 0.000007551560 
0.12200 0.000007246500 
0.12250 0.000006949100 
0.12300 0.000006651700 
0.12350 0.000006359720 
0.12400 0.000006108060 
0.12450 0.000005856400 
0.12500 0.000005604720 
0.12550 0.000005367300 
0.12600 0.000005154140 
0.12650 0.000004940960 
0.12700 0.000004727800 
0.12750 0.000004534560 
0.12800 0.000004353840 
0.12850 0.000004173120 
0.12900 0.000003992400 
0.12950 0.000003834940 
0.13000 0.000003681600 
0.13050 0.000003528260 
0.13100 0.000003376700 
0.13150 0.000003246480 
0.13200 0.000003116280 
0.13250 0.000002986060 
0.13300 0.000002861640 
0.13350 0.000002750980 
0.13400 0.000002640320 
0.13450 0.000002529660 
0.13500 0.000002427380 
0.13550 0.000002333260 
0.13600 0.000002239140 
0.13650 0.000002145020 
0.13700 0.000002060840 
0.13750 0.000001980746 
0.13800 0.000001900648 
0.13850 0.000001820550 
0.13900 0.000001751170 
0.13950 0.000001682954 
0.14000 0.000001614740 
0.14050 0.000001547394 
0.14100 0.000001489264 
0.14150 0.000001431136 
0.14200 0.000001373006 
0.14250 0.000001317112 
0.14300 0.000001267546 
0.14350 0.000001217982 
0.14400 0.000001168416 
0.14450 0.000001121952 
0.14500 0.000001079664 
0.14550 0.000001037378 
0.14600 0.000000995090 
0.14650 0.000000956400 
0.14700 0.000000920306 
0.14750 0.000000884210 
0.14800 0.000000848114 
0.14850 0.000000815844 
0.14900 0.000000785022 
0.14950 0.000000754198 
0.15000 0.000000723376 
0.15050 0.000000696410 
0.15100 0.000000670076 
0.15150 0.000000643742 
0.15200 0.000000617408 
0.15250 0.000000594830 
0.15300 0.000000572322 
0.15350 0.000000549814 
0.15400 0.000000527610 
0.15450 0.000000508366 
0.15500 0.000000489124 
0.15550 0.000000469882 
0.15600 0.000000451172 
0.15650 0.000000434714 
0.15700 0.000000418256 
0.15750 0.000000401798 
0.15800 0.000000386000 
0.15850 0.000000371916 
0.15900 0.000000357834 
0.15950 0.000000343750 
0.16000 0.000000330382 
0.16050 0.000000318332 
0.16100 0.000000306282 
0.16150 0.000000294232 
0.16200 0.000000282894 
0.16250 0.000000272580 
0.16300 0.000000262266 
0.16350 0.000000251952 
0.16400 0.000000242316 
0.16450 0.000000233484 
0.16500 0.000000224654 
0.16550 0.000000215822 
0.16600 0.000000207614 
0.16650 0.000000200054 
0.16700 0.000000192494 
0.16750 0.000000184934 
0.16800 0.000000177925 
0.16850 0.000000171449 
0.16900 0.000000164972 
0.16950 0.000000158496 
0.17000 0.000000152496 
0.17050 0.000000146951 
0.17100 0.000000141405 
0.17150 0.000000135860 
0.17200 0.000000130712 
0.17250 0.000000125960 
0.17300 0.000000121209 
0.17350 0.000000116457 
0.17400 0.000000112029 
0.17450 0.000000107958 
0.17500 0.000000103888 
0.17550 0.000000099818 
0.17600 0.000000096001 
0.17650 0.000000092515 
0.17700 0.000000089030 
0.17750 0.000000085545 
0.17800 0.000000082248 
0.17850 0.000000079262 
0.17900 0.000000076276 
0.17950 0.000000073291 
0.18000 0.000000070436 
0.18050 0.000000067877 
0.18100 0.000000065318 
0.18150 0.000000062760 
0.18200 0.000000060283 
0.18250 0.000000058091 
0.18300 0.000000055899 
0.18350 0.000000053707 
0.18400 0.000000051555 
0.18450 0.000000049679 
0.18500 0.000000047802 
0.18550 0.000000045926 
0.18600 0.000000044054 
0.18650 0.000000042446 
0.18700 0.000000040839 
0.18750 0.000000039231 
0.18800 0.000000037623 
0.18850 0.000000036223 
0.18900 0.000000034847 
0.18950 0.000000033471 
0.19000 0.000000032096 
0.19050 0.000000030870 
0.19100 0.000000029691 
0.19150 0.000000028513 
0.19200 0.000000027334 
0.19250 0.000000026260 
0.19300 0.000000025252 
0.19350 0.000000024243 
0.19400 0.000000023235 
0.19450 0.000000022294 
0.19500 0.000000021431 
0.19550 0.000000020568 
0.19600 0.000000019705 
0.19650 0.000000018880 
0.19700 0.000000018143 
0.19750 0.000000017405 
0.19800 0.000000016667 
0.19850 0.000000015944 
0.19900 0.000000015314 
0.19950 0.000000014683 
0.20000 0.000000014052 
0.20050 0.000000013422 
0.20100 0.000000012880 
0.20150 0.000000012341 
0.20200 0.000000011802 
0.20250 0.000000011262 
0.20300 0.000000010788 
0.20350 0.000000010328 
0.20400 0.000000009868 
0.20450 0.000000009409 
0.20500 0.000000008993 
0.20550 0.000000008600 
0.20600 0.000000008208 
0.20650 0.000000007815 
0.20700 0.000000007452 
0.20750 0.000000007118 
0.20800 0.000000006785 
0.20850 0.000000006451 
0.20900 0.000000006135 
0.20950 0.000000005851 
0.21000 0.000000005566 
0.21050 0.000000005282 
0.21100 0.000000005007 
0.21150 0.000000004766 
0.21200 0.000000004524 
0.21250 0.000000004282 
0.21300 0.000000004045 
0.21350 0.000000003841 
0.21400 0.000000003636 
0.21450 0.000000003432 
0.21500 0.000000003229 
0.21550 0.000000003056 
0.21600 0.000000002884 
0.21650 0.000000002711 
0.21700 0.000000002538 
0.21750 0.000000002393 
0.21800 0.000000002248 
0.21850 0.000000002103 
0.21900 0.000000001959 
0.21950 0.000000001837 
0.22000 0.000000001716 
0.22050 0.000000001594 
0.22100 0.000000001473 
0.22150 0.000000001372 
0.22200 0.000000001271 
0.22250 0.000000001170 
0.22300 0.000000001072 
0.22350 0.000000000989 
0.22400 0.000000000907 
0.22450 0.000000000824 
0.22500 0.000000000746 
0.22550 0.000000000679 
0.22600 0.000000000612 
0.22650 0.000000000545 
0.22700 0.000000000485 
0.22750 0.000000000433 
0.22800 0.000000000380 
0.22850 0.000000000327 
0.22900 0.000000000285 
0.22950 0.000000000245 
0.23000 0.000000000205 
0.23050 0.000000000168 
0.23100 0.000000000140 
0.23150 0.000000000111 
0.23200 0.000000000083 
0.23250 0.000000000063 
0.23300 0.000000000046 
0.23350 0.000000000029 
