0.00000 657.032000000000 
0.00050 569.918000000000 
0.00100 482.806000000000 
0.00150 395.692000000000 
0.00200 308.580000000000 
0.00250 251.712000000000 
0.00300 203.870000000000 
0.00350 166.594200000000 
0.00400 139.092400000000 
0.00450 113.680000000000 
0.00500 97.244000000000 
0.00550 80.808200000000 
0.00600 69.309600000000 
0.00650 59.161800000000 
0.00700 50.182000000000 
0.00750 43.741400000000 
0.00800 37.300800000000 
0.00850 32.628800000000 
0.00900 28.443200000000 
0.00950 24.537400000000 
0.01000 21.760600000000 
0.01050 18.983940000000 
0.01100 16.714180000000 
0.01150 14.838560000000 
0.01200 12.962940000000 
0.01250 11.605520000000 
0.01300 10.318160000000 
0.01350 9.092400000000 
0.01400 8.196120000000 
0.01450 7.299820000000 
0.01500 6.508200000000 
0.01550 5.876140000000 
0.01600 5.244100000000 
0.01650 4.720720000000 
0.01700 4.269840000000 
0.01750 3.818940000000 
0.01800 3.465180000000 
0.01850 3.140140000000 
0.01900 2.815100000000 
0.01950 2.570980000000 
0.02000 2.334420000000 
0.02050 2.099760000000 
0.02100 1.926084000000 
0.02150 1.752414000000 
0.02200 1.584208000000 
0.02250 1.455686000000 
0.02300 1.327166000000 
0.02350 1.204814000000 
0.02400 1.109004000000 
0.02450 1.013194000000 
0.02500 0.922994000000 
0.02550 0.851086000000 
0.02600 0.779176000000 
0.02650 0.711852000000 
0.02700 0.657544000000 
0.02750 0.603236000000 
0.02800 0.552414000000 
0.02850 0.511160000000 
0.02900 0.469906000000 
0.02950 0.431144000000 
0.03000 0.399638000000 
0.03050 0.368132000000 
0.03100 0.338286000000 
0.03150 0.314104000000 
0.03200 0.289920000000 
0.03250 0.266742000000 
0.03300 0.248094000000 
0.03350 0.229446000000 
0.03400 0.211300000000 
0.03450 0.196857600000 
0.03500 0.182414600000 
0.03550 0.168107600000 
0.03600 0.156875800000 
0.03650 0.145644000000 
0.03700 0.134412200000 
0.03750 0.125520000000 
0.03800 0.116751800000 
0.03850 0.107983800000 
0.03900 0.100813800000 
0.03950 0.093944400000 
0.04000 0.087074800000 
0.04050 0.081261600000 
0.04100 0.075861400000 
0.04150 0.070461000000 
0.04200 0.065724200000 
0.04250 0.061465200000 
0.04300 0.057206200000 
0.04350 0.053329000000 
0.04400 0.049959800000 
0.04450 0.046590800000 
0.04500 0.043404000000 
0.04550 0.040731200000 
0.04600 0.038058200000 
0.04650 0.035429200000 
0.04700 0.033302800000 
0.04750 0.031176400000 
0.04800 0.029050200000 
0.04850 0.027304000000 
0.04900 0.025608000000 
0.04950 0.023912000000 
0.05000 0.022444400000 
0.05050 0.021088200000 
0.05100 0.019732200000 
0.05150 0.018495900000 
0.05200 0.017408980000 
0.05250 0.016322040000 
0.05300 0.015278580000 
0.05350 0.014405380000 
0.05400 0.013532180000 
0.05450 0.012658980000 
0.05500 0.011946840000 
0.05550 0.011243780000 
0.05600 0.010540740000 
0.05650 0.009929260000 
0.05700 0.009361980000 
0.05750 0.008794720000 
0.05800 0.008269500000 
0.05850 0.007810840000 
0.05900 0.007352160000 
0.05950 0.006900860000 
0.06000 0.006529260000 
0.06050 0.006157680000 
0.06100 0.005786080000 
0.06150 0.005468100000 
0.06200 0.005166460000 
0.06250 0.004864820000 
0.06300 0.004587580000 
0.06350 0.004342260000 
0.06400 0.004096940000 
0.06450 0.003855440000 
0.06500 0.003655560000 
0.06550 0.003455680000 
0.06600 0.003255780000 
0.06650 0.003082340000 
0.06700 0.002919180000 
0.06750 0.002756020000 
0.06800 0.002603000000 
0.06850 0.002469580000 
0.06900 0.002336160000 
0.06950 0.002202760000 
0.07000 0.002092160000 
0.07050 0.001982870000 
0.07100 0.001873588000 
0.07150 0.001774806000 
0.07200 0.001685140000 
0.07250 0.001595474000 
0.07300 0.001507568000 
0.07350 0.001433872000 
0.07400 0.001360178000 
0.07450 0.001286484000 
0.07500 0.001221520000 
0.07550 0.001160854000 
0.07600 0.001100188000 
0.07650 0.001041814000 
0.07700 0.000991792000 
0.07750 0.000941770000 
0.07800 0.000891748000 
0.07850 0.000848224000 
0.07900 0.000806914000 
0.07950 0.000765604000 
0.08000 0.000726166000 
0.08050 0.000691998000 
0.08100 0.000657830000 
0.08150 0.000623660000 
0.08200 0.000593974000 
0.08250 0.000565668000 
0.08300 0.000537362000 
0.08350 0.000510276000 
0.08400 0.000486794000 
0.08450 0.000463310000 
0.08500 0.000439826000 
0.08550 0.000419232000 
0.08600 0.000399720000 
0.08650 0.000380208000 
0.08700 0.000361316000 
0.08750 0.000345080000 
0.08800 0.000328844000 
0.08850 0.000312608000 
0.08900 0.000298098000 
0.08950 0.000284570000 
0.09000 0.000271040000 
0.09050 0.000257676000 
0.09100 0.000246386000 
0.09150 0.000235096000 
0.09200 0.000223806000 
0.09250 0.000213440000 
0.09300 0.000204004000 
0.09350 0.000194570800 
0.09400 0.000185136600 
0.09450 0.000177101400 
0.09500 0.000169207000 
0.09550 0.000161312600 
0.09600 0.000153813000 
0.09650 0.000147198000 
0.09700 0.000140583200 
0.09750 0.000133968200 
0.09800 0.000128095800 
0.09850 0.000122545600 
0.09900 0.000116995400 
0.09950 0.000111511800 
0.10000 0.000106849000 
0.10050 0.000102186200 
0.10100 0.000097523400 
0.10150 0.000093188000 
0.10200 0.000089265600 
0.10250 0.000085343200 
0.10300 0.000081421000 
0.10350 0.000077992800 
0.10400 0.000074689200 
0.10450 0.000071385600 
0.10500 0.000068157400 
0.10550 0.000065371400 
0.10600 0.000062585600 
0.10650 0.000059799800 
0.10700 0.000057223200 
0.10750 0.000054871000 
0.10800 0.000052519000 
0.10850 0.000050167000 
0.10900 0.000048109600 
0.10950 0.000046121400 
0.11000 0.000044133400 
0.11050 0.000042184400 
0.11100 0.000040502000 
0.11150 0.000038819400 
0.11200 0.000037137000 
0.11250 0.000035567200 
0.11300 0.000034141800 
0.11350 0.000032716400 
0.11400 0.000031291000 
0.11450 0.000030025600 
0.11500 0.000028816800 
0.11550 0.000027607800 
0.11600 0.000026404800 
0.11650 0.000025378400 
0.11700 0.000024352000 
0.11750 0.000023325800 
0.11800 0.000022348000 
0.11850 0.000021475800 
0.11900 0.000020603600 
0.11950 0.000019731320 
0.12000 0.000018936080 
0.12050 0.000018194080 
0.12100 0.000017452100 
0.12150 0.000016710120 
0.12200 0.000016062740 
0.12250 0.000015430920 
0.12300 0.000014799120 
0.12350 0.000014178340 
0.12400 0.000013639860 
0.12450 0.000013101360 
0.12500 0.000012562880 
0.12550 0.000012053660 
0.12600 0.000011594320 
0.12650 0.000011134980 
0.12700 0.000010675620 
0.12750 0.000010257500 
0.12800 0.000009865340 
0.12850 0.000009473180 
0.12900 0.000009081000 
0.12950 0.000008737300 
0.13000 0.000008402220 
0.13050 0.000008067140 
0.13100 0.000007735760 
0.13150 0.000007449220 
0.13200 0.000007162700 
0.13250 0.000006876160 
0.13300 0.000006601860 
0.13350 0.000006356660 
0.13400 0.000006111460 
0.13450 0.000005866260 
0.13500 0.000005638900 
0.13550 0.000005428940 
0.13600 0.000005218960 
0.13650 0.000005008980 
0.13700 0.000004820300 
0.13750 0.000004640380 
0.13800 0.000004460460 
0.13850 0.000004280540 
0.13900 0.000004123760 
0.13950 0.000003969500 
0.14000 0.000003815220 
0.14050 0.000003662840 
0.14100 0.000003530500 
0.14150 0.000003398160 
0.14200 0.000003265800 
0.14250 0.000003138360 
0.14300 0.000003024740 
0.14350 0.000002911140 
0.14400 0.000002797540 
0.14450 0.000002690760 
0.14500 0.000002593200 
0.14550 0.000002495620 
0.14600 0.000002398060 
0.14650 0.000002308480 
0.14700 0.000002224640 
0.14750 0.000002140800 
0.14800 0.000002056980 
0.14850 0.000001981686 
0.14900 0.000001909630 
0.14950 0.000001837576 
0.15000 0.000001765520 
0.15050 0.000001702138 
0.15100 0.000001640176 
0.15150 0.000001578214 
0.15200 0.000001516252 
0.15250 0.000001462792 
0.15300 0.000001409490 
0.15350 0.000001356188 
0.15400 0.000001303576 
0.15450 0.000001257716 
0.15500 0.000001211856 
0.15550 0.000001165996 
0.15600 0.000001121360 
0.15650 0.000001081886 
0.15700 0.000001042414 
0.15750 0.000001002942 
0.15800 0.000000964990 
0.15850 0.000000931000 
0.15900 0.000000897012 
0.15950 0.000000863022 
0.16000 0.000000830690 
0.16050 0.000000801426 
0.16100 0.000000772162 
0.16150 0.000000742898 
0.16200 0.000000715304 
0.16250 0.000000690100 
0.16300 0.000000664896 
0.16350 0.000000639692 
0.16400 0.000000616086 
0.16450 0.000000594374 
0.16500 0.000000572664 
0.16550 0.000000550954 
0.16600 0.000000530720 
0.16650 0.000000512022 
0.16700 0.000000493324 
0.16750 0.000000474626 
0.16800 0.000000457240 
0.16850 0.000000441126 
0.16900 0.000000425012 
0.16950 0.000000408898 
0.17000 0.000000393928 
0.17050 0.000000380048 
0.17100 0.000000366170 
0.17150 0.000000352292 
0.17200 0.000000339372 
0.17250 0.000000327410 
0.17300 0.000000315448 
0.17350 0.000000303486 
0.17400 0.000000292308 
0.17450 0.000000282002 
0.17500 0.000000271696 
0.17550 0.000000261390 
0.17600 0.000000251702 
0.17650 0.000000242828 
0.17700 0.000000233952 
0.17750 0.000000225078 
0.17800 0.000000216666 
0.17850 0.000000209022 
0.17900 0.000000201376 
0.17950 0.000000193731 
0.18000 0.000000186410 
0.18050 0.000000179821 
0.18100 0.000000173232 
0.18150 0.000000166642 
0.18200 0.000000160258 
0.18250 0.000000154583 
0.18300 0.000000148908 
0.18350 0.000000143233 
0.18400 0.000000137657 
0.18450 0.000000132774 
0.18500 0.000000127891 
0.18550 0.000000123008 
0.18600 0.000000118134 
0.18650 0.000000113927 
0.18700 0.000000109720 
0.18750 0.000000105513 
0.18800 0.000000101306 
0.18850 0.000000097624 
0.18900 0.000000094007 
0.18950 0.000000090389 
0.19000 0.000000086771 
0.19050 0.000000083534 
0.19100 0.000000080418 
0.19150 0.000000077302 
0.19200 0.000000074187 
0.19250 0.000000071339 
0.19300 0.000000068659 
0.19350 0.000000065979 
0.19400 0.000000063300 
0.19450 0.000000060794 
0.19500 0.000000058490 
0.19550 0.000000056186 
0.19600 0.000000053882 
0.19650 0.000000051677 
0.19700 0.000000049698 
0.19750 0.000000047718 
0.19800 0.000000045738 
0.19850 0.000000043798 
0.19900 0.000000042098 
0.19950 0.000000040398 
0.20000 0.000000038698 
0.20050 0.000000036998 
0.20100 0.000000035532 
0.20150 0.000000034071 
0.20200 0.000000032610 
0.20250 0.000000031149 
0.20300 0.000000029859 
0.20350 0.000000028609 
0.20400 0.000000027358 
0.20450 0.000000026108 
0.20500 0.000000024973 
0.20550 0.000000023900 
0.20600 0.000000022827 
0.20650 0.000000021754 
0.20700 0.000000020760 
0.20750 0.000000019844 
0.20800 0.000000018928 
0.20850 0.000000018012 
0.20900 0.000000017144 
0.20950 0.000000016360 
0.21000 0.000000015576 
0.21050 0.000000014792 
0.21100 0.000000014035 
0.21150 0.000000013366 
0.21200 0.000000012696 
0.21250 0.000000012026 
0.21300 0.000000011370 
0.21350 0.000000010802 
0.21400 0.000000010235 
0.21450 0.000000009667 
0.21500 0.000000009104 
0.21550 0.000000008621 
0.21600 0.000000008139 
0.21650 0.000000007656 
0.21700 0.000000007175 
0.21750 0.000000006769 
0.21800 0.000000006363 
0.21850 0.000000005957 
0.21900 0.000000005551 
0.21950 0.000000005210 
0.22000 0.000000004868 
0.22050 0.000000004527 
0.22100 0.000000004187 
0.22150 0.000000003902 
0.22200 0.000000003617 
0.22250 0.000000003332 
0.22300 0.000000003053 
0.22350 0.000000002819 
0.22400 0.000000002585 
0.22450 0.000000002351 
0.22500 0.000000002130 
0.22550 0.000000001940 
0.22600 0.000000001749 
0.22650 0.000000001559 
0.22700 0.000000001389 
0.22750 0.000000001239 
0.22800 0.000000001089 
0.22850 0.000000000938 
0.22900 0.000000000818 
0.22950 0.000000000703 
0.23000 0.000000000589 
0.23050 0.000000000482 
0.23100 0.000000000401 
0.23150 0.000000000321 
0.23200 0.000000000240 
0.23250 0.000000000182 
0.23300 0.000000000133 
0.23350 0.000000000085 
