0.00000 576.116000000000 
0.00050 502.126000000000 
0.00100 428.136000000000 
0.00150 354.146000000000 
0.00200 280.156000000000 
0.00250 230.964000000000 
0.00300 189.170400000000 
0.00350 156.291000000000 
0.00400 131.655800000000 
0.00450 108.827800000000 
0.00500 93.764400000000 
0.00550 78.701000000000 
0.00600 68.006400000000 
0.00650 58.507400000000 
0.00700 50.063600000000 
0.00750 43.914200000000 
0.00800 37.765000000000 
0.00850 33.245400000000 
0.00900 29.174000000000 
0.00950 25.365000000000 
0.01000 22.615800000000 
0.01050 19.866540000000 
0.01100 17.601480000000 
0.01150 15.712820000000 
0.01200 13.824160000000 
0.01250 12.438680000000 
0.01300 11.121240000000 
0.01350 9.864560000000 
0.01400 8.932940000000 
0.01450 8.001320000000 
0.01500 7.174540000000 
0.01550 6.507640000000 
0.01600 5.840720000000 
0.01650 5.284320000000 
0.01700 4.801600000000 
0.01750 4.318880000000 
0.01800 3.936340000000 
0.01850 3.583420000000 
0.01900 3.230500000000 
0.01950 2.962200000000 
0.02000 2.701800000000 
0.02050 2.443440000000 
0.02100 2.249700000000 
0.02150 2.055980000000 
0.02200 1.868120000000 
0.02250 1.722884000000 
0.02300 1.577648000000 
0.02350 1.439124000000 
0.02400 1.329472000000 
0.02450 1.219822000000 
0.02500 1.116350000000 
0.02550 1.033028000000 
0.02600 0.949706000000 
0.02650 0.871496000000 
0.02700 0.807802000000 
0.02750 0.744106000000 
0.02800 0.684346000000 
0.02850 0.635386000000 
0.02900 0.586424000000 
0.02950 0.540308000000 
0.03000 0.502478000000 
0.03050 0.464648000000 
0.03100 0.428738000000 
0.03150 0.399368000000 
0.03200 0.369998000000 
0.03250 0.341802000000 
0.03300 0.318900000000 
0.03350 0.295998000000 
0.03400 0.273690000000 
0.03450 0.255756000000 
0.03500 0.237820000000 
0.03550 0.220050000000 
0.03600 0.205950000000 
0.03650 0.191852600000 
0.03700 0.177754200000 
0.03750 0.166480800000 
0.03800 0.155357400000 
0.03850 0.144233800000 
0.03900 0.135060800000 
0.03950 0.126254200000 
0.04000 0.117447800000 
0.04050 0.109944000000 
0.04100 0.102949200000 
0.04150 0.095954400000 
0.04200 0.089786400000 
0.04250 0.084213800000 
0.04300 0.078641000000 
0.04350 0.073549000000 
0.04400 0.069096200000 
0.04450 0.064643600000 
0.04500 0.060423000000 
0.04550 0.056855400000 
0.04600 0.053288000000 
0.04650 0.049776800000 
0.04700 0.046911200000 
0.04750 0.044045400000 
0.04800 0.041179800000 
0.04850 0.038807000000 
0.04900 0.036499200000 
0.04950 0.034191600000 
0.05000 0.032182800000 
0.05050 0.030320000000 
0.05100 0.028457200000 
0.05150 0.026752800000 
0.05200 0.025245600000 
0.05250 0.023738600000 
0.05300 0.022289600000 
0.05350 0.021067600000 
0.05400 0.019845700000 
0.05450 0.018623780000 
0.05500 0.017618700000 
0.05550 0.016625860000 
0.05600 0.015633020000 
0.05650 0.014764640000 
0.05700 0.013956300000 
0.05750 0.013147980000 
0.05800 0.012397300000 
0.05850 0.011737900000 
0.05900 0.011078480000 
0.05950 0.010429260000 
0.06000 0.009890300000 
0.06050 0.009351360000 
0.06100 0.008812400000 
0.06150 0.008348300000 
0.06200 0.007906980000 
0.06250 0.007465680000 
0.06300 0.007058720000 
0.06350 0.006696700000 
0.06400 0.006334700000 
0.06450 0.005978120000 
0.06500 0.005680640000 
0.06550 0.005383160000 
0.06600 0.005085680000 
0.06650 0.004826060000 
0.06700 0.004581200000 
0.06750 0.004336320000 
0.06800 0.004106060000 
0.06850 0.003904160000 
0.06900 0.003702240000 
0.06950 0.003500340000 
0.07000 0.003331660000 
0.07050 0.003164920000 
0.07100 0.002998160000 
0.07150 0.002846820000 
0.07200 0.002708880000 
0.07250 0.002570940000 
0.07300 0.002435600000 
0.07350 0.002321300000 
0.07400 0.002207020000 
0.07450 0.002092720000 
0.07500 0.001991466000 
0.07550 0.001896622000 
0.07600 0.001801780000 
0.07650 0.001710386000 
0.07700 0.001631562000 
0.07750 0.001552738000 
0.07800 0.001473914000 
0.07850 0.001404948000 
0.07900 0.001339340000 
0.07950 0.001273730000 
0.08000 0.001210984000 
0.08050 0.001156292000 
0.08100 0.001101602000 
0.08150 0.001046910000 
0.08200 0.000999126000 
0.08250 0.000953470000 
0.08300 0.000907812000 
0.08350 0.000864048000 
0.08400 0.000825880000 
0.08450 0.000787710000 
0.08500 0.000749540000 
0.08550 0.000715892000 
0.08600 0.000683936000 
0.08650 0.000651982000 
0.08700 0.000621002000 
0.08750 0.000594212000 
0.08800 0.000567422000 
0.08850 0.000540632000 
0.08900 0.000516582000 
0.08950 0.000494092000 
0.09000 0.000471600000 
0.09050 0.000449372000 
0.09100 0.000430464000 
0.09150 0.000411558000 
0.09200 0.000392650000 
0.09250 0.000375228000 
0.09300 0.000359312000 
0.09350 0.000343396000 
0.09400 0.000327480000 
0.09450 0.000313836000 
0.09500 0.000300420000 
0.09550 0.000287006000 
0.09600 0.000274236000 
0.09650 0.000262912000 
0.09700 0.000251590000 
0.09750 0.000240268000 
0.09800 0.000230168000 
0.09850 0.000220600000 
0.09900 0.000211032000 
0.09950 0.000201574000 
0.10000 0.000193477400 
0.10050 0.000185381600 
0.10100 0.000177285800 
0.10150 0.000169736800 
0.10200 0.000162878200 
0.10250 0.000156019800 
0.10300 0.000149161400 
0.10350 0.000143134600 
0.10400 0.000137317600 
0.10450 0.000131500400 
0.10500 0.000125811000 
0.10550 0.000120871400 
0.10600 0.000115931600 
0.10650 0.000110992000 
0.10700 0.000106409400 
0.10750 0.000102210000 
0.10800 0.000098010600 
0.10850 0.000093811200 
0.10900 0.000090118400 
0.10950 0.000086544200 
0.11000 0.000082970200 
0.11050 0.000079464000 
0.11100 0.000076418800 
0.11150 0.000073373600 
0.11200 0.000070328200 
0.11250 0.000067479200 
0.11300 0.000064881800 
0.11350 0.000062284600 
0.11400 0.000059687200 
0.11450 0.000057370400 
0.11500 0.000055152600 
0.11550 0.000052935000 
0.11600 0.000050727400 
0.11650 0.000048832000 
0.11700 0.000046936600 
0.11750 0.000045041200 
0.11800 0.000043232200 
0.11850 0.000041610600 
0.11900 0.000039989000 
0.11950 0.000038367400 
0.12000 0.000036883600 
0.12050 0.000035495200 
0.12100 0.000034106600 
0.12150 0.000032718200 
0.12200 0.000031500000 
0.12250 0.000030310000 
0.12300 0.000029119800 
0.12350 0.000027949800 
0.12400 0.000026928800 
0.12450 0.000025907800 
0.12500 0.000024887000 
0.12550 0.000023919400 
0.12600 0.000023043000 
0.12650 0.000022166400 
0.12700 0.000021290000 
0.12750 0.000020489200 
0.12800 0.000019735980 
0.12850 0.000018982840 
0.12900 0.000018229720 
0.12950 0.000017566160 
0.13000 0.000016918540 
0.13050 0.000016270900 
0.13100 0.000015630180 
0.13150 0.000015072880 
0.13200 0.000014515580 
0.13250 0.000013958280 
0.13300 0.000013423860 
0.13350 0.000012943940 
0.13400 0.000012464040 
0.13450 0.000011984120 
0.13500 0.000011537820 
0.13550 0.000011124260 
0.13600 0.000010710700 
0.13650 0.000010297160 
0.13700 0.000009924000 
0.13750 0.000009567440 
0.13800 0.000009210880 
0.13850 0.000008854320 
0.13900 0.000008541900 
0.13950 0.000008234280 
0.14000 0.000007926660 
0.14050 0.000007622680 
0.14100 0.000007357160 
0.14150 0.000007091640 
0.14200 0.000006826120 
0.14250 0.000006570060 
0.14300 0.000006340740 
0.14350 0.000006111440 
0.14400 0.000005882140 
0.14450 0.000005666120 
0.14500 0.000005467980 
0.14550 0.000005269860 
0.14600 0.000005071720 
0.14650 0.000004889200 
0.14700 0.000004717940 
0.14750 0.000004546680 
0.14800 0.000004375420 
0.14850 0.000004221000 
0.14900 0.000004072920 
0.14950 0.000003924840 
0.15000 0.000003776780 
0.15050 0.000003645880 
0.15100 0.000003517800 
0.15150 0.000003389700 
0.15200 0.000003261620 
0.15250 0.000003150480 
0.15300 0.000003039660 
0.15350 0.000002928820 
0.15400 0.000002819380 
0.15450 0.000002723480 
0.15500 0.000002627580 
0.15550 0.000002531660 
0.15600 0.000002438220 
0.15650 0.000002355200 
0.15700 0.000002272180 
0.15750 0.000002189160 
0.15800 0.000002109220 
0.15850 0.000002037320 
0.15900 0.000001965420 
0.15950 0.000001893520 
0.16000 0.000001825004 
0.16050 0.000001762754 
0.16100 0.000001700504 
0.16150 0.000001638252 
0.16200 0.000001579428 
0.16250 0.000001525514 
0.16300 0.000001471600 
0.16350 0.000001417684 
0.16400 0.000001367070 
0.16450 0.000001320372 
0.16500 0.000001273674 
0.16550 0.000001226978 
0.16600 0.000001183346 
0.16650 0.000001142910 
0.16700 0.000001102474 
0.16750 0.000001062036 
0.16800 0.000001024342 
0.16850 0.000000989304 
0.16900 0.000000954266 
0.16950 0.000000919228 
0.17000 0.000000886594 
0.17050 0.000000856256 
0.17100 0.000000825918 
0.17150 0.000000795582 
0.17200 0.000000767270 
0.17250 0.000000740982 
0.17300 0.000000714696 
0.17350 0.000000688408 
0.17400 0.000000663790 
0.17450 0.000000641024 
0.17500 0.000000618258 
0.17550 0.000000595490 
0.17600 0.000000574050 
0.17650 0.000000554346 
0.17700 0.000000534642 
0.17750 0.000000514938 
0.17800 0.000000496232 
0.17850 0.000000479172 
0.17900 0.000000462112 
0.17950 0.000000445052 
0.18000 0.000000428694 
0.18050 0.000000413916 
0.18100 0.000000399138 
0.18150 0.000000384362 
0.18200 0.000000370028 
0.18250 0.000000357238 
0.18300 0.000000344448 
0.18350 0.000000331660 
0.18400 0.000000319088 
0.18450 0.000000308030 
0.18500 0.000000296972 
0.18550 0.000000285914 
0.18600 0.000000274878 
0.18650 0.000000265306 
0.18700 0.000000255734 
0.18750 0.000000246160 
0.18800 0.000000236588 
0.18850 0.000000228178 
0.18900 0.000000219908 
0.18950 0.000000211638 
0.19000 0.000000203368 
0.19050 0.000000195944 
0.19100 0.000000188789 
0.19150 0.000000181634 
0.19200 0.000000174479 
0.19250 0.000000167922 
0.19300 0.000000161740 
0.19350 0.000000155559 
0.19400 0.000000149377 
0.19450 0.000000143586 
0.19500 0.000000138248 
0.19550 0.000000132910 
0.19600 0.000000127572 
0.19650 0.000000122456 
0.19700 0.000000117850 
0.19750 0.000000113243 
0.19800 0.000000108636 
0.19850 0.000000104120 
0.19900 0.000000100147 
0.19950 0.000000096174 
0.20000 0.000000092201 
0.20050 0.000000088228 
0.20100 0.000000084788 
0.20150 0.000000081359 
0.20200 0.000000077930 
0.20250 0.000000074502 
0.20300 0.000000071465 
0.20350 0.000000068519 
0.20400 0.000000065572 
0.20450 0.000000062625 
0.20500 0.000000059946 
0.20550 0.000000057407 
0.20600 0.000000054869 
0.20650 0.000000052330 
0.20700 0.000000049974 
0.20750 0.000000047798 
0.20800 0.000000045623 
0.20850 0.000000043447 
0.20900 0.000000041383 
0.20950 0.000000039514 
0.21000 0.000000037645 
0.21050 0.000000035776 
0.21100 0.000000033970 
0.21150 0.000000032368 
0.21200 0.000000030765 
0.21250 0.000000029163 
0.21300 0.000000027592 
0.21350 0.000000026228 
0.21400 0.000000024864 
0.21450 0.000000023500 
0.21500 0.000000022147 
0.21550 0.000000020984 
0.21600 0.000000019822 
0.21650 0.000000018659 
0.21700 0.000000017497 
0.21750 0.000000016516 
0.21800 0.000000015534 
0.21850 0.000000014552 
0.21900 0.000000013571 
0.21950 0.000000012742 
0.22000 0.000000011913 
0.22050 0.000000011084 
0.22100 0.000000010261 
0.22150 0.000000009566 
0.22200 0.000000008871 
0.22250 0.000000008177 
0.22300 0.000000007499 
0.22350 0.000000006927 
0.22400 0.000000006356 
0.22450 0.000000005784 
0.22500 0.000000005243 
0.22550 0.000000004777 
0.22600 0.000000004310 
0.22650 0.000000003844 
0.22700 0.000000003427 
0.22750 0.000000003058 
0.22800 0.000000002688 
0.22850 0.000000002318 
0.22900 0.000000002021 
0.22950 0.000000001740 
0.23000 0.000000001458 
0.23050 0.000000001195 
0.23100 0.000000000994 
0.23150 0.000000000794 
0.23200 0.000000000594 
0.23250 0.000000000452 
0.23300 0.000000000331 
0.23350 0.000000000211 
