0.00000 493.980000000000 
0.00050 432.562000000000 
0.00100 371.146000000000 
0.00150 309.728000000000 
0.00200 248.310000000000 
0.00250 206.764000000000 
0.00300 171.146200000000 
0.00350 142.864200000000 
0.00400 121.366400000000 
0.00450 101.391600000000 
0.00500 87.959600000000 
0.00550 74.527600000000 
0.00600 64.857000000000 
0.00650 56.215400000000 
0.00700 48.500600000000 
0.00750 42.800600000000 
0.00800 37.100800000000 
0.00850 32.858800000000 
0.00900 29.017400000000 
0.00950 25.415200000000 
0.01000 22.777600000000 
0.01050 20.139800000000 
0.01100 17.950220000000 
0.01150 16.108900000000 
0.01200 14.267580000000 
0.01250 12.899300000000 
0.01300 11.594980000000 
0.01350 10.348640000000 
0.01400 9.412540000000 
0.01450 8.476440000000 
0.01500 7.641880000000 
0.01550 6.962140000000 
0.01600 6.282380000000 
0.01650 5.711140000000 
0.01700 5.212280000000 
0.01750 4.713400000000 
0.01800 4.314280000000 
0.01850 3.944620000000 
0.01900 3.574980000000 
0.01950 3.290680000000 
0.02000 3.014380000000 
0.02050 2.740120000000 
0.02100 2.531920000000 
0.02150 2.323740000000 
0.02200 2.121600000000 
0.02250 1.963578000000 
0.02300 1.805552000000 
0.02350 1.654556000000 
0.02400 1.533798000000 
0.02450 1.413042000000 
0.02500 1.298834000000 
0.02550 1.205982000000 
0.02600 1.113132000000 
0.02650 1.025762000000 
0.02700 0.953958000000 
0.02750 0.882154000000 
0.02800 0.814620000000 
0.02850 0.758796000000 
0.02900 0.702974000000 
0.02950 0.650272000000 
0.03000 0.606660000000 
0.03050 0.563048000000 
0.03100 0.521562000000 
0.03150 0.487334000000 
0.03200 0.453106000000 
0.03250 0.420190000000 
0.03300 0.393212000000 
0.03350 0.366234000000 
0.03400 0.339928000000 
0.03450 0.318578000000 
0.03500 0.297230000000 
0.03550 0.276066000000 
0.03600 0.259110000000 
0.03650 0.242152000000 
0.03700 0.225196000000 
0.03750 0.211506000000 
0.03800 0.197991000000 
0.03850 0.184475400000 
0.03900 0.173239400000 
0.03950 0.162431600000 
0.04000 0.151623800000 
0.04050 0.142353800000 
0.04100 0.133684800000 
0.04150 0.125015600000 
0.04200 0.117332000000 
0.04250 0.110358200000 
0.04300 0.103384200000 
0.04350 0.096988800000 
0.04400 0.091363000000 
0.04450 0.085737400000 
0.04500 0.080393400000 
0.04550 0.075843400000 
0.04600 0.071293600000 
0.04650 0.066812600000 
0.04700 0.063123600000 
0.04750 0.059434600000 
0.04800 0.055745600000 
0.04850 0.052666800000 
0.04900 0.049668800000 
0.04950 0.046670800000 
0.05000 0.044046200000 
0.05050 0.041604200000 
0.05100 0.039162200000 
0.05150 0.036919800000 
0.05200 0.034926400000 
0.05250 0.032933000000 
0.05300 0.031013400000 
0.05350 0.029382800000 
0.05400 0.027752200000 
0.05450 0.026121600000 
0.05500 0.024769400000 
0.05550 0.023433000000 
0.05600 0.022096600000 
0.05650 0.020921200000 
0.05700 0.019823760000 
0.05750 0.018726280000 
0.05800 0.017704100000 
0.05850 0.016801160000 
0.05900 0.015898220000 
0.05950 0.015008680000 
0.06000 0.014264460000 
0.06050 0.013520240000 
0.06100 0.012776020000 
0.06150 0.012131240000 
0.06200 0.011516760000 
0.06250 0.010902280000 
0.06300 0.010333800000 
0.06350 0.009825580000 
0.06400 0.009317360000 
0.06450 0.008816480000 
0.06500 0.008395440000 
0.06550 0.007974400000 
0.06600 0.007553360000 
0.06650 0.007183900000 
0.06700 0.006834520000 
0.06750 0.006485140000 
0.06800 0.006155840000 
0.06850 0.005865440000 
0.06900 0.005575060000 
0.06950 0.005284680000 
0.07000 0.005040300000 
0.07050 0.004798580000 
0.07100 0.004556860000 
0.07150 0.004336660000 
0.07200 0.004135140000 
0.07250 0.003933600000 
0.07300 0.003735740000 
0.07350 0.003567480000 
0.07400 0.003399220000 
0.07450 0.003230940000 
0.07500 0.003081160000 
0.07550 0.002940440000 
0.07600 0.002799740000 
0.07650 0.002663960000 
0.07700 0.002546140000 
0.07750 0.002428300000 
0.07800 0.002310480000 
0.07850 0.002206840000 
0.07900 0.002108020000 
0.07950 0.002009200000 
0.08000 0.001914542000 
0.08050 0.001831556000 
0.08100 0.001748572000 
0.08150 0.001665586000 
0.08200 0.001592688000 
0.08250 0.001522900000 
0.08300 0.001453110000 
0.08350 0.001386106000 
0.08400 0.001327334000 
0.08450 0.001268562000 
0.08500 0.001209790000 
0.08550 0.001157718000 
0.08600 0.001108156000 
0.08650 0.001058594000 
0.08700 0.001010490000 
0.08750 0.000968640000 
0.08800 0.000926790000 
0.08850 0.000884940000 
0.08900 0.000847210000 
0.08950 0.000811826000 
0.09000 0.000776440000 
0.09050 0.000741452000 
0.09100 0.000711494000 
0.09150 0.000681536000 
0.09200 0.000651578000 
0.09250 0.000623888000 
0.09300 0.000598492000 
0.09350 0.000573096000 
0.09400 0.000547700000 
0.09450 0.000525794000 
0.09500 0.000504238000 
0.09550 0.000482682000 
0.09600 0.000462126000 
0.09650 0.000443808000 
0.09700 0.000425490000 
0.09750 0.000407170000 
0.09800 0.000390758000 
0.09850 0.000375170000 
0.09900 0.000359584000 
0.09950 0.000344172000 
0.10000 0.000330894000 
0.10050 0.000317616000 
0.10100 0.000304338000 
0.10150 0.000291924000 
0.10200 0.000280600000 
0.10250 0.000269274000 
0.10300 0.000257950000 
0.10350 0.000247948000 
0.10400 0.000238278000 
0.10450 0.000228610000 
0.10500 0.000219144000 
0.10550 0.000210878000 
0.10600 0.000202612000 
0.10650 0.000194347000 
0.10700 0.000186656400 
0.10750 0.000179583000 
0.10800 0.000172509600 
0.10850 0.000165436200 
0.10900 0.000159183800 
0.10950 0.000153124000 
0.11000 0.000147064400 
0.11050 0.000141115600 
0.11100 0.000135918800 
0.11150 0.000130722000 
0.11200 0.000125525200 
0.11250 0.000120650600 
0.11300 0.000116189400 
0.11350 0.000111728200 
0.11400 0.000107267200 
0.11450 0.000103269600 
0.11500 0.000099436000 
0.11550 0.000095602600 
0.11600 0.000091785600 
0.11650 0.000088488200 
0.11700 0.000085191000 
0.11750 0.000081893600 
0.11800 0.000078740600 
0.11850 0.000075901800 
0.11900 0.000073062800 
0.11950 0.000070224000 
0.12000 0.000067617200 
0.12050 0.000065170800 
0.12100 0.000062724600 
0.12150 0.000060278400 
0.12200 0.000058121000 
0.12250 0.000056011200 
0.12300 0.000053901400 
0.12350 0.000051825800 
0.12400 0.000050004600 
0.12450 0.000048183400 
0.12500 0.000046362200 
0.12550 0.000044632800 
0.12600 0.000043059600 
0.12650 0.000041486400 
0.12700 0.000039913000 
0.12750 0.000038470600 
0.12800 0.000037110600 
0.12850 0.000035750400 
0.12900 0.000034390400 
0.12950 0.000033186000 
0.13000 0.000032009400 
0.13050 0.000030832600 
0.13100 0.000029668000 
0.13150 0.000028649400 
0.13200 0.000027630600 
0.13250 0.000026612000 
0.13300 0.000025633600 
0.13350 0.000024751000 
0.13400 0.000023868600 
0.13450 0.000022986000 
0.13500 0.000022163000 
0.13550 0.000021398000 
0.13600 0.000020632800 
0.13650 0.000019867840 
0.13700 0.000019174760 
0.13750 0.000018511240 
0.13800 0.000017847720 
0.13850 0.000017184220 
0.13900 0.000016599800 
0.13950 0.000016023980 
0.14000 0.000015448180 
0.14050 0.000014878900 
0.14100 0.000014378980 
0.14150 0.000013879080 
0.14200 0.000013379180 
0.14250 0.000012896400 
0.14300 0.000012462160 
0.14350 0.000012027920 
0.14400 0.000011593680 
0.14450 0.000011183680 
0.14500 0.000010806320 
0.14550 0.000010428960 
0.14600 0.000010051600 
0.14650 0.000009702880 
0.14700 0.000009374840 
0.14750 0.000009046780 
0.14800 0.000008718720 
0.14850 0.000008421740 
0.14900 0.000008136500 
0.14950 0.000007851260 
0.15000 0.000007566020 
0.15050 0.000007312680 
0.15100 0.000007064560 
0.15150 0.000006816440 
0.15200 0.000006568320 
0.15250 0.000006351840 
0.15300 0.000006135960 
0.15350 0.000005920060 
0.15400 0.000005706780 
0.15450 0.000005518920 
0.15500 0.000005331080 
0.15550 0.000005143240 
0.15600 0.000004960040 
0.15650 0.000004796540 
0.15700 0.000004633040 
0.15750 0.000004469540 
0.15800 0.000004311900 
0.15850 0.000004169520 
0.15900 0.000004027160 
0.15950 0.000003884780 
0.16000 0.000003748880 
0.16050 0.000003624960 
0.16100 0.000003501040 
0.16150 0.000003377120 
0.16200 0.000003259780 
0.16250 0.000003151900 
0.16300 0.000003044000 
0.16350 0.000002936100 
0.16400 0.000002834580 
0.16450 0.000002740640 
0.16500 0.000002646700 
0.16550 0.000002552760 
0.16600 0.000002464780 
0.16650 0.000002383020 
0.16700 0.000002301240 
0.16750 0.000002219480 
0.16800 0.000002143080 
0.16850 0.000002071860 
0.16900 0.000002000640 
0.16950 0.000001929428 
0.17000 0.000001862940 
0.17050 0.000001800970 
0.17100 0.000001739000 
0.17150 0.000001677030 
0.17200 0.000001619062 
0.17250 0.000001565094 
0.17300 0.000001511126 
0.17350 0.000001457158 
0.17400 0.000001406508 
0.17450 0.000001359538 
0.17500 0.000001312568 
0.17550 0.000001265598 
0.17600 0.000001221280 
0.17650 0.000001180432 
0.17700 0.000001139586 
0.17750 0.000001098738 
0.17800 0.000001059896 
0.17850 0.000001024362 
0.17900 0.000000988826 
0.17950 0.000000953290 
0.18000 0.000000919172 
0.18050 0.000000888246 
0.18100 0.000000857318 
0.18150 0.000000826390 
0.18200 0.000000796364 
0.18250 0.000000769474 
0.18300 0.000000742582 
0.18350 0.000000715690 
0.18400 0.000000689244 
0.18450 0.000000665890 
0.18500 0.000000642536 
0.18550 0.000000619180 
0.18600 0.000000595872 
0.18650 0.000000575562 
0.18700 0.000000555252 
0.18750 0.000000534942 
0.18800 0.000000514632 
0.18850 0.000000496720 
0.18900 0.000000479098 
0.18950 0.000000461476 
0.19000 0.000000443854 
0.19050 0.000000427982 
0.19100 0.000000412670 
0.19150 0.000000397356 
0.19200 0.000000382042 
0.19250 0.000000367974 
0.19300 0.000000354688 
0.19350 0.000000341400 
0.19400 0.000000328114 
0.19450 0.000000315644 
0.19500 0.000000304124 
0.19550 0.000000292602 
0.19600 0.000000281082 
0.19650 0.000000270028 
0.19700 0.000000260046 
0.19750 0.000000250062 
0.19800 0.000000240078 
0.19850 0.000000230286 
0.19900 0.000000221640 
0.19950 0.000000212996 
0.20000 0.000000204352 
0.20050 0.000000195708 
0.20100 0.000000188192 
0.20150 0.000000180702 
0.20200 0.000000173212 
0.20250 0.000000165722 
0.20300 0.000000159069 
0.20350 0.000000152608 
0.20400 0.000000146146 
0.20450 0.000000139684 
0.20500 0.000000133794 
0.20550 0.000000128207 
0.20600 0.000000122619 
0.20650 0.000000117031 
0.20700 0.000000111836 
0.20750 0.000000107030 
0.20800 0.000000102224 
0.20850 0.000000097418 
0.20900 0.000000092851 
0.20950 0.000000088707 
0.21000 0.000000084563 
0.21050 0.000000080419 
0.21100 0.000000076412 
0.21150 0.000000072846 
0.21200 0.000000069279 
0.21250 0.000000065713 
0.21300 0.000000062217 
0.21350 0.000000059171 
0.21400 0.000000056126 
0.21450 0.000000053081 
0.21500 0.000000050060 
0.21550 0.000000047454 
0.21600 0.000000044849 
0.21650 0.000000042243 
0.21700 0.000000039642 
0.21750 0.000000037435 
0.21800 0.000000035228 
0.21850 0.000000033022 
0.21900 0.000000030816 
0.21950 0.000000028946 
0.22000 0.000000027077 
0.22050 0.000000025207 
0.22100 0.000000023350 
0.22150 0.000000021779 
0.22200 0.000000020208 
0.22250 0.000000018636 
0.22300 0.000000017102 
0.22350 0.000000015805 
0.22400 0.000000014508 
0.22450 0.000000013211 
0.22500 0.000000011982 
0.22550 0.000000010921 
0.22600 0.000000009860 
0.22650 0.000000008798 
0.22700 0.000000007849 
0.22750 0.000000007005 
0.22800 0.000000006161 
0.22850 0.000000005318 
0.22900 0.000000004638 
0.22950 0.000000003993 
0.23000 0.000000003349 
0.23050 0.000000002745 
0.23100 0.000000002286 
0.23150 0.000000001827 
0.23200 0.000000001367 
0.23250 0.000000001040 
0.23300 0.000000000763 
0.23350 0.000000000486 
