0.00000 498.196000000000 
0.00050 444.866000000000 
0.00100 391.534000000000 
0.00150 338.204000000000 
0.00200 284.874000000000 
0.00250 246.210000000000 
0.00300 211.924000000000 
0.00350 183.679400000000 
0.00400 161.024600000000 
0.00450 139.747800000000 
0.00500 124.391200000000 
0.00550 109.034600000000 
0.00600 97.376600000000 
0.00650 86.730800000000 
0.00700 77.067400000000 
0.00750 69.541000000000 
0.00800 62.014600000000 
0.00850 56.145600000000 
0.00900 50.732200000000 
0.00950 45.608800000000 
0.01000 41.656000000000 
0.01050 37.703000000000 
0.01100 34.327800000000 
0.01150 31.402200000000 
0.01200 28.476400000000 
0.01250 26.197400000000 
0.01300 24.005800000000 
0.01350 21.898000000000 
0.01400 20.238600000000 
0.01450 18.579040000000 
0.01500 17.074260000000 
0.01550 15.805380000000 
0.01600 14.536500000000 
0.01650 13.441620000000 
0.01700 12.462820000000 
0.01750 11.484020000000 
0.01800 10.673260000000 
0.01850 9.912160000000 
0.01900 9.151040000000 
0.01950 8.540780000000 
0.02000 7.944620000000 
0.02050 7.352280000000 
0.02100 6.882180000000 
0.02150 6.412100000000 
0.02200 5.953760000000 
0.02250 5.580820000000 
0.02300 5.207860000000 
0.02350 4.849140000000 
0.02400 4.551580000000 
0.02450 4.254040000000 
0.02500 3.970300000000 
0.02550 3.731680000000 
0.02600 3.493060000000 
0.02650 3.266500000000 
0.02700 3.074200000000 
0.02750 2.881920000000 
0.02800 2.699420000000 
0.02850 2.543800000000 
0.02900 2.388160000000 
0.02950 2.239980000000 
0.03000 2.113500000000 
0.03050 1.987030000000 
0.03100 1.865838000000 
0.03150 1.762664000000 
0.03200 1.659490000000 
0.03250 1.559708000000 
0.03300 1.475248000000 
0.03350 1.390786000000 
0.03400 1.308132000000 
0.03450 1.238762000000 
0.03500 1.169394000000 
0.03550 1.100542000000 
0.03600 1.043394000000 
0.03650 0.986246000000 
0.03700 0.929098000000 
0.03750 0.881384000000 
0.03800 0.834168000000 
0.03850 0.786954000000 
0.03900 0.746560000000 
0.03950 0.707448000000 
0.04000 0.668336000000 
0.04050 0.633992000000 
0.04100 0.601510000000 
0.04150 0.569028000000 
0.04200 0.539710000000 
0.04250 0.512672000000 
0.04300 0.485634000000 
0.04350 0.460516000000 
0.04400 0.437958000000 
0.04450 0.415400000000 
0.04500 0.393810000000 
0.04550 0.374950000000 
0.04600 0.356090000000 
0.04650 0.337474000000 
0.04700 0.321674000000 
0.04750 0.305874000000 
0.04800 0.290074000000 
0.04850 0.276518000000 
0.04900 0.263256000000 
0.04950 0.249996000000 
0.05000 0.238152000000 
0.05050 0.227002000000 
0.05100 0.215852000000 
0.05150 0.205484000000 
0.05200 0.196091200000 
0.05250 0.186699200000 
0.05300 0.177605800000 
0.05350 0.169681800000 
0.05400 0.161757800000 
0.05450 0.153833800000 
0.05500 0.147072000000 
0.05550 0.140375800000 
0.05600 0.133679600000 
0.05650 0.127677400000 
0.05700 0.122010000000 
0.05750 0.116342800000 
0.05800 0.111009800000 
0.05850 0.106206200000 
0.05900 0.101402400000 
0.05950 0.096660200000 
0.06000 0.092582600000 
0.06050 0.088505000000 
0.06100 0.084427400000 
0.06150 0.080818600000 
0.06200 0.077352400000 
0.06250 0.073886400000 
0.06300 0.070643600000 
0.06350 0.067693400000 
0.06400 0.064743000000 
0.06450 0.061829400000 
0.06500 0.059314600000 
0.06550 0.056800000000 
0.06600 0.054285400000 
0.06650 0.052036000000 
0.06700 0.049889800000 
0.06750 0.047743600000 
0.06800 0.045703600000 
0.06850 0.043869600000 
0.06900 0.042035600000 
0.06950 0.040201600000 
0.07000 0.038617800000 
0.07050 0.037048600000 
0.07100 0.035479200000 
0.07150 0.034030400000 
0.07200 0.032686000000 
0.07250 0.031341600000 
0.07300 0.030018200000 
0.07350 0.028865200000 
0.07400 0.027712000000 
0.07450 0.026558800000 
0.07500 0.025514800000 
0.07550 0.024524400000 
0.07600 0.023534200000 
0.07650 0.022573800000 
0.07700 0.021722200000 
0.07750 0.020870800000 
0.07800 0.020019400000 
0.07850 0.019256240000 
0.07900 0.018523260000 
0.07950 0.017790300000 
0.08000 0.017083880000 
0.08050 0.016452180000 
0.08100 0.015820500000 
0.08150 0.015188800000 
0.08200 0.014623340000 
0.08250 0.014078300000 
0.08300 0.013533280000 
0.08350 0.013007000000 
0.08400 0.012536200000 
0.08450 0.012065400000 
0.08500 0.011594600000 
0.08550 0.011170120000 
0.08600 0.010762980000 
0.08650 0.010355840000 
0.08700 0.009959040000 
0.08750 0.009606580000 
0.08800 0.009254100000 
0.08850 0.008901640000 
0.08900 0.008579140000 
0.08950 0.008273660000 
0.09000 0.007968180000 
0.09050 0.007665660000 
0.09100 0.007400640000 
0.09150 0.007135600000 
0.09200 0.006870560000 
0.09250 0.006622840000 
0.09300 0.006392640000 
0.09350 0.006162440000 
0.09400 0.005932240000 
0.09450 0.005729340000 
0.09500 0.005529200000 
0.09550 0.005329060000 
0.09600 0.005136900000 
0.09650 0.004962700000 
0.09700 0.004788500000 
0.09750 0.004614300000 
0.09800 0.004455720000 
0.09850 0.004303940000 
0.09900 0.004152180000 
0.09950 0.004001840000 
0.10000 0.003869480000 
0.10050 0.003737120000 
0.10100 0.003604740000 
0.10150 0.003479800000 
0.10200 0.003364240000 
0.10250 0.003248680000 
0.10300 0.003133120000 
0.10350 0.003029220000 
0.10400 0.002928240000 
0.10450 0.002827260000 
0.10500 0.002728120000 
0.10550 0.002639780000 
0.10600 0.002551460000 
0.10650 0.002463140000 
0.10700 0.002380120000 
0.10750 0.002302800000 
0.10800 0.002225460000 
0.10850 0.002148140000 
0.10900 0.002078560000 
0.10950 0.002010800000 
0.11000 0.001943048000 
0.11050 0.001876358000 
0.11100 0.001816930000 
0.11150 0.001757500000 
0.11200 0.001698070000 
0.11250 0.001641824000 
0.11300 0.001589660000 
0.11350 0.001537496000 
0.11400 0.001485332000 
0.11450 0.001437848000 
0.11500 0.001392020000 
0.11550 0.001346190000 
0.11600 0.001300534000 
0.11650 0.001260240000 
0.11700 0.001219948000 
0.11750 0.001179654000 
0.11800 0.001140886000 
0.11850 0.001105430000 
0.11900 0.001069974000 
0.11950 0.001034518000 
0.12000 0.001001566000 
0.12050 0.000970348000 
0.12100 0.000939132000 
0.12150 0.000907914000 
0.12200 0.000879880000 
0.12250 0.000852370000 
0.12300 0.000824860000 
0.12350 0.000797734000 
0.12400 0.000773476000 
0.12450 0.000749216000 
0.12500 0.000724958000 
0.12550 0.000701756000 
0.12600 0.000680352000 
0.12650 0.000658948000 
0.12700 0.000637544000 
0.12750 0.000617680000 
0.12800 0.000598784000 
0.12850 0.000579888000 
0.12900 0.000560992000 
0.12950 0.000543966000 
0.13000 0.000527272000 
0.13050 0.000510580000 
0.13100 0.000494034000 
0.13150 0.000479282000 
0.13200 0.000464528000 
0.13250 0.000449774000 
0.13300 0.000435526000 
0.13350 0.000422480000 
0.13400 0.000409432000 
0.13450 0.000396386000 
0.13500 0.000384100000 
0.13550 0.000372556000 
0.13600 0.000361014000 
0.13650 0.000349470000 
0.13700 0.000338868000 
0.13750 0.000328652000 
0.13800 0.000318438000 
0.13850 0.000308222000 
0.13900 0.000299062000 
0.13950 0.000290016000 
0.14000 0.000280972000 
0.14050 0.000272016000 
0.14100 0.000264006000 
0.14150 0.000255996000 
0.14200 0.000247986000 
0.14250 0.000240214000 
0.14300 0.000233118000 
0.14350 0.000226022000 
0.14400 0.000218924000 
0.14450 0.000212172000 
0.14500 0.000205884000 
0.14550 0.000199594200 
0.14600 0.000193305200 
0.14650 0.000187431200 
0.14700 0.000181856800 
0.14750 0.000176282400 
0.14800 0.000170708000 
0.14850 0.000165593600 
0.14900 0.000160653200 
0.14950 0.000155712800 
0.15000 0.000150772400 
0.15050 0.000146313400 
0.15100 0.000141933200 
0.15150 0.000137553200 
0.15200 0.000133173000 
0.15250 0.000129280200 
0.15300 0.000125396400 
0.15350 0.000121512800 
0.15400 0.000117670000 
0.15450 0.000114227600 
0.15500 0.000110785200 
0.15550 0.000107342800 
0.15600 0.000103975200 
0.15650 0.000100923000 
0.15700 0.000097870800 
0.15750 0.000094818600 
0.15800 0.000091862200 
0.15850 0.000089155200 
0.15900 0.000086448000 
0.15950 0.000083740800 
0.16000 0.000081142000 
0.16050 0.000078743200 
0.16100 0.000076344400 
0.16150 0.000073945600 
0.16200 0.000071658800 
0.16250 0.000069532600 
0.16300 0.000067406400 
0.16350 0.000065280200 
0.16400 0.000063264800 
0.16450 0.000061380600 
0.16500 0.000059496400 
0.16550 0.000057612200 
0.16600 0.000055833800 
0.16650 0.000054165400 
0.16700 0.000052497200 
0.16750 0.000050828800 
0.16800 0.000049256800 
0.16850 0.000047778200 
0.16900 0.000046299600 
0.16950 0.000044821000 
0.17000 0.000043429600 
0.17050 0.000042121200 
0.17100 0.000040813000 
0.17150 0.000039504600 
0.17200 0.000038271200 
0.17250 0.000037112200 
0.17300 0.000035953400 
0.17350 0.000034794600 
0.17400 0.000033699200 
0.17450 0.000032673800 
0.17500 0.000031648600 
0.17550 0.000030623200 
0.17600 0.000029649600 
0.17650 0.000028743800 
0.17700 0.000027837800 
0.17750 0.000026931800 
0.17800 0.000026065400 
0.17850 0.000025264600 
0.17900 0.000024463800 
0.17950 0.000023663000 
0.18000 0.000022890600 
0.18050 0.000022182400 
0.18100 0.000021474200 
0.18150 0.000020766000 
0.18200 0.000020076400 
0.18250 0.000019450980 
0.18300 0.000018825620 
0.18350 0.000018200280 
0.18400 0.000017584220 
0.18450 0.000017032960 
0.18500 0.000016481720 
0.18550 0.000015930460 
0.18600 0.000015380160 
0.18650 0.000014893420 
0.18700 0.000014406680 
0.18750 0.000013919940 
0.18800 0.000013433200 
0.18850 0.000012998500 
0.18900 0.000012570080 
0.18950 0.000012141660 
0.19000 0.000011713240 
0.19050 0.000011323180 
0.19100 0.000010945380 
0.19150 0.000010567560 
0.19200 0.000010189760 
0.19250 0.000009839820 
0.19300 0.000009507360 
0.19350 0.000009174900 
0.19400 0.000008842440 
0.19450 0.000008528560 
0.19500 0.000008236260 
0.19550 0.000007943960 
0.19600 0.000007651660 
0.19650 0.000007370180 
0.19700 0.000007113420 
0.19750 0.000006856680 
0.19800 0.000006599920 
0.19850 0.000006347640 
0.19900 0.000006122360 
0.19950 0.000005897060 
0.20000 0.000005671780 
0.20050 0.000005446500 
0.20100 0.000005248040 
0.20150 0.000005050200 
0.20200 0.000004852360 
0.20250 0.000004654540 
0.20300 0.000004477080 
0.20350 0.000004304260 
0.20400 0.000004131460 
0.20450 0.000003958640 
0.20500 0.000003799860 
0.20550 0.000003648500 
0.20600 0.000003497120 
0.20650 0.000003345760 
0.20700 0.000003204240 
0.20750 0.000003072480 
0.20800 0.000002940720 
0.20850 0.000002808960 
0.20900 0.000002683260 
0.20950 0.000002568240 
0.21000 0.000002453220 
0.21050 0.000002338200 
0.21100 0.000002226700 
0.21150 0.000002126520 
0.21200 0.000002026340 
0.21250 0.000001926162 
0.21300 0.000001827804 
0.21350 0.000001741294 
0.21400 0.000001654784 
0.21450 0.000001568274 
0.21500 0.000001482406 
0.21550 0.000001407532 
0.21600 0.000001332656 
0.21650 0.000001257782 
0.21700 0.000001183010 
0.21750 0.000001118914 
0.21800 0.000001054818 
0.21850 0.000000990722 
0.21900 0.000000926646 
0.21950 0.000000871742 
0.22000 0.000000816838 
0.22050 0.000000761932 
0.22100 0.000000707368 
0.22150 0.000000660720 
0.22200 0.000000614072 
0.22250 0.000000567424 
0.22300 0.000000521812 
0.22350 0.000000482922 
0.22400 0.000000444032 
0.22450 0.000000405144 
0.22500 0.000000368196 
0.22550 0.000000336046 
0.22600 0.000000303896 
0.22650 0.000000271746 
0.22700 0.000000242854 
0.22750 0.000000217042 
0.22800 0.000000191229 
0.22850 0.000000165417 
0.22900 0.000000144461 
0.22950 0.000000124559 
0.23000 0.000000104657 
0.23050 0.000000085992 
0.23100 0.000000071673 
0.23150 0.000000057354 
0.23200 0.000000043034 
0.23250 0.000000032781 
0.23300 0.000000024063 
0.23350 0.000000015346 
