0.00000 1061.528000000000 
0.00050 958.902000000000 
0.00100 856.274000000000 
0.00150 753.646000000000 
0.00200 651.018000000000 
0.00250 573.828000000000 
0.00300 504.228000000000 
0.00350 445.720000000000 
0.00400 397.474000000000 
0.00450 351.888000000000 
0.00500 317.724000000000 
0.00550 283.560000000000 
0.00600 256.858000000000 
0.00650 232.196000000000 
0.00700 209.600000000000 
0.00750 191.494600000000 
0.00800 173.388800000000 
0.00850 158.900200000000 
0.00900 145.406000000000 
0.00950 132.567400000000 
0.01000 122.375000000000 
0.01050 112.182400000000 
0.01100 103.341200000000 
0.01150 95.550400000000 
0.01200 87.759800000000 
0.01250 81.529800000000 
0.01300 75.510800000000 
0.01350 69.700400000000 
0.01400 65.005600000000 
0.01450 60.310600000000 
0.01500 56.012000000000 
0.01550 52.317800000000 
0.01600 48.623800000000 
0.01650 45.388200000000 
0.01700 42.458400000000 
0.01750 39.528800000000 
0.01800 37.054200000000 
0.01850 34.714000000000 
0.01900 32.373800000000 
0.01950 30.453200000000 
0.02000 28.571800000000 
0.02050 26.701200000000 
0.02100 25.179400000000 
0.02150 23.657800000000 
0.02200 22.170400000000 
0.02250 20.932800000000 
0.02300 19.695260000000 
0.02350 18.500340000000 
0.02400 17.488820000000 
0.02450 16.477320000000 
0.02500 15.508260000000 
0.02550 14.677680000000 
0.02600 13.847100000000 
0.02650 13.054460000000 
0.02700 12.369520000000 
0.02750 11.684600000000 
0.02800 11.031160000000 
0.02850 10.464120000000 
0.02900 9.897080000000 
0.02950 9.354560000000 
0.03000 8.883400000000 
0.03050 8.412260000000 
0.03100 7.958880000000 
0.03150 7.566100000000 
0.03200 7.173300000000 
0.03250 6.792160000000 
0.03300 6.463680000000 
0.03350 6.135200000000 
0.03400 5.813040000000 
0.03450 5.537540000000 
0.03500 5.262020000000 
0.03550 4.988360000000 
0.03600 4.756660000000 
0.03650 4.524980000000 
0.03700 4.293280000000 
0.03750 4.096100000000 
0.03800 3.900760000000 
0.03850 3.705400000000 
0.03900 3.535540000000 
0.03950 3.370460000000 
0.04000 3.205380000000 
0.04050 3.058460000000 
0.04100 2.918660000000 
0.04150 2.778840000000 
0.04200 2.651320000000 
0.04250 2.532660000000 
0.04300 2.414000000000 
0.04350 2.302980000000 
0.04400 2.202080000000 
0.04450 2.101180000000 
0.04500 2.004180000000 
0.04550 1.918232000000 
0.04600 1.832278000000 
0.04650 1.747330000000 
0.04700 1.673980000000 
0.04750 1.600628000000 
0.04800 1.527276000000 
0.04850 1.463332000000 
0.04900 1.400634000000 
0.04950 1.337934000000 
0.05000 1.281294000000 
0.05050 1.227616000000 
0.05100 1.173940000000 
0.05150 1.123668000000 
0.05200 1.077646000000 
0.05250 1.031622000000 
0.05300 0.986922000000 
0.05350 0.947406000000 
0.05400 0.907890000000 
0.05450 0.868374000000 
0.05500 0.834102000000 
0.05550 0.800126000000 
0.05600 0.766150000000 
0.05650 0.735362000000 
0.05700 0.706110000000 
0.05750 0.676860000000 
0.05800 0.649170000000 
0.05850 0.623954000000 
0.05900 0.598738000000 
0.05950 0.573814000000 
0.06000 0.552050000000 
0.06050 0.530286000000 
0.06100 0.508522000000 
0.06150 0.489024000000 
0.06200 0.470216000000 
0.06250 0.451408000000 
0.06300 0.433698000000 
0.06350 0.417426000000 
0.06400 0.401154000000 
0.06450 0.385066000000 
0.06500 0.370970000000 
0.06550 0.356876000000 
0.06600 0.342782000000 
0.06650 0.330036000000 
0.06700 0.317814000000 
0.06750 0.305590000000 
0.06800 0.293918000000 
0.06850 0.283306000000 
0.06900 0.272696000000 
0.06950 0.262086000000 
0.07000 0.252790000000 
0.07050 0.243568000000 
0.07100 0.234346000000 
0.07150 0.225768000000 
0.07200 0.217746000000 
0.07250 0.209722000000 
0.07300 0.201814000000 
0.07350 0.194827400000 
0.07400 0.187840600000 
0.07450 0.180853600000 
0.07500 0.174466600000 
0.07550 0.168375000000 
0.07600 0.162283600000 
0.07650 0.156358800000 
0.07700 0.151042400000 
0.07750 0.145726000000 
0.07800 0.140409600000 
0.07850 0.135594400000 
0.07900 0.130949600000 
0.07950 0.126305000000 
0.08000 0.121813200000 
0.08050 0.117751200000 
0.08100 0.113689200000 
0.08150 0.109627400000 
0.08200 0.105952200000 
0.08250 0.102396200000 
0.08300 0.098840200000 
0.08350 0.095395600000 
0.08400 0.092279400000 
0.08450 0.089163400000 
0.08500 0.086047400000 
0.08550 0.083209800000 
0.08600 0.080476400000 
0.08650 0.077743200000 
0.08700 0.075072800000 
0.08750 0.072673000000 
0.08800 0.070273200000 
0.08850 0.067873400000 
0.08900 0.065658800000 
0.08950 0.063549600000 
0.09000 0.061440400000 
0.09050 0.059349800000 
0.09100 0.057494400000 
0.09150 0.055638800000 
0.09200 0.053783400000 
0.09250 0.052038000000 
0.09300 0.050404200000 
0.09350 0.048770200000 
0.09400 0.047136400000 
0.09450 0.045678600000 
0.09500 0.044238600000 
0.09550 0.042798600000 
0.09600 0.041411000000 
0.09650 0.040140400000 
0.09700 0.038870000000 
0.09750 0.037599600000 
0.09800 0.036432800000 
0.09850 0.035311200000 
0.09900 0.034189400000 
0.09950 0.033077400000 
0.10000 0.032086000000 
0.10050 0.031094600000 
0.10100 0.030103200000 
0.10150 0.029162600000 
0.10200 0.028285600000 
0.10250 0.027408600000 
0.10300 0.026531800000 
0.10350 0.025735000000 
0.10400 0.024958800000 
0.10450 0.024182400000 
0.10500 0.023418800000 
0.10550 0.022731000000 
0.10600 0.022043000000 
0.10650 0.021355200000 
0.10700 0.020704800000 
0.10750 0.020094800000 
0.10800 0.019484720000 
0.10850 0.018874700000 
0.10900 0.018320260000 
0.10950 0.017778860000 
0.11000 0.017237440000 
0.11050 0.016703820000 
0.11100 0.016222920000 
0.11150 0.015742020000 
0.11200 0.015261100000 
0.11250 0.014803640000 
0.11300 0.014376220000 
0.11350 0.013948800000 
0.11400 0.013521380000 
0.11450 0.013128840000 
0.11500 0.012748600000 
0.11550 0.012368380000 
0.11600 0.011989460000 
0.11650 0.011651020000 
0.11700 0.011312580000 
0.11750 0.010974140000 
0.11800 0.010647340000 
0.11850 0.010345860000 
0.11900 0.010044360000 
0.11950 0.009742860000 
0.12000 0.009460760000 
0.12050 0.009192080000 
0.12100 0.008923400000 
0.12150 0.008654720000 
0.12200 0.008410980000 
0.12250 0.008171320000 
0.12300 0.007931680000 
0.12350 0.007695080000 
0.12400 0.007481200000 
0.12450 0.007267340000 
0.12500 0.007053460000 
0.12550 0.006848060000 
0.12600 0.006657120000 
0.12650 0.006466160000 
0.12700 0.006275200000 
0.12750 0.006096760000 
0.12800 0.005926200000 
0.12850 0.005755620000 
0.12900 0.005585060000 
0.12950 0.005429860000 
0.13000 0.005277400000 
0.13050 0.005124940000 
0.13100 0.004973720000 
0.13150 0.004837420000 
0.13200 0.004701100000 
0.13250 0.004564800000 
0.13300 0.004432740000 
0.13350 0.004310800000 
0.13400 0.004188860000 
0.13450 0.004066920000 
0.13500 0.003951480000 
0.13550 0.003842360000 
0.13600 0.003733240000 
0.13650 0.003624120000 
0.13700 0.003523120000 
0.13750 0.003425460000 
0.13800 0.003327800000 
0.13850 0.003230140000 
0.13900 0.003141680000 
0.13950 0.003054240000 
0.14000 0.002966800000 
0.14050 0.002880140000 
0.14100 0.002801840000 
0.14150 0.002723540000 
0.14200 0.002645240000 
0.14250 0.002569080000 
0.14300 0.002498940000 
0.14350 0.002428800000 
0.14400 0.002358660000 
0.14450 0.002291640000 
0.14500 0.002228800000 
0.14550 0.002165960000 
0.14600 0.002103140000 
0.14650 0.002044100000 
0.14700 0.001987794000 
0.14750 0.001931494000 
0.14800 0.001875194000 
0.14850 0.001823156000 
0.14900 0.001772730000 
0.14950 0.001722304000 
0.15000 0.001671878000 
0.15050 0.001625958000 
0.15100 0.001580774000 
0.15150 0.001535592000 
0.15200 0.001490410000 
0.15250 0.001449842000 
0.15300 0.001409360000 
0.15350 0.001368878000 
0.15400 0.001328788000 
0.15450 0.001292540000 
0.15500 0.001256290000 
0.15550 0.001220042000 
0.15600 0.001184516000 
0.15650 0.001152046000 
0.15700 0.001119576000 
0.15750 0.001087108000 
0.15800 0.001055574000 
0.15850 0.001026480000 
0.15900 0.000997384000 
0.15950 0.000968290000 
0.16000 0.000940270000 
0.16050 0.000914234000 
0.16100 0.000888200000 
0.16150 0.000862166000 
0.16200 0.000837254000 
0.16250 0.000813950000 
0.16300 0.000790646000 
0.16350 0.000767342000 
0.16400 0.000745160000 
0.16450 0.000724308000 
0.16500 0.000703456000 
0.16550 0.000682606000 
0.16600 0.000662838000 
0.16650 0.000644200000 
0.16700 0.000625562000 
0.16750 0.000606926000 
0.16800 0.000589284000 
0.16850 0.000572608000 
0.16900 0.000555930000 
0.16950 0.000539254000 
0.17000 0.000523490000 
0.17050 0.000508600000 
0.17100 0.000493708000 
0.17150 0.000478818000 
0.17200 0.000464716000 
0.17250 0.000451404000 
0.17300 0.000438090000 
0.17350 0.000424778000 
0.17400 0.000412142000 
0.17450 0.000400256000 
0.17500 0.000388372000 
0.17550 0.000376486000 
0.17600 0.000365162000 
0.17650 0.000354568000 
0.17700 0.000343974000 
0.17750 0.000333382000 
0.17800 0.000323222000 
0.17850 0.000313776000 
0.17900 0.000304330000 
0.17950 0.000294884000 
0.18000 0.000285752000 
0.18050 0.000277326000 
0.18100 0.000268898000 
0.18150 0.000260472000 
0.18200 0.000252252000 
0.18250 0.000244748000 
0.18300 0.000237244000 
0.18350 0.000229740000 
0.18400 0.000222342000 
0.18450 0.000215674000 
0.18500 0.000209006000 
0.18550 0.000202338000 
0.18600 0.000195681000 
0.18650 0.000189744200 
0.18700 0.000183807400 
0.18750 0.000177870600 
0.18800 0.000171933800 
0.18850 0.000166595200 
0.18900 0.000161329200 
0.18950 0.000156063000 
0.19000 0.000150796800 
0.19050 0.000145974000 
0.19100 0.000141292400 
0.19150 0.000136611000 
0.19200 0.000131929400 
0.19250 0.000127573800 
0.19300 0.000123422400 
0.19350 0.000119271200 
0.19400 0.000115119800 
0.19450 0.000111187800 
0.19500 0.000107510400 
0.19550 0.000103833000 
0.19600 0.000100155600 
0.19650 0.000096607000 
0.19700 0.000093353000 
0.19750 0.000090098800 
0.19800 0.000086844600 
0.19850 0.000083644200 
0.19900 0.000080768200 
0.19950 0.000077892000 
0.20000 0.000075015800 
0.20050 0.000072139800 
0.20100 0.000069588200 
0.20150 0.000067043800 
0.20200 0.000064499600 
0.20250 0.000061955400 
0.20300 0.000059661000 
0.20350 0.000057423600 
0.20400 0.000055186200 
0.20450 0.000052948800 
0.20500 0.000050884000 
0.20550 0.000048910200 
0.20600 0.000046936600 
0.20650 0.000044962800 
0.20700 0.000043112000 
0.20750 0.000041382800 
0.20800 0.000039653600 
0.20850 0.000037924400 
0.20900 0.000036271000 
0.20950 0.000034751200 
0.21000 0.000033231400 
0.21050 0.000031711600 
0.21100 0.000030236200 
0.21150 0.000028903800 
0.21200 0.000027571200 
0.21250 0.000026238800 
0.21300 0.000024929600 
0.21350 0.000023771800 
0.21400 0.000022614000 
0.21450 0.000021456200 
0.21500 0.000020306800 
0.21550 0.000019298340 
0.21600 0.000018289900 
0.21650 0.000017281440 
0.21700 0.000016274320 
0.21750 0.000015405940 
0.21800 0.000014537560 
0.21850 0.000013669180 
0.21900 0.000012801080 
0.21950 0.000012052640 
0.22000 0.000011304200 
0.22050 0.000010555780 
0.22100 0.000009811800 
0.22150 0.000009172120 
0.22200 0.000008532420 
0.22250 0.000007892720 
0.22300 0.000007266820 
0.22350 0.000006730560 
0.22400 0.000006194280 
0.22450 0.000005658000 
0.22500 0.000005147780 
0.22550 0.000004701900 
0.22600 0.000004256000 
0.22650 0.000003810120 
0.22700 0.000003408420 
0.22750 0.000003048460 
0.22800 0.000002688520 
0.22850 0.000002328560 
0.22900 0.000002035120 
0.22950 0.000001756114 
0.23000 0.000001477106 
0.23050 0.000001215206 
0.23100 0.000001013406 
0.23150 0.000000811606 
0.23200 0.000000609804 
0.23250 0.000000464856 
0.23300 0.000000341400 
0.23350 0.000000217944 
