0.00000 1412.442000000000 
0.00050 1277.612000000000 
0.00100 1142.784000000000 
0.00150 1007.954000000000 
0.00200 873.124000000000 
0.00250 771.346000000000 
0.00300 679.428000000000 
0.00350 601.992000000000 
0.00400 537.948000000000 
0.00450 477.390000000000 
0.00500 431.816000000000 
0.00550 386.240000000000 
0.00600 350.496000000000 
0.00650 317.442000000000 
0.00700 287.120000000000 
0.00750 262.740000000000 
0.00800 238.362000000000 
0.00850 218.790000000000 
0.00900 200.540000000000 
0.00950 183.165800000000 
0.01000 169.323000000000 
0.01050 155.480200000000 
0.01100 143.447800000000 
0.01150 132.823400000000 
0.01200 122.198800000000 
0.01250 113.673800000000 
0.01300 105.432800000000 
0.01350 97.473600000000 
0.01400 91.020400000000 
0.01450 84.567200000000 
0.01500 78.651200000000 
0.01550 73.554400000000 
0.01600 68.457600000000 
0.01650 63.984600000000 
0.01700 59.927600000000 
0.01750 55.870600000000 
0.01800 52.434800000000 
0.01850 49.182600000000 
0.01900 45.930400000000 
0.01950 43.252600000000 
0.02000 40.628600000000 
0.02050 38.019600000000 
0.02100 35.890000000000 
0.02150 33.760200000000 
0.02200 31.678000000000 
0.02250 29.940200000000 
0.02300 28.202400000000 
0.02350 26.523600000000 
0.02400 25.098600000000 
0.02450 23.673400000000 
0.02500 22.307400000000 
0.02550 21.133400000000 
0.02600 19.959320000000 
0.02650 18.838140000000 
0.02700 17.866920000000 
0.02750 16.895700000000 
0.02800 15.968460000000 
0.02850 15.161860000000 
0.02900 14.355280000000 
0.02950 13.583040000000 
0.03000 12.910760000000 
0.03050 12.238500000000 
0.03100 11.591200000000 
0.03150 11.029040000000 
0.03200 10.466880000000 
0.03250 9.921140000000 
0.03300 9.449580000000 
0.03350 8.978040000000 
0.03400 8.515440000000 
0.03450 8.118780000000 
0.03500 7.722100000000 
0.03550 7.328060000000 
0.03600 6.993500000000 
0.03650 6.658940000000 
0.03700 6.324360000000 
0.03750 6.038880000000 
0.03800 5.756000000000 
0.03850 5.473120000000 
0.03900 5.226560000000 
0.03950 4.986820000000 
0.04000 4.747080000000 
0.04050 4.533320000000 
0.04100 4.329720000000 
0.04150 4.126100000000 
0.04200 3.940120000000 
0.04250 3.766840000000 
0.04300 3.593560000000 
0.04350 3.431240000000 
0.04400 3.283500000000 
0.04450 3.135740000000 
0.04500 2.993640000000 
0.04550 2.867440000000 
0.04600 2.741240000000 
0.04650 2.616480000000 
0.04700 2.508500000000 
0.04750 2.400500000000 
0.04800 2.292520000000 
0.04850 2.198180000000 
0.04900 2.105620000000 
0.04950 2.013080000000 
0.05000 1.929336000000 
0.05050 1.849900000000 
0.05100 1.770464000000 
0.05150 1.695990000000 
0.05200 1.627706000000 
0.05250 1.559422000000 
0.05300 1.493072000000 
0.05350 1.434292000000 
0.05400 1.375514000000 
0.05450 1.316736000000 
0.05500 1.265636000000 
0.05550 1.214972000000 
0.05600 1.164308000000 
0.05650 1.118322000000 
0.05700 1.074594000000 
0.05750 1.030866000000 
0.05800 0.989438000000 
0.05850 0.951650000000 
0.05900 0.913862000000 
0.05950 0.876504000000 
0.06000 0.843810000000 
0.06050 0.811114000000 
0.06100 0.778420000000 
0.06150 0.749078000000 
0.06200 0.720756000000 
0.06250 0.692434000000 
0.06300 0.665742000000 
0.06350 0.641180000000 
0.06400 0.616618000000 
0.06450 0.592330000000 
0.06500 0.571004000000 
0.06550 0.549680000000 
0.06600 0.528354000000 
0.06650 0.509038000000 
0.06700 0.490504000000 
0.06750 0.471968000000 
0.06800 0.454252000000 
0.06850 0.438124000000 
0.06900 0.421998000000 
0.06950 0.405870000000 
0.07000 0.391708000000 
0.07050 0.377660000000 
0.07100 0.363610000000 
0.07150 0.350526000000 
0.07200 0.338276000000 
0.07250 0.326026000000 
0.07300 0.313948000000 
0.07350 0.303256000000 
0.07400 0.292564000000 
0.07450 0.281870000000 
0.07500 0.272082000000 
0.07550 0.262740000000 
0.07600 0.253396000000 
0.07650 0.244306000000 
0.07700 0.236134000000 
0.07750 0.227962000000 
0.07800 0.219790000000 
0.07850 0.212376000000 
0.07900 0.205222000000 
0.07950 0.198066200000 
0.08000 0.191143000000 
0.08050 0.184872200000 
0.08100 0.178601400000 
0.08150 0.172330600000 
0.08200 0.166647800000 
0.08250 0.161146400000 
0.08300 0.155645000000 
0.08350 0.150313000000 
0.08400 0.145481800000 
0.08450 0.140650800000 
0.08500 0.135819600000 
0.08550 0.131413800000 
0.08600 0.127167000000 
0.08650 0.122920400000 
0.08700 0.118770200000 
0.08750 0.115034000000 
0.08800 0.111297800000 
0.08850 0.107561400000 
0.08900 0.104109200000 
0.08950 0.100818600000 
0.09000 0.097528000000 
0.09050 0.094266000000 
0.09100 0.091365200000 
0.09150 0.088464600000 
0.09200 0.085563800000 
0.09250 0.082832800000 
0.09300 0.080273200000 
0.09350 0.077713800000 
0.09400 0.075154400000 
0.09450 0.072866600000 
0.09500 0.070606400000 
0.09550 0.068346000000 
0.09600 0.066166600000 
0.09650 0.064168400000 
0.09700 0.062170400000 
0.09750 0.060172200000 
0.09800 0.058334800000 
0.09850 0.056567000000 
0.09900 0.054799200000 
0.09950 0.053046600000 
0.10000 0.051481200000 
0.10050 0.049915800000 
0.10100 0.048350400000 
0.10150 0.046863600000 
0.10200 0.045476200000 
0.10250 0.044088800000 
0.10300 0.042701400000 
0.10350 0.041439200000 
0.10400 0.040208600000 
0.10450 0.038977800000 
0.10500 0.037767200000 
0.10550 0.036674600000 
0.10600 0.035582200000 
0.10650 0.034489600000 
0.10700 0.033455800000 
0.10750 0.032485000000 
0.10800 0.031514400000 
0.10850 0.030543600000 
0.10900 0.029660000000 
0.10950 0.028797000000 
0.11000 0.027933800000 
0.11050 0.027082800000 
0.11100 0.026314800000 
0.11150 0.025546600000 
0.11200 0.024778400000 
0.11250 0.024047200000 
0.11300 0.023363200000 
0.11350 0.022679200000 
0.11400 0.021995200000 
0.11450 0.021366200000 
0.11500 0.020756800000 
0.11550 0.020147200000 
0.11600 0.019539600000 
0.11650 0.018996020000 
0.11700 0.018452420000 
0.11750 0.017908820000 
0.11800 0.017383660000 
0.11850 0.016898540000 
0.11900 0.016413400000 
0.11950 0.015928280000 
0.12000 0.015473900000 
0.12050 0.015040780000 
0.12100 0.014607660000 
0.12150 0.014174560000 
0.12200 0.013781040000 
0.12250 0.013394040000 
0.12300 0.013007020000 
0.12350 0.012624880000 
0.12400 0.012278860000 
0.12450 0.011932860000 
0.12500 0.011586860000 
0.12550 0.011254380000 
0.12600 0.010944920000 
0.12650 0.010635440000 
0.12700 0.010325980000 
0.12750 0.010036500000 
0.12800 0.009759580000 
0.12850 0.009482660000 
0.12900 0.009205760000 
0.12950 0.008953440000 
0.13000 0.008705480000 
0.13050 0.008457540000 
0.13100 0.008211580000 
0.13150 0.007989520000 
0.13200 0.007767460000 
0.13250 0.007545400000 
0.13300 0.007330160000 
0.13350 0.007131180000 
0.13400 0.006932180000 
0.13450 0.006733200000 
0.13500 0.006544640000 
0.13550 0.006366260000 
0.13600 0.006187880000 
0.13650 0.006009500000 
0.13700 0.005844220000 
0.13750 0.005684300000 
0.13800 0.005524400000 
0.13850 0.005364480000 
0.13900 0.005219440000 
0.13950 0.005076020000 
0.14000 0.004932580000 
0.14050 0.004790440000 
0.14100 0.004661800000 
0.14150 0.004533180000 
0.14200 0.004404560000 
0.14250 0.004279380000 
0.14300 0.004163960000 
0.14350 0.004048540000 
0.14400 0.003933140000 
0.14450 0.003822760000 
0.14500 0.003719200000 
0.14550 0.003615640000 
0.14600 0.003512060000 
0.14650 0.003414680000 
0.14700 0.003321740000 
0.14750 0.003228780000 
0.14800 0.003135840000 
0.14850 0.003049840000 
0.14900 0.002966460000 
0.14950 0.002883080000 
0.15000 0.002799700000 
0.15050 0.002723680000 
0.15100 0.002648860000 
0.15150 0.002574020000 
0.15200 0.002499200000 
0.15250 0.002431920000 
0.15300 0.002364780000 
0.15350 0.002297640000 
0.15400 0.002231120000 
0.15450 0.002170920000 
0.15500 0.002110700000 
0.15550 0.002050480000 
0.15600 0.001991454000 
0.15650 0.001937436000 
0.15700 0.001883418000 
0.15750 0.001829398000 
0.15800 0.001776918000 
0.15850 0.001728440000 
0.15900 0.001679962000 
0.15950 0.001631484000 
0.16000 0.001584774000 
0.16050 0.001541332000 
0.16100 0.001497890000 
0.16150 0.001454446000 
0.16200 0.001412854000 
0.16250 0.001373912000 
0.16300 0.001334970000 
0.16350 0.001296030000 
0.16400 0.001258938000 
0.16450 0.001224042000 
0.16500 0.001189148000 
0.16550 0.001154252000 
0.16600 0.001121150000 
0.16650 0.001089918000 
0.16700 0.001058686000 
0.16750 0.001027452000 
0.16800 0.000997868000 
0.16850 0.000969882000 
0.16900 0.000941896000 
0.16950 0.000913908000 
0.17000 0.000887436000 
0.17050 0.000862414000 
0.17100 0.000837390000 
0.17150 0.000812366000 
0.17200 0.000788652000 
0.17250 0.000766250000 
0.17300 0.000743848000 
0.17350 0.000721444000 
0.17400 0.000700168000 
0.17450 0.000680140000 
0.17500 0.000660114000 
0.17550 0.000640086000 
0.17600 0.000620992000 
0.17650 0.000603120000 
0.17700 0.000585246000 
0.17750 0.000567374000 
0.17800 0.000550224000 
0.17850 0.000534266000 
0.17900 0.000518308000 
0.17950 0.000502350000 
0.18000 0.000486916000 
0.18050 0.000472662000 
0.18100 0.000458408000 
0.18150 0.000444154000 
0.18200 0.000430244000 
0.18250 0.000417534000 
0.18300 0.000404826000 
0.18350 0.000392116000 
0.18400 0.000379584000 
0.18450 0.000368276000 
0.18500 0.000356970000 
0.18550 0.000345662000 
0.18600 0.000334374000 
0.18650 0.000324294000 
0.18700 0.000314214000 
0.18750 0.000304134000 
0.18800 0.000294054000 
0.18850 0.000284980000 
0.18900 0.000276030000 
0.18950 0.000267078000 
0.19000 0.000258126000 
0.19050 0.000249922000 
0.19100 0.000241954000 
0.19150 0.000233986000 
0.19200 0.000226020000 
0.19250 0.000218602000 
0.19300 0.000211530000 
0.19350 0.000204456000 
0.19400 0.000197383200 
0.19450 0.000190680600 
0.19500 0.000184408000 
0.19550 0.000178135400 
0.19600 0.000171862800 
0.19650 0.000165808200 
0.19700 0.000160251600 
0.19750 0.000154695000 
0.19800 0.000149138200 
0.19850 0.000143672600 
0.19900 0.000138756000 
0.19950 0.000133839400 
0.20000 0.000128923000 
0.20050 0.000124006400 
0.20100 0.000119639800 
0.20150 0.000115286000 
0.20200 0.000110932000 
0.20250 0.000106578000 
0.20300 0.000102648400 
0.20350 0.000098815800 
0.20400 0.000094983000 
0.20450 0.000091150200 
0.20500 0.000087610800 
0.20550 0.000084226200 
0.20600 0.000080841600 
0.20650 0.000077457000 
0.20700 0.000074281800 
0.20750 0.000071313600 
0.20800 0.000068345400 
0.20850 0.000065377200 
0.20900 0.000062538200 
0.20950 0.000059926800 
0.21000 0.000057315400 
0.21050 0.000054704000 
0.21100 0.000052168400 
0.21150 0.000049876600 
0.21200 0.000047584800 
0.21250 0.000045293000 
0.21300 0.000043041000 
0.21350 0.000041047800 
0.21400 0.000039054800 
0.21450 0.000037061600 
0.21500 0.000035082600 
0.21550 0.000033344800 
0.21600 0.000031607200 
0.21650 0.000029869400 
0.21700 0.000028134000 
0.21750 0.000026636200 
0.21800 0.000025138400 
0.21850 0.000023640800 
0.21900 0.000022143600 
0.21950 0.000020851600 
0.22000 0.000019559480 
0.22050 0.000018267440 
0.22100 0.000016983080 
0.22150 0.000015877760 
0.22200 0.000014772440 
0.22250 0.000013667120 
0.22300 0.000012585560 
0.22350 0.000011658160 
0.22400 0.000010730780 
0.22450 0.000009803400 
0.22500 0.000008920840 
0.22550 0.000008149100 
0.22600 0.000007377340 
0.22650 0.000006605600 
0.22700 0.000005910060 
0.22750 0.000005286520 
0.22800 0.000004663000 
0.22850 0.000004039480 
0.22900 0.000003530840 
0.22950 0.000003047120 
0.23000 0.000002563420 
0.23050 0.000002109320 
0.23100 0.000001759182 
0.23150 0.000001409050 
0.23200 0.000001058918 
0.23250 0.000000807312 
0.23300 0.000000592948 
0.23350 0.000000378584 
