0.00000 1636.966000000000 
0.00050 1485.502000000000 
0.00100 1334.038000000000 
0.00150 1182.574000000000 
0.00200 1031.110000000000 
0.00250 915.904000000000 
0.00300 811.516000000000 
0.00350 723.134000000000 
0.00400 649.554000000000 
0.00450 579.868000000000 
0.00500 526.894000000000 
0.00550 473.922000000000 
0.00600 432.030000000000 
0.00650 393.168000000000 
0.00700 357.420000000000 
0.00750 328.434000000000 
0.00800 299.450000000000 
0.00850 275.994000000000 
0.00900 254.058000000000 
0.00950 233.138000000000 
0.01000 216.320000000000 
0.01050 199.501400000000 
0.01100 184.806800000000 
0.01150 171.763000000000 
0.01200 158.719200000000 
0.01250 148.161600000000 
0.01300 137.940200000000 
0.01350 128.055400000000 
0.01400 119.971000000000 
0.01450 111.886400000000 
0.01500 104.450200000000 
0.01550 98.002000000000 
0.01600 91.554000000000 
0.01650 85.865200000000 
0.01700 80.683000000000 
0.01750 75.501000000000 
0.01800 71.081800000000 
0.01850 66.888200000000 
0.01900 62.694600000000 
0.01950 59.213000000000 
0.02000 55.798000000000 
0.02050 52.401600000000 
0.02100 49.604600000000 
0.02150 46.807600000000 
0.02200 44.070400000000 
0.02250 41.767600000000 
0.02300 39.464600000000 
0.02350 37.236800000000 
0.02400 35.331600000000 
0.02450 33.426400000000 
0.02500 31.596800000000 
0.02550 30.013600000000 
0.02600 28.430200000000 
0.02650 26.915400000000 
0.02700 25.594400000000 
0.02750 24.273400000000 
0.02800 23.009600000000 
0.02850 21.903400000000 
0.02900 20.797000000000 
0.02950 19.735700000000 
0.03000 18.805880000000 
0.03050 17.876060000000 
0.03100 16.979320000000 
0.03150 16.195360000000 
0.03200 15.411420000000 
0.03250 14.649420000000 
0.03300 13.986480000000 
0.03350 13.323560000000 
0.03400 12.672700000000 
0.03450 12.110580000000 
0.03500 11.548440000000 
0.03550 10.989880000000 
0.03600 10.512020000000 
0.03650 10.034140000000 
0.03700 9.556280000000 
0.03750 9.145500000000 
0.03800 8.738280000000 
0.03850 8.331080000000 
0.03900 7.973900000000 
0.03950 7.626120000000 
0.04000 7.278360000000 
0.04050 6.966640000000 
0.04100 6.669020000000 
0.04150 6.371400000000 
0.04200 6.098440000000 
0.04250 5.843240000000 
0.04300 5.588040000000 
0.04350 5.348280000000 
0.04400 5.129060000000 
0.04450 4.909860000000 
0.04500 4.698640000000 
0.04550 4.510000000000 
0.04600 4.321360000000 
0.04650 4.134820000000 
0.04700 3.972240000000 
0.04750 3.809660000000 
0.04800 3.647060000000 
0.04850 3.504120000000 
0.04900 3.363780000000 
0.04950 3.223440000000 
0.05000 3.095880000000 
0.05050 2.974560000000 
0.05100 2.853240000000 
0.05150 2.739160000000 
0.05200 2.634140000000 
0.05250 2.529120000000 
0.05300 2.426940000000 
0.05350 2.335900000000 
0.05400 2.244860000000 
0.05450 2.153820000000 
0.05500 2.074180000000 
0.05550 1.995162000000 
0.05600 1.916150000000 
0.05650 1.844120000000 
0.05700 1.775460000000 
0.05750 1.706800000000 
0.05800 1.641596000000 
0.05850 1.581860000000 
0.05900 1.522126000000 
0.05950 1.463042000000 
0.06000 1.411012000000 
0.06050 1.358982000000 
0.06100 1.306952000000 
0.06150 1.260026000000 
0.06200 1.214656000000 
0.06250 1.169286000000 
0.06300 1.126414000000 
0.06350 1.086808000000 
0.06400 1.047204000000 
0.06450 1.008020000000 
0.06500 0.973410000000 
0.06550 0.938800000000 
0.06600 0.904190000000 
0.06650 0.872700000000 
0.06700 0.842426000000 
0.06750 0.812150000000 
0.06800 0.783154000000 
0.06850 0.756642000000 
0.06900 0.730130000000 
0.06950 0.703618000000 
0.07000 0.680200000000 
0.07050 0.656960000000 
0.07100 0.633722000000 
0.07150 0.612006000000 
0.07200 0.591616000000 
0.07250 0.571224000000 
0.07300 0.551108000000 
0.07350 0.533198000000 
0.07400 0.515288000000 
0.07450 0.497378000000 
0.07500 0.480920000000 
0.07550 0.465174000000 
0.07600 0.449428000000 
0.07650 0.434090000000 
0.07700 0.420234000000 
0.07750 0.406378000000 
0.07800 0.392522000000 
0.07850 0.379898000000 
0.07900 0.367692000000 
0.07950 0.355488000000 
0.08000 0.343662000000 
0.08050 0.332902000000 
0.08100 0.322140000000 
0.08150 0.311380000000 
0.08200 0.301586000000 
0.08250 0.292088000000 
0.08300 0.282592000000 
0.08350 0.273376000000 
0.08400 0.264986000000 
0.08450 0.256598000000 
0.08500 0.248210000000 
0.08550 0.240528000000 
0.08600 0.233112000000 
0.08650 0.225694000000 
0.08700 0.218440000000 
0.08750 0.211876000000 
0.08800 0.205314000000 
0.08850 0.198749800000 
0.08900 0.192664600000 
0.08950 0.186851000000 
0.09000 0.181037400000 
0.09050 0.175272200000 
0.09100 0.170118400000 
0.09150 0.164964400000 
0.09200 0.159810600000 
0.09250 0.154945200000 
0.09300 0.150372000000 
0.09350 0.145798600000 
0.09400 0.141225400000 
0.09450 0.137117200000 
0.09500 0.133055800000 
0.09550 0.128994400000 
0.09600 0.125072200000 
0.09650 0.121462000000 
0.09700 0.117851800000 
0.09750 0.114241400000 
0.09800 0.110909000000 
0.09850 0.107697400000 
0.09900 0.104485800000 
0.09950 0.101300400000 
0.10000 0.098440800000 
0.10050 0.095581200000 
0.10100 0.092721600000 
0.10150 0.089999600000 
0.10200 0.087451400000 
0.10250 0.084903200000 
0.10300 0.082355000000 
0.10350 0.080027000000 
0.10400 0.077754600000 
0.10450 0.075482000000 
0.10500 0.073245000000 
0.10550 0.071216600000 
0.10600 0.069188400000 
0.10650 0.067160000000 
0.10700 0.065236200000 
0.10750 0.063424600000 
0.10800 0.061613000000 
0.10850 0.059801200000 
0.10900 0.058145400000 
0.10950 0.056526000000 
0.11000 0.054906600000 
0.11050 0.053309000000 
0.11100 0.051860400000 
0.11150 0.050411600000 
0.11200 0.048963000000 
0.11250 0.047580800000 
0.11300 0.046284200000 
0.11350 0.044987400000 
0.11400 0.043690800000 
0.11450 0.042494000000 
0.11500 0.041332400000 
0.11550 0.040170800000 
0.11600 0.039013000000 
0.11650 0.037971800000 
0.11700 0.036930600000 
0.11750 0.035889400000 
0.11800 0.034882000000 
0.11850 0.033948200000 
0.11900 0.033014200000 
0.11950 0.032080400000 
0.12000 0.031203200000 
0.12050 0.030365200000 
0.12100 0.029527200000 
0.12150 0.028689200000 
0.12200 0.027924600000 
0.12250 0.027172200000 
0.12300 0.026419600000 
0.12350 0.025676200000 
0.12400 0.025000000000 
0.12450 0.024324000000 
0.12500 0.023647800000 
0.12550 0.022997000000 
0.12600 0.022389200000 
0.12650 0.021781600000 
0.12700 0.021173800000 
0.12750 0.020603800000 
0.12800 0.020057200000 
0.12850 0.019510840000 
0.12900 0.018964420000 
0.12950 0.018464500000 
0.13000 0.017972840000 
0.13050 0.017481180000 
0.13100 0.016993280000 
0.13150 0.016550860000 
0.13200 0.016108420000 
0.13250 0.015666000000 
0.13300 0.015236600000 
0.13350 0.014838240000 
0.13400 0.014439880000 
0.13450 0.014041500000 
0.13500 0.013663180000 
0.13550 0.013304380000 
0.13600 0.012945580000 
0.13650 0.012586780000 
0.13700 0.012253240000 
0.13750 0.011930100000 
0.13800 0.011606940000 
0.13850 0.011283800000 
0.13900 0.010989480000 
0.13950 0.010698280000 
0.14000 0.010407100000 
0.14050 0.010118400000 
0.14100 0.009856060000 
0.14150 0.009593720000 
0.14200 0.009331380000 
0.14250 0.009075800000 
0.14300 0.008839340000 
0.14350 0.008602880000 
0.14400 0.008366420000 
0.14450 0.008139880000 
0.14500 0.007926740000 
0.14550 0.007713580000 
0.14600 0.007500440000 
0.14650 0.007299480000 
0.14700 0.007107340000 
0.14750 0.006915200000 
0.14800 0.006723040000 
0.14850 0.006544700000 
0.14900 0.006371580000 
0.14950 0.006198460000 
0.15000 0.006025340000 
0.15050 0.005866900000 
0.15100 0.005710840000 
0.15150 0.005554800000 
0.15200 0.005398760000 
0.15250 0.005257840000 
0.15300 0.005117200000 
0.15350 0.004976580000 
0.15400 0.004837240000 
0.15450 0.004710580000 
0.15500 0.004583920000 
0.15550 0.004457280000 
0.15600 0.004333020000 
0.15650 0.004218920000 
0.15700 0.004104820000 
0.15750 0.003990720000 
0.15800 0.003879760000 
0.15850 0.003776920000 
0.15900 0.003674100000 
0.15950 0.003571260000 
0.16000 0.003472040000 
0.16050 0.003379520000 
0.16100 0.003287000000 
0.16150 0.003194480000 
0.16200 0.003105760000 
0.16250 0.003022480000 
0.16300 0.002939200000 
0.16350 0.002855940000 
0.16400 0.002776480000 
0.16450 0.002701560000 
0.16500 0.002626640000 
0.16550 0.002551720000 
0.16600 0.002480520000 
0.16650 0.002413200000 
0.16700 0.002345880000 
0.16750 0.002278560000 
0.16800 0.002214680000 
0.16850 0.002154120000 
0.16900 0.002093560000 
0.16950 0.002033000000 
0.17000 0.001975604000 
0.17050 0.001921250000 
0.17100 0.001866898000 
0.17150 0.001812544000 
0.17200 0.001760944000 
0.17250 0.001712096000 
0.17300 0.001663248000 
0.17350 0.001614398000 
0.17400 0.001567928000 
0.17450 0.001524098000 
0.17500 0.001480268000 
0.17550 0.001436438000 
0.17600 0.001394588000 
0.17650 0.001355332000 
0.17700 0.001316074000 
0.17750 0.001276818000 
0.17800 0.001239102000 
0.17850 0.001203928000 
0.17900 0.001168752000 
0.17950 0.001133576000 
0.18000 0.001099522000 
0.18050 0.001067986000 
0.18100 0.001036450000 
0.18150 0.001004914000 
0.18200 0.000974120000 
0.18250 0.000945906000 
0.18300 0.000917692000 
0.18350 0.000889478000 
0.18400 0.000861644000 
0.18450 0.000836458000 
0.18500 0.000811272000 
0.18550 0.000786086000 
0.18600 0.000760942000 
0.18650 0.000738412000 
0.18700 0.000715882000 
0.18750 0.000693352000 
0.18800 0.000670824000 
0.18850 0.000650486000 
0.18900 0.000630416000 
0.18950 0.000610344000 
0.19000 0.000590272000 
0.19050 0.000571830000 
0.19100 0.000553904000 
0.19150 0.000535980000 
0.19200 0.000518056000 
0.19250 0.000501336000 
0.19300 0.000485374000 
0.19350 0.000469410000 
0.19400 0.000453448000 
0.19450 0.000438300000 
0.19500 0.000424098000 
0.19550 0.000409898000 
0.19600 0.000395696000 
0.19650 0.000381978000 
0.19700 0.000369358000 
0.19750 0.000356740000 
0.19800 0.000344120000 
0.19850 0.000331704000 
0.19900 0.000320504000 
0.19950 0.000309306000 
0.20000 0.000298106000 
0.20050 0.000286908000 
0.20100 0.000276932000 
0.20150 0.000266984000 
0.20200 0.000257038000 
0.20250 0.000247090000 
0.20300 0.000238092000 
0.20350 0.000229310000 
0.20400 0.000220528000 
0.20450 0.000211746000 
0.20500 0.000203622000 
0.20550 0.000195845000 
0.20600 0.000188067400 
0.20650 0.000180289800 
0.20700 0.000172983800 
0.20750 0.000166144800 
0.20800 0.000159305600 
0.20850 0.000152466600 
0.20900 0.000145918800 
0.20950 0.000139884600 
0.21000 0.000133850600 
0.21050 0.000127816400 
0.21100 0.000121953800 
0.21150 0.000116643200 
0.21200 0.000111332800 
0.21250 0.000106022200 
0.21300 0.000100802200 
0.21350 0.000096172000 
0.21400 0.000091541800 
0.21450 0.000086911600 
0.21500 0.000082313600 
0.21550 0.000078265800 
0.21600 0.000074218000 
0.21650 0.000070170200 
0.21700 0.000066127400 
0.21750 0.000062630200 
0.21800 0.000059132800 
0.21850 0.000055635400 
0.21900 0.000052139200 
0.21950 0.000049114200 
0.22000 0.000046089400 
0.22050 0.000043064400 
0.22100 0.000040057200 
0.22150 0.000037462800 
0.22200 0.000034868600 
0.22250 0.000032274200 
0.22300 0.000029735000 
0.22350 0.000027553000 
0.22400 0.000025371200 
0.22450 0.000023189400 
0.22500 0.000021111800 
0.22550 0.000019291680 
0.22600 0.000017471600 
0.22650 0.000015651500 
0.22700 0.000014009380 
0.22750 0.000012535440 
0.22800 0.000011061480 
0.22850 0.000009587540 
0.22900 0.000008383040 
0.22950 0.000007237000 
0.23000 0.000006090980 
0.23050 0.000005014660 
0.23100 0.000004183240 
0.23150 0.000003351820 
0.23200 0.000002520400 
0.23250 0.000001922162 
0.23300 0.000001412058 
0.23350 0.000000901952 
