0.00000 1627.698000000000 
0.00050 1477.184000000000 
0.00100 1326.670000000000 
0.00150 1176.156000000000 
0.00200 1025.644000000000 
0.00250 911.476000000000 
0.00300 808.154000000000 
0.00350 720.722000000000 
0.00400 647.986000000000 
0.00450 579.092000000000 
0.00500 526.716000000000 
0.00550 474.338000000000 
0.00600 432.882000000000 
0.00650 394.416000000000 
0.00700 359.014000000000 
0.00750 330.274000000000 
0.00800 301.536000000000 
0.00850 278.244000000000 
0.00900 256.448000000000 
0.00950 235.656000000000 
0.01000 218.906000000000 
0.01050 202.158000000000 
0.01100 187.504400000000 
0.01150 174.481200000000 
0.01200 161.457800000000 
0.01250 150.892400000000 
0.01300 140.659400000000 
0.01350 130.759600000000 
0.01400 122.643200000000 
0.01450 114.526600000000 
0.01500 107.053400000000 
0.01550 100.560800000000 
0.01600 94.068400000000 
0.01650 88.331000000000 
0.01700 83.097600000000 
0.01750 77.864200000000 
0.01800 73.391400000000 
0.01850 69.143600000000 
0.01900 64.895600000000 
0.01950 61.359200000000 
0.02000 57.889400000000 
0.02050 54.438200000000 
0.02100 51.587400000000 
0.02150 48.736600000000 
0.02200 45.946000000000 
0.02250 43.591400000000 
0.02300 41.237000000000 
0.02350 38.958000000000 
0.02400 37.004000000000 
0.02450 35.050000000000 
0.02500 33.172200000000 
0.02550 31.543400000000 
0.02600 29.914400000000 
0.02650 28.354600000000 
0.02700 26.991200000000 
0.02750 25.627800000000 
0.02800 24.322600000000 
0.02850 23.177000000000 
0.02900 22.031400000000 
0.02950 20.932000000000 
0.03000 19.966120000000 
0.03050 19.000340000000 
0.03100 18.068360000000 
0.03150 17.251500000000 
0.03200 16.434660000000 
0.03250 15.640280000000 
0.03300 14.947360000000 
0.03350 14.254440000000 
0.03400 13.573900000000 
0.03450 12.984460000000 
0.03500 12.395040000000 
0.03550 11.809300000000 
0.03600 11.306640000000 
0.03650 10.803980000000 
0.03700 10.301340000000 
0.03750 9.867980000000 
0.03800 9.438300000000 
0.03850 9.008620000000 
0.03900 8.630780000000 
0.03950 8.262660000000 
0.04000 7.894560000000 
0.04050 7.563920000000 
0.04100 7.247900000000 
0.04150 6.931900000000 
0.04200 6.641600000000 
0.04250 6.369800000000 
0.04300 6.097980000000 
0.04350 5.842320000000 
0.04400 5.608100000000 
0.04450 5.373900000000 
0.04500 5.148080000000 
0.04550 4.945920000000 
0.04600 4.743780000000 
0.04650 4.543800000000 
0.04700 4.369040000000 
0.04750 4.194280000000 
0.04800 4.019500000000 
0.04850 3.865440000000 
0.04900 3.714120000000 
0.04950 3.562800000000 
0.05000 3.424980000000 
0.05050 3.293760000000 
0.05100 3.162560000000 
0.05150 3.039040000000 
0.05200 2.925120000000 
0.05250 2.811180000000 
0.05300 2.700280000000 
0.05350 2.601240000000 
0.05400 2.502180000000 
0.05450 2.403120000000 
0.05500 2.316220000000 
0.05550 2.230000000000 
0.05600 2.143760000000 
0.05650 2.065020000000 
0.05700 1.989862000000 
0.05750 1.914710000000 
0.05800 1.843266000000 
0.05850 1.777690000000 
0.05900 1.712116000000 
0.05950 1.647240000000 
0.06000 1.589956000000 
0.06050 1.532670000000 
0.06100 1.475386000000 
0.06150 1.423610000000 
0.06200 1.373512000000 
0.06250 1.323412000000 
0.06300 1.276016000000 
0.06350 1.232158000000 
0.06400 1.188298000000 
0.06450 1.144896000000 
0.06500 1.106458000000 
0.06550 1.068020000000 
0.06600 1.029582000000 
0.06650 0.994540000000 
0.06700 0.960818000000 
0.06750 0.927098000000 
0.06800 0.894774000000 
0.06850 0.865160000000 
0.06900 0.835548000000 
0.06950 0.805934000000 
0.07000 0.779706000000 
0.07050 0.753676000000 
0.07100 0.727644000000 
0.07150 0.703286000000 
0.07200 0.680380000000 
0.07250 0.657476000000 
0.07300 0.634870000000 
0.07350 0.614696000000 
0.07400 0.594522000000 
0.07450 0.574348000000 
0.07500 0.555776000000 
0.07550 0.537990000000 
0.07600 0.520204000000 
0.07650 0.502868000000 
0.07700 0.487174000000 
0.07750 0.471480000000 
0.07800 0.455786000000 
0.07850 0.441458000000 
0.07900 0.427594000000 
0.07950 0.413732000000 
0.08000 0.400292000000 
0.08050 0.388036000000 
0.08100 0.375780000000 
0.08150 0.363524000000 
0.08200 0.352346000000 
0.08250 0.341502000000 
0.08300 0.330656000000 
0.08350 0.320124000000 
0.08400 0.310520000000 
0.08450 0.300914000000 
0.08500 0.291308000000 
0.08550 0.282496000000 
0.08600 0.273980000000 
0.08650 0.265464000000 
0.08700 0.257130000000 
0.08750 0.249574000000 
0.08800 0.242018000000 
0.08850 0.234464000000 
0.08900 0.227446000000 
0.08950 0.220736000000 
0.09000 0.214026000000 
0.09050 0.207370000000 
0.09100 0.201406000000 
0.09150 0.195440400000 
0.09200 0.189475800000 
0.09250 0.183838200000 
0.09300 0.178531800000 
0.09350 0.173225200000 
0.09400 0.167918600000 
0.09450 0.163140800000 
0.09500 0.158415800000 
0.09550 0.153691000000 
0.09600 0.149124800000 
0.09650 0.144914000000 
0.09700 0.140703000000 
0.09750 0.136492000000 
0.09800 0.132598600000 
0.09850 0.128843000000 
0.09900 0.125087400000 
0.09950 0.121362000000 
0.10000 0.118009600000 
0.10050 0.114657200000 
0.10100 0.111304800000 
0.10150 0.108110200000 
0.10200 0.105115200000 
0.10250 0.102120400000 
0.10300 0.099125400000 
0.10350 0.096383800000 
0.10400 0.093706000000 
0.10450 0.091028200000 
0.10500 0.088391600000 
0.10550 0.085995600000 
0.10600 0.083599600000 
0.10650 0.081203800000 
0.10700 0.078928600000 
0.10750 0.076783400000 
0.10800 0.074638000000 
0.10850 0.072492600000 
0.10900 0.070527800000 
0.10950 0.068605200000 
0.11000 0.066682800000 
0.11050 0.064785800000 
0.11100 0.063061800000 
0.11150 0.061337800000 
0.11200 0.059613600000 
0.11250 0.057967200000 
0.11300 0.056420200000 
0.11350 0.054873400000 
0.11400 0.053326600000 
0.11450 0.051896200000 
0.11500 0.050507000000 
0.11550 0.049117800000 
0.11600 0.047733200000 
0.11650 0.046485000000 
0.11700 0.045236800000 
0.11750 0.043988800000 
0.11800 0.042780200000 
0.11850 0.041658000000 
0.11900 0.040535800000 
0.11950 0.039413400000 
0.12000 0.038358000000 
0.12050 0.037348600000 
0.12100 0.036339200000 
0.12150 0.035329800000 
0.12200 0.034407000000 
0.12250 0.033498400000 
0.12300 0.032590000000 
0.12350 0.031692000000 
0.12400 0.030873600000 
0.12450 0.030055400000 
0.12500 0.029237000000 
0.12550 0.028448800000 
0.12600 0.027711600000 
0.12650 0.026974400000 
0.12700 0.026237200000 
0.12750 0.025544600000 
0.12800 0.024880200000 
0.12850 0.024215800000 
0.12900 0.023551400000 
0.12950 0.022942400000 
0.13000 0.022343200000 
0.13050 0.021744000000 
0.13100 0.021149200000 
0.13150 0.020608800000 
0.13200 0.020068400000 
0.13250 0.019527900000 
0.13300 0.019003060000 
0.13350 0.018515320000 
0.13400 0.018027600000 
0.13450 0.017539880000 
0.13500 0.017076180000 
0.13550 0.016635900000 
0.13600 0.016195620000 
0.13650 0.015755320000 
0.13700 0.015345420000 
0.13750 0.014948000000 
0.13800 0.014550580000 
0.13850 0.014153180000 
0.13900 0.013790480000 
0.13950 0.013431580000 
0.14000 0.013072660000 
0.14050 0.012716740000 
0.14100 0.012392680000 
0.14150 0.012068620000 
0.14200 0.011744580000 
0.14250 0.011428680000 
0.14300 0.011135940000 
0.14350 0.010843220000 
0.14400 0.010550480000 
0.14450 0.010269800000 
0.14500 0.010005340000 
0.14550 0.009740880000 
0.14600 0.009476440000 
0.14650 0.009226820000 
0.14700 0.008987920000 
0.14750 0.008749020000 
0.14800 0.008510120000 
0.14850 0.008288040000 
0.14900 0.008072340000 
0.14950 0.007856640000 
0.15000 0.007640920000 
0.15050 0.007443160000 
0.15100 0.007248320000 
0.15150 0.007053480000 
0.15200 0.006858640000 
0.15250 0.006682340000 
0.15300 0.006506380000 
0.15350 0.006330420000 
0.15400 0.006156040000 
0.15450 0.005997260000 
0.15500 0.005838460000 
0.15550 0.005679680000 
0.15600 0.005523840000 
0.15650 0.005380500000 
0.15700 0.005237160000 
0.15750 0.005093800000 
0.15800 0.004954320000 
0.15850 0.004824860000 
0.15900 0.004695420000 
0.15950 0.004565960000 
0.16000 0.004440980000 
0.16050 0.004324280000 
0.16100 0.004207580000 
0.16150 0.004090860000 
0.16200 0.003978880000 
0.16250 0.003873620000 
0.16300 0.003768380000 
0.16350 0.003663140000 
0.16400 0.003562640000 
0.16450 0.003467760000 
0.16500 0.003372900000 
0.16550 0.003278020000 
0.16600 0.003187780000 
0.16650 0.003102380000 
0.16700 0.003016980000 
0.16750 0.002931580000 
0.16800 0.002850460000 
0.16850 0.002773480000 
0.16900 0.002696500000 
0.16950 0.002619520000 
0.17000 0.002546500000 
0.17050 0.002477300000 
0.17100 0.002408080000 
0.17150 0.002338860000 
0.17200 0.002273100000 
0.17250 0.002210780000 
0.17300 0.002148460000 
0.17350 0.002086140000 
0.17400 0.002026800000 
0.17450 0.001970786000 
0.17500 0.001914766000 
0.17550 0.001858746000 
0.17600 0.001805220000 
0.17650 0.001754960000 
0.17700 0.001704698000 
0.17750 0.001654438000 
0.17800 0.001606120000 
0.17850 0.001561006000 
0.17900 0.001515892000 
0.17950 0.001470778000 
0.18000 0.001427076000 
0.18050 0.001386558000 
0.18100 0.001346042000 
0.18150 0.001305524000 
0.18200 0.001265944000 
0.18250 0.001229632000 
0.18300 0.001193320000 
0.18350 0.001157008000 
0.18400 0.001121180000 
0.18450 0.001088714000 
0.18500 0.001056248000 
0.18550 0.001023782000 
0.18600 0.000991366000 
0.18650 0.000962274000 
0.18700 0.000933182000 
0.18750 0.000904092000 
0.18800 0.000875000000 
0.18850 0.000848704000 
0.18900 0.000822746000 
0.18950 0.000796788000 
0.19000 0.000770830000 
0.19050 0.000746950000 
0.19100 0.000723730000 
0.19150 0.000700512000 
0.19200 0.000677292000 
0.19250 0.000655614000 
0.19300 0.000634904000 
0.19350 0.000614194000 
0.19400 0.000593482000 
0.19450 0.000573818000 
0.19500 0.000555364000 
0.19550 0.000536912000 
0.19600 0.000518458000 
0.19650 0.000500624000 
0.19700 0.000484204000 
0.19750 0.000467782000 
0.19800 0.000451360000 
0.19850 0.000435198000 
0.19900 0.000420604000 
0.19950 0.000406008000 
0.20000 0.000391414000 
0.20050 0.000376818000 
0.20100 0.000363798000 
0.20150 0.000350814000 
0.20200 0.000337832000 
0.20250 0.000324848000 
0.20300 0.000313090000 
0.20350 0.000301612000 
0.20400 0.000290134000 
0.20450 0.000278658000 
0.20500 0.000268030000 
0.20550 0.000257848000 
0.20600 0.000247668000 
0.20650 0.000237488000 
0.20700 0.000227920000 
0.20750 0.000218956000 
0.20800 0.000209992000 
0.20850 0.000201030000 
0.20900 0.000192443200 
0.20950 0.000184523600 
0.21000 0.000176603800 
0.21050 0.000168684000 
0.21100 0.000160987200 
0.21150 0.000154007600 
0.21200 0.000147028000 
0.21250 0.000140048400 
0.21300 0.000133186800 
0.21350 0.000127093600 
0.21400 0.000121000600 
0.21450 0.000114907400 
0.21500 0.000108856400 
0.21550 0.000103522600 
0.21600 0.000098188600 
0.21650 0.000092854800 
0.21700 0.000087527800 
0.21750 0.000082913600 
0.21800 0.000078299400 
0.21850 0.000073685400 
0.21900 0.000069072600 
0.21950 0.000065076800 
0.22000 0.000061080800 
0.22050 0.000057084800 
0.22100 0.000053112000 
0.22150 0.000049680600 
0.22200 0.000046249200 
0.22250 0.000042817600 
0.22300 0.000039458600 
0.22350 0.000036569400 
0.22400 0.000033680200 
0.22450 0.000030791000 
0.22500 0.000028038800 
0.22550 0.000025625800 
0.22600 0.000023212600 
0.22650 0.000020799400 
0.22700 0.000018621160 
0.22750 0.000016664700 
0.22800 0.000014708260 
0.22850 0.000012751800 
0.22900 0.000011151580 
0.22950 0.000009628660 
0.23000 0.000008105740 
0.23050 0.000006675200 
0.23100 0.000005569120 
0.23150 0.000004463040 
0.23200 0.000003356960 
0.23250 0.000002560560 
0.23300 0.000001881232 
0.23350 0.000001201896 
