0.00000 1600.466000000000 
0.00050 1451.446000000000 
0.00100 1302.428000000000 
0.00150 1153.410000000000 
0.00200 1004.392000000000 
0.00250 891.936000000000 
0.00300 790.386000000000 
0.00350 704.608000000000 
0.00400 633.418000000000 
0.00450 566.014000000000 
0.00500 514.874000000000 
0.00550 463.736000000000 
0.00600 423.302000000000 
0.00650 385.796000000000 
0.00700 351.284000000000 
0.00750 323.282000000000 
0.00800 295.280000000000 
0.00850 272.586000000000 
0.00900 251.352000000000 
0.00950 231.092000000000 
0.01000 214.770000000000 
0.01050 198.448000000000 
0.01100 184.164400000000 
0.01150 171.465800000000 
0.01200 158.767200000000 
0.01250 148.458200000000 
0.01300 138.472400000000 
0.01350 128.810800000000 
0.01400 120.882800000000 
0.01450 112.954600000000 
0.01500 105.652000000000 
0.01550 99.303000000000 
0.01600 92.954200000000 
0.01650 87.340000000000 
0.01700 82.216000000000 
0.01750 77.091800000000 
0.01800 72.708200000000 
0.01850 68.543400000000 
0.01900 64.378800000000 
0.01950 60.907200000000 
0.02000 57.500200000000 
0.02050 54.111600000000 
0.02100 51.308600000000 
0.02150 48.505400000000 
0.02200 45.760800000000 
0.02250 43.442000000000 
0.02300 41.123200000000 
0.02350 38.878200000000 
0.02400 36.950600000000 
0.02450 35.023200000000 
0.02500 33.170200000000 
0.02550 31.560800000000 
0.02600 29.951200000000 
0.02650 28.409400000000 
0.02700 27.060000000000 
0.02750 25.710600000000 
0.02800 24.418200000000 
0.02850 23.282400000000 
0.02900 22.146600000000 
0.02950 21.056000000000 
0.03000 20.096800000000 
0.03050 19.137560000000 
0.03100 18.211560000000 
0.03150 17.398800000000 
0.03200 16.586060000000 
0.03250 15.795440000000 
0.03300 15.104740000000 
0.03350 14.414040000000 
0.03400 13.735560000000 
0.03450 13.146960000000 
0.03500 12.558360000000 
0.03550 11.973400000000 
0.03600 11.470520000000 
0.03650 10.967660000000 
0.03700 10.464780000000 
0.03750 10.030480000000 
0.03800 9.599840000000 
0.03850 9.169180000000 
0.03900 8.789900000000 
0.03950 8.420260000000 
0.04000 8.050640000000 
0.04050 7.718200000000 
0.04100 7.400280000000 
0.04150 7.082380000000 
0.04200 6.790020000000 
0.04250 6.516080000000 
0.04300 6.242120000000 
0.04350 5.984240000000 
0.04400 5.747740000000 
0.04450 5.511240000000 
0.04500 5.283120000000 
0.04550 5.078600000000 
0.04600 4.874080000000 
0.04650 4.671760000000 
0.04700 4.494620000000 
0.04750 4.317480000000 
0.04800 4.140320000000 
0.04850 3.983920000000 
0.04900 3.830260000000 
0.04950 3.676580000000 
0.05000 3.536460000000 
0.05050 3.402960000000 
0.05100 3.269480000000 
0.05150 3.143700000000 
0.05200 3.027580000000 
0.05250 2.911440000000 
0.05300 2.798360000000 
0.05350 2.697220000000 
0.05400 2.596060000000 
0.05450 2.494900000000 
0.05500 2.405980000000 
0.05550 2.317760000000 
0.05600 2.229540000000 
0.05650 2.148860000000 
0.05700 2.071840000000 
0.05750 1.994798000000 
0.05800 1.921514000000 
0.05850 1.854168000000 
0.05900 1.786822000000 
0.05950 1.720188000000 
0.06000 1.661246000000 
0.06050 1.602306000000 
0.06100 1.543364000000 
0.06150 1.490018000000 
0.06200 1.438376000000 
0.06250 1.386734000000 
0.06300 1.337840000000 
0.06350 1.292544000000 
0.06400 1.247250000000 
0.06450 1.202420000000 
0.06500 1.162650000000 
0.06550 1.122880000000 
0.06600 1.083110000000 
0.06650 1.046808000000 
0.06700 1.011854000000 
0.06750 0.976900000000 
0.06800 0.943376000000 
0.06850 0.912624000000 
0.06900 0.881872000000 
0.06950 0.851120000000 
0.07000 0.823836000000 
0.07050 0.796754000000 
0.07100 0.769672000000 
0.07150 0.744308000000 
0.07200 0.720434000000 
0.07250 0.696560000000 
0.07300 0.672996000000 
0.07350 0.651932000000 
0.07400 0.630866000000 
0.07450 0.609802000000 
0.07500 0.590386000000 
0.07550 0.571782000000 
0.07600 0.553176000000 
0.07650 0.535036000000 
0.07700 0.518590000000 
0.07750 0.502142000000 
0.07800 0.485696000000 
0.07850 0.470662000000 
0.07900 0.456108000000 
0.07950 0.441556000000 
0.08000 0.427438000000 
0.08050 0.414550000000 
0.08100 0.401660000000 
0.08150 0.388772000000 
0.08200 0.377000000000 
0.08250 0.365574000000 
0.08300 0.354148000000 
0.08350 0.343048000000 
0.08400 0.332910000000 
0.08450 0.322772000000 
0.08500 0.312634000000 
0.08550 0.303320000000 
0.08600 0.294316000000 
0.08650 0.285314000000 
0.08700 0.276498000000 
0.08750 0.268496000000 
0.08800 0.260494000000 
0.08850 0.252492000000 
0.08900 0.245052000000 
0.08950 0.237932000000 
0.09000 0.230812000000 
0.09050 0.223748000000 
0.09100 0.217410000000 
0.09150 0.211070000000 
0.09200 0.204730000000 
0.09250 0.198733000000 
0.09300 0.193083200000 
0.09350 0.187433200000 
0.09400 0.181783400000 
0.09450 0.176688200000 
0.09500 0.171649000000 
0.09550 0.166609800000 
0.09600 0.161737400000 
0.09650 0.157238400000 
0.09700 0.152739400000 
0.09750 0.148240600000 
0.09800 0.144076000000 
0.09850 0.140056800000 
0.09900 0.136037600000 
0.09950 0.132050200000 
0.10000 0.128456200000 
0.10050 0.124862400000 
0.10100 0.121268400000 
0.10150 0.117841400000 
0.10200 0.114625200000 
0.10250 0.111409200000 
0.10300 0.108193000000 
0.10350 0.105245000000 
0.10400 0.102364600000 
0.10450 0.099484400000 
0.10500 0.096647400000 
0.10550 0.094066000000 
0.10600 0.091484400000 
0.10650 0.088902800000 
0.10700 0.086449600000 
0.10750 0.084134200000 
0.10800 0.081818800000 
0.10850 0.079503400000 
0.10900 0.077380000000 
0.10950 0.075301800000 
0.11000 0.073223400000 
0.11050 0.071172200000 
0.11100 0.069305400000 
0.11150 0.067438400000 
0.11200 0.065571400000 
0.11250 0.063787400000 
0.11300 0.062109600000 
0.11350 0.060431800000 
0.11400 0.058754000000 
0.11450 0.057200800000 
0.11500 0.055691600000 
0.11550 0.054182400000 
0.11600 0.052677800000 
0.11650 0.051319600000 
0.11700 0.049961400000 
0.11750 0.048603200000 
0.11800 0.047287600000 
0.11850 0.046064400000 
0.11900 0.044841200000 
0.11950 0.043617800000 
0.12000 0.042466400000 
0.12050 0.041364400000 
0.12100 0.040262600000 
0.12150 0.039160600000 
0.12200 0.038151800000 
0.12250 0.037158400000 
0.12300 0.036164800000 
0.12350 0.035182800000 
0.12400 0.034286600000 
0.12450 0.033390400000 
0.12500 0.032494200000 
0.12550 0.031630400000 
0.12600 0.030821800000 
0.12650 0.030013000000 
0.12700 0.029204400000 
0.12750 0.028444000000 
0.12800 0.027714000000 
0.12850 0.026984000000 
0.12900 0.026254000000 
0.12950 0.025584000000 
0.13000 0.024924800000 
0.13050 0.024265400000 
0.13100 0.023611000000 
0.13150 0.023015200000 
0.13200 0.022419600000 
0.13250 0.021824000000 
0.13300 0.021245400000 
0.13350 0.020707000000 
0.13400 0.020168600000 
0.13450 0.019630340000 
0.13500 0.019118140000 
0.13550 0.018631400000 
0.13600 0.018144660000 
0.13650 0.017657920000 
0.13700 0.017204300000 
0.13750 0.016764300000 
0.13800 0.016324280000 
0.13850 0.015884280000 
0.13900 0.015482180000 
0.13950 0.015084180000 
0.14000 0.014686200000 
0.14050 0.014291500000 
0.14100 0.013931640000 
0.14150 0.013571760000 
0.14200 0.013211900000 
0.14250 0.012860980000 
0.14300 0.012535400000 
0.14350 0.012209840000 
0.14400 0.011884260000 
0.14450 0.011571920000 
0.14500 0.011277360000 
0.14550 0.010982820000 
0.14600 0.010688260000 
0.14650 0.010410020000 
0.14700 0.010143540000 
0.14750 0.009877040000 
0.14800 0.009610560000 
0.14850 0.009362600000 
0.14900 0.009121660000 
0.14950 0.008880700000 
0.15000 0.008639760000 
0.15050 0.008418560000 
0.15100 0.008200620000 
0.15150 0.007982660000 
0.15200 0.007764700000 
0.15250 0.007567200000 
0.15300 0.007370080000 
0.15350 0.007172960000 
0.15400 0.006977600000 
0.15450 0.006799460000 
0.15500 0.006621340000 
0.15550 0.006443200000 
0.15600 0.006268360000 
0.15650 0.006107320000 
0.15700 0.005946300000 
0.15750 0.005785280000 
0.15800 0.005628520000 
0.15850 0.005482900000 
0.15900 0.005337260000 
0.15950 0.005191640000 
0.16000 0.005050980000 
0.16050 0.004919520000 
0.16100 0.004788060000 
0.16150 0.004656600000 
0.16200 0.004530380000 
0.16250 0.004411680000 
0.16300 0.004292960000 
0.16350 0.004174260000 
0.16400 0.004060820000 
0.16450 0.003953680000 
0.16500 0.003846520000 
0.16550 0.003739380000 
0.16600 0.003637400000 
0.16650 0.003540820000 
0.16700 0.003444240000 
0.16750 0.003347660000 
0.16800 0.003255860000 
0.16850 0.003168680000 
0.16900 0.003081520000 
0.16950 0.002994340000 
0.17000 0.002911620000 
0.17050 0.002833140000 
0.17100 0.002754660000 
0.17150 0.002676200000 
0.17200 0.002601580000 
0.17250 0.002530840000 
0.17300 0.002460080000 
0.17350 0.002389340000 
0.17400 0.002321940000 
0.17450 0.002258260000 
0.17500 0.002194580000 
0.17550 0.002130900000 
0.17600 0.002070040000 
0.17650 0.002012840000 
0.17700 0.001955642000 
0.17750 0.001898444000 
0.17800 0.001843436000 
0.17850 0.001792034000 
0.17900 0.001740632000 
0.17950 0.001689230000 
0.18000 0.001639420000 
0.18050 0.001593200000 
0.18100 0.001546978000 
0.18150 0.001500756000 
0.18200 0.001455596000 
0.18250 0.001414124000 
0.18300 0.001372652000 
0.18350 0.001331182000 
0.18400 0.001290256000 
0.18450 0.001253136000 
0.18500 0.001216016000 
0.18550 0.001178894000 
0.18600 0.001141832000 
0.18650 0.001108532000 
0.18700 0.001075230000 
0.18750 0.001041930000 
0.18800 0.001008630000 
0.18850 0.000978502000 
0.18900 0.000948756000 
0.18950 0.000919010000 
0.19000 0.000889264000 
0.19050 0.000861876000 
0.19100 0.000835240000 
0.19150 0.000808602000 
0.19200 0.000781966000 
0.19250 0.000757082000 
0.19300 0.000733296000 
0.19350 0.000709512000 
0.19400 0.000685728000 
0.19450 0.000663132000 
0.19500 0.000641918000 
0.19550 0.000620704000 
0.19600 0.000599490000 
0.19650 0.000578982000 
0.19700 0.000560084000 
0.19750 0.000541186000 
0.19800 0.000522286000 
0.19850 0.000503684000 
0.19900 0.000486872000 
0.19950 0.000470058000 
0.20000 0.000453244000 
0.20050 0.000436430000 
0.20100 0.000421416000 
0.20150 0.000406444000 
0.20200 0.000391472000 
0.20250 0.000376498000 
0.20300 0.000362930000 
0.20350 0.000349680000 
0.20400 0.000336432000 
0.20450 0.000323184000 
0.20500 0.000310908000 
0.20550 0.000299146000 
0.20600 0.000287384000 
0.20650 0.000275620000 
0.20700 0.000264560000 
0.20750 0.000254194000 
0.20800 0.000243826000 
0.20850 0.000233460000 
0.20900 0.000223528000 
0.20950 0.000214360000 
0.21000 0.000205192000 
0.21050 0.000196023200 
0.21100 0.000187111200 
0.21150 0.000179023600 
0.21200 0.000170936200 
0.21250 0.000162848600 
0.21300 0.000154897000 
0.21350 0.000147830600 
0.21400 0.000140764200 
0.21450 0.000133697800 
0.21500 0.000126679600 
0.21550 0.000120488000 
0.21600 0.000114296400 
0.21650 0.000108104800 
0.21700 0.000101921000 
0.21750 0.000096560200 
0.21800 0.000091199600 
0.21850 0.000085838800 
0.21900 0.000080479800 
0.21950 0.000075833200 
0.22000 0.000071186600 
0.22050 0.000066539800 
0.22100 0.000061920000 
0.22150 0.000057926400 
0.22200 0.000053932600 
0.22250 0.000049938800 
0.22300 0.000046029000 
0.22350 0.000042663600 
0.22400 0.000039298200 
0.22450 0.000035933000 
0.22500 0.000032726600 
0.22550 0.000029913400 
0.22600 0.000027100200 
0.22650 0.000024287000 
0.22700 0.000021746600 
0.22750 0.000019464040 
0.22800 0.000017181400 
0.22850 0.000014898760 
0.22900 0.000013030580 
0.22950 0.000011252360 
0.23000 0.000009474140 
0.23050 0.000007803560 
0.23100 0.000006511040 
0.23150 0.000005218540 
0.23200 0.000003926020 
0.23250 0.000002994960 
0.23300 0.000002200540 
0.23350 0.000001406100 
