0.00000 140.440000000000 
0.00050 121.181400000000 
0.00100 101.922600000000 
0.00150 82.664000000000 
0.00200 63.405400000000 
0.00250 51.078200000000 
0.00300 40.819000000000 
0.00350 32.913200000000 
0.00400 27.184000000000 
0.00450 21.907400000000 
0.00500 18.575420000000 
0.00550 15.243380000000 
0.00600 12.953220000000 
0.00650 10.948160000000 
0.00700 9.183520000000 
0.00750 7.941620000000 
0.00800 6.699700000000 
0.00850 5.813400000000 
0.00900 5.024880000000 
0.00950 4.291340000000 
0.01000 3.779760000000 
0.01050 3.268200000000 
0.01100 2.854160000000 
0.01150 2.515920000000 
0.01200 2.177700000000 
0.01250 1.937112000000 
0.01300 1.709720000000 
0.01350 1.493702000000 
0.01400 1.338524000000 
0.01450 1.183346000000 
0.01500 1.047120000000 
0.01550 0.939794000000 
0.01600 0.832466000000 
0.01650 0.744450000000 
0.01700 0.669316000000 
0.01750 0.594180000000 
0.01800 0.535990000000 
0.01850 0.482812000000 
0.01900 0.429632000000 
0.01950 0.390318000000 
0.02000 0.352302000000 
0.02050 0.314604000000 
0.02100 0.287178000000 
0.02150 0.259750000000 
0.02200 0.233228000000 
0.02250 0.213274000000 
0.02300 0.193319800000 
0.02350 0.174370600000 
0.02400 0.159742000000 
0.02450 0.145113200000 
0.02500 0.131382600000 
0.02550 0.120581400000 
0.02600 0.109780000000 
0.02650 0.099701200000 
0.02700 0.091673200000 
0.02750 0.083645400000 
0.02800 0.076158400000 
0.02850 0.070155400000 
0.02900 0.064152400000 
0.02950 0.058530000000 
0.03000 0.054015800000 
0.03050 0.049501400000 
0.03100 0.045236800000 
0.03150 0.041824200000 
0.03200 0.038411400000 
0.03250 0.035147200000 
0.03300 0.032554600000 
0.03350 0.029961800000 
0.03400 0.027442600000 
0.03450 0.025463800000 
0.03500 0.023485000000 
0.03550 0.021525800000 
0.03600 0.020009000000 
0.03650 0.018492280000 
0.03700 0.016975520000 
0.03750 0.015790580000 
0.03800 0.014623260000 
0.03850 0.013455920000 
0.03900 0.012512100000 
0.03950 0.011610280000 
0.04000 0.010708460000 
0.04050 0.009952300000 
0.04100 0.009253080000 
0.04150 0.008553860000 
0.04200 0.007944900000 
0.04250 0.007400920000 
0.04300 0.006856960000 
0.04350 0.006364200000 
0.04400 0.005939640000 
0.04450 0.005515060000 
0.04500 0.005114640000 
0.04550 0.004782260000 
0.04600 0.004449860000 
0.04650 0.004123200000 
0.04700 0.003862220000 
0.04750 0.003601240000 
0.04800 0.003340260000 
0.04850 0.003128300000 
0.04900 0.002922820000 
0.04950 0.002717340000 
0.05000 0.002540900000 
0.05050 0.002378700000 
0.05100 0.002216480000 
0.05150 0.002069320000 
0.05200 0.001940922000 
0.05250 0.001812534000 
0.05300 0.001689538000 
0.05350 0.001587676000 
0.05400 0.001485812000 
0.05450 0.001383948000 
0.05500 0.001301822000 
0.05550 0.001220812000 
0.05600 0.001139802000 
0.05650 0.001069880000 
0.05700 0.001005308000 
0.05750 0.000940736000 
0.05800 0.000881192000 
0.05850 0.000829608000 
0.05900 0.000778026000 
0.05950 0.000727312000 
0.06000 0.000686016000 
0.06050 0.000644720000 
0.06100 0.000603426000 
0.06150 0.000568390000 
0.06200 0.000535262000 
0.06250 0.000502134000 
0.06300 0.000471820000 
0.06350 0.000445192000 
0.06400 0.000418562000 
0.06450 0.000392368000 
0.06500 0.000370920000 
0.06550 0.000349472000 
0.06600 0.000328026000 
0.06650 0.000309558000 
0.06700 0.000292250000 
0.06750 0.000274942000 
0.06800 0.000258762000 
0.06850 0.000244770000 
0.06900 0.000230776000 
0.06950 0.000216784000 
0.07000 0.000205304000 
0.07050 0.000193970400 
0.07100 0.000182636400 
0.07150 0.000172446800 
0.07200 0.000163250000 
0.07250 0.000154053400 
0.07300 0.000145046400 
0.07350 0.000137570600 
0.07400 0.000130095000 
0.07450 0.000122619400 
0.07500 0.000116074200 
0.07550 0.000109987000 
0.07600 0.000103899600 
0.07650 0.000098054000 
0.07700 0.000093089000 
0.07750 0.000088123800 
0.07800 0.000083158600 
0.07850 0.000078871200 
0.07900 0.000074814600 
0.07950 0.000070758000 
0.08000 0.000066894400 
0.08050 0.000063574600 
0.08100 0.000060254800 
0.08150 0.000056934800 
0.08200 0.000054072600 
0.08250 0.000051351200 
0.08300 0.000048630000 
0.08350 0.000046031800 
0.08400 0.000043797400 
0.08450 0.000041563200 
0.08500 0.000039329000 
0.08550 0.000037383600 
0.08600 0.000035546400 
0.08650 0.000033709200 
0.08700 0.000031933200 
0.08750 0.000030420200 
0.08800 0.000028907000 
0.08850 0.000027394000 
0.08900 0.000026049800 
0.08950 0.000024801800 
0.09000 0.000023553800 
0.09050 0.000022321600 
0.09100 0.000021290600 
0.09150 0.000020259600 
0.09200 0.000019228740 
0.09250 0.000018286280 
0.09300 0.000017433360 
0.09350 0.000016580460 
0.09400 0.000015727560 
0.09450 0.000015007580 
0.09500 0.000014300980 
0.09550 0.000013594360 
0.09600 0.000012924900 
0.09650 0.000012338640 
0.09700 0.000011752380 
0.09750 0.000011166140 
0.09800 0.000010649040 
0.09850 0.000010161980 
0.09900 0.000009674900 
0.09950 0.000009193960 
0.10000 0.000008788740 
0.10050 0.000008383520 
0.10100 0.000007978300 
0.10150 0.000007602960 
0.10200 0.000007265380 
0.10250 0.000006927800 
0.10300 0.000006590220 
0.10350 0.000006297340 
0.10400 0.000006015740 
0.10450 0.000005734140 
0.10500 0.000005459280 
0.10550 0.000005224060 
0.10600 0.000004988860 
0.10650 0.000004753640 
0.10700 0.000004537000 
0.10750 0.000004340280 
0.10800 0.000004143580 
0.10850 0.000003946860 
0.10900 0.000003776080 
0.10950 0.000003611360 
0.11000 0.000003446640 
0.11050 0.000003285360 
0.11100 0.000003147260 
0.11150 0.000003009180 
0.11200 0.000002871100 
0.11250 0.000002742720 
0.11300 0.000002626820 
0.11350 0.000002510920 
0.11400 0.000002395020 
0.11450 0.000002292800 
0.11500 0.000002195400 
0.11550 0.000002098020 
0.11600 0.000002001100 
0.11650 0.000001919176 
0.11700 0.000001837250 
0.11750 0.000001755322 
0.11800 0.000001677472 
0.11850 0.000001608480 
0.11900 0.000001539486 
0.11950 0.000001470492 
0.12000 0.000001407902 
0.12050 0.000001349742 
0.12100 0.000001291580 
0.12150 0.000001233420 
0.12200 0.000001183058 
0.12250 0.000001133978 
0.12300 0.000001084900 
0.12350 0.000001036722 
0.12400 0.000000995266 
0.12450 0.000000953810 
0.12500 0.000000912354 
0.12550 0.000000873268 
0.12600 0.000000838220 
0.12650 0.000000803170 
0.12700 0.000000768120 
0.12750 0.000000736378 
0.12800 0.000000706720 
0.12850 0.000000677060 
0.12900 0.000000647402 
0.12950 0.000000621596 
0.13000 0.000000596476 
0.13050 0.000000571356 
0.13100 0.000000546530 
0.13150 0.000000525236 
0.13200 0.000000503944 
0.13250 0.000000482650 
0.13300 0.000000462314 
0.13350 0.000000444250 
0.13400 0.000000426186 
0.13450 0.000000408124 
0.13500 0.000000391442 
0.13550 0.000000376106 
0.13600 0.000000360772 
0.13650 0.000000345436 
0.13700 0.000000331736 
0.13750 0.000000318708 
0.13800 0.000000305680 
0.13850 0.000000292654 
0.13900 0.000000281386 
0.13950 0.000000270310 
0.14000 0.000000259236 
0.14050 0.000000248302 
0.14100 0.000000238880 
0.14150 0.000000229460 
0.14200 0.000000220038 
0.14250 0.000000210982 
0.14300 0.000000202964 
0.14350 0.000000194944 
0.14400 0.000000186925 
0.14450 0.000000179412 
0.14500 0.000000172583 
0.14550 0.000000165753 
0.14600 0.000000158923 
0.14650 0.000000152680 
0.14700 0.000000146860 
0.14750 0.000000141041 
0.14800 0.000000135221 
0.14850 0.000000130024 
0.14900 0.000000125063 
0.14950 0.000000120102 
0.15000 0.000000115141 
0.15050 0.000000110807 
0.15100 0.000000106575 
0.15150 0.000000102344 
0.15200 0.000000098112 
0.15250 0.000000094491 
0.15300 0.000000090880 
0.15350 0.000000087270 
0.15400 0.000000083708 
0.15450 0.000000080627 
0.15500 0.000000077545 
0.15550 0.000000074464 
0.15600 0.000000071468 
0.15650 0.000000068837 
0.15700 0.000000066206 
0.15750 0.000000063575 
0.15800 0.000000061050 
0.15850 0.000000058802 
0.15900 0.000000056554 
0.15950 0.000000054306 
0.16000 0.000000052174 
0.16050 0.000000050253 
0.16100 0.000000048333 
0.16150 0.000000046413 
0.16200 0.000000044608 
0.16250 0.000000042967 
0.16300 0.000000041326 
0.16350 0.000000039685 
0.16400 0.000000038153 
0.16450 0.000000036750 
0.16500 0.000000035348 
0.16550 0.000000033945 
0.16600 0.000000032642 
0.16650 0.000000031443 
0.16700 0.000000030244 
0.16750 0.000000029046 
0.16800 0.000000027935 
0.16850 0.000000026909 
0.16900 0.000000025884 
0.16950 0.000000024859 
0.17000 0.000000023909 
0.17050 0.000000023033 
0.17100 0.000000022156 
0.17150 0.000000021279 
0.17200 0.000000020466 
0.17250 0.000000019716 
0.17300 0.000000018966 
0.17350 0.000000018216 
0.17400 0.000000017518 
0.17450 0.000000016876 
0.17500 0.000000016235 
0.17550 0.000000015593 
0.17600 0.000000014992 
0.17650 0.000000014443 
0.17700 0.000000013895 
0.17750 0.000000013347 
0.17800 0.000000012828 
0.17850 0.000000012359 
0.17900 0.000000011890 
0.17950 0.000000011421 
0.18000 0.000000010972 
0.18050 0.000000010571 
0.18100 0.000000010169 
0.18150 0.000000009768 
0.18200 0.000000009379 
0.18250 0.000000009036 
0.18300 0.000000008692 
0.18350 0.000000008349 
0.18400 0.000000008012 
0.18450 0.000000007718 
0.18500 0.000000007425 
0.18550 0.000000007131 
0.18600 0.000000006838 
0.18650 0.000000006587 
0.18700 0.000000006336 
0.18750 0.000000006085 
0.18800 0.000000005834 
0.18850 0.000000005615 
0.18900 0.000000005400 
0.18950 0.000000005186 
0.19000 0.000000004971 
0.19050 0.000000004780 
0.19100 0.000000004597 
0.19150 0.000000004413 
0.19200 0.000000004229 
0.19250 0.000000004062 
0.19300 0.000000003905 
0.19350 0.000000003748 
0.19400 0.000000003591 
0.19450 0.000000003445 
0.19500 0.000000003311 
0.19550 0.000000003177 
0.19600 0.000000003043 
0.19650 0.000000002915 
0.19700 0.000000002800 
0.19750 0.000000002686 
0.19800 0.000000002571 
0.19850 0.000000002459 
0.19900 0.000000002361 
0.19950 0.000000002264 
0.20000 0.000000002166 
0.20050 0.000000002068 
0.20100 0.000000001984 
0.20150 0.000000001901 
0.20200 0.000000001817 
0.20250 0.000000001734 
0.20300 0.000000001660 
0.20350 0.000000001589 
0.20400 0.000000001518 
0.20450 0.000000001447 
0.20500 0.000000001383 
0.20550 0.000000001322 
0.20600 0.000000001262 
0.20650 0.000000001201 
0.20700 0.000000001145 
0.20750 0.000000001094 
0.20800 0.000000001042 
0.20850 0.000000000991 
0.20900 0.000000000942 
0.20950 0.000000000898 
0.21000 0.000000000854 
0.21050 0.000000000810 
0.21100 0.000000000768 
0.21150 0.000000000731 
0.21200 0.000000000694 
0.21250 0.000000000656 
0.21300 0.000000000620 
0.21350 0.000000000589 
0.21400 0.000000000557 
0.21450 0.000000000526 
0.21500 0.000000000495 
0.21550 0.000000000468 
0.21600 0.000000000442 
0.21650 0.000000000415 
0.21700 0.000000000388 
0.21750 0.000000000366 
0.21800 0.000000000344 
0.21850 0.000000000322 
0.21900 0.000000000300 
0.21950 0.000000000281 
0.22000 0.000000000262 
0.22050 0.000000000244 
0.22100 0.000000000225 
0.22150 0.000000000210 
0.22200 0.000000000194 
0.22250 0.000000000179 
0.22300 0.000000000164 
0.22350 0.000000000151 
0.22400 0.000000000138 
0.22450 0.000000000126 
0.22500 0.000000000114 
0.22550 0.000000000104 
0.22600 0.000000000093 
0.22650 0.000000000083 
0.22700 0.000000000074 
0.22750 0.000000000066 
0.22800 0.000000000058 
0.22850 0.000000000050 
0.22900 0.000000000043 
0.22950 0.000000000037 
0.23000 0.000000000031 
0.23050 0.000000000026 
0.23100 0.000000000021 
0.23150 0.000000000017 
0.23200 0.000000000013 
0.23250 0.000000000010 
0.23300 0.000000000007 
0.23350 0.000000000004 
