0.00000 1476.800000000000 
0.00050 1338.332000000000 
0.00100 1199.862000000000 
0.00150 1061.394000000000 
0.00200 922.924000000000 
0.00250 818.996000000000 
0.00300 725.372000000000 
0.00350 646.436000000000 
0.00400 581.086000000000 
0.00450 519.234000000000 
0.00500 472.406000000000 
0.00550 425.578000000000 
0.00600 388.588000000000 
0.00650 354.288000000000 
0.00700 322.732000000000 
0.00750 297.138000000000 
0.00800 271.544000000000 
0.00850 250.802000000000 
0.00900 231.394000000000 
0.00950 212.876000000000 
0.01000 197.950200000000 
0.01050 183.025000000000 
0.01100 169.959400000000 
0.01150 158.339400000000 
0.01200 146.719400000000 
0.01250 137.278200000000 
0.01300 128.131800000000 
0.01350 119.281000000000 
0.01400 112.010800000000 
0.01450 104.740600000000 
0.01500 98.041000000000 
0.01550 92.211200000000 
0.01600 86.381400000000 
0.01650 81.222400000000 
0.01700 76.510600000000 
0.01750 71.798800000000 
0.01800 67.763200000000 
0.01850 63.927600000000 
0.01900 60.092000000000 
0.01950 56.890000000000 
0.02000 53.747400000000 
0.02050 50.621200000000 
0.02100 48.031000000000 
0.02150 45.440800000000 
0.02200 42.904200000000 
0.02250 40.757600000000 
0.02300 38.611200000000 
0.02350 36.532400000000 
0.02400 34.744800000000 
0.02450 32.957200000000 
0.02500 31.238200000000 
0.02550 29.742800000000 
0.02600 28.247400000000 
0.02650 26.814200000000 
0.02700 25.558000000000 
0.02750 24.301800000000 
0.02800 23.098200000000 
0.02850 22.039000000000 
0.02900 20.979600000000 
0.02950 19.961980000000 
0.03000 19.065560000000 
0.03050 18.169140000000 
0.03100 17.303420000000 
0.03150 16.542360000000 
0.03200 15.781320000000 
0.03250 15.040740000000 
0.03300 14.392680000000 
0.03350 13.744620000000 
0.03400 13.107900000000 
0.03450 12.554520000000 
0.03500 12.001140000000 
0.03550 11.451120000000 
0.03600 10.977360000000 
0.03650 10.503620000000 
0.03700 10.029860000000 
0.03750 9.619920000000 
0.03800 9.213380000000 
0.03850 8.806820000000 
0.03900 8.448160000000 
0.03950 8.098500000000 
0.04000 7.748840000000 
0.04050 7.433920000000 
0.04100 7.132560000000 
0.04150 6.831200000000 
0.04200 6.553760000000 
0.04250 6.293540000000 
0.04300 6.033320000000 
0.04350 5.788160000000 
0.04400 5.563040000000 
0.04450 5.337920000000 
0.04500 5.120660000000 
0.04550 4.925600000000 
0.04600 4.730520000000 
0.04650 4.537500000000 
0.04700 4.368180000000 
0.04750 4.198860000000 
0.04800 4.029520000000 
0.04850 3.879760000000 
0.04900 3.732580000000 
0.04950 3.585380000000 
0.05000 3.451000000000 
0.05050 3.322860000000 
0.05100 3.194740000000 
0.05150 3.073920000000 
0.05200 2.962220000000 
0.05250 2.850520000000 
0.05300 2.741720000000 
0.05350 2.644220000000 
0.05400 2.546740000000 
0.05450 2.449240000000 
0.05500 2.363380000000 
0.05550 2.278180000000 
0.05600 2.192960000000 
0.05650 2.114940000000 
0.05700 2.040400000000 
0.05750 1.965838000000 
0.05800 1.894862000000 
0.05850 1.829550000000 
0.05900 1.764238000000 
0.05950 1.699606000000 
0.06000 1.642328000000 
0.06050 1.585050000000 
0.06100 1.527772000000 
0.06150 1.475852000000 
0.06200 1.425562000000 
0.06250 1.375274000000 
0.06300 1.327624000000 
0.06350 1.283426000000 
0.06400 1.239228000000 
0.06450 1.195478000000 
0.06500 1.156592000000 
0.06550 1.117708000000 
0.06600 1.078822000000 
0.06650 1.043278000000 
0.06700 1.009032000000 
0.06750 0.974786000000 
0.06800 0.941920000000 
0.06850 0.911730000000 
0.06900 0.881540000000 
0.06950 0.851350000000 
0.07000 0.824514000000 
0.07050 0.797874000000 
0.07100 0.771232000000 
0.07150 0.746256000000 
0.07200 0.722724000000 
0.07250 0.699194000000 
0.07300 0.675962000000 
0.07350 0.655158000000 
0.07400 0.634354000000 
0.07450 0.613550000000 
0.07500 0.594348000000 
0.07550 0.575938000000 
0.07600 0.557526000000 
0.07650 0.539568000000 
0.07700 0.523260000000 
0.07750 0.506952000000 
0.07800 0.490644000000 
0.07850 0.475714000000 
0.07900 0.461256000000 
0.07950 0.446796000000 
0.08000 0.432764000000 
0.08050 0.419934000000 
0.08100 0.407104000000 
0.08150 0.394272000000 
0.08200 0.382538000000 
0.08250 0.371142000000 
0.08300 0.359744000000 
0.08350 0.348668000000 
0.08400 0.338536000000 
0.08450 0.328404000000 
0.08500 0.318274000000 
0.08550 0.308954000000 
0.08600 0.299938000000 
0.08650 0.290924000000 
0.08700 0.282094000000 
0.08750 0.274066000000 
0.08800 0.266038000000 
0.08850 0.258010000000 
0.08900 0.250538000000 
0.08950 0.243380000000 
0.09000 0.236224000000 
0.09050 0.229124000000 
0.09100 0.222740000000 
0.09150 0.216356000000 
0.09200 0.209972000000 
0.09250 0.203926000000 
0.09300 0.198226000000 
0.09350 0.192525400000 
0.09400 0.186824800000 
0.09450 0.181675400000 
0.09500 0.176581200000 
0.09550 0.171487200000 
0.09600 0.166559000000 
0.09650 0.162002600000 
0.09700 0.157446200000 
0.09750 0.152889800000 
0.09800 0.148666800000 
0.09850 0.144588400000 
0.09900 0.140510200000 
0.09950 0.136463800000 
0.10000 0.132810400000 
0.10050 0.129156800000 
0.10100 0.125503400000 
0.10150 0.122017000000 
0.10200 0.118741400000 
0.10250 0.115466000000 
0.10300 0.112190400000 
0.10350 0.109183800000 
0.10400 0.106244800000 
0.10450 0.103306000000 
0.10500 0.100410600000 
0.10550 0.097771800000 
0.10600 0.095133000000 
0.10650 0.092494200000 
0.10700 0.089984400000 
0.10750 0.087613200000 
0.10800 0.085242000000 
0.10850 0.082870800000 
0.10900 0.080693200000 
0.10950 0.078561000000 
0.11000 0.076429000000 
0.11050 0.074324200000 
0.11100 0.072405200000 
0.11150 0.070486400000 
0.11200 0.068567600000 
0.11250 0.066732600000 
0.11300 0.065005000000 
0.11350 0.063277600000 
0.11400 0.061550000000 
0.11450 0.059948800000 
0.11500 0.058392000000 
0.11550 0.056835400000 
0.11600 0.055283400000 
0.11650 0.053880000000 
0.11700 0.052476600000 
0.11750 0.051073200000 
0.11800 0.049713000000 
0.11850 0.048446600000 
0.11900 0.047180400000 
0.11950 0.045914200000 
0.12000 0.044721000000 
0.12050 0.043578400000 
0.12100 0.042435800000 
0.12150 0.041293200000 
0.12200 0.040245600000 
0.12250 0.039213600000 
0.12300 0.038181600000 
0.12350 0.037161400000 
0.12400 0.036228800000 
0.12450 0.035296200000 
0.12500 0.034363600000 
0.12550 0.033464000000 
0.12600 0.032621200000 
0.12650 0.031778200000 
0.12700 0.030935200000 
0.12750 0.030141800000 
0.12800 0.029379600000 
0.12850 0.028617400000 
0.12900 0.027855200000 
0.12950 0.027154600000 
0.13000 0.026465000000 
0.13050 0.025775400000 
0.13100 0.025090800000 
0.13150 0.024466600000 
0.13200 0.023842600000 
0.13250 0.023218600000 
0.13300 0.022612000000 
0.13350 0.022047000000 
0.13400 0.021482000000 
0.13450 0.020917000000 
0.13500 0.020379200000 
0.13550 0.019867420000 
0.13600 0.019355740000 
0.13650 0.018844060000 
0.13700 0.018366660000 
0.13750 0.017903340000 
0.13800 0.017440020000 
0.13850 0.016976700000 
0.13900 0.016552660000 
0.13950 0.016132920000 
0.14000 0.015713160000 
0.14050 0.015296800000 
0.14100 0.014916620000 
0.14150 0.014536460000 
0.14200 0.014156280000 
0.14250 0.013785420000 
0.14300 0.013440920000 
0.14350 0.013096420000 
0.14400 0.012751920000 
0.14450 0.012421180000 
0.14500 0.012109020000 
0.14550 0.011796840000 
0.14600 0.011484660000 
0.14650 0.011189500000 
0.14700 0.010906620000 
0.14750 0.010623740000 
0.14800 0.010340840000 
0.14850 0.010077340000 
0.14900 0.009821160000 
0.14950 0.009565000000 
0.15000 0.009308820000 
0.15050 0.009073340000 
0.15100 0.008841240000 
0.15150 0.008609160000 
0.15200 0.008377080000 
0.15250 0.008166440000 
0.15300 0.007956220000 
0.15350 0.007745980000 
0.15400 0.007537600000 
0.15450 0.007347340000 
0.15500 0.007157080000 
0.15550 0.006966820000 
0.15600 0.006780020000 
0.15650 0.006607760000 
0.15700 0.006435500000 
0.15750 0.006263260000 
0.15800 0.006095500000 
0.15850 0.005939480000 
0.15900 0.005783460000 
0.15950 0.005627460000 
0.16000 0.005476680000 
0.16050 0.005335640000 
0.16100 0.005194600000 
0.16150 0.005053560000 
0.16200 0.004918060000 
0.16250 0.004790500000 
0.16300 0.004662960000 
0.16350 0.004535400000 
0.16400 0.004413460000 
0.16450 0.004298160000 
0.16500 0.004182860000 
0.16550 0.004067560000 
0.16600 0.003957760000 
0.16650 0.003853700000 
0.16700 0.003749640000 
0.16750 0.003645560000 
0.16800 0.003546580000 
0.16850 0.003452520000 
0.16900 0.003358460000 
0.16950 0.003264380000 
0.17000 0.003175060000 
0.17050 0.003090280000 
0.17100 0.003005480000 
0.17150 0.002920680000 
0.17200 0.002840020000 
0.17250 0.002763460000 
0.17300 0.002686900000 
0.17350 0.002610360000 
0.17400 0.002537380000 
0.17450 0.002468400000 
0.17500 0.002399400000 
0.17550 0.002330400000 
0.17600 0.002264420000 
0.17650 0.002202380000 
0.17700 0.002140320000 
0.17750 0.002078260000 
0.17800 0.002018560000 
0.17850 0.001962726000 
0.17900 0.001906890000 
0.17950 0.001851052000 
0.18000 0.001796926000 
0.18050 0.001746650000 
0.18100 0.001696374000 
0.18150 0.001646098000 
0.18200 0.001596962000 
0.18250 0.001551796000 
0.18300 0.001506630000 
0.18350 0.001461464000 
0.18400 0.001416886000 
0.18450 0.001376410000 
0.18500 0.001335934000 
0.18550 0.001295458000 
0.18600 0.001255044000 
0.18650 0.001218686000 
0.18700 0.001182330000 
0.18750 0.001145974000 
0.18800 0.001109618000 
0.18850 0.001076690000 
0.18900 0.001044176000 
0.18950 0.001011664000 
0.19000 0.000979150000 
0.19050 0.000949186000 
0.19100 0.000920036000 
0.19150 0.000890884000 
0.19200 0.000861734000 
0.19250 0.000834482000 
0.19300 0.000808424000 
0.19350 0.000782364000 
0.19400 0.000756304000 
0.19450 0.000731536000 
0.19500 0.000708266000 
0.19550 0.000684996000 
0.19600 0.000661726000 
0.19650 0.000639224000 
0.19700 0.000618470000 
0.19750 0.000597718000 
0.19800 0.000576964000 
0.19850 0.000556534000 
0.19900 0.000538050000 
0.19950 0.000519566000 
0.20000 0.000501082000 
0.20050 0.000482600000 
0.20100 0.000466076000 
0.20150 0.000449596000 
0.20200 0.000433118000 
0.20250 0.000416638000 
0.20300 0.000401692000 
0.20350 0.000387096000 
0.20400 0.000372500000 
0.20450 0.000357906000 
0.20500 0.000344372000 
0.20550 0.000331398000 
0.20600 0.000318426000 
0.20650 0.000305452000 
0.20700 0.000293248000 
0.20750 0.000281802000 
0.20800 0.000270358000 
0.20850 0.000258912000 
0.20900 0.000247944000 
0.20950 0.000237810000 
0.21000 0.000227678000 
0.21050 0.000217546000 
0.21100 0.000207694000 
0.21150 0.000198746800 
0.21200 0.000189799400 
0.21250 0.000180852000 
0.21300 0.000172054000 
0.21350 0.000164228800 
0.21400 0.000156403600 
0.21450 0.000148578600 
0.21500 0.000140806600 
0.21550 0.000133943200 
0.21600 0.000127079800 
0.21650 0.000120216600 
0.21700 0.000113362000 
0.21750 0.000107414200 
0.21800 0.000101466400 
0.21850 0.000095518600 
0.21900 0.000089572800 
0.21950 0.000084412400 
0.22000 0.000079251800 
0.22050 0.000074091400 
0.22100 0.000068960400 
0.22150 0.000064520800 
0.22200 0.000060081400 
0.22250 0.000055641800 
0.22300 0.000051295000 
0.22350 0.000047550600 
0.22400 0.000043806200 
0.22450 0.000040061800 
0.22500 0.000036493600 
0.22550 0.000033360600 
0.22600 0.000030227800 
0.22650 0.000027095000 
0.22700 0.000024264800 
0.22750 0.000021720400 
0.22800 0.000019176180 
0.22850 0.000016631920 
0.22900 0.000014548220 
0.22950 0.000012564480 
0.23000 0.000010580740 
0.23050 0.000008716780 
0.23100 0.000007273660 
0.23150 0.000005830540 
0.23200 0.000004387420 
0.23250 0.000003347360 
0.23300 0.000002459640 
0.23350 0.000001571922 
