0.00000 1372.462000000000 
0.00050 1243.006000000000 
0.00100 1113.548000000000 
0.00150 984.092000000000 
0.00200 854.634000000000 
0.00250 757.798000000000 
0.00300 670.694000000000 
0.00350 597.352000000000 
0.00400 536.740000000000 
0.00450 479.390000000000 
0.00500 436.048000000000 
0.00550 392.708000000000 
0.00600 358.510000000000 
0.00650 326.812000000000 
0.00700 297.658000000000 
0.00750 274.030000000000 
0.00800 250.404000000000 
0.00850 231.266000000000 
0.00900 213.364000000000 
0.00950 196.283800000000 
0.01000 182.524400000000 
0.01050 168.765000000000 
0.01100 156.722000000000 
0.01150 146.013600000000 
0.01200 135.305200000000 
0.01250 126.606600000000 
0.01300 118.179800000000 
0.01350 110.025200000000 
0.01400 103.328000000000 
0.01450 96.630600000000 
0.01500 90.459000000000 
0.01550 85.088800000000 
0.01600 79.718800000000 
0.01650 74.966200000000 
0.01700 70.625600000000 
0.01750 66.285200000000 
0.01800 62.567200000000 
0.01850 59.033400000000 
0.01900 55.499800000000 
0.01950 52.549400000000 
0.02000 49.653400000000 
0.02050 46.773000000000 
0.02100 44.385600000000 
0.02150 41.998200000000 
0.02200 39.660400000000 
0.02250 37.681600000000 
0.02300 35.702800000000 
0.02350 33.786200000000 
0.02400 32.137800000000 
0.02450 30.489400000000 
0.02500 28.904200000000 
0.02550 27.524800000000 
0.02600 26.145400000000 
0.02650 24.823200000000 
0.02700 23.664000000000 
0.02750 22.504800000000 
0.02800 21.394200000000 
0.02850 20.416200000000 
0.02900 19.438420000000 
0.02950 18.498920000000 
0.03000 17.671080000000 
0.03050 16.843260000000 
0.03100 16.043700000000 
0.03150 15.340600000000 
0.03200 14.637500000000 
0.03250 13.953260000000 
0.03300 13.354280000000 
0.03350 12.755300000000 
0.03400 12.166760000000 
0.03450 11.655060000000 
0.03500 11.143360000000 
0.03550 10.634760000000 
0.03600 10.196480000000 
0.03650 9.758200000000 
0.03700 9.319940000000 
0.03750 8.940520000000 
0.03800 8.564240000000 
0.03850 8.187960000000 
0.03900 7.855860000000 
0.03950 7.532060000000 
0.04000 7.208280000000 
0.04050 6.916560000000 
0.04100 6.637360000000 
0.04150 6.358160000000 
0.04200 6.101060000000 
0.04250 5.859840000000 
0.04300 5.618620000000 
0.04350 5.391340000000 
0.04400 5.182560000000 
0.04450 4.973780000000 
0.04500 4.772280000000 
0.04550 4.591260000000 
0.04600 4.410240000000 
0.04650 4.231140000000 
0.04700 4.073940000000 
0.04750 3.916740000000 
0.04800 3.759540000000 
0.04850 3.620440000000 
0.04900 3.483720000000 
0.04950 3.347000000000 
0.05000 3.222120000000 
0.05050 3.103040000000 
0.05100 2.983940000000 
0.05150 2.871640000000 
0.05200 2.767780000000 
0.05250 2.663900000000 
0.05300 2.562720000000 
0.05350 2.472020000000 
0.05400 2.381300000000 
0.05450 2.290600000000 
0.05500 2.210660000000 
0.05550 2.131340000000 
0.05600 2.052020000000 
0.05650 1.979368000000 
0.05700 1.909926000000 
0.05750 1.840482000000 
0.05800 1.774360000000 
0.05850 1.713492000000 
0.05900 1.652626000000 
0.05950 1.592388000000 
0.06000 1.538978000000 
0.06050 1.485568000000 
0.06100 1.432156000000 
0.06150 1.383722000000 
0.06200 1.336802000000 
0.06250 1.289884000000 
0.06300 1.245416000000 
0.06350 1.204156000000 
0.06400 1.162896000000 
0.06450 1.122054000000 
0.06500 1.085732000000 
0.06550 1.049412000000 
0.06600 1.013092000000 
0.06650 0.979878000000 
0.06700 0.947872000000 
0.06750 0.915866000000 
0.06800 0.885146000000 
0.06850 0.856916000000 
0.06900 0.828684000000 
0.06950 0.800454000000 
0.07000 0.775346000000 
0.07050 0.750420000000 
0.07100 0.725494000000 
0.07150 0.702120000000 
0.07200 0.680090000000 
0.07250 0.658062000000 
0.07300 0.636312000000 
0.07350 0.616826000000 
0.07400 0.597338000000 
0.07450 0.577850000000 
0.07500 0.559858000000 
0.07550 0.542604000000 
0.07600 0.525348000000 
0.07650 0.508516000000 
0.07700 0.493222000000 
0.07750 0.477930000000 
0.07800 0.462636000000 
0.07850 0.448632000000 
0.07900 0.435066000000 
0.07950 0.421498000000 
0.08000 0.408332000000 
0.08050 0.396286000000 
0.08100 0.384240000000 
0.08150 0.372194000000 
0.08200 0.361174000000 
0.08250 0.350468000000 
0.08300 0.339764000000 
0.08350 0.329358000000 
0.08400 0.319834000000 
0.08450 0.310312000000 
0.08500 0.300790000000 
0.08550 0.292028000000 
0.08600 0.283550000000 
0.08650 0.275072000000 
0.08700 0.266770000000 
0.08750 0.259216000000 
0.08800 0.251662000000 
0.08850 0.244108000000 
0.08900 0.237074000000 
0.08950 0.230336000000 
0.09000 0.223600000000 
0.09050 0.216914000000 
0.09100 0.210902000000 
0.09150 0.204888000000 
0.09200 0.198873400000 
0.09250 0.193178200000 
0.09300 0.187805400000 
0.09350 0.182432800000 
0.09400 0.177060000000 
0.09450 0.172204200000 
0.09500 0.167400400000 
0.09550 0.162596800000 
0.09600 0.157948800000 
0.09650 0.153649600000 
0.09700 0.149350400000 
0.09750 0.145051200000 
0.09800 0.141065200000 
0.09850 0.137215200000 
0.09900 0.133365000000 
0.09950 0.129544800000 
0.10000 0.126094000000 
0.10050 0.122643000000 
0.10100 0.119192000000 
0.10150 0.115898000000 
0.10200 0.112802400000 
0.10250 0.109706800000 
0.10300 0.106611200000 
0.10350 0.103768400000 
0.10400 0.100989200000 
0.10450 0.098210200000 
0.10500 0.095472200000 
0.10550 0.092975600000 
0.10600 0.090478800000 
0.10650 0.087982200000 
0.10700 0.085607200000 
0.10750 0.083362400000 
0.10800 0.081117800000 
0.10850 0.078873200000 
0.10900 0.076810800000 
0.10950 0.074791400000 
0.11000 0.072771800000 
0.11050 0.070778200000 
0.11100 0.068959800000 
0.11150 0.067141400000 
0.11200 0.065323000000 
0.11250 0.063583600000 
0.11300 0.061945600000 
0.11350 0.060307600000 
0.11400 0.058669600000 
0.11450 0.057150800000 
0.11500 0.055674000000 
0.11550 0.054197200000 
0.11600 0.052724800000 
0.11650 0.051392600000 
0.11700 0.050060600000 
0.11750 0.048728400000 
0.11800 0.047437200000 
0.11850 0.046234600000 
0.11900 0.045032000000 
0.11950 0.043829600000 
0.12000 0.042696000000 
0.12050 0.041610400000 
0.12100 0.040524600000 
0.12150 0.039439000000 
0.12200 0.038443000000 
0.12250 0.037462000000 
0.12300 0.036480800000 
0.12350 0.035510800000 
0.12400 0.034623600000 
0.12450 0.033736600000 
0.12500 0.032849400000 
0.12550 0.031993800000 
0.12600 0.031191600000 
0.12650 0.030389400000 
0.12700 0.029587200000 
0.12750 0.028831800000 
0.12800 0.028106000000 
0.12850 0.027380200000 
0.12900 0.026654600000 
0.12950 0.025987200000 
0.13000 0.025330200000 
0.13050 0.024673000000 
0.13100 0.024020800000 
0.13150 0.023426000000 
0.13200 0.022831200000 
0.13250 0.022236400000 
0.13300 0.021658200000 
0.13350 0.021119400000 
0.13400 0.020580600000 
0.13450 0.020041800000 
0.13500 0.019528540000 
0.13550 0.019040320000 
0.13600 0.018552100000 
0.13650 0.018063880000 
0.13700 0.017608200000 
0.13750 0.017165900000 
0.13800 0.016723600000 
0.13850 0.016281300000 
0.13900 0.015876340000 
0.13950 0.015475420000 
0.14000 0.015074500000 
0.14050 0.014676820000 
0.14100 0.014313540000 
0.14150 0.013950240000 
0.14200 0.013586960000 
0.14250 0.013232520000 
0.14300 0.012903160000 
0.14350 0.012573800000 
0.14400 0.012244440000 
0.14450 0.011928180000 
0.14500 0.011629580000 
0.14550 0.011330960000 
0.14600 0.011032360000 
0.14650 0.010749960000 
0.14700 0.010479240000 
0.14750 0.010208520000 
0.14800 0.009937800000 
0.14850 0.009685540000 
0.14900 0.009440260000 
0.14950 0.009194980000 
0.15000 0.008949700000 
0.15050 0.008724160000 
0.15100 0.008501840000 
0.15150 0.008279520000 
0.15200 0.008057200000 
0.15250 0.007855340000 
0.15300 0.007653860000 
0.15350 0.007452380000 
0.15400 0.007252660000 
0.15450 0.007070240000 
0.15500 0.006887820000 
0.15550 0.006705400000 
0.15600 0.006526260000 
0.15650 0.006361020000 
0.15700 0.006195780000 
0.15750 0.006030560000 
0.15800 0.005869620000 
0.15850 0.005719880000 
0.15900 0.005570160000 
0.15950 0.005420420000 
0.16000 0.005275700000 
0.16050 0.005140280000 
0.16100 0.005004860000 
0.16150 0.004869440000 
0.16200 0.004739320000 
0.16250 0.004616800000 
0.16300 0.004494280000 
0.16350 0.004371760000 
0.16400 0.004254600000 
0.16450 0.004143800000 
0.16500 0.004033000000 
0.16550 0.003922200000 
0.16600 0.003816660000 
0.16650 0.003716600000 
0.16700 0.003616560000 
0.16750 0.003516500000 
0.16800 0.003421320000 
0.16850 0.003330840000 
0.16900 0.003240360000 
0.16950 0.003149900000 
0.17000 0.003063960000 
0.17050 0.002982360000 
0.17100 0.002900780000 
0.17150 0.002819180000 
0.17200 0.002741540000 
0.17250 0.002667840000 
0.17300 0.002594160000 
0.17350 0.002520460000 
0.17400 0.002450200000 
0.17450 0.002383760000 
0.17500 0.002317320000 
0.17550 0.002250880000 
0.17600 0.002187320000 
0.17650 0.002127540000 
0.17700 0.002067740000 
0.17750 0.002007960000 
0.17800 0.001950432000 
0.17850 0.001896616000 
0.17900 0.001842798000 
0.17950 0.001788980000 
0.18000 0.001736804000 
0.18050 0.001688326000 
0.18100 0.001639848000 
0.18150 0.001591372000 
0.18200 0.001543990000 
0.18250 0.001500422000 
0.18300 0.001456854000 
0.18350 0.001413286000 
0.18400 0.001370286000 
0.18450 0.001331228000 
0.18500 0.001292170000 
0.18550 0.001253112000 
0.18600 0.001214112000 
0.18650 0.001179016000 
0.18700 0.001143918000 
0.18750 0.001108822000 
0.18800 0.001073726000 
0.18850 0.001041928000 
0.18900 0.001010530000 
0.18950 0.000979134000 
0.19000 0.000947736000 
0.19050 0.000918792000 
0.19100 0.000890630000 
0.19150 0.000862468000 
0.19200 0.000834306000 
0.19250 0.000807974000 
0.19300 0.000782790000 
0.19350 0.000757606000 
0.19400 0.000732422000 
0.19450 0.000708480000 
0.19500 0.000685984000 
0.19550 0.000663488000 
0.19600 0.000640992000 
0.19650 0.000619236000 
0.19700 0.000599166000 
0.19750 0.000579096000 
0.19800 0.000559026000 
0.19850 0.000539266000 
0.19900 0.000521384000 
0.19950 0.000503502000 
0.20000 0.000485622000 
0.20050 0.000467740000 
0.20100 0.000451748000 
0.20150 0.000435800000 
0.20200 0.000419852000 
0.20250 0.000403904000 
0.20300 0.000389436000 
0.20350 0.000375306000 
0.20400 0.000361176000 
0.20450 0.000347046000 
0.20500 0.000333942000 
0.20550 0.000321378000 
0.20600 0.000308816000 
0.20650 0.000296252000 
0.20700 0.000284430000 
0.20750 0.000273344000 
0.20800 0.000262258000 
0.20850 0.000251170000 
0.20900 0.000240544000 
0.20950 0.000230724000 
0.21000 0.000220906000 
0.21050 0.000211086000 
0.21100 0.000201540000 
0.21150 0.000192866800 
0.21200 0.000184193600 
0.21250 0.000175520400 
0.21300 0.000166991600 
0.21350 0.000159404000 
0.21400 0.000151816400 
0.21450 0.000144228800 
0.21500 0.000136692600 
0.21550 0.000130035600 
0.21600 0.000123378600 
0.21650 0.000116721400 
0.21700 0.000110072800 
0.21750 0.000104302200 
0.21800 0.000098531600 
0.21850 0.000092760800 
0.21900 0.000086992000 
0.21950 0.000081983600 
0.22000 0.000076975200 
0.22050 0.000071966800 
0.22100 0.000066987200 
0.22150 0.000062677200 
0.22200 0.000058367200 
0.22250 0.000054057200 
0.22300 0.000049837000 
0.22350 0.000046201000 
0.22400 0.000042564800 
0.22450 0.000038928600 
0.22500 0.000035463400 
0.22550 0.000032420200 
0.22600 0.000029377000 
0.22650 0.000026333800 
0.22700 0.000023584400 
0.22750 0.000021112200 
0.22800 0.000018640120 
0.22850 0.000016168020 
0.22900 0.000014142980 
0.22950 0.000012214980 
0.23000 0.000010287000 
0.23050 0.000008475340 
0.23100 0.000007072400 
0.23150 0.000005669440 
0.23200 0.000004266500 
0.23250 0.000003255220 
0.23300 0.000002392000 
0.23350 0.000001528770 
