0.00000 1244.840000000000 
0.00050 1126.558000000000 
0.00100 1008.274000000000 
0.00150 889.990000000000 
0.00200 771.708000000000 
0.00250 683.480000000000 
0.00300 604.218000000000 
0.00350 537.570000000000 
0.00400 482.590000000000 
0.00450 430.588000000000 
0.00500 391.378000000000 
0.00550 352.168000000000 
0.00600 321.278000000000 
0.00650 292.668000000000 
0.00700 266.364000000000 
0.00750 245.080000000000 
0.00800 223.796000000000 
0.00850 206.578000000000 
0.00900 190.480400000000 
0.00950 175.125800000000 
0.01000 162.773400000000 
0.01050 150.421000000000 
0.01100 139.617800000000 
0.01150 130.019000000000 
0.01200 120.420200000000 
0.01250 112.632400000000 
0.01300 105.089400000000 
0.01350 97.791600000000 
0.01400 91.804800000000 
0.01450 85.818000000000 
0.01500 80.303400000000 
0.01550 75.508800000000 
0.01600 70.714200000000 
0.01650 66.474000000000 
0.01700 62.603200000000 
0.01750 58.732600000000 
0.01800 55.420000000000 
0.01850 52.272200000000 
0.01900 49.124600000000 
0.01950 46.499000000000 
0.02000 43.922200000000 
0.02050 41.359200000000 
0.02100 39.237200000000 
0.02150 37.115200000000 
0.02200 35.037200000000 
0.02250 33.280000000000 
0.02300 31.522800000000 
0.02350 29.821200000000 
0.02400 28.358800000000 
0.02450 26.896400000000 
0.02500 25.490400000000 
0.02550 24.267600000000 
0.02600 23.045000000000 
0.02650 21.873400000000 
0.02700 20.847000000000 
0.02750 19.820380000000 
0.02800 18.836920000000 
0.02850 17.971700000000 
0.02900 17.106480000000 
0.02950 16.275340000000 
0.03000 15.543480000000 
0.03050 14.811600000000 
0.03100 14.104860000000 
0.03150 13.483760000000 
0.03200 12.862660000000 
0.03250 12.258300000000 
0.03300 11.729580000000 
0.03350 11.200880000000 
0.03400 10.681420000000 
0.03450 10.230100000000 
0.03500 9.778760000000 
0.03550 9.330200000000 
0.03600 8.943920000000 
0.03650 8.557640000000 
0.03700 8.171360000000 
0.03750 7.837180000000 
0.03800 7.505780000000 
0.03850 7.174380000000 
0.03900 6.882060000000 
0.03950 6.597100000000 
0.04000 6.312120000000 
0.04050 6.055500000000 
0.04100 5.809940000000 
0.04150 5.564400000000 
0.04200 5.338340000000 
0.04250 5.126340000000 
0.04300 4.914340000000 
0.04350 4.714620000000 
0.04400 4.531240000000 
0.04450 4.347860000000 
0.04500 4.170900000000 
0.04550 4.012000000000 
0.04600 3.853120000000 
0.04650 3.695900000000 
0.04700 3.558000000000 
0.04750 3.420100000000 
0.04800 3.282220000000 
0.04850 3.160240000000 
0.04900 3.040380000000 
0.04950 2.920520000000 
0.05000 2.811080000000 
0.05050 2.706760000000 
0.05100 2.602420000000 
0.05150 2.504040000000 
0.05200 2.413080000000 
0.05250 2.322140000000 
0.05300 2.233540000000 
0.05350 2.154160000000 
0.05400 2.074780000000 
0.05450 1.995394000000 
0.05500 1.925482000000 
0.05550 1.856106000000 
0.05600 1.786730000000 
0.05650 1.723204000000 
0.05700 1.662500000000 
0.05750 1.601796000000 
0.05800 1.544004000000 
0.05850 1.490826000000 
0.05900 1.437648000000 
0.05950 1.385022000000 
0.06000 1.338384000000 
0.06050 1.291744000000 
0.06100 1.245106000000 
0.06150 1.202828000000 
0.06200 1.161880000000 
0.06250 1.120930000000 
0.06300 1.082130000000 
0.06350 1.046138000000 
0.06400 1.010148000000 
0.06450 0.974522000000 
0.06500 0.942854000000 
0.06550 0.911188000000 
0.06600 0.879522000000 
0.06650 0.850574000000 
0.06700 0.822684000000 
0.06750 0.794794000000 
0.06800 0.768028000000 
0.06850 0.743438000000 
0.06900 0.718850000000 
0.06950 0.694260000000 
0.07000 0.672402000000 
0.07050 0.650702000000 
0.07100 0.629002000000 
0.07150 0.608658000000 
0.07200 0.589490000000 
0.07250 0.570320000000 
0.07300 0.551396000000 
0.07350 0.534448000000 
0.07400 0.517498000000 
0.07450 0.500550000000 
0.07500 0.484906000000 
0.07550 0.469906000000 
0.07600 0.454904000000 
0.07650 0.440272000000 
0.07700 0.426984000000 
0.07750 0.413694000000 
0.07800 0.400406000000 
0.07850 0.388240000000 
0.07900 0.376456000000 
0.07950 0.364674000000 
0.08000 0.353238000000 
0.08050 0.342780000000 
0.08100 0.332322000000 
0.08150 0.321866000000 
0.08200 0.312300000000 
0.08250 0.303010000000 
0.08300 0.293720000000 
0.08350 0.284690000000 
0.08400 0.276430000000 
0.08450 0.268170000000 
0.08500 0.259910000000 
0.08550 0.252312000000 
0.08600 0.244962000000 
0.08650 0.237610000000 
0.08700 0.230412000000 
0.08750 0.223866000000 
0.08800 0.217318000000 
0.08850 0.210772000000 
0.08900 0.204678000000 
0.08950 0.198840200000 
0.09000 0.193003200000 
0.09050 0.187212400000 
0.09100 0.182004600000 
0.09150 0.176796600000 
0.09200 0.171588800000 
0.09250 0.166657800000 
0.09300 0.162006800000 
0.09350 0.157356000000 
0.09400 0.152705200000 
0.09450 0.148503400000 
0.09500 0.144346600000 
0.09550 0.140190000000 
0.09600 0.136168600000 
0.09650 0.132450000000 
0.09700 0.128731400000 
0.09750 0.125012800000 
0.09800 0.121566000000 
0.09850 0.118237000000 
0.09900 0.114908200000 
0.09950 0.111605200000 
0.10000 0.108622600000 
0.10050 0.105640000000 
0.10100 0.102657400000 
0.10150 0.099810800000 
0.10200 0.097136400000 
0.10250 0.094461800000 
0.10300 0.091787200000 
0.10350 0.089331800000 
0.10400 0.086931800000 
0.10450 0.084531600000 
0.10500 0.082167200000 
0.10550 0.080011600000 
0.10600 0.077856200000 
0.10650 0.075700800000 
0.10700 0.073650600000 
0.10750 0.071713400000 
0.10800 0.069776200000 
0.10850 0.067839000000 
0.10900 0.066059800000 
0.10950 0.064317600000 
0.11000 0.062575400000 
0.11050 0.060855600000 
0.11100 0.059287400000 
0.11150 0.057719200000 
0.11200 0.056150800000 
0.11250 0.054651000000 
0.11300 0.053239000000 
0.11350 0.051827000000 
0.11400 0.050414800000 
0.11450 0.049105800000 
0.11500 0.047833000000 
0.11550 0.046560200000 
0.11600 0.045291400000 
0.11650 0.044143800000 
0.11700 0.042996200000 
0.11750 0.041848600000 
0.11800 0.040736200000 
0.11850 0.039700600000 
0.11900 0.038665000000 
0.11950 0.037629400000 
0.12000 0.036653400000 
0.12050 0.035718600000 
0.12100 0.034784000000 
0.12150 0.033849200000 
0.12200 0.032992200000 
0.12250 0.032147800000 
0.12300 0.031303400000 
0.12350 0.030468600000 
0.12400 0.029705400000 
0.12450 0.028942200000 
0.12500 0.028179000000 
0.12550 0.027442800000 
0.12600 0.026752800000 
0.12650 0.026062800000 
0.12700 0.025372800000 
0.12750 0.024723400000 
0.12800 0.024099400000 
0.12850 0.023475400000 
0.12900 0.022851400000 
0.12950 0.022277600000 
0.13000 0.021713000000 
0.13050 0.021148200000 
0.13100 0.020587600000 
0.13150 0.020076600000 
0.13200 0.019565440000 
0.13250 0.019054340000 
0.13300 0.018557520000 
0.13350 0.018094700000 
0.13400 0.017631860000 
0.13450 0.017169020000 
0.13500 0.016728260000 
0.13550 0.016309020000 
0.13600 0.015889760000 
0.13650 0.015470520000 
0.13700 0.015079300000 
0.13750 0.014699600000 
0.13800 0.014319900000 
0.13850 0.013940200000 
0.13900 0.013592640000 
0.13950 0.013248560000 
0.14000 0.012904480000 
0.14050 0.012563200000 
0.14100 0.012251520000 
0.14150 0.011939820000 
0.14200 0.011628140000 
0.14250 0.011324060000 
0.14300 0.011041580000 
0.14350 0.010759080000 
0.14400 0.010476580000 
0.14450 0.010205360000 
0.14500 0.009949300000 
0.14550 0.009693260000 
0.14600 0.009437220000 
0.14650 0.009195100000 
0.14700 0.008963040000 
0.14750 0.008730960000 
0.14800 0.008498900000 
0.14850 0.008282700000 
0.14900 0.008072500000 
0.14950 0.007862300000 
0.15000 0.007652100000 
0.15050 0.007458860000 
0.15100 0.007268380000 
0.15150 0.007077900000 
0.15200 0.006887440000 
0.15250 0.006714540000 
0.15300 0.006541960000 
0.15350 0.006369400000 
0.15400 0.006198340000 
0.15450 0.006042140000 
0.15500 0.005885920000 
0.15550 0.005729720000 
0.15600 0.005576340000 
0.15650 0.005434880000 
0.15700 0.005293440000 
0.15750 0.005151980000 
0.15800 0.005014220000 
0.15850 0.004886080000 
0.15900 0.004757920000 
0.15950 0.004629780000 
0.16000 0.004505940000 
0.16050 0.004390080000 
0.16100 0.004274200000 
0.16150 0.004158340000 
0.16200 0.004047000000 
0.16250 0.003942200000 
0.16300 0.003837400000 
0.16350 0.003732580000 
0.16400 0.003632380000 
0.16450 0.003537620000 
0.16500 0.003442860000 
0.16550 0.003348100000 
0.16600 0.003257860000 
0.16650 0.003172320000 
0.16700 0.003086780000 
0.16750 0.003001220000 
0.16800 0.002919860000 
0.16850 0.002842520000 
0.16900 0.002765180000 
0.16950 0.002687840000 
0.17000 0.002614400000 
0.17050 0.002544680000 
0.17100 0.002474940000 
0.17150 0.002405220000 
0.17200 0.002338880000 
0.17250 0.002275920000 
0.17300 0.002212940000 
0.17350 0.002149980000 
0.17400 0.002089960000 
0.17450 0.002033200000 
0.17500 0.001976452000 
0.17550 0.001919698000 
0.17600 0.001865410000 
0.17650 0.001814356000 
0.17700 0.001763300000 
0.17750 0.001712244000 
0.17800 0.001663116000 
0.17850 0.001617166000 
0.17900 0.001571214000 
0.17950 0.001525264000 
0.18000 0.001480718000 
0.18050 0.001439336000 
0.18100 0.001397954000 
0.18150 0.001356572000 
0.18200 0.001316128000 
0.18250 0.001278946000 
0.18300 0.001241762000 
0.18350 0.001204578000 
0.18400 0.001167880000 
0.18450 0.001134552000 
0.18500 0.001101224000 
0.18550 0.001067896000 
0.18600 0.001034620000 
0.18650 0.001004678000 
0.18700 0.000974738000 
0.18750 0.000944796000 
0.18800 0.000914856000 
0.18850 0.000887734000 
0.18900 0.000860954000 
0.18950 0.000834174000 
0.19000 0.000807394000 
0.19050 0.000782710000 
0.19100 0.000758694000 
0.19150 0.000734678000 
0.19200 0.000710664000 
0.19250 0.000688210000 
0.19300 0.000666738000 
0.19350 0.000645266000 
0.19400 0.000623794000 
0.19450 0.000603384000 
0.19500 0.000584206000 
0.19550 0.000565030000 
0.19600 0.000545854000 
0.19650 0.000527308000 
0.19700 0.000510202000 
0.19750 0.000493096000 
0.19800 0.000475990000 
0.19850 0.000459150000 
0.19900 0.000443914000 
0.19950 0.000428676000 
0.20000 0.000413438000 
0.20050 0.000398200000 
0.20100 0.000384576000 
0.20150 0.000370988000 
0.20200 0.000357402000 
0.20250 0.000343814000 
0.20300 0.000331490000 
0.20350 0.000319454000 
0.20400 0.000307416000 
0.20450 0.000295380000 
0.20500 0.000284218000 
0.20550 0.000273518000 
0.20600 0.000262818000 
0.20650 0.000252118000 
0.20700 0.000242052000 
0.20750 0.000232610000 
0.20800 0.000223170000 
0.20850 0.000213728000 
0.20900 0.000204680000 
0.20950 0.000196319400 
0.21000 0.000187959600 
0.21050 0.000179600000 
0.21100 0.000171471800 
0.21150 0.000164088600 
0.21200 0.000156705400 
0.21250 0.000149322400 
0.21300 0.000142062400 
0.21350 0.000135604200 
0.21400 0.000129146200 
0.21450 0.000122688200 
0.21500 0.000116274000 
0.21550 0.000110608800 
0.21600 0.000104943800 
0.21650 0.000099278600 
0.21700 0.000093620600 
0.21750 0.000088710600 
0.21800 0.000083800400 
0.21850 0.000078890400 
0.21900 0.000073981800 
0.21950 0.000069721000 
0.22000 0.000065460200 
0.22050 0.000061199400 
0.22100 0.000056963000 
0.22150 0.000053296800 
0.22200 0.000049630800 
0.22250 0.000045964600 
0.22300 0.000042375000 
0.22350 0.000039282600 
0.22400 0.000036190000 
0.22450 0.000033097600 
0.22500 0.000030150600 
0.22550 0.000027562800 
0.22600 0.000024975000 
0.22650 0.000022387200 
0.22700 0.000020049200 
0.22750 0.000017947240 
0.22800 0.000015845360 
0.22850 0.000013743460 
0.22900 0.000012021860 
0.22950 0.000010382820 
0.23000 0.000008743760 
0.23050 0.000007203660 
0.23100 0.000006011140 
0.23150 0.000004818600 
0.23200 0.000003626080 
0.23250 0.000002766540 
0.23300 0.000002032880 
0.23350 0.000001299222 
