0.00000 1146.360000000000 
0.00050 1036.384000000000 
0.00100 926.408000000000 
0.00150 816.434000000000 
0.00200 706.458000000000 
0.00250 624.684000000000 
0.00300 551.322000000000 
0.00350 489.740000000000 
0.00400 439.052000000000 
0.00450 391.132000000000 
0.00500 355.108000000000 
0.00550 319.084000000000 
0.00600 290.772000000000 
0.00650 264.570000000000 
0.00700 240.500000000000 
0.00750 221.064000000000 
0.00800 201.630000000000 
0.00850 185.941400000000 
0.00900 171.283000000000 
0.00950 157.307600000000 
0.01000 146.089400000000 
0.01050 134.871200000000 
0.01100 125.072000000000 
0.01150 116.376400000000 
0.01200 107.680600000000 
0.01250 100.639800000000 
0.01300 93.822800000000 
0.01350 87.229200000000 
0.01400 81.830800000000 
0.01450 76.432600000000 
0.01500 71.463800000000 
0.01550 67.150000000000 
0.01600 62.836400000000 
0.01650 59.025600000000 
0.01700 55.550600000000 
0.01750 52.075400000000 
0.01800 49.105800000000 
0.01850 46.285600000000 
0.01900 43.465400000000 
0.01950 41.117200000000 
0.02000 38.813200000000 
0.02050 36.521600000000 
0.02100 34.627800000000 
0.02150 32.734000000000 
0.02200 30.880000000000 
0.02250 29.314800000000 
0.02300 27.749600000000 
0.02350 26.234400000000 
0.02400 24.934000000000 
0.02450 23.633800000000 
0.02500 22.384200000000 
0.02550 21.299000000000 
0.02600 20.214000000000 
0.02650 19.174580000000 
0.02700 18.265140000000 
0.02750 17.355700000000 
0.02800 16.484780000000 
0.02850 15.719580000000 
0.02900 14.954380000000 
0.02950 14.219600000000 
0.03000 13.573440000000 
0.03050 12.927280000000 
0.03100 12.303480000000 
0.03150 11.756020000000 
0.03200 11.208560000000 
0.03250 10.676000000000 
0.03300 10.210740000000 
0.03350 9.745460000000 
0.03400 9.288420000000 
0.03450 8.891880000000 
0.03500 8.495360000000 
0.03550 8.101260000000 
0.03600 7.762420000000 
0.03650 7.423560000000 
0.03700 7.084720000000 
0.03750 6.792000000000 
0.03800 6.501740000000 
0.03850 6.211480000000 
0.03900 5.955780000000 
0.03950 5.706560000000 
0.04000 5.457360000000 
0.04050 5.233160000000 
0.04100 5.018740000000 
0.04150 4.804320000000 
0.04200 4.607080000000 
0.04250 4.422240000000 
0.04300 4.237380000000 
0.04350 4.063340000000 
0.04400 3.903680000000 
0.04450 3.744020000000 
0.04500 3.589980000000 
0.04550 3.451840000000 
0.04600 3.313700000000 
0.04650 3.177040000000 
0.04700 3.057300000000 
0.04750 2.937580000000 
0.04800 2.817860000000 
0.04850 2.712100000000 
0.04900 2.608180000000 
0.04950 2.504260000000 
0.05000 2.409460000000 
0.05050 2.319140000000 
0.05100 2.228800000000 
0.05150 2.143660000000 
0.05200 2.065020000000 
0.05250 1.986392000000 
0.05300 1.909806000000 
0.05350 1.841260000000 
0.05400 1.772714000000 
0.05450 1.704168000000 
0.05500 1.643876000000 
0.05550 1.584048000000 
0.05600 1.524222000000 
0.05650 1.469486000000 
0.05700 1.417204000000 
0.05750 1.364924000000 
0.05800 1.315176000000 
0.05850 1.269434000000 
0.05900 1.223694000000 
0.05950 1.178434000000 
0.06000 1.138368000000 
0.06050 1.098304000000 
0.06100 1.058240000000 
0.06150 1.021954000000 
0.06200 0.986822000000 
0.06250 0.951688000000 
0.06300 0.918414000000 
0.06350 0.887574000000 
0.06400 0.856732000000 
0.06450 0.826206000000 
0.06500 0.799104000000 
0.06550 0.772002000000 
0.06600 0.744900000000 
0.06650 0.720144000000 
0.06700 0.696302000000 
0.06750 0.672462000000 
0.06800 0.649588000000 
0.06850 0.628594000000 
0.06900 0.607600000000 
0.06950 0.586604000000 
0.07000 0.567962000000 
0.07050 0.549456000000 
0.07100 0.530950000000 
0.07150 0.513610000000 
0.07200 0.497282000000 
0.07250 0.480952000000 
0.07300 0.464834000000 
0.07350 0.450414000000 
0.07400 0.435992000000 
0.07450 0.421570000000 
0.07500 0.408270000000 
0.07550 0.395522000000 
0.07600 0.382772000000 
0.07650 0.370340000000 
0.07700 0.359058000000 
0.07750 0.347776000000 
0.07800 0.336496000000 
0.07850 0.326176000000 
0.07900 0.316184000000 
0.07950 0.306192000000 
0.08000 0.296498000000 
0.08050 0.287638000000 
0.08100 0.278780000000 
0.08150 0.269922000000 
0.08200 0.261826000000 
0.08250 0.253966000000 
0.08300 0.246106000000 
0.08350 0.238468000000 
0.08400 0.231486000000 
0.08450 0.224504000000 
0.08500 0.217522000000 
0.08550 0.211106000000 
0.08600 0.204898000000 
0.08650 0.198692400000 
0.08700 0.192615400000 
0.08750 0.187093600000 
0.08800 0.181571600000 
0.08850 0.176049800000 
0.08900 0.170913000000 
0.08950 0.165995000000 
0.09000 0.161077000000 
0.09050 0.156198400000 
0.09100 0.151815000000 
0.09150 0.147431600000 
0.09200 0.143048200000 
0.09250 0.138899800000 
0.09300 0.134989400000 
0.09350 0.131078800000 
0.09400 0.127168200000 
0.09450 0.123638400000 
0.09500 0.120147000000 
0.09550 0.116655600000 
0.09600 0.113278600000 
0.09650 0.110158200000 
0.09700 0.107038000000 
0.09750 0.103917600000 
0.09800 0.101027200000 
0.09850 0.098236600000 
0.09900 0.095446000000 
0.09950 0.092677400000 
0.10000 0.090179600000 
0.10050 0.087681800000 
0.10100 0.085183800000 
0.10150 0.082801000000 
0.10200 0.080563400000 
0.10250 0.078325800000 
0.10300 0.076088000000 
0.10350 0.074035400000 
0.10400 0.072029200000 
0.10450 0.070023200000 
0.10500 0.068047000000 
0.10550 0.066247200000 
0.10600 0.064447200000 
0.10650 0.062647400000 
0.10700 0.060936200000 
0.10750 0.059320200000 
0.10800 0.057704000000 
0.10850 0.056088000000 
0.10900 0.054604800000 
0.10950 0.053152800000 
0.11000 0.051700600000 
0.11050 0.050267400000 
0.11100 0.048961600000 
0.11150 0.047655800000 
0.11200 0.046350000000 
0.11250 0.045101600000 
0.11300 0.043926800000 
0.11350 0.042752200000 
0.11400 0.041577400000 
0.11450 0.040489000000 
0.11500 0.039431200000 
0.11550 0.038373400000 
0.11600 0.037318800000 
0.11650 0.036365800000 
0.11700 0.035412800000 
0.11750 0.034460000000 
0.11800 0.033536600000 
0.11850 0.032677400000 
0.11900 0.031818200000 
0.11950 0.030959000000 
0.12000 0.030149600000 
0.12050 0.029374800000 
0.12100 0.028600000000 
0.12150 0.027825200000 
0.12200 0.027115200000 
0.12250 0.026416000000 
0.12300 0.025716600000 
0.12350 0.025025400000 
0.12400 0.024393800000 
0.12450 0.023762400000 
0.12500 0.023130800000 
0.12550 0.022522000000 
0.12600 0.021951600000 
0.12650 0.021381200000 
0.12700 0.020810600000 
0.12750 0.020274000000 
0.12800 0.019758560000 
0.12850 0.019243120000 
0.12900 0.018727680000 
0.12950 0.018254160000 
0.13000 0.017788080000 
0.13050 0.017322000000 
0.13100 0.016859360000 
0.13150 0.016437900000 
0.13200 0.016016440000 
0.13250 0.015594980000 
0.13300 0.015185400000 
0.13350 0.014804040000 
0.13400 0.014422700000 
0.13450 0.014041360000 
0.13500 0.013678360000 
0.13550 0.013333220000 
0.13600 0.012988080000 
0.13650 0.012642940000 
0.13700 0.012321040000 
0.13750 0.012008700000 
0.13800 0.011696380000 
0.13850 0.011384040000 
0.13900 0.011098360000 
0.13950 0.010815560000 
0.14000 0.010532760000 
0.14050 0.010252280000 
0.14100 0.009996320000 
0.14150 0.009740340000 
0.14200 0.009484360000 
0.14250 0.009234700000 
0.14300 0.009002880000 
0.14350 0.008771060000 
0.14400 0.008539240000 
0.14450 0.008316740000 
0.14500 0.008106800000 
0.14550 0.007896860000 
0.14600 0.007686920000 
0.14650 0.007488480000 
0.14700 0.007298340000 
0.14750 0.007108200000 
0.14800 0.006918060000 
0.14850 0.006741020000 
0.14900 0.006568940000 
0.14950 0.006396860000 
0.15000 0.006224760000 
0.15050 0.006066660000 
0.15100 0.005910840000 
0.15150 0.005755000000 
0.15200 0.005599180000 
0.15250 0.005457860000 
0.15300 0.005316780000 
0.15350 0.005175720000 
0.15400 0.005035900000 
0.15450 0.004908300000 
0.15500 0.004780700000 
0.15550 0.004653080000 
0.15600 0.004527820000 
0.15650 0.004412340000 
0.15700 0.004296880000 
0.15750 0.004181420000 
0.15800 0.004069000000 
0.15850 0.003964460000 
0.15900 0.003859940000 
0.15950 0.003755420000 
0.16000 0.003654420000 
0.16050 0.003559980000 
0.16100 0.003465540000 
0.16150 0.003371100000 
0.16200 0.003280380000 
0.16250 0.003195000000 
0.16300 0.003109640000 
0.16350 0.003024260000 
0.16400 0.002942660000 
0.16450 0.002865540000 
0.16500 0.002788400000 
0.16550 0.002711280000 
0.16600 0.002637840000 
0.16650 0.002568260000 
0.16700 0.002498680000 
0.16750 0.002429100000 
0.16800 0.002362920000 
0.16850 0.002300060000 
0.16900 0.002237200000 
0.16950 0.002174320000 
0.17000 0.002114640000 
0.17050 0.002058000000 
0.17100 0.002001360000 
0.17150 0.001944716000 
0.17200 0.001890836000 
0.17250 0.001839722000 
0.17300 0.001788606000 
0.17350 0.001737490000 
0.17400 0.001688778000 
0.17450 0.001642732000 
0.17500 0.001596686000 
0.17550 0.001550640000 
0.17600 0.001506608000 
0.17650 0.001465212000 
0.17700 0.001423816000 
0.17750 0.001382420000 
0.17800 0.001342596000 
0.17850 0.001305362000 
0.17900 0.001268126000 
0.17950 0.001230892000 
0.18000 0.001194802000 
0.18050 0.001161292000 
0.18100 0.001127780000 
0.18150 0.001094268000 
0.18200 0.001061520000 
0.18250 0.001031428000 
0.18300 0.001001334000 
0.18350 0.000971242000 
0.18400 0.000941542000 
0.18450 0.000914584000 
0.18500 0.000887626000 
0.18550 0.000860668000 
0.18600 0.000833752000 
0.18650 0.000809548000 
0.18700 0.000785344000 
0.18750 0.000761140000 
0.18800 0.000736936000 
0.18850 0.000715022000 
0.18900 0.000693384000 
0.18950 0.000671748000 
0.19000 0.000650110000 
0.19050 0.000630176000 
0.19100 0.000610784000 
0.19150 0.000591390000 
0.19200 0.000571998000 
0.19250 0.000553874000 
0.19300 0.000536546000 
0.19350 0.000519216000 
0.19400 0.000501886000 
0.19450 0.000485418000 
0.19500 0.000469950000 
0.19550 0.000454482000 
0.19600 0.000439014000 
0.19650 0.000424056000 
0.19700 0.000410266000 
0.19750 0.000396476000 
0.19800 0.000382684000 
0.19850 0.000369110000 
0.19900 0.000356832000 
0.19950 0.000344552000 
0.20000 0.000332274000 
0.20050 0.000319996000 
0.20100 0.000309024000 
0.20150 0.000298080000 
0.20200 0.000287138000 
0.20250 0.000276196000 
0.20300 0.000266274000 
0.20350 0.000256584000 
0.20400 0.000246896000 
0.20450 0.000237206000 
0.20500 0.000228224000 
0.20550 0.000219616000 
0.20600 0.000211006000 
0.20650 0.000202398000 
0.20700 0.000194299200 
0.20750 0.000186706800 
0.20800 0.000179114400 
0.20850 0.000171522000 
0.20900 0.000164245600 
0.20950 0.000157526000 
0.21000 0.000150806400 
0.21050 0.000144086800 
0.21100 0.000137554000 
0.21150 0.000131622200 
0.21200 0.000125690400 
0.21250 0.000119758600 
0.21300 0.000113926000 
0.21350 0.000108739600 
0.21400 0.000103553400 
0.21450 0.000098367000 
0.21500 0.000093216000 
0.21550 0.000088668600 
0.21600 0.000084121200 
0.21650 0.000079573800 
0.21700 0.000075032200 
0.21750 0.000071092600 
0.21800 0.000067153000 
0.21850 0.000063213200 
0.21900 0.000059274800 
0.21950 0.000055857600 
0.22000 0.000052440400 
0.22050 0.000049023200 
0.22100 0.000045625800 
0.22150 0.000042686800 
0.22200 0.000039747800 
0.22250 0.000036808800 
0.22300 0.000033931400 
0.22350 0.000031453200 
0.22400 0.000028975200 
0.22450 0.000026497200 
0.22500 0.000024135800 
0.22550 0.000022063000 
0.22600 0.000019990160 
0.22650 0.000017917360 
0.22700 0.000016045000 
0.22750 0.000014362080 
0.22800 0.000012679160 
0.22850 0.000010996240 
0.22900 0.000009618240 
0.22950 0.000008306420 
0.23000 0.000006994600 
0.23050 0.000005762040 
0.23100 0.000004807980 
0.23150 0.000003853900 
0.23200 0.000002899840 
0.23250 0.000002212320 
0.23300 0.000001625580 
0.23350 0.000001038836 
