0.00000 1065.576000000000 
0.00050 962.310000000000 
0.00100 859.044000000000 
0.00150 755.778000000000 
0.00200 652.512000000000 
0.00250 575.978000000000 
0.00300 507.420000000000 
0.00350 449.974000000000 
0.00400 402.800000000000 
0.00450 358.230000000000 
0.00500 324.830000000000 
0.00550 291.432000000000 
0.00600 265.248000000000 
0.00650 241.038000000000 
0.00700 218.816000000000 
0.00750 200.918000000000 
0.00800 183.019400000000 
0.00850 168.602600000000 
0.00900 155.143200000000 
0.00950 142.317000000000 
0.01000 132.046000000000 
0.01050 121.774800000000 
0.01100 112.815400000000 
0.01150 104.875400000000 
0.01200 96.935600000000 
0.01250 90.521200000000 
0.01300 84.312800000000 
0.01350 78.310000000000 
0.01400 73.406000000000 
0.01450 68.502200000000 
0.01500 63.992200000000 
0.01550 60.083000000000 
0.01600 56.174000000000 
0.01650 52.725000000000 
0.01700 49.583200000000 
0.01750 46.441400000000 
0.01800 43.761000000000 
0.01850 41.217000000000 
0.01900 38.673000000000 
0.01950 36.559200000000 
0.02000 34.485400000000 
0.02050 32.422800000000 
0.02100 30.722000000000 
0.02150 29.021200000000 
0.02200 27.356400000000 
0.02250 25.953600000000 
0.02300 24.550800000000 
0.02350 23.193200000000 
0.02400 22.030200000000 
0.02450 20.867200000000 
0.02500 19.749940000000 
0.02550 18.781340000000 
0.02600 17.812740000000 
0.02650 16.885400000000 
0.02700 16.075180000000 
0.02750 15.264960000000 
0.02800 14.489420000000 
0.02850 13.809020000000 
0.02900 13.128600000000 
0.02950 12.475540000000 
0.03000 11.902040000000 
0.03050 11.328560000000 
0.03100 10.775140000000 
0.03150 10.290160000000 
0.03200 9.805160000000 
0.03250 9.333520000000 
0.03300 8.922080000000 
0.03350 8.510660000000 
0.03400 8.106580000000 
0.03450 7.756560000000 
0.03500 7.406540000000 
0.03550 7.058680000000 
0.03600 6.760100000000 
0.03650 6.461520000000 
0.03700 6.162940000000 
0.03750 5.905420000000 
0.03800 5.650100000000 
0.03850 5.394760000000 
0.03900 5.170140000000 
0.03950 4.951280000000 
0.04000 4.732440000000 
0.04050 4.535780000000 
0.04100 4.347800000000 
0.04150 4.159800000000 
0.04200 3.987040000000 
0.04250 3.825240000000 
0.04300 3.663440000000 
0.04350 3.511200000000 
0.04400 3.371680000000 
0.04450 3.232160000000 
0.04500 3.097620000000 
0.04550 2.977100000000 
0.04600 2.856560000000 
0.04650 2.737340000000 
0.04700 2.633040000000 
0.04750 2.528760000000 
0.04800 2.424460000000 
0.04850 2.332460000000 
0.04900 2.242080000000 
0.04950 2.151680000000 
0.05000 2.069320000000 
0.05050 1.990868000000 
0.05100 1.912418000000 
0.05150 1.838534000000 
0.05200 1.770346000000 
0.05250 1.702156000000 
0.05300 1.635766000000 
0.05350 1.576416000000 
0.05400 1.517064000000 
0.05450 1.457714000000 
0.05500 1.405582000000 
0.05550 1.353858000000 
0.05600 1.302134000000 
0.05650 1.254854000000 
0.05700 1.209718000000 
0.05750 1.164582000000 
0.05800 1.121656000000 
0.05850 1.082224000000 
0.05900 1.042790000000 
0.05950 1.003776000000 
0.06000 0.969284000000 
0.06050 0.934794000000 
0.06100 0.900304000000 
0.06150 0.869098000000 
0.06200 0.838896000000 
0.06250 0.808692000000 
0.06300 0.780104000000 
0.06350 0.753626000000 
0.06400 0.727150000000 
0.06450 0.700946000000 
0.06500 0.677710000000 
0.06550 0.654474000000 
0.06600 0.631238000000 
0.06650 0.610036000000 
0.06700 0.589622000000 
0.06750 0.569210000000 
0.06800 0.549636000000 
0.06850 0.531684000000 
0.06900 0.513732000000 
0.06950 0.495782000000 
0.07000 0.479862000000 
0.07050 0.464058000000 
0.07100 0.448256000000 
0.07150 0.433458000000 
0.07200 0.419532000000 
0.07250 0.405608000000 
0.07300 0.391864000000 
0.07350 0.379582000000 
0.07400 0.367298000000 
0.07450 0.355016000000 
0.07500 0.343696000000 
0.07550 0.332852000000 
0.07600 0.322008000000 
0.07650 0.311434000000 
0.07700 0.301850000000 
0.07750 0.292266000000 
0.07800 0.282682000000 
0.07850 0.273922000000 
0.07900 0.265444000000 
0.07950 0.256966000000 
0.08000 0.248742000000 
0.08050 0.241234000000 
0.08100 0.233728000000 
0.08150 0.226220000000 
0.08200 0.219366000000 
0.08250 0.212712000000 
0.08300 0.206058000000 
0.08350 0.199595400000 
0.08400 0.193693200000 
0.08450 0.187791000000 
0.08500 0.181888800000 
0.08550 0.176467800000 
0.08600 0.171227000000 
0.08650 0.165986200000 
0.08700 0.160855800000 
0.08750 0.156198400000 
0.08800 0.151541200000 
0.08850 0.146884000000 
0.08900 0.142554600000 
0.08950 0.138411600000 
0.09000 0.134268600000 
0.09050 0.130159000000 
0.09100 0.126470600000 
0.09150 0.122782200000 
0.09200 0.119093800000 
0.09250 0.115605000000 
0.09300 0.112318400000 
0.09350 0.109031600000 
0.09400 0.105744800000 
0.09450 0.102781200000 
0.09500 0.099850000000 
0.09550 0.096918800000 
0.09600 0.094084600000 
0.09650 0.091468000000 
0.09700 0.088851200000 
0.09750 0.086234600000 
0.09800 0.083812600000 
0.09850 0.081475000000 
0.09900 0.079137400000 
0.09950 0.076818600000 
0.10000 0.074728400000 
0.10050 0.072638400000 
0.10100 0.070548400000 
0.10150 0.068555600000 
0.10200 0.066685200000 
0.10250 0.064815000000 
0.10300 0.062944800000 
0.10350 0.061230600000 
0.10400 0.059555600000 
0.10450 0.057880800000 
0.10500 0.056231200000 
0.10550 0.054730000000 
0.10600 0.053229000000 
0.10650 0.051727800000 
0.10700 0.050301400000 
0.10750 0.048955000000 
0.10800 0.047608600000 
0.10850 0.046262200000 
0.10900 0.045027600000 
0.10950 0.043819000000 
0.11000 0.042610600000 
0.11050 0.041417800000 
0.11100 0.040332200000 
0.11150 0.039246600000 
0.11200 0.038161000000 
0.11250 0.037123600000 
0.11300 0.036148000000 
0.11350 0.035172400000 
0.11400 0.034196800000 
0.11450 0.033293600000 
0.11500 0.032416000000 
0.11550 0.031538400000 
0.11600 0.030663400000 
0.11650 0.029873600000 
0.11700 0.029083800000 
0.11750 0.028294000000 
0.11800 0.027528800000 
0.11850 0.026817400000 
0.11900 0.026106000000 
0.11950 0.025394600000 
0.12000 0.024725000000 
0.12050 0.024084200000 
0.12100 0.023443200000 
0.12150 0.022802400000 
0.12200 0.022215600000 
0.12250 0.021637800000 
0.12300 0.021060000000 
0.12350 0.020488800000 
0.12400 0.019967480000 
0.12450 0.019446160000 
0.12500 0.018924860000 
0.12550 0.018422360000 
0.12600 0.017951940000 
0.12650 0.017481520000 
0.12700 0.017011100000 
0.12750 0.016568740000 
0.12800 0.016144060000 
0.12850 0.015719380000 
0.12900 0.015294700000 
0.12950 0.014904880000 
0.13000 0.014521240000 
0.13050 0.014137620000 
0.13100 0.013756820000 
0.13150 0.013410240000 
0.13200 0.013063660000 
0.13250 0.012717080000 
0.13300 0.012380340000 
0.13350 0.012067040000 
0.13400 0.011753740000 
0.13450 0.011440440000 
0.13500 0.011142340000 
0.13550 0.010859060000 
0.13600 0.010575760000 
0.13650 0.010292480000 
0.13700 0.010028440000 
0.13750 0.009772300000 
0.13800 0.009516180000 
0.13850 0.009260060000 
0.13900 0.009025960000 
0.13950 0.008794260000 
0.14000 0.008562580000 
0.14050 0.008332800000 
0.14100 0.008123260000 
0.14150 0.007913720000 
0.14200 0.007704200000 
0.14250 0.007499860000 
0.14300 0.007310280000 
0.14350 0.007120700000 
0.14400 0.006931100000 
0.14450 0.006749200000 
0.14500 0.006577660000 
0.14550 0.006406100000 
0.14600 0.006234560000 
0.14650 0.006072500000 
0.14700 0.005917260000 
0.14750 0.005762040000 
0.14800 0.005606820000 
0.14850 0.005462360000 
0.14900 0.005322000000 
0.14950 0.005181620000 
0.15000 0.005041240000 
0.15050 0.004912360000 
0.15100 0.004785380000 
0.15150 0.004658380000 
0.15200 0.004531380000 
0.15250 0.004416280000 
0.15300 0.004301420000 
0.15350 0.004186540000 
0.15400 0.004072680000 
0.15450 0.003968860000 
0.15500 0.003865040000 
0.15550 0.003761220000 
0.15600 0.003659300000 
0.15650 0.003565440000 
0.15700 0.003471560000 
0.15750 0.003377700000 
0.15800 0.003286300000 
0.15850 0.003201400000 
0.15900 0.003116500000 
0.15950 0.003031580000 
0.16000 0.002949580000 
0.16050 0.002872920000 
0.16100 0.002796260000 
0.16150 0.002719600000 
0.16200 0.002645980000 
0.16250 0.002576740000 
0.16300 0.002507500000 
0.16350 0.002438260000 
0.16400 0.002372120000 
0.16450 0.002309600000 
0.16500 0.002247100000 
0.16550 0.002184600000 
0.16600 0.002125100000 
0.16650 0.002068740000 
0.16700 0.002012400000 
0.16750 0.001956050000 
0.16800 0.001902484000 
0.16850 0.001851614000 
0.16900 0.001800746000 
0.16950 0.001749878000 
0.17000 0.001701600000 
0.17050 0.001655800000 
0.17100 0.001609998000 
0.17150 0.001564196000 
0.17200 0.001520646000 
0.17250 0.001479344000 
0.17300 0.001438044000 
0.17350 0.001396742000 
0.17400 0.001357396000 
0.17450 0.001320218000 
0.17500 0.001283040000 
0.17550 0.001245862000 
0.17600 0.001210320000 
0.17650 0.001176918000 
0.17700 0.001143518000 
0.17750 0.001110116000 
0.17800 0.001077990000 
0.17850 0.001047968000 
0.17900 0.001017946000 
0.17950 0.000987924000 
0.18000 0.000958830000 
0.18050 0.000931830000 
0.18100 0.000904828000 
0.18150 0.000877826000 
0.18200 0.000851444000 
0.18250 0.000827212000 
0.18300 0.000802982000 
0.18350 0.000778750000 
0.18400 0.000754838000 
0.18450 0.000733146000 
0.18500 0.000711454000 
0.18550 0.000689760000 
0.18600 0.000668102000 
0.18650 0.000648638000 
0.18700 0.000629174000 
0.18750 0.000609710000 
0.18800 0.000590246000 
0.18850 0.000572634000 
0.18900 0.000555244000 
0.18950 0.000537856000 
0.19000 0.000520466000 
0.19050 0.000504454000 
0.19100 0.000488878000 
0.19150 0.000473304000 
0.19200 0.000457730000 
0.19250 0.000443178000 
0.19300 0.000429268000 
0.19350 0.000415358000 
0.19400 0.000401450000 
0.19450 0.000388234000 
0.19500 0.000375826000 
0.19550 0.000363418000 
0.19600 0.000351010000 
0.19650 0.000339014000 
0.19700 0.000327958000 
0.19750 0.000316902000 
0.19800 0.000305846000 
0.19850 0.000294964000 
0.19900 0.000285126000 
0.19950 0.000275288000 
0.20000 0.000265450000 
0.20050 0.000255612000 
0.20100 0.000246826000 
0.20150 0.000238064000 
0.20200 0.000229302000 
0.20250 0.000220538000 
0.20300 0.000212596000 
0.20350 0.000204842000 
0.20400 0.000197087800 
0.20450 0.000189333200 
0.20500 0.000182147200 
0.20550 0.000175261000 
0.20600 0.000168375000 
0.20650 0.000161488800 
0.20700 0.000155013000 
0.20750 0.000148943200 
0.20800 0.000142873400 
0.20850 0.000136803600 
0.20900 0.000130987400 
0.20950 0.000125618200 
0.21000 0.000120249200 
0.21050 0.000114880000 
0.21100 0.000109660800 
0.21150 0.000104923600 
0.21200 0.000100186600 
0.21250 0.000095449400 
0.21300 0.000090791800 
0.21350 0.000086652200 
0.21400 0.000082512400 
0.21450 0.000078372800 
0.21500 0.000074261400 
0.21550 0.000070633400 
0.21600 0.000067005600 
0.21650 0.000063377800 
0.21700 0.000059754600 
0.21750 0.000056613000 
0.21800 0.000053471600 
0.21850 0.000050330000 
0.21900 0.000047189600 
0.21950 0.000044466000 
0.22000 0.000041742600 
0.22050 0.000039019000 
0.22100 0.000036311200 
0.22150 0.000033970000 
0.22200 0.000031628800 
0.22250 0.000029287600 
0.22300 0.000026995600 
0.22350 0.000025022400 
0.22400 0.000023049200 
0.22450 0.000021076000 
0.22500 0.000019195980 
0.22550 0.000017546300 
0.22600 0.000015896620 
0.22650 0.000014246940 
0.22700 0.000012757080 
0.22750 0.000011418300 
0.22800 0.000010079520 
0.22850 0.000008740740 
0.22900 0.000007644900 
0.22950 0.000006601800 
0.23000 0.000005558680 
0.23050 0.000004578680 
0.23100 0.000003820380 
0.23150 0.000003062080 
0.23200 0.000002303760 
0.23250 0.000001757462 
0.23300 0.000001291304 
0.23350 0.000000825146 
