0.00000 974.578000000000 
0.00050 879.016000000000 
0.00100 783.454000000000 
0.00150 687.892000000000 
0.00200 592.330000000000 
0.00250 521.778000000000 
0.00300 458.690000000000 
0.00350 405.936000000000 
0.00400 362.742000000000 
0.00450 321.952000000000 
0.00500 291.504000000000 
0.00550 261.056000000000 
0.00600 237.256000000000 
0.00650 215.276000000000 
0.00700 195.120400000000 
0.00750 178.931400000000 
0.00800 162.742200000000 
0.00850 149.736600000000 
0.00900 137.606200000000 
0.00950 126.052800000000 
0.01000 116.827400000000 
0.01050 107.602000000000 
0.01100 99.567400000000 
0.01150 92.459000000000 
0.01200 85.350400000000 
0.01250 79.622800000000 
0.01300 74.081800000000 
0.01350 68.726200000000 
0.01400 64.362200000000 
0.01450 59.998400000000 
0.01500 55.989200000000 
0.01550 52.520600000000 
0.01600 49.052000000000 
0.01650 45.996400000000 
0.01700 43.216400000000 
0.01750 40.436400000000 
0.01800 38.069400000000 
0.01850 35.824400000000 
0.01900 33.579400000000 
0.01950 31.718400000000 
0.02000 29.893200000000 
0.02050 28.078000000000 
0.02100 26.584800000000 
0.02150 25.091800000000 
0.02200 23.630600000000 
0.02250 22.402200000000 
0.02300 21.173600000000 
0.02350 19.985300000000 
0.02400 18.969400000000 
0.02450 17.953480000000 
0.02500 16.977880000000 
0.02550 16.133760000000 
0.02600 15.289620000000 
0.02650 14.481880000000 
0.02700 13.777420000000 
0.02750 13.072980000000 
0.02800 12.399020000000 
0.02850 11.808780000000 
0.02900 11.218540000000 
0.02950 10.652300000000 
0.03000 10.155920000000 
0.03050 9.659560000000 
0.03100 9.180760000000 
0.03150 8.761900000000 
0.03200 8.343040000000 
0.03250 7.935840000000 
0.03300 7.581300000000 
0.03350 7.226740000000 
0.03400 6.878580000000 
0.03450 6.577580000000 
0.03500 6.276580000000 
0.03550 5.977460000000 
0.03600 5.721240000000 
0.03650 5.465000000000 
0.03700 5.208780000000 
0.03750 4.988220000000 
0.03800 4.769560000000 
0.03850 4.550880000000 
0.03900 4.358840000000 
0.03950 4.171800000000 
0.04000 3.984740000000 
0.04050 3.816900000000 
0.04100 3.656560000000 
0.04150 3.496220000000 
0.04200 3.349000000000 
0.04250 3.211260000000 
0.04300 3.073540000000 
0.04350 2.944020000000 
0.04400 2.825480000000 
0.04450 2.706940000000 
0.04500 2.592660000000 
0.04550 2.490460000000 
0.04600 2.388240000000 
0.04650 2.287140000000 
0.04700 2.198880000000 
0.04750 2.110600000000 
0.04800 2.022320000000 
0.04850 1.944562000000 
0.04900 1.868196000000 
0.04950 1.791832000000 
0.05000 1.722320000000 
0.05050 1.656158000000 
0.05100 1.589998000000 
0.05150 1.527734000000 
0.05200 1.470332000000 
0.05250 1.412928000000 
0.05300 1.357056000000 
0.05350 1.307182000000 
0.05400 1.257308000000 
0.05450 1.207434000000 
0.05500 1.163698000000 
0.05550 1.120308000000 
0.05600 1.076918000000 
0.05650 1.037302000000 
0.05700 0.999504000000 
0.05750 0.961708000000 
0.05800 0.925782000000 
0.05850 0.892818000000 
0.05900 0.859852000000 
0.05950 0.827242000000 
0.06000 0.798456000000 
0.06050 0.769672000000 
0.06100 0.740886000000 
0.06150 0.714876000000 
0.06200 0.689712000000 
0.06250 0.664548000000 
0.06300 0.640744000000 
0.06350 0.618720000000 
0.06400 0.596698000000 
0.06450 0.574904000000 
0.06500 0.555608000000 
0.06550 0.536312000000 
0.06600 0.517016000000 
0.06650 0.499428000000 
0.06700 0.482502000000 
0.06750 0.465578000000 
0.06800 0.449356000000 
0.06850 0.434496000000 
0.06900 0.419638000000 
0.06950 0.404778000000 
0.07000 0.391618000000 
0.07050 0.378558000000 
0.07100 0.365496000000 
0.07150 0.353276000000 
0.07200 0.341786000000 
0.07250 0.330294000000 
0.07300 0.318954000000 
0.07350 0.308834000000 
0.07400 0.298714000000 
0.07450 0.288594000000 
0.07500 0.279278000000 
0.07550 0.270356000000 
0.07600 0.261434000000 
0.07650 0.252738000000 
0.07700 0.244866000000 
0.07750 0.236992000000 
0.07800 0.229120000000 
0.07850 0.221932000000 
0.07900 0.214978000000 
0.07950 0.208024000000 
0.08000 0.201282000000 
0.08050 0.195133800000 
0.08100 0.188985600000 
0.08150 0.182837200000 
0.08200 0.177229400000 
0.08250 0.171788200000 
0.08300 0.166347000000 
0.08350 0.161062800000 
0.08400 0.156243000000 
0.08450 0.151423200000 
0.08500 0.146603400000 
0.08550 0.142181000000 
0.08600 0.137907400000 
0.08650 0.133633800000 
0.08700 0.129451200000 
0.08750 0.125658800000 
0.08800 0.121866400000 
0.08850 0.118074000000 
0.08900 0.114551800000 
0.08950 0.111182800000 
0.09000 0.107814000000 
0.09050 0.104472600000 
0.09100 0.101477600000 
0.09150 0.098482400000 
0.09200 0.095487400000 
0.09250 0.092656200000 
0.09300 0.089991000000 
0.09350 0.087325800000 
0.09400 0.084660600000 
0.09450 0.082260200000 
0.09500 0.079886600000 
0.09550 0.077513000000 
0.09600 0.075218800000 
0.09650 0.073102600000 
0.09700 0.070986600000 
0.09750 0.068870400000 
0.09800 0.066913600000 
0.09850 0.065025800000 
0.09900 0.063138000000 
0.09950 0.061265200000 
0.10000 0.059579600000 
0.10050 0.057893800000 
0.10100 0.056208200000 
0.10150 0.054601600000 
0.10200 0.053095200000 
0.10250 0.051588800000 
0.10300 0.050082400000 
0.10350 0.048703000000 
0.10400 0.047355600000 
0.10450 0.046008200000 
0.10500 0.044681400000 
0.10550 0.043475400000 
0.10600 0.042269400000 
0.10650 0.041063400000 
0.10700 0.039918200000 
0.10750 0.038837800000 
0.10800 0.037757600000 
0.10850 0.036677400000 
0.10900 0.035687600000 
0.10950 0.034719200000 
0.11000 0.033750800000 
0.11050 0.032795200000 
0.11100 0.031926400000 
0.11150 0.031057600000 
0.11200 0.030188800000 
0.11250 0.029358800000 
0.11300 0.028579000000 
0.11350 0.027799200000 
0.11400 0.027019200000 
0.11450 0.026298000000 
0.11500 0.025597400000 
0.11550 0.024896600000 
0.11600 0.024198200000 
0.11650 0.023568400000 
0.11700 0.022938600000 
0.11750 0.022308800000 
0.11800 0.021699000000 
0.11850 0.021132400000 
0.11900 0.020566000000 
0.11950 0.019999400000 
0.12000 0.019466420000 
0.12050 0.018956660000 
0.12100 0.018446900000 
0.12150 0.017937140000 
0.12200 0.017470880000 
0.12250 0.017011780000 
0.12300 0.016552680000 
0.12350 0.016098960000 
0.12400 0.015685280000 
0.12450 0.015271600000 
0.12500 0.014857900000 
0.12550 0.014459320000 
0.12600 0.014086460000 
0.12650 0.013713600000 
0.12700 0.013340740000 
0.12750 0.012990360000 
0.12800 0.012654140000 
0.12850 0.012317920000 
0.12900 0.011981720000 
0.12950 0.011673380000 
0.13000 0.011370020000 
0.13050 0.011066640000 
0.13100 0.010765540000 
0.13150 0.010491800000 
0.13200 0.010218040000 
0.13250 0.009944280000 
0.13300 0.009678380000 
0.13350 0.009431200000 
0.13400 0.009184000000 
0.13450 0.008936820000 
0.13500 0.008701760000 
0.13550 0.008478480000 
0.13600 0.008255220000 
0.13650 0.008031960000 
0.13700 0.007824040000 
0.13750 0.007622400000 
0.13800 0.007420780000 
0.13850 0.007219140000 
0.13900 0.007035040000 
0.13950 0.006852860000 
0.14000 0.006670660000 
0.14050 0.006489980000 
0.14100 0.006325400000 
0.14150 0.006160800000 
0.14200 0.005996200000 
0.14250 0.005835740000 
0.14300 0.005686980000 
0.14350 0.005538220000 
0.14400 0.005389460000 
0.14450 0.005246800000 
0.14500 0.005112320000 
0.14550 0.004977860000 
0.14600 0.004843400000 
0.14650 0.004716440000 
0.14700 0.004594900000 
0.14750 0.004473360000 
0.14800 0.004351820000 
0.14850 0.004238800000 
0.14900 0.004129000000 
0.14950 0.004019200000 
0.15000 0.003909400000 
0.15050 0.003808680000 
0.15100 0.003709440000 
0.15150 0.003610220000 
0.15200 0.003510980000 
0.15250 0.003421140000 
0.15300 0.003331460000 
0.15350 0.003241800000 
0.15400 0.003152920000 
0.15450 0.003071960000 
0.15500 0.002991000000 
0.15550 0.002910040000 
0.15600 0.002830560000 
0.15650 0.002757440000 
0.15700 0.002684320000 
0.15750 0.002611180000 
0.15800 0.002540000000 
0.15850 0.002473920000 
0.15900 0.002407840000 
0.15950 0.002341760000 
0.16000 0.002277960000 
0.16050 0.002218340000 
0.16100 0.002158740000 
0.16150 0.002099140000 
0.16200 0.002041920000 
0.16250 0.001988136000 
0.16300 0.001934350000 
0.16350 0.001880566000 
0.16400 0.001829194000 
0.16450 0.001780684000 
0.16500 0.001732174000 
0.16550 0.001683664000 
0.16600 0.001637514000 
0.16650 0.001593822000 
0.16700 0.001550130000 
0.16750 0.001506436000 
0.16800 0.001464922000 
0.16850 0.001425516000 
0.16900 0.001386110000 
0.16950 0.001346704000 
0.17000 0.001309322000 
0.17050 0.001273872000 
0.17100 0.001238422000 
0.17150 0.001202974000 
0.17200 0.001169280000 
0.17250 0.001137342000 
0.17300 0.001105404000 
0.17350 0.001073468000 
0.17400 0.001043052000 
0.17450 0.001014328000 
0.17500 0.000985604000 
0.17550 0.000956880000 
0.17600 0.000929430000 
0.17650 0.000903644000 
0.17700 0.000877860000 
0.17750 0.000852074000 
0.17800 0.000827282000 
0.17850 0.000804124000 
0.17900 0.000780968000 
0.17950 0.000757810000 
0.18000 0.000735376000 
0.18050 0.000714566000 
0.18100 0.000693756000 
0.18150 0.000672948000 
0.18200 0.000652618000 
0.18250 0.000633958000 
0.18300 0.000615300000 
0.18350 0.000596640000 
0.18400 0.000578228000 
0.18450 0.000561536000 
0.18500 0.000544844000 
0.18550 0.000528152000 
0.18600 0.000511488000 
0.18650 0.000496522000 
0.18700 0.000481558000 
0.18750 0.000466594000 
0.18800 0.000451628000 
0.18850 0.000438096000 
0.18900 0.000424736000 
0.18950 0.000411376000 
0.19000 0.000398018000 
0.19050 0.000385722000 
0.19100 0.000373766000 
0.19150 0.000361808000 
0.19200 0.000349852000 
0.19250 0.000338686000 
0.19300 0.000328016000 
0.19350 0.000317346000 
0.19400 0.000306676000 
0.19450 0.000296542000 
0.19500 0.000287030000 
0.19550 0.000277518000 
0.19600 0.000268008000 
0.19650 0.000258814000 
0.19700 0.000250344000 
0.19750 0.000241876000 
0.19800 0.000233406000 
0.19850 0.000225072000 
0.19900 0.000217540000 
0.19950 0.000210010000 
0.20000 0.000202480000 
0.20050 0.000194949000 
0.20100 0.000188227800 
0.20150 0.000181525000 
0.20200 0.000174822200 
0.20250 0.000168119600 
0.20300 0.000162047800 
0.20350 0.000156120000 
0.20400 0.000150192200 
0.20450 0.000144264200 
0.20500 0.000138773400 
0.20550 0.000133513000 
0.20600 0.000128252600 
0.20650 0.000122992200 
0.20700 0.000118046600 
0.20750 0.000113412800 
0.20800 0.000108779000 
0.20850 0.000104145000 
0.20900 0.000099705600 
0.20950 0.000095609400 
0.21000 0.000091513200 
0.21050 0.000087417000 
0.21100 0.000083435600 
0.21150 0.000079824000 
0.21200 0.000076212200 
0.21250 0.000072600400 
0.21300 0.000069049600 
0.21350 0.000065895200 
0.21400 0.000062741000 
0.21450 0.000059586600 
0.21500 0.000056453800 
0.21550 0.000053691200 
0.21600 0.000050928600 
0.21650 0.000048166000 
0.21700 0.000045407000 
0.21750 0.000043016000 
0.21800 0.000040625200 
0.21850 0.000038234400 
0.21900 0.000035844200 
0.21950 0.000033772600 
0.22000 0.000031701200 
0.22050 0.000029629600 
0.22100 0.000027570200 
0.22150 0.000025790600 
0.22200 0.000024010800 
0.22250 0.000022231200 
0.22300 0.000020489000 
0.22350 0.000018989880 
0.22400 0.000017490780 
0.22450 0.000015991700 
0.22500 0.000014563620 
0.22550 0.000013311020 
0.22600 0.000012058420 
0.22650 0.000010805820 
0.22700 0.000009674860 
0.22750 0.000008658880 
0.22800 0.000007642900 
0.22850 0.000006626920 
0.22900 0.000005795640 
0.22950 0.000005004460 
0.23000 0.000004213300 
0.23050 0.000003470060 
0.23100 0.000002895200 
0.23150 0.000002320340 
0.23200 0.000001745472 
0.23250 0.000001331460 
0.23300 0.000000978252 
0.23350 0.000000625042 
