0.00000 915.308000000000 
0.00050 824.602000000000 
0.00100 733.896000000000 
0.00150 643.190000000000 
0.00200 552.484000000000 
0.00250 485.806000000000 
0.00300 426.298000000000 
0.00350 376.644000000000 
0.00400 336.106000000000 
0.00450 297.850000000000 
0.00500 269.398000000000 
0.00550 240.946000000000 
0.00600 218.766000000000 
0.00650 198.303400000000 
0.00700 179.554800000000 
0.00750 164.533400000000 
0.00800 149.512000000000 
0.00850 137.470600000000 
0.00900 126.248600000000 
0.00950 115.564600000000 
0.01000 107.052400000000 
0.01050 98.540200000000 
0.01100 91.135600000000 
0.01150 84.592200000000 
0.01200 78.048600000000 
0.01250 72.785800000000 
0.01300 67.696000000000 
0.01350 62.777800000000 
0.01400 58.777000000000 
0.01450 54.776200000000 
0.01500 51.102600000000 
0.01550 47.927800000000 
0.01600 44.753200000000 
0.01650 41.958800000000 
0.01700 39.418200000000 
0.01750 36.877400000000 
0.01800 34.716400000000 
0.01850 32.667400000000 
0.01900 30.618400000000 
0.01950 28.921600000000 
0.02000 27.257600000000 
0.02050 25.602800000000 
0.02100 24.242800000000 
0.02150 22.882800000000 
0.02200 21.552200000000 
0.02250 20.434200000000 
0.02300 19.316200000000 
0.02350 18.234820000000 
0.02400 17.310860000000 
0.02450 16.386920000000 
0.02500 15.499720000000 
0.02550 14.732380000000 
0.02600 13.965020000000 
0.02650 13.230820000000 
0.02700 12.590660000000 
0.02750 11.950500000000 
0.02800 11.338100000000 
0.02850 10.801820000000 
0.02900 10.265560000000 
0.02950 9.751100000000 
0.03000 9.300120000000 
0.03050 8.849160000000 
0.03100 8.414160000000 
0.03150 8.033580000000 
0.03200 7.653000000000 
0.03250 7.283000000000 
0.03300 6.960780000000 
0.03350 6.638540000000 
0.03400 6.322120000000 
0.03450 6.048460000000 
0.03500 5.774780000000 
0.03550 5.502840000000 
0.03600 5.269760000000 
0.03650 5.036680000000 
0.03700 4.803600000000 
0.03750 4.602840000000 
0.03800 4.403800000000 
0.03850 4.204760000000 
0.03900 4.029840000000 
0.03950 3.859440000000 
0.04000 3.689040000000 
0.04050 3.536040000000 
0.04100 3.389840000000 
0.04150 3.243640000000 
0.04200 3.109340000000 
0.04250 2.983600000000 
0.04300 2.857880000000 
0.04350 2.739620000000 
0.04400 2.631280000000 
0.04450 2.522940000000 
0.04500 2.418480000000 
0.04550 2.324940000000 
0.04600 2.231420000000 
0.04650 2.138900000000 
0.04700 2.058000000000 
0.04750 1.977092000000 
0.04800 1.896192000000 
0.04850 1.824836000000 
0.04900 1.754742000000 
0.04950 1.684646000000 
0.05000 1.620772000000 
0.05050 1.559940000000 
0.05100 1.499106000000 
0.05150 1.441812000000 
0.05200 1.388936000000 
0.05250 1.336058000000 
0.05300 1.284572000000 
0.05350 1.238538000000 
0.05400 1.192504000000 
0.05450 1.146472000000 
0.05500 1.106024000000 
0.05550 1.065892000000 
0.05600 1.025758000000 
0.05650 0.989064000000 
0.05700 0.954026000000 
0.05750 0.918988000000 
0.05800 0.885658000000 
0.05850 0.855028000000 
0.05900 0.824398000000 
0.05950 0.794092000000 
0.06000 0.767278000000 
0.06050 0.740466000000 
0.06100 0.713654000000 
0.06150 0.689380000000 
0.06200 0.665878000000 
0.06250 0.642378000000 
0.06300 0.620122000000 
0.06350 0.599500000000 
0.06400 0.578876000000 
0.06450 0.558462000000 
0.06500 0.540342000000 
0.06550 0.522220000000 
0.06600 0.504100000000 
0.06650 0.487548000000 
0.06700 0.471608000000 
0.06750 0.455666000000 
0.06800 0.440372000000 
0.06850 0.426334000000 
0.06900 0.412294000000 
0.06950 0.398254000000 
0.07000 0.385784000000 
0.07050 0.373404000000 
0.07100 0.361026000000 
0.07150 0.349424000000 
0.07200 0.338496000000 
0.07250 0.327568000000 
0.07300 0.316780000000 
0.07350 0.307124000000 
0.07400 0.297466000000 
0.07450 0.287810000000 
0.07500 0.278898000000 
0.07550 0.270354000000 
0.07600 0.261812000000 
0.07650 0.253478000000 
0.07700 0.245910000000 
0.07750 0.238344000000 
0.07800 0.230776000000 
0.07850 0.223850000000 
0.07900 0.217140000000 
0.07950 0.210432000000 
0.08000 0.203920000000 
0.08050 0.197965400000 
0.08100 0.192010600000 
0.08150 0.186055800000 
0.08200 0.180608200000 
0.08250 0.175316800000 
0.08300 0.170025600000 
0.08350 0.164882200000 
0.08400 0.160175800000 
0.08450 0.155469600000 
0.08500 0.150763200000 
0.08550 0.146432200000 
0.08600 0.142241600000 
0.08650 0.138051000000 
0.08700 0.133946400000 
0.08750 0.130211600000 
0.08800 0.126477000000 
0.08850 0.122742200000 
0.08900 0.119263800000 
0.08950 0.115931200000 
0.09000 0.112598600000 
0.09050 0.109292200000 
0.09100 0.106316000000 
0.09150 0.103339600000 
0.09200 0.100363400000 
0.09250 0.097544000000 
0.09300 0.094883000000 
0.09350 0.092222200000 
0.09400 0.089561200000 
0.09450 0.087154600000 
0.09500 0.084773600000 
0.09550 0.082392600000 
0.09600 0.080088000000 
0.09650 0.077954800000 
0.09700 0.075821800000 
0.09750 0.073688600000 
0.09800 0.071709400000 
0.09850 0.069797000000 
0.09900 0.067884400000 
0.09950 0.065986800000 
0.10000 0.064270400000 
0.10050 0.062554000000 
0.10100 0.060837600000 
0.10150 0.059198400000 
0.10200 0.057656600000 
0.10250 0.056114800000 
0.10300 0.054573000000 
0.10350 0.053155400000 
0.10400 0.051769200000 
0.10450 0.050382800000 
0.10500 0.049016800000 
0.10550 0.047769200000 
0.10600 0.046521800000 
0.10650 0.045274200000 
0.10700 0.044086600000 
0.10750 0.042963000000 
0.10800 0.041839400000 
0.10850 0.040715800000 
0.10900 0.039681800000 
0.10950 0.038669000000 
0.11000 0.037656200000 
0.11050 0.036656000000 
0.11100 0.035742200000 
0.11150 0.034828200000 
0.11200 0.033914400000 
0.11250 0.033039400000 
0.11300 0.032214400000 
0.11350 0.031389400000 
0.11400 0.030564400000 
0.11450 0.029798200000 
0.11500 0.029052600000 
0.11550 0.028307000000 
0.11600 0.027563600000 
0.11650 0.026889400000 
0.11700 0.026215400000 
0.11750 0.025541200000 
0.11800 0.024887200000 
0.11850 0.024277000000 
0.11900 0.023667000000 
0.11950 0.023056800000 
0.12000 0.022480800000 
0.12050 0.021928600000 
0.12100 0.021376200000 
0.12150 0.020824000000 
0.12200 0.020316200000 
0.12250 0.019815600000 
0.12300 0.019315080000 
0.12350 0.018820100000 
0.12400 0.018366220000 
0.12450 0.017912360000 
0.12500 0.017458480000 
0.12550 0.017020240000 
0.12600 0.016608560000 
0.12650 0.016196900000 
0.12700 0.015785220000 
0.12750 0.015396920000 
0.12800 0.015023340000 
0.12850 0.014649760000 
0.12900 0.014276180000 
0.12950 0.013931720000 
0.13000 0.013592420000 
0.13050 0.013253120000 
0.13100 0.012916220000 
0.13150 0.012608040000 
0.13200 0.012299860000 
0.13250 0.011991680000 
0.13300 0.011691800000 
0.13350 0.011411680000 
0.13400 0.011131560000 
0.13450 0.010851420000 
0.13500 0.010584160000 
0.13550 0.010329440000 
0.13600 0.010074700000 
0.13650 0.009819980000 
0.13700 0.009581640000 
0.13750 0.009350060000 
0.13800 0.009118480000 
0.13850 0.008886900000 
0.13900 0.008674140000 
0.13950 0.008463440000 
0.14000 0.008252740000 
0.14050 0.008043680000 
0.14100 0.007852040000 
0.14150 0.007660420000 
0.14200 0.007468780000 
0.14250 0.007281640000 
0.14300 0.007107240000 
0.14350 0.006932820000 
0.14400 0.006758420000 
0.14450 0.006590680000 
0.14500 0.006431920000 
0.14550 0.006273160000 
0.14600 0.006114420000 
0.14650 0.005963940000 
0.14700 0.005819440000 
0.14750 0.005674920000 
0.14800 0.005530420000 
0.14850 0.005395380000 
0.14900 0.005263940000 
0.14950 0.005132500000 
0.15000 0.005001040000 
0.15050 0.004879740000 
0.15100 0.004760100000 
0.15150 0.004640460000 
0.15200 0.004520820000 
0.15250 0.004411760000 
0.15300 0.004302880000 
0.15350 0.004193980000 
0.15400 0.004086020000 
0.15450 0.003987040000 
0.15500 0.003888040000 
0.15550 0.003789060000 
0.15600 0.003691780000 
0.15650 0.003601720000 
0.15700 0.003511680000 
0.15750 0.003421620000 
0.15800 0.003333820000 
0.15850 0.003251840000 
0.15900 0.003169880000 
0.15950 0.003087900000 
0.16000 0.003008580000 
0.16050 0.002934120000 
0.16100 0.002859660000 
0.16150 0.002785220000 
0.16200 0.002713560000 
0.16250 0.002645900000 
0.16300 0.002578240000 
0.16350 0.002510580000 
0.16400 0.002445760000 
0.16450 0.002384300000 
0.16500 0.002322840000 
0.16550 0.002261380000 
0.16600 0.002202720000 
0.16650 0.002147000000 
0.16700 0.002091260000 
0.16750 0.002035520000 
0.16800 0.001982372000 
0.16850 0.001931734000 
0.16900 0.001881098000 
0.16950 0.001830462000 
0.17000 0.001782264000 
0.17050 0.001736400000 
0.17100 0.001690534000 
0.17150 0.001644670000 
0.17200 0.001600926000 
0.17250 0.001559304000 
0.17300 0.001517682000 
0.17350 0.001476060000 
0.17400 0.001436298000 
0.17450 0.001398600000 
0.17500 0.001360902000 
0.17550 0.001323206000 
0.17600 0.001287080000 
0.17650 0.001253012000 
0.17700 0.001218946000 
0.17750 0.001184878000 
0.17800 0.001152040000 
0.17850 0.001121232000 
0.17900 0.001090424000 
0.17950 0.001059614000 
0.18000 0.001029706000 
0.18050 0.001001822000 
0.18100 0.000973938000 
0.18150 0.000946054000 
0.18200 0.000918776000 
0.18250 0.000893602000 
0.18300 0.000868428000 
0.18350 0.000843254000 
0.18400 0.000818394000 
0.18450 0.000795726000 
0.18500 0.000773060000 
0.18550 0.000750392000 
0.18600 0.000727758000 
0.18650 0.000707292000 
0.18700 0.000686828000 
0.18750 0.000666362000 
0.18800 0.000645898000 
0.18850 0.000627286000 
0.18900 0.000608898000 
0.18950 0.000590510000 
0.19000 0.000572122000 
0.19050 0.000555110000 
0.19100 0.000538540000 
0.19150 0.000521968000 
0.19200 0.000505398000 
0.19250 0.000489862000 
0.19300 0.000474974000 
0.19350 0.000460088000 
0.19400 0.000445202000 
0.19450 0.000431022000 
0.19500 0.000417666000 
0.19550 0.000404308000 
0.19600 0.000390950000 
0.19650 0.000378014000 
0.19700 0.000366044000 
0.19750 0.000354074000 
0.19800 0.000342102000 
0.19850 0.000330310000 
0.19900 0.000319598000 
0.19950 0.000308884000 
0.20000 0.000298170000 
0.20050 0.000287456000 
0.20100 0.000277832000 
0.20150 0.000268232000 
0.20200 0.000258634000 
0.20250 0.000249034000 
0.20300 0.000240296000 
0.20350 0.000231754000 
0.20400 0.000223212000 
0.20450 0.000214670000 
0.20500 0.000206726000 
0.20550 0.000199096200 
0.20600 0.000191466400 
0.20650 0.000183836600 
0.20700 0.000176643200 
0.20750 0.000169881600 
0.20800 0.000163120000 
0.20850 0.000156358400 
0.20900 0.000149866600 
0.20950 0.000143850800 
0.21000 0.000137834800 
0.21050 0.000131819000 
0.21100 0.000125963800 
0.21150 0.000120625400 
0.21200 0.000115287000 
0.21250 0.000109948600 
0.21300 0.000104696600 
0.21350 0.000100006800 
0.21400 0.000095317000 
0.21450 0.000090627200 
0.21500 0.000085968200 
0.21550 0.000081834800 
0.21600 0.000077701600 
0.21650 0.000073568200 
0.21700 0.000069440000 
0.21750 0.000065842000 
0.21800 0.000062244000 
0.21850 0.000058646000 
0.21900 0.000055049000 
0.21950 0.000051912200 
0.22000 0.000048775400 
0.22050 0.000045638600 
0.22100 0.000042519400 
0.22150 0.000039808000 
0.22200 0.000037096600 
0.22250 0.000034385200 
0.22300 0.000031729000 
0.22350 0.000029432000 
0.22400 0.000027135000 
0.22450 0.000024838000 
0.22500 0.000022646400 
0.22550 0.000020715600 
0.22600 0.000018784740 
0.22650 0.000016853860 
0.22700 0.000015105860 
0.22750 0.000013530660 
0.22800 0.000011955480 
0.22850 0.000010380280 
0.22900 0.000009085700 
0.22950 0.000007852020 
0.23000 0.000006618340 
0.23050 0.000005458280 
0.23100 0.000004556800 
0.23150 0.000003655300 
0.23200 0.000002753820 
0.23250 0.000002102380 
0.23300 0.000001545464 
0.23350 0.000000988548 
