0.00000 820.554000000000 
0.00050 738.052000000000 
0.00100 655.550000000000 
0.00150 573.048000000000 
0.00200 490.546000000000 
0.00250 430.196000000000 
0.00300 376.454000000000 
0.00350 331.736000000000 
0.00400 295.364000000000 
0.00450 261.066000000000 
0.00500 235.690000000000 
0.00550 210.312000000000 
0.00600 190.608200000000 
0.00650 172.456800000000 
0.00700 155.847200000000 
0.00750 142.590000000000 
0.00800 129.332800000000 
0.00850 118.742600000000 
0.00900 108.885400000000 
0.00950 99.507400000000 
0.01000 92.063800000000 
0.01050 84.620200000000 
0.01100 78.158400000000 
0.01150 72.460400000000 
0.01200 66.762200000000 
0.01250 62.194600000000 
0.01300 57.779800000000 
0.01350 53.515600000000 
0.01400 50.058200000000 
0.01450 46.600800000000 
0.01500 43.429800000000 
0.01550 40.695800000000 
0.01600 37.962000000000 
0.01650 35.559800000000 
0.01700 33.379200000000 
0.01750 31.198400000000 
0.01800 29.347600000000 
0.01850 27.594400000000 
0.01900 25.841200000000 
0.01950 24.393000000000 
0.02000 22.973400000000 
0.02050 21.561800000000 
0.02100 20.404800000000 
0.02150 19.247720000000 
0.02200 18.115900000000 
0.02250 17.167220000000 
0.02300 16.218540000000 
0.02350 15.301280000000 
0.02400 14.519160000000 
0.02450 13.737040000000 
0.02500 12.986380000000 
0.02550 12.338300000000 
0.02600 11.690240000000 
0.02650 11.070460000000 
0.02700 10.530960000000 
0.02750 9.991480000000 
0.02800 9.475620000000 
0.02850 9.024600000000 
0.02900 8.573560000000 
0.02950 8.141040000000 
0.03000 7.762460000000 
0.03050 7.383880000000 
0.03100 7.018820000000 
0.03150 6.699880000000 
0.03200 6.380940000000 
0.03250 6.070920000000 
0.03300 5.801300000000 
0.03350 5.531680000000 
0.03400 5.266960000000 
0.03450 5.038320000000 
0.03500 4.809660000000 
0.03550 4.582460000000 
0.03600 4.387960000000 
0.03650 4.193480000000 
0.03700 3.999000000000 
0.03750 3.831660000000 
0.03800 3.665780000000 
0.03850 3.499900000000 
0.03900 3.354240000000 
0.03950 3.212380000000 
0.04000 3.070520000000 
0.04050 2.943200000000 
0.04100 2.821600000000 
0.04150 2.699980000000 
0.04200 2.588320000000 
0.04250 2.483840000000 
0.04300 2.379340000000 
0.04350 2.281080000000 
0.04400 2.191100000000 
0.04450 2.101120000000 
0.04500 2.014380000000 
0.04550 1.936734000000 
0.04600 1.859094000000 
0.04650 1.782296000000 
0.04700 1.715172000000 
0.04750 1.648048000000 
0.04800 1.580924000000 
0.04850 1.521736000000 
0.04900 1.463596000000 
0.04950 1.405456000000 
0.05000 1.352482000000 
0.05050 1.302034000000 
0.05100 1.251586000000 
0.05150 1.204076000000 
0.05200 1.160230000000 
0.05250 1.116384000000 
0.05300 1.073690000000 
0.05350 1.035518000000 
0.05400 0.997346000000 
0.05450 0.959174000000 
0.05500 0.925630000000 
0.05550 0.892346000000 
0.05600 0.859064000000 
0.05650 0.828626000000 
0.05700 0.799560000000 
0.05750 0.770496000000 
0.05800 0.742842000000 
0.05850 0.717426000000 
0.05900 0.692008000000 
0.05950 0.666856000000 
0.06000 0.644596000000 
0.06050 0.622336000000 
0.06100 0.600076000000 
0.06150 0.579916000000 
0.06200 0.560394000000 
0.06250 0.540872000000 
0.06300 0.522380000000 
0.06350 0.505236000000 
0.06400 0.488094000000 
0.06450 0.471124000000 
0.06500 0.456050000000 
0.06550 0.440976000000 
0.06600 0.425902000000 
0.06650 0.412124000000 
0.06700 0.398852000000 
0.06750 0.385580000000 
0.06800 0.372842000000 
0.06850 0.361142000000 
0.06900 0.349442000000 
0.06950 0.337742000000 
0.07000 0.327338000000 
0.07050 0.317012000000 
0.07100 0.306684000000 
0.07150 0.296998000000 
0.07200 0.287872000000 
0.07250 0.278744000000 
0.07300 0.269734000000 
0.07350 0.261658000000 
0.07400 0.253582000000 
0.07450 0.245506000000 
0.07500 0.238048000000 
0.07550 0.230894000000 
0.07600 0.223740000000 
0.07650 0.216760000000 
0.07700 0.210414000000 
0.07750 0.204070000000 
0.07800 0.197724000000 
0.07850 0.191909200000 
0.07900 0.186274800000 
0.07950 0.180640600000 
0.08000 0.175170400000 
0.08050 0.170161600000 
0.08100 0.165152800000 
0.08150 0.160144200000 
0.08200 0.155556400000 
0.08250 0.151098400000 
0.08300 0.146640400000 
0.08350 0.142305400000 
0.08400 0.138333400000 
0.08450 0.134361400000 
0.08500 0.130389400000 
0.08550 0.126729200000 
0.08600 0.123186000000 
0.08650 0.119642800000 
0.08700 0.116171400000 
0.08750 0.113007800000 
0.08800 0.109844200000 
0.08850 0.106680400000 
0.08900 0.103730400000 
0.08950 0.100902000000 
0.09000 0.098073400000 
0.09050 0.095266600000 
0.09100 0.092735400000 
0.09150 0.090204200000 
0.09200 0.087673000000 
0.09250 0.085272800000 
0.09300 0.083005200000 
0.09350 0.080737400000 
0.09400 0.078469600000 
0.09450 0.076414600000 
0.09500 0.074381000000 
0.09550 0.072347400000 
0.09600 0.070378000000 
0.09650 0.068552000000 
0.09700 0.066726200000 
0.09750 0.064900200000 
0.09800 0.063203400000 
0.09850 0.061562800000 
0.09900 0.059922000000 
0.09950 0.058293600000 
0.10000 0.056817800000 
0.10050 0.055341800000 
0.10100 0.053865800000 
0.10150 0.052454800000 
0.10200 0.051125800000 
0.10250 0.049796800000 
0.10300 0.048467800000 
0.10350 0.047243400000 
0.10400 0.046045600000 
0.10450 0.044847800000 
0.10500 0.043667000000 
0.10550 0.042586200000 
0.10600 0.041505600000 
0.10650 0.040425000000 
0.10700 0.039395000000 
0.10750 0.038419200000 
0.10800 0.037443400000 
0.10850 0.036467600000 
0.10900 0.035567800000 
0.10950 0.034686000000 
0.11000 0.033804000000 
0.11050 0.032933000000 
0.11100 0.032135000000 
0.11150 0.031337200000 
0.11200 0.030539200000 
0.11250 0.029774600000 
0.11300 0.029052400000 
0.11350 0.028330200000 
0.11400 0.027608200000 
0.11450 0.026936000000 
0.11500 0.026281600000 
0.11550 0.025627200000 
0.11600 0.024974600000 
0.11650 0.024381400000 
0.11700 0.023788000000 
0.11750 0.023194600000 
0.11800 0.022618600000 
0.11850 0.022080000000 
0.11900 0.021541400000 
0.11950 0.021002800000 
0.12000 0.020493800000 
0.12050 0.020004800000 
0.12100 0.019516020000 
0.12150 0.019027180000 
0.12200 0.018576600000 
0.12250 0.018132320000 
0.12300 0.017688020000 
0.12350 0.017248500000 
0.12400 0.016844440000 
0.12450 0.016440380000 
0.12500 0.016036320000 
0.12550 0.015645760000 
0.12600 0.015278200000 
0.12650 0.014910640000 
0.12700 0.014543100000 
0.12750 0.014195820000 
0.12800 0.013861300000 
0.12850 0.013526780000 
0.12900 0.013192260000 
0.12950 0.012883040000 
0.13000 0.012578300000 
0.13050 0.012273580000 
0.13100 0.011970920000 
0.13150 0.011693320000 
0.13200 0.011415720000 
0.13250 0.011138140000 
0.13300 0.010867780000 
0.13350 0.010614680000 
0.13400 0.010361600000 
0.13450 0.010108500000 
0.13500 0.009866680000 
0.13550 0.009635820000 
0.13600 0.009404980000 
0.13650 0.009174140000 
0.13700 0.008957720000 
0.13750 0.008747220000 
0.13800 0.008536720000 
0.13850 0.008326220000 
0.13900 0.008132320000 
0.13950 0.007940220000 
0.14000 0.007748120000 
0.14050 0.007557460000 
0.14100 0.007382220000 
0.14150 0.007207000000 
0.14200 0.007031760000 
0.14250 0.006860500000 
0.14300 0.006700520000 
0.14350 0.006540540000 
0.14400 0.006380560000 
0.14450 0.006226520000 
0.14500 0.006080460000 
0.14550 0.005934400000 
0.14600 0.005788340000 
0.14650 0.005649660000 
0.14700 0.005516300000 
0.14750 0.005382940000 
0.14800 0.005249580000 
0.14850 0.005124700000 
0.14900 0.005003040000 
0.14950 0.004881380000 
0.15000 0.004759720000 
0.15050 0.004647140000 
0.15100 0.004536080000 
0.15150 0.004425000000 
0.15200 0.004313920000 
0.15250 0.004212360000 
0.15300 0.004110960000 
0.15350 0.004009580000 
0.15400 0.003909000000 
0.15450 0.003816560000 
0.15500 0.003724100000 
0.15550 0.003631660000 
0.15600 0.003540740000 
0.15650 0.003456400000 
0.15700 0.003372040000 
0.15750 0.003287680000 
0.15800 0.003205360000 
0.15850 0.003128340000 
0.15900 0.003051320000 
0.15950 0.002974300000 
0.16000 0.002899700000 
0.16050 0.002829540000 
0.16100 0.002759380000 
0.16150 0.002689220000 
0.16200 0.002621620000 
0.16250 0.002557680000 
0.16300 0.002493740000 
0.16350 0.002429800000 
0.16400 0.002368460000 
0.16450 0.002310200000 
0.16500 0.002251960000 
0.16550 0.002193700000 
0.16600 0.002138040000 
0.16650 0.002085060000 
0.16700 0.002032080000 
0.16750 0.001979110000 
0.16800 0.001928524000 
0.16850 0.001880254000 
0.16900 0.001831984000 
0.16950 0.001783714000 
0.17000 0.001737708000 
0.17050 0.001693868000 
0.17100 0.001650026000 
0.17150 0.001606186000 
0.17200 0.001564316000 
0.17250 0.001524416000 
0.17300 0.001484514000 
0.17350 0.001444614000 
0.17400 0.001406450000 
0.17450 0.001370212000 
0.17500 0.001333976000 
0.17550 0.001297738000 
0.17600 0.001262974000 
0.17650 0.001230140000 
0.17700 0.001197306000 
0.17750 0.001164472000 
0.17800 0.001132792000 
0.17850 0.001103020000 
0.17900 0.001073246000 
0.17950 0.001043472000 
0.18000 0.001014546000 
0.18050 0.000987524000 
0.18100 0.000960504000 
0.18150 0.000933482000 
0.18200 0.000907034000 
0.18250 0.000882574000 
0.18300 0.000858114000 
0.18350 0.000833656000 
0.18400 0.000809496000 
0.18450 0.000787416000 
0.18500 0.000765338000 
0.18550 0.000743260000 
0.18600 0.000721214000 
0.18650 0.000701226000 
0.18700 0.000681240000 
0.18750 0.000661254000 
0.18800 0.000641268000 
0.18850 0.000623052000 
0.18900 0.000605050000 
0.18950 0.000587050000 
0.19000 0.000569048000 
0.19050 0.000552364000 
0.19100 0.000536100000 
0.19150 0.000519836000 
0.19200 0.000503570000 
0.19250 0.000488300000 
0.19300 0.000473654000 
0.19350 0.000459008000 
0.19400 0.000444360000 
0.19450 0.000430396000 
0.19500 0.000417222000 
0.19550 0.000404048000 
0.19600 0.000390874000 
0.19650 0.000378108000 
0.19700 0.000366274000 
0.19750 0.000354440000 
0.19800 0.000342606000 
0.19850 0.000330944000 
0.19900 0.000320328000 
0.19950 0.000309712000 
0.20000 0.000299096000 
0.20050 0.000288480000 
0.20100 0.000278920000 
0.20150 0.000269386000 
0.20200 0.000259850000 
0.20250 0.000250316000 
0.20300 0.000241620000 
0.20350 0.000233118000 
0.20400 0.000224616000 
0.20450 0.000216114000 
0.20500 0.000208192000 
0.20550 0.000200580000 
0.20600 0.000192967600 
0.20650 0.000185354800 
0.20700 0.000178170200 
0.20750 0.000171409600 
0.20800 0.000164648800 
0.20850 0.000157888200 
0.20900 0.000151392400 
0.20950 0.000145363600 
0.21000 0.000139334800 
0.21050 0.000133306200 
0.21100 0.000127435600 
0.21150 0.000122074000 
0.21200 0.000116712200 
0.21250 0.000111350600 
0.21300 0.000106074400 
0.21350 0.000101354600 
0.21400 0.000096634800 
0.21450 0.000091915000 
0.21500 0.000087225600 
0.21550 0.000083056800 
0.21600 0.000078888000 
0.21650 0.000074719200 
0.21700 0.000070555600 
0.21750 0.000066919600 
0.21800 0.000063283400 
0.21850 0.000059647400 
0.21900 0.000056012400 
0.21950 0.000052835800 
0.22000 0.000049659200 
0.22050 0.000046482600 
0.22100 0.000043323400 
0.22150 0.000040571800 
0.22200 0.000037820400 
0.22250 0.000035069000 
0.22300 0.000032373000 
0.22350 0.000030037600 
0.22400 0.000027702200 
0.22450 0.000025366800 
0.22500 0.000023137400 
0.22550 0.000021170400 
0.22600 0.000019203320 
0.22650 0.000017236260 
0.22700 0.000015453900 
0.22750 0.000013846120 
0.22800 0.000012238360 
0.22850 0.000010630580 
0.22900 0.000009307280 
0.22950 0.000008045720 
0.23000 0.000006784180 
0.23050 0.000005597520 
0.23100 0.000004673940 
0.23150 0.000003750380 
0.23200 0.000002826800 
0.23250 0.000002158680 
0.23300 0.000001587114 
0.23350 0.000001015550 
