0.00000 784.856000000000 
0.00050 704.008000000000 
0.00100 623.158000000000 
0.00150 542.310000000000 
0.00200 461.462000000000 
0.00250 402.834000000000 
0.00300 350.836000000000 
0.00350 307.774000000000 
0.00400 272.978000000000 
0.00450 240.214000000000 
0.00500 216.184000000000 
0.00550 192.153800000000 
0.00600 173.621600000000 
0.00650 156.593800000000 
0.00700 141.046200000000 
0.00750 128.716800000000 
0.00800 116.387200000000 
0.00850 106.595400000000 
0.00900 97.501200000000 
0.00950 88.859400000000 
0.01000 82.043000000000 
0.01050 75.226600000000 
0.01100 69.330000000000 
0.01150 64.148600000000 
0.01200 58.967000000000 
0.01250 54.836600000000 
0.01300 50.848200000000 
0.01350 46.999200000000 
0.01400 43.895000000000 
0.01450 40.790800000000 
0.01500 37.949400000000 
0.01550 35.509000000000 
0.01600 33.068600000000 
0.01650 30.930800000000 
0.01700 28.994600000000 
0.01750 27.058600000000 
0.01800 25.421800000000 
0.01850 23.873200000000 
0.01900 22.324800000000 
0.01950 21.051200000000 
0.02000 19.803400000000 
0.02050 18.562680000000 
0.02100 17.550260000000 
0.02150 16.537840000000 
0.02200 15.547900000000 
0.02250 14.721320000000 
0.02300 13.894740000000 
0.02350 13.096040000000 
0.02400 12.417280000000 
0.02450 11.738520000000 
0.02500 11.087560000000 
0.02550 10.527220000000 
0.02600 9.966900000000 
0.02650 9.431440000000 
0.02700 8.966600000000 
0.02750 8.501760000000 
0.02800 8.057600000000 
0.02850 7.670220000000 
0.02900 7.282860000000 
0.02950 6.911620000000 
0.03000 6.587440000000 
0.03050 6.263260000000 
0.03100 5.950820000000 
0.03150 5.678440000000 
0.03200 5.406080000000 
0.03250 5.141460000000 
0.03300 4.911780000000 
0.03350 4.682100000000 
0.03400 4.456660000000 
0.03450 4.262340000000 
0.03500 4.068000000000 
0.03550 3.874920000000 
0.03600 3.709960000000 
0.03650 3.545000000000 
0.03700 3.380060000000 
0.03750 3.238380000000 
0.03800 3.097940000000 
0.03850 2.957500000000 
0.03900 2.834360000000 
0.03950 2.714460000000 
0.04000 2.594560000000 
0.04050 2.487060000000 
0.04100 2.384420000000 
0.04150 2.281780000000 
0.04200 2.187600000000 
0.04250 2.099520000000 
0.04300 2.011420000000 
0.04350 1.928626000000 
0.04400 1.852852000000 
0.04450 1.777080000000 
0.04500 1.704042000000 
0.04550 1.638712000000 
0.04600 1.573382000000 
0.04650 1.508764000000 
0.04700 1.452318000000 
0.04750 1.395872000000 
0.04800 1.339426000000 
0.04850 1.289672000000 
0.04900 1.240802000000 
0.04950 1.191932000000 
0.05000 1.147412000000 
0.05050 1.105020000000 
0.05100 1.062626000000 
0.05150 1.022702000000 
0.05200 0.985860000000 
0.05250 0.949016000000 
0.05300 0.913142000000 
0.05350 0.881062000000 
0.05400 0.848984000000 
0.05450 0.816906000000 
0.05500 0.788708000000 
0.05550 0.760730000000 
0.05600 0.732752000000 
0.05650 0.707160000000 
0.05700 0.682716000000 
0.05750 0.658274000000 
0.05800 0.635014000000 
0.05850 0.613626000000 
0.05900 0.592238000000 
0.05950 0.571072000000 
0.06000 0.552326000000 
0.06050 0.533580000000 
0.06100 0.514836000000 
0.06150 0.497846000000 
0.06200 0.481390000000 
0.06250 0.464936000000 
0.06300 0.449342000000 
0.06350 0.434878000000 
0.06400 0.420412000000 
0.06450 0.406094000000 
0.06500 0.393358000000 
0.06550 0.380624000000 
0.06600 0.367890000000 
0.06650 0.356240000000 
0.06700 0.345012000000 
0.06750 0.333786000000 
0.06800 0.323006000000 
0.06850 0.313094000000 
0.06900 0.303180000000 
0.06950 0.293268000000 
0.07000 0.284442000000 
0.07050 0.275678000000 
0.07100 0.266914000000 
0.07150 0.258690000000 
0.07200 0.250932000000 
0.07250 0.243174000000 
0.07300 0.235514000000 
0.07350 0.228636000000 
0.07400 0.221758000000 
0.07450 0.214882000000 
0.07500 0.208522000000 
0.07550 0.202418000000 
0.07600 0.196314200000 
0.07650 0.190356200000 
0.07700 0.184931000000 
0.07750 0.179505800000 
0.07800 0.174080600000 
0.07850 0.169101000000 
0.07900 0.164273200000 
0.07950 0.159445400000 
0.08000 0.154755600000 
0.08050 0.150454200000 
0.08100 0.146152600000 
0.08150 0.141851000000 
0.08200 0.137904200000 
0.08250 0.134066600000 
0.08300 0.130228800000 
0.08350 0.126494800000 
0.08400 0.123067200000 
0.08450 0.119639600000 
0.08500 0.116211800000 
0.08550 0.113047800000 
0.08600 0.109982400000 
0.08650 0.106916800000 
0.08700 0.103912200000 
0.08750 0.101168000000 
0.08800 0.098423800000 
0.08850 0.095679800000 
0.08900 0.093116600000 
0.08950 0.090656400000 
0.09000 0.088196200000 
0.09050 0.085754600000 
0.09100 0.083547000000 
0.09150 0.081339400000 
0.09200 0.079131800000 
0.09250 0.077035600000 
0.09300 0.075052000000 
0.09350 0.073068600000 
0.09400 0.071085200000 
0.09450 0.069283200000 
0.09500 0.067499400000 
0.09550 0.065715600000 
0.09600 0.063986400000 
0.09650 0.062380000000 
0.09700 0.060773600000 
0.09750 0.059167200000 
0.09800 0.057671400000 
0.09850 0.056223600000 
0.09900 0.054775800000 
0.09950 0.053338600000 
0.10000 0.052032200000 
0.10050 0.050725800000 
0.10100 0.049419400000 
0.10150 0.048168800000 
0.10200 0.046988800000 
0.10250 0.045808800000 
0.10300 0.044628600000 
0.10350 0.043539000000 
0.10400 0.042472000000 
0.10450 0.041405200000 
0.10500 0.040353000000 
0.10550 0.039387400000 
0.10600 0.038421800000 
0.10650 0.037456200000 
0.10700 0.036534400000 
0.10750 0.035659800000 
0.10800 0.034785000000 
0.10850 0.033910200000 
0.10900 0.033101600000 
0.10950 0.032308600000 
0.11000 0.031515400000 
0.11050 0.030731800000 
0.11100 0.030011800000 
0.11150 0.029291800000 
0.11200 0.028571800000 
0.11250 0.027881000000 
0.11300 0.027227200000 
0.11350 0.026573400000 
0.11400 0.025919800000 
0.11450 0.025309800000 
0.11500 0.024715400000 
0.11550 0.024121000000 
0.11600 0.023528200000 
0.11650 0.022987600000 
0.11700 0.022446800000 
0.11750 0.021906000000 
0.11800 0.021380400000 
0.11850 0.020888000000 
0.11900 0.020395600000 
0.11950 0.019903060000 
0.12000 0.019436580000 
0.12050 0.018988080000 
0.12100 0.018539600000 
0.12150 0.018091100000 
0.12200 0.017676520000 
0.12250 0.017267500000 
0.12300 0.016858500000 
0.12350 0.016453720000 
0.12400 0.016080460000 
0.12450 0.015707220000 
0.12500 0.015333980000 
0.12550 0.014972780000 
0.12600 0.014632120000 
0.12650 0.014291460000 
0.12700 0.013950780000 
0.12750 0.013628260000 
0.12800 0.013317180000 
0.12850 0.013006100000 
0.12900 0.012695000000 
0.12950 0.012406620000 
0.13000 0.012122260000 
0.13050 0.011837920000 
0.13100 0.011555440000 
0.13150 0.011295540000 
0.13200 0.011035640000 
0.13250 0.010775760000 
0.13300 0.010522400000 
0.13350 0.010284640000 
0.13400 0.010046880000 
0.13450 0.009809120000 
0.13500 0.009581580000 
0.13550 0.009364000000 
0.13600 0.009146400000 
0.13650 0.008928820000 
0.13700 0.008724360000 
0.13750 0.008525300000 
0.13800 0.008326240000 
0.13850 0.008127180000 
0.13900 0.007943260000 
0.13950 0.007760980000 
0.14000 0.007578720000 
0.14050 0.007397780000 
0.14100 0.007230980000 
0.14150 0.007064160000 
0.14200 0.006897360000 
0.14250 0.006734220000 
0.14300 0.006581440000 
0.14350 0.006428660000 
0.14400 0.006275880000 
0.14450 0.006128560000 
0.14500 0.005988620000 
0.14550 0.005848680000 
0.14600 0.005708720000 
0.14650 0.005575620000 
0.14700 0.005447440000 
0.14750 0.005319240000 
0.14800 0.005191060000 
0.14850 0.005070760000 
0.14900 0.004953460000 
0.14950 0.004836140000 
0.15000 0.004718840000 
0.15050 0.004610020000 
0.15100 0.004502580000 
0.15150 0.004395140000 
0.15200 0.004287700000 
0.15250 0.004189160000 
0.15300 0.004090780000 
0.15350 0.003992420000 
0.15400 0.003894820000 
0.15450 0.003804840000 
0.15500 0.003714880000 
0.15550 0.003624900000 
0.15600 0.003536400000 
0.15650 0.003454060000 
0.15700 0.003371720000 
0.15750 0.003289380000 
0.15800 0.003208960000 
0.15850 0.003133560000 
0.15900 0.003058140000 
0.15950 0.002982720000 
0.16000 0.002909600000 
0.16050 0.002840720000 
0.16100 0.002771840000 
0.16150 0.002702940000 
0.16200 0.002636500000 
0.16250 0.002573520000 
0.16300 0.002510560000 
0.16350 0.002447580000 
0.16400 0.002387100000 
0.16450 0.002329580000 
0.16500 0.002272060000 
0.16550 0.002214520000 
0.16600 0.002159480000 
0.16650 0.002107020000 
0.16700 0.002054560000 
0.16750 0.002002100000 
0.16800 0.001951938000 
0.16850 0.001904000000 
0.16900 0.001856064000 
0.16950 0.001808128000 
0.17000 0.001762382000 
0.17050 0.001718730000 
0.17100 0.001675080000 
0.17150 0.001631428000 
0.17200 0.001589684000 
0.17250 0.001549846000 
0.17300 0.001510008000 
0.17350 0.001470170000 
0.17400 0.001432020000 
0.17450 0.001395746000 
0.17500 0.001359470000 
0.17550 0.001323194000 
0.17600 0.001288360000 
0.17650 0.001255410000 
0.17700 0.001222460000 
0.17750 0.001189510000 
0.17800 0.001157692000 
0.17850 0.001127740000 
0.17900 0.001097786000 
0.17950 0.001067832000 
0.18000 0.001038710000 
0.18050 0.001011456000 
0.18100 0.000984202000 
0.18150 0.000956948000 
0.18200 0.000930258000 
0.18250 0.000905528000 
0.18300 0.000880800000 
0.18350 0.000856070000 
0.18400 0.000831636000 
0.18450 0.000809262000 
0.18500 0.000786890000 
0.18550 0.000764516000 
0.18600 0.000742174000 
0.18650 0.000721872000 
0.18700 0.000701570000 
0.18750 0.000681268000 
0.18800 0.000660966000 
0.18850 0.000642428000 
0.18900 0.000624102000 
0.18950 0.000605778000 
0.19000 0.000587452000 
0.19050 0.000570438000 
0.19100 0.000553842000 
0.19150 0.000537246000 
0.19200 0.000520650000 
0.19250 0.000505050000 
0.19300 0.000490072000 
0.19350 0.000475094000 
0.19400 0.000460118000 
0.19450 0.000445824000 
0.19500 0.000432322000 
0.19550 0.000418822000 
0.19600 0.000405322000 
0.19650 0.000392232000 
0.19700 0.000380080000 
0.19750 0.000367928000 
0.19800 0.000355774000 
0.19850 0.000343796000 
0.19900 0.000332872000 
0.19950 0.000321948000 
0.20000 0.000311024000 
0.20050 0.000300100000 
0.20100 0.000290244000 
0.20150 0.000280412000 
0.20200 0.000270578000 
0.20250 0.000260746000 
0.20300 0.000251768000 
0.20350 0.000242984000 
0.20400 0.000234200000 
0.20450 0.000225416000 
0.20500 0.000217222000 
0.20550 0.000209342000 
0.20600 0.000201462000 
0.20650 0.000193581400 
0.20700 0.000186137800 
0.20750 0.000179126600 
0.20800 0.000172115400 
0.20850 0.000165104200 
0.20900 0.000158363200 
0.20950 0.000152099200 
0.21000 0.000145835000 
0.21050 0.000139570800 
0.21100 0.000133468400 
0.21150 0.000127887000 
0.21200 0.000122305400 
0.21250 0.000116724000 
0.21300 0.000111230400 
0.21350 0.000106308600 
0.21400 0.000101386800 
0.21450 0.000096465000 
0.21500 0.000091574600 
0.21550 0.000087219600 
0.21600 0.000082864600 
0.21650 0.000078509600 
0.21700 0.000074159800 
0.21750 0.000070355000 
0.21800 0.000066550200 
0.21850 0.000062745400 
0.21900 0.000058941800 
0.21950 0.000055612000 
0.22000 0.000052282200 
0.22050 0.000048952400 
0.22100 0.000045640800 
0.22150 0.000042751600 
0.22200 0.000039862600 
0.22250 0.000036973600 
0.22300 0.000034142400 
0.22350 0.000031686400 
0.22400 0.000029230200 
0.22450 0.000026774200 
0.22500 0.000024428800 
0.22550 0.000022356800 
0.22600 0.000020284800 
0.22650 0.000018212820 
0.22700 0.000016334020 
0.22750 0.000014637840 
0.22800 0.000012941680 
0.22850 0.000011245500 
0.22900 0.000009847780 
0.22950 0.000008514840 
0.23000 0.000007181900 
0.23050 0.000005927760 
0.23100 0.000004950480 
0.23150 0.000003973200 
0.23200 0.000002995920 
0.23250 0.000002288300 
0.23300 0.000001682646 
0.23350 0.000001076984 
