0.00000 761.958000000000 
0.00050 682.290000000000 
0.00100 602.620000000000 
0.00150 522.950000000000 
0.00200 443.282000000000 
0.00250 385.866000000000 
0.00300 335.090000000000 
0.00350 293.178000000000 
0.00400 259.464000000000 
0.00450 227.750000000000 
0.00500 204.626000000000 
0.00550 181.503400000000 
0.00600 163.748600000000 
0.00650 147.462800000000 
0.00700 132.612400000000 
0.00750 120.883400000000 
0.00800 109.154400000000 
0.00850 99.871800000000 
0.00900 91.261800000000 
0.00950 83.085400000000 
0.01000 76.659200000000 
0.01050 70.233000000000 
0.01100 64.684200000000 
0.01150 59.817400000000 
0.01200 54.950800000000 
0.01250 51.082200000000 
0.01300 47.348600000000 
0.01350 43.746600000000 
0.01400 40.849000000000 
0.01450 37.951200000000 
0.01500 35.301200000000 
0.01550 33.028600000000 
0.01600 30.756200000000 
0.01650 28.767600000000 
0.01700 26.968600000000 
0.01750 25.169600000000 
0.01800 23.650400000000 
0.01850 22.214000000000 
0.01900 20.777600000000 
0.01950 19.597580000000 
0.02000 18.441620000000 
0.02050 17.292260000000 
0.02100 16.355320000000 
0.02150 15.418380000000 
0.02200 14.502320000000 
0.02250 13.737900000000 
0.02300 12.973480000000 
0.02350 12.234880000000 
0.02400 11.607420000000 
0.02450 10.979940000000 
0.02500 10.378160000000 
0.02550 9.860200000000 
0.02600 9.342240000000 
0.02650 8.847240000000 
0.02700 8.417460000000 
0.02750 7.987680000000 
0.02800 7.576960000000 
0.02850 7.218620000000 
0.02900 6.860260000000 
0.02950 6.516780000000 
0.03000 6.216660000000 
0.03050 5.916520000000 
0.03100 5.627200000000 
0.03150 5.374760000000 
0.03200 5.122320000000 
0.03250 4.877000000000 
0.03300 4.663860000000 
0.03350 4.450720000000 
0.03400 4.241460000000 
0.03450 4.060820000000 
0.03500 3.880180000000 
0.03550 3.700680000000 
0.03600 3.547080000000 
0.03650 3.393460000000 
0.03700 3.239840000000 
0.03750 3.107660000000 
0.03800 2.976600000000 
0.03850 2.845540000000 
0.03900 2.730400000000 
0.03950 2.618260000000 
0.04000 2.506100000000 
0.04050 2.405380000000 
0.04100 2.309140000000 
0.04150 2.212880000000 
0.04200 2.124440000000 
0.04250 2.041620000000 
0.04300 1.958790000000 
0.04350 1.880840000000 
0.04400 1.809380000000 
0.04450 1.737920000000 
0.04500 1.668990000000 
0.04550 1.607184000000 
0.04600 1.545380000000 
0.04650 1.484234000000 
0.04700 1.430656000000 
0.04750 1.377080000000 
0.04800 1.323502000000 
0.04850 1.276132000000 
0.04900 1.229584000000 
0.04950 1.183036000000 
0.05000 1.140530000000 
0.05050 1.100002000000 
0.05100 1.059474000000 
0.05150 1.021248000000 
0.05200 0.985892000000 
0.05250 0.950536000000 
0.05300 0.916084000000 
0.05350 0.885178000000 
0.05400 0.854272000000 
0.05450 0.823366000000 
0.05500 0.796096000000 
0.05550 0.769030000000 
0.05600 0.741964000000 
0.05650 0.717138000000 
0.05700 0.693392000000 
0.05750 0.669648000000 
0.05800 0.647016000000 
0.05850 0.626148000000 
0.05900 0.605280000000 
0.05950 0.584622000000 
0.06000 0.566252000000 
0.06050 0.547882000000 
0.06100 0.529510000000 
0.06150 0.512804000000 
0.06200 0.496606000000 
0.06250 0.480406000000 
0.06300 0.465028000000 
0.06350 0.450722000000 
0.06400 0.436416000000 
0.06450 0.422250000000 
0.06500 0.409596000000 
0.06550 0.396942000000 
0.06600 0.384288000000 
0.06650 0.372676000000 
0.06700 0.361466000000 
0.06750 0.350258000000 
0.06800 0.339480000000 
0.06850 0.329536000000 
0.06900 0.319592000000 
0.06950 0.309648000000 
0.07000 0.300752000000 
0.07050 0.291918000000 
0.07100 0.283084000000 
0.07150 0.274772000000 
0.07200 0.266914000000 
0.07250 0.259054000000 
0.07300 0.251290000000 
0.07350 0.244290000000 
0.07400 0.237288000000 
0.07450 0.230288000000 
0.07500 0.223794000000 
0.07550 0.217548000000 
0.07600 0.211302000000 
0.07650 0.205202000000 
0.07700 0.199623000000 
0.07750 0.194044800000 
0.07800 0.188466600000 
0.07850 0.183328200000 
0.07900 0.178339400000 
0.07950 0.173350600000 
0.08000 0.168498600000 
0.08050 0.164031400000 
0.08100 0.159564200000 
0.08150 0.155097000000 
0.08200 0.150982600000 
0.08250 0.146977200000 
0.08300 0.142971600000 
0.08350 0.139069800000 
0.08400 0.135474200000 
0.08450 0.131878600000 
0.08500 0.128283200000 
0.08550 0.124952400000 
0.08600 0.121720800000 
0.08650 0.118489000000 
0.08700 0.115318800000 
0.08750 0.112411400000 
0.08800 0.109504200000 
0.08850 0.106596800000 
0.08900 0.103873000000 
0.08950 0.101253600000 
0.09000 0.098634200000 
0.09050 0.096033600000 
0.09100 0.093671400000 
0.09150 0.091309400000 
0.09200 0.088947200000 
0.09250 0.086699200000 
0.09300 0.084566400000 
0.09350 0.082433600000 
0.09400 0.080301000000 
0.09450 0.078354800000 
0.09500 0.076427600000 
0.09550 0.074500200000 
0.09600 0.072629400000 
0.09650 0.070885200000 
0.09700 0.069141000000 
0.09750 0.067397000000 
0.09800 0.065767600000 
0.09850 0.064188200000 
0.09900 0.062608800000 
0.09950 0.061040400000 
0.10000 0.059608400000 
0.10050 0.058176400000 
0.10100 0.056744600000 
0.10150 0.055371200000 
0.10200 0.054071600000 
0.10250 0.052772000000 
0.10300 0.051472600000 
0.10350 0.050268200000 
0.10400 0.049087800000 
0.10450 0.047907400000 
0.10500 0.046742400000 
0.10550 0.045669200000 
0.10600 0.044596000000 
0.10650 0.043522800000 
0.10700 0.042496200000 
0.10750 0.041519400000 
0.10800 0.040542800000 
0.10850 0.039566200000 
0.10900 0.038660200000 
0.10950 0.037770600000 
0.11000 0.036881200000 
0.11050 0.036001800000 
0.11100 0.035190600000 
0.11150 0.034379600000 
0.11200 0.033568600000 
0.11250 0.032788800000 
0.11300 0.032049200000 
0.11350 0.031309600000 
0.11400 0.030570000000 
0.11450 0.029877800000 
0.11500 0.029202200000 
0.11550 0.028526800000 
0.11600 0.027853200000 
0.11650 0.027236200000 
0.11700 0.026619000000 
0.11750 0.026002000000 
0.11800 0.025401600000 
0.11850 0.024837200000 
0.11900 0.024272800000 
0.11950 0.023708600000 
0.12000 0.023172800000 
0.12050 0.022656800000 
0.12100 0.022140800000 
0.12150 0.021624800000 
0.12200 0.021146000000 
0.12250 0.020673600000 
0.12300 0.020201000000 
0.12350 0.019733240000 
0.12400 0.019300340000 
0.12450 0.018867420000 
0.12500 0.018434500000 
0.12550 0.018015000000 
0.12600 0.017618360000 
0.12650 0.017221700000 
0.12700 0.016825040000 
0.12750 0.016448680000 
0.12800 0.016085080000 
0.12850 0.015721500000 
0.12900 0.015357900000 
0.12950 0.015019780000 
0.13000 0.014686180000 
0.13050 0.014352580000 
0.13100 0.014021080000 
0.13150 0.013715060000 
0.13200 0.013409040000 
0.13250 0.013103020000 
0.13300 0.012804400000 
0.13350 0.012523420000 
0.13400 0.012242460000 
0.13450 0.011961480000 
0.13500 0.011692100000 
0.13550 0.011434060000 
0.13600 0.011176000000 
0.13650 0.010917940000 
0.13700 0.010674900000 
0.13750 0.010438000000 
0.13800 0.010201120000 
0.13850 0.009964220000 
0.13900 0.009744700000 
0.13950 0.009527040000 
0.14000 0.009309400000 
0.14050 0.009093300000 
0.14100 0.008893460000 
0.14150 0.008693620000 
0.14200 0.008493800000 
0.14250 0.008298180000 
0.14300 0.008114560000 
0.14350 0.007930940000 
0.14400 0.007747300000 
0.14450 0.007570020000 
0.14500 0.007401300000 
0.14550 0.007232560000 
0.14600 0.007063820000 
0.14650 0.006903060000 
0.14700 0.006748020000 
0.14750 0.006592980000 
0.14800 0.006437940000 
0.14850 0.006292140000 
0.14900 0.006149840000 
0.14950 0.006007540000 
0.15000 0.005865240000 
0.15050 0.005732900000 
0.15100 0.005602180000 
0.15150 0.005471480000 
0.15200 0.005340760000 
0.15250 0.005220540000 
0.15300 0.005100520000 
0.15350 0.004980480000 
0.15400 0.004861360000 
0.15450 0.004751300000 
0.15500 0.004641220000 
0.15550 0.004531140000 
0.15600 0.004422800000 
0.15650 0.004321780000 
0.15700 0.004220760000 
0.15750 0.004119760000 
0.15800 0.004021020000 
0.15850 0.003928260000 
0.15900 0.003835480000 
0.15950 0.003742720000 
0.16000 0.003652680000 
0.16050 0.003567740000 
0.16100 0.003482780000 
0.16150 0.003397820000 
0.16200 0.003315780000 
0.16250 0.003237940000 
0.16300 0.003160080000 
0.16350 0.003082220000 
0.16400 0.003007380000 
0.16450 0.002936080000 
0.16500 0.002864780000 
0.16550 0.002793480000 
0.16600 0.002725180000 
0.16650 0.002660000000 
0.16700 0.002594840000 
0.16750 0.002529660000 
0.16800 0.002467280000 
0.16850 0.002407580000 
0.16900 0.002347900000 
0.16950 0.002288200000 
0.17000 0.002231180000 
0.17050 0.002176700000 
0.17100 0.002122240000 
0.17150 0.002067760000 
0.17200 0.002015620000 
0.17250 0.001965784000 
0.17300 0.001915958000 
0.17350 0.001866132000 
0.17400 0.001818372000 
0.17450 0.001772904000 
0.17500 0.001727438000 
0.17550 0.001681972000 
0.17600 0.001638276000 
0.17650 0.001596896000 
0.17700 0.001555514000 
0.17750 0.001514134000 
0.17800 0.001474146000 
0.17850 0.001436454000 
0.17900 0.001398762000 
0.17950 0.001361070000 
0.18000 0.001324402000 
0.18050 0.001290038000 
0.18100 0.001255674000 
0.18150 0.001221310000 
0.18200 0.001187644000 
0.18250 0.001156404000 
0.18300 0.001125166000 
0.18350 0.001093926000 
0.18400 0.001063054000 
0.18450 0.001034742000 
0.18500 0.001006430000 
0.18550 0.000978118000 
0.18600 0.000949844000 
0.18650 0.000924106000 
0.18700 0.000898368000 
0.18750 0.000872630000 
0.18800 0.000846890000 
0.18850 0.000823354000 
0.18900 0.000800084000 
0.18950 0.000776812000 
0.19000 0.000753542000 
0.19050 0.000731910000 
0.19100 0.000710798000 
0.19150 0.000689688000 
0.19200 0.000668578000 
0.19250 0.000648714000 
0.19300 0.000629630000 
0.19350 0.000610548000 
0.19400 0.000591464000 
0.19450 0.000573240000 
0.19500 0.000556012000 
0.19550 0.000538786000 
0.19600 0.000521558000 
0.19650 0.000504846000 
0.19700 0.000489316000 
0.19750 0.000473784000 
0.19800 0.000458252000 
0.19850 0.000442942000 
0.19900 0.000428960000 
0.19950 0.000414978000 
0.20000 0.000400996000 
0.20050 0.000387014000 
0.20100 0.000374380000 
0.20150 0.000361778000 
0.20200 0.000349174000 
0.20250 0.000336572000 
0.20300 0.000325050000 
0.20350 0.000313776000 
0.20400 0.000302500000 
0.20450 0.000291226000 
0.20500 0.000280702000 
0.20550 0.000270572000 
0.20600 0.000260444000 
0.20650 0.000250316000 
0.20700 0.000240742000 
0.20750 0.000231720000 
0.20800 0.000222696000 
0.20850 0.000213674000 
0.20900 0.000204994000 
0.20950 0.000196922000 
0.21000 0.000188849800 
0.21050 0.000180777600 
0.21100 0.000172911800 
0.21150 0.000165710000 
0.21200 0.000158508200 
0.21250 0.000151306400 
0.21300 0.000144217000 
0.21350 0.000137859000 
0.21400 0.000131501200 
0.21450 0.000125143400 
0.21500 0.000118825600 
0.21550 0.000113193000 
0.21600 0.000107560400 
0.21650 0.000101927800 
0.21700 0.000096302000 
0.21750 0.000091375600 
0.21800 0.000086449200 
0.21850 0.000081522800 
0.21900 0.000076598000 
0.21950 0.000072281600 
0.22000 0.000067965200 
0.22050 0.000063649000 
0.22100 0.000059356000 
0.22150 0.000055606800 
0.22200 0.000051857600 
0.22250 0.000048108400 
0.22300 0.000044433800 
0.22350 0.000041243400 
0.22400 0.000038053000 
0.22450 0.000034862400 
0.22500 0.000031814800 
0.22550 0.000029120400 
0.22600 0.000026426000 
0.22650 0.000023731400 
0.22700 0.000021287200 
0.22750 0.000019079220 
0.22800 0.000016871320 
0.22850 0.000014663400 
0.22900 0.000012842620 
0.22950 0.000011105860 
0.23000 0.000009369100 
0.23050 0.000007734760 
0.23100 0.000006460200 
0.23150 0.000005185640 
0.23200 0.000003911080 
0.23250 0.000002987720 
0.23300 0.000002197120 
0.23350 0.000001406526 
