0.00000 140.892400000000 
0.00050 121.571600000000 
0.00100 102.251000000000 
0.00150 82.930400000000 
0.00200 63.609600000000 
0.00250 51.242800000000 
0.00300 40.950400000000 
0.00350 33.019200000000 
0.00400 27.271600000000 
0.00450 21.978000000000 
0.00500 18.635260000000 
0.00550 15.292480000000 
0.00600 12.994960000000 
0.00650 10.983440000000 
0.00700 9.213100000000 
0.00750 7.967200000000 
0.00800 6.721280000000 
0.00850 5.832120000000 
0.00900 5.041060000000 
0.00950 4.305160000000 
0.01000 3.791940000000 
0.01050 3.278720000000 
0.01100 2.863340000000 
0.01150 2.524040000000 
0.01200 2.184720000000 
0.01250 1.943350000000 
0.01300 1.715226000000 
0.01350 1.498514000000 
0.01400 1.342836000000 
0.01450 1.187158000000 
0.01500 1.050494000000 
0.01550 0.942820000000 
0.01600 0.835148000000 
0.01650 0.746848000000 
0.01700 0.671472000000 
0.01750 0.596094000000 
0.01800 0.537718000000 
0.01850 0.484366000000 
0.01900 0.431016000000 
0.01950 0.391576000000 
0.02000 0.353436000000 
0.02050 0.315618000000 
0.02100 0.288102000000 
0.02150 0.260586000000 
0.02200 0.233978000000 
0.02250 0.213960000000 
0.02300 0.193942400000 
0.02350 0.174932200000 
0.02400 0.160256400000 
0.02450 0.145580600000 
0.02500 0.131805800000 
0.02550 0.120969800000 
0.02600 0.110133600000 
0.02650 0.100022200000 
0.02700 0.091968600000 
0.02750 0.083914800000 
0.02800 0.076403800000 
0.02850 0.070381400000 
0.02900 0.064359000000 
0.02950 0.058718600000 
0.03000 0.054189600000 
0.03050 0.049660800000 
0.03100 0.045382600000 
0.03150 0.041958800000 
0.03200 0.038535000000 
0.03250 0.035260400000 
0.03300 0.032659400000 
0.03350 0.030058400000 
0.03400 0.027531000000 
0.03450 0.025545800000 
0.03500 0.023560600000 
0.03550 0.021595200000 
0.03600 0.020073400000 
0.03650 0.018551840000 
0.03700 0.017030200000 
0.03750 0.015841440000 
0.03800 0.014670360000 
0.03850 0.013499280000 
0.03900 0.012552400000 
0.03950 0.011647680000 
0.04000 0.010742940000 
0.04050 0.009984360000 
0.04100 0.009282880000 
0.04150 0.008581420000 
0.04200 0.007970500000 
0.04250 0.007424760000 
0.04300 0.006879040000 
0.04350 0.006384700000 
0.04400 0.005958760000 
0.04450 0.005532840000 
0.04500 0.005131120000 
0.04550 0.004797660000 
0.04600 0.004464200000 
0.04650 0.004136480000 
0.04700 0.003874660000 
0.04750 0.003612840000 
0.04800 0.003351020000 
0.04850 0.003138380000 
0.04900 0.002932220000 
0.04950 0.002726080000 
0.05000 0.002549100000 
0.05050 0.002386360000 
0.05100 0.002223620000 
0.05150 0.002075980000 
0.05200 0.001947174000 
0.05250 0.001818372000 
0.05300 0.001694980000 
0.05350 0.001592788000 
0.05400 0.001490598000 
0.05450 0.001388406000 
0.05500 0.001306016000 
0.05550 0.001224744000 
0.05600 0.001143474000 
0.05650 0.001073326000 
0.05700 0.001008546000 
0.05750 0.000943766000 
0.05800 0.000884030000 
0.05850 0.000832282000 
0.05900 0.000780532000 
0.05950 0.000729654000 
0.06000 0.000688226000 
0.06050 0.000646798000 
0.06100 0.000605370000 
0.06150 0.000570222000 
0.06200 0.000536986000 
0.06250 0.000503752000 
0.06300 0.000473340000 
0.06350 0.000446626000 
0.06400 0.000419910000 
0.06450 0.000393632000 
0.06500 0.000372116000 
0.06550 0.000350598000 
0.06600 0.000329082000 
0.06650 0.000310554000 
0.06700 0.000293192000 
0.06750 0.000275828000 
0.06800 0.000259596000 
0.06850 0.000245558000 
0.06900 0.000231520000 
0.06950 0.000217482000 
0.07000 0.000205966000 
0.07050 0.000194595200 
0.07100 0.000183224800 
0.07150 0.000173002200 
0.07200 0.000163775800 
0.07250 0.000154549600 
0.07300 0.000145513600 
0.07350 0.000138013800 
0.07400 0.000130514000 
0.07450 0.000123014200 
0.07500 0.000116448000 
0.07550 0.000110341200 
0.07600 0.000104234400 
0.07650 0.000098369800 
0.07700 0.000093388800 
0.07750 0.000088407600 
0.07800 0.000083426600 
0.07850 0.000079125200 
0.07900 0.000075055600 
0.07950 0.000070985800 
0.08000 0.000067110000 
0.08050 0.000063779400 
0.08100 0.000060448800 
0.08150 0.000057118200 
0.08200 0.000054246800 
0.08250 0.000051516600 
0.08300 0.000048786600 
0.08350 0.000046180000 
0.08400 0.000043938600 
0.08450 0.000041697200 
0.08500 0.000039455600 
0.08550 0.000037504000 
0.08600 0.000035660800 
0.08650 0.000033817800 
0.08700 0.000032036000 
0.08750 0.000030518000 
0.08800 0.000029000200 
0.08850 0.000027482200 
0.08900 0.000026133800 
0.08950 0.000024881600 
0.09000 0.000023629600 
0.09050 0.000022393600 
0.09100 0.000021359200 
0.09150 0.000020325000 
0.09200 0.000019290660 
0.09250 0.000018345180 
0.09300 0.000017489520 
0.09350 0.000016633880 
0.09400 0.000015778220 
0.09450 0.000015055920 
0.09500 0.000014347040 
0.09550 0.000013638140 
0.09600 0.000012966520 
0.09650 0.000012378380 
0.09700 0.000011790240 
0.09750 0.000011202100 
0.09800 0.000010683340 
0.09850 0.000010194700 
0.09900 0.000009706060 
0.09950 0.000009223580 
0.10000 0.000008817060 
0.10050 0.000008410520 
0.10100 0.000008004000 
0.10150 0.000007627460 
0.10200 0.000007288780 
0.10250 0.000006950120 
0.10300 0.000006611440 
0.10350 0.000006317620 
0.10400 0.000006035120 
0.10450 0.000005752600 
0.10500 0.000005476860 
0.10550 0.000005240880 
0.10600 0.000005004920 
0.10650 0.000004768940 
0.10700 0.000004551620 
0.10750 0.000004354260 
0.10800 0.000004156920 
0.10850 0.000003959580 
0.10900 0.000003788240 
0.10950 0.000003623000 
0.11000 0.000003457760 
0.11050 0.000003295940 
0.11100 0.000003157400 
0.11150 0.000003018880 
0.11200 0.000002880340 
0.11250 0.000002751560 
0.11300 0.000002635280 
0.11350 0.000002519000 
0.11400 0.000002402740 
0.11450 0.000002300180 
0.11500 0.000002202480 
0.11550 0.000002104760 
0.11600 0.000002007540 
0.11650 0.000001925358 
0.11700 0.000001843168 
0.11750 0.000001760976 
0.11800 0.000001682876 
0.11850 0.000001613660 
0.11900 0.000001544444 
0.11950 0.000001475230 
0.12000 0.000001412436 
0.12050 0.000001354088 
0.12100 0.000001295740 
0.12150 0.000001237392 
0.12200 0.000001186868 
0.12250 0.000001137632 
0.12300 0.000001088394 
0.12350 0.000001040062 
0.12400 0.000000998472 
0.12450 0.000000956882 
0.12500 0.000000915292 
0.12550 0.000000876082 
0.12600 0.000000840920 
0.12650 0.000000805756 
0.12700 0.000000770594 
0.12750 0.000000738750 
0.12800 0.000000708996 
0.12850 0.000000679242 
0.12900 0.000000649486 
0.12950 0.000000623598 
0.13000 0.000000598398 
0.13050 0.000000573196 
0.13100 0.000000548290 
0.13150 0.000000526928 
0.13200 0.000000505566 
0.13250 0.000000484206 
0.13300 0.000000463802 
0.13350 0.000000445680 
0.13400 0.000000427560 
0.13450 0.000000409438 
0.13500 0.000000392702 
0.13550 0.000000377318 
0.13600 0.000000361934 
0.13650 0.000000346550 
0.13700 0.000000332804 
0.13750 0.000000319736 
0.13800 0.000000306666 
0.13850 0.000000293596 
0.13900 0.000000282292 
0.13950 0.000000271182 
0.14000 0.000000260070 
0.14050 0.000000249102 
0.14100 0.000000239650 
0.14150 0.000000230198 
0.14200 0.000000220748 
0.14250 0.000000211662 
0.14300 0.000000203618 
0.14350 0.000000195572 
0.14400 0.000000187527 
0.14450 0.000000179990 
0.14500 0.000000173139 
0.14550 0.000000166287 
0.14600 0.000000159435 
0.14650 0.000000153172 
0.14700 0.000000147333 
0.14750 0.000000141495 
0.14800 0.000000135656 
0.14850 0.000000130443 
0.14900 0.000000125466 
0.14950 0.000000120489 
0.15000 0.000000115511 
0.15050 0.000000111163 
0.15100 0.000000106918 
0.15150 0.000000102673 
0.15200 0.000000098428 
0.15250 0.000000094795 
0.15300 0.000000091173 
0.15350 0.000000087551 
0.15400 0.000000083978 
0.15450 0.000000080886 
0.15500 0.000000077795 
0.15550 0.000000074703 
0.15600 0.000000071698 
0.15650 0.000000069059 
0.15700 0.000000066419 
0.15750 0.000000063779 
0.15800 0.000000061246 
0.15850 0.000000058991 
0.15900 0.000000056736 
0.15950 0.000000054481 
0.16000 0.000000052342 
0.16050 0.000000050415 
0.16100 0.000000048489 
0.16150 0.000000046563 
0.16200 0.000000044751 
0.16250 0.000000043105 
0.16300 0.000000041459 
0.16350 0.000000039813 
0.16400 0.000000038276 
0.16450 0.000000036869 
0.16500 0.000000035462 
0.16550 0.000000034054 
0.16600 0.000000032747 
0.16650 0.000000031545 
0.16700 0.000000030342 
0.16750 0.000000029139 
0.16800 0.000000028025 
0.16850 0.000000026996 
0.16900 0.000000025967 
0.16950 0.000000024939 
0.17000 0.000000023986 
0.17050 0.000000023107 
0.17100 0.000000022227 
0.17150 0.000000021348 
0.17200 0.000000020532 
0.17250 0.000000019780 
0.17300 0.000000019027 
0.17350 0.000000018275 
0.17400 0.000000017574 
0.17450 0.000000016930 
0.17500 0.000000016287 
0.17550 0.000000015643 
0.17600 0.000000015040 
0.17650 0.000000014490 
0.17700 0.000000013940 
0.17750 0.000000013389 
0.17800 0.000000012869 
0.17850 0.000000012399 
0.17900 0.000000011928 
0.17950 0.000000011457 
0.18000 0.000000011008 
0.18050 0.000000010605 
0.18100 0.000000010202 
0.18150 0.000000009799 
0.18200 0.000000009409 
0.18250 0.000000009065 
0.18300 0.000000008720 
0.18350 0.000000008376 
0.18400 0.000000008038 
0.18450 0.000000007743 
0.18500 0.000000007449 
0.18550 0.000000007154 
0.18600 0.000000006860 
0.18650 0.000000006608 
0.18700 0.000000006356 
0.18750 0.000000006104 
0.18800 0.000000005852 
0.18850 0.000000005633 
0.18900 0.000000005418 
0.18950 0.000000005203 
0.19000 0.000000004987 
0.19050 0.000000004796 
0.19100 0.000000004611 
0.19150 0.000000004427 
0.19200 0.000000004243 
0.19250 0.000000004075 
0.19300 0.000000003918 
0.19350 0.000000003760 
0.19400 0.000000003603 
0.19450 0.000000003456 
0.19500 0.000000003322 
0.19550 0.000000003187 
0.19600 0.000000003053 
0.19650 0.000000002924 
0.19700 0.000000002809 
0.19750 0.000000002694 
0.19800 0.000000002579 
0.19850 0.000000002467 
0.19900 0.000000002369 
0.19950 0.000000002271 
0.20000 0.000000002173 
0.20050 0.000000002075 
0.20100 0.000000001991 
0.20150 0.000000001907 
0.20200 0.000000001823 
0.20250 0.000000001739 
0.20300 0.000000001666 
0.20350 0.000000001594 
0.20400 0.000000001523 
0.20450 0.000000001452 
0.20500 0.000000001387 
0.20550 0.000000001327 
0.20600 0.000000001266 
0.20650 0.000000001205 
0.20700 0.000000001149 
0.20750 0.000000001097 
0.20800 0.000000001045 
0.20850 0.000000000994 
0.20900 0.000000000945 
0.20950 0.000000000901 
0.21000 0.000000000857 
0.21050 0.000000000813 
0.21100 0.000000000771 
0.21150 0.000000000733 
0.21200 0.000000000696 
0.21250 0.000000000659 
0.21300 0.000000000622 
0.21350 0.000000000590 
0.21400 0.000000000559 
0.21450 0.000000000527 
0.21500 0.000000000496 
0.21550 0.000000000470 
0.21600 0.000000000443 
0.21650 0.000000000416 
0.21700 0.000000000390 
0.21750 0.000000000367 
0.21800 0.000000000345 
0.21850 0.000000000323 
0.21900 0.000000000300 
0.21950 0.000000000282 
0.22000 0.000000000263 
0.22050 0.000000000244 
0.22100 0.000000000226 
0.22150 0.000000000210 
0.22200 0.000000000195 
0.22250 0.000000000179 
0.22300 0.000000000164 
0.22350 0.000000000152 
0.22400 0.000000000139 
0.22450 0.000000000126 
0.22500 0.000000000114 
0.22550 0.000000000104 
0.22600 0.000000000094 
0.22650 0.000000000083 
0.22700 0.000000000074 
0.22750 0.000000000066 
0.22800 0.000000000058 
0.22850 0.000000000050 
0.22900 0.000000000044 
0.22950 0.000000000037 
0.23000 0.000000000031 
0.23050 0.000000000026 
0.23100 0.000000000021 
0.23150 0.000000000017 
0.23200 0.000000000013 
0.23250 0.000000000010 
0.23300 0.000000000007 
0.23350 0.000000000004 
