0.00000 746.244000000000 
0.00050 667.408000000000 
0.00100 588.572000000000 
0.00150 509.734000000000 
0.00200 430.898000000000 
0.00250 374.426000000000 
0.00300 324.624000000000 
0.00350 283.630000000000 
0.00400 250.782000000000 
0.00450 219.902000000000 
0.00500 197.484000000000 
0.00550 175.066600000000 
0.00600 157.901400000000 
0.00650 142.173600000000 
0.00700 127.842600000000 
0.00750 116.548600000000 
0.00800 105.254800000000 
0.00850 96.330800000000 
0.00900 88.058400000000 
0.00950 80.204400000000 
0.01000 74.039400000000 
0.01050 67.874400000000 
0.01100 62.553400000000 
0.01150 57.888800000000 
0.01200 53.224200000000 
0.01250 49.517400000000 
0.01300 45.940200000000 
0.01350 42.489000000000 
0.01400 39.712200000000 
0.01450 36.935600000000 
0.01500 34.395600000000 
0.01550 32.216800000000 
0.01600 30.037800000000 
0.01650 28.130200000000 
0.01700 26.403600000000 
0.01750 24.677000000000 
0.01800 23.217400000000 
0.01850 21.836800000000 
0.01900 20.456200000000 
0.01950 19.320300000000 
0.02000 18.207280000000 
0.02050 17.100600000000 
0.02100 16.196560000000 
0.02150 15.292520000000 
0.02200 14.408400000000 
0.02250 13.668980000000 
0.02300 12.929580000000 
0.02350 12.214840000000 
0.02400 11.606220000000 
0.02450 10.997600000000 
0.02500 10.413520000000 
0.02550 9.909580000000 
0.02600 9.405620000000 
0.02650 8.923660000000 
0.02700 8.504100000000 
0.02750 8.084520000000 
0.02800 7.683240000000 
0.02850 7.332160000000 
0.02900 6.981060000000 
0.02950 6.644260000000 
0.03000 6.349060000000 
0.03050 6.053860000000 
0.03100 5.769080000000 
0.03150 5.519780000000 
0.03200 5.270480000000 
0.03250 5.028060000000 
0.03300 4.816660000000 
0.03350 4.605260000000 
0.03400 4.397620000000 
0.03450 4.217660000000 
0.03500 4.037700000000 
0.03550 3.858860000000 
0.03600 3.705100000000 
0.03650 3.551360000000 
0.03700 3.397600000000 
0.03750 3.264680000000 
0.03800 3.132880000000 
0.03850 3.001080000000 
0.03900 2.884800000000 
0.03950 2.771440000000 
0.04000 2.658080000000 
0.04050 2.555940000000 
0.04100 2.458160000000 
0.04150 2.360380000000 
0.04200 2.270260000000 
0.04250 2.185680000000 
0.04300 2.101100000000 
0.04350 2.021340000000 
0.04400 1.947970000000 
0.04450 1.874608000000 
0.04500 1.803752000000 
0.04550 1.739960000000 
0.04600 1.676168000000 
0.04650 1.613030000000 
0.04700 1.557426000000 
0.04750 1.501822000000 
0.04800 1.446220000000 
0.04850 1.396824000000 
0.04900 1.348248000000 
0.04950 1.299672000000 
0.05000 1.255156000000 
0.05050 1.212628000000 
0.05100 1.170100000000 
0.05150 1.129894000000 
0.05200 1.092584000000 
0.05250 1.055276000000 
0.05300 1.018884000000 
0.05350 0.986088000000 
0.05400 0.953292000000 
0.05450 0.920496000000 
0.05500 0.891404000000 
0.05550 0.862522000000 
0.05600 0.833640000000 
0.05650 0.807052000000 
0.05700 0.781570000000 
0.05750 0.756090000000 
0.05800 0.731754000000 
0.05850 0.709236000000 
0.05900 0.686716000000 
0.05950 0.664416000000 
0.06000 0.644480000000 
0.06050 0.624546000000 
0.06100 0.604612000000 
0.06150 0.586408000000 
0.06200 0.568732000000 
0.06250 0.551056000000 
0.06300 0.534238000000 
0.06350 0.518544000000 
0.06400 0.502848000000 
0.06450 0.487298000000 
0.06500 0.473340000000 
0.06550 0.459380000000 
0.06600 0.445422000000 
0.06650 0.432562000000 
0.06700 0.420132000000 
0.06750 0.407700000000 
0.06800 0.395726000000 
0.06850 0.384638000000 
0.06900 0.373550000000 
0.06950 0.362462000000 
0.07000 0.352496000000 
0.07050 0.342594000000 
0.07100 0.332692000000 
0.07150 0.323350000000 
0.07200 0.314496000000 
0.07250 0.305642000000 
0.07300 0.296888000000 
0.07350 0.288960000000 
0.07400 0.281032000000 
0.07450 0.273104000000 
0.07500 0.265724000000 
0.07550 0.258616000000 
0.07600 0.251508000000 
0.07650 0.244558000000 
0.07700 0.238176000000 
0.07750 0.231796000000 
0.07800 0.225416000000 
0.07850 0.219518000000 
0.07900 0.213784000000 
0.07950 0.208050000000 
0.08000 0.202466000000 
0.08050 0.197308000000 
0.08100 0.192149000000 
0.08150 0.186990000000 
0.08200 0.182222000000 
0.08250 0.177574400000 
0.08300 0.172927000000 
0.08350 0.168394800000 
0.08400 0.164204000000 
0.08450 0.160013000000 
0.08500 0.155822200000 
0.08550 0.151927600000 
0.08600 0.148143800000 
0.08650 0.144360000000 
0.08700 0.140645200000 
0.08750 0.137226400000 
0.08800 0.133807600000 
0.08850 0.130388800000 
0.08900 0.127177200000 
0.08950 0.124083400000 
0.09000 0.120989800000 
0.09050 0.117917600000 
0.09100 0.115116000000 
0.09150 0.112314600000 
0.09200 0.109513200000 
0.09250 0.106841600000 
0.09300 0.104301800000 
0.09350 0.101762000000 
0.09400 0.099222200000 
0.09450 0.096896400000 
0.09500 0.094592000000 
0.09550 0.092287600000 
0.09600 0.090048400000 
0.09650 0.087954800000 
0.09700 0.085861200000 
0.09750 0.083767600000 
0.09800 0.081806800000 
0.09850 0.079903800000 
0.09900 0.078000800000 
0.09950 0.076110400000 
0.10000 0.074378800000 
0.10050 0.072647000000 
0.10100 0.070915200000 
0.10150 0.069251600000 
0.10200 0.067674400000 
0.10250 0.066097000000 
0.10300 0.064519600000 
0.10350 0.063053800000 
0.10400 0.061616000000 
0.10450 0.060178000000 
0.10500 0.058758600000 
0.10550 0.057446800000 
0.10600 0.056135000000 
0.10650 0.054823200000 
0.10700 0.053566400000 
0.10750 0.052368800000 
0.10800 0.051171000000 
0.10850 0.049973400000 
0.10900 0.048859400000 
0.10950 0.047765000000 
0.11000 0.046670600000 
0.11050 0.045588200000 
0.11100 0.044587200000 
0.11150 0.043586000000 
0.11200 0.042585000000 
0.11250 0.041621400000 
0.11300 0.040705600000 
0.11350 0.039790000000 
0.11400 0.038874200000 
0.11450 0.038015400000 
0.11500 0.037176800000 
0.11550 0.036338000000 
0.11600 0.035501400000 
0.11650 0.034733000000 
0.11700 0.033964400000 
0.11750 0.033196000000 
0.11800 0.032447600000 
0.11850 0.031742800000 
0.11900 0.031038000000 
0.11950 0.030333200000 
0.12000 0.029663000000 
0.12050 0.029016800000 
0.12100 0.028370600000 
0.12150 0.027724400000 
0.12200 0.027123600000 
0.12250 0.026530200000 
0.12300 0.025937000000 
0.12350 0.025349400000 
0.12400 0.024804400000 
0.12450 0.024259400000 
0.12500 0.023714400000 
0.12550 0.023185800000 
0.12600 0.022685200000 
0.12650 0.022184600000 
0.12700 0.021684000000 
0.12750 0.021208200000 
0.12800 0.020748200000 
0.12850 0.020288400000 
0.12900 0.019828320000 
0.12950 0.019399700000 
0.13000 0.018976660000 
0.13050 0.018553600000 
0.13100 0.018133160000 
0.13150 0.017744220000 
0.13200 0.017355260000 
0.13250 0.016966300000 
0.13300 0.016586520000 
0.13350 0.016228600000 
0.13400 0.015870680000 
0.13450 0.015512760000 
0.13500 0.015169280000 
0.13550 0.014839860000 
0.13600 0.014510420000 
0.13650 0.014181000000 
0.13700 0.013870280000 
0.13750 0.013567240000 
0.13800 0.013264220000 
0.13850 0.012961180000 
0.13900 0.012679840000 
0.13950 0.012400880000 
0.14000 0.012121900000 
0.14050 0.011844840000 
0.14100 0.011588200000 
0.14150 0.011331560000 
0.14200 0.011074920000 
0.14250 0.010823600000 
0.14300 0.010587340000 
0.14350 0.010351060000 
0.14400 0.010114800000 
0.14450 0.009886520000 
0.14500 0.009669020000 
0.14550 0.009451520000 
0.14600 0.009234020000 
0.14650 0.009026560000 
0.14700 0.008826360000 
0.14750 0.008626160000 
0.14800 0.008425960000 
0.14850 0.008237460000 
0.14900 0.008053400000 
0.14950 0.007869340000 
0.15000 0.007685260000 
0.15050 0.007513860000 
0.15100 0.007344500000 
0.15150 0.007175160000 
0.15200 0.007005800000 
0.15250 0.006849800000 
0.15300 0.006694040000 
0.15350 0.006538280000 
0.15400 0.006383700000 
0.15450 0.006240640000 
0.15500 0.006097580000 
0.15550 0.005954520000 
0.15600 0.005813680000 
0.15650 0.005682200000 
0.15700 0.005550740000 
0.15750 0.005419260000 
0.15800 0.005290720000 
0.15850 0.005169800000 
0.15900 0.005048880000 
0.15950 0.004927960000 
0.16000 0.004810560000 
0.16050 0.004699680000 
0.16100 0.004588780000 
0.16150 0.004477900000 
0.16200 0.004370780000 
0.16250 0.004269040000 
0.16300 0.004167280000 
0.16350 0.004065540000 
0.16400 0.003967660000 
0.16450 0.003874360000 
0.16500 0.003781040000 
0.16550 0.003687740000 
0.16600 0.003598320000 
0.16650 0.003512940000 
0.16700 0.003427560000 
0.16750 0.003342180000 
0.16800 0.003260400000 
0.16850 0.003182100000 
0.16900 0.003103800000 
0.16950 0.003025500000 
0.17000 0.002950640000 
0.17050 0.002879120000 
0.17100 0.002807580000 
0.17150 0.002736040000 
0.17200 0.002667520000 
0.17250 0.002602020000 
0.17300 0.002536500000 
0.17350 0.002471000000 
0.17400 0.002408180000 
0.17450 0.002348340000 
0.17500 0.002288500000 
0.17550 0.002228660000 
0.17600 0.002171140000 
0.17650 0.002116620000 
0.17700 0.002062100000 
0.17750 0.002007580000 
0.17800 0.001954892000 
0.17850 0.001905188000 
0.17900 0.001855484000 
0.17950 0.001805780000 
0.18000 0.001757412000 
0.18050 0.001712052000 
0.18100 0.001666692000 
0.18150 0.001621332000 
0.18200 0.001576886000 
0.18250 0.001535612000 
0.18300 0.001494340000 
0.18350 0.001453066000 
0.18400 0.001412276000 
0.18450 0.001374838000 
0.18500 0.001337402000 
0.18550 0.001299964000 
0.18600 0.001262578000 
0.18650 0.001228514000 
0.18700 0.001194452000 
0.18750 0.001160388000 
0.18800 0.001126324000 
0.18850 0.001095154000 
0.18900 0.001064332000 
0.18950 0.001033510000 
0.19000 0.001002688000 
0.19050 0.000974018000 
0.19100 0.000946036000 
0.19150 0.000918052000 
0.19200 0.000890068000 
0.19250 0.000863726000 
0.19300 0.000838410000 
0.19350 0.000813096000 
0.19400 0.000787782000 
0.19450 0.000763598000 
0.19500 0.000740728000 
0.19550 0.000717858000 
0.19600 0.000694988000 
0.19650 0.000672800000 
0.19700 0.000652166000 
0.19750 0.000631534000 
0.19800 0.000610902000 
0.19850 0.000590560000 
0.19900 0.000571972000 
0.19950 0.000553386000 
0.20000 0.000534800000 
0.20050 0.000516212000 
0.20100 0.000499406000 
0.20150 0.000482642000 
0.20200 0.000465876000 
0.20250 0.000449112000 
0.20300 0.000433778000 
0.20350 0.000418770000 
0.20400 0.000403764000 
0.20450 0.000388758000 
0.20500 0.000374742000 
0.20550 0.000361252000 
0.20600 0.000347762000 
0.20650 0.000334272000 
0.20700 0.000321518000 
0.20750 0.000309494000 
0.20800 0.000297468000 
0.20850 0.000285444000 
0.20900 0.000273876000 
0.20950 0.000263112000 
0.21000 0.000252350000 
0.21050 0.000241586000 
0.21100 0.000231096000 
0.21150 0.000221488000 
0.21200 0.000211878000 
0.21250 0.000202270000 
0.21300 0.000192811600 
0.21350 0.000184324800 
0.21400 0.000175838000 
0.21450 0.000167351200 
0.21500 0.000158917800 
0.21550 0.000151395200 
0.21600 0.000143872600 
0.21650 0.000136350000 
0.21700 0.000128836400 
0.21750 0.000122254000 
0.21800 0.000115671400 
0.21850 0.000109088800 
0.21900 0.000102508200 
0.21950 0.000096738000 
0.22000 0.000090967800 
0.22050 0.000085197400 
0.22100 0.000079458400 
0.22150 0.000074444000 
0.22200 0.000069429600 
0.22250 0.000064415200 
0.22300 0.000059500200 
0.22350 0.000055231200 
0.22400 0.000050962200 
0.22450 0.000046693200 
0.22500 0.000042615000 
0.22550 0.000039008000 
0.22600 0.000035401200 
0.22650 0.000031794200 
0.22700 0.000028521600 
0.22750 0.000025564600 
0.22800 0.000022607800 
0.22850 0.000019651060 
0.22900 0.000017211900 
0.22950 0.000014885120 
0.23000 0.000012558340 
0.23050 0.000010368600 
0.23100 0.000008660380 
0.23150 0.000006952140 
0.23200 0.000005243920 
0.23250 0.000004006120 
0.23300 0.000002946140 
0.23350 0.000001886156 
