0.00000 740.376000000000 
0.00050 661.156000000000 
0.00100 581.934000000000 
0.00150 502.712000000000 
0.00200 423.492000000000 
0.00250 367.174000000000 
0.00300 317.692000000000 
0.00350 277.100000000000 
0.00400 244.730000000000 
0.00450 214.326000000000 
0.00500 192.374800000000 
0.00550 170.422800000000 
0.00600 153.671800000000 
0.00650 138.343800000000 
0.00700 124.389400000000 
0.00750 113.422000000000 
0.00800 102.454600000000 
0.00850 93.804600000000 
0.00900 85.791800000000 
0.00950 78.186200000000 
0.01000 72.224800000000 
0.01050 66.263400000000 
0.01100 61.120600000000 
0.01150 56.614200000000 
0.01200 52.107600000000 
0.01250 48.527400000000 
0.01300 45.072200000000 
0.01350 41.738600000000 
0.01400 39.055800000000 
0.01450 36.372800000000 
0.01500 33.917800000000 
0.01550 31.810600000000 
0.01600 29.703400000000 
0.01650 27.857000000000 
0.01700 26.184800000000 
0.01750 24.512400000000 
0.01800 23.096800000000 
0.01850 21.757200000000 
0.01900 20.417400000000 
0.01950 19.312840000000 
0.02000 18.230260000000 
0.02050 17.153740000000 
0.02100 16.272000000000 
0.02150 15.390260000000 
0.02200 14.527700000000 
0.02250 13.804300000000 
0.02300 13.080900000000 
0.02350 12.381260000000 
0.02400 11.783760000000 
0.02450 11.186280000000 
0.02500 10.612480000000 
0.02550 10.115900000000 
0.02600 9.619340000000 
0.02650 9.144000000000 
0.02700 8.728940000000 
0.02750 8.313880000000 
0.02800 7.916500000000 
0.02850 7.567720000000 
0.02900 7.218920000000 
0.02950 6.883980000000 
0.03000 6.589420000000 
0.03050 6.294860000000 
0.03100 6.010420000000 
0.03150 5.760520000000 
0.03200 5.510620000000 
0.03250 5.267420000000 
0.03300 5.054480000000 
0.03350 4.841540000000 
0.03400 4.632300000000 
0.03450 4.450140000000 
0.03500 4.267980000000 
0.03550 4.086920000000 
0.03600 3.930520000000 
0.03650 3.774100000000 
0.03700 3.617700000000 
0.03750 3.481840000000 
0.03800 3.347060000000 
0.03850 3.212300000000 
0.03900 3.092900000000 
0.03950 2.976400000000 
0.04000 2.859880000000 
0.04050 2.754520000000 
0.04100 2.653480000000 
0.04150 2.552460000000 
0.04200 2.459100000000 
0.04250 2.371260000000 
0.04300 2.283400000000 
0.04350 2.200380000000 
0.04400 2.123780000000 
0.04450 2.047180000000 
0.04500 1.973110000000 
0.04550 1.906150000000 
0.04600 1.839192000000 
0.04650 1.772896000000 
0.04700 1.714226000000 
0.04750 1.655554000000 
0.04800 1.596884000000 
0.04850 1.544524000000 
0.04900 1.493000000000 
0.04950 1.441476000000 
0.05000 1.394102000000 
0.05050 1.348756000000 
0.05100 1.303412000000 
0.05150 1.260452000000 
0.05200 1.220468000000 
0.05250 1.180482000000 
0.05300 1.141446000000 
0.05350 1.106118000000 
0.05400 1.070790000000 
0.05450 1.035464000000 
0.05500 1.003980000000 
0.05550 0.972712000000 
0.05600 0.941444000000 
0.05650 0.912568000000 
0.05700 0.884846000000 
0.05750 0.857124000000 
0.05800 0.830604000000 
0.05850 0.805986000000 
0.05900 0.781366000000 
0.05950 0.756978000000 
0.06000 0.735082000000 
0.06050 0.713184000000 
0.06100 0.691288000000 
0.06150 0.671222000000 
0.06200 0.651716000000 
0.06250 0.632210000000 
0.06300 0.613614000000 
0.06350 0.596214000000 
0.06400 0.578814000000 
0.06450 0.561570000000 
0.06500 0.546026000000 
0.06550 0.530482000000 
0.06600 0.514938000000 
0.06650 0.500574000000 
0.06700 0.486670000000 
0.06750 0.472766000000 
0.06800 0.459356000000 
0.06850 0.446902000000 
0.06900 0.434448000000 
0.06950 0.421994000000 
0.07000 0.410756000000 
0.07050 0.399588000000 
0.07100 0.388420000000 
0.07150 0.377862000000 
0.07200 0.367836000000 
0.07250 0.357808000000 
0.07300 0.347892000000 
0.07350 0.338880000000 
0.07400 0.329866000000 
0.07450 0.320852000000 
0.07500 0.312442000000 
0.07550 0.304330000000 
0.07600 0.296220000000 
0.07650 0.288280000000 
0.07700 0.280972000000 
0.07750 0.273664000000 
0.07800 0.266356000000 
0.07850 0.259582000000 
0.07900 0.252990000000 
0.07950 0.246398000000 
0.08000 0.239976000000 
0.08050 0.234024000000 
0.08100 0.228072000000 
0.08150 0.222122000000 
0.08200 0.216606000000 
0.08250 0.211228000000 
0.08300 0.205848000000 
0.08350 0.200598000000 
0.08400 0.195731400000 
0.08450 0.190864600000 
0.08500 0.185997800000 
0.08550 0.181464800000 
0.08600 0.177057000000 
0.08650 0.172649000000 
0.08700 0.168319000000 
0.08750 0.164324000000 
0.08800 0.160329000000 
0.08850 0.156334000000 
0.08900 0.152574200000 
0.08950 0.148948400000 
0.09000 0.145322400000 
0.09050 0.141721000000 
0.09100 0.138428200000 
0.09150 0.135135400000 
0.09200 0.131842600000 
0.09250 0.128698400000 
0.09300 0.125705000000 
0.09350 0.122711400000 
0.09400 0.119717800000 
0.09450 0.116969800000 
0.09500 0.114246400000 
0.09550 0.111523000000 
0.09600 0.108874600000 
0.09650 0.106394000000 
0.09700 0.103913200000 
0.09750 0.101432600000 
0.09800 0.099105400000 
0.09850 0.096844800000 
0.09900 0.094584200000 
0.09950 0.092338600000 
0.10000 0.090276400000 
0.10050 0.088214400000 
0.10100 0.086152200000 
0.10150 0.084169600000 
0.10200 0.082287000000 
0.10250 0.080404400000 
0.10300 0.078521800000 
0.10350 0.076769200000 
0.10400 0.075049200000 
0.10450 0.073329200000 
0.10500 0.071630800000 
0.10550 0.070058200000 
0.10600 0.068485600000 
0.10650 0.066913000000 
0.10700 0.065405000000 
0.10750 0.063966200000 
0.10800 0.062527400000 
0.10850 0.061088600000 
0.10900 0.059748000000 
0.10950 0.058430800000 
0.11000 0.057113400000 
0.11050 0.055810200000 
0.11100 0.054602800000 
0.11150 0.053395400000 
0.11200 0.052188000000 
0.11250 0.051024800000 
0.11300 0.049918400000 
0.11350 0.048811800000 
0.11400 0.047705400000 
0.11450 0.046666200000 
0.11500 0.045650800000 
0.11550 0.044635600000 
0.11600 0.043622800000 
0.11650 0.042690800000 
0.11700 0.041759000000 
0.11750 0.040827000000 
0.11800 0.039919000000 
0.11850 0.039062800000 
0.11900 0.038206800000 
0.11950 0.037350600000 
0.12000 0.036535800000 
0.12050 0.035749600000 
0.12100 0.034963400000 
0.12150 0.034177200000 
0.12200 0.033445200000 
0.12250 0.032722200000 
0.12300 0.031999200000 
0.12350 0.031283200000 
0.12400 0.030618000000 
0.12450 0.029952800000 
0.12500 0.029287800000 
0.12550 0.028642400000 
0.12600 0.028030600000 
0.12650 0.027418600000 
0.12700 0.026806800000 
0.12750 0.026225000000 
0.12800 0.025662000000 
0.12850 0.025099200000 
0.12900 0.024536200000 
0.12950 0.024011000000 
0.13000 0.023492600000 
0.13050 0.022974000000 
0.13100 0.022458800000 
0.13150 0.021981600000 
0.13200 0.021504200000 
0.13250 0.021027000000 
0.13300 0.020560800000 
0.13350 0.020121000000 
0.13400 0.019681340000 
0.13450 0.019241600000 
0.13500 0.018819340000 
0.13550 0.018414140000 
0.13600 0.018008920000 
0.13650 0.017603700000 
0.13700 0.017221200000 
0.13750 0.016848020000 
0.13800 0.016474840000 
0.13850 0.016101680000 
0.13900 0.015754880000 
0.13950 0.015410960000 
0.14000 0.015067040000 
0.14050 0.014725440000 
0.14100 0.014408740000 
0.14150 0.014092020000 
0.14200 0.013775300000 
0.14250 0.013465060000 
0.14300 0.013173180000 
0.14350 0.012881300000 
0.14400 0.012589420000 
0.14450 0.012307320000 
0.14500 0.012038360000 
0.14550 0.011769400000 
0.14600 0.011500440000 
0.14650 0.011243780000 
0.14700 0.010996000000 
0.14750 0.010748200000 
0.14800 0.010500400000 
0.14850 0.010266960000 
0.14900 0.010038940000 
0.14950 0.009810920000 
0.15000 0.009582900000 
0.15050 0.009370380000 
0.15100 0.009160400000 
0.15150 0.008950440000 
0.15200 0.008740460000 
0.15250 0.008546880000 
0.15300 0.008353580000 
0.15350 0.008160300000 
0.15400 0.007968460000 
0.15450 0.007790800000 
0.15500 0.007613160000 
0.15550 0.007435500000 
0.15600 0.007260560000 
0.15650 0.007097160000 
0.15700 0.006933760000 
0.15750 0.006770360000 
0.15800 0.006610580000 
0.15850 0.006460180000 
0.15900 0.006309800000 
0.15950 0.006159400000 
0.16000 0.006013360000 
0.16050 0.005875360000 
0.16100 0.005737340000 
0.16150 0.005599340000 
0.16200 0.005465980000 
0.16250 0.005339260000 
0.16300 0.005212560000 
0.16350 0.005085840000 
0.16400 0.004963900000 
0.16450 0.004847620000 
0.16500 0.004731340000 
0.16550 0.004615060000 
0.16600 0.004503600000 
0.16650 0.004397140000 
0.16700 0.004290660000 
0.16750 0.004184200000 
0.16800 0.004082180000 
0.16850 0.003984500000 
0.16900 0.003886800000 
0.16950 0.003789100000 
0.17000 0.003695700000 
0.17050 0.003606400000 
0.17100 0.003517080000 
0.17150 0.003427780000 
0.17200 0.003342220000 
0.17250 0.003260400000 
0.17300 0.003178580000 
0.17350 0.003096760000 
0.17400 0.003018260000 
0.17450 0.002943480000 
0.17500 0.002868700000 
0.17550 0.002793940000 
0.17600 0.002722020000 
0.17650 0.002653860000 
0.17700 0.002585700000 
0.17750 0.002517540000 
0.17800 0.002451640000 
0.17850 0.002389460000 
0.17900 0.002327300000 
0.17950 0.002265120000 
0.18000 0.002204620000 
0.18050 0.002147840000 
0.18100 0.002091080000 
0.18150 0.002034320000 
0.18200 0.001978686000 
0.18250 0.001927012000 
0.18300 0.001875338000 
0.18350 0.001823666000 
0.18400 0.001772592000 
0.18450 0.001725704000 
0.18500 0.001678814000 
0.18550 0.001631924000 
0.18600 0.001585098000 
0.18650 0.001542418000 
0.18700 0.001499736000 
0.18750 0.001457054000 
0.18800 0.001414374000 
0.18850 0.001375304000 
0.18900 0.001336670000 
0.18950 0.001298036000 
0.19000 0.001259404000 
0.19050 0.001223458000 
0.19100 0.001188368000 
0.19150 0.001153280000 
0.19200 0.001118192000 
0.19250 0.001085152000 
0.19300 0.001053400000 
0.19350 0.001021646000 
0.19400 0.000989894000 
0.19450 0.000959554000 
0.19500 0.000930858000 
0.19550 0.000902162000 
0.19600 0.000873466000 
0.19650 0.000845622000 
0.19700 0.000819726000 
0.19750 0.000793828000 
0.19800 0.000767932000 
0.19850 0.000742398000 
0.19900 0.000719062000 
0.19950 0.000695726000 
0.20000 0.000672390000 
0.20050 0.000649054000 
0.20100 0.000627948000 
0.20150 0.000606894000 
0.20200 0.000585838000 
0.20250 0.000564782000 
0.20300 0.000545522000 
0.20350 0.000526670000 
0.20400 0.000507818000 
0.20450 0.000488966000 
0.20500 0.000471356000 
0.20550 0.000454406000 
0.20600 0.000437454000 
0.20650 0.000420502000 
0.20700 0.000404474000 
0.20750 0.000389360000 
0.20800 0.000374248000 
0.20850 0.000359134000 
0.20900 0.000344594000 
0.20950 0.000331062000 
0.21000 0.000317530000 
0.21050 0.000303998000 
0.21100 0.000290810000 
0.21150 0.000278728000 
0.21200 0.000266646000 
0.21250 0.000254562000 
0.21300 0.000242668000 
0.21350 0.000231994000 
0.21400 0.000221320000 
0.21450 0.000210644000 
0.21500 0.000200038000 
0.21550 0.000190573800 
0.21600 0.000181110200 
0.21650 0.000171646400 
0.21700 0.000162194000 
0.21750 0.000153911400 
0.21800 0.000145628600 
0.21850 0.000137346000 
0.21900 0.000129065800 
0.21950 0.000121803600 
0.22000 0.000114541600 
0.22050 0.000107279600 
0.22100 0.000100056600 
0.22150 0.000093744600 
0.22200 0.000087432400 
0.22250 0.000081120400 
0.22300 0.000074933600 
0.22350 0.000069559000 
0.22400 0.000064184200 
0.22450 0.000058809600 
0.22500 0.000053674800 
0.22550 0.000049132800 
0.22600 0.000044591000 
0.22650 0.000040049000 
0.22700 0.000035927600 
0.22750 0.000032203800 
0.22800 0.000028479800 
0.22850 0.000024756000 
0.22900 0.000021683600 
0.22950 0.000018752760 
0.23000 0.000015821880 
0.23050 0.000013063580 
0.23100 0.000010911520 
0.23150 0.000008759460 
0.23200 0.000006607400 
0.23250 0.000005047860 
0.23300 0.000003712300 
0.23350 0.000002376720 
