0.00000 739.058000000000 
0.00050 659.258000000000 
0.00100 579.458000000000 
0.00150 499.660000000000 
0.00200 419.860000000000 
0.00250 363.532000000000 
0.00300 314.206000000000 
0.00350 273.860000000000 
0.00400 241.818000000000 
0.00450 211.746000000000 
0.00500 190.120800000000 
0.00550 168.496600000000 
0.00600 152.032200000000 
0.00650 136.979800000000 
0.00700 123.282400000000 
0.00750 112.530800000000 
0.00800 101.779400000000 
0.00850 93.303400000000 
0.00900 85.453200000000 
0.00950 78.001600000000 
0.01000 72.159200000000 
0.01050 66.316600000000 
0.01100 61.273600000000 
0.01150 56.851800000000 
0.01200 52.430200000000 
0.01250 48.911400000000 
0.01300 45.514800000000 
0.01350 42.236800000000 
0.01400 39.592600000000 
0.01450 36.948600000000 
0.01500 34.526600000000 
0.01550 32.443400000000 
0.01600 30.360400000000 
0.01650 28.531600000000 
0.01700 26.872600000000 
0.01750 25.213400000000 
0.01800 23.805000000000 
0.01850 22.470600000000 
0.01900 21.136200000000 
0.01950 20.031600000000 
0.02000 18.948640000000 
0.02050 17.871600000000 
0.02100 16.985420000000 
0.02150 16.099220000000 
0.02200 15.231860000000 
0.02250 14.501240000000 
0.02300 13.770600000000 
0.02350 13.063360000000 
0.02400 12.456780000000 
0.02450 11.850200000000 
0.02500 11.267040000000 
0.02550 10.760220000000 
0.02600 10.253400000000 
0.02650 9.767640000000 
0.02700 9.341700000000 
0.02750 8.915740000000 
0.02800 8.507400000000 
0.02850 8.147460000000 
0.02900 7.787500000000 
0.02950 7.441420000000 
0.03000 7.135720000000 
0.03050 6.830000000000 
0.03100 6.534480000000 
0.03150 6.273620000000 
0.03200 6.012780000000 
0.03250 5.758700000000 
0.03300 5.535160000000 
0.03350 5.311640000000 
0.03400 5.091840000000 
0.03450 4.899520000000 
0.03500 4.707200000000 
0.03550 4.516000000000 
0.03600 4.349920000000 
0.03650 4.183840000000 
0.03700 4.017760000000 
0.03750 3.872740000000 
0.03800 3.728820000000 
0.03850 3.584900000000 
0.03900 3.456820000000 
0.03950 3.331720000000 
0.04000 3.206600000000 
0.04050 3.093020000000 
0.04100 2.983940000000 
0.04150 2.874860000000 
0.04200 2.773760000000 
0.04250 2.678380000000 
0.04300 2.583020000000 
0.04350 2.492700000000 
0.04400 2.409100000000 
0.04450 2.325500000000 
0.04500 2.244560000000 
0.04550 2.171100000000 
0.04600 2.097640000000 
0.04650 2.024880000000 
0.04700 1.960182000000 
0.04750 1.895488000000 
0.04800 1.830794000000 
0.04850 1.772810000000 
0.04900 1.715714000000 
0.04950 1.658618000000 
0.05000 1.605958000000 
0.05050 1.555466000000 
0.05100 1.504976000000 
0.05150 1.457048000000 
0.05200 1.412318000000 
0.05250 1.367588000000 
0.05300 1.323880000000 
0.05350 1.284180000000 
0.05400 1.244480000000 
0.05450 1.204780000000 
0.05500 1.169252000000 
0.05550 1.133960000000 
0.05600 1.098668000000 
0.05650 1.065984000000 
0.05700 1.034560000000 
0.05750 1.003136000000 
0.05800 0.973030000000 
0.05850 0.945010000000 
0.05900 0.916988000000 
0.05950 0.889222000000 
0.06000 0.864200000000 
0.06050 0.839178000000 
0.06100 0.814156000000 
0.06150 0.791164000000 
0.06200 0.768788000000 
0.06250 0.746412000000 
0.06300 0.725052000000 
0.06350 0.705018000000 
0.06400 0.684986000000 
0.06450 0.665128000000 
0.06500 0.647168000000 
0.06550 0.629208000000 
0.06600 0.611248000000 
0.06650 0.594614000000 
0.06700 0.578494000000 
0.06750 0.562376000000 
0.06800 0.546812000000 
0.06850 0.532328000000 
0.06900 0.517842000000 
0.06950 0.503358000000 
0.07000 0.490246000000 
0.07050 0.477216000000 
0.07100 0.464184000000 
0.07150 0.451848000000 
0.07200 0.440112000000 
0.07250 0.428378000000 
0.07300 0.416770000000 
0.07350 0.406192000000 
0.07400 0.395612000000 
0.07450 0.385034000000 
0.07500 0.375146000000 
0.07550 0.365598000000 
0.07600 0.356052000000 
0.07650 0.346702000000 
0.07700 0.338078000000 
0.07750 0.329454000000 
0.07800 0.320830000000 
0.07850 0.312822000000 
0.07900 0.305022000000 
0.07950 0.297224000000 
0.08000 0.289620000000 
0.08050 0.282562000000 
0.08100 0.275504000000 
0.08150 0.268446000000 
0.08200 0.261894000000 
0.08250 0.255500000000 
0.08300 0.249106000000 
0.08350 0.242862000000 
0.08400 0.237062000000 
0.08450 0.231264000000 
0.08500 0.225466000000 
0.08550 0.220058000000 
0.08600 0.214794000000 
0.08650 0.209532000000 
0.08700 0.204360000000 
0.08750 0.199580000000 
0.08800 0.194800400000 
0.08850 0.190020800000 
0.08900 0.185517200000 
0.08950 0.181170600000 
0.09000 0.176824000000 
0.09050 0.172506400000 
0.09100 0.168551600000 
0.09150 0.164597000000 
0.09200 0.160642400000 
0.09250 0.156863200000 
0.09300 0.153261400000 
0.09350 0.149659800000 
0.09400 0.146058000000 
0.09450 0.142746600000 
0.09500 0.139464400000 
0.09550 0.136182200000 
0.09600 0.132988800000 
0.09650 0.129994200000 
0.09700 0.126999600000 
0.09750 0.124005000000 
0.09800 0.121192600000 
0.09850 0.118459400000 
0.09900 0.115726400000 
0.09950 0.113010800000 
0.10000 0.110514000000 
0.10050 0.108017000000 
0.10100 0.105520200000 
0.10150 0.103117800000 
0.10200 0.100835200000 
0.10250 0.098552400000 
0.10300 0.096269600000 
0.10350 0.094142000000 
0.10400 0.092053600000 
0.10450 0.089965200000 
0.10500 0.087902400000 
0.10550 0.085990400000 
0.10600 0.084078600000 
0.10650 0.082166600000 
0.10700 0.080332000000 
0.10750 0.078580400000 
0.10800 0.076829000000 
0.10850 0.075077400000 
0.10900 0.073444200000 
0.10950 0.071838600000 
0.11000 0.070233000000 
0.11050 0.068644400000 
0.11100 0.067171200000 
0.11150 0.065698000000 
0.11200 0.064224800000 
0.11250 0.062805000000 
0.11300 0.061453400000 
0.11350 0.060102000000 
0.11400 0.058750400000 
0.11450 0.057480200000 
0.11500 0.056238800000 
0.11550 0.054997200000 
0.11600 0.053758800000 
0.11650 0.052618200000 
0.11700 0.051477600000 
0.11750 0.050337000000 
0.11800 0.049225400000 
0.11850 0.048176600000 
0.11900 0.047127800000 
0.11950 0.046079000000 
0.12000 0.045080200000 
0.12050 0.044116200000 
0.12100 0.043152200000 
0.12150 0.042188200000 
0.12200 0.041290200000 
0.12250 0.040402800000 
0.12300 0.039515600000 
0.12350 0.038636600000 
0.12400 0.037819800000 
0.12450 0.037002800000 
0.12500 0.036186000000 
0.12550 0.035393000000 
0.12600 0.034641000000 
0.12650 0.033889000000 
0.12700 0.033137000000 
0.12750 0.032421400000 
0.12800 0.031729000000 
0.12850 0.031036600000 
0.12900 0.030344000000 
0.12950 0.029697600000 
0.13000 0.029059600000 
0.13050 0.028421400000 
0.13100 0.027787000000 
0.13150 0.027199200000 
0.13200 0.026611400000 
0.13250 0.026023400000 
0.13300 0.025449200000 
0.13350 0.024907200000 
0.13400 0.024365200000 
0.13450 0.023823200000 
0.13500 0.023302600000 
0.13550 0.022802800000 
0.13600 0.022303000000 
0.13650 0.021803400000 
0.13700 0.021331400000 
0.13750 0.020871000000 
0.13800 0.020410400000 
0.13850 0.019949980000 
0.13900 0.019521840000 
0.13950 0.019097200000 
0.14000 0.018672580000 
0.14050 0.018250820000 
0.14100 0.017859580000 
0.14150 0.017468340000 
0.14200 0.017077120000 
0.14250 0.016693840000 
0.14300 0.016333100000 
0.14350 0.015972380000 
0.14400 0.015611640000 
0.14450 0.015262900000 
0.14500 0.014930340000 
0.14550 0.014597780000 
0.14600 0.014265240000 
0.14650 0.013947800000 
0.14700 0.013641260000 
0.14750 0.013334740000 
0.14800 0.013028220000 
0.14850 0.012739340000 
0.14900 0.012457160000 
0.14950 0.012174960000 
0.15000 0.011892780000 
0.15050 0.011629700000 
0.15100 0.011369740000 
0.15150 0.011109780000 
0.15200 0.010849820000 
0.15250 0.010610060000 
0.15300 0.010370680000 
0.15350 0.010131300000 
0.15400 0.009893700000 
0.15450 0.009673580000 
0.15500 0.009453480000 
0.15550 0.009233360000 
0.15600 0.009016620000 
0.15650 0.008814100000 
0.15700 0.008611600000 
0.15750 0.008409080000 
0.15800 0.008211020000 
0.15850 0.008024560000 
0.15900 0.007838120000 
0.15950 0.007651660000 
0.16000 0.007470580000 
0.16050 0.007299420000 
0.16100 0.007128280000 
0.16150 0.006957140000 
0.16200 0.006791720000 
0.16250 0.006634540000 
0.16300 0.006477340000 
0.16350 0.006320140000 
0.16400 0.006168860000 
0.16450 0.006024580000 
0.16500 0.005880300000 
0.16550 0.005736020000 
0.16600 0.005597680000 
0.16650 0.005465540000 
0.16700 0.005333400000 
0.16750 0.005201260000 
0.16800 0.005074620000 
0.16850 0.004953340000 
0.16900 0.004832060000 
0.16950 0.004710760000 
0.17000 0.004594800000 
0.17050 0.004483900000 
0.17100 0.004373000000 
0.17150 0.004262120000 
0.17200 0.004155860000 
0.17250 0.004054220000 
0.17300 0.003952600000 
0.17350 0.003850980000 
0.17400 0.003753480000 
0.17450 0.003660580000 
0.17500 0.003567700000 
0.17550 0.003474800000 
0.17600 0.003385460000 
0.17650 0.003300760000 
0.17700 0.003216080000 
0.17750 0.003131380000 
0.17800 0.003049500000 
0.17850 0.002972240000 
0.17900 0.002894960000 
0.17950 0.002817700000 
0.18000 0.002742500000 
0.18050 0.002671940000 
0.18100 0.002601380000 
0.18150 0.002530820000 
0.18200 0.002461680000 
0.18250 0.002397440000 
0.18300 0.002333200000 
0.18350 0.002268960000 
0.18400 0.002205480000 
0.18450 0.002147180000 
0.18500 0.002088880000 
0.18550 0.002030580000 
0.18600 0.001972354000 
0.18650 0.001919280000 
0.18700 0.001866204000 
0.18750 0.001813130000 
0.18800 0.001760054000 
0.18850 0.001711464000 
0.18900 0.001663416000 
0.18950 0.001615368000 
0.19000 0.001567322000 
0.19050 0.001522612000 
0.19100 0.001478966000 
0.19150 0.001435322000 
0.19200 0.001391678000 
0.19250 0.001350580000 
0.19300 0.001311080000 
0.19350 0.001271578000 
0.19400 0.001232078000 
0.19450 0.001194336000 
0.19500 0.001158634000 
0.19550 0.001122932000 
0.19600 0.001087232000 
0.19650 0.001052590000 
0.19700 0.001020366000 
0.19750 0.000988144000 
0.19800 0.000955922000 
0.19850 0.000924152000 
0.19900 0.000895114000 
0.19950 0.000866074000 
0.20000 0.000837036000 
0.20050 0.000807998000 
0.20100 0.000781732000 
0.20150 0.000755528000 
0.20200 0.000729326000 
0.20250 0.000703122000 
0.20300 0.000679150000 
0.20350 0.000655688000 
0.20400 0.000632224000 
0.20450 0.000608762000 
0.20500 0.000586846000 
0.20550 0.000565746000 
0.20600 0.000544646000 
0.20650 0.000523546000 
0.20700 0.000503596000 
0.20750 0.000484784000 
0.20800 0.000465972000 
0.20850 0.000447160000 
0.20900 0.000429058000 
0.20950 0.000412214000 
0.21000 0.000395368000 
0.21050 0.000378522000 
0.21100 0.000362104000 
0.21150 0.000347062000 
0.21200 0.000332020000 
0.21250 0.000316978000 
0.21300 0.000302170000 
0.21350 0.000288880000 
0.21400 0.000275590000 
0.21450 0.000262302000 
0.21500 0.000249094000 
0.21550 0.000237312000 
0.21600 0.000225528000 
0.21650 0.000213746000 
0.21700 0.000201976000 
0.21750 0.000191663800 
0.21800 0.000181350600 
0.21850 0.000171037600 
0.21900 0.000160727400 
0.21950 0.000151684600 
0.22000 0.000142642000 
0.22050 0.000133599200 
0.22100 0.000124605000 
0.22150 0.000116745000 
0.22200 0.000108884800 
0.22250 0.000101024800 
0.22300 0.000093320600 
0.22350 0.000086627400 
0.22400 0.000079934200 
0.22450 0.000073241200 
0.22500 0.000066846800 
0.22550 0.000061190600 
0.22600 0.000055534200 
0.22650 0.000049878000 
0.22700 0.000044745400 
0.22750 0.000040107800 
0.22800 0.000035470000 
0.22850 0.000030832400 
0.22900 0.000027006000 
0.22950 0.000023355800 
0.23000 0.000019705600 
0.23050 0.000016270320 
0.23100 0.000013590040 
0.23150 0.000010909740 
0.23200 0.000008229440 
0.23250 0.000006287060 
0.23300 0.000004623640 
0.23350 0.000002960220 
