0.00000 737.508000000000 
0.00050 658.312000000000 
0.00100 579.114000000000 
0.00150 499.918000000000 
0.00200 420.720000000000 
0.00250 364.888000000000 
0.00300 316.024000000000 
0.00350 276.048000000000 
0.00400 244.292000000000 
0.00450 214.476000000000 
0.00500 192.999600000000 
0.00550 171.523600000000 
0.00600 155.135800000000 
0.00650 140.140600000000 
0.00700 126.482000000000 
0.00750 115.729800000000 
0.00800 104.977800000000 
0.00850 96.473800000000 
0.00900 88.588000000000 
0.00950 81.096800000000 
0.01000 75.198800000000 
0.01050 69.300800000000 
0.01100 64.196600000000 
0.01150 59.709000000000 
0.01200 55.221600000000 
0.01250 51.633800000000 
0.01300 48.167400000000 
0.01350 44.819600000000 
0.01400 42.105400000000 
0.01450 39.391400000000 
0.01500 36.900400000000 
0.01550 34.749400000000 
0.01600 32.598400000000 
0.01650 30.703800000000 
0.01700 28.980400000000 
0.01750 27.257000000000 
0.01800 25.787400000000 
0.01850 24.392800000000 
0.01900 22.998200000000 
0.01950 21.837600000000 
0.02000 20.698800000000 
0.02050 19.566140000000 
0.02100 18.628700000000 
0.02150 17.691260000000 
0.02200 16.773160000000 
0.02250 15.995640000000 
0.02300 15.218120000000 
0.02350 14.464780000000 
0.02400 13.815480000000 
0.02450 13.166160000000 
0.02500 12.541180000000 
0.02550 11.995520000000 
0.02600 11.449860000000 
0.02650 10.926200000000 
0.02700 10.465000000000 
0.02750 10.003800000000 
0.02800 9.561120000000 
0.02850 9.169240000000 
0.02900 8.777360000000 
0.02950 8.400120000000 
0.03000 8.065520000000 
0.03050 7.730920000000 
0.03100 7.407120000000 
0.03150 7.120140000000 
0.03200 6.833160000000 
0.03250 6.553400000000 
0.03300 6.306260000000 
0.03350 6.059100000000 
0.03400 5.815960000000 
0.03450 5.602280000000 
0.03500 5.388620000000 
0.03550 5.176160000000 
0.03600 4.990780000000 
0.03650 4.805420000000 
0.03700 4.620060000000 
0.03750 4.457500000000 
0.03800 4.296160000000 
0.03850 4.134820000000 
0.03900 3.990740000000 
0.03950 3.849880000000 
0.04000 3.709040000000 
0.04050 3.580800000000 
0.04100 3.457500000000 
0.04150 3.334200000000 
0.04200 3.219660000000 
0.04250 3.111440000000 
0.04300 3.003220000000 
0.04350 2.900560000000 
0.04400 2.805360000000 
0.04450 2.710140000000 
0.04500 2.617880000000 
0.04550 2.533920000000 
0.04600 2.449960000000 
0.04650 2.366780000000 
0.04700 2.292600000000 
0.04750 2.218420000000 
0.04800 2.144220000000 
0.04850 2.077560000000 
0.04900 2.011880000000 
0.04950 1.946196000000 
0.05000 1.885504000000 
0.05050 1.827252000000 
0.05100 1.769000000000 
0.05150 1.713638000000 
0.05200 1.661886000000 
0.05250 1.610134000000 
0.05300 1.559540000000 
0.05350 1.513486000000 
0.05400 1.467430000000 
0.05450 1.421376000000 
0.05500 1.380066000000 
0.05550 1.339022000000 
0.05600 1.297978000000 
0.05650 1.259910000000 
0.05700 1.223278000000 
0.05750 1.186648000000 
0.05800 1.151524000000 
0.05850 1.118788000000 
0.05900 1.086050000000 
0.05950 1.053606000000 
0.06000 1.024310000000 
0.06050 0.995016000000 
0.06100 0.965722000000 
0.06150 0.938762000000 
0.06200 0.912514000000 
0.06250 0.886266000000 
0.06300 0.861190000000 
0.06350 0.837648000000 
0.06400 0.814104000000 
0.06450 0.790764000000 
0.06500 0.769620000000 
0.06550 0.748476000000 
0.06600 0.727334000000 
0.06650 0.707728000000 
0.06700 0.688720000000 
0.06750 0.669712000000 
0.06800 0.651352000000 
0.06850 0.634246000000 
0.06900 0.617140000000 
0.06950 0.600034000000 
0.07000 0.584530000000 
0.07050 0.569118000000 
0.07100 0.553706000000 
0.07150 0.539106000000 
0.07200 0.525210000000 
0.07250 0.511314000000 
0.07300 0.497566000000 
0.07350 0.485022000000 
0.07400 0.472478000000 
0.07450 0.459934000000 
0.07500 0.448202000000 
0.07550 0.436868000000 
0.07600 0.425536000000 
0.07650 0.414436000000 
0.07700 0.404186000000 
0.07750 0.393938000000 
0.07800 0.383688000000 
0.07850 0.374164000000 
0.07900 0.364888000000 
0.07950 0.355612000000 
0.08000 0.346564000000 
0.08050 0.338160000000 
0.08100 0.329756000000 
0.08150 0.321352000000 
0.08200 0.313546000000 
0.08250 0.305926000000 
0.08300 0.298304000000 
0.08350 0.290862000000 
0.08400 0.283946000000 
0.08450 0.277032000000 
0.08500 0.270116000000 
0.08550 0.263662000000 
0.08600 0.257380000000 
0.08650 0.251098000000 
0.08700 0.244924000000 
0.08750 0.239216000000 
0.08800 0.233506000000 
0.08850 0.227798000000 
0.08900 0.222416000000 
0.08950 0.217222000000 
0.09000 0.212026000000 
0.09050 0.206866000000 
0.09100 0.202136000000 
0.09150 0.197407400000 
0.09200 0.192678000000 
0.09250 0.188157400000 
0.09300 0.183847800000 
0.09350 0.179538400000 
0.09400 0.175228800000 
0.09450 0.171264800000 
0.09500 0.167335600000 
0.09550 0.163406400000 
0.09600 0.159583000000 
0.09650 0.155996400000 
0.09700 0.152409800000 
0.09750 0.148823200000 
0.09800 0.145454000000 
0.09850 0.142179200000 
0.09900 0.138904400000 
0.09950 0.135650800000 
0.10000 0.132657800000 
0.10050 0.129665000000 
0.10100 0.126672000000 
0.10150 0.123792200000 
0.10200 0.121055000000 
0.10250 0.118317800000 
0.10300 0.115580800000 
0.10350 0.113029000000 
0.10400 0.110524200000 
0.10450 0.108019200000 
0.10500 0.105545000000 
0.10550 0.103251000000 
0.10600 0.100957200000 
0.10650 0.098663400000 
0.10700 0.096462000000 
0.10750 0.094360000000 
0.10800 0.092258200000 
0.10850 0.090156200000 
0.10900 0.088195800000 
0.10950 0.086268600000 
0.11000 0.084341200000 
0.11050 0.082434400000 
0.11100 0.080665800000 
0.11150 0.078897000000 
0.11200 0.077128400000 
0.11250 0.075423600000 
0.11300 0.073800800000 
0.11350 0.072177800000 
0.11400 0.070555000000 
0.11450 0.069029600000 
0.11500 0.067538600000 
0.11550 0.066047600000 
0.11600 0.064560400000 
0.11650 0.063190400000 
0.11700 0.061820400000 
0.11750 0.060450400000 
0.11800 0.059115200000 
0.11850 0.057855200000 
0.11900 0.056595400000 
0.11950 0.055335400000 
0.12000 0.054135600000 
0.12050 0.052977600000 
0.12100 0.051819400000 
0.12150 0.050661200000 
0.12200 0.049582400000 
0.12250 0.048516400000 
0.12300 0.047450400000 
0.12350 0.046394400000 
0.12400 0.045412800000 
0.12450 0.044431400000 
0.12500 0.043449800000 
0.12550 0.042497000000 
0.12600 0.041593600000 
0.12650 0.040690000000 
0.12700 0.039786400000 
0.12750 0.038926600000 
0.12800 0.038094600000 
0.12850 0.037262600000 
0.12900 0.036430400000 
0.12950 0.035653800000 
0.13000 0.034887000000 
0.13050 0.034120200000 
0.13100 0.033358000000 
0.13150 0.032651600000 
0.13200 0.031945200000 
0.13250 0.031239000000 
0.13300 0.030548800000 
0.13350 0.029897600000 
0.13400 0.029246400000 
0.13450 0.028595200000 
0.13500 0.027969600000 
0.13550 0.027369200000 
0.13600 0.026768800000 
0.13650 0.026168400000 
0.13700 0.025601400000 
0.13750 0.025048200000 
0.13800 0.024494800000 
0.13850 0.023941600000 
0.13900 0.023427200000 
0.13950 0.022917000000 
0.14000 0.022407000000 
0.14050 0.021900200000 
0.14100 0.021430200000 
0.14150 0.020960200000 
0.14200 0.020490200000 
0.14250 0.020029800000 
0.14300 0.019596500000 
0.14350 0.019163160000 
0.14400 0.018729840000 
0.14450 0.018310960000 
0.14500 0.017911500000 
0.14550 0.017512060000 
0.14600 0.017112600000 
0.14650 0.016731340000 
0.14700 0.016363200000 
0.14750 0.015995040000 
0.14800 0.015626900000 
0.14850 0.015279980000 
0.14900 0.014941100000 
0.14950 0.014602200000 
0.15000 0.014263320000 
0.15050 0.013947400000 
0.15100 0.013635260000 
0.15150 0.013323100000 
0.15200 0.013010940000 
0.15250 0.012723060000 
0.15300 0.012435640000 
0.15350 0.012148220000 
0.15400 0.011862940000 
0.15450 0.011598700000 
0.15500 0.011334440000 
0.15550 0.011070200000 
0.15600 0.010810000000 
0.15650 0.010566900000 
0.15700 0.010323800000 
0.15750 0.010080700000 
0.15800 0.009842960000 
0.15850 0.009619180000 
0.15900 0.009395380000 
0.15950 0.009171580000 
0.16000 0.008954260000 
0.16050 0.008748860000 
0.16100 0.008543480000 
0.16150 0.008338080000 
0.16200 0.008139580000 
0.16250 0.007950960000 
0.16300 0.007762340000 
0.16350 0.007573720000 
0.16400 0.007392200000 
0.16450 0.007219080000 
0.16500 0.007045980000 
0.16550 0.006872880000 
0.16600 0.006706920000 
0.16650 0.006548400000 
0.16700 0.006389880000 
0.16750 0.006231360000 
0.16800 0.006079460000 
0.16850 0.005933980000 
0.16900 0.005788500000 
0.16950 0.005643020000 
0.17000 0.005503940000 
0.17050 0.005370940000 
0.17100 0.005237940000 
0.17150 0.005104960000 
0.17200 0.004977520000 
0.17250 0.004855660000 
0.17300 0.004733800000 
0.17350 0.004611940000 
0.17400 0.004495060000 
0.17450 0.004383680000 
0.17500 0.004272300000 
0.17550 0.004160920000 
0.17600 0.004053820000 
0.17650 0.003952300000 
0.17700 0.003850780000 
0.17750 0.003749260000 
0.17800 0.003651100000 
0.17850 0.003558480000 
0.17900 0.003465880000 
0.17950 0.003373260000 
0.18000 0.003283140000 
0.18050 0.003198580000 
0.18100 0.003114020000 
0.18150 0.003029460000 
0.18200 0.002946600000 
0.18250 0.002869640000 
0.18300 0.002792660000 
0.18350 0.002715680000 
0.18400 0.002639620000 
0.18450 0.002569760000 
0.18500 0.002499920000 
0.18550 0.002430080000 
0.18600 0.002360320000 
0.18650 0.002296740000 
0.18700 0.002233180000 
0.18750 0.002169600000 
0.18800 0.002106020000 
0.18850 0.002047820000 
0.18900 0.001990276000 
0.18950 0.001932730000 
0.19000 0.001875184000 
0.19050 0.001821642000 
0.19100 0.001769378000 
0.19150 0.001717114000 
0.19200 0.001664848000 
0.19250 0.001615638000 
0.19300 0.001568344000 
0.19350 0.001521050000 
0.19400 0.001473756000 
0.19450 0.001428570000 
0.19500 0.001385830000 
0.19550 0.001343090000 
0.19600 0.001300350000 
0.19650 0.001258882000 
0.19700 0.001220312000 
0.19750 0.001181744000 
0.19800 0.001143176000 
0.19850 0.001105148000 
0.19900 0.001070396000 
0.19950 0.001035642000 
0.20000 0.001000890000 
0.20050 0.000966138000 
0.20100 0.000934708000 
0.20150 0.000903354000 
0.20200 0.000872000000 
0.20250 0.000840646000 
0.20300 0.000811964000 
0.20350 0.000783894000 
0.20400 0.000755822000 
0.20450 0.000727750000 
0.20500 0.000701532000 
0.20550 0.000676292000 
0.20600 0.000651052000 
0.20650 0.000625812000 
0.20700 0.000601950000 
0.20750 0.000579448000 
0.20800 0.000556948000 
0.20850 0.000534448000 
0.20900 0.000512800000 
0.20950 0.000492654000 
0.21000 0.000472510000 
0.21050 0.000452364000 
0.21100 0.000432732000 
0.21150 0.000414746000 
0.21200 0.000396762000 
0.21250 0.000378776000 
0.21300 0.000361070000 
0.21350 0.000345182000 
0.21400 0.000329294000 
0.21450 0.000313406000 
0.21500 0.000297618000 
0.21550 0.000283534000 
0.21600 0.000269448000 
0.21650 0.000255364000 
0.21700 0.000241296000 
0.21750 0.000228970000 
0.21800 0.000216644000 
0.21850 0.000204318000 
0.21900 0.000191996600 
0.21950 0.000181190800 
0.22000 0.000170385000 
0.22050 0.000159579000 
0.22100 0.000148831400 
0.22150 0.000139440200 
0.22200 0.000130049000 
0.22250 0.000120658000 
0.22300 0.000111453000 
0.22350 0.000103457200 
0.22400 0.000095461600 
0.22450 0.000087465800 
0.22500 0.000079827200 
0.22550 0.000073071000 
0.22600 0.000066315000 
0.22650 0.000059558800 
0.22700 0.000053428600 
0.22750 0.000047890000 
0.22800 0.000042351400 
0.22850 0.000036812600 
0.22900 0.000032243400 
0.22950 0.000027884800 
0.23000 0.000023526000 
0.23050 0.000019424120 
0.23100 0.000016224040 
0.23150 0.000013023960 
0.23200 0.000009823860 
0.23250 0.000007505000 
0.23300 0.000005519260 
0.23350 0.000003533520 
