0.00000 753.812000000000 
0.00050 673.066000000000 
0.00100 592.318000000000 
0.00150 511.570000000000 
0.00200 430.824000000000 
0.00250 374.052000000000 
0.00300 324.436000000000 
0.00350 283.860000000000 
0.00400 251.646000000000 
0.00450 221.400000000000 
0.00500 199.597000000000 
0.00550 177.795000000000 
0.00600 161.133800000000 
0.00650 145.879400000000 
0.00700 131.974400000000 
0.00750 121.003400000000 
0.00800 110.032600000000 
0.00850 101.332200000000 
0.00900 93.256200000000 
0.00950 85.579200000000 
0.01000 79.513600000000 
0.01050 73.447800000000 
0.01100 68.186400000000 
0.01150 63.550200000000 
0.01200 58.913800000000 
0.01250 55.191600000000 
0.01300 51.592800000000 
0.01350 48.114800000000 
0.01400 45.282800000000 
0.01450 42.451000000000 
0.01500 39.847200000000 
0.01550 37.591200000000 
0.01600 35.335200000000 
0.01650 33.342600000000 
0.01700 31.525600000000 
0.01750 29.708600000000 
0.01800 28.153200000000 
0.01850 26.675200000000 
0.01900 25.197200000000 
0.01950 23.961600000000 
0.02000 22.748600000000 
0.02050 21.541800000000 
0.02100 20.538200000000 
0.02150 19.534500000000 
0.02200 18.551040000000 
0.02250 17.714400000000 
0.02300 16.877780000000 
0.02350 16.066540000000 
0.02400 15.364460000000 
0.02450 14.662380000000 
0.02500 13.985960000000 
0.02550 13.393160000000 
0.02600 12.800380000000 
0.02650 12.230900000000 
0.02700 11.727580000000 
0.02750 11.224240000000 
0.02800 10.740640000000 
0.02850 10.311080000000 
0.02900 9.881520000000 
0.02950 9.467620000000 
0.03000 9.099280000000 
0.03050 8.730960000000 
0.03100 8.374220000000 
0.03150 8.057040000000 
0.03200 7.739840000000 
0.03250 7.430440000000 
0.03300 7.156220000000 
0.03350 6.881980000000 
0.03400 6.612100000000 
0.03450 6.374140000000 
0.03500 6.136180000000 
0.03550 5.899540000000 
0.03600 5.692360000000 
0.03650 5.485200000000 
0.03700 5.278040000000 
0.03750 5.095800000000 
0.03800 4.914880000000 
0.03850 4.733960000000 
0.03900 4.571960000000 
0.03950 4.413500000000 
0.04000 4.255060000000 
0.04050 4.110520000000 
0.04100 3.971380000000 
0.04150 3.832260000000 
0.04200 3.702820000000 
0.04250 3.580360000000 
0.04300 3.457900000000 
0.04350 3.341640000000 
0.04400 3.233620000000 
0.04450 3.125580000000 
0.04500 3.020840000000 
0.04550 2.925340000000 
0.04600 2.829840000000 
0.04650 2.735220000000 
0.04700 2.650620000000 
0.04750 2.566040000000 
0.04800 2.481460000000 
0.04850 2.405280000000 
0.04900 2.330240000000 
0.04950 2.255180000000 
0.05000 2.185720000000 
0.05050 2.119020000000 
0.05100 2.052300000000 
0.05150 1.988856000000 
0.05200 1.929470000000 
0.05250 1.870086000000 
0.05300 1.812010000000 
0.05350 1.759066000000 
0.05400 1.706120000000 
0.05450 1.653176000000 
0.05500 1.605604000000 
0.05550 1.558336000000 
0.05600 1.511068000000 
0.05650 1.467180000000 
0.05700 1.424924000000 
0.05750 1.382668000000 
0.05800 1.342130000000 
0.05850 1.304308000000 
0.05900 1.266486000000 
0.05950 1.228998000000 
0.06000 1.195104000000 
0.06050 1.161210000000 
0.06100 1.127316000000 
0.06150 1.096092000000 
0.06200 1.065682000000 
0.06250 1.035272000000 
0.06300 1.006204000000 
0.06350 0.978894000000 
0.06400 0.951584000000 
0.06450 0.924504000000 
0.06500 0.899948000000 
0.06550 0.875392000000 
0.06600 0.850836000000 
0.06650 0.828050000000 
0.06700 0.805950000000 
0.06750 0.783850000000 
0.06800 0.762496000000 
0.06850 0.742586000000 
0.06900 0.722676000000 
0.06950 0.702766000000 
0.07000 0.684704000000 
0.07050 0.666750000000 
0.07100 0.648796000000 
0.07150 0.631778000000 
0.07200 0.615574000000 
0.07250 0.599370000000 
0.07300 0.583338000000 
0.07350 0.568700000000 
0.07400 0.554060000000 
0.07450 0.539422000000 
0.07500 0.525722000000 
0.07550 0.512486000000 
0.07600 0.499248000000 
0.07650 0.486284000000 
0.07700 0.474304000000 
0.07750 0.462326000000 
0.07800 0.450346000000 
0.07850 0.439210000000 
0.07900 0.428360000000 
0.07950 0.417510000000 
0.08000 0.406928000000 
0.08050 0.397092000000 
0.08100 0.387256000000 
0.08150 0.377422000000 
0.08200 0.368284000000 
0.08250 0.359360000000 
0.08300 0.350436000000 
0.08350 0.341720000000 
0.08400 0.333618000000 
0.08450 0.325514000000 
0.08500 0.317412000000 
0.08550 0.309848000000 
0.08600 0.302484000000 
0.08650 0.295120000000 
0.08700 0.287884000000 
0.08750 0.281190000000 
0.08800 0.274494000000 
0.08850 0.267800000000 
0.08900 0.261486000000 
0.08950 0.255392000000 
0.09000 0.249298000000 
0.09050 0.243242000000 
0.09100 0.237692000000 
0.09150 0.232142000000 
0.09200 0.226590000000 
0.09250 0.221284000000 
0.09300 0.216224000000 
0.09350 0.211164000000 
0.09400 0.206104000000 
0.09450 0.201450000000 
0.09500 0.196834400000 
0.09550 0.192219600000 
0.09600 0.187728600000 
0.09650 0.183515000000 
0.09700 0.179301200000 
0.09750 0.175087600000 
0.09800 0.171128600000 
0.09850 0.167280200000 
0.09900 0.163431800000 
0.09950 0.159608000000 
0.10000 0.156090000000 
0.10050 0.152572000000 
0.10100 0.149054000000 
0.10150 0.145668600000 
0.10200 0.142450400000 
0.10250 0.139232200000 
0.10300 0.136014200000 
0.10350 0.133013600000 
0.10400 0.130067800000 
0.10450 0.127122200000 
0.10500 0.124212400000 
0.10550 0.121514400000 
0.10600 0.118816400000 
0.10650 0.116118200000 
0.10700 0.113529000000 
0.10750 0.111056200000 
0.10800 0.108583400000 
0.10850 0.106110800000 
0.10900 0.103804200000 
0.10950 0.101536800000 
0.11000 0.099269200000 
0.11050 0.097025800000 
0.11100 0.094944400000 
0.11150 0.092863200000 
0.11200 0.090782000000 
0.11250 0.088775800000 
0.11300 0.086866000000 
0.11350 0.084956000000 
0.11400 0.083046200000 
0.11450 0.081250800000 
0.11500 0.079496000000 
0.11550 0.077741000000 
0.11600 0.075990600000 
0.11650 0.074378000000 
0.11700 0.072765400000 
0.11750 0.071153000000 
0.11800 0.069581200000 
0.11850 0.068098000000 
0.11900 0.066614800000 
0.11950 0.065131800000 
0.12000 0.063719400000 
0.12050 0.062356000000 
0.12100 0.060992600000 
0.12150 0.059629200000 
0.12200 0.058359000000 
0.12250 0.057104000000 
0.12300 0.055849000000 
0.12350 0.054605800000 
0.12400 0.053450200000 
0.12450 0.052294600000 
0.12500 0.051139000000 
0.12550 0.050017400000 
0.12600 0.048953400000 
0.12650 0.047889600000 
0.12700 0.046825800000 
0.12750 0.045813600000 
0.12800 0.044833800000 
0.12850 0.043854200000 
0.12900 0.042874600000 
0.12950 0.041960000000 
0.13000 0.041057200000 
0.13050 0.040154400000 
0.13100 0.039257000000 
0.13150 0.038425200000 
0.13200 0.037593600000 
0.13250 0.036761800000 
0.13300 0.035949400000 
0.13350 0.035182600000 
0.13400 0.034415800000 
0.13450 0.033649000000 
0.13500 0.032912600000 
0.13550 0.032205600000 
0.13600 0.031498800000 
0.13650 0.030791800000 
0.13700 0.030124200000 
0.13750 0.029472800000 
0.13800 0.028821400000 
0.13850 0.028170000000 
0.13900 0.027564400000 
0.13950 0.026963800000 
0.14000 0.026363200000 
0.14050 0.025766600000 
0.14100 0.025213400000 
0.14150 0.024660000000 
0.14200 0.024106600000 
0.14250 0.023564600000 
0.14300 0.023054400000 
0.14350 0.022544400000 
0.14400 0.022034200000 
0.14450 0.021541000000 
0.14500 0.021070800000 
0.14550 0.020600600000 
0.14600 0.020130400000 
0.14650 0.019681520000 
0.14700 0.019248160000 
0.14750 0.018814800000 
0.14800 0.018381420000 
0.14850 0.017973060000 
0.14900 0.017574160000 
0.14950 0.017175260000 
0.15000 0.016776360000 
0.15050 0.016404520000 
0.15100 0.016037120000 
0.15150 0.015669700000 
0.15200 0.015302300000 
0.15250 0.014963480000 
0.15300 0.014625200000 
0.15350 0.014286900000 
0.15400 0.013951160000 
0.15450 0.013640160000 
0.15500 0.013329180000 
0.15550 0.013018180000 
0.15600 0.012711960000 
0.15650 0.012425880000 
0.15700 0.012139800000 
0.15750 0.011853740000 
0.15800 0.011573960000 
0.15850 0.011310640000 
0.15900 0.011047300000 
0.15950 0.010783960000 
0.16000 0.010528220000 
0.16050 0.010286560000 
0.16100 0.010044880000 
0.16150 0.009803220000 
0.16200 0.009569660000 
0.16250 0.009347740000 
0.16300 0.009125820000 
0.16350 0.008903900000 
0.16400 0.008690340000 
0.16450 0.008486700000 
0.16500 0.008283040000 
0.16550 0.008079400000 
0.16600 0.007884160000 
0.16650 0.007697680000 
0.16700 0.007511200000 
0.16750 0.007324720000 
0.16800 0.007146040000 
0.16850 0.006974920000 
0.16900 0.006803800000 
0.16950 0.006632680000 
0.17000 0.006469080000 
0.17050 0.006312660000 
0.17100 0.006156240000 
0.17150 0.005999820000 
0.17200 0.005849940000 
0.17250 0.005706640000 
0.17300 0.005563320000 
0.17350 0.005420000000 
0.17400 0.005282540000 
0.17450 0.005151560000 
0.17500 0.005020580000 
0.17550 0.004889600000 
0.17600 0.004763660000 
0.17650 0.004644280000 
0.17700 0.004524900000 
0.17750 0.004405520000 
0.17800 0.004290100000 
0.17850 0.004181220000 
0.17900 0.004072340000 
0.17950 0.003963440000 
0.18000 0.003857480000 
0.18050 0.003758060000 
0.18100 0.003658660000 
0.18150 0.003559240000 
0.18200 0.003461840000 
0.18250 0.003371340000 
0.18300 0.003280860000 
0.18350 0.003190380000 
0.18400 0.003100940000 
0.18450 0.003018840000 
0.18500 0.002936740000 
0.18550 0.002854640000 
0.18600 0.002772660000 
0.18650 0.002697920000 
0.18700 0.002623200000 
0.18750 0.002548480000 
0.18800 0.002473760000 
0.18850 0.002405360000 
0.18900 0.002337720000 
0.18950 0.002270100000 
0.19000 0.002202460000 
0.19050 0.002139540000 
0.19100 0.002078120000 
0.19150 0.002016700000 
0.19200 0.001955288000 
0.19250 0.001897462000 
0.19300 0.001841890000 
0.19350 0.001786316000 
0.19400 0.001730744000 
0.19450 0.001677650000 
0.19500 0.001627432000 
0.19550 0.001577216000 
0.19600 0.001527000000 
0.19650 0.001478278000 
0.19700 0.001432966000 
0.19750 0.001387654000 
0.19800 0.001342342000 
0.19850 0.001297668000 
0.19900 0.001256842000 
0.19950 0.001216018000 
0.20000 0.001175192000 
0.20050 0.001134368000 
0.20100 0.001097448000 
0.20150 0.001060620000 
0.20200 0.001023790000 
0.20250 0.000986962000 
0.20300 0.000953274000 
0.20350 0.000920304000 
0.20400 0.000887334000 
0.20450 0.000854362000 
0.20500 0.000823570000 
0.20550 0.000793928000 
0.20600 0.000764286000 
0.20650 0.000734644000 
0.20700 0.000706620000 
0.20750 0.000680196000 
0.20800 0.000653774000 
0.20850 0.000627352000 
0.20900 0.000601930000 
0.20950 0.000578276000 
0.21000 0.000554622000 
0.21050 0.000530968000 
0.21100 0.000507914000 
0.21150 0.000486798000 
0.21200 0.000465682000 
0.21250 0.000444564000 
0.21300 0.000423776000 
0.21350 0.000405124000 
0.21400 0.000386472000 
0.21450 0.000367818000 
0.21500 0.000349284000 
0.21550 0.000332750000 
0.21600 0.000316216000 
0.21650 0.000299682000 
0.21700 0.000283168000 
0.21750 0.000268700000 
0.21800 0.000254232000 
0.21850 0.000239762000 
0.21900 0.000225300000 
0.21950 0.000212616000 
0.22000 0.000199933600 
0.22050 0.000187250800 
0.22100 0.000174636200 
0.22150 0.000163614800 
0.22200 0.000152593400 
0.22250 0.000141572000 
0.22300 0.000130769200 
0.22350 0.000121386200 
0.22400 0.000112003200 
0.22450 0.000102620200 
0.22500 0.000093656600 
0.22550 0.000085729000 
0.22600 0.000077801400 
0.22650 0.000069874000 
0.22700 0.000062681000 
0.22750 0.000056182600 
0.22800 0.000049684000 
0.22850 0.000043185600 
0.22900 0.000037825000 
0.22950 0.000032711400 
0.23000 0.000027597800 
0.23050 0.000022785400 
0.23100 0.000019031360 
0.23150 0.000015277340 
0.23200 0.000011523340 
0.23250 0.000008803220 
0.23300 0.000006473940 
0.23350 0.000004144640 
