0.00000 771.586000000000 
0.00050 689.696000000000 
0.00100 607.804000000000 
0.00150 525.914000000000 
0.00200 444.024000000000 
0.00250 386.402000000000 
0.00300 336.022000000000 
0.00350 294.772000000000 
0.00400 261.964000000000 
0.00450 231.142000000000 
0.00500 208.850000000000 
0.00550 186.555400000000 
0.00600 169.461800000000 
0.00650 153.791200000000 
0.00700 139.489000000000 
0.00750 128.162600000000 
0.00800 116.836000000000 
0.00850 107.819800000000 
0.00900 99.438600000000 
0.00950 91.465000000000 
0.01000 85.137000000000 
0.01050 78.809000000000 
0.01100 73.305800000000 
0.01150 68.443600000000 
0.01200 63.581200000000 
0.01250 59.660200000000 
0.01300 55.866400000000 
0.01350 52.197600000000 
0.01400 49.197000000000 
0.01450 46.196200000000 
0.01500 43.432600000000 
0.01550 41.030400000000 
0.01600 38.628200000000 
0.01650 36.501000000000 
0.01700 34.557000000000 
0.01750 32.613000000000 
0.01800 30.943200000000 
0.01850 29.354800000000 
0.01900 27.766200000000 
0.01950 26.432800000000 
0.02000 25.123400000000 
0.02050 23.820600000000 
0.02100 22.732400000000 
0.02150 21.644400000000 
0.02200 20.577800000000 
0.02250 19.667280000000 
0.02300 18.756740000000 
0.02350 17.873280000000 
0.02400 17.106300000000 
0.02450 16.339320000000 
0.02500 15.599820000000 
0.02550 14.949940000000 
0.02600 14.300040000000 
0.02650 13.675220000000 
0.02700 13.121580000000 
0.02750 12.567940000000 
0.02800 12.035560000000 
0.02850 11.561580000000 
0.02900 11.087580000000 
0.02950 10.630560000000 
0.03000 10.222940000000 
0.03050 9.815300000000 
0.03100 9.420300000000 
0.03150 9.068300000000 
0.03200 8.716300000000 
0.03250 8.372800000000 
0.03300 8.067700000000 
0.03350 7.762580000000 
0.03400 7.462240000000 
0.03450 7.196840000000 
0.03500 6.931460000000 
0.03550 6.667500000000 
0.03600 6.435940000000 
0.03650 6.204380000000 
0.03700 5.972800000000 
0.03750 5.768700000000 
0.03800 5.566060000000 
0.03850 5.363400000000 
0.03900 5.181660000000 
0.03950 5.003840000000 
0.04000 4.826020000000 
0.04050 4.663580000000 
0.04100 4.507160000000 
0.04150 4.350740000000 
0.04200 4.205080000000 
0.04250 4.067180000000 
0.04300 3.929260000000 
0.04350 3.798240000000 
0.04400 3.676400000000 
0.04450 3.554540000000 
0.04500 3.436360000000 
0.04550 3.328480000000 
0.04600 3.220620000000 
0.04650 3.113720000000 
0.04700 3.018040000000 
0.04750 2.922380000000 
0.04800 2.826720000000 
0.04850 2.740460000000 
0.04900 2.655480000000 
0.04950 2.570480000000 
0.05000 2.491780000000 
0.05050 2.416140000000 
0.05100 2.340520000000 
0.05150 2.268540000000 
0.05200 2.201160000000 
0.05250 2.133760000000 
0.05300 2.067840000000 
0.05350 2.007700000000 
0.05400 1.947550000000 
0.05450 1.887404000000 
0.05500 1.833320000000 
0.05550 1.779578000000 
0.05600 1.725836000000 
0.05650 1.675910000000 
0.05700 1.627828000000 
0.05750 1.579744000000 
0.05800 1.533604000000 
0.05850 1.490534000000 
0.05900 1.447466000000 
0.05950 1.404772000000 
0.06000 1.366150000000 
0.06050 1.327528000000 
0.06100 1.288906000000 
0.06150 1.253310000000 
0.06200 1.218636000000 
0.06250 1.183962000000 
0.06300 1.150810000000 
0.06350 1.119652000000 
0.06400 1.088494000000 
0.06450 1.057600000000 
0.06500 1.029570000000 
0.06550 1.001540000000 
0.06600 0.973512000000 
0.06650 0.947492000000 
0.06700 0.922254000000 
0.06750 0.897016000000 
0.06800 0.872626000000 
0.06850 0.849878000000 
0.06900 0.827132000000 
0.06950 0.804384000000 
0.07000 0.783742000000 
0.07050 0.763222000000 
0.07100 0.742702000000 
0.07150 0.723248000000 
0.07200 0.704722000000 
0.07250 0.686196000000 
0.07300 0.667866000000 
0.07350 0.651124000000 
0.07400 0.634380000000 
0.07450 0.617638000000 
0.07500 0.601968000000 
0.07550 0.586826000000 
0.07600 0.571682000000 
0.07650 0.556848000000 
0.07700 0.543142000000 
0.07750 0.529434000000 
0.07800 0.515726000000 
0.07850 0.502980000000 
0.07900 0.490562000000 
0.07950 0.478144000000 
0.08000 0.466030000000 
0.08050 0.454772000000 
0.08100 0.443512000000 
0.08150 0.432254000000 
0.08200 0.421790000000 
0.08250 0.411572000000 
0.08300 0.401354000000 
0.08350 0.391374000000 
0.08400 0.382096000000 
0.08450 0.372818000000 
0.08500 0.363540000000 
0.08550 0.354876000000 
0.08600 0.346442000000 
0.08650 0.338008000000 
0.08700 0.329720000000 
0.08750 0.322052000000 
0.08800 0.314382000000 
0.08850 0.306714000000 
0.08900 0.299484000000 
0.08950 0.292502000000 
0.09000 0.285520000000 
0.09050 0.278584000000 
0.09100 0.272224000000 
0.09150 0.265866000000 
0.09200 0.259506000000 
0.09250 0.253426000000 
0.09300 0.247630000000 
0.09350 0.241832000000 
0.09400 0.236036000000 
0.09450 0.230702000000 
0.09500 0.225414000000 
0.09550 0.220126000000 
0.09600 0.214982000000 
0.09650 0.210154000000 
0.09700 0.205326000000 
0.09750 0.200498000000 
0.09800 0.195960800000 
0.09850 0.191551200000 
0.09900 0.187141600000 
0.09950 0.182760400000 
0.10000 0.178729200000 
0.10050 0.174698200000 
0.10100 0.170667000000 
0.10150 0.166787800000 
0.10200 0.163100400000 
0.10250 0.159413000000 
0.10300 0.155725400000 
0.10350 0.152287400000 
0.10400 0.148912200000 
0.10450 0.145536800000 
0.10500 0.142202800000 
0.10550 0.139111400000 
0.10600 0.136020000000 
0.10650 0.132928600000 
0.10700 0.129961600000 
0.10750 0.127128600000 
0.10800 0.124295400000 
0.10850 0.121462200000 
0.10900 0.118819600000 
0.10950 0.116221600000 
0.11000 0.113623800000 
0.11050 0.111053200000 
0.11100 0.108668800000 
0.11150 0.106284400000 
0.11200 0.103900000000 
0.11250 0.101601600000 
0.11300 0.099413600000 
0.11350 0.097225600000 
0.11400 0.095037600000 
0.11450 0.092980800000 
0.11500 0.090970600000 
0.11550 0.088960200000 
0.11600 0.086955000000 
0.11650 0.085107800000 
0.11700 0.083260800000 
0.11750 0.081413600000 
0.11800 0.079613200000 
0.11850 0.077914400000 
0.11900 0.076215600000 
0.11950 0.074516800000 
0.12000 0.072899200000 
0.12050 0.071337600000 
0.12100 0.069776200000 
0.12150 0.068214600000 
0.12200 0.066759800000 
0.12250 0.065322600000 
0.12300 0.063885400000 
0.12350 0.062461600000 
0.12400 0.061138400000 
0.12450 0.059815000000 
0.12500 0.058491800000 
0.12550 0.057207200000 
0.12600 0.055989200000 
0.12650 0.054771000000 
0.12700 0.053552800000 
0.12750 0.052393800000 
0.12800 0.051272200000 
0.12850 0.050150600000 
0.12900 0.049029000000 
0.12950 0.047982000000 
0.13000 0.046948400000 
0.13050 0.045914800000 
0.13100 0.044887400000 
0.13150 0.043935400000 
0.13200 0.042983400000 
0.13250 0.042031200000 
0.13300 0.041101200000 
0.13350 0.040223600000 
0.13400 0.039346000000 
0.13450 0.038468400000 
0.13500 0.037625400000 
0.13550 0.036816400000 
0.13600 0.036007200000 
0.13650 0.035198200000 
0.13700 0.034434200000 
0.13750 0.033688800000 
0.13800 0.032943400000 
0.13850 0.032197800000 
0.13900 0.031505000000 
0.13950 0.030817600000 
0.14000 0.030130400000 
0.14050 0.029447800000 
0.14100 0.028814800000 
0.14150 0.028181600000 
0.14200 0.027548600000 
0.14250 0.026928400000 
0.14300 0.026344800000 
0.14350 0.025761200000 
0.14400 0.025177600000 
0.14450 0.024613600000 
0.14500 0.024075600000 
0.14550 0.023537800000 
0.14600 0.022999800000 
0.14650 0.022486400000 
0.14700 0.021990800000 
0.14750 0.021495200000 
0.14800 0.020999600000 
0.14850 0.020532400000 
0.14900 0.020076400000 
0.14950 0.019620120000 
0.15000 0.019163920000 
0.15050 0.018738720000 
0.15100 0.018318600000 
0.15150 0.017898460000 
0.15200 0.017478340000 
0.15250 0.017090940000 
0.15300 0.016704160000 
0.15350 0.016317380000 
0.15400 0.015933500000 
0.15450 0.015577960000 
0.15500 0.015222440000 
0.15550 0.014866900000 
0.15600 0.014516820000 
0.15650 0.014189800000 
0.15700 0.013862800000 
0.15750 0.013535780000 
0.15800 0.013216000000 
0.15850 0.012915000000 
0.15900 0.012614020000 
0.15950 0.012313040000 
0.16000 0.012020760000 
0.16050 0.011744560000 
0.16100 0.011468380000 
0.16150 0.011192180000 
0.16200 0.010925280000 
0.16250 0.010671700000 
0.16300 0.010418100000 
0.16350 0.010164520000 
0.16400 0.009920480000 
0.16450 0.009687800000 
0.16500 0.009455120000 
0.16550 0.009222420000 
0.16600 0.008999360000 
0.16650 0.008786320000 
0.16700 0.008573280000 
0.16750 0.008360240000 
0.16800 0.008156120000 
0.16850 0.007960640000 
0.16900 0.007765160000 
0.16950 0.007569700000 
0.17000 0.007382800000 
0.17050 0.007204140000 
0.17100 0.007025480000 
0.17150 0.006846820000 
0.17200 0.006675640000 
0.17250 0.006511960000 
0.17300 0.006348300000 
0.17350 0.006184620000 
0.17400 0.006027620000 
0.17450 0.005878060000 
0.17500 0.005728500000 
0.17550 0.005578920000 
0.17600 0.005435100000 
0.17650 0.005298800000 
0.17700 0.005162480000 
0.17750 0.005026180000 
0.17800 0.004894400000 
0.17850 0.004770080000 
0.17900 0.004645760000 
0.17950 0.004521440000 
0.18000 0.004400460000 
0.18050 0.004286980000 
0.18100 0.004173500000 
0.18150 0.004060020000 
0.18200 0.003948820000 
0.18250 0.003845520000 
0.18300 0.003742240000 
0.18350 0.003638960000 
0.18400 0.003536880000 
0.18450 0.003443180000 
0.18500 0.003349480000 
0.18550 0.003255760000 
0.18600 0.003162200000 
0.18650 0.003076920000 
0.18700 0.002991640000 
0.18750 0.002906360000 
0.18800 0.002821080000 
0.18850 0.002743040000 
0.18900 0.002665860000 
0.18950 0.002588680000 
0.19000 0.002511520000 
0.19050 0.002439720000 
0.19100 0.002369640000 
0.19150 0.002299560000 
0.19200 0.002229500000 
0.19250 0.002163520000 
0.19300 0.002100120000 
0.19350 0.002036720000 
0.19400 0.001973314000 
0.19450 0.001912744000 
0.19500 0.001855458000 
0.19550 0.001798174000 
0.19600 0.001740890000 
0.19650 0.001685312000 
0.19700 0.001633628000 
0.19750 0.001581944000 
0.19800 0.001530260000 
0.19850 0.001479304000 
0.19900 0.001432742000 
0.19950 0.001386180000 
0.20000 0.001339618000 
0.20050 0.001293056000 
0.20100 0.001250954000 
0.20150 0.001208954000 
0.20200 0.001166954000 
0.20250 0.001124954000 
0.20300 0.001086538000 
0.20350 0.001048942000 
0.20400 0.001011346000 
0.20450 0.000973750000 
0.20500 0.000938640000 
0.20550 0.000904842000 
0.20600 0.000871044000 
0.20650 0.000837248000 
0.20700 0.000805296000 
0.20750 0.000775172000 
0.20800 0.000745046000 
0.20850 0.000714922000 
0.20900 0.000685942000 
0.20950 0.000658976000 
0.21000 0.000632012000 
0.21050 0.000605046000 
0.21100 0.000578766000 
0.21150 0.000554696000 
0.21200 0.000530626000 
0.21250 0.000506556000 
0.21300 0.000482860000 
0.21350 0.000461602000 
0.21400 0.000440342000 
0.21450 0.000419082000 
0.21500 0.000397956000 
0.21550 0.000379114000 
0.21600 0.000360270000 
0.21650 0.000341428000 
0.21700 0.000322606000 
0.21750 0.000306120000 
0.21800 0.000289632000 
0.21850 0.000273146000 
0.21900 0.000256662000 
0.21950 0.000242212000 
0.22000 0.000227760000 
0.22050 0.000213308000 
0.22100 0.000198935000 
0.22150 0.000186377800 
0.22200 0.000173820600 
0.22250 0.000161263400 
0.22300 0.000148955400 
0.22350 0.000138265800 
0.22400 0.000127576200 
0.22450 0.000116886600 
0.22500 0.000106675000 
0.22550 0.000097644400 
0.22600 0.000088613600 
0.22650 0.000079583000 
0.22700 0.000071389600 
0.22750 0.000063987400 
0.22800 0.000056585200 
0.22850 0.000049183200 
0.22900 0.000043077600 
0.22950 0.000037253400 
0.23000 0.000031429200 
0.23050 0.000025948200 
0.23100 0.000021672800 
0.23150 0.000017397600 
0.23200 0.000013122300 
0.23250 0.000010024620 
0.23300 0.000007372100 
0.23350 0.000004719580 
