0.00000 795.882000000000 
0.00050 712.194000000000 
0.00100 628.508000000000 
0.00150 544.822000000000 
0.00200 461.136000000000 
0.00250 402.114000000000 
0.00300 350.452000000000 
0.00350 308.082000000000 
0.00400 274.302000000000 
0.00450 242.550000000000 
0.00500 219.500000000000 
0.00550 196.449200000000 
0.00600 178.721800000000 
0.00650 162.451000000000 
0.00700 147.586000000000 
0.00750 135.777600000000 
0.00800 123.969200000000 
0.00850 114.542200000000 
0.00900 105.770200000000 
0.00950 97.419800000000 
0.01000 90.771800000000 
0.01050 84.124000000000 
0.01100 78.332200000000 
0.01150 73.206000000000 
0.01200 68.080000000000 
0.01250 63.934400000000 
0.01300 59.921400000000 
0.01350 56.039200000000 
0.01400 52.855400000000 
0.01450 49.671600000000 
0.01500 46.736200000000 
0.01550 44.180200000000 
0.01600 41.624000000000 
0.01650 39.357000000000 
0.01700 37.282800000000 
0.01750 35.208600000000 
0.01800 33.424000000000 
0.01850 31.725000000000 
0.01900 30.026000000000 
0.01950 28.596800000000 
0.02000 27.193000000000 
0.02050 25.796400000000 
0.02100 24.627600000000 
0.02150 23.458800000000 
0.02200 22.312800000000 
0.02250 21.332800000000 
0.02300 20.352800000000 
0.02350 19.401580000000 
0.02400 18.574640000000 
0.02450 17.747700000000 
0.02500 16.950120000000 
0.02550 16.248320000000 
0.02600 15.546500000000 
0.02650 14.871540000000 
0.02700 14.272800000000 
0.02750 13.674040000000 
0.02800 13.098120000000 
0.02850 12.584860000000 
0.02900 12.071580000000 
0.02950 11.576540000000 
0.03000 11.134600000000 
0.03050 10.692660000000 
0.03100 10.264300000000 
0.03150 9.882280000000 
0.03200 9.500240000000 
0.03250 9.127380000000 
0.03300 8.795900000000 
0.03350 8.464440000000 
0.03400 8.138100000000 
0.03450 7.849540000000 
0.03500 7.560980000000 
0.03550 7.273960000000 
0.03600 7.021980000000 
0.03650 6.770000000000 
0.03700 6.518000000000 
0.03750 6.295760000000 
0.03800 6.075080000000 
0.03850 5.854420000000 
0.03900 5.656400000000 
0.03950 5.462640000000 
0.04000 5.268900000000 
0.04050 5.091840000000 
0.04100 4.921320000000 
0.04150 4.750800000000 
0.04200 4.591960000000 
0.04250 4.441540000000 
0.04300 4.291100000000 
0.04350 4.148180000000 
0.04400 4.015220000000 
0.04450 3.882260000000 
0.04500 3.753300000000 
0.04550 3.635540000000 
0.04600 3.517800000000 
0.04650 3.401120000000 
0.04700 3.296660000000 
0.04750 3.192180000000 
0.04800 3.087720000000 
0.04850 2.993540000000 
0.04900 2.900700000000 
0.04950 2.807880000000 
0.05000 2.721900000000 
0.05050 2.639280000000 
0.05100 2.556660000000 
0.05150 2.478040000000 
0.05200 2.404400000000 
0.05250 2.330760000000 
0.05300 2.258740000000 
0.05350 2.193000000000 
0.05400 2.127280000000 
0.05450 2.061560000000 
0.05500 2.002440000000 
0.05550 1.943714000000 
0.05600 1.884978000000 
0.05650 1.830410000000 
0.05700 1.777854000000 
0.05750 1.725298000000 
0.05800 1.674864000000 
0.05850 1.627786000000 
0.05900 1.580710000000 
0.05950 1.534042000000 
0.06000 1.491824000000 
0.06050 1.449604000000 
0.06100 1.407386000000 
0.06150 1.368474000000 
0.06200 1.330572000000 
0.06250 1.292668000000 
0.06300 1.256430000000 
0.06350 1.222370000000 
0.06400 1.188310000000 
0.06450 1.154538000000 
0.06500 1.123900000000 
0.06550 1.093260000000 
0.06600 1.062622000000 
0.06650 1.034180000000 
0.06700 1.006594000000 
0.06750 0.979008000000 
0.06800 0.952348000000 
0.06850 0.927486000000 
0.06900 0.902624000000 
0.06950 0.877762000000 
0.07000 0.855202000000 
0.07050 0.832776000000 
0.07100 0.810348000000 
0.07150 0.789088000000 
0.07200 0.768842000000 
0.07250 0.748596000000 
0.07300 0.728564000000 
0.07350 0.710270000000 
0.07400 0.691976000000 
0.07450 0.673680000000 
0.07500 0.656558000000 
0.07550 0.640014000000 
0.07600 0.623468000000 
0.07650 0.607262000000 
0.07700 0.592286000000 
0.07750 0.577312000000 
0.07800 0.562336000000 
0.07850 0.548414000000 
0.07900 0.534848000000 
0.07950 0.521284000000 
0.08000 0.508052000000 
0.08050 0.495754000000 
0.08100 0.483458000000 
0.08150 0.471160000000 
0.08200 0.459734000000 
0.08250 0.448576000000 
0.08300 0.437418000000 
0.08350 0.426520000000 
0.08400 0.416388000000 
0.08450 0.406256000000 
0.08500 0.396126000000 
0.08550 0.386668000000 
0.08600 0.377460000000 
0.08650 0.368254000000 
0.08700 0.359204000000 
0.08750 0.350834000000 
0.08800 0.342462000000 
0.08850 0.334092000000 
0.08900 0.326200000000 
0.08950 0.318580000000 
0.09000 0.310960000000 
0.09050 0.303390000000 
0.09100 0.296452000000 
0.09150 0.289512000000 
0.09200 0.282574000000 
0.09250 0.275940000000 
0.09300 0.269614000000 
0.09350 0.263290000000 
0.09400 0.256966000000 
0.09450 0.251146000000 
0.09500 0.245378000000 
0.09550 0.239612000000 
0.09600 0.233998000000 
0.09650 0.228732000000 
0.09700 0.223466000000 
0.09750 0.218202000000 
0.09800 0.213254000000 
0.09850 0.208446000000 
0.09900 0.203638000000 
0.09950 0.198859400000 
0.10000 0.194464400000 
0.10050 0.190069400000 
0.10100 0.185674400000 
0.10150 0.181445400000 
0.10200 0.177425800000 
0.10250 0.173406200000 
0.10300 0.169386400000 
0.10350 0.165639200000 
0.10400 0.161960400000 
0.10450 0.158281800000 
0.10500 0.154648200000 
0.10550 0.151279400000 
0.10600 0.147910800000 
0.10650 0.144542000000 
0.10700 0.141309400000 
0.10750 0.138222600000 
0.10800 0.135136000000 
0.10850 0.132049200000 
0.10900 0.129170400000 
0.10950 0.126340600000 
0.11000 0.123510600000 
0.11050 0.120710600000 
0.11100 0.118113800000 
0.11150 0.115517000000 
0.11200 0.112920000000 
0.11250 0.110417000000 
0.11300 0.108034600000 
0.11350 0.105652000000 
0.11400 0.103269400000 
0.11450 0.101030200000 
0.11500 0.098841600000 
0.11550 0.096653000000 
0.11600 0.094470000000 
0.11650 0.092459400000 
0.11700 0.090448600000 
0.11750 0.088438000000 
0.11800 0.086478400000 
0.11850 0.084629600000 
0.11900 0.082780800000 
0.11950 0.080932000000 
0.12000 0.079171800000 
0.12050 0.077472600000 
0.12100 0.075773600000 
0.12150 0.074074400000 
0.12200 0.072491800000 
0.12250 0.070928200000 
0.12300 0.069364600000 
0.12350 0.067815800000 
0.12400 0.066376400000 
0.12450 0.064937000000 
0.12500 0.063497600000 
0.12550 0.062100600000 
0.12600 0.060776000000 
0.12650 0.059451200000 
0.12700 0.058126400000 
0.12750 0.056866200000 
0.12800 0.055646600000 
0.12850 0.054427000000 
0.12900 0.053207400000 
0.12950 0.052069400000 
0.13000 0.050945600000 
0.13050 0.049822000000 
0.13100 0.048705200000 
0.13150 0.047670400000 
0.13200 0.046635600000 
0.13250 0.045600800000 
0.13300 0.044590000000 
0.13350 0.043636200000 
0.13400 0.042682400000 
0.13450 0.041728800000 
0.13500 0.040812800000 
0.13550 0.039933600000 
0.13600 0.039054600000 
0.13650 0.038175400000 
0.13700 0.037345400000 
0.13750 0.036535600000 
0.13800 0.035726000000 
0.13850 0.034916200000 
0.13900 0.034163400000 
0.13950 0.033417000000 
0.14000 0.032670600000 
0.14050 0.031929200000 
0.14100 0.031241600000 
0.14150 0.030554200000 
0.14200 0.029866600000 
0.14250 0.029193200000 
0.14300 0.028559600000 
0.14350 0.027926000000 
0.14400 0.027292200000 
0.14450 0.026679800000 
0.14500 0.026095800000 
0.14550 0.025512000000 
0.14600 0.024928000000 
0.14650 0.024370800000 
0.14700 0.023832800000 
0.14750 0.023294800000 
0.14800 0.022756800000 
0.14850 0.022250000000 
0.14900 0.021755000000 
0.14950 0.021259800000 
0.15000 0.020764800000 
0.15050 0.020303400000 
0.15100 0.019847580000 
0.15150 0.019391720000 
0.15200 0.018935860000 
0.15250 0.018515600000 
0.15300 0.018096000000 
0.15350 0.017676400000 
0.15400 0.017259940000 
0.15450 0.016874300000 
0.15500 0.016488660000 
0.15550 0.016103020000 
0.15600 0.015723300000 
0.15650 0.015368660000 
0.15700 0.015014000000 
0.15750 0.014659360000 
0.15800 0.014312560000 
0.15850 0.013986200000 
0.15900 0.013659820000 
0.15950 0.013333460000 
0.16000 0.013016540000 
0.16050 0.012717120000 
0.16100 0.012417680000 
0.16150 0.012118240000 
0.16200 0.011828900000 
0.16250 0.011554000000 
0.16300 0.011279120000 
0.16350 0.011004220000 
0.16400 0.010739700000 
0.16450 0.010487520000 
0.16500 0.010235320000 
0.16550 0.009983140000 
0.16600 0.009741380000 
0.16650 0.009510520000 
0.16700 0.009279660000 
0.16750 0.009048780000 
0.16800 0.008827600000 
0.16850 0.008615800000 
0.16900 0.008404000000 
0.16950 0.008192220000 
0.17000 0.007989740000 
0.17050 0.007796180000 
0.17100 0.007602640000 
0.17150 0.007409080000 
0.17200 0.007223660000 
0.17250 0.007046360000 
0.17300 0.006869060000 
0.17350 0.006691780000 
0.17400 0.006521740000 
0.17450 0.006359760000 
0.17500 0.006197760000 
0.17550 0.006035780000 
0.17600 0.005880020000 
0.17650 0.005732420000 
0.17700 0.005584820000 
0.17750 0.005437220000 
0.17800 0.005294520000 
0.17850 0.005159920000 
0.17900 0.005025320000 
0.17950 0.004890700000 
0.18000 0.004759720000 
0.18050 0.004636860000 
0.18100 0.004514020000 
0.18150 0.004391160000 
0.18200 0.004270780000 
0.18250 0.004158980000 
0.18300 0.004047180000 
0.18350 0.003935380000 
0.18400 0.003824880000 
0.18450 0.003723460000 
0.18500 0.003622060000 
0.18550 0.003520640000 
0.18600 0.003419360000 
0.18650 0.003327080000 
0.18700 0.003234800000 
0.18750 0.003142520000 
0.18800 0.003050220000 
0.18850 0.002965780000 
0.18900 0.002882280000 
0.18950 0.002798780000 
0.19000 0.002715260000 
0.19050 0.002637600000 
0.19100 0.002561780000 
0.19150 0.002485960000 
0.19200 0.002410160000 
0.19250 0.002338780000 
0.19300 0.002270200000 
0.19350 0.002201620000 
0.19400 0.002133040000 
0.19450 0.002067520000 
0.19500 0.002005560000 
0.19550 0.001943594000 
0.19600 0.001881636000 
0.19650 0.001821524000 
0.19700 0.001765628000 
0.19750 0.001709732000 
0.19800 0.001653838000 
0.19850 0.001598730000 
0.19900 0.001548380000 
0.19950 0.001498030000 
0.20000 0.001447680000 
0.20050 0.001397330000 
0.20100 0.001351810000 
0.20150 0.001306398000 
0.20200 0.001260988000 
0.20250 0.001215576000 
0.20300 0.001174044000 
0.20350 0.001133400000 
0.20400 0.001092754000 
0.20450 0.001052108000 
0.20500 0.001014154000 
0.20550 0.000977620000 
0.20600 0.000941086000 
0.20650 0.000904552000 
0.20700 0.000870014000 
0.20750 0.000837454000 
0.20800 0.000804894000 
0.20850 0.000772334000 
0.20900 0.000741012000 
0.20950 0.000711870000 
0.21000 0.000682726000 
0.21050 0.000653584000 
0.21100 0.000625186000 
0.21150 0.000599174000 
0.21200 0.000573164000 
0.21250 0.000547154000 
0.21300 0.000521548000 
0.21350 0.000498578000 
0.21400 0.000475606000 
0.21450 0.000452636000 
0.21500 0.000429810000 
0.21550 0.000409452000 
0.21600 0.000389094000 
0.21650 0.000368738000 
0.21700 0.000348404000 
0.21750 0.000330594000 
0.21800 0.000312782000 
0.21850 0.000294972000 
0.21900 0.000277166000 
0.21950 0.000261556000 
0.22000 0.000245948000 
0.22050 0.000230338000 
0.22100 0.000214812000 
0.22150 0.000201250000 
0.22200 0.000187687400 
0.22250 0.000174125000 
0.22300 0.000160832200 
0.22350 0.000149288200 
0.22400 0.000137744200 
0.22450 0.000126200200 
0.22500 0.000115172600 
0.22550 0.000105421000 
0.22600 0.000095669600 
0.22650 0.000085918000 
0.22700 0.000077071000 
0.22750 0.000069078800 
0.22800 0.000061086600 
0.22850 0.000053094400 
0.22900 0.000046502600 
0.22950 0.000040214800 
0.23000 0.000033927000 
0.23050 0.000028009800 
0.23100 0.000023394600 
0.23150 0.000018779340 
0.23200 0.000014164140 
0.23250 0.000010820380 
0.23300 0.000007957220 
0.23350 0.000005094080 
