0.00000 819.644000000000 
0.00050 734.292000000000 
0.00100 648.942000000000 
0.00150 563.590000000000 
0.00200 478.238000000000 
0.00250 417.894000000000 
0.00300 365.012000000000 
0.00350 321.562000000000 
0.00400 286.838000000000 
0.00450 254.176000000000 
0.00500 230.374000000000 
0.00550 206.572000000000 
0.00600 188.209200000000 
0.00650 171.335000000000 
0.00700 155.902600000000 
0.00750 143.605200000000 
0.00800 131.307800000000 
0.00850 121.462400000000 
0.00900 112.291000000000 
0.00950 103.555400000000 
0.01000 96.579200000000 
0.01050 89.603000000000 
0.01100 83.514800000000 
0.01150 78.117200000000 
0.01200 72.719400000000 
0.01250 68.342400000000 
0.01300 64.103400000000 
0.01350 60.000800000000 
0.01400 56.627800000000 
0.01450 53.254800000000 
0.01500 50.142200000000 
0.01550 47.426800000000 
0.01600 44.711400000000 
0.01650 42.300000000000 
0.01700 40.091200000000 
0.01750 37.882400000000 
0.01800 35.978800000000 
0.01850 34.165400000000 
0.01900 32.352000000000 
0.01950 30.824000000000 
0.02000 29.322600000000 
0.02050 27.828800000000 
0.02100 26.576400000000 
0.02150 25.324000000000 
0.02200 24.095800000000 
0.02250 23.044000000000 
0.02300 21.992200000000 
0.02350 20.971000000000 
0.02400 20.082200000000 
0.02450 19.193260000000 
0.02500 18.335680000000 
0.02550 17.580240000000 
0.02600 16.824800000000 
0.02650 16.098060000000 
0.02700 15.452740000000 
0.02750 14.807440000000 
0.02800 14.186580000000 
0.02850 13.632780000000 
0.02900 13.078980000000 
0.02950 12.544740000000 
0.03000 12.067440000000 
0.03050 11.590140000000 
0.03100 11.127420000000 
0.03150 10.714460000000 
0.03200 10.301480000000 
0.03250 9.898360000000 
0.03300 9.539780000000 
0.03350 9.181180000000 
0.03400 8.828120000000 
0.03450 8.515720000000 
0.03500 8.203320000000 
0.03550 7.892600000000 
0.03600 7.619640000000 
0.03650 7.346680000000 
0.03700 7.073720000000 
0.03750 6.832840000000 
0.03800 6.593680000000 
0.03850 6.354500000000 
0.03900 6.139800000000 
0.03950 5.929700000000 
0.04000 5.719620000000 
0.04050 5.527580000000 
0.04100 5.342600000000 
0.04150 5.157600000000 
0.04200 4.985280000000 
0.04250 4.822040000000 
0.04300 4.658800000000 
0.04350 4.503680000000 
0.04400 4.359360000000 
0.04450 4.215040000000 
0.04500 4.075040000000 
0.04550 3.947180000000 
0.04600 3.819340000000 
0.04650 3.692660000000 
0.04700 3.579200000000 
0.04750 3.465760000000 
0.04800 3.352320000000 
0.04850 3.250020000000 
0.04900 3.149200000000 
0.04950 3.048360000000 
0.05000 2.954980000000 
0.05050 2.865220000000 
0.05100 2.775480000000 
0.05150 2.690060000000 
0.05200 2.610060000000 
0.05250 2.530060000000 
0.05300 2.451820000000 
0.05350 2.380400000000 
0.05400 2.309000000000 
0.05450 2.237580000000 
0.05500 2.173360000000 
0.05550 2.109540000000 
0.05600 2.045720000000 
0.05650 1.986438000000 
0.05700 1.929334000000 
0.05750 1.872232000000 
0.05800 1.817434000000 
0.05850 1.766282000000 
0.05900 1.715132000000 
0.05950 1.664428000000 
0.06000 1.618558000000 
0.06050 1.572686000000 
0.06100 1.526816000000 
0.06150 1.484542000000 
0.06200 1.443362000000 
0.06250 1.402182000000 
0.06300 1.362812000000 
0.06350 1.325810000000 
0.06400 1.288810000000 
0.06450 1.252120000000 
0.06500 1.218838000000 
0.06550 1.185554000000 
0.06600 1.152272000000 
0.06650 1.121378000000 
0.06700 1.091414000000 
0.06750 1.061450000000 
0.06800 1.032494000000 
0.06850 1.005492000000 
0.06900 0.978490000000 
0.06950 0.951488000000 
0.07000 0.926990000000 
0.07050 0.902634000000 
0.07100 0.878280000000 
0.07150 0.855194000000 
0.07200 0.833210000000 
0.07250 0.811226000000 
0.07300 0.789476000000 
0.07350 0.769614000000 
0.07400 0.749752000000 
0.07450 0.729890000000 
0.07500 0.711304000000 
0.07550 0.693344000000 
0.07600 0.675384000000 
0.07650 0.657790000000 
0.07700 0.641538000000 
0.07750 0.625284000000 
0.07800 0.609030000000 
0.07850 0.593920000000 
0.07900 0.579200000000 
0.07950 0.564480000000 
0.08000 0.550120000000 
0.08050 0.536778000000 
0.08100 0.523436000000 
0.08150 0.510092000000 
0.08200 0.497696000000 
0.08250 0.485592000000 
0.08300 0.473486000000 
0.08350 0.461664000000 
0.08400 0.450676000000 
0.08450 0.439686000000 
0.08500 0.428698000000 
0.08550 0.418440000000 
0.08600 0.408454000000 
0.08650 0.398470000000 
0.08700 0.388658000000 
0.08750 0.379580000000 
0.08800 0.370504000000 
0.08850 0.361428000000 
0.08900 0.352872000000 
0.08950 0.344612000000 
0.09000 0.336350000000 
0.09050 0.328144000000 
0.09100 0.320624000000 
0.09150 0.313102000000 
0.09200 0.305582000000 
0.09250 0.298392000000 
0.09300 0.291538000000 
0.09350 0.284684000000 
0.09400 0.277830000000 
0.09450 0.271524000000 
0.09500 0.265276000000 
0.09550 0.259026000000 
0.09600 0.252944000000 
0.09650 0.247240000000 
0.09700 0.241536000000 
0.09750 0.235832000000 
0.09800 0.230474000000 
0.09850 0.225266000000 
0.09900 0.220058000000 
0.09950 0.214884000000 
0.10000 0.210124000000 
0.10050 0.205364000000 
0.10100 0.200606000000 
0.10150 0.196026600000 
0.10200 0.191674600000 
0.10250 0.187322600000 
0.10300 0.182970800000 
0.10350 0.178914200000 
0.10400 0.174932200000 
0.10450 0.170950200000 
0.10500 0.167017200000 
0.10550 0.163371400000 
0.10600 0.159725600000 
0.10650 0.156079800000 
0.10700 0.152581600000 
0.10750 0.149241600000 
0.10800 0.145901800000 
0.10850 0.142561800000 
0.10900 0.139447400000 
0.10950 0.136386000000 
0.11000 0.133324400000 
0.11050 0.130295400000 
0.11100 0.127486600000 
0.11150 0.124677800000 
0.11200 0.121869000000 
0.11250 0.119162000000 
0.11300 0.116585400000 
0.11350 0.114009000000 
0.11400 0.111432600000 
0.11450 0.109011400000 
0.11500 0.106645000000 
0.11550 0.104278600000 
0.11600 0.101918400000 
0.11650 0.099744800000 
0.11700 0.097571400000 
0.11750 0.095398000000 
0.11800 0.093279800000 
0.11850 0.091281600000 
0.11900 0.089283400000 
0.11950 0.087285400000 
0.12000 0.085383000000 
0.12050 0.083547000000 
0.12100 0.081711000000 
0.12150 0.079875200000 
0.12200 0.078165200000 
0.12250 0.076476000000 
0.12300 0.074786800000 
0.12350 0.073113400000 
0.12400 0.071558600000 
0.12450 0.070004000000 
0.12500 0.068449200000 
0.12550 0.066940400000 
0.12600 0.065509600000 
0.12650 0.064079000000 
0.12700 0.062648200000 
0.12750 0.061287400000 
0.12800 0.059970600000 
0.12850 0.058653800000 
0.12900 0.057337000000 
0.12950 0.056108200000 
0.13000 0.054895200000 
0.13050 0.053682200000 
0.13100 0.052476600000 
0.13150 0.051359600000 
0.13200 0.050242600000 
0.13250 0.049125800000 
0.13300 0.048034800000 
0.13350 0.047005600000 
0.13400 0.045976400000 
0.13450 0.044947200000 
0.13500 0.043958800000 
0.13550 0.043010200000 
0.13600 0.042061800000 
0.13650 0.041113200000 
0.13700 0.040217800000 
0.13750 0.039344400000 
0.13800 0.038470800000 
0.13850 0.037597200000 
0.13900 0.036785400000 
0.13950 0.035980400000 
0.14000 0.035175200000 
0.14050 0.034375600000 
0.14100 0.033634400000 
0.14150 0.032893000000 
0.14200 0.032151600000 
0.14250 0.031425400000 
0.14300 0.030742200000 
0.14350 0.030059000000 
0.14400 0.029375800000 
0.14450 0.028715600000 
0.14500 0.028086200000 
0.14550 0.027456600000 
0.14600 0.026827200000 
0.14650 0.026226600000 
0.14700 0.025646800000 
0.14750 0.025067000000 
0.14800 0.024487000000 
0.14850 0.023940800000 
0.14900 0.023407400000 
0.14950 0.022874000000 
0.15000 0.022340400000 
0.15050 0.021843400000 
0.15100 0.021352200000 
0.15150 0.020861000000 
0.15200 0.020370000000 
0.15250 0.019917200000 
0.15300 0.019465200000 
0.15350 0.019013200000 
0.15400 0.018564580000 
0.15450 0.018149220000 
0.15500 0.017733860000 
0.15550 0.017318520000 
0.15600 0.016909560000 
0.15650 0.016527640000 
0.15700 0.016145740000 
0.15750 0.015763820000 
0.15800 0.015390380000 
0.15850 0.015038980000 
0.15900 0.014687600000 
0.15950 0.014336200000 
0.16000 0.013995000000 
0.16050 0.013672640000 
0.16100 0.013350300000 
0.16150 0.013027960000 
0.16200 0.012716480000 
0.16250 0.012420600000 
0.16300 0.012124720000 
0.16350 0.011828840000 
0.16400 0.011544160000 
0.16450 0.011272760000 
0.16500 0.011001360000 
0.16550 0.010729960000 
0.16600 0.010469820000 
0.16650 0.010221400000 
0.16700 0.009972980000 
0.16750 0.009724560000 
0.16800 0.009486580000 
0.16850 0.009258720000 
0.16900 0.009030860000 
0.16950 0.008803000000 
0.17000 0.008585200000 
0.17050 0.008377000000 
0.17100 0.008168780000 
0.17150 0.007960580000 
0.17200 0.007761140000 
0.17250 0.007570460000 
0.17300 0.007379780000 
0.17350 0.007189100000 
0.17400 0.007006220000 
0.17450 0.006832040000 
0.17500 0.006657840000 
0.17550 0.006483640000 
0.17600 0.006316160000 
0.17650 0.006157460000 
0.17700 0.005998740000 
0.17750 0.005840040000 
0.17800 0.005686620000 
0.17850 0.005541920000 
0.17900 0.005397220000 
0.17950 0.005252500000 
0.18000 0.005111680000 
0.18050 0.004979640000 
0.18100 0.004847580000 
0.18150 0.004715520000 
0.18200 0.004586120000 
0.18250 0.004465960000 
0.18300 0.004345820000 
0.18350 0.004225660000 
0.18400 0.004106900000 
0.18450 0.003997920000 
0.18500 0.003888940000 
0.18550 0.003779960000 
0.18600 0.003671120000 
0.18650 0.003571960000 
0.18700 0.003472820000 
0.18750 0.003373660000 
0.18800 0.003274500000 
0.18850 0.003183780000 
0.18900 0.003094060000 
0.18950 0.003004360000 
0.19000 0.002914640000 
0.19050 0.002831200000 
0.19100 0.002749760000 
0.19150 0.002668320000 
0.19200 0.002586880000 
0.19250 0.002510220000 
0.19300 0.002436560000 
0.19350 0.002362900000 
0.19400 0.002289240000 
0.19450 0.002218880000 
0.19500 0.002152340000 
0.19550 0.002085800000 
0.19600 0.002019260000 
0.19650 0.001954706000 
0.19700 0.001894686000 
0.19750 0.001834668000 
0.19800 0.001774648000 
0.19850 0.001715476000 
0.19900 0.001661418000 
0.19950 0.001607358000 
0.20000 0.001553300000 
0.20050 0.001499242000 
0.20100 0.001450374000 
0.20150 0.001401624000 
0.20200 0.001352874000 
0.20250 0.001304126000 
0.20300 0.001259544000 
0.20350 0.001215916000 
0.20400 0.001172288000 
0.20450 0.001128658000 
0.20500 0.001087922000 
0.20550 0.001048710000 
0.20600 0.001009500000 
0.20650 0.000970288000 
0.20700 0.000933222000 
0.20750 0.000898282000 
0.20800 0.000863340000 
0.20850 0.000828398000 
0.20900 0.000794786000 
0.20950 0.000763514000 
0.21000 0.000732244000 
0.21050 0.000700974000 
0.21100 0.000670502000 
0.21150 0.000642596000 
0.21200 0.000614688000 
0.21250 0.000586782000 
0.21300 0.000559310000 
0.21350 0.000534668000 
0.21400 0.000510024000 
0.21450 0.000485382000 
0.21500 0.000460894000 
0.21550 0.000439058000 
0.21600 0.000417222000 
0.21650 0.000395384000 
0.21700 0.000373574000 
0.21750 0.000354470000 
0.21800 0.000335368000 
0.21850 0.000316266000 
0.21900 0.000297168000 
0.21950 0.000280428000 
0.22000 0.000263688000 
0.22050 0.000246946000 
0.22100 0.000230296000 
0.22150 0.000215754000 
0.22200 0.000201210000 
0.22250 0.000186667600 
0.22300 0.000172413800 
0.22350 0.000160036200 
0.22400 0.000147658400 
0.22450 0.000135280800 
0.22500 0.000123457200 
0.22550 0.000113002600 
0.22600 0.000102548200 
0.22650 0.000092093600 
0.22700 0.000082609200 
0.22750 0.000074041600 
0.22800 0.000065474000 
0.22850 0.000056906600 
0.22900 0.000049840800 
0.22950 0.000043100800 
0.23000 0.000036361000 
0.23050 0.000030018600 
0.23100 0.000025072200 
0.23150 0.000020125600 
0.23200 0.000015179220 
0.23250 0.000011595640 
0.23300 0.000008527280 
0.23350 0.000005458920 
