0.00000 834.598000000000 
0.00050 748.444000000000 
0.00100 662.288000000000 
0.00150 576.132000000000 
0.00200 489.976000000000 
0.00250 428.938000000000 
0.00300 375.392000000000 
0.00350 331.326000000000 
0.00400 296.028000000000 
0.00450 262.810000000000 
0.00500 238.518000000000 
0.00550 214.226000000000 
0.00600 195.432600000000 
0.00650 178.143400000000 
0.00700 162.316600000000 
0.00750 149.669600000000 
0.00800 137.022600000000 
0.00850 126.871400000000 
0.00900 117.406200000000 
0.00950 108.386200000000 
0.01000 101.163200000000 
0.01050 93.940200000000 
0.01100 87.627200000000 
0.01150 82.021800000000 
0.01200 76.416400000000 
0.01250 71.860400000000 
0.01300 67.446200000000 
0.01350 63.172800000000 
0.01400 59.651600000000 
0.01450 56.130400000000 
0.01500 52.878600000000 
0.01550 50.037600000000 
0.01600 47.196400000000 
0.01650 44.670600000000 
0.01700 42.354800000000 
0.01750 40.039000000000 
0.01800 38.040600000000 
0.01850 36.135800000000 
0.01900 34.231000000000 
0.01950 32.623600000000 
0.02000 31.044000000000 
0.02050 29.472200000000 
0.02100 28.152400000000 
0.02150 26.832800000000 
0.02200 25.538600000000 
0.02250 24.428800000000 
0.02300 23.318800000000 
0.02350 22.241200000000 
0.02400 21.302200000000 
0.02450 20.363200000000 
0.02500 19.457040000000 
0.02550 18.658140000000 
0.02600 17.859240000000 
0.02650 17.090500000000 
0.02700 16.407440000000 
0.02750 15.724360000000 
0.02800 15.067020000000 
0.02850 14.480320000000 
0.02900 13.893600000000 
0.02950 13.327520000000 
0.03000 12.821480000000 
0.03050 12.315440000000 
0.03100 11.824800000000 
0.03150 11.386680000000 
0.03200 10.948540000000 
0.03250 10.520840000000 
0.03300 10.140200000000 
0.03350 9.759560000000 
0.03400 9.384760000000 
0.03450 9.052980000000 
0.03500 8.721220000000 
0.03550 8.391220000000 
0.03600 8.101200000000 
0.03650 7.811180000000 
0.03700 7.521180000000 
0.03750 7.265160000000 
0.03800 7.010960000000 
0.03850 6.756760000000 
0.03900 6.528520000000 
0.03950 6.305140000000 
0.04000 6.081780000000 
0.04050 5.877580000000 
0.04100 5.680860000000 
0.04150 5.484140000000 
0.04200 5.300840000000 
0.04250 5.127220000000 
0.04300 4.953600000000 
0.04350 4.788580000000 
0.04400 4.635060000000 
0.04450 4.481520000000 
0.04500 4.332580000000 
0.04550 4.196560000000 
0.04600 4.060540000000 
0.04650 3.925740000000 
0.04700 3.805020000000 
0.04750 3.684320000000 
0.04800 3.563600000000 
0.04850 3.454740000000 
0.04900 3.347460000000 
0.04950 3.240160000000 
0.05000 3.140780000000 
0.05050 3.045280000000 
0.05100 2.949780000000 
0.05150 2.858880000000 
0.05200 2.773740000000 
0.05250 2.688620000000 
0.05300 2.605340000000 
0.05350 2.529360000000 
0.05400 2.453360000000 
0.05450 2.377380000000 
0.05500 2.309040000000 
0.05550 2.241140000000 
0.05600 2.173240000000 
0.05650 2.110140000000 
0.05700 2.049380000000 
0.05750 1.988628000000 
0.05800 1.930324000000 
0.05850 1.875904000000 
0.05900 1.821482000000 
0.05950 1.767538000000 
0.06000 1.718740000000 
0.06050 1.669942000000 
0.06100 1.621144000000 
0.06150 1.576174000000 
0.06200 1.532370000000 
0.06250 1.488566000000 
0.06300 1.446690000000 
0.06350 1.407336000000 
0.06400 1.367982000000 
0.06450 1.328960000000 
0.06500 1.293566000000 
0.06550 1.258172000000 
0.06600 1.222778000000 
0.06650 1.189928000000 
0.06700 1.158066000000 
0.06750 1.126206000000 
0.06800 1.095418000000 
0.06850 1.066712000000 
0.06900 1.038004000000 
0.06950 1.009298000000 
0.07000 0.983256000000 
0.07050 0.957368000000 
0.07100 0.931480000000 
0.07150 0.906942000000 
0.07200 0.883578000000 
0.07250 0.860214000000 
0.07300 0.837098000000 
0.07350 0.815992000000 
0.07400 0.794888000000 
0.07450 0.773782000000 
0.07500 0.754032000000 
0.07550 0.734952000000 
0.07600 0.715870000000 
0.07650 0.697180000000 
0.07700 0.679916000000 
0.07750 0.662650000000 
0.07800 0.645386000000 
0.07850 0.629338000000 
0.07900 0.613704000000 
0.07950 0.598070000000 
0.08000 0.582822000000 
0.08050 0.568654000000 
0.08100 0.554486000000 
0.08150 0.540318000000 
0.08200 0.527158000000 
0.08250 0.514306000000 
0.08300 0.501456000000 
0.08350 0.488906000000 
0.08400 0.477242000000 
0.08450 0.465578000000 
0.08500 0.453914000000 
0.08550 0.443028000000 
0.08600 0.432432000000 
0.08650 0.421836000000 
0.08700 0.411422000000 
0.08750 0.401792000000 
0.08800 0.392164000000 
0.08850 0.382534000000 
0.08900 0.373456000000 
0.08950 0.364694000000 
0.09000 0.355930000000 
0.09050 0.347226000000 
0.09100 0.339250000000 
0.09150 0.331272000000 
0.09200 0.323296000000 
0.09250 0.315672000000 
0.09300 0.308404000000 
0.09350 0.301136000000 
0.09400 0.293868000000 
0.09450 0.287186000000 
0.09500 0.280560000000 
0.09550 0.273934000000 
0.09600 0.267488000000 
0.09650 0.261442000000 
0.09700 0.255396000000 
0.09750 0.249350000000 
0.09800 0.243672000000 
0.09850 0.238154000000 
0.09900 0.232634000000 
0.09950 0.227152000000 
0.10000 0.222110000000 
0.10050 0.217066000000 
0.10100 0.212024000000 
0.10150 0.207174000000 
0.10200 0.202564000000 
0.10250 0.197954000000 
0.10300 0.193344200000 
0.10350 0.189048200000 
0.10400 0.184831000000 
0.10450 0.180614000000 
0.10500 0.176449000000 
0.10550 0.172588800000 
0.10600 0.168728600000 
0.10650 0.164868400000 
0.10700 0.161164800000 
0.10750 0.157629200000 
0.10800 0.154093600000 
0.10850 0.150558000000 
0.10900 0.147261800000 
0.10950 0.144021600000 
0.11000 0.140781400000 
0.11050 0.137575600000 
0.11100 0.134603400000 
0.11150 0.131631400000 
0.11200 0.128659200000 
0.11250 0.125795000000 
0.11300 0.123069400000 
0.11350 0.120343600000 
0.11400 0.117617800000 
0.11450 0.115056800000 
0.11500 0.112554000000 
0.11550 0.110051000000 
0.11600 0.107554600000 
0.11650 0.105256200000 
0.11700 0.102957600000 
0.11750 0.100659200000 
0.11800 0.098419400000 
0.11850 0.096306800000 
0.11900 0.094194200000 
0.11950 0.092081800000 
0.12000 0.090070800000 
0.12050 0.088130000000 
0.12100 0.086189200000 
0.12150 0.084248400000 
0.12200 0.082441200000 
0.12250 0.080656000000 
0.12300 0.078870600000 
0.12350 0.077102200000 
0.12400 0.075459400000 
0.12450 0.073816600000 
0.12500 0.072173800000 
0.12550 0.070579800000 
0.12600 0.069068200000 
0.12650 0.067556800000 
0.12700 0.066045400000 
0.12750 0.064608000000 
0.12800 0.063217200000 
0.12850 0.061826400000 
0.12900 0.060435400000 
0.12950 0.059137800000 
0.13000 0.057857000000 
0.13050 0.056576000000 
0.13100 0.055302800000 
0.13150 0.054123600000 
0.13200 0.052944400000 
0.13250 0.051765000000 
0.13300 0.050613200000 
0.13350 0.049526800000 
0.13400 0.048440400000 
0.13450 0.047354000000 
0.13500 0.046310800000 
0.13550 0.045309800000 
0.13600 0.044308600000 
0.13650 0.043307600000 
0.13700 0.042362800000 
0.13750 0.041441000000 
0.13800 0.040519200000 
0.13850 0.039597600000 
0.13900 0.038741000000 
0.13950 0.037891800000 
0.14000 0.037042400000 
0.14050 0.036198800000 
0.14100 0.035416800000 
0.14150 0.034634800000 
0.14200 0.033852800000 
0.14250 0.033086800000 
0.14300 0.032366400000 
0.14350 0.031646000000 
0.14400 0.030925400000 
0.14450 0.030229200000 
0.14500 0.029565400000 
0.14550 0.028901800000 
0.14600 0.028238000000 
0.14650 0.027604800000 
0.14700 0.026993600000 
0.14750 0.026382400000 
0.14800 0.025771000000 
0.14850 0.025195400000 
0.14900 0.024633000000 
0.14950 0.024070800000 
0.15000 0.023508400000 
0.15050 0.022984600000 
0.15100 0.022467000000 
0.15150 0.021949400000 
0.15200 0.021431800000 
0.15250 0.020954800000 
0.15300 0.020478600000 
0.15350 0.020002400000 
0.15400 0.019529640000 
0.15450 0.019092080000 
0.15500 0.018654520000 
0.15550 0.018216960000 
0.15600 0.017786140000 
0.15650 0.017383880000 
0.15700 0.016981620000 
0.15750 0.016579360000 
0.15800 0.016186040000 
0.15850 0.015815980000 
0.15900 0.015445940000 
0.15950 0.015075880000 
0.16000 0.014716580000 
0.16050 0.014377180000 
0.16100 0.014037780000 
0.16150 0.013698360000 
0.16200 0.013370440000 
0.16250 0.013058940000 
0.16300 0.012747460000 
0.16350 0.012435980000 
0.16400 0.012136300000 
0.16450 0.011850620000 
0.16500 0.011564960000 
0.16550 0.011279280000 
0.16600 0.011005480000 
0.16650 0.010744040000 
0.16700 0.010482600000 
0.16750 0.010221160000 
0.16800 0.009970740000 
0.16850 0.009730980000 
0.16900 0.009491200000 
0.16950 0.009251440000 
0.17000 0.009022280000 
0.17050 0.008803220000 
0.17100 0.008584180000 
0.17150 0.008365120000 
0.17200 0.008155300000 
0.17250 0.007954740000 
0.17300 0.007754160000 
0.17350 0.007553580000 
0.17400 0.007361220000 
0.17450 0.007178020000 
0.17500 0.006994800000 
0.17550 0.006811600000 
0.17600 0.006635460000 
0.17650 0.006468560000 
0.17700 0.006301660000 
0.17750 0.006134760000 
0.17800 0.005973440000 
0.17850 0.005821280000 
0.17900 0.005669140000 
0.17950 0.005516980000 
0.18000 0.005368940000 
0.18050 0.005230100000 
0.18100 0.005091280000 
0.18150 0.004952440000 
0.18200 0.004816420000 
0.18250 0.004690120000 
0.18300 0.004563820000 
0.18350 0.004437520000 
0.18400 0.004312700000 
0.18450 0.004198160000 
0.18500 0.004083600000 
0.18550 0.003969060000 
0.18600 0.003854680000 
0.18650 0.003750480000 
0.18700 0.003646280000 
0.18750 0.003542100000 
0.18800 0.003437900000 
0.18850 0.003342560000 
0.18900 0.003248300000 
0.18950 0.003154040000 
0.19000 0.003059780000 
0.19050 0.002972120000 
0.19100 0.002886560000 
0.19150 0.002801020000 
0.19200 0.002715460000 
0.19250 0.002634920000 
0.19300 0.002557540000 
0.19350 0.002480180000 
0.19400 0.002402800000 
0.19450 0.002328880000 
0.19500 0.002259000000 
0.19550 0.002189120000 
0.19600 0.002119240000 
0.19650 0.002051440000 
0.19700 0.001988404000 
0.19750 0.001925374000 
0.19800 0.001862344000 
0.19850 0.001800204000 
0.19900 0.001743442000 
0.19950 0.001686680000 
0.20000 0.001629916000 
0.20050 0.001573154000 
0.20100 0.001521848000 
0.20150 0.001470666000 
0.20200 0.001419484000 
0.20250 0.001368302000 
0.20300 0.001321502000 
0.20350 0.001275702000 
0.20400 0.001229902000 
0.20450 0.001184102000 
0.20500 0.001141342000 
0.20550 0.001100184000 
0.20600 0.001059026000 
0.20650 0.001017870000 
0.20700 0.000978966000 
0.20750 0.000942294000 
0.20800 0.000905622000 
0.20850 0.000868950000 
0.20900 0.000833674000 
0.20950 0.000800860000 
0.21000 0.000768046000 
0.21050 0.000735230000 
0.21100 0.000703254000 
0.21150 0.000673972000 
0.21200 0.000644692000 
0.21250 0.000615410000 
0.21300 0.000586586000 
0.21350 0.000560732000 
0.21400 0.000534878000 
0.21450 0.000509024000 
0.21500 0.000483332000 
0.21550 0.000460426000 
0.21600 0.000437518000 
0.21650 0.000414610000 
0.21700 0.000391730000 
0.21750 0.000371694000 
0.21800 0.000351656000 
0.21850 0.000331620000 
0.21900 0.000311588000 
0.21950 0.000294030000 
0.22000 0.000276474000 
0.22050 0.000258916000 
0.22100 0.000241454000 
0.22150 0.000226202000 
0.22200 0.000210952000 
0.22250 0.000195700600 
0.22300 0.000180753000 
0.22350 0.000167774200 
0.22400 0.000154795400 
0.22450 0.000141816600 
0.22500 0.000129419000 
0.22550 0.000118457800 
0.22600 0.000107496800 
0.22650 0.000096535600 
0.22700 0.000086592200 
0.22750 0.000077610400 
0.22800 0.000068628600 
0.22850 0.000059646800 
0.22900 0.000052240000 
0.22950 0.000045175000 
0.23000 0.000038110000 
0.23050 0.000031461800 
0.23100 0.000026277200 
0.23150 0.000021092600 
0.23200 0.000015908120 
0.23250 0.000012152300 
0.23300 0.000008936560 
0.23350 0.000005720820 
