0.00000 824.012000000000 
0.00050 739.022000000000 
0.00100 654.032000000000 
0.00150 569.042000000000 
0.00200 484.052000000000 
0.00250 423.888000000000 
0.00300 371.130000000000 
0.00350 327.710000000000 
0.00400 292.926000000000 
0.00450 260.186000000000 
0.00500 236.230000000000 
0.00550 212.272000000000 
0.00600 193.724200000000 
0.00650 176.655400000000 
0.00700 161.025800000000 
0.00750 148.526000000000 
0.00800 136.026200000000 
0.00850 125.984600000000 
0.00900 116.619000000000 
0.00950 107.692400000000 
0.01000 100.537400000000 
0.01050 93.382600000000 
0.01100 87.126000000000 
0.01150 81.568000000000 
0.01200 76.009800000000 
0.01250 71.488600000000 
0.01300 67.107600000000 
0.01350 62.865800000000 
0.01400 59.368000000000 
0.01450 55.870400000000 
0.01500 52.639600000000 
0.01550 49.815400000000 
0.01600 46.991200000000 
0.01650 44.479400000000 
0.01700 42.176000000000 
0.01750 39.872600000000 
0.01800 37.883800000000 
0.01850 35.988000000000 
0.01900 34.092400000000 
0.01950 32.491800000000 
0.02000 30.919000000000 
0.02050 29.354000000000 
0.02100 28.039400000000 
0.02150 26.725000000000 
0.02200 25.435600000000 
0.02250 24.329800000000 
0.02300 23.223800000000 
0.02350 22.150000000000 
0.02400 21.214200000000 
0.02450 20.278200000000 
0.02500 19.375080000000 
0.02550 18.578700000000 
0.02600 17.782320000000 
0.02650 17.015980000000 
0.02700 16.334960000000 
0.02750 15.653960000000 
0.02800 14.998600000000 
0.02850 14.413620000000 
0.02900 13.828640000000 
0.02950 13.264220000000 
0.03000 12.759660000000 
0.03050 12.255100000000 
0.03100 11.765880000000 
0.03150 11.329060000000 
0.03200 10.892220000000 
0.03250 10.465780000000 
0.03300 10.086280000000 
0.03350 9.706780000000 
0.03400 9.333120000000 
0.03450 9.002380000000 
0.03500 8.671640000000 
0.03550 8.342660000000 
0.03600 8.053580000000 
0.03650 7.764500000000 
0.03700 7.475440000000 
0.03750 7.220300000000 
0.03800 6.966960000000 
0.03850 6.713620000000 
0.03900 6.486180000000 
0.03950 6.263600000000 
0.04000 6.041040000000 
0.04050 5.837600000000 
0.04100 5.641620000000 
0.04150 5.445640000000 
0.04200 5.263080000000 
0.04250 5.090140000000 
0.04300 4.917220000000 
0.04350 4.752900000000 
0.04400 4.600020000000 
0.04450 4.447140000000 
0.04500 4.298840000000 
0.04550 4.163420000000 
0.04600 4.028020000000 
0.04650 3.893840000000 
0.04700 3.773700000000 
0.04750 3.653580000000 
0.04800 3.533460000000 
0.04850 3.425140000000 
0.04900 3.318400000000 
0.04950 3.211660000000 
0.05000 3.112800000000 
0.05050 3.017820000000 
0.05100 2.922820000000 
0.05150 2.832440000000 
0.05200 2.747800000000 
0.05250 2.663140000000 
0.05300 2.580360000000 
0.05350 2.504820000000 
0.05400 2.429300000000 
0.05450 2.353780000000 
0.05500 2.285860000000 
0.05550 2.218400000000 
0.05600 2.150920000000 
0.05650 2.088260000000 
0.05700 2.027900000000 
0.05750 1.967550000000 
0.05800 1.909644000000 
0.05850 1.855606000000 
0.05900 1.801570000000 
0.05950 1.748006000000 
0.06000 1.699570000000 
0.06050 1.651132000000 
0.06100 1.602694000000 
0.06150 1.558070000000 
0.06200 1.514606000000 
0.06250 1.471142000000 
0.06300 1.429594000000 
0.06350 1.390560000000 
0.06400 1.351524000000 
0.06450 1.312820000000 
0.06500 1.277724000000 
0.06550 1.242630000000 
0.06600 1.207534000000 
0.06650 1.174970000000 
0.06700 1.143390000000 
0.06750 1.111810000000 
0.06800 1.081296000000 
0.06850 1.052852000000 
0.06900 1.024408000000 
0.06950 0.995964000000 
0.07000 0.970170000000 
0.07050 0.944528000000 
0.07100 0.918886000000 
0.07150 0.894588000000 
0.07200 0.871454000000 
0.07250 0.848320000000 
0.07300 0.825434000000 
0.07350 0.804546000000 
0.07400 0.783656000000 
0.07450 0.762766000000 
0.07500 0.743224000000 
0.07550 0.724344000000 
0.07600 0.705466000000 
0.07650 0.686974000000 
0.07700 0.669900000000 
0.07750 0.652824000000 
0.07800 0.635748000000 
0.07850 0.619880000000 
0.07900 0.604422000000 
0.07950 0.588966000000 
0.08000 0.573890000000 
0.08050 0.559888000000 
0.08100 0.545886000000 
0.08150 0.531882000000 
0.08200 0.518878000000 
0.08250 0.506182000000 
0.08300 0.493486000000 
0.08350 0.481086000000 
0.08400 0.469568000000 
0.08450 0.458048000000 
0.08500 0.446528000000 
0.08550 0.435778000000 
0.08600 0.425318000000 
0.08650 0.414856000000 
0.08700 0.404576000000 
0.08750 0.395072000000 
0.08800 0.385568000000 
0.08850 0.376064000000 
0.08900 0.367108000000 
0.08950 0.358462000000 
0.09000 0.349816000000 
0.09050 0.341228000000 
0.09100 0.333362000000 
0.09150 0.325494000000 
0.09200 0.317628000000 
0.09250 0.310110000000 
0.09300 0.302944000000 
0.09350 0.295778000000 
0.09400 0.288614000000 
0.09450 0.282026000000 
0.09500 0.275496000000 
0.09550 0.268968000000 
0.09600 0.262614000000 
0.09650 0.256658000000 
0.09700 0.250700000000 
0.09750 0.244744000000 
0.09800 0.239150000000 
0.09850 0.233716000000 
0.09900 0.228280000000 
0.09950 0.222880000000 
0.10000 0.217914000000 
0.10050 0.212950000000 
0.10100 0.207986000000 
0.10150 0.203210000000 
0.10200 0.198673200000 
0.10250 0.194136200000 
0.10300 0.189599000000 
0.10350 0.185371800000 
0.10400 0.181222600000 
0.10450 0.177073400000 
0.10500 0.172975400000 
0.10550 0.169178400000 
0.10600 0.165381600000 
0.10650 0.161584800000 
0.10700 0.157942600000 
0.10750 0.154466000000 
0.10800 0.150989600000 
0.10850 0.147513200000 
0.10900 0.144272800000 
0.10950 0.141087800000 
0.11000 0.137903000000 
0.11050 0.134752000000 
0.11100 0.131831400000 
0.11150 0.128911000000 
0.11200 0.125990400000 
0.11250 0.123176400000 
0.11300 0.120498800000 
0.11350 0.117821200000 
0.11400 0.115143800000 
0.11450 0.112628400000 
0.11500 0.110170600000 
0.11550 0.107712800000 
0.11600 0.105261200000 
0.11650 0.103004800000 
0.11700 0.100748400000 
0.11750 0.098492000000 
0.11800 0.096293400000 
0.11850 0.094220200000 
0.11900 0.092146800000 
0.11950 0.090073600000 
0.12000 0.088100400000 
0.12050 0.086196400000 
0.12100 0.084292200000 
0.12150 0.082388200000 
0.12200 0.080615600000 
0.12250 0.078864600000 
0.12300 0.077113600000 
0.12350 0.075379200000 
0.12400 0.073768400000 
0.12450 0.072157800000 
0.12500 0.070547000000 
0.12550 0.068984000000 
0.12600 0.067502600000 
0.12650 0.066021200000 
0.12700 0.064539600000 
0.12750 0.063130800000 
0.12800 0.061768000000 
0.12850 0.060405000000 
0.12900 0.059042000000 
0.12950 0.057771000000 
0.13000 0.056516000000 
0.13050 0.055261200000 
0.13100 0.054014000000 
0.13150 0.052859200000 
0.13200 0.051704200000 
0.13250 0.050549400000 
0.13300 0.049421600000 
0.13350 0.048357800000 
0.13400 0.047294200000 
0.13450 0.046230400000 
0.13500 0.045209200000 
0.13550 0.044229400000 
0.13600 0.043249800000 
0.13650 0.042270000000 
0.13700 0.041345400000 
0.13750 0.040443400000 
0.13800 0.039541400000 
0.13850 0.038639600000 
0.13900 0.037801600000 
0.13950 0.036970800000 
0.14000 0.036140000000 
0.14050 0.035314800000 
0.14100 0.034550000000 
0.14150 0.033785200000 
0.14200 0.033020600000 
0.14250 0.032271600000 
0.14300 0.031567200000 
0.14350 0.030862800000 
0.14400 0.030158400000 
0.14450 0.029477600000 
0.14500 0.028829000000 
0.14550 0.028180200000 
0.14600 0.027531600000 
0.14650 0.026912800000 
0.14700 0.026315400000 
0.14750 0.025718200000 
0.14800 0.025120800000 
0.14850 0.024558400000 
0.14900 0.024009000000 
0.14950 0.023459800000 
0.15000 0.022910400000 
0.15050 0.022398800000 
0.15100 0.021893400000 
0.15150 0.021387800000 
0.15200 0.020882400000 
0.15250 0.020416600000 
0.15300 0.019951580000 
0.15350 0.019486580000 
0.15400 0.019025080000 
0.15450 0.018597960000 
0.15500 0.018170820000 
0.15550 0.017743700000 
0.15600 0.017323180000 
0.15650 0.016930620000 
0.15700 0.016538060000 
0.15750 0.016145480000 
0.15800 0.015761680000 
0.15850 0.015400640000 
0.15900 0.015039600000 
0.15950 0.014678540000 
0.16000 0.014328020000 
0.16050 0.013996960000 
0.16100 0.013665900000 
0.16150 0.013334840000 
0.16200 0.013015000000 
0.16250 0.012711240000 
0.16300 0.012407480000 
0.16350 0.012103720000 
0.16400 0.011811520000 
0.16450 0.011533000000 
0.16500 0.011254480000 
0.16550 0.010975960000 
0.16600 0.010709040000 
0.16650 0.010454220000 
0.16700 0.010199380000 
0.16750 0.009944560000 
0.16800 0.009700480000 
0.16850 0.009466820000 
0.16900 0.009233180000 
0.16950 0.008999540000 
0.17000 0.008776220000 
0.17050 0.008562800000 
0.17100 0.008349380000 
0.17150 0.008135980000 
0.17200 0.007931580000 
0.17250 0.007736200000 
0.17300 0.007540820000 
0.17350 0.007345440000 
0.17400 0.007158100000 
0.17450 0.006979680000 
0.17500 0.006801260000 
0.17550 0.006622860000 
0.17600 0.006451320000 
0.17650 0.006288840000 
0.17700 0.006126340000 
0.17750 0.005963840000 
0.17800 0.005806780000 
0.17850 0.005658660000 
0.17900 0.005510560000 
0.17950 0.005362440000 
0.18000 0.005218320000 
0.18050 0.005083220000 
0.18100 0.004948100000 
0.18150 0.004812980000 
0.18200 0.004680600000 
0.18250 0.004557720000 
0.18300 0.004434820000 
0.18350 0.004311920000 
0.18400 0.004190480000 
0.18450 0.004079040000 
0.18500 0.003967600000 
0.18550 0.003856180000 
0.18600 0.003744900000 
0.18650 0.003643560000 
0.18700 0.003542200000 
0.18750 0.003440860000 
0.18800 0.003339520000 
0.18850 0.003246800000 
0.18900 0.003155140000 
0.18950 0.003063480000 
0.19000 0.002971820000 
0.19050 0.002886580000 
0.19100 0.002803400000 
0.19150 0.002720220000 
0.19200 0.002637040000 
0.19250 0.002558740000 
0.19300 0.002483520000 
0.19350 0.002408320000 
0.19400 0.002333100000 
0.19450 0.002261260000 
0.19500 0.002193340000 
0.19550 0.002125420000 
0.19600 0.002057480000 
0.19650 0.001991600000 
0.19700 0.001930354000 
0.19750 0.001869106000 
0.19800 0.001807858000 
0.19850 0.001747476000 
0.19900 0.001692330000 
0.19950 0.001637182000 
0.20000 0.001582034000 
0.20050 0.001526886000 
0.20100 0.001477048000 
0.20150 0.001427332000 
0.20200 0.001377616000 
0.20250 0.001327900000 
0.20300 0.001282446000 
0.20350 0.001237964000 
0.20400 0.001193482000 
0.20450 0.001149002000 
0.20500 0.001107476000 
0.20550 0.001067512000 
0.20600 0.001027546000 
0.20650 0.000987580000 
0.20700 0.000949808000 
0.20750 0.000914204000 
0.20800 0.000878600000 
0.20850 0.000842996000 
0.20900 0.000808750000 
0.20950 0.000776896000 
0.21000 0.000745042000 
0.21050 0.000713188000 
0.21100 0.000682150000 
0.21150 0.000653732000 
0.21200 0.000625312000 
0.21250 0.000596894000 
0.21300 0.000568918000 
0.21350 0.000543830000 
0.21400 0.000518742000 
0.21450 0.000493654000 
0.21500 0.000468724000 
0.21550 0.000446498000 
0.21600 0.000424274000 
0.21650 0.000402048000 
0.21700 0.000379850000 
0.21750 0.000360412000 
0.21800 0.000340974000 
0.21850 0.000321536000 
0.21900 0.000302104000 
0.21950 0.000285076000 
0.22000 0.000268046000 
0.22050 0.000251016000 
0.22100 0.000234080000 
0.22150 0.000219290000 
0.22200 0.000204500000 
0.22250 0.000189709800 
0.22300 0.000175214400 
0.22350 0.000162629800 
0.22400 0.000150045200 
0.22450 0.000137460600 
0.22500 0.000125440200 
0.22550 0.000114813600 
0.22600 0.000104187000 
0.22650 0.000093560600 
0.22700 0.000083921200 
0.22750 0.000075215000 
0.22800 0.000066508600 
0.22850 0.000057802400 
0.22900 0.000050623400 
0.22950 0.000043776200 
0.23000 0.000036929000 
0.23050 0.000030485600 
0.23100 0.000025461600 
0.23150 0.000020437400 
0.23200 0.000015413380 
0.23250 0.000011774120 
0.23300 0.000008658340 
0.23350 0.000005542560 
