0.00000 141.356400000000 
0.00050 121.972200000000 
0.00100 102.587800000000 
0.00150 83.203600000000 
0.00200 63.819200000000 
0.00250 51.411600000000 
0.00300 41.085400000000 
0.00350 33.128000000000 
0.00400 27.361400000000 
0.00450 22.050400000000 
0.00500 18.696640000000 
0.00550 15.342860000000 
0.00600 13.037760000000 
0.00650 11.019620000000 
0.00700 9.243440000000 
0.00750 7.993440000000 
0.00800 6.743420000000 
0.00850 5.851340000000 
0.00900 5.057660000000 
0.00950 4.319340000000 
0.01000 3.804440000000 
0.01050 3.289520000000 
0.01100 2.872780000000 
0.01150 2.532340000000 
0.01200 2.191920000000 
0.01250 1.949752000000 
0.01300 1.720876000000 
0.01350 1.503450000000 
0.01400 1.347260000000 
0.01450 1.191068000000 
0.01500 1.053954000000 
0.01550 0.945926000000 
0.01600 0.837898000000 
0.01650 0.749308000000 
0.01700 0.673684000000 
0.01750 0.598058000000 
0.01800 0.539488000000 
0.01850 0.485962000000 
0.01900 0.432436000000 
0.01950 0.392866000000 
0.02000 0.354600000000 
0.02050 0.316658000000 
0.02100 0.289052000000 
0.02150 0.261446000000 
0.02200 0.234750000000 
0.02250 0.214666000000 
0.02300 0.194581400000 
0.02350 0.175508600000 
0.02400 0.160784400000 
0.02450 0.146060200000 
0.02500 0.132240000000 
0.02550 0.121368200000 
0.02600 0.110496400000 
0.02650 0.100351800000 
0.02700 0.092271600000 
0.02750 0.084191200000 
0.02800 0.076655400000 
0.02850 0.070613200000 
0.02900 0.064571200000 
0.02950 0.058912000000 
0.03000 0.054368200000 
0.03050 0.049824400000 
0.03100 0.045532000000 
0.03150 0.042097000000 
0.03200 0.038662000000 
0.03250 0.035376600000 
0.03300 0.032767000000 
0.03350 0.030157400000 
0.03400 0.027621600000 
0.03450 0.025630000000 
0.03500 0.023638200000 
0.03550 0.021666200000 
0.03600 0.020139600000 
0.03650 0.018612940000 
0.03700 0.017086300000 
0.03750 0.015893620000 
0.03800 0.014718680000 
0.03850 0.013543740000 
0.03900 0.012593760000 
0.03950 0.011686040000 
0.04000 0.010778340000 
0.04050 0.010017260000 
0.04100 0.009313460000 
0.04150 0.008609680000 
0.04200 0.007996760000 
0.04250 0.007449220000 
0.04300 0.006901700000 
0.04350 0.006405740000 
0.04400 0.005978400000 
0.04450 0.005551060000 
0.04500 0.005148020000 
0.04550 0.004813460000 
0.04600 0.004478900000 
0.04650 0.004150100000 
0.04700 0.003887420000 
0.04750 0.003624740000 
0.04800 0.003362060000 
0.04850 0.003148720000 
0.04900 0.002941880000 
0.04950 0.002735060000 
0.05000 0.002557480000 
0.05050 0.002394220000 
0.05100 0.002230940000 
0.05150 0.002082820000 
0.05200 0.001953588000 
0.05250 0.001824362000 
0.05300 0.001700564000 
0.05350 0.001598036000 
0.05400 0.001495508000 
0.05450 0.001392980000 
0.05500 0.001310318000 
0.05550 0.001228780000 
0.05600 0.001147240000 
0.05650 0.001076862000 
0.05700 0.001011868000 
0.05750 0.000946874000 
0.05800 0.000886942000 
0.05850 0.000835022000 
0.05900 0.000783102000 
0.05950 0.000732058000 
0.06000 0.000690494000 
0.06050 0.000648928000 
0.06100 0.000607364000 
0.06150 0.000572100000 
0.06200 0.000538756000 
0.06250 0.000505412000 
0.06300 0.000474900000 
0.06350 0.000448096000 
0.06400 0.000421294000 
0.06450 0.000394930000 
0.06500 0.000373342000 
0.06550 0.000351754000 
0.06600 0.000330166000 
0.06650 0.000311578000 
0.06700 0.000294158000 
0.06750 0.000276736000 
0.06800 0.000260452000 
0.06850 0.000246366000 
0.06900 0.000232282000 
0.06950 0.000218198000 
0.07000 0.000206644000 
0.07050 0.000195236200 
0.07100 0.000183828400 
0.07150 0.000173572000 
0.07200 0.000164315400 
0.07250 0.000155058600 
0.07300 0.000145992800 
0.07350 0.000138468400 
0.07400 0.000130944000 
0.07450 0.000123419600 
0.07500 0.000116831600 
0.07550 0.000110704600 
0.07600 0.000104577800 
0.07650 0.000098694000 
0.07700 0.000093696400 
0.07750 0.000088699000 
0.07800 0.000083701400 
0.07850 0.000079386000 
0.07900 0.000075302800 
0.07950 0.000071219600 
0.08000 0.000067331000 
0.08050 0.000063989400 
0.08100 0.000060648000 
0.08150 0.000057306400 
0.08200 0.000054425400 
0.08250 0.000051686400 
0.08300 0.000048947200 
0.08350 0.000046332200 
0.08400 0.000044083200 
0.08450 0.000041834400 
0.08500 0.000039585600 
0.08550 0.000037627600 
0.08600 0.000035778400 
0.08650 0.000033929200 
0.08700 0.000032141600 
0.08750 0.000030618600 
0.08800 0.000029095600 
0.08850 0.000027572600 
0.08900 0.000026219800 
0.08950 0.000024963600 
0.09000 0.000023707400 
0.09050 0.000022467400 
0.09100 0.000021429600 
0.09150 0.000020392000 
0.09200 0.000019354220 
0.09250 0.000018405600 
0.09300 0.000017547140 
0.09350 0.000016688660 
0.09400 0.000015830200 
0.09450 0.000015105520 
0.09500 0.000014394300 
0.09550 0.000013683080 
0.09600 0.000013009240 
0.09650 0.000012419160 
0.09700 0.000011829080 
0.09750 0.000011239000 
0.09800 0.000010718540 
0.09850 0.000010228280 
0.09900 0.000009738040 
0.09950 0.000009253960 
0.10000 0.000008846100 
0.10050 0.000008438240 
0.10100 0.000008030360 
0.10150 0.000007652580 
0.10200 0.000007312800 
0.10250 0.000006973020 
0.10300 0.000006633220 
0.10350 0.000006338440 
0.10400 0.000006055000 
0.10450 0.000005771560 
0.10500 0.000005494900 
0.10550 0.000005258160 
0.10600 0.000005021400 
0.10650 0.000004784660 
0.10700 0.000004566600 
0.10750 0.000004368620 
0.10800 0.000004170620 
0.10850 0.000003972620 
0.10900 0.000003800720 
0.10950 0.000003634940 
0.11000 0.000003469140 
0.11050 0.000003306800 
0.11100 0.000003167800 
0.11150 0.000003028820 
0.11200 0.000002889820 
0.11250 0.000002760620 
0.11300 0.000002643960 
0.11350 0.000002527300 
0.11400 0.000002410640 
0.11450 0.000002307760 
0.11500 0.000002209720 
0.11550 0.000002111700 
0.11600 0.000002014160 
0.11650 0.000001931702 
0.11700 0.000001849240 
0.11750 0.000001766778 
0.11800 0.000001688420 
0.11850 0.000001618976 
0.11900 0.000001549532 
0.11950 0.000001480090 
0.12000 0.000001417090 
0.12050 0.000001358550 
0.12100 0.000001300010 
0.12150 0.000001241470 
0.12200 0.000001190778 
0.12250 0.000001141378 
0.12300 0.000001091980 
0.12350 0.000001043488 
0.12400 0.000001001762 
0.12450 0.000000960034 
0.12500 0.000000918308 
0.12550 0.000000878968 
0.12600 0.000000843690 
0.12650 0.000000808412 
0.12700 0.000000773134 
0.12750 0.000000741184 
0.12800 0.000000711332 
0.12850 0.000000681478 
0.12900 0.000000651626 
0.12950 0.000000625654 
0.13000 0.000000600368 
0.13050 0.000000575084 
0.13100 0.000000550096 
0.13150 0.000000528664 
0.13200 0.000000507232 
0.13250 0.000000485800 
0.13300 0.000000465330 
0.13350 0.000000447150 
0.13400 0.000000428968 
0.13450 0.000000410786 
0.13500 0.000000393996 
0.13550 0.000000378562 
0.13600 0.000000363126 
0.13650 0.000000347690 
0.13700 0.000000333902 
0.13750 0.000000320788 
0.13800 0.000000307676 
0.13850 0.000000294562 
0.13900 0.000000283222 
0.13950 0.000000272074 
0.14000 0.000000260926 
0.14050 0.000000249922 
0.14100 0.000000240440 
0.14150 0.000000230958 
0.14200 0.000000221474 
0.14250 0.000000212360 
0.14300 0.000000204288 
0.14350 0.000000196216 
0.14400 0.000000188145 
0.14450 0.000000180583 
0.14500 0.000000173709 
0.14550 0.000000166835 
0.14600 0.000000159960 
0.14650 0.000000153676 
0.14700 0.000000147819 
0.14750 0.000000141961 
0.14800 0.000000136103 
0.14850 0.000000130873 
0.14900 0.000000125879 
0.14950 0.000000120886 
0.15000 0.000000115892 
0.15050 0.000000111530 
0.15100 0.000000107271 
0.15150 0.000000103012 
0.15200 0.000000098753 
0.15250 0.000000095107 
0.15300 0.000000091473 
0.15350 0.000000087839 
0.15400 0.000000084254 
0.15450 0.000000081153 
0.15500 0.000000078051 
0.15550 0.000000074949 
0.15600 0.000000071935 
0.15650 0.000000069286 
0.15700 0.000000066638 
0.15750 0.000000063989 
0.15800 0.000000061448 
0.15850 0.000000059186 
0.15900 0.000000056923 
0.15950 0.000000054661 
0.16000 0.000000052514 
0.16050 0.000000050581 
0.16100 0.000000048649 
0.16150 0.000000046716 
0.16200 0.000000044899 
0.16250 0.000000043247 
0.16300 0.000000041596 
0.16350 0.000000039944 
0.16400 0.000000038402 
0.16450 0.000000036990 
0.16500 0.000000035578 
0.16550 0.000000034167 
0.16600 0.000000032855 
0.16650 0.000000031649 
0.16700 0.000000030442 
0.16750 0.000000029235 
0.16800 0.000000028117 
0.16850 0.000000027085 
0.16900 0.000000026053 
0.16950 0.000000025021 
0.17000 0.000000024065 
0.17050 0.000000023183 
0.17100 0.000000022301 
0.17150 0.000000021418 
0.17200 0.000000020600 
0.17250 0.000000019845 
0.17300 0.000000019090 
0.17350 0.000000018335 
0.17400 0.000000017632 
0.17450 0.000000016986 
0.17500 0.000000016341 
0.17550 0.000000015695 
0.17600 0.000000015090 
0.17650 0.000000014538 
0.17700 0.000000013986 
0.17750 0.000000013434 
0.17800 0.000000012912 
0.17850 0.000000012439 
0.17900 0.000000011967 
0.17950 0.000000011495 
0.18000 0.000000011044 
0.18050 0.000000010640 
0.18100 0.000000010236 
0.18150 0.000000009831 
0.18200 0.000000009440 
0.18250 0.000000009095 
0.18300 0.000000008749 
0.18350 0.000000008403 
0.18400 0.000000008064 
0.18450 0.000000007769 
0.18500 0.000000007473 
0.18550 0.000000007178 
0.18600 0.000000006883 
0.18650 0.000000006630 
0.18700 0.000000006377 
0.18750 0.000000006125 
0.18800 0.000000005872 
0.18850 0.000000005652 
0.18900 0.000000005436 
0.18950 0.000000005220 
0.19000 0.000000005004 
0.19050 0.000000004811 
0.19100 0.000000004627 
0.19150 0.000000004442 
0.19200 0.000000004257 
0.19250 0.000000004089 
0.19300 0.000000003931 
0.19350 0.000000003773 
0.19400 0.000000003615 
0.19450 0.000000003467 
0.19500 0.000000003333 
0.19550 0.000000003198 
0.19600 0.000000003063 
0.19650 0.000000002934 
0.19700 0.000000002818 
0.19750 0.000000002703 
0.19800 0.000000002588 
0.19850 0.000000002475 
0.19900 0.000000002377 
0.19950 0.000000002278 
0.20000 0.000000002180 
0.20050 0.000000002082 
0.20100 0.000000001997 
0.20150 0.000000001913 
0.20200 0.000000001829 
0.20250 0.000000001745 
0.20300 0.000000001671 
0.20350 0.000000001600 
0.20400 0.000000001528 
0.20450 0.000000001457 
0.20500 0.000000001392 
0.20550 0.000000001331 
0.20600 0.000000001270 
0.20650 0.000000001209 
0.20700 0.000000001152 
0.20750 0.000000001101 
0.20800 0.000000001049 
0.20850 0.000000000997 
0.20900 0.000000000948 
0.20950 0.000000000904 
0.21000 0.000000000860 
0.21050 0.000000000816 
0.21100 0.000000000773 
0.21150 0.000000000736 
0.21200 0.000000000698 
0.21250 0.000000000661 
0.21300 0.000000000624 
0.21350 0.000000000592 
0.21400 0.000000000561 
0.21450 0.000000000529 
0.21500 0.000000000498 
0.21550 0.000000000471 
0.21600 0.000000000444 
0.21650 0.000000000418 
0.21700 0.000000000391 
0.21750 0.000000000369 
0.21800 0.000000000346 
0.21850 0.000000000324 
0.21900 0.000000000301 
0.21950 0.000000000283 
0.22000 0.000000000264 
0.22050 0.000000000245 
0.22100 0.000000000227 
0.22150 0.000000000211 
0.22200 0.000000000196 
0.22250 0.000000000180 
0.22300 0.000000000165 
0.22350 0.000000000152 
0.22400 0.000000000139 
0.22450 0.000000000127 
0.22500 0.000000000115 
0.22550 0.000000000104 
0.22600 0.000000000094 
0.22650 0.000000000084 
0.22700 0.000000000075 
0.22750 0.000000000066 
0.22800 0.000000000058 
0.22850 0.000000000050 
0.22900 0.000000000044 
0.22950 0.000000000038 
0.23000 0.000000000031 
0.23050 0.000000000026 
0.23100 0.000000000021 
0.23150 0.000000000017 
0.23200 0.000000000013 
0.23250 0.000000000010 
0.23300 0.000000000007 
0.23350 0.000000000005 
