0.00000 813.998000000000 
0.00050 730.176000000000 
0.00100 646.352000000000 
0.00150 562.530000000000 
0.00200 478.706000000000 
0.00250 419.390000000000 
0.00300 367.384000000000 
0.00350 324.572000000000 
0.00400 290.262000000000 
0.00450 257.962000000000 
0.00500 234.306000000000 
0.00550 210.648000000000 
0.00600 192.315400000000 
0.00650 175.439200000000 
0.00700 159.981200000000 
0.00750 147.606800000000 
0.00800 135.232400000000 
0.00850 125.283000000000 
0.00900 116.000000000000 
0.00950 107.150800000000 
0.01000 100.051200000000 
0.01050 92.951800000000 
0.01100 86.740600000000 
0.01150 81.219800000000 
0.01200 75.699200000000 
0.01250 71.205000000000 
0.01300 66.849800000000 
0.01350 62.632200000000 
0.01400 59.152400000000 
0.01450 55.672400000000 
0.01500 52.457200000000 
0.01550 49.645600000000 
0.01600 46.833800000000 
0.01650 44.332200000000 
0.01700 42.037600000000 
0.01750 39.743000000000 
0.01800 37.761200000000 
0.01850 35.871800000000 
0.01900 33.982400000000 
0.01950 32.386800000000 
0.02000 30.818600000000 
0.02050 29.258200000000 
0.02100 27.947200000000 
0.02150 26.636200000000 
0.02200 25.350400000000 
0.02250 24.247200000000 
0.02300 23.144000000000 
0.02350 22.072800000000 
0.02400 21.139000000000 
0.02450 20.205200000000 
0.02500 19.304080000000 
0.02550 18.509420000000 
0.02600 17.714780000000 
0.02650 16.950100000000 
0.02700 16.270520000000 
0.02750 15.590960000000 
0.02800 14.937000000000 
0.02850 14.353260000000 
0.02900 13.769540000000 
0.02950 13.206320000000 
0.03000 12.702860000000 
0.03050 12.199400000000 
0.03100 11.711260000000 
0.03150 11.275420000000 
0.03200 10.839580000000 
0.03250 10.414120000000 
0.03300 10.035540000000 
0.03350 9.656940000000 
0.03400 9.284180000000 
0.03450 8.954280000000 
0.03500 8.624380000000 
0.03550 8.296240000000 
0.03600 8.007960000000 
0.03650 7.719680000000 
0.03700 7.431400000000 
0.03750 7.177000000000 
0.03800 6.924420000000 
0.03850 6.671820000000 
0.03900 6.445100000000 
0.03950 6.223240000000 
0.04000 6.001380000000 
0.04050 5.798620000000 
0.04100 5.603320000000 
0.04150 5.408020000000 
0.04200 5.226100000000 
0.04250 5.053820000000 
0.04300 4.881540000000 
0.04350 4.717840000000 
0.04400 4.565580000000 
0.04450 4.413300000000 
0.04500 4.265620000000 
0.04550 4.130780000000 
0.04600 3.995960000000 
0.04650 3.862360000000 
0.04700 3.742800000000 
0.04750 3.623220000000 
0.04800 3.503640000000 
0.04850 3.395860000000 
0.04900 3.289660000000 
0.04950 3.183440000000 
0.05000 3.085100000000 
0.05050 2.990600000000 
0.05100 2.896120000000 
0.05150 2.806220000000 
0.05200 2.722060000000 
0.05250 2.637880000000 
0.05300 2.555560000000 
0.05350 2.480480000000 
0.05400 2.405400000000 
0.05450 2.330340000000 
0.05500 2.262860000000 
0.05550 2.195800000000 
0.05600 2.128760000000 
0.05650 2.066500000000 
0.05700 2.006560000000 
0.05750 1.946608000000 
0.05800 1.889096000000 
0.05850 1.835440000000 
0.05900 1.781782000000 
0.05950 1.728598000000 
0.06000 1.680518000000 
0.06050 1.632440000000 
0.06100 1.584360000000 
0.06150 1.540078000000 
0.06200 1.496952000000 
0.06250 1.453824000000 
0.06300 1.412606000000 
0.06350 1.373888000000 
0.06400 1.335170000000 
0.06450 1.296782000000 
0.06500 1.261984000000 
0.06550 1.227188000000 
0.06600 1.192390000000 
0.06650 1.160110000000 
0.06700 1.128810000000 
0.06750 1.097510000000 
0.06800 1.067272000000 
0.06850 1.039090000000 
0.06900 1.010908000000 
0.06950 0.982728000000 
0.07000 0.957180000000 
0.07050 0.931784000000 
0.07100 0.906388000000 
0.07150 0.882326000000 
0.07200 0.859424000000 
0.07250 0.836520000000 
0.07300 0.813864000000 
0.07350 0.793190000000 
0.07400 0.772516000000 
0.07450 0.751842000000 
0.07500 0.732506000000 
0.07550 0.713828000000 
0.07600 0.695150000000 
0.07650 0.676858000000 
0.07700 0.659972000000 
0.07750 0.643084000000 
0.07800 0.626198000000 
0.07850 0.610508000000 
0.07900 0.595228000000 
0.07950 0.579948000000 
0.08000 0.565046000000 
0.08050 0.551208000000 
0.08100 0.537370000000 
0.08150 0.523532000000 
0.08200 0.510684000000 
0.08250 0.498142000000 
0.08300 0.485598000000 
0.08350 0.473352000000 
0.08400 0.461976000000 
0.08450 0.450600000000 
0.08500 0.439224000000 
0.08550 0.428610000000 
0.08600 0.418284000000 
0.08650 0.407958000000 
0.08700 0.397810000000 
0.08750 0.388430000000 
0.08800 0.379052000000 
0.08850 0.369672000000 
0.08900 0.360836000000 
0.08950 0.352308000000 
0.09000 0.343780000000 
0.09050 0.335308000000 
0.09100 0.327550000000 
0.09150 0.319792000000 
0.09200 0.312034000000 
0.09250 0.304620000000 
0.09300 0.297558000000 
0.09350 0.290494000000 
0.09400 0.283430000000 
0.09450 0.276938000000 
0.09500 0.270504000000 
0.09550 0.264068000000 
0.09600 0.257808000000 
0.09650 0.251940000000 
0.09700 0.246072000000 
0.09750 0.240204000000 
0.09800 0.234696000000 
0.09850 0.229342000000 
0.09900 0.223990000000 
0.09950 0.218672000000 
0.10000 0.213784000000 
0.10050 0.208898000000 
0.10100 0.204010000000 
0.10150 0.199309200000 
0.10200 0.194844000000 
0.10250 0.190379000000 
0.10300 0.185913800000 
0.10350 0.181754600000 
0.10400 0.177672600000 
0.10450 0.173590600000 
0.10500 0.169559000000 
0.10550 0.165825000000 
0.10600 0.162090800000 
0.10650 0.158356600000 
0.10700 0.154775000000 
0.10750 0.151357200000 
0.10800 0.147939200000 
0.10850 0.144521200000 
0.10900 0.141336200000 
0.10950 0.138205800000 
0.11000 0.135075600000 
0.11050 0.131978800000 
0.11100 0.129109200000 
0.11150 0.126239800000 
0.11200 0.123370200000 
0.11250 0.120605800000 
0.11300 0.117975800000 
0.11350 0.115345800000 
0.11400 0.112715800000 
0.11450 0.110245800000 
0.11500 0.107832400000 
0.11550 0.105419000000 
0.11600 0.103011800000 
0.11650 0.100796800000 
0.11700 0.098582000000 
0.11750 0.096367000000 
0.11800 0.094209000000 
0.11850 0.092174600000 
0.11900 0.090140000000 
0.11950 0.088105600000 
0.12000 0.086169600000 
0.12050 0.084301600000 
0.12100 0.082433600000 
0.12150 0.080565800000 
0.12200 0.078827200000 
0.12250 0.077110000000 
0.12300 0.075392800000 
0.12350 0.073692000000 
0.12400 0.072112800000 
0.12450 0.070533600000 
0.12500 0.068954400000 
0.12550 0.067422200000 
0.12600 0.065970200000 
0.12650 0.064518200000 
0.12700 0.063066000000 
0.12750 0.061685600000 
0.12800 0.060350200000 
0.12850 0.059014600000 
0.12900 0.057679200000 
0.12950 0.056434000000 
0.13000 0.055204800000 
0.13050 0.053975600000 
0.13100 0.052754000000 
0.13150 0.051623000000 
0.13200 0.050492000000 
0.13250 0.049361200000 
0.13300 0.048256600000 
0.13350 0.047215400000 
0.13400 0.046174000000 
0.13450 0.045132800000 
0.13500 0.044133200000 
0.13550 0.043174200000 
0.13600 0.042215200000 
0.13650 0.041256400000 
0.13700 0.040351600000 
0.13750 0.039469000000 
0.13800 0.038586600000 
0.13850 0.037704200000 
0.13900 0.036884600000 
0.13950 0.036071800000 
0.14000 0.035259200000 
0.14050 0.034452000000 
0.14100 0.033704200000 
0.14150 0.032956200000 
0.14200 0.032208400000 
0.14250 0.031476000000 
0.14300 0.030787400000 
0.14350 0.030098800000 
0.14400 0.029410000000 
0.14450 0.028744800000 
0.14500 0.028110600000 
0.14550 0.027476600000 
0.14600 0.026842600000 
0.14650 0.026238000000 
0.14700 0.025654200000 
0.14750 0.025070600000 
0.14800 0.024487000000 
0.14850 0.023937600000 
0.14900 0.023401000000 
0.14950 0.022864400000 
0.15000 0.022327800000 
0.15050 0.021828000000 
0.15100 0.021334400000 
0.15150 0.020840600000 
0.15200 0.020347000000 
0.15250 0.019892280000 
0.15300 0.019438260000 
0.15350 0.018984240000 
0.15400 0.018533660000 
0.15450 0.018116740000 
0.15500 0.017699800000 
0.15550 0.017282880000 
0.15600 0.016872420000 
0.15650 0.016489340000 
0.15700 0.016106240000 
0.15750 0.015723140000 
0.15800 0.015348600000 
0.15850 0.014996360000 
0.15900 0.014644120000 
0.15950 0.014291860000 
0.16000 0.013949920000 
0.16050 0.013627000000 
0.16100 0.013304080000 
0.16150 0.012981160000 
0.16200 0.012669200000 
0.16250 0.012372980000 
0.16300 0.012076780000 
0.16350 0.011780560000 
0.16400 0.011495620000 
0.16450 0.011224100000 
0.16500 0.010952560000 
0.16550 0.010681020000 
0.16600 0.010420820000 
0.16650 0.010172420000 
0.16700 0.009924020000 
0.16750 0.009675640000 
0.16800 0.009437760000 
0.16850 0.009210060000 
0.16900 0.008982380000 
0.16950 0.008754680000 
0.17000 0.008537100000 
0.17050 0.008329160000 
0.17100 0.008121240000 
0.17150 0.007913300000 
0.17200 0.007714180000 
0.17250 0.007523880000 
0.17300 0.007333560000 
0.17350 0.007143260000 
0.17400 0.006960800000 
0.17450 0.006787040000 
0.17500 0.006613280000 
0.17550 0.006439520000 
0.17600 0.006272500000 
0.17650 0.006114280000 
0.17700 0.005956080000 
0.17750 0.005797860000 
0.17800 0.005644940000 
0.17850 0.005500760000 
0.17900 0.005356580000 
0.17950 0.005212400000 
0.18000 0.005072120000 
0.18050 0.004940620000 
0.18100 0.004809120000 
0.18150 0.004677620000 
0.18200 0.004548800000 
0.18250 0.004429220000 
0.18300 0.004309640000 
0.18350 0.004190040000 
0.18400 0.004071880000 
0.18450 0.003963460000 
0.18500 0.003855060000 
0.18550 0.003746640000 
0.18600 0.003638380000 
0.18650 0.003539820000 
0.18700 0.003441240000 
0.18750 0.003342660000 
0.18800 0.003244080000 
0.18850 0.003153920000 
0.18900 0.003064780000 
0.18950 0.002975640000 
0.19000 0.002886500000 
0.19050 0.002803620000 
0.19100 0.002722740000 
0.19150 0.002641860000 
0.19200 0.002560980000 
0.19250 0.002484880000 
0.19300 0.002411760000 
0.19350 0.002338640000 
0.19400 0.002265520000 
0.19450 0.002195700000 
0.19500 0.002129680000 
0.19550 0.002063660000 
0.19600 0.001997644000 
0.19650 0.001933608000 
0.19700 0.001874090000 
0.19750 0.001814572000 
0.19800 0.001755054000 
0.19850 0.001696380000 
0.19900 0.001642800000 
0.19950 0.001589218000 
0.20000 0.001535638000 
0.20050 0.001482058000 
0.20100 0.001433644000 
0.20150 0.001385350000 
0.20200 0.001337054000 
0.20250 0.001288758000 
0.20300 0.001244610000 
0.20350 0.001201408000 
0.20400 0.001158204000 
0.20450 0.001115002000 
0.20500 0.001074676000 
0.20550 0.001035866000 
0.20600 0.000997058000 
0.20650 0.000958248000 
0.20700 0.000921570000 
0.20750 0.000887000000 
0.20800 0.000852432000 
0.20850 0.000817864000 
0.20900 0.000784614000 
0.20950 0.000753692000 
0.21000 0.000722772000 
0.21050 0.000691850000 
0.21100 0.000661718000 
0.21150 0.000634136000 
0.21200 0.000606554000 
0.21250 0.000578970000 
0.21300 0.000551818000 
0.21350 0.000527472000 
0.21400 0.000503124000 
0.21450 0.000478778000 
0.21500 0.000454584000 
0.21550 0.000433020000 
0.21600 0.000411456000 
0.21650 0.000389890000 
0.21700 0.000368352000 
0.21750 0.000349494000 
0.21800 0.000330638000 
0.21850 0.000311780000 
0.21900 0.000292928000 
0.21950 0.000276410000 
0.22000 0.000259892000 
0.22050 0.000243374000 
0.22100 0.000226946000 
0.22150 0.000212602000 
0.22200 0.000198258600 
0.22250 0.000183914800 
0.22300 0.000169857000 
0.22350 0.000157653800 
0.22400 0.000145450800 
0.22450 0.000133247800 
0.22500 0.000121592000 
0.22550 0.000111289200 
0.22600 0.000100986400 
0.22650 0.000090683600 
0.22700 0.000081338600 
0.22750 0.000072898600 
0.22800 0.000064458800 
0.22850 0.000056019000 
0.22900 0.000049060600 
0.22950 0.000042423800 
0.23000 0.000035787000 
0.23050 0.000029542000 
0.23100 0.000024673000 
0.23150 0.000019804080 
0.23200 0.000014935140 
0.23250 0.000011408560 
0.23300 0.000008389400 
0.23350 0.000005370240 
