0.00000 812.292000000000 
0.00050 728.852000000000 
0.00100 645.410000000000 
0.00150 561.970000000000 
0.00200 478.530000000000 
0.00250 419.462000000000 
0.00300 367.668000000000 
0.00350 325.006000000000 
0.00400 290.792000000000 
0.00450 258.580000000000 
0.00500 234.956000000000 
0.00550 211.334000000000 
0.00600 193.009600000000 
0.00650 176.134400000000 
0.00700 160.672200000000 
0.00750 148.282200000000 
0.00800 135.892200000000 
0.00850 125.921400000000 
0.00900 116.615600000000 
0.00950 107.743000000000 
0.01000 100.618400000000 
0.01050 93.493600000000 
0.01100 87.257400000000 
0.01150 81.712000000000 
0.01200 76.166600000000 
0.01250 71.649200000000 
0.01300 67.270800000000 
0.01350 63.030600000000 
0.01400 59.530000000000 
0.01450 56.029200000000 
0.01500 52.794200000000 
0.01550 49.964000000000 
0.01600 47.134000000000 
0.01650 44.615400000000 
0.01700 42.304800000000 
0.01750 39.994200000000 
0.01800 37.998000000000 
0.01850 36.094800000000 
0.01900 34.191600000000 
0.01950 32.584000000000 
0.02000 31.004000000000 
0.02050 29.431800000000 
0.02100 28.110600000000 
0.02150 26.789400000000 
0.02200 25.493600000000 
0.02250 24.381800000000 
0.02300 23.270000000000 
0.02350 22.190400000000 
0.02400 21.249400000000 
0.02450 20.308200000000 
0.02500 19.400100000000 
0.02550 18.599280000000 
0.02600 17.798460000000 
0.02650 17.027860000000 
0.02700 16.343100000000 
0.02750 15.658340000000 
0.02800 14.999400000000 
0.02850 14.411300000000 
0.02900 13.823180000000 
0.02950 13.255780000000 
0.03000 12.748660000000 
0.03050 12.241540000000 
0.03100 11.749880000000 
0.03150 11.310980000000 
0.03200 10.872080000000 
0.03250 10.443660000000 
0.03300 10.062520000000 
0.03350 9.681380000000 
0.03400 9.306120000000 
0.03450 8.974100000000 
0.03500 8.642100000000 
0.03550 8.311860000000 
0.03600 8.021840000000 
0.03650 7.731800000000 
0.03700 7.441780000000 
0.03750 7.185940000000 
0.03800 6.931920000000 
0.03850 6.677880000000 
0.03900 6.449960000000 
0.03950 6.226920000000 
0.04000 6.003900000000 
0.04050 5.800120000000 
0.04100 5.603880000000 
0.04150 5.407620000000 
0.04200 5.224860000000 
0.04250 5.051820000000 
0.04300 4.878780000000 
0.04350 4.714380000000 
0.04400 4.561500000000 
0.04450 4.408640000000 
0.04500 4.260360000000 
0.04550 4.125080000000 
0.04600 3.989780000000 
0.04650 3.855700000000 
0.04700 3.735780000000 
0.04750 3.615840000000 
0.04800 3.495900000000 
0.04850 3.387840000000 
0.04900 3.281340000000 
0.04950 3.174860000000 
0.05000 3.076300000000 
0.05050 2.981620000000 
0.05100 2.886920000000 
0.05150 2.796860000000 
0.05200 2.712560000000 
0.05250 2.628260000000 
0.05300 2.545820000000 
0.05350 2.470660000000 
0.05400 2.395500000000 
0.05450 2.320340000000 
0.05500 2.252820000000 
0.05550 2.185740000000 
0.05600 2.118640000000 
0.05650 2.056380000000 
0.05700 1.996418000000 
0.05750 1.936464000000 
0.05800 1.878958000000 
0.05850 1.825324000000 
0.05900 1.771688000000 
0.05950 1.718528000000 
0.06000 1.670492000000 
0.06050 1.622458000000 
0.06100 1.574424000000 
0.06150 1.530198000000 
0.06200 1.487132000000 
0.06250 1.444066000000 
0.06300 1.402916000000 
0.06350 1.364272000000 
0.06400 1.325628000000 
0.06450 1.287314000000 
0.06500 1.252602000000 
0.06550 1.217888000000 
0.06600 1.183176000000 
0.06650 1.150986000000 
0.06700 1.119776000000 
0.06750 1.088568000000 
0.06800 1.058422000000 
0.06850 1.030338000000 
0.06900 1.002252000000 
0.06950 0.974166000000 
0.07000 0.948718000000 
0.07050 0.923422000000 
0.07100 0.898126000000 
0.07150 0.874164000000 
0.07200 0.851362000000 
0.07250 0.828560000000 
0.07300 0.806002000000 
0.07350 0.785430000000 
0.07400 0.764856000000 
0.07450 0.744284000000 
0.07500 0.725048000000 
0.07550 0.706472000000 
0.07600 0.687894000000 
0.07650 0.669702000000 
0.07700 0.652914000000 
0.07750 0.636126000000 
0.07800 0.619338000000 
0.07850 0.603746000000 
0.07900 0.588562000000 
0.07950 0.573378000000 
0.08000 0.558572000000 
0.08050 0.544828000000 
0.08100 0.531084000000 
0.08150 0.517340000000 
0.08200 0.504584000000 
0.08250 0.492132000000 
0.08300 0.479682000000 
0.08350 0.467524000000 
0.08400 0.456236000000 
0.08450 0.444948000000 
0.08500 0.433660000000 
0.08550 0.423132000000 
0.08600 0.412890000000 
0.08650 0.402648000000 
0.08700 0.392584000000 
0.08750 0.383286000000 
0.08800 0.373988000000 
0.08850 0.364690000000 
0.08900 0.355932000000 
0.08950 0.347480000000 
0.09000 0.339030000000 
0.09050 0.330636000000 
0.09100 0.322952000000 
0.09150 0.315268000000 
0.09200 0.307584000000 
0.09250 0.300242000000 
0.09300 0.293250000000 
0.09350 0.286256000000 
0.09400 0.279264000000 
0.09450 0.272838000000 
0.09500 0.266472000000 
0.09550 0.260104000000 
0.09600 0.253910000000 
0.09650 0.248106000000 
0.09700 0.242300000000 
0.09750 0.236496000000 
0.09800 0.231048000000 
0.09850 0.225756000000 
0.09900 0.220464000000 
0.09950 0.215206000000 
0.10000 0.210376000000 
0.10050 0.205544000000 
0.10100 0.200714000000 
0.10150 0.196069800000 
0.10200 0.191658800000 
0.10250 0.187247600000 
0.10300 0.182836600000 
0.10350 0.178729200000 
0.10400 0.174698200000 
0.10450 0.170667200000 
0.10500 0.166686600000 
0.10550 0.163000600000 
0.10600 0.159314800000 
0.10650 0.155628800000 
0.10700 0.152094200000 
0.10750 0.148721800000 
0.10800 0.145349600000 
0.10850 0.141977200000 
0.10900 0.138835600000 
0.10950 0.135748200000 
0.11000 0.132661000000 
0.11050 0.129606800000 
0.11100 0.126777800000 
0.11150 0.123949000000 
0.11200 0.121120000000 
0.11250 0.118395000000 
0.11300 0.115803200000 
0.11350 0.113211400000 
0.11400 0.110619600000 
0.11450 0.108186200000 
0.11500 0.105808600000 
0.11550 0.103431200000 
0.11600 0.101060000000 
0.11650 0.098879000000 
0.11700 0.096697800000 
0.11750 0.094516800000 
0.11800 0.092392000000 
0.11850 0.090389400000 
0.11900 0.088386800000 
0.11950 0.086384200000 
0.12000 0.084479000000 
0.12050 0.082641000000 
0.12100 0.080803000000 
0.12150 0.078965000000 
0.12200 0.077255000000 
0.12250 0.075566000000 
0.12300 0.073877000000 
0.12350 0.072204000000 
0.12400 0.070651400000 
0.12450 0.069098600000 
0.12500 0.067546000000 
0.12550 0.066039800000 
0.12600 0.064612600000 
0.12650 0.063185400000 
0.12700 0.061758200000 
0.12750 0.060401600000 
0.12800 0.059089600000 
0.12850 0.057777600000 
0.12900 0.056465400000 
0.12950 0.055242400000 
0.13000 0.054035200000 
0.13050 0.052827800000 
0.13100 0.051628000000 
0.13150 0.050517600000 
0.13200 0.049407200000 
0.13250 0.048297000000 
0.13300 0.047212600000 
0.13350 0.046190600000 
0.13400 0.045168600000 
0.13450 0.044146600000 
0.13500 0.043165800000 
0.13550 0.042225000000 
0.13600 0.041284200000 
0.13650 0.040343200000 
0.13700 0.039455800000 
0.13750 0.038590200000 
0.13800 0.037724800000 
0.13850 0.036859200000 
0.13900 0.036055600000 
0.13950 0.035258800000 
0.14000 0.034462000000 
0.14050 0.033670600000 
0.14100 0.032937600000 
0.14150 0.032204600000 
0.14200 0.031471600000 
0.14250 0.030754000000 
0.14300 0.030079200000 
0.14350 0.029404400000 
0.14400 0.028729800000 
0.14450 0.028077800000 
0.14500 0.027456800000 
0.14550 0.026835800000 
0.14600 0.026214800000 
0.14650 0.025622600000 
0.14700 0.025051200000 
0.14750 0.024479600000 
0.14800 0.023908200000 
0.14850 0.023370200000 
0.14900 0.022845000000 
0.14950 0.022319800000 
0.15000 0.021794400000 
0.15050 0.021305400000 
0.15100 0.020822400000 
0.15150 0.020339200000 
0.15200 0.019856200000 
0.15250 0.019411340000 
0.15300 0.018967200000 
0.15350 0.018523060000 
0.15400 0.018082300000 
0.15450 0.017674540000 
0.15500 0.017266800000 
0.15550 0.016859060000 
0.15600 0.016457680000 
0.15650 0.016083120000 
0.15700 0.015708580000 
0.15750 0.015334040000 
0.15800 0.014967900000 
0.15850 0.014623620000 
0.15900 0.014279340000 
0.15950 0.013935060000 
0.16000 0.013600880000 
0.16050 0.013285340000 
0.16100 0.012969820000 
0.16150 0.012654280000 
0.16200 0.012349520000 
0.16250 0.012060160000 
0.16300 0.011770820000 
0.16350 0.011481460000 
0.16400 0.011203160000 
0.16450 0.010938000000 
0.16500 0.010672820000 
0.16550 0.010407640000 
0.16600 0.010153580000 
0.16650 0.009911080000 
0.16700 0.009668560000 
0.16750 0.009426060000 
0.16800 0.009193860000 
0.16850 0.008971620000 
0.16900 0.008749400000 
0.16950 0.008527160000 
0.17000 0.008314820000 
0.17050 0.008111920000 
0.17100 0.007909020000 
0.17150 0.007706140000 
0.17200 0.007511860000 
0.17250 0.007326220000 
0.17300 0.007140560000 
0.17350 0.006954920000 
0.17400 0.006776940000 
0.17450 0.006607480000 
0.17500 0.006438020000 
0.17550 0.006268580000 
0.17600 0.006105700000 
0.17650 0.005951440000 
0.17700 0.005797160000 
0.17750 0.005642900000 
0.17800 0.005493820000 
0.17850 0.005353280000 
0.17900 0.005212740000 
0.17950 0.005072180000 
0.18000 0.004935460000 
0.18050 0.004807300000 
0.18100 0.004679160000 
0.18150 0.004551020000 
0.18200 0.004425460000 
0.18250 0.004308960000 
0.18300 0.004192440000 
0.18350 0.004075940000 
0.18400 0.003960800000 
0.18450 0.003855200000 
0.18500 0.003749600000 
0.18550 0.003644000000 
0.18600 0.003538540000 
0.18650 0.003442560000 
0.18700 0.003346560000 
0.18750 0.003250560000 
0.18800 0.003154560000 
0.18850 0.003066780000 
0.18900 0.002979980000 
0.18950 0.002893180000 
0.19000 0.002806400000 
0.19050 0.002725720000 
0.19100 0.002646980000 
0.19150 0.002568260000 
0.19200 0.002489520000 
0.19250 0.002415460000 
0.19300 0.002344300000 
0.19350 0.002273140000 
0.19400 0.002201980000 
0.19450 0.002134020000 
0.19500 0.002069780000 
0.19550 0.002005560000 
0.19600 0.001941322000 
0.19650 0.001879020000 
0.19700 0.001821120000 
0.19750 0.001763222000 
0.19800 0.001705324000 
0.19850 0.001648248000 
0.19900 0.001596136000 
0.19950 0.001544024000 
0.20000 0.001491912000 
0.20050 0.001439800000 
0.20100 0.001392724000 
0.20150 0.001345762000 
0.20200 0.001298802000 
0.20250 0.001251840000 
0.20300 0.001208916000 
0.20350 0.001166916000 
0.20400 0.001124914000 
0.20450 0.001082914000 
0.20500 0.001043712000 
0.20550 0.001005990000 
0.20600 0.000968268000 
0.20650 0.000930546000 
0.20700 0.000894898000 
0.20750 0.000861304000 
0.20800 0.000827710000 
0.20850 0.000794116000 
0.20900 0.000761806000 
0.20950 0.000731762000 
0.21000 0.000701716000 
0.21050 0.000671672000 
0.21100 0.000642398000 
0.21150 0.000615604000 
0.21200 0.000588810000 
0.21250 0.000562014000 
0.21300 0.000535638000 
0.21350 0.000511992000 
0.21400 0.000488344000 
0.21450 0.000464698000 
0.21500 0.000441200000 
0.21550 0.000420260000 
0.21600 0.000399318000 
0.21650 0.000378378000 
0.21700 0.000357462000 
0.21750 0.000339154000 
0.21800 0.000320844000 
0.21850 0.000302536000 
0.21900 0.000284234000 
0.21950 0.000268198000 
0.22000 0.000252164000 
0.22050 0.000236130000 
0.22100 0.000220182000 
0.22150 0.000206262000 
0.22200 0.000192340000 
0.22250 0.000178418800 
0.22300 0.000164775200 
0.22350 0.000152933400 
0.22400 0.000141091800 
0.22450 0.000129250200 
0.22500 0.000117940200 
0.22550 0.000107944200 
0.22600 0.000097948200 
0.22650 0.000087952400 
0.22700 0.000078886400 
0.22750 0.000070699200 
0.22800 0.000062512200 
0.22850 0.000054325000 
0.22900 0.000047576000 
0.22950 0.000041139000 
0.23000 0.000034702000 
0.23050 0.000028645200 
0.23100 0.000023923600 
0.23150 0.000019202120 
0.23200 0.000014480560 
0.23250 0.000011061040 
0.23300 0.000008133740 
0.23350 0.000005206420 
