0.00000 813.378000000000 
0.00050 729.974000000000 
0.00100 646.572000000000 
0.00150 563.170000000000 
0.00200 479.768000000000 
0.00250 420.712000000000 
0.00300 368.918000000000 
0.00350 326.244000000000 
0.00400 292.004000000000 
0.00450 259.762000000000 
0.00500 236.100000000000 
0.00550 212.438000000000 
0.00600 194.070200000000 
0.00650 177.150600000000 
0.00700 161.643600000000 
0.00750 149.209000000000 
0.00800 136.774400000000 
0.00850 126.761000000000 
0.00900 117.413200000000 
0.00950 108.499400000000 
0.01000 101.336600000000 
0.01050 94.173800000000 
0.01100 87.901800000000 
0.01150 82.322400000000 
0.01200 76.743200000000 
0.01250 72.195600000000 
0.01300 67.787400000000 
0.01350 63.518200000000 
0.01400 59.991800000000 
0.01450 56.465200000000 
0.01500 53.205800000000 
0.01550 50.353600000000 
0.01600 47.501200000000 
0.01650 44.962400000000 
0.01700 42.632800000000 
0.01750 40.303000000000 
0.01800 38.290000000000 
0.01850 36.370400000000 
0.01900 34.451000000000 
0.01950 32.829200000000 
0.02000 31.235200000000 
0.02050 29.649200000000 
0.02100 28.316200000000 
0.02150 26.983200000000 
0.02200 25.675600000000 
0.02250 24.553800000000 
0.02300 23.432000000000 
0.02350 22.342600000000 
0.02400 21.393000000000 
0.02450 20.443200000000 
0.02500 19.526840000000 
0.02550 18.718740000000 
0.02600 17.910660000000 
0.02650 17.133080000000 
0.02700 16.442160000000 
0.02750 15.751220000000 
0.02800 15.086380000000 
0.02850 14.493060000000 
0.02900 13.899740000000 
0.02950 13.327340000000 
0.03000 12.815800000000 
0.03050 12.304260000000 
0.03100 11.808360000000 
0.03150 11.365740000000 
0.03200 10.923120000000 
0.03250 10.491060000000 
0.03300 10.106800000000 
0.03350 9.722520000000 
0.03400 9.344180000000 
0.03450 9.009520000000 
0.03500 8.674880000000 
0.03550 8.342020000000 
0.03600 8.049780000000 
0.03650 7.757540000000 
0.03700 7.465280000000 
0.03750 7.207580000000 
0.03800 6.951700000000 
0.03850 6.695820000000 
0.03900 6.466280000000 
0.03950 6.241720000000 
0.04000 6.017140000000 
0.04050 5.812000000000 
0.04100 5.614480000000 
0.04150 5.416940000000 
0.04200 5.233040000000 
0.04250 5.058920000000 
0.04300 4.884820000000 
0.04350 4.719440000000 
0.04400 4.565700000000 
0.04450 4.411940000000 
0.04500 4.262840000000 
0.04550 4.126840000000 
0.04600 3.990820000000 
0.04650 3.856060000000 
0.04700 3.735540000000 
0.04750 3.615020000000 
0.04800 3.494500000000 
0.04850 3.385960000000 
0.04900 3.279020000000 
0.04950 3.172060000000 
0.05000 3.073100000000 
0.05050 2.978040000000 
0.05100 2.883000000000 
0.05150 2.792600000000 
0.05200 2.708000000000 
0.05250 2.623400000000 
0.05300 2.540700000000 
0.05350 2.465320000000 
0.05400 2.389940000000 
0.05450 2.314560000000 
0.05500 2.246860000000 
0.05550 2.179620000000 
0.05600 2.112360000000 
0.05650 2.049960000000 
0.05700 1.989888000000 
0.05750 1.929818000000 
0.05800 1.872210000000 
0.05850 1.818496000000 
0.05900 1.764784000000 
0.05950 1.711548000000 
0.06000 1.663466000000 
0.06050 1.615386000000 
0.06100 1.567306000000 
0.06150 1.523054000000 
0.06200 1.479970000000 
0.06250 1.436886000000 
0.06300 1.395724000000 
0.06350 1.357082000000 
0.06400 1.318440000000 
0.06450 1.280130000000 
0.06500 1.245438000000 
0.06550 1.210744000000 
0.06600 1.176050000000 
0.06650 1.143890000000 
0.06700 1.112714000000 
0.06750 1.081538000000 
0.06800 1.051428000000 
0.06850 1.023388000000 
0.06900 0.995346000000 
0.06950 0.967306000000 
0.07000 0.941908000000 
0.07050 0.916664000000 
0.07100 0.891420000000 
0.07150 0.867514000000 
0.07200 0.844770000000 
0.07250 0.822026000000 
0.07300 0.799530000000 
0.07350 0.779020000000 
0.07400 0.758510000000 
0.07450 0.738000000000 
0.07500 0.718830000000 
0.07550 0.700318000000 
0.07600 0.681808000000 
0.07650 0.663682000000 
0.07700 0.646962000000 
0.07750 0.630242000000 
0.07800 0.613522000000 
0.07850 0.597998000000 
0.07900 0.582884000000 
0.07950 0.567768000000 
0.08000 0.553032000000 
0.08050 0.539356000000 
0.08100 0.525682000000 
0.08150 0.512008000000 
0.08200 0.499320000000 
0.08250 0.486938000000 
0.08300 0.474554000000 
0.08350 0.462466000000 
0.08400 0.451246000000 
0.08450 0.440024000000 
0.08500 0.428804000000 
0.08550 0.418344000000 
0.08600 0.408168000000 
0.08650 0.397992000000 
0.08700 0.387994000000 
0.08750 0.378760000000 
0.08800 0.369528000000 
0.08850 0.360294000000 
0.08900 0.351600000000 
0.08950 0.343212000000 
0.09000 0.334822000000 
0.09050 0.326492000000 
0.09100 0.318868000000 
0.09150 0.311244000000 
0.09200 0.303620000000 
0.09250 0.296340000000 
0.09300 0.289404000000 
0.09350 0.282470000000 
0.09400 0.275536000000 
0.09450 0.269166000000 
0.09500 0.262856000000 
0.09550 0.256544000000 
0.09600 0.250406000000 
0.09650 0.244654000000 
0.09700 0.238904000000 
0.09750 0.233152000000 
0.09800 0.227758000000 
0.09850 0.222516000000 
0.09900 0.217274000000 
0.09950 0.212068000000 
0.10000 0.207288000000 
0.10050 0.202506000000 
0.10100 0.197724800000 
0.10150 0.193127800000 
0.10200 0.188763400000 
0.10250 0.184399200000 
0.10300 0.180034800000 
0.10350 0.175972200000 
0.10400 0.171985800000 
0.10450 0.167999400000 
0.10500 0.164062800000 
0.10550 0.160419200000 
0.10600 0.156775400000 
0.10650 0.153131800000 
0.10700 0.149638400000 
0.10750 0.146306200000 
0.10800 0.142974000000 
0.10850 0.139641800000 
0.10900 0.136538600000 
0.10950 0.133489400000 
0.11000 0.130440000000 
0.11050 0.127423600000 
0.11100 0.124630800000 
0.11150 0.121837800000 
0.11200 0.119045000000 
0.11250 0.116355200000 
0.11300 0.113797400000 
0.11350 0.111239800000 
0.11400 0.108682000000 
0.11450 0.106281400000 
0.11500 0.103936200000 
0.11550 0.101591000000 
0.11600 0.099252000000 
0.11650 0.097101400000 
0.11700 0.094950800000 
0.11750 0.092800200000 
0.11800 0.090705400000 
0.11850 0.088731600000 
0.11900 0.086757800000 
0.11950 0.084784000000 
0.12000 0.082906600000 
0.12050 0.081095800000 
0.12100 0.079285000000 
0.12150 0.077474200000 
0.12200 0.075790000000 
0.12250 0.074126600000 
0.12300 0.072463200000 
0.12350 0.070815800000 
0.12400 0.069287200000 
0.12450 0.067758800000 
0.12500 0.066230200000 
0.12550 0.064747600000 
0.12600 0.063343200000 
0.12650 0.061938800000 
0.12700 0.060534400000 
0.12750 0.059199800000 
0.12800 0.057909200000 
0.12850 0.056618600000 
0.12900 0.055328000000 
0.12950 0.054125200000 
0.13000 0.052938200000 
0.13050 0.051751000000 
0.13100 0.050571400000 
0.13150 0.049480000000 
0.13200 0.048388600000 
0.13250 0.047297200000 
0.13300 0.046231600000 
0.13350 0.045227400000 
0.13400 0.044223200000 
0.13450 0.043219000000 
0.13500 0.042255400000 
0.13550 0.041331400000 
0.13600 0.040407400000 
0.13650 0.039483400000 
0.13700 0.038612000000 
0.13750 0.037762200000 
0.13800 0.036912400000 
0.13850 0.036062600000 
0.13900 0.035273800000 
0.13950 0.034491800000 
0.14000 0.033709800000 
0.14050 0.032933000000 
0.14100 0.032214000000 
0.14150 0.031494800000 
0.14200 0.030775600000 
0.14250 0.030071400000 
0.14300 0.029409800000 
0.14350 0.028748000000 
0.14400 0.028086200000 
0.14450 0.027447000000 
0.14500 0.026838200000 
0.14550 0.026229200000 
0.14600 0.025620400000 
0.14650 0.025040000000 
0.14700 0.024479800000 
0.14750 0.023919800000 
0.14800 0.023359600000 
0.14850 0.022832600000 
0.14900 0.022318000000 
0.14950 0.021803400000 
0.15000 0.021288800000 
0.15050 0.020809800000 
0.15100 0.020336600000 
0.15150 0.019863440000 
0.15200 0.019390280000 
0.15250 0.018954720000 
0.15300 0.018519880000 
0.15350 0.018085020000 
0.15400 0.017653460000 
0.15450 0.017254380000 
0.15500 0.016855280000 
0.15550 0.016456180000 
0.15600 0.016063340000 
0.15650 0.015696840000 
0.15700 0.015330360000 
0.15750 0.014963880000 
0.15800 0.014605640000 
0.15850 0.014268900000 
0.15900 0.013932140000 
0.15950 0.013595380000 
0.16000 0.013268540000 
0.16050 0.012959980000 
0.16100 0.012651440000 
0.16150 0.012342900000 
0.16200 0.012044920000 
0.16250 0.011762060000 
0.16300 0.011479200000 
0.16350 0.011196340000 
0.16400 0.010924320000 
0.16450 0.010665180000 
0.16500 0.010406040000 
0.16550 0.010146900000 
0.16600 0.009898640000 
0.16650 0.009661720000 
0.16700 0.009424780000 
0.16750 0.009187860000 
0.16800 0.008961040000 
0.16850 0.008743980000 
0.16900 0.008526940000 
0.16950 0.008309880000 
0.17000 0.008102520000 
0.17050 0.007904400000 
0.17100 0.007706300000 
0.17150 0.007508180000 
0.17200 0.007318520000 
0.17250 0.007137300000 
0.17300 0.006956080000 
0.17350 0.006774860000 
0.17400 0.006601160000 
0.17450 0.006435800000 
0.17500 0.006270420000 
0.17550 0.006105060000 
0.17600 0.005946140000 
0.17650 0.005795640000 
0.17700 0.005645120000 
0.17750 0.005494620000 
0.17800 0.005349200000 
0.17850 0.005212120000 
0.17900 0.005075040000 
0.17950 0.004937960000 
0.18000 0.004804600000 
0.18050 0.004679660000 
0.18100 0.004554700000 
0.18150 0.004429740000 
0.18200 0.004307320000 
0.18250 0.004193740000 
0.18300 0.004080180000 
0.18350 0.003966600000 
0.18400 0.003854360000 
0.18450 0.003751440000 
0.18500 0.003648520000 
0.18550 0.003545600000 
0.18600 0.003442840000 
0.18650 0.003349300000 
0.18700 0.003255760000 
0.18750 0.003162240000 
0.18800 0.003068700000 
0.18850 0.002983180000 
0.18900 0.002898640000 
0.18950 0.002814080000 
0.19000 0.002729540000 
0.19050 0.002650960000 
0.19100 0.002574300000 
0.19150 0.002497620000 
0.19200 0.002420940000 
0.19250 0.002348820000 
0.19300 0.002279540000 
0.19350 0.002210240000 
0.19400 0.002140960000 
0.19450 0.002074800000 
0.19500 0.002012280000 
0.19550 0.001949760000 
0.19600 0.001887234000 
0.19650 0.001826590000 
0.19700 0.001770244000 
0.19750 0.001713898000 
0.19800 0.001657550000 
0.19850 0.001602006000 
0.19900 0.001551302000 
0.19950 0.001500598000 
0.20000 0.001449894000 
0.20050 0.001399190000 
0.20100 0.001353396000 
0.20150 0.001307714000 
0.20200 0.001262032000 
0.20250 0.001216350000 
0.20300 0.001174604000 
0.20350 0.001133756000 
0.20400 0.001092906000 
0.20450 0.001052058000 
0.20500 0.001013938000 
0.20550 0.000977260000 
0.20600 0.000940580000 
0.20650 0.000903902000 
0.20700 0.000869242000 
0.20750 0.000836584000 
0.20800 0.000803926000 
0.20850 0.000771268000 
0.20900 0.000739860000 
0.20950 0.000710658000 
0.21000 0.000681458000 
0.21050 0.000652256000 
0.21100 0.000623806000 
0.21150 0.000597768000 
0.21200 0.000571730000 
0.21250 0.000545694000 
0.21300 0.000520064000 
0.21350 0.000497090000 
0.21400 0.000474116000 
0.21450 0.000451142000 
0.21500 0.000428314000 
0.21550 0.000407972000 
0.21600 0.000387632000 
0.21650 0.000367290000 
0.21700 0.000346974000 
0.21750 0.000329194000 
0.21800 0.000311412000 
0.21850 0.000293632000 
0.21900 0.000275858000 
0.21950 0.000260288000 
0.22000 0.000244720000 
0.22050 0.000229150000 
0.22100 0.000213666000 
0.22150 0.000200152000 
0.22200 0.000186637200 
0.22250 0.000173122600 
0.22300 0.000159878000 
0.22350 0.000148384400 
0.22400 0.000136890800 
0.22450 0.000125397200 
0.22500 0.000114420200 
0.22550 0.000104720000 
0.22600 0.000095019800 
0.22650 0.000085319400 
0.22700 0.000076522400 
0.22750 0.000068578800 
0.22800 0.000060635400 
0.22850 0.000052691800 
0.22900 0.000046144400 
0.22950 0.000039900200 
0.23000 0.000033655800 
0.23050 0.000027780400 
0.23100 0.000023201000 
0.23150 0.000018621560 
0.23200 0.000014042100 
0.23250 0.000010725860 
0.23300 0.000007887140 
0.23350 0.000005048400 
