0.00000 809.152000000000 
0.00050 726.792000000000 
0.00100 644.432000000000 
0.00150 562.074000000000 
0.00200 479.714000000000 
0.00250 421.194000000000 
0.00300 369.786000000000 
0.00350 327.364000000000 
0.00400 293.250000000000 
0.00450 261.112000000000 
0.00500 237.466000000000 
0.00550 213.818000000000 
0.00600 195.430000000000 
0.00650 178.479800000000 
0.00700 162.937400000000 
0.00750 150.455400000000 
0.00800 137.973600000000 
0.00850 127.910200000000 
0.00900 118.511600000000 
0.00950 109.547200000000 
0.01000 102.335800000000 
0.01050 95.124200000000 
0.01100 88.806200000000 
0.01150 83.182600000000 
0.01200 77.559200000000 
0.01250 72.972000000000 
0.01300 68.524800000000 
0.01350 64.217400000000 
0.01400 60.657200000000 
0.01450 57.096800000000 
0.01500 53.805400000000 
0.01550 50.924000000000 
0.01600 48.042600000000 
0.01650 45.477000000000 
0.01700 43.122400000000 
0.01750 40.767800000000 
0.01800 38.732400000000 
0.01850 36.791600000000 
0.01900 34.850800000000 
0.01950 33.210600000000 
0.02000 31.598400000000 
0.02050 29.994000000000 
0.02100 28.645600000000 
0.02150 27.297000000000 
0.02200 25.974200000000 
0.02250 24.839000000000 
0.02300 23.703800000000 
0.02350 22.601600000000 
0.02400 21.640400000000 
0.02450 20.679400000000 
0.02500 19.751980000000 
0.02550 18.934140000000 
0.02600 18.116280000000 
0.02650 17.329300000000 
0.02700 16.630000000000 
0.02750 15.930700000000 
0.02800 15.257780000000 
0.02850 14.657260000000 
0.02900 14.056740000000 
0.02950 13.477380000000 
0.03000 12.959640000000 
0.03050 12.441900000000 
0.03100 11.939980000000 
0.03150 11.492020000000 
0.03200 11.044040000000 
0.03250 10.606780000000 
0.03300 10.217880000000 
0.03350 9.828960000000 
0.03400 9.446080000000 
0.03450 9.107420000000 
0.03500 8.768780000000 
0.03550 8.431940000000 
0.03600 8.136240000000 
0.03650 7.840520000000 
0.03700 7.544800000000 
0.03750 7.284060000000 
0.03800 7.025160000000 
0.03850 6.766280000000 
0.03900 6.534060000000 
0.03950 6.306860000000 
0.04000 6.079680000000 
0.04050 5.872160000000 
0.04100 5.672360000000 
0.04150 5.472540000000 
0.04200 5.286520000000 
0.04250 5.110420000000 
0.04300 4.934320000000 
0.04350 4.767060000000 
0.04400 4.611580000000 
0.04450 4.456100000000 
0.04500 4.305320000000 
0.04550 4.167800000000 
0.04600 4.030260000000 
0.04650 3.893980000000 
0.04700 3.772140000000 
0.04750 3.650300000000 
0.04800 3.528460000000 
0.04850 3.418720000000 
0.04900 3.310600000000 
0.04950 3.202480000000 
0.05000 3.102460000000 
0.05050 3.006380000000 
0.05100 2.910300000000 
0.05150 2.818940000000 
0.05200 2.733440000000 
0.05250 2.647960000000 
0.05300 2.564360000000 
0.05350 2.488200000000 
0.05400 2.412020000000 
0.05450 2.335860000000 
0.05500 2.267460000000 
0.05550 2.199520000000 
0.05600 2.131580000000 
0.05650 2.068520000000 
0.05700 2.007840000000 
0.05750 1.947156000000 
0.05800 1.888962000000 
0.05850 1.834708000000 
0.05900 1.780454000000 
0.05950 1.726682000000 
0.06000 1.678122000000 
0.06050 1.629564000000 
0.06100 1.581004000000 
0.06150 1.536318000000 
0.06200 1.492810000000 
0.06250 1.449302000000 
0.06300 1.407740000000 
0.06350 1.368724000000 
0.06400 1.329706000000 
0.06450 1.291026000000 
0.06500 1.256002000000 
0.06550 1.220976000000 
0.06600 1.185950000000 
0.06650 1.153484000000 
0.06700 1.122014000000 
0.06750 1.090544000000 
0.06800 1.060152000000 
0.06850 1.031850000000 
0.06900 1.003548000000 
0.06950 0.975246000000 
0.07000 0.949614000000 
0.07050 0.924138000000 
0.07100 0.898662000000 
0.07150 0.874538000000 
0.07200 0.851588000000 
0.07250 0.828638000000 
0.07300 0.805936000000 
0.07350 0.785242000000 
0.07400 0.764548000000 
0.07450 0.743854000000 
0.07500 0.724514000000 
0.07550 0.705838000000 
0.07600 0.687164000000 
0.07650 0.668878000000 
0.07700 0.652012000000 
0.07750 0.635146000000 
0.07800 0.618278000000 
0.07850 0.602622000000 
0.07900 0.587376000000 
0.07950 0.572130000000 
0.08000 0.557266000000 
0.08050 0.543474000000 
0.08100 0.529684000000 
0.08150 0.515892000000 
0.08200 0.503098000000 
0.08250 0.490610000000 
0.08300 0.478124000000 
0.08350 0.465932000000 
0.08400 0.454618000000 
0.08450 0.443306000000 
0.08500 0.431992000000 
0.08550 0.421444000000 
0.08600 0.411184000000 
0.08650 0.400924000000 
0.08700 0.390844000000 
0.08750 0.381536000000 
0.08800 0.372228000000 
0.08850 0.362918000000 
0.08900 0.354154000000 
0.08950 0.345698000000 
0.09000 0.337242000000 
0.09050 0.328844000000 
0.09100 0.321160000000 
0.09150 0.313476000000 
0.09200 0.305790000000 
0.09250 0.298452000000 
0.09300 0.291462000000 
0.09350 0.284474000000 
0.09400 0.277484000000 
0.09450 0.271066000000 
0.09500 0.264706000000 
0.09550 0.258344000000 
0.09600 0.252158000000 
0.09650 0.246364000000 
0.09700 0.240568000000 
0.09750 0.234774000000 
0.09800 0.229336000000 
0.09850 0.224056000000 
0.09900 0.218774000000 
0.09950 0.213528000000 
0.10000 0.208710000000 
0.10050 0.203892000000 
0.10100 0.199075800000 
0.10150 0.194444200000 
0.10200 0.190047400000 
0.10250 0.185650400000 
0.10300 0.181253400000 
0.10350 0.177160800000 
0.10400 0.173144800000 
0.10450 0.169129000000 
0.10500 0.165163200000 
0.10550 0.161493000000 
0.10600 0.157822600000 
0.10650 0.154152400000 
0.10700 0.150633600000 
0.10750 0.147277000000 
0.10800 0.143920600000 
0.10850 0.140564200000 
0.10900 0.137438800000 
0.10950 0.134367600000 
0.11000 0.131296400000 
0.11050 0.128258400000 
0.11100 0.125445600000 
0.11150 0.122632800000 
0.11200 0.119820200000 
0.11250 0.117111200000 
0.11300 0.114535400000 
0.11350 0.111959800000 
0.11400 0.109384000000 
0.11450 0.106966400000 
0.11500 0.104605000000 
0.11550 0.102243400000 
0.11600 0.099888000000 
0.11650 0.097722600000 
0.11700 0.095557000000 
0.11750 0.093391600000 
0.11800 0.091282400000 
0.11850 0.089295000000 
0.11900 0.087307600000 
0.11950 0.085320400000 
0.12000 0.083430000000 
0.12050 0.081607000000 
0.12100 0.079783800000 
0.12150 0.077960600000 
0.12200 0.076265000000 
0.12250 0.074590400000 
0.12300 0.072915800000 
0.12350 0.071257400000 
0.12400 0.069718600000 
0.12450 0.068179800000 
0.12500 0.066641000000 
0.12550 0.065148600000 
0.12600 0.063734800000 
0.12650 0.062321200000 
0.12700 0.060907400000 
0.12750 0.059564000000 
0.12800 0.058265000000 
0.12850 0.056965800000 
0.12900 0.055666600000 
0.12950 0.054456000000 
0.13000 0.053261200000 
0.13050 0.052066400000 
0.13100 0.050879000000 
0.13150 0.049780400000 
0.13200 0.048682000000 
0.13250 0.047583600000 
0.13300 0.046511000000 
0.13350 0.045500400000 
0.13400 0.044489800000 
0.13450 0.043479200000 
0.13500 0.042509400000 
0.13550 0.041579400000 
0.13600 0.040649400000 
0.13650 0.039719600000 
0.13700 0.038842600000 
0.13750 0.037987400000 
0.13800 0.037132200000 
0.13850 0.036277000000 
0.13900 0.035483400000 
0.13950 0.034696400000 
0.14000 0.033909400000 
0.14050 0.033127800000 
0.14100 0.032404200000 
0.14150 0.031680600000 
0.14200 0.030957000000 
0.14250 0.030248400000 
0.14300 0.029582600000 
0.14350 0.028916600000 
0.14400 0.028250800000 
0.14450 0.027607600000 
0.14500 0.026995000000 
0.14550 0.026382400000 
0.14600 0.025769800000 
0.14650 0.025185800000 
0.14700 0.024622200000 
0.14750 0.024058600000 
0.14800 0.023495200000 
0.14850 0.022964800000 
0.14900 0.022447200000 
0.14950 0.021929400000 
0.15000 0.021411600000 
0.15050 0.020929800000 
0.15100 0.020453800000 
0.15150 0.019977700000 
0.15200 0.019501680000 
0.15250 0.019063520000 
0.15300 0.018626040000 
0.15350 0.018188560000 
0.15400 0.017754420000 
0.15450 0.017352940000 
0.15500 0.016951460000 
0.15550 0.016549980000 
0.15600 0.016154780000 
0.15650 0.015786120000 
0.15700 0.015417460000 
0.15750 0.015048800000 
0.15800 0.014688440000 
0.15850 0.014349700000 
0.15900 0.014010960000 
0.15950 0.013672220000 
0.16000 0.013343440000 
0.16050 0.013033080000 
0.16100 0.012722720000 
0.16150 0.012412380000 
0.16200 0.012112640000 
0.16250 0.011828120000 
0.16300 0.011543620000 
0.16350 0.011259100000 
0.16400 0.010985500000 
0.16450 0.010724860000 
0.16500 0.010464200000 
0.16550 0.010203560000 
0.16600 0.009953860000 
0.16650 0.009715560000 
0.16700 0.009477280000 
0.16750 0.009238980000 
0.16800 0.009010840000 
0.16850 0.008792540000 
0.16900 0.008574240000 
0.16950 0.008355940000 
0.17000 0.008147380000 
0.17050 0.007948140000 
0.17100 0.007748900000 
0.17150 0.007549660000 
0.17200 0.007358900000 
0.17250 0.007176660000 
0.17300 0.006994400000 
0.17350 0.006812160000 
0.17400 0.006637460000 
0.17450 0.006471160000 
0.17500 0.006304860000 
0.17550 0.006138560000 
0.17600 0.005978720000 
0.17650 0.005827380000 
0.17700 0.005676020000 
0.17750 0.005524680000 
0.17800 0.005378420000 
0.17850 0.005240560000 
0.17900 0.005102720000 
0.17950 0.004964880000 
0.18000 0.004830780000 
0.18050 0.004705120000 
0.18100 0.004579460000 
0.18150 0.004453800000 
0.18200 0.004330720000 
0.18250 0.004216500000 
0.18300 0.004102300000 
0.18350 0.003988080000 
0.18400 0.003875220000 
0.18450 0.003771740000 
0.18500 0.003668240000 
0.18550 0.003564760000 
0.18600 0.003461420000 
0.18650 0.003367360000 
0.18700 0.003273320000 
0.18750 0.003179260000 
0.18800 0.003085220000 
0.18850 0.002999220000 
0.18900 0.002914220000 
0.18950 0.002829200000 
0.19000 0.002744200000 
0.19050 0.002665180000 
0.19100 0.002588100000 
0.19150 0.002511000000 
0.19200 0.002433920000 
0.19250 0.002361380000 
0.19300 0.002291720000 
0.19350 0.002222060000 
0.19400 0.002152400000 
0.19450 0.002085880000 
0.19500 0.002023020000 
0.19550 0.001960152000 
0.19600 0.001897288000 
0.19650 0.001836316000 
0.19700 0.001779664000 
0.19750 0.001723012000 
0.19800 0.001666360000 
0.19850 0.001610514000 
0.19900 0.001559536000 
0.19950 0.001508558000 
0.20000 0.001457580000 
0.20050 0.001406604000 
0.20100 0.001360562000 
0.20150 0.001314636000 
0.20200 0.001268708000 
0.20250 0.001222780000 
0.20300 0.001180810000 
0.20350 0.001139742000 
0.20400 0.001098674000 
0.20450 0.001057606000 
0.20500 0.001019284000 
0.20550 0.000982408000 
0.20600 0.000945534000 
0.20650 0.000908658000 
0.20700 0.000873814000 
0.20750 0.000840982000 
0.20800 0.000808150000 
0.20850 0.000775318000 
0.20900 0.000743744000 
0.20950 0.000714386000 
0.21000 0.000685030000 
0.21050 0.000655674000 
0.21100 0.000627072000 
0.21150 0.000600898000 
0.21200 0.000574722000 
0.21250 0.000548548000 
0.21300 0.000522782000 
0.21350 0.000499686000 
0.21400 0.000476592000 
0.21450 0.000453496000 
0.21500 0.000430548000 
0.21550 0.000410100000 
0.21600 0.000389652000 
0.21650 0.000369204000 
0.21700 0.000348780000 
0.21750 0.000330906000 
0.21800 0.000313032000 
0.21850 0.000295158000 
0.21900 0.000277290000 
0.21950 0.000261640000 
0.22000 0.000245990000 
0.22050 0.000230340000 
0.22100 0.000214774000 
0.22150 0.000201190000 
0.22200 0.000187604200 
0.22250 0.000174019200 
0.22300 0.000160705600 
0.22350 0.000149152200 
0.22400 0.000137598800 
0.22450 0.000126045400 
0.22500 0.000115011400 
0.22550 0.000105260800 
0.22600 0.000095510200 
0.22650 0.000085759600 
0.22700 0.000076917000 
0.22750 0.000068932400 
0.22800 0.000060947800 
0.22850 0.000052963200 
0.22900 0.000046382000 
0.22950 0.000040105600 
0.23000 0.000033829000 
0.23050 0.000027923200 
0.23100 0.000023320200 
0.23150 0.000018717220 
0.23200 0.000014114200 
0.23250 0.000010780900 
0.23300 0.000007927600 
0.23350 0.000005074300 
