0.00000 817.052000000000 
0.00050 734.198000000000 
0.00100 651.342000000000 
0.00150 568.486000000000 
0.00200 485.630000000000 
0.00250 426.658000000000 
0.00300 374.812000000000 
0.00350 331.988000000000 
0.00400 297.510000000000 
0.00450 265.022000000000 
0.00500 241.082000000000 
0.00550 217.142000000000 
0.00600 198.507800000000 
0.00650 181.324800000000 
0.00700 165.564800000000 
0.00750 152.898800000000 
0.00800 140.232800000000 
0.00850 130.015200000000 
0.00900 120.470600000000 
0.00950 111.366400000000 
0.01000 104.038800000000 
0.01050 96.711000000000 
0.01100 90.290000000000 
0.01150 84.573600000000 
0.01200 78.857200000000 
0.01250 74.193000000000 
0.01300 69.671200000000 
0.01350 65.291400000000 
0.01400 61.670600000000 
0.01450 58.049800000000 
0.01500 54.702200000000 
0.01550 51.771600000000 
0.01600 48.840800000000 
0.01650 46.231400000000 
0.01700 43.836400000000 
0.01750 41.441400000000 
0.01800 39.371200000000 
0.01850 37.397200000000 
0.01900 35.423000000000 
0.01950 33.754800000000 
0.02000 32.115000000000 
0.02050 30.483400000000 
0.02100 29.111800000000 
0.02150 27.740200000000 
0.02200 26.395000000000 
0.02250 25.240600000000 
0.02300 24.086200000000 
0.02350 22.965200000000 
0.02400 21.988000000000 
0.02450 21.010800000000 
0.02500 20.067800000000 
0.02550 19.236320000000 
0.02600 18.404800000000 
0.02650 17.604700000000 
0.02700 16.893800000000 
0.02750 16.182900000000 
0.02800 15.498860000000 
0.02850 14.888460000000 
0.02900 14.278060000000 
0.02950 13.689180000000 
0.03000 13.162980000000 
0.03050 12.636800000000 
0.03100 12.126700000000 
0.03150 11.671460000000 
0.03200 11.216240000000 
0.03250 10.771900000000 
0.03300 10.376740000000 
0.03350 9.981580000000 
0.03400 9.592540000000 
0.03450 9.248480000000 
0.03500 8.904440000000 
0.03550 8.562220000000 
0.03600 8.261820000000 
0.03650 7.961420000000 
0.03700 7.661020000000 
0.03750 7.396160000000 
0.03800 7.133200000000 
0.03850 6.870220000000 
0.03900 6.634380000000 
0.03950 6.403640000000 
0.04000 6.172880000000 
0.04050 5.962140000000 
0.04100 5.759220000000 
0.04150 5.556300000000 
0.04200 5.367380000000 
0.04250 5.188560000000 
0.04300 5.009740000000 
0.04350 4.839900000000 
0.04400 4.682020000000 
0.04450 4.524160000000 
0.04500 4.371060000000 
0.04550 4.231420000000 
0.04600 4.091780000000 
0.04650 3.953420000000 
0.04700 3.829700000000 
0.04750 3.706000000000 
0.04800 3.582300000000 
0.04850 3.470900000000 
0.04900 3.361140000000 
0.04950 3.251380000000 
0.05000 3.149820000000 
0.05050 3.052280000000 
0.05100 2.954760000000 
0.05150 2.862000000000 
0.05200 2.775220000000 
0.05250 2.688440000000 
0.05300 2.603580000000 
0.05350 2.526260000000 
0.05400 2.448940000000 
0.05450 2.371620000000 
0.05500 2.302200000000 
0.05550 2.233220000000 
0.05600 2.164260000000 
0.05650 2.100260000000 
0.05700 2.038660000000 
0.05750 1.977060000000 
0.05800 1.917990000000 
0.05850 1.862920000000 
0.05900 1.807850000000 
0.05950 1.753268000000 
0.06000 1.703978000000 
0.06050 1.654690000000 
0.06100 1.605400000000 
0.06150 1.560040000000 
0.06200 1.515878000000 
0.06250 1.471716000000 
0.06300 1.429530000000 
0.06350 1.389926000000 
0.06400 1.350322000000 
0.06450 1.311060000000 
0.06500 1.275508000000 
0.06550 1.239956000000 
0.06600 1.204402000000 
0.06650 1.171448000000 
0.06700 1.139504000000 
0.06750 1.107560000000 
0.06800 1.076710000000 
0.06850 1.047980000000 
0.06900 1.019250000000 
0.06950 0.990520000000 
0.07000 0.964504000000 
0.07050 0.938642000000 
0.07100 0.912780000000 
0.07150 0.888292000000 
0.07200 0.864994000000 
0.07250 0.841696000000 
0.07300 0.818650000000 
0.07350 0.797644000000 
0.07400 0.776636000000 
0.07450 0.755628000000 
0.07500 0.735992000000 
0.07550 0.717034000000 
0.07600 0.698076000000 
0.07650 0.679512000000 
0.07700 0.662388000000 
0.07750 0.645264000000 
0.07800 0.628142000000 
0.07850 0.612244000000 
0.07900 0.596766000000 
0.07950 0.581288000000 
0.08000 0.566196000000 
0.08050 0.552194000000 
0.08100 0.538190000000 
0.08150 0.524188000000 
0.08200 0.511196000000 
0.08250 0.498518000000 
0.08300 0.485838000000 
0.08350 0.473460000000 
0.08400 0.461972000000 
0.08450 0.450484000000 
0.08500 0.438996000000 
0.08550 0.428286000000 
0.08600 0.417866000000 
0.08650 0.407448000000 
0.08700 0.397212000000 
0.08750 0.387758000000 
0.08800 0.378306000000 
0.08850 0.368852000000 
0.08900 0.359950000000 
0.08950 0.351364000000 
0.09000 0.342776000000 
0.09050 0.334246000000 
0.09100 0.326442000000 
0.09150 0.318636000000 
0.09200 0.310832000000 
0.09250 0.303378000000 
0.09300 0.296280000000 
0.09350 0.289180000000 
0.09400 0.282082000000 
0.09450 0.275562000000 
0.09500 0.269100000000 
0.09550 0.262640000000 
0.09600 0.256356000000 
0.09650 0.250468000000 
0.09700 0.244582000000 
0.09750 0.238696000000 
0.09800 0.233172000000 
0.09850 0.227806000000 
0.09900 0.222442000000 
0.09950 0.217112000000 
0.10000 0.212218000000 
0.10050 0.207324000000 
0.10100 0.202430000000 
0.10150 0.197723800000 
0.10200 0.193256400000 
0.10250 0.188788800000 
0.10300 0.184321400000 
0.10350 0.180163000000 
0.10400 0.176082200000 
0.10450 0.172001600000 
0.10500 0.167972000000 
0.10550 0.164242400000 
0.10600 0.160512600000 
0.10650 0.156783000000 
0.10700 0.153207200000 
0.10750 0.149796200000 
0.10800 0.146385200000 
0.10850 0.142974200000 
0.10900 0.139797800000 
0.10950 0.136676400000 
0.11000 0.133555200000 
0.11050 0.130467400000 
0.11100 0.127608600000 
0.11150 0.124749800000 
0.11200 0.121890800000 
0.11250 0.119137400000 
0.11300 0.116519200000 
0.11350 0.113901000000 
0.11400 0.111283000000 
0.11450 0.108825400000 
0.11500 0.106424800000 
0.11550 0.104024200000 
0.11600 0.101629800000 
0.11650 0.099428400000 
0.11700 0.097227000000 
0.11750 0.095025600000 
0.11800 0.092881200000 
0.11850 0.090860600000 
0.11900 0.088840000000 
0.11950 0.086819600000 
0.12000 0.084897600000 
0.12050 0.083044000000 
0.12100 0.081190200000 
0.12150 0.079336400000 
0.12200 0.077612400000 
0.12250 0.075909600000 
0.12300 0.074206800000 
0.12350 0.072520200000 
0.12400 0.070955400000 
0.12450 0.069390600000 
0.12500 0.067825800000 
0.12550 0.066308000000 
0.12600 0.064870200000 
0.12650 0.063432600000 
0.12700 0.061994800000 
0.12750 0.060628400000 
0.12800 0.059307200000 
0.12850 0.057985800000 
0.12900 0.056664400000 
0.12950 0.055433200000 
0.13000 0.054217800000 
0.13050 0.053002400000 
0.13100 0.051794600000 
0.13150 0.050677200000 
0.13200 0.049559800000 
0.13250 0.048442400000 
0.13300 0.047351400000 
0.13350 0.046323400000 
0.13400 0.045295200000 
0.13450 0.044267000000 
0.13500 0.043280400000 
0.13550 0.042334400000 
0.13600 0.041388200000 
0.13650 0.040442000000 
0.13700 0.039549800000 
0.13750 0.038679600000 
0.13800 0.037809600000 
0.13850 0.036939400000 
0.13900 0.036131800000 
0.13950 0.035331000000 
0.14000 0.034530200000 
0.14050 0.033735000000 
0.14100 0.032998600000 
0.14150 0.032262200000 
0.14200 0.031525800000 
0.14250 0.030804800000 
0.14300 0.030127200000 
0.14350 0.029449400000 
0.14400 0.028771800000 
0.14450 0.028117200000 
0.14500 0.027493800000 
0.14550 0.026870200000 
0.14600 0.026246800000 
0.14650 0.025652200000 
0.14700 0.025078800000 
0.14750 0.024505200000 
0.14800 0.023931600000 
0.14850 0.023391800000 
0.14900 0.022864800000 
0.14950 0.022337600000 
0.15000 0.021810600000 
0.15050 0.021320000000 
0.15100 0.020835400000 
0.15150 0.020351000000 
0.15200 0.019866340000 
0.15250 0.019420240000 
0.15300 0.018974860000 
0.15350 0.018529480000 
0.15400 0.018087480000 
0.15450 0.017678720000 
0.15500 0.017269960000 
0.15550 0.016861200000 
0.15600 0.016458820000 
0.15650 0.016083440000 
0.15700 0.015708060000 
0.15750 0.015332680000 
0.15800 0.014965740000 
0.15850 0.014620800000 
0.15900 0.014275860000 
0.15950 0.013930920000 
0.16000 0.013596100000 
0.16050 0.013280060000 
0.16100 0.012964000000 
0.16150 0.012647940000 
0.16200 0.012342700000 
0.16250 0.012052940000 
0.16300 0.011763180000 
0.16350 0.011473420000 
0.16400 0.011194760000 
0.16450 0.010929280000 
0.16500 0.010663820000 
0.16550 0.010398340000 
0.16600 0.010144000000 
0.16650 0.009901280000 
0.16700 0.009658560000 
0.16750 0.009415840000 
0.16800 0.009183460000 
0.16850 0.008961080000 
0.16900 0.008738720000 
0.16950 0.008516340000 
0.17000 0.008303900000 
0.17050 0.008100920000 
0.17100 0.007897940000 
0.17150 0.007694980000 
0.17200 0.007500660000 
0.17250 0.007314980000 
0.17300 0.007129300000 
0.17350 0.006943620000 
0.17400 0.006765640000 
0.17450 0.006596220000 
0.17500 0.006426780000 
0.17550 0.006257340000 
0.17600 0.006094500000 
0.17650 0.005940280000 
0.17700 0.005786060000 
0.17750 0.005631840000 
0.17800 0.005482820000 
0.17850 0.005342360000 
0.17900 0.005201880000 
0.17950 0.005061420000 
0.18000 0.004924780000 
0.18050 0.004796720000 
0.18100 0.004668680000 
0.18150 0.004540640000 
0.18200 0.004415180000 
0.18250 0.004298800000 
0.18300 0.004182400000 
0.18350 0.004066020000 
0.18400 0.003951000000 
0.18450 0.003845520000 
0.18500 0.003740060000 
0.18550 0.003634580000 
0.18600 0.003529260000 
0.18650 0.003433400000 
0.18700 0.003337540000 
0.18750 0.003241680000 
0.18800 0.003145820000 
0.18850 0.003058160000 
0.18900 0.002971520000 
0.18950 0.002884860000 
0.19000 0.002798220000 
0.19050 0.002717680000 
0.19100 0.002639100000 
0.19150 0.002560520000 
0.19200 0.002481920000 
0.19250 0.002408000000 
0.19300 0.002336980000 
0.19350 0.002265960000 
0.19400 0.002194940000 
0.19450 0.002127140000 
0.19500 0.002063060000 
0.19550 0.001998962000 
0.19600 0.001934872000 
0.19650 0.001872712000 
0.19700 0.001814952000 
0.19750 0.001757194000 
0.19800 0.001699436000 
0.19850 0.001642498000 
0.19900 0.001590522000 
0.19950 0.001538546000 
0.20000 0.001486570000 
0.20050 0.001434594000 
0.20100 0.001387650000 
0.20150 0.001340820000 
0.20200 0.001293990000 
0.20250 0.001247160000 
0.20300 0.001204364000 
0.20350 0.001162486000 
0.20400 0.001120610000 
0.20450 0.001078734000 
0.20500 0.001039654000 
0.20550 0.001002050000 
0.20600 0.000964448000 
0.20650 0.000926844000 
0.20700 0.000891310000 
0.20750 0.000857828000 
0.20800 0.000824346000 
0.20850 0.000790862000 
0.20900 0.000758662000 
0.20950 0.000728724000 
0.21000 0.000698784000 
0.21050 0.000668844000 
0.21100 0.000639674000 
0.21150 0.000612978000 
0.21200 0.000586282000 
0.21250 0.000559584000 
0.21300 0.000533306000 
0.21350 0.000509750000 
0.21400 0.000486194000 
0.21450 0.000462638000 
0.21500 0.000439230000 
0.21550 0.000418372000 
0.21600 0.000397516000 
0.21650 0.000376658000 
0.21700 0.000355826000 
0.21750 0.000337594000 
0.21800 0.000319362000 
0.21850 0.000301128000 
0.21900 0.000282902000 
0.21950 0.000266936000 
0.22000 0.000250972000 
0.22050 0.000235006000 
0.22100 0.000219128000 
0.22150 0.000205268000 
0.22200 0.000191409800 
0.22250 0.000177550800 
0.22300 0.000163968600 
0.22350 0.000152181600 
0.22400 0.000140394800 
0.22450 0.000128607800 
0.22500 0.000117350600 
0.22550 0.000107402400 
0.22600 0.000097454200 
0.22650 0.000087506000 
0.22700 0.000078483800 
0.22750 0.000070337000 
0.22800 0.000062190200 
0.22850 0.000054043400 
0.22900 0.000047328400 
0.22950 0.000040924000 
0.23000 0.000034519800 
0.23050 0.000028493800 
0.23100 0.000023796800 
0.23150 0.000019099860 
0.23200 0.000014402900 
0.23250 0.000011001500 
0.23300 0.000008089860 
0.23350 0.000005178200 
