0.00000 824.844000000000 
0.00050 741.486000000000 
0.00100 658.126000000000 
0.00150 574.768000000000 
0.00200 491.408000000000 
0.00250 432.036000000000 
0.00300 379.820000000000 
0.00350 336.664000000000 
0.00400 301.888000000000 
0.00450 269.110000000000 
0.00500 244.924000000000 
0.00550 220.740000000000 
0.00600 201.894000000000 
0.00650 184.508200000000 
0.00700 168.556800000000 
0.00750 155.723600000000 
0.00800 142.890400000000 
0.00850 132.528000000000 
0.00900 122.844800000000 
0.00950 113.606600000000 
0.01000 106.163800000000 
0.01050 98.720800000000 
0.01100 92.195000000000 
0.01150 86.382400000000 
0.01200 80.569800000000 
0.01250 75.823200000000 
0.01300 71.220600000000 
0.01350 66.762000000000 
0.01400 63.073200000000 
0.01450 59.384400000000 
0.01500 55.973200000000 
0.01550 52.984800000000 
0.01600 49.996600000000 
0.01650 47.334800000000 
0.01700 44.891000000000 
0.01750 42.447000000000 
0.01800 40.333600000000 
0.01850 38.317800000000 
0.01900 36.301800000000 
0.01950 34.597200000000 
0.02000 32.921800000000 
0.02050 31.254600000000 
0.02100 29.852200000000 
0.02150 28.450000000000 
0.02200 27.074600000000 
0.02250 25.893600000000 
0.02300 24.712600000000 
0.02350 23.565800000000 
0.02400 22.565600000000 
0.02450 21.565400000000 
0.02500 20.600200000000 
0.02550 19.748700000000 
0.02600 18.897220000000 
0.02650 18.077840000000 
0.02700 17.349560000000 
0.02750 16.621280000000 
0.02800 15.920420000000 
0.02850 15.294820000000 
0.02900 14.669240000000 
0.02950 14.065660000000 
0.03000 13.526160000000 
0.03050 12.986680000000 
0.03100 12.463640000000 
0.03150 11.996720000000 
0.03200 11.529820000000 
0.03250 11.074060000000 
0.03300 10.668620000000 
0.03350 10.263200000000 
0.03400 9.864020000000 
0.03450 9.510900000000 
0.03500 9.157780000000 
0.03550 8.806560000000 
0.03600 8.498160000000 
0.03650 8.189760000000 
0.03700 7.881340000000 
0.03750 7.609360000000 
0.03800 7.339320000000 
0.03850 7.069260000000 
0.03900 6.827000000000 
0.03950 6.589980000000 
0.04000 6.352960000000 
0.04050 6.136440000000 
0.04100 5.927940000000 
0.04150 5.719440000000 
0.04200 5.525320000000 
0.04250 5.341540000000 
0.04300 5.157760000000 
0.04350 4.983200000000 
0.04400 4.820900000000 
0.04450 4.658620000000 
0.04500 4.501220000000 
0.04550 4.357660000000 
0.04600 4.214080000000 
0.04650 4.071820000000 
0.04700 3.944600000000 
0.04750 3.817380000000 
0.04800 3.690160000000 
0.04850 3.575580000000 
0.04900 3.462680000000 
0.04950 3.349760000000 
0.05000 3.245300000000 
0.05050 3.144960000000 
0.05100 3.044620000000 
0.05150 2.949180000000 
0.05200 2.859880000000 
0.05250 2.770580000000 
0.05300 2.683260000000 
0.05350 2.603680000000 
0.05400 2.524100000000 
0.05450 2.444540000000 
0.05500 2.373080000000 
0.05550 2.302080000000 
0.05600 2.231080000000 
0.05650 2.165200000000 
0.05700 2.101780000000 
0.05750 2.038380000000 
0.05800 1.977554000000 
0.05850 1.920848000000 
0.05900 1.864144000000 
0.05950 1.807940000000 
0.06000 1.757180000000 
0.06050 1.706420000000 
0.06100 1.655660000000 
0.06150 1.608942000000 
0.06200 1.563456000000 
0.06250 1.517968000000 
0.06300 1.474512000000 
0.06350 1.433716000000 
0.06400 1.392918000000 
0.06450 1.352472000000 
0.06500 1.315842000000 
0.06550 1.279212000000 
0.06600 1.242582000000 
0.06650 1.208626000000 
0.06700 1.175710000000 
0.06750 1.142794000000 
0.06800 1.111004000000 
0.06850 1.081396000000 
0.06900 1.051788000000 
0.06950 1.022180000000 
0.07000 0.995364000000 
0.07050 0.968708000000 
0.07100 0.942052000000 
0.07150 0.916810000000 
0.07200 0.892794000000 
0.07250 0.868776000000 
0.07300 0.845020000000 
0.07350 0.823362000000 
0.07400 0.801704000000 
0.07450 0.780044000000 
0.07500 0.759800000000 
0.07550 0.740252000000 
0.07600 0.720704000000 
0.07650 0.701562000000 
0.07700 0.683904000000 
0.07750 0.666246000000 
0.07800 0.648588000000 
0.07850 0.632194000000 
0.07900 0.616230000000 
0.07950 0.600266000000 
0.08000 0.584700000000 
0.08050 0.570258000000 
0.08100 0.555814000000 
0.08150 0.541370000000 
0.08200 0.527970000000 
0.08250 0.514890000000 
0.08300 0.501810000000 
0.08350 0.489040000000 
0.08400 0.477188000000 
0.08450 0.465334000000 
0.08500 0.453482000000 
0.08550 0.442432000000 
0.08600 0.431682000000 
0.08650 0.420930000000 
0.08700 0.410368000000 
0.08750 0.400614000000 
0.08800 0.390858000000 
0.08850 0.381104000000 
0.08900 0.371916000000 
0.08950 0.363054000000 
0.09000 0.354192000000 
0.09050 0.345388000000 
0.09100 0.337332000000 
0.09150 0.329276000000 
0.09200 0.321222000000 
0.09250 0.313528000000 
0.09300 0.306200000000 
0.09350 0.298870000000 
0.09400 0.291542000000 
0.09450 0.284812000000 
0.09500 0.278142000000 
0.09550 0.271472000000 
0.09600 0.264984000000 
0.09650 0.258906000000 
0.09700 0.252828000000 
0.09750 0.246750000000 
0.09800 0.241046000000 
0.09850 0.235506000000 
0.09900 0.229966000000 
0.09950 0.224462000000 
0.10000 0.219408000000 
0.10050 0.214354000000 
0.10100 0.209300000000 
0.10150 0.204440000000 
0.10200 0.199825400000 
0.10250 0.195211200000 
0.10300 0.190597000000 
0.10350 0.186301800000 
0.10400 0.182086600000 
0.10450 0.177871600000 
0.10500 0.173709400000 
0.10550 0.169856400000 
0.10600 0.166003600000 
0.10650 0.162150600000 
0.10700 0.158456400000 
0.10750 0.154932400000 
0.10800 0.151408200000 
0.10850 0.147884200000 
0.10900 0.144602400000 
0.10950 0.141377200000 
0.11000 0.138152000000 
0.11050 0.134961800000 
0.11100 0.132007400000 
0.11150 0.129053200000 
0.11200 0.126099000000 
0.11250 0.123253600000 
0.11300 0.120547800000 
0.11350 0.117842000000 
0.11400 0.115136200000 
0.11450 0.112596400000 
0.11500 0.110115200000 
0.11550 0.107634000000 
0.11600 0.105159400000 
0.11650 0.102883800000 
0.11700 0.100608200000 
0.11750 0.098332600000 
0.11800 0.096116000000 
0.11850 0.094027200000 
0.11900 0.091938400000 
0.11950 0.089849600000 
0.12000 0.087862800000 
0.12050 0.085946200000 
0.12100 0.084029800000 
0.12150 0.082113200000 
0.12200 0.080330600000 
0.12250 0.078569800000 
0.12300 0.076809200000 
0.12350 0.075065400000 
0.12400 0.073447200000 
0.12450 0.071829200000 
0.12500 0.070211000000 
0.12550 0.068641400000 
0.12600 0.067154600000 
0.12650 0.065667600000 
0.12700 0.064180800000 
0.12750 0.062767800000 
0.12800 0.061401000000 
0.12850 0.060034400000 
0.12900 0.058667800000 
0.12950 0.057394200000 
0.13000 0.056137000000 
0.13050 0.054880000000 
0.13100 0.053630600000 
0.13150 0.052474600000 
0.13200 0.051318800000 
0.13250 0.050162800000 
0.13300 0.049034200000 
0.13350 0.047970400000 
0.13400 0.046906800000 
0.13450 0.045843000000 
0.13500 0.044822400000 
0.13550 0.043843400000 
0.13600 0.042864400000 
0.13650 0.041885600000 
0.13700 0.040962200000 
0.13750 0.040061800000 
0.13800 0.039161600000 
0.13850 0.038261200000 
0.13900 0.037425400000 
0.13950 0.036596600000 
0.14000 0.035768000000 
0.14050 0.034945000000 
0.14100 0.034182800000 
0.14150 0.033420600000 
0.14200 0.032658600000 
0.14250 0.031912200000 
0.14300 0.031210800000 
0.14350 0.030509400000 
0.14400 0.029808000000 
0.14450 0.029130400000 
0.14500 0.028485000000 
0.14550 0.027839600000 
0.14600 0.027194200000 
0.14650 0.026578800000 
0.14700 0.025985000000 
0.14750 0.025391200000 
0.14800 0.024797400000 
0.14850 0.024238400000 
0.14900 0.023692800000 
0.14950 0.023147000000 
0.15000 0.022601400000 
0.15050 0.022093400000 
0.15100 0.021591800000 
0.15150 0.021090000000 
0.15200 0.020588200000 
0.15250 0.020126200000 
0.15300 0.019665040000 
0.15350 0.019203820000 
0.15400 0.018746120000 
0.15450 0.018322780000 
0.15500 0.017899460000 
0.15550 0.017476120000 
0.15600 0.017059400000 
0.15650 0.016670600000 
0.15700 0.016281820000 
0.15750 0.015893020000 
0.15800 0.015512960000 
0.15850 0.015155660000 
0.15900 0.014798360000 
0.15950 0.014441060000 
0.16000 0.014094260000 
0.16050 0.013766840000 
0.16100 0.013439440000 
0.16150 0.013112040000 
0.16200 0.012795800000 
0.16250 0.012495620000 
0.16300 0.012195420000 
0.16350 0.011895240000 
0.16400 0.011606540000 
0.16450 0.011331480000 
0.16500 0.011056420000 
0.16550 0.010781380000 
0.16600 0.010517840000 
0.16650 0.010266340000 
0.16700 0.010014840000 
0.16750 0.009763340000 
0.16800 0.009522540000 
0.16850 0.009292100000 
0.16900 0.009061660000 
0.16950 0.008831220000 
0.17000 0.008611060000 
0.17050 0.008400700000 
0.17100 0.008190360000 
0.17150 0.007980000000 
0.17200 0.007778600000 
0.17250 0.007586160000 
0.17300 0.007393720000 
0.17350 0.007201280000 
0.17400 0.007016800000 
0.17450 0.006841180000 
0.17500 0.006665560000 
0.17550 0.006489920000 
0.17600 0.006321120000 
0.17650 0.006161260000 
0.17700 0.006001400000 
0.17750 0.005841540000 
0.17800 0.005687060000 
0.17850 0.005541440000 
0.17900 0.005395820000 
0.17950 0.005250200000 
0.18000 0.005108540000 
0.18050 0.004975780000 
0.18100 0.004843020000 
0.18150 0.004710260000 
0.18200 0.004580200000 
0.18250 0.004459520000 
0.18300 0.004338840000 
0.18350 0.004218160000 
0.18400 0.004098900000 
0.18450 0.003989520000 
0.18500 0.003880160000 
0.18550 0.003770800000 
0.18600 0.003661580000 
0.18650 0.003562180000 
0.18700 0.003462760000 
0.18750 0.003363360000 
0.18800 0.003263940000 
0.18850 0.003173040000 
0.18900 0.003083180000 
0.18950 0.002993320000 
0.19000 0.002903460000 
0.19050 0.002819920000 
0.19100 0.002738420000 
0.19150 0.002656920000 
0.19200 0.002575400000 
0.19250 0.002498720000 
0.19300 0.002425060000 
0.19350 0.002351400000 
0.19400 0.002277740000 
0.19450 0.002207400000 
0.19500 0.002140920000 
0.19550 0.002074440000 
0.19600 0.002007960000 
0.19650 0.001943476000 
0.19700 0.001883558000 
0.19750 0.001823638000 
0.19800 0.001763720000 
0.19850 0.001704652000 
0.19900 0.001650728000 
0.19950 0.001596804000 
0.20000 0.001542880000 
0.20050 0.001488956000 
0.20100 0.001440248000 
0.20150 0.001391660000 
0.20200 0.001343072000 
0.20250 0.001294482000 
0.20300 0.001250076000 
0.20350 0.001206624000 
0.20400 0.001163172000 
0.20450 0.001119720000 
0.20500 0.001079168000 
0.20550 0.001040146000 
0.20600 0.001001126000 
0.20650 0.000962104000 
0.20700 0.000925232000 
0.20750 0.000890484000 
0.20800 0.000855736000 
0.20850 0.000820990000 
0.20900 0.000787572000 
0.20950 0.000756500000 
0.21000 0.000725428000 
0.21050 0.000694356000 
0.21100 0.000664082000 
0.21150 0.000636372000 
0.21200 0.000608664000 
0.21250 0.000580956000 
0.21300 0.000553680000 
0.21350 0.000529230000 
0.21400 0.000504778000 
0.21450 0.000480328000 
0.21500 0.000456032000 
0.21550 0.000434380000 
0.21600 0.000412730000 
0.21650 0.000391078000 
0.21700 0.000369454000 
0.21750 0.000350526000 
0.21800 0.000331600000 
0.21850 0.000312672000 
0.21900 0.000293750000 
0.21950 0.000277176000 
0.22000 0.000260600000 
0.22050 0.000244026000 
0.22100 0.000227540000 
0.22150 0.000213152000 
0.22200 0.000198762200 
0.22250 0.000184373200 
0.22300 0.000170271200 
0.22350 0.000158032600 
0.22400 0.000145794000 
0.22450 0.000133555400 
0.22500 0.000121866600 
0.22550 0.000111536600 
0.22600 0.000101206600 
0.22650 0.000090876400 
0.22700 0.000081507800 
0.22750 0.000073047800 
0.22800 0.000064587800 
0.22850 0.000056127600 
0.22900 0.000049154000 
0.22950 0.000042503000 
0.23000 0.000035852200 
0.23050 0.000029594000 
0.23100 0.000024715800 
0.23150 0.000019837660 
0.23200 0.000014959520 
0.23250 0.000011426760 
0.23300 0.000008402600 
0.23350 0.000005378440 
