0.00000 831.794000000000 
0.00050 748.034000000000 
0.00100 664.276000000000 
0.00150 580.518000000000 
0.00200 496.758000000000 
0.00250 437.040000000000 
0.00300 384.494000000000 
0.00350 341.036000000000 
0.00400 305.982000000000 
0.00450 272.938000000000 
0.00500 248.522000000000 
0.00550 224.106000000000 
0.00600 205.060000000000 
0.00650 187.483000000000 
0.00700 171.351200000000 
0.00750 158.360400000000 
0.00800 145.369600000000 
0.00850 134.870800000000 
0.00900 125.057400000000 
0.00950 115.693400000000 
0.01000 108.142400000000 
0.01050 100.591600000000 
0.01100 93.968000000000 
0.01150 88.065400000000 
0.01200 82.163000000000 
0.01250 77.339400000000 
0.01300 72.661600000000 
0.01350 68.129800000000 
0.01400 64.377800000000 
0.01450 60.626000000000 
0.01500 57.155400000000 
0.01550 54.113800000000 
0.01600 51.072200000000 
0.01650 48.362000000000 
0.01700 45.872800000000 
0.01750 43.383800000000 
0.01800 41.230200000000 
0.01850 39.175800000000 
0.01900 37.121400000000 
0.01950 35.383400000000 
0.02000 33.674800000000 
0.02050 31.974800000000 
0.02100 30.544200000000 
0.02150 29.113600000000 
0.02200 27.710200000000 
0.02250 26.504800000000 
0.02300 25.299400000000 
0.02350 24.128800000000 
0.02400 23.107400000000 
0.02450 22.086000000000 
0.02500 21.100200000000 
0.02550 20.230200000000 
0.02600 19.360400000000 
0.02650 18.523220000000 
0.02700 17.778880000000 
0.02750 17.034540000000 
0.02800 16.318180000000 
0.02850 15.678560000000 
0.02900 15.038940000000 
0.02950 14.421780000000 
0.03000 13.869980000000 
0.03050 13.318180000000 
0.03100 12.783180000000 
0.03150 12.305460000000 
0.03200 11.827720000000 
0.03250 11.361380000000 
0.03300 10.946420000000 
0.03350 10.531460000000 
0.03400 10.122880000000 
0.03450 9.761340000000 
0.03500 9.399820000000 
0.03550 9.040220000000 
0.03600 8.724360000000 
0.03650 8.408500000000 
0.03700 8.092640000000 
0.03750 7.814000000000 
0.03800 7.537340000000 
0.03850 7.260680000000 
0.03900 7.012440000000 
0.03950 6.769540000000 
0.04000 6.526640000000 
0.04050 6.304720000000 
0.04100 6.091000000000 
0.04150 5.877280000000 
0.04200 5.678260000000 
0.04250 5.489820000000 
0.04300 5.301380000000 
0.04350 5.122360000000 
0.04400 4.955920000000 
0.04450 4.789480000000 
0.04500 4.628040000000 
0.04550 4.480740000000 
0.04600 4.333460000000 
0.04650 4.187500000000 
0.04700 4.056960000000 
0.04750 3.926400000000 
0.04800 3.795860000000 
0.04850 3.678260000000 
0.04900 3.562380000000 
0.04950 3.446480000000 
0.05000 3.339240000000 
0.05050 3.236220000000 
0.05100 3.133200000000 
0.05150 3.035200000000 
0.05200 2.943500000000 
0.05250 2.851800000000 
0.05300 2.762120000000 
0.05350 2.680380000000 
0.05400 2.598640000000 
0.05450 2.516900000000 
0.05500 2.443500000000 
0.05550 2.370560000000 
0.05600 2.297620000000 
0.05650 2.229920000000 
0.05700 2.164740000000 
0.05750 2.099580000000 
0.05800 2.037060000000 
0.05850 1.978782000000 
0.05900 1.920496000000 
0.05950 1.862724000000 
0.06000 1.810538000000 
0.06050 1.758350000000 
0.06100 1.706162000000 
0.06150 1.658122000000 
0.06200 1.611346000000 
0.06250 1.564570000000 
0.06300 1.519878000000 
0.06350 1.477916000000 
0.06400 1.435952000000 
0.06450 1.394350000000 
0.06500 1.356664000000 
0.06550 1.318980000000 
0.06600 1.281296000000 
0.06650 1.246356000000 
0.06700 1.212484000000 
0.06750 1.178612000000 
0.06800 1.145898000000 
0.06850 1.115424000000 
0.06900 1.084950000000 
0.06950 1.054476000000 
0.07000 1.026870000000 
0.07050 0.999430000000 
0.07100 0.971990000000 
0.07150 0.946000000000 
0.07200 0.921272000000 
0.07250 0.896542000000 
0.07300 0.872080000000 
0.07350 0.849774000000 
0.07400 0.827468000000 
0.07450 0.805162000000 
0.07500 0.784310000000 
0.07550 0.764174000000 
0.07600 0.744038000000 
0.07650 0.724318000000 
0.07700 0.706126000000 
0.07750 0.687932000000 
0.07800 0.669738000000 
0.07850 0.652844000000 
0.07900 0.636394000000 
0.07950 0.619942000000 
0.08000 0.603902000000 
0.08050 0.589014000000 
0.08100 0.574128000000 
0.08150 0.559240000000 
0.08200 0.545426000000 
0.08250 0.531942000000 
0.08300 0.518458000000 
0.08350 0.505292000000 
0.08400 0.493070000000 
0.08450 0.480848000000 
0.08500 0.468628000000 
0.08550 0.457230000000 
0.08600 0.446144000000 
0.08650 0.435056000000 
0.08700 0.424164000000 
0.08750 0.414100000000 
0.08800 0.404038000000 
0.08850 0.393974000000 
0.08900 0.384498000000 
0.08950 0.375354000000 
0.09000 0.366210000000 
0.09050 0.357126000000 
0.09100 0.348814000000 
0.09150 0.340502000000 
0.09200 0.332188000000 
0.09250 0.324248000000 
0.09300 0.316684000000 
0.09350 0.309120000000 
0.09400 0.301558000000 
0.09450 0.294610000000 
0.09500 0.287724000000 
0.09550 0.280838000000 
0.09600 0.274140000000 
0.09650 0.267864000000 
0.09700 0.261588000000 
0.09750 0.255312000000 
0.09800 0.249422000000 
0.09850 0.243702000000 
0.09900 0.237980000000 
0.09950 0.232296000000 
0.10000 0.227076000000 
0.10050 0.221856000000 
0.10100 0.216634000000 
0.10150 0.211614000000 
0.10200 0.206848000000 
0.10250 0.202080000000 
0.10300 0.197314000000 
0.10350 0.192875800000 
0.10400 0.188520600000 
0.10450 0.184165200000 
0.10500 0.179864200000 
0.10550 0.175882400000 
0.10600 0.171900400000 
0.10650 0.167918600000 
0.10700 0.164100400000 
0.10750 0.160457800000 
0.10800 0.156815000000 
0.10850 0.153172400000 
0.10900 0.149779600000 
0.10950 0.146445200000 
0.11000 0.143110800000 
0.11050 0.139812400000 
0.11100 0.136757800000 
0.11150 0.133703000000 
0.11200 0.130648200000 
0.11250 0.127705600000 
0.11300 0.124907400000 
0.11350 0.122109000000 
0.11400 0.119310600000 
0.11450 0.116683400000 
0.11500 0.114117000000 
0.11550 0.111550400000 
0.11600 0.108990400000 
0.11650 0.106636200000 
0.11700 0.104282000000 
0.11750 0.101927600000 
0.11800 0.099634200000 
0.11850 0.097472800000 
0.11900 0.095311400000 
0.11950 0.093150000000 
0.12000 0.091093800000 
0.12050 0.089110200000 
0.12100 0.087126800000 
0.12150 0.085143400000 
0.12200 0.083298000000 
0.12250 0.081475600000 
0.12300 0.079653000000 
0.12350 0.077848000000 
0.12400 0.076172600000 
0.12450 0.074497400000 
0.12500 0.072822200000 
0.12550 0.071197000000 
0.12600 0.069657400000 
0.12650 0.068117800000 
0.12700 0.066578000000 
0.12750 0.065114600000 
0.12800 0.063699200000 
0.12850 0.062284000000 
0.12900 0.060868600000 
0.12950 0.059549200000 
0.13000 0.058247200000 
0.13050 0.056945000000 
0.13100 0.055650800000 
0.13150 0.054453200000 
0.13200 0.053255600000 
0.13250 0.052058200000 
0.13300 0.050888800000 
0.13350 0.049786600000 
0.13400 0.048684400000 
0.13450 0.047582200000 
0.13500 0.046524400000 
0.13550 0.045509800000 
0.13600 0.044495400000 
0.13650 0.043480800000 
0.13700 0.042523800000 
0.13750 0.041590600000 
0.13800 0.040657400000 
0.13850 0.039724000000 
0.13900 0.038857600000 
0.13950 0.037998600000 
0.14000 0.037139400000 
0.14050 0.036286200000 
0.14100 0.035496000000 
0.14150 0.034705600000 
0.14200 0.033915400000 
0.14250 0.033141600000 
0.14300 0.032414200000 
0.14350 0.031686800000 
0.14400 0.030959400000 
0.14450 0.030256600000 
0.14500 0.029587200000 
0.14550 0.028917800000 
0.14600 0.028248400000 
0.14650 0.027610000000 
0.14700 0.026994000000 
0.14750 0.026378000000 
0.14800 0.025762000000 
0.14850 0.025182200000 
0.14900 0.024616000000 
0.14950 0.024049800000 
0.15000 0.023483800000 
0.15050 0.022956600000 
0.15100 0.022436000000 
0.15150 0.021915400000 
0.15200 0.021394600000 
0.15250 0.020915200000 
0.15300 0.020436600000 
0.15350 0.019957860000 
0.15400 0.019482820000 
0.15450 0.019043380000 
0.15500 0.018603960000 
0.15550 0.018164540000 
0.15600 0.017731960000 
0.15650 0.017328340000 
0.15700 0.016924700000 
0.15750 0.016521080000 
0.15800 0.016126500000 
0.15850 0.015755500000 
0.15900 0.015384500000 
0.15950 0.015013520000 
0.16000 0.014653400000 
0.16050 0.014313380000 
0.16100 0.013973380000 
0.16150 0.013633380000 
0.16200 0.013304960000 
0.16250 0.012993180000 
0.16300 0.012681400000 
0.16350 0.012369600000 
0.16400 0.012069740000 
0.16450 0.011784020000 
0.16500 0.011498300000 
0.16550 0.011212580000 
0.16600 0.010938820000 
0.16650 0.010677520000 
0.16700 0.010416240000 
0.16750 0.010154940000 
0.16800 0.009904740000 
0.16850 0.009665300000 
0.16900 0.009425860000 
0.16950 0.009186420000 
0.17000 0.008957640000 
0.17050 0.008739040000 
0.17100 0.008520440000 
0.17150 0.008301840000 
0.17200 0.008092540000 
0.17250 0.007892520000 
0.17300 0.007692500000 
0.17350 0.007492480000 
0.17400 0.007300740000 
0.17450 0.007118180000 
0.17500 0.006935600000 
0.17550 0.006753040000 
0.17600 0.006577560000 
0.17650 0.006411380000 
0.17700 0.006245180000 
0.17750 0.006078980000 
0.17800 0.005918360000 
0.17850 0.005766960000 
0.17900 0.005615540000 
0.17950 0.005464140000 
0.18000 0.005316820000 
0.18050 0.005178780000 
0.18100 0.005040720000 
0.18150 0.004902660000 
0.18200 0.004767400000 
0.18250 0.004641880000 
0.18300 0.004516380000 
0.18350 0.004390860000 
0.18400 0.004266820000 
0.18450 0.004153060000 
0.18500 0.004039300000 
0.18550 0.003925540000 
0.18600 0.003811940000 
0.18650 0.003708520000 
0.18700 0.003605100000 
0.18750 0.003501700000 
0.18800 0.003398280000 
0.18850 0.003303700000 
0.18900 0.003210200000 
0.18950 0.003116720000 
0.19000 0.003023220000 
0.19050 0.002936300000 
0.19100 0.002851480000 
0.19150 0.002766680000 
0.19200 0.002681860000 
0.19250 0.002602060000 
0.19300 0.002525400000 
0.19350 0.002448760000 
0.19400 0.002372100000 
0.19450 0.002298900000 
0.19500 0.002229700000 
0.19550 0.002160500000 
0.19600 0.002091320000 
0.19650 0.002024200000 
0.19700 0.001961824000 
0.19750 0.001899452000 
0.19800 0.001837082000 
0.19850 0.001775596000 
0.19900 0.001719458000 
0.19950 0.001663322000 
0.20000 0.001607184000 
0.20050 0.001551048000 
0.20100 0.001500334000 
0.20150 0.001449746000 
0.20200 0.001399158000 
0.20250 0.001348570000 
0.20300 0.001302330000 
0.20350 0.001257084000 
0.20400 0.001211840000 
0.20450 0.001166594000 
0.20500 0.001124364000 
0.20550 0.001083728000 
0.20600 0.001043092000 
0.20650 0.001002456000 
0.20700 0.000964054000 
0.20750 0.000927864000 
0.20800 0.000891676000 
0.20850 0.000855486000 
0.20900 0.000820680000 
0.20950 0.000788316000 
0.21000 0.000755950000 
0.21050 0.000723584000 
0.21100 0.000692050000 
0.21150 0.000663184000 
0.21200 0.000634320000 
0.21250 0.000605454000 
0.21300 0.000577040000 
0.21350 0.000551566000 
0.21400 0.000526092000 
0.21450 0.000500618000 
0.21500 0.000475306000 
0.21550 0.000452746000 
0.21600 0.000430188000 
0.21650 0.000407628000 
0.21700 0.000385096000 
0.21750 0.000365374000 
0.21800 0.000345650000 
0.21850 0.000325926000 
0.21900 0.000306208000 
0.21950 0.000288936000 
0.22000 0.000271662000 
0.22050 0.000254388000 
0.22100 0.000237208000 
0.22150 0.000222210000 
0.22200 0.000207214000 
0.22250 0.000192215800 
0.22300 0.000177517600 
0.22350 0.000164760400 
0.22400 0.000152003200 
0.22450 0.000139246200 
0.22500 0.000127061800 
0.22550 0.000116292800 
0.22600 0.000105524000 
0.22650 0.000094755200 
0.22700 0.000084988200 
0.22750 0.000076168000 
0.22800 0.000067347600 
0.22850 0.000058527400 
0.22900 0.000051256400 
0.22950 0.000044321600 
0.23000 0.000037386800 
0.23050 0.000030861400 
0.23100 0.000025774600 
0.23150 0.000020687800 
0.23200 0.000015600980 
0.23250 0.000011916920 
0.23300 0.000008763100 
0.23350 0.000005609300 
