0.00000 841.482000000000 
0.00050 757.024000000000 
0.00100 672.564000000000 
0.00150 588.106000000000 
0.00200 503.646000000000 
0.00250 443.348000000000 
0.00300 390.256000000000 
0.00350 346.314000000000 
0.00400 310.834000000000 
0.00450 277.378000000000 
0.00500 252.628000000000 
0.00550 227.878000000000 
0.00600 208.556000000000 
0.00650 190.717200000000 
0.00700 174.341400000000 
0.00750 161.144600000000 
0.00800 147.947800000000 
0.00850 137.277000000000 
0.00900 127.300600000000 
0.00950 117.780000000000 
0.01000 110.099200000000 
0.01050 102.418400000000 
0.01100 95.679400000000 
0.01150 89.672800000000 
0.01200 83.666000000000 
0.01250 78.755800000000 
0.01300 73.993800000000 
0.01350 69.380000000000 
0.01400 65.559600000000 
0.01450 61.739000000000 
0.01500 58.204800000000 
0.01550 55.107000000000 
0.01600 52.009400000000 
0.01650 49.249000000000 
0.01700 46.713400000000 
0.01750 44.178000000000 
0.01800 41.984200000000 
0.01850 39.891600000000 
0.01900 37.798800000000 
0.01950 36.028200000000 
0.02000 34.287800000000 
0.02050 32.555800000000 
0.02100 31.098400000000 
0.02150 29.641000000000 
0.02200 28.211400000000 
0.02250 26.983400000000 
0.02300 25.755600000000 
0.02350 24.563000000000 
0.02400 23.522600000000 
0.02450 22.482200000000 
0.02500 21.477800000000 
0.02550 20.591800000000 
0.02600 19.705760000000 
0.02650 18.853000000000 
0.02700 18.094880000000 
0.02750 17.336740000000 
0.02800 16.607120000000 
0.02850 15.955680000000 
0.02900 15.304260000000 
0.02950 14.675700000000 
0.03000 14.113760000000 
0.03050 13.551840000000 
0.03100 13.007020000000 
0.03150 12.520560000000 
0.03200 12.034100000000 
0.03250 11.559220000000 
0.03300 11.136720000000 
0.03350 10.714220000000 
0.03400 10.298220000000 
0.03450 9.930140000000 
0.03500 9.562080000000 
0.03550 9.195980000000 
0.03600 8.874440000000 
0.03650 8.552900000000 
0.03700 8.231380000000 
0.03750 7.947760000000 
0.03800 7.666140000000 
0.03850 7.384540000000 
0.03900 7.131880000000 
0.03950 6.884660000000 
0.04000 6.637440000000 
0.04050 6.411600000000 
0.04100 6.194100000000 
0.04150 5.976600000000 
0.04200 5.774080000000 
0.04250 5.582320000000 
0.04300 5.390580000000 
0.04350 5.208440000000 
0.04400 5.039080000000 
0.04450 4.869720000000 
0.04500 4.705460000000 
0.04550 4.555620000000 
0.04600 4.405760000000 
0.04650 4.257280000000 
0.04700 4.124480000000 
0.04750 3.991680000000 
0.04800 3.858860000000 
0.04850 3.739240000000 
0.04900 3.621360000000 
0.04950 3.503480000000 
0.05000 3.394400000000 
0.05050 3.289620000000 
0.05100 3.184840000000 
0.05150 3.085180000000 
0.05200 2.991920000000 
0.05250 2.898660000000 
0.05300 2.807440000000 
0.05350 2.724320000000 
0.05400 2.641200000000 
0.05450 2.558080000000 
0.05500 2.483440000000 
0.05550 2.409260000000 
0.05600 2.335080000000 
0.05650 2.266260000000 
0.05700 2.199980000000 
0.05750 2.133720000000 
0.05800 2.070180000000 
0.05850 2.010920000000 
0.05900 1.951654000000 
0.05950 1.892918000000 
0.06000 1.839862000000 
0.06050 1.786806000000 
0.06100 1.733750000000 
0.06150 1.684914000000 
0.06200 1.637362000000 
0.06250 1.589812000000 
0.06300 1.544380000000 
0.06350 1.501724000000 
0.06400 1.459070000000 
0.06450 1.416780000000 
0.06500 1.378476000000 
0.06550 1.340172000000 
0.06600 1.301866000000 
0.06650 1.266354000000 
0.06700 1.231928000000 
0.06750 1.197500000000 
0.06800 1.164250000000 
0.06850 1.133278000000 
0.06900 1.102308000000 
0.06950 1.071336000000 
0.07000 1.043280000000 
0.07050 1.015392000000 
0.07100 0.987506000000 
0.07150 0.961094000000 
0.07200 0.935964000000 
0.07250 0.910832000000 
0.07300 0.885974000000 
0.07350 0.863306000000 
0.07400 0.840640000000 
0.07450 0.817974000000 
0.07500 0.796784000000 
0.07550 0.776322000000 
0.07600 0.755860000000 
0.07650 0.735824000000 
0.07700 0.717338000000 
0.07750 0.698852000000 
0.07800 0.680364000000 
0.07850 0.663200000000 
0.07900 0.646484000000 
0.07950 0.629770000000 
0.08000 0.613470000000 
0.08050 0.598344000000 
0.08100 0.583218000000 
0.08150 0.568094000000 
0.08200 0.554058000000 
0.08250 0.540358000000 
0.08300 0.526658000000 
0.08350 0.513282000000 
0.08400 0.500866000000 
0.08450 0.488448000000 
0.08500 0.476032000000 
0.08550 0.464454000000 
0.08600 0.453190000000 
0.08650 0.441926000000 
0.08700 0.430860000000 
0.08750 0.420636000000 
0.08800 0.410414000000 
0.08850 0.400190000000 
0.08900 0.390562000000 
0.08950 0.381274000000 
0.09000 0.371984000000 
0.09050 0.362758000000 
0.09100 0.354312000000 
0.09150 0.345868000000 
0.09200 0.337424000000 
0.09250 0.329358000000 
0.09300 0.321674000000 
0.09350 0.313990000000 
0.09400 0.306308000000 
0.09450 0.299250000000 
0.09500 0.292254000000 
0.09550 0.285260000000 
0.09600 0.278456000000 
0.09650 0.272080000000 
0.09700 0.265706000000 
0.09750 0.259332000000 
0.09800 0.253348000000 
0.09850 0.247538000000 
0.09900 0.241726000000 
0.09950 0.235952000000 
0.10000 0.230650000000 
0.10050 0.225346000000 
0.10100 0.220044000000 
0.10150 0.214944000000 
0.10200 0.210102000000 
0.10250 0.205260000000 
0.10300 0.200418000000 
0.10350 0.195910400000 
0.10400 0.191486400000 
0.10450 0.187062600000 
0.10500 0.182693800000 
0.10550 0.178649400000 
0.10600 0.174604800000 
0.10650 0.170560400000 
0.10700 0.166682000000 
0.10750 0.162982200000 
0.10800 0.159282200000 
0.10850 0.155582200000 
0.10900 0.152136000000 
0.10950 0.148749400000 
0.11000 0.145362600000 
0.11050 0.142012400000 
0.11100 0.138909600000 
0.11150 0.135807000000 
0.11200 0.132704200000 
0.11250 0.129715400000 
0.11300 0.126873200000 
0.11350 0.124030800000 
0.11400 0.121188600000 
0.11450 0.118520200000 
0.11500 0.115913400000 
0.11550 0.113306600000 
0.11600 0.110706400000 
0.11650 0.108315200000 
0.11700 0.105924000000 
0.11750 0.103532800000 
0.11800 0.101203400000 
0.11850 0.099008000000 
0.11900 0.096812800000 
0.11950 0.094617400000 
0.12000 0.092529000000 
0.12050 0.090514400000 
0.12100 0.088499800000 
0.12150 0.086485200000 
0.12200 0.084611000000 
0.12250 0.082759800000 
0.12300 0.080908600000 
0.12350 0.079075200000 
0.12400 0.077373800000 
0.12450 0.075672200000 
0.12500 0.073970600000 
0.12550 0.072320000000 
0.12600 0.070756200000 
0.12650 0.069192400000 
0.12700 0.067628600000 
0.12750 0.066142200000 
0.12800 0.064704600000 
0.12850 0.063267000000 
0.12900 0.061829400000 
0.12950 0.060489600000 
0.13000 0.059166800000 
0.13050 0.057844200000 
0.13100 0.056529800000 
0.13150 0.055313400000 
0.13200 0.054097000000 
0.13250 0.052880800000 
0.13300 0.051693000000 
0.13350 0.050573600000 
0.13400 0.049454000000 
0.13450 0.048334600000 
0.13500 0.047260200000 
0.13550 0.046229600000 
0.13600 0.045199200000 
0.13650 0.044168800000 
0.13700 0.043196800000 
0.13750 0.042248800000 
0.13800 0.041300800000 
0.13850 0.040352800000 
0.13900 0.039472800000 
0.13950 0.038600200000 
0.14000 0.037727600000 
0.14050 0.036861000000 
0.14100 0.036058200000 
0.14150 0.035255600000 
0.14200 0.034453000000 
0.14250 0.033666800000 
0.14300 0.032928000000 
0.14350 0.032189200000 
0.14400 0.031450400000 
0.14450 0.030736600000 
0.14500 0.030056600000 
0.14550 0.029376600000 
0.14600 0.028696600000 
0.14650 0.028048200000 
0.14700 0.027422600000 
0.14750 0.026796800000 
0.14800 0.026171200000 
0.14850 0.025582200000 
0.14900 0.025007000000 
0.14950 0.024432000000 
0.15000 0.023856800000 
0.15050 0.023321600000 
0.15100 0.022792600000 
0.15150 0.022263800000 
0.15200 0.021734800000 
0.15250 0.021247800000 
0.15300 0.020761600000 
0.15350 0.020275400000 
0.15400 0.019792840000 
0.15450 0.019346460000 
0.15500 0.018900100000 
0.15550 0.018453740000 
0.15600 0.018014320000 
0.15650 0.017604320000 
0.15700 0.017194300000 
0.15750 0.016784280000 
0.15800 0.016383480000 
0.15850 0.016006620000 
0.15900 0.015629740000 
0.15950 0.015252880000 
0.16000 0.014887060000 
0.16050 0.014541680000 
0.16100 0.014196280000 
0.16150 0.013850900000 
0.16200 0.013517280000 
0.16250 0.013200560000 
0.16300 0.012883840000 
0.16350 0.012567100000 
0.16400 0.012262480000 
0.16450 0.011972240000 
0.16500 0.011681980000 
0.16550 0.011391720000 
0.16600 0.011113620000 
0.16650 0.010848180000 
0.16700 0.010582760000 
0.16750 0.010317320000 
0.16800 0.010063140000 
0.16850 0.009819900000 
0.16900 0.009576660000 
0.16950 0.009333420000 
0.17000 0.009101000000 
0.17050 0.008878920000 
0.17100 0.008656840000 
0.17150 0.008434780000 
0.17200 0.008222140000 
0.17250 0.008018940000 
0.17300 0.007815740000 
0.17350 0.007612540000 
0.17400 0.007417740000 
0.17450 0.007232280000 
0.17500 0.007046800000 
0.17550 0.006861320000 
0.17600 0.006683060000 
0.17650 0.006514220000 
0.17700 0.006345360000 
0.17750 0.006176520000 
0.17800 0.006013340000 
0.17850 0.005859520000 
0.17900 0.005705700000 
0.17950 0.005551860000 
0.18000 0.005402220000 
0.18050 0.005261960000 
0.18100 0.005121700000 
0.18150 0.004981440000 
0.18200 0.004844020000 
0.18250 0.004716500000 
0.18300 0.004588980000 
0.18350 0.004461460000 
0.18400 0.004335440000 
0.18450 0.004219860000 
0.18500 0.004104280000 
0.18550 0.003988700000 
0.18600 0.003873280000 
0.18650 0.003768220000 
0.18700 0.003663140000 
0.18750 0.003558080000 
0.18800 0.003453000000 
0.18850 0.003356920000 
0.18900 0.003261920000 
0.18950 0.003166920000 
0.19000 0.003071940000 
0.19050 0.002983620000 
0.19100 0.002897460000 
0.19150 0.002811280000 
0.19200 0.002725120000 
0.19250 0.002644040000 
0.19300 0.002566140000 
0.19350 0.002488260000 
0.19400 0.002410380000 
0.19450 0.002336000000 
0.19500 0.002265680000 
0.19550 0.002195380000 
0.19600 0.002125080000 
0.19650 0.002056880000 
0.19700 0.001993510000 
0.19750 0.001930136000 
0.19800 0.001866764000 
0.19850 0.001804290000 
0.19900 0.001747250000 
0.19950 0.001690208000 
0.20000 0.001633168000 
0.20050 0.001576128000 
0.20100 0.001524598000 
0.20150 0.001473196000 
0.20200 0.001421792000 
0.20250 0.001370390000 
0.20300 0.001323406000 
0.20350 0.001277430000 
0.20400 0.001231456000 
0.20450 0.001185482000 
0.20500 0.001142572000 
0.20550 0.001101280000 
0.20600 0.001059988000 
0.20650 0.001018696000 
0.20700 0.000979674000 
0.20750 0.000942902000 
0.20800 0.000906128000 
0.20850 0.000869354000 
0.20900 0.000833986000 
0.20950 0.000801098000 
0.21000 0.000768210000 
0.21050 0.000735322000 
0.21100 0.000703276000 
0.21150 0.000673944000 
0.21200 0.000644614000 
0.21250 0.000615282000 
0.21300 0.000586408000 
0.21350 0.000560522000 
0.21400 0.000534636000 
0.21450 0.000508750000 
0.21500 0.000483026000 
0.21550 0.000460102000 
0.21600 0.000437178000 
0.21650 0.000414252000 
0.21700 0.000391356000 
0.21750 0.000371312000 
0.21800 0.000351270000 
0.21850 0.000331226000 
0.21900 0.000311188000 
0.21950 0.000293634000 
0.22000 0.000276080000 
0.22050 0.000258526000 
0.22100 0.000241068000 
0.22150 0.000225826000 
0.22200 0.000210586000 
0.22250 0.000195345000 
0.22300 0.000180408000 
0.22350 0.000167443400 
0.22400 0.000154479000 
0.22450 0.000141514400 
0.22500 0.000129131800 
0.22550 0.000118187800 
0.22600 0.000107243800 
0.22650 0.000096299600 
0.22700 0.000086373600 
0.22750 0.000077409800 
0.22800 0.000068446000 
0.22850 0.000059482000 
0.22900 0.000052092400 
0.22950 0.000045044600 
0.23000 0.000037996800 
0.23050 0.000031365200 
0.23100 0.000026195400 
0.23150 0.000021025600 
0.23200 0.000015855700 
0.23250 0.000012111500 
0.23300 0.000008906220 
0.23350 0.000005700920 
