0.00000 854.300000000000 
0.00050 768.844000000000 
0.00100 683.388000000000 
0.00150 597.932000000000 
0.00200 512.476000000000 
0.00250 451.356000000000 
0.00300 397.496000000000 
0.00350 352.880000000000 
0.00400 316.812000000000 
0.00450 282.796000000000 
0.00500 257.596000000000 
0.00550 232.398000000000 
0.00600 212.708000000000 
0.00650 194.526600000000 
0.00700 177.831400000000 
0.00750 164.368800000000 
0.00800 150.906200000000 
0.00850 140.015800000000 
0.00900 129.832600000000 
0.00950 120.114000000000 
0.01000 112.270800000000 
0.01050 104.427800000000 
0.01100 97.545600000000 
0.01150 91.410600000000 
0.01200 85.275600000000 
0.01250 80.260000000000 
0.01300 75.396000000000 
0.01350 70.683400000000 
0.01400 66.781000000000 
0.01450 62.878800000000 
0.01500 59.269000000000 
0.01550 56.105200000000 
0.01600 52.941600000000 
0.01650 50.122600000000 
0.01700 47.533800000000 
0.01750 44.944800000000 
0.01800 42.705200000000 
0.01850 40.568800000000 
0.01900 38.432600000000 
0.01950 36.625600000000 
0.02000 34.849400000000 
0.02050 33.082000000000 
0.02100 31.595400000000 
0.02150 30.108600000000 
0.02200 28.650200000000 
0.02250 27.398000000000 
0.02300 26.145800000000 
0.02350 24.929800000000 
0.02400 23.869400000000 
0.02450 22.808800000000 
0.02500 21.785400000000 
0.02550 20.882600000000 
0.02600 19.979860000000 
0.02650 19.111160000000 
0.02700 18.339140000000 
0.02750 17.567100000000 
0.02800 16.824200000000 
0.02850 16.161160000000 
0.02900 15.498120000000 
0.02950 14.858440000000 
0.03000 14.286800000000 
0.03050 13.715140000000 
0.03100 13.160960000000 
0.03150 12.666360000000 
0.03200 12.171740000000 
0.03250 11.688960000000 
0.03300 11.259620000000 
0.03350 10.830260000000 
0.03400 10.407560000000 
0.03450 10.033720000000 
0.03500 9.659900000000 
0.03550 9.288080000000 
0.03600 8.961700000000 
0.03650 8.635300000000 
0.03700 8.308920000000 
0.03750 8.021180000000 
0.03800 7.735500000000 
0.03850 7.449800000000 
0.03900 7.193600000000 
0.03950 6.942940000000 
0.04000 6.692280000000 
0.04050 6.463380000000 
0.04100 6.242960000000 
0.04150 6.022560000000 
0.04200 5.817400000000 
0.04250 5.623200000000 
0.04300 5.429000000000 
0.04350 5.244560000000 
0.04400 5.073140000000 
0.04450 4.901720000000 
0.04500 4.735480000000 
0.04550 4.583900000000 
0.04600 4.432300000000 
0.04650 4.282100000000 
0.04700 4.147820000000 
0.04750 4.013560000000 
0.04800 3.879280000000 
0.04850 3.758400000000 
0.04900 3.639280000000 
0.04950 3.520180000000 
0.05000 3.409980000000 
0.05050 3.304160000000 
0.05100 3.198340000000 
0.05150 3.097720000000 
0.05200 3.003600000000 
0.05250 2.909460000000 
0.05300 2.817420000000 
0.05350 2.733560000000 
0.05400 2.649720000000 
0.05450 2.565860000000 
0.05500 2.490600000000 
0.05550 2.415820000000 
0.05600 2.341040000000 
0.05650 2.271660000000 
0.05700 2.204900000000 
0.05750 2.138120000000 
0.05800 2.074100000000 
0.05850 2.014420000000 
0.05900 1.954736000000 
0.05950 1.895586000000 
0.06000 1.842184000000 
0.06050 1.788780000000 
0.06100 1.735378000000 
0.06150 1.686242000000 
0.06200 1.638406000000 
0.06250 1.590568000000 
0.06300 1.544874000000 
0.06350 1.501986000000 
0.06400 1.459098000000 
0.06450 1.416580000000 
0.06500 1.378086000000 
0.06550 1.339594000000 
0.06600 1.301100000000 
0.06650 1.265426000000 
0.06700 1.230848000000 
0.06750 1.196270000000 
0.06800 1.162880000000 
0.06850 1.131788000000 
0.06900 1.100696000000 
0.06950 1.069606000000 
0.07000 1.041456000000 
0.07050 1.013474000000 
0.07100 0.985494000000 
0.07150 0.959000000000 
0.07200 0.933798000000 
0.07250 0.908598000000 
0.07300 0.883670000000 
0.07350 0.860950000000 
0.07400 0.838230000000 
0.07450 0.815510000000 
0.07500 0.794280000000 
0.07550 0.773780000000 
0.07600 0.753282000000 
0.07650 0.733210000000 
0.07700 0.714700000000 
0.07750 0.696188000000 
0.07800 0.677678000000 
0.07850 0.660496000000 
0.07900 0.643766000000 
0.07950 0.627038000000 
0.08000 0.610728000000 
0.08050 0.595596000000 
0.08100 0.580466000000 
0.08150 0.565336000000 
0.08200 0.551300000000 
0.08250 0.537602000000 
0.08300 0.523904000000 
0.08350 0.510532000000 
0.08400 0.498122000000 
0.08450 0.485714000000 
0.08500 0.473304000000 
0.08550 0.461738000000 
0.08600 0.450486000000 
0.08650 0.439236000000 
0.08700 0.428182000000 
0.08750 0.417974000000 
0.08800 0.407768000000 
0.08850 0.397560000000 
0.08900 0.387952000000 
0.08950 0.378680000000 
0.09000 0.369410000000 
0.09050 0.360202000000 
0.09100 0.351778000000 
0.09150 0.343356000000 
0.09200 0.334932000000 
0.09250 0.326888000000 
0.09300 0.319226000000 
0.09350 0.311566000000 
0.09400 0.303904000000 
0.09450 0.296870000000 
0.09500 0.289900000000 
0.09550 0.282928000000 
0.09600 0.276148000000 
0.09650 0.269798000000 
0.09700 0.263448000000 
0.09750 0.257098000000 
0.09800 0.251140000000 
0.09850 0.245354000000 
0.09900 0.239566000000 
0.09950 0.233818000000 
0.10000 0.228540000000 
0.10050 0.223262000000 
0.10100 0.217984000000 
0.10150 0.212910000000 
0.10200 0.208094000000 
0.10250 0.203276000000 
0.10300 0.198459200000 
0.10350 0.193976000000 
0.10400 0.189576800000 
0.10450 0.185177600000 
0.10500 0.180833400000 
0.10550 0.176813200000 
0.10600 0.172793000000 
0.10650 0.168772800000 
0.10700 0.164918600000 
0.10750 0.161242400000 
0.10800 0.157566200000 
0.10850 0.153890000000 
0.10900 0.150467000000 
0.10950 0.147103600000 
0.11000 0.143740000000 
0.11050 0.140412800000 
0.11100 0.137332600000 
0.11150 0.134252200000 
0.11200 0.131172000000 
0.11250 0.128205600000 
0.11300 0.125385000000 
0.11350 0.122564400000 
0.11400 0.119743800000 
0.11450 0.117096800000 
0.11500 0.114510800000 
0.11550 0.111925000000 
0.11600 0.109345800000 
0.11650 0.106975000000 
0.11700 0.104604000000 
0.11750 0.102233000000 
0.11800 0.099923400000 
0.11850 0.097747600000 
0.11900 0.095571600000 
0.11950 0.093395800000 
0.12000 0.091326200000 
0.12050 0.089330200000 
0.12100 0.087334200000 
0.12150 0.085338200000 
0.12200 0.083482000000 
0.12250 0.081648600000 
0.12300 0.079815400000 
0.12350 0.077999600000 
0.12400 0.076315200000 
0.12450 0.074630600000 
0.12500 0.072946000000 
0.12550 0.071312200000 
0.12600 0.069764600000 
0.12650 0.068217000000 
0.12700 0.066669600000 
0.12750 0.065199000000 
0.12800 0.063776800000 
0.12850 0.062354600000 
0.12900 0.060932600000 
0.12950 0.059607400000 
0.13000 0.058299600000 
0.13050 0.056991600000 
0.13100 0.055691800000 
0.13150 0.054489400000 
0.13200 0.053287000000 
0.13250 0.052084600000 
0.13300 0.050910800000 
0.13350 0.049804400000 
0.13400 0.048698200000 
0.13450 0.047592000000 
0.13500 0.046530600000 
0.13550 0.045512600000 
0.13600 0.044494800000 
0.13650 0.043477000000 
0.13700 0.042517000000 
0.13750 0.041581000000 
0.13800 0.040645000000 
0.13850 0.039709000000 
0.13900 0.038840200000 
0.13950 0.037979000000 
0.14000 0.037117600000 
0.14050 0.036262200000 
0.14100 0.035470000000 
0.14150 0.034678000000 
0.14200 0.033886000000 
0.14250 0.033110400000 
0.14300 0.032381600000 
0.14350 0.031652800000 
0.14400 0.030924000000 
0.14450 0.030220200000 
0.14500 0.029549600000 
0.14550 0.028879200000 
0.14600 0.028208600000 
0.14650 0.027569400000 
0.14700 0.026952600000 
0.14750 0.026335800000 
0.14800 0.025719000000 
0.14850 0.025138600000 
0.14900 0.024572000000 
0.14950 0.024005200000 
0.15000 0.023438600000 
0.15050 0.022911200000 
0.15100 0.022390200000 
0.15150 0.021869200000 
0.15200 0.021348200000 
0.15250 0.020868600000 
0.15300 0.020389800000 
0.15350 0.019910900000 
0.15400 0.019435740000 
0.15450 0.018996320000 
0.15500 0.018556880000 
0.15550 0.018117460000 
0.15600 0.017684900000 
0.15650 0.017281400000 
0.15700 0.016877880000 
0.15750 0.016474380000 
0.15800 0.016079960000 
0.15850 0.015709200000 
0.15900 0.015338420000 
0.15950 0.014967660000 
0.16000 0.014607780000 
0.16050 0.014268080000 
0.16100 0.013928380000 
0.16150 0.013588680000 
0.16200 0.013260620000 
0.16250 0.012949200000 
0.16300 0.012637780000 
0.16350 0.012326360000 
0.16400 0.012026880000 
0.16450 0.011741580000 
0.16500 0.011456280000 
0.16550 0.011170980000 
0.16600 0.010897660000 
0.16650 0.010636820000 
0.16700 0.010376000000 
0.16750 0.010115160000 
0.16800 0.009865440000 
0.16850 0.009626480000 
0.16900 0.009387520000 
0.16950 0.009148560000 
0.17000 0.008920280000 
0.17050 0.008702180000 
0.17100 0.008484080000 
0.17150 0.008265980000 
0.17200 0.008057180000 
0.17250 0.007857680000 
0.17300 0.007658160000 
0.17350 0.007458660000 
0.17400 0.007267440000 
0.17450 0.007085380000 
0.17500 0.006903340000 
0.17550 0.006721280000 
0.17600 0.006546320000 
0.17650 0.006380640000 
0.17700 0.006214940000 
0.17750 0.006049260000 
0.17800 0.005889160000 
0.17850 0.005738240000 
0.17900 0.005587340000 
0.17950 0.005436440000 
0.18000 0.005289640000 
0.18050 0.005152060000 
0.18100 0.005014500000 
0.18150 0.004876940000 
0.18200 0.004742180000 
0.18250 0.004617140000 
0.18300 0.004492100000 
0.18350 0.004367080000 
0.18400 0.004243520000 
0.18450 0.004130220000 
0.18500 0.004016920000 
0.18550 0.003903620000 
0.18600 0.003790480000 
0.18650 0.003687500000 
0.18700 0.003584520000 
0.18750 0.003481560000 
0.18800 0.003378580000 
0.18850 0.003284440000 
0.18900 0.003191360000 
0.18950 0.003098280000 
0.19000 0.003005200000 
0.19050 0.002918700000 
0.19100 0.002834300000 
0.19150 0.002749880000 
0.19200 0.002665480000 
0.19250 0.002586060000 
0.19300 0.002509780000 
0.19350 0.002433520000 
0.19400 0.002357240000 
0.19450 0.002284400000 
0.19500 0.002215560000 
0.19550 0.002146740000 
0.19600 0.002077900000 
0.19650 0.002011140000 
0.19700 0.001949098000 
0.19750 0.001887062000 
0.19800 0.001825028000 
0.19850 0.001763876000 
0.19900 0.001708054000 
0.19950 0.001652232000 
0.20000 0.001596408000 
0.20050 0.001540586000 
0.20100 0.001490168000 
0.20150 0.001439874000 
0.20200 0.001389580000 
0.20250 0.001339286000 
0.20300 0.001293322000 
0.20350 0.001248350000 
0.20400 0.001203376000 
0.20450 0.001158402000 
0.20500 0.001116432000 
0.20550 0.001076050000 
0.20600 0.001035666000 
0.20650 0.000995282000 
0.20700 0.000957122000 
0.20750 0.000921166000 
0.20800 0.000885208000 
0.20850 0.000849250000 
0.20900 0.000814670000 
0.20950 0.000782518000 
0.21000 0.000750368000 
0.21050 0.000718216000 
0.21100 0.000686890000 
0.21150 0.000658222000 
0.21200 0.000629554000 
0.21250 0.000600884000 
0.21300 0.000572666000 
0.21350 0.000547370000 
0.21400 0.000522074000 
0.21450 0.000496776000 
0.21500 0.000471642000 
0.21550 0.000449244000 
0.21600 0.000426846000 
0.21650 0.000404450000 
0.21700 0.000382080000 
0.21750 0.000362500000 
0.21800 0.000342922000 
0.21850 0.000323344000 
0.21900 0.000303772000 
0.21950 0.000286628000 
0.22000 0.000269484000 
0.22050 0.000252342000 
0.22100 0.000235290000 
0.22150 0.000220410000 
0.22200 0.000205528000 
0.22250 0.000190646000 
0.22300 0.000176061600 
0.22350 0.000163405000 
0.22400 0.000150748600 
0.22450 0.000138092000 
0.22500 0.000126004400 
0.22550 0.000115322400 
0.22600 0.000104640400 
0.22650 0.000093958400 
0.22700 0.000084271000 
0.22750 0.000075523400 
0.22800 0.000066775800 
0.22850 0.000058028200 
0.22900 0.000050817800 
0.22950 0.000043941200 
0.23000 0.000037064800 
0.23050 0.000030594400 
0.23100 0.000025551200 
0.23150 0.000020508000 
0.23200 0.000015464640 
0.23250 0.000011812500 
0.23300 0.000008686200 
0.23350 0.000005559900 
