0.00000 867.834000000000 
0.00050 781.386000000000 
0.00100 694.938000000000 
0.00150 608.492000000000 
0.00200 522.044000000000 
0.00250 460.088000000000 
0.00300 405.438000000000 
0.00350 360.124000000000 
0.00400 323.444000000000 
0.00450 288.840000000000 
0.00500 263.170000000000 
0.00550 237.498000000000 
0.00600 217.418000000000 
0.00650 198.870200000000 
0.00700 181.834000000000 
0.00750 168.085800000000 
0.00800 154.337400000000 
0.00850 143.209200000000 
0.00900 132.801400000000 
0.00950 122.867600000000 
0.01000 114.846600000000 
0.01050 106.825600000000 
0.01100 99.785600000000 
0.01150 93.508600000000 
0.01200 87.231600000000 
0.01250 82.098600000000 
0.01300 77.120200000000 
0.01350 72.296800000000 
0.01400 68.301800000000 
0.01450 64.307000000000 
0.01500 60.611400000000 
0.01550 57.372200000000 
0.01600 54.133200000000 
0.01650 51.246800000000 
0.01700 48.596000000000 
0.01750 45.945200000000 
0.01800 43.652000000000 
0.01850 41.464600000000 
0.01900 39.277200000000 
0.01950 37.427200000000 
0.02000 35.608800000000 
0.02050 33.799200000000 
0.02100 32.277200000000 
0.02150 30.755000000000 
0.02200 29.262000000000 
0.02250 27.980400000000 
0.02300 26.698600000000 
0.02350 25.454000000000 
0.02400 24.368600000000 
0.02450 23.283200000000 
0.02500 22.235800000000 
0.02550 21.312200000000 
0.02600 20.388400000000 
0.02650 19.499680000000 
0.02700 18.709920000000 
0.02750 17.920140000000 
0.02800 17.160200000000 
0.02850 16.482100000000 
0.02900 15.804000000000 
0.02950 15.149840000000 
0.03000 14.565340000000 
0.03050 13.980860000000 
0.03100 13.414280000000 
0.03150 12.908700000000 
0.03200 12.403140000000 
0.03250 11.909680000000 
0.03300 11.470940000000 
0.03350 11.032200000000 
0.03400 10.600260000000 
0.03450 10.218380000000 
0.03500 9.836500000000 
0.03550 9.456660000000 
0.03600 9.123360000000 
0.03650 8.790040000000 
0.03700 8.456740000000 
0.03750 8.162980000000 
0.03800 7.871320000000 
0.03850 7.579660000000 
0.03900 7.318160000000 
0.03950 7.062360000000 
0.04000 6.806540000000 
0.04050 6.572980000000 
0.04100 6.348120000000 
0.04150 6.123260000000 
0.04200 5.913980000000 
0.04250 5.715920000000 
0.04300 5.517860000000 
0.04350 5.329780000000 
0.04400 5.155020000000 
0.04450 4.980240000000 
0.04500 4.810780000000 
0.04550 4.656280000000 
0.04600 4.501780000000 
0.04650 4.348700000000 
0.04700 4.211900000000 
0.04750 4.075100000000 
0.04800 3.938300000000 
0.04850 3.815180000000 
0.04900 3.693860000000 
0.04950 3.572540000000 
0.05000 3.460340000000 
0.05050 3.352620000000 
0.05100 3.244880000000 
0.05150 3.142440000000 
0.05200 3.046640000000 
0.05250 2.950820000000 
0.05300 2.857160000000 
0.05350 2.771840000000 
0.05400 2.686540000000 
0.05450 2.601220000000 
0.05500 2.524660000000 
0.05550 2.448620000000 
0.05600 2.372560000000 
0.05650 2.302020000000 
0.05700 2.234120000000 
0.05750 2.166240000000 
0.05800 2.101160000000 
0.05850 2.040500000000 
0.05900 1.979840000000 
0.05950 1.919724000000 
0.06000 1.865466000000 
0.06050 1.811206000000 
0.06100 1.756948000000 
0.06150 1.707038000000 
0.06200 1.658452000000 
0.06250 1.609866000000 
0.06300 1.563462000000 
0.06350 1.519916000000 
0.06400 1.476370000000 
0.06450 1.433200000000 
0.06500 1.394130000000 
0.06550 1.355060000000 
0.06600 1.315990000000 
0.06650 1.279790000000 
0.06700 1.244704000000 
0.06750 1.209620000000 
0.06800 1.175744000000 
0.06850 1.144208000000 
0.06900 1.112670000000 
0.06950 1.081134000000 
0.07000 1.052590000000 
0.07050 1.024218000000 
0.07100 0.995846000000 
0.07150 0.968986000000 
0.07200 0.943440000000 
0.07250 0.917896000000 
0.07300 0.892628000000 
0.07350 0.869606000000 
0.07400 0.846582000000 
0.07450 0.823560000000 
0.07500 0.802050000000 
0.07550 0.781286000000 
0.07600 0.760520000000 
0.07650 0.740190000000 
0.07700 0.721444000000 
0.07750 0.702698000000 
0.07800 0.683952000000 
0.07850 0.666558000000 
0.07900 0.649622000000 
0.07950 0.632686000000 
0.08000 0.616176000000 
0.08050 0.600862000000 
0.08100 0.585548000000 
0.08150 0.570236000000 
0.08200 0.556034000000 
0.08250 0.542176000000 
0.08300 0.528318000000 
0.08350 0.514790000000 
0.08400 0.502238000000 
0.08450 0.489688000000 
0.08500 0.477138000000 
0.08550 0.465442000000 
0.08600 0.454064000000 
0.08650 0.442688000000 
0.08700 0.431512000000 
0.08750 0.421194000000 
0.08800 0.410878000000 
0.08850 0.400560000000 
0.08900 0.390848000000 
0.08950 0.381482000000 
0.09000 0.372114000000 
0.09050 0.362808000000 
0.09100 0.354300000000 
0.09150 0.345790000000 
0.09200 0.337280000000 
0.09250 0.329156000000 
0.09300 0.321418000000 
0.09350 0.313682000000 
0.09400 0.305944000000 
0.09450 0.298842000000 
0.09500 0.291804000000 
0.09550 0.284766000000 
0.09600 0.277922000000 
0.09650 0.271512000000 
0.09700 0.265102000000 
0.09750 0.258694000000 
0.09800 0.252682000000 
0.09850 0.246842000000 
0.09900 0.241004000000 
0.09950 0.235202000000 
0.10000 0.229878000000 
0.10050 0.224554000000 
0.10100 0.219230000000 
0.10150 0.214112000000 
0.10200 0.209254000000 
0.10250 0.204396000000 
0.10300 0.199539200000 
0.10350 0.195019000000 
0.10400 0.190583800000 
0.10450 0.186148400000 
0.10500 0.181769000000 
0.10550 0.177717000000 
0.10600 0.173664800000 
0.10650 0.169612800000 
0.10700 0.165728600000 
0.10750 0.162024400000 
0.10800 0.158320000000 
0.10850 0.154615800000 
0.10900 0.151167400000 
0.10950 0.147779200000 
0.11000 0.144390800000 
0.11050 0.141039200000 
0.11100 0.137937200000 
0.11150 0.134835000000 
0.11200 0.131732800000 
0.11250 0.128745600000 
0.11300 0.125905800000 
0.11350 0.123066000000 
0.11400 0.120226200000 
0.11450 0.117561400000 
0.11500 0.114958600000 
0.11550 0.112355800000 
0.11600 0.109759800000 
0.11650 0.107373800000 
0.11700 0.104987800000 
0.11750 0.102602000000 
0.11800 0.100278000000 
0.11850 0.098089000000 
0.11900 0.095900000000 
0.11950 0.093711000000 
0.12000 0.091629200000 
0.12050 0.089621600000 
0.12100 0.087614000000 
0.12150 0.085606600000 
0.12200 0.083739800000 
0.12250 0.081896400000 
0.12300 0.080053000000 
0.12350 0.078227200000 
0.12400 0.076533800000 
0.12450 0.074840400000 
0.12500 0.073147000000 
0.12550 0.071504600000 
0.12600 0.069949400000 
0.12650 0.068394000000 
0.12700 0.066838600000 
0.12750 0.065360800000 
0.12800 0.063931800000 
0.12850 0.062503000000 
0.12900 0.061074000000 
0.12950 0.059742800000 
0.13000 0.058429000000 
0.13050 0.057115000000 
0.13100 0.055809400000 
0.13150 0.054601800000 
0.13200 0.053394200000 
0.13250 0.052186800000 
0.13300 0.051007800000 
0.13350 0.049897000000 
0.13400 0.048786400000 
0.13450 0.047675600000 
0.13500 0.046610000000 
0.13550 0.045588200000 
0.13600 0.044566400000 
0.13650 0.043544600000 
0.13700 0.042581200000 
0.13750 0.041641800000 
0.13800 0.040702400000 
0.13850 0.039763000000 
0.13900 0.038891400000 
0.13950 0.038027200000 
0.14000 0.037162800000 
0.14050 0.036304600000 
0.14100 0.035510000000 
0.14150 0.034715600000 
0.14200 0.033921000000 
0.14250 0.033143000000 
0.14300 0.032412200000 
0.14350 0.031681200000 
0.14400 0.030950400000 
0.14450 0.030244400000 
0.14500 0.029572000000 
0.14550 0.028899800000 
0.14600 0.028227400000 
0.14650 0.027586600000 
0.14700 0.026968200000 
0.14750 0.026350000000 
0.14800 0.025731600000 
0.14850 0.025149800000 
0.14900 0.024581800000 
0.14950 0.024014000000 
0.15000 0.023446000000 
0.15050 0.022917400000 
0.15100 0.022395400000 
0.15150 0.021873400000 
0.15200 0.021351200000 
0.15250 0.020870800000 
0.15300 0.020391200000 
0.15350 0.019911400000 
0.15400 0.019435380000 
0.15450 0.018995240000 
0.15500 0.018555080000 
0.15550 0.018114940000 
0.15600 0.017681700000 
0.15650 0.017277620000 
0.15700 0.016873540000 
0.15750 0.016469460000 
0.15800 0.016074500000 
0.15850 0.015703280000 
0.15900 0.015332060000 
0.15950 0.014960840000 
0.16000 0.014600560000 
0.16050 0.014260520000 
0.16100 0.013920460000 
0.16150 0.013580420000 
0.16200 0.013252040000 
0.16250 0.012940360000 
0.16300 0.012628700000 
0.16350 0.012317020000 
0.16400 0.012017320000 
0.16450 0.011731840000 
0.16500 0.011446360000 
0.16550 0.011160880000 
0.16600 0.010887420000 
0.16650 0.010626460000 
0.16700 0.010365500000 
0.16750 0.010104560000 
0.16800 0.009854740000 
0.16850 0.009615720000 
0.16900 0.009376720000 
0.16950 0.009137700000 
0.17000 0.008909360000 
0.17050 0.008691260000 
0.17100 0.008473140000 
0.17150 0.008255020000 
0.17200 0.008046220000 
0.17250 0.007846740000 
0.17300 0.007647260000 
0.17350 0.007447780000 
0.17400 0.007256580000 
0.17450 0.007074600000 
0.17500 0.006892600000 
0.17550 0.006710600000 
0.17600 0.006535700000 
0.17650 0.006370100000 
0.17700 0.006204480000 
0.17750 0.006038860000 
0.17800 0.005878840000 
0.17850 0.005728040000 
0.17900 0.005577220000 
0.17950 0.005426420000 
0.18000 0.005279700000 
0.18050 0.005142260000 
0.18100 0.005004800000 
0.18150 0.004867360000 
0.18200 0.004732700000 
0.18250 0.004607800000 
0.18300 0.004482880000 
0.18350 0.004357960000 
0.18400 0.004234520000 
0.18450 0.004121360000 
0.18500 0.004008180000 
0.18550 0.003895020000 
0.18600 0.003782000000 
0.18650 0.003679160000 
0.18700 0.003576320000 
0.18750 0.003473480000 
0.18800 0.003370640000 
0.18850 0.003276640000 
0.18900 0.003183700000 
0.18950 0.003090760000 
0.19000 0.002997820000 
0.19050 0.002911440000 
0.19100 0.002827180000 
0.19150 0.002742900000 
0.19200 0.002658620000 
0.19250 0.002579360000 
0.19300 0.002503220000 
0.19350 0.002427080000 
0.19400 0.002350920000 
0.19450 0.002278240000 
0.19500 0.002209520000 
0.19550 0.002140820000 
0.19600 0.002072120000 
0.19650 0.002005480000 
0.19700 0.001943580000 
0.19750 0.001881674000 
0.19800 0.001819768000 
0.19850 0.001758744000 
0.19900 0.001703044000 
0.19950 0.001647346000 
0.20000 0.001591646000 
0.20050 0.001535948000 
0.20100 0.001485648000 
0.20150 0.001435474000 
0.20200 0.001385298000 
0.20250 0.001335122000 
0.20300 0.001289274000 
0.20350 0.001244412000 
0.20400 0.001199550000 
0.20450 0.001154690000 
0.20500 0.001112830000 
0.20550 0.001072552000 
0.20600 0.001032276000 
0.20650 0.000991998000 
0.20700 0.000953942000 
0.20750 0.000918084000 
0.20800 0.000882226000 
0.20850 0.000846370000 
0.20900 0.000811886000 
0.20950 0.000779828000 
0.21000 0.000747772000 
0.21050 0.000715714000 
0.21100 0.000684480000 
0.21150 0.000655898000 
0.21200 0.000627318000 
0.21250 0.000598738000 
0.21300 0.000570604000 
0.21350 0.000545388000 
0.21400 0.000520172000 
0.21450 0.000494958000 
0.21500 0.000469902000 
0.21550 0.000447578000 
0.21600 0.000425256000 
0.21650 0.000402932000 
0.21700 0.000380636000 
0.21750 0.000361126000 
0.21800 0.000341614000 
0.21850 0.000322102000 
0.21900 0.000302598000 
0.21950 0.000285516000 
0.22000 0.000268434000 
0.22050 0.000251350000 
0.22100 0.000234362000 
0.22150 0.000219534000 
0.22200 0.000204708000 
0.22250 0.000189881600 
0.22300 0.000175351200 
0.22350 0.000162743000 
0.22400 0.000150134600 
0.22450 0.000137526400 
0.22500 0.000125485200 
0.22550 0.000114845400 
0.22600 0.000104205400 
0.22650 0.000093565600 
0.22700 0.000083916800 
0.22750 0.000075204600 
0.22800 0.000066492600 
0.22850 0.000057780400 
0.22900 0.000050600000 
0.22950 0.000043752200 
0.23000 0.000036904400 
0.23050 0.000030461200 
0.23100 0.000025439600 
0.23150 0.000020418000 
0.23200 0.000015396360 
0.23250 0.000011760140 
0.23300 0.000008647600 
0.23350 0.000005535080 
