0.00000 141.837200000000 
0.00050 122.387000000000 
0.00100 102.936800000000 
0.00150 83.486600000000 
0.00200 64.036200000000 
0.00250 51.586400000000 
0.00300 41.225200000000 
0.00350 33.240800000000 
0.00400 27.454600000000 
0.00450 22.125400000000 
0.00500 18.760240000000 
0.00550 15.395060000000 
0.00600 13.082100000000 
0.00650 11.057100000000 
0.00700 9.274880000000 
0.00750 8.020620000000 
0.00800 6.766360000000 
0.00850 5.871240000000 
0.00900 5.074860000000 
0.00950 4.334040000000 
0.01000 3.817380000000 
0.01050 3.300720000000 
0.01100 2.882540000000 
0.01150 2.540960000000 
0.01200 2.199360000000 
0.01250 1.956384000000 
0.01300 1.726730000000 
0.01350 1.508564000000 
0.01400 1.351842000000 
0.01450 1.195120000000 
0.01500 1.057538000000 
0.01550 0.949144000000 
0.01600 0.840748000000 
0.01650 0.751858000000 
0.01700 0.675974000000 
0.01750 0.600092000000 
0.01800 0.541324000000 
0.01850 0.487616000000 
0.01900 0.433908000000 
0.01950 0.394202000000 
0.02000 0.355806000000 
0.02050 0.317734000000 
0.02100 0.290034000000 
0.02150 0.262334000000 
0.02200 0.235548000000 
0.02250 0.215396000000 
0.02300 0.195243200000 
0.02350 0.176105600000 
0.02400 0.161331200000 
0.02450 0.146557000000 
0.02500 0.132689800000 
0.02550 0.121781000000 
0.02600 0.110872400000 
0.02650 0.100693200000 
0.02700 0.092585400000 
0.02750 0.084477600000 
0.02800 0.076916200000 
0.02850 0.070853400000 
0.02900 0.064790800000 
0.02950 0.059112400000 
0.03000 0.054553200000 
0.03050 0.049993800000 
0.03100 0.045687000000 
0.03150 0.042240200000 
0.03200 0.038793600000 
0.03250 0.035497000000 
0.03300 0.032878400000 
0.03350 0.030260000000 
0.03400 0.027715600000 
0.03450 0.025717200000 
0.03500 0.023718600000 
0.03550 0.021740000000 
0.03600 0.020208200000 
0.03650 0.018676260000 
0.03700 0.017144420000 
0.03750 0.015947680000 
0.03800 0.014768740000 
0.03850 0.013589820000 
0.03900 0.012636580000 
0.03950 0.011725800000 
0.04000 0.010815000000 
0.04050 0.010051320000 
0.04100 0.009345140000 
0.04150 0.008638980000 
0.04200 0.008023960000 
0.04250 0.007474560000 
0.04300 0.006925180000 
0.04350 0.006427520000 
0.04400 0.005998740000 
0.04450 0.005569940000 
0.04500 0.005165520000 
0.04550 0.004829840000 
0.04600 0.004494140000 
0.04650 0.004164220000 
0.04700 0.003900640000 
0.04750 0.003637060000 
0.04800 0.003373500000 
0.04850 0.003159420000 
0.04900 0.002951900000 
0.04950 0.002744360000 
0.05000 0.002566180000 
0.05050 0.002402360000 
0.05100 0.002238520000 
0.05150 0.002089900000 
0.05200 0.001960234000 
0.05250 0.001830568000 
0.05300 0.001706348000 
0.05350 0.001603472000 
0.05400 0.001500594000 
0.05450 0.001397718000 
0.05500 0.001314774000 
0.05550 0.001232958000 
0.05600 0.001151144000 
0.05650 0.001080524000 
0.05700 0.001015310000 
0.05750 0.000950096000 
0.05800 0.000889960000 
0.05850 0.000837864000 
0.05900 0.000785766000 
0.05950 0.000734548000 
0.06000 0.000692842000 
0.06050 0.000651136000 
0.06100 0.000609430000 
0.06150 0.000574046000 
0.06200 0.000540588000 
0.06250 0.000507130000 
0.06300 0.000476516000 
0.06350 0.000449620000 
0.06400 0.000422726000 
0.06450 0.000396272000 
0.06500 0.000374612000 
0.06550 0.000352950000 
0.06600 0.000331288000 
0.06650 0.000312638000 
0.06700 0.000295158000 
0.06750 0.000277678000 
0.06800 0.000261338000 
0.06850 0.000247204000 
0.06900 0.000233072000 
0.06950 0.000218940000 
0.07000 0.000207348000 
0.07050 0.000195900400 
0.07100 0.000184453600 
0.07150 0.000174162400 
0.07200 0.000164874200 
0.07250 0.000155586000 
0.07300 0.000146489400 
0.07350 0.000138939400 
0.07400 0.000131389400 
0.07450 0.000123839400 
0.07500 0.000117229000 
0.07550 0.000111081200 
0.07600 0.000104933400 
0.07650 0.000099029600 
0.07700 0.000094015200 
0.07750 0.000089000600 
0.07800 0.000083986000 
0.07850 0.000079656000 
0.07900 0.000075559000 
0.07950 0.000071462000 
0.08000 0.000067560000 
0.08050 0.000064207200 
0.08100 0.000060854200 
0.08150 0.000057501400 
0.08200 0.000054610600 
0.08250 0.000051862200 
0.08300 0.000049113800 
0.08350 0.000046489800 
0.08400 0.000044233200 
0.08450 0.000041976800 
0.08500 0.000039720400 
0.08550 0.000037755600 
0.08600 0.000035900000 
0.08650 0.000034044600 
0.08700 0.000032251000 
0.08750 0.000030722800 
0.08800 0.000029194600 
0.08850 0.000027666400 
0.08900 0.000026309000 
0.08950 0.000025048600 
0.09000 0.000023788000 
0.09050 0.000022543800 
0.09100 0.000021502400 
0.09150 0.000020461200 
0.09200 0.000019420040 
0.09250 0.000018468220 
0.09300 0.000017606820 
0.09350 0.000016745440 
0.09400 0.000015884040 
0.09450 0.000015156900 
0.09500 0.000014443260 
0.09550 0.000013729620 
0.09600 0.000013053480 
0.09650 0.000012461400 
0.09700 0.000011869320 
0.09750 0.000011277240 
0.09800 0.000010755000 
0.09850 0.000010263080 
0.09900 0.000009771160 
0.09950 0.000009285440 
0.10000 0.000008876180 
0.10050 0.000008466940 
0.10100 0.000008057680 
0.10150 0.000007678620 
0.10200 0.000007337680 
0.10250 0.000006996740 
0.10300 0.000006655780 
0.10350 0.000006360000 
0.10400 0.000006075600 
0.10450 0.000005791180 
0.10500 0.000005513600 
0.10550 0.000005276040 
0.10600 0.000005038480 
0.10650 0.000004800940 
0.10700 0.000004582140 
0.10750 0.000004383480 
0.10800 0.000004184800 
0.10850 0.000003986140 
0.10900 0.000003813640 
0.10950 0.000003647300 
0.11000 0.000003480940 
0.11050 0.000003318040 
0.11100 0.000003178580 
0.11150 0.000003039120 
0.11200 0.000002899660 
0.11250 0.000002770020 
0.11300 0.000002652960 
0.11350 0.000002535900 
0.11400 0.000002418840 
0.11450 0.000002315600 
0.11500 0.000002217240 
0.11550 0.000002118880 
0.11600 0.000002021020 
0.11650 0.000001938272 
0.11700 0.000001855530 
0.11750 0.000001772788 
0.11800 0.000001694162 
0.11850 0.000001624484 
0.11900 0.000001554804 
0.11950 0.000001485124 
0.12000 0.000001421910 
0.12050 0.000001363170 
0.12100 0.000001304432 
0.12150 0.000001245692 
0.12200 0.000001194828 
0.12250 0.000001145262 
0.12300 0.000001095694 
0.12350 0.000001047038 
0.12400 0.000001005168 
0.12450 0.000000963300 
0.12500 0.000000921432 
0.12550 0.000000881958 
0.12600 0.000000846560 
0.12650 0.000000811162 
0.12700 0.000000775764 
0.12750 0.000000743706 
0.12800 0.000000713752 
0.12850 0.000000683796 
0.12900 0.000000653842 
0.12950 0.000000627782 
0.13000 0.000000602412 
0.13050 0.000000577042 
0.13100 0.000000551968 
0.13150 0.000000530462 
0.13200 0.000000508958 
0.13250 0.000000487454 
0.13300 0.000000466914 
0.13350 0.000000448670 
0.13400 0.000000430426 
0.13450 0.000000412184 
0.13500 0.000000395336 
0.13550 0.000000379848 
0.13600 0.000000364362 
0.13650 0.000000348874 
0.13700 0.000000335038 
0.13750 0.000000321880 
0.13800 0.000000308722 
0.13850 0.000000295564 
0.13900 0.000000284186 
0.13950 0.000000273000 
0.14000 0.000000261814 
0.14050 0.000000250772 
0.14100 0.000000241258 
0.14150 0.000000231742 
0.14200 0.000000222228 
0.14250 0.000000213082 
0.14300 0.000000204982 
0.14350 0.000000196884 
0.14400 0.000000188785 
0.14450 0.000000181197 
0.14500 0.000000174300 
0.14550 0.000000167402 
0.14600 0.000000160504 
0.14650 0.000000154199 
0.14700 0.000000148322 
0.14750 0.000000142444 
0.14800 0.000000136566 
0.14850 0.000000131318 
0.14900 0.000000126307 
0.14950 0.000000121297 
0.15000 0.000000116286 
0.15050 0.000000111909 
0.15100 0.000000107636 
0.15150 0.000000103362 
0.15200 0.000000099089 
0.15250 0.000000095431 
0.15300 0.000000091784 
0.15350 0.000000088138 
0.15400 0.000000084541 
0.15450 0.000000081429 
0.15500 0.000000078317 
0.15550 0.000000075204 
0.15600 0.000000072179 
0.15650 0.000000069522 
0.15700 0.000000066864 
0.15750 0.000000064207 
0.15800 0.000000061657 
0.15850 0.000000059387 
0.15900 0.000000057117 
0.15950 0.000000054847 
0.16000 0.000000052693 
0.16050 0.000000050753 
0.16100 0.000000048814 
0.16150 0.000000046875 
0.16200 0.000000045052 
0.16250 0.000000043394 
0.16300 0.000000041737 
0.16350 0.000000040080 
0.16400 0.000000038533 
0.16450 0.000000037116 
0.16500 0.000000035699 
0.16550 0.000000034283 
0.16600 0.000000032967 
0.16650 0.000000031756 
0.16700 0.000000030545 
0.16750 0.000000029335 
0.16800 0.000000028213 
0.16850 0.000000027177 
0.16900 0.000000026142 
0.16950 0.000000025106 
0.17000 0.000000024147 
0.17050 0.000000023262 
0.17100 0.000000022376 
0.17150 0.000000021491 
0.17200 0.000000020670 
0.17250 0.000000019912 
0.17300 0.000000019155 
0.17350 0.000000018397 
0.17400 0.000000017692 
0.17450 0.000000017044 
0.17500 0.000000016396 
0.17550 0.000000015748 
0.17600 0.000000015141 
0.17650 0.000000014587 
0.17700 0.000000014033 
0.17750 0.000000013479 
0.17800 0.000000012956 
0.17850 0.000000012482 
0.17900 0.000000012008 
0.17950 0.000000011534 
0.18000 0.000000011081 
0.18050 0.000000010676 
0.18100 0.000000010270 
0.18150 0.000000009865 
0.18200 0.000000009473 
0.18250 0.000000009126 
0.18300 0.000000008779 
0.18350 0.000000008432 
0.18400 0.000000008092 
0.18450 0.000000007795 
0.18500 0.000000007499 
0.18550 0.000000007202 
0.18600 0.000000006906 
0.18650 0.000000006653 
0.18700 0.000000006399 
0.18750 0.000000006145 
0.18800 0.000000005892 
0.18850 0.000000005671 
0.18900 0.000000005454 
0.18950 0.000000005237 
0.19000 0.000000005021 
0.19050 0.000000004828 
0.19100 0.000000004642 
0.19150 0.000000004457 
0.19200 0.000000004271 
0.19250 0.000000004103 
0.19300 0.000000003944 
0.19350 0.000000003786 
0.19400 0.000000003627 
0.19450 0.000000003479 
0.19500 0.000000003344 
0.19550 0.000000003208 
0.19600 0.000000003073 
0.19650 0.000000002944 
0.19700 0.000000002828 
0.19750 0.000000002712 
0.19800 0.000000002597 
0.19850 0.000000002484 
0.19900 0.000000002385 
0.19950 0.000000002286 
0.20000 0.000000002187 
0.20050 0.000000002089 
0.20100 0.000000002004 
0.20150 0.000000001920 
0.20200 0.000000001835 
0.20250 0.000000001751 
0.20300 0.000000001677 
0.20350 0.000000001605 
0.20400 0.000000001533 
0.20450 0.000000001462 
0.20500 0.000000001397 
0.20550 0.000000001335 
0.20600 0.000000001274 
0.20650 0.000000001213 
0.20700 0.000000001156 
0.20750 0.000000001104 
0.20800 0.000000001052 
0.20850 0.000000001000 
0.20900 0.000000000951 
0.20950 0.000000000907 
0.21000 0.000000000863 
0.21050 0.000000000818 
0.21100 0.000000000776 
0.21150 0.000000000738 
0.21200 0.000000000701 
0.21250 0.000000000663 
0.21300 0.000000000626 
0.21350 0.000000000594 
0.21400 0.000000000563 
0.21450 0.000000000531 
0.21500 0.000000000500 
0.21550 0.000000000473 
0.21600 0.000000000446 
0.21650 0.000000000419 
0.21700 0.000000000392 
0.21750 0.000000000370 
0.21800 0.000000000347 
0.21850 0.000000000325 
0.21900 0.000000000303 
0.21950 0.000000000284 
0.22000 0.000000000265 
0.22050 0.000000000246 
0.22100 0.000000000227 
0.22150 0.000000000212 
0.22200 0.000000000196 
0.22250 0.000000000181 
0.22300 0.000000000165 
0.22350 0.000000000153 
0.22400 0.000000000140 
0.22450 0.000000000127 
0.22500 0.000000000115 
0.22550 0.000000000105 
0.22600 0.000000000094 
0.22650 0.000000000084 
0.22700 0.000000000075 
0.22750 0.000000000067 
0.22800 0.000000000059 
0.22850 0.000000000050 
0.22900 0.000000000044 
0.22950 0.000000000038 
0.23000 0.000000000032 
0.23050 0.000000000026 
0.23100 0.000000000021 
0.23150 0.000000000017 
0.23200 0.000000000013 
0.23250 0.000000000010 
0.23300 0.000000000007 
0.23350 0.000000000005 
