0.00000 845.994000000000 
0.00050 762.416000000000 
0.00100 678.836000000000 
0.00150 595.258000000000 
0.00200 511.678000000000 
0.00250 451.560000000000 
0.00300 398.438000000000 
0.00350 354.320000000000 
0.00400 318.528000000000 
0.00450 284.748000000000 
0.00500 259.624000000000 
0.00550 234.498000000000 
0.00600 214.810000000000 
0.00650 196.611800000000 
0.00700 179.888000000000 
0.00750 166.371000000000 
0.00800 152.854000000000 
0.00850 141.898600000000 
0.00900 131.647600000000 
0.00950 121.860800000000 
0.01000 113.948400000000 
0.01050 106.035800000000 
0.01100 99.086400000000 
0.01150 92.885600000000 
0.01200 86.684800000000 
0.01250 81.609000000000 
0.01300 76.685000000000 
0.01350 71.913600000000 
0.01400 67.958000000000 
0.01450 64.002400000000 
0.01500 60.342000000000 
0.01550 57.131400000000 
0.01600 53.920800000000 
0.01650 51.058600000000 
0.01700 48.428800000000 
0.01750 45.798800000000 
0.01800 43.522400000000 
0.01850 41.350400000000 
0.01900 39.178600000000 
0.01950 37.340200000000 
0.02000 35.533200000000 
0.02050 33.734800000000 
0.02100 32.221200000000 
0.02150 30.707600000000 
0.02200 29.222800000000 
0.02250 27.947400000000 
0.02300 26.671800000000 
0.02350 25.433200000000 
0.02400 24.352400000000 
0.02450 23.271600000000 
0.02500 22.228600000000 
0.02550 21.308200000000 
0.02600 20.387800000000 
0.02650 19.502160000000 
0.02700 18.714820000000 
0.02750 17.927480000000 
0.02800 17.169780000000 
0.02850 16.493400000000 
0.02900 15.817020000000 
0.02950 15.164420000000 
0.03000 14.581140000000 
0.03050 13.997840000000 
0.03100 13.432360000000 
0.03150 12.927580000000 
0.03200 12.422800000000 
0.03250 11.930080000000 
0.03300 11.491820000000 
0.03350 11.053560000000 
0.03400 10.622100000000 
0.03450 10.240460000000 
0.03500 9.858840000000 
0.03550 9.479260000000 
0.03600 9.146040000000 
0.03650 8.812820000000 
0.03700 8.479600000000 
0.03750 8.185800000000 
0.03800 7.894100000000 
0.03850 7.602400000000 
0.03900 7.340800000000 
0.03950 7.084860000000 
0.04000 6.828920000000 
0.04050 6.595180000000 
0.04100 6.370120000000 
0.04150 6.145080000000 
0.04200 5.935580000000 
0.04250 5.737280000000 
0.04300 5.538980000000 
0.04350 5.350660000000 
0.04400 5.175620000000 
0.04450 5.000560000000 
0.04500 4.830840000000 
0.04550 4.676040000000 
0.04600 4.521260000000 
0.04650 4.367880000000 
0.04700 4.230780000000 
0.04750 4.093700000000 
0.04800 3.956600000000 
0.04850 3.833180000000 
0.04900 3.711560000000 
0.04950 3.589940000000 
0.05000 3.477460000000 
0.05050 3.369420000000 
0.05100 3.261380000000 
0.05150 3.158660000000 
0.05200 3.062560000000 
0.05250 2.966460000000 
0.05300 2.872500000000 
0.05350 2.786900000000 
0.05400 2.701320000000 
0.05450 2.615720000000 
0.05500 2.538900000000 
0.05550 2.462580000000 
0.05600 2.386240000000 
0.05650 2.315440000000 
0.05700 2.247300000000 
0.05750 2.179140000000 
0.05800 2.113800000000 
0.05850 2.052900000000 
0.05900 1.992000000000 
0.05950 1.931638000000 
0.06000 1.877146000000 
0.06050 1.822654000000 
0.06100 1.768164000000 
0.06150 1.718030000000 
0.06200 1.669224000000 
0.06250 1.620418000000 
0.06300 1.573800000000 
0.06350 1.530046000000 
0.06400 1.486294000000 
0.06450 1.442918000000 
0.06500 1.403654000000 
0.06550 1.364390000000 
0.06600 1.325126000000 
0.06650 1.288740000000 
0.06700 1.253474000000 
0.06750 1.218208000000 
0.06800 1.184154000000 
0.06850 1.152446000000 
0.06900 1.120740000000 
0.06950 1.089034000000 
0.07000 1.060330000000 
0.07050 1.031800000000 
0.07100 1.003270000000 
0.07150 0.976258000000 
0.07200 0.950564000000 
0.07250 0.924870000000 
0.07300 0.899456000000 
0.07350 0.876296000000 
0.07400 0.853136000000 
0.07450 0.829976000000 
0.07500 0.808336000000 
0.07550 0.787442000000 
0.07600 0.766548000000 
0.07650 0.746092000000 
0.07700 0.727228000000 
0.07750 0.708362000000 
0.07800 0.689498000000 
0.07850 0.671990000000 
0.07900 0.654944000000 
0.07950 0.637898000000 
0.08000 0.621278000000 
0.08050 0.605862000000 
0.08100 0.590446000000 
0.08150 0.575030000000 
0.08200 0.560732000000 
0.08250 0.546778000000 
0.08300 0.532826000000 
0.08350 0.519204000000 
0.08400 0.506564000000 
0.08450 0.493926000000 
0.08500 0.481286000000 
0.08550 0.469506000000 
0.08600 0.458048000000 
0.08650 0.446590000000 
0.08700 0.435332000000 
0.08750 0.424940000000 
0.08800 0.414546000000 
0.08850 0.404154000000 
0.08900 0.394368000000 
0.08950 0.384930000000 
0.09000 0.375492000000 
0.09050 0.366118000000 
0.09100 0.357542000000 
0.09150 0.348968000000 
0.09200 0.340394000000 
0.09250 0.332204000000 
0.09300 0.324408000000 
0.09350 0.316610000000 
0.09400 0.308812000000 
0.09450 0.301654000000 
0.09500 0.294560000000 
0.09550 0.287466000000 
0.09600 0.280566000000 
0.09650 0.274104000000 
0.09700 0.267642000000 
0.09750 0.261180000000 
0.09800 0.255120000000 
0.09850 0.249232000000 
0.09900 0.243344000000 
0.09950 0.237496000000 
0.10000 0.232128000000 
0.10050 0.226758000000 
0.10100 0.221390000000 
0.10150 0.216228000000 
0.10200 0.211328000000 
0.10250 0.206430000000 
0.10300 0.201530000000 
0.10350 0.196970800000 
0.10400 0.192497000000 
0.10450 0.188023200000 
0.10500 0.183605600000 
0.10550 0.179517800000 
0.10600 0.175430000000 
0.10650 0.171342200000 
0.10700 0.167423400000 
0.10750 0.163685800000 
0.10800 0.159948400000 
0.10850 0.156211000000 
0.10900 0.152731400000 
0.10950 0.149312200000 
0.11000 0.145893000000 
0.11050 0.142511000000 
0.11100 0.139380200000 
0.11150 0.136249400000 
0.11200 0.133118800000 
0.11250 0.130103800000 
0.11300 0.127237400000 
0.11350 0.124371000000 
0.11400 0.121504600000 
0.11450 0.118814800000 
0.11500 0.116187400000 
0.11550 0.113559800000 
0.11600 0.110939200000 
0.11650 0.108530400000 
0.11700 0.106121600000 
0.11750 0.103712600000 
0.11800 0.101366400000 
0.11850 0.099156200000 
0.11900 0.096945800000 
0.11950 0.094735600000 
0.12000 0.092633400000 
0.12050 0.090606000000 
0.12100 0.088578800000 
0.12150 0.086551400000 
0.12200 0.084666200000 
0.12250 0.082804400000 
0.12300 0.080942600000 
0.12350 0.079098600000 
0.12400 0.077388200000 
0.12450 0.075677800000 
0.12500 0.073967200000 
0.12550 0.072308200000 
0.12600 0.070737000000 
0.12650 0.069165800000 
0.12700 0.067594600000 
0.12750 0.066101800000 
0.12800 0.064658000000 
0.12850 0.063214400000 
0.12900 0.061770600000 
0.12950 0.060425600000 
0.13000 0.059098200000 
0.13050 0.057770600000 
0.13100 0.056451400000 
0.13150 0.055231000000 
0.13200 0.054010800000 
0.13250 0.052790600000 
0.13300 0.051599200000 
0.13350 0.050476600000 
0.13400 0.049354000000 
0.13450 0.048231600000 
0.13500 0.047154400000 
0.13550 0.046121800000 
0.13600 0.045089000000 
0.13650 0.044056200000 
0.13700 0.043082400000 
0.13750 0.042132800000 
0.13800 0.041183200000 
0.13850 0.040233600000 
0.13900 0.039352400000 
0.13950 0.038478800000 
0.14000 0.037605000000 
0.14050 0.036737400000 
0.14100 0.035934000000 
0.14150 0.035130800000 
0.14200 0.034327400000 
0.14250 0.033540800000 
0.14300 0.032801800000 
0.14350 0.032062800000 
0.14400 0.031323600000 
0.14450 0.030609800000 
0.14500 0.029930000000 
0.14550 0.029250000000 
0.14600 0.028570200000 
0.14650 0.027922000000 
0.14700 0.027296800000 
0.14750 0.026671400000 
0.14800 0.026046000000 
0.14850 0.025457600000 
0.14900 0.024883200000 
0.14950 0.024308800000 
0.15000 0.023734200000 
0.15050 0.023199600000 
0.15100 0.022671600000 
0.15150 0.022143600000 
0.15200 0.021615400000 
0.15250 0.021129400000 
0.15300 0.020644000000 
0.15350 0.020158800000 
0.15400 0.019677220000 
0.15450 0.019231920000 
0.15500 0.018786620000 
0.15550 0.018341320000 
0.15600 0.017903000000 
0.15650 0.017494140000 
0.15700 0.017085280000 
0.15750 0.016676420000 
0.15800 0.016276780000 
0.15850 0.015901140000 
0.15900 0.015525500000 
0.15950 0.015149860000 
0.16000 0.014785280000 
0.16050 0.014441160000 
0.16100 0.014097040000 
0.16150 0.013752920000 
0.16200 0.013420580000 
0.16250 0.013105140000 
0.16300 0.012789700000 
0.16350 0.012474260000 
0.16400 0.012170940000 
0.16450 0.011881980000 
0.16500 0.011593040000 
0.16550 0.011304080000 
0.16600 0.011027280000 
0.16650 0.010763120000 
0.16700 0.010498980000 
0.16750 0.010234840000 
0.16800 0.009981940000 
0.16850 0.009739980000 
0.16900 0.009498020000 
0.16950 0.009256060000 
0.17000 0.009024900000 
0.17050 0.008804080000 
0.17100 0.008583260000 
0.17150 0.008362440000 
0.17200 0.008151040000 
0.17250 0.007949080000 
0.17300 0.007747100000 
0.17350 0.007545140000 
0.17400 0.007351540000 
0.17450 0.007167260000 
0.17500 0.006982980000 
0.17550 0.006798700000 
0.17600 0.006621600000 
0.17650 0.006453880000 
0.17700 0.006286180000 
0.17750 0.006118480000 
0.17800 0.005956420000 
0.17850 0.005803700000 
0.17900 0.005650980000 
0.17950 0.005498240000 
0.18000 0.005349680000 
0.18050 0.005210460000 
0.18100 0.005071260000 
0.18150 0.004932040000 
0.18200 0.004795660000 
0.18250 0.004669140000 
0.18300 0.004542620000 
0.18350 0.004416100000 
0.18400 0.004291080000 
0.18450 0.004176440000 
0.18500 0.004061820000 
0.18550 0.003947180000 
0.18600 0.003832700000 
0.18650 0.003728520000 
0.18700 0.003624360000 
0.18750 0.003520180000 
0.18800 0.003416000000 
0.18850 0.003320760000 
0.18900 0.003226600000 
0.18950 0.003132460000 
0.19000 0.003038300000 
0.19050 0.002950800000 
0.19100 0.002865420000 
0.19150 0.002780040000 
0.19200 0.002694660000 
0.19250 0.002614340000 
0.19300 0.002537180000 
0.19350 0.002460040000 
0.19400 0.002382900000 
0.19450 0.002309220000 
0.19500 0.002239620000 
0.19550 0.002170000000 
0.19600 0.002100380000 
0.19650 0.002032860000 
0.19700 0.001970134000 
0.19750 0.001907402000 
0.19800 0.001844670000 
0.19850 0.001782832000 
0.19900 0.001726386000 
0.19950 0.001669940000 
0.20000 0.001613496000 
0.20050 0.001557050000 
0.20100 0.001506074000 
0.20150 0.001455224000 
0.20200 0.001404372000 
0.20250 0.001353522000 
0.20300 0.001307054000 
0.20350 0.001261586000 
0.20400 0.001216118000 
0.20450 0.001170650000 
0.20500 0.001128222000 
0.20550 0.001087398000 
0.20600 0.001046574000 
0.20650 0.001005750000 
0.20700 0.000967176000 
0.20750 0.000930830000 
0.20800 0.000894482000 
0.20850 0.000858136000 
0.20900 0.000823182000 
0.20950 0.000790686000 
0.21000 0.000758188000 
0.21050 0.000725692000 
0.21100 0.000694030000 
0.21150 0.000665056000 
0.21200 0.000636082000 
0.21250 0.000607108000 
0.21300 0.000578588000 
0.21350 0.000553024000 
0.21400 0.000527460000 
0.21450 0.000501896000 
0.21500 0.000476494000 
0.21550 0.000453862000 
0.21600 0.000431228000 
0.21650 0.000408596000 
0.21700 0.000385990000 
0.21750 0.000366208000 
0.21800 0.000346426000 
0.21850 0.000326642000 
0.21900 0.000306866000 
0.21950 0.000289544000 
0.22000 0.000272224000 
0.22050 0.000254902000 
0.22100 0.000237676000 
0.22150 0.000222640000 
0.22200 0.000207606000 
0.22250 0.000192571600 
0.22300 0.000177837200 
0.22350 0.000165051400 
0.22400 0.000152265600 
0.22450 0.000139479800 
0.22500 0.000127268800 
0.22550 0.000116478600 
0.22600 0.000105688200 
0.22650 0.000094897800 
0.22700 0.000085112400 
0.22750 0.000076276800 
0.22800 0.000067441000 
0.22850 0.000058605400 
0.22900 0.000051322800 
0.22950 0.000044377400 
0.23000 0.000037432200 
0.23050 0.000030897200 
0.23100 0.000025803800 
0.23150 0.000020710400 
0.23200 0.000015617140 
0.23250 0.000011928860 
0.23300 0.000008771700 
0.23350 0.000005614560 
