0.00000 803.288000000000 
0.00050 724.184000000000 
0.00100 645.080000000000 
0.00150 565.976000000000 
0.00200 486.872000000000 
0.00250 429.862000000000 
0.00300 379.442000000000 
0.00350 337.540000000000 
0.00400 303.514000000000 
0.00450 271.398000000000 
0.00500 247.488000000000 
0.00550 223.578000000000 
0.00600 204.834000000000 
0.00650 187.505000000000 
0.00700 171.578000000000 
0.00750 158.700400000000 
0.00800 145.822800000000 
0.00850 135.383000000000 
0.00900 125.613400000000 
0.00950 116.285800000000 
0.01000 108.743000000000 
0.01050 101.200000000000 
0.01100 94.574400000000 
0.01150 88.662000000000 
0.01200 82.749600000000 
0.01250 77.909000000000 
0.01300 73.213200000000 
0.01350 68.662800000000 
0.01400 64.889800000000 
0.01450 61.117000000000 
0.01500 57.625200000000 
0.01550 54.562600000000 
0.01600 51.499800000000 
0.01650 48.769200000000 
0.01700 46.260000000000 
0.01750 43.750800000000 
0.01800 41.578800000000 
0.01850 39.506200000000 
0.01900 37.433800000000 
0.01950 35.679400000000 
0.02000 33.954800000000 
0.02050 32.238800000000 
0.02100 30.794000000000 
0.02150 29.349400000000 
0.02200 27.932200000000 
0.02250 26.714800000000 
0.02300 25.497200000000 
0.02350 24.314600000000 
0.02400 23.282800000000 
0.02450 22.251200000000 
0.02500 21.255200000000 
0.02550 20.376400000000 
0.02600 19.497720000000 
0.02650 18.652000000000 
0.02700 17.900140000000 
0.02750 17.148260000000 
0.02800 16.424660000000 
0.02850 15.778660000000 
0.02900 15.132660000000 
0.02950 14.509360000000 
0.03000 13.952180000000 
0.03050 13.395020000000 
0.03100 12.854820000000 
0.03150 12.372560000000 
0.03200 11.890320000000 
0.03250 11.419580000000 
0.03300 11.000800000000 
0.03350 10.582040000000 
0.03400 10.169760000000 
0.03450 9.805040000000 
0.03500 9.440320000000 
0.03550 9.077560000000 
0.03600 8.759060000000 
0.03650 8.440560000000 
0.03700 8.122040000000 
0.03750 7.841180000000 
0.03800 7.562320000000 
0.03850 7.283440000000 
0.03900 7.033320000000 
0.03950 6.788600000000 
0.04000 6.543860000000 
0.04050 6.320340000000 
0.04100 6.105100000000 
0.04150 5.889880000000 
0.04200 5.689500000000 
0.04250 5.499820000000 
0.04300 5.310140000000 
0.04350 5.129980000000 
0.04400 4.962520000000 
0.04450 4.795060000000 
0.04500 4.632660000000 
0.04550 4.484540000000 
0.04600 4.336420000000 
0.04650 4.189660000000 
0.04700 4.058440000000 
0.04750 3.927240000000 
0.04800 3.796020000000 
0.04850 3.677860000000 
0.04900 3.561440000000 
0.04950 3.445020000000 
0.05000 3.337320000000 
0.05050 3.233880000000 
0.05100 3.130440000000 
0.05150 3.032080000000 
0.05200 2.940040000000 
0.05250 2.848000000000 
0.05300 2.758020000000 
0.05350 2.676020000000 
0.05400 2.594040000000 
0.05450 2.512040000000 
0.05500 2.438440000000 
0.05550 2.365320000000 
0.05600 2.292180000000 
0.05650 2.224340000000 
0.05700 2.159040000000 
0.05750 2.093720000000 
0.05800 2.031100000000 
0.05850 1.972728000000 
0.05900 1.914350000000 
0.05950 1.856492000000 
0.06000 1.804248000000 
0.06050 1.752004000000 
0.06100 1.699762000000 
0.06150 1.651688000000 
0.06200 1.604884000000 
0.06250 1.558082000000 
0.06300 1.513372000000 
0.06350 1.471406000000 
0.06400 1.429438000000 
0.06450 1.387832000000 
0.06500 1.350162000000 
0.06550 1.312492000000 
0.06600 1.274822000000 
0.06650 1.239908000000 
0.06700 1.206066000000 
0.06750 1.172224000000 
0.06800 1.139540000000 
0.06850 1.109108000000 
0.06900 1.078674000000 
0.06950 1.048242000000 
0.07000 1.020684000000 
0.07050 0.993292000000 
0.07100 0.965900000000 
0.07150 0.939964000000 
0.07200 0.915290000000 
0.07250 0.890616000000 
0.07300 0.866210000000 
0.07350 0.843964000000 
0.07400 0.821718000000 
0.07450 0.799474000000 
0.07500 0.778682000000 
0.07550 0.758610000000 
0.07600 0.738536000000 
0.07650 0.718880000000 
0.07700 0.700752000000 
0.07750 0.682624000000 
0.07800 0.664494000000 
0.07850 0.647666000000 
0.07900 0.631280000000 
0.07950 0.614896000000 
0.08000 0.598920000000 
0.08050 0.584098000000 
0.08100 0.569276000000 
0.08150 0.554456000000 
0.08200 0.540706000000 
0.08250 0.527286000000 
0.08300 0.513868000000 
0.08350 0.500766000000 
0.08400 0.488608000000 
0.08450 0.476452000000 
0.08500 0.464294000000 
0.08550 0.452960000000 
0.08600 0.441936000000 
0.08650 0.430910000000 
0.08700 0.420078000000 
0.08750 0.410076000000 
0.08800 0.400074000000 
0.08850 0.390072000000 
0.08900 0.380654000000 
0.08950 0.371568000000 
0.09000 0.362484000000 
0.09050 0.353458000000 
0.09100 0.345202000000 
0.09150 0.336946000000 
0.09200 0.328690000000 
0.09250 0.320804000000 
0.09300 0.313296000000 
0.09350 0.305786000000 
0.09400 0.298276000000 
0.09450 0.291380000000 
0.09500 0.284546000000 
0.09550 0.277712000000 
0.09600 0.271064000000 
0.09650 0.264838000000 
0.09700 0.258612000000 
0.09750 0.252386000000 
0.09800 0.246544000000 
0.09850 0.240870000000 
0.09900 0.235196000000 
0.09950 0.229558000000 
0.10000 0.224382000000 
0.10050 0.219208000000 
0.10100 0.214032000000 
0.10150 0.209056000000 
0.10200 0.204330000000 
0.10250 0.199606400000 
0.10300 0.194882200000 
0.10350 0.190484800000 
0.10400 0.186169800000 
0.10450 0.181854800000 
0.10500 0.177593800000 
0.10550 0.173650000000 
0.10600 0.169706200000 
0.10650 0.165762600000 
0.10700 0.161981600000 
0.10750 0.158375000000 
0.10800 0.154768400000 
0.10850 0.151161800000 
0.10900 0.147803400000 
0.10950 0.144503200000 
0.11000 0.141203000000 
0.11050 0.137938400000 
0.11100 0.134915800000 
0.11150 0.131893200000 
0.11200 0.128870800000 
0.11250 0.125959600000 
0.11300 0.123191600000 
0.11350 0.120423600000 
0.11400 0.117655600000 
0.11450 0.115057600000 
0.11500 0.112519600000 
0.11550 0.109981800000 
0.11600 0.107450400000 
0.11650 0.105123000000 
0.11700 0.102795800000 
0.11750 0.100468400000 
0.11800 0.098201400000 
0.11850 0.096065400000 
0.11900 0.093929400000 
0.11950 0.091793400000 
0.12000 0.089761600000 
0.12050 0.087802000000 
0.12100 0.085842400000 
0.12150 0.083882800000 
0.12200 0.082060000000 
0.12250 0.080260000000 
0.12300 0.078459800000 
0.12350 0.076677000000 
0.12400 0.075022800000 
0.12450 0.073368800000 
0.12500 0.071714600000 
0.12550 0.070110000000 
0.12600 0.068590200000 
0.12650 0.067070400000 
0.12700 0.065550600000 
0.12750 0.064106200000 
0.12800 0.062709400000 
0.12850 0.061312600000 
0.12900 0.059915800000 
0.12950 0.058614200000 
0.13000 0.057329400000 
0.13050 0.056044600000 
0.13100 0.054767800000 
0.13150 0.053586600000 
0.13200 0.052405400000 
0.13250 0.051224200000 
0.13300 0.050070800000 
0.13350 0.048984000000 
0.13400 0.047897200000 
0.13450 0.046810200000 
0.13500 0.045767400000 
0.13550 0.044767200000 
0.13600 0.043767000000 
0.13650 0.042766800000 
0.13700 0.041823600000 
0.13750 0.040903800000 
0.13800 0.039983800000 
0.13850 0.039064000000 
0.13900 0.038210200000 
0.13950 0.037363800000 
0.14000 0.036517200000 
0.14050 0.035676400000 
0.14100 0.034898000000 
0.14150 0.034119400000 
0.14200 0.033341000000 
0.14250 0.032578600000 
0.14300 0.031862200000 
0.14350 0.031145800000 
0.14400 0.030429400000 
0.14450 0.029737400000 
0.14500 0.029078200000 
0.14550 0.028419000000 
0.14600 0.027759800000 
0.14650 0.027131400000 
0.14700 0.026525000000 
0.14750 0.025918600000 
0.14800 0.025312200000 
0.14850 0.024741400000 
0.14900 0.024184200000 
0.14950 0.023627000000 
0.15000 0.023069600000 
0.15050 0.022551000000 
0.15100 0.022038600000 
0.15150 0.021526400000 
0.15200 0.021014000000 
0.15250 0.020542400000 
0.15300 0.020071400000 
0.15350 0.019600460000 
0.15400 0.019133120000 
0.15450 0.018700900000 
0.15500 0.018268680000 
0.15550 0.017836440000 
0.15600 0.017410980000 
0.15650 0.017014040000 
0.15700 0.016617120000 
0.15750 0.016220180000 
0.15800 0.015832180000 
0.15850 0.015467420000 
0.15900 0.015102640000 
0.15950 0.014737880000 
0.16000 0.014383840000 
0.16050 0.014049600000 
0.16100 0.013715380000 
0.16150 0.013381140000 
0.16200 0.013058340000 
0.16250 0.012751900000 
0.16300 0.012445480000 
0.16350 0.012139040000 
0.16400 0.011844360000 
0.16450 0.011563580000 
0.16500 0.011282820000 
0.16550 0.011002060000 
0.16600 0.010733080000 
0.16650 0.010476380000 
0.16700 0.010219660000 
0.16750 0.009962960000 
0.16800 0.009717160000 
0.16850 0.009481980000 
0.16900 0.009246780000 
0.16950 0.009011580000 
0.17000 0.008786860000 
0.17050 0.008572180000 
0.17100 0.008357480000 
0.17150 0.008142800000 
0.17200 0.007937240000 
0.17250 0.007740840000 
0.17300 0.007544440000 
0.17350 0.007348040000 
0.17400 0.007159760000 
0.17450 0.006980540000 
0.17500 0.006801300000 
0.17550 0.006622060000 
0.17600 0.006449800000 
0.17650 0.006286660000 
0.17700 0.006123500000 
0.17750 0.005960360000 
0.17800 0.005802720000 
0.17850 0.005654120000 
0.17900 0.005505500000 
0.17950 0.005356900000 
0.18000 0.005212340000 
0.18050 0.005076860000 
0.18100 0.004941400000 
0.18150 0.004805920000 
0.18200 0.004673200000 
0.18250 0.004550060000 
0.18300 0.004426900000 
0.18350 0.004303760000 
0.18400 0.004182060000 
0.18450 0.004070460000 
0.18500 0.003958860000 
0.18550 0.003847260000 
0.18600 0.003735820000 
0.18650 0.003634380000 
0.18700 0.003532940000 
0.18750 0.003431520000 
0.18800 0.003330080000 
0.18850 0.003237340000 
0.18900 0.003145640000 
0.18950 0.003053940000 
0.19000 0.002962240000 
0.19050 0.002877020000 
0.19100 0.002793860000 
0.19150 0.002710700000 
0.19200 0.002627520000 
0.19250 0.002549280000 
0.19300 0.002474140000 
0.19350 0.002398980000 
0.19400 0.002323820000 
0.19450 0.002252060000 
0.19500 0.002184220000 
0.19550 0.002116380000 
0.19600 0.002048560000 
0.19650 0.001982766000 
0.19700 0.001921632000 
0.19750 0.001860498000 
0.19800 0.001799364000 
0.19850 0.001739098000 
0.19900 0.001684082000 
0.19950 0.001629064000 
0.20000 0.001574048000 
0.20050 0.001519032000 
0.20100 0.001469338000 
0.20150 0.001419764000 
0.20200 0.001370192000 
0.20250 0.001320620000 
0.20300 0.001275314000 
0.20350 0.001230984000 
0.20400 0.001186652000 
0.20450 0.001142320000 
0.20500 0.001100948000 
0.20550 0.001061138000 
0.20600 0.001021328000 
0.20650 0.000981518000 
0.20700 0.000943900000 
0.20750 0.000908450000 
0.20800 0.000873000000 
0.20850 0.000837550000 
0.20900 0.000803458000 
0.20950 0.000771758000 
0.21000 0.000740058000 
0.21050 0.000708358000 
0.21100 0.000677472000 
0.21150 0.000649204000 
0.21200 0.000620936000 
0.21250 0.000592668000 
0.21300 0.000564842000 
0.21350 0.000539898000 
0.21400 0.000514954000 
0.21450 0.000490010000 
0.21500 0.000465222000 
0.21550 0.000443136000 
0.21600 0.000421048000 
0.21650 0.000398960000 
0.21700 0.000376898000 
0.21750 0.000357590000 
0.21800 0.000338280000 
0.21850 0.000318972000 
0.21900 0.000299668000 
0.21950 0.000282760000 
0.22000 0.000265850000 
0.22050 0.000248942000 
0.22100 0.000232124000 
0.22150 0.000217446000 
0.22200 0.000202766000 
0.22250 0.000188087000 
0.22300 0.000173700800 
0.22350 0.000161215600 
0.22400 0.000148730400 
0.22450 0.000136245200 
0.22500 0.000124321000 
0.22550 0.000113782800 
0.22600 0.000103244600 
0.22650 0.000092706600 
0.22700 0.000083149200 
0.22750 0.000074518800 
0.22800 0.000065888400 
0.22850 0.000057257800 
0.22900 0.000050143800 
0.22950 0.000043359000 
0.23000 0.000036574000 
0.23050 0.000030189800 
0.23100 0.000025213400 
0.23150 0.000020237000 
0.23200 0.000015260700 
0.23250 0.000011656840 
0.23300 0.000008571780 
0.23350 0.000005486740 
