0.00000 782.098000000000 
0.00050 705.024000000000 
0.00100 627.950000000000 
0.00150 550.874000000000 
0.00200 473.800000000000 
0.00250 418.268000000000 
0.00300 369.160000000000 
0.00350 328.352000000000 
0.00400 295.220000000000 
0.00450 263.950000000000 
0.00500 240.674000000000 
0.00550 217.396000000000 
0.00600 199.153200000000 
0.00650 182.286800000000 
0.00700 166.786000000000 
0.00750 154.255200000000 
0.00800 141.724400000000 
0.00850 131.567400000000 
0.00900 122.063200000000 
0.00950 112.989400000000 
0.01000 105.653000000000 
0.01050 98.316600000000 
0.01100 91.873200000000 
0.01150 86.124000000000 
0.01200 80.374800000000 
0.01250 75.668600000000 
0.01300 71.103400000000 
0.01350 66.679800000000 
0.01400 63.012600000000 
0.01450 59.345400000000 
0.01500 55.951800000000 
0.01550 52.975600000000 
0.01600 49.999200000000 
0.01650 47.346000000000 
0.01700 44.908200000000 
0.01750 42.470400000000 
0.01800 40.360200000000 
0.01850 38.347000000000 
0.01900 36.333800000000 
0.01950 34.630000000000 
0.02000 32.955000000000 
0.02050 31.288400000000 
0.02100 29.885400000000 
0.02150 28.482600000000 
0.02200 27.106400000000 
0.02250 25.924400000000 
0.02300 24.742200000000 
0.02350 23.594200000000 
0.02400 22.592600000000 
0.02450 21.591000000000 
0.02500 20.624200000000 
0.02550 19.771300000000 
0.02600 18.918340000000 
0.02650 18.097480000000 
0.02700 17.367780000000 
0.02750 16.638060000000 
0.02800 15.935820000000 
0.02850 15.308940000000 
0.02900 14.682060000000 
0.02950 14.077220000000 
0.03000 13.536580000000 
0.03050 12.995940000000 
0.03100 12.471780000000 
0.03150 12.003900000000 
0.03200 11.536000000000 
0.03250 11.079260000000 
0.03300 10.673000000000 
0.03350 10.266740000000 
0.03400 9.866740000000 
0.03450 9.512940000000 
0.03500 9.159140000000 
0.03550 8.807220000000 
0.03600 8.498260000000 
0.03650 8.189300000000 
0.03700 7.880340000000 
0.03750 7.607900000000 
0.03800 7.337400000000 
0.03850 7.066900000000 
0.03900 6.824280000000 
0.03950 6.586900000000 
0.04000 6.349520000000 
0.04050 6.132720000000 
0.04100 5.923960000000 
0.04150 5.715200000000 
0.04200 5.520860000000 
0.04250 5.336880000000 
0.04300 5.152900000000 
0.04350 4.978180000000 
0.04400 4.815740000000 
0.04450 4.653320000000 
0.04500 4.495820000000 
0.04550 4.352160000000 
0.04600 4.208500000000 
0.04650 4.066140000000 
0.04700 3.938880000000 
0.04750 3.811600000000 
0.04800 3.684340000000 
0.04850 3.569740000000 
0.04900 3.456820000000 
0.04950 3.343900000000 
0.05000 3.239440000000 
0.05050 3.139100000000 
0.05100 3.038780000000 
0.05150 2.943360000000 
0.05200 2.854100000000 
0.05250 2.764820000000 
0.05300 2.677540000000 
0.05350 2.598000000000 
0.05400 2.518480000000 
0.05450 2.438940000000 
0.05500 2.367540000000 
0.05550 2.296600000000 
0.05600 2.225660000000 
0.05650 2.159840000000 
0.05700 2.096500000000 
0.05750 2.033140000000 
0.05800 1.972392000000 
0.05850 1.915756000000 
0.05900 1.859122000000 
0.05950 1.802990000000 
0.06000 1.752302000000 
0.06050 1.701616000000 
0.06100 1.650930000000 
0.06150 1.604286000000 
0.06200 1.558874000000 
0.06250 1.513462000000 
0.06300 1.470082000000 
0.06350 1.429360000000 
0.06400 1.388638000000 
0.06450 1.348266000000 
0.06500 1.311710000000 
0.06550 1.275156000000 
0.06600 1.238600000000 
0.06650 1.204718000000 
0.06700 1.171874000000 
0.06750 1.139030000000 
0.06800 1.107312000000 
0.06850 1.077774000000 
0.06900 1.048238000000 
0.06950 1.018700000000 
0.07000 0.991952000000 
0.07050 0.965364000000 
0.07100 0.938776000000 
0.07150 0.913600000000 
0.07200 0.889650000000 
0.07250 0.865698000000 
0.07300 0.842006000000 
0.07350 0.820410000000 
0.07400 0.798812000000 
0.07450 0.777216000000 
0.07500 0.757030000000 
0.07550 0.737540000000 
0.07600 0.718052000000 
0.07650 0.698968000000 
0.07700 0.681364000000 
0.07750 0.663762000000 
0.07800 0.646158000000 
0.07850 0.629816000000 
0.07900 0.613904000000 
0.07950 0.597992000000 
0.08000 0.582478000000 
0.08050 0.568084000000 
0.08100 0.553688000000 
0.08150 0.539294000000 
0.08200 0.525938000000 
0.08250 0.512904000000 
0.08300 0.499870000000 
0.08350 0.487144000000 
0.08400 0.475334000000 
0.08450 0.463524000000 
0.08500 0.451714000000 
0.08550 0.440702000000 
0.08600 0.429992000000 
0.08650 0.419282000000 
0.08700 0.408758000000 
0.08750 0.399038000000 
0.08800 0.389320000000 
0.08850 0.379602000000 
0.08900 0.370450000000 
0.08950 0.361622000000 
0.09000 0.352792000000 
0.09050 0.344022000000 
0.09100 0.335998000000 
0.09150 0.327974000000 
0.09200 0.319950000000 
0.09250 0.312286000000 
0.09300 0.304986000000 
0.09350 0.297688000000 
0.09400 0.290388000000 
0.09450 0.283684000000 
0.09500 0.277040000000 
0.09550 0.270398000000 
0.09600 0.263936000000 
0.09650 0.257882000000 
0.09700 0.251828000000 
0.09750 0.245776000000 
0.09800 0.240096000000 
0.09850 0.234578000000 
0.09900 0.229060000000 
0.09950 0.223580000000 
0.10000 0.218546000000 
0.10050 0.213512000000 
0.10100 0.208480000000 
0.10150 0.203640000000 
0.10200 0.199044600000 
0.10250 0.194449600000 
0.10300 0.189854800000 
0.10350 0.185577400000 
0.10400 0.181380000000 
0.10450 0.177182600000 
0.10500 0.173037600000 
0.10550 0.169201000000 
0.10600 0.165364200000 
0.10650 0.161527600000 
0.10700 0.157848800000 
0.10750 0.154339600000 
0.10800 0.150830400000 
0.10850 0.147321200000 
0.10900 0.144053200000 
0.10950 0.140841600000 
0.11000 0.137630200000 
0.11050 0.134453200000 
0.11100 0.131511600000 
0.11150 0.128569800000 
0.11200 0.125628000000 
0.11250 0.122794600000 
0.11300 0.120100200000 
0.11350 0.117405800000 
0.11400 0.114711600000 
0.11450 0.112182400000 
0.11500 0.109711600000 
0.11550 0.107241000000 
0.11600 0.104776600000 
0.11650 0.102510600000 
0.11700 0.100244600000 
0.11750 0.097978600000 
0.11800 0.095771200000 
0.11850 0.093691000000 
0.11900 0.091611000000 
0.11950 0.089531000000 
0.12000 0.087552400000 
0.12050 0.085643800000 
0.12100 0.083735200000 
0.12150 0.081826800000 
0.12200 0.080051400000 
0.12250 0.078298000000 
0.12300 0.076544600000 
0.12350 0.074808000000 
0.12400 0.073196400000 
0.12450 0.071585000000 
0.12500 0.069973400000 
0.12550 0.068410200000 
0.12600 0.066929400000 
0.12650 0.065448600000 
0.12700 0.063967800000 
0.12750 0.062560400000 
0.12800 0.061199200000 
0.12850 0.059838000000 
0.12900 0.058476800000 
0.12950 0.057208400000 
0.13000 0.055956200000 
0.13050 0.054704000000 
0.13100 0.053459600000 
0.13150 0.052308200000 
0.13200 0.051156800000 
0.13250 0.050005400000 
0.13300 0.048881200000 
0.13350 0.047821600000 
0.13400 0.046762200000 
0.13450 0.045702600000 
0.13500 0.044685800000 
0.13550 0.043710600000 
0.13600 0.042735400000 
0.13650 0.041760200000 
0.13700 0.040840400000 
0.13750 0.039943400000 
0.13800 0.039046400000 
0.13850 0.038149400000 
0.13900 0.037316800000 
0.13950 0.036491000000 
0.14000 0.035665400000 
0.14050 0.034845400000 
0.14100 0.034086200000 
0.14150 0.033326800000 
0.14200 0.032567400000 
0.14250 0.031823800000 
0.14300 0.031124800000 
0.14350 0.030426000000 
0.14400 0.029727000000 
0.14450 0.029051800000 
0.14500 0.028408800000 
0.14550 0.027765600000 
0.14600 0.027122400000 
0.14650 0.026509000000 
0.14700 0.025917400000 
0.14750 0.025325600000 
0.14800 0.024733800000 
0.14850 0.024176800000 
0.14900 0.023633000000 
0.14950 0.023089000000 
0.15000 0.022545200000 
0.15050 0.022039000000 
0.15100 0.021538800000 
0.15150 0.021038800000 
0.15200 0.020538600000 
0.15250 0.020078200000 
0.15300 0.019618440000 
0.15350 0.019158700000 
0.15400 0.018702460000 
0.15450 0.018280440000 
0.15500 0.017858440000 
0.15550 0.017436420000 
0.15600 0.017021000000 
0.15650 0.016633380000 
0.15700 0.016245780000 
0.15750 0.015858160000 
0.15800 0.015479260000 
0.15850 0.015123020000 
0.15900 0.014766760000 
0.15950 0.014410520000 
0.16000 0.014064720000 
0.16050 0.013738260000 
0.16100 0.013411800000 
0.16150 0.013085320000 
0.16200 0.012770000000 
0.16250 0.012470640000 
0.16300 0.012171300000 
0.16350 0.011871940000 
0.16400 0.011584040000 
0.16450 0.011309720000 
0.16500 0.011035420000 
0.16550 0.010761100000 
0.16600 0.010498280000 
0.16650 0.010247440000 
0.16700 0.009996580000 
0.16750 0.009745740000 
0.16800 0.009505560000 
0.16850 0.009275700000 
0.16900 0.009045840000 
0.16950 0.008816000000 
0.17000 0.008596360000 
0.17050 0.008386520000 
0.17100 0.008176700000 
0.17150 0.007966860000 
0.17200 0.007765940000 
0.17250 0.007573940000 
0.17300 0.007381960000 
0.17350 0.007189960000 
0.17400 0.007005920000 
0.17450 0.006830680000 
0.17500 0.006655460000 
0.17550 0.006480220000 
0.17600 0.006311800000 
0.17650 0.006152280000 
0.17700 0.005992760000 
0.17750 0.005833240000 
0.17800 0.005679100000 
0.17850 0.005533780000 
0.17900 0.005388460000 
0.17950 0.005243140000 
0.18000 0.005101760000 
0.18050 0.004969260000 
0.18100 0.004836780000 
0.18150 0.004704280000 
0.18200 0.004574480000 
0.18250 0.004454020000 
0.18300 0.004333560000 
0.18350 0.004213100000 
0.18400 0.004094060000 
0.18450 0.003984900000 
0.18500 0.003875720000 
0.18550 0.003766560000 
0.18600 0.003657540000 
0.18650 0.003558300000 
0.18700 0.003459060000 
0.18750 0.003359820000 
0.18800 0.003260580000 
0.18850 0.003169820000 
0.18900 0.003080100000 
0.18950 0.002990380000 
0.19000 0.002900660000 
0.19050 0.002817260000 
0.19100 0.002735880000 
0.19150 0.002654500000 
0.19200 0.002573120000 
0.19250 0.002496540000 
0.19300 0.002422980000 
0.19350 0.002349440000 
0.19400 0.002275880000 
0.19450 0.002205640000 
0.19500 0.002139240000 
0.19550 0.002072840000 
0.19600 0.002006460000 
0.19650 0.001942054000 
0.19700 0.001882210000 
0.19750 0.001822364000 
0.19800 0.001762520000 
0.19850 0.001703524000 
0.19900 0.001649662000 
0.19950 0.001595798000 
0.20000 0.001541936000 
0.20050 0.001488074000 
0.20100 0.001439416000 
0.20150 0.001390878000 
0.20200 0.001342340000 
0.20250 0.001293802000 
0.20300 0.001249438000 
0.20350 0.001206028000 
0.20400 0.001162618000 
0.20450 0.001119206000 
0.20500 0.001078690000 
0.20550 0.001039704000 
0.20600 0.001000716000 
0.20650 0.000961728000 
0.20700 0.000924884000 
0.20750 0.000890164000 
0.20800 0.000855442000 
0.20850 0.000820722000 
0.20900 0.000787330000 
0.20950 0.000756278000 
0.21000 0.000725226000 
0.21050 0.000694176000 
0.21100 0.000663920000 
0.21150 0.000636228000 
0.21200 0.000608536000 
0.21250 0.000580842000 
0.21300 0.000553582000 
0.21350 0.000529144000 
0.21400 0.000504704000 
0.21450 0.000480266000 
0.21500 0.000455980000 
0.21550 0.000434338000 
0.21600 0.000412696000 
0.21650 0.000391054000 
0.21700 0.000369436000 
0.21750 0.000350516000 
0.21800 0.000331594000 
0.21850 0.000312672000 
0.21900 0.000293756000 
0.21950 0.000277184000 
0.22000 0.000260612000 
0.22050 0.000244042000 
0.22100 0.000227560000 
0.22150 0.000213172000 
0.22200 0.000198784600 
0.22250 0.000184397000 
0.22300 0.000170296400 
0.22350 0.000158058000 
0.22400 0.000145819800 
0.22450 0.000133581400 
0.22500 0.000121892600 
0.22550 0.000111561800 
0.22600 0.000101231000 
0.22650 0.000090900200 
0.22700 0.000081530400 
0.22750 0.000073069000 
0.22800 0.000064607600 
0.22850 0.000056146200 
0.22900 0.000049170800 
0.22950 0.000042518200 
0.23000 0.000035865600 
0.23050 0.000029605600 
0.23100 0.000024725800 
0.23150 0.000019845980 
0.23200 0.000014966140 
0.23250 0.000011431980 
0.23300 0.000008406520 
0.23350 0.000005381040 
