0.00000 773.312000000000 
0.00050 697.230000000000 
0.00100 621.148000000000 
0.00150 545.066000000000 
0.00200 468.984000000000 
0.00250 414.134000000000 
0.00300 365.620000000000 
0.00350 325.290000000000 
0.00400 292.530000000000 
0.00450 261.608000000000 
0.00500 238.578000000000 
0.00550 215.546000000000 
0.00600 197.487200000000 
0.00650 180.788400000000 
0.00700 165.439800000000 
0.00750 153.027200000000 
0.00800 140.614600000000 
0.00850 130.550200000000 
0.00900 121.131400000000 
0.00950 112.138600000000 
0.01000 104.865600000000 
0.01050 97.592400000000 
0.01100 91.203600000000 
0.01150 85.502000000000 
0.01200 79.800600000000 
0.01250 75.132400000000 
0.01300 70.604000000000 
0.01350 66.215800000000 
0.01400 62.577200000000 
0.01450 58.938600000000 
0.01500 55.571200000000 
0.01550 52.617600000000 
0.01600 49.664000000000 
0.01650 47.030600000000 
0.01700 44.610800000000 
0.01750 42.191000000000 
0.01800 40.096400000000 
0.01850 38.097800000000 
0.01900 36.099200000000 
0.01950 34.407400000000 
0.02000 32.744400000000 
0.02050 31.089600000000 
0.02100 29.696600000000 
0.02150 28.303600000000 
0.02200 26.937000000000 
0.02250 25.763000000000 
0.02300 24.589000000000 
0.02350 23.448800000000 
0.02400 22.454000000000 
0.02450 21.459200000000 
0.02500 20.499000000000 
0.02550 19.651780000000 
0.02600 18.804520000000 
0.02650 17.989120000000 
0.02700 17.264240000000 
0.02750 16.539340000000 
0.02800 15.841720000000 
0.02850 15.218900000000 
0.02900 14.596100000000 
0.02950 13.995180000000 
0.03000 13.458020000000 
0.03050 12.920860000000 
0.03100 12.400080000000 
0.03150 11.935160000000 
0.03200 11.470220000000 
0.03250 11.016400000000 
0.03300 10.612680000000 
0.03350 10.208980000000 
0.03400 9.811500000000 
0.03450 9.459900000000 
0.03500 9.108280000000 
0.03550 8.758560000000 
0.03600 8.451500000000 
0.03650 8.144420000000 
0.03700 7.837360000000 
0.03750 7.566580000000 
0.03800 7.297720000000 
0.03850 7.028880000000 
0.03900 6.787720000000 
0.03950 6.551760000000 
0.04000 6.315820000000 
0.04050 6.100300000000 
0.04100 5.892780000000 
0.04150 5.685260000000 
0.04200 5.492060000000 
0.04250 5.309180000000 
0.04300 5.126280000000 
0.04350 4.952580000000 
0.04400 4.791100000000 
0.04450 4.629620000000 
0.04500 4.473020000000 
0.04550 4.330180000000 
0.04600 4.187360000000 
0.04650 4.045820000000 
0.04700 3.919280000000 
0.04750 3.792740000000 
0.04800 3.666200000000 
0.04850 3.552240000000 
0.04900 3.439960000000 
0.04950 3.327680000000 
0.05000 3.223780000000 
0.05050 3.124020000000 
0.05100 3.024240000000 
0.05150 2.929360000000 
0.05200 2.840580000000 
0.05250 2.751800000000 
0.05300 2.664980000000 
0.05350 2.585880000000 
0.05400 2.506780000000 
0.05450 2.427680000000 
0.05500 2.356660000000 
0.05550 2.286100000000 
0.05600 2.215540000000 
0.05650 2.150080000000 
0.05700 2.087060000000 
0.05750 2.024040000000 
0.05800 1.963610000000 
0.05850 1.907270000000 
0.05900 1.850932000000 
0.05950 1.795092000000 
0.06000 1.744666000000 
0.06050 1.694240000000 
0.06100 1.643814000000 
0.06150 1.597408000000 
0.06200 1.552226000000 
0.06250 1.507044000000 
0.06300 1.463884000000 
0.06350 1.423364000000 
0.06400 1.382846000000 
0.06450 1.342678000000 
0.06500 1.306302000000 
0.06550 1.269928000000 
0.06600 1.233552000000 
0.06650 1.199836000000 
0.06700 1.167152000000 
0.06750 1.134468000000 
0.06800 1.102902000000 
0.06850 1.073506000000 
0.06900 1.044112000000 
0.06950 1.014716000000 
0.07000 0.988094000000 
0.07050 0.961630000000 
0.07100 0.935168000000 
0.07150 0.910110000000 
0.07200 0.886270000000 
0.07250 0.862430000000 
0.07300 0.838848000000 
0.07350 0.817350000000 
0.07400 0.795852000000 
0.07450 0.774354000000 
0.07500 0.754260000000 
0.07550 0.734858000000 
0.07600 0.715456000000 
0.07650 0.696458000000 
0.07700 0.678932000000 
0.07750 0.661408000000 
0.07800 0.643882000000 
0.07850 0.627612000000 
0.07900 0.611768000000 
0.07950 0.595926000000 
0.08000 0.580478000000 
0.08050 0.566146000000 
0.08100 0.551812000000 
0.08150 0.537478000000 
0.08200 0.524180000000 
0.08250 0.511200000000 
0.08300 0.498220000000 
0.08350 0.485548000000 
0.08400 0.473786000000 
0.08450 0.462024000000 
0.08500 0.450264000000 
0.08550 0.439298000000 
0.08600 0.428630000000 
0.08650 0.417962000000 
0.08700 0.407482000000 
0.08750 0.397800000000 
0.08800 0.388120000000 
0.08850 0.378440000000 
0.08900 0.369326000000 
0.08950 0.360530000000 
0.09000 0.351736000000 
0.09050 0.343000000000 
0.09100 0.335006000000 
0.09150 0.327014000000 
0.09200 0.319020000000 
0.09250 0.311384000000 
0.09300 0.304112000000 
0.09350 0.296840000000 
0.09400 0.289568000000 
0.09450 0.282890000000 
0.09500 0.276270000000 
0.09550 0.269650000000 
0.09600 0.263212000000 
0.09650 0.257182000000 
0.09700 0.251150000000 
0.09750 0.245118000000 
0.09800 0.239458000000 
0.09850 0.233960000000 
0.09900 0.228462000000 
0.09950 0.223000000000 
0.10000 0.217984000000 
0.10050 0.212968000000 
0.10100 0.207952000000 
0.10150 0.203128000000 
0.10200 0.198548400000 
0.10250 0.193969000000 
0.10300 0.189389400000 
0.10350 0.185126000000 
0.10400 0.180942400000 
0.10450 0.176758800000 
0.10500 0.172627400000 
0.10550 0.168803000000 
0.10600 0.164978600000 
0.10650 0.161154200000 
0.10700 0.157487000000 
0.10750 0.153988800000 
0.10800 0.150490600000 
0.10850 0.146992400000 
0.10900 0.143734400000 
0.10950 0.140532600000 
0.11000 0.137330800000 
0.11050 0.134163600000 
0.11100 0.131230600000 
0.11150 0.128297400000 
0.11200 0.125364400000 
0.11250 0.122539400000 
0.11300 0.119852800000 
0.11350 0.117166200000 
0.11400 0.114479600000 
0.11450 0.111957800000 
0.11500 0.109494000000 
0.11550 0.107030200000 
0.11600 0.104572600000 
0.11650 0.102312800000 
0.11700 0.100053000000 
0.11750 0.097793200000 
0.11800 0.095591800000 
0.11850 0.093517400000 
0.11900 0.091442800000 
0.11950 0.089368400000 
0.12000 0.087394800000 
0.12050 0.085491200000 
0.12100 0.083587600000 
0.12150 0.081684000000 
0.12200 0.079913200000 
0.12250 0.078164200000 
0.12300 0.076415200000 
0.12350 0.074682800000 
0.12400 0.073075200000 
0.12450 0.071467600000 
0.12500 0.069860000000 
0.12550 0.068300600000 
0.12600 0.066823400000 
0.12650 0.065346000000 
0.12700 0.063868600000 
0.12750 0.062464400000 
0.12800 0.061106400000 
0.12850 0.059748400000 
0.12900 0.058390400000 
0.12950 0.057124600000 
0.13000 0.055875200000 
0.13050 0.054625800000 
0.13100 0.053384200000 
0.13150 0.052235200000 
0.13200 0.051086200000 
0.13250 0.049937400000 
0.13300 0.048815400000 
0.13350 0.047758200000 
0.13400 0.046700800000 
0.13450 0.045643400000 
0.13500 0.044628600000 
0.13550 0.043655200000 
0.13600 0.042682000000 
0.13650 0.041708800000 
0.13700 0.040790800000 
0.13750 0.039895400000 
0.13800 0.039000200000 
0.13850 0.038104800000 
0.13900 0.037273800000 
0.13950 0.036449600000 
0.14000 0.035625600000 
0.14050 0.034807000000 
0.14100 0.034049000000 
0.14150 0.033291000000 
0.14200 0.032533000000 
0.14250 0.031790600000 
0.14300 0.031093000000 
0.14350 0.030395200000 
0.14400 0.029697400000 
0.14450 0.029023400000 
0.14500 0.028381200000 
0.14550 0.027739200000 
0.14600 0.027097000000 
0.14650 0.026484600000 
0.14700 0.025893800000 
0.14750 0.025303000000 
0.14800 0.024712200000 
0.14850 0.024156000000 
0.14900 0.023613000000 
0.14950 0.023069800000 
0.15000 0.022526800000 
0.15050 0.022021400000 
0.15100 0.021521800000 
0.15150 0.021022400000 
0.15200 0.020523000000 
0.15250 0.020063200000 
0.15300 0.019604100000 
0.15350 0.019144960000 
0.15400 0.018689320000 
0.15450 0.018267860000 
0.15500 0.017846380000 
0.15550 0.017424900000 
0.15600 0.017010000000 
0.15650 0.016622840000 
0.15700 0.016235700000 
0.15750 0.015848560000 
0.15800 0.015470100000 
0.15850 0.015114260000 
0.15900 0.014758420000 
0.15950 0.014402560000 
0.16000 0.014057160000 
0.16050 0.013731040000 
0.16100 0.013404920000 
0.16150 0.013078800000 
0.16200 0.012763800000 
0.16250 0.012464740000 
0.16300 0.012165680000 
0.16350 0.011866640000 
0.16400 0.011579000000 
0.16450 0.011304940000 
0.16500 0.011030900000 
0.16550 0.010756840000 
0.16600 0.010494240000 
0.16650 0.010243620000 
0.16700 0.009993000000 
0.16750 0.009742380000 
0.16800 0.009502380000 
0.16850 0.009272720000 
0.16900 0.009043040000 
0.16950 0.008813360000 
0.17000 0.008593920000 
0.17050 0.008384240000 
0.17100 0.008174560000 
0.17150 0.007964860000 
0.17200 0.007764100000 
0.17250 0.007572240000 
0.17300 0.007380380000 
0.17350 0.007188500000 
0.17400 0.007004580000 
0.17450 0.006829460000 
0.17500 0.006654340000 
0.17550 0.006479200000 
0.17600 0.006310880000 
0.17650 0.006151460000 
0.17700 0.005992020000 
0.17750 0.005832600000 
0.17800 0.005678520000 
0.17850 0.005533280000 
0.17900 0.005388040000 
0.17950 0.005242800000 
0.18000 0.005101480000 
0.18050 0.004969040000 
0.18100 0.004836600000 
0.18150 0.004704160000 
0.18200 0.004574420000 
0.18250 0.004454000000 
0.18300 0.004333600000 
0.18350 0.004213180000 
0.18400 0.004094200000 
0.18450 0.003985060000 
0.18500 0.003875920000 
0.18550 0.003766800000 
0.18600 0.003657800000 
0.18650 0.003558580000 
0.18700 0.003459380000 
0.18750 0.003360160000 
0.18800 0.003260940000 
0.18850 0.003170220000 
0.18900 0.003080520000 
0.18950 0.002990820000 
0.19000 0.002901100000 
0.19050 0.002817720000 
0.19100 0.002736360000 
0.19150 0.002654980000 
0.19200 0.002573620000 
0.19250 0.002497040000 
0.19300 0.002423500000 
0.19350 0.002349960000 
0.19400 0.002276400000 
0.19450 0.002206160000 
0.19500 0.002139780000 
0.19550 0.002073380000 
0.19600 0.002007000000 
0.19650 0.001942596000 
0.19700 0.001882750000 
0.19750 0.001822904000 
0.19800 0.001763058000 
0.19850 0.001704062000 
0.19900 0.001650196000 
0.19950 0.001596330000 
0.20000 0.001542464000 
0.20050 0.001488598000 
0.20100 0.001439936000 
0.20150 0.001391392000 
0.20200 0.001342848000 
0.20250 0.001294304000 
0.20300 0.001249934000 
0.20350 0.001206516000 
0.20400 0.001163098000 
0.20450 0.001119680000 
0.20500 0.001079156000 
0.20550 0.001040160000 
0.20600 0.001001164000 
0.20650 0.000962168000 
0.20700 0.000925316000 
0.20750 0.000890586000 
0.20800 0.000855856000 
0.20850 0.000821126000 
0.20900 0.000787724000 
0.20950 0.000756662000 
0.21000 0.000725602000 
0.21050 0.000694540000 
0.21100 0.000664276000 
0.21150 0.000636572000 
0.21200 0.000608870000 
0.21250 0.000581166000 
0.21300 0.000553898000 
0.21350 0.000529448000 
0.21400 0.000504998000 
0.21450 0.000480550000 
0.21500 0.000456254000 
0.21550 0.000434602000 
0.21600 0.000412950000 
0.21650 0.000391298000 
0.21700 0.000369670000 
0.21750 0.000350740000 
0.21800 0.000331808000 
0.21850 0.000312876000 
0.21900 0.000293950000 
0.21950 0.000277370000 
0.22000 0.000260790000 
0.22050 0.000244210000 
0.22100 0.000227718000 
0.22150 0.000213322000 
0.22200 0.000198925800 
0.22250 0.000184529600 
0.22300 0.000170420600 
0.22350 0.000158174200 
0.22400 0.000145928000 
0.22450 0.000133681800 
0.22500 0.000121985200 
0.22550 0.000111647200 
0.22600 0.000101309200 
0.22650 0.000090971200 
0.22700 0.000081594800 
0.22750 0.000073127200 
0.22800 0.000064659600 
0.22850 0.000056191800 
0.22900 0.000049211200 
0.22950 0.000042553400 
0.23000 0.000035895600 
0.23050 0.000029630800 
0.23100 0.000024746800 
0.23150 0.000019863020 
0.23200 0.000014979160 
0.23250 0.000011442000 
0.23300 0.000008413900 
0.23350 0.000005385820 
