0.00000 762.388000000000 
0.00050 687.556000000000 
0.00100 612.726000000000 
0.00150 537.894000000000 
0.00200 463.064000000000 
0.00250 409.060000000000 
0.00300 361.272000000000 
0.00350 321.526000000000 
0.00400 289.220000000000 
0.00450 258.720000000000 
0.00500 235.988000000000 
0.00550 213.254000000000 
0.00600 195.419400000000 
0.00650 178.924400000000 
0.00700 163.760600000000 
0.00750 151.492200000000 
0.00800 139.223600000000 
0.00850 129.272400000000 
0.00900 119.958400000000 
0.00950 111.065000000000 
0.01000 103.869800000000 
0.01050 96.674400000000 
0.01100 90.352800000000 
0.01150 84.710400000000 
0.01200 79.068000000000 
0.01250 74.447000000000 
0.01300 69.964000000000 
0.01350 65.619600000000 
0.01400 62.016800000000 
0.01450 58.413800000000 
0.01500 55.079200000000 
0.01550 52.153800000000 
0.01600 49.228400000000 
0.01650 46.620000000000 
0.01700 44.223000000000 
0.01750 41.826000000000 
0.01800 39.750800000000 
0.01850 37.770600000000 
0.01900 35.790400000000 
0.01950 34.114200000000 
0.02000 32.466200000000 
0.02050 30.826400000000 
0.02100 29.446000000000 
0.02150 28.065400000000 
0.02200 26.711000000000 
0.02250 25.547400000000 
0.02300 24.383800000000 
0.02350 23.253800000000 
0.02400 22.267600000000 
0.02450 21.281400000000 
0.02500 20.329600000000 
0.02550 19.489760000000 
0.02600 18.649840000000 
0.02650 17.841500000000 
0.02700 17.122820000000 
0.02750 16.404140000000 
0.02800 15.712500000000 
0.02850 15.095000000000 
0.02900 14.477500000000 
0.02950 13.881680000000 
0.03000 13.349060000000 
0.03050 12.816440000000 
0.03100 12.300060000000 
0.03150 11.839040000000 
0.03200 11.378020000000 
0.03250 10.928000000000 
0.03300 10.527640000000 
0.03350 10.127300000000 
0.03400 9.733140000000 
0.03450 9.384440000000 
0.03500 9.035760000000 
0.03550 8.688940000000 
0.03600 8.384400000000 
0.03650 8.079880000000 
0.03700 7.775340000000 
0.03750 7.506780000000 
0.03800 7.240140000000 
0.03850 6.973480000000 
0.03900 6.734300000000 
0.03950 6.500280000000 
0.04000 6.266260000000 
0.04050 6.052500000000 
0.04100 5.846660000000 
0.04150 5.640840000000 
0.04200 5.449200000000 
0.04250 5.267800000000 
0.04300 5.086380000000 
0.04350 4.914080000000 
0.04400 4.753900000000 
0.04450 4.593720000000 
0.04500 4.438380000000 
0.04550 4.296700000000 
0.04600 4.155020000000 
0.04650 4.014620000000 
0.04700 3.889080000000 
0.04750 3.763560000000 
0.04800 3.638020000000 
0.04850 3.524980000000 
0.04900 3.413600000000 
0.04950 3.302200000000 
0.05000 3.199140000000 
0.05050 3.100160000000 
0.05100 3.001180000000 
0.05150 2.907040000000 
0.05200 2.818980000000 
0.05250 2.730900000000 
0.05300 2.644760000000 
0.05350 2.566300000000 
0.05400 2.487820000000 
0.05450 2.409340000000 
0.05500 2.338880000000 
0.05550 2.268880000000 
0.05600 2.198860000000 
0.05650 2.133920000000 
0.05700 2.071380000000 
0.05750 2.008860000000 
0.05800 1.948904000000 
0.05850 1.893004000000 
0.05900 1.837104000000 
0.05950 1.781700000000 
0.06000 1.731664000000 
0.06050 1.681630000000 
0.06100 1.631596000000 
0.06150 1.585550000000 
0.06200 1.540718000000 
0.06250 1.495886000000 
0.06300 1.453058000000 
0.06350 1.412852000000 
0.06400 1.372646000000 
0.06450 1.332786000000 
0.06500 1.296690000000 
0.06550 1.260596000000 
0.06600 1.224500000000 
0.06650 1.191040000000 
0.06700 1.158608000000 
0.06750 1.126174000000 
0.06800 1.094850000000 
0.06850 1.065678000000 
0.06900 1.036506000000 
0.06950 1.007334000000 
0.07000 0.980914000000 
0.07050 0.954654000000 
0.07100 0.928392000000 
0.07150 0.903524000000 
0.07200 0.879864000000 
0.07250 0.856204000000 
0.07300 0.832800000000 
0.07350 0.811464000000 
0.07400 0.790128000000 
0.07450 0.768792000000 
0.07500 0.748850000000 
0.07550 0.729594000000 
0.07600 0.710338000000 
0.07650 0.691482000000 
0.07700 0.674088000000 
0.07750 0.656694000000 
0.07800 0.639298000000 
0.07850 0.623150000000 
0.07900 0.607426000000 
0.07950 0.591700000000 
0.08000 0.576368000000 
0.08050 0.562140000000 
0.08100 0.547914000000 
0.08150 0.533686000000 
0.08200 0.520486000000 
0.08250 0.507602000000 
0.08300 0.494718000000 
0.08350 0.482140000000 
0.08400 0.470466000000 
0.08450 0.458790000000 
0.08500 0.447116000000 
0.08550 0.436230000000 
0.08600 0.425640000000 
0.08650 0.415052000000 
0.08700 0.404646000000 
0.08750 0.395038000000 
0.08800 0.385428000000 
0.08850 0.375818000000 
0.08900 0.366770000000 
0.08950 0.358038000000 
0.09000 0.349308000000 
0.09050 0.340636000000 
0.09100 0.332700000000 
0.09150 0.324764000000 
0.09200 0.316828000000 
0.09250 0.309250000000 
0.09300 0.302030000000 
0.09350 0.294810000000 
0.09400 0.287590000000 
0.09450 0.280960000000 
0.09500 0.274388000000 
0.09550 0.267816000000 
0.09600 0.261424000000 
0.09650 0.255434000000 
0.09700 0.249446000000 
0.09750 0.243458000000 
0.09800 0.237838000000 
0.09850 0.232380000000 
0.09900 0.226920000000 
0.09950 0.221496000000 
0.10000 0.216516000000 
0.10050 0.211536000000 
0.10100 0.206556000000 
0.10150 0.201766000000 
0.10200 0.197218800000 
0.10250 0.192671600000 
0.10300 0.188124400000 
0.10350 0.183891000000 
0.10400 0.179736800000 
0.10450 0.175582600000 
0.10500 0.171480200000 
0.10550 0.167682400000 
0.10600 0.163884800000 
0.10650 0.160087000000 
0.10700 0.156445600000 
0.10750 0.152971600000 
0.10800 0.149497800000 
0.10850 0.146024000000 
0.10900 0.142788400000 
0.10950 0.139608800000 
0.11000 0.136429400000 
0.11050 0.133284000000 
0.11100 0.130371200000 
0.11150 0.127458400000 
0.11200 0.124545600000 
0.11250 0.121740000000 
0.11300 0.119071800000 
0.11350 0.116403800000 
0.11400 0.113735600000 
0.11450 0.111230800000 
0.11500 0.108784000000 
0.11550 0.106337000000 
0.11600 0.103896200000 
0.11650 0.101651800000 
0.11700 0.099407400000 
0.11750 0.097163000000 
0.11800 0.094976600000 
0.11850 0.092916000000 
0.11900 0.090855600000 
0.11950 0.088795200000 
0.12000 0.086835000000 
0.12050 0.084944200000 
0.12100 0.083053400000 
0.12150 0.081162600000 
0.12200 0.079403600000 
0.12250 0.077666400000 
0.12300 0.075929000000 
0.12350 0.074208400000 
0.12400 0.072611600000 
0.12450 0.071014600000 
0.12500 0.069417800000 
0.12550 0.067868800000 
0.12600 0.066401200000 
0.12650 0.064933800000 
0.12700 0.063466200000 
0.12750 0.062071400000 
0.12800 0.060722200000 
0.12850 0.059373200000 
0.12900 0.058024200000 
0.12950 0.056766600000 
0.13000 0.055525600000 
0.13050 0.054284400000 
0.13100 0.053051000000 
0.13150 0.051909600000 
0.13200 0.050768000000 
0.13250 0.049626600000 
0.13300 0.048512200000 
0.13350 0.047461600000 
0.13400 0.046411200000 
0.13450 0.045360600000 
0.13500 0.044352400000 
0.13550 0.043385600000 
0.13600 0.042418600000 
0.13650 0.041451600000 
0.13700 0.040539600000 
0.13750 0.039650000000 
0.13800 0.038760600000 
0.13850 0.037871000000 
0.13900 0.037045200000 
0.13950 0.036226400000 
0.14000 0.035407600000 
0.14050 0.034594400000 
0.14100 0.033841200000 
0.14150 0.033088000000 
0.14200 0.032334800000 
0.14250 0.031597200000 
0.14300 0.030904000000 
0.14350 0.030210600000 
0.14400 0.029517400000 
0.14450 0.028847600000 
0.14500 0.028209600000 
0.14550 0.027571400000 
0.14600 0.026933400000 
0.14650 0.026325000000 
0.14700 0.025737800000 
0.14750 0.025150600000 
0.14800 0.024563600000 
0.14850 0.024010800000 
0.14900 0.023471200000 
0.14950 0.022931600000 
0.15000 0.022392000000 
0.15050 0.021889600000 
0.15100 0.021393400000 
0.15150 0.020897000000 
0.15200 0.020400800000 
0.15250 0.019943720000 
0.15300 0.019487440000 
0.15350 0.019031160000 
0.15400 0.018578360000 
0.15450 0.018159480000 
0.15500 0.017740620000 
0.15550 0.017321740000 
0.15600 0.016909400000 
0.15650 0.016524640000 
0.15700 0.016139880000 
0.15750 0.015755120000 
0.15800 0.015378980000 
0.15850 0.015025320000 
0.15900 0.014671660000 
0.15950 0.014317980000 
0.16000 0.013974680000 
0.16050 0.013650560000 
0.16100 0.013326420000 
0.16150 0.013002280000 
0.16200 0.012689200000 
0.16250 0.012391960000 
0.16300 0.012094720000 
0.16350 0.011797480000 
0.16400 0.011511600000 
0.16450 0.011239200000 
0.16500 0.010966780000 
0.16550 0.010694380000 
0.16600 0.010433380000 
0.16650 0.010184260000 
0.16700 0.009935140000 
0.16750 0.009686020000 
0.16800 0.009447480000 
0.16850 0.009219180000 
0.16900 0.008990880000 
0.16950 0.008762580000 
0.17000 0.008544440000 
0.17050 0.008336000000 
0.17100 0.008127580000 
0.17150 0.007919140000 
0.17200 0.007719560000 
0.17250 0.007528840000 
0.17300 0.007338100000 
0.17350 0.007147380000 
0.17400 0.006964540000 
0.17450 0.006790460000 
0.17500 0.006616360000 
0.17550 0.006442280000 
0.17600 0.006274940000 
0.17650 0.006116440000 
0.17700 0.005957960000 
0.17750 0.005799460000 
0.17800 0.005646300000 
0.17850 0.005501900000 
0.17900 0.005357500000 
0.17950 0.005213100000 
0.18000 0.005072620000 
0.18050 0.004940960000 
0.18100 0.004809300000 
0.18150 0.004677620000 
0.18200 0.004548620000 
0.18250 0.004428920000 
0.18300 0.004309200000 
0.18350 0.004189500000 
0.18400 0.004071180000 
0.18450 0.003962680000 
0.18500 0.003854180000 
0.18550 0.003745680000 
0.18600 0.003637320000 
0.18650 0.003538680000 
0.18700 0.003440020000 
0.18750 0.003341380000 
0.18800 0.003242740000 
0.18850 0.003152540000 
0.18900 0.003063340000 
0.18950 0.002974160000 
0.19000 0.002884960000 
0.19050 0.002802060000 
0.19100 0.002721140000 
0.19150 0.002640240000 
0.19200 0.002559340000 
0.19250 0.002483200000 
0.19300 0.002410080000 
0.19350 0.002336940000 
0.19400 0.002263820000 
0.19450 0.002193980000 
0.19500 0.002127960000 
0.19550 0.002061940000 
0.19600 0.001995924000 
0.19650 0.001931892000 
0.19700 0.001872382000 
0.19750 0.001812874000 
0.19800 0.001753364000 
0.19850 0.001694700000 
0.19900 0.001641136000 
0.19950 0.001587572000 
0.20000 0.001534008000 
0.20050 0.001480444000 
0.20100 0.001432052000 
0.20150 0.001383780000 
0.20200 0.001335508000 
0.20250 0.001287234000 
0.20300 0.001243110000 
0.20350 0.001199934000 
0.20400 0.001156758000 
0.20450 0.001113582000 
0.20500 0.001073282000 
0.20550 0.001034502000 
0.20600 0.000995722000 
0.20650 0.000956942000 
0.20700 0.000920292000 
0.20750 0.000885754000 
0.20800 0.000851216000 
0.20850 0.000816678000 
0.20900 0.000783460000 
0.20950 0.000752570000 
0.21000 0.000721678000 
0.21050 0.000690788000 
0.21100 0.000660690000 
0.21150 0.000633138000 
0.21200 0.000605586000 
0.21250 0.000578036000 
0.21300 0.000550916000 
0.21350 0.000526600000 
0.21400 0.000502284000 
0.21450 0.000477968000 
0.21500 0.000453804000 
0.21550 0.000432270000 
0.21600 0.000410736000 
0.21650 0.000389200000 
0.21700 0.000367692000 
0.21750 0.000348862000 
0.21800 0.000330034000 
0.21850 0.000311204000 
0.21900 0.000292382000 
0.21950 0.000275890000 
0.22000 0.000259398000 
0.22050 0.000242908000 
0.22100 0.000226506000 
0.22150 0.000212186000 
0.22200 0.000197867400 
0.22250 0.000183548600 
0.22300 0.000169515200 
0.22350 0.000157334400 
0.22400 0.000145153600 
0.22450 0.000132972800 
0.22500 0.000121338800 
0.22550 0.000111056000 
0.22600 0.000100773000 
0.22650 0.000090490200 
0.22700 0.000081163600 
0.22750 0.000072741000 
0.22800 0.000064318200 
0.22850 0.000055895600 
0.22900 0.000048951800 
0.22950 0.000042329200 
0.23000 0.000035706600 
0.23050 0.000029474800 
0.23100 0.000024616800 
0.23150 0.000019758640 
0.23200 0.000014900520 
0.23250 0.000011381960 
0.23300 0.000008369780 
0.23350 0.000005357600 
