0.00000 753.184000000000 
0.00050 679.378000000000 
0.00100 605.572000000000 
0.00150 531.766000000000 
0.00200 457.958000000000 
0.00250 404.658000000000 
0.00300 357.476000000000 
0.00350 318.220000000000 
0.00400 286.298000000000 
0.00450 256.158000000000 
0.00500 233.682000000000 
0.00550 211.204000000000 
0.00600 193.564000000000 
0.00650 177.246400000000 
0.00700 162.244200000000 
0.00750 150.102400000000 
0.00800 137.960800000000 
0.00850 128.109800000000 
0.00900 118.888800000000 
0.00950 110.083800000000 
0.01000 102.958200000000 
0.01050 95.832600000000 
0.01100 89.571400000000 
0.01150 83.982200000000 
0.01200 78.393000000000 
0.01250 73.814600000000 
0.01300 69.373000000000 
0.01350 65.068600000000 
0.01400 61.498200000000 
0.01450 57.927800000000 
0.01500 54.623200000000 
0.01550 51.723800000000 
0.01600 48.824200000000 
0.01650 46.238800000000 
0.01700 43.862600000000 
0.01750 41.486600000000 
0.01800 39.429200000000 
0.01850 37.466000000000 
0.01900 35.502800000000 
0.01950 33.840800000000 
0.02000 32.206800000000 
0.02050 30.581000000000 
0.02100 29.212000000000 
0.02150 27.843000000000 
0.02200 26.500000000000 
0.02250 25.346000000000 
0.02300 24.192200000000 
0.02350 23.071400000000 
0.02400 22.093400000000 
0.02450 21.115400000000 
0.02500 20.171400000000 
0.02550 19.338260000000 
0.02600 18.505160000000 
0.02650 17.703400000000 
0.02700 16.990540000000 
0.02750 16.277660000000 
0.02800 15.591600000000 
0.02850 14.979040000000 
0.02900 14.366500000000 
0.02950 13.775460000000 
0.03000 13.247080000000 
0.03050 12.718700000000 
0.03100 12.206420000000 
0.03150 11.749060000000 
0.03200 11.291680000000 
0.03250 10.845220000000 
0.03300 10.448020000000 
0.03350 10.050840000000 
0.03400 9.659780000000 
0.03450 9.313820000000 
0.03500 8.967860000000 
0.03550 8.623740000000 
0.03600 8.321580000000 
0.03650 8.019420000000 
0.03700 7.717260000000 
0.03750 7.450780000000 
0.03800 7.186200000000 
0.03850 6.921620000000 
0.03900 6.684280000000 
0.03950 6.452060000000 
0.04000 6.219840000000 
0.04050 6.007740000000 
0.04100 5.803480000000 
0.04150 5.599240000000 
0.04200 5.409060000000 
0.04250 5.229040000000 
0.04300 5.049020000000 
0.04350 4.878040000000 
0.04400 4.719080000000 
0.04450 4.560120000000 
0.04500 4.405960000000 
0.04550 4.265340000000 
0.04600 4.124740000000 
0.04650 3.985400000000 
0.04700 3.860820000000 
0.04750 3.736240000000 
0.04800 3.611660000000 
0.04850 3.499460000000 
0.04900 3.388920000000 
0.04950 3.278360000000 
0.05000 3.176080000000 
0.05050 3.077840000000 
0.05100 2.979600000000 
0.05150 2.886160000000 
0.05200 2.798740000000 
0.05250 2.711320000000 
0.05300 2.625840000000 
0.05350 2.547960000000 
0.05400 2.470060000000 
0.05450 2.392160000000 
0.05500 2.322220000000 
0.05550 2.252740000000 
0.05600 2.183260000000 
0.05650 2.118780000000 
0.05700 2.056720000000 
0.05750 1.994652000000 
0.05800 1.935136000000 
0.05850 1.879646000000 
0.05900 1.824156000000 
0.05950 1.769160000000 
0.06000 1.719492000000 
0.06050 1.669824000000 
0.06100 1.620156000000 
0.06150 1.574446000000 
0.06200 1.529942000000 
0.06250 1.485438000000 
0.06300 1.442920000000 
0.06350 1.403008000000 
0.06400 1.363094000000 
0.06450 1.323524000000 
0.06500 1.287690000000 
0.06550 1.251856000000 
0.06600 1.216022000000 
0.06650 1.182804000000 
0.06700 1.150604000000 
0.06750 1.118406000000 
0.06800 1.087308000000 
0.06850 1.058346000000 
0.06900 1.029384000000 
0.06950 1.000422000000 
0.07000 0.974192000000 
0.07050 0.948118000000 
0.07100 0.922044000000 
0.07150 0.897354000000 
0.07200 0.873864000000 
0.07250 0.850372000000 
0.07300 0.827136000000 
0.07350 0.805952000000 
0.07400 0.784766000000 
0.07450 0.763582000000 
0.07500 0.743782000000 
0.07550 0.724662000000 
0.07600 0.705540000000 
0.07650 0.686818000000 
0.07700 0.669548000000 
0.07750 0.652276000000 
0.07800 0.635004000000 
0.07850 0.618968000000 
0.07900 0.603354000000 
0.07950 0.587740000000 
0.08000 0.572516000000 
0.08050 0.558388000000 
0.08100 0.544260000000 
0.08150 0.530132000000 
0.08200 0.517024000000 
0.08250 0.504230000000 
0.08300 0.491436000000 
0.08350 0.478946000000 
0.08400 0.467352000000 
0.08450 0.455758000000 
0.08500 0.444164000000 
0.08550 0.433354000000 
0.08600 0.422838000000 
0.08650 0.412322000000 
0.08700 0.401988000000 
0.08750 0.392446000000 
0.08800 0.382902000000 
0.08850 0.373360000000 
0.08900 0.364372000000 
0.08950 0.355702000000 
0.09000 0.347030000000 
0.09050 0.338418000000 
0.09100 0.330536000000 
0.09150 0.322654000000 
0.09200 0.314774000000 
0.09250 0.307246000000 
0.09300 0.300074000000 
0.09350 0.292904000000 
0.09400 0.285734000000 
0.09450 0.279148000000 
0.09500 0.272620000000 
0.09550 0.266092000000 
0.09600 0.259744000000 
0.09650 0.253796000000 
0.09700 0.247848000000 
0.09750 0.241900000000 
0.09800 0.236318000000 
0.09850 0.230896000000 
0.09900 0.225472000000 
0.09950 0.220086000000 
0.10000 0.215138000000 
0.10050 0.210192000000 
0.10100 0.205244000000 
0.10150 0.200488000000 
0.10200 0.195970400000 
0.10250 0.191453400000 
0.10300 0.186936400000 
0.10350 0.182731200000 
0.10400 0.178604400000 
0.10450 0.174477800000 
0.10500 0.170402600000 
0.10550 0.166629800000 
0.10600 0.162857200000 
0.10650 0.159084600000 
0.10700 0.155467200000 
0.10750 0.152016000000 
0.10800 0.148565000000 
0.10850 0.145114000000 
0.10900 0.141899600000 
0.10950 0.138741000000 
0.11000 0.135582200000 
0.11050 0.132457400000 
0.11100 0.129563600000 
0.11150 0.126669800000 
0.11200 0.123776000000 
0.11250 0.120988600000 
0.11300 0.118337800000 
0.11350 0.115686800000 
0.11400 0.113036000000 
0.11450 0.110547600000 
0.11500 0.108116400000 
0.11550 0.105685200000 
0.11600 0.103260400000 
0.11650 0.101030200000 
0.11700 0.098800200000 
0.11750 0.096570200000 
0.11800 0.094397800000 
0.11850 0.092350600000 
0.11900 0.090303200000 
0.11950 0.088256000000 
0.12000 0.086308400000 
0.12050 0.084429600000 
0.12100 0.082550800000 
0.12150 0.080672200000 
0.12200 0.078924400000 
0.12250 0.077198000000 
0.12300 0.075471800000 
0.12350 0.073762000000 
0.12400 0.072175200000 
0.12450 0.070588400000 
0.12500 0.069001600000 
0.12550 0.067462400000 
0.12600 0.066004000000 
0.12650 0.064545800000 
0.12700 0.063087400000 
0.12750 0.061701400000 
0.12800 0.060360600000 
0.12850 0.059020000000 
0.12900 0.057679400000 
0.12950 0.056429800000 
0.13000 0.055196400000 
0.13050 0.053963000000 
0.13100 0.052737200000 
0.13150 0.051602800000 
0.13200 0.050468400000 
0.13250 0.049334200000 
0.13300 0.048226600000 
0.13350 0.047182400000 
0.13400 0.046138400000 
0.13450 0.045094400000 
0.13500 0.044092400000 
0.13550 0.043131400000 
0.13600 0.042170400000 
0.13650 0.041209400000 
0.13700 0.040303000000 
0.13750 0.039418800000 
0.13800 0.038534800000 
0.13850 0.037650800000 
0.13900 0.036830000000 
0.13950 0.036016000000 
0.14000 0.035202200000 
0.14050 0.034394000000 
0.14100 0.033645400000 
0.14150 0.032896800000 
0.14200 0.032148000000 
0.14250 0.031415000000 
0.14300 0.030725800000 
0.14350 0.030036800000 
0.14400 0.029347600000 
0.14450 0.028682000000 
0.14500 0.028047600000 
0.14550 0.027413400000 
0.14600 0.026779200000 
0.14650 0.026174400000 
0.14700 0.025590800000 
0.14750 0.025007200000 
0.14800 0.024423400000 
0.14850 0.023874200000 
0.14900 0.023337600000 
0.14950 0.022801200000 
0.15000 0.022264800000 
0.15050 0.021765400000 
0.15100 0.021272000000 
0.15150 0.020778600000 
0.15200 0.020285400000 
0.15250 0.019831000000 
0.15300 0.019377420000 
0.15350 0.018923840000 
0.15400 0.018473680000 
0.15450 0.018057280000 
0.15500 0.017640860000 
0.15550 0.017224440000 
0.15600 0.016814500000 
0.15650 0.016431980000 
0.15700 0.016049460000 
0.15750 0.015666940000 
0.15800 0.015293000000 
0.15850 0.014941400000 
0.15900 0.014589780000 
0.15950 0.014238180000 
0.16000 0.013896860000 
0.16050 0.013574600000 
0.16100 0.013252340000 
0.16150 0.012930080000 
0.16200 0.012618800000 
0.16250 0.012323280000 
0.16300 0.012027740000 
0.16350 0.011732200000 
0.16400 0.011447960000 
0.16450 0.011177120000 
0.16500 0.010906280000 
0.16550 0.010635440000 
0.16600 0.010375920000 
0.16650 0.010128220000 
0.16700 0.009880520000 
0.16750 0.009632820000 
0.16800 0.009395640000 
0.16850 0.009168640000 
0.16900 0.008941640000 
0.16950 0.008714640000 
0.17000 0.008497720000 
0.17050 0.008290460000 
0.17100 0.008083220000 
0.17150 0.007875960000 
0.17200 0.007677500000 
0.17250 0.007487840000 
0.17300 0.007298200000 
0.17350 0.007108540000 
0.17400 0.006926740000 
0.17450 0.006753620000 
0.17500 0.006580500000 
0.17550 0.006407380000 
0.17600 0.006240980000 
0.17650 0.006083380000 
0.17700 0.005925780000 
0.17750 0.005768160000 
0.17800 0.005615840000 
0.17850 0.005472260000 
0.17900 0.005328660000 
0.17950 0.005185060000 
0.18000 0.005045360000 
0.18050 0.004914420000 
0.18100 0.004783480000 
0.18150 0.004652540000 
0.18200 0.004524260000 
0.18250 0.004405200000 
0.18300 0.004286160000 
0.18350 0.004167100000 
0.18400 0.004049440000 
0.18450 0.003941540000 
0.18500 0.003833620000 
0.18550 0.003725720000 
0.18600 0.003617960000 
0.18650 0.003519860000 
0.18700 0.003421740000 
0.18750 0.003323640000 
0.18800 0.003225540000 
0.18850 0.003135820000 
0.18900 0.003047120000 
0.18950 0.002958400000 
0.19000 0.002869700000 
0.19050 0.002787240000 
0.19100 0.002706780000 
0.19150 0.002626300000 
0.19200 0.002545840000 
0.19250 0.002470120000 
0.19300 0.002397380000 
0.19350 0.002324640000 
0.19400 0.002251900000 
0.19450 0.002182440000 
0.19500 0.002116780000 
0.19550 0.002051120000 
0.19600 0.001985460000 
0.19650 0.001921770000 
0.19700 0.001862580000 
0.19750 0.001803388000 
0.19800 0.001744198000 
0.19850 0.001685848000 
0.19900 0.001632568000 
0.19950 0.001579290000 
0.20000 0.001526010000 
0.20050 0.001472732000 
0.20100 0.001424598000 
0.20150 0.001376582000 
0.20200 0.001328564000 
0.20250 0.001280548000 
0.20300 0.001236658000 
0.20350 0.001193710000 
0.20400 0.001150762000 
0.20450 0.001107812000 
0.20500 0.001067726000 
0.20550 0.001029150000 
0.20600 0.000990574000 
0.20650 0.000951998000 
0.20700 0.000915542000 
0.20750 0.000881184000 
0.20800 0.000846828000 
0.20850 0.000812470000 
0.20900 0.000779426000 
0.20950 0.000748698000 
0.21000 0.000717968000 
0.21050 0.000687238000 
0.21100 0.000657298000 
0.21150 0.000629890000 
0.21200 0.000602482000 
0.21250 0.000575074000 
0.21300 0.000548094000 
0.21350 0.000523904000 
0.21400 0.000499714000 
0.21450 0.000475524000 
0.21500 0.000451488000 
0.21550 0.000430064000 
0.21600 0.000408640000 
0.21650 0.000387216000 
0.21700 0.000365818000 
0.21750 0.000347086000 
0.21800 0.000328354000 
0.21850 0.000309622000 
0.21900 0.000290896000 
0.21950 0.000274488000 
0.22000 0.000258082000 
0.22050 0.000241676000 
0.22100 0.000225358000 
0.22150 0.000211112000 
0.22200 0.000196866000 
0.22250 0.000182620200 
0.22300 0.000168658400 
0.22350 0.000156539600 
0.22400 0.000144420800 
0.22450 0.000132302000 
0.22500 0.000120727200 
0.22550 0.000110496400 
0.22600 0.000100265600 
0.22650 0.000090034800 
0.22700 0.000080755400 
0.22750 0.000072375400 
0.22800 0.000063995200 
0.22850 0.000055615000 
0.22900 0.000048706200 
0.22950 0.000042117000 
0.23000 0.000035527600 
0.23050 0.000029327400 
0.23100 0.000024493600 
0.23150 0.000019659840 
0.23200 0.000014826080 
0.23250 0.000011325120 
0.23300 0.000008328000 
0.23350 0.000005330860 
