0.00000 743.744000000000 
0.00050 671.042000000000 
0.00100 598.338000000000 
0.00150 525.634000000000 
0.00200 452.932000000000 
0.00250 400.366000000000 
0.00300 353.808000000000 
0.00350 315.054000000000 
0.00400 283.518000000000 
0.00450 253.740000000000 
0.00500 231.516000000000 
0.00550 209.290000000000 
0.00600 191.839000000000 
0.00650 175.693400000000 
0.00700 160.847400000000 
0.00750 148.827200000000 
0.00800 136.807000000000 
0.00850 127.051400000000 
0.00900 117.918400000000 
0.00950 109.197000000000 
0.01000 102.136800000000 
0.01050 95.076600000000 
0.01100 88.872000000000 
0.01150 83.332200000000 
0.01200 77.792600000000 
0.01250 73.253800000000 
0.01300 68.850200000000 
0.01350 64.582600000000 
0.01400 61.042000000000 
0.01450 57.501400000000 
0.01500 54.224200000000 
0.01550 51.348200000000 
0.01600 48.472400000000 
0.01650 45.907600000000 
0.01700 43.550400000000 
0.01750 41.193200000000 
0.01800 39.152000000000 
0.01850 37.204000000000 
0.01900 35.256200000000 
0.01950 33.606800000000 
0.02000 31.985400000000 
0.02050 30.371800000000 
0.02100 29.013000000000 
0.02150 27.654400000000 
0.02200 26.321400000000 
0.02250 25.176000000000 
0.02300 24.030600000000 
0.02350 22.918000000000 
0.02400 21.947200000000 
0.02450 20.976200000000 
0.02500 20.039000000000 
0.02550 19.211860000000 
0.02600 18.384740000000 
0.02650 17.588680000000 
0.02700 16.880840000000 
0.02750 16.173000000000 
0.02800 15.491760000000 
0.02850 14.883460000000 
0.02900 14.275180000000 
0.02950 13.688240000000 
0.03000 13.163500000000 
0.03050 12.638740000000 
0.03100 12.129980000000 
0.03150 11.675720000000 
0.03200 11.221460000000 
0.03250 10.778020000000 
0.03300 10.383500000000 
0.03350 9.988960000000 
0.03400 9.600520000000 
0.03450 9.256860000000 
0.03500 8.913200000000 
0.03550 8.571380000000 
0.03600 8.271200000000 
0.03650 7.971020000000 
0.03700 7.670840000000 
0.03750 7.406100000000 
0.03800 7.143240000000 
0.03850 6.880380000000 
0.03900 6.644580000000 
0.03950 6.413860000000 
0.04000 6.183140000000 
0.04050 5.972380000000 
0.04100 5.769440000000 
0.04150 5.566480000000 
0.04200 5.377540000000 
0.04250 5.198640000000 
0.04300 5.019760000000 
0.04350 4.849840000000 
0.04400 4.691880000000 
0.04450 4.533920000000 
0.04500 4.380720000000 
0.04550 4.240980000000 
0.04600 4.101240000000 
0.04650 3.962780000000 
0.04700 3.838960000000 
0.04750 3.715140000000 
0.04800 3.591340000000 
0.04850 3.479820000000 
0.04900 3.369940000000 
0.04950 3.260080000000 
0.05000 3.158400000000 
0.05050 3.060760000000 
0.05100 2.963100000000 
0.05150 2.870240000000 
0.05200 2.783340000000 
0.05250 2.696460000000 
0.05300 2.611480000000 
0.05350 2.534040000000 
0.05400 2.456620000000 
0.05450 2.379180000000 
0.05500 2.309660000000 
0.05550 2.240580000000 
0.05600 2.171500000000 
0.05650 2.107400000000 
0.05700 2.045700000000 
0.05750 1.984008000000 
0.05800 1.924838000000 
0.05850 1.869670000000 
0.05900 1.814502000000 
0.05950 1.759822000000 
0.06000 1.710440000000 
0.06050 1.661056000000 
0.06100 1.611674000000 
0.06150 1.566224000000 
0.06200 1.521974000000 
0.06250 1.477722000000 
0.06300 1.435448000000 
0.06350 1.395760000000 
0.06400 1.356072000000 
0.06450 1.316724000000 
0.06500 1.281092000000 
0.06550 1.245458000000 
0.06600 1.209826000000 
0.06650 1.176792000000 
0.06700 1.144772000000 
0.06750 1.112750000000 
0.06800 1.081826000000 
0.06850 1.053022000000 
0.06900 1.024220000000 
0.06950 0.995418000000 
0.07000 0.969330000000 
0.07050 0.943400000000 
0.07100 0.917470000000 
0.07150 0.892912000000 
0.07200 0.869550000000 
0.07250 0.846186000000 
0.07300 0.823074000000 
0.07350 0.802004000000 
0.07400 0.780934000000 
0.07450 0.759862000000 
0.07500 0.740168000000 
0.07550 0.721150000000 
0.07600 0.702130000000 
0.07650 0.683508000000 
0.07700 0.666328000000 
0.07750 0.649148000000 
0.07800 0.631968000000 
0.07850 0.616016000000 
0.07900 0.600484000000 
0.07950 0.584950000000 
0.08000 0.569806000000 
0.08050 0.555752000000 
0.08100 0.541698000000 
0.08150 0.527644000000 
0.08200 0.514602000000 
0.08250 0.501874000000 
0.08300 0.489146000000 
0.08350 0.476720000000 
0.08400 0.465186000000 
0.08450 0.453650000000 
0.08500 0.442116000000 
0.08550 0.431360000000 
0.08600 0.420898000000 
0.08650 0.410434000000 
0.08700 0.400154000000 
0.08750 0.390658000000 
0.08800 0.381164000000 
0.08850 0.371668000000 
0.08900 0.362726000000 
0.08950 0.354098000000 
0.09000 0.345470000000 
0.09050 0.336900000000 
0.09100 0.329058000000 
0.09150 0.321216000000 
0.09200 0.313374000000 
0.09250 0.305882000000 
0.09300 0.298746000000 
0.09350 0.291612000000 
0.09400 0.284476000000 
0.09450 0.277922000000 
0.09500 0.271426000000 
0.09550 0.264930000000 
0.09600 0.258612000000 
0.09650 0.252692000000 
0.09700 0.246772000000 
0.09750 0.240854000000 
0.09800 0.235298000000 
0.09850 0.229902000000 
0.09900 0.224506000000 
0.09950 0.219144000000 
0.10000 0.214220000000 
0.10050 0.209296000000 
0.10100 0.204372000000 
0.10150 0.199637600000 
0.10200 0.195141800000 
0.10250 0.190646000000 
0.10300 0.186150200000 
0.10350 0.181964600000 
0.10400 0.177857000000 
0.10450 0.173749400000 
0.10500 0.169693000000 
0.10550 0.165937800000 
0.10600 0.162182600000 
0.10650 0.158427200000 
0.10700 0.154826400000 
0.10750 0.151391000000 
0.10800 0.147955600000 
0.10850 0.144520400000 
0.10900 0.141320600000 
0.10950 0.138176200000 
0.11000 0.135031600000 
0.11050 0.131921000000 
0.11100 0.129040200000 
0.11150 0.126159200000 
0.11200 0.123278400000 
0.11250 0.120503400000 
0.11300 0.117864400000 
0.11350 0.115225200000 
0.11400 0.112586200000 
0.11450 0.110108600000 
0.11500 0.107688200000 
0.11550 0.105267600000 
0.11600 0.102853400000 
0.11650 0.100633200000 
0.11700 0.098412800000 
0.11750 0.096192400000 
0.11800 0.094029600000 
0.11850 0.091991000000 
0.11900 0.089952600000 
0.11950 0.087914200000 
0.12000 0.085974800000 
0.12050 0.084104200000 
0.12100 0.082233400000 
0.12150 0.080362800000 
0.12200 0.078622400000 
0.12250 0.076903400000 
0.12300 0.075184400000 
0.12350 0.073481800000 
0.12400 0.071901800000 
0.12450 0.070321600000 
0.12500 0.068741400000 
0.12550 0.067208600000 
0.12600 0.065756400000 
0.12650 0.064304000000 
0.12700 0.062851800000 
0.12750 0.061471400000 
0.12800 0.060136400000 
0.12850 0.058801200000 
0.12900 0.057466000000 
0.12950 0.056221600000 
0.13000 0.054993200000 
0.13050 0.053764800000 
0.13100 0.052544000000 
0.13150 0.051414200000 
0.13200 0.050284400000 
0.13250 0.049154800000 
0.13300 0.048051600000 
0.13350 0.047011600000 
0.13400 0.045971800000 
0.13450 0.044932000000 
0.13500 0.043934000000 
0.13550 0.042976800000 
0.13600 0.042019600000 
0.13650 0.041062400000 
0.13700 0.040159400000 
0.13750 0.039278800000 
0.13800 0.038398200000 
0.13850 0.037517600000 
0.13900 0.036700000000 
0.13950 0.035889400000 
0.14000 0.035078600000 
0.14050 0.034273600000 
0.14100 0.033527800000 
0.14150 0.032782000000 
0.14200 0.032036200000 
0.14250 0.031306000000 
0.14300 0.030619400000 
0.14350 0.029933000000 
0.14400 0.029246600000 
0.14450 0.028583200000 
0.14500 0.027951400000 
0.14550 0.027319600000 
0.14600 0.026687800000 
0.14650 0.026085200000 
0.14700 0.025503800000 
0.14750 0.024922200000 
0.14800 0.024340800000 
0.14850 0.023793400000 
0.14900 0.023259000000 
0.14950 0.022724600000 
0.15000 0.022190200000 
0.15050 0.021692600000 
0.15100 0.021201000000 
0.15150 0.020709400000 
0.15200 0.020218000000 
0.15250 0.019765240000 
0.15300 0.019313300000 
0.15350 0.018861360000 
0.15400 0.018412840000 
0.15450 0.017997920000 
0.15500 0.017582980000 
0.15550 0.017168060000 
0.15600 0.016759600000 
0.15650 0.016378440000 
0.15700 0.015997280000 
0.15750 0.015616120000 
0.15800 0.015243500000 
0.15850 0.014893140000 
0.15900 0.014542760000 
0.15950 0.014192380000 
0.16000 0.013852260000 
0.16050 0.013531120000 
0.16100 0.013209980000 
0.16150 0.012888860000 
0.16200 0.012578660000 
0.16250 0.012284140000 
0.16300 0.011989620000 
0.16350 0.011695120000 
0.16400 0.011411840000 
0.16450 0.011141940000 
0.16500 0.010872020000 
0.16550 0.010602100000 
0.16600 0.010343460000 
0.16650 0.010096600000 
0.16700 0.009849740000 
0.16750 0.009602880000 
0.16800 0.009366480000 
0.16850 0.009140240000 
0.16900 0.008914000000 
0.16950 0.008687760000 
0.17000 0.008471580000 
0.17050 0.008265000000 
0.17100 0.008058440000 
0.17150 0.007851860000 
0.17200 0.007654060000 
0.17250 0.007465040000 
0.17300 0.007276000000 
0.17350 0.007086980000 
0.17400 0.006905760000 
0.17450 0.006733200000 
0.17500 0.006560640000 
0.17550 0.006388100000 
0.17600 0.006222240000 
0.17650 0.006065140000 
0.17700 0.005908040000 
0.17750 0.005750940000 
0.17800 0.005599120000 
0.17850 0.005455980000 
0.17900 0.005312840000 
0.17950 0.005169700000 
0.18000 0.005030440000 
0.18050 0.004899920000 
0.18100 0.004769380000 
0.18150 0.004638860000 
0.18200 0.004510980000 
0.18250 0.004392300000 
0.18300 0.004273620000 
0.18350 0.004154940000 
0.18400 0.004037660000 
0.18450 0.003930080000 
0.18500 0.003822500000 
0.18550 0.003714920000 
0.18600 0.003607500000 
0.18650 0.003509700000 
0.18700 0.003411880000 
0.18750 0.003314080000 
0.18800 0.003216280000 
0.18850 0.003126840000 
0.18900 0.003038400000 
0.18950 0.002949960000 
0.19000 0.002861520000 
0.19050 0.002779320000 
0.19100 0.002699080000 
0.19150 0.002618860000 
0.19200 0.002538640000 
0.19250 0.002463140000 
0.19300 0.002390620000 
0.19350 0.002318100000 
0.19400 0.002245580000 
0.19450 0.002176320000 
0.19500 0.002110860000 
0.19550 0.002045400000 
0.19600 0.001979924000 
0.19650 0.001916422000 
0.19700 0.001857404000 
0.19750 0.001798386000 
0.19800 0.001739368000 
0.19850 0.001681188000 
0.19900 0.001628064000 
0.19950 0.001574940000 
0.20000 0.001521814000 
0.20050 0.001468690000 
0.20100 0.001420694000 
0.20150 0.001372816000 
0.20200 0.001324936000 
0.20250 0.001277058000 
0.20300 0.001233292000 
0.20350 0.001190466000 
0.20400 0.001147640000 
0.20450 0.001104814000 
0.20500 0.001064840000 
0.20550 0.001026372000 
0.20600 0.000987906000 
0.20650 0.000949438000 
0.20700 0.000913084000 
0.20750 0.000878822000 
0.20800 0.000844562000 
0.20850 0.000810300000 
0.20900 0.000777348000 
0.20950 0.000746704000 
0.21000 0.000716060000 
0.21050 0.000685416000 
0.21100 0.000655556000 
0.21150 0.000628224000 
0.21200 0.000600890000 
0.21250 0.000573558000 
0.21300 0.000546652000 
0.21350 0.000522528000 
0.21400 0.000498402000 
0.21450 0.000474278000 
0.21500 0.000450306000 
0.21550 0.000428940000 
0.21600 0.000407574000 
0.21650 0.000386208000 
0.21700 0.000364868000 
0.21750 0.000346186000 
0.21800 0.000327504000 
0.21850 0.000308822000 
0.21900 0.000290146000 
0.21950 0.000273782000 
0.22000 0.000257418000 
0.22050 0.000241054000 
0.22100 0.000224780000 
0.22150 0.000210572000 
0.22200 0.000196362600 
0.22250 0.000182154000 
0.22300 0.000168228800 
0.22350 0.000156141400 
0.22400 0.000144054000 
0.22450 0.000131966600 
0.22500 0.000120421600 
0.22550 0.000110217200 
0.22600 0.000100012600 
0.22650 0.000089808000 
0.22700 0.000080552400 
0.22750 0.000072193600 
0.22800 0.000063834800 
0.22850 0.000055475800 
0.22900 0.000048584600 
0.22950 0.000042011800 
0.23000 0.000035439200 
0.23050 0.000029254400 
0.23100 0.000024432800 
0.23150 0.000019611100 
0.23200 0.000014789400 
0.23250 0.000011297160 
0.23300 0.000008307440 
0.23350 0.000005317740 
