0.00000 734.046000000000 
0.00050 662.470000000000 
0.00100 590.894000000000 
0.00150 519.318000000000 
0.00200 447.742000000000 
0.00250 395.940000000000 
0.00300 350.034000000000 
0.00350 311.808000000000 
0.00400 280.680000000000 
0.00450 251.282000000000 
0.00500 229.328000000000 
0.00550 207.372000000000 
0.00600 190.121600000000 
0.00650 174.159400000000 
0.00700 159.479600000000 
0.00750 147.588400000000 
0.00800 135.697000000000 
0.00850 126.042000000000 
0.00900 117.001600000000 
0.00950 108.368200000000 
0.01000 101.376000000000 
0.01050 94.383800000000 
0.01100 88.237400000000 
0.01150 82.748600000000 
0.01200 77.259600000000 
0.01250 72.760800000000 
0.01300 68.395800000000 
0.01350 64.165200000000 
0.01400 60.654000000000 
0.01450 57.143000000000 
0.01500 53.892400000000 
0.01550 51.039400000000 
0.01600 48.186400000000 
0.01650 45.641600000000 
0.01700 43.302200000000 
0.01750 40.963000000000 
0.01800 38.936600000000 
0.01850 37.003000000000 
0.01900 35.069200000000 
0.01950 33.431400000000 
0.02000 31.821200000000 
0.02050 30.218800000000 
0.02100 28.869200000000 
0.02150 27.519400000000 
0.02200 26.195400000000 
0.02250 25.057200000000 
0.02300 23.919000000000 
0.02350 22.813600000000 
0.02400 21.848600000000 
0.02450 20.883600000000 
0.02500 19.952000000000 
0.02550 19.129700000000 
0.02600 18.307420000000 
0.02650 17.515960000000 
0.02700 16.812080000000 
0.02750 16.108200000000 
0.02800 15.430720000000 
0.02850 14.825680000000 
0.02900 14.220660000000 
0.02950 13.636840000000 
0.03000 13.114780000000 
0.03050 12.592740000000 
0.03100 12.086560000000 
0.03150 11.634520000000 
0.03200 11.182500000000 
0.03250 10.741240000000 
0.03300 10.348560000000 
0.03350 9.955900000000 
0.03400 9.569280000000 
0.03450 9.227180000000 
0.03500 8.885080000000 
0.03550 8.544780000000 
0.03600 8.245920000000 
0.03650 7.947040000000 
0.03700 7.648160000000 
0.03750 7.384520000000 
0.03800 7.122760000000 
0.03850 6.861000000000 
0.03900 6.626140000000 
0.03950 6.396320000000 
0.04000 6.166520000000 
0.04050 5.956580000000 
0.04100 5.754400000000 
0.04150 5.552240000000 
0.04200 5.363980000000 
0.04250 5.185740000000 
0.04300 5.007520000000 
0.04350 4.838220000000 
0.04400 4.680800000000 
0.04450 4.523400000000 
0.04500 4.370740000000 
0.04550 4.231460000000 
0.04600 4.092180000000 
0.04650 3.954180000000 
0.04700 3.830760000000 
0.04750 3.707340000000 
0.04800 3.583920000000 
0.04850 3.472760000000 
0.04900 3.363220000000 
0.04950 3.253680000000 
0.05000 3.152320000000 
0.05050 3.054960000000 
0.05100 2.957600000000 
0.05150 2.865000000000 
0.05200 2.778340000000 
0.05250 2.691700000000 
0.05300 2.606960000000 
0.05350 2.529740000000 
0.05400 2.452520000000 
0.05450 2.375300000000 
0.05500 2.305940000000 
0.05550 2.237040000000 
0.05600 2.168140000000 
0.05650 2.104200000000 
0.05700 2.042660000000 
0.05750 1.981108000000 
0.05800 1.922078000000 
0.05850 1.867040000000 
0.05900 1.812000000000 
0.05950 1.757448000000 
0.06000 1.708176000000 
0.06050 1.658902000000 
0.06100 1.609630000000 
0.06150 1.564278000000 
0.06200 1.520120000000 
0.06250 1.475964000000 
0.06300 1.433776000000 
0.06350 1.394168000000 
0.06400 1.354560000000 
0.06450 1.315292000000 
0.06500 1.279728000000 
0.06550 1.244162000000 
0.06600 1.208598000000 
0.06650 1.175626000000 
0.06700 1.143662000000 
0.06750 1.111700000000 
0.06800 1.080830000000 
0.06850 1.052078000000 
0.06900 1.023324000000 
0.06950 0.994572000000 
0.07000 0.968528000000 
0.07050 0.942638000000 
0.07100 0.916750000000 
0.07150 0.892234000000 
0.07200 0.868906000000 
0.07250 0.845578000000 
0.07300 0.822502000000 
0.07350 0.801462000000 
0.07400 0.780422000000 
0.07450 0.759382000000 
0.07500 0.739714000000 
0.07550 0.720722000000 
0.07600 0.701730000000 
0.07650 0.683132000000 
0.07700 0.665974000000 
0.07750 0.648816000000 
0.07800 0.631658000000 
0.07850 0.615726000000 
0.07900 0.600212000000 
0.07950 0.584700000000 
0.08000 0.569572000000 
0.08050 0.555534000000 
0.08100 0.541496000000 
0.08150 0.527458000000 
0.08200 0.514430000000 
0.08250 0.501716000000 
0.08300 0.489002000000 
0.08350 0.476588000000 
0.08400 0.465064000000 
0.08450 0.453540000000 
0.08500 0.442016000000 
0.08550 0.431272000000 
0.08600 0.420818000000 
0.08650 0.410364000000 
0.08700 0.400094000000 
0.08750 0.390606000000 
0.08800 0.381118000000 
0.08850 0.371630000000 
0.08900 0.362696000000 
0.08950 0.354074000000 
0.09000 0.345454000000 
0.09050 0.336890000000 
0.09100 0.329054000000 
0.09150 0.321216000000 
0.09200 0.313378000000 
0.09250 0.305892000000 
0.09300 0.298762000000 
0.09350 0.291630000000 
0.09400 0.284500000000 
0.09450 0.277948000000 
0.09500 0.271456000000 
0.09550 0.264964000000 
0.09600 0.258650000000 
0.09650 0.252734000000 
0.09700 0.246816000000 
0.09750 0.240900000000 
0.09800 0.235348000000 
0.09850 0.229954000000 
0.09900 0.224558000000 
0.09950 0.219200000000 
0.10000 0.214278000000 
0.10050 0.209356000000 
0.10100 0.204434000000 
0.10150 0.199700400000 
0.10200 0.195205800000 
0.10250 0.190711400000 
0.10300 0.186217000000 
0.10350 0.182032200000 
0.10400 0.177925600000 
0.10450 0.173819000000 
0.10500 0.169763600000 
0.10550 0.166009000000 
0.10600 0.162254400000 
0.10650 0.158499800000 
0.10700 0.154899400000 
0.10750 0.151464400000 
0.10800 0.148029400000 
0.10850 0.144594600000 
0.10900 0.141395000000 
0.10950 0.138250600000 
0.11000 0.135106400000 
0.11050 0.131995800000 
0.11100 0.129115000000 
0.11150 0.126234000000 
0.11200 0.123353200000 
0.11250 0.120578200000 
0.11300 0.117939000000 
0.11350 0.115299600000 
0.11400 0.112660400000 
0.11450 0.110182600000 
0.11500 0.107761800000 
0.11550 0.105341000000 
0.11600 0.102926600000 
0.11650 0.100705800000 
0.11700 0.098485200000 
0.11750 0.096264400000 
0.11800 0.094101000000 
0.11850 0.092062200000 
0.11900 0.090023200000 
0.11950 0.087984400000 
0.12000 0.086044600000 
0.12050 0.084173200000 
0.12100 0.082302000000 
0.12150 0.080430800000 
0.12200 0.078689800000 
0.12250 0.076970200000 
0.12300 0.075250800000 
0.12350 0.073547600000 
0.12400 0.071966800000 
0.12450 0.070386200000 
0.12500 0.068805400000 
0.12550 0.067272000000 
0.12600 0.065819000000 
0.12650 0.064366000000 
0.12700 0.062913200000 
0.12750 0.061532200000 
0.12800 0.060196400000 
0.12850 0.058860600000 
0.12900 0.057524800000 
0.12950 0.056279600000 
0.13000 0.055050600000 
0.13050 0.053821400000 
0.13100 0.052600000000 
0.13150 0.051469600000 
0.13200 0.050339200000 
0.13250 0.049208600000 
0.13300 0.048104800000 
0.13350 0.047064400000 
0.13400 0.046023800000 
0.13450 0.044983200000 
0.13500 0.043984600000 
0.13550 0.043026800000 
0.13600 0.042068800000 
0.13650 0.041111000000 
0.13700 0.040207400000 
0.13750 0.039326000000 
0.13800 0.038444800000 
0.13850 0.037563600000 
0.13900 0.036745400000 
0.13950 0.035934000000 
0.14000 0.035122600000 
0.14050 0.034317000000 
0.14100 0.033570600000 
0.14150 0.032824200000 
0.14200 0.032077800000 
0.14250 0.031346800000 
0.14300 0.030659800000 
0.14350 0.029972600000 
0.14400 0.029285600000 
0.14450 0.028621800000 
0.14500 0.027989200000 
0.14550 0.027356800000 
0.14600 0.026724400000 
0.14650 0.026121200000 
0.14700 0.025539200000 
0.14750 0.024957200000 
0.14800 0.024375200000 
0.14850 0.023827200000 
0.14900 0.023292200000 
0.14950 0.022757200000 
0.15000 0.022222200000 
0.15050 0.021724200000 
0.15100 0.021232000000 
0.15150 0.020740000000 
0.15200 0.020248000000 
0.15250 0.019794740000 
0.15300 0.019342300000 
0.15350 0.018889840000 
0.15400 0.018440820000 
0.15450 0.018025420000 
0.15500 0.017610000000 
0.15550 0.017194600000 
0.15600 0.016785660000 
0.15650 0.016404040000 
0.15700 0.016022420000 
0.15750 0.015640800000 
0.15800 0.015267720000 
0.15850 0.014916920000 
0.15900 0.014566100000 
0.15950 0.014215280000 
0.16000 0.013874740000 
0.16050 0.013553180000 
0.16100 0.013231640000 
0.16150 0.012910080000 
0.16200 0.012599480000 
0.16250 0.012304580000 
0.16300 0.012009660000 
0.16350 0.011714760000 
0.16400 0.011431100000 
0.16450 0.011160820000 
0.16500 0.010890520000 
0.16550 0.010620240000 
0.16600 0.010361240000 
0.16650 0.010114040000 
0.16700 0.009866820000 
0.16750 0.009619620000 
0.16800 0.009382880000 
0.16850 0.009156300000 
0.16900 0.008929740000 
0.16950 0.008703160000 
0.17000 0.008486660000 
0.17050 0.008279780000 
0.17100 0.008072900000 
0.17150 0.007866020000 
0.17200 0.007667920000 
0.17250 0.007478600000 
0.17300 0.007289280000 
0.17350 0.007099960000 
0.17400 0.006918460000 
0.17450 0.006745640000 
0.17500 0.006572800000 
0.17550 0.006399980000 
0.17600 0.006233860000 
0.17650 0.006076500000 
0.17700 0.005919160000 
0.17750 0.005761800000 
0.17800 0.005609720000 
0.17850 0.005466360000 
0.17900 0.005322980000 
0.17950 0.005179600000 
0.18000 0.005040120000 
0.18050 0.004909380000 
0.18100 0.004778620000 
0.18150 0.004647880000 
0.18200 0.004519780000 
0.18250 0.004400900000 
0.18300 0.004282020000 
0.18350 0.004163120000 
0.18400 0.004045640000 
0.18450 0.003937880000 
0.18500 0.003830100000 
0.18550 0.003722340000 
0.18600 0.003614720000 
0.18650 0.003516740000 
0.18700 0.003418760000 
0.18750 0.003320780000 
0.18800 0.003222800000 
0.18850 0.003133200000 
0.18900 0.003044600000 
0.18950 0.002956000000 
0.19000 0.002867400000 
0.19050 0.002785040000 
0.19100 0.002704660000 
0.19150 0.002624280000 
0.19200 0.002543900000 
0.19250 0.002468280000 
0.19300 0.002395620000 
0.19350 0.002322960000 
0.19400 0.002250300000 
0.19450 0.002180920000 
0.19500 0.002115320000 
0.19550 0.002049720000 
0.19600 0.001984132000 
0.19650 0.001920506000 
0.19700 0.001861372000 
0.19750 0.001802238000 
0.19800 0.001743106000 
0.19850 0.001684810000 
0.19900 0.001631580000 
0.19950 0.001578348000 
0.20000 0.001525118000 
0.20050 0.001471888000 
0.20100 0.001423794000 
0.20150 0.001375818000 
0.20200 0.001327842000 
0.20250 0.001279866000 
0.20300 0.001236010000 
0.20350 0.001193096000 
0.20400 0.001150182000 
0.20450 0.001107268000 
0.20500 0.001067210000 
0.20550 0.001028662000 
0.20600 0.000990114000 
0.20650 0.000951566000 
0.20700 0.000915136000 
0.20750 0.000880802000 
0.20800 0.000846468000 
0.20850 0.000812134000 
0.20900 0.000779112000 
0.20950 0.000748402000 
0.21000 0.000717692000 
0.21050 0.000686982000 
0.21100 0.000657058000 
0.21150 0.000629664000 
0.21200 0.000602272000 
0.21250 0.000574880000 
0.21300 0.000547914000 
0.21350 0.000523738000 
0.21400 0.000499560000 
0.21450 0.000475382000 
0.21500 0.000451356000 
0.21550 0.000429942000 
0.21600 0.000408528000 
0.21650 0.000387114000 
0.21700 0.000365726000 
0.21750 0.000347002000 
0.21800 0.000328276000 
0.21850 0.000309552000 
0.21900 0.000290834000 
0.21950 0.000274432000 
0.22000 0.000258030000 
0.22050 0.000241630000 
0.22100 0.000225318000 
0.22150 0.000211076000 
0.22200 0.000196834000 
0.22250 0.000182592200 
0.22300 0.000168634400 
0.22350 0.000156518400 
0.22400 0.000144402600 
0.22450 0.000132286600 
0.22500 0.000120714400 
0.22550 0.000110485400 
0.22600 0.000100256600 
0.22650 0.000090027800 
0.22700 0.000080749800 
0.22750 0.000072370800 
0.22800 0.000063991800 
0.22850 0.000055612600 
0.22900 0.000048704600 
0.22950 0.000042115800 
0.23000 0.000035527000 
0.23050 0.000029327200 
0.23100 0.000024493600 
0.23150 0.000019659980 
0.23200 0.000014826380 
0.23250 0.000011325440 
0.23300 0.000008328260 
0.23350 0.000005331100 
