0.00000 723.926000000000 
0.00050 653.536000000000 
0.00100 583.148000000000 
0.00150 512.760000000000 
0.00200 442.372000000000 
0.00250 391.378000000000 
0.00300 346.170000000000 
0.00350 308.502000000000 
0.00400 277.808000000000 
0.00450 248.816000000000 
0.00500 227.142000000000 
0.00550 205.468000000000 
0.00600 188.427000000000 
0.00650 172.654600000000 
0.00700 158.146000000000 
0.00750 146.386000000000 
0.00800 134.626000000000 
0.00850 125.072400000000 
0.00900 116.125200000000 
0.00950 107.579800000000 
0.01000 100.655200000000 
0.01050 93.730400000000 
0.01100 87.641400000000 
0.01150 82.202200000000 
0.01200 76.763000000000 
0.01250 72.302800000000 
0.01300 67.974800000000 
0.01350 63.780200000000 
0.01400 60.297200000000 
0.01450 56.814200000000 
0.01500 53.589400000000 
0.01550 50.758000000000 
0.01600 47.926400000000 
0.01650 45.400400000000 
0.01700 43.077800000000 
0.01750 40.755200000000 
0.01800 38.743000000000 
0.01850 36.822400000000 
0.01900 34.901800000000 
0.01950 33.274400000000 
0.02000 31.674600000000 
0.02050 30.082600000000 
0.02100 28.741200000000 
0.02150 27.399600000000 
0.02200 26.083600000000 
0.02250 24.952000000000 
0.02300 23.820600000000 
0.02350 22.721400000000 
0.02400 21.761800000000 
0.02450 20.802000000000 
0.02500 19.875660000000 
0.02550 19.057680000000 
0.02600 18.239720000000 
0.02650 17.452380000000 
0.02700 16.752020000000 
0.02750 16.051680000000 
0.02800 15.377560000000 
0.02850 14.775420000000 
0.02900 14.173280000000 
0.02950 13.592220000000 
0.03000 13.072540000000 
0.03050 12.552880000000 
0.03100 12.049000000000 
0.03150 11.598920000000 
0.03200 11.148860000000 
0.03250 10.709500000000 
0.03300 10.318480000000 
0.03350 9.927440000000 
0.03400 9.542420000000 
0.03450 9.201680000000 
0.03500 8.860920000000 
0.03550 8.521980000000 
0.03600 8.224240000000 
0.03650 7.926500000000 
0.03700 7.628760000000 
0.03750 7.366080000000 
0.03800 7.105260000000 
0.03850 6.844440000000 
0.03900 6.610400000000 
0.03950 6.381400000000 
0.04000 6.152380000000 
0.04050 5.943140000000 
0.04100 5.741640000000 
0.04150 5.540140000000 
0.04200 5.352500000000 
0.04250 5.174820000000 
0.04300 4.997160000000 
0.04350 4.828380000000 
0.04400 4.671440000000 
0.04450 4.514500000000 
0.04500 4.362300000000 
0.04550 4.223440000000 
0.04600 4.084560000000 
0.04650 3.946960000000 
0.04700 3.823880000000 
0.04750 3.700800000000 
0.04800 3.577720000000 
0.04850 3.466860000000 
0.04900 3.357600000000 
0.04950 3.248340000000 
0.05000 3.147240000000 
0.05050 3.050120000000 
0.05100 2.953020000000 
0.05150 2.860640000000 
0.05200 2.774200000000 
0.05250 2.687760000000 
0.05300 2.603220000000 
0.05350 2.526180000000 
0.05400 2.449120000000 
0.05450 2.372080000000 
0.05500 2.302880000000 
0.05550 2.234140000000 
0.05600 2.165380000000 
0.05650 2.101580000000 
0.05700 2.040160000000 
0.05750 1.978742000000 
0.05800 1.919834000000 
0.05850 1.864902000000 
0.05900 1.809972000000 
0.05950 1.755528000000 
0.06000 1.706348000000 
0.06050 1.657168000000 
0.06100 1.607988000000 
0.06150 1.562718000000 
0.06200 1.518640000000 
0.06250 1.474562000000 
0.06300 1.432448000000 
0.06350 1.392908000000 
0.06400 1.353366000000 
0.06450 1.314164000000 
0.06500 1.278658000000 
0.06550 1.243150000000 
0.06600 1.207642000000 
0.06650 1.174720000000 
0.06700 1.142806000000 
0.06750 1.110892000000 
0.06800 1.080068000000 
0.06850 1.051358000000 
0.06900 1.022646000000 
0.06950 0.993934000000 
0.07000 0.967926000000 
0.07050 0.942072000000 
0.07100 0.916218000000 
0.07150 0.891734000000 
0.07200 0.868436000000 
0.07250 0.845138000000 
0.07300 0.822092000000 
0.07350 0.801076000000 
0.07400 0.780062000000 
0.07450 0.759048000000 
0.07500 0.739402000000 
0.07550 0.720432000000 
0.07600 0.701460000000 
0.07650 0.682884000000 
0.07700 0.665744000000 
0.07750 0.648604000000 
0.07800 0.631462000000 
0.07850 0.615548000000 
0.07900 0.600048000000 
0.07950 0.584550000000 
0.08000 0.569438000000 
0.08050 0.555412000000 
0.08100 0.541386000000 
0.08150 0.527360000000 
0.08200 0.514344000000 
0.08250 0.501640000000 
0.08300 0.488936000000 
0.08350 0.476534000000 
0.08400 0.465018000000 
0.08450 0.453504000000 
0.08500 0.441988000000 
0.08550 0.431252000000 
0.08600 0.420804000000 
0.08650 0.410358000000 
0.08700 0.400094000000 
0.08750 0.390614000000 
0.08800 0.381132000000 
0.08850 0.371650000000 
0.08900 0.362720000000 
0.08950 0.354104000000 
0.09000 0.345488000000 
0.09050 0.336930000000 
0.09100 0.329096000000 
0.09150 0.321262000000 
0.09200 0.313430000000 
0.09250 0.305946000000 
0.09300 0.298820000000 
0.09350 0.291692000000 
0.09400 0.284564000000 
0.09450 0.278016000000 
0.09500 0.271526000000 
0.09550 0.265036000000 
0.09600 0.258724000000 
0.09650 0.252808000000 
0.09700 0.246894000000 
0.09750 0.240978000000 
0.09800 0.235428000000 
0.09850 0.230036000000 
0.09900 0.224642000000 
0.09950 0.219284000000 
0.10000 0.214364000000 
0.10050 0.209442000000 
0.10100 0.204522000000 
0.10150 0.199788800000 
0.10200 0.195295000000 
0.10250 0.190801200000 
0.10300 0.186307400000 
0.10350 0.182123200000 
0.10400 0.178016800000 
0.10450 0.173910600000 
0.10500 0.169855400000 
0.10550 0.166100800000 
0.10600 0.162346400000 
0.10650 0.158591800000 
0.10700 0.154991400000 
0.10750 0.151556400000 
0.10800 0.148121400000 
0.10850 0.144686200000 
0.10900 0.141486600000 
0.10950 0.138342000000 
0.11000 0.135197200000 
0.11050 0.132086600000 
0.11100 0.129205200000 
0.11150 0.126323800000 
0.11200 0.123442600000 
0.11250 0.120667000000 
0.11300 0.118027400000 
0.11350 0.115387600000 
0.11400 0.112747800000 
0.11450 0.110269400000 
0.11500 0.107848000000 
0.11550 0.105426600000 
0.11600 0.103011600000 
0.11650 0.100790200000 
0.11700 0.098568800000 
0.11750 0.096347400000 
0.11800 0.094183400000 
0.11850 0.092143800000 
0.11900 0.090104000000 
0.11950 0.088064400000 
0.12000 0.086123800000 
0.12050 0.084251800000 
0.12100 0.082379800000 
0.12150 0.080507800000 
0.12200 0.078766000000 
0.12250 0.077045800000 
0.12300 0.075325400000 
0.12350 0.073621400000 
0.12400 0.072040000000 
0.12450 0.070458400000 
0.12500 0.068876800000 
0.12550 0.067342600000 
0.12600 0.065888800000 
0.12650 0.064435000000 
0.12700 0.062981400000 
0.12750 0.061599400000 
0.12800 0.060262800000 
0.12850 0.058926200000 
0.12900 0.057589600000 
0.12950 0.056343600000 
0.13000 0.055113800000 
0.13050 0.053884000000 
0.13100 0.052661600000 
0.13150 0.051530400000 
0.13200 0.050399200000 
0.13250 0.049267800000 
0.13300 0.048163200000 
0.13350 0.047122000000 
0.13400 0.046080600000 
0.13450 0.045039400000 
0.13500 0.044039800000 
0.13550 0.043081200000 
0.13600 0.042122600000 
0.13650 0.041163800000 
0.13700 0.040259600000 
0.13750 0.039377600000 
0.13800 0.038495400000 
0.13850 0.037613400000 
0.13900 0.036794600000 
0.13950 0.035982400000 
0.14000 0.035170400000 
0.14050 0.034363800000 
0.14100 0.033616800000 
0.14150 0.032869600000 
0.14200 0.032122600000 
0.14250 0.031391000000 
0.14300 0.030703200000 
0.14350 0.030015400000 
0.14400 0.029327600000 
0.14450 0.028663200000 
0.14500 0.028030000000 
0.14550 0.027397000000 
0.14600 0.026763800000 
0.14650 0.026160000000 
0.14700 0.025577400000 
0.14750 0.024994800000 
0.14800 0.024412000000 
0.14850 0.023863600000 
0.14900 0.023328000000 
0.14950 0.022792400000 
0.15000 0.022256800000 
0.15050 0.021758000000 
0.15100 0.021265400000 
0.15150 0.020772600000 
0.15200 0.020280000000 
0.15250 0.019826300000 
0.15300 0.019373300000 
0.15350 0.018920280000 
0.15400 0.018470720000 
0.15450 0.018054780000 
0.15500 0.017638860000 
0.15550 0.017222920000 
0.15600 0.016813460000 
0.15650 0.016431340000 
0.15700 0.016049220000 
0.15750 0.015667100000 
0.15800 0.015293540000 
0.15850 0.014942240000 
0.15900 0.014590960000 
0.15950 0.014239660000 
0.16000 0.013898660000 
0.16050 0.013576660000 
0.16100 0.013254660000 
0.16150 0.012932660000 
0.16200 0.012621620000 
0.16250 0.012326280000 
0.16300 0.012030940000 
0.16350 0.011735620000 
0.16400 0.011451560000 
0.16450 0.011180860000 
0.16500 0.010910180000 
0.16550 0.010639480000 
0.16600 0.010380100000 
0.16650 0.010132520000 
0.16700 0.009884940000 
0.16750 0.009637340000 
0.16800 0.009400260000 
0.16850 0.009173320000 
0.16900 0.008946400000 
0.16950 0.008719480000 
0.17000 0.008502640000 
0.17050 0.008295420000 
0.17100 0.008088220000 
0.17150 0.007881000000 
0.17200 0.007682580000 
0.17250 0.007492960000 
0.17300 0.007303320000 
0.17350 0.007113700000 
0.17400 0.006931900000 
0.17450 0.006758780000 
0.17500 0.006585660000 
0.17550 0.006412540000 
0.17600 0.006246140000 
0.17650 0.006088520000 
0.17700 0.005930900000 
0.17750 0.005773280000 
0.17800 0.005620940000 
0.17850 0.005477320000 
0.17900 0.005333700000 
0.17950 0.005190060000 
0.18000 0.005050340000 
0.18050 0.004919360000 
0.18100 0.004788380000 
0.18150 0.004657400000 
0.18200 0.004529060000 
0.18250 0.004409960000 
0.18300 0.004290860000 
0.18350 0.004171760000 
0.18400 0.004054060000 
0.18450 0.003946080000 
0.18500 0.003838120000 
0.18550 0.003730160000 
0.18600 0.003622340000 
0.18650 0.003524180000 
0.18700 0.003426000000 
0.18750 0.003327840000 
0.18800 0.003229680000 
0.18850 0.003139900000 
0.18900 0.003051120000 
0.18950 0.002962360000 
0.19000 0.002873580000 
0.19050 0.002791060000 
0.19100 0.002710520000 
0.19150 0.002630000000 
0.19200 0.002549460000 
0.19250 0.002473680000 
0.19300 0.002400880000 
0.19350 0.002328060000 
0.19400 0.002255260000 
0.19450 0.002185740000 
0.19500 0.002120000000 
0.19550 0.002054280000 
0.19600 0.001988556000 
0.19650 0.001924800000 
0.19700 0.001865544000 
0.19750 0.001806288000 
0.19800 0.001747032000 
0.19850 0.001688616000 
0.19900 0.001635274000 
0.19950 0.001581932000 
0.20000 0.001528588000 
0.20050 0.001475246000 
0.20100 0.001427050000 
0.20150 0.001378972000 
0.20200 0.001330894000 
0.20250 0.001282816000 
0.20300 0.001238866000 
0.20350 0.001195858000 
0.20400 0.001152850000 
0.20450 0.001109844000 
0.20500 0.001069700000 
0.20550 0.001031066000 
0.20600 0.000992434000 
0.20650 0.000953802000 
0.20700 0.000917290000 
0.20750 0.000882880000 
0.20800 0.000848470000 
0.20850 0.000814060000 
0.20900 0.000780962000 
0.20950 0.000750182000 
0.21000 0.000719404000 
0.21050 0.000688624000 
0.21100 0.000658632000 
0.21150 0.000631176000 
0.21200 0.000603722000 
0.21250 0.000576266000 
0.21300 0.000549240000 
0.21350 0.000525006000 
0.21400 0.000500772000 
0.21450 0.000476538000 
0.21500 0.000452458000 
0.21550 0.000430992000 
0.21600 0.000409528000 
0.21650 0.000388064000 
0.21700 0.000366626000 
0.21750 0.000347856000 
0.21800 0.000329088000 
0.21850 0.000310318000 
0.21900 0.000291554000 
0.21950 0.000275114000 
0.22000 0.000258672000 
0.22050 0.000242232000 
0.22100 0.000225880000 
0.22150 0.000211604000 
0.22200 0.000197327600 
0.22250 0.000183051200 
0.22300 0.000169059200 
0.22350 0.000156913400 
0.22400 0.000144767600 
0.22450 0.000132621800 
0.22500 0.000121020800 
0.22550 0.000110766400 
0.22600 0.000100512000 
0.22650 0.000090257600 
0.22700 0.000080956400 
0.22750 0.000072556200 
0.22800 0.000064156000 
0.22850 0.000055755800 
0.22900 0.000048830200 
0.22950 0.000042224600 
0.23000 0.000035619000 
0.23050 0.000029403200 
0.23100 0.000024557200 
0.23150 0.000019711140 
0.23200 0.000014865060 
0.23250 0.000011355040 
0.23300 0.000008350060 
0.23350 0.000005345060 
