0.00000 711.332000000000 
0.00050 642.314000000000 
0.00100 573.296000000000 
0.00150 504.278000000000 
0.00200 435.262000000000 
0.00250 385.220000000000 
0.00300 340.838000000000 
0.00350 303.844000000000 
0.00400 273.682000000000 
0.00450 245.190000000000 
0.00500 223.874000000000 
0.00550 202.558000000000 
0.00600 185.791400000000 
0.00650 170.269400000000 
0.00700 155.989000000000 
0.00750 144.409000000000 
0.00800 132.829000000000 
0.00850 123.418200000000 
0.00900 114.603800000000 
0.00950 106.184400000000 
0.01000 99.359600000000 
0.01050 92.534600000000 
0.01100 86.532200000000 
0.01150 81.169400000000 
0.01200 75.806400000000 
0.01250 71.407600000000 
0.01300 67.139000000000 
0.01350 63.001600000000 
0.01400 59.565400000000 
0.01450 56.129200000000 
0.01500 52.947400000000 
0.01550 50.153200000000 
0.01600 47.359200000000 
0.01650 44.865800000000 
0.01700 42.573400000000 
0.01750 40.280800000000 
0.01800 38.294200000000 
0.01850 36.398000000000 
0.01900 34.501800000000 
0.01950 32.895000000000 
0.02000 31.315200000000 
0.02050 29.743000000000 
0.02100 28.418200000000 
0.02150 27.093200000000 
0.02200 25.793400000000 
0.02250 24.675600000000 
0.02300 23.557800000000 
0.02350 22.472000000000 
0.02400 21.523800000000 
0.02450 20.575600000000 
0.02500 19.660340000000 
0.02550 18.852040000000 
0.02600 18.043760000000 
0.02650 17.265720000000 
0.02700 16.573560000000 
0.02750 15.881400000000 
0.02800 15.215140000000 
0.02850 14.619960000000 
0.02900 14.024780000000 
0.02950 13.450420000000 
0.03000 12.936680000000 
0.03050 12.422940000000 
0.03100 11.924800000000 
0.03150 11.479820000000 
0.03200 11.034840000000 
0.03250 10.600420000000 
0.03300 10.213760000000 
0.03350 9.827100000000 
0.03400 9.446380000000 
0.03450 9.109380000000 
0.03500 8.772400000000 
0.03550 8.437200000000 
0.03600 8.142720000000 
0.03650 7.848240000000 
0.03700 7.553740000000 
0.03750 7.293900000000 
0.03800 7.035900000000 
0.03850 6.777900000000 
0.03900 6.546360000000 
0.03950 6.319800000000 
0.04000 6.093240000000 
0.04050 5.886240000000 
0.04100 5.686860000000 
0.04150 5.487480000000 
0.04200 5.301820000000 
0.04250 5.126000000000 
0.04300 4.950200000000 
0.04350 4.783180000000 
0.04400 4.627880000000 
0.04450 4.472560000000 
0.04500 4.321940000000 
0.04550 4.184480000000 
0.04600 4.047040000000 
0.04650 3.910840000000 
0.04700 3.789020000000 
0.04750 3.667180000000 
0.04800 3.545360000000 
0.04850 3.435600000000 
0.04900 3.327440000000 
0.04950 3.219300000000 
0.05000 3.119200000000 
0.05050 3.023040000000 
0.05100 2.926900000000 
0.05150 2.835440000000 
0.05200 2.749840000000 
0.05250 2.664240000000 
0.05300 2.580540000000 
0.05350 2.504240000000 
0.05400 2.427960000000 
0.05450 2.351660000000 
0.05500 2.283120000000 
0.05550 2.215040000000 
0.05600 2.146940000000 
0.05650 2.083760000000 
0.05700 2.022920000000 
0.05750 1.962080000000 
0.05800 1.903732000000 
0.05850 1.849318000000 
0.05900 1.794904000000 
0.05950 1.740972000000 
0.06000 1.692250000000 
0.06050 1.643528000000 
0.06100 1.594806000000 
0.06150 1.549956000000 
0.06200 1.506282000000 
0.06250 1.462610000000 
0.06300 1.420884000000 
0.06350 1.381702000000 
0.06400 1.342522000000 
0.06450 1.303678000000 
0.06500 1.268490000000 
0.06550 1.233302000000 
0.06600 1.198114000000 
0.06650 1.165488000000 
0.06700 1.133858000000 
0.06750 1.102228000000 
0.06800 1.071678000000 
0.06850 1.043220000000 
0.06900 1.014760000000 
0.06950 0.986302000000 
0.07000 0.960520000000 
0.07050 0.934892000000 
0.07100 0.909264000000 
0.07150 0.884990000000 
0.07200 0.861892000000 
0.07250 0.838796000000 
0.07300 0.815948000000 
0.07350 0.795112000000 
0.07400 0.774276000000 
0.07450 0.753440000000 
0.07500 0.733960000000 
0.07550 0.715150000000 
0.07600 0.696338000000 
0.07650 0.677916000000 
0.07700 0.660920000000 
0.07750 0.643922000000 
0.07800 0.626924000000 
0.07850 0.611140000000 
0.07900 0.595768000000 
0.07950 0.580396000000 
0.08000 0.565408000000 
0.08050 0.551496000000 
0.08100 0.537584000000 
0.08150 0.523672000000 
0.08200 0.510762000000 
0.08250 0.498160000000 
0.08300 0.485556000000 
0.08350 0.473252000000 
0.08400 0.461828000000 
0.08450 0.450406000000 
0.08500 0.438982000000 
0.08550 0.428328000000 
0.08600 0.417964000000 
0.08650 0.407600000000 
0.08700 0.397416000000 
0.08750 0.388008000000 
0.08800 0.378600000000 
0.08850 0.369190000000 
0.08900 0.360330000000 
0.08950 0.351780000000 
0.09000 0.343228000000 
0.09050 0.334736000000 
0.09100 0.326962000000 
0.09150 0.319186000000 
0.09200 0.311412000000 
0.09250 0.303986000000 
0.09300 0.296912000000 
0.09350 0.289836000000 
0.09400 0.282762000000 
0.09450 0.276262000000 
0.09500 0.269820000000 
0.09550 0.263378000000 
0.09600 0.257112000000 
0.09650 0.251240000000 
0.09700 0.245368000000 
0.09750 0.239496000000 
0.09800 0.233984000000 
0.09850 0.228630000000 
0.09900 0.223276000000 
0.09950 0.217956000000 
0.10000 0.213070000000 
0.10050 0.208184000000 
0.10100 0.203298000000 
0.10150 0.198598200000 
0.10200 0.194135600000 
0.10250 0.189673000000 
0.10300 0.185210600000 
0.10350 0.181055000000 
0.10400 0.176977000000 
0.10450 0.172899000000 
0.10500 0.168871600000 
0.10550 0.165142600000 
0.10600 0.161413400000 
0.10650 0.157684400000 
0.10700 0.154108200000 
0.10750 0.150696200000 
0.10800 0.147284000000 
0.10850 0.143872000000 
0.10900 0.140693400000 
0.10950 0.137569400000 
0.11000 0.134445600000 
0.11050 0.131355200000 
0.11100 0.128492600000 
0.11150 0.125630000000 
0.11200 0.122767400000 
0.11250 0.120009800000 
0.11300 0.117387000000 
0.11350 0.114764200000 
0.11400 0.112141400000 
0.11450 0.109678600000 
0.11500 0.107272600000 
0.11550 0.104866600000 
0.11600 0.102466600000 
0.11650 0.100259000000 
0.11700 0.098051600000 
0.11750 0.095844000000 
0.11800 0.093693200000 
0.11850 0.091666200000 
0.11900 0.089639000000 
0.11950 0.087611800000 
0.12000 0.085683000000 
0.12050 0.083822400000 
0.12100 0.081961600000 
0.12150 0.080101000000 
0.12200 0.078369600000 
0.12250 0.076659400000 
0.12300 0.074949400000 
0.12350 0.073255600000 
0.12400 0.071683400000 
0.12450 0.070111000000 
0.12500 0.068538800000 
0.12550 0.067013400000 
0.12600 0.065568000000 
0.12650 0.064122600000 
0.12700 0.062677400000 
0.12750 0.061303400000 
0.12800 0.059974400000 
0.12850 0.058645400000 
0.12900 0.057316400000 
0.12950 0.056077400000 
0.13000 0.054854400000 
0.13050 0.053631400000 
0.13100 0.052416000000 
0.13150 0.051290800000 
0.13200 0.050165800000 
0.13250 0.049040800000 
0.13300 0.047942200000 
0.13350 0.046906600000 
0.13400 0.045871000000 
0.13450 0.044835200000 
0.13500 0.043841200000 
0.13550 0.042887600000 
0.13600 0.041934000000 
0.13650 0.040980600000 
0.13700 0.040081000000 
0.13750 0.039203600000 
0.13800 0.038326200000 
0.13850 0.037448800000 
0.13900 0.036634000000 
0.13950 0.035826200000 
0.14000 0.035018200000 
0.14050 0.034216000000 
0.14100 0.033472600000 
0.14150 0.032729200000 
0.14200 0.031986000000 
0.14250 0.031258000000 
0.14300 0.030573800000 
0.14350 0.029889400000 
0.14400 0.029205000000 
0.14450 0.028543800000 
0.14500 0.027913800000 
0.14550 0.027283800000 
0.14600 0.026653800000 
0.14650 0.026053000000 
0.14700 0.025473000000 
0.14750 0.024893200000 
0.14800 0.024313400000 
0.14850 0.023767400000 
0.14900 0.023234400000 
0.14950 0.022701400000 
0.15000 0.022168200000 
0.15050 0.021672000000 
0.15100 0.021181600000 
0.15150 0.020691200000 
0.15200 0.020200800000 
0.15250 0.019749160000 
0.15300 0.019298220000 
0.15350 0.018847300000 
0.15400 0.018399780000 
0.15450 0.017985720000 
0.15500 0.017571660000 
0.15550 0.017157600000 
0.15600 0.016749960000 
0.15650 0.016369540000 
0.15700 0.015989100000 
0.15750 0.015608660000 
0.15800 0.015236740000 
0.15850 0.014886980000 
0.15900 0.014537220000 
0.15950 0.014187440000 
0.16000 0.013847900000 
0.16050 0.013527280000 
0.16100 0.013206640000 
0.16150 0.012886020000 
0.16200 0.012576300000 
0.16250 0.012282200000 
0.16300 0.011988100000 
0.16350 0.011694000000 
0.16400 0.011411120000 
0.16450 0.011141540000 
0.16500 0.010871960000 
0.16550 0.010602380000 
0.16600 0.010344060000 
0.16650 0.010097480000 
0.16700 0.009850900000 
0.16750 0.009604300000 
0.16800 0.009368160000 
0.16850 0.009142120000 
0.16900 0.008916100000 
0.16950 0.008690080000 
0.17000 0.008474080000 
0.17050 0.008267680000 
0.17100 0.008061260000 
0.17150 0.007854860000 
0.17200 0.007657200000 
0.17250 0.007468300000 
0.17300 0.007279400000 
0.17350 0.007090480000 
0.17400 0.006909380000 
0.17450 0.006736900000 
0.17500 0.006564440000 
0.17550 0.006391960000 
0.17600 0.006226180000 
0.17650 0.006069140000 
0.17700 0.005912100000 
0.17750 0.005755060000 
0.17800 0.005603280000 
0.17850 0.005460160000 
0.17900 0.005317060000 
0.17950 0.005173960000 
0.18000 0.005034720000 
0.18050 0.004904200000 
0.18100 0.004773680000 
0.18150 0.004643160000 
0.18200 0.004515280000 
0.18250 0.004396600000 
0.18300 0.004277900000 
0.18350 0.004159220000 
0.18400 0.004041920000 
0.18450 0.003934320000 
0.18500 0.003826720000 
0.18550 0.003719120000 
0.18600 0.003611680000 
0.18650 0.003513840000 
0.18700 0.003416000000 
0.18750 0.003318160000 
0.18800 0.003220320000 
0.18850 0.003130820000 
0.18900 0.003042360000 
0.18950 0.002953880000 
0.19000 0.002865400000 
0.19050 0.002783140000 
0.19100 0.002702860000 
0.19150 0.002622580000 
0.19200 0.002542300000 
0.19250 0.002466760000 
0.19300 0.002394180000 
0.19350 0.002321620000 
0.19400 0.002249040000 
0.19450 0.002179720000 
0.19500 0.002114200000 
0.19550 0.002048680000 
0.19600 0.001983152000 
0.19650 0.001919592000 
0.19700 0.001860514000 
0.19750 0.001801438000 
0.19800 0.001742360000 
0.19850 0.001684120000 
0.19900 0.001630936000 
0.19950 0.001577752000 
0.20000 0.001524566000 
0.20050 0.001471382000 
0.20100 0.001423326000 
0.20150 0.001375386000 
0.20200 0.001327446000 
0.20250 0.001279508000 
0.20300 0.001235682000 
0.20350 0.001192798000 
0.20400 0.001149912000 
0.20450 0.001107026000 
0.20500 0.001066996000 
0.20550 0.001028470000 
0.20600 0.000989944000 
0.20650 0.000951418000 
0.20700 0.000915008000 
0.20750 0.000880692000 
0.20800 0.000846374000 
0.20850 0.000812058000 
0.20900 0.000779050000 
0.20950 0.000748354000 
0.21000 0.000717656000 
0.21050 0.000686958000 
0.21100 0.000657046000 
0.21150 0.000629662000 
0.21200 0.000602278000 
0.21250 0.000574894000 
0.21300 0.000547938000 
0.21350 0.000523766000 
0.21400 0.000499594000 
0.21450 0.000475422000 
0.21500 0.000451402000 
0.21550 0.000429992000 
0.21600 0.000408580000 
0.21650 0.000387170000 
0.21700 0.000365784000 
0.21750 0.000347060000 
0.21800 0.000328338000 
0.21850 0.000309614000 
0.21900 0.000290896000 
0.21950 0.000274494000 
0.22000 0.000258094000 
0.22050 0.000241692000 
0.22100 0.000225380000 
0.22150 0.000211136000 
0.22200 0.000196892800 
0.22250 0.000182649600 
0.22300 0.000168690200 
0.22350 0.000156572000 
0.22400 0.000144453800 
0.22450 0.000132335800 
0.22500 0.000120761000 
0.22550 0.000110529400 
0.22600 0.000100297800 
0.22650 0.000090066200 
0.22700 0.000080785600 
0.22750 0.000072403600 
0.22800 0.000064021600 
0.22850 0.000055639800 
0.22900 0.000048728800 
0.22950 0.000042137200 
0.23000 0.000035545800 
0.23050 0.000029343200 
0.23100 0.000024507200 
0.23150 0.000019671080 
0.23200 0.000014835040 
0.23250 0.000011332200 
0.23300 0.000008333280 
0.23350 0.000005334380 
