0.00000 142.331800000000 
0.00050 122.813600000000 
0.00100 103.295600000000 
0.00150 83.777600000000 
0.00200 64.259400000000 
0.00250 51.766200000000 
0.00300 41.368800000000 
0.00350 33.356600000000 
0.00400 27.550200000000 
0.00450 22.202600000000 
0.00500 18.825640000000 
0.00550 15.448720000000 
0.00600 13.127720000000 
0.00650 11.095640000000 
0.00700 9.307220000000 
0.00750 8.048580000000 
0.00800 6.789940000000 
0.00850 5.891720000000 
0.00900 5.092560000000 
0.00950 4.349140000000 
0.01000 3.830680000000 
0.01050 3.312220000000 
0.01100 2.892600000000 
0.01150 2.549820000000 
0.01200 2.207040000000 
0.01250 1.963204000000 
0.01300 1.732750000000 
0.01350 1.513822000000 
0.01400 1.356554000000 
0.01450 1.199286000000 
0.01500 1.061226000000 
0.01550 0.952452000000 
0.01600 0.843680000000 
0.01650 0.754478000000 
0.01700 0.678330000000 
0.01750 0.602184000000 
0.01800 0.543210000000 
0.01850 0.489316000000 
0.01900 0.435420000000 
0.01950 0.395576000000 
0.02000 0.357048000000 
0.02050 0.318842000000 
0.02100 0.291046000000 
0.02150 0.263248000000 
0.02200 0.236368000000 
0.02250 0.216146000000 
0.02300 0.195923800000 
0.02350 0.176719400000 
0.02400 0.161893600000 
0.02450 0.147067800000 
0.02500 0.133152400000 
0.02550 0.122205600000 
0.02600 0.111258800000 
0.02650 0.101044200000 
0.02700 0.092908200000 
0.02750 0.084772200000 
0.02800 0.077184400000 
0.02850 0.071100400000 
0.02900 0.065016600000 
0.02950 0.059318400000 
0.03000 0.054743200000 
0.03050 0.050168200000 
0.03100 0.045846200000 
0.03150 0.042387600000 
0.03200 0.038928800000 
0.03250 0.035620800000 
0.03300 0.032993000000 
0.03350 0.030365400000 
0.03400 0.027812200000 
0.03450 0.025806800000 
0.03500 0.023801400000 
0.03550 0.021815800000 
0.03600 0.020278600000 
0.03650 0.018741360000 
0.03700 0.017204180000 
0.03750 0.016003280000 
0.03800 0.014820240000 
0.03850 0.013637180000 
0.03900 0.012680640000 
0.03950 0.011766660000 
0.04000 0.010852700000 
0.04050 0.010086360000 
0.04100 0.009377720000 
0.04150 0.008669080000 
0.04200 0.008051920000 
0.04250 0.007500620000 
0.04300 0.006949320000 
0.04350 0.006449940000 
0.04400 0.006019640000 
0.04450 0.005589360000 
0.04500 0.005183540000 
0.04550 0.004846680000 
0.04600 0.004509800000 
0.04650 0.004178740000 
0.04700 0.003914240000 
0.04750 0.003649740000 
0.04800 0.003385260000 
0.04850 0.003170440000 
0.04900 0.002962180000 
0.04950 0.002753940000 
0.05000 0.002575140000 
0.05050 0.002410740000 
0.05100 0.002246340000 
0.05150 0.002097180000 
0.05200 0.001967066000 
0.05250 0.001836950000 
0.05300 0.001712296000 
0.05350 0.001609062000 
0.05400 0.001505826000 
0.05450 0.001402590000 
0.05500 0.001319358000 
0.05550 0.001237256000 
0.05600 0.001155156000 
0.05650 0.001084292000 
0.05700 0.001018850000 
0.05750 0.000953408000 
0.05800 0.000893062000 
0.05850 0.000840784000 
0.05900 0.000788506000 
0.05950 0.000737108000 
0.06000 0.000695258000 
0.06050 0.000653406000 
0.06100 0.000611554000 
0.06150 0.000576046000 
0.06200 0.000542472000 
0.06250 0.000508898000 
0.06300 0.000478176000 
0.06350 0.000451188000 
0.06400 0.000424200000 
0.06450 0.000397654000 
0.06500 0.000375918000 
0.06550 0.000354180000 
0.06600 0.000332444000 
0.06650 0.000313728000 
0.06700 0.000296186000 
0.06750 0.000278646000 
0.06800 0.000262248000 
0.06850 0.000248066000 
0.06900 0.000233886000 
0.06950 0.000219704000 
0.07000 0.000208070000 
0.07050 0.000196583200 
0.07100 0.000185096600 
0.07150 0.000174769600 
0.07200 0.000165449000 
0.07250 0.000156128400 
0.07300 0.000147000000 
0.07350 0.000139423800 
0.07400 0.000131847400 
0.07450 0.000124271000 
0.07500 0.000117637600 
0.07550 0.000111468400 
0.07600 0.000105299200 
0.07650 0.000099374800 
0.07700 0.000094342800 
0.07750 0.000089310800 
0.07800 0.000084278800 
0.07850 0.000079933600 
0.07900 0.000075822400 
0.07950 0.000071711000 
0.08000 0.000067795600 
0.08050 0.000064431000 
0.08100 0.000061066400 
0.08150 0.000057701800 
0.08200 0.000054801000 
0.08250 0.000052043000 
0.08300 0.000049285000 
0.08350 0.000046651800 
0.08400 0.000044387400 
0.08450 0.000042123000 
0.08500 0.000039858800 
0.08550 0.000037887200 
0.08600 0.000036025200 
0.08650 0.000034163200 
0.08700 0.000032363400 
0.08750 0.000030829800 
0.08800 0.000029296400 
0.08850 0.000027763000 
0.08900 0.000026400800 
0.08950 0.000025135800 
0.09000 0.000023871000 
0.09050 0.000022622400 
0.09100 0.000021577400 
0.09150 0.000020532600 
0.09200 0.000019487740 
0.09250 0.000018532580 
0.09300 0.000017668200 
0.09350 0.000016803800 
0.09400 0.000015939420 
0.09450 0.000015209740 
0.09500 0.000014493600 
0.09550 0.000013777480 
0.09600 0.000013099000 
0.09650 0.000012504840 
0.09700 0.000011910700 
0.09750 0.000011316540 
0.09800 0.000010792480 
0.09850 0.000010298860 
0.09900 0.000009805220 
0.09950 0.000009317800 
0.10000 0.000008907120 
0.10050 0.000008496440 
0.10100 0.000008085760 
0.10150 0.000007705380 
0.10200 0.000007363260 
0.10250 0.000007021120 
0.10300 0.000006678980 
0.10350 0.000006382180 
0.10400 0.000006096780 
0.10450 0.000005811380 
0.10500 0.000005532820 
0.10550 0.000005294440 
0.10600 0.000005056060 
0.10650 0.000004817660 
0.10700 0.000004598120 
0.10750 0.000004398760 
0.10800 0.000004199400 
0.10850 0.000004000040 
0.10900 0.000003826940 
0.10950 0.000003660000 
0.11000 0.000003493080 
0.11050 0.000003329620 
0.11100 0.000003189660 
0.11150 0.000003049720 
0.11200 0.000002909760 
0.11250 0.000002779660 
0.11300 0.000002662200 
0.11350 0.000002544740 
0.11400 0.000002427280 
0.11450 0.000002323680 
0.11500 0.000002224980 
0.11550 0.000002126280 
0.11600 0.000002028060 
0.11650 0.000001945028 
0.11700 0.000001861998 
0.11750 0.000001778968 
0.11800 0.000001700068 
0.11850 0.000001630146 
0.11900 0.000001560224 
0.11950 0.000001490300 
0.12000 0.000001426866 
0.12050 0.000001367922 
0.12100 0.000001308978 
0.12150 0.000001250034 
0.12200 0.000001198994 
0.12250 0.000001149254 
0.12300 0.000001099514 
0.12350 0.000001050688 
0.12400 0.000001008672 
0.12450 0.000000966658 
0.12500 0.000000924644 
0.12550 0.000000885032 
0.12600 0.000000849510 
0.12650 0.000000813988 
0.12700 0.000000778468 
0.12750 0.000000746298 
0.12800 0.000000716240 
0.12850 0.000000686180 
0.12900 0.000000656122 
0.12950 0.000000629970 
0.13000 0.000000604512 
0.13050 0.000000579052 
0.13100 0.000000553892 
0.13150 0.000000532312 
0.13200 0.000000510732 
0.13250 0.000000489152 
0.13300 0.000000468540 
0.13350 0.000000450234 
0.13400 0.000000431928 
0.13450 0.000000413620 
0.13500 0.000000396714 
0.13550 0.000000381172 
0.13600 0.000000365632 
0.13650 0.000000350090 
0.13700 0.000000336204 
0.13750 0.000000323002 
0.13800 0.000000309798 
0.13850 0.000000296596 
0.13900 0.000000285176 
0.13950 0.000000273952 
0.14000 0.000000262728 
0.14050 0.000000251646 
0.14100 0.000000242098 
0.14150 0.000000232550 
0.14200 0.000000223002 
0.14250 0.000000213824 
0.14300 0.000000205698 
0.14350 0.000000197570 
0.14400 0.000000189443 
0.14450 0.000000181829 
0.14500 0.000000174907 
0.14550 0.000000167986 
0.14600 0.000000161064 
0.14650 0.000000154737 
0.14700 0.000000148839 
0.14750 0.000000142940 
0.14800 0.000000137042 
0.14850 0.000000131775 
0.14900 0.000000126747 
0.14950 0.000000121720 
0.15000 0.000000116692 
0.15050 0.000000112299 
0.15100 0.000000108011 
0.15150 0.000000103722 
0.15200 0.000000099434 
0.15250 0.000000095763 
0.15300 0.000000092104 
0.15350 0.000000088445 
0.15400 0.000000084836 
0.15450 0.000000081713 
0.15500 0.000000078590 
0.15550 0.000000075467 
0.15600 0.000000072431 
0.15650 0.000000069764 
0.15700 0.000000067098 
0.15750 0.000000064431 
0.15800 0.000000061872 
0.15850 0.000000059594 
0.15900 0.000000057316 
0.15950 0.000000055038 
0.16000 0.000000052876 
0.16050 0.000000050930 
0.16100 0.000000048984 
0.16150 0.000000047038 
0.16200 0.000000045209 
0.16250 0.000000043546 
0.16300 0.000000041883 
0.16350 0.000000040220 
0.16400 0.000000038667 
0.16450 0.000000037245 
0.16500 0.000000035824 
0.16550 0.000000034402 
0.16600 0.000000033082 
0.16650 0.000000031867 
0.16700 0.000000030652 
0.16750 0.000000029437 
0.16800 0.000000028311 
0.16850 0.000000027272 
0.16900 0.000000026233 
0.16950 0.000000025193 
0.17000 0.000000024231 
0.17050 0.000000023343 
0.17100 0.000000022454 
0.17150 0.000000021566 
0.17200 0.000000020742 
0.17250 0.000000019982 
0.17300 0.000000019222 
0.17350 0.000000018462 
0.17400 0.000000017754 
0.17450 0.000000017103 
0.17500 0.000000016453 
0.17550 0.000000015803 
0.17600 0.000000015194 
0.17650 0.000000014638 
0.17700 0.000000014082 
0.17750 0.000000013526 
0.17800 0.000000013001 
0.17850 0.000000012525 
0.17900 0.000000012050 
0.17950 0.000000011574 
0.18000 0.000000011120 
0.18050 0.000000010713 
0.18100 0.000000010306 
0.18150 0.000000009899 
0.18200 0.000000009506 
0.18250 0.000000009158 
0.18300 0.000000008809 
0.18350 0.000000008461 
0.18400 0.000000008120 
0.18450 0.000000007822 
0.18500 0.000000007525 
0.18550 0.000000007227 
0.18600 0.000000006930 
0.18650 0.000000006676 
0.18700 0.000000006421 
0.18750 0.000000006167 
0.18800 0.000000005912 
0.18850 0.000000005691 
0.18900 0.000000005473 
0.18950 0.000000005256 
0.19000 0.000000005038 
0.19050 0.000000004845 
0.19100 0.000000004658 
0.19150 0.000000004472 
0.19200 0.000000004286 
0.19250 0.000000004117 
0.19300 0.000000003958 
0.19350 0.000000003799 
0.19400 0.000000003640 
0.19450 0.000000003491 
0.19500 0.000000003356 
0.19550 0.000000003220 
0.19600 0.000000003084 
0.19650 0.000000002954 
0.19700 0.000000002838 
0.19750 0.000000002722 
0.19800 0.000000002606 
0.19850 0.000000002492 
0.19900 0.000000002393 
0.19950 0.000000002294 
0.20000 0.000000002195 
0.20050 0.000000002096 
0.20100 0.000000002011 
0.20150 0.000000001926 
0.20200 0.000000001842 
0.20250 0.000000001757 
0.20300 0.000000001683 
0.20350 0.000000001611 
0.20400 0.000000001539 
0.20450 0.000000001467 
0.20500 0.000000001402 
0.20550 0.000000001340 
0.20600 0.000000001279 
0.20650 0.000000001217 
0.20700 0.000000001160 
0.20750 0.000000001108 
0.20800 0.000000001056 
0.20850 0.000000001004 
0.20900 0.000000000955 
0.20950 0.000000000910 
0.21000 0.000000000866 
0.21050 0.000000000821 
0.21100 0.000000000778 
0.21150 0.000000000741 
0.21200 0.000000000703 
0.21250 0.000000000665 
0.21300 0.000000000628 
0.21350 0.000000000597 
0.21400 0.000000000565 
0.21450 0.000000000533 
0.21500 0.000000000501 
0.21550 0.000000000474 
0.21600 0.000000000447 
0.21650 0.000000000421 
0.21700 0.000000000394 
0.21750 0.000000000371 
0.21800 0.000000000349 
0.21850 0.000000000326 
0.21900 0.000000000304 
0.21950 0.000000000285 
0.22000 0.000000000266 
0.22050 0.000000000247 
0.22100 0.000000000228 
0.22150 0.000000000213 
0.22200 0.000000000197 
0.22250 0.000000000181 
0.22300 0.000000000166 
0.22350 0.000000000153 
0.22400 0.000000000140 
0.22450 0.000000000127 
0.22500 0.000000000115 
0.22550 0.000000000105 
0.22600 0.000000000095 
0.22650 0.000000000084 
0.22700 0.000000000075 
0.22750 0.000000000067 
0.22800 0.000000000059 
0.22850 0.000000000051 
0.22900 0.000000000044 
0.22950 0.000000000038 
0.23000 0.000000000032 
0.23050 0.000000000026 
0.23100 0.000000000022 
0.23150 0.000000000017 
0.23200 0.000000000013 
0.23250 0.000000000010 
0.23300 0.000000000007 
0.23350 0.000000000005 
