0.00000 696.280000000000 
0.00050 628.902000000000 
0.00100 561.522000000000 
0.00150 494.142000000000 
0.00200 426.764000000000 
0.00250 377.842000000000 
0.00300 334.428000000000 
0.00350 298.218000000000 
0.00400 268.672000000000 
0.00450 240.758000000000 
0.00500 219.858000000000 
0.00550 198.957200000000 
0.00600 182.508600000000 
0.00650 167.278200000000 
0.00700 153.264400000000 
0.00750 141.896000000000 
0.00800 130.527600000000 
0.00850 121.286200000000 
0.00900 112.629400000000 
0.00950 104.360400000000 
0.01000 97.655600000000 
0.01050 90.950800000000 
0.01100 85.053600000000 
0.01150 79.784000000000 
0.01200 74.514400000000 
0.01250 70.191400000000 
0.01300 65.996400000000 
0.01350 61.930400000000 
0.01400 58.553000000000 
0.01450 55.175600000000 
0.01500 52.048200000000 
0.01550 49.301600000000 
0.01600 46.555200000000 
0.01650 44.104400000000 
0.01700 41.850800000000 
0.01750 39.597200000000 
0.01800 37.644400000000 
0.01850 35.780200000000 
0.01900 33.916200000000 
0.01950 32.336600000000 
0.02000 30.783600000000 
0.02050 29.238200000000 
0.02100 27.935600000000 
0.02150 26.633200000000 
0.02200 25.355400000000 
0.02250 24.256400000000 
0.02300 23.157600000000 
0.02350 22.090200000000 
0.02400 21.158200000000 
0.02450 20.226000000000 
0.02500 19.326260000000 
0.02550 18.531700000000 
0.02600 17.737120000000 
0.02650 16.972280000000 
0.02700 16.291880000000 
0.02750 15.611480000000 
0.02800 14.956540000000 
0.02850 14.371480000000 
0.02900 13.786420000000 
0.02950 13.221820000000 
0.03000 12.716840000000 
0.03050 12.211840000000 
0.03100 11.722180000000 
0.03150 11.284780000000 
0.03200 10.847380000000 
0.03250 10.420380000000 
0.03300 10.040320000000 
0.03350 9.660240000000 
0.03400 9.286020000000 
0.03450 8.954780000000 
0.03500 8.623540000000 
0.03550 8.294080000000 
0.03600 8.004620000000 
0.03650 7.715160000000 
0.03700 7.425700000000 
0.03750 7.170320000000 
0.03800 6.916720000000 
0.03850 6.663140000000 
0.03900 6.435560000000 
0.03950 6.212880000000 
0.04000 5.990200000000 
0.04050 5.786720000000 
0.04100 5.590760000000 
0.04150 5.394800000000 
0.04200 5.212320000000 
0.04250 5.039520000000 
0.04300 4.866720000000 
0.04350 4.702560000000 
0.04400 4.549900000000 
0.04450 4.397260000000 
0.04500 4.249200000000 
0.04550 4.114100000000 
0.04600 3.979020000000 
0.04650 3.845160000000 
0.04700 3.725400000000 
0.04750 3.605660000000 
0.04800 3.485920000000 
0.04850 3.378040000000 
0.04900 3.271740000000 
0.04950 3.165420000000 
0.05000 3.067040000000 
0.05050 2.972540000000 
0.05100 2.878020000000 
0.05150 2.788140000000 
0.05200 2.704000000000 
0.05250 2.619860000000 
0.05300 2.537600000000 
0.05350 2.462600000000 
0.05400 2.387600000000 
0.05450 2.312600000000 
0.05500 2.245240000000 
0.05550 2.178320000000 
0.05600 2.111380000000 
0.05650 2.049260000000 
0.05700 1.989466000000 
0.05750 1.929666000000 
0.05800 1.872308000000 
0.05850 1.818820000000 
0.05900 1.765330000000 
0.05950 1.712314000000 
0.06000 1.664420000000 
0.06050 1.616524000000 
0.06100 1.568628000000 
0.06150 1.524536000000 
0.06200 1.481602000000 
0.06250 1.438670000000 
0.06300 1.397648000000 
0.06350 1.359130000000 
0.06400 1.320612000000 
0.06450 1.282422000000 
0.06500 1.247828000000 
0.06550 1.213234000000 
0.06600 1.178638000000 
0.06650 1.146562000000 
0.06700 1.115464000000 
0.06750 1.084366000000 
0.06800 1.054330000000 
0.06850 1.026348000000 
0.06900 0.998368000000 
0.06950 0.970386000000 
0.07000 0.945036000000 
0.07050 0.919838000000 
0.07100 0.894638000000 
0.07150 0.870770000000 
0.07200 0.848058000000 
0.07250 0.825348000000 
0.07300 0.802880000000 
0.07350 0.782392000000 
0.07400 0.761902000000 
0.07450 0.741414000000 
0.07500 0.722258000000 
0.07550 0.703760000000 
0.07600 0.685260000000 
0.07650 0.667144000000 
0.07700 0.650428000000 
0.07750 0.633712000000 
0.07800 0.616996000000 
0.07850 0.601472000000 
0.07900 0.586354000000 
0.07950 0.571236000000 
0.08000 0.556496000000 
0.08050 0.542812000000 
0.08100 0.529130000000 
0.08150 0.515446000000 
0.08200 0.502748000000 
0.08250 0.490352000000 
0.08300 0.477956000000 
0.08350 0.465854000000 
0.08400 0.454616000000 
0.08450 0.443380000000 
0.08500 0.432142000000 
0.08550 0.421664000000 
0.08600 0.411468000000 
0.08650 0.401272000000 
0.08700 0.391254000000 
0.08750 0.381998000000 
0.08800 0.372742000000 
0.08850 0.363488000000 
0.08900 0.354770000000 
0.08950 0.346358000000 
0.09000 0.337944000000 
0.09050 0.329588000000 
0.09100 0.321940000000 
0.09150 0.314290000000 
0.09200 0.306642000000 
0.09250 0.299334000000 
0.09300 0.292374000000 
0.09350 0.285412000000 
0.09400 0.278450000000 
0.09450 0.272054000000 
0.09500 0.265716000000 
0.09550 0.259378000000 
0.09600 0.253212000000 
0.09650 0.247432000000 
0.09700 0.241654000000 
0.09750 0.235876000000 
0.09800 0.230452000000 
0.09850 0.225182000000 
0.09900 0.219914000000 
0.09950 0.214678000000 
0.10000 0.209870000000 
0.10050 0.205060000000 
0.10100 0.200250000000 
0.10150 0.195625600000 
0.10200 0.191233400000 
0.10250 0.186841000000 
0.10300 0.182448600000 
0.10350 0.178358400000 
0.10400 0.174344200000 
0.10450 0.170330000000 
0.10500 0.166365800000 
0.10550 0.162695000000 
0.10600 0.159024000000 
0.10650 0.155353200000 
0.10700 0.151832600000 
0.10750 0.148473600000 
0.10800 0.145114400000 
0.10850 0.141755400000 
0.10900 0.138626000000 
0.10950 0.135550400000 
0.11000 0.132474800000 
0.11050 0.129432400000 
0.11100 0.126613800000 
0.11150 0.123795400000 
0.11200 0.120976800000 
0.11250 0.118261600000 
0.11300 0.115679000000 
0.11350 0.113096400000 
0.11400 0.110513800000 
0.11450 0.108088800000 
0.11500 0.105719400000 
0.11550 0.103350000000 
0.11600 0.100986800000 
0.11650 0.098812800000 
0.11700 0.096638800000 
0.11750 0.094464800000 
0.11800 0.092346800000 
0.11850 0.090350200000 
0.11900 0.088353800000 
0.11950 0.086357200000 
0.12000 0.084457600000 
0.12050 0.082624800000 
0.12100 0.080792200000 
0.12150 0.078959600000 
0.12200 0.077254200000 
0.12250 0.075569600000 
0.12300 0.073885200000 
0.12350 0.072216800000 
0.12400 0.070668000000 
0.12450 0.069119000000 
0.12500 0.067570200000 
0.12550 0.066067600000 
0.12600 0.064643800000 
0.12650 0.063219800000 
0.12700 0.061796000000 
0.12750 0.060442400000 
0.12800 0.059133000000 
0.12850 0.057823600000 
0.12900 0.056514200000 
0.12950 0.055293400000 
0.13000 0.054088400000 
0.13050 0.052883400000 
0.13100 0.051685800000 
0.13150 0.050577200000 
0.13200 0.049468800000 
0.13250 0.048360200000 
0.13300 0.047277600000 
0.13350 0.046257000000 
0.13400 0.045236400000 
0.13450 0.044215800000 
0.13500 0.043236200000 
0.13550 0.042296400000 
0.13600 0.041356800000 
0.13650 0.040417000000 
0.13700 0.039530400000 
0.13750 0.038665600000 
0.13800 0.037801000000 
0.13850 0.036936200000 
0.13900 0.036133200000 
0.13950 0.035336800000 
0.14000 0.034540600000 
0.14050 0.033749800000 
0.14100 0.033017000000 
0.14150 0.032284400000 
0.14200 0.031551600000 
0.14250 0.030834200000 
0.14300 0.030159400000 
0.14350 0.029484800000 
0.14400 0.028810200000 
0.14450 0.028158400000 
0.14500 0.027537400000 
0.14550 0.026916200000 
0.14600 0.026295200000 
0.14650 0.025702800000 
0.14700 0.025131000000 
0.14750 0.024559400000 
0.14800 0.023987600000 
0.14850 0.023449400000 
0.14900 0.022923800000 
0.14950 0.022398200000 
0.15000 0.021872600000 
0.15050 0.021383200000 
0.15100 0.020899600000 
0.15150 0.020416000000 
0.15200 0.019932560000 
0.15250 0.019487160000 
0.15300 0.019042480000 
0.15350 0.018597800000 
0.15400 0.018156480000 
0.15450 0.017748140000 
0.15500 0.017339780000 
0.15550 0.016931440000 
0.15600 0.016529420000 
0.15650 0.016154220000 
0.15700 0.015779000000 
0.15750 0.015403800000 
0.15800 0.015036980000 
0.15850 0.014691980000 
0.15900 0.014347000000 
0.15950 0.014002000000 
0.16000 0.013667080000 
0.16050 0.013350820000 
0.16100 0.013034540000 
0.16150 0.012718280000 
0.16200 0.012412760000 
0.16250 0.012122640000 
0.16300 0.011832520000 
0.16350 0.011542400000 
0.16400 0.011263340000 
0.16450 0.010997380000 
0.16500 0.010731440000 
0.16550 0.010465480000 
0.16600 0.010210640000 
0.16650 0.009967340000 
0.16700 0.009724060000 
0.16750 0.009480780000 
0.16800 0.009247780000 
0.16850 0.009024780000 
0.16900 0.008801760000 
0.16950 0.008578740000 
0.17000 0.008365620000 
0.17050 0.008161960000 
0.17100 0.007958280000 
0.17150 0.007754620000 
0.17200 0.007559580000 
0.17250 0.007373180000 
0.17300 0.007186760000 
0.17350 0.007000340000 
0.17400 0.006821620000 
0.17450 0.006651420000 
0.17500 0.006481220000 
0.17550 0.006311000000 
0.17600 0.006147400000 
0.17650 0.005992400000 
0.17700 0.005837420000 
0.17750 0.005682420000 
0.17800 0.005532620000 
0.17850 0.005391380000 
0.17900 0.005250140000 
0.17950 0.005108900000 
0.18000 0.004971480000 
0.18050 0.004842640000 
0.18100 0.004713820000 
0.18150 0.004585000000 
0.18200 0.004458780000 
0.18250 0.004341620000 
0.18300 0.004224460000 
0.18350 0.004107300000 
0.18400 0.003991500000 
0.18450 0.003885300000 
0.18500 0.003779080000 
0.18550 0.003672860000 
0.18600 0.003566780000 
0.18650 0.003470200000 
0.18700 0.003373600000 
0.18750 0.003277020000 
0.18800 0.003180420000 
0.18850 0.003092080000 
0.18900 0.003004720000 
0.18950 0.002917380000 
0.19000 0.002830020000 
0.19050 0.002748800000 
0.19100 0.002669540000 
0.19150 0.002590280000 
0.19200 0.002511020000 
0.19250 0.002436440000 
0.19300 0.002364780000 
0.19350 0.002293120000 
0.19400 0.002221460000 
0.19450 0.002153020000 
0.19500 0.002088320000 
0.19550 0.002023620000 
0.19600 0.001958912000 
0.19650 0.001896146000 
0.19700 0.001837808000 
0.19750 0.001779470000 
0.19800 0.001721130000 
0.19850 0.001663618000 
0.19900 0.001611094000 
0.19950 0.001558572000 
0.20000 0.001506048000 
0.20050 0.001453526000 
0.20100 0.001406064000 
0.20150 0.001358718000 
0.20200 0.001311372000 
0.20250 0.001264028000 
0.20300 0.001220744000 
0.20350 0.001178388000 
0.20400 0.001136030000 
0.20450 0.001093674000 
0.20500 0.001054136000 
0.20550 0.001016082000 
0.20600 0.000978030000 
0.20650 0.000939978000 
0.20700 0.000904014000 
0.20750 0.000870116000 
0.20800 0.000836220000 
0.20850 0.000802322000 
0.20900 0.000769718000 
0.20950 0.000739394000 
0.21000 0.000709070000 
0.21050 0.000678746000 
0.21100 0.000649198000 
0.21150 0.000622146000 
0.21200 0.000595094000 
0.21250 0.000568042000 
0.21300 0.000541412000 
0.21350 0.000517532000 
0.21400 0.000493652000 
0.21450 0.000469772000 
0.21500 0.000446042000 
0.21550 0.000424888000 
0.21600 0.000403736000 
0.21650 0.000382582000 
0.21700 0.000361454000 
0.21750 0.000342954000 
0.21800 0.000324454000 
0.21850 0.000305956000 
0.21900 0.000287462000 
0.21950 0.000271256000 
0.22000 0.000255050000 
0.22050 0.000238844000 
0.22100 0.000222726000 
0.22150 0.000208652000 
0.22200 0.000194578000 
0.22250 0.000180503800 
0.22300 0.000166710000 
0.22350 0.000154735200 
0.22400 0.000142760400 
0.22450 0.000130785600 
0.22500 0.000119347600 
0.22550 0.000109236400 
0.22600 0.000099125400 
0.22650 0.000089014200 
0.22700 0.000079842600 
0.22750 0.000071559000 
0.22800 0.000063275400 
0.22850 0.000054991800 
0.22900 0.000048161600 
0.22950 0.000041647200 
0.23000 0.000035132600 
0.23050 0.000029002400 
0.23100 0.000024222600 
0.23150 0.000019442900 
0.23200 0.000014663160 
0.23250 0.000011200960 
0.23300 0.000008236820 
0.23350 0.000005272680 
