0.00000 683.394000000000 
0.00050 617.424000000000 
0.00100 551.454000000000 
0.00150 485.484000000000 
0.00200 419.514000000000 
0.00250 371.570000000000 
0.00300 329.004000000000 
0.00350 293.486000000000 
0.00400 264.486000000000 
0.00450 237.084000000000 
0.00500 216.550000000000 
0.00550 196.017800000000 
0.00600 179.849400000000 
0.00650 164.875400000000 
0.00700 151.095200000000 
0.00750 139.911200000000 
0.00800 128.727000000000 
0.00850 119.631600000000 
0.00900 111.110200000000 
0.00950 102.970000000000 
0.01000 96.366800000000 
0.01050 89.763600000000 
0.01100 83.954400000000 
0.01150 78.762400000000 
0.01200 73.570400000000 
0.01250 69.309800000000 
0.01300 65.174800000000 
0.01350 61.166800000000 
0.01400 57.836600000000 
0.01450 54.506400000000 
0.01500 51.422200000000 
0.01550 48.713200000000 
0.01600 46.004200000000 
0.01650 43.586400000000 
0.01700 41.362800000000 
0.01750 39.139400000000 
0.01800 37.212000000000 
0.01850 35.372400000000 
0.01900 33.532600000000 
0.01950 31.973200000000 
0.02000 30.440000000000 
0.02050 28.914400000000 
0.02100 27.628200000000 
0.02150 26.342000000000 
0.02200 25.080200000000 
0.02250 23.994800000000 
0.02300 22.909400000000 
0.02350 21.855200000000 
0.02400 20.934400000000 
0.02450 20.013400000000 
0.02500 19.124480000000 
0.02550 18.339320000000 
0.02600 17.554160000000 
0.02650 16.798360000000 
0.02700 16.125880000000 
0.02750 15.453380000000 
0.02800 14.806040000000 
0.02850 14.227680000000 
0.02900 13.649320000000 
0.02950 13.091160000000 
0.03000 12.591840000000 
0.03050 12.092540000000 
0.03100 11.608360000000 
0.03150 11.175800000000 
0.03200 10.743240000000 
0.03250 10.320940000000 
0.03300 9.945020000000 
0.03350 9.569080000000 
0.03400 9.198920000000 
0.03450 8.871240000000 
0.03500 8.543540000000 
0.03550 8.217600000000 
0.03600 7.931200000000 
0.03650 7.644800000000 
0.03700 7.358380000000 
0.03750 7.105640000000 
0.03800 6.854680000000 
0.03850 6.603720000000 
0.03900 6.378480000000 
0.03950 6.158080000000 
0.04000 5.937660000000 
0.04050 5.736240000000 
0.04100 5.542260000000 
0.04150 5.348260000000 
0.04200 5.167580000000 
0.04250 4.996500000000 
0.04300 4.825400000000 
0.04350 4.662860000000 
0.04400 4.511700000000 
0.04450 4.360540000000 
0.04500 4.213920000000 
0.04550 4.080120000000 
0.04600 3.946320000000 
0.04650 3.813740000000 
0.04700 3.695120000000 
0.04750 3.576520000000 
0.04800 3.457900000000 
0.04850 3.351020000000 
0.04900 3.245720000000 
0.04950 3.140400000000 
0.05000 3.042920000000 
0.05050 2.949280000000 
0.05100 2.855620000000 
0.05150 2.766560000000 
0.05200 2.683180000000 
0.05250 2.599800000000 
0.05300 2.518260000000 
0.05350 2.443940000000 
0.05400 2.369600000000 
0.05450 2.295280000000 
0.05500 2.228500000000 
0.05550 2.162160000000 
0.05600 2.095820000000 
0.05650 2.034240000000 
0.05700 1.974948000000 
0.05750 1.915662000000 
0.05800 1.858794000000 
0.05850 1.805758000000 
0.05900 1.752722000000 
0.05950 1.700154000000 
0.06000 1.652658000000 
0.06050 1.605162000000 
0.06100 1.557666000000 
0.06150 1.513936000000 
0.06200 1.471356000000 
0.06250 1.428774000000 
0.06300 1.388088000000 
0.06350 1.349880000000 
0.06400 1.311672000000 
0.06450 1.273792000000 
0.06500 1.239472000000 
0.06550 1.205152000000 
0.06600 1.170834000000 
0.06650 1.139008000000 
0.06700 1.108154000000 
0.06750 1.077300000000 
0.06800 1.047496000000 
0.06850 1.019730000000 
0.06900 0.991966000000 
0.06950 0.964200000000 
0.07000 0.939040000000 
0.07050 0.914032000000 
0.07100 0.889024000000 
0.07150 0.865336000000 
0.07200 0.842794000000 
0.07250 0.820250000000 
0.07300 0.797952000000 
0.07350 0.777612000000 
0.07400 0.757274000000 
0.07450 0.736936000000 
0.07500 0.717918000000 
0.07550 0.699552000000 
0.07600 0.681188000000 
0.07650 0.663202000000 
0.07700 0.646604000000 
0.07750 0.630006000000 
0.07800 0.613408000000 
0.07850 0.597994000000 
0.07900 0.582982000000 
0.07950 0.567968000000 
0.08000 0.553330000000 
0.08050 0.539740000000 
0.08100 0.526152000000 
0.08150 0.512562000000 
0.08200 0.499950000000 
0.08250 0.487638000000 
0.08300 0.475326000000 
0.08350 0.463304000000 
0.08400 0.452142000000 
0.08450 0.440980000000 
0.08500 0.429816000000 
0.08550 0.419406000000 
0.08600 0.409276000000 
0.08650 0.399148000000 
0.08700 0.389194000000 
0.08750 0.379998000000 
0.08800 0.370802000000 
0.08850 0.361606000000 
0.08900 0.352942000000 
0.08950 0.344584000000 
0.09000 0.336224000000 
0.09050 0.327920000000 
0.09100 0.320320000000 
0.09150 0.312718000000 
0.09200 0.305116000000 
0.09250 0.297854000000 
0.09300 0.290934000000 
0.09350 0.284016000000 
0.09400 0.277096000000 
0.09450 0.270738000000 
0.09500 0.264438000000 
0.09550 0.258136000000 
0.09600 0.252006000000 
0.09650 0.246262000000 
0.09700 0.240518000000 
0.09750 0.234772000000 
0.09800 0.229380000000 
0.09850 0.224142000000 
0.09900 0.218902000000 
0.09950 0.213698000000 
0.10000 0.208916000000 
0.10050 0.204134000000 
0.10100 0.199351200000 
0.10150 0.194752200000 
0.10200 0.190384200000 
0.10250 0.186016200000 
0.10300 0.181648200000 
0.10350 0.177580200000 
0.10400 0.173588000000 
0.10450 0.169595600000 
0.10500 0.165652800000 
0.10550 0.162001400000 
0.10600 0.158350200000 
0.10650 0.154698800000 
0.10700 0.151197000000 
0.10750 0.147855400000 
0.10800 0.144514000000 
0.10850 0.141172400000 
0.10900 0.138059200000 
0.10950 0.134999400000 
0.11000 0.131939600000 
0.11050 0.128912600000 
0.11100 0.126108200000 
0.11150 0.123304000000 
0.11200 0.120499600000 
0.11250 0.117798000000 
0.11300 0.115228000000 
0.11350 0.112658200000 
0.11400 0.110088200000 
0.11450 0.107675000000 
0.11500 0.105317000000 
0.11550 0.102959200000 
0.11600 0.100607200000 
0.11650 0.098443600000 
0.11700 0.096279800000 
0.11750 0.094116000000 
0.11800 0.092008000000 
0.11850 0.090020800000 
0.11900 0.088033400000 
0.11950 0.086046200000 
0.12000 0.084155200000 
0.12050 0.082331000000 
0.12100 0.080506600000 
0.12150 0.078682200000 
0.12200 0.076984400000 
0.12250 0.075307400000 
0.12300 0.073630400000 
0.12350 0.071969400000 
0.12400 0.070427200000 
0.12450 0.068885000000 
0.12500 0.067343000000 
0.12550 0.065846800000 
0.12600 0.064429000000 
0.12650 0.063011200000 
0.12700 0.061593400000 
0.12750 0.060245400000 
0.12800 0.058941400000 
0.12850 0.057637600000 
0.12900 0.056333600000 
0.12950 0.055117800000 
0.13000 0.053917600000 
0.13050 0.052717600000 
0.13100 0.051524800000 
0.13150 0.050420600000 
0.13200 0.049316400000 
0.13250 0.048212400000 
0.13300 0.047134000000 
0.13350 0.046117400000 
0.13400 0.045100800000 
0.13450 0.044084200000 
0.13500 0.043108200000 
0.13550 0.042172200000 
0.13600 0.041236000000 
0.13650 0.040299800000 
0.13700 0.039416400000 
0.13750 0.038555000000 
0.13800 0.037693400000 
0.13850 0.036831800000 
0.13900 0.036031800000 
0.13950 0.035238400000 
0.14000 0.034444800000 
0.14050 0.033657000000 
0.14100 0.032926800000 
0.14150 0.032196600000 
0.14200 0.031466600000 
0.14250 0.030751600000 
0.14300 0.030079200000 
0.14350 0.029407000000 
0.14400 0.028734600000 
0.14450 0.028085000000 
0.14500 0.027466000000 
0.14550 0.026847000000 
0.14600 0.026228000000 
0.14650 0.025637600000 
0.14700 0.025067800000 
0.14750 0.024498000000 
0.14800 0.023928000000 
0.14850 0.023391600000 
0.14900 0.022867600000 
0.14950 0.022343600000 
0.15000 0.021819800000 
0.15050 0.021331800000 
0.15100 0.020849800000 
0.15150 0.020367800000 
0.15200 0.019885720000 
0.15250 0.019441680000 
0.15300 0.018998320000 
0.15350 0.018554980000 
0.15400 0.018115000000 
0.15450 0.017707840000 
0.15500 0.017300700000 
0.15550 0.016893560000 
0.15600 0.016492720000 
0.15650 0.016118580000 
0.15700 0.015744440000 
0.15750 0.015370300000 
0.15800 0.015004520000 
0.15850 0.014660480000 
0.15900 0.014316460000 
0.15950 0.013972420000 
0.16000 0.013638420000 
0.16050 0.013323020000 
0.16100 0.013007600000 
0.16150 0.012692180000 
0.16200 0.012387460000 
0.16250 0.012098120000 
0.16300 0.011808760000 
0.16350 0.011519400000 
0.16400 0.011241060000 
0.16450 0.010975780000 
0.16500 0.010710500000 
0.16550 0.010445240000 
0.16600 0.010191020000 
0.16650 0.009948340000 
0.16700 0.009705660000 
0.16750 0.009462980000 
0.16800 0.009230540000 
0.16850 0.009008060000 
0.16900 0.008785580000 
0.16950 0.008563100000 
0.17000 0.008350480000 
0.17050 0.008147300000 
0.17100 0.007944100000 
0.17150 0.007740920000 
0.17200 0.007546320000 
0.17250 0.007360320000 
0.17300 0.007174340000 
0.17350 0.006988340000 
0.17400 0.006810000000 
0.17450 0.006640180000 
0.17500 0.006470340000 
0.17550 0.006300520000 
0.17600 0.006137260000 
0.17650 0.005982600000 
0.17700 0.005827940000 
0.17750 0.005673280000 
0.17800 0.005523780000 
0.17850 0.005382840000 
0.17900 0.005241880000 
0.17950 0.005100920000 
0.18000 0.004963780000 
0.18050 0.004835200000 
0.18100 0.004706640000 
0.18150 0.004578060000 
0.18200 0.004452080000 
0.18250 0.004335160000 
0.18300 0.004218220000 
0.18350 0.004101280000 
0.18400 0.003985720000 
0.18450 0.003879700000 
0.18500 0.003773680000 
0.18550 0.003667660000 
0.18600 0.003561780000 
0.18650 0.003465360000 
0.18700 0.003368940000 
0.18750 0.003272520000 
0.18800 0.003176100000 
0.18850 0.003087920000 
0.18900 0.003000720000 
0.18950 0.002913500000 
0.19000 0.002826300000 
0.19050 0.002745220000 
0.19100 0.002666100000 
0.19150 0.002586960000 
0.19200 0.002507840000 
0.19250 0.002433380000 
0.19300 0.002361820000 
0.19350 0.002290280000 
0.19400 0.002218740000 
0.19450 0.002150400000 
0.19500 0.002085800000 
0.19550 0.002021200000 
0.19600 0.001956590000 
0.19650 0.001893922000 
0.19700 0.001835668000 
0.19750 0.001777416000 
0.19800 0.001719162000 
0.19850 0.001661734000 
0.19900 0.001609286000 
0.19950 0.001556836000 
0.20000 0.001504388000 
0.20050 0.001451940000 
0.20100 0.001404542000 
0.20150 0.001357260000 
0.20200 0.001309980000 
0.20250 0.001262698000 
0.20300 0.001219470000 
0.20350 0.001177170000 
0.20400 0.001134868000 
0.20450 0.001092566000 
0.20500 0.001053078000 
0.20550 0.001015072000 
0.20600 0.000977068000 
0.20650 0.000939062000 
0.20700 0.000903142000 
0.20750 0.000869284000 
0.20800 0.000835428000 
0.20850 0.000801570000 
0.20900 0.000769004000 
0.20950 0.000738716000 
0.21000 0.000708426000 
0.21050 0.000678136000 
0.21100 0.000648620000 
0.21150 0.000621598000 
0.21200 0.000594574000 
0.21250 0.000567552000 
0.21300 0.000540950000 
0.21350 0.000517094000 
0.21400 0.000493240000 
0.21450 0.000469384000 
0.21500 0.000445678000 
0.21550 0.000424546000 
0.21600 0.000403412000 
0.21650 0.000382280000 
0.21700 0.000361172000 
0.21750 0.000342690000 
0.21800 0.000324208000 
0.21850 0.000305724000 
0.21900 0.000287248000 
0.21950 0.000271056000 
0.22000 0.000254864000 
0.22050 0.000238672000 
0.22100 0.000222568000 
0.22150 0.000208506000 
0.22200 0.000194443000 
0.22250 0.000180380400 
0.22300 0.000166597600 
0.22350 0.000154632000 
0.22400 0.000142666400 
0.22450 0.000130700600 
0.22500 0.000119271200 
0.22550 0.000109167400 
0.22600 0.000099063400 
0.22650 0.000088959600 
0.22700 0.000079794400 
0.22750 0.000071516200 
0.22800 0.000063238000 
0.22850 0.000054960000 
0.22900 0.000048134200 
0.22950 0.000041623600 
0.23000 0.000035113000 
0.23050 0.000028986600 
0.23100 0.000024209600 
0.23150 0.000019432600 
0.23200 0.000014655560 
0.23250 0.000011195240 
0.23300 0.000008232640 
0.23350 0.000005270060 
