0.00000 672.192000000000 
0.00050 607.414000000000 
0.00100 542.636000000000 
0.00150 477.856000000000 
0.00200 413.078000000000 
0.00250 365.968000000000 
0.00300 324.130000000000 
0.00350 289.206000000000 
0.00400 260.678000000000 
0.00450 233.720000000000 
0.00500 213.510000000000 
0.00550 193.299200000000 
0.00600 177.378200000000 
0.00650 162.631200000000 
0.00700 149.058400000000 
0.00750 138.039000000000 
0.00800 127.019400000000 
0.00850 118.055200000000 
0.00900 109.656200000000 
0.00950 101.632000000000 
0.01000 95.121400000000 
0.01050 88.610800000000 
0.01100 82.882200000000 
0.01150 77.761400000000 
0.01200 72.640600000000 
0.01250 68.437400000000 
0.01300 64.358400000000 
0.01350 60.404200000000 
0.01400 57.118000000000 
0.01450 53.832000000000 
0.01500 50.788600000000 
0.01550 48.114800000000 
0.01600 45.441200000000 
0.01650 43.054600000000 
0.01700 40.859800000000 
0.01750 38.665000000000 
0.01800 36.762200000000 
0.01850 34.946000000000 
0.01900 33.129600000000 
0.01950 31.589800000000 
0.02000 30.076000000000 
0.02050 28.569400000000 
0.02100 27.299200000000 
0.02150 26.029200000000 
0.02200 24.783000000000 
0.02250 23.711000000000 
0.02300 22.639000000000 
0.02350 21.597800000000 
0.02400 20.688200000000 
0.02450 19.778600000000 
0.02500 18.900460000000 
0.02550 18.124840000000 
0.02600 17.349200000000 
0.02650 16.602560000000 
0.02700 15.938180000000 
0.02750 15.273800000000 
0.02800 14.634240000000 
0.02850 14.062820000000 
0.02900 13.491380000000 
0.02950 12.939900000000 
0.03000 12.446520000000 
0.03050 11.953160000000 
0.03100 11.474740000000 
0.03150 11.047300000000 
0.03200 10.619880000000 
0.03250 10.202580000000 
0.03300 9.831060000000 
0.03350 9.459560000000 
0.03400 9.093760000000 
0.03450 8.769920000000 
0.03500 8.446060000000 
0.03550 8.123940000000 
0.03600 7.840880000000 
0.03650 7.557820000000 
0.03700 7.274760000000 
0.03750 7.024960000000 
0.03800 6.776920000000 
0.03850 6.528880000000 
0.03900 6.306240000000 
0.03950 6.088380000000 
0.04000 5.870520000000 
0.04050 5.671440000000 
0.04100 5.479680000000 
0.04150 5.287920000000 
0.04200 5.109340000000 
0.04250 4.940220000000 
0.04300 4.771100000000 
0.04350 4.610420000000 
0.04400 4.460980000000 
0.04450 4.311560000000 
0.04500 4.166620000000 
0.04550 4.034360000000 
0.04600 3.902080000000 
0.04650 3.771020000000 
0.04700 3.653760000000 
0.04750 3.536500000000 
0.04800 3.419220000000 
0.04850 3.313580000000 
0.04900 3.209460000000 
0.04950 3.105340000000 
0.05000 3.008960000000 
0.05050 2.916380000000 
0.05100 2.823800000000 
0.05150 2.735740000000 
0.05200 2.653300000000 
0.05250 2.570880000000 
0.05300 2.490260000000 
0.05350 2.416780000000 
0.05400 2.343280000000 
0.05450 2.269800000000 
0.05500 2.203780000000 
0.05550 2.138180000000 
0.05600 2.072580000000 
0.05650 2.011680000000 
0.05700 1.953070000000 
0.05750 1.894450000000 
0.05800 1.838224000000 
0.05850 1.785782000000 
0.05900 1.733342000000 
0.05950 1.681364000000 
0.06000 1.634400000000 
0.06050 1.587436000000 
0.06100 1.540472000000 
0.06150 1.497234000000 
0.06200 1.455128000000 
0.06250 1.413024000000 
0.06300 1.372792000000 
0.06350 1.335012000000 
0.06400 1.297230000000 
0.06450 1.259774000000 
0.06500 1.225836000000 
0.06550 1.191900000000 
0.06600 1.157962000000 
0.06650 1.126492000000 
0.06700 1.095982000000 
0.06750 1.065470000000 
0.06800 1.036000000000 
0.06850 1.008542000000 
0.06900 0.981086000000 
0.06950 0.953628000000 
0.07000 0.928750000000 
0.07050 0.904020000000 
0.07100 0.879288000000 
0.07150 0.855864000000 
0.07200 0.833570000000 
0.07250 0.811278000000 
0.07300 0.789226000000 
0.07350 0.769112000000 
0.07400 0.748998000000 
0.07450 0.728886000000 
0.07500 0.710080000000 
0.07550 0.691916000000 
0.07600 0.673754000000 
0.07650 0.655968000000 
0.07700 0.639554000000 
0.07750 0.623138000000 
0.07800 0.606724000000 
0.07850 0.591480000000 
0.07900 0.576632000000 
0.07950 0.561786000000 
0.08000 0.547308000000 
0.08050 0.533868000000 
0.08100 0.520430000000 
0.08150 0.506990000000 
0.08200 0.494516000000 
0.08250 0.482340000000 
0.08300 0.470162000000 
0.08350 0.458274000000 
0.08400 0.447234000000 
0.08450 0.436194000000 
0.08500 0.425154000000 
0.08550 0.414858000000 
0.08600 0.404840000000 
0.08650 0.394822000000 
0.08700 0.384978000000 
0.08750 0.375882000000 
0.08800 0.366786000000 
0.08850 0.357692000000 
0.08900 0.349124000000 
0.08950 0.340856000000 
0.09000 0.332588000000 
0.09050 0.324376000000 
0.09100 0.316858000000 
0.09150 0.309338000000 
0.09200 0.301820000000 
0.09250 0.294638000000 
0.09300 0.287794000000 
0.09350 0.280950000000 
0.09400 0.274106000000 
0.09450 0.267818000000 
0.09500 0.261586000000 
0.09550 0.255354000000 
0.09600 0.249292000000 
0.09650 0.243610000000 
0.09700 0.237926000000 
0.09750 0.232244000000 
0.09800 0.226912000000 
0.09850 0.221730000000 
0.09900 0.216548000000 
0.09950 0.211400000000 
0.10000 0.206670000000 
0.10050 0.201940000000 
0.10100 0.197209200000 
0.10150 0.192660200000 
0.10200 0.188339600000 
0.10250 0.184019200000 
0.10300 0.179698600000 
0.10350 0.175674800000 
0.10400 0.171725800000 
0.10450 0.167776800000 
0.10500 0.163876800000 
0.10550 0.160265000000 
0.10600 0.156653400000 
0.10650 0.153041600000 
0.10700 0.149577800000 
0.10750 0.146272400000 
0.10800 0.142967000000 
0.10850 0.139661800000 
0.10900 0.136582200000 
0.10950 0.133555600000 
0.11000 0.130528800000 
0.11050 0.127534600000 
0.11100 0.124760600000 
0.11150 0.121986600000 
0.11200 0.119212600000 
0.11250 0.116540000000 
0.11300 0.113998000000 
0.11350 0.111455800000 
0.11400 0.108913600000 
0.11450 0.106526400000 
0.11500 0.104194000000 
0.11550 0.101861400000 
0.11600 0.099535000000 
0.11650 0.097394600000 
0.11700 0.095254200000 
0.11750 0.093113800000 
0.11800 0.091028400000 
0.11850 0.089062400000 
0.11900 0.087096600000 
0.11950 0.085130800000 
0.12000 0.083260200000 
0.12050 0.081455400000 
0.12100 0.079650600000 
0.12150 0.077846000000 
0.12200 0.076166400000 
0.12250 0.074507400000 
0.12300 0.072848400000 
0.12350 0.071205200000 
0.12400 0.069679600000 
0.12450 0.068154000000 
0.12500 0.066628400000 
0.12550 0.065148400000 
0.12600 0.063745800000 
0.12650 0.062343000000 
0.12700 0.060940400000 
0.12750 0.059607000000 
0.12800 0.058317000000 
0.12850 0.057027000000 
0.12900 0.055737000000 
0.12950 0.054534400000 
0.13000 0.053347000000 
0.13050 0.052159800000 
0.13100 0.050979800000 
0.13150 0.049887400000 
0.13200 0.048795000000 
0.13250 0.047702600000 
0.13300 0.046636000000 
0.13350 0.045630200000 
0.13400 0.044624400000 
0.13450 0.043618600000 
0.13500 0.042653200000 
0.13550 0.041727000000 
0.13600 0.040800800000 
0.13650 0.039874600000 
0.13700 0.039000600000 
0.13750 0.038148400000 
0.13800 0.037296000000 
0.13850 0.036443600000 
0.13900 0.035652000000 
0.13950 0.034867000000 
0.14000 0.034082000000 
0.14050 0.033302400000 
0.14100 0.032580200000 
0.14150 0.031857800000 
0.14200 0.031135400000 
0.14250 0.030428000000 
0.14300 0.029762800000 
0.14350 0.029097600000 
0.14400 0.028432400000 
0.14450 0.027789800000 
0.14500 0.027177400000 
0.14550 0.026564800000 
0.14600 0.025952400000 
0.14650 0.025368200000 
0.14700 0.024804400000 
0.14750 0.024240600000 
0.14800 0.023677000000 
0.14850 0.023146000000 
0.14900 0.022627600000 
0.14950 0.022109400000 
0.15000 0.021591000000 
0.15050 0.021108200000 
0.15100 0.020631200000 
0.15150 0.020154200000 
0.15200 0.019677340000 
0.15250 0.019237980000 
0.15300 0.018799320000 
0.15350 0.018360680000 
0.15400 0.017925340000 
0.15450 0.017522480000 
0.15500 0.017119640000 
0.15550 0.016716780000 
0.15600 0.016320180000 
0.15650 0.015949980000 
0.15700 0.015579800000 
0.15750 0.015209600000 
0.15800 0.014847680000 
0.15850 0.014507260000 
0.15900 0.014166860000 
0.15950 0.013826460000 
0.16000 0.013495980000 
0.16050 0.013183880000 
0.16100 0.012871780000 
0.16150 0.012559680000 
0.16200 0.012258180000 
0.16250 0.011971880000 
0.16300 0.011685560000 
0.16350 0.011399240000 
0.16400 0.011123820000 
0.16450 0.010861340000 
0.16500 0.010598860000 
0.16550 0.010336380000 
0.16600 0.010084820000 
0.16650 0.009844700000 
0.16700 0.009604560000 
0.16750 0.009364420000 
0.16800 0.009134440000 
0.16850 0.008914300000 
0.16900 0.008694140000 
0.16950 0.008474000000 
0.17000 0.008263600000 
0.17050 0.008062540000 
0.17100 0.007861480000 
0.17150 0.007660420000 
0.17200 0.007467860000 
0.17250 0.007283820000 
0.17300 0.007099780000 
0.17350 0.006915720000 
0.17400 0.006739260000 
0.17450 0.006571200000 
0.17500 0.006403140000 
0.17550 0.006235100000 
0.17600 0.006073540000 
0.17650 0.005920500000 
0.17700 0.005767440000 
0.17750 0.005614400000 
0.17800 0.005466480000 
0.17850 0.005327000000 
0.17900 0.005187520000 
0.17950 0.005048040000 
0.18000 0.004912320000 
0.18050 0.004785080000 
0.18100 0.004657860000 
0.18150 0.004530620000 
0.18200 0.004405960000 
0.18250 0.004290240000 
0.18300 0.004174520000 
0.18350 0.004058800000 
0.18400 0.003944440000 
0.18450 0.003839540000 
0.18500 0.003734620000 
0.18550 0.003629700000 
0.18600 0.003524920000 
0.18650 0.003429500000 
0.18700 0.003334100000 
0.18750 0.003238680000 
0.18800 0.003143260000 
0.18850 0.003055980000 
0.18900 0.002969700000 
0.18950 0.002883400000 
0.19000 0.002797100000 
0.19050 0.002716860000 
0.19100 0.002638560000 
0.19150 0.002560240000 
0.19200 0.002481940000 
0.19250 0.002408240000 
0.19300 0.002337440000 
0.19350 0.002266640000 
0.19400 0.002195840000 
0.19450 0.002128220000 
0.19500 0.002064280000 
0.19550 0.002000340000 
0.19600 0.001936410000 
0.19650 0.001874390000 
0.19700 0.001816740000 
0.19750 0.001759090000 
0.19800 0.001701440000 
0.19850 0.001644608000 
0.19900 0.001592702000 
0.19950 0.001540796000 
0.20000 0.001488890000 
0.20050 0.001436984000 
0.20100 0.001390076000 
0.20150 0.001343284000 
0.20200 0.001296492000 
0.20250 0.001249698000 
0.20300 0.001206918000 
0.20350 0.001165054000 
0.20400 0.001123190000 
0.20450 0.001081326000 
0.20500 0.001042244000 
0.20550 0.001004632000 
0.20600 0.000967018000 
0.20650 0.000929406000 
0.20700 0.000893856000 
0.20750 0.000860348000 
0.20800 0.000826840000 
0.20850 0.000793332000 
0.20900 0.000761102000 
0.20950 0.000731126000 
0.21000 0.000701148000 
0.21050 0.000671170000 
0.21100 0.000641960000 
0.21150 0.000615214000 
0.21200 0.000588470000 
0.21250 0.000561726000 
0.21300 0.000535398000 
0.21350 0.000511788000 
0.21400 0.000488178000 
0.21450 0.000464568000 
0.21500 0.000441106000 
0.21550 0.000420190000 
0.21600 0.000399274000 
0.21650 0.000378358000 
0.21700 0.000357468000 
0.21750 0.000339176000 
0.21800 0.000320884000 
0.21850 0.000302592000 
0.21900 0.000284304000 
0.21950 0.000268278000 
0.22000 0.000252254000 
0.22050 0.000236228000 
0.22100 0.000220288000 
0.22150 0.000206370000 
0.22200 0.000192451800 
0.22250 0.000178533400 
0.22300 0.000164892200 
0.22350 0.000153049200 
0.22400 0.000141206200 
0.22450 0.000129363200 
0.22500 0.000118051000 
0.22550 0.000108050600 
0.22600 0.000098050200 
0.22650 0.000088049800 
0.22700 0.000078978400 
0.22750 0.000070785000 
0.22800 0.000062591600 
0.22850 0.000054398200 
0.22900 0.000047642200 
0.22950 0.000041198200 
0.23000 0.000034754200 
0.23050 0.000028690600 
0.23100 0.000023962400 
0.23150 0.000019234100 
0.23200 0.000014505880 
0.23250 0.000011080920 
0.23300 0.000008148580 
0.23350 0.000005216260 
