0.00000 663.194000000000 
0.00050 599.364000000000 
0.00100 535.532000000000 
0.00150 471.700000000000 
0.00200 407.868000000000 
0.00250 361.422000000000 
0.00300 320.162000000000 
0.00350 285.712000000000 
0.00400 257.560000000000 
0.00450 230.958000000000 
0.00500 211.004000000000 
0.00550 191.050600000000 
0.00600 175.327800000000 
0.00650 160.762800000000 
0.00700 147.356400000000 
0.00750 136.469400000000 
0.00800 125.582400000000 
0.00850 116.724400000000 
0.00900 108.424200000000 
0.00950 100.494400000000 
0.01000 94.059000000000 
0.01050 87.623800000000 
0.01100 81.960800000000 
0.01150 76.898400000000 
0.01200 71.836200000000 
0.01250 67.680400000000 
0.01300 63.647200000000 
0.01350 59.737400000000 
0.01400 56.488000000000 
0.01450 53.238600000000 
0.01500 50.229000000000 
0.01550 47.585000000000 
0.01600 44.940800000000 
0.01650 42.580600000000 
0.01700 40.410000000000 
0.01750 38.239200000000 
0.01800 36.357400000000 
0.01850 34.561000000000 
0.01900 32.764600000000 
0.01950 31.241600000000 
0.02000 29.744200000000 
0.02050 28.254000000000 
0.02100 26.997800000000 
0.02150 25.741400000000 
0.02200 24.508800000000 
0.02250 23.448600000000 
0.02300 22.388200000000 
0.02350 21.358200000000 
0.02400 20.458600000000 
0.02450 19.558820000000 
0.02500 18.690220000000 
0.02550 17.923000000000 
0.02600 17.155800000000 
0.02650 16.417260000000 
0.02700 15.760120000000 
0.02750 15.102960000000 
0.02800 14.470360000000 
0.02850 13.905140000000 
0.02900 13.339920000000 
0.02950 12.794440000000 
0.03000 12.306440000000 
0.03050 11.818460000000 
0.03100 11.345260000000 
0.03150 10.922500000000 
0.03200 10.499720000000 
0.03250 10.086980000000 
0.03300 9.719560000000 
0.03350 9.352120000000 
0.03400 8.990320000000 
0.03450 8.670040000000 
0.03500 8.349740000000 
0.03550 8.031160000000 
0.03600 7.751220000000 
0.03650 7.471280000000 
0.03700 7.191320000000 
0.03750 6.944280000000 
0.03800 6.698980000000 
0.03850 6.453680000000 
0.03900 6.233520000000 
0.03950 6.018080000000 
0.04000 5.802640000000 
0.04050 5.605760000000 
0.04100 5.416140000000 
0.04150 5.226520000000 
0.04200 5.049920000000 
0.04250 4.882700000000 
0.04300 4.715460000000 
0.04350 4.556580000000 
0.04400 4.408840000000 
0.04450 4.261080000000 
0.04500 4.117780000000 
0.04550 3.987000000000 
0.04600 3.856220000000 
0.04650 3.726620000000 
0.04700 3.610680000000 
0.04750 3.494760000000 
0.04800 3.378820000000 
0.04850 3.274360000000 
0.04900 3.171420000000 
0.04950 3.068480000000 
0.05000 2.973220000000 
0.05050 2.881680000000 
0.05100 2.790160000000 
0.05150 2.703100000000 
0.05200 2.621620000000 
0.05250 2.540140000000 
0.05300 2.460440000000 
0.05350 2.387800000000 
0.05400 2.315160000000 
0.05450 2.242500000000 
0.05500 2.177260000000 
0.05550 2.112420000000 
0.05600 2.047580000000 
0.05650 1.987388000000 
0.05700 1.929448000000 
0.05750 1.871510000000 
0.05800 1.815936000000 
0.05850 1.764106000000 
0.05900 1.712276000000 
0.05950 1.660904000000 
0.06000 1.614490000000 
0.06050 1.568074000000 
0.06100 1.521660000000 
0.06150 1.478928000000 
0.06200 1.437318000000 
0.06250 1.395708000000 
0.06300 1.355950000000 
0.06350 1.318614000000 
0.06400 1.281280000000 
0.06450 1.244264000000 
0.06500 1.210730000000 
0.06550 1.177194000000 
0.06600 1.143660000000 
0.06650 1.112564000000 
0.06700 1.082416000000 
0.06750 1.052268000000 
0.06800 1.023146000000 
0.06850 0.996018000000 
0.06900 0.968890000000 
0.06950 0.941760000000 
0.07000 0.917178000000 
0.07050 0.892744000000 
0.07100 0.868310000000 
0.07150 0.845166000000 
0.07200 0.823142000000 
0.07250 0.801118000000 
0.07300 0.779332000000 
0.07350 0.759462000000 
0.07400 0.739590000000 
0.07450 0.719720000000 
0.07500 0.701142000000 
0.07550 0.683200000000 
0.07600 0.665258000000 
0.07650 0.647688000000 
0.07700 0.631472000000 
0.07750 0.615258000000 
0.07800 0.599044000000 
0.07850 0.583984000000 
0.07900 0.569318000000 
0.07950 0.554654000000 
0.08000 0.540354000000 
0.08050 0.527078000000 
0.08100 0.513804000000 
0.08150 0.500530000000 
0.08200 0.488208000000 
0.08250 0.476182000000 
0.08300 0.464156000000 
0.08350 0.452412000000 
0.08400 0.441510000000 
0.08450 0.430606000000 
0.08500 0.419702000000 
0.08550 0.409534000000 
0.08600 0.399640000000 
0.08650 0.389746000000 
0.08700 0.380024000000 
0.08750 0.371042000000 
0.08800 0.362060000000 
0.08850 0.353078000000 
0.08900 0.344616000000 
0.08950 0.336452000000 
0.09000 0.328288000000 
0.09050 0.320178000000 
0.09100 0.312754000000 
0.09150 0.305330000000 
0.09200 0.297904000000 
0.09250 0.290812000000 
0.09300 0.284054000000 
0.09350 0.277298000000 
0.09400 0.270540000000 
0.09450 0.264330000000 
0.09500 0.258178000000 
0.09550 0.252024000000 
0.09600 0.246038000000 
0.09650 0.240428000000 
0.09700 0.234816000000 
0.09750 0.229206000000 
0.09800 0.223942000000 
0.09850 0.218824000000 
0.09900 0.213708000000 
0.09950 0.208626000000 
0.10000 0.203956000000 
0.10050 0.199286200000 
0.10100 0.194616400000 
0.10150 0.190125400000 
0.10200 0.185860000000 
0.10250 0.181594600000 
0.10300 0.177329400000 
0.10350 0.173357000000 
0.10400 0.169458600000 
0.10450 0.165560200000 
0.10500 0.161710200000 
0.10550 0.158145000000 
0.10600 0.154579600000 
0.10650 0.151014200000 
0.10700 0.147595000000 
0.10750 0.144332200000 
0.10800 0.141069600000 
0.10850 0.137806800000 
0.10900 0.134767000000 
0.10950 0.131779400000 
0.11000 0.128792000000 
0.11050 0.125836400000 
0.11100 0.123098400000 
0.11150 0.120360200000 
0.11200 0.117622200000 
0.11250 0.114984400000 
0.11300 0.112475400000 
0.11350 0.109966200000 
0.11400 0.107457200000 
0.11450 0.105101000000 
0.11500 0.102799000000 
0.11550 0.100496800000 
0.11600 0.098200800000 
0.11650 0.096088200000 
0.11700 0.093975800000 
0.11750 0.091863400000 
0.11800 0.089805400000 
0.11850 0.087865200000 
0.11900 0.085925200000 
0.11950 0.083985000000 
0.12000 0.082139000000 
0.12050 0.080358000000 
0.12100 0.078577000000 
0.12150 0.076796000000 
0.12200 0.075138400000 
0.12250 0.073501400000 
0.12300 0.071864200000 
0.12350 0.070242600000 
0.12400 0.068737200000 
0.12450 0.067231800000 
0.12500 0.065726400000 
0.12550 0.064266000000 
0.12600 0.062881800000 
0.12650 0.061497800000 
0.12700 0.060113800000 
0.12750 0.058797800000 
0.12800 0.057525000000 
0.12850 0.056252200000 
0.12900 0.054979400000 
0.12950 0.053792600000 
0.13000 0.052621200000 
0.13050 0.051449600000 
0.13100 0.050285400000 
0.13150 0.049207600000 
0.13200 0.048129800000 
0.13250 0.047052000000 
0.13300 0.045999600000 
0.13350 0.045007200000 
0.13400 0.044014800000 
0.13450 0.043022600000 
0.13500 0.042070000000 
0.13550 0.041156200000 
0.13600 0.040242400000 
0.13650 0.039328600000 
0.13700 0.038466400000 
0.13750 0.037625600000 
0.13800 0.036784600000 
0.13850 0.035943800000 
0.13900 0.035162800000 
0.13950 0.034388400000 
0.14000 0.033614000000 
0.14050 0.032844800000 
0.14100 0.032132200000 
0.14150 0.031419600000 
0.14200 0.030707000000 
0.14250 0.030009200000 
0.14300 0.029353000000 
0.14350 0.028696800000 
0.14400 0.028040600000 
0.14450 0.027406600000 
0.14500 0.026802600000 
0.14550 0.026198400000 
0.14600 0.025594200000 
0.14650 0.025018000000 
0.14700 0.024461800000 
0.14750 0.023905800000 
0.14800 0.023349600000 
0.14850 0.022826000000 
0.14900 0.022314600000 
0.14950 0.021803400000 
0.15000 0.021292000000 
0.15050 0.020815800000 
0.15100 0.020345400000 
0.15150 0.019874920000 
0.15200 0.019404480000 
0.15250 0.018971140000 
0.15300 0.018538460000 
0.15350 0.018105800000 
0.15400 0.017676420000 
0.15450 0.017279080000 
0.15500 0.016881740000 
0.15550 0.016484400000 
0.15600 0.016093220000 
0.15650 0.015728100000 
0.15700 0.015363000000 
0.15750 0.014997880000 
0.15800 0.014640920000 
0.15850 0.014305180000 
0.15900 0.013969440000 
0.15950 0.013633720000 
0.16000 0.013307780000 
0.16050 0.012999980000 
0.16100 0.012692180000 
0.16150 0.012384380000 
0.16200 0.012087020000 
0.16250 0.011804660000 
0.16300 0.011522300000 
0.16350 0.011239920000 
0.16400 0.010968320000 
0.16450 0.010709440000 
0.16500 0.010450580000 
0.16550 0.010191720000 
0.16600 0.009943660000 
0.16650 0.009706840000 
0.16700 0.009470040000 
0.16750 0.009233220000 
0.16800 0.009006420000 
0.16850 0.008789320000 
0.16900 0.008572220000 
0.16950 0.008355120000 
0.17000 0.008147660000 
0.17050 0.007949380000 
0.17100 0.007751100000 
0.17150 0.007552840000 
0.17200 0.007362960000 
0.17250 0.007181460000 
0.17300 0.006999980000 
0.17350 0.006818500000 
0.17400 0.006644480000 
0.17450 0.006478760000 
0.17500 0.006313040000 
0.17550 0.006147340000 
0.17600 0.005988040000 
0.17650 0.005837120000 
0.17700 0.005686200000 
0.17750 0.005535300000 
0.17800 0.005389440000 
0.17850 0.005251900000 
0.17900 0.005114360000 
0.17950 0.004976820000 
0.18000 0.004843020000 
0.18050 0.004717560000 
0.18100 0.004592100000 
0.18150 0.004466660000 
0.18200 0.004343740000 
0.18250 0.004229640000 
0.18300 0.004115540000 
0.18350 0.004001440000 
0.18400 0.003888680000 
0.18450 0.003785240000 
0.18500 0.003681800000 
0.18550 0.003578360000 
0.18600 0.003475040000 
0.18650 0.003380960000 
0.18700 0.003286900000 
0.18750 0.003192820000 
0.18800 0.003098740000 
0.18850 0.003012700000 
0.18900 0.002927620000 
0.18950 0.002842520000 
0.19000 0.002757440000 
0.19050 0.002678340000 
0.19100 0.002601140000 
0.19150 0.002523920000 
0.19200 0.002446720000 
0.19250 0.002374060000 
0.19300 0.002304260000 
0.19350 0.002234460000 
0.19400 0.002164660000 
0.19450 0.002097980000 
0.19500 0.002034940000 
0.19550 0.001971918000 
0.19600 0.001908886000 
0.19650 0.001847742000 
0.19700 0.001790908000 
0.19750 0.001734072000 
0.19800 0.001677238000 
0.19850 0.001621206000 
0.19900 0.001570036000 
0.19950 0.001518864000 
0.20000 0.001467692000 
0.20050 0.001416520000 
0.20100 0.001370278000 
0.20150 0.001324148000 
0.20200 0.001278018000 
0.20250 0.001231890000 
0.20300 0.001189716000 
0.20350 0.001148444000 
0.20400 0.001107174000 
0.20450 0.001065904000 
0.20500 0.001027376000 
0.20550 0.000990298000 
0.20600 0.000953220000 
0.20650 0.000916140000 
0.20700 0.000881096000 
0.20750 0.000848064000 
0.20800 0.000815032000 
0.20850 0.000782002000 
0.20900 0.000750230000 
0.20950 0.000720678000 
0.21000 0.000691128000 
0.21050 0.000661576000 
0.21100 0.000632782000 
0.21150 0.000606418000 
0.21200 0.000580054000 
0.21250 0.000553690000 
0.21300 0.000527738000 
0.21350 0.000504464000 
0.21400 0.000481192000 
0.21450 0.000457918000 
0.21500 0.000434790000 
0.21550 0.000414174000 
0.21600 0.000393556000 
0.21650 0.000372940000 
0.21700 0.000352348000 
0.21750 0.000334316000 
0.21800 0.000316286000 
0.21850 0.000298254000 
0.21900 0.000280228000 
0.21950 0.000264432000 
0.22000 0.000248636000 
0.22050 0.000232840000 
0.22100 0.000217128000 
0.22150 0.000203410000 
0.22200 0.000189690200 
0.22250 0.000175971200 
0.22300 0.000162525200 
0.22350 0.000150851800 
0.22400 0.000139178600 
0.22450 0.000127505200 
0.22500 0.000116355200 
0.22550 0.000106498200 
0.22600 0.000096641400 
0.22650 0.000086784400 
0.22700 0.000077843200 
0.22750 0.000069767400 
0.22800 0.000061691600 
0.22850 0.000053615800 
0.22900 0.000046957000 
0.22950 0.000040605600 
0.23000 0.000034254200 
0.23050 0.000028277600 
0.23100 0.000023617400 
0.23150 0.000018957260 
0.23200 0.000014297040 
0.23250 0.000010921360 
0.23300 0.000008031240 
0.23350 0.000005141140 
