0.00000 653.252000000000 
0.00050 590.448000000000 
0.00100 527.646000000000 
0.00150 464.842000000000 
0.00200 402.038000000000 
0.00250 356.320000000000 
0.00300 315.698000000000 
0.00350 281.774000000000 
0.00400 254.044000000000 
0.00450 227.838000000000 
0.00500 208.174000000000 
0.00550 188.510000000000 
0.00600 173.011400000000 
0.00650 158.652800000000 
0.00700 145.435400000000 
0.00750 134.699200000000 
0.00800 123.963200000000 
0.00850 115.226400000000 
0.00900 107.039000000000 
0.00950 99.216800000000 
0.01000 92.867600000000 
0.01050 86.518400000000 
0.01100 80.930800000000 
0.01150 75.935200000000 
0.01200 70.939600000000 
0.01250 66.838200000000 
0.01300 62.857400000000 
0.01350 58.998600000000 
0.01400 55.791000000000 
0.01450 52.583400000000 
0.01500 49.612400000000 
0.01550 47.002000000000 
0.01600 44.391600000000 
0.01650 42.061400000000 
0.01700 39.918200000000 
0.01750 37.774800000000 
0.01800 35.916600000000 
0.01850 34.142800000000 
0.01900 32.368800000000 
0.01950 30.864800000000 
0.02000 29.386000000000 
0.02050 27.914400000000 
0.02100 26.673600000000 
0.02150 25.432800000000 
0.02200 24.215600000000 
0.02250 23.168200000000 
0.02300 22.121000000000 
0.02350 21.103600000000 
0.02400 20.215000000000 
0.02450 19.326180000000 
0.02500 18.468180000000 
0.02550 17.710320000000 
0.02600 16.952440000000 
0.02650 16.222880000000 
0.02700 15.573660000000 
0.02750 14.924460000000 
0.02800 14.299520000000 
0.02850 13.741100000000 
0.02900 13.182700000000 
0.02950 12.643800000000 
0.03000 12.161680000000 
0.03050 11.679540000000 
0.03100 11.212020000000 
0.03150 10.794320000000 
0.03200 10.376620000000 
0.03250 9.968820000000 
0.03300 9.605760000000 
0.03350 9.242700000000 
0.03400 8.885220000000 
0.03450 8.568740000000 
0.03500 8.252260000000 
0.03550 7.937480000000 
0.03600 7.660860000000 
0.03650 7.384220000000 
0.03700 7.107600000000 
0.03750 6.863480000000 
0.03800 6.621080000000 
0.03850 6.378700000000 
0.03900 6.161120000000 
0.03950 5.948220000000 
0.04000 5.735340000000 
0.04050 5.540780000000 
0.04100 5.353400000000 
0.04150 5.166000000000 
0.04200 4.991480000000 
0.04250 4.826220000000 
0.04300 4.660940000000 
0.04350 4.503940000000 
0.04400 4.357920000000 
0.04450 4.211900000000 
0.04500 4.070280000000 
0.04550 3.941020000000 
0.04600 3.811780000000 
0.04650 3.683700000000 
0.04700 3.569120000000 
0.04750 3.454540000000 
0.04800 3.339960000000 
0.04850 3.236720000000 
0.04900 3.134980000000 
0.04950 3.033240000000 
0.05000 2.939080000000 
0.05050 2.848620000000 
0.05100 2.758160000000 
0.05150 2.672120000000 
0.05200 2.591580000000 
0.05250 2.511040000000 
0.05300 2.432280000000 
0.05350 2.360480000000 
0.05400 2.288680000000 
0.05450 2.216880000000 
0.05500 2.152380000000 
0.05550 2.088280000000 
0.05600 2.024200000000 
0.05650 1.964712000000 
0.05700 1.907442000000 
0.05750 1.850174000000 
0.05800 1.795242000000 
0.05850 1.744012000000 
0.05900 1.692780000000 
0.05950 1.642002000000 
0.06000 1.596124000000 
0.06050 1.550244000000 
0.06100 1.504364000000 
0.06150 1.462126000000 
0.06200 1.420996000000 
0.06250 1.379864000000 
0.06300 1.340564000000 
0.06350 1.303658000000 
0.06400 1.266754000000 
0.06450 1.230164000000 
0.06500 1.197014000000 
0.06550 1.163864000000 
0.06600 1.130714000000 
0.06650 1.099976000000 
0.06700 1.070174000000 
0.06750 1.040372000000 
0.06800 1.011584000000 
0.06850 0.984766000000 
0.06900 0.957948000000 
0.06950 0.931130000000 
0.07000 0.906830000000 
0.07050 0.882676000000 
0.07100 0.858522000000 
0.07150 0.835642000000 
0.07200 0.813870000000 
0.07250 0.792098000000 
0.07300 0.770560000000 
0.07350 0.750916000000 
0.07400 0.731272000000 
0.07450 0.711630000000 
0.07500 0.693262000000 
0.07550 0.675524000000 
0.07600 0.657788000000 
0.07650 0.640418000000 
0.07700 0.624388000000 
0.07750 0.608358000000 
0.07800 0.592328000000 
0.07850 0.577440000000 
0.07900 0.562942000000 
0.07950 0.548442000000 
0.08000 0.534304000000 
0.08050 0.521180000000 
0.08100 0.508056000000 
0.08150 0.494934000000 
0.08200 0.482752000000 
0.08250 0.470862000000 
0.08300 0.458972000000 
0.08350 0.447362000000 
0.08400 0.436582000000 
0.08450 0.425802000000 
0.08500 0.415022000000 
0.08550 0.404968000000 
0.08600 0.395186000000 
0.08650 0.385404000000 
0.08700 0.375794000000 
0.08750 0.366912000000 
0.08800 0.358032000000 
0.08850 0.349152000000 
0.08900 0.340786000000 
0.08950 0.332714000000 
0.09000 0.324642000000 
0.09050 0.316622000000 
0.09100 0.309282000000 
0.09150 0.301942000000 
0.09200 0.294600000000 
0.09250 0.287588000000 
0.09300 0.280906000000 
0.09350 0.274224000000 
0.09400 0.267544000000 
0.09450 0.261404000000 
0.09500 0.255320000000 
0.09550 0.249236000000 
0.09600 0.243316000000 
0.09650 0.237770000000 
0.09700 0.232222000000 
0.09750 0.226674000000 
0.09800 0.221468000000 
0.09850 0.216410000000 
0.09900 0.211350000000 
0.09950 0.206324000000 
0.10000 0.201706000000 
0.10050 0.197089400000 
0.10100 0.192471800000 
0.10150 0.188031000000 
0.10200 0.183813400000 
0.10250 0.179595800000 
0.10300 0.175378200000 
0.10350 0.171450200000 
0.10400 0.167595400000 
0.10450 0.163740400000 
0.10500 0.159933400000 
0.10550 0.156408000000 
0.10600 0.152882400000 
0.10650 0.149356800000 
0.10700 0.145975600000 
0.10750 0.142749200000 
0.10800 0.139522800000 
0.10850 0.136296400000 
0.10900 0.133290400000 
0.10950 0.130336200000 
0.11000 0.127381800000 
0.11050 0.124459200000 
0.11100 0.121751600000 
0.11150 0.119043800000 
0.11200 0.116336200000 
0.11250 0.113727800000 
0.11300 0.111246400000 
0.11350 0.108765200000 
0.11400 0.106284000000 
0.11450 0.103954000000 
0.11500 0.101677400000 
0.11550 0.099400800000 
0.11600 0.097130000000 
0.11650 0.095041000000 
0.11700 0.092952000000 
0.11750 0.090862800000 
0.11800 0.088827600000 
0.11850 0.086909000000 
0.11900 0.084990200000 
0.11950 0.083071600000 
0.12000 0.081246000000 
0.12050 0.079484600000 
0.12100 0.077723200000 
0.12150 0.075961800000 
0.12200 0.074322600000 
0.12250 0.072703400000 
0.12300 0.071084400000 
0.12350 0.069480800000 
0.12400 0.067991800000 
0.12450 0.066503000000 
0.12500 0.065014200000 
0.12550 0.063569800000 
0.12600 0.062200800000 
0.12650 0.060832000000 
0.12700 0.059463200000 
0.12750 0.058161800000 
0.12800 0.056903000000 
0.12850 0.055644000000 
0.12900 0.054385200000 
0.12950 0.053211400000 
0.13000 0.052052800000 
0.13050 0.050894200000 
0.13100 0.049742600000 
0.13150 0.048676600000 
0.13200 0.047610600000 
0.13250 0.046544600000 
0.13300 0.045503600000 
0.13350 0.044522200000 
0.13400 0.043540600000 
0.13450 0.042559200000 
0.13500 0.041617000000 
0.13550 0.040713200000 
0.13600 0.039809400000 
0.13650 0.038905600000 
0.13700 0.038052800000 
0.13750 0.037221200000 
0.13800 0.036389400000 
0.13850 0.035557600000 
0.13900 0.034785200000 
0.13950 0.034019200000 
0.14000 0.033253200000 
0.14050 0.032492600000 
0.14100 0.031787600000 
0.14150 0.031082800000 
0.14200 0.030378000000 
0.14250 0.029687600000 
0.14300 0.029038600000 
0.14350 0.028389600000 
0.14400 0.027740400000 
0.14450 0.027113400000 
0.14500 0.026515800000 
0.14550 0.025918200000 
0.14600 0.025320600000 
0.14650 0.024750600000 
0.14700 0.024200400000 
0.14750 0.023650400000 
0.14800 0.023100200000 
0.14850 0.022582200000 
0.14900 0.022076400000 
0.14950 0.021570600000 
0.15000 0.021064800000 
0.15050 0.020593800000 
0.15100 0.020128400000 
0.15150 0.019663080000 
0.15200 0.019197720000 
0.15250 0.018769040000 
0.15300 0.018341040000 
0.15350 0.017913040000 
0.15400 0.017488280000 
0.15450 0.017095220000 
0.15500 0.016702160000 
0.15550 0.016309100000 
0.15600 0.015922140000 
0.15650 0.015560940000 
0.15700 0.015199760000 
0.15750 0.014838560000 
0.15800 0.014485440000 
0.15850 0.014153320000 
0.15900 0.013821180000 
0.15950 0.013489060000 
0.16000 0.013166620000 
0.16050 0.012862120000 
0.16100 0.012557620000 
0.16150 0.012253120000 
0.16200 0.011958960000 
0.16250 0.011679620000 
0.16300 0.011400280000 
0.16350 0.011120920000 
0.16400 0.010852220000 
0.16450 0.010596120000 
0.16500 0.010340040000 
0.16550 0.010083940000 
0.16600 0.009838520000 
0.16650 0.009604240000 
0.16700 0.009369960000 
0.16750 0.009135680000 
0.16800 0.008911300000 
0.16850 0.008696500000 
0.16900 0.008481720000 
0.16950 0.008266940000 
0.17000 0.008061680000 
0.17050 0.007865520000 
0.17100 0.007669360000 
0.17150 0.007473200000 
0.17200 0.007285340000 
0.17250 0.007105780000 
0.17300 0.006926240000 
0.17350 0.006746680000 
0.17400 0.006574520000 
0.17450 0.006410560000 
0.17500 0.006246600000 
0.17550 0.006082640000 
0.17600 0.005925040000 
0.17650 0.005775720000 
0.17700 0.005626420000 
0.17750 0.005477100000 
0.17800 0.005332800000 
0.17850 0.005196720000 
0.17900 0.005060640000 
0.17950 0.004924560000 
0.18000 0.004792160000 
0.18050 0.004668040000 
0.18100 0.004543920000 
0.18150 0.004419780000 
0.18200 0.004298180000 
0.18250 0.004185280000 
0.18300 0.004072380000 
0.18350 0.003959500000 
0.18400 0.003847940000 
0.18450 0.003745580000 
0.18500 0.003643220000 
0.18550 0.003540880000 
0.18600 0.003438660000 
0.18650 0.003345580000 
0.18700 0.003252500000 
0.18750 0.003159420000 
0.18800 0.003066320000 
0.18850 0.002981180000 
0.18900 0.002897000000 
0.18950 0.002812820000 
0.19000 0.002728620000 
0.19050 0.002650360000 
0.19100 0.002573960000 
0.19150 0.002497560000 
0.19200 0.002421180000 
0.19250 0.002349280000 
0.19300 0.002280200000 
0.19350 0.002211140000 
0.19400 0.002142060000 
0.19450 0.002076100000 
0.19500 0.002013720000 
0.19550 0.001951354000 
0.19600 0.001888984000 
0.19650 0.001828482000 
0.19700 0.001772244000 
0.19750 0.001716004000 
0.19800 0.001659766000 
0.19850 0.001604322000 
0.19900 0.001553686000 
0.19950 0.001503052000 
0.20000 0.001452416000 
0.20050 0.001401780000 
0.20100 0.001356022000 
0.20150 0.001310374000 
0.20200 0.001264728000 
0.20250 0.001219080000 
0.20300 0.001177346000 
0.20350 0.001136508000 
0.20400 0.001095668000 
0.20450 0.001054830000 
0.20500 0.001016704000 
0.20550 0.000980012000 
0.20600 0.000943322000 
0.20650 0.000906630000 
0.20700 0.000871950000 
0.20750 0.000839264000 
0.20800 0.000806576000 
0.20850 0.000773890000 
0.20900 0.000742448000 
0.20950 0.000713206000 
0.21000 0.000683962000 
0.21050 0.000654718000 
0.21100 0.000626224000 
0.21150 0.000600134000 
0.21200 0.000574044000 
0.21250 0.000547956000 
0.21300 0.000522274000 
0.21350 0.000499242000 
0.21400 0.000476210000 
0.21450 0.000453178000 
0.21500 0.000430292000 
0.21550 0.000409888000 
0.21600 0.000389486000 
0.21650 0.000369082000 
0.21700 0.000348704000 
0.21750 0.000330860000 
0.21800 0.000313016000 
0.21850 0.000295172000 
0.21900 0.000277334000 
0.21950 0.000261700000 
0.22000 0.000246068000 
0.22050 0.000230434000 
0.22100 0.000214886000 
0.22150 0.000201310000 
0.22200 0.000187732200 
0.22250 0.000174155200 
0.22300 0.000160848200 
0.22350 0.000149295600 
0.22400 0.000137743000 
0.22450 0.000126190400 
0.22500 0.000115155600 
0.22550 0.000105400400 
0.22600 0.000095645200 
0.22650 0.000085890000 
0.22700 0.000077041200 
0.22750 0.000069048600 
0.22800 0.000061056200 
0.22850 0.000053063800 
0.22900 0.000046473600 
0.22950 0.000040187600 
0.23000 0.000033901800 
0.23050 0.000027986800 
0.23100 0.000023374400 
0.23150 0.000018762260 
0.23200 0.000014150020 
0.23250 0.000010809060 
0.23300 0.000007948680 
0.23350 0.000005088280 
