0.00000 637.866000000000 
0.00050 576.532000000000 
0.00100 515.200000000000 
0.00150 453.866000000000 
0.00200 392.534000000000 
0.00250 347.886000000000 
0.00300 308.218000000000 
0.00350 275.090000000000 
0.00400 248.012000000000 
0.00450 222.420000000000 
0.00500 203.220000000000 
0.00550 184.018000000000 
0.00600 168.884800000000 
0.00650 154.864600000000 
0.00700 141.958800000000 
0.00750 131.476400000000 
0.00800 120.994000000000 
0.00850 112.463800000000 
0.00900 104.470400000000 
0.00950 96.833400000000 
0.01000 90.635000000000 
0.01050 84.436400000000 
0.01100 78.981600000000 
0.01150 74.104800000000 
0.01200 69.228000000000 
0.01250 65.224200000000 
0.01300 61.338400000000 
0.01350 57.571400000000 
0.01400 54.440600000000 
0.01450 51.309600000000 
0.01500 48.409600000000 
0.01550 45.861800000000 
0.01600 43.313800000000 
0.01650 41.039400000000 
0.01700 38.947600000000 
0.01750 36.855600000000 
0.01800 35.042200000000 
0.01850 33.310800000000 
0.01900 31.579600000000 
0.01950 30.111800000000 
0.02000 28.668600000000 
0.02050 27.232600000000 
0.02100 26.021800000000 
0.02150 24.811000000000 
0.02200 23.623000000000 
0.02250 22.601000000000 
0.02300 21.579000000000 
0.02350 20.586400000000 
0.02400 19.719160000000 
0.02450 18.851980000000 
0.02500 18.014780000000 
0.02550 17.275320000000 
0.02600 16.535840000000 
0.02650 15.824000000000 
0.02700 15.190600000000 
0.02750 14.557180000000 
0.02800 13.947440000000 
0.02850 13.402640000000 
0.02900 12.857840000000 
0.02950 12.332080000000 
0.03000 11.861720000000 
0.03050 11.391360000000 
0.03100 10.935260000000 
0.03150 10.527760000000 
0.03200 10.120280000000 
0.03250 9.722440000000 
0.03300 9.368280000000 
0.03350 9.014120000000 
0.03400 8.665400000000 
0.03450 8.356680000000 
0.03500 8.047960000000 
0.03550 7.740880000000 
0.03600 7.471060000000 
0.03650 7.201220000000 
0.03700 6.931400000000 
0.03750 6.693280000000 
0.03800 6.456840000000 
0.03850 6.220400000000 
0.03900 6.008200000000 
0.03950 5.800540000000 
0.04000 5.592900000000 
0.04050 5.403140000000 
0.04100 5.220360000000 
0.04150 5.037600000000 
0.04200 4.867380000000 
0.04250 4.706200000000 
0.04300 4.545020000000 
0.04350 4.391880000000 
0.04400 4.249460000000 
0.04450 4.107060000000 
0.04500 3.968920000000 
0.04550 3.842880000000 
0.04600 3.716840000000 
0.04650 3.591920000000 
0.04700 3.480180000000 
0.04750 3.368440000000 
0.04800 3.256700000000 
0.04850 3.156020000000 
0.04900 3.056800000000 
0.04950 2.957580000000 
0.05000 2.865760000000 
0.05050 2.777540000000 
0.05100 2.689340000000 
0.05150 2.605420000000 
0.05200 2.526880000000 
0.05250 2.448340000000 
0.05300 2.371540000000 
0.05350 2.301520000000 
0.05400 2.231500000000 
0.05450 2.161480000000 
0.05500 2.098600000000 
0.05550 2.036100000000 
0.05600 1.973606000000 
0.05650 1.915598000000 
0.05700 1.859754000000 
0.05750 1.803912000000 
0.05800 1.750348000000 
0.05850 1.700394000000 
0.05900 1.650440000000 
0.05950 1.600926000000 
0.06000 1.556190000000 
0.06050 1.511456000000 
0.06100 1.466720000000 
0.06150 1.425534000000 
0.06200 1.385430000000 
0.06250 1.345326000000 
0.06300 1.307006000000 
0.06350 1.271022000000 
0.06400 1.235038000000 
0.06450 1.199362000000 
0.06500 1.167040000000 
0.06550 1.134718000000 
0.06600 1.102396000000 
0.06650 1.072424000000 
0.06700 1.043368000000 
0.06750 1.014310000000 
0.06800 0.986244000000 
0.06850 0.960096000000 
0.06900 0.933948000000 
0.06950 0.907800000000 
0.07000 0.884108000000 
0.07050 0.860558000000 
0.07100 0.837008000000 
0.07150 0.814702000000 
0.07200 0.793474000000 
0.07250 0.772246000000 
0.07300 0.751246000000 
0.07350 0.732094000000 
0.07400 0.712944000000 
0.07450 0.693792000000 
0.07500 0.675884000000 
0.07550 0.658590000000 
0.07600 0.641298000000 
0.07650 0.624362000000 
0.07700 0.608734000000 
0.07750 0.593106000000 
0.07800 0.577476000000 
0.07850 0.562962000000 
0.07900 0.548828000000 
0.07950 0.534692000000 
0.08000 0.520908000000 
0.08050 0.508114000000 
0.08100 0.495318000000 
0.08150 0.482524000000 
0.08200 0.470648000000 
0.08250 0.459056000000 
0.08300 0.447464000000 
0.08350 0.436146000000 
0.08400 0.425636000000 
0.08450 0.415126000000 
0.08500 0.404616000000 
0.08550 0.394816000000 
0.08600 0.385278000000 
0.08650 0.375742000000 
0.08700 0.366372000000 
0.08750 0.357714000000 
0.08800 0.349056000000 
0.08850 0.340398000000 
0.08900 0.332242000000 
0.08950 0.324372000000 
0.09000 0.316502000000 
0.09050 0.308684000000 
0.09100 0.301528000000 
0.09150 0.294372000000 
0.09200 0.287216000000 
0.09250 0.280378000000 
0.09300 0.273864000000 
0.09350 0.267350000000 
0.09400 0.260838000000 
0.09450 0.254852000000 
0.09500 0.248920000000 
0.09550 0.242988000000 
0.09600 0.237218000000 
0.09650 0.231810000000 
0.09700 0.226402000000 
0.09750 0.220994000000 
0.09800 0.215918000000 
0.09850 0.210986000000 
0.09900 0.206054000000 
0.09950 0.201154000000 
0.10000 0.196652800000 
0.10050 0.192151200000 
0.10100 0.187649600000 
0.10150 0.183320200000 
0.10200 0.179208400000 
0.10250 0.175096600000 
0.10300 0.170984800000 
0.10350 0.167155600000 
0.10400 0.163397400000 
0.10450 0.159639200000 
0.10500 0.155927800000 
0.10550 0.152490800000 
0.10600 0.149053600000 
0.10650 0.145616600000 
0.10700 0.142320200000 
0.10750 0.139174800000 
0.10800 0.136029400000 
0.10850 0.132884000000 
0.10900 0.129953400000 
0.10950 0.127073200000 
0.11000 0.124193000000 
0.11050 0.121343800000 
0.11100 0.118704000000 
0.11150 0.116064400000 
0.11200 0.113424600000 
0.11250 0.110881600000 
0.11300 0.108462600000 
0.11350 0.106043600000 
0.11400 0.103624600000 
0.11450 0.101353000000 
0.11500 0.099133600000 
0.11550 0.096914000000 
0.11600 0.094700200000 
0.11650 0.092663600000 
0.11700 0.090627000000 
0.11750 0.088590200000 
0.11800 0.086606000000 
0.11850 0.084735400000 
0.11900 0.082865000000 
0.11950 0.080994400000 
0.12000 0.079214400000 
0.12050 0.077497200000 
0.12100 0.075780000000 
0.12150 0.074062800000 
0.12200 0.072464800000 
0.12250 0.070886200000 
0.12300 0.069307800000 
0.12350 0.067744200000 
0.12400 0.066292800000 
0.12450 0.064841200000 
0.12500 0.063389600000 
0.12550 0.061981400000 
0.12600 0.060646800000 
0.12650 0.059312400000 
0.12700 0.057977800000 
0.12750 0.056709000000 
0.12800 0.055481600000 
0.12850 0.054254400000 
0.12900 0.053027000000 
0.12950 0.051882600000 
0.13000 0.050753000000 
0.13050 0.049623400000 
0.13100 0.048500800000 
0.13150 0.047461400000 
0.13200 0.046422200000 
0.13250 0.045382800000 
0.13300 0.044368000000 
0.13350 0.043411000000 
0.13400 0.042454200000 
0.13450 0.041497200000 
0.13500 0.040578600000 
0.13550 0.039697400000 
0.13600 0.038816200000 
0.13650 0.037935000000 
0.13700 0.037103600000 
0.13750 0.036292800000 
0.13800 0.035481800000 
0.13850 0.034670800000 
0.13900 0.033917800000 
0.13950 0.033171000000 
0.14000 0.032424200000 
0.14050 0.031682400000 
0.14100 0.030995200000 
0.14150 0.030308000000 
0.14200 0.029620800000 
0.14250 0.028947800000 
0.14300 0.028314800000 
0.14350 0.027682000000 
0.14400 0.027049200000 
0.14450 0.026437800000 
0.14500 0.025855200000 
0.14550 0.025272400000 
0.14600 0.024689800000 
0.14650 0.024134000000 
0.14700 0.023597600000 
0.14750 0.023061400000 
0.14800 0.022525000000 
0.14850 0.022020000000 
0.14900 0.021526800000 
0.14950 0.021033600000 
0.15000 0.020540400000 
0.15050 0.020081200000 
0.15100 0.019627420000 
0.15150 0.019173700000 
0.15200 0.018719960000 
0.15250 0.018301980000 
0.15300 0.017884660000 
0.15350 0.017467340000 
0.15400 0.017053180000 
0.15450 0.016669940000 
0.15500 0.016286680000 
0.15550 0.015903440000 
0.15600 0.015526120000 
0.15650 0.015173940000 
0.15700 0.014821760000 
0.15750 0.014469580000 
0.15800 0.014125280000 
0.15850 0.013801440000 
0.15900 0.013477580000 
0.15950 0.013153740000 
0.16000 0.012839340000 
0.16050 0.012542440000 
0.16100 0.012245520000 
0.16150 0.011948620000 
0.16200 0.011661780000 
0.16250 0.011389400000 
0.16300 0.011117020000 
0.16350 0.010844640000 
0.16400 0.010582640000 
0.16450 0.010332920000 
0.16500 0.010083200000 
0.16550 0.009833500000 
0.16600 0.009594200000 
0.16650 0.009365740000 
0.16700 0.009137300000 
0.16750 0.008908840000 
0.16800 0.008690060000 
0.16850 0.008480620000 
0.16900 0.008271180000 
0.16950 0.008061760000 
0.17000 0.007861600000 
0.17050 0.007670320000 
0.17100 0.007479040000 
0.17150 0.007287760000 
0.17200 0.007104580000 
0.17250 0.006929500000 
0.17300 0.006754400000 
0.17350 0.006579320000 
0.17400 0.006411440000 
0.17450 0.006251560000 
0.17500 0.006091680000 
0.17550 0.005931800000 
0.17600 0.005778120000 
0.17650 0.005632520000 
0.17700 0.005486920000 
0.17750 0.005341320000 
0.17800 0.005200600000 
0.17850 0.005067900000 
0.17900 0.004935200000 
0.17950 0.004802500000 
0.18000 0.004673400000 
0.18050 0.004552360000 
0.18100 0.004431320000 
0.18150 0.004310280000 
0.18200 0.004191680000 
0.18250 0.004081600000 
0.18300 0.003971500000 
0.18350 0.003861420000 
0.18400 0.003752620000 
0.18450 0.003652820000 
0.18500 0.003553000000 
0.18550 0.003453180000 
0.18600 0.003353520000 
0.18650 0.003262740000 
0.18700 0.003171960000 
0.18750 0.003081200000 
0.18800 0.002990420000 
0.18850 0.002907380000 
0.18900 0.002825300000 
0.18950 0.002743200000 
0.19000 0.002661100000 
0.19050 0.002584760000 
0.19100 0.002510260000 
0.19150 0.002435760000 
0.19200 0.002361260000 
0.19250 0.002291160000 
0.19300 0.002223800000 
0.19350 0.002156440000 
0.19400 0.002089080000 
0.19450 0.002024740000 
0.19500 0.001963920000 
0.19550 0.001903096000 
0.19600 0.001842272000 
0.19650 0.001783270000 
0.19700 0.001728424000 
0.19750 0.001673578000 
0.19800 0.001618732000 
0.19850 0.001564664000 
0.19900 0.001515282000 
0.19950 0.001465900000 
0.20000 0.001416518000 
0.20050 0.001367138000 
0.20100 0.001322512000 
0.20150 0.001277994000 
0.20200 0.001233478000 
0.20250 0.001188960000 
0.20300 0.001148260000 
0.20350 0.001108432000 
0.20400 0.001068602000 
0.20450 0.001028774000 
0.20500 0.000991592000 
0.20550 0.000955808000 
0.20600 0.000920024000 
0.20650 0.000884240000 
0.20700 0.000850418000 
0.20750 0.000818540000 
0.20800 0.000786662000 
0.20850 0.000754784000 
0.20900 0.000724120000 
0.20950 0.000695600000 
0.21000 0.000667080000 
0.21050 0.000638560000 
0.21100 0.000610768000 
0.21150 0.000585324000 
0.21200 0.000559878000 
0.21250 0.000534434000 
0.21300 0.000509386000 
0.21350 0.000486924000 
0.21400 0.000464460000 
0.21450 0.000441998000 
0.21500 0.000419678000 
0.21550 0.000399778000 
0.21600 0.000379878000 
0.21650 0.000359980000 
0.21700 0.000340104000 
0.21750 0.000322700000 
0.21800 0.000305298000 
0.21850 0.000287894000 
0.21900 0.000270496000 
0.21950 0.000255248000 
0.22000 0.000240002000 
0.22050 0.000224754000 
0.22100 0.000209590000 
0.22150 0.000196347400 
0.22200 0.000183105200 
0.22250 0.000169863000 
0.22300 0.000156884400 
0.22350 0.000145616600 
0.22400 0.000134348800 
0.22450 0.000123081200 
0.22500 0.000112318400 
0.22550 0.000102803800 
0.22600 0.000093289000 
0.22650 0.000083774400 
0.22700 0.000075143400 
0.22750 0.000067348000 
0.22800 0.000059552400 
0.22850 0.000051757000 
0.22900 0.000045329000 
0.22950 0.000039198000 
0.23000 0.000033067000 
0.23050 0.000027297600 
0.23100 0.000022799000 
0.23150 0.000018300360 
0.23200 0.000013801700 
0.23250 0.000010543000 
0.23300 0.000007753020 
0.23350 0.000004963040 
