0.00000 621.904000000000 
0.00050 562.094000000000 
0.00100 502.284000000000 
0.00150 442.474000000000 
0.00200 382.664000000000 
0.00250 339.130000000000 
0.00300 300.456000000000 
0.00350 268.158000000000 
0.00400 241.760000000000 
0.00450 216.812000000000 
0.00500 198.095200000000 
0.00550 179.377800000000 
0.00600 164.626200000000 
0.00650 150.959600000000 
0.00700 138.379600000000 
0.00750 128.161800000000 
0.00800 117.944000000000 
0.00850 109.629200000000 
0.00900 101.837600000000 
0.00950 94.393400000000 
0.01000 88.351400000000 
0.01050 82.309400000000 
0.01100 76.992200000000 
0.01150 72.238600000000 
0.01200 67.485000000000 
0.01250 63.582200000000 
0.01300 59.794600000000 
0.01350 56.122800000000 
0.01400 53.070800000000 
0.01450 50.018800000000 
0.01500 47.192000000000 
0.01550 44.708400000000 
0.01600 42.224800000000 
0.01650 40.007800000000 
0.01700 37.968600000000 
0.01750 35.929600000000 
0.01800 34.161600000000 
0.01850 32.474000000000 
0.01900 30.786400000000 
0.01950 29.355600000000 
0.02000 27.948800000000 
0.02050 26.549000000000 
0.02100 25.368600000000 
0.02150 24.188200000000 
0.02200 23.030200000000 
0.02250 22.034000000000 
0.02300 21.037800000000 
0.02350 20.070000000000 
0.02400 19.224660000000 
0.02450 18.379320000000 
0.02500 17.563180000000 
0.02550 16.842300000000 
0.02600 16.121440000000 
0.02650 15.427500000000 
0.02700 14.810000000000 
0.02750 14.192520000000 
0.02800 13.598100000000 
0.02850 13.067000000000 
0.02900 12.535900000000 
0.02950 12.023340000000 
0.03000 11.564780000000 
0.03050 11.106240000000 
0.03100 10.661600000000 
0.03150 10.264340000000 
0.03200 9.867080000000 
0.03250 9.479240000000 
0.03300 9.133960000000 
0.03350 8.788680000000 
0.03400 8.448720000000 
0.03450 8.147740000000 
0.03500 7.846780000000 
0.03550 7.547400000000 
0.03600 7.284340000000 
0.03650 7.021280000000 
0.03700 6.758220000000 
0.03750 6.526060000000 
0.03800 6.295560000000 
0.03850 6.065040000000 
0.03900 5.858160000000 
0.03950 5.655700000000 
0.04000 5.453260000000 
0.04050 5.268260000000 
0.04100 5.090060000000 
0.04150 4.911880000000 
0.04200 4.745920000000 
0.04250 4.588780000000 
0.04300 4.431620000000 
0.04350 4.282320000000 
0.04400 4.143480000000 
0.04450 4.004640000000 
0.04500 3.869960000000 
0.04550 3.747060000000 
0.04600 3.624180000000 
0.04650 3.502400000000 
0.04700 3.393440000000 
0.04750 3.284500000000 
0.04800 3.175560000000 
0.04850 3.077400000000 
0.04900 2.980660000000 
0.04950 2.883920000000 
0.05000 2.794400000000 
0.05050 2.708380000000 
0.05100 2.622380000000 
0.05150 2.540560000000 
0.05200 2.463980000000 
0.05250 2.387420000000 
0.05300 2.312520000000 
0.05350 2.244260000000 
0.05400 2.175980000000 
0.05450 2.107720000000 
0.05500 2.046400000000 
0.05550 1.985464000000 
0.05600 1.924532000000 
0.05650 1.867972000000 
0.05700 1.813524000000 
0.05750 1.759074000000 
0.05800 1.706848000000 
0.05850 1.658140000000 
0.05900 1.609434000000 
0.05950 1.561156000000 
0.06000 1.517536000000 
0.06050 1.473918000000 
0.06100 1.430298000000 
0.06150 1.390140000000 
0.06200 1.351036000000 
0.06250 1.311932000000 
0.06300 1.274568000000 
0.06350 1.239480000000 
0.06400 1.204394000000 
0.06450 1.169606000000 
0.06500 1.138090000000 
0.06550 1.106574000000 
0.06600 1.075058000000 
0.06650 1.045834000000 
0.06700 1.017500000000 
0.06750 0.989168000000 
0.06800 0.961800000000 
0.06850 0.936302000000 
0.06900 0.910806000000 
0.06950 0.885310000000 
0.07000 0.862208000000 
0.07050 0.839244000000 
0.07100 0.816280000000 
0.07150 0.794528000000 
0.07200 0.773830000000 
0.07250 0.753130000000 
0.07300 0.732654000000 
0.07350 0.713978000000 
0.07400 0.695302000000 
0.07450 0.676626000000 
0.07500 0.659166000000 
0.07550 0.642302000000 
0.07600 0.625438000000 
0.07650 0.608924000000 
0.07700 0.593684000000 
0.07750 0.578444000000 
0.07800 0.563204000000 
0.07850 0.549050000000 
0.07900 0.535266000000 
0.07950 0.521482000000 
0.08000 0.508042000000 
0.08050 0.495564000000 
0.08100 0.483088000000 
0.08150 0.470610000000 
0.08200 0.459030000000 
0.08250 0.447726000000 
0.08300 0.436422000000 
0.08350 0.425384000000 
0.08400 0.415134000000 
0.08450 0.404886000000 
0.08500 0.394638000000 
0.08550 0.385078000000 
0.08600 0.375778000000 
0.08650 0.366478000000 
0.08700 0.357340000000 
0.08750 0.348898000000 
0.08800 0.340454000000 
0.08850 0.332010000000 
0.08900 0.324058000000 
0.08950 0.316382000000 
0.09000 0.308708000000 
0.09050 0.301084000000 
0.09100 0.294104000000 
0.09150 0.287126000000 
0.09200 0.280146000000 
0.09250 0.273478000000 
0.09300 0.267126000000 
0.09350 0.260774000000 
0.09400 0.254422000000 
0.09450 0.248584000000 
0.09500 0.242800000000 
0.09550 0.237014000000 
0.09600 0.231386000000 
0.09650 0.226112000000 
0.09700 0.220838000000 
0.09750 0.215564000000 
0.09800 0.210614000000 
0.09850 0.205804000000 
0.09900 0.200994000000 
0.09950 0.196215400000 
0.10000 0.191825000000 
0.10050 0.187434600000 
0.10100 0.183044200000 
0.10150 0.178821800000 
0.10200 0.174811600000 
0.10250 0.170801400000 
0.10300 0.166791000000 
0.10350 0.163056400000 
0.10400 0.159391000000 
0.10450 0.155725600000 
0.10500 0.152105800000 
0.10550 0.148753600000 
0.10600 0.145401200000 
0.10650 0.142049000000 
0.10700 0.138834000000 
0.10750 0.135766000000 
0.10800 0.132698200000 
0.10850 0.129630400000 
0.10900 0.126772000000 
0.10950 0.123962800000 
0.11000 0.121153800000 
0.11050 0.118374600000 
0.11100 0.115800000000 
0.11150 0.113225200000 
0.11200 0.110650600000 
0.11250 0.108170200000 
0.11300 0.105810800000 
0.11350 0.103451200000 
0.11400 0.101091800000 
0.11450 0.098876200000 
0.11500 0.096711400000 
0.11550 0.094546400000 
0.11600 0.092387200000 
0.11650 0.090400600000 
0.11700 0.088414000000 
0.11750 0.086427400000 
0.11800 0.084492000000 
0.11850 0.082667400000 
0.11900 0.080842800000 
0.11950 0.079018200000 
0.12000 0.077282000000 
0.12050 0.075607000000 
0.12100 0.073932000000 
0.12150 0.072257000000 
0.12200 0.070698200000 
0.12250 0.069158400000 
0.12300 0.067618600000 
0.12350 0.066093600000 
0.12400 0.064677600000 
0.12450 0.063261800000 
0.12500 0.061845800000 
0.12550 0.060472000000 
0.12600 0.059170200000 
0.12650 0.057868400000 
0.12700 0.056566600000 
0.12750 0.055329000000 
0.12800 0.054131600000 
0.12850 0.052934400000 
0.12900 0.051737200000 
0.12950 0.050620800000 
0.13000 0.049518800000 
0.13050 0.048417000000 
0.13100 0.047321800000 
0.13150 0.046307800000 
0.13200 0.045294000000 
0.13250 0.044280200000 
0.13300 0.043290000000 
0.13350 0.042356600000 
0.13400 0.041423000000 
0.13450 0.040489600000 
0.13500 0.039593400000 
0.13550 0.038733800000 
0.13600 0.037874200000 
0.13650 0.037014600000 
0.13700 0.036203400000 
0.13750 0.035412400000 
0.13800 0.034621200000 
0.13850 0.033830000000 
0.13900 0.033095400000 
0.13950 0.032366800000 
0.14000 0.031638200000 
0.14050 0.030914600000 
0.14100 0.030244200000 
0.14150 0.029573600000 
0.14200 0.028903200000 
0.14250 0.028246600000 
0.14300 0.027629200000 
0.14350 0.027011800000 
0.14400 0.026394400000 
0.14450 0.025797800000 
0.14500 0.025229400000 
0.14550 0.024660800000 
0.14600 0.024092400000 
0.14650 0.023550200000 
0.14700 0.023027000000 
0.14750 0.022503600000 
0.14800 0.021980200000 
0.14850 0.021487600000 
0.14900 0.021006400000 
0.14950 0.020525200000 
0.15000 0.020044000000 
0.15050 0.019595940000 
0.15100 0.019153240000 
0.15150 0.018710540000 
0.15200 0.018267840000 
0.15250 0.017860000000 
0.15300 0.017452840000 
0.15350 0.017045660000 
0.15400 0.016641560000 
0.15450 0.016267620000 
0.15500 0.015893680000 
0.15550 0.015519740000 
0.15600 0.015151580000 
0.15650 0.014807960000 
0.15700 0.014464320000 
0.15750 0.014120680000 
0.15800 0.013784720000 
0.15850 0.013468740000 
0.15900 0.013152740000 
0.15950 0.012836740000 
0.16000 0.012529980000 
0.16050 0.012240260000 
0.16100 0.011950560000 
0.16150 0.011660840000 
0.16200 0.011380960000 
0.16250 0.011115180000 
0.16300 0.010849380000 
0.16350 0.010583600000 
0.16400 0.010327940000 
0.16450 0.010084260000 
0.16500 0.009840600000 
0.16550 0.009596920000 
0.16600 0.009363420000 
0.16650 0.009140480000 
0.16700 0.008917560000 
0.16750 0.008694640000 
0.16800 0.008481140000 
0.16850 0.008276760000 
0.16900 0.008072400000 
0.16950 0.007868020000 
0.17000 0.007672700000 
0.17050 0.007486040000 
0.17100 0.007299380000 
0.17150 0.007112720000 
0.17200 0.006933960000 
0.17250 0.006763100000 
0.17300 0.006592240000 
0.17350 0.006421380000 
0.17400 0.006257540000 
0.17450 0.006101520000 
0.17500 0.005945500000 
0.17550 0.005789480000 
0.17600 0.005639500000 
0.17650 0.005497420000 
0.17700 0.005355320000 
0.17750 0.005213240000 
0.17800 0.005075900000 
0.17850 0.004946400000 
0.17900 0.004816900000 
0.17950 0.004687400000 
0.18000 0.004561400000 
0.18050 0.004443280000 
0.18100 0.004325140000 
0.18150 0.004207020000 
0.18200 0.004091280000 
0.18250 0.003983840000 
0.18300 0.003876400000 
0.18350 0.003768960000 
0.18400 0.003662780000 
0.18450 0.003565380000 
0.18500 0.003467960000 
0.18550 0.003370540000 
0.18600 0.003273260000 
0.18650 0.003184680000 
0.18700 0.003096080000 
0.18750 0.003007500000 
0.18800 0.002918900000 
0.18850 0.002837860000 
0.18900 0.002757740000 
0.18950 0.002677620000 
0.19000 0.002597480000 
0.19050 0.002522980000 
0.19100 0.002450280000 
0.19150 0.002377560000 
0.19200 0.002304860000 
0.19250 0.002236420000 
0.19300 0.002170680000 
0.19350 0.002104940000 
0.19400 0.002039180000 
0.19450 0.001976396000 
0.19500 0.001917030000 
0.19550 0.001857664000 
0.19600 0.001798296000 
0.19650 0.001740708000 
0.19700 0.001687176000 
0.19750 0.001633642000 
0.19800 0.001580110000 
0.19850 0.001527336000 
0.19900 0.001479136000 
0.19950 0.001430936000 
0.20000 0.001382736000 
0.20050 0.001334536000 
0.20100 0.001290978000 
0.20150 0.001247526000 
0.20200 0.001204074000 
0.20250 0.001160620000 
0.20300 0.001120894000 
0.20350 0.001082018000 
0.20400 0.001043140000 
0.20450 0.001004264000 
0.20500 0.000967972000 
0.20550 0.000933042000 
0.20600 0.000898112000 
0.20650 0.000863184000 
0.20700 0.000830170000 
0.20750 0.000799052000 
0.20800 0.000767934000 
0.20850 0.000736816000 
0.20900 0.000706886000 
0.20950 0.000679046000 
0.21000 0.000651206000 
0.21050 0.000623366000 
0.21100 0.000596238000 
0.21150 0.000571400000 
0.21200 0.000546562000 
0.21250 0.000521724000 
0.21300 0.000497274000 
0.21350 0.000475346000 
0.21400 0.000453418000 
0.21450 0.000431490000 
0.21500 0.000409702000 
0.21550 0.000390276000 
0.21600 0.000370850000 
0.21650 0.000351426000 
0.21700 0.000332024000 
0.21750 0.000315034000 
0.21800 0.000298044000 
0.21850 0.000281056000 
0.21900 0.000264072000 
0.21950 0.000249186000 
0.22000 0.000234302000 
0.22050 0.000219418000 
0.22100 0.000204614000 
0.22150 0.000191686600 
0.22200 0.000178759200 
0.22250 0.000165831600 
0.22300 0.000153161600 
0.22350 0.000142161400 
0.22400 0.000131161400 
0.22450 0.000120161400 
0.22500 0.000109654200 
0.22550 0.000100365400 
0.22600 0.000091076600 
0.22650 0.000081787800 
0.22700 0.000073361800 
0.22750 0.000065751400 
0.22800 0.000058140800 
0.22850 0.000050530200 
0.22900 0.000044254800 
0.22950 0.000038269200 
0.23000 0.000032283400 
0.23050 0.000026651000 
0.23100 0.000022259000 
0.23150 0.000017866860 
0.23200 0.000013474820 
0.23250 0.000010293320 
0.23300 0.000007569420 
0.23350 0.000004845540 
