0.00000 607.168000000000 
0.00050 548.790000000000 
0.00100 490.412000000000 
0.00150 432.034000000000 
0.00200 373.656000000000 
0.00250 331.168000000000 
0.00300 293.422000000000 
0.00350 261.900000000000 
0.00400 236.134000000000 
0.00450 211.784000000000 
0.00500 193.512200000000 
0.00550 175.240600000000 
0.00600 160.838600000000 
0.00650 147.495600000000 
0.00700 135.212800000000 
0.00750 125.235200000000 
0.00800 115.257800000000 
0.00850 107.137600000000 
0.00900 99.528000000000 
0.00950 92.257600000000 
0.01000 86.356000000000 
0.01050 80.454400000000 
0.01100 75.260400000000 
0.01150 70.616400000000 
0.01200 65.972600000000 
0.01250 62.159400000000 
0.01300 58.458800000000 
0.01350 54.871200000000 
0.01400 51.889000000000 
0.01450 48.906800000000 
0.01500 46.144400000000 
0.01550 43.717400000000 
0.01600 41.290200000000 
0.01650 39.123400000000 
0.01700 37.130400000000 
0.01750 35.137400000000 
0.01800 33.409600000000 
0.01850 31.760000000000 
0.01900 30.110400000000 
0.01950 28.711600000000 
0.02000 27.336400000000 
0.02050 25.967800000000 
0.02100 24.814000000000 
0.02150 23.660000000000 
0.02200 22.527800000000 
0.02250 21.553800000000 
0.02300 20.579800000000 
0.02350 19.633540000000 
0.02400 18.806940000000 
0.02450 17.980360000000 
0.02500 17.182320000000 
0.02550 16.477400000000 
0.02600 15.772460000000 
0.02650 15.093860000000 
0.02700 14.489980000000 
0.02750 13.886120000000 
0.02800 13.304800000000 
0.02850 12.785360000000 
0.02900 12.265940000000 
0.02950 11.764640000000 
0.03000 11.316140000000 
0.03050 10.867660000000 
0.03100 10.432740000000 
0.03150 10.044160000000 
0.03200 9.655580000000 
0.03250 9.276220000000 
0.03300 8.938480000000 
0.03350 8.600740000000 
0.03400 8.268180000000 
0.03450 7.973740000000 
0.03500 7.679320000000 
0.03550 7.386460000000 
0.03600 7.129100000000 
0.03650 6.871740000000 
0.03700 6.614400000000 
0.03750 6.387280000000 
0.03800 6.161760000000 
0.03850 5.936240000000 
0.03900 5.733820000000 
0.03950 5.535740000000 
0.04000 5.337660000000 
0.04050 5.156640000000 
0.04100 4.982300000000 
0.04150 4.807940000000 
0.04200 4.645560000000 
0.04250 4.491800000000 
0.04300 4.338020000000 
0.04350 4.191940000000 
0.04400 4.056060000000 
0.04450 3.920200000000 
0.04500 3.788420000000 
0.04550 3.668160000000 
0.04600 3.547900000000 
0.04650 3.428720000000 
0.04700 3.322100000000 
0.04750 3.215480000000 
0.04800 3.108860000000 
0.04850 3.012800000000 
0.04900 2.918140000000 
0.04950 2.823460000000 
0.05000 2.735840000000 
0.05050 2.651660000000 
0.05100 2.567480000000 
0.05150 2.487400000000 
0.05200 2.412460000000 
0.05250 2.337520000000 
0.05300 2.264220000000 
0.05350 2.197400000000 
0.05400 2.130580000000 
0.05450 2.063760000000 
0.05500 2.003740000000 
0.05550 1.944096000000 
0.05600 1.884454000000 
0.05650 1.829092000000 
0.05700 1.775794000000 
0.05750 1.722498000000 
0.05800 1.671374000000 
0.05850 1.623696000000 
0.05900 1.576016000000 
0.05950 1.528758000000 
0.06000 1.486058000000 
0.06050 1.443358000000 
0.06100 1.400660000000 
0.06150 1.361346000000 
0.06200 1.323066000000 
0.06250 1.284784000000 
0.06300 1.248206000000 
0.06350 1.213856000000 
0.06400 1.179506000000 
0.06450 1.145450000000 
0.06500 1.114596000000 
0.06550 1.083740000000 
0.06600 1.052886000000 
0.06650 1.024274000000 
0.06700 0.996534000000 
0.06750 0.968794000000 
0.06800 0.941998000000 
0.06850 0.917036000000 
0.06900 0.892072000000 
0.06950 0.867110000000 
0.07000 0.844490000000 
0.07050 0.822006000000 
0.07100 0.799520000000 
0.07150 0.778224000000 
0.07200 0.757956000000 
0.07250 0.737688000000 
0.07300 0.717638000000 
0.07350 0.699352000000 
0.07400 0.681064000000 
0.07450 0.662778000000 
0.07500 0.645680000000 
0.07550 0.629168000000 
0.07600 0.612654000000 
0.07650 0.596484000000 
0.07700 0.581560000000 
0.07750 0.566636000000 
0.07800 0.551712000000 
0.07850 0.537852000000 
0.07900 0.524354000000 
0.07950 0.510856000000 
0.08000 0.497694000000 
0.08050 0.485474000000 
0.08100 0.473256000000 
0.08150 0.461036000000 
0.08200 0.449696000000 
0.08250 0.438624000000 
0.08300 0.427554000000 
0.08350 0.416744000000 
0.08400 0.406708000000 
0.08450 0.396670000000 
0.08500 0.386632000000 
0.08550 0.377272000000 
0.08600 0.368162000000 
0.08650 0.359054000000 
0.08700 0.350104000000 
0.08750 0.341836000000 
0.08800 0.333566000000 
0.08850 0.325296000000 
0.08900 0.317506000000 
0.08950 0.309990000000 
0.09000 0.302472000000 
0.09050 0.295004000000 
0.09100 0.288168000000 
0.09150 0.281332000000 
0.09200 0.274496000000 
0.09250 0.267966000000 
0.09300 0.261744000000 
0.09350 0.255522000000 
0.09400 0.249300000000 
0.09450 0.243582000000 
0.09500 0.237914000000 
0.09550 0.232248000000 
0.09600 0.226736000000 
0.09650 0.221570000000 
0.09700 0.216402000000 
0.09750 0.211236000000 
0.09800 0.206386000000 
0.09850 0.201676000000 
0.09900 0.196963400000 
0.09950 0.192282200000 
0.10000 0.187981400000 
0.10050 0.183680400000 
0.10100 0.179379400000 
0.10150 0.175243000000 
0.10200 0.171314200000 
0.10250 0.167385600000 
0.10300 0.163457000000 
0.10350 0.159798000000 
0.10400 0.156207200000 
0.10450 0.152616200000 
0.10500 0.149070000000 
0.10550 0.145785600000 
0.10600 0.142501400000 
0.10650 0.139217200000 
0.10700 0.136067200000 
0.10750 0.133061600000 
0.10800 0.130055800000 
0.10850 0.127050200000 
0.10900 0.124249600000 
0.10950 0.121497200000 
0.11000 0.118744800000 
0.11050 0.116022000000 
0.11100 0.113499400000 
0.11150 0.110976600000 
0.11200 0.108454000000 
0.11250 0.106023600000 
0.11300 0.103711800000 
0.11350 0.101399800000 
0.11400 0.099088000000 
0.11450 0.096917000000 
0.11500 0.094795600000 
0.11550 0.092674400000 
0.11600 0.090558600000 
0.11650 0.088612000000 
0.11700 0.086665400000 
0.11750 0.084718600000 
0.11800 0.082822000000 
0.11850 0.081034200000 
0.11900 0.079246200000 
0.11950 0.077458400000 
0.12000 0.075757000000 
0.12050 0.074115600000 
0.12100 0.072474000000 
0.12150 0.070832600000 
0.12200 0.069305000000 
0.12250 0.067796000000 
0.12300 0.066287200000 
0.12350 0.064792600000 
0.12400 0.063405000000 
0.12450 0.062017400000 
0.12500 0.060629600000 
0.12550 0.059283400000 
0.12600 0.058007600000 
0.12650 0.056731800000 
0.12700 0.055455800000 
0.12750 0.054243000000 
0.12800 0.053069600000 
0.12850 0.051896200000 
0.12900 0.050722800000 
0.12950 0.049628600000 
0.13000 0.048548600000 
0.13050 0.047468600000 
0.13100 0.046395200000 
0.13150 0.045401400000 
0.13200 0.044407800000 
0.13250 0.043414000000 
0.13300 0.042443600000 
0.13350 0.041528600000 
0.13400 0.040613600000 
0.13450 0.039698600000 
0.13500 0.038820400000 
0.13550 0.037977800000 
0.13600 0.037135200000 
0.13650 0.036292600000 
0.13700 0.035497400000 
0.13750 0.034722000000 
0.13800 0.033946600000 
0.13850 0.033171000000 
0.13900 0.032450800000 
0.13950 0.031736600000 
0.14000 0.031022400000 
0.14050 0.030313200000 
0.14100 0.029656000000 
0.14150 0.028998600000 
0.14200 0.028341400000 
0.14250 0.027697800000 
0.14300 0.027092600000 
0.14350 0.026487400000 
0.14400 0.025882000000 
0.14450 0.025297200000 
0.14500 0.024740000000 
0.14550 0.024182800000 
0.14600 0.023625400000 
0.14650 0.023093800000 
0.14700 0.022580800000 
0.14750 0.022067800000 
0.14800 0.021554800000 
0.14850 0.021071800000 
0.14900 0.020600000000 
0.14950 0.020128200000 
0.15000 0.019656520000 
0.15050 0.019217180000 
0.15100 0.018783140000 
0.15150 0.018349100000 
0.15200 0.017915080000 
0.15250 0.017515220000 
0.15300 0.017116020000 
0.15350 0.016716800000 
0.15400 0.016320600000 
0.15450 0.015953960000 
0.15500 0.015587320000 
0.15550 0.015220680000 
0.15600 0.014859720000 
0.15650 0.014522780000 
0.15700 0.014185860000 
0.15750 0.013848920000 
0.15800 0.013519500000 
0.15850 0.013209660000 
0.15900 0.012899820000 
0.15950 0.012589980000 
0.16000 0.012289180000 
0.16050 0.012005100000 
0.16100 0.011721020000 
0.16150 0.011436940000 
0.16200 0.011162500000 
0.16250 0.010901880000 
0.16300 0.010641260000 
0.16350 0.010380620000 
0.16400 0.010129920000 
0.16450 0.009890980000 
0.16500 0.009652020000 
0.16550 0.009413080000 
0.16600 0.009184100000 
0.16650 0.008965480000 
0.16700 0.008746880000 
0.16750 0.008528280000 
0.16800 0.008318900000 
0.16850 0.008118480000 
0.16900 0.007918060000 
0.16950 0.007717640000 
0.17000 0.007526100000 
0.17050 0.007343040000 
0.17100 0.007159980000 
0.17150 0.006976920000 
0.17200 0.006801620000 
0.17250 0.006634040000 
0.17300 0.006466480000 
0.17350 0.006298900000 
0.17400 0.006138240000 
0.17450 0.005985220000 
0.17500 0.005832200000 
0.17550 0.005679180000 
0.17600 0.005532080000 
0.17650 0.005392720000 
0.17700 0.005253380000 
0.17750 0.005114020000 
0.17800 0.004979320000 
0.17850 0.004852300000 
0.17900 0.004725300000 
0.17950 0.004598280000 
0.18000 0.004474700000 
0.18050 0.004358840000 
0.18100 0.004242980000 
0.18150 0.004127120000 
0.18200 0.004013600000 
0.18250 0.003908220000 
0.18300 0.003802840000 
0.18350 0.003697460000 
0.18400 0.003593300000 
0.18450 0.003497760000 
0.18500 0.003402200000 
0.18550 0.003306660000 
0.18600 0.003211240000 
0.18650 0.003124340000 
0.18700 0.003037440000 
0.18750 0.002950540000 
0.18800 0.002863640000 
0.18850 0.002784140000 
0.18900 0.002705540000 
0.18950 0.002626960000 
0.19000 0.002548360000 
0.19050 0.002475280000 
0.19100 0.002403940000 
0.19150 0.002332620000 
0.19200 0.002261300000 
0.19250 0.002194180000 
0.19300 0.002129680000 
0.19350 0.002065180000 
0.19400 0.002000680000 
0.19450 0.001939092000 
0.19500 0.001880854000 
0.19550 0.001822614000 
0.19600 0.001764376000 
0.19650 0.001707882000 
0.19700 0.001655366000 
0.19750 0.001602848000 
0.19800 0.001550332000 
0.19850 0.001498560000 
0.19900 0.001451274000 
0.19950 0.001403988000 
0.20000 0.001356702000 
0.20050 0.001309416000 
0.20100 0.001266682000 
0.20150 0.001224052000 
0.20200 0.001181422000 
0.20250 0.001138792000 
0.20300 0.001099816000 
0.20350 0.001061674000 
0.20400 0.001023534000 
0.20450 0.000985392000 
0.20500 0.000949784000 
0.20550 0.000915516000 
0.20600 0.000881246000 
0.20650 0.000846976000 
0.20700 0.000814586000 
0.20750 0.000784054000 
0.20800 0.000753524000 
0.20850 0.000722994000 
0.20900 0.000693626000 
0.20950 0.000666312000 
0.21000 0.000638996000 
0.21050 0.000611680000 
0.21100 0.000585064000 
0.21150 0.000560694000 
0.21200 0.000536322000 
0.21250 0.000511952000 
0.21300 0.000487962000 
0.21350 0.000466446000 
0.21400 0.000444932000 
0.21450 0.000423416000 
0.21500 0.000402036000 
0.21550 0.000382976000 
0.21600 0.000363914000 
0.21650 0.000344854000 
0.21700 0.000325816000 
0.21750 0.000309146000 
0.21800 0.000292474000 
0.21850 0.000275804000 
0.21900 0.000259138000 
0.21950 0.000244532000 
0.22000 0.000229928000 
0.22050 0.000215322000 
0.22100 0.000200796000 
0.22150 0.000188109400 
0.22200 0.000175423800 
0.22250 0.000162738200 
0.22300 0.000150305200 
0.22350 0.000139510600 
0.22400 0.000128716200 
0.22450 0.000117921600 
0.22500 0.000107610800 
0.22550 0.000098495400 
0.22600 0.000089380000 
0.22650 0.000080264600 
0.22700 0.000071995800 
0.22750 0.000064527200 
0.22800 0.000057058600 
0.22850 0.000049590000 
0.22900 0.000043431400 
0.22950 0.000037557200 
0.23000 0.000031683000 
0.23050 0.000026155400 
0.23100 0.000021845000 
0.23150 0.000017534760 
0.23200 0.000013224420 
0.23250 0.000010102080 
0.23300 0.000007428800 
0.23350 0.000004755540 
