0.00000 595.512000000000 
0.00050 538.360000000000 
0.00100 481.208000000000 
0.00150 424.056000000000 
0.00200 366.904000000000 
0.00250 325.290000000000 
0.00300 288.312000000000 
0.00350 257.420000000000 
0.00400 232.160000000000 
0.00450 208.286000000000 
0.00500 190.360800000000 
0.00550 172.435800000000 
0.00600 158.300400000000 
0.00650 145.202200000000 
0.00700 133.142800000000 
0.00750 123.342400000000 
0.00800 113.542200000000 
0.00850 105.562800000000 
0.00900 98.084400000000 
0.00950 90.938600000000 
0.01000 85.135400000000 
0.01050 79.332200000000 
0.01100 74.223800000000 
0.01150 69.655200000000 
0.01200 65.086600000000 
0.01250 61.333800000000 
0.01300 57.691400000000 
0.01350 54.160200000000 
0.01400 51.223600000000 
0.01450 48.287000000000 
0.01500 45.566600000000 
0.01550 43.175600000000 
0.01600 40.784600000000 
0.01650 38.649600000000 
0.01700 36.685600000000 
0.01750 34.721400000000 
0.01800 33.018000000000 
0.01850 31.391800000000 
0.01900 29.765400000000 
0.01950 28.386000000000 
0.02000 27.029600000000 
0.02050 25.680000000000 
0.02100 24.541400000000 
0.02150 23.402800000000 
0.02200 22.285800000000 
0.02250 21.324400000000 
0.02300 20.363000000000 
0.02350 19.429160000000 
0.02400 18.613060000000 
0.02450 17.796940000000 
0.02500 17.008980000000 
0.02550 16.312760000000 
0.02600 15.616560000000 
0.02650 14.946280000000 
0.02700 14.349680000000 
0.02750 13.753080000000 
0.02800 13.178720000000 
0.02850 12.665380000000 
0.02900 12.152040000000 
0.02950 11.656580000000 
0.03000 11.213220000000 
0.03050 10.769840000000 
0.03100 10.339880000000 
0.03150 9.955620000000 
0.03200 9.571380000000 
0.03250 9.196220000000 
0.03300 8.862120000000 
0.03350 8.528040000000 
0.03400 8.199080000000 
0.03450 7.907760000000 
0.03500 7.616440000000 
0.03550 7.326660000000 
0.03600 7.071960000000 
0.03650 6.817240000000 
0.03700 6.562540000000 
0.03750 6.337680000000 
0.03800 6.114420000000 
0.03850 5.891160000000 
0.03900 5.690720000000 
0.03950 5.494560000000 
0.04000 5.298420000000 
0.04050 5.119120000000 
0.04100 4.946440000000 
0.04150 4.773740000000 
0.04200 4.612860000000 
0.04250 4.460520000000 
0.04300 4.308160000000 
0.04350 4.163400000000 
0.04400 4.028760000000 
0.04450 3.894100000000 
0.04500 3.763500000000 
0.04550 3.644280000000 
0.04600 3.525060000000 
0.04650 3.406920000000 
0.04700 3.301220000000 
0.04750 3.195500000000 
0.04800 3.089780000000 
0.04850 2.994500000000 
0.04900 2.900620000000 
0.04950 2.806720000000 
0.05000 2.719800000000 
0.05050 2.636300000000 
0.05100 2.552800000000 
0.05150 2.473360000000 
0.05200 2.398980000000 
0.05250 2.324620000000 
0.05300 2.251880000000 
0.05350 2.185560000000 
0.05400 2.119260000000 
0.05450 2.052940000000 
0.05500 1.993350000000 
0.05550 1.934142000000 
0.05600 1.874936000000 
0.05650 1.819968000000 
0.05700 1.767048000000 
0.05750 1.714126000000 
0.05800 1.663360000000 
0.05850 1.616008000000 
0.05900 1.568654000000 
0.05950 1.521718000000 
0.06000 1.479302000000 
0.06050 1.436884000000 
0.06100 1.394468000000 
0.06150 1.355408000000 
0.06200 1.317372000000 
0.06250 1.279338000000 
0.06300 1.242990000000 
0.06350 1.208852000000 
0.06400 1.174716000000 
0.06450 1.140870000000 
0.06500 1.110200000000 
0.06550 1.079528000000 
0.06600 1.048858000000 
0.06650 1.020414000000 
0.06700 0.992834000000 
0.06750 0.965254000000 
0.06800 0.938612000000 
0.06850 0.913788000000 
0.06900 0.888964000000 
0.06950 0.864140000000 
0.07000 0.841642000000 
0.07050 0.819278000000 
0.07100 0.796914000000 
0.07150 0.775728000000 
0.07200 0.755564000000 
0.07250 0.735402000000 
0.07300 0.715456000000 
0.07350 0.697260000000 
0.07400 0.679064000000 
0.07450 0.660868000000 
0.07500 0.643852000000 
0.07550 0.627418000000 
0.07600 0.610984000000 
0.07650 0.594890000000 
0.07700 0.580034000000 
0.07750 0.565180000000 
0.07800 0.550324000000 
0.07850 0.536526000000 
0.07900 0.523086000000 
0.07950 0.509648000000 
0.08000 0.496542000000 
0.08050 0.484374000000 
0.08100 0.472206000000 
0.08150 0.460038000000 
0.08200 0.448744000000 
0.08250 0.437718000000 
0.08300 0.426690000000 
0.08350 0.415924000000 
0.08400 0.405926000000 
0.08450 0.395926000000 
0.08500 0.385928000000 
0.08550 0.376600000000 
0.08600 0.367526000000 
0.08650 0.358450000000 
0.08700 0.349532000000 
0.08750 0.341292000000 
0.08800 0.333050000000 
0.08850 0.324810000000 
0.08900 0.317046000000 
0.08950 0.309554000000 
0.09000 0.302062000000 
0.09050 0.294618000000 
0.09100 0.287804000000 
0.09150 0.280988000000 
0.09200 0.274174000000 
0.09250 0.267662000000 
0.09300 0.261458000000 
0.09350 0.255254000000 
0.09400 0.249050000000 
0.09450 0.243348000000 
0.09500 0.237698000000 
0.09550 0.232046000000 
0.09600 0.226550000000 
0.09650 0.221396000000 
0.09700 0.216242000000 
0.09750 0.211090000000 
0.09800 0.206252000000 
0.09850 0.201552000000 
0.09900 0.196851200000 
0.09950 0.192181400000 
0.10000 0.187890000000 
0.10050 0.183598600000 
0.10100 0.179307400000 
0.10150 0.175179800000 
0.10200 0.171259400000 
0.10250 0.167338800000 
0.10300 0.163418200000 
0.10350 0.159766400000 
0.10400 0.156182400000 
0.10450 0.152598400000 
0.10500 0.149058800000 
0.10550 0.145780200000 
0.10600 0.142501600000 
0.10650 0.139223000000 
0.10700 0.136078400000 
0.10750 0.133077400000 
0.10800 0.130076400000 
0.10850 0.127075400000 
0.10900 0.124279000000 
0.10950 0.121530400000 
0.11000 0.118782000000 
0.11050 0.116063000000 
0.11100 0.113543400000 
0.11150 0.111023800000 
0.11200 0.108504400000 
0.11250 0.106076800000 
0.11300 0.103767600000 
0.11350 0.101458200000 
0.11400 0.099148800000 
0.11450 0.096980000000 
0.11500 0.094860600000 
0.11550 0.092741400000 
0.11600 0.090627400000 
0.11650 0.088682400000 
0.11700 0.086737200000 
0.11750 0.084792200000 
0.11800 0.082897000000 
0.11850 0.081110200000 
0.11900 0.079323200000 
0.11950 0.077536400000 
0.12000 0.075836000000 
0.12050 0.074195400000 
0.12100 0.072554600000 
0.12150 0.070914000000 
0.12200 0.069386800000 
0.12250 0.067878400000 
0.12300 0.066370000000 
0.12350 0.064875800000 
0.12400 0.063488400000 
0.12450 0.062101000000 
0.12500 0.060713800000 
0.12550 0.059367600000 
0.12600 0.058091800000 
0.12650 0.056816000000 
0.12700 0.055540200000 
0.12750 0.054327000000 
0.12800 0.053153400000 
0.12850 0.051980000000 
0.12900 0.050806400000 
0.12950 0.049712000000 
0.13000 0.048631600000 
0.13050 0.047551400000 
0.13100 0.046477600000 
0.13150 0.045483600000 
0.13200 0.044489400000 
0.13250 0.043495200000 
0.13300 0.042524400000 
0.13350 0.041608800000 
0.13400 0.040693400000 
0.13450 0.039777800000 
0.13500 0.038899000000 
0.13550 0.038055800000 
0.13600 0.037212600000 
0.13650 0.036369400000 
0.13700 0.035573600000 
0.13750 0.034797600000 
0.13800 0.034021400000 
0.13850 0.033245200000 
0.13900 0.032524400000 
0.13950 0.031809400000 
0.14000 0.031094600000 
0.14050 0.030384600000 
0.14100 0.029726600000 
0.14150 0.029068600000 
0.14200 0.028410600000 
0.14250 0.027766200000 
0.14300 0.027160200000 
0.14350 0.026554200000 
0.14400 0.025948200000 
0.14450 0.025362600000 
0.14500 0.024804400000 
0.14550 0.024246400000 
0.14600 0.023688400000 
0.14650 0.023156000000 
0.14700 0.022642200000 
0.14750 0.022128400000 
0.14800 0.021614600000 
0.14850 0.021130600000 
0.14900 0.020658200000 
0.14950 0.020185600000 
0.15000 0.019713140000 
0.15050 0.019273020000 
0.15100 0.018838200000 
0.15150 0.018403380000 
0.15200 0.017968560000 
0.15250 0.017567940000 
0.15300 0.017167960000 
0.15350 0.016767960000 
0.15400 0.016371000000 
0.15450 0.016003600000 
0.15500 0.015636200000 
0.15550 0.015268820000 
0.15600 0.014907100000 
0.15650 0.014569440000 
0.15700 0.014231760000 
0.15750 0.013894100000 
0.15800 0.013563940000 
0.15850 0.013253400000 
0.15900 0.012942840000 
0.15950 0.012632280000 
0.16000 0.012330780000 
0.16050 0.012046000000 
0.16100 0.011761220000 
0.16150 0.011476460000 
0.16200 0.011201320000 
0.16250 0.010940040000 
0.16300 0.010678740000 
0.16350 0.010417460000 
0.16400 0.010166100000 
0.16450 0.009926500000 
0.16500 0.009686920000 
0.16550 0.009447340000 
0.16600 0.009217720000 
0.16650 0.008998520000 
0.16700 0.008779300000 
0.16750 0.008560080000 
0.16800 0.008350100000 
0.16850 0.008149100000 
0.16900 0.007948100000 
0.16950 0.007747100000 
0.17000 0.007554980000 
0.17050 0.007371380000 
0.17100 0.007187760000 
0.17150 0.007004160000 
0.17200 0.006828300000 
0.17250 0.006660220000 
0.17300 0.006492120000 
0.17350 0.006324020000 
0.17400 0.006162840000 
0.17450 0.006009320000 
0.17500 0.005855800000 
0.17550 0.005702300000 
0.17600 0.005554720000 
0.17650 0.005414880000 
0.17700 0.005275060000 
0.17750 0.005135240000 
0.17800 0.005000080000 
0.17850 0.004872640000 
0.17900 0.004745180000 
0.17950 0.004617740000 
0.18000 0.004493720000 
0.18050 0.004377440000 
0.18100 0.004261160000 
0.18150 0.004144880000 
0.18200 0.004030960000 
0.18250 0.003925200000 
0.18300 0.003819420000 
0.18350 0.003713660000 
0.18400 0.003609120000 
0.18450 0.003513220000 
0.18500 0.003417300000 
0.18550 0.003321400000 
0.18600 0.003225620000 
0.18650 0.003138380000 
0.18700 0.003051140000 
0.18750 0.002963900000 
0.18800 0.002876660000 
0.18850 0.002796860000 
0.18900 0.002717940000 
0.18950 0.002639040000 
0.19000 0.002560120000 
0.19050 0.002486740000 
0.19100 0.002415140000 
0.19150 0.002343520000 
0.19200 0.002271900000 
0.19250 0.002204500000 
0.19300 0.002139740000 
0.19350 0.002074960000 
0.19400 0.002010200000 
0.19450 0.001948348000 
0.19500 0.001889860000 
0.19550 0.001831374000 
0.19600 0.001772886000 
0.19650 0.001716148000 
0.19700 0.001663402000 
0.19750 0.001610658000 
0.19800 0.001557912000 
0.19850 0.001505912000 
0.19900 0.001458416000 
0.19950 0.001410918000 
0.20000 0.001363422000 
0.20050 0.001315924000 
0.20100 0.001272996000 
0.20150 0.001230172000 
0.20200 0.001187348000 
0.20250 0.001144524000 
0.20300 0.001105368000 
0.20350 0.001067050000 
0.20400 0.001028732000 
0.20450 0.000990412000 
0.20500 0.000954638000 
0.20550 0.000920206000 
0.20600 0.000885774000 
0.20650 0.000851342000 
0.20700 0.000818798000 
0.20750 0.000788120000 
0.20800 0.000757442000 
0.20850 0.000726764000 
0.20900 0.000697256000 
0.20950 0.000669806000 
0.21000 0.000642356000 
0.21050 0.000614908000 
0.21100 0.000588160000 
0.21150 0.000563666000 
0.21200 0.000539174000 
0.21250 0.000514682000 
0.21300 0.000490572000 
0.21350 0.000468948000 
0.21400 0.000447322000 
0.21450 0.000425698000 
0.21500 0.000404210000 
0.21550 0.000385050000 
0.21600 0.000365892000 
0.21650 0.000346732000 
0.21700 0.000327596000 
0.21750 0.000310838000 
0.21800 0.000294080000 
0.21850 0.000277322000 
0.21900 0.000260570000 
0.21950 0.000245886000 
0.22000 0.000231202000 
0.22050 0.000216518000 
0.22100 0.000201914000 
0.22150 0.000189160400 
0.22200 0.000176406200 
0.22250 0.000163652000 
0.22300 0.000151151400 
0.22350 0.000140297800 
0.22400 0.000129444000 
0.22450 0.000118590400 
0.22500 0.000108222800 
0.22550 0.000099056600 
0.22600 0.000089890400 
0.22650 0.000080724200 
0.22700 0.000072409000 
0.22750 0.000064898400 
0.22800 0.000057387600 
0.22850 0.000049876800 
0.22900 0.000043683000 
0.22950 0.000037775200 
0.23000 0.000031867400 
0.23050 0.000026308200 
0.23100 0.000021972800 
0.23150 0.000017637480 
0.23200 0.000013302160 
0.23250 0.000010161580 
0.23300 0.000007472600 
0.23350 0.000004783640 
