0.00000 583.966000000000 
0.00050 528.032000000000 
0.00100 472.100000000000 
0.00150 416.168000000000 
0.00200 360.234000000000 
0.00250 319.486000000000 
0.00300 283.268000000000 
0.00350 253.004000000000 
0.00400 228.246000000000 
0.00450 204.842000000000 
0.00500 187.259800000000 
0.00550 169.677600000000 
0.00600 155.806000000000 
0.00650 142.949600000000 
0.00700 131.111000000000 
0.00750 121.485800000000 
0.00800 111.860400000000 
0.00850 104.020200000000 
0.00900 96.671000000000 
0.00950 89.648000000000 
0.01000 83.942000000000 
0.01050 78.236000000000 
0.01100 73.211600000000 
0.01150 68.717200000000 
0.01200 64.222600000000 
0.01250 60.529200000000 
0.01300 56.944200000000 
0.01350 53.468200000000 
0.01400 50.576600000000 
0.01450 47.685000000000 
0.01500 45.005600000000 
0.01550 42.650000000000 
0.01600 40.294600000000 
0.01650 38.190800000000 
0.01700 36.255000000000 
0.01750 34.319200000000 
0.01800 32.639800000000 
0.01850 31.036200000000 
0.01900 29.432600000000 
0.01950 28.072000000000 
0.02000 26.734200000000 
0.02050 25.402800000000 
0.02100 24.279200000000 
0.02150 23.155800000000 
0.02200 22.053400000000 
0.02250 21.104400000000 
0.02300 20.155600000000 
0.02350 19.233520000000 
0.02400 18.427620000000 
0.02450 17.621720000000 
0.02500 16.843540000000 
0.02550 16.155780000000 
0.02600 15.468040000000 
0.02650 14.805860000000 
0.02700 14.216300000000 
0.02750 13.626740000000 
0.02800 13.059120000000 
0.02850 12.551680000000 
0.02900 12.044240000000 
0.02950 11.554440000000 
0.03000 11.116000000000 
0.03050 10.677580000000 
0.03100 10.252400000000 
0.03150 9.872300000000 
0.03200 9.492220000000 
0.03250 9.121120000000 
0.03300 8.790540000000 
0.03350 8.459980000000 
0.03400 8.134460000000 
0.03450 7.846120000000 
0.03500 7.557780000000 
0.03550 7.270980000000 
0.03600 7.018800000000 
0.03650 6.766620000000 
0.03700 6.514440000000 
0.03750 6.291760000000 
0.03800 6.070660000000 
0.03850 5.849540000000 
0.03900 5.650980000000 
0.03950 5.456680000000 
0.04000 5.262360000000 
0.04050 5.084720000000 
0.04100 4.913600000000 
0.04150 4.742460000000 
0.04200 4.583040000000 
0.04250 4.432020000000 
0.04300 4.281000000000 
0.04350 4.137500000000 
0.04400 4.004000000000 
0.04450 3.870500000000 
0.04500 3.741000000000 
0.04550 3.622760000000 
0.04600 3.504540000000 
0.04650 3.387380000000 
0.04700 3.282500000000 
0.04750 3.177640000000 
0.04800 3.072760000000 
0.04850 2.978240000000 
0.04900 2.885060000000 
0.04950 2.791900000000 
0.05000 2.705640000000 
0.05050 2.622760000000 
0.05100 2.539880000000 
0.05150 2.461040000000 
0.05200 2.387200000000 
0.05250 2.313380000000 
0.05300 2.241160000000 
0.05350 2.175320000000 
0.05400 2.109460000000 
0.05450 2.043600000000 
0.05500 1.984420000000 
0.05550 1.925614000000 
0.05600 1.866806000000 
0.05650 1.812202000000 
0.05700 1.759624000000 
0.05750 1.707046000000 
0.05800 1.656608000000 
0.05850 1.609550000000 
0.05900 1.562494000000 
0.05950 1.515852000000 
0.06000 1.473690000000 
0.06050 1.431530000000 
0.06100 1.389368000000 
0.06150 1.350538000000 
0.06200 1.312722000000 
0.06250 1.274908000000 
0.06300 1.238768000000 
0.06350 1.204820000000 
0.06400 1.170872000000 
0.06450 1.137216000000 
0.06500 1.106708000000 
0.06550 1.076202000000 
0.06600 1.045696000000 
0.06650 1.017398000000 
0.06700 0.989960000000 
0.06750 0.962522000000 
0.06800 0.936014000000 
0.06850 0.911312000000 
0.06900 0.886608000000 
0.06950 0.861906000000 
0.07000 0.839514000000 
0.07050 0.817254000000 
0.07100 0.794996000000 
0.07150 0.773906000000 
0.07200 0.753834000000 
0.07250 0.733760000000 
0.07300 0.713902000000 
0.07350 0.695784000000 
0.07400 0.677666000000 
0.07450 0.659548000000 
0.07500 0.642602000000 
0.07550 0.626234000000 
0.07600 0.609866000000 
0.07650 0.593836000000 
0.07700 0.579038000000 
0.07750 0.564240000000 
0.07800 0.549442000000 
0.07850 0.535694000000 
0.07900 0.522302000000 
0.07950 0.508912000000 
0.08000 0.495854000000 
0.08050 0.483728000000 
0.08100 0.471602000000 
0.08150 0.459476000000 
0.08200 0.448218000000 
0.08250 0.437228000000 
0.08300 0.426236000000 
0.08350 0.415504000000 
0.08400 0.405536000000 
0.08450 0.395566000000 
0.08500 0.385598000000 
0.08550 0.376298000000 
0.08600 0.367248000000 
0.08650 0.358198000000 
0.08700 0.349306000000 
0.08750 0.341086000000 
0.08800 0.332866000000 
0.08850 0.324648000000 
0.08900 0.316904000000 
0.08950 0.309430000000 
0.09000 0.301954000000 
0.09050 0.294530000000 
0.09100 0.287730000000 
0.09150 0.280932000000 
0.09200 0.274132000000 
0.09250 0.267634000000 
0.09300 0.261444000000 
0.09350 0.255252000000 
0.09400 0.249060000000 
0.09450 0.243370000000 
0.09500 0.237728000000 
0.09550 0.232088000000 
0.09600 0.226600000000 
0.09650 0.221456000000 
0.09700 0.216312000000 
0.09750 0.211168000000 
0.09800 0.206338000000 
0.09850 0.201644000000 
0.09900 0.196950200000 
0.09950 0.192287200000 
0.10000 0.188001600000 
0.10050 0.183715800000 
0.10100 0.179430000000 
0.10150 0.175307600000 
0.10200 0.171391600000 
0.10250 0.167475400000 
0.10300 0.163559400000 
0.10350 0.159911200000 
0.10400 0.156330400000 
0.10450 0.152749800000 
0.10500 0.149213400000 
0.10550 0.145937400000 
0.10600 0.142661200000 
0.10650 0.139385200000 
0.10700 0.136242800000 
0.10750 0.133243600000 
0.10800 0.130244400000 
0.10850 0.127245200000 
0.10900 0.124450000000 
0.10950 0.121702600000 
0.11000 0.118955200000 
0.11050 0.116237200000 
0.11100 0.113718200000 
0.11150 0.111199400000 
0.11200 0.108680400000 
0.11250 0.106253400000 
0.11300 0.103944200000 
0.11350 0.101635000000 
0.11400 0.099325800000 
0.11450 0.097156800000 
0.11500 0.095037200000 
0.11550 0.092917800000 
0.11600 0.090803600000 
0.11650 0.088858000000 
0.11700 0.086912400000 
0.11750 0.084966800000 
0.11800 0.083071000000 
0.11850 0.081283400000 
0.11900 0.079495800000 
0.11950 0.077708200000 
0.12000 0.076006800000 
0.12050 0.074365000000 
0.12100 0.072723400000 
0.12150 0.071081800000 
0.12200 0.069553400000 
0.12250 0.068043800000 
0.12300 0.066534200000 
0.12350 0.065039000000 
0.12400 0.063650200000 
0.12450 0.062261600000 
0.12500 0.060872800000 
0.12550 0.059525400000 
0.12600 0.058248200000 
0.12650 0.056971000000 
0.12700 0.055693800000 
0.12750 0.054479200000 
0.12800 0.053304200000 
0.12850 0.052129200000 
0.12900 0.050954200000 
0.12950 0.049858200000 
0.13000 0.048776400000 
0.13050 0.047694600000 
0.13100 0.046619200000 
0.13150 0.045623600000 
0.13200 0.044627800000 
0.13250 0.043632200000 
0.13300 0.042659800000 
0.13350 0.041742600000 
0.13400 0.040825600000 
0.13450 0.039908400000 
0.13500 0.039028000000 
0.13550 0.038183200000 
0.13600 0.037338400000 
0.13650 0.036493600000 
0.13700 0.035696200000 
0.13750 0.034918600000 
0.13800 0.034140800000 
0.13850 0.033363200000 
0.13900 0.032640600000 
0.13950 0.031924200000 
0.14000 0.031207600000 
0.14050 0.030496200000 
0.14100 0.029836600000 
0.14150 0.029177000000 
0.14200 0.028517600000 
0.14250 0.027871600000 
0.14300 0.027264000000 
0.14350 0.026656600000 
0.14400 0.026049000000 
0.14450 0.025462000000 
0.14500 0.024902400000 
0.14550 0.024342800000 
0.14600 0.023783400000 
0.14650 0.023249600000 
0.14700 0.022734200000 
0.14750 0.022219000000 
0.14800 0.021703800000 
0.14850 0.021218600000 
0.14900 0.020744600000 
0.14950 0.020270800000 
0.15000 0.019796820000 
0.15050 0.019355340000 
0.15100 0.018919200000 
0.15150 0.018483040000 
0.15200 0.018046880000 
0.15250 0.017644980000 
0.15300 0.017243700000 
0.15350 0.016842440000 
0.15400 0.016444180000 
0.15450 0.016075560000 
0.15500 0.015706940000 
0.15550 0.015338300000 
0.15600 0.014975380000 
0.15650 0.014636540000 
0.15700 0.014297680000 
0.15750 0.013958840000 
0.15800 0.013627520000 
0.15850 0.013315840000 
0.15900 0.013004160000 
0.15950 0.012692480000 
0.16000 0.012389860000 
0.16050 0.012104020000 
0.16100 0.011818180000 
0.16150 0.011532340000 
0.16200 0.011256160000 
0.16250 0.010993860000 
0.16300 0.010731540000 
0.16350 0.010469240000 
0.16400 0.010216880000 
0.16450 0.009976340000 
0.16500 0.009735780000 
0.16550 0.009495240000 
0.16600 0.009264700000 
0.16650 0.009044560000 
0.16700 0.008824440000 
0.16750 0.008604320000 
0.16800 0.008393460000 
0.16850 0.008191600000 
0.16900 0.007989740000 
0.16950 0.007787860000 
0.17000 0.007594920000 
0.17050 0.007410500000 
0.17100 0.007226100000 
0.17150 0.007041680000 
0.17200 0.006865040000 
0.17250 0.006696180000 
0.17300 0.006527340000 
0.17350 0.006358480000 
0.17400 0.006196560000 
0.17450 0.006042320000 
0.17500 0.005888100000 
0.17550 0.005733880000 
0.17600 0.005585600000 
0.17650 0.005445100000 
0.17700 0.005304620000 
0.17750 0.005164120000 
0.17800 0.005028320000 
0.17850 0.004900260000 
0.17900 0.004772180000 
0.17950 0.004644100000 
0.18000 0.004519480000 
0.18050 0.004402620000 
0.18100 0.004285760000 
0.18150 0.004168920000 
0.18200 0.004054420000 
0.18250 0.003948100000 
0.18300 0.003841800000 
0.18350 0.003735480000 
0.18400 0.003630420000 
0.18450 0.003534000000 
0.18500 0.003437600000 
0.18550 0.003341180000 
0.18600 0.003244900000 
0.18650 0.003157200000 
0.18700 0.003069500000 
0.18750 0.002981800000 
0.18800 0.002894100000 
0.18850 0.002813860000 
0.18900 0.002734520000 
0.18950 0.002655180000 
0.19000 0.002575840000 
0.19050 0.002502060000 
0.19100 0.002430040000 
0.19150 0.002358020000 
0.19200 0.002286020000 
0.19250 0.002218220000 
0.19300 0.002153100000 
0.19350 0.002087980000 
0.19400 0.002022840000 
0.19450 0.001960630000 
0.19500 0.001901806000 
0.19550 0.001842982000 
0.19600 0.001784158000 
0.19650 0.001727092000 
0.19700 0.001674038000 
0.19750 0.001620982000 
0.19800 0.001567928000 
0.19850 0.001515622000 
0.19900 0.001467842000 
0.19950 0.001420062000 
0.20000 0.001372282000 
0.20050 0.001324502000 
0.20100 0.001281314000 
0.20150 0.001238230000 
0.20200 0.001195146000 
0.20250 0.001152062000 
0.20300 0.001112666000 
0.20350 0.001074112000 
0.20400 0.001035558000 
0.20450 0.000997004000 
0.20500 0.000961006000 
0.20550 0.000926358000 
0.20600 0.000891712000 
0.20650 0.000857064000 
0.20700 0.000824314000 
0.20750 0.000793440000 
0.20800 0.000762568000 
0.20850 0.000731696000 
0.20900 0.000701998000 
0.20950 0.000674372000 
0.21000 0.000646746000 
0.21050 0.000619120000 
0.21100 0.000592198000 
0.21150 0.000567546000 
0.21200 0.000542892000 
0.21250 0.000518240000 
0.21300 0.000493972000 
0.21350 0.000472204000 
0.21400 0.000450436000 
0.21450 0.000428668000 
0.21500 0.000407036000 
0.21550 0.000387748000 
0.21600 0.000368460000 
0.21650 0.000349172000 
0.21700 0.000329908000 
0.21750 0.000313036000 
0.21800 0.000296162000 
0.21850 0.000279290000 
0.21900 0.000262424000 
0.21950 0.000247638000 
0.22000 0.000232854000 
0.22050 0.000218068000 
0.22100 0.000203364000 
0.22150 0.000190520400 
0.22200 0.000177677000 
0.22250 0.000164833600 
0.22300 0.000152245400 
0.22350 0.000141314800 
0.22400 0.000130384200 
0.22450 0.000119453800 
0.22500 0.000109012400 
0.22550 0.000099780600 
0.22600 0.000090548800 
0.22650 0.000081316800 
0.22700 0.000072941800 
0.22750 0.000065376400 
0.22800 0.000057811200 
0.22850 0.000050246000 
0.22900 0.000044007000 
0.22950 0.000038055800 
0.23000 0.000032104600 
0.23050 0.000026504400 
0.23100 0.000022137000 
0.23150 0.000017769500 
0.23200 0.000013402020 
0.23250 0.000010237980 
0.23300 0.000007528840 
0.23350 0.000004819720 
