0.00000 142.841400000000 
0.00050 123.253400000000 
0.00100 103.665600000000 
0.00150 84.077600000000 
0.00200 64.489600000000 
0.00250 51.951600000000 
0.00300 41.517000000000 
0.00350 33.476000000000 
0.00400 27.648800000000 
0.00450 22.282000000000 
0.00500 18.893060000000 
0.00550 15.504040000000 
0.00600 13.174720000000 
0.00650 11.135380000000 
0.00700 9.340560000000 
0.00750 8.077400000000 
0.00800 6.814260000000 
0.00850 5.912820000000 
0.00900 5.110800000000 
0.00950 4.364720000000 
0.01000 3.844400000000 
0.01050 3.324080000000 
0.01100 2.902960000000 
0.01150 2.558940000000 
0.01200 2.214940000000 
0.01250 1.970234000000 
0.01300 1.738954000000 
0.01350 1.519244000000 
0.01400 1.361412000000 
0.01450 1.203580000000 
0.01500 1.065026000000 
0.01550 0.955864000000 
0.01600 0.846702000000 
0.01650 0.757180000000 
0.01700 0.680760000000 
0.01750 0.604340000000 
0.01800 0.545156000000 
0.01850 0.491068000000 
0.01900 0.436978000000 
0.01950 0.396994000000 
0.02000 0.358326000000 
0.02050 0.319984000000 
0.02100 0.292088000000 
0.02150 0.264192000000 
0.02200 0.237216000000 
0.02250 0.216920000000 
0.02300 0.196625400000 
0.02350 0.177352200000 
0.02400 0.162473400000 
0.02450 0.147594600000 
0.02500 0.133629200000 
0.02550 0.122643200000 
0.02600 0.111657200000 
0.02650 0.101406000000 
0.02700 0.093240800000 
0.02750 0.085075600000 
0.02800 0.077460800000 
0.02850 0.071355000000 
0.02900 0.065249400000 
0.02950 0.059530800000 
0.03000 0.054939400000 
0.03050 0.050347800000 
0.03100 0.046010400000 
0.03150 0.042539200000 
0.03200 0.039068200000 
0.03250 0.035748200000 
0.03300 0.033111200000 
0.03350 0.030474200000 
0.03400 0.027911800000 
0.03450 0.025899200000 
0.03500 0.023886600000 
0.03550 0.021893800000 
0.03600 0.020351200000 
0.03650 0.018808480000 
0.03700 0.017265780000 
0.03750 0.016060580000 
0.03800 0.014873300000 
0.03850 0.013686020000 
0.03900 0.012726040000 
0.03950 0.011808800000 
0.04000 0.010891560000 
0.04050 0.010122480000 
0.04100 0.009411300000 
0.04150 0.008700140000 
0.04200 0.008080760000 
0.04250 0.007527480000 
0.04300 0.006974200000 
0.04350 0.006473020000 
0.04400 0.006041200000 
0.04450 0.005609380000 
0.04500 0.005202100000 
0.04550 0.004864020000 
0.04600 0.004525960000 
0.04650 0.004193700000 
0.04700 0.003928260000 
0.04750 0.003662820000 
0.04800 0.003397380000 
0.04850 0.003181780000 
0.04900 0.002972800000 
0.04950 0.002763800000 
0.05000 0.002584360000 
0.05050 0.002419360000 
0.05100 0.002254380000 
0.05150 0.002104700000 
0.05200 0.001974112000 
0.05250 0.001843528000 
0.05300 0.001718428000 
0.05350 0.001614824000 
0.05400 0.001511218000 
0.05450 0.001407612000 
0.05500 0.001324082000 
0.05550 0.001241688000 
0.05600 0.001159292000 
0.05650 0.001088174000 
0.05700 0.001022498000 
0.05750 0.000956822000 
0.05800 0.000896260000 
0.05850 0.000843794000 
0.05900 0.000791330000 
0.05950 0.000739748000 
0.06000 0.000697746000 
0.06050 0.000655746000 
0.06100 0.000613744000 
0.06150 0.000578110000 
0.06200 0.000544416000 
0.06250 0.000510720000 
0.06300 0.000479888000 
0.06350 0.000452804000 
0.06400 0.000425720000 
0.06450 0.000399078000 
0.06500 0.000377264000 
0.06550 0.000355448000 
0.06600 0.000333634000 
0.06650 0.000314852000 
0.06700 0.000297248000 
0.06750 0.000279644000 
0.06800 0.000263188000 
0.06850 0.000248954000 
0.06900 0.000234722000 
0.06950 0.000220490000 
0.07000 0.000208814000 
0.07050 0.000197287200 
0.07100 0.000185759400 
0.07150 0.000175395400 
0.07200 0.000166041400 
0.07250 0.000156687600 
0.07300 0.000147526600 
0.07350 0.000139923000 
0.07400 0.000132319600 
0.07450 0.000124716000 
0.07500 0.000118059000 
0.07550 0.000111867600 
0.07600 0.000105676400 
0.07650 0.000099730800 
0.07700 0.000094680800 
0.07750 0.000089630600 
0.07800 0.000084580600 
0.07850 0.000080219800 
0.07900 0.000076093800 
0.07950 0.000071967800 
0.08000 0.000068038400 
0.08050 0.000064661800 
0.08100 0.000061285000 
0.08150 0.000057908400 
0.08200 0.000054997200 
0.08250 0.000052229400 
0.08300 0.000049461400 
0.08350 0.000046818800 
0.08400 0.000044546400 
0.08450 0.000042274000 
0.08500 0.000040001600 
0.08550 0.000038022800 
0.08600 0.000036154200 
0.08650 0.000034285600 
0.08700 0.000032479200 
0.08750 0.000030940200 
0.08800 0.000029401400 
0.08850 0.000027862400 
0.08900 0.000026495200 
0.08950 0.000025225800 
0.09000 0.000023956400 
0.09050 0.000022703400 
0.09100 0.000021654800 
0.09150 0.000020606200 
0.09200 0.000019557540 
0.09250 0.000018598960 
0.09300 0.000017731460 
0.09350 0.000016863980 
0.09400 0.000015996500 
0.09450 0.000015264200 
0.09500 0.000014545520 
0.09550 0.000013826820 
0.09600 0.000013145900 
0.09650 0.000012549620 
0.09700 0.000011953340 
0.09750 0.000011357080 
0.09800 0.000010831140 
0.09850 0.000010335740 
0.09900 0.000009840340 
0.09950 0.000009351180 
0.10000 0.000008939020 
0.10050 0.000008526880 
0.10100 0.000008114720 
0.10150 0.000007732980 
0.10200 0.000007389620 
0.10250 0.000007046260 
0.10300 0.000006702900 
0.10350 0.000006405020 
0.10400 0.000006118600 
0.10450 0.000005832180 
0.10500 0.000005552620 
0.10550 0.000005313400 
0.10600 0.000005074160 
0.10650 0.000004834920 
0.10700 0.000004614580 
0.10750 0.000004414500 
0.10800 0.000004214440 
0.10850 0.000004014360 
0.10900 0.000003840640 
0.10950 0.000003673120 
0.11000 0.000003505580 
0.11050 0.000003341540 
0.11100 0.000003201080 
0.11150 0.000003060640 
0.11200 0.000002920180 
0.11250 0.000002789620 
0.11300 0.000002671740 
0.11350 0.000002553860 
0.11400 0.000002435980 
0.11450 0.000002332000 
0.11500 0.000002232940 
0.11550 0.000002133880 
0.11600 0.000002035320 
0.11650 0.000001951994 
0.11700 0.000001868666 
0.11750 0.000001785338 
0.11800 0.000001706156 
0.11850 0.000001635984 
0.11900 0.000001565810 
0.11950 0.000001495638 
0.12000 0.000001431976 
0.12050 0.000001372822 
0.12100 0.000001313666 
0.12150 0.000001254510 
0.12200 0.000001203288 
0.12250 0.000001153370 
0.12300 0.000001103450 
0.12350 0.000001054450 
0.12400 0.000001012284 
0.12450 0.000000970120 
0.12500 0.000000927954 
0.12550 0.000000888202 
0.12600 0.000000852552 
0.12650 0.000000816904 
0.12700 0.000000781256 
0.12750 0.000000748970 
0.12800 0.000000718804 
0.12850 0.000000688638 
0.12900 0.000000658472 
0.12950 0.000000632226 
0.13000 0.000000606676 
0.13050 0.000000581126 
0.13100 0.000000555874 
0.13150 0.000000534218 
0.13200 0.000000512560 
0.13250 0.000000490904 
0.13300 0.000000470218 
0.13350 0.000000451846 
0.13400 0.000000433474 
0.13450 0.000000415102 
0.13500 0.000000398136 
0.13550 0.000000382538 
0.13600 0.000000366940 
0.13650 0.000000351344 
0.13700 0.000000337408 
0.13750 0.000000324158 
0.13800 0.000000310908 
0.13850 0.000000297658 
0.13900 0.000000286198 
0.13950 0.000000274932 
0.14000 0.000000263668 
0.14050 0.000000252548 
0.14100 0.000000242966 
0.14150 0.000000233384 
0.14200 0.000000223800 
0.14250 0.000000214590 
0.14300 0.000000206434 
0.14350 0.000000198278 
0.14400 0.000000190121 
0.14450 0.000000182480 
0.14500 0.000000175534 
0.14550 0.000000168587 
0.14600 0.000000161641 
0.14650 0.000000155291 
0.14700 0.000000149372 
0.14750 0.000000143452 
0.14800 0.000000137533 
0.14850 0.000000132247 
0.14900 0.000000127201 
0.14950 0.000000122155 
0.15000 0.000000117109 
0.15050 0.000000112701 
0.15100 0.000000108398 
0.15150 0.000000104094 
0.15200 0.000000099790 
0.15250 0.000000096106 
0.15300 0.000000092434 
0.15350 0.000000088762 
0.15400 0.000000085139 
0.15450 0.000000082005 
0.15500 0.000000078871 
0.15550 0.000000075737 
0.15600 0.000000072690 
0.15650 0.000000070014 
0.15700 0.000000067338 
0.15750 0.000000064662 
0.15800 0.000000062094 
0.15850 0.000000059807 
0.15900 0.000000057521 
0.15950 0.000000055235 
0.16000 0.000000053066 
0.16050 0.000000051113 
0.16100 0.000000049160 
0.16150 0.000000047207 
0.16200 0.000000045371 
0.16250 0.000000043702 
0.16300 0.000000042033 
0.16350 0.000000040364 
0.16400 0.000000038805 
0.16450 0.000000037379 
0.16500 0.000000035952 
0.16550 0.000000034526 
0.16600 0.000000033200 
0.16650 0.000000031981 
0.16700 0.000000030762 
0.16750 0.000000029542 
0.16800 0.000000028412 
0.16850 0.000000027370 
0.16900 0.000000026327 
0.16950 0.000000025284 
0.17000 0.000000024318 
0.17050 0.000000023426 
0.17100 0.000000022535 
0.17150 0.000000021643 
0.17200 0.000000020816 
0.17250 0.000000020053 
0.17300 0.000000019290 
0.17350 0.000000018528 
0.17400 0.000000017817 
0.17450 0.000000017165 
0.17500 0.000000016512 
0.17550 0.000000015860 
0.17600 0.000000015248 
0.17650 0.000000014690 
0.17700 0.000000014133 
0.17750 0.000000013575 
0.17800 0.000000013047 
0.17850 0.000000012570 
0.17900 0.000000012093 
0.17950 0.000000011616 
0.18000 0.000000011160 
0.18050 0.000000010751 
0.18100 0.000000010343 
0.18150 0.000000009935 
0.18200 0.000000009540 
0.18250 0.000000009190 
0.18300 0.000000008841 
0.18350 0.000000008492 
0.18400 0.000000008149 
0.18450 0.000000007850 
0.18500 0.000000007552 
0.18550 0.000000007253 
0.18600 0.000000006955 
0.18650 0.000000006700 
0.18700 0.000000006444 
0.18750 0.000000006189 
0.18800 0.000000005933 
0.18850 0.000000005711 
0.18900 0.000000005493 
0.18950 0.000000005275 
0.19000 0.000000005056 
0.19050 0.000000004862 
0.19100 0.000000004675 
0.19150 0.000000004488 
0.19200 0.000000004302 
0.19250 0.000000004132 
0.19300 0.000000003972 
0.19350 0.000000003812 
0.19400 0.000000003653 
0.19450 0.000000003504 
0.19500 0.000000003368 
0.19550 0.000000003231 
0.19600 0.000000003095 
0.19650 0.000000002965 
0.19700 0.000000002848 
0.19750 0.000000002732 
0.19800 0.000000002615 
0.19850 0.000000002501 
0.19900 0.000000002402 
0.19950 0.000000002302 
0.20000 0.000000002203 
0.20050 0.000000002103 
0.20100 0.000000002018 
0.20150 0.000000001933 
0.20200 0.000000001848 
0.20250 0.000000001763 
0.20300 0.000000001689 
0.20350 0.000000001616 
0.20400 0.000000001544 
0.20450 0.000000001472 
0.20500 0.000000001407 
0.20550 0.000000001345 
0.20600 0.000000001283 
0.20650 0.000000001222 
0.20700 0.000000001165 
0.20750 0.000000001112 
0.20800 0.000000001060 
0.20850 0.000000001007 
0.20900 0.000000000958 
0.20950 0.000000000913 
0.21000 0.000000000869 
0.21050 0.000000000824 
0.21100 0.000000000781 
0.21150 0.000000000743 
0.21200 0.000000000706 
0.21250 0.000000000668 
0.21300 0.000000000631 
0.21350 0.000000000599 
0.21400 0.000000000567 
0.21450 0.000000000535 
0.21500 0.000000000503 
0.21550 0.000000000476 
0.21600 0.000000000449 
0.21650 0.000000000422 
0.21700 0.000000000395 
0.21750 0.000000000372 
0.21800 0.000000000350 
0.21850 0.000000000327 
0.21900 0.000000000305 
0.21950 0.000000000286 
0.22000 0.000000000267 
0.22050 0.000000000248 
0.22100 0.000000000229 
0.22150 0.000000000213 
0.22200 0.000000000198 
0.22250 0.000000000182 
0.22300 0.000000000166 
0.22350 0.000000000154 
0.22400 0.000000000141 
0.22450 0.000000000128 
0.22500 0.000000000116 
0.22550 0.000000000105 
0.22600 0.000000000095 
0.22650 0.000000000085 
0.22700 0.000000000075 
0.22750 0.000000000067 
0.22800 0.000000000059 
0.22850 0.000000000051 
0.22900 0.000000000044 
0.22950 0.000000000038 
0.23000 0.000000000032 
0.23050 0.000000000026 
0.23100 0.000000000022 
0.23150 0.000000000017 
0.23200 0.000000000013 
0.23250 0.000000000010 
0.23300 0.000000000007 
0.23350 0.000000000005 
