0.00000 570.624000000000 
0.00050 516.062000000000 
0.00100 461.498000000000 
0.00150 406.934000000000 
0.00200 352.370000000000 
0.00250 312.602000000000 
0.00300 277.248000000000 
0.00350 247.696000000000 
0.00400 223.512000000000 
0.00450 200.650000000000 
0.00500 183.465000000000 
0.00550 166.280200000000 
0.00600 152.716200000000 
0.00650 140.143200000000 
0.00700 128.563800000000 
0.00750 119.145600000000 
0.00800 109.727400000000 
0.00850 102.053200000000 
0.00900 94.858400000000 
0.00950 87.982600000000 
0.01000 82.394200000000 
0.01050 76.805600000000 
0.01100 71.883600000000 
0.01150 67.479800000000 
0.01200 63.076000000000 
0.01250 59.455800000000 
0.01300 55.941800000000 
0.01350 52.534400000000 
0.01400 49.698800000000 
0.01450 46.863400000000 
0.01500 44.235600000000 
0.01550 41.925000000000 
0.01600 39.614400000000 
0.01650 37.550200000000 
0.01700 35.650800000000 
0.01750 33.751200000000 
0.01800 32.102800000000 
0.01850 30.528800000000 
0.01900 28.954800000000 
0.01950 27.618800000000 
0.02000 26.305200000000 
0.02050 24.997800000000 
0.02100 23.894400000000 
0.02150 22.790800000000 
0.02200 21.708200000000 
0.02250 20.775800000000 
0.02300 19.843420000000 
0.02350 18.937540000000 
0.02400 18.145520000000 
0.02450 17.353520000000 
0.02500 16.588720000000 
0.02550 15.912640000000 
0.02600 15.236560000000 
0.02650 14.585600000000 
0.02700 14.005900000000 
0.02750 13.426200000000 
0.02800 12.868040000000 
0.02850 12.368940000000 
0.02900 11.869860000000 
0.02950 11.388100000000 
0.03000 10.956780000000 
0.03050 10.525480000000 
0.03100 10.107160000000 
0.03150 9.733140000000 
0.03200 9.359140000000 
0.03250 8.993940000000 
0.03300 8.668580000000 
0.03350 8.343220000000 
0.03400 8.022840000000 
0.03450 7.738960000000 
0.03500 7.455100000000 
0.03550 7.172740000000 
0.03600 6.924420000000 
0.03650 6.676100000000 
0.03700 6.427780000000 
0.03750 6.208460000000 
0.03800 5.990700000000 
0.03850 5.772920000000 
0.03900 5.577320000000 
0.03950 5.385900000000 
0.04000 5.194460000000 
0.04050 5.019440000000 
0.04100 4.850820000000 
0.04150 4.682200000000 
0.04200 4.525080000000 
0.04250 4.376260000000 
0.04300 4.227420000000 
0.04350 4.085980000000 
0.04400 3.954380000000 
0.04450 3.822780000000 
0.04500 3.695120000000 
0.04550 3.578540000000 
0.04600 3.461980000000 
0.04650 3.346460000000 
0.04700 3.243040000000 
0.04750 3.139620000000 
0.04800 3.036200000000 
0.04850 2.942960000000 
0.04900 2.851060000000 
0.04950 2.759160000000 
0.05000 2.674080000000 
0.05050 2.592300000000 
0.05100 2.510540000000 
0.05150 2.432740000000 
0.05200 2.359880000000 
0.05250 2.287040000000 
0.05300 2.215780000000 
0.05350 2.150800000000 
0.05400 2.085800000000 
0.05450 2.020800000000 
0.05500 1.962384000000 
0.05550 1.904334000000 
0.05600 1.846284000000 
0.05650 1.792374000000 
0.05700 1.740466000000 
0.05750 1.688556000000 
0.05800 1.638752000000 
0.05850 1.592284000000 
0.05900 1.545816000000 
0.05950 1.499758000000 
0.06000 1.458116000000 
0.06050 1.416474000000 
0.06100 1.374832000000 
0.06150 1.336476000000 
0.06200 1.299120000000 
0.06250 1.261764000000 
0.06300 1.226060000000 
0.06350 1.192520000000 
0.06400 1.158980000000 
0.06450 1.125724000000 
0.06500 1.095578000000 
0.06550 1.065432000000 
0.06600 1.035284000000 
0.06650 1.007318000000 
0.06700 0.980198000000 
0.06750 0.953078000000 
0.06800 0.926878000000 
0.06850 0.902458000000 
0.06900 0.878038000000 
0.06950 0.853618000000 
0.07000 0.831480000000 
0.07050 0.809472000000 
0.07100 0.787464000000 
0.07150 0.766610000000 
0.07200 0.746760000000 
0.07250 0.726910000000 
0.07300 0.707274000000 
0.07350 0.689354000000 
0.07400 0.671434000000 
0.07450 0.653514000000 
0.07500 0.636752000000 
0.07550 0.620560000000 
0.07600 0.604368000000 
0.07650 0.588512000000 
0.07700 0.573870000000 
0.07750 0.559228000000 
0.07800 0.544588000000 
0.07850 0.530984000000 
0.07900 0.517734000000 
0.07950 0.504484000000 
0.08000 0.491560000000 
0.08050 0.479560000000 
0.08100 0.467558000000 
0.08150 0.455558000000 
0.08200 0.444414000000 
0.08250 0.433534000000 
0.08300 0.422656000000 
0.08350 0.412032000000 
0.08400 0.402162000000 
0.08450 0.392292000000 
0.08500 0.382424000000 
0.08550 0.373216000000 
0.08600 0.364254000000 
0.08650 0.355294000000 
0.08700 0.346488000000 
0.08750 0.338348000000 
0.08800 0.330208000000 
0.08850 0.322068000000 
0.08900 0.314398000000 
0.08950 0.306996000000 
0.09000 0.299592000000 
0.09050 0.292238000000 
0.09100 0.285502000000 
0.09150 0.278766000000 
0.09200 0.272030000000 
0.09250 0.265594000000 
0.09300 0.259460000000 
0.09350 0.253326000000 
0.09400 0.247190000000 
0.09450 0.241552000000 
0.09500 0.235962000000 
0.09550 0.230372000000 
0.09600 0.224934000000 
0.09650 0.219836000000 
0.09700 0.214736000000 
0.09750 0.209638000000 
0.09800 0.204850000000 
0.09850 0.200198000000 
0.09900 0.195546000000 
0.09950 0.190924000000 
0.10000 0.186675200000 
0.10050 0.182426200000 
0.10100 0.178177400000 
0.10150 0.174090400000 
0.10200 0.170207400000 
0.10250 0.166324400000 
0.10300 0.162441400000 
0.10350 0.158823800000 
0.10400 0.155272800000 
0.10450 0.151722000000 
0.10500 0.148215000000 
0.10550 0.144965600000 
0.10600 0.141716400000 
0.10650 0.138467000000 
0.10700 0.135350000000 
0.10750 0.132375000000 
0.10800 0.129399800000 
0.10850 0.126424800000 
0.10900 0.123651800000 
0.10950 0.120926000000 
0.11000 0.118200400000 
0.11050 0.115503800000 
0.11100 0.113004400000 
0.11150 0.110505000000 
0.11200 0.108005400000 
0.11250 0.105597200000 
0.11300 0.103305400000 
0.11350 0.101013800000 
0.11400 0.098722200000 
0.11450 0.096569600000 
0.11500 0.094465800000 
0.11550 0.092362200000 
0.11600 0.090263800000 
0.11650 0.088332400000 
0.11700 0.086401200000 
0.11750 0.084469800000 
0.11800 0.082587800000 
0.11850 0.080813000000 
0.11900 0.079038200000 
0.11950 0.077263400000 
0.12000 0.075574200000 
0.12050 0.073944200000 
0.12100 0.072314000000 
0.12150 0.070684000000 
0.12200 0.069166400000 
0.12250 0.067667200000 
0.12300 0.066168000000 
0.12350 0.064683000000 
0.12400 0.063303800000 
0.12450 0.061924400000 
0.12500 0.060545200000 
0.12550 0.059206800000 
0.12600 0.057938000000 
0.12650 0.056669400000 
0.12700 0.055400600000 
0.12750 0.054194000000 
0.12800 0.053026800000 
0.12850 0.051859400000 
0.12900 0.050692000000 
0.12950 0.049603200000 
0.13000 0.048528200000 
0.13050 0.047453200000 
0.13100 0.046384800000 
0.13150 0.045395400000 
0.13200 0.044405800000 
0.13250 0.043416400000 
0.13300 0.042450000000 
0.13350 0.041538600000 
0.13400 0.040627000000 
0.13450 0.039715600000 
0.13500 0.038840400000 
0.13550 0.038000800000 
0.13600 0.037161000000 
0.13650 0.036321200000 
0.13700 0.035528600000 
0.13750 0.034755600000 
0.13800 0.033982400000 
0.13850 0.033209200000 
0.13900 0.032491000000 
0.13950 0.031778600000 
0.14000 0.031066200000 
0.14050 0.030358600000 
0.14100 0.029702800000 
0.14150 0.029047000000 
0.14200 0.028391200000 
0.14250 0.027749000000 
0.14300 0.027144800000 
0.14350 0.026540600000 
0.14400 0.025936400000 
0.14450 0.025352400000 
0.14500 0.024796000000 
0.14550 0.024239400000 
0.14600 0.023682800000 
0.14650 0.023152000000 
0.14700 0.022639400000 
0.14750 0.022126800000 
0.14800 0.021614200000 
0.14850 0.021131600000 
0.14900 0.020660000000 
0.14950 0.020188600000 
0.15000 0.019717120000 
0.15050 0.019277880000 
0.15100 0.018843920000 
0.15150 0.018409940000 
0.15200 0.017975980000 
0.15250 0.017576040000 
0.15300 0.017176740000 
0.15350 0.016777420000 
0.15400 0.016381120000 
0.15450 0.016014260000 
0.15500 0.015647400000 
0.15550 0.015280540000 
0.15600 0.014919340000 
0.15650 0.014582060000 
0.15700 0.014244800000 
0.15750 0.013907540000 
0.15800 0.013577760000 
0.15850 0.013267500000 
0.15900 0.012957220000 
0.15950 0.012646960000 
0.16000 0.012345720000 
0.16050 0.012061140000 
0.16100 0.011776560000 
0.16150 0.011491980000 
0.16200 0.011217040000 
0.16250 0.010955860000 
0.16300 0.010694680000 
0.16350 0.010433520000 
0.16400 0.010182240000 
0.16450 0.009942700000 
0.16500 0.009703180000 
0.16550 0.009463640000 
0.16600 0.009234060000 
0.16650 0.009014840000 
0.16700 0.008795620000 
0.16750 0.008576380000 
0.16800 0.008366400000 
0.16850 0.008165340000 
0.16900 0.007964280000 
0.16950 0.007763220000 
0.17000 0.007571040000 
0.17050 0.007387340000 
0.17100 0.007203660000 
0.17150 0.007019960000 
0.17200 0.006844000000 
0.17250 0.006675780000 
0.17300 0.006507580000 
0.17350 0.006339360000 
0.17400 0.006178040000 
0.17450 0.006024380000 
0.17500 0.005870720000 
0.17550 0.005717060000 
0.17600 0.005569320000 
0.17650 0.005429340000 
0.17700 0.005289360000 
0.17750 0.005149380000 
0.17800 0.005014060000 
0.17850 0.004886440000 
0.17900 0.004758800000 
0.17950 0.004631180000 
0.18000 0.004506980000 
0.18050 0.004390520000 
0.18100 0.004274060000 
0.18150 0.004157600000 
0.18200 0.004043500000 
0.18250 0.003937540000 
0.18300 0.003831580000 
0.18350 0.003725620000 
0.18400 0.003620900000 
0.18450 0.003524800000 
0.18500 0.003428680000 
0.18550 0.003332580000 
0.18600 0.003236620000 
0.18650 0.003149180000 
0.18700 0.003061760000 
0.18750 0.002974320000 
0.18800 0.002886900000 
0.18850 0.002806900000 
0.18900 0.002727800000 
0.18950 0.002648700000 
0.19000 0.002569600000 
0.19050 0.002496040000 
0.19100 0.002424220000 
0.19150 0.002352420000 
0.19200 0.002280620000 
0.19250 0.002213040000 
0.19300 0.002148100000 
0.19350 0.002083140000 
0.19400 0.002018200000 
0.19450 0.001956164000 
0.19500 0.001897502000 
0.19550 0.001838840000 
0.19600 0.001780176000 
0.19650 0.001723266000 
0.19700 0.001670352000 
0.19750 0.001617438000 
0.19800 0.001564524000 
0.19850 0.001512358000 
0.19900 0.001464700000 
0.19950 0.001417044000 
0.20000 0.001369386000 
0.20050 0.001321728000 
0.20100 0.001278648000 
0.20150 0.001235670000 
0.20200 0.001192694000 
0.20250 0.001149718000 
0.20300 0.001110416000 
0.20350 0.001071954000 
0.20400 0.001033492000 
0.20450 0.000995030000 
0.20500 0.000959118000 
0.20550 0.000924552000 
0.20600 0.000889984000 
0.20650 0.000855416000 
0.20700 0.000822740000 
0.20750 0.000791938000 
0.20800 0.000761134000 
0.20850 0.000730332000 
0.20900 0.000700698000 
0.20950 0.000673132000 
0.21000 0.000645566000 
0.21050 0.000617998000 
0.21100 0.000591134000 
0.21150 0.000566534000 
0.21200 0.000541932000 
0.21250 0.000517330000 
0.21300 0.000493112000 
0.21350 0.000471386000 
0.21400 0.000449662000 
0.21450 0.000427938000 
0.21500 0.000406350000 
0.21550 0.000387098000 
0.21600 0.000367848000 
0.21650 0.000348596000 
0.21700 0.000329368000 
0.21750 0.000312528000 
0.21800 0.000295686000 
0.21850 0.000278844000 
0.21900 0.000262008000 
0.21950 0.000247250000 
0.22000 0.000232492000 
0.22050 0.000217732000 
0.22100 0.000203054000 
0.22150 0.000190231200 
0.22200 0.000177409400 
0.22250 0.000164587600 
0.22300 0.000152020600 
0.22350 0.000141107600 
0.22400 0.000130194600 
0.22450 0.000119281600 
0.22500 0.000108857000 
0.22550 0.000099639400 
0.22600 0.000090421600 
0.22650 0.000081204000 
0.22700 0.000072841400 
0.22750 0.000065287200 
0.22800 0.000057733000 
0.22850 0.000050178800 
0.22900 0.000043948600 
0.22950 0.000038005800 
0.23000 0.000032063000 
0.23050 0.000026470400 
0.23100 0.000022108800 
0.23150 0.000017747040 
0.23200 0.000013385320 
0.23250 0.000010225340 
0.23300 0.000007519600 
0.23350 0.000004813880 
