0.00000 554.408000000000 
0.00050 501.448000000000 
0.00100 448.486000000000 
0.00150 395.526000000000 
0.00200 342.564000000000 
0.00250 303.958000000000 
0.00300 269.634000000000 
0.00350 240.940000000000 
0.00400 217.452000000000 
0.00450 195.247800000000 
0.00500 178.552200000000 
0.00550 161.856800000000 
0.00600 148.675800000000 
0.00650 136.456600000000 
0.00700 125.202000000000 
0.00750 116.045600000000 
0.00800 106.889200000000 
0.00850 99.426400000000 
0.00900 92.429400000000 
0.00950 85.742200000000 
0.01000 80.305400000000 
0.01050 74.868600000000 
0.01100 70.079400000000 
0.01150 65.793800000000 
0.01200 61.508200000000 
0.01250 57.984200000000 
0.01300 54.563400000000 
0.01350 51.246400000000 
0.01400 48.485200000000 
0.01450 45.724000000000 
0.01500 43.165000000000 
0.01550 40.914400000000 
0.01600 38.663800000000 
0.01650 36.653000000000 
0.01700 34.802200000000 
0.01750 32.951400000000 
0.01800 31.345000000000 
0.01850 29.811000000000 
0.01900 28.276800000000 
0.01950 26.974600000000 
0.02000 25.694000000000 
0.02050 24.419400000000 
0.02100 23.343400000000 
0.02150 22.267400000000 
0.02200 21.211600000000 
0.02250 20.302200000000 
0.02300 19.392840000000 
0.02350 18.509240000000 
0.02400 17.736540000000 
0.02450 16.963840000000 
0.02500 16.217660000000 
0.02550 15.557900000000 
0.02600 14.898140000000 
0.02650 14.262840000000 
0.02700 13.697000000000 
0.02750 13.131160000000 
0.02800 12.586300000000 
0.02850 12.099020000000 
0.02900 11.611760000000 
0.02950 11.141360000000 
0.03000 10.720160000000 
0.03050 10.298960000000 
0.03100 9.890440000000 
0.03150 9.525100000000 
0.03200 9.159780000000 
0.03250 8.803040000000 
0.03300 8.485160000000 
0.03350 8.167280000000 
0.03400 7.854260000000 
0.03450 7.576860000000 
0.03500 7.299460000000 
0.03550 7.023520000000 
0.03600 6.780800000000 
0.03650 6.538080000000 
0.03700 6.295360000000 
0.03750 6.080940000000 
0.03800 5.868040000000 
0.03850 5.655120000000 
0.03900 5.463860000000 
0.03950 5.276680000000 
0.04000 5.089480000000 
0.04050 4.918300000000 
0.04100 4.753380000000 
0.04150 4.588460000000 
0.04200 4.434780000000 
0.04250 4.289180000000 
0.04300 4.143580000000 
0.04350 4.005200000000 
0.04400 3.876420000000 
0.04450 3.747660000000 
0.04500 3.622740000000 
0.04550 3.508660000000 
0.04600 3.394560000000 
0.04650 3.281500000000 
0.04700 3.180280000000 
0.04750 3.079040000000 
0.04800 2.977800000000 
0.04850 2.886520000000 
0.04900 2.796540000000 
0.04950 2.706580000000 
0.05000 2.623260000000 
0.05050 2.543180000000 
0.05100 2.463120000000 
0.05150 2.386920000000 
0.05200 2.315580000000 
0.05250 2.244220000000 
0.05300 2.174420000000 
0.05350 2.110760000000 
0.05400 2.047080000000 
0.05450 1.983420000000 
0.05500 1.926178000000 
0.05550 1.869300000000 
0.05600 1.812422000000 
0.05650 1.759594000000 
0.05700 1.708722000000 
0.05750 1.657852000000 
0.05800 1.609042000000 
0.05850 1.563496000000 
0.05900 1.517948000000 
0.05950 1.472802000000 
0.06000 1.431978000000 
0.06050 1.391154000000 
0.06100 1.350332000000 
0.06150 1.312724000000 
0.06200 1.276094000000 
0.06250 1.239466000000 
0.06300 1.204456000000 
0.06350 1.171562000000 
0.06400 1.138668000000 
0.06450 1.106054000000 
0.06500 1.076484000000 
0.06550 1.046914000000 
0.06600 1.017344000000 
0.06650 0.989908000000 
0.06700 0.963304000000 
0.06750 0.936698000000 
0.06800 0.910992000000 
0.06850 0.887032000000 
0.06900 0.863070000000 
0.06950 0.839110000000 
0.07000 0.817382000000 
0.07050 0.795784000000 
0.07100 0.774186000000 
0.07150 0.753720000000 
0.07200 0.734236000000 
0.07250 0.714754000000 
0.07300 0.695478000000 
0.07350 0.677886000000 
0.07400 0.660294000000 
0.07450 0.642702000000 
0.07500 0.626244000000 
0.07550 0.610346000000 
0.07600 0.594450000000 
0.07650 0.578878000000 
0.07700 0.564500000000 
0.07750 0.550122000000 
0.07800 0.535744000000 
0.07850 0.522384000000 
0.07900 0.509370000000 
0.07950 0.496356000000 
0.08000 0.483662000000 
0.08050 0.471874000000 
0.08100 0.460084000000 
0.08150 0.448294000000 
0.08200 0.437346000000 
0.08250 0.426658000000 
0.08300 0.415968000000 
0.08350 0.405530000000 
0.08400 0.395832000000 
0.08450 0.386134000000 
0.08500 0.376436000000 
0.08550 0.367386000000 
0.08600 0.358580000000 
0.08650 0.349774000000 
0.08700 0.341118000000 
0.08750 0.333118000000 
0.08800 0.325116000000 
0.08850 0.317116000000 
0.08900 0.309576000000 
0.08950 0.302298000000 
0.09000 0.295020000000 
0.09050 0.287790000000 
0.09100 0.281166000000 
0.09150 0.274544000000 
0.09200 0.267920000000 
0.09250 0.261590000000 
0.09300 0.255558000000 
0.09350 0.249526000000 
0.09400 0.243494000000 
0.09450 0.237946000000 
0.09500 0.232450000000 
0.09550 0.226952000000 
0.09600 0.221602000000 
0.09650 0.216588000000 
0.09700 0.211572000000 
0.09750 0.206556000000 
0.09800 0.201846000000 
0.09850 0.197269000000 
0.09900 0.192691800000 
0.09950 0.188144400000 
0.10000 0.183963600000 
0.10050 0.179782800000 
0.10100 0.175602000000 
0.10150 0.171580200000 
0.10200 0.167758800000 
0.10250 0.163937600000 
0.10300 0.160116200000 
0.10350 0.156555600000 
0.10400 0.153060600000 
0.10450 0.149565600000 
0.10500 0.146113800000 
0.10550 0.142915200000 
0.10600 0.139716600000 
0.10650 0.136518000000 
0.10700 0.133449400000 
0.10750 0.130520200000 
0.10800 0.127591200000 
0.10850 0.124662000000 
0.10900 0.121931600000 
0.10950 0.119247600000 
0.11000 0.116563800000 
0.11050 0.113908400000 
0.11100 0.111447000000 
0.11150 0.108985600000 
0.11200 0.106524000000 
0.11250 0.104152200000 
0.11300 0.101895000000 
0.11350 0.099638000000 
0.11400 0.097380800000 
0.11450 0.095260200000 
0.11500 0.093188000000 
0.11550 0.091115600000 
0.11600 0.089048600000 
0.11650 0.087145800000 
0.11700 0.085243000000 
0.11750 0.083340200000 
0.11800 0.081486000000 
0.11850 0.079737200000 
0.11900 0.077988400000 
0.11950 0.076239800000 
0.12000 0.074575000000 
0.12050 0.072968600000 
0.12100 0.071362200000 
0.12150 0.069755800000 
0.12200 0.068260000000 
0.12250 0.066782600000 
0.12300 0.065305000000 
0.12350 0.063841400000 
0.12400 0.062481800000 
0.12450 0.061122200000 
0.12500 0.059762600000 
0.12550 0.058443200000 
0.12600 0.057192400000 
0.12650 0.055941600000 
0.12700 0.054690800000 
0.12750 0.053501200000 
0.12800 0.052350200000 
0.12850 0.051199200000 
0.12900 0.050048200000 
0.12950 0.048974400000 
0.13000 0.047914400000 
0.13050 0.046854400000 
0.13100 0.045800800000 
0.13150 0.044825000000 
0.13200 0.043849200000 
0.13250 0.042873200000 
0.13300 0.041920200000 
0.13350 0.041021200000 
0.13400 0.040122000000 
0.13450 0.039223000000 
0.13500 0.038359800000 
0.13550 0.037531400000 
0.13600 0.036703000000 
0.13650 0.035874600000 
0.13700 0.035092600000 
0.13750 0.034329800000 
0.13800 0.033567000000 
0.13850 0.032804200000 
0.13900 0.032095400000 
0.13950 0.031392600000 
0.14000 0.030689600000 
0.14050 0.029991600000 
0.14100 0.029344400000 
0.14150 0.028697200000 
0.14200 0.028050000000 
0.14250 0.027416000000 
0.14300 0.026819800000 
0.14350 0.026223400000 
0.14400 0.025627200000 
0.14450 0.025050800000 
0.14500 0.024501600000 
0.14550 0.023952200000 
0.14600 0.023402800000 
0.14650 0.022878800000 
0.14700 0.022372800000 
0.14750 0.021866800000 
0.14800 0.021360800000 
0.14850 0.020884200000 
0.14900 0.020418600000 
0.14950 0.019953180000 
0.15000 0.019487680000 
0.15050 0.019053980000 
0.15100 0.018625460000 
0.15150 0.018196940000 
0.15200 0.017768440000 
0.15250 0.017373480000 
0.15300 0.016979160000 
0.15350 0.016584820000 
0.15400 0.016193460000 
0.15450 0.015831120000 
0.15500 0.015468800000 
0.15550 0.015106460000 
0.15600 0.014749720000 
0.15650 0.014416580000 
0.15700 0.014083440000 
0.15750 0.013750300000 
0.15800 0.013424560000 
0.15850 0.013118060000 
0.15900 0.012811560000 
0.15950 0.012505060000 
0.16000 0.012207460000 
0.16050 0.011926300000 
0.16100 0.011645140000 
0.16150 0.011364000000 
0.16200 0.011092340000 
0.16250 0.010834280000 
0.16300 0.010576220000 
0.16350 0.010318160000 
0.16400 0.010069880000 
0.16450 0.009833160000 
0.16500 0.009596460000 
0.16550 0.009359760000 
0.16600 0.009132880000 
0.16650 0.008916220000 
0.16700 0.008699580000 
0.16750 0.008482920000 
0.16800 0.008275380000 
0.16850 0.008076660000 
0.16900 0.007877940000 
0.16950 0.007679220000 
0.17000 0.007489260000 
0.17050 0.007307680000 
0.17100 0.007126100000 
0.17150 0.006944520000 
0.17200 0.006770580000 
0.17250 0.006604280000 
0.17300 0.006438000000 
0.17350 0.006271700000 
0.17400 0.006112220000 
0.17450 0.005960300000 
0.17500 0.005808380000 
0.17550 0.005656460000 
0.17600 0.005510400000 
0.17650 0.005371980000 
0.17700 0.005233560000 
0.17750 0.005095160000 
0.17800 0.004961360000 
0.17850 0.004835140000 
0.17900 0.004708940000 
0.17950 0.004582740000 
0.18000 0.004459920000 
0.18050 0.004344740000 
0.18100 0.004229580000 
0.18150 0.004114400000 
0.18200 0.004001540000 
0.18250 0.003896740000 
0.18300 0.003791940000 
0.18350 0.003687140000 
0.18400 0.003583560000 
0.18450 0.003488500000 
0.18500 0.003393440000 
0.18550 0.003298380000 
0.18600 0.003203460000 
0.18650 0.003116980000 
0.18700 0.003030480000 
0.18750 0.002944000000 
0.18800 0.002857500000 
0.18850 0.002778360000 
0.18900 0.002700100000 
0.18950 0.002621860000 
0.19000 0.002543600000 
0.19050 0.002470820000 
0.19100 0.002399780000 
0.19150 0.002328720000 
0.19200 0.002257680000 
0.19250 0.002190800000 
0.19300 0.002126540000 
0.19350 0.002062280000 
0.19400 0.001998024000 
0.19450 0.001936636000 
0.19500 0.001878586000 
0.19550 0.001820534000 
0.19600 0.001762484000 
0.19650 0.001706164000 
0.19700 0.001653798000 
0.19750 0.001601430000 
0.19800 0.001549064000 
0.19850 0.001497436000 
0.19900 0.001450268000 
0.19950 0.001403100000 
0.20000 0.001355932000 
0.20050 0.001308764000 
0.20100 0.001266120000 
0.20150 0.001223582000 
0.20200 0.001181042000 
0.20250 0.001138502000 
0.20300 0.001099598000 
0.20350 0.001061526000 
0.20400 0.001023452000 
0.20450 0.000985380000 
0.20500 0.000949828000 
0.20550 0.000915606000 
0.20600 0.000881386000 
0.20650 0.000847166000 
0.20700 0.000814816000 
0.20750 0.000784318000 
0.20800 0.000753822000 
0.20850 0.000723324000 
0.20900 0.000693986000 
0.20950 0.000666692000 
0.21000 0.000639396000 
0.21050 0.000612102000 
0.21100 0.000585502000 
0.21150 0.000561142000 
0.21200 0.000536782000 
0.21250 0.000512420000 
0.21300 0.000488438000 
0.21350 0.000466926000 
0.21400 0.000445412000 
0.21450 0.000423898000 
0.21500 0.000402520000 
0.21550 0.000383454000 
0.21600 0.000364388000 
0.21650 0.000345324000 
0.21700 0.000326280000 
0.21750 0.000309600000 
0.21800 0.000292920000 
0.21850 0.000276240000 
0.21900 0.000259566000 
0.21950 0.000244946000 
0.22000 0.000230328000 
0.22050 0.000215710000 
0.22100 0.000201170000 
0.22150 0.000188468800 
0.22200 0.000175767800 
0.22250 0.000163066600 
0.22300 0.000150618000 
0.22350 0.000139807000 
0.22400 0.000128996200 
0.22450 0.000118185400 
0.22500 0.000107858000 
0.22550 0.000098725800 
0.22600 0.000089593800 
0.22650 0.000080461600 
0.22700 0.000072176400 
0.22750 0.000064691800 
0.22800 0.000057207200 
0.22850 0.000049722600 
0.22900 0.000043549600 
0.22950 0.000037661000 
0.23000 0.000031772600 
0.23050 0.000026231200 
0.23100 0.000021909000 
0.23150 0.000017586880 
0.23200 0.000013264760 
0.23250 0.000010133340 
0.23300 0.000007452000 
0.23350 0.000004770660 
