0.00000 538.592000000000 
0.00050 487.204000000000 
0.00100 435.814000000000 
0.00150 384.426000000000 
0.00200 333.038000000000 
0.00250 295.566000000000 
0.00300 262.248000000000 
0.00350 234.390000000000 
0.00400 211.580000000000 
0.00450 190.014600000000 
0.00500 173.794400000000 
0.00550 157.574000000000 
0.00600 144.764400000000 
0.00650 132.888200000000 
0.00700 121.948600000000 
0.00750 113.045600000000 
0.00800 104.142800000000 
0.00850 96.884800000000 
0.00900 90.079000000000 
0.00950 83.574400000000 
0.01000 78.284400000000 
0.01050 72.994400000000 
0.01100 68.333600000000 
0.01150 64.162400000000 
0.01200 59.991000000000 
0.01250 56.560200000000 
0.01300 53.229400000000 
0.01350 49.999600000000 
0.01400 47.310400000000 
0.01450 44.621200000000 
0.01500 42.128600000000 
0.01550 39.936000000000 
0.01600 37.743200000000 
0.01650 35.783800000000 
0.01700 33.980200000000 
0.01750 32.176600000000 
0.01800 30.610800000000 
0.01850 29.115400000000 
0.01900 27.620000000000 
0.01950 26.350200000000 
0.02000 25.101400000000 
0.02050 23.858800000000 
0.02100 22.809400000000 
0.02150 21.759800000000 
0.02200 20.730000000000 
0.02250 19.842820000000 
0.02300 18.955620000000 
0.02350 18.093540000000 
0.02400 17.339520000000 
0.02450 16.585500000000 
0.02500 15.857300000000 
0.02550 15.213320000000 
0.02600 14.569340000000 
0.02650 13.949200000000 
0.02700 13.396760000000 
0.02750 12.844320000000 
0.02800 12.312340000000 
0.02850 11.836500000000 
0.02900 11.360640000000 
0.02950 10.901260000000 
0.03000 10.489840000000 
0.03050 10.078440000000 
0.03100 9.679380000000 
0.03150 9.322440000000 
0.03200 8.965520000000 
0.03250 8.616980000000 
0.03300 8.306360000000 
0.03350 7.995720000000 
0.03400 7.689800000000 
0.03450 7.418680000000 
0.03500 7.147540000000 
0.03550 6.877840000000 
0.03600 6.640540000000 
0.03650 6.403240000000 
0.03700 6.165960000000 
0.03750 5.956300000000 
0.03800 5.748100000000 
0.03850 5.539920000000 
0.03900 5.352860000000 
0.03950 5.169780000000 
0.04000 4.986720000000 
0.04050 4.819260000000 
0.04100 4.657940000000 
0.04150 4.496600000000 
0.04200 4.346240000000 
0.04250 4.203780000000 
0.04300 4.061340000000 
0.04350 3.925920000000 
0.04400 3.799920000000 
0.04450 3.673900000000 
0.04500 3.551640000000 
0.04550 3.439980000000 
0.04600 3.328320000000 
0.04650 3.217660000000 
0.04700 3.118540000000 
0.04750 3.019440000000 
0.04800 2.920320000000 
0.04850 2.830940000000 
0.04900 2.742860000000 
0.04950 2.654760000000 
0.05000 2.573160000000 
0.05050 2.494740000000 
0.05100 2.416340000000 
0.05150 2.341700000000 
0.05200 2.271820000000 
0.05250 2.201920000000 
0.05300 2.133560000000 
0.05350 2.071180000000 
0.05400 2.008820000000 
0.05450 1.946436000000 
0.05500 1.890348000000 
0.05550 1.834616000000 
0.05600 1.778884000000 
0.05650 1.727116000000 
0.05700 1.677260000000 
0.05750 1.627406000000 
0.05800 1.579568000000 
0.05850 1.534924000000 
0.05900 1.490280000000 
0.05950 1.446028000000 
0.06000 1.406006000000 
0.06050 1.365986000000 
0.06100 1.325966000000 
0.06150 1.289092000000 
0.06200 1.253178000000 
0.06250 1.217264000000 
0.06300 1.182932000000 
0.06350 1.150676000000 
0.06400 1.118418000000 
0.06450 1.086436000000 
0.06500 1.057432000000 
0.06550 1.028430000000 
0.06600 0.999426000000 
0.06650 0.972514000000 
0.06700 0.946416000000 
0.06750 0.920316000000 
0.06800 0.895100000000 
0.06850 0.871592000000 
0.06900 0.848082000000 
0.06950 0.824574000000 
0.07000 0.803254000000 
0.07050 0.782062000000 
0.07100 0.760868000000 
0.07150 0.740784000000 
0.07200 0.721662000000 
0.07250 0.702540000000 
0.07300 0.683624000000 
0.07350 0.666356000000 
0.07400 0.649088000000 
0.07450 0.631820000000 
0.07500 0.615666000000 
0.07550 0.600060000000 
0.07600 0.584452000000 
0.07650 0.569166000000 
0.07700 0.555050000000 
0.07750 0.540932000000 
0.07800 0.526816000000 
0.07850 0.513696000000 
0.07900 0.500916000000 
0.07950 0.488136000000 
0.08000 0.475672000000 
0.08050 0.464094000000 
0.08100 0.452516000000 
0.08150 0.440938000000 
0.08200 0.430184000000 
0.08250 0.419684000000 
0.08300 0.409186000000 
0.08350 0.398932000000 
0.08400 0.389404000000 
0.08450 0.379878000000 
0.08500 0.370350000000 
0.08550 0.361460000000 
0.08600 0.352806000000 
0.08650 0.344154000000 
0.08700 0.335650000000 
0.08750 0.327788000000 
0.08800 0.319926000000 
0.08850 0.312064000000 
0.08900 0.304654000000 
0.08950 0.297502000000 
0.09000 0.290348000000 
0.09050 0.283244000000 
0.09100 0.276734000000 
0.09150 0.270224000000 
0.09200 0.263714000000 
0.09250 0.257492000000 
0.09300 0.251562000000 
0.09350 0.245632000000 
0.09400 0.239702000000 
0.09450 0.234248000000 
0.09500 0.228844000000 
0.09550 0.223438000000 
0.09600 0.218180000000 
0.09650 0.213248000000 
0.09700 0.208316000000 
0.09750 0.203384000000 
0.09800 0.198752600000 
0.09850 0.194251400000 
0.09900 0.189750200000 
0.09950 0.185278200000 
0.10000 0.181166400000 
0.10050 0.177054400000 
0.10100 0.172942600000 
0.10150 0.168986600000 
0.10200 0.165227800000 
0.10250 0.161469000000 
0.10300 0.157710200000 
0.10350 0.154207400000 
0.10400 0.150769200000 
0.10450 0.147330800000 
0.10500 0.143935000000 
0.10550 0.140787800000 
0.10600 0.137640800000 
0.10650 0.134493800000 
0.10700 0.131474400000 
0.10750 0.128592200000 
0.10800 0.125710000000 
0.10850 0.122827800000 
0.10900 0.120140600000 
0.10950 0.117499400000 
0.11000 0.114858000000 
0.11050 0.112244800000 
0.11100 0.109822200000 
0.11150 0.107399600000 
0.11200 0.104976800000 
0.11250 0.102642200000 
0.11300 0.100420400000 
0.11350 0.098198600000 
0.11400 0.095976800000 
0.11450 0.093889200000 
0.11500 0.091849200000 
0.11550 0.089809000000 
0.11600 0.087774200000 
0.11650 0.085900600000 
0.11700 0.084027200000 
0.11750 0.082153800000 
0.11800 0.080328000000 
0.11850 0.078606000000 
0.11900 0.076884000000 
0.11950 0.075162200000 
0.12000 0.073522800000 
0.12050 0.071940800000 
0.12100 0.070358800000 
0.12150 0.068776800000 
0.12200 0.067303800000 
0.12250 0.065848400000 
0.12300 0.064393200000 
0.12350 0.062951600000 
0.12400 0.061612400000 
0.12450 0.060273200000 
0.12500 0.058934000000 
0.12550 0.057634200000 
0.12600 0.056402000000 
0.12650 0.055170000000 
0.12700 0.053937800000 
0.12750 0.052765800000 
0.12800 0.051631800000 
0.12850 0.050497800000 
0.12900 0.049363800000 
0.12950 0.048305800000 
0.13000 0.047261200000 
0.13050 0.046216800000 
0.13100 0.045178600000 
0.13150 0.044217000000 
0.13200 0.043255400000 
0.13250 0.042293800000 
0.13300 0.041354400000 
0.13350 0.040468400000 
0.13400 0.039582400000 
0.13450 0.038696400000 
0.13500 0.037845400000 
0.13550 0.037029000000 
0.13600 0.036212400000 
0.13650 0.035396000000 
0.13700 0.034625200000 
0.13750 0.033873400000 
0.13800 0.033121400000 
0.13850 0.032369400000 
0.13900 0.031670800000 
0.13950 0.030977800000 
0.14000 0.030284800000 
0.14050 0.029596600000 
0.14100 0.028958400000 
0.14150 0.028320400000 
0.14200 0.027682200000 
0.14250 0.027057200000 
0.14300 0.026469200000 
0.14350 0.025881200000 
0.14400 0.025293200000 
0.14450 0.024725000000 
0.14500 0.024183200000 
0.14550 0.023641600000 
0.14600 0.023099800000 
0.14650 0.022582800000 
0.14700 0.022083800000 
0.14750 0.021584800000 
0.14800 0.021085800000 
0.14850 0.020615800000 
0.14900 0.020156600000 
0.14950 0.019697500000 
0.15000 0.019238360000 
0.15050 0.018810540000 
0.15100 0.018387840000 
0.15150 0.017965160000 
0.15200 0.017542460000 
0.15250 0.017152820000 
0.15300 0.016763820000 
0.15350 0.016374800000 
0.15400 0.015988700000 
0.15450 0.015631220000 
0.15500 0.015273740000 
0.15550 0.014916260000 
0.15600 0.014564280000 
0.15650 0.014235580000 
0.15700 0.013906860000 
0.15750 0.013578160000 
0.15800 0.013256740000 
0.15850 0.012954280000 
0.15900 0.012651820000 
0.15950 0.012349380000 
0.16000 0.012055680000 
0.16050 0.011778220000 
0.16100 0.011500760000 
0.16150 0.011223300000 
0.16200 0.010955200000 
0.16250 0.010700500000 
0.16300 0.010445800000 
0.16350 0.010191100000 
0.16400 0.009946040000 
0.16450 0.009712400000 
0.16500 0.009478760000 
0.16550 0.009245120000 
0.16600 0.009021160000 
0.16650 0.008807300000 
0.16700 0.008593440000 
0.16750 0.008379580000 
0.16800 0.008174680000 
0.16850 0.007978500000 
0.16900 0.007782320000 
0.16950 0.007586140000 
0.17000 0.007398600000 
0.17050 0.007219320000 
0.17100 0.007040060000 
0.17150 0.006860780000 
0.17200 0.006689040000 
0.17250 0.006524840000 
0.17300 0.006360640000 
0.17350 0.006196440000 
0.17400 0.006038980000 
0.17450 0.005888960000 
0.17500 0.005738940000 
0.17550 0.005588920000 
0.17600 0.005444680000 
0.17650 0.005308000000 
0.17700 0.005171300000 
0.17750 0.005034620000 
0.17800 0.004902480000 
0.17850 0.004777840000 
0.17900 0.004653200000 
0.17950 0.004528560000 
0.18000 0.004407260000 
0.18050 0.004293500000 
0.18100 0.004179740000 
0.18150 0.004065980000 
0.18200 0.003954500000 
0.18250 0.003850980000 
0.18300 0.003747460000 
0.18350 0.003643960000 
0.18400 0.003541640000 
0.18450 0.003447740000 
0.18500 0.003353840000 
0.18550 0.003259940000 
0.18600 0.003166160000 
0.18650 0.003080720000 
0.18700 0.002995260000 
0.18750 0.002909820000 
0.18800 0.002824380000 
0.18850 0.002746180000 
0.18900 0.002668880000 
0.18950 0.002591560000 
0.19000 0.002514240000 
0.19050 0.002442320000 
0.19100 0.002372140000 
0.19150 0.002301940000 
0.19200 0.002231740000 
0.19250 0.002165660000 
0.19300 0.002102160000 
0.19350 0.002038660000 
0.19400 0.001975160000 
0.19450 0.001914500000 
0.19500 0.001857134000 
0.19550 0.001799766000 
0.19600 0.001742400000 
0.19650 0.001686744000 
0.19700 0.001634992000 
0.19750 0.001583240000 
0.19800 0.001531486000 
0.19850 0.001480464000 
0.19900 0.001433846000 
0.19950 0.001387228000 
0.20000 0.001340608000 
0.20050 0.001293990000 
0.20100 0.001251842000 
0.20150 0.001209796000 
0.20200 0.001167750000 
0.20250 0.001125702000 
0.20300 0.001087248000 
0.20350 0.001049614000 
0.20400 0.001011980000 
0.20450 0.000974346000 
0.20500 0.000939202000 
0.20550 0.000905374000 
0.20600 0.000871544000 
0.20650 0.000837716000 
0.20700 0.000805736000 
0.20750 0.000775586000 
0.20800 0.000745438000 
0.20850 0.000715288000 
0.20900 0.000686284000 
0.20950 0.000659298000 
0.21000 0.000632314000 
0.21050 0.000605328000 
0.21100 0.000579030000 
0.21150 0.000554944000 
0.21200 0.000530856000 
0.21250 0.000506770000 
0.21300 0.000483058000 
0.21350 0.000461786000 
0.21400 0.000440514000 
0.21450 0.000419242000 
0.21500 0.000398104000 
0.21550 0.000379250000 
0.21600 0.000360398000 
0.21650 0.000341544000 
0.21700 0.000322714000 
0.21750 0.000306220000 
0.21800 0.000289724000 
0.21850 0.000273230000 
0.21900 0.000256740000 
0.21950 0.000242282000 
0.22000 0.000227824000 
0.22050 0.000213366000 
0.22100 0.000198987400 
0.22150 0.000186425600 
0.22200 0.000173863800 
0.22250 0.000161302200 
0.22300 0.000148990000 
0.22350 0.000138297000 
0.22400 0.000127604200 
0.22450 0.000116911200 
0.22500 0.000106696600 
0.22550 0.000097663400 
0.22600 0.000088630400 
0.22650 0.000079597400 
0.22700 0.000071402000 
0.22750 0.000063998200 
0.22800 0.000056594400 
0.22850 0.000049190800 
0.22900 0.000043084000 
0.22950 0.000037258800 
0.23000 0.000031433400 
0.23050 0.000025951600 
0.23100 0.000021675600 
0.23150 0.000017399700 
0.23200 0.000013123780 
0.23250 0.000010025700 
0.23300 0.000007372880 
0.23350 0.000004720060 
