0.00000 524.670000000000 
0.00050 474.676000000000 
0.00100 424.684000000000 
0.00150 374.690000000000 
0.00200 324.698000000000 
0.00250 288.234000000000 
0.00300 255.806000000000 
0.00350 228.686000000000 
0.00400 206.476000000000 
0.00450 185.474200000000 
0.00500 169.671200000000 
0.00550 153.868400000000 
0.00600 141.383800000000 
0.00650 129.807400000000 
0.00700 119.142800000000 
0.00750 110.460800000000 
0.00800 101.778800000000 
0.00850 94.698400000000 
0.00900 88.058600000000 
0.00950 81.712000000000 
0.01000 76.548800000000 
0.01050 71.385600000000 
0.01100 66.836000000000 
0.01150 62.763200000000 
0.01200 58.690200000000 
0.01250 55.339400000000 
0.01300 52.086200000000 
0.01350 48.931400000000 
0.01400 46.303800000000 
0.01450 43.676400000000 
0.01500 41.240600000000 
0.01550 39.097600000000 
0.01600 36.954400000000 
0.01650 35.039200000000 
0.01700 33.275800000000 
0.01750 31.512400000000 
0.01800 29.981400000000 
0.01850 28.519000000000 
0.01900 27.056600000000 
0.01950 25.814400000000 
0.02000 24.593000000000 
0.02050 23.377400000000 
0.02100 22.350400000000 
0.02150 21.323600000000 
0.02200 20.316000000000 
0.02250 19.447720000000 
0.02300 18.579440000000 
0.02350 17.735720000000 
0.02400 16.997600000000 
0.02450 16.259480000000 
0.02500 15.546620000000 
0.02550 14.916080000000 
0.02600 14.285560000000 
0.02650 13.678360000000 
0.02700 13.137340000000 
0.02750 12.596320000000 
0.02800 12.075320000000 
0.02850 11.609220000000 
0.02900 11.143120000000 
0.02950 10.693140000000 
0.03000 10.290080000000 
0.03050 9.887000000000 
0.03100 9.496040000000 
0.03150 9.146300000000 
0.03200 8.796540000000 
0.03250 8.455020000000 
0.03300 8.150580000000 
0.03350 7.846140000000 
0.03400 7.546340000000 
0.03450 7.280560000000 
0.03500 7.014780000000 
0.03550 6.750420000000 
0.03600 6.517780000000 
0.03650 6.285160000000 
0.03700 6.052520000000 
0.03750 5.846940000000 
0.03800 5.642800000000 
0.03850 5.438660000000 
0.03900 5.255240000000 
0.03950 5.075700000000 
0.04000 4.896160000000 
0.04050 4.731940000000 
0.04100 4.573700000000 
0.04150 4.415460000000 
0.04200 4.267980000000 
0.04250 4.128240000000 
0.04300 3.988480000000 
0.04350 3.855660000000 
0.04400 3.732020000000 
0.04450 3.608400000000 
0.04500 3.488440000000 
0.04550 3.378880000000 
0.04600 3.269300000000 
0.04650 3.160720000000 
0.04700 3.063460000000 
0.04750 2.966200000000 
0.04800 2.868960000000 
0.04850 2.781220000000 
0.04900 2.694760000000 
0.04950 2.608300000000 
0.05000 2.528220000000 
0.05050 2.451240000000 
0.05100 2.374280000000 
0.05150 2.301020000000 
0.05200 2.232400000000 
0.05250 2.163800000000 
0.05300 2.096680000000 
0.05350 2.035440000000 
0.05400 1.974200000000 
0.05450 1.912960000000 
0.05500 1.857888000000 
0.05550 1.803164000000 
0.05600 1.748438000000 
0.05650 1.697604000000 
0.05700 1.648646000000 
0.05750 1.599686000000 
0.05800 1.552708000000 
0.05850 1.508862000000 
0.05900 1.465016000000 
0.05950 1.421554000000 
0.06000 1.382244000000 
0.06050 1.342936000000 
0.06100 1.303626000000 
0.06150 1.267406000000 
0.06200 1.232126000000 
0.06250 1.196846000000 
0.06300 1.163122000000 
0.06350 1.131432000000 
0.06400 1.099742000000 
0.06450 1.068322000000 
0.06500 1.039826000000 
0.06550 1.011330000000 
0.06600 0.982834000000 
0.06650 0.956392000000 
0.06700 0.930748000000 
0.06750 0.905102000000 
0.06800 0.880324000000 
0.06850 0.857222000000 
0.06900 0.834120000000 
0.06950 0.811018000000 
0.07000 0.790066000000 
0.07050 0.769238000000 
0.07100 0.748410000000 
0.07150 0.728670000000 
0.07200 0.709876000000 
0.07250 0.691084000000 
0.07300 0.672490000000 
0.07350 0.655518000000 
0.07400 0.638544000000 
0.07450 0.621570000000 
0.07500 0.605690000000 
0.07550 0.590348000000 
0.07600 0.575008000000 
0.07650 0.559980000000 
0.07700 0.546102000000 
0.07750 0.532224000000 
0.07800 0.518346000000 
0.07850 0.505446000000 
0.07900 0.492882000000 
0.07950 0.480318000000 
0.08000 0.468062000000 
0.08050 0.456678000000 
0.08100 0.445292000000 
0.08150 0.433908000000 
0.08200 0.423334000000 
0.08250 0.413010000000 
0.08300 0.402686000000 
0.08350 0.392602000000 
0.08400 0.383234000000 
0.08450 0.373864000000 
0.08500 0.364496000000 
0.08550 0.355752000000 
0.08600 0.347242000000 
0.08650 0.338732000000 
0.08700 0.330368000000 
0.08750 0.322636000000 
0.08800 0.314902000000 
0.08850 0.307170000000 
0.08900 0.299882000000 
0.08950 0.292846000000 
0.09000 0.285810000000 
0.09050 0.278822000000 
0.09100 0.272418000000 
0.09150 0.266014000000 
0.09200 0.259610000000 
0.09250 0.253490000000 
0.09300 0.247656000000 
0.09350 0.241822000000 
0.09400 0.235988000000 
0.09450 0.230622000000 
0.09500 0.225306000000 
0.09550 0.219988000000 
0.09600 0.214814000000 
0.09650 0.209962000000 
0.09700 0.205108000000 
0.09750 0.200256000000 
0.09800 0.195699400000 
0.09850 0.191270400000 
0.09900 0.186841400000 
0.09950 0.182441000000 
0.10000 0.178394800000 
0.10050 0.174348400000 
0.10100 0.170302200000 
0.10150 0.166409400000 
0.10200 0.162710400000 
0.10250 0.159011200000 
0.10300 0.155312200000 
0.10350 0.151865000000 
0.10400 0.148481200000 
0.10450 0.145097200000 
0.10500 0.141755200000 
0.10550 0.138657600000 
0.10600 0.135560200000 
0.10650 0.132462800000 
0.10700 0.129491200000 
0.10750 0.126654200000 
0.10800 0.123817200000 
0.10850 0.120980200000 
0.10900 0.118335200000 
0.10950 0.115735200000 
0.11000 0.113135400000 
0.11050 0.110563000000 
0.11100 0.108178000000 
0.11150 0.105793200000 
0.11200 0.103408200000 
0.11250 0.101110000000 
0.11300 0.098922600000 
0.11350 0.096735400000 
0.11400 0.094548000000 
0.11450 0.092492800000 
0.11500 0.090484400000 
0.11550 0.088475800000 
0.11600 0.086472400000 
0.11650 0.084627800000 
0.11700 0.082783200000 
0.11750 0.080938600000 
0.11800 0.079141000000 
0.11850 0.077445400000 
0.11900 0.075749800000 
0.11950 0.074054200000 
0.12000 0.072440200000 
0.12050 0.070882400000 
0.12100 0.069324600000 
0.12150 0.067766800000 
0.12200 0.066316000000 
0.12250 0.064883000000 
0.12300 0.063449800000 
0.12350 0.062030200000 
0.12400 0.060711400000 
0.12450 0.059392400000 
0.12500 0.058073600000 
0.12550 0.056793600000 
0.12600 0.055580000000 
0.12650 0.054366600000 
0.12700 0.053153000000 
0.12750 0.051998600000 
0.12800 0.050881800000 
0.12850 0.049764800000 
0.12900 0.048648000000 
0.12950 0.047605800000 
0.13000 0.046577000000 
0.13050 0.045548200000 
0.13100 0.044525600000 
0.13150 0.043578400000 
0.13200 0.042631200000 
0.13250 0.041684000000 
0.13300 0.040758600000 
0.13350 0.039885800000 
0.13400 0.039013000000 
0.13450 0.038140200000 
0.13500 0.037302000000 
0.13550 0.036497600000 
0.13600 0.035693200000 
0.13650 0.034888800000 
0.13700 0.034129600000 
0.13750 0.033388800000 
0.13800 0.032648000000 
0.13850 0.031907200000 
0.13900 0.031218600000 
0.13950 0.030536000000 
0.14000 0.029853200000 
0.14050 0.029175200000 
0.14100 0.028546400000 
0.14150 0.027917600000 
0.14200 0.027289000000 
0.14250 0.026673200000 
0.14300 0.026093800000 
0.14350 0.025514400000 
0.14400 0.024935000000 
0.14450 0.024375000000 
0.14500 0.023841200000 
0.14550 0.023307400000 
0.14600 0.022773600000 
0.14650 0.022264200000 
0.14700 0.021772400000 
0.14750 0.021280600000 
0.14800 0.020788800000 
0.14850 0.020325600000 
0.14900 0.019873160000 
0.14950 0.019420680000 
0.15000 0.018968200000 
0.15050 0.018546580000 
0.15100 0.018129980000 
0.15150 0.017713400000 
0.15200 0.017296800000 
0.15250 0.016912780000 
0.15300 0.016529360000 
0.15350 0.016145960000 
0.15400 0.015765420000 
0.15450 0.015413060000 
0.15500 0.015060720000 
0.15550 0.014708360000 
0.15600 0.014361440000 
0.15650 0.014037440000 
0.15700 0.013713420000 
0.15750 0.013389420000 
0.15800 0.013072600000 
0.15850 0.012774460000 
0.15900 0.012476300000 
0.15950 0.012178160000 
0.16000 0.011888660000 
0.16050 0.011615140000 
0.16100 0.011341620000 
0.16150 0.011068100000 
0.16200 0.010803800000 
0.16250 0.010552720000 
0.16300 0.010301620000 
0.16350 0.010050540000 
0.16400 0.009808940000 
0.16450 0.009578600000 
0.16500 0.009348260000 
0.16550 0.009117920000 
0.16600 0.008897120000 
0.16650 0.008686280000 
0.16700 0.008475420000 
0.16750 0.008264560000 
0.16800 0.008062560000 
0.16850 0.007869120000 
0.16900 0.007675700000 
0.16950 0.007482280000 
0.17000 0.007297360000 
0.17050 0.007120600000 
0.17100 0.006943840000 
0.17150 0.006767060000 
0.17200 0.006597720000 
0.17250 0.006435820000 
0.17300 0.006273920000 
0.17350 0.006112000000 
0.17400 0.005956720000 
0.17450 0.005808800000 
0.17500 0.005660860000 
0.17550 0.005512940000 
0.17600 0.005370700000 
0.17650 0.005235900000 
0.17700 0.005101120000 
0.17750 0.004966320000 
0.17800 0.004836000000 
0.17850 0.004713080000 
0.17900 0.004590160000 
0.17950 0.004467240000 
0.18000 0.004347620000 
0.18050 0.004235440000 
0.18100 0.004123240000 
0.18150 0.004011060000 
0.18200 0.003901120000 
0.18250 0.003799020000 
0.18300 0.003696920000 
0.18350 0.003594840000 
0.18400 0.003493920000 
0.18450 0.003401320000 
0.18500 0.003308700000 
0.18550 0.003216080000 
0.18600 0.003123600000 
0.18650 0.003039320000 
0.18700 0.002955040000 
0.18750 0.002870760000 
0.18800 0.002786480000 
0.18850 0.002709360000 
0.18900 0.002633100000 
0.18950 0.002556840000 
0.19000 0.002480580000 
0.19050 0.002409640000 
0.19100 0.002340400000 
0.19150 0.002271160000 
0.19200 0.002201920000 
0.19250 0.002136740000 
0.19300 0.002074100000 
0.19350 0.002011460000 
0.19400 0.001948818000 
0.19450 0.001888978000 
0.19500 0.001832388000 
0.19550 0.001775796000 
0.19600 0.001719206000 
0.19650 0.001664302000 
0.19700 0.001613246000 
0.19750 0.001562192000 
0.19800 0.001511138000 
0.19850 0.001460802000 
0.19900 0.001414812000 
0.19950 0.001368820000 
0.20000 0.001322828000 
0.20050 0.001276838000 
0.20100 0.001235254000 
0.20150 0.001193772000 
0.20200 0.001152290000 
0.20250 0.001110808000 
0.20300 0.001072868000 
0.20350 0.001035738000 
0.20400 0.000998606000 
0.20450 0.000961476000 
0.20500 0.000926802000 
0.20550 0.000893424000 
0.20600 0.000860048000 
0.20650 0.000826670000 
0.20700 0.000795118000 
0.20750 0.000765370000 
0.20800 0.000735622000 
0.20850 0.000705874000 
0.20900 0.000677256000 
0.20950 0.000650628000 
0.21000 0.000624000000 
0.21050 0.000597374000 
0.21100 0.000571424000 
0.21150 0.000547658000 
0.21200 0.000523890000 
0.21250 0.000500124000 
0.21300 0.000476726000 
0.21350 0.000455734000 
0.21400 0.000434744000 
0.21450 0.000413752000 
0.21500 0.000392892000 
0.21550 0.000374288000 
0.21600 0.000355684000 
0.21650 0.000337080000 
0.21700 0.000318498000 
0.21750 0.000302220000 
0.21800 0.000285942000 
0.21850 0.000269662000 
0.21900 0.000253390000 
0.21950 0.000239122000 
0.22000 0.000224854000 
0.22050 0.000210586000 
0.22100 0.000196395800 
0.22150 0.000183998400 
0.22200 0.000171601200 
0.22250 0.000159203800 
0.22300 0.000147052600 
0.22350 0.000136499400 
0.22400 0.000125946200 
0.22450 0.000115392800 
0.22500 0.000105311400 
0.22550 0.000096396000 
0.22600 0.000087480800 
0.22650 0.000078565400 
0.22700 0.000070476600 
0.22750 0.000063169000 
0.22800 0.000055861600 
0.22850 0.000048554000 
0.22900 0.000042526400 
0.22950 0.000036776800 
0.23000 0.000031027000 
0.23050 0.000025616200 
0.23100 0.000021395600 
0.23150 0.000017174980 
0.23200 0.000012954380 
0.23250 0.000009896340 
0.23300 0.000007277760 
0.23350 0.000004659200 
