0.00000 511.186000000000 
0.00050 462.510000000000 
0.00100 413.834000000000 
0.00150 365.156000000000 
0.00200 316.480000000000 
0.00250 280.974000000000 
0.00300 249.398000000000 
0.00350 222.990000000000 
0.00400 201.356000000000 
0.00450 180.902400000000 
0.00500 165.507200000000 
0.00550 150.112000000000 
0.00600 137.947200000000 
0.00650 126.666400000000 
0.00700 116.273400000000 
0.00750 107.810800000000 
0.00800 99.348400000000 
0.00850 92.445800000000 
0.00900 85.972200000000 
0.00950 79.784200000000 
0.01000 74.749000000000 
0.01050 69.713800000000 
0.01100 65.276400000000 
0.01150 61.303600000000 
0.01200 57.330800000000 
0.01250 54.061400000000 
0.01300 50.887400000000 
0.01350 47.809400000000 
0.01400 45.245200000000 
0.01450 42.681000000000 
0.01500 40.304000000000 
0.01550 38.212200000000 
0.01600 36.120200000000 
0.01650 34.250600000000 
0.01700 32.529000000000 
0.01750 30.807400000000 
0.01800 29.312400000000 
0.01850 27.884400000000 
0.01900 26.456400000000 
0.01950 25.243400000000 
0.02000 24.050400000000 
0.02050 22.863200000000 
0.02100 21.860200000000 
0.02150 20.857000000000 
0.02200 19.872720000000 
0.02250 19.024420000000 
0.02300 18.176100000000 
0.02350 17.351740000000 
0.02400 16.630460000000 
0.02450 15.909200000000 
0.02500 15.212560000000 
0.02550 14.596320000000 
0.02600 13.980080000000 
0.02650 13.386600000000 
0.02700 12.857760000000 
0.02750 12.328920000000 
0.02800 11.819620000000 
0.02850 11.363920000000 
0.02900 10.908240000000 
0.02950 10.468280000000 
0.03000 10.074160000000 
0.03050 9.680040000000 
0.03100 9.297740000000 
0.03150 8.955700000000 
0.03200 8.613660000000 
0.03250 8.279640000000 
0.03300 7.981860000000 
0.03350 7.684100000000 
0.03400 7.390840000000 
0.03450 7.130840000000 
0.03500 6.870860000000 
0.03550 6.612240000000 
0.03600 6.384620000000 
0.03650 6.157020000000 
0.03700 5.929400000000 
0.03750 5.728240000000 
0.03800 5.528500000000 
0.03850 5.328740000000 
0.03900 5.149220000000 
0.03950 4.973520000000 
0.04000 4.797800000000 
0.04050 4.637060000000 
0.04100 4.482180000000 
0.04150 4.327300000000 
0.04200 4.182920000000 
0.04250 4.046120000000 
0.04300 3.909320000000 
0.04350 3.779280000000 
0.04400 3.658240000000 
0.04450 3.537200000000 
0.04500 3.419760000000 
0.04550 3.312460000000 
0.04600 3.205180000000 
0.04650 3.098860000000 
0.04700 3.003600000000 
0.04750 2.908360000000 
0.04800 2.813120000000 
0.04850 2.727200000000 
0.04900 2.642500000000 
0.04950 2.557820000000 
0.05000 2.479380000000 
0.05050 2.403980000000 
0.05100 2.328580000000 
0.05150 2.256820000000 
0.05200 2.189600000000 
0.05250 2.122380000000 
0.05300 2.056620000000 
0.05350 1.996624000000 
0.05400 1.936620000000 
0.05450 1.876616000000 
0.05500 1.822648000000 
0.05550 1.769024000000 
0.05600 1.715398000000 
0.05650 1.665578000000 
0.05700 1.617598000000 
0.05750 1.569616000000 
0.05800 1.523572000000 
0.05850 1.480596000000 
0.05900 1.437622000000 
0.05950 1.395020000000 
0.06000 1.356488000000 
0.06050 1.317954000000 
0.06100 1.279420000000 
0.06150 1.243910000000 
0.06200 1.209324000000 
0.06250 1.174736000000 
0.06300 1.141672000000 
0.06350 1.110600000000 
0.06400 1.079528000000 
0.06450 1.048720000000 
0.06500 1.020776000000 
0.06550 0.992834000000 
0.06600 0.964892000000 
0.06650 0.938960000000 
0.06700 0.913810000000 
0.06750 0.888660000000 
0.06800 0.864358000000 
0.06850 0.841698000000 
0.06900 0.819040000000 
0.06950 0.796382000000 
0.07000 0.775830000000 
0.07050 0.755398000000 
0.07100 0.734968000000 
0.07150 0.715604000000 
0.07200 0.697166000000 
0.07250 0.678730000000 
0.07300 0.660490000000 
0.07350 0.643836000000 
0.07400 0.627184000000 
0.07450 0.610530000000 
0.07500 0.594950000000 
0.07550 0.579896000000 
0.07600 0.564842000000 
0.07650 0.550096000000 
0.07700 0.536478000000 
0.07750 0.522858000000 
0.07800 0.509238000000 
0.07850 0.496580000000 
0.07900 0.484248000000 
0.07950 0.471916000000 
0.08000 0.459888000000 
0.08050 0.448714000000 
0.08100 0.437540000000 
0.08150 0.426366000000 
0.08200 0.415986000000 
0.08250 0.405852000000 
0.08300 0.395718000000 
0.08350 0.385820000000 
0.08400 0.376622000000 
0.08450 0.367424000000 
0.08500 0.358226000000 
0.08550 0.349640000000 
0.08600 0.341286000000 
0.08650 0.332930000000 
0.08700 0.324720000000 
0.08750 0.317126000000 
0.08800 0.309532000000 
0.08850 0.301940000000 
0.08900 0.294782000000 
0.08950 0.287874000000 
0.09000 0.280964000000 
0.09050 0.274100000000 
0.09100 0.267812000000 
0.09150 0.261522000000 
0.09200 0.255234000000 
0.09250 0.249222000000 
0.09300 0.243492000000 
0.09350 0.237762000000 
0.09400 0.232032000000 
0.09450 0.226762000000 
0.09500 0.221538000000 
0.09550 0.216316000000 
0.09600 0.211232000000 
0.09650 0.206466000000 
0.09700 0.201698000000 
0.09750 0.196931800000 
0.09800 0.192454600000 
0.09850 0.188103200000 
0.09900 0.183751800000 
0.09950 0.179428600000 
0.10000 0.175452800000 
0.10050 0.171477000000 
0.10100 0.167501400000 
0.10150 0.163676200000 
0.10200 0.160041400000 
0.10250 0.156406400000 
0.10300 0.152771600000 
0.10350 0.149383800000 
0.10400 0.146058400000 
0.10450 0.142733000000 
0.10500 0.139448400000 
0.10550 0.136404200000 
0.10600 0.133360000000 
0.10650 0.130315800000 
0.10700 0.127394800000 
0.10750 0.124606400000 
0.10800 0.121817800000 
0.10850 0.119029400000 
0.10900 0.116429400000 
0.10950 0.113873600000 
0.11000 0.111317800000 
0.11050 0.108789200000 
0.11100 0.106444600000 
0.11150 0.104100000000 
0.11200 0.101755400000 
0.11250 0.099495800000 
0.11300 0.097345400000 
0.11350 0.095195000000 
0.11400 0.093044400000 
0.11450 0.091023600000 
0.11500 0.089048800000 
0.11550 0.087073800000 
0.11600 0.085104000000 
0.11650 0.083290000000 
0.11700 0.081476200000 
0.11750 0.079662200000 
0.11800 0.077894600000 
0.11850 0.076227200000 
0.11900 0.074559600000 
0.11950 0.072892200000 
0.12000 0.071304800000 
0.12050 0.069772800000 
0.12100 0.068240600000 
0.12150 0.066708600000 
0.12200 0.065281600000 
0.12250 0.063872000000 
0.12300 0.062462400000 
0.12350 0.061066200000 
0.12400 0.059768800000 
0.12450 0.058471400000 
0.12500 0.057174000000 
0.12550 0.055915000000 
0.12600 0.054721200000 
0.12650 0.053527200000 
0.12700 0.052333400000 
0.12750 0.051197800000 
0.12800 0.050099000000 
0.12850 0.049000200000 
0.12900 0.047901400000 
0.12950 0.046876000000 
0.13000 0.045863800000 
0.13050 0.044851600000 
0.13100 0.043845400000 
0.13150 0.042913400000 
0.13200 0.041981200000 
0.13250 0.041049200000 
0.13300 0.040138800000 
0.13350 0.039279800000 
0.13400 0.038420800000 
0.13450 0.037561800000 
0.13500 0.036737000000 
0.13550 0.035945400000 
0.13600 0.035153800000 
0.13650 0.034362200000 
0.13700 0.033614800000 
0.13750 0.032885800000 
0.13800 0.032156600000 
0.13850 0.031427600000 
0.13900 0.030750000000 
0.13950 0.030077800000 
0.14000 0.029405800000 
0.14050 0.028738400000 
0.14100 0.028119600000 
0.14150 0.027500600000 
0.14200 0.026881800000 
0.14250 0.026275600000 
0.14300 0.025705200000 
0.14350 0.025134800000 
0.14400 0.024564400000 
0.14450 0.024013200000 
0.14500 0.023487600000 
0.14550 0.022962000000 
0.14600 0.022436600000 
0.14650 0.021935000000 
0.14700 0.021450800000 
0.14750 0.020966600000 
0.14800 0.020482400000 
0.14850 0.020026200000 
0.14900 0.019580760000 
0.14950 0.019135220000 
0.15000 0.018689700000 
0.15050 0.018274500000 
0.15100 0.017864280000 
0.15150 0.017454040000 
0.15200 0.017043820000 
0.15250 0.016665640000 
0.15300 0.016288040000 
0.15350 0.015910460000 
0.15400 0.015535700000 
0.15450 0.015188680000 
0.15500 0.014841660000 
0.15550 0.014494640000 
0.15600 0.014152960000 
0.15650 0.013833840000 
0.15700 0.013514720000 
0.15750 0.013195600000 
0.15800 0.012883540000 
0.15850 0.012589860000 
0.15900 0.012296180000 
0.15950 0.012002520000 
0.16000 0.011717340000 
0.16050 0.011447900000 
0.16100 0.011178480000 
0.16150 0.010909040000 
0.16200 0.010648680000 
0.16250 0.010401320000 
0.16300 0.010153960000 
0.16350 0.009906600000 
0.16400 0.009668600000 
0.16450 0.009441660000 
0.16500 0.009214740000 
0.16550 0.008987800000 
0.16600 0.008770260000 
0.16650 0.008562520000 
0.16700 0.008354760000 
0.16750 0.008147020000 
0.16800 0.007947980000 
0.16850 0.007757400000 
0.16900 0.007566800000 
0.16950 0.007376220000 
0.17000 0.007194000000 
0.17050 0.007019820000 
0.17100 0.006845640000 
0.17150 0.006671460000 
0.17200 0.006504600000 
0.17250 0.006345040000 
0.17300 0.006185480000 
0.17350 0.006025940000 
0.17400 0.005872900000 
0.17450 0.005727120000 
0.17500 0.005581340000 
0.17550 0.005435540000 
0.17600 0.005295360000 
0.17650 0.005162520000 
0.17700 0.005029680000 
0.17750 0.004896820000 
0.17800 0.004768400000 
0.17850 0.004647240000 
0.17900 0.004526080000 
0.17950 0.004404940000 
0.18000 0.004287020000 
0.18050 0.004176440000 
0.18100 0.004065860000 
0.18150 0.003955280000 
0.18200 0.003846900000 
0.18250 0.003746260000 
0.18300 0.003645620000 
0.18350 0.003544980000 
0.18400 0.003445520000 
0.18450 0.003354220000 
0.18500 0.003262920000 
0.18550 0.003171620000 
0.18600 0.003080440000 
0.18650 0.002997360000 
0.18700 0.002914260000 
0.18750 0.002831180000 
0.18800 0.002748100000 
0.18850 0.002672060000 
0.18900 0.002596880000 
0.18950 0.002521680000 
0.19000 0.002446500000 
0.19050 0.002376560000 
0.19100 0.002308300000 
0.19150 0.002240020000 
0.19200 0.002171760000 
0.19250 0.002107480000 
0.19300 0.002045720000 
0.19350 0.001983956000 
0.19400 0.001922194000 
0.19450 0.001863188000 
0.19500 0.001807386000 
0.19550 0.001751584000 
0.19600 0.001695782000 
0.19650 0.001641640000 
0.19700 0.001591294000 
0.19750 0.001540948000 
0.19800 0.001490602000 
0.19850 0.001440966000 
0.19900 0.001395610000 
0.19950 0.001350254000 
0.20000 0.001304900000 
0.20050 0.001259544000 
0.20100 0.001218534000 
0.20150 0.001177622000 
0.20200 0.001136712000 
0.20250 0.001095800000 
0.20300 0.001058382000 
0.20350 0.001021760000 
0.20400 0.000985140000 
0.20450 0.000948518000 
0.20500 0.000914320000 
0.20550 0.000881400000 
0.20600 0.000848478000 
0.20650 0.000815558000 
0.20700 0.000784436000 
0.20750 0.000755092000 
0.20800 0.000725750000 
0.20850 0.000696408000 
0.20900 0.000668178000 
0.20950 0.000641914000 
0.21000 0.000615648000 
0.21050 0.000589382000 
0.21100 0.000563786000 
0.21150 0.000540340000 
0.21200 0.000516894000 
0.21250 0.000493448000 
0.21300 0.000470368000 
0.21350 0.000449660000 
0.21400 0.000428952000 
0.21450 0.000408244000 
0.21500 0.000387666000 
0.21550 0.000369310000 
0.21600 0.000350956000 
0.21650 0.000332602000 
0.21700 0.000314270000 
0.21750 0.000298210000 
0.21800 0.000282150000 
0.21850 0.000266090000 
0.21900 0.000250034000 
0.21950 0.000235956000 
0.22000 0.000221880000 
0.22050 0.000207802000 
0.22100 0.000193801000 
0.22150 0.000181568600 
0.22200 0.000169336200 
0.22250 0.000157103800 
0.22300 0.000145114200 
0.22350 0.000134701000 
0.22400 0.000124287600 
0.22450 0.000113874400 
0.22500 0.000103926400 
0.22550 0.000095129000 
0.22600 0.000086331400 
0.22650 0.000077534000 
0.22700 0.000069551800 
0.22750 0.000062340600 
0.22800 0.000055129400 
0.22850 0.000047918000 
0.22900 0.000041969600 
0.22950 0.000036295600 
0.23000 0.000030621400 
0.23050 0.000025281400 
0.23100 0.000021116200 
0.23150 0.000016950740 
0.23200 0.000012785400 
0.23250 0.000009767300 
0.23300 0.000007182900 
0.23350 0.000004598500 
