0.00000 496.930000000000 
0.00050 449.646000000000 
0.00100 402.364000000000 
0.00150 355.080000000000 
0.00200 307.798000000000 
0.00250 273.310000000000 
0.00300 242.640000000000 
0.00350 216.984000000000 
0.00400 195.968600000000 
0.00450 176.096000000000 
0.00500 161.135200000000 
0.00550 146.174400000000 
0.00600 134.350200000000 
0.00650 123.384200000000 
0.00700 113.280400000000 
0.00750 105.051200000000 
0.00800 96.822000000000 
0.00850 90.108200000000 
0.00900 83.810800000000 
0.00950 77.791000000000 
0.01000 72.891400000000 
0.01050 67.991800000000 
0.01100 63.673000000000 
0.01150 59.805600000000 
0.01200 55.938400000000 
0.01250 52.755000000000 
0.01300 49.664200000000 
0.01350 46.666800000000 
0.01400 44.169200000000 
0.01450 41.671400000000 
0.01500 39.355600000000 
0.01550 37.317400000000 
0.01600 35.279000000000 
0.01650 33.456800000000 
0.01700 31.778800000000 
0.01750 30.100800000000 
0.01800 28.643200000000 
0.01850 27.250800000000 
0.01900 25.858400000000 
0.01950 24.675400000000 
0.02000 23.511800000000 
0.02050 22.353800000000 
0.02100 21.375200000000 
0.02150 20.396600000000 
0.02200 19.436160000000 
0.02250 18.608240000000 
0.02300 17.780340000000 
0.02350 16.975780000000 
0.02400 16.271640000000 
0.02450 15.567520000000 
0.02500 14.887400000000 
0.02550 14.285620000000 
0.02600 13.683860000000 
0.02650 13.104280000000 
0.02700 12.587700000000 
0.02750 12.071120000000 
0.02800 11.573600000000 
0.02850 11.128360000000 
0.02900 10.683120000000 
0.02950 10.253220000000 
0.03000 9.868020000000 
0.03050 9.482820000000 
0.03100 9.109140000000 
0.03150 8.774760000000 
0.03200 8.440380000000 
0.03250 8.113840000000 
0.03300 7.822640000000 
0.03350 7.531460000000 
0.03400 7.244680000000 
0.03450 6.990360000000 
0.03500 6.736060000000 
0.03550 6.483080000000 
0.03600 6.260380000000 
0.03650 6.037700000000 
0.03700 5.815000000000 
0.03750 5.618140000000 
0.03800 5.422640000000 
0.03850 5.227160000000 
0.03900 5.051440000000 
0.03950 4.879440000000 
0.04000 4.707420000000 
0.04050 4.550060000000 
0.04100 4.398400000000 
0.04150 4.246740000000 
0.04200 4.105360000000 
0.04250 3.971380000000 
0.04300 3.837400000000 
0.04350 3.710020000000 
0.04400 3.591440000000 
0.04450 3.472880000000 
0.04500 3.357820000000 
0.04550 3.252680000000 
0.04600 3.147560000000 
0.04650 3.043380000000 
0.04700 2.950020000000 
0.04750 2.856660000000 
0.04800 2.763320000000 
0.04850 2.679100000000 
0.04900 2.596080000000 
0.04950 2.513060000000 
0.05000 2.436140000000 
0.05050 2.362200000000 
0.05100 2.288280000000 
0.05150 2.217900000000 
0.05200 2.151980000000 
0.05250 2.086040000000 
0.05300 2.021560000000 
0.05350 1.962696000000 
0.05400 1.903832000000 
0.05450 1.844968000000 
0.05500 1.792016000000 
0.05550 1.739398000000 
0.05600 1.686780000000 
0.05650 1.637892000000 
0.05700 1.590802000000 
0.05750 1.543712000000 
0.05800 1.498520000000 
0.05850 1.456334000000 
0.05900 1.414148000000 
0.05950 1.372330000000 
0.06000 1.334496000000 
0.06050 1.296662000000 
0.06100 1.258828000000 
0.06150 1.223958000000 
0.06200 1.189992000000 
0.06250 1.156026000000 
0.06300 1.123552000000 
0.06350 1.093032000000 
0.06400 1.062512000000 
0.06450 1.032252000000 
0.06500 1.004800000000 
0.06550 0.977348000000 
0.06600 0.949896000000 
0.06650 0.924414000000 
0.06700 0.899702000000 
0.06750 0.874988000000 
0.06800 0.851106000000 
0.06850 0.828838000000 
0.06900 0.806568000000 
0.06950 0.784300000000 
0.07000 0.764096000000 
0.07050 0.744012000000 
0.07100 0.723928000000 
0.07150 0.704890000000 
0.07200 0.686764000000 
0.07250 0.668636000000 
0.07300 0.650702000000 
0.07350 0.634326000000 
0.07400 0.617948000000 
0.07450 0.601572000000 
0.07500 0.586248000000 
0.07550 0.571442000000 
0.07600 0.556634000000 
0.07650 0.542132000000 
0.07700 0.528734000000 
0.07750 0.515336000000 
0.07800 0.501936000000 
0.07850 0.489482000000 
0.07900 0.477348000000 
0.07950 0.465216000000 
0.08000 0.453380000000 
0.08050 0.442384000000 
0.08100 0.431386000000 
0.08150 0.420390000000 
0.08200 0.410174000000 
0.08250 0.400198000000 
0.08300 0.390224000000 
0.08350 0.380480000000 
0.08400 0.371426000000 
0.08450 0.362370000000 
0.08500 0.353316000000 
0.08550 0.344864000000 
0.08600 0.336636000000 
0.08650 0.328410000000 
0.08700 0.320324000000 
0.08750 0.312846000000 
0.08800 0.305368000000 
0.08850 0.297892000000 
0.08900 0.290842000000 
0.08950 0.284038000000 
0.09000 0.277232000000 
0.09050 0.270472000000 
0.09100 0.264276000000 
0.09150 0.258080000000 
0.09200 0.251884000000 
0.09250 0.245962000000 
0.09300 0.240316000000 
0.09350 0.234670000000 
0.09400 0.229024000000 
0.09450 0.223832000000 
0.09500 0.218684000000 
0.09550 0.213538000000 
0.09600 0.208528000000 
0.09650 0.203830000000 
0.09700 0.199131600000 
0.09750 0.194433400000 
0.09800 0.190020200000 
0.09850 0.185730600000 
0.09900 0.181441200000 
0.09950 0.177179400000 
0.10000 0.173259800000 
0.10050 0.169340000000 
0.10100 0.165420200000 
0.10150 0.161648800000 
0.10200 0.158064600000 
0.10250 0.154480200000 
0.10300 0.150896000000 
0.10350 0.147555000000 
0.10400 0.144275400000 
0.10450 0.140995800000 
0.10500 0.137756400000 
0.10550 0.134753600000 
0.10600 0.131751000000 
0.10650 0.128748200000 
0.10700 0.125867000000 
0.10750 0.123116000000 
0.10800 0.120365000000 
0.10850 0.117614200000 
0.10900 0.115049000000 
0.10950 0.112527200000 
0.11000 0.110005600000 
0.11050 0.107510600000 
0.11100 0.105197000000 
0.11150 0.102883200000 
0.11200 0.100569600000 
0.11250 0.098339600000 
0.11300 0.096217200000 
0.11350 0.094094800000 
0.11400 0.091972400000 
0.11450 0.089977800000 
0.11500 0.088028400000 
0.11550 0.086079000000 
0.11600 0.084134400000 
0.11650 0.082343600000 
0.11700 0.080553000000 
0.11750 0.078762200000 
0.11800 0.077017000000 
0.11850 0.075370600000 
0.11900 0.073724200000 
0.11950 0.072077800000 
0.12000 0.070510200000 
0.12050 0.068997200000 
0.12100 0.067484200000 
0.12150 0.065971400000 
0.12200 0.064562000000 
0.12250 0.063169800000 
0.12300 0.061777800000 
0.12350 0.060398600000 
0.12400 0.059117000000 
0.12450 0.057835600000 
0.12500 0.056554000000 
0.12550 0.055310400000 
0.12600 0.054130800000 
0.12650 0.052951400000 
0.12700 0.051772000000 
0.12750 0.050650200000 
0.12800 0.049564400000 
0.12850 0.048478600000 
0.12900 0.047393000000 
0.12950 0.046379800000 
0.13000 0.045379400000 
0.13050 0.044379200000 
0.13100 0.043385000000 
0.13150 0.042463800000 
0.13200 0.041542600000 
0.13250 0.040621400000 
0.13300 0.039721600000 
0.13350 0.038872600000 
0.13400 0.038023600000 
0.13450 0.037174600000 
0.13500 0.036359200000 
0.13550 0.035576600000 
0.13600 0.034794000000 
0.13650 0.034011400000 
0.13700 0.033272600000 
0.13750 0.032551800000 
0.13800 0.031830800000 
0.13850 0.031110000000 
0.13900 0.030440000000 
0.13950 0.029775600000 
0.14000 0.029111000000 
0.14050 0.028451000000 
0.14100 0.027839000000 
0.14150 0.027227000000 
0.14200 0.026614800000 
0.14250 0.026015400000 
0.14300 0.025451200000 
0.14350 0.024887200000 
0.14400 0.024323000000 
0.14450 0.023777800000 
0.14500 0.023257800000 
0.14550 0.022738000000 
0.14600 0.022218200000 
0.14650 0.021722000000 
0.14700 0.021243000000 
0.14750 0.020764000000 
0.14800 0.020285000000 
0.14850 0.019833700000 
0.14900 0.019392900000 
0.14950 0.018952080000 
0.15000 0.018511280000 
0.15050 0.018100440000 
0.15100 0.017694500000 
0.15150 0.017288580000 
0.15200 0.016882640000 
0.15250 0.016508380000 
0.15300 0.016134720000 
0.15350 0.015761040000 
0.15400 0.015390160000 
0.15450 0.015046700000 
0.15500 0.014703240000 
0.15550 0.014359780000 
0.15600 0.014021600000 
0.15650 0.013705720000 
0.15700 0.013389840000 
0.15750 0.013073940000 
0.15800 0.012765040000 
0.15850 0.012474320000 
0.15900 0.012183600000 
0.15950 0.011892860000 
0.16000 0.011610540000 
0.16050 0.011343780000 
0.16100 0.011077020000 
0.16150 0.010810260000 
0.16200 0.010552480000 
0.16250 0.010307560000 
0.16300 0.010062620000 
0.16350 0.009817700000 
0.16400 0.009582020000 
0.16450 0.009357300000 
0.16500 0.009132560000 
0.16550 0.008907840000 
0.16600 0.008692420000 
0.16650 0.008486660000 
0.16700 0.008280920000 
0.16750 0.008075180000 
0.16800 0.007878040000 
0.16850 0.007689260000 
0.16900 0.007500480000 
0.16950 0.007311720000 
0.17000 0.007131240000 
0.17050 0.006958700000 
0.17100 0.006786160000 
0.17150 0.006613620000 
0.17200 0.006448300000 
0.17250 0.006290240000 
0.17300 0.006132180000 
0.17350 0.005974120000 
0.17400 0.005822500000 
0.17450 0.005678060000 
0.17500 0.005533620000 
0.17550 0.005389180000 
0.17600 0.005250300000 
0.17650 0.005118660000 
0.17700 0.004987020000 
0.17750 0.004855380000 
0.17800 0.004728120000 
0.17850 0.004608060000 
0.17900 0.004488020000 
0.17950 0.004367960000 
0.18000 0.004251120000 
0.18050 0.004141520000 
0.18100 0.004031920000 
0.18150 0.003922320000 
0.18200 0.003814940000 
0.18250 0.003715180000 
0.18300 0.003615440000 
0.18350 0.003515680000 
0.18400 0.003417100000 
0.18450 0.003326600000 
0.18500 0.003236100000 
0.18550 0.003145600000 
0.18600 0.003055220000 
0.18650 0.002972860000 
0.18700 0.002890500000 
0.18750 0.002808140000 
0.18800 0.002725780000 
0.18850 0.002650400000 
0.18900 0.002575860000 
0.18950 0.002501320000 
0.19000 0.002426780000 
0.19050 0.002357420000 
0.19100 0.002289740000 
0.19150 0.002222060000 
0.19200 0.002154360000 
0.19250 0.002090640000 
0.19300 0.002029400000 
0.19350 0.001968158000 
0.19400 0.001906914000 
0.19450 0.001848406000 
0.19500 0.001793070000 
0.19550 0.001737734000 
0.19600 0.001682398000 
0.19650 0.001628708000 
0.19700 0.001578780000 
0.19750 0.001528850000 
0.19800 0.001478920000 
0.19850 0.001429694000 
0.19900 0.001384710000 
0.19950 0.001339726000 
0.20000 0.001294744000 
0.20050 0.001249760000 
0.20100 0.001209082000 
0.20150 0.001168504000 
0.20200 0.001127924000 
0.20250 0.001087346000 
0.20300 0.001050230000 
0.20350 0.001013902000 
0.20400 0.000977576000 
0.20450 0.000941250000 
0.20500 0.000907324000 
0.20550 0.000874666000 
0.20600 0.000842008000 
0.20650 0.000809350000 
0.20700 0.000778474000 
0.20750 0.000749364000 
0.20800 0.000720252000 
0.20850 0.000691142000 
0.20900 0.000663136000 
0.20950 0.000637074000 
0.21000 0.000611014000 
0.21050 0.000584954000 
0.21100 0.000559558000 
0.21150 0.000536294000 
0.21200 0.000513030000 
0.21250 0.000489766000 
0.21300 0.000466864000 
0.21350 0.000446314000 
0.21400 0.000425764000 
0.21450 0.000405216000 
0.21500 0.000384796000 
0.21550 0.000366582000 
0.21600 0.000348366000 
0.21650 0.000330152000 
0.21700 0.000311958000 
0.21750 0.000296020000 
0.21800 0.000280080000 
0.21850 0.000264142000 
0.21900 0.000248208000 
0.21950 0.000234236000 
0.22000 0.000220264000 
0.22050 0.000206290000 
0.22100 0.000192394000 
0.22150 0.000180252200 
0.22200 0.000168110200 
0.22250 0.000155968400 
0.22300 0.000144067400 
0.22350 0.000133730400 
0.22400 0.000123393600 
0.22450 0.000113056600 
0.22500 0.000103181600 
0.22550 0.000094448000 
0.22600 0.000085714400 
0.22650 0.000076980800 
0.22700 0.000069056400 
0.22750 0.000061897200 
0.22800 0.000054737800 
0.22850 0.000047578400 
0.22900 0.000041672600 
0.22950 0.000036039000 
0.23000 0.000030405200 
0.23050 0.000025103400 
0.23100 0.000020967600 
0.23150 0.000016831700 
0.23200 0.000012695800 
0.23250 0.000009698960 
0.23300 0.000007132680 
0.23350 0.000004566400 
