0.00000 482.896000000000 
0.00050 436.994000000000 
0.00100 391.092000000000 
0.00150 345.188000000000 
0.00200 299.286000000000 
0.00250 265.802000000000 
0.00300 236.024000000000 
0.00350 211.112000000000 
0.00400 190.702400000000 
0.00450 171.401600000000 
0.00500 156.867000000000 
0.00550 142.332400000000 
0.00600 130.842000000000 
0.00650 120.184400000000 
0.00700 110.363800000000 
0.00750 102.363000000000 
0.00800 94.362200000000 
0.00850 87.832800000000 
0.00900 81.708000000000 
0.00950 75.852800000000 
0.01000 71.085400000000 
0.01050 66.318200000000 
0.01100 62.115200000000 
0.01150 58.351000000000 
0.01200 54.586800000000 
0.01250 51.487200000000 
0.01300 48.477600000000 
0.01350 45.559000000000 
0.01400 43.126000000000 
0.01450 40.693000000000 
0.01500 38.437000000000 
0.01550 36.451000000000 
0.01600 34.464800000000 
0.01650 32.688800000000 
0.01700 31.053200000000 
0.01750 29.417400000000 
0.01800 27.996400000000 
0.01850 26.638600000000 
0.01900 25.281000000000 
0.01950 24.127000000000 
0.02000 22.992000000000 
0.02050 21.862400000000 
0.02100 20.907600000000 
0.02150 19.952620000000 
0.02200 19.015480000000 
0.02250 18.207380000000 
0.02300 17.399280000000 
0.02350 16.613920000000 
0.02400 15.926420000000 
0.02450 15.238900000000 
0.02500 14.574800000000 
0.02550 13.987040000000 
0.02600 13.399300000000 
0.02650 12.833180000000 
0.02700 12.328480000000 
0.02750 11.823780000000 
0.02800 11.337660000000 
0.02850 10.902520000000 
0.02900 10.467380000000 
0.02950 10.047200000000 
0.03000 9.670640000000 
0.03050 9.294060000000 
0.03100 8.928740000000 
0.03150 8.601740000000 
0.03200 8.274740000000 
0.03250 7.955400000000 
0.03300 7.670560000000 
0.03350 7.385720000000 
0.03400 7.105200000000 
0.03450 6.856360000000 
0.03500 6.607520000000 
0.03550 6.360000000000 
0.03600 6.142040000000 
0.03650 5.924080000000 
0.03700 5.706120000000 
0.03750 5.513380000000 
0.03800 5.322000000000 
0.03850 5.130600000000 
0.03900 4.958520000000 
0.03950 4.790080000000 
0.04000 4.621640000000 
0.04050 4.467500000000 
0.04100 4.318940000000 
0.04150 4.170380000000 
0.04200 4.031880000000 
0.04250 3.900600000000 
0.04300 3.769320000000 
0.04350 3.644500000000 
0.04400 3.528280000000 
0.04450 3.412060000000 
0.04500 3.299300000000 
0.04550 3.196220000000 
0.04600 3.093160000000 
0.04650 2.991020000000 
0.04700 2.899480000000 
0.04750 2.807940000000 
0.04800 2.716400000000 
0.04850 2.633800000000 
0.04900 2.552360000000 
0.04950 2.470940000000 
0.05000 2.395480000000 
0.05050 2.322940000000 
0.05100 2.250400000000 
0.05150 2.181360000000 
0.05200 2.116660000000 
0.05250 2.051980000000 
0.05300 1.988680000000 
0.05350 1.930902000000 
0.05400 1.873122000000 
0.05450 1.815344000000 
0.05500 1.763354000000 
0.05550 1.711694000000 
0.05600 1.660032000000 
0.05650 1.612026000000 
0.05700 1.565780000000 
0.05750 1.519536000000 
0.05800 1.475152000000 
0.05850 1.433714000000 
0.05900 1.392276000000 
0.05950 1.351198000000 
0.06000 1.314026000000 
0.06050 1.276854000000 
0.06100 1.239682000000 
0.06150 1.205416000000 
0.06200 1.172036000000 
0.06250 1.138658000000 
0.06300 1.106742000000 
0.06350 1.076742000000 
0.06400 1.046742000000 
0.06450 1.016996000000 
0.06500 0.990006000000 
0.06550 0.963016000000 
0.06600 0.936026000000 
0.06650 0.910972000000 
0.06700 0.886668000000 
0.06750 0.862366000000 
0.06800 0.838880000000 
0.06850 0.816976000000 
0.06900 0.795072000000 
0.06950 0.773168000000 
0.07000 0.753292000000 
0.07050 0.733534000000 
0.07100 0.713774000000 
0.07150 0.695044000000 
0.07200 0.677206000000 
0.07250 0.659368000000 
0.07300 0.641720000000 
0.07350 0.625602000000 
0.07400 0.609486000000 
0.07450 0.593368000000 
0.07500 0.578282000000 
0.07550 0.563706000000 
0.07600 0.549130000000 
0.07650 0.534852000000 
0.07700 0.521660000000 
0.07750 0.508468000000 
0.07800 0.495276000000 
0.07850 0.483012000000 
0.07900 0.471062000000 
0.07950 0.459114000000 
0.08000 0.447458000000 
0.08050 0.436626000000 
0.08100 0.425794000000 
0.08150 0.414962000000 
0.08200 0.404898000000 
0.08250 0.395070000000 
0.08300 0.385242000000 
0.08350 0.375642000000 
0.08400 0.366720000000 
0.08450 0.357798000000 
0.08500 0.348874000000 
0.08550 0.340544000000 
0.08600 0.332436000000 
0.08650 0.324328000000 
0.08700 0.316360000000 
0.08750 0.308988000000 
0.08800 0.301618000000 
0.08850 0.294246000000 
0.08900 0.287296000000 
0.08950 0.280586000000 
0.09000 0.273878000000 
0.09050 0.267212000000 
0.09100 0.261102000000 
0.09150 0.254992000000 
0.09200 0.248882000000 
0.09250 0.243042000000 
0.09300 0.237474000000 
0.09350 0.231904000000 
0.09400 0.226336000000 
0.09450 0.221214000000 
0.09500 0.216136000000 
0.09550 0.211058000000 
0.09600 0.206116000000 
0.09650 0.201482000000 
0.09700 0.196845400000 
0.09750 0.192209800000 
0.09800 0.187854800000 
0.09850 0.183621800000 
0.09900 0.179388800000 
0.09950 0.175183200000 
0.10000 0.171314400000 
0.10050 0.167445600000 
0.10100 0.163576800000 
0.10150 0.159854000000 
0.10200 0.156315600000 
0.10250 0.152777400000 
0.10300 0.149239000000 
0.10350 0.145940600000 
0.10400 0.142702400000 
0.10450 0.139464200000 
0.10500 0.136265800000 
0.10550 0.133300600000 
0.10600 0.130335400000 
0.10650 0.127370000000 
0.10700 0.124524600000 
0.10750 0.121807600000 
0.10800 0.119090600000 
0.10850 0.116373600000 
0.10900 0.113839600000 
0.10950 0.111348600000 
0.11000 0.108857600000 
0.11050 0.106392800000 
0.11100 0.104107000000 
0.11150 0.101821000000 
0.11200 0.099535200000 
0.11250 0.097331800000 
0.11300 0.095234600000 
0.11350 0.093137200000 
0.11400 0.091040000000 
0.11450 0.089068800000 
0.11500 0.087142000000 
0.11550 0.085215400000 
0.11600 0.083293600000 
0.11650 0.081523400000 
0.11700 0.079753400000 
0.11750 0.077983200000 
0.11800 0.076258000000 
0.11850 0.074630400000 
0.11900 0.073002800000 
0.11950 0.071375000000 
0.12000 0.069825200000 
0.12050 0.068329200000 
0.12100 0.066833200000 
0.12150 0.065337200000 
0.12200 0.063943600000 
0.12250 0.062566800000 
0.12300 0.061190000000 
0.12350 0.059826200000 
0.12400 0.058558600000 
0.12450 0.057291000000 
0.12500 0.056023600000 
0.12550 0.054793200000 
0.12600 0.053626600000 
0.12650 0.052459800000 
0.12700 0.051293200000 
0.12750 0.050183200000 
0.12800 0.049109000000 
0.12850 0.048034800000 
0.12900 0.046960600000 
0.12950 0.045958000000 
0.13000 0.044968200000 
0.13050 0.043978400000 
0.13100 0.042994600000 
0.13150 0.042083000000 
0.13200 0.041171200000 
0.13250 0.040259600000 
0.13300 0.039369000000 
0.13350 0.038528600000 
0.13400 0.037688200000 
0.13450 0.036848000000 
0.13500 0.036040800000 
0.13550 0.035266000000 
0.13600 0.034491400000 
0.13650 0.033716600000 
0.13700 0.032985200000 
0.13750 0.032271400000 
0.13800 0.031557800000 
0.13850 0.030844000000 
0.13900 0.030180600000 
0.13950 0.029522600000 
0.14000 0.028864600000 
0.14050 0.028211000000 
0.14100 0.027604800000 
0.14150 0.026998600000 
0.14200 0.026392600000 
0.14250 0.025798800000 
0.14300 0.025240000000 
0.14350 0.024681200000 
0.14400 0.024122400000 
0.14450 0.023582400000 
0.14500 0.023067400000 
0.14550 0.022552400000 
0.14600 0.022037400000 
0.14650 0.021545800000 
0.14700 0.021071200000 
0.14750 0.020596600000 
0.14800 0.020122000000 
0.14850 0.019674920000 
0.14900 0.019238120000 
0.14950 0.018801320000 
0.15000 0.018364520000 
0.15050 0.017957380000 
0.15100 0.017555100000 
0.15150 0.017152820000 
0.15200 0.016750520000 
0.15250 0.016379580000 
0.15300 0.016009220000 
0.15350 0.015638840000 
0.15400 0.015271240000 
0.15450 0.014930780000 
0.15500 0.014590320000 
0.15550 0.014249860000 
0.15600 0.013914620000 
0.15650 0.013601460000 
0.15700 0.013288280000 
0.15750 0.012975120000 
0.15800 0.012668860000 
0.15850 0.012380600000 
0.15900 0.012092340000 
0.15950 0.011804080000 
0.16000 0.011524140000 
0.16050 0.011259620000 
0.16100 0.010995080000 
0.16150 0.010730540000 
0.16200 0.010474900000 
0.16250 0.010232000000 
0.16300 0.009989100000 
0.16350 0.009746180000 
0.16400 0.009512440000 
0.16450 0.009289540000 
0.16500 0.009066640000 
0.16550 0.008843740000 
0.16600 0.008630040000 
0.16650 0.008425960000 
0.16700 0.008221860000 
0.16750 0.008017760000 
0.16800 0.007822200000 
0.16850 0.007634900000 
0.16900 0.007447620000 
0.16950 0.007260340000 
0.17000 0.007081280000 
0.17050 0.006910080000 
0.17100 0.006738880000 
0.17150 0.006567700000 
0.17200 0.006403660000 
0.17250 0.006246820000 
0.17300 0.006089960000 
0.17350 0.005933120000 
0.17400 0.005782660000 
0.17450 0.005639320000 
0.17500 0.005495960000 
0.17550 0.005352620000 
0.17600 0.005214780000 
0.17650 0.005084120000 
0.17700 0.004953480000 
0.17750 0.004822820000 
0.17800 0.004696500000 
0.17850 0.004577340000 
0.17900 0.004458160000 
0.17950 0.004338980000 
0.18000 0.004223000000 
0.18050 0.004114200000 
0.18100 0.004005400000 
0.18150 0.003896600000 
0.18200 0.003789980000 
0.18250 0.003690960000 
0.18300 0.003591920000 
0.18350 0.003492880000 
0.18400 0.003395000000 
0.18450 0.003305140000 
0.18500 0.003215280000 
0.18550 0.003125420000 
0.18600 0.003035680000 
0.18650 0.002953900000 
0.18700 0.002872100000 
0.18750 0.002790320000 
0.18800 0.002708540000 
0.18850 0.002633660000 
0.18900 0.002559640000 
0.18950 0.002485620000 
0.19000 0.002411580000 
0.19050 0.002342720000 
0.19100 0.002275480000 
0.19150 0.002208260000 
0.19200 0.002141020000 
0.19250 0.002077720000 
0.19300 0.002016900000 
0.19350 0.001956062000 
0.19400 0.001895230000 
0.19450 0.001837110000 
0.19500 0.001782138000 
0.19550 0.001727166000 
0.19600 0.001672194000 
0.19650 0.001618858000 
0.19700 0.001569254000 
0.19750 0.001519648000 
0.19800 0.001470044000 
0.19850 0.001421136000 
0.19900 0.001376442000 
0.19950 0.001331746000 
0.20000 0.001287052000 
0.20050 0.001242356000 
0.20100 0.001201936000 
0.20150 0.001161614000 
0.20200 0.001121292000 
0.20250 0.001080970000 
0.20300 0.001044084000 
0.20350 0.001007984000 
0.20400 0.000971884000 
0.20450 0.000935786000 
0.20500 0.000902070000 
0.20550 0.000869612000 
0.20600 0.000837154000 
0.20650 0.000804698000 
0.20700 0.000774010000 
0.20750 0.000745076000 
0.20800 0.000716142000 
0.20850 0.000687208000 
0.20900 0.000659370000 
0.20950 0.000633466000 
0.21000 0.000607562000 
0.21050 0.000581658000 
0.21100 0.000556412000 
0.21150 0.000533286000 
0.21200 0.000510160000 
0.21250 0.000487032000 
0.21300 0.000464264000 
0.21350 0.000443836000 
0.21400 0.000423406000 
0.21450 0.000402976000 
0.21500 0.000382676000 
0.21550 0.000364566000 
0.21600 0.000346456000 
0.21650 0.000328344000 
0.21700 0.000310256000 
0.21750 0.000294408000 
0.21800 0.000278558000 
0.21850 0.000262710000 
0.21900 0.000246866000 
0.21950 0.000232972000 
0.22000 0.000219078000 
0.22050 0.000205184000 
0.22100 0.000191364800 
0.22150 0.000179289800 
0.22200 0.000167214800 
0.22250 0.000155139800 
0.22300 0.000143304200 
0.22350 0.000133023400 
0.22400 0.000122742600 
0.22450 0.000112461800 
0.22500 0.000102640200 
0.22550 0.000093953400 
0.22600 0.000085266600 
0.22650 0.000076579800 
0.22700 0.000068697800 
0.22750 0.000061576200 
0.22800 0.000054454800 
0.22850 0.000047333200 
0.22900 0.000041458400 
0.22950 0.000035854000 
0.23000 0.000030249600 
0.23050 0.000024975400 
0.23100 0.000020860800 
0.23150 0.000016746160 
0.23200 0.000012631520 
0.23250 0.000009649940 
0.23300 0.000007096680 
0.23350 0.000004543420 
