0.00000 469.468000000000 
0.00050 424.898000000000 
0.00100 380.330000000000 
0.00150 335.762000000000 
0.00200 291.194000000000 
0.00250 258.672000000000 
0.00300 229.746000000000 
0.00350 205.542000000000 
0.00400 185.705400000000 
0.00450 166.946000000000 
0.00500 152.813200000000 
0.00550 138.680600000000 
0.00600 127.504200000000 
0.00650 117.136800000000 
0.00700 107.582600000000 
0.00750 99.796600000000 
0.00800 92.010400000000 
0.00850 85.654400000000 
0.00900 79.691600000000 
0.00950 73.990800000000 
0.01000 69.348000000000 
0.01050 64.705200000000 
0.01100 60.611200000000 
0.01150 56.944000000000 
0.01200 53.276800000000 
0.01250 50.256600000000 
0.01300 47.323600000000 
0.01350 44.479000000000 
0.01400 42.107400000000 
0.01450 39.735800000000 
0.01500 37.536400000000 
0.01550 35.599600000000 
0.01600 33.663000000000 
0.01650 31.931000000000 
0.01700 30.335600000000 
0.01750 28.740200000000 
0.01800 27.353800000000 
0.01850 26.029400000000 
0.01900 24.704800000000 
0.01950 23.578600000000 
0.02000 22.471000000000 
0.02050 21.368800000000 
0.02100 20.436800000000 
0.02150 19.504700000000 
0.02200 18.589960000000 
0.02250 17.801020000000 
0.02300 17.012080000000 
0.02350 16.245320000000 
0.02400 15.573980000000 
0.02450 14.902620000000 
0.02500 14.254100000000 
0.02550 13.680040000000 
0.02600 13.105980000000 
0.02650 12.553020000000 
0.02700 12.059980000000 
0.02750 11.566940000000 
0.02800 11.092040000000 
0.02850 10.666860000000 
0.02900 10.241700000000 
0.02950 9.831140000000 
0.03000 9.463140000000 
0.03050 9.095120000000 
0.03100 8.738080000000 
0.03150 8.418480000000 
0.03200 8.098860000000 
0.03250 7.786700000000 
0.03300 7.508240000000 
0.03350 7.229780000000 
0.03400 6.955540000000 
0.03450 6.712240000000 
0.03500 6.468940000000 
0.03550 6.226900000000 
0.03600 6.013760000000 
0.03650 5.800600000000 
0.03700 5.587460000000 
0.03750 5.398940000000 
0.03800 5.211760000000 
0.03850 5.024560000000 
0.03900 4.856240000000 
0.03950 4.691460000000 
0.04000 4.526680000000 
0.04050 4.375880000000 
0.04100 4.230540000000 
0.04150 4.085200000000 
0.04200 3.949660000000 
0.04250 3.821200000000 
0.04300 3.692740000000 
0.04350 3.570600000000 
0.04400 3.456860000000 
0.04450 3.343140000000 
0.04500 3.232760000000 
0.04550 3.131900000000 
0.04600 3.031020000000 
0.04650 2.931040000000 
0.04700 2.841420000000 
0.04750 2.751820000000 
0.04800 2.662200000000 
0.04850 2.581340000000 
0.04900 2.501620000000 
0.04950 2.421880000000 
0.05000 2.348000000000 
0.05050 2.276980000000 
0.05100 2.205960000000 
0.05150 2.138340000000 
0.05200 2.075000000000 
0.05250 2.011640000000 
0.05300 1.949658000000 
0.05350 1.893070000000 
0.05400 1.836480000000 
0.05450 1.779892000000 
0.05500 1.728970000000 
0.05550 1.678366000000 
0.05600 1.627764000000 
0.05650 1.580736000000 
0.05700 1.535434000000 
0.05750 1.490132000000 
0.05800 1.446650000000 
0.05850 1.406052000000 
0.05900 1.365452000000 
0.05950 1.325208000000 
0.06000 1.288784000000 
0.06050 1.252362000000 
0.06100 1.215940000000 
0.06150 1.182362000000 
0.06200 1.149652000000 
0.06250 1.116942000000 
0.06300 1.085666000000 
0.06350 1.056264000000 
0.06400 1.026864000000 
0.06450 0.997710000000 
0.06500 0.971256000000 
0.06550 0.944802000000 
0.06600 0.918348000000 
0.06650 0.893790000000 
0.06700 0.869966000000 
0.06750 0.846144000000 
0.06800 0.823120000000 
0.06850 0.801648000000 
0.06900 0.780174000000 
0.06950 0.758702000000 
0.07000 0.739214000000 
0.07050 0.719842000000 
0.07100 0.700470000000 
0.07150 0.682104000000 
0.07200 0.664614000000 
0.07250 0.647124000000 
0.07300 0.629820000000 
0.07350 0.614014000000 
0.07400 0.598208000000 
0.07450 0.582404000000 
0.07500 0.567610000000 
0.07550 0.553316000000 
0.07600 0.539022000000 
0.07650 0.525018000000 
0.07700 0.512080000000 
0.07750 0.499142000000 
0.07800 0.486202000000 
0.07850 0.474172000000 
0.07900 0.462452000000 
0.07950 0.450730000000 
0.08000 0.439298000000 
0.08050 0.428672000000 
0.08100 0.418046000000 
0.08150 0.407420000000 
0.08200 0.397548000000 
0.08250 0.387906000000 
0.08300 0.378264000000 
0.08350 0.368846000000 
0.08400 0.360092000000 
0.08450 0.351338000000 
0.08500 0.342584000000 
0.08550 0.334410000000 
0.08600 0.326456000000 
0.08650 0.318500000000 
0.08700 0.310680000000 
0.08750 0.303446000000 
0.08800 0.296214000000 
0.08850 0.288980000000 
0.08900 0.282160000000 
0.08950 0.275576000000 
0.09000 0.268992000000 
0.09050 0.262450000000 
0.09100 0.256454000000 
0.09150 0.250458000000 
0.09200 0.244462000000 
0.09250 0.238728000000 
0.09300 0.233264000000 
0.09350 0.227798000000 
0.09400 0.222332000000 
0.09450 0.217304000000 
0.09500 0.212320000000 
0.09550 0.207336000000 
0.09600 0.202484000000 
0.09650 0.197934000000 
0.09700 0.193383400000 
0.09750 0.188832800000 
0.09800 0.184557400000 
0.09850 0.180401800000 
0.09900 0.176246200000 
0.09950 0.172117200000 
0.10000 0.168318800000 
0.10050 0.164520400000 
0.10100 0.160722000000 
0.10150 0.157067000000 
0.10200 0.153592800000 
0.10250 0.150118600000 
0.10300 0.146644400000 
0.10350 0.143405600000 
0.10400 0.140225800000 
0.10450 0.137046200000 
0.10500 0.133905600000 
0.10550 0.130993600000 
0.10600 0.128081800000 
0.10650 0.125169800000 
0.10700 0.122375400000 
0.10750 0.119707000000 
0.10800 0.117038800000 
0.10850 0.114370400000 
0.10900 0.111881800000 
0.10950 0.109435200000 
0.11000 0.106988600000 
0.11050 0.104568000000 
0.11100 0.102322800000 
0.11150 0.100077600000 
0.11200 0.097832200000 
0.11250 0.095668200000 
0.11300 0.093608000000 
0.11350 0.091548000000 
0.11400 0.089487800000 
0.11450 0.087551400000 
0.11500 0.085658800000 
0.11550 0.083766200000 
0.11600 0.081878200000 
0.11650 0.080139400000 
0.11700 0.078400400000 
0.11750 0.076661400000 
0.11800 0.074966600000 
0.11850 0.073367400000 
0.11900 0.071768400000 
0.11950 0.070169200000 
0.12000 0.068646400000 
0.12050 0.067176600000 
0.12100 0.065706800000 
0.12150 0.064236800000 
0.12200 0.062867600000 
0.12250 0.061514800000 
0.12300 0.060162000000 
0.12350 0.058821800000 
0.12400 0.057576200000 
0.12450 0.056330800000 
0.12500 0.055085200000 
0.12550 0.053876200000 
0.12600 0.052729800000 
0.12650 0.051583200000 
0.12700 0.050436600000 
0.12750 0.049345800000 
0.12800 0.048290200000 
0.12850 0.047234600000 
0.12900 0.046178800000 
0.12950 0.045193600000 
0.13000 0.044220800000 
0.13050 0.043248000000 
0.13100 0.042281000000 
0.13150 0.041385000000 
0.13200 0.040488800000 
0.13250 0.039592800000 
0.13300 0.038717400000 
0.13350 0.037891400000 
0.13400 0.037065400000 
0.13450 0.036239400000 
0.13500 0.035446000000 
0.13550 0.034684600000 
0.13600 0.033923000000 
0.13650 0.033161400000 
0.13700 0.032442400000 
0.13750 0.031740800000 
0.13800 0.031039200000 
0.13850 0.030337600000 
0.13900 0.029685200000 
0.13950 0.029038400000 
0.14000 0.028391400000 
0.14050 0.027749000000 
0.14100 0.027153000000 
0.14150 0.026557000000 
0.14200 0.025961200000 
0.14250 0.025377400000 
0.14300 0.024828000000 
0.14350 0.024278600000 
0.14400 0.023729200000 
0.14450 0.023198200000 
0.14500 0.022691800000 
0.14550 0.022185400000 
0.14600 0.021679000000 
0.14650 0.021195800000 
0.14700 0.020729000000 
0.14750 0.020262400000 
0.14800 0.019795760000 
0.14850 0.019356040000 
0.14900 0.018926520000 
0.14950 0.018496980000 
0.15000 0.018067460000 
0.15050 0.017667060000 
0.15100 0.017271460000 
0.15150 0.016875840000 
0.15200 0.016480220000 
0.15250 0.016115420000 
0.15300 0.015751180000 
0.15350 0.015386940000 
0.15400 0.015025420000 
0.15450 0.014690560000 
0.15500 0.014355720000 
0.15550 0.014020860000 
0.15600 0.013691160000 
0.15650 0.013383140000 
0.15700 0.013075120000 
0.15750 0.012767100000 
0.15800 0.012465880000 
0.15850 0.012182340000 
0.15900 0.011898800000 
0.15950 0.011615260000 
0.16000 0.011339920000 
0.16050 0.011079700000 
0.16100 0.010819500000 
0.16150 0.010559300000 
0.16200 0.010307820000 
0.16250 0.010068880000 
0.16300 0.009829940000 
0.16350 0.009590980000 
0.16400 0.009361040000 
0.16450 0.009141760000 
0.16500 0.008922480000 
0.16550 0.008703220000 
0.16600 0.008493000000 
0.16650 0.008292200000 
0.16700 0.008091420000 
0.16750 0.007890620000 
0.16800 0.007698240000 
0.16850 0.007513980000 
0.16900 0.007329720000 
0.16950 0.007145460000 
0.17000 0.006969280000 
0.17050 0.006800860000 
0.17100 0.006632420000 
0.17150 0.006463980000 
0.17200 0.006302600000 
0.17250 0.006148260000 
0.17300 0.005993940000 
0.17350 0.005839620000 
0.17400 0.005691580000 
0.17450 0.005550520000 
0.17500 0.005409480000 
0.17550 0.005268440000 
0.17600 0.005132800000 
0.17650 0.005004240000 
0.17700 0.004875680000 
0.17750 0.004747120000 
0.17800 0.004622820000 
0.17850 0.004505540000 
0.17900 0.004388280000 
0.17950 0.004271000000 
0.18000 0.004156880000 
0.18050 0.004049800000 
0.18100 0.003942740000 
0.18150 0.003835660000 
0.18200 0.003730740000 
0.18250 0.003633280000 
0.18300 0.003535820000 
0.18350 0.003438360000 
0.18400 0.003342020000 
0.18450 0.003253600000 
0.18500 0.003165160000 
0.18550 0.003076720000 
0.18600 0.002988400000 
0.18650 0.002907900000 
0.18700 0.002827400000 
0.18750 0.002746920000 
0.18800 0.002666420000 
0.18850 0.002592740000 
0.18900 0.002519880000 
0.18950 0.002447020000 
0.19000 0.002374160000 
0.19050 0.002306360000 
0.19100 0.002240200000 
0.19150 0.002174020000 
0.19200 0.002107840000 
0.19250 0.002045540000 
0.19300 0.001985664000 
0.19350 0.001925786000 
0.19400 0.001865908000 
0.19450 0.001808698000 
0.19500 0.001754588000 
0.19550 0.001700476000 
0.19600 0.001646366000 
0.19650 0.001593862000 
0.19700 0.001545032000 
0.19750 0.001496202000 
0.19800 0.001447372000 
0.19850 0.001399230000 
0.19900 0.001355230000 
0.19950 0.001311232000 
0.20000 0.001267234000 
0.20050 0.001223234000 
0.20100 0.001183444000 
0.20150 0.001143748000 
0.20200 0.001104052000 
0.20250 0.001064356000 
0.20300 0.001028044000 
0.20350 0.000992504000 
0.20400 0.000956966000 
0.20450 0.000921426000 
0.20500 0.000888232000 
0.20550 0.000856278000 
0.20600 0.000824322000 
0.20650 0.000792368000 
0.20700 0.000762154000 
0.20750 0.000733668000 
0.20800 0.000705182000 
0.20850 0.000676694000 
0.20900 0.000649286000 
0.20950 0.000623782000 
0.21000 0.000598276000 
0.21050 0.000572772000 
0.21100 0.000547916000 
0.21150 0.000525144000 
0.21200 0.000502374000 
0.21250 0.000479602000 
0.21300 0.000457184000 
0.21350 0.000437068000 
0.21400 0.000416954000 
0.21450 0.000396838000 
0.21500 0.000376848000 
0.21550 0.000359016000 
0.21600 0.000341182000 
0.21650 0.000323350000 
0.21700 0.000305538000 
0.21750 0.000289932000 
0.21800 0.000274326000 
0.21850 0.000258720000 
0.21900 0.000243118000 
0.21950 0.000229436000 
0.22000 0.000215754000 
0.22050 0.000202072000 
0.22100 0.000188462600 
0.22150 0.000176571600 
0.22200 0.000164680400 
0.22250 0.000152789200 
0.22300 0.000141133800 
0.22350 0.000131009400 
0.22400 0.000120884800 
0.22450 0.000110760400 
0.22500 0.000101087800 
0.22550 0.000092532800 
0.22600 0.000083977800 
0.22650 0.000075422800 
0.22700 0.000067660200 
0.22750 0.000060646400 
0.22800 0.000053632800 
0.22850 0.000046619000 
0.22900 0.000040833000 
0.22950 0.000035313200 
0.23000 0.000029793600 
0.23050 0.000024599000 
0.23100 0.000020546600 
0.23150 0.000016493960 
0.23200 0.000012441380 
0.23250 0.000009504720 
0.23300 0.000006989900 
0.23350 0.000004475080 
