0.00000 453.104000000000 
0.00050 410.106000000000 
0.00100 367.110000000000 
0.00150 324.112000000000 
0.00200 281.114000000000 
0.00250 249.740000000000 
0.00300 221.834000000000 
0.00350 198.482400000000 
0.00400 179.343600000000 
0.00450 161.243600000000 
0.00500 147.606000000000 
0.00550 133.968400000000 
0.00600 123.182000000000 
0.00650 113.176000000000 
0.00700 103.954400000000 
0.00750 96.438200000000 
0.00800 88.922200000000 
0.00850 82.785800000000 
0.00900 77.028600000000 
0.00950 71.524400000000 
0.01000 67.040800000000 
0.01050 62.557400000000 
0.01100 58.603400000000 
0.01150 55.061600000000 
0.01200 51.519600000000 
0.01250 48.601800000000 
0.01300 45.768600000000 
0.01350 43.020600000000 
0.01400 40.729000000000 
0.01450 38.437400000000 
0.01500 36.312200000000 
0.01550 34.440600000000 
0.01600 32.569000000000 
0.01650 30.895200000000 
0.01700 29.353200000000 
0.01750 27.811200000000 
0.01800 26.471000000000 
0.01850 25.190600000000 
0.01900 23.910200000000 
0.01950 22.821400000000 
0.02000 21.750600000000 
0.02050 20.684800000000 
0.02100 19.783480000000 
0.02150 18.882180000000 
0.02200 17.997600000000 
0.02250 17.234580000000 
0.02300 16.471540000000 
0.02350 15.729940000000 
0.02400 15.080540000000 
0.02450 14.431140000000 
0.02500 13.803800000000 
0.02550 13.248440000000 
0.02600 12.693060000000 
0.02650 12.158100000000 
0.02700 11.681040000000 
0.02750 11.203980000000 
0.02800 10.744460000000 
0.02850 10.333020000000 
0.02900 9.921580000000 
0.02950 9.524260000000 
0.03000 9.168100000000 
0.03050 8.811920000000 
0.03100 8.466360000000 
0.03150 8.156980000000 
0.03200 7.847600000000 
0.03250 7.545440000000 
0.03300 7.275860000000 
0.03350 7.006280000000 
0.03400 6.740780000000 
0.03450 6.505220000000 
0.03500 6.269640000000 
0.03550 6.035300000000 
0.03600 5.828900000000 
0.03650 5.622500000000 
0.03700 5.416100000000 
0.03750 5.233560000000 
0.03800 5.052260000000 
0.03850 4.870980000000 
0.03900 4.707940000000 
0.03950 4.548340000000 
0.04000 4.388760000000 
0.04050 4.242680000000 
0.04100 4.101880000000 
0.04150 3.961100000000 
0.04200 3.829820000000 
0.04250 3.705360000000 
0.04300 3.580920000000 
0.04350 3.462580000000 
0.04400 3.352380000000 
0.04450 3.242180000000 
0.04500 3.135240000000 
0.04550 3.037500000000 
0.04600 2.939760000000 
0.04650 2.842880000000 
0.04700 2.756040000000 
0.04750 2.669200000000 
0.04800 2.582360000000 
0.04850 2.503980000000 
0.04900 2.426700000000 
0.04950 2.349440000000 
0.05000 2.277840000000 
0.05050 2.209000000000 
0.05100 2.140160000000 
0.05150 2.074620000000 
0.05200 2.013200000000 
0.05250 1.951782000000 
0.05300 1.891700000000 
0.05350 1.836838000000 
0.05400 1.781976000000 
0.05450 1.727116000000 
0.05500 1.677742000000 
0.05550 1.628680000000 
0.05600 1.579618000000 
0.05650 1.534018000000 
0.05700 1.490090000000 
0.05750 1.446164000000 
0.05800 1.404000000000 
0.05850 1.364630000000 
0.05900 1.325260000000 
0.05950 1.286232000000 
0.06000 1.250908000000 
0.06050 1.215584000000 
0.06100 1.180262000000 
0.06150 1.147696000000 
0.06200 1.115970000000 
0.06250 1.084244000000 
0.06300 1.053906000000 
0.06350 1.025388000000 
0.06400 0.996870000000 
0.06450 0.968592000000 
0.06500 0.942930000000 
0.06550 0.917266000000 
0.06600 0.891604000000 
0.06650 0.867778000000 
0.06700 0.844666000000 
0.06750 0.821556000000 
0.06800 0.799218000000 
0.06850 0.778384000000 
0.06900 0.757550000000 
0.06950 0.736716000000 
0.07000 0.717808000000 
0.07050 0.699012000000 
0.07100 0.680214000000 
0.07150 0.662394000000 
0.07200 0.645422000000 
0.07250 0.628450000000 
0.07300 0.611658000000 
0.07350 0.596318000000 
0.07400 0.580980000000 
0.07450 0.565642000000 
0.07500 0.551284000000 
0.07550 0.537412000000 
0.07600 0.523538000000 
0.07650 0.509948000000 
0.07700 0.497390000000 
0.07750 0.484832000000 
0.07800 0.472272000000 
0.07850 0.460596000000 
0.07900 0.449218000000 
0.07950 0.437842000000 
0.08000 0.426744000000 
0.08050 0.416428000000 
0.08100 0.406114000000 
0.08150 0.395800000000 
0.08200 0.386214000000 
0.08250 0.376854000000 
0.08300 0.367494000000 
0.08350 0.358352000000 
0.08400 0.349852000000 
0.08450 0.341352000000 
0.08500 0.332854000000 
0.08550 0.324918000000 
0.08600 0.317192000000 
0.08650 0.309468000000 
0.08700 0.301876000000 
0.08750 0.294852000000 
0.08800 0.287828000000 
0.08850 0.280806000000 
0.08900 0.274184000000 
0.08950 0.267788000000 
0.09000 0.261394000000 
0.09050 0.255042000000 
0.09100 0.249220000000 
0.09150 0.243396000000 
0.09200 0.237572000000 
0.09250 0.232006000000 
0.09300 0.226698000000 
0.09350 0.221390000000 
0.09400 0.216082000000 
0.09450 0.211198000000 
0.09500 0.206356000000 
0.09550 0.201516000000 
0.09600 0.196803800000 
0.09650 0.192383800000 
0.09700 0.187963600000 
0.09750 0.183543400000 
0.09800 0.179390600000 
0.09850 0.175353800000 
0.09900 0.171317000000 
0.09950 0.167306200000 
0.10000 0.163616200000 
0.10050 0.159926400000 
0.10100 0.156236400000 
0.10150 0.152685400000 
0.10200 0.149310400000 
0.10250 0.145935200000 
0.10300 0.142560000000 
0.10350 0.139413200000 
0.10400 0.136324000000 
0.10450 0.133234600000 
0.10500 0.130183200000 
0.10550 0.127354000000 
0.10600 0.124524600000 
0.10650 0.121695400000 
0.10700 0.118980200000 
0.10750 0.116387400000 
0.10800 0.113794600000 
0.10850 0.111202000000 
0.10900 0.108783600000 
0.10950 0.106406200000 
0.11000 0.104028800000 
0.11050 0.101676600000 
0.11100 0.099494600000 
0.11150 0.097312800000 
0.11200 0.095130800000 
0.11250 0.093027600000 
0.11300 0.091025600000 
0.11350 0.089023400000 
0.11400 0.087021200000 
0.11450 0.085139400000 
0.11500 0.083299800000 
0.11550 0.081460400000 
0.11600 0.079625600000 
0.11650 0.077935400000 
0.11700 0.076245200000 
0.11750 0.074555000000 
0.11800 0.072907600000 
0.11850 0.071353200000 
0.11900 0.069798800000 
0.11950 0.068244600000 
0.12000 0.066764400000 
0.12050 0.065335600000 
0.12100 0.063906800000 
0.12150 0.062478000000 
0.12200 0.061146800000 
0.12250 0.059831800000 
0.12300 0.058516600000 
0.12350 0.057214000000 
0.12400 0.056003000000 
0.12450 0.054792200000 
0.12500 0.053581200000 
0.12550 0.052406000000 
0.12600 0.051291400000 
0.12650 0.050176600000 
0.12700 0.049062000000 
0.12750 0.048001400000 
0.12800 0.046975000000 
0.12850 0.045948600000 
0.12900 0.044922200000 
0.12950 0.043964200000 
0.13000 0.043018200000 
0.13050 0.042072400000 
0.13100 0.041132200000 
0.13150 0.040261000000 
0.13200 0.039389600000 
0.13250 0.038518400000 
0.13300 0.037667200000 
0.13350 0.036864000000 
0.13400 0.036060600000 
0.13450 0.035257400000 
0.13500 0.034486000000 
0.13550 0.033745400000 
0.13600 0.033004800000 
0.13650 0.032264200000 
0.13700 0.031565000000 
0.13750 0.030882600000 
0.13800 0.030200200000 
0.13850 0.029518000000 
0.13900 0.028883600000 
0.13950 0.028254400000 
0.14000 0.027625200000 
0.14050 0.027000400000 
0.14100 0.026420800000 
0.14150 0.025841200000 
0.14200 0.025261600000 
0.14250 0.024693800000 
0.14300 0.024159400000 
0.14350 0.023625000000 
0.14400 0.023090600000 
0.14450 0.022574200000 
0.14500 0.022081600000 
0.14550 0.021589000000 
0.14600 0.021096400000 
0.14650 0.020626400000 
0.14700 0.020172400000 
0.14750 0.019718460000 
0.14800 0.019264520000 
0.14850 0.018836760000 
0.14900 0.018418920000 
0.14950 0.018001080000 
0.15000 0.017583240000 
0.15050 0.017193740000 
0.15100 0.016808860000 
0.15150 0.016424000000 
0.15200 0.016039140000 
0.15250 0.015684220000 
0.15300 0.015329840000 
0.15350 0.014975480000 
0.15400 0.014623760000 
0.15450 0.014297980000 
0.15500 0.013972200000 
0.15550 0.013646420000 
0.15600 0.013325640000 
0.15650 0.013025940000 
0.15700 0.012726260000 
0.15750 0.012426560000 
0.15800 0.012133480000 
0.15850 0.011857600000 
0.15900 0.011581720000 
0.15950 0.011305820000 
0.16000 0.011037900000 
0.16050 0.010784720000 
0.16100 0.010531520000 
0.16150 0.010278320000 
0.16200 0.010033640000 
0.16250 0.009801120000 
0.16300 0.009568600000 
0.16350 0.009336080000 
0.16400 0.009112320000 
0.16450 0.008898940000 
0.16500 0.008685560000 
0.16550 0.008472180000 
0.16600 0.008267600000 
0.16650 0.008072200000 
0.16700 0.007876800000 
0.16750 0.007681400000 
0.16800 0.007494160000 
0.16850 0.007314840000 
0.16900 0.007135520000 
0.16950 0.006956200000 
0.17000 0.006784740000 
0.17050 0.006620800000 
0.17100 0.006456880000 
0.17150 0.006292960000 
0.17200 0.006135880000 
0.17250 0.005985680000 
0.17300 0.005835480000 
0.17350 0.005685260000 
0.17400 0.005541180000 
0.17450 0.005403900000 
0.17500 0.005266620000 
0.17550 0.005129320000 
0.17600 0.004997300000 
0.17650 0.004872180000 
0.17700 0.004747040000 
0.17750 0.004621900000 
0.17800 0.004500920000 
0.17850 0.004386760000 
0.17900 0.004272620000 
0.17950 0.004158460000 
0.18000 0.004047360000 
0.18050 0.003943140000 
0.18100 0.003838920000 
0.18150 0.003734700000 
0.18200 0.003632560000 
0.18250 0.003537680000 
0.18300 0.003442800000 
0.18350 0.003347940000 
0.18400 0.003254160000 
0.18450 0.003168060000 
0.18500 0.003081980000 
0.18550 0.002995880000 
0.18600 0.002909900000 
0.18650 0.002831540000 
0.18700 0.002753180000 
0.18750 0.002674800000 
0.18800 0.002596440000 
0.18850 0.002524700000 
0.18900 0.002453760000 
0.18950 0.002382840000 
0.19000 0.002311900000 
0.19050 0.002245900000 
0.19100 0.002181480000 
0.19150 0.002117060000 
0.19200 0.002052620000 
0.19250 0.001991968000 
0.19300 0.001933668000 
0.19350 0.001875370000 
0.19400 0.001817070000 
0.19450 0.001761368000 
0.19500 0.001708682000 
0.19550 0.001655996000 
0.19600 0.001603310000 
0.19650 0.001552190000 
0.19700 0.001504644000 
0.19750 0.001457100000 
0.19800 0.001409554000 
0.19850 0.001362676000 
0.19900 0.001319834000 
0.19950 0.001276990000 
0.20000 0.001234148000 
0.20050 0.001191306000 
0.20100 0.001152558000 
0.20150 0.001113904000 
0.20200 0.001075250000 
0.20250 0.001036598000 
0.20300 0.001001238000 
0.20350 0.000966628000 
0.20400 0.000932020000 
0.20450 0.000897412000 
0.20500 0.000865090000 
0.20550 0.000833970000 
0.20600 0.000802852000 
0.20650 0.000771734000 
0.20700 0.000742312000 
0.20750 0.000714570000 
0.20800 0.000686828000 
0.20850 0.000659086000 
0.20900 0.000632396000 
0.20950 0.000607556000 
0.21000 0.000582718000 
0.21050 0.000557880000 
0.21100 0.000533672000 
0.21150 0.000511496000 
0.21200 0.000489318000 
0.21250 0.000467142000 
0.21300 0.000445310000 
0.21350 0.000425718000 
0.21400 0.000406126000 
0.21450 0.000386536000 
0.21500 0.000367066000 
0.21550 0.000349698000 
0.21600 0.000332330000 
0.21650 0.000314962000 
0.21700 0.000297614000 
0.21750 0.000282412000 
0.21800 0.000267212000 
0.21850 0.000252012000 
0.21900 0.000236816000 
0.21950 0.000223490000 
0.22000 0.000210164000 
0.22050 0.000196836600 
0.22100 0.000183581600 
0.22150 0.000171999200 
0.22200 0.000160416600 
0.22250 0.000148834200 
0.22300 0.000137481200 
0.22350 0.000127619200 
0.22400 0.000117757200 
0.22450 0.000107895200 
0.22500 0.000098473600 
0.22550 0.000090140200 
0.22600 0.000081806600 
0.22650 0.000073473200 
0.22700 0.000065911600 
0.22750 0.000059079400 
0.22800 0.000052247200 
0.22850 0.000045415000 
0.22900 0.000039778400 
0.22950 0.000034401400 
0.23000 0.000029024400 
0.23050 0.000023964200 
0.23100 0.000020016200 
0.23150 0.000016068340 
0.23200 0.000012120420 
0.23250 0.000009259560 
0.23300 0.000006809620 
0.23350 0.000004359680 
