0.00000 442.156000000000 
0.00050 400.200000000000 
0.00100 358.242000000000 
0.00150 316.284000000000 
0.00200 274.328000000000 
0.00250 243.720000000000 
0.00300 216.496000000000 
0.00350 193.717400000000 
0.00400 175.049000000000 
0.00450 157.393800000000 
0.00500 144.091000000000 
0.00550 130.788400000000 
0.00600 120.266400000000 
0.00650 110.505400000000 
0.00700 101.509400000000 
0.00750 94.176600000000 
0.00800 86.843800000000 
0.00850 80.856400000000 
0.00900 75.239000000000 
0.00950 69.868200000000 
0.01000 65.492800000000 
0.01050 61.117400000000 
0.01100 57.258600000000 
0.01150 53.801600000000 
0.01200 50.344600000000 
0.01250 47.496400000000 
0.01300 44.730600000000 
0.01350 42.048000000000 
0.01400 39.810600000000 
0.01450 37.573400000000 
0.01500 35.498200000000 
0.01550 33.670600000000 
0.01600 31.843000000000 
0.01650 30.208400000000 
0.01700 28.702400000000 
0.01750 27.196400000000 
0.01800 25.887400000000 
0.01850 24.636600000000 
0.01900 23.385800000000 
0.01950 22.322000000000 
0.02000 21.275800000000 
0.02050 20.234600000000 
0.02100 19.353860000000 
0.02150 18.473160000000 
0.02200 17.608780000000 
0.02250 16.863060000000 
0.02300 16.117340000000 
0.02350 15.392560000000 
0.02400 14.757780000000 
0.02450 14.123020000000 
0.02500 13.509800000000 
0.02550 12.966860000000 
0.02600 12.423920000000 
0.02650 11.900900000000 
0.02700 11.434440000000 
0.02750 10.968000000000 
0.02800 10.518660000000 
0.02850 10.116320000000 
0.02900 9.713960000000 
0.02950 9.325400000000 
0.03000 8.977040000000 
0.03050 8.628680000000 
0.03100 8.290680000000 
0.03150 7.988040000000 
0.03200 7.685420000000 
0.03250 7.389820000000 
0.03300 7.126100000000 
0.03350 6.862360000000 
0.03400 6.602600000000 
0.03450 6.372100000000 
0.03500 6.141580000000 
0.03550 5.912300000000 
0.03600 5.710300000000 
0.03650 5.508320000000 
0.03700 5.306340000000 
0.03750 5.127660000000 
0.03800 4.950220000000 
0.03850 4.772780000000 
0.03900 4.613200000000 
0.03950 4.456980000000 
0.04000 4.300760000000 
0.04050 4.157740000000 
0.04100 4.019920000000 
0.04150 3.882080000000 
0.04200 3.753540000000 
0.04250 3.631700000000 
0.04300 3.509840000000 
0.04350 3.393980000000 
0.04400 3.286060000000 
0.04450 3.178160000000 
0.04500 3.073440000000 
0.04550 2.977700000000 
0.04600 2.881960000000 
0.04650 2.787100000000 
0.04700 2.702040000000 
0.04750 2.616980000000 
0.04800 2.531920000000 
0.04850 2.455140000000 
0.04900 2.379440000000 
0.04950 2.303760000000 
0.05000 2.233600000000 
0.05050 2.166160000000 
0.05100 2.098720000000 
0.05150 2.034500000000 
0.05200 1.974334000000 
0.05250 1.914158000000 
0.05300 1.855288000000 
0.05350 1.801530000000 
0.05400 1.747770000000 
0.05450 1.694012000000 
0.05500 1.645626000000 
0.05550 1.597544000000 
0.05600 1.549462000000 
0.05650 1.504772000000 
0.05700 1.461718000000 
0.05750 1.418666000000 
0.05800 1.377340000000 
0.05850 1.338748000000 
0.05900 1.300158000000 
0.05950 1.261902000000 
0.06000 1.227276000000 
0.06050 1.192648000000 
0.06100 1.158020000000 
0.06150 1.126094000000 
0.06200 1.094990000000 
0.06250 1.063886000000 
0.06300 1.034144000000 
0.06350 1.006182000000 
0.06400 0.978220000000 
0.06450 0.950494000000 
0.06500 0.925330000000 
0.06550 0.900166000000 
0.06600 0.875002000000 
0.06650 0.851638000000 
0.06700 0.828974000000 
0.06750 0.806310000000 
0.06800 0.784404000000 
0.06850 0.763972000000 
0.06900 0.743540000000 
0.06950 0.723106000000 
0.07000 0.704562000000 
0.07050 0.686124000000 
0.07100 0.667688000000 
0.07150 0.650210000000 
0.07200 0.633562000000 
0.07250 0.616914000000 
0.07300 0.600442000000 
0.07350 0.585396000000 
0.07400 0.570348000000 
0.07450 0.555302000000 
0.07500 0.541218000000 
0.07550 0.527608000000 
0.07600 0.513996000000 
0.07650 0.500664000000 
0.07700 0.488342000000 
0.07750 0.476022000000 
0.07800 0.463700000000 
0.07850 0.452242000000 
0.07900 0.441080000000 
0.07950 0.429916000000 
0.08000 0.419026000000 
0.08050 0.408906000000 
0.08100 0.398784000000 
0.08150 0.388662000000 
0.08200 0.379256000000 
0.08250 0.370070000000 
0.08300 0.360886000000 
0.08350 0.351914000000 
0.08400 0.343572000000 
0.08450 0.335230000000 
0.08500 0.326890000000 
0.08550 0.319100000000 
0.08600 0.311520000000 
0.08650 0.303938000000 
0.08700 0.296486000000 
0.08750 0.289592000000 
0.08800 0.282698000000 
0.08850 0.275804000000 
0.08900 0.269304000000 
0.08950 0.263028000000 
0.09000 0.256752000000 
0.09050 0.250516000000 
0.09100 0.244800000000 
0.09150 0.239082000000 
0.09200 0.233366000000 
0.09250 0.227902000000 
0.09300 0.222690000000 
0.09350 0.217478000000 
0.09400 0.212268000000 
0.09450 0.207472000000 
0.09500 0.202720000000 
0.09550 0.197966800000 
0.09600 0.193341200000 
0.09650 0.189001400000 
0.09700 0.184661400000 
0.09750 0.180321400000 
0.09800 0.176243800000 
0.09850 0.172280200000 
0.09900 0.168316400000 
0.09950 0.164378200000 
0.10000 0.160754800000 
0.10050 0.157131400000 
0.10100 0.153508000000 
0.10150 0.150021200000 
0.10200 0.146706600000 
0.10250 0.143392200000 
0.10300 0.140077600000 
0.10350 0.136987400000 
0.10400 0.133953400000 
0.10450 0.130919600000 
0.10500 0.127922800000 
0.10550 0.125144200000 
0.10600 0.122365400000 
0.10650 0.119586800000 
0.10700 0.116920000000 
0.10750 0.114373400000 
0.10800 0.111826800000 
0.10850 0.109280400000 
0.10900 0.106905000000 
0.10950 0.104569800000 
0.11000 0.102234800000 
0.11050 0.099924200000 
0.11100 0.097781000000 
0.11150 0.095637600000 
0.11200 0.093494400000 
0.11250 0.091428400000 
0.11300 0.089461800000 
0.11350 0.087495000000 
0.11400 0.085528200000 
0.11450 0.083679400000 
0.11500 0.081872400000 
0.11550 0.080065400000 
0.11600 0.078262800000 
0.11650 0.076602400000 
0.11700 0.074941800000 
0.11750 0.073281400000 
0.11800 0.071663000000 
0.11850 0.070135800000 
0.11900 0.068608600000 
0.11950 0.067081400000 
0.12000 0.065627200000 
0.12050 0.064223400000 
0.12100 0.062819600000 
0.12150 0.061415800000 
0.12200 0.060107800000 
0.12250 0.058815600000 
0.12300 0.057523400000 
0.12350 0.056243400000 
0.12400 0.055053600000 
0.12450 0.053863800000 
0.12500 0.052674000000 
0.12550 0.051519000000 
0.12600 0.050423600000 
0.12650 0.049328400000 
0.12700 0.048233000000 
0.12750 0.047190800000 
0.12800 0.046182200000 
0.12850 0.045173400000 
0.12900 0.044164800000 
0.12950 0.043223400000 
0.13000 0.042293800000 
0.13050 0.041364200000 
0.13100 0.040440200000 
0.13150 0.039584000000 
0.13200 0.038727600000 
0.13250 0.037871200000 
0.13300 0.037034800000 
0.13350 0.036245200000 
0.13400 0.035455800000 
0.13450 0.034666400000 
0.13500 0.033908200000 
0.13550 0.033180200000 
0.13600 0.032452400000 
0.13650 0.031724400000 
0.13700 0.031037000000 
0.13750 0.030366400000 
0.13800 0.029695800000 
0.13850 0.029025000000 
0.13900 0.028401600000 
0.13950 0.027783000000 
0.14000 0.027164600000 
0.14050 0.026550400000 
0.14100 0.025980600000 
0.14150 0.025411000000 
0.14200 0.024841200000 
0.14250 0.024283000000 
0.14300 0.023757800000 
0.14350 0.023232400000 
0.14400 0.022707200000 
0.14450 0.022199400000 
0.14500 0.021715200000 
0.14550 0.021230800000 
0.14600 0.020746600000 
0.14650 0.020284600000 
0.14700 0.019838220000 
0.14750 0.019391940000 
0.14800 0.018945660000 
0.14850 0.018525120000 
0.14900 0.018114320000 
0.14950 0.017703520000 
0.15000 0.017292720000 
0.15050 0.016909760000 
0.15100 0.016531360000 
0.15150 0.016152980000 
0.15200 0.015774580000 
0.15250 0.015425620000 
0.15300 0.015077200000 
0.15350 0.014728780000 
0.15400 0.014382960000 
0.15450 0.014062640000 
0.15500 0.013742300000 
0.15550 0.013421980000 
0.15600 0.013106560000 
0.15650 0.012811880000 
0.15700 0.012517180000 
0.15750 0.012222500000 
0.15800 0.011934320000 
0.15850 0.011663040000 
0.15900 0.011391740000 
0.15950 0.011120460000 
0.16000 0.010857020000 
0.16050 0.010608040000 
0.16100 0.010359060000 
0.16150 0.010110080000 
0.16200 0.009869440000 
0.16250 0.009640780000 
0.16300 0.009412140000 
0.16350 0.009183480000 
0.16400 0.008963420000 
0.16450 0.008753580000 
0.16500 0.008543740000 
0.16550 0.008333900000 
0.16600 0.008132700000 
0.16650 0.007940540000 
0.16700 0.007748360000 
0.16750 0.007556200000 
0.16800 0.007372060000 
0.16850 0.007195700000 
0.16900 0.007019340000 
0.16950 0.006842980000 
0.17000 0.006674360000 
0.17050 0.006513120000 
0.17100 0.006351900000 
0.17150 0.006190680000 
0.17200 0.006036200000 
0.17250 0.005888460000 
0.17300 0.005740720000 
0.17350 0.005592980000 
0.17400 0.005451280000 
0.17450 0.005316240000 
0.17500 0.005181220000 
0.17550 0.005046180000 
0.17600 0.004916320000 
0.17650 0.004793240000 
0.17700 0.004670160000 
0.17750 0.004547080000 
0.17800 0.004428080000 
0.17850 0.004315800000 
0.17900 0.004203500000 
0.17950 0.004091220000 
0.18000 0.003981940000 
0.18050 0.003879420000 
0.18100 0.003776900000 
0.18150 0.003674380000 
0.18200 0.003573920000 
0.18250 0.003480580000 
0.18300 0.003387260000 
0.18350 0.003293940000 
0.18400 0.003201680000 
0.18450 0.003117000000 
0.18500 0.003032300000 
0.18550 0.002947620000 
0.18600 0.002863040000 
0.18650 0.002785940000 
0.18700 0.002708860000 
0.18750 0.002631760000 
0.18800 0.002554680000 
0.18850 0.002484100000 
0.18900 0.002414320000 
0.18950 0.002344540000 
0.19000 0.002274760000 
0.19050 0.002209820000 
0.19100 0.002146440000 
0.19150 0.002083060000 
0.19200 0.002019680000 
0.19250 0.001960004000 
0.19300 0.001902648000 
0.19350 0.001845292000 
0.19400 0.001787934000 
0.19450 0.001733134000 
0.19500 0.001681300000 
0.19550 0.001629464000 
0.19600 0.001577630000 
0.19650 0.001527336000 
0.19700 0.001480558000 
0.19750 0.001433778000 
0.19800 0.001387000000 
0.19850 0.001340878000 
0.19900 0.001298726000 
0.19950 0.001256574000 
0.20000 0.001214422000 
0.20050 0.001172270000 
0.20100 0.001134146000 
0.20150 0.001096114000 
0.20200 0.001058082000 
0.20250 0.001020050000 
0.20300 0.000985258000 
0.20350 0.000951204000 
0.20400 0.000917152000 
0.20450 0.000883100000 
0.20500 0.000851296000 
0.20550 0.000820676000 
0.20600 0.000790058000 
0.20650 0.000759438000 
0.20700 0.000730488000 
0.20750 0.000703190000 
0.20800 0.000675892000 
0.20850 0.000648596000 
0.20900 0.000622332000 
0.20950 0.000597890000 
0.21000 0.000573448000 
0.21050 0.000549008000 
0.21100 0.000525188000 
0.21150 0.000503364000 
0.21200 0.000481542000 
0.21250 0.000459720000 
0.21300 0.000438236000 
0.21350 0.000418956000 
0.21400 0.000399678000 
0.21450 0.000380400000 
0.21500 0.000361242000 
0.21550 0.000344150000 
0.21600 0.000327058000 
0.21650 0.000309966000 
0.21700 0.000292894000 
0.21750 0.000277936000 
0.21800 0.000262978000 
0.21850 0.000248018000 
0.21900 0.000233064000 
0.21950 0.000219950000 
0.22000 0.000206836000 
0.22050 0.000193720400 
0.22100 0.000180676000 
0.22150 0.000169277400 
0.22200 0.000157878600 
0.22250 0.000146479800 
0.22300 0.000135307200 
0.22350 0.000125601400 
0.22400 0.000115895800 
0.22450 0.000106190000 
0.22500 0.000096917600 
0.22550 0.000088716200 
0.22600 0.000080514600 
0.22650 0.000072313000 
0.22700 0.000064871000 
0.22750 0.000058146800 
0.22800 0.000051422600 
0.22850 0.000044698400 
0.22900 0.000039151000 
0.22950 0.000033859000 
0.23000 0.000028566800 
0.23050 0.000023586400 
0.23100 0.000019700800 
0.23150 0.000015815160 
0.23200 0.000011929500 
0.23250 0.000009113740 
0.23300 0.000006702400 
0.23350 0.000004291040 
