0.00000 143.366400000000 
0.00050 123.706400000000 
0.00100 104.046400000000 
0.00150 84.386600000000 
0.00200 64.726600000000 
0.00250 52.142600000000 
0.00300 41.669600000000 
0.00350 33.599000000000 
0.00400 27.750400000000 
0.00450 22.364000000000 
0.00500 18.962480000000 
0.00550 15.561020000000 
0.00600 13.223140000000 
0.00650 11.176300000000 
0.00700 9.374880000000 
0.00750 8.107100000000 
0.00800 6.839300000000 
0.00850 5.934540000000 
0.00900 5.129580000000 
0.00950 4.380760000000 
0.01000 3.858520000000 
0.01050 3.336300000000 
0.01100 2.913620000000 
0.01150 2.568360000000 
0.01200 2.223080000000 
0.01250 1.977476000000 
0.01300 1.745346000000 
0.01350 1.524828000000 
0.01400 1.366416000000 
0.01450 1.208004000000 
0.01500 1.068940000000 
0.01550 0.959376000000 
0.01600 0.849812000000 
0.01650 0.759962000000 
0.01700 0.683262000000 
0.01750 0.606562000000 
0.01800 0.547160000000 
0.01850 0.492872000000 
0.01900 0.438584000000 
0.01950 0.398452000000 
0.02000 0.359642000000 
0.02050 0.321160000000 
0.02100 0.293162000000 
0.02150 0.265162000000 
0.02200 0.238086000000 
0.02250 0.217718000000 
0.02300 0.197348000000 
0.02350 0.178004000000 
0.02400 0.163070600000 
0.02450 0.148137000000 
0.02500 0.134120400000 
0.02550 0.123094000000 
0.02600 0.112067600000 
0.02650 0.101778600000 
0.02700 0.093583400000 
0.02750 0.085388400000 
0.02800 0.077745400000 
0.02850 0.071617400000 
0.02900 0.065489200000 
0.02950 0.059749600000 
0.03000 0.055141200000 
0.03050 0.050532800000 
0.03100 0.046179600000 
0.03150 0.042695600000 
0.03200 0.039211800000 
0.03250 0.035879600000 
0.03300 0.033233000000 
0.03350 0.030586200000 
0.03400 0.028014400000 
0.03450 0.025994400000 
0.03500 0.023974400000 
0.03550 0.021974400000 
0.03600 0.020426000000 
0.03650 0.018877600000 
0.03700 0.017329240000 
0.03750 0.016119620000 
0.03800 0.014927960000 
0.03850 0.013736320000 
0.03900 0.012772820000 
0.03950 0.011852200000 
0.04000 0.010931580000 
0.04050 0.010159680000 
0.04100 0.009445900000 
0.04150 0.008732100000 
0.04200 0.008110460000 
0.04250 0.007555140000 
0.04300 0.006999840000 
0.04350 0.006496820000 
0.04400 0.006063400000 
0.04450 0.005629980000 
0.04500 0.005221220000 
0.04550 0.004881900000 
0.04600 0.004542600000 
0.04650 0.004209100000 
0.04700 0.003942700000 
0.04750 0.003676280000 
0.04800 0.003409860000 
0.04850 0.003193480000 
0.04900 0.002983720000 
0.04950 0.002773960000 
0.05000 0.002593860000 
0.05050 0.002428260000 
0.05100 0.002262660000 
0.05150 0.002112420000 
0.05200 0.001981366000 
0.05250 0.001850302000 
0.05300 0.001724744000 
0.05350 0.001620758000 
0.05400 0.001516772000 
0.05450 0.001412786000 
0.05500 0.001328948000 
0.05550 0.001246250000 
0.05600 0.001163554000 
0.05650 0.001092174000 
0.05700 0.001026256000 
0.05750 0.000960338000 
0.05800 0.000899554000 
0.05850 0.000846896000 
0.05900 0.000794238000 
0.05950 0.000742466000 
0.06000 0.000700312000 
0.06050 0.000658156000 
0.06100 0.000616000000 
0.06150 0.000580234000 
0.06200 0.000546416000 
0.06250 0.000512598000 
0.06300 0.000481652000 
0.06350 0.000454468000 
0.06400 0.000427284000 
0.06450 0.000400544000 
0.06500 0.000378650000 
0.06550 0.000356756000 
0.06600 0.000334860000 
0.06650 0.000316008000 
0.06700 0.000298340000 
0.06750 0.000280672000 
0.06800 0.000264154000 
0.06850 0.000249870000 
0.06900 0.000235586000 
0.06950 0.000221300000 
0.07000 0.000209582000 
0.07050 0.000198012200 
0.07100 0.000186442200 
0.07150 0.000176040000 
0.07200 0.000166651800 
0.07250 0.000157263400 
0.07300 0.000148068600 
0.07350 0.000140437200 
0.07400 0.000132805800 
0.07450 0.000125174400 
0.07500 0.000118492800 
0.07550 0.000112278800 
0.07600 0.000106064600 
0.07650 0.000100097200 
0.07700 0.000095028600 
0.07750 0.000089960000 
0.07800 0.000084891400 
0.07850 0.000080514800 
0.07900 0.000076373600 
0.07950 0.000072232400 
0.08000 0.000068288400 
0.08050 0.000064899400 
0.08100 0.000061510200 
0.08150 0.000058121200 
0.08200 0.000055199200 
0.08250 0.000052421200 
0.08300 0.000049643200 
0.08350 0.000046990800 
0.08400 0.000044710000 
0.08450 0.000042429400 
0.08500 0.000040148600 
0.08550 0.000038162600 
0.08600 0.000036287000 
0.08650 0.000034411600 
0.08700 0.000032598600 
0.08750 0.000031054000 
0.08800 0.000029509400 
0.08850 0.000027964800 
0.08900 0.000026592600 
0.08950 0.000025318600 
0.09000 0.000024044600 
0.09050 0.000022786800 
0.09100 0.000021734400 
0.09150 0.000020681800 
0.09200 0.000019629400 
0.09250 0.000018667300 
0.09300 0.000017796640 
0.09350 0.000016925960 
0.09400 0.000016055280 
0.09450 0.000015320300 
0.09500 0.000014598960 
0.09550 0.000013877620 
0.09600 0.000013194220 
0.09650 0.000012595740 
0.09700 0.000011997280 
0.09750 0.000011398800 
0.09800 0.000010870940 
0.09850 0.000010373720 
0.09900 0.000009876500 
0.09950 0.000009385540 
0.10000 0.000008971880 
0.10050 0.000008558220 
0.10100 0.000008144540 
0.10150 0.000007761400 
0.10200 0.000007416780 
0.10250 0.000007072160 
0.10300 0.000006727540 
0.10350 0.000006428560 
0.10400 0.000006141100 
0.10450 0.000005853620 
0.10500 0.000005573040 
0.10550 0.000005332920 
0.10600 0.000005092800 
0.10650 0.000004852700 
0.10700 0.000004631540 
0.10750 0.000004430720 
0.10800 0.000004229920 
0.10850 0.000004029120 
0.10900 0.000003854760 
0.10950 0.000003686620 
0.11000 0.000003518460 
0.11050 0.000003353820 
0.11100 0.000003212840 
0.11150 0.000003071880 
0.11200 0.000002930920 
0.11250 0.000002799880 
0.11300 0.000002681560 
0.11350 0.000002563240 
0.11400 0.000002444920 
0.11450 0.000002340560 
0.11500 0.000002241140 
0.11550 0.000002141720 
0.11600 0.000002042800 
0.11650 0.000001959168 
0.11700 0.000001875534 
0.11750 0.000001791898 
0.11800 0.000001712426 
0.11850 0.000001641996 
0.11900 0.000001571564 
0.11950 0.000001501134 
0.12000 0.000001437238 
0.12050 0.000001377866 
0.12100 0.000001318494 
0.12150 0.000001259122 
0.12200 0.000001207710 
0.12250 0.000001157608 
0.12300 0.000001107506 
0.12350 0.000001058326 
0.12400 0.000001016006 
0.12450 0.000000973686 
0.12500 0.000000931366 
0.12550 0.000000891466 
0.12600 0.000000855686 
0.12650 0.000000819906 
0.12700 0.000000784126 
0.12750 0.000000751724 
0.12800 0.000000721446 
0.12850 0.000000691168 
0.12900 0.000000660892 
0.12950 0.000000634550 
0.13000 0.000000608906 
0.13050 0.000000583262 
0.13100 0.000000557918 
0.13150 0.000000536182 
0.13200 0.000000514444 
0.13250 0.000000492708 
0.13300 0.000000471946 
0.13350 0.000000453506 
0.13400 0.000000435068 
0.13450 0.000000416628 
0.13500 0.000000399598 
0.13550 0.000000383944 
0.13600 0.000000368290 
0.13650 0.000000352634 
0.13700 0.000000338648 
0.13750 0.000000325350 
0.13800 0.000000312050 
0.13850 0.000000298752 
0.13900 0.000000287250 
0.13950 0.000000275944 
0.14000 0.000000264636 
0.14050 0.000000253476 
0.14100 0.000000243858 
0.14150 0.000000234240 
0.14200 0.000000224624 
0.14250 0.000000215380 
0.14300 0.000000207192 
0.14350 0.000000199006 
0.14400 0.000000190820 
0.14450 0.000000183151 
0.14500 0.000000176179 
0.14550 0.000000169207 
0.14600 0.000000162235 
0.14650 0.000000155862 
0.14700 0.000000149920 
0.14750 0.000000143979 
0.14800 0.000000138038 
0.14850 0.000000132733 
0.14900 0.000000127669 
0.14950 0.000000122604 
0.15000 0.000000117540 
0.15050 0.000000113115 
0.15100 0.000000108796 
0.15150 0.000000104476 
0.15200 0.000000100157 
0.15250 0.000000096460 
0.15300 0.000000092774 
0.15350 0.000000089088 
0.15400 0.000000085452 
0.15450 0.000000082307 
0.15500 0.000000079161 
0.15550 0.000000076015 
0.15600 0.000000072957 
0.15650 0.000000070271 
0.15700 0.000000067585 
0.15750 0.000000064899 
0.15800 0.000000062322 
0.15850 0.000000060027 
0.15900 0.000000057733 
0.15950 0.000000055438 
0.16000 0.000000053261 
0.16050 0.000000051301 
0.16100 0.000000049340 
0.16150 0.000000047380 
0.16200 0.000000045537 
0.16250 0.000000043862 
0.16300 0.000000042187 
0.16350 0.000000040512 
0.16400 0.000000038948 
0.16450 0.000000037516 
0.16500 0.000000036084 
0.16550 0.000000034652 
0.16600 0.000000033322 
0.16650 0.000000032099 
0.16700 0.000000030875 
0.16750 0.000000029651 
0.16800 0.000000028517 
0.16850 0.000000027470 
0.16900 0.000000026423 
0.16950 0.000000025377 
0.17000 0.000000024407 
0.17050 0.000000023513 
0.17100 0.000000022618 
0.17150 0.000000021723 
0.17200 0.000000020893 
0.17250 0.000000020127 
0.17300 0.000000019361 
0.17350 0.000000018596 
0.17400 0.000000017883 
0.17450 0.000000017228 
0.17500 0.000000016573 
0.17550 0.000000015918 
0.17600 0.000000015304 
0.17650 0.000000014744 
0.17700 0.000000014185 
0.17750 0.000000013625 
0.17800 0.000000013095 
0.17850 0.000000012616 
0.17900 0.000000012137 
0.17950 0.000000011658 
0.18000 0.000000011201 
0.18050 0.000000010791 
0.18100 0.000000010381 
0.18150 0.000000009971 
0.18200 0.000000009575 
0.18250 0.000000009224 
0.18300 0.000000008874 
0.18350 0.000000008523 
0.18400 0.000000008179 
0.18450 0.000000007879 
0.18500 0.000000007580 
0.18550 0.000000007280 
0.18600 0.000000006981 
0.18650 0.000000006724 
0.18700 0.000000006468 
0.18750 0.000000006212 
0.18800 0.000000005955 
0.18850 0.000000005732 
0.18900 0.000000005513 
0.18950 0.000000005294 
0.19000 0.000000005075 
0.19050 0.000000004880 
0.19100 0.000000004692 
0.19150 0.000000004505 
0.19200 0.000000004317 
0.19250 0.000000004147 
0.19300 0.000000003987 
0.19350 0.000000003826 
0.19400 0.000000003666 
0.19450 0.000000003517 
0.19500 0.000000003380 
0.19550 0.000000003243 
0.19600 0.000000003106 
0.19650 0.000000002975 
0.19700 0.000000002859 
0.19750 0.000000002742 
0.19800 0.000000002625 
0.19850 0.000000002510 
0.19900 0.000000002411 
0.19950 0.000000002311 
0.20000 0.000000002211 
0.20050 0.000000002111 
0.20100 0.000000002026 
0.20150 0.000000001940 
0.20200 0.000000001855 
0.20250 0.000000001770 
0.20300 0.000000001695 
0.20350 0.000000001622 
0.20400 0.000000001550 
0.20450 0.000000001477 
0.20500 0.000000001412 
0.20550 0.000000001350 
0.20600 0.000000001288 
0.20650 0.000000001226 
0.20700 0.000000001169 
0.20750 0.000000001116 
0.20800 0.000000001064 
0.20850 0.000000001011 
0.20900 0.000000000961 
0.20950 0.000000000917 
0.21000 0.000000000872 
0.21050 0.000000000827 
0.21100 0.000000000784 
0.21150 0.000000000746 
0.21200 0.000000000708 
0.21250 0.000000000670 
0.21300 0.000000000633 
0.21350 0.000000000601 
0.21400 0.000000000569 
0.21450 0.000000000537 
0.21500 0.000000000505 
0.21550 0.000000000478 
0.21600 0.000000000451 
0.21650 0.000000000424 
0.21700 0.000000000397 
0.21750 0.000000000374 
0.21800 0.000000000351 
0.21850 0.000000000328 
0.21900 0.000000000306 
0.21950 0.000000000287 
0.22000 0.000000000268 
0.22050 0.000000000249 
0.22100 0.000000000230 
0.22150 0.000000000214 
0.22200 0.000000000198 
0.22250 0.000000000183 
0.22300 0.000000000167 
0.22350 0.000000000154 
0.22400 0.000000000141 
0.22450 0.000000000128 
0.22500 0.000000000116 
0.22550 0.000000000106 
0.22600 0.000000000095 
0.22650 0.000000000085 
0.22700 0.000000000076 
0.22750 0.000000000067 
0.22800 0.000000000059 
0.22850 0.000000000051 
0.22900 0.000000000044 
0.22950 0.000000000038 
0.23000 0.000000000032 
0.23050 0.000000000026 
0.23100 0.000000000022 
0.23150 0.000000000017 
0.23200 0.000000000013 
0.23250 0.000000000010 
0.23300 0.000000000007 
0.23350 0.000000000005 
