0.00000 431.966000000000 
0.00050 390.952000000000 
0.00100 349.940000000000 
0.00150 308.928000000000 
0.00200 267.916000000000 
0.00250 238.006000000000 
0.00300 211.410000000000 
0.00350 189.159400000000 
0.00400 170.926200000000 
0.00450 153.682800000000 
0.00500 140.692400000000 
0.00550 127.702000000000 
0.00600 117.427800000000 
0.00650 107.897000000000 
0.00700 99.113000000000 
0.00750 91.953600000000 
0.00800 84.794000000000 
0.00850 78.948400000000 
0.00900 73.463800000000 
0.00950 68.220200000000 
0.01000 63.948400000000 
0.01050 59.676600000000 
0.01100 55.909200000000 
0.01150 52.534000000000 
0.01200 49.158800000000 
0.01250 46.378200000000 
0.01300 43.677800000000 
0.01350 41.058600000000 
0.01400 38.874200000000 
0.01450 36.689800000000 
0.01500 34.663800000000 
0.01550 32.879400000000 
0.01600 31.095000000000 
0.01650 29.499000000000 
0.01700 28.028600000000 
0.01750 26.558000000000 
0.01800 25.280000000000 
0.01850 24.058600000000 
0.01900 22.837400000000 
0.01950 21.798800000000 
0.02000 20.777200000000 
0.02050 19.760480000000 
0.02100 18.900500000000 
0.02150 18.040500000000 
0.02200 17.196460000000 
0.02250 16.468280000000 
0.02300 15.740100000000 
0.02350 15.032340000000 
0.02400 14.412480000000 
0.02450 13.792640000000 
0.02500 13.193820000000 
0.02550 12.663620000000 
0.02600 12.133420000000 
0.02650 11.622660000000 
0.02700 11.167140000000 
0.02750 10.711620000000 
0.02800 10.272840000000 
0.02850 9.879900000000 
0.02900 9.486960000000 
0.02950 9.107500000000 
0.03000 8.767300000000 
0.03050 8.427080000000 
0.03100 8.097000000000 
0.03150 7.801440000000 
0.03200 7.505880000000 
0.03250 7.217220000000 
0.03300 6.959640000000 
0.03350 6.702060000000 
0.03400 6.448360000000 
0.03450 6.223260000000 
0.03500 5.998140000000 
0.03550 5.774180000000 
0.03600 5.576920000000 
0.03650 5.379640000000 
0.03700 5.182360000000 
0.03750 5.007860000000 
0.03800 4.834560000000 
0.03850 4.661260000000 
0.03900 4.505400000000 
0.03950 4.352820000000 
0.04000 4.200240000000 
0.04050 4.060580000000 
0.04100 3.925960000000 
0.04150 3.791340000000 
0.04200 3.665780000000 
0.04250 3.546780000000 
0.04300 3.427760000000 
0.04350 3.314600000000 
0.04400 3.209200000000 
0.04450 3.103800000000 
0.04500 3.001520000000 
0.04550 2.908020000000 
0.04600 2.814520000000 
0.04650 2.721860000000 
0.04700 2.638780000000 
0.04750 2.555700000000 
0.04800 2.472640000000 
0.04850 2.397640000000 
0.04900 2.323720000000 
0.04950 2.249780000000 
0.05000 2.181260000000 
0.05050 2.115400000000 
0.05100 2.049520000000 
0.05150 1.986810000000 
0.05200 1.928036000000 
0.05250 1.869264000000 
0.05300 1.811766000000 
0.05350 1.759260000000 
0.05400 1.706754000000 
0.05450 1.654248000000 
0.05500 1.606990000000 
0.05550 1.560030000000 
0.05600 1.513068000000 
0.05650 1.469420000000 
0.05700 1.427370000000 
0.05750 1.385322000000 
0.05800 1.344960000000 
0.05850 1.307270000000 
0.05900 1.269578000000 
0.05950 1.232216000000 
0.06000 1.198396000000 
0.06050 1.164576000000 
0.06100 1.130758000000 
0.06150 1.099576000000 
0.06200 1.069198000000 
0.06250 1.038822000000 
0.06300 1.009774000000 
0.06350 0.982464000000 
0.06400 0.955156000000 
0.06450 0.928078000000 
0.06500 0.903502000000 
0.06550 0.878926000000 
0.06600 0.854350000000 
0.06650 0.831532000000 
0.06700 0.809398000000 
0.06750 0.787264000000 
0.06800 0.765872000000 
0.06850 0.745918000000 
0.06900 0.725964000000 
0.06950 0.706008000000 
0.07000 0.687898000000 
0.07050 0.669892000000 
0.07100 0.651888000000 
0.07150 0.634818000000 
0.07200 0.618560000000 
0.07250 0.602302000000 
0.07300 0.586218000000 
0.07350 0.571524000000 
0.07400 0.556830000000 
0.07450 0.542136000000 
0.07500 0.528382000000 
0.07550 0.515090000000 
0.07600 0.501800000000 
0.07650 0.488780000000 
0.07700 0.476748000000 
0.07750 0.464716000000 
0.07800 0.452684000000 
0.07850 0.441496000000 
0.07900 0.430596000000 
0.07950 0.419694000000 
0.08000 0.409060000000 
0.08050 0.399178000000 
0.08100 0.389294000000 
0.08150 0.379410000000 
0.08200 0.370226000000 
0.08250 0.361256000000 
0.08300 0.352288000000 
0.08350 0.343526000000 
0.08400 0.335382000000 
0.08450 0.327238000000 
0.08500 0.319092000000 
0.08550 0.311488000000 
0.08600 0.304084000000 
0.08650 0.296682000000 
0.08700 0.289406000000 
0.08750 0.282676000000 
0.08800 0.275944000000 
0.08850 0.269212000000 
0.08900 0.262866000000 
0.08950 0.256738000000 
0.09000 0.250610000000 
0.09050 0.244522000000 
0.09100 0.238940000000 
0.09150 0.233360000000 
0.09200 0.227778000000 
0.09250 0.222442000000 
0.09300 0.217354000000 
0.09350 0.212266000000 
0.09400 0.207178000000 
0.09450 0.202498000000 
0.09500 0.197857000000 
0.09550 0.193216600000 
0.09600 0.188700800000 
0.09650 0.184463800000 
0.09700 0.180226800000 
0.09750 0.175989800000 
0.09800 0.172009000000 
0.09850 0.168139400000 
0.09900 0.164269800000 
0.09950 0.160425200000 
0.10000 0.156887800000 
0.10050 0.153350600000 
0.10100 0.149813200000 
0.10150 0.146409200000 
0.10200 0.143173600000 
0.10250 0.139938000000 
0.10300 0.136702400000 
0.10350 0.133685600000 
0.10400 0.130724000000 
0.10450 0.127762400000 
0.10500 0.124837000000 
0.10550 0.122124600000 
0.10600 0.119412200000 
0.10650 0.116699600000 
0.10700 0.114096600000 
0.10750 0.111610800000 
0.10800 0.109125000000 
0.10850 0.106639200000 
0.10900 0.104320600000 
0.10950 0.102041200000 
0.11000 0.099761800000 
0.11050 0.097506600000 
0.11100 0.095414600000 
0.11150 0.093322600000 
0.11200 0.091230600000 
0.11250 0.089214000000 
0.11300 0.087294400000 
0.11350 0.085374800000 
0.11400 0.083455000000 
0.11450 0.081650600000 
0.11500 0.079886800000 
0.11550 0.078123000000 
0.11600 0.076363800000 
0.11650 0.074743200000 
0.11700 0.073122400000 
0.11750 0.071501800000 
0.11800 0.069922200000 
0.11850 0.068431800000 
0.11900 0.066941200000 
0.11950 0.065450800000 
0.12000 0.064031400000 
0.12050 0.062661400000 
0.12100 0.061291400000 
0.12150 0.059921200000 
0.12200 0.058644800000 
0.12250 0.057383800000 
0.12300 0.056122600000 
0.12350 0.054873400000 
0.12400 0.053712200000 
0.12450 0.052551000000 
0.12500 0.051390000000 
0.12550 0.050262800000 
0.12600 0.049194000000 
0.12650 0.048125000000 
0.12700 0.047056000000 
0.12750 0.046039000000 
0.12800 0.045054800000 
0.12850 0.044070400000 
0.12900 0.043086200000 
0.12950 0.042167400000 
0.13000 0.041260200000 
0.13050 0.040353200000 
0.13100 0.039451600000 
0.13150 0.038616000000 
0.13200 0.037780400000 
0.13250 0.036944800000 
0.13300 0.036128400000 
0.13350 0.035358200000 
0.13400 0.034587800000 
0.13450 0.033817400000 
0.13500 0.033077600000 
0.13550 0.032367400000 
0.13600 0.031657200000 
0.13650 0.030946800000 
0.13700 0.030276200000 
0.13750 0.029621800000 
0.13800 0.028967400000 
0.13850 0.028313000000 
0.13900 0.027704600000 
0.13950 0.027101200000 
0.14000 0.026497800000 
0.14050 0.025898400000 
0.14100 0.025342600000 
0.14150 0.024786600000 
0.14200 0.024230800000 
0.14250 0.023686200000 
0.14300 0.023173800000 
0.14350 0.022661200000 
0.14400 0.022148800000 
0.14450 0.021653400000 
0.14500 0.021180800000 
0.14550 0.020708400000 
0.14600 0.020236000000 
0.14650 0.019785140000 
0.14700 0.019349740000 
0.14750 0.018914360000 
0.14800 0.018478960000 
0.14850 0.018068700000 
0.14900 0.017667920000 
0.14950 0.017267160000 
0.15000 0.016866380000 
0.15050 0.016492780000 
0.15100 0.016123640000 
0.15150 0.015754500000 
0.15200 0.015385360000 
0.15250 0.015044920000 
0.15300 0.014705040000 
0.15350 0.014365140000 
0.15400 0.014027780000 
0.15450 0.013715300000 
0.15500 0.013402820000 
0.15550 0.013090340000 
0.15600 0.012782660000 
0.15650 0.012495200000 
0.15700 0.012207740000 
0.15750 0.011920280000 
0.15800 0.011639160000 
0.15850 0.011374540000 
0.15900 0.011109900000 
0.15950 0.010845280000 
0.16000 0.010588300000 
0.16050 0.010345440000 
0.16100 0.010102560000 
0.16150 0.009859700000 
0.16200 0.009625000000 
0.16250 0.009401960000 
0.16300 0.009178920000 
0.16350 0.008955900000 
0.16400 0.008741260000 
0.16450 0.008536580000 
0.16500 0.008331900000 
0.16550 0.008127220000 
0.16600 0.007930980000 
0.16650 0.007743540000 
0.16700 0.007556100000 
0.16750 0.007368680000 
0.16800 0.007189080000 
0.16850 0.007017060000 
0.16900 0.006845040000 
0.16950 0.006673040000 
0.17000 0.006508580000 
0.17050 0.006351320000 
0.17100 0.006194080000 
0.17150 0.006036820000 
0.17200 0.005886160000 
0.17250 0.005742080000 
0.17300 0.005597980000 
0.17350 0.005453900000 
0.17400 0.005315700000 
0.17450 0.005184000000 
0.17500 0.005052300000 
0.17550 0.004920620000 
0.17600 0.004793980000 
0.17650 0.004673940000 
0.17700 0.004553900000 
0.17750 0.004433860000 
0.17800 0.004317800000 
0.17850 0.004208300000 
0.17900 0.004098800000 
0.17950 0.003989300000 
0.18000 0.003882720000 
0.18050 0.003782740000 
0.18100 0.003682760000 
0.18150 0.003582780000 
0.18200 0.003484800000 
0.18250 0.003393800000 
0.18300 0.003302780000 
0.18350 0.003211760000 
0.18400 0.003121820000 
0.18450 0.003039220000 
0.18500 0.002956640000 
0.18550 0.002874040000 
0.18600 0.002791560000 
0.18650 0.002716400000 
0.18700 0.002641220000 
0.18750 0.002566040000 
0.18800 0.002490860000 
0.18850 0.002422040000 
0.18900 0.002354000000 
0.18950 0.002285960000 
0.19000 0.002217900000 
0.19050 0.002154600000 
0.19100 0.002092780000 
0.19150 0.002030980000 
0.19200 0.001969180000 
0.19250 0.001910988000 
0.19300 0.001855060000 
0.19350 0.001799132000 
0.19400 0.001743204000 
0.19450 0.001689768000 
0.19500 0.001639226000 
0.19550 0.001588684000 
0.19600 0.001538140000 
0.19650 0.001489100000 
0.19700 0.001443488000 
0.19750 0.001397876000 
0.19800 0.001352264000 
0.19850 0.001307294000 
0.19900 0.001266194000 
0.19950 0.001225092000 
0.20000 0.001183992000 
0.20050 0.001142892000 
0.20100 0.001105720000 
0.20150 0.001068638000 
0.20200 0.001031556000 
0.20250 0.000994474000 
0.20300 0.000960552000 
0.20350 0.000927350000 
0.20400 0.000894150000 
0.20450 0.000860948000 
0.20500 0.000829938000 
0.20550 0.000800086000 
0.20600 0.000770232000 
0.20650 0.000740378000 
0.20700 0.000712154000 
0.20750 0.000685538000 
0.20800 0.000658924000 
0.20850 0.000632310000 
0.20900 0.000606704000 
0.20950 0.000582874000 
0.21000 0.000559046000 
0.21050 0.000535216000 
0.21100 0.000511994000 
0.21150 0.000490718000 
0.21200 0.000469442000 
0.21250 0.000448166000 
0.21300 0.000427220000 
0.21350 0.000408426000 
0.21400 0.000389630000 
0.21450 0.000370836000 
0.21500 0.000352158000 
0.21550 0.000335494000 
0.21600 0.000318832000 
0.21650 0.000302170000 
0.21700 0.000285526000 
0.21750 0.000270944000 
0.21800 0.000256360000 
0.21850 0.000241778000 
0.21900 0.000227200000 
0.21950 0.000214414000 
0.22000 0.000201628000 
0.22050 0.000188843200 
0.22100 0.000176126800 
0.22150 0.000165014800 
0.22200 0.000153902600 
0.22250 0.000142790600 
0.22300 0.000131898800 
0.22350 0.000122437400 
0.22400 0.000112975800 
0.22450 0.000103514400 
0.22500 0.000094475400 
0.22550 0.000086480200 
0.22600 0.000078485200 
0.22650 0.000070490200 
0.22700 0.000063235600 
0.22750 0.000056680800 
0.22800 0.000050126000 
0.22850 0.000043571200 
0.22900 0.000038163600 
0.22950 0.000033004800 
0.23000 0.000027846200 
0.23050 0.000022991400 
0.23100 0.000019203720 
0.23150 0.000015416080 
0.23200 0.000011628420 
0.23250 0.000008883700 
0.23300 0.000006533220 
0.23350 0.000004182720 
