0.00000 419.194000000000 
0.00050 379.324000000000 
0.00100 339.452000000000 
0.00150 299.582000000000 
0.00200 259.710000000000 
0.00250 230.656000000000 
0.00300 204.828000000000 
0.00350 183.226000000000 
0.00400 165.532400000000 
0.00450 148.800800000000 
0.00500 136.202200000000 
0.00550 123.603400000000 
0.00600 113.642600000000 
0.00650 104.403600000000 
0.00700 95.889400000000 
0.00750 88.952000000000 
0.00800 82.014400000000 
0.00850 76.351400000000 
0.00900 71.038800000000 
0.00950 65.959800000000 
0.01000 61.823400000000 
0.01050 57.686800000000 
0.01100 54.039200000000 
0.01150 50.772000000000 
0.01200 47.504600000000 
0.01250 44.813200000000 
0.01300 42.199800000000 
0.01350 39.665200000000 
0.01400 37.551800000000 
0.01450 35.438200000000 
0.01500 33.478200000000 
0.01550 31.752200000000 
0.01600 30.026200000000 
0.01650 28.482400000000 
0.01700 27.060400000000 
0.01750 25.638400000000 
0.01800 24.402400000000 
0.01850 23.221600000000 
0.01900 22.040800000000 
0.01950 21.036800000000 
0.02000 20.049400000000 
0.02050 19.066640000000 
0.02100 18.235520000000 
0.02150 17.404420000000 
0.02200 16.588740000000 
0.02250 15.885140000000 
0.02300 15.181560000000 
0.02350 14.497740000000 
0.02400 13.898940000000 
0.02450 13.300140000000 
0.02500 12.721700000000 
0.02550 12.209620000000 
0.02600 11.697540000000 
0.02650 11.204260000000 
0.02700 10.764420000000 
0.02750 10.324560000000 
0.02800 9.900860000000 
0.02850 9.521500000000 
0.02900 9.142160000000 
0.02950 8.775840000000 
0.03000 8.447460000000 
0.03050 8.119060000000 
0.03100 7.800480000000 
0.03150 7.515240000000 
0.03200 7.230020000000 
0.03250 6.951440000000 
0.03300 6.702920000000 
0.03350 6.454400000000 
0.03400 6.209620000000 
0.03450 5.992460000000 
0.03500 5.775300000000 
0.03550 5.559280000000 
0.03600 5.369000000000 
0.03650 5.178740000000 
0.03700 4.988480000000 
0.03750 4.820200000000 
0.03800 4.653080000000 
0.03850 4.485980000000 
0.03900 4.335720000000 
0.03950 4.188600000000 
0.04000 4.041500000000 
0.04050 3.906860000000 
0.04100 3.777100000000 
0.04150 3.647340000000 
0.04200 3.526340000000 
0.04250 3.411640000000 
0.04300 3.296960000000 
0.04350 3.187900000000 
0.04400 3.086340000000 
0.04450 2.984800000000 
0.04500 2.886240000000 
0.04550 2.796180000000 
0.04600 2.706100000000 
0.04650 2.616820000000 
0.04700 2.536820000000 
0.04750 2.456800000000 
0.04800 2.376780000000 
0.04850 2.304560000000 
0.04900 2.233360000000 
0.04950 2.162180000000 
0.05000 2.096200000000 
0.05050 2.032780000000 
0.05100 1.969360000000 
0.05150 1.908984000000 
0.05200 1.852408000000 
0.05250 1.795832000000 
0.05300 1.740484000000 
0.05350 1.689950000000 
0.05400 1.639416000000 
0.05450 1.588882000000 
0.05500 1.543408000000 
0.05550 1.498220000000 
0.05600 1.453032000000 
0.05650 1.411036000000 
0.05700 1.370580000000 
0.05750 1.330126000000 
0.05800 1.291298000000 
0.05850 1.255044000000 
0.05900 1.218788000000 
0.05950 1.182850000000 
0.06000 1.150324000000 
0.06050 1.117800000000 
0.06100 1.085276000000 
0.06150 1.055292000000 
0.06200 1.026082000000 
0.06250 0.996874000000 
0.06300 0.968944000000 
0.06350 0.942690000000 
0.06400 0.916438000000 
0.06450 0.890406000000 
0.06500 0.866784000000 
0.06550 0.843162000000 
0.06600 0.819540000000 
0.06650 0.797610000000 
0.06700 0.776340000000 
0.06750 0.755068000000 
0.06800 0.734510000000 
0.06850 0.715338000000 
0.06900 0.696164000000 
0.06950 0.676992000000 
0.07000 0.659592000000 
0.07050 0.642296000000 
0.07100 0.625000000000 
0.07150 0.608604000000 
0.07200 0.592988000000 
0.07250 0.577372000000 
0.07300 0.561922000000 
0.07350 0.547812000000 
0.07400 0.533700000000 
0.07450 0.519590000000 
0.07500 0.506384000000 
0.07550 0.493622000000 
0.07600 0.480860000000 
0.07650 0.468360000000 
0.07700 0.456810000000 
0.07750 0.445258000000 
0.07800 0.433708000000 
0.07850 0.422970000000 
0.07900 0.412506000000 
0.07950 0.402044000000 
0.08000 0.391838000000 
0.08050 0.382354000000 
0.08100 0.372868000000 
0.08150 0.363384000000 
0.08200 0.354572000000 
0.08250 0.345966000000 
0.08300 0.337360000000 
0.08350 0.328954000000 
0.08400 0.321142000000 
0.08450 0.313328000000 
0.08500 0.305514000000 
0.08550 0.298220000000 
0.08600 0.291120000000 
0.08650 0.284020000000 
0.08700 0.277042000000 
0.08750 0.270586000000 
0.08800 0.264130000000 
0.08850 0.257676000000 
0.08900 0.251590000000 
0.08950 0.245714000000 
0.09000 0.239838000000 
0.09050 0.234002000000 
0.09100 0.228650000000 
0.09150 0.223300000000 
0.09200 0.217950000000 
0.09250 0.212834000000 
0.09300 0.207958000000 
0.09350 0.203082000000 
0.09400 0.198204400000 
0.09450 0.193718200000 
0.09500 0.189271200000 
0.09550 0.184824200000 
0.09600 0.180496600000 
0.09650 0.176436800000 
0.09700 0.172377000000 
0.09750 0.168317200000 
0.09800 0.164503400000 
0.09850 0.160796200000 
0.09900 0.157089000000 
0.09950 0.153405600000 
0.10000 0.150017400000 
0.10050 0.146629200000 
0.10100 0.143240800000 
0.10150 0.139980600000 
0.10200 0.136881800000 
0.10250 0.133783000000 
0.10300 0.130684200000 
0.10350 0.127795400000 
0.10400 0.124959400000 
0.10450 0.122123400000 
0.10500 0.119322400000 
0.10550 0.116725400000 
0.10600 0.114128400000 
0.10650 0.111531600000 
0.10700 0.109039400000 
0.10750 0.106660000000 
0.10800 0.104280400000 
0.10850 0.101901000000 
0.10900 0.099681800000 
0.10950 0.097500200000 
0.11000 0.095318600000 
0.11050 0.093160000000 
0.11100 0.091158000000 
0.11150 0.089156200000 
0.11200 0.087154200000 
0.11250 0.085224600000 
0.11300 0.083387800000 
0.11350 0.081551200000 
0.11400 0.079714400000 
0.11450 0.077988000000 
0.11500 0.076300800000 
0.11550 0.074613400000 
0.11600 0.072930400000 
0.11650 0.071380200000 
0.11700 0.069830000000 
0.11750 0.068279800000 
0.11800 0.066769000000 
0.11850 0.065343600000 
0.11900 0.063918200000 
0.11950 0.062492800000 
0.12000 0.061135400000 
0.12050 0.059825400000 
0.12100 0.058515400000 
0.12150 0.057205200000 
0.12200 0.055984800000 
0.12250 0.054779200000 
0.12300 0.053573400000 
0.12350 0.052379000000 
0.12400 0.051269000000 
0.12450 0.050159200000 
0.12500 0.049049200000 
0.12550 0.047971800000 
0.12600 0.046950200000 
0.12650 0.045928400000 
0.12700 0.044906800000 
0.12750 0.043934800000 
0.12800 0.042994200000 
0.12850 0.042053400000 
0.12900 0.041112800000 
0.12950 0.040235000000 
0.13000 0.039368200000 
0.13050 0.038501400000 
0.13100 0.037640000000 
0.13150 0.036841600000 
0.13200 0.036043400000 
0.13250 0.035245000000 
0.13300 0.034465200000 
0.13350 0.033729400000 
0.13400 0.032993400000 
0.13450 0.032257600000 
0.13500 0.031551000000 
0.13550 0.030872600000 
0.13600 0.030194200000 
0.13650 0.029515800000 
0.13700 0.028875400000 
0.13750 0.028250400000 
0.13800 0.027625600000 
0.13850 0.027000600000 
0.13900 0.026419600000 
0.13950 0.025843600000 
0.14000 0.025267400000 
0.14050 0.024695200000 
0.14100 0.024164400000 
0.14150 0.023633600000 
0.14200 0.023103000000 
0.14250 0.022583000000 
0.14300 0.022093800000 
0.14350 0.021604600000 
0.14400 0.021115400000 
0.14450 0.020642600000 
0.14500 0.020191600000 
0.14550 0.019740760000 
0.14600 0.019289860000 
0.14650 0.018859520000 
0.14700 0.018444020000 
0.14750 0.018028520000 
0.14800 0.017613020000 
0.14850 0.017221540000 
0.14900 0.016839120000 
0.14950 0.016456720000 
0.15000 0.016074300000 
0.15050 0.015717860000 
0.15100 0.015365680000 
0.15150 0.015013480000 
0.15200 0.014661300000 
0.15250 0.014336540000 
0.15300 0.014012320000 
0.15350 0.013688080000 
0.15400 0.013366260000 
0.15450 0.013068220000 
0.15500 0.012770160000 
0.15550 0.012472100000 
0.15600 0.012178640000 
0.15650 0.011904480000 
0.15700 0.011630320000 
0.15750 0.011356180000 
0.15800 0.011088080000 
0.15850 0.010835740000 
0.15900 0.010583400000 
0.15950 0.010331060000 
0.16000 0.010086020000 
0.16050 0.009854440000 
0.16100 0.009622880000 
0.16150 0.009391320000 
0.16200 0.009167540000 
0.16250 0.008954920000 
0.16300 0.008742280000 
0.16350 0.008529660000 
0.16400 0.008325040000 
0.16450 0.008129940000 
0.16500 0.007934820000 
0.16550 0.007739720000 
0.16600 0.007552660000 
0.16650 0.007374020000 
0.16700 0.007195360000 
0.16750 0.007016720000 
0.16800 0.006845540000 
0.16850 0.006681620000 
0.16900 0.006517680000 
0.16950 0.006353760000 
0.17000 0.006197020000 
0.17050 0.006047180000 
0.17100 0.005897340000 
0.17150 0.005747500000 
0.17200 0.005603940000 
0.17250 0.005466640000 
0.17300 0.005329360000 
0.17350 0.005192080000 
0.17400 0.005060400000 
0.17450 0.004934940000 
0.17500 0.004809480000 
0.17550 0.004684020000 
0.17600 0.004563360000 
0.17650 0.004449020000 
0.17700 0.004334680000 
0.17750 0.004220320000 
0.17800 0.004109780000 
0.17850 0.004005480000 
0.17900 0.003901180000 
0.17950 0.003796880000 
0.18000 0.003695360000 
0.18050 0.003600140000 
0.18100 0.003504920000 
0.18150 0.003409700000 
0.18200 0.003316400000 
0.18250 0.003229720000 
0.18300 0.003143060000 
0.18350 0.003056380000 
0.18400 0.002970720000 
0.18450 0.002892080000 
0.18500 0.002813440000 
0.18550 0.002734800000 
0.18600 0.002656260000 
0.18650 0.002584700000 
0.18700 0.002513120000 
0.18750 0.002441540000 
0.18800 0.002369960000 
0.18850 0.002304460000 
0.18900 0.002239680000 
0.18950 0.002174900000 
0.19000 0.002110100000 
0.19050 0.002049840000 
0.19100 0.001991008000 
0.19150 0.001932178000 
0.19200 0.001873346000 
0.19250 0.001817956000 
0.19300 0.001764722000 
0.19350 0.001711490000 
0.19400 0.001658256000 
0.19450 0.001607398000 
0.19500 0.001559296000 
0.19550 0.001511192000 
0.19600 0.001463090000 
0.19650 0.001416418000 
0.19700 0.001373012000 
0.19750 0.001329606000 
0.19800 0.001286200000 
0.19850 0.001243404000 
0.19900 0.001204296000 
0.19950 0.001165186000 
0.20000 0.001126078000 
0.20050 0.001086968000 
0.20100 0.001051600000 
0.20150 0.001016318000 
0.20200 0.000981036000 
0.20250 0.000945754000 
0.20300 0.000913480000 
0.20350 0.000881894000 
0.20400 0.000850308000 
0.20450 0.000818720000 
0.20500 0.000789220000 
0.20550 0.000760820000 
0.20600 0.000732422000 
0.20650 0.000704022000 
0.20700 0.000677172000 
0.20750 0.000651856000 
0.20800 0.000626540000 
0.20850 0.000601224000 
0.20900 0.000576868000 
0.20950 0.000554204000 
0.21000 0.000531540000 
0.21050 0.000508876000 
0.21100 0.000486786000 
0.21150 0.000466552000 
0.21200 0.000446318000 
0.21250 0.000426084000 
0.21300 0.000406164000 
0.21350 0.000388292000 
0.21400 0.000370418000 
0.21450 0.000352544000 
0.21500 0.000334782000 
0.21550 0.000318938000 
0.21600 0.000303094000 
0.21650 0.000287248000 
0.21700 0.000271424000 
0.21750 0.000257558000 
0.21800 0.000243692000 
0.21850 0.000229826000 
0.21900 0.000215964000 
0.21950 0.000203810000 
0.22000 0.000191654000 
0.22050 0.000179498600 
0.22100 0.000167408800 
0.22150 0.000156845000 
0.22200 0.000146281200 
0.22250 0.000135717400 
0.22300 0.000125363200 
0.22350 0.000116369200 
0.22400 0.000107375400 
0.22450 0.000098381400 
0.22500 0.000089789200 
0.22550 0.000082189800 
0.22600 0.000074590400 
0.22650 0.000066991200 
0.22700 0.000060095800 
0.22750 0.000053865800 
0.22800 0.000047636000 
0.22850 0.000041406000 
0.22900 0.000036266800 
0.22950 0.000031364200 
0.23000 0.000026461600 
0.23050 0.000021847600 
0.23100 0.000018248300 
0.23150 0.000014648920 
0.23200 0.000011049560 
0.23250 0.000008441380 
0.23300 0.000006207880 
0.23350 0.000003974380 
