0.00000 406.710000000000 
0.00050 368.028000000000 
0.00100 329.344000000000 
0.00150 290.660000000000 
0.00200 251.978000000000 
0.00250 223.796000000000 
0.00300 198.746200000000 
0.00350 177.797200000000 
0.00400 160.639800000000 
0.00450 144.415400000000 
0.00500 132.198800000000 
0.00550 119.982200000000 
0.00600 110.323000000000 
0.00650 101.363600000000 
0.00700 93.107000000000 
0.00750 86.378800000000 
0.00800 79.650600000000 
0.00850 74.157800000000 
0.00900 69.004800000000 
0.00950 64.078200000000 
0.01000 60.065200000000 
0.01050 56.052200000000 
0.01100 52.513400000000 
0.01150 49.343000000000 
0.01200 46.172600000000 
0.01250 43.560800000000 
0.01300 41.024400000000 
0.01350 38.564600000000 
0.01400 36.513000000000 
0.01450 34.461400000000 
0.01500 32.558600000000 
0.01550 30.882800000000 
0.01600 29.206800000000 
0.01650 27.708000000000 
0.01700 26.327000000000 
0.01750 24.946000000000 
0.01800 23.745600000000 
0.01850 22.598600000000 
0.01900 21.451600000000 
0.01950 20.476200000000 
0.02000 19.516740000000 
0.02050 18.561900000000 
0.02100 17.754240000000 
0.02150 16.946560000000 
0.02200 16.153860000000 
0.02250 15.469940000000 
0.02300 14.786040000000 
0.02350 14.121320000000 
0.02400 13.539120000000 
0.02450 12.956940000000 
0.02500 12.394520000000 
0.02550 11.896520000000 
0.02600 11.398540000000 
0.02650 10.918820000000 
0.02700 10.490960000000 
0.02750 10.063100000000 
0.02800 9.650960000000 
0.02850 9.281860000000 
0.02900 8.912780000000 
0.02950 8.556360000000 
0.03000 8.236780000000 
0.03050 7.917220000000 
0.03100 7.607140000000 
0.03150 7.329520000000 
0.03200 7.051880000000 
0.03250 6.780700000000 
0.03300 6.538740000000 
0.03350 6.296780000000 
0.03400 6.058460000000 
0.03450 5.846980000000 
0.03500 5.635500000000 
0.03550 5.425120000000 
0.03600 5.239780000000 
0.03650 5.054460000000 
0.03700 4.869140000000 
0.03750 4.705180000000 
0.03800 4.542380000000 
0.03850 4.379560000000 
0.03900 4.233140000000 
0.03950 4.089780000000 
0.04000 3.946440000000 
0.04050 3.815220000000 
0.04100 3.688740000000 
0.04150 3.562260000000 
0.04200 3.444300000000 
0.04250 3.332480000000 
0.04300 3.220680000000 
0.04350 3.114340000000 
0.04400 3.015320000000 
0.04450 2.916300000000 
0.04500 2.820200000000 
0.04550 2.732340000000 
0.04600 2.644500000000 
0.04650 2.557420000000 
0.04700 2.479360000000 
0.04750 2.401300000000 
0.04800 2.323240000000 
0.04850 2.252780000000 
0.04900 2.183320000000 
0.04950 2.113860000000 
0.05000 2.049480000000 
0.05050 1.987584000000 
0.05100 1.925688000000 
0.05150 1.866760000000 
0.05200 1.811534000000 
0.05250 1.756310000000 
0.05300 1.702282000000 
0.05350 1.652944000000 
0.05400 1.603608000000 
0.05450 1.554270000000 
0.05500 1.509866000000 
0.05550 1.465738000000 
0.05600 1.421612000000 
0.05650 1.380598000000 
0.05700 1.341086000000 
0.05750 1.301574000000 
0.05800 1.263646000000 
0.05850 1.228230000000 
0.05900 1.192814000000 
0.05950 1.157706000000 
0.06000 1.125926000000 
0.06050 1.094148000000 
0.06100 1.062370000000 
0.06150 1.033070000000 
0.06200 1.004526000000 
0.06250 0.975980000000 
0.06300 0.948684000000 
0.06350 0.923024000000 
0.06400 0.897364000000 
0.06450 0.871918000000 
0.06500 0.848826000000 
0.06550 0.825734000000 
0.06600 0.802640000000 
0.06650 0.781200000000 
0.06700 0.760402000000 
0.06750 0.739602000000 
0.06800 0.719502000000 
0.06850 0.700752000000 
0.06900 0.682002000000 
0.06950 0.663250000000 
0.07000 0.646232000000 
0.07050 0.629314000000 
0.07100 0.612396000000 
0.07150 0.596358000000 
0.07200 0.581082000000 
0.07250 0.565804000000 
0.07300 0.550690000000 
0.07350 0.536884000000 
0.07400 0.523078000000 
0.07450 0.509270000000 
0.07500 0.496348000000 
0.07550 0.483858000000 
0.07600 0.471370000000 
0.07650 0.459136000000 
0.07700 0.447832000000 
0.07750 0.436526000000 
0.07800 0.425222000000 
0.07850 0.414710000000 
0.07900 0.404468000000 
0.07950 0.394226000000 
0.08000 0.384234000000 
0.08050 0.374948000000 
0.08100 0.365662000000 
0.08150 0.356376000000 
0.08200 0.347746000000 
0.08250 0.339318000000 
0.08300 0.330892000000 
0.08350 0.322660000000 
0.08400 0.315008000000 
0.08450 0.307356000000 
0.08500 0.299704000000 
0.08550 0.292558000000 
0.08600 0.285604000000 
0.08650 0.278650000000 
0.08700 0.271814000000 
0.08750 0.265490000000 
0.08800 0.259166000000 
0.08850 0.252842000000 
0.08900 0.246878000000 
0.08950 0.241122000000 
0.09000 0.235364000000 
0.09050 0.229644000000 
0.09100 0.224402000000 
0.09150 0.219158000000 
0.09200 0.213914000000 
0.09250 0.208902000000 
0.09300 0.204122000000 
0.09350 0.199342400000 
0.09400 0.194562800000 
0.09450 0.190165200000 
0.09500 0.185806000000 
0.09550 0.181446800000 
0.09600 0.177204600000 
0.09650 0.173224400000 
0.09700 0.169244200000 
0.09750 0.165264000000 
0.09800 0.161524600000 
0.09850 0.157889600000 
0.09900 0.154254600000 
0.09950 0.150643000000 
0.10000 0.147320200000 
0.10050 0.143997600000 
0.10100 0.140674800000 
0.10150 0.137477400000 
0.10200 0.134438000000 
0.10250 0.131398800000 
0.10300 0.128359600000 
0.10350 0.125525800000 
0.10400 0.122744000000 
0.10450 0.119962200000 
0.10500 0.117214400000 
0.10550 0.114666800000 
0.10600 0.112119000000 
0.10650 0.109571200000 
0.10700 0.107126200000 
0.10750 0.104791600000 
0.10800 0.102456800000 
0.10850 0.100122000000 
0.10900 0.097944400000 
0.10950 0.095803600000 
0.11000 0.093662800000 
0.11050 0.091544600000 
0.11100 0.089579800000 
0.11150 0.087615000000 
0.11200 0.085650200000 
0.11250 0.083756400000 
0.11300 0.081953400000 
0.11350 0.080150600000 
0.11400 0.078347800000 
0.11450 0.076653200000 
0.11500 0.074996800000 
0.11550 0.073340400000 
0.11600 0.071688200000 
0.11650 0.070166200000 
0.11700 0.068644200000 
0.11750 0.067122200000 
0.11800 0.065638800000 
0.11850 0.064239200000 
0.11900 0.062839600000 
0.11950 0.061439800000 
0.12000 0.060107000000 
0.12050 0.058820400000 
0.12100 0.057534000000 
0.12150 0.056247400000 
0.12200 0.055048800000 
0.12250 0.053864600000 
0.12300 0.052680400000 
0.12350 0.051507400000 
0.12400 0.050417000000 
0.12450 0.049326800000 
0.12500 0.048236400000 
0.12550 0.047178200000 
0.12600 0.046174400000 
0.12650 0.045170800000 
0.12700 0.044167000000 
0.12750 0.043212200000 
0.12800 0.042288000000 
0.12850 0.041363800000 
0.12900 0.040439600000 
0.12950 0.039577000000 
0.13000 0.038725400000 
0.13050 0.037873600000 
0.13100 0.037027200000 
0.13150 0.036242600000 
0.13200 0.035458200000 
0.13250 0.034673600000 
0.13300 0.033907200000 
0.13350 0.033184000000 
0.13400 0.032460800000 
0.13450 0.031737600000 
0.13500 0.031043000000 
0.13550 0.030376200000 
0.13600 0.029709400000 
0.13650 0.029042600000 
0.13700 0.028413000000 
0.13750 0.027798800000 
0.13800 0.027184400000 
0.13850 0.026570000000 
0.13900 0.025999000000 
0.13950 0.025432400000 
0.14000 0.024866000000 
0.14050 0.024303400000 
0.14100 0.023781600000 
0.14150 0.023259800000 
0.14200 0.022738000000 
0.14250 0.022226800000 
0.14300 0.021745800000 
0.14350 0.021264600000 
0.14400 0.020783600000 
0.14450 0.020318600000 
0.14500 0.019875100000 
0.14550 0.019431660000 
0.14600 0.018988240000 
0.14650 0.018565000000 
0.14700 0.018156340000 
0.14750 0.017747680000 
0.14800 0.017339000000 
0.14850 0.016953940000 
0.14900 0.016577780000 
0.14950 0.016201620000 
0.15000 0.015825460000 
0.15050 0.015474820000 
0.15100 0.015128360000 
0.15150 0.014781900000 
0.15200 0.014435440000 
0.15250 0.014115940000 
0.15300 0.013796940000 
0.15350 0.013477940000 
0.15400 0.013161340000 
0.15450 0.012868080000 
0.15500 0.012574820000 
0.15550 0.012281560000 
0.15600 0.011992780000 
0.15650 0.011723020000 
0.15700 0.011453240000 
0.15750 0.011183480000 
0.15800 0.010919660000 
0.15850 0.010671320000 
0.15900 0.010423000000 
0.15950 0.010174660000 
0.16000 0.009933500000 
0.16050 0.009705600000 
0.16100 0.009477700000 
0.16150 0.009249780000 
0.16200 0.009029540000 
0.16250 0.008820240000 
0.16300 0.008610960000 
0.16350 0.008401680000 
0.16400 0.008200260000 
0.16450 0.008008200000 
0.16500 0.007816140000 
0.16550 0.007624080000 
0.16600 0.007439960000 
0.16650 0.007264080000 
0.16700 0.007088200000 
0.16750 0.006912340000 
0.16800 0.006743820000 
0.16850 0.006582420000 
0.16900 0.006421020000 
0.16950 0.006259620000 
0.17000 0.006105320000 
0.17050 0.005957780000 
0.17100 0.005810240000 
0.17150 0.005662700000 
0.17200 0.005521340000 
0.17250 0.005386160000 
0.17300 0.005250960000 
0.17350 0.005115780000 
0.17400 0.004986100000 
0.17450 0.004862560000 
0.17500 0.004739000000 
0.17550 0.004615460000 
0.17600 0.004496640000 
0.17650 0.004384020000 
0.17700 0.004271400000 
0.17750 0.004158780000 
0.17800 0.004049900000 
0.17850 0.003947180000 
0.17900 0.003844440000 
0.17950 0.003741720000 
0.18000 0.003641740000 
0.18050 0.003547940000 
0.18100 0.003454160000 
0.18150 0.003360360000 
0.18200 0.003268460000 
0.18250 0.003183080000 
0.18300 0.003097700000 
0.18350 0.003012320000 
0.18400 0.002927940000 
0.18450 0.002850460000 
0.18500 0.002772980000 
0.18550 0.002695520000 
0.18600 0.002618140000 
0.18650 0.002547620000 
0.18700 0.002477100000 
0.18750 0.002406580000 
0.18800 0.002336080000 
0.18850 0.002271520000 
0.18900 0.002207700000 
0.18950 0.002143860000 
0.19000 0.002080040000 
0.19050 0.002020640000 
0.19100 0.001962676000 
0.19150 0.001904704000 
0.19200 0.001846734000 
0.19250 0.001792152000 
0.19300 0.001739694000 
0.19350 0.001687236000 
0.19400 0.001634778000 
0.19450 0.001584658000 
0.19500 0.001537252000 
0.19550 0.001489848000 
0.19600 0.001442442000 
0.19650 0.001396446000 
0.19700 0.001353666000 
0.19750 0.001310886000 
0.19800 0.001268106000 
0.19850 0.001225928000 
0.19900 0.001187380000 
0.19950 0.001148834000 
0.20000 0.001110286000 
0.20050 0.001071740000 
0.20100 0.001036878000 
0.20150 0.001002100000 
0.20200 0.000967322000 
0.20250 0.000932544000 
0.20300 0.000900730000 
0.20350 0.000869594000 
0.20400 0.000838456000 
0.20450 0.000807320000 
0.20500 0.000778238000 
0.20550 0.000750242000 
0.20600 0.000722244000 
0.20650 0.000694248000 
0.20700 0.000667778000 
0.20750 0.000642820000 
0.20800 0.000617862000 
0.20850 0.000592902000 
0.20900 0.000568890000 
0.20950 0.000546544000 
0.21000 0.000524198000 
0.21050 0.000501852000 
0.21100 0.000480074000 
0.21150 0.000460122000 
0.21200 0.000440172000 
0.21250 0.000420222000 
0.21300 0.000400580000 
0.21350 0.000382956000 
0.21400 0.000365330000 
0.21450 0.000347706000 
0.21500 0.000330192000 
0.21550 0.000314568000 
0.21600 0.000298942000 
0.21650 0.000283318000 
0.21700 0.000267712000 
0.21750 0.000254038000 
0.21800 0.000240364000 
0.21850 0.000226690000 
0.21900 0.000213020000 
0.21950 0.000201032000 
0.22000 0.000189044400 
0.22050 0.000177056400 
0.22100 0.000165132800 
0.22150 0.000154713800 
0.22200 0.000144294800 
0.22250 0.000133875800 
0.22300 0.000123663600 
0.22350 0.000114792400 
0.22400 0.000105921400 
0.22450 0.000097050200 
0.22500 0.000088575200 
0.22550 0.000081079200 
0.22600 0.000073583200 
0.22650 0.000066087200 
0.22700 0.000059285600 
0.22750 0.000053140000 
0.22800 0.000046994400 
0.22850 0.000040849000 
0.22900 0.000035779000 
0.22950 0.000030942600 
0.23000 0.000026106200 
0.23050 0.000021554600 
0.23100 0.000018003580 
0.23150 0.000014452580 
0.23200 0.000010901600 
0.23250 0.000008328400 
0.23300 0.000006124820 
0.23350 0.000003921240 
