0.00000 396.882000000000 
0.00050 359.152000000000 
0.00100 321.422000000000 
0.00150 283.690000000000 
0.00200 245.960000000000 
0.00250 218.476000000000 
0.00300 194.047000000000 
0.00350 173.616400000000 
0.00400 156.883400000000 
0.00450 141.059600000000 
0.00500 129.143400000000 
0.00550 117.227000000000 
0.00600 107.803800000000 
0.00650 99.062800000000 
0.00700 91.007200000000 
0.00750 84.441400000000 
0.00800 77.875600000000 
0.00850 72.514600000000 
0.00900 67.484800000000 
0.00950 62.675600000000 
0.01000 58.757600000000 
0.01050 54.839400000000 
0.01100 51.383600000000 
0.01150 48.287400000000 
0.01200 45.191200000000 
0.01250 42.639600000000 
0.01300 40.162000000000 
0.01350 37.758600000000 
0.01400 35.753800000000 
0.01450 33.749000000000 
0.01500 31.889600000000 
0.01550 30.251400000000 
0.01600 28.613200000000 
0.01650 27.147800000000 
0.01700 25.797600000000 
0.01750 24.447200000000 
0.01800 23.273200000000 
0.01850 22.151400000000 
0.01900 21.029600000000 
0.01950 20.075400000000 
0.02000 19.136760000000 
0.02050 18.202620000000 
0.02100 17.412220000000 
0.02150 16.621820000000 
0.02200 15.846040000000 
0.02250 15.176560000000 
0.02300 14.507080000000 
0.02350 13.856360000000 
0.02400 13.286300000000 
0.02450 12.716240000000 
0.02500 12.165500000000 
0.02550 11.677740000000 
0.02600 11.190000000000 
0.02650 10.720100000000 
0.02700 10.300920000000 
0.02750 9.881740000000 
0.02800 9.477920000000 
0.02850 9.116220000000 
0.02900 8.754520000000 
0.02950 8.405220000000 
0.03000 8.091940000000 
0.03050 7.778680000000 
0.03100 7.474740000000 
0.03150 7.202500000000 
0.03200 6.930280000000 
0.03250 6.664380000000 
0.03300 6.427060000000 
0.03350 6.189760000000 
0.03400 5.956000000000 
0.03450 5.748540000000 
0.03500 5.541060000000 
0.03550 5.334680000000 
0.03600 5.152820000000 
0.03650 4.970960000000 
0.03700 4.789100000000 
0.03750 4.628180000000 
0.03800 4.468380000000 
0.03850 4.308580000000 
0.03900 4.164820000000 
0.03950 4.024080000000 
0.04000 3.883340000000 
0.04050 3.754500000000 
0.04100 3.630280000000 
0.04150 3.506080000000 
0.04200 3.390240000000 
0.04250 3.280400000000 
0.04300 3.170560000000 
0.04350 3.066120000000 
0.04400 2.968820000000 
0.04450 2.871540000000 
0.04500 2.777100000000 
0.04550 2.690780000000 
0.04600 2.604440000000 
0.04650 2.518880000000 
0.04700 2.442140000000 
0.04750 2.365420000000 
0.04800 2.288680000000 
0.04850 2.219420000000 
0.04900 2.151120000000 
0.04950 2.082820000000 
0.05000 2.019520000000 
0.05050 1.958648000000 
0.05100 1.897778000000 
0.05150 1.839824000000 
0.05200 1.785502000000 
0.05250 1.731182000000 
0.05300 1.678036000000 
0.05350 1.629496000000 
0.05400 1.580956000000 
0.05450 1.532416000000 
0.05500 1.488720000000 
0.05550 1.445296000000 
0.05600 1.401874000000 
0.05650 1.361508000000 
0.05700 1.322618000000 
0.05750 1.283726000000 
0.05800 1.246394000000 
0.05850 1.211528000000 
0.05900 1.176662000000 
0.05950 1.142098000000 
0.06000 1.110806000000 
0.06050 1.079514000000 
0.06100 1.048222000000 
0.06150 1.019368000000 
0.06200 0.991254000000 
0.06250 0.963142000000 
0.06300 0.936256000000 
0.06350 0.910980000000 
0.06400 0.885702000000 
0.06450 0.860636000000 
0.06500 0.837884000000 
0.06550 0.815132000000 
0.06600 0.792380000000 
0.06650 0.771252000000 
0.06700 0.750756000000 
0.06750 0.730260000000 
0.06800 0.710450000000 
0.06850 0.691968000000 
0.06900 0.673488000000 
0.06950 0.655006000000 
0.07000 0.638230000000 
0.07050 0.621552000000 
0.07100 0.604874000000 
0.07150 0.589060000000 
0.07200 0.573996000000 
0.07250 0.558934000000 
0.07300 0.544030000000 
0.07350 0.530414000000 
0.07400 0.516798000000 
0.07450 0.503182000000 
0.07500 0.490436000000 
0.07550 0.478118000000 
0.07600 0.465800000000 
0.07650 0.453732000000 
0.07700 0.442580000000 
0.07750 0.431426000000 
0.07800 0.420274000000 
0.07850 0.409902000000 
0.07900 0.399796000000 
0.07950 0.389690000000 
0.08000 0.379830000000 
0.08050 0.370666000000 
0.08100 0.361502000000 
0.08150 0.352338000000 
0.08200 0.343820000000 
0.08250 0.335502000000 
0.08300 0.327184000000 
0.08350 0.319060000000 
0.08400 0.311504000000 
0.08450 0.303950000000 
0.08500 0.296396000000 
0.08550 0.289342000000 
0.08600 0.282474000000 
0.08650 0.275606000000 
0.08700 0.268858000000 
0.08750 0.262612000000 
0.08800 0.256366000000 
0.08850 0.250122000000 
0.08900 0.244232000000 
0.08950 0.238546000000 
0.09000 0.232860000000 
0.09050 0.227210000000 
0.09100 0.222030000000 
0.09150 0.216852000000 
0.09200 0.211672000000 
0.09250 0.206720000000 
0.09300 0.201996000000 
0.09350 0.197274200000 
0.09400 0.192551800000 
0.09450 0.188206400000 
0.09500 0.183898800000 
0.09550 0.179591200000 
0.09600 0.175398800000 
0.09650 0.171465200000 
0.09700 0.167531600000 
0.09750 0.163597800000 
0.09800 0.159901600000 
0.09850 0.156308600000 
0.09900 0.152715600000 
0.09950 0.149145600000 
0.10000 0.145860800000 
0.10050 0.142575800000 
0.10100 0.139291000000 
0.10150 0.136129800000 
0.10200 0.133124600000 
0.10250 0.130119400000 
0.10300 0.127114400000 
0.10350 0.124312200000 
0.10400 0.121561400000 
0.10450 0.118810400000 
0.10500 0.116093000000 
0.10550 0.113573200000 
0.10600 0.111053400000 
0.10650 0.108533600000 
0.10700 0.106115200000 
0.10750 0.103805800000 
0.10800 0.101496400000 
0.10850 0.099186800000 
0.10900 0.097032400000 
0.10950 0.094914600000 
0.11000 0.092796600000 
0.11050 0.090701000000 
0.11100 0.088757000000 
0.11150 0.086812800000 
0.11200 0.084868800000 
0.11250 0.082994800000 
0.11300 0.081210800000 
0.11350 0.079426600000 
0.11400 0.077642400000 
0.11450 0.075965400000 
0.11500 0.074326000000 
0.11550 0.072686600000 
0.11600 0.071051400000 
0.11650 0.069544800000 
0.11700 0.068038400000 
0.11750 0.066531800000 
0.11800 0.065063400000 
0.11850 0.063677800000 
0.11900 0.062292200000 
0.11950 0.060906400000 
0.12000 0.059587000000 
0.12050 0.058313000000 
0.12100 0.057039200000 
0.12150 0.055765400000 
0.12200 0.054578600000 
0.12250 0.053406000000 
0.12300 0.052233400000 
0.12350 0.051071600000 
0.12400 0.049991800000 
0.12450 0.048912000000 
0.12500 0.047832200000 
0.12550 0.046784200000 
0.12600 0.045790000000 
0.12650 0.044795800000 
0.12700 0.043801800000 
0.12750 0.042855800000 
0.12800 0.041940400000 
0.12850 0.041024800000 
0.12900 0.040109400000 
0.12950 0.039254800000 
0.13000 0.038411000000 
0.13050 0.037567200000 
0.13100 0.036728400000 
0.13150 0.035951200000 
0.13200 0.035173800000 
0.13250 0.034396600000 
0.13300 0.033637200000 
0.13350 0.032920400000 
0.13400 0.032203800000 
0.13450 0.031487000000 
0.13500 0.030798800000 
0.13550 0.030137800000 
0.13600 0.029477000000 
0.13650 0.028816200000 
0.13700 0.028192200000 
0.13750 0.027583200000 
0.13800 0.026974400000 
0.13850 0.026365400000 
0.13900 0.025799200000 
0.13950 0.025237800000 
0.14000 0.024676200000 
0.14050 0.024118400000 
0.14100 0.023601200000 
0.14150 0.023083800000 
0.14200 0.022566400000 
0.14250 0.022059600000 
0.14300 0.021582600000 
0.14350 0.021105600000 
0.14400 0.020628600000 
0.14450 0.020167600000 
0.14500 0.019727800000 
0.14550 0.019288060000 
0.14600 0.018848340000 
0.14650 0.018428620000 
0.14700 0.018023320000 
0.14750 0.017618040000 
0.14800 0.017212740000 
0.14850 0.016830820000 
0.14900 0.016457720000 
0.14950 0.016084640000 
0.15000 0.015711540000 
0.15050 0.015363720000 
0.15100 0.015020040000 
0.15150 0.014676380000 
0.15200 0.014332700000 
0.15250 0.014015740000 
0.15300 0.013699280000 
0.15350 0.013382820000 
0.15400 0.013068720000 
0.15450 0.012777740000 
0.15500 0.012486780000 
0.15550 0.012195820000 
0.15600 0.011909320000 
0.15650 0.011641640000 
0.15700 0.011373960000 
0.15750 0.011106280000 
0.15800 0.010844500000 
0.15850 0.010598060000 
0.15900 0.010351620000 
0.15950 0.010105180000 
0.16000 0.009865860000 
0.16050 0.009639680000 
0.16100 0.009413500000 
0.16150 0.009187300000 
0.16200 0.008968720000 
0.16250 0.008760980000 
0.16300 0.008553260000 
0.16350 0.008345520000 
0.16400 0.008145620000 
0.16450 0.007954960000 
0.16500 0.007764320000 
0.16550 0.007573680000 
0.16600 0.007390880000 
0.16650 0.007216300000 
0.16700 0.007041700000 
0.16750 0.006867100000 
0.16800 0.006699800000 
0.16850 0.006539560000 
0.16900 0.006379320000 
0.16950 0.006219080000 
0.17000 0.006065880000 
0.17050 0.005919380000 
0.17100 0.005772880000 
0.17150 0.005626400000 
0.17200 0.005486020000 
0.17250 0.005351800000 
0.17300 0.005217560000 
0.17350 0.005083320000 
0.17400 0.004954540000 
0.17450 0.004831840000 
0.17500 0.004709140000 
0.17550 0.004586440000 
0.17600 0.004468440000 
0.17650 0.004356600000 
0.17700 0.004244760000 
0.17750 0.004132900000 
0.17800 0.004024760000 
0.17850 0.003922740000 
0.17900 0.003820700000 
0.17950 0.003718660000 
0.18000 0.003619360000 
0.18050 0.003526180000 
0.18100 0.003433020000 
0.18150 0.003339840000 
0.18200 0.003248540000 
0.18250 0.003163740000 
0.18300 0.003078920000 
0.18350 0.002994100000 
0.18400 0.002910260000 
0.18450 0.002833300000 
0.18500 0.002756340000 
0.18550 0.002679360000 
0.18600 0.002602500000 
0.18650 0.002532440000 
0.18700 0.002462360000 
0.18750 0.002392300000 
0.18800 0.002322240000 
0.18850 0.002258100000 
0.18900 0.002194680000 
0.18950 0.002131260000 
0.19000 0.002067820000 
0.19050 0.002008820000 
0.19100 0.001951206000 
0.19150 0.001893600000 
0.19200 0.001835994000 
0.19250 0.001781752000 
0.19300 0.001729618000 
0.19350 0.001677486000 
0.19400 0.001625354000 
0.19450 0.001575544000 
0.19500 0.001528428000 
0.19550 0.001481314000 
0.19600 0.001434198000 
0.19650 0.001388482000 
0.19700 0.001345962000 
0.19750 0.001303442000 
0.19800 0.001260922000 
0.19850 0.001218998000 
0.19900 0.001180682000 
0.19950 0.001142366000 
0.20000 0.001104050000 
0.20050 0.001065732000 
0.20100 0.001031078000 
0.20150 0.000996506000 
0.20200 0.000961934000 
0.20250 0.000927362000 
0.20300 0.000895734000 
0.20350 0.000864780000 
0.20400 0.000833826000 
0.20450 0.000802870000 
0.20500 0.000773958000 
0.20550 0.000746122000 
0.20600 0.000718288000 
0.20650 0.000690454000 
0.20700 0.000664136000 
0.20750 0.000639320000 
0.20800 0.000614504000 
0.20850 0.000589688000 
0.20900 0.000565812000 
0.20950 0.000543592000 
0.21000 0.000521372000 
0.21050 0.000499154000 
0.21100 0.000477498000 
0.21150 0.000457658000 
0.21200 0.000437818000 
0.21250 0.000417980000 
0.21300 0.000398448000 
0.21350 0.000380920000 
0.21400 0.000363394000 
0.21450 0.000345866000 
0.21500 0.000328448000 
0.21550 0.000312910000 
0.21600 0.000297370000 
0.21650 0.000281830000 
0.21700 0.000266310000 
0.21750 0.000252710000 
0.21800 0.000239110000 
0.21850 0.000225510000 
0.21900 0.000211914000 
0.21950 0.000199989800 
0.22000 0.000188065600 
0.22050 0.000176141600 
0.22100 0.000164281600 
0.22150 0.000153917800 
0.22200 0.000143553800 
0.22250 0.000133189800 
0.22300 0.000123031200 
0.22350 0.000114206400 
0.22400 0.000105381600 
0.22450 0.000096556800 
0.22500 0.000088125800 
0.22550 0.000080668600 
0.22600 0.000073211200 
0.22650 0.000065754000 
0.22700 0.000058987200 
0.22750 0.000052873000 
0.22800 0.000046758800 
0.22850 0.000040644600 
0.22900 0.000035600400 
0.22950 0.000030788400 
0.23000 0.000025976400 
0.23050 0.000021447600 
0.23100 0.000017914380 
0.23150 0.000014381120 
0.23200 0.000010847860 
0.23250 0.000008287400 
0.23300 0.000006094700 
0.23350 0.000003902000 
