0.00000 384.974000000000 
0.00050 348.430000000000 
0.00100 311.886000000000 
0.00150 275.342000000000 
0.00200 238.798000000000 
0.00250 212.170000000000 
0.00300 188.498200000000 
0.00350 168.696400000000 
0.00400 152.473400000000 
0.00450 137.131000000000 
0.00500 125.572000000000 
0.00550 114.013000000000 
0.00600 104.869000000000 
0.00650 96.386000000000 
0.00700 88.567000000000 
0.00750 82.191800000000 
0.00800 75.816800000000 
0.00850 70.609600000000 
0.00900 65.723400000000 
0.00950 61.051600000000 
0.01000 57.243600000000 
0.01050 53.435800000000 
0.01100 50.076600000000 
0.01150 47.066200000000 
0.01200 44.055800000000 
0.01250 41.574200000000 
0.01300 39.164200000000 
0.01350 36.826400000000 
0.01400 34.875600000000 
0.01450 32.924800000000 
0.01500 31.115200000000 
0.01550 29.520400000000 
0.01600 27.925800000000 
0.01650 26.499000000000 
0.01700 25.184200000000 
0.01750 23.869200000000 
0.01800 22.725600000000 
0.01850 21.632800000000 
0.01900 20.540000000000 
0.01950 19.610060000000 
0.02000 18.695360000000 
0.02050 17.785020000000 
0.02100 17.014480000000 
0.02150 16.243960000000 
0.02200 15.487660000000 
0.02250 14.834800000000 
0.02300 14.181940000000 
0.02350 13.547340000000 
0.02400 12.991240000000 
0.02450 12.435140000000 
0.02500 11.897860000000 
0.02550 11.421900000000 
0.02600 10.945940000000 
0.02650 10.487380000000 
0.02700 10.078220000000 
0.02750 9.669060000000 
0.02800 9.274840000000 
0.02850 8.921680000000 
0.02900 8.568520000000 
0.02950 8.227420000000 
0.03000 7.921440000000 
0.03050 7.615480000000 
0.03100 7.318600000000 
0.03150 7.052620000000 
0.03200 6.786660000000 
0.03250 6.526880000000 
0.03300 6.294960000000 
0.03350 6.063040000000 
0.03400 5.834600000000 
0.03450 5.631800000000 
0.03500 5.428980000000 
0.03550 5.227240000000 
0.03600 5.049400000000 
0.03650 4.871580000000 
0.03700 4.693760000000 
0.03750 4.536380000000 
0.03800 4.380080000000 
0.03850 4.223780000000 
0.03900 4.083160000000 
0.03950 3.945460000000 
0.04000 3.807780000000 
0.04050 3.681700000000 
0.04100 3.560160000000 
0.04150 3.438620000000 
0.04200 3.325240000000 
0.04250 3.217720000000 
0.04300 3.110220000000 
0.04350 3.007980000000 
0.04400 2.912720000000 
0.04450 2.817460000000 
0.04500 2.725020000000 
0.04550 2.640460000000 
0.04600 2.555920000000 
0.04650 2.472120000000 
0.04700 2.396980000000 
0.04750 2.321820000000 
0.04800 2.246660000000 
0.04850 2.178780000000 
0.04900 2.111880000000 
0.04950 2.044960000000 
0.05000 1.982934000000 
0.05050 1.923286000000 
0.05100 1.863636000000 
0.05150 1.806836000000 
0.05200 1.753592000000 
0.05250 1.700348000000 
0.05300 1.648254000000 
0.05350 1.600666000000 
0.05400 1.553078000000 
0.05450 1.505490000000 
0.05500 1.462642000000 
0.05550 1.420060000000 
0.05600 1.377480000000 
0.05650 1.337892000000 
0.05700 1.299748000000 
0.05750 1.261604000000 
0.05800 1.224984000000 
0.05850 1.190780000000 
0.05900 1.156576000000 
0.05950 1.122668000000 
0.06000 1.091964000000 
0.06050 1.061260000000 
0.06100 1.030556000000 
0.06150 1.002240000000 
0.06200 0.974650000000 
0.06250 0.947060000000 
0.06300 0.920672000000 
0.06350 0.895860000000 
0.06400 0.871048000000 
0.06450 0.846444000000 
0.06500 0.824106000000 
0.06550 0.801768000000 
0.06600 0.779430000000 
0.06650 0.758684000000 
0.06700 0.738558000000 
0.06750 0.718432000000 
0.06800 0.698978000000 
0.06850 0.680826000000 
0.06900 0.662674000000 
0.06950 0.644524000000 
0.07000 0.628044000000 
0.07050 0.611660000000 
0.07100 0.595276000000 
0.07150 0.579742000000 
0.07200 0.564942000000 
0.07250 0.550142000000 
0.07300 0.535500000000 
0.07350 0.522120000000 
0.07400 0.508740000000 
0.07450 0.495360000000 
0.07500 0.482832000000 
0.07550 0.470726000000 
0.07600 0.458618000000 
0.07650 0.446758000000 
0.07700 0.435794000000 
0.07750 0.424830000000 
0.07800 0.413866000000 
0.07850 0.403670000000 
0.07900 0.393734000000 
0.07950 0.383798000000 
0.08000 0.374104000000 
0.08050 0.365092000000 
0.08100 0.356080000000 
0.08150 0.347068000000 
0.08200 0.338692000000 
0.08250 0.330512000000 
0.08300 0.322330000000 
0.08350 0.314340000000 
0.08400 0.306908000000 
0.08450 0.299478000000 
0.08500 0.292046000000 
0.08550 0.285106000000 
0.08600 0.278350000000 
0.08650 0.271594000000 
0.08700 0.264954000000 
0.08750 0.258808000000 
0.08800 0.252662000000 
0.08850 0.246518000000 
0.08900 0.240722000000 
0.08950 0.235126000000 
0.09000 0.229530000000 
0.09050 0.223970000000 
0.09100 0.218872000000 
0.09150 0.213774000000 
0.09200 0.208676000000 
0.09250 0.203800000000 
0.09300 0.199152200000 
0.09350 0.194503400000 
0.09400 0.189854400000 
0.09450 0.185576000000 
0.09500 0.181335000000 
0.09550 0.177093800000 
0.09600 0.172966200000 
0.09650 0.169092600000 
0.09700 0.165219000000 
0.09750 0.161345600000 
0.09800 0.157705600000 
0.09850 0.154166800000 
0.09900 0.150628200000 
0.09950 0.147112400000 
0.10000 0.143876800000 
0.10050 0.140641200000 
0.10100 0.137405600000 
0.10150 0.134291600000 
0.10200 0.131331200000 
0.10250 0.128370800000 
0.10300 0.125410400000 
0.10350 0.122649600000 
0.10400 0.119939200000 
0.10450 0.117228800000 
0.10500 0.114551400000 
0.10550 0.112068400000 
0.10600 0.109585400000 
0.10650 0.107102400000 
0.10700 0.104719200000 
0.10750 0.102443200000 
0.10800 0.100167000000 
0.10850 0.097891000000 
0.10900 0.095767600000 
0.10950 0.093680000000 
0.11000 0.091592400000 
0.11050 0.089526800000 
0.11100 0.087610400000 
0.11150 0.085694000000 
0.11200 0.083777600000 
0.11250 0.081930000000 
0.11300 0.080171000000 
0.11350 0.078412200000 
0.11400 0.076653200000 
0.11450 0.074999400000 
0.11500 0.073383000000 
0.11550 0.071766400000 
0.11600 0.070154000000 
0.11650 0.068668400000 
0.11700 0.067182600000 
0.11750 0.065697000000 
0.11800 0.064248800000 
0.11850 0.062882200000 
0.11900 0.061515600000 
0.11950 0.060148800000 
0.12000 0.058847400000 
0.12050 0.057590800000 
0.12100 0.056334200000 
0.12150 0.055077800000 
0.12200 0.053906800000 
0.12250 0.052750000000 
0.12300 0.051593200000 
0.12350 0.050447200000 
0.12400 0.049381800000 
0.12450 0.048316400000 
0.12500 0.047251000000 
0.12550 0.046216800000 
0.12600 0.045235800000 
0.12650 0.044254800000 
0.12700 0.043273800000 
0.12750 0.042340400000 
0.12800 0.041437000000 
0.12850 0.040533400000 
0.12900 0.039630000000 
0.12950 0.038786400000 
0.13000 0.037953600000 
0.13050 0.037120800000 
0.13100 0.036293000000 
0.13150 0.035525800000 
0.13200 0.034758400000 
0.13250 0.033991200000 
0.13300 0.033241600000 
0.13350 0.032534000000 
0.13400 0.031826400000 
0.13450 0.031119000000 
0.13500 0.030439400000 
0.13550 0.029786800000 
0.13600 0.029134400000 
0.13650 0.028482000000 
0.13700 0.027865800000 
0.13750 0.027264400000 
0.13800 0.026663200000 
0.13850 0.026062000000 
0.13900 0.025502800000 
0.13950 0.024948200000 
0.14000 0.024393800000 
0.14050 0.023843000000 
0.14100 0.023332000000 
0.14150 0.022821000000 
0.14200 0.022310000000 
0.14250 0.021809600000 
0.14300 0.021338400000 
0.14350 0.020867200000 
0.14400 0.020396000000 
0.14450 0.019940540000 
0.14500 0.019506160000 
0.14550 0.019071760000 
0.14600 0.018637380000 
0.14650 0.018222720000 
0.14700 0.017822300000 
0.14750 0.017421900000 
0.14800 0.017021480000 
0.14850 0.016644120000 
0.14900 0.016275480000 
0.14950 0.015906840000 
0.15000 0.015538200000 
0.15050 0.015194500000 
0.15100 0.014854900000 
0.15150 0.014515280000 
0.15200 0.014175680000 
0.15250 0.013862440000 
0.15300 0.013549700000 
0.15350 0.013236940000 
0.15400 0.012926520000 
0.15450 0.012638960000 
0.15500 0.012351380000 
0.15550 0.012063800000 
0.15600 0.011780640000 
0.15650 0.011516040000 
0.15700 0.011251460000 
0.15750 0.010986860000 
0.15800 0.010728100000 
0.15850 0.010484480000 
0.15900 0.010240880000 
0.15950 0.009997260000 
0.16000 0.009760660000 
0.16050 0.009537040000 
0.16100 0.009313440000 
0.16150 0.009089820000 
0.16200 0.008873700000 
0.16250 0.008668320000 
0.16300 0.008462920000 
0.16350 0.008257540000 
0.16400 0.008059880000 
0.16450 0.007871360000 
0.16500 0.007682840000 
0.16550 0.007494320000 
0.16600 0.007313580000 
0.16650 0.007140920000 
0.16700 0.006968260000 
0.16750 0.006795620000 
0.16800 0.006630160000 
0.16850 0.006471680000 
0.16900 0.006313200000 
0.16950 0.006154740000 
0.17000 0.006003200000 
0.17050 0.005858320000 
0.17100 0.005713420000 
0.17150 0.005568520000 
0.17200 0.005429700000 
0.17250 0.005296900000 
0.17300 0.005164120000 
0.17350 0.005031340000 
0.17400 0.004903960000 
0.17450 0.004782580000 
0.17500 0.004661200000 
0.17550 0.004539820000 
0.17600 0.004423100000 
0.17650 0.004312440000 
0.17700 0.004201800000 
0.17750 0.004091140000 
0.17800 0.003984160000 
0.17850 0.003883200000 
0.17900 0.003782240000 
0.17950 0.003681300000 
0.18000 0.003583040000 
0.18050 0.003490840000 
0.18100 0.003398660000 
0.18150 0.003306480000 
0.18200 0.003216140000 
0.18250 0.003132200000 
0.18300 0.003048280000 
0.18350 0.002964340000 
0.18400 0.002881380000 
0.18450 0.002805220000 
0.18500 0.002729040000 
0.18550 0.002652880000 
0.18600 0.002576800000 
0.18650 0.002507460000 
0.18700 0.002438120000 
0.18750 0.002368780000 
0.18800 0.002299440000 
0.18850 0.002235960000 
0.18900 0.002173180000 
0.18950 0.002110400000 
0.19000 0.002047620000 
0.19050 0.001989214000 
0.19100 0.001932192000 
0.19150 0.001875172000 
0.19200 0.001818150000 
0.19250 0.001764456000 
0.19300 0.001712850000 
0.19350 0.001661242000 
0.19400 0.001609636000 
0.19450 0.001560326000 
0.19500 0.001513684000 
0.19550 0.001467040000 
0.19600 0.001420398000 
0.19650 0.001375138000 
0.19700 0.001333042000 
0.19750 0.001290944000 
0.19800 0.001248846000 
0.19850 0.001207340000 
0.19900 0.001169402000 
0.19950 0.001131464000 
0.20000 0.001093528000 
0.20050 0.001055590000 
0.20100 0.001021274000 
0.20150 0.000987042000 
0.20200 0.000952810000 
0.20250 0.000918576000 
0.20300 0.000887258000 
0.20350 0.000856606000 
0.20400 0.000825952000 
0.20450 0.000795300000 
0.20500 0.000766668000 
0.20550 0.000739104000 
0.20600 0.000711538000 
0.20650 0.000683972000 
0.20700 0.000657910000 
0.20750 0.000633332000 
0.20800 0.000608756000 
0.20850 0.000584178000 
0.20900 0.000560532000 
0.20950 0.000538524000 
0.21000 0.000516518000 
0.21050 0.000494510000 
0.21100 0.000473062000 
0.21150 0.000453410000 
0.21200 0.000433760000 
0.21250 0.000414108000 
0.21300 0.000394762000 
0.21350 0.000377400000 
0.21400 0.000360038000 
0.21450 0.000342678000 
0.21500 0.000325424000 
0.21550 0.000310030000 
0.21600 0.000294638000 
0.21650 0.000279244000 
0.21700 0.000263868000 
0.21750 0.000250396000 
0.21800 0.000236922000 
0.21850 0.000223448000 
0.21900 0.000209980000 
0.21950 0.000198166000 
0.22000 0.000186352400 
0.22050 0.000174538800 
0.22100 0.000162788600 
0.22150 0.000152520000 
0.22200 0.000142251600 
0.22250 0.000131983000 
0.22300 0.000121917800 
0.22350 0.000113173800 
0.22400 0.000104429800 
0.22450 0.000095685600 
0.22500 0.000087331800 
0.22550 0.000079942400 
0.22600 0.000072552800 
0.22650 0.000065163400 
0.22700 0.000058457800 
0.22750 0.000052399000 
0.22800 0.000046340000 
0.22850 0.000040281200 
0.22900 0.000035282400 
0.22950 0.000030513600 
0.23000 0.000025744800 
0.23050 0.000021256600 
0.23100 0.000017754980 
0.23150 0.000014253280 
0.23200 0.000010751580 
0.23250 0.000008213920 
0.23300 0.000006040700 
0.23350 0.000003867460 
