0.00000 374.258000000000 
0.00050 338.706000000000 
0.00100 303.154000000000 
0.00150 267.602000000000 
0.00200 232.050000000000 
0.00250 206.156000000000 
0.00300 183.141600000000 
0.00350 163.893200000000 
0.00400 148.127000000000 
0.00450 133.217200000000 
0.00500 121.986600000000 
0.00550 110.755800000000 
0.00600 101.872600000000 
0.00650 93.632000000000 
0.00700 86.036400000000 
0.00750 79.844000000000 
0.00800 73.651800000000 
0.00850 68.594000000000 
0.00900 63.848400000000 
0.00950 59.310600000000 
0.01000 55.612400000000 
0.01050 51.914000000000 
0.01100 48.651600000000 
0.01150 45.727800000000 
0.01200 42.804000000000 
0.01250 40.393800000000 
0.01300 38.053000000000 
0.01350 35.782600000000 
0.01400 33.888000000000 
0.01450 31.993200000000 
0.01500 30.235400000000 
0.01550 28.686600000000 
0.01600 27.137800000000 
0.01650 25.752000000000 
0.01700 24.474800000000 
0.01750 23.197600000000 
0.01800 22.086800000000 
0.01850 21.025200000000 
0.01900 19.963740000000 
0.01950 19.060400000000 
0.02000 18.171840000000 
0.02050 17.287520000000 
0.02100 16.538960000000 
0.02150 15.790420000000 
0.02200 15.055700000000 
0.02250 14.421420000000 
0.02300 13.787160000000 
0.02350 13.170600000000 
0.02400 12.630320000000 
0.02450 12.090020000000 
0.02500 11.567980000000 
0.02550 11.105520000000 
0.02600 10.643040000000 
0.02650 10.197460000000 
0.02700 9.799860000000 
0.02750 9.402260000000 
0.02800 9.019200000000 
0.02850 8.675980000000 
0.02900 8.332780000000 
0.02950 8.001300000000 
0.03000 7.703940000000 
0.03050 7.406580000000 
0.03100 7.118020000000 
0.03150 6.859520000000 
0.03200 6.601020000000 
0.03250 6.348520000000 
0.03300 6.123080000000 
0.03350 5.897660000000 
0.03400 5.675620000000 
0.03450 5.478460000000 
0.03500 5.281320000000 
0.03550 5.085180000000 
0.03600 4.912320000000 
0.03650 4.739440000000 
0.03700 4.566560000000 
0.03750 4.413560000000 
0.03800 4.261600000000 
0.03850 4.109640000000 
0.03900 3.972900000000 
0.03950 3.839020000000 
0.04000 3.705140000000 
0.04050 3.582540000000 
0.04100 3.464360000000 
0.04150 3.346160000000 
0.04200 3.235920000000 
0.04250 3.131360000000 
0.04300 3.026820000000 
0.04350 2.927380000000 
0.04400 2.834740000000 
0.04450 2.742100000000 
0.04500 2.652200000000 
0.04550 2.569960000000 
0.04600 2.487740000000 
0.04650 2.406240000000 
0.04700 2.333120000000 
0.04750 2.260020000000 
0.04800 2.186920000000 
0.04850 2.120900000000 
0.04900 2.055800000000 
0.04950 1.990722000000 
0.05000 1.930374000000 
0.05050 1.872346000000 
0.05100 1.814316000000 
0.05150 1.759058000000 
0.05200 1.707256000000 
0.05250 1.655456000000 
0.05300 1.604772000000 
0.05350 1.558470000000 
0.05400 1.512168000000 
0.05450 1.465864000000 
0.05500 1.424172000000 
0.05550 1.382738000000 
0.05600 1.341306000000 
0.05650 1.302782000000 
0.05700 1.265664000000 
0.05750 1.228544000000 
0.05800 1.192910000000 
0.05850 1.159622000000 
0.05900 1.126336000000 
0.05950 1.093336000000 
0.06000 1.063454000000 
0.06050 1.033572000000 
0.06100 1.003690000000 
0.06150 0.976128000000 
0.06200 0.949274000000 
0.06250 0.922422000000 
0.06300 0.896738000000 
0.06350 0.872586000000 
0.06400 0.848434000000 
0.06450 0.824484000000 
0.06500 0.802740000000 
0.06550 0.780994000000 
0.06600 0.759250000000 
0.06650 0.739054000000 
0.06700 0.719460000000 
0.06750 0.699868000000 
0.06800 0.680928000000 
0.06850 0.663256000000 
0.06900 0.645584000000 
0.06950 0.627914000000 
0.07000 0.611868000000 
0.07050 0.595916000000 
0.07100 0.579964000000 
0.07150 0.564838000000 
0.07200 0.550428000000 
0.07250 0.536018000000 
0.07300 0.521760000000 
0.07350 0.508732000000 
0.07400 0.495702000000 
0.07450 0.482674000000 
0.07500 0.470474000000 
0.07550 0.458684000000 
0.07600 0.446894000000 
0.07650 0.435344000000 
0.07700 0.424666000000 
0.07750 0.413990000000 
0.07800 0.403312000000 
0.07850 0.393382000000 
0.07900 0.383704000000 
0.07950 0.374026000000 
0.08000 0.364586000000 
0.08050 0.355808000000 
0.08100 0.347030000000 
0.08150 0.338254000000 
0.08200 0.330094000000 
0.08250 0.322126000000 
0.08300 0.314158000000 
0.08350 0.306374000000 
0.08400 0.299134000000 
0.08450 0.291896000000 
0.08500 0.284658000000 
0.08550 0.277898000000 
0.08600 0.271316000000 
0.08650 0.264734000000 
0.08700 0.258264000000 
0.08750 0.252278000000 
0.08800 0.246292000000 
0.08850 0.240304000000 
0.08900 0.234660000000 
0.08950 0.229206000000 
0.09000 0.223754000000 
0.09050 0.218338000000 
0.09100 0.213370000000 
0.09150 0.208404000000 
0.09200 0.203436000000 
0.09250 0.198686000000 
0.09300 0.194156400000 
0.09350 0.189626600000 
0.09400 0.185097000000 
0.09450 0.180928000000 
0.09500 0.176795400000 
0.09550 0.172662600000 
0.09600 0.168640400000 
0.09650 0.164865800000 
0.09700 0.161091000000 
0.09750 0.157316400000 
0.09800 0.153769200000 
0.09850 0.150320600000 
0.09900 0.146872200000 
0.09950 0.143445800000 
0.10000 0.140292400000 
0.10050 0.137139200000 
0.10100 0.133985800000 
0.10150 0.130951000000 
0.10200 0.128065600000 
0.10250 0.125180200000 
0.10300 0.122295000000 
0.10350 0.119604200000 
0.10400 0.116962400000 
0.10450 0.114320600000 
0.10500 0.111711000000 
0.10550 0.109290800000 
0.10600 0.106870600000 
0.10650 0.104450200000 
0.10700 0.102127200000 
0.10750 0.099908600000 
0.10800 0.097690000000 
0.10850 0.095471400000 
0.10900 0.093401400000 
0.10950 0.091366400000 
0.11000 0.089331400000 
0.11050 0.087317800000 
0.11100 0.085449600000 
0.11150 0.083581200000 
0.11200 0.081713000000 
0.11250 0.079911800000 
0.11300 0.078197000000 
0.11350 0.076482200000 
0.11400 0.074767400000 
0.11450 0.073155000000 
0.11500 0.071579000000 
0.11550 0.070003000000 
0.11600 0.068431000000 
0.11650 0.066982400000 
0.11700 0.065534000000 
0.11750 0.064085400000 
0.11800 0.062673400000 
0.11850 0.061340800000 
0.11900 0.060008400000 
0.11950 0.058675800000 
0.12000 0.057406600000 
0.12050 0.056181400000 
0.12100 0.054956200000 
0.12150 0.053731000000 
0.12200 0.052589200000 
0.12250 0.051461200000 
0.12300 0.050333000000 
0.12350 0.049215600000 
0.12400 0.048176600000 
0.12450 0.047137600000 
0.12500 0.046098800000 
0.12550 0.045090200000 
0.12600 0.044133600000 
0.12650 0.043176800000 
0.12700 0.042220200000 
0.12750 0.041309800000 
0.12800 0.040428600000 
0.12850 0.039547600000 
0.12900 0.038666400000 
0.12950 0.037843800000 
0.13000 0.037031600000 
0.13050 0.036219200000 
0.13100 0.035412000000 
0.13150 0.034663600000 
0.13200 0.033915200000 
0.13250 0.033166800000 
0.13300 0.032435600000 
0.13350 0.031745400000 
0.13400 0.031055400000 
0.13450 0.030365200000 
0.13500 0.029702400000 
0.13550 0.029066000000 
0.13600 0.028429600000 
0.13650 0.027793000000 
0.13700 0.027192000000 
0.13750 0.026605400000 
0.13800 0.026019000000 
0.13850 0.025432400000 
0.13900 0.024887000000 
0.13950 0.024346000000 
0.14000 0.023805200000 
0.14050 0.023267800000 
0.14100 0.022769400000 
0.14150 0.022271000000 
0.14200 0.021772400000 
0.14250 0.021284200000 
0.14300 0.020824400000 
0.14350 0.020364800000 
0.14400 0.019905180000 
0.14450 0.019460800000 
0.14500 0.019037000000 
0.14550 0.018613200000 
0.14600 0.018189400000 
0.14650 0.017784840000 
0.14700 0.017394180000 
0.14750 0.017003520000 
0.14800 0.016612840000 
0.14850 0.016244660000 
0.14900 0.015884980000 
0.14950 0.015525300000 
0.15000 0.015165620000 
0.15050 0.014830280000 
0.15100 0.014498920000 
0.15150 0.014167560000 
0.15200 0.013836180000 
0.15250 0.013530540000 
0.15300 0.013225380000 
0.15350 0.012920200000 
0.15400 0.012617300000 
0.15450 0.012336700000 
0.15500 0.012056080000 
0.15550 0.011775460000 
0.15600 0.011499140000 
0.15650 0.011240940000 
0.15700 0.010982760000 
0.15750 0.010724560000 
0.15800 0.010472040000 
0.15850 0.010234300000 
0.15900 0.009996580000 
0.15950 0.009758840000 
0.16000 0.009527960000 
0.16050 0.009309740000 
0.16100 0.009091500000 
0.16150 0.008873280000 
0.16200 0.008662360000 
0.16250 0.008461920000 
0.16300 0.008261480000 
0.16350 0.008061040000 
0.16400 0.007868120000 
0.16450 0.007684140000 
0.16500 0.007500160000 
0.16550 0.007316160000 
0.16600 0.007139760000 
0.16650 0.006971240000 
0.16700 0.006802740000 
0.16750 0.006634220000 
0.16800 0.006472740000 
0.16850 0.006318060000 
0.16900 0.006163380000 
0.16950 0.006008720000 
0.17000 0.005860820000 
0.17050 0.005719400000 
0.17100 0.005577960000 
0.17150 0.005436540000 
0.17200 0.005301020000 
0.17250 0.005171420000 
0.17300 0.005041820000 
0.17350 0.004912200000 
0.17400 0.004787860000 
0.17450 0.004669380000 
0.17500 0.004550900000 
0.17550 0.004432420000 
0.17600 0.004318480000 
0.17650 0.004210460000 
0.17700 0.004102460000 
0.17750 0.003994440000 
0.17800 0.003890000000 
0.17850 0.003791460000 
0.17900 0.003692900000 
0.17950 0.003594360000 
0.18000 0.003498440000 
0.18050 0.003408440000 
0.18100 0.003318460000 
0.18150 0.003228460000 
0.18200 0.003140260000 
0.18250 0.003058340000 
0.18300 0.002976400000 
0.18350 0.002894460000 
0.18400 0.002813480000 
0.18450 0.002739120000 
0.18500 0.002664760000 
0.18550 0.002590400000 
0.18600 0.002516120000 
0.18650 0.002448420000 
0.18700 0.002380720000 
0.18750 0.002313020000 
0.18800 0.002245340000 
0.18850 0.002183360000 
0.18900 0.002122060000 
0.18950 0.002060780000 
0.19000 0.001999486000 
0.19050 0.001942456000 
0.19100 0.001886784000 
0.19150 0.001831110000 
0.19200 0.001775438000 
0.19250 0.001723014000 
0.19300 0.001672626000 
0.19350 0.001622240000 
0.19400 0.001571852000 
0.19450 0.001523706000 
0.19500 0.001478164000 
0.19550 0.001432622000 
0.19600 0.001387080000 
0.19650 0.001342890000 
0.19700 0.001301786000 
0.19750 0.001260680000 
0.19800 0.001219576000 
0.19850 0.001179048000 
0.19900 0.001142004000 
0.19950 0.001104960000 
0.20000 0.001067916000 
0.20050 0.001030872000 
0.20100 0.000997364000 
0.20150 0.000963936000 
0.20200 0.000930510000 
0.20250 0.000897082000 
0.20300 0.000866500000 
0.20350 0.000836568000 
0.20400 0.000806636000 
0.20450 0.000776704000 
0.20500 0.000748744000 
0.20550 0.000721826000 
0.20600 0.000694908000 
0.20650 0.000667990000 
0.20700 0.000642538000 
0.20750 0.000618538000 
0.20800 0.000594538000 
0.20850 0.000570538000 
0.20900 0.000547446000 
0.20950 0.000525954000 
0.21000 0.000504462000 
0.21050 0.000482970000 
0.21100 0.000462024000 
0.21150 0.000442834000 
0.21200 0.000423642000 
0.21250 0.000404452000 
0.21300 0.000385558000 
0.21350 0.000368602000 
0.21400 0.000351646000 
0.21450 0.000334692000 
0.21500 0.000317842000 
0.21550 0.000302808000 
0.21600 0.000287774000 
0.21650 0.000272740000 
0.21700 0.000257724000 
0.21750 0.000244566000 
0.21800 0.000231406000 
0.21850 0.000218248000 
0.21900 0.000205094000 
0.21950 0.000193555200 
0.22000 0.000182017000 
0.22050 0.000170479000 
0.22100 0.000159003000 
0.22150 0.000148973600 
0.22200 0.000138944400 
0.22250 0.000128915000 
0.22300 0.000119084400 
0.22350 0.000110544000 
0.22400 0.000102003400 
0.22450 0.000093462800 
0.22500 0.000085303400 
0.22550 0.000078085800 
0.22600 0.000070868200 
0.22650 0.000063650600 
0.22700 0.000057101000 
0.22750 0.000051182800 
0.22800 0.000045264800 
0.22850 0.000039346600 
0.22900 0.000034463800 
0.22950 0.000029805800 
0.23000 0.000025147600 
0.23050 0.000020763800 
0.23100 0.000017343360 
0.23150 0.000013922880 
0.23200 0.000010502400 
0.23250 0.000008023580 
0.23300 0.000005900740 
0.23350 0.000003777880 
