0.00000 364.788000000000 
0.00050 330.152000000000 
0.00100 295.516000000000 
0.00150 260.882000000000 
0.00200 226.246000000000 
0.00250 201.020000000000 
0.00300 178.600600000000 
0.00350 159.848800000000 
0.00400 144.488600000000 
0.00450 129.962400000000 
0.00500 119.018800000000 
0.00550 108.075400000000 
0.00600 99.418200000000 
0.00650 91.386600000000 
0.00700 83.983400000000 
0.00750 77.946600000000 
0.00800 71.910000000000 
0.00850 66.978600000000 
0.00900 62.351200000000 
0.00950 57.926400000000 
0.01000 54.319200000000 
0.01050 50.712200000000 
0.01100 47.529800000000 
0.01150 44.677400000000 
0.01200 41.825000000000 
0.01250 39.473200000000 
0.01300 37.189000000000 
0.01350 34.973400000000 
0.01400 33.124200000000 
0.01450 31.274800000000 
0.01500 29.559000000000 
0.01550 28.047000000000 
0.01600 26.534800000000 
0.01650 25.181600000000 
0.01700 23.934400000000 
0.01750 22.687200000000 
0.01800 21.602400000000 
0.01850 20.565600000000 
0.01900 19.528740000000 
0.01950 18.646220000000 
0.02000 17.778160000000 
0.02050 16.914200000000 
0.02100 16.182760000000 
0.02150 15.451300000000 
0.02200 14.733360000000 
0.02250 14.113440000000 
0.02300 13.493520000000 
0.02350 12.890900000000 
0.02400 12.362740000000 
0.02450 11.834560000000 
0.02500 11.324220000000 
0.02550 10.872040000000 
0.02600 10.419860000000 
0.02650 9.984180000000 
0.02700 9.595360000000 
0.02750 9.206520000000 
0.02800 8.831900000000 
0.02850 8.496200000000 
0.02900 8.160500000000 
0.02950 7.836260000000 
0.03000 7.545360000000 
0.03050 7.254460000000 
0.03100 6.972160000000 
0.03150 6.719220000000 
0.03200 6.466300000000 
0.03250 6.219220000000 
0.03300 5.998620000000 
0.03350 5.778000000000 
0.03400 5.560700000000 
0.03450 5.367740000000 
0.03500 5.174780000000 
0.03550 4.982820000000 
0.03600 4.813600000000 
0.03650 4.644360000000 
0.03700 4.475140000000 
0.03750 4.325320000000 
0.03800 4.176540000000 
0.03850 4.027780000000 
0.03900 3.893880000000 
0.03950 3.762800000000 
0.04000 3.631700000000 
0.04050 3.511640000000 
0.04100 3.395900000000 
0.04150 3.280160000000 
0.04200 3.172180000000 
0.04250 3.069780000000 
0.04300 2.967380000000 
0.04350 2.869980000000 
0.04400 2.779240000000 
0.04450 2.688480000000 
0.04500 2.600400000000 
0.04550 2.519840000000 
0.04600 2.439280000000 
0.04650 2.359440000000 
0.04700 2.287820000000 
0.04750 2.216180000000 
0.04800 2.144560000000 
0.04850 2.079860000000 
0.04900 2.016080000000 
0.04950 1.952302000000 
0.05000 1.893162000000 
0.05050 1.836294000000 
0.05100 1.779424000000 
0.05150 1.725268000000 
0.05200 1.674496000000 
0.05250 1.623726000000 
0.05300 1.574048000000 
0.05350 1.528662000000 
0.05400 1.483278000000 
0.05450 1.437892000000 
0.05500 1.397020000000 
0.05550 1.356402000000 
0.05600 1.315786000000 
0.05650 1.278020000000 
0.05700 1.241628000000 
0.05750 1.205238000000 
0.05800 1.170302000000 
0.05850 1.137664000000 
0.05900 1.105028000000 
0.05950 1.072672000000 
0.06000 1.043372000000 
0.06050 1.014070000000 
0.06100 0.984768000000 
0.06150 0.957742000000 
0.06200 0.931408000000 
0.06250 0.905076000000 
0.06300 0.879888000000 
0.06350 0.856202000000 
0.06400 0.832516000000 
0.06450 0.809030000000 
0.06500 0.787702000000 
0.06550 0.766376000000 
0.06600 0.745050000000 
0.06650 0.725240000000 
0.06700 0.706022000000 
0.06750 0.686806000000 
0.06800 0.668228000000 
0.06850 0.650894000000 
0.06900 0.633560000000 
0.06950 0.616226000000 
0.07000 0.600486000000 
0.07050 0.584838000000 
0.07100 0.569190000000 
0.07150 0.554352000000 
0.07200 0.540216000000 
0.07250 0.526078000000 
0.07300 0.512092000000 
0.07350 0.499308000000 
0.07400 0.486526000000 
0.07450 0.473744000000 
0.07500 0.461776000000 
0.07550 0.450208000000 
0.07600 0.438640000000 
0.07650 0.427308000000 
0.07700 0.416832000000 
0.07750 0.406354000000 
0.07800 0.395878000000 
0.07850 0.386134000000 
0.07900 0.376638000000 
0.07950 0.367142000000 
0.08000 0.357878000000 
0.08050 0.349266000000 
0.08100 0.340652000000 
0.08150 0.332040000000 
0.08200 0.324034000000 
0.08250 0.316214000000 
0.08300 0.308394000000 
0.08350 0.300756000000 
0.08400 0.293652000000 
0.08450 0.286548000000 
0.08500 0.279444000000 
0.08550 0.272808000000 
0.08600 0.266350000000 
0.08650 0.259890000000 
0.08700 0.253542000000 
0.08750 0.247666000000 
0.08800 0.241790000000 
0.08850 0.235914000000 
0.08900 0.230374000000 
0.08950 0.225022000000 
0.09000 0.219672000000 
0.09050 0.214354000000 
0.09100 0.209480000000 
0.09150 0.204604000000 
0.09200 0.199728200000 
0.09250 0.195066000000 
0.09300 0.190620000000 
0.09350 0.186173800000 
0.09400 0.181727600000 
0.09450 0.177635600000 
0.09500 0.173579000000 
0.09550 0.169522400000 
0.09600 0.165574200000 
0.09650 0.161869000000 
0.09700 0.158163600000 
0.09750 0.154458400000 
0.09800 0.150976400000 
0.09850 0.147591200000 
0.09900 0.144206000000 
0.09950 0.140842400000 
0.10000 0.137747000000 
0.10050 0.134651400000 
0.10100 0.131555800000 
0.10150 0.128576600000 
0.10200 0.125744000000 
0.10250 0.122911600000 
0.10300 0.120079000000 
0.10350 0.117437400000 
0.10400 0.114844000000 
0.10450 0.112250600000 
0.10500 0.109688600000 
0.10550 0.107312600000 
0.10600 0.104936400000 
0.10650 0.102560400000 
0.10700 0.100279800000 
0.10750 0.098101600000 
0.10800 0.095923400000 
0.10850 0.093745200000 
0.10900 0.091713000000 
0.10950 0.089715000000 
0.11000 0.087717000000 
0.11050 0.085740200000 
0.11100 0.083905800000 
0.11150 0.082071600000 
0.11200 0.080237200000 
0.11250 0.078469000000 
0.11300 0.076785200000 
0.11350 0.075101600000 
0.11400 0.073418000000 
0.11450 0.071835000000 
0.11500 0.070287600000 
0.11550 0.068740200000 
0.11600 0.067196600000 
0.11650 0.065774400000 
0.11700 0.064352200000 
0.11750 0.062929800000 
0.11800 0.061543400000 
0.11850 0.060235000000 
0.11900 0.058926600000 
0.11950 0.057618200000 
0.12000 0.056372200000 
0.12050 0.055169000000 
0.12100 0.053966000000 
0.12150 0.052763000000 
0.12200 0.051641800000 
0.12250 0.050534200000 
0.12300 0.049426600000 
0.12350 0.048329400000 
0.12400 0.047309200000 
0.12450 0.046289000000 
0.12500 0.045268800000 
0.12550 0.044278600000 
0.12600 0.043339200000 
0.12650 0.042399800000 
0.12700 0.041460400000 
0.12750 0.040566400000 
0.12800 0.039701200000 
0.12850 0.038836000000 
0.12900 0.037970800000 
0.12950 0.037163000000 
0.13000 0.036365400000 
0.13050 0.035567800000 
0.13100 0.034775000000 
0.13150 0.034040200000 
0.13200 0.033305200000 
0.13250 0.032570400000 
0.13300 0.031852400000 
0.13350 0.031174800000 
0.13400 0.030497000000 
0.13450 0.029819400000 
0.13500 0.029168400000 
0.13550 0.028543400000 
0.13600 0.027918600000 
0.13650 0.027293600000 
0.13700 0.026703400000 
0.13750 0.026127400000 
0.13800 0.025551400000 
0.13850 0.024975400000 
0.13900 0.024439800000 
0.13950 0.023908600000 
0.14000 0.023377400000 
0.14050 0.022849800000 
0.14100 0.022360400000 
0.14150 0.021870800000 
0.14200 0.021381400000 
0.14250 0.020901800000 
0.14300 0.020450400000 
0.14350 0.019999020000 
0.14400 0.019547640000 
0.14450 0.019111240000 
0.14500 0.018695060000 
0.14550 0.018278880000 
0.14600 0.017862700000 
0.14650 0.017465440000 
0.14700 0.017081780000 
0.14750 0.016698140000 
0.14800 0.016314500000 
0.14850 0.015952940000 
0.14900 0.015599720000 
0.14950 0.015246520000 
0.15000 0.014893300000 
0.15050 0.014563980000 
0.15100 0.014238560000 
0.15150 0.013913160000 
0.15200 0.013587740000 
0.15250 0.013287580000 
0.15300 0.012987900000 
0.15350 0.012688220000 
0.15400 0.012390760000 
0.15450 0.012115180000 
0.15500 0.011839620000 
0.15550 0.011564040000 
0.15600 0.011292680000 
0.15650 0.011039120000 
0.15700 0.010785560000 
0.15750 0.010532000000 
0.15800 0.010284020000 
0.15850 0.010050560000 
0.15900 0.009817100000 
0.15950 0.009583640000 
0.16000 0.009356900000 
0.16050 0.009142580000 
0.16100 0.008928280000 
0.16150 0.008713980000 
0.16200 0.008506840000 
0.16250 0.008310000000 
0.16300 0.008113160000 
0.16350 0.007916320000 
0.16400 0.007726860000 
0.16450 0.007546180000 
0.16500 0.007365500000 
0.16550 0.007184820000 
0.16600 0.007011580000 
0.16650 0.006846080000 
0.16700 0.006680600000 
0.16750 0.006515120000 
0.16800 0.006356520000 
0.16850 0.006204620000 
0.16900 0.006052720000 
0.16950 0.005900820000 
0.17000 0.005755580000 
0.17050 0.005616700000 
0.17100 0.005477820000 
0.17150 0.005338920000 
0.17200 0.005205840000 
0.17250 0.005078560000 
0.17300 0.004951280000 
0.17350 0.004824000000 
0.17400 0.004701900000 
0.17450 0.004585540000 
0.17500 0.004469180000 
0.17550 0.004352840000 
0.17600 0.004240940000 
0.17650 0.004134860000 
0.17700 0.004028780000 
0.17750 0.003922700000 
0.17800 0.003820140000 
0.17850 0.003723360000 
0.17900 0.003626580000 
0.17950 0.003529800000 
0.18000 0.003435620000 
0.18050 0.003347240000 
0.18100 0.003258860000 
0.18150 0.003170480000 
0.18200 0.003083860000 
0.18250 0.003003400000 
0.18300 0.002922940000 
0.18350 0.002842480000 
0.18400 0.002762940000 
0.18450 0.002689920000 
0.18500 0.002616880000 
0.18550 0.002543860000 
0.18600 0.002470920000 
0.18650 0.002404440000 
0.18700 0.002337960000 
0.18750 0.002271480000 
0.18800 0.002205000000 
0.18850 0.002144120000 
0.18900 0.002083940000 
0.18950 0.002023760000 
0.19000 0.001963562000 
0.19050 0.001907556000 
0.19100 0.001852882000 
0.19150 0.001798210000 
0.19200 0.001743536000 
0.19250 0.001692054000 
0.19300 0.001642570000 
0.19350 0.001593088000 
0.19400 0.001543606000 
0.19450 0.001496326000 
0.19500 0.001451600000 
0.19550 0.001406876000 
0.19600 0.001362152000 
0.19650 0.001318756000 
0.19700 0.001278388000 
0.19750 0.001238022000 
0.19800 0.001197656000 
0.19850 0.001157856000 
0.19900 0.001121478000 
0.19950 0.001085098000 
0.20000 0.001048720000 
0.20050 0.001012340000 
0.20100 0.000979434000 
0.20150 0.000946608000 
0.20200 0.000913782000 
0.20250 0.000880956000 
0.20300 0.000850922000 
0.20350 0.000821528000 
0.20400 0.000792134000 
0.20450 0.000762738000 
0.20500 0.000735282000 
0.20550 0.000708848000 
0.20600 0.000682414000 
0.20650 0.000655978000 
0.20700 0.000630984000 
0.20750 0.000607416000 
0.20800 0.000583846000 
0.20850 0.000560278000 
0.20900 0.000537600000 
0.20950 0.000516494000 
0.21000 0.000495390000 
0.21050 0.000474284000 
0.21100 0.000453714000 
0.21150 0.000434868000 
0.21200 0.000416022000 
0.21250 0.000397176000 
0.21300 0.000378624000 
0.21350 0.000361972000 
0.21400 0.000345322000 
0.21450 0.000328670000 
0.21500 0.000312124000 
0.21550 0.000297360000 
0.21600 0.000282596000 
0.21650 0.000267834000 
0.21700 0.000253088000 
0.21750 0.000240166000 
0.21800 0.000227244000 
0.21850 0.000214322000 
0.21900 0.000201402000 
0.21950 0.000190072400 
0.22000 0.000178741800 
0.22050 0.000167411200 
0.22100 0.000156141600 
0.22150 0.000146292800 
0.22200 0.000136443800 
0.22250 0.000126594800 
0.22300 0.000116941200 
0.22350 0.000108554400 
0.22400 0.000100167400 
0.22450 0.000091780600 
0.22500 0.000083768000 
0.22550 0.000076680200 
0.22600 0.000069592400 
0.22650 0.000062504800 
0.22700 0.000056073000 
0.22750 0.000050261400 
0.22800 0.000044449800 
0.22850 0.000038638200 
0.22900 0.000033843400 
0.22950 0.000029269200 
0.23000 0.000024695000 
0.23050 0.000020390000 
0.23100 0.000017031080 
0.23150 0.000013672180 
0.23200 0.000010313280 
0.23250 0.000007879100 
0.23300 0.000005794460 
0.23350 0.000003709840 
