0.00000 355.058000000000 
0.00050 321.378000000000 
0.00100 287.698000000000 
0.00150 254.018000000000 
0.00200 220.336000000000 
0.00250 195.803200000000 
0.00300 173.998400000000 
0.00350 155.758400000000 
0.00400 140.814800000000 
0.00450 126.681800000000 
0.00500 116.031800000000 
0.00550 105.382000000000 
0.00600 96.954800000000 
0.00650 89.136000000000 
0.00700 81.928400000000 
0.00750 76.049600000000 
0.00800 70.171000000000 
0.00850 65.367600000000 
0.00900 60.859800000000 
0.00950 56.549000000000 
0.01000 53.034000000000 
0.01050 49.519200000000 
0.01100 46.417400000000 
0.01150 43.637000000000 
0.01200 40.856400000000 
0.01250 38.563400000000 
0.01300 36.336200000000 
0.01350 34.175800000000 
0.01400 32.371800000000 
0.01450 30.568000000000 
0.01500 28.894400000000 
0.01550 27.419000000000 
0.01600 25.943800000000 
0.01650 24.623200000000 
0.01700 23.406000000000 
0.01750 22.188800000000 
0.01800 21.129800000000 
0.01850 20.117400000000 
0.01900 19.105280000000 
0.01950 18.243500000000 
0.02000 17.395800000000 
0.02050 16.552120000000 
0.02100 15.837640000000 
0.02150 15.123160000000 
0.02200 14.421840000000 
0.02250 13.816140000000 
0.02300 13.210440000000 
0.02350 12.621620000000 
0.02400 12.105440000000 
0.02450 11.589240000000 
0.02500 11.090440000000 
0.02550 10.648400000000 
0.02600 10.206360000000 
0.02650 9.780420000000 
0.02700 9.400220000000 
0.02750 9.020020000000 
0.02800 8.653660000000 
0.02850 8.325340000000 
0.02900 7.997000000000 
0.02950 7.679860000000 
0.03000 7.395260000000 
0.03050 7.110680000000 
0.03100 6.834500000000 
0.03150 6.587000000000 
0.03200 6.339480000000 
0.03250 6.097720000000 
0.03300 5.881800000000 
0.03350 5.665880000000 
0.03400 5.453180000000 
0.03450 5.264280000000 
0.03500 5.075360000000 
0.03550 4.887440000000 
0.03600 4.721720000000 
0.03650 4.556020000000 
0.03700 4.390320000000 
0.03750 4.243600000000 
0.03800 4.097880000000 
0.03850 3.952160000000 
0.03900 3.821020000000 
0.03950 3.692600000000 
0.04000 3.564180000000 
0.04050 3.446540000000 
0.04100 3.333140000000 
0.04150 3.219740000000 
0.04200 3.113920000000 
0.04250 3.013560000000 
0.04300 2.913200000000 
0.04350 2.817740000000 
0.04400 2.728800000000 
0.04450 2.639840000000 
0.04500 2.553500000000 
0.04550 2.474520000000 
0.04600 2.395540000000 
0.04650 2.317260000000 
0.04700 2.247020000000 
0.04750 2.176780000000 
0.04800 2.106540000000 
0.04850 2.043100000000 
0.04900 1.980546000000 
0.04950 1.917992000000 
0.05000 1.859984000000 
0.05050 1.804198000000 
0.05100 1.748412000000 
0.05150 1.695284000000 
0.05200 1.645470000000 
0.05250 1.595658000000 
0.05300 1.546918000000 
0.05350 1.502380000000 
0.05400 1.457844000000 
0.05450 1.413306000000 
0.05500 1.373192000000 
0.05550 1.333328000000 
0.05600 1.293464000000 
0.05650 1.256394000000 
0.05700 1.220672000000 
0.05750 1.184950000000 
0.05800 1.150652000000 
0.05850 1.118610000000 
0.05900 1.086566000000 
0.05950 1.054800000000 
0.06000 1.026028000000 
0.06050 0.997256000000 
0.06100 0.968484000000 
0.06150 0.941942000000 
0.06200 0.916078000000 
0.06250 0.890216000000 
0.06300 0.865478000000 
0.06350 0.842212000000 
0.06400 0.818948000000 
0.06450 0.795876000000 
0.06500 0.774924000000 
0.06550 0.753974000000 
0.06600 0.733022000000 
0.06650 0.713560000000 
0.06700 0.694678000000 
0.06750 0.675794000000 
0.06800 0.657542000000 
0.06850 0.640508000000 
0.06900 0.623472000000 
0.06950 0.606438000000 
0.07000 0.590970000000 
0.07050 0.575590000000 
0.07100 0.560210000000 
0.07150 0.545624000000 
0.07200 0.531730000000 
0.07250 0.517834000000 
0.07300 0.504084000000 
0.07350 0.491518000000 
0.07400 0.478950000000 
0.07450 0.466384000000 
0.07500 0.454616000000 
0.07550 0.443242000000 
0.07600 0.431868000000 
0.07650 0.420726000000 
0.07700 0.410424000000 
0.07750 0.400122000000 
0.07800 0.389820000000 
0.07850 0.380236000000 
0.07900 0.370896000000 
0.07950 0.361558000000 
0.08000 0.352446000000 
0.08050 0.343974000000 
0.08100 0.335502000000 
0.08150 0.327030000000 
0.08200 0.319154000000 
0.08250 0.311462000000 
0.08300 0.303768000000 
0.08350 0.296254000000 
0.08400 0.289264000000 
0.08450 0.282276000000 
0.08500 0.275286000000 
0.08550 0.268758000000 
0.08600 0.262402000000 
0.08650 0.256046000000 
0.08700 0.249798000000 
0.08750 0.244016000000 
0.08800 0.238234000000 
0.08850 0.232452000000 
0.08900 0.226998000000 
0.08950 0.221732000000 
0.09000 0.216464000000 
0.09050 0.211232000000 
0.09100 0.206434000000 
0.09150 0.201634000000 
0.09200 0.196834600000 
0.09250 0.192245200000 
0.09300 0.187868200000 
0.09350 0.183491200000 
0.09400 0.179114200000 
0.09450 0.175085200000 
0.09500 0.171091400000 
0.09550 0.167097400000 
0.09600 0.163210000000 
0.09650 0.159561600000 
0.09700 0.155913000000 
0.09750 0.152264600000 
0.09800 0.148835600000 
0.09850 0.145502000000 
0.09900 0.142168200000 
0.09950 0.138856000000 
0.10000 0.135807200000 
0.10050 0.132758400000 
0.10100 0.129709800000 
0.10150 0.126775400000 
0.10200 0.123985400000 
0.10250 0.121195400000 
0.10300 0.118405400000 
0.10350 0.115803200000 
0.10400 0.113248400000 
0.10450 0.110693600000 
0.10500 0.108170000000 
0.10550 0.105829000000 
0.10600 0.103488200000 
0.10650 0.101147400000 
0.10700 0.098900400000 
0.10750 0.096754200000 
0.10800 0.094608000000 
0.10850 0.092461800000 
0.10900 0.090459400000 
0.10950 0.088490600000 
0.11000 0.086522000000 
0.11050 0.084573800000 
0.11100 0.082766200000 
0.11150 0.080958600000 
0.11200 0.079151000000 
0.11250 0.077408200000 
0.11300 0.075748800000 
0.11350 0.074089400000 
0.11400 0.072430000000 
0.11450 0.070869800000 
0.11500 0.069344600000 
0.11550 0.067819200000 
0.11600 0.066298000000 
0.11650 0.064896000000 
0.11700 0.063493800000 
0.11750 0.062091800000 
0.11800 0.060725200000 
0.11850 0.059435400000 
0.11900 0.058145400000 
0.11950 0.056855600000 
0.12000 0.055627000000 
0.12050 0.054440800000 
0.12100 0.053254800000 
0.12150 0.052068600000 
0.12200 0.050963200000 
0.12250 0.049871000000 
0.12300 0.048778800000 
0.12350 0.047697000000 
0.12400 0.046691000000 
0.12450 0.045685000000 
0.12500 0.044679000000 
0.12550 0.043702400000 
0.12600 0.042776000000 
0.12650 0.041849400000 
0.12700 0.040923000000 
0.12750 0.040041400000 
0.12800 0.039188000000 
0.12850 0.038334800000 
0.12900 0.037481400000 
0.12950 0.036684600000 
0.13000 0.035897800000 
0.13050 0.035111200000 
0.13100 0.034329200000 
0.13150 0.033604200000 
0.13200 0.032879400000 
0.13250 0.032154400000 
0.13300 0.031446200000 
0.13350 0.030777600000 
0.13400 0.030109000000 
0.13450 0.029440600000 
0.13500 0.028798400000 
0.13550 0.028181800000 
0.13600 0.027565200000 
0.13650 0.026948600000 
0.13700 0.026366200000 
0.13750 0.025797800000 
0.13800 0.025229600000 
0.13850 0.024661400000 
0.13900 0.024132800000 
0.13950 0.023608600000 
0.14000 0.023084400000 
0.14050 0.022563800000 
0.14100 0.022080800000 
0.14150 0.021597800000 
0.14200 0.021114600000 
0.14250 0.020641400000 
0.14300 0.020196000000 
0.14350 0.019750500000 
0.14400 0.019305020000 
0.14450 0.018874340000 
0.14500 0.018463560000 
0.14550 0.018052800000 
0.14600 0.017642040000 
0.14650 0.017249920000 
0.14700 0.016871240000 
0.14750 0.016492560000 
0.14800 0.016113880000 
0.14850 0.015756980000 
0.14900 0.015408320000 
0.14950 0.015059660000 
0.15000 0.014710980000 
0.15050 0.014385880000 
0.15100 0.014064640000 
0.15150 0.013743400000 
0.15200 0.013422140000 
0.15250 0.013125820000 
0.15300 0.012829940000 
0.15350 0.012534080000 
0.15400 0.012240400000 
0.15450 0.011968320000 
0.15500 0.011696240000 
0.15550 0.011424160000 
0.15600 0.011156240000 
0.15650 0.010905880000 
0.15700 0.010655500000 
0.15750 0.010405140000 
0.15800 0.010160280000 
0.15850 0.009929740000 
0.15900 0.009699200000 
0.15950 0.009468660000 
0.16000 0.009244760000 
0.16050 0.009033120000 
0.16100 0.008821500000 
0.16150 0.008609860000 
0.16200 0.008405300000 
0.16250 0.008210900000 
0.16300 0.008016500000 
0.16350 0.007822100000 
0.16400 0.007635000000 
0.16450 0.007456540000 
0.16500 0.007278100000 
0.16550 0.007099640000 
0.16600 0.006928540000 
0.16650 0.006765080000 
0.16700 0.006601620000 
0.16750 0.006438180000 
0.16800 0.006281520000 
0.16850 0.006131480000 
0.16900 0.005981440000 
0.16950 0.005831400000 
0.17000 0.005687940000 
0.17050 0.005550740000 
0.17100 0.005413540000 
0.17150 0.005276340000 
0.17200 0.005144880000 
0.17250 0.005019140000 
0.17300 0.004893400000 
0.17350 0.004767660000 
0.17400 0.004647020000 
0.17450 0.004532080000 
0.17500 0.004417120000 
0.17550 0.004302160000 
0.17600 0.004191620000 
0.17650 0.004086820000 
0.17700 0.003982020000 
0.17750 0.003877200000 
0.17800 0.003775880000 
0.17850 0.003680240000 
0.17900 0.003584620000 
0.17950 0.003489000000 
0.18000 0.003395920000 
0.18050 0.003308600000 
0.18100 0.003221280000 
0.18150 0.003133940000 
0.18200 0.003048360000 
0.18250 0.002968860000 
0.18300 0.002889340000 
0.18350 0.002809820000 
0.18400 0.002731240000 
0.18450 0.002659060000 
0.18500 0.002586900000 
0.18550 0.002514740000 
0.18600 0.002442660000 
0.18650 0.002376960000 
0.18700 0.002311260000 
0.18750 0.002245560000 
0.18800 0.002179840000 
0.18850 0.002119700000 
0.18900 0.002060200000 
0.18950 0.002000720000 
0.19000 0.001941240000 
0.19050 0.001885886000 
0.19100 0.001831848000 
0.19150 0.001777812000 
0.19200 0.001723774000 
0.19250 0.001672888000 
0.19300 0.001623980000 
0.19350 0.001575070000 
0.19400 0.001526160000 
0.19450 0.001479428000 
0.19500 0.001435218000 
0.19550 0.001391010000 
0.19600 0.001346802000 
0.19650 0.001303906000 
0.19700 0.001264002000 
0.19750 0.001224100000 
0.19800 0.001184198000 
0.19850 0.001144854000 
0.19900 0.001108892000 
0.19950 0.001072930000 
0.20000 0.001036968000 
0.20050 0.001001006000 
0.20100 0.000968474000 
0.20150 0.000936022000 
0.20200 0.000903570000 
0.20250 0.000871118000 
0.20300 0.000841426000 
0.20350 0.000812366000 
0.20400 0.000783304000 
0.20450 0.000754244000 
0.20500 0.000727098000 
0.20550 0.000700962000 
0.20600 0.000674828000 
0.20650 0.000648692000 
0.20700 0.000623980000 
0.20750 0.000600676000 
0.20800 0.000577374000 
0.20850 0.000554070000 
0.20900 0.000531648000 
0.20950 0.000510780000 
0.21000 0.000489912000 
0.21050 0.000469044000 
0.21100 0.000448704000 
0.21150 0.000430070000 
0.21200 0.000411434000 
0.21250 0.000392798000 
0.21300 0.000374452000 
0.21350 0.000357988000 
0.21400 0.000341522000 
0.21450 0.000325056000 
0.21500 0.000308694000 
0.21550 0.000294094000 
0.21600 0.000279496000 
0.21650 0.000264896000 
0.21700 0.000250314000 
0.21750 0.000237534000 
0.21800 0.000224756000 
0.21850 0.000211976000 
0.21900 0.000199200800 
0.21950 0.000187995200 
0.22000 0.000176789600 
0.22050 0.000165584000 
0.22100 0.000154438600 
0.22150 0.000144697800 
0.22200 0.000134957200 
0.22250 0.000125216400 
0.22300 0.000115668800 
0.22350 0.000107373800 
0.22400 0.000099078800 
0.22450 0.000090783600 
0.22500 0.000082858800 
0.22550 0.000075848200 
0.22600 0.000068837800 
0.22650 0.000061827400 
0.22700 0.000055465800 
0.22750 0.000049717400 
0.22800 0.000043969000 
0.22850 0.000038220600 
0.22900 0.000033477800 
0.22950 0.000028953000 
0.23000 0.000024428400 
0.23050 0.000020170200 
0.23100 0.000016847500 
0.23150 0.000013524880 
0.23200 0.000010202280 
0.23250 0.000007794340 
0.23300 0.000005732140 
0.23350 0.000003669960 
