0.00000 347.774000000000 
0.00050 314.786000000000 
0.00100 281.798000000000 
0.00150 248.808000000000 
0.00200 215.820000000000 
0.00250 191.794800000000 
0.00300 170.443400000000 
0.00350 152.583200000000 
0.00400 137.951600000000 
0.00450 124.113800000000 
0.00500 113.686400000000 
0.00550 103.258800000000 
0.00600 95.007400000000 
0.00650 87.351600000000 
0.00700 80.294000000000 
0.00750 74.537600000000 
0.00800 68.781000000000 
0.00850 64.077000000000 
0.00900 59.662400000000 
0.00950 55.440800000000 
0.01000 51.998000000000 
0.01050 48.555400000000 
0.01100 45.517200000000 
0.01150 42.793600000000 
0.01200 40.070000000000 
0.01250 37.823600000000 
0.01300 35.641600000000 
0.01350 33.524800000000 
0.01400 31.757400000000 
0.01450 29.990000000000 
0.01500 28.350000000000 
0.01550 26.904200000000 
0.01600 25.458400000000 
0.01650 24.164200000000 
0.01700 22.971000000000 
0.01750 21.778000000000 
0.01800 20.740000000000 
0.01850 19.747680000000 
0.01900 18.755400000000 
0.01950 17.910500000000 
0.02000 17.079380000000 
0.02050 16.252180000000 
0.02100 15.551560000000 
0.02150 14.850940000000 
0.02200 14.163200000000 
0.02250 13.569160000000 
0.02300 12.975100000000 
0.02350 12.397600000000 
0.02400 11.891240000000 
0.02450 11.384880000000 
0.02500 10.895580000000 
0.02550 10.461900000000 
0.02600 10.028220000000 
0.02650 9.610320000000 
0.02700 9.237240000000 
0.02750 8.864160000000 
0.02800 8.504660000000 
0.02850 8.182440000000 
0.02900 7.860200000000 
0.02950 7.548940000000 
0.03000 7.269580000000 
0.03050 6.990240000000 
0.03100 6.719140000000 
0.03150 6.476140000000 
0.03200 6.233160000000 
0.03250 5.995800000000 
0.03300 5.783780000000 
0.03350 5.571760000000 
0.03400 5.362920000000 
0.03450 5.177400000000 
0.03500 4.991880000000 
0.03550 4.807320000000 
0.03600 4.644560000000 
0.03650 4.481800000000 
0.03700 4.319020000000 
0.03750 4.174900000000 
0.03800 4.031740000000 
0.03850 3.888600000000 
0.03900 3.759740000000 
0.03950 3.633560000000 
0.04000 3.507380000000 
0.04050 3.391800000000 
0.04100 3.280340000000 
0.04150 3.168900000000 
0.04200 3.064900000000 
0.04250 2.966260000000 
0.04300 2.867640000000 
0.04350 2.773800000000 
0.04400 2.686360000000 
0.04450 2.598920000000 
0.04500 2.514040000000 
0.04550 2.436400000000 
0.04600 2.358740000000 
0.04650 2.281780000000 
0.04700 2.212720000000 
0.04750 2.143640000000 
0.04800 2.074580000000 
0.04850 2.012180000000 
0.04900 1.950660000000 
0.04950 1.889142000000 
0.05000 1.832086000000 
0.05050 1.777214000000 
0.05100 1.722340000000 
0.05150 1.670080000000 
0.05200 1.621074000000 
0.05250 1.572070000000 
0.05300 1.524118000000 
0.05350 1.480298000000 
0.05400 1.436478000000 
0.05450 1.392656000000 
0.05500 1.353182000000 
0.05550 1.313954000000 
0.05600 1.274724000000 
0.05650 1.238242000000 
0.05700 1.203084000000 
0.05750 1.167926000000 
0.05800 1.134168000000 
0.05850 1.102628000000 
0.05900 1.071086000000 
0.05950 1.039818000000 
0.06000 1.011492000000 
0.06050 0.983166000000 
0.06100 0.954840000000 
0.06150 0.928706000000 
0.06200 0.903242000000 
0.06250 0.877778000000 
0.06300 0.853418000000 
0.06350 0.830508000000 
0.06400 0.807596000000 
0.06450 0.784876000000 
0.06500 0.764242000000 
0.06550 0.743606000000 
0.06600 0.722972000000 
0.06650 0.703802000000 
0.06700 0.685202000000 
0.06750 0.666602000000 
0.06800 0.648620000000 
0.06850 0.631840000000 
0.06900 0.615058000000 
0.06950 0.598278000000 
0.07000 0.583036000000 
0.07050 0.567882000000 
0.07100 0.552728000000 
0.07150 0.538356000000 
0.07200 0.524664000000 
0.07250 0.510970000000 
0.07300 0.497422000000 
0.07350 0.485036000000 
0.07400 0.472652000000 
0.07450 0.460266000000 
0.07500 0.448668000000 
0.07550 0.437458000000 
0.07600 0.426246000000 
0.07650 0.415262000000 
0.07700 0.405108000000 
0.07750 0.394952000000 
0.07800 0.384796000000 
0.07850 0.375348000000 
0.07900 0.366140000000 
0.07950 0.356932000000 
0.08000 0.347950000000 
0.08050 0.339596000000 
0.08100 0.331242000000 
0.08150 0.322888000000 
0.08200 0.315120000000 
0.08250 0.307534000000 
0.08300 0.299948000000 
0.08350 0.292538000000 
0.08400 0.285644000000 
0.08450 0.278750000000 
0.08500 0.271858000000 
0.08550 0.265418000000 
0.08600 0.259148000000 
0.08650 0.252880000000 
0.08700 0.246718000000 
0.08750 0.241012000000 
0.08800 0.235308000000 
0.08850 0.229604000000 
0.08900 0.224224000000 
0.08950 0.219028000000 
0.09000 0.213832000000 
0.09050 0.208668000000 
0.09100 0.203934000000 
0.09150 0.199197600000 
0.09200 0.194462000000 
0.09250 0.189933200000 
0.09300 0.185613800000 
0.09350 0.181294400000 
0.09400 0.176975000000 
0.09450 0.172998600000 
0.09500 0.169056800000 
0.09550 0.165114800000 
0.09600 0.161278200000 
0.09650 0.157676800000 
0.09700 0.154075600000 
0.09750 0.150474200000 
0.09800 0.147089400000 
0.09850 0.143798400000 
0.09900 0.140507600000 
0.09950 0.137237800000 
0.10000 0.134227800000 
0.10050 0.131217800000 
0.10100 0.128207800000 
0.10150 0.125310600000 
0.10200 0.122556000000 
0.10250 0.119801200000 
0.10300 0.117046400000 
0.10350 0.114476800000 
0.10400 0.111954000000 
0.10450 0.109431200000 
0.10500 0.106939000000 
0.10550 0.104627200000 
0.10600 0.102315400000 
0.10650 0.100003400000 
0.10700 0.097784400000 
0.10750 0.095664600000 
0.10800 0.093544800000 
0.10850 0.091425000000 
0.10900 0.089447200000 
0.10950 0.087502400000 
0.11000 0.085557600000 
0.11050 0.083633400000 
0.11100 0.081847600000 
0.11150 0.080061800000 
0.11200 0.078276000000 
0.11250 0.076554400000 
0.11300 0.074914800000 
0.11350 0.073275400000 
0.11400 0.071636000000 
0.11450 0.070094400000 
0.11500 0.068587200000 
0.11550 0.067080200000 
0.11600 0.065577000000 
0.11650 0.064191400000 
0.11700 0.062806000000 
0.11750 0.061420600000 
0.11800 0.060070000000 
0.11850 0.058795200000 
0.11900 0.057520400000 
0.11950 0.056245800000 
0.12000 0.055031400000 
0.12050 0.053859200000 
0.12100 0.052686800000 
0.12150 0.051514400000 
0.12200 0.050421800000 
0.12250 0.049342200000 
0.12300 0.048262600000 
0.12350 0.047193200000 
0.12400 0.046198600000 
0.12450 0.045204200000 
0.12500 0.044209800000 
0.12550 0.043244200000 
0.12600 0.042328400000 
0.12650 0.041412400000 
0.12700 0.040496600000 
0.12750 0.039624800000 
0.12800 0.038781200000 
0.12850 0.037937400000 
0.12900 0.037093600000 
0.12950 0.036305800000 
0.13000 0.035527800000 
0.13050 0.034750000000 
0.13100 0.033976600000 
0.13150 0.033259800000 
0.13200 0.032542800000 
0.13250 0.031826000000 
0.13300 0.031125600000 
0.13350 0.030464400000 
0.13400 0.029803200000 
0.13450 0.029142000000 
0.13500 0.028506800000 
0.13550 0.027897000000 
0.13600 0.027287000000 
0.13650 0.026677200000 
0.13700 0.026101200000 
0.13750 0.025539000000 
0.13800 0.024976800000 
0.13850 0.024414800000 
0.13900 0.023892000000 
0.13950 0.023373400000 
0.14000 0.022854800000 
0.14050 0.022339800000 
0.14100 0.021861800000 
0.14150 0.021384000000 
0.14200 0.020906000000 
0.14250 0.020437800000 
0.14300 0.019997100000 
0.14350 0.019556340000 
0.14400 0.019115560000 
0.14450 0.018689420000 
0.14500 0.018282960000 
0.14550 0.017876520000 
0.14600 0.017470060000 
0.14650 0.017082040000 
0.14700 0.016707300000 
0.14750 0.016332560000 
0.14800 0.015957820000 
0.14850 0.015604620000 
0.14900 0.015259560000 
0.14950 0.014914500000 
0.15000 0.014569420000 
0.15050 0.014247660000 
0.15100 0.013929720000 
0.15150 0.013611760000 
0.15200 0.013293820000 
0.15250 0.013000500000 
0.15300 0.012707640000 
0.15350 0.012414780000 
0.15400 0.012124100000 
0.15450 0.011854760000 
0.15500 0.011585440000 
0.15550 0.011316100000 
0.15600 0.011050880000 
0.15650 0.010803020000 
0.15700 0.010555180000 
0.15750 0.010307320000 
0.15800 0.010064920000 
0.15850 0.009836680000 
0.15900 0.009608420000 
0.15950 0.009380180000 
0.16000 0.009158500000 
0.16050 0.008948960000 
0.16100 0.008739420000 
0.16150 0.008529880000 
0.16200 0.008327340000 
0.16250 0.008134840000 
0.16300 0.007942360000 
0.16350 0.007749860000 
0.16400 0.007564580000 
0.16450 0.007387860000 
0.16500 0.007211160000 
0.16550 0.007034440000 
0.16600 0.006865000000 
0.16650 0.006703120000 
0.16700 0.006541260000 
0.16750 0.006379380000 
0.16800 0.006224240000 
0.16850 0.006075640000 
0.16900 0.005927040000 
0.16950 0.005778440000 
0.17000 0.005636340000 
0.17050 0.005500460000 
0.17100 0.005364580000 
0.17150 0.005228680000 
0.17200 0.005098460000 
0.17250 0.004973920000 
0.17300 0.004849360000 
0.17350 0.004724820000 
0.17400 0.004605340000 
0.17450 0.004491460000 
0.17500 0.004377600000 
0.17550 0.004263720000 
0.17600 0.004154200000 
0.17650 0.004050380000 
0.17700 0.003946560000 
0.17750 0.003842740000 
0.17800 0.003742340000 
0.17850 0.003647620000 
0.17900 0.003552880000 
0.17950 0.003458140000 
0.18000 0.003365920000 
0.18050 0.003279400000 
0.18100 0.003192880000 
0.18150 0.003106360000 
0.18200 0.003021560000 
0.18250 0.002942780000 
0.18300 0.002864000000 
0.18350 0.002785220000 
0.18400 0.002707340000 
0.18450 0.002635840000 
0.18500 0.002564320000 
0.18550 0.002492820000 
0.18600 0.002421400000 
0.18650 0.002356300000 
0.18700 0.002291180000 
0.18750 0.002226080000 
0.18800 0.002160960000 
0.18850 0.002101340000 
0.18900 0.002042400000 
0.18950 0.001983448000 
0.19000 0.001924498000 
0.19050 0.001869640000 
0.19100 0.001816086000 
0.19150 0.001762530000 
0.19200 0.001708976000 
0.19250 0.001658544000 
0.19300 0.001610068000 
0.19350 0.001561592000 
0.19400 0.001513118000 
0.19450 0.001466798000 
0.19500 0.001422980000 
0.19550 0.001379162000 
0.19600 0.001335342000 
0.19650 0.001292824000 
0.19700 0.001253270000 
0.19750 0.001213718000 
0.19800 0.001174166000 
0.19850 0.001135168000 
0.19900 0.001099518000 
0.19950 0.001063870000 
0.20000 0.001028220000 
0.20050 0.000992572000 
0.20100 0.000960322000 
0.20150 0.000928152000 
0.20200 0.000895980000 
0.20250 0.000863808000 
0.20300 0.000834374000 
0.20350 0.000805562000 
0.20400 0.000776752000 
0.20450 0.000747942000 
0.20500 0.000721028000 
0.20550 0.000695118000 
0.20600 0.000669206000 
0.20650 0.000643294000 
0.20700 0.000618794000 
0.20750 0.000595688000 
0.20800 0.000572584000 
0.20850 0.000549478000 
0.20900 0.000527246000 
0.20950 0.000506554000 
0.21000 0.000485864000 
0.21050 0.000465172000 
0.21100 0.000445004000 
0.21150 0.000426526000 
0.21200 0.000408048000 
0.21250 0.000389570000 
0.21300 0.000371378000 
0.21350 0.000355050000 
0.21400 0.000338722000 
0.21450 0.000322394000 
0.21500 0.000306170000 
0.21550 0.000291690000 
0.21600 0.000277212000 
0.21650 0.000262734000 
0.21700 0.000248274000 
0.21750 0.000235600000 
0.21800 0.000222928000 
0.21850 0.000210254000 
0.21900 0.000197584000 
0.21950 0.000186470600 
0.22000 0.000175357200 
0.22050 0.000164243600 
0.22100 0.000153189800 
0.22150 0.000143528800 
0.22200 0.000133867800 
0.22250 0.000124206800 
0.22300 0.000114737200 
0.22350 0.000106509600 
0.22400 0.000098282000 
0.22450 0.000090054400 
0.22500 0.000082193800 
0.22550 0.000075240200 
0.22600 0.000068286400 
0.22650 0.000061332800 
0.22700 0.000055022400 
0.22750 0.000049320400 
0.22800 0.000043618200 
0.22850 0.000037916000 
0.22900 0.000033211200 
0.22950 0.000028722600 
0.23000 0.000024234200 
0.23050 0.000020010000 
0.23100 0.000016713840 
0.23150 0.000013417680 
0.23200 0.000010121500 
0.23250 0.000007732680 
0.23300 0.000005686820 
0.23350 0.000003640980 
