0.00000 344.484000000000 
0.00050 311.818000000000 
0.00100 279.152000000000 
0.00150 246.486000000000 
0.00200 213.818000000000 
0.00250 190.028600000000 
0.00300 168.886000000000 
0.00350 151.200200000000 
0.00400 136.710800000000 
0.00450 123.007600000000 
0.00500 112.680400000000 
0.00550 102.353400000000 
0.00600 94.180800000000 
0.00650 86.597800000000 
0.00700 79.607200000000 
0.00750 73.904800000000 
0.00800 68.202200000000 
0.00850 63.542000000000 
0.00900 59.168200000000 
0.00950 54.985400000000 
0.01000 51.574200000000 
0.01050 48.162800000000 
0.01100 45.152200000000 
0.01150 42.453000000000 
0.01200 39.753800000000 
0.01250 37.527200000000 
0.01300 35.364400000000 
0.01350 33.266400000000 
0.01400 31.514400000000 
0.01450 29.762200000000 
0.01500 28.136400000000 
0.01550 26.702800000000 
0.01600 25.269400000000 
0.01650 23.986200000000 
0.01700 22.803200000000 
0.01750 21.620000000000 
0.01800 20.590600000000 
0.01850 19.606480000000 
0.01900 18.622380000000 
0.01950 17.784320000000 
0.02000 16.959920000000 
0.02050 16.139440000000 
0.02100 15.444380000000 
0.02150 14.749320000000 
0.02200 14.067060000000 
0.02250 13.477640000000 
0.02300 12.888240000000 
0.02350 12.315220000000 
0.02400 11.812760000000 
0.02450 11.310280000000 
0.02500 10.824720000000 
0.02550 10.394320000000 
0.02600 9.963900000000 
0.02650 9.549140000000 
0.02700 9.178820000000 
0.02750 8.808500000000 
0.02800 8.451640000000 
0.02850 8.131740000000 
0.02900 7.811860000000 
0.02950 7.502840000000 
0.03000 7.225480000000 
0.03050 6.948120000000 
0.03100 6.678940000000 
0.03150 6.437660000000 
0.03200 6.196380000000 
0.03250 5.960660000000 
0.03300 5.750100000000 
0.03350 5.539540000000 
0.03400 5.332140000000 
0.03450 5.147860000000 
0.03500 4.963580000000 
0.03550 4.780280000000 
0.03600 4.618580000000 
0.03650 4.456900000000 
0.03700 4.295220000000 
0.03750 4.152020000000 
0.03800 4.009800000000 
0.03850 3.867580000000 
0.03900 3.739540000000 
0.03950 3.614160000000 
0.04000 3.488780000000 
0.04050 3.373940000000 
0.04100 3.263180000000 
0.04150 3.152420000000 
0.04200 3.049080000000 
0.04250 2.951040000000 
0.04300 2.853020000000 
0.04350 2.759760000000 
0.04400 2.672840000000 
0.04450 2.585940000000 
0.04500 2.501560000000 
0.04550 2.424380000000 
0.04600 2.347180000000 
0.04650 2.270660000000 
0.04700 2.202000000000 
0.04750 2.133340000000 
0.04800 2.064660000000 
0.04850 2.002620000000 
0.04900 1.941454000000 
0.04950 1.880284000000 
0.05000 1.823550000000 
0.05050 1.768984000000 
0.05100 1.714418000000 
0.05150 1.662446000000 
0.05200 1.613708000000 
0.05250 1.564972000000 
0.05300 1.517284000000 
0.05350 1.473698000000 
0.05400 1.430112000000 
0.05450 1.386526000000 
0.05500 1.347260000000 
0.05550 1.308238000000 
0.05600 1.269216000000 
0.05650 1.232924000000 
0.05700 1.197948000000 
0.05750 1.162972000000 
0.05800 1.129388000000 
0.05850 1.098006000000 
0.05900 1.066626000000 
0.05950 1.035514000000 
0.06000 1.007330000000 
0.06050 0.979146000000 
0.06100 0.950960000000 
0.06150 0.924956000000 
0.06200 0.899616000000 
0.06250 0.874276000000 
0.06300 0.850034000000 
0.06350 0.827232000000 
0.06400 0.804432000000 
0.06450 0.781820000000 
0.06500 0.761282000000 
0.06550 0.740744000000 
0.06600 0.720208000000 
0.06650 0.701126000000 
0.06700 0.682612000000 
0.06750 0.664098000000 
0.06800 0.646200000000 
0.06850 0.629494000000 
0.06900 0.612788000000 
0.06950 0.596084000000 
0.07000 0.580910000000 
0.07050 0.565824000000 
0.07100 0.550738000000 
0.07150 0.536430000000 
0.07200 0.522796000000 
0.07250 0.509162000000 
0.07300 0.495672000000 
0.07350 0.483340000000 
0.07400 0.471008000000 
0.07450 0.458676000000 
0.07500 0.447126000000 
0.07550 0.435962000000 
0.07600 0.424798000000 
0.07650 0.413862000000 
0.07700 0.403748000000 
0.07750 0.393634000000 
0.07800 0.383520000000 
0.07850 0.374110000000 
0.07900 0.364938000000 
0.07950 0.355768000000 
0.08000 0.346822000000 
0.08050 0.338500000000 
0.08100 0.330180000000 
0.08150 0.321860000000 
0.08200 0.314122000000 
0.08250 0.306566000000 
0.08300 0.299010000000 
0.08350 0.291628000000 
0.08400 0.284760000000 
0.08450 0.277894000000 
0.08500 0.271026000000 
0.08550 0.264610000000 
0.08600 0.258364000000 
0.08650 0.252120000000 
0.08700 0.245980000000 
0.08750 0.240296000000 
0.08800 0.234614000000 
0.08850 0.228930000000 
0.08900 0.223568000000 
0.08950 0.218392000000 
0.09000 0.213214000000 
0.09050 0.208070000000 
0.09100 0.203350000000 
0.09150 0.198631800000 
0.09200 0.193913000000 
0.09250 0.189400000000 
0.09300 0.185095600000 
0.09350 0.180791000000 
0.09400 0.176486600000 
0.09450 0.172523800000 
0.09500 0.168595200000 
0.09550 0.164666800000 
0.09600 0.160843000000 
0.09650 0.157253800000 
0.09700 0.153664400000 
0.09750 0.150075000000 
0.09800 0.146701400000 
0.09850 0.143421200000 
0.09900 0.140141000000 
0.09950 0.136881800000 
0.10000 0.133881600000 
0.10050 0.130881200000 
0.10100 0.127881000000 
0.10150 0.124993000000 
0.10200 0.122246800000 
0.10250 0.119500600000 
0.10300 0.116754600000 
0.10350 0.114193000000 
0.10400 0.111677800000 
0.10450 0.109162800000 
0.10500 0.106678200000 
0.10550 0.104373400000 
0.10600 0.102068600000 
0.10650 0.099763800000 
0.10700 0.097551200000 
0.10750 0.095437800000 
0.10800 0.093324200000 
0.10850 0.091210800000 
0.10900 0.089238600000 
0.10950 0.087299400000 
0.11000 0.085360400000 
0.11050 0.083441600000 
0.11100 0.081661000000 
0.11150 0.079880200000 
0.11200 0.078099600000 
0.11250 0.076382800000 
0.11300 0.074747800000 
0.11350 0.073113000000 
0.11400 0.071478000000 
0.11450 0.069940600000 
0.11500 0.068437600000 
0.11550 0.066934800000 
0.11600 0.065435600000 
0.11650 0.064053800000 
0.11700 0.062672000000 
0.11750 0.061290400000 
0.11800 0.059943400000 
0.11850 0.058672000000 
0.11900 0.057400400000 
0.11950 0.056129000000 
0.12000 0.054918000000 
0.12050 0.053748600000 
0.12100 0.052579200000 
0.12150 0.051410000000 
0.12200 0.050320000000 
0.12250 0.049243200000 
0.12300 0.048166400000 
0.12350 0.047099600000 
0.12400 0.046107400000 
0.12450 0.045115400000 
0.12500 0.044123400000 
0.12550 0.043160400000 
0.12600 0.042246600000 
0.12650 0.041333000000 
0.12700 0.040419200000 
0.12750 0.039549600000 
0.12800 0.038707800000 
0.12850 0.037866000000 
0.12900 0.037024400000 
0.12950 0.036238400000 
0.13000 0.035462200000 
0.13050 0.034686000000 
0.13100 0.033914600000 
0.13150 0.033199400000 
0.13200 0.032484000000 
0.13250 0.031768800000 
0.13300 0.031070000000 
0.13350 0.030410200000 
0.13400 0.029750400000 
0.13450 0.029090800000 
0.13500 0.028457000000 
0.13550 0.027848400000 
0.13600 0.027239800000 
0.13650 0.026631400000 
0.13700 0.026056400000 
0.13750 0.025495600000 
0.13800 0.024934600000 
0.13850 0.024373600000 
0.13900 0.023852000000 
0.13950 0.023334400000 
0.14000 0.022817000000 
0.14050 0.022303000000 
0.14100 0.021826000000 
0.14150 0.021349200000 
0.14200 0.020872200000 
0.14250 0.020405000000 
0.14300 0.019965060000 
0.14350 0.019525160000 
0.14400 0.019085280000 
0.14450 0.018659960000 
0.14500 0.018254300000 
0.14550 0.017848640000 
0.14600 0.017442960000 
0.14650 0.017055680000 
0.14700 0.016681660000 
0.14750 0.016307640000 
0.14800 0.015933620000 
0.14850 0.015581060000 
0.14900 0.015236640000 
0.14950 0.014892220000 
0.15000 0.014547800000 
0.15050 0.014226620000 
0.15100 0.013909240000 
0.15150 0.013591880000 
0.15200 0.013274500000 
0.15250 0.012981700000 
0.15300 0.012689360000 
0.15350 0.012397020000 
0.15400 0.012106860000 
0.15450 0.011838000000 
0.15500 0.011569140000 
0.15550 0.011300260000 
0.15600 0.011035500000 
0.15650 0.010788080000 
0.15700 0.010540640000 
0.15750 0.010293200000 
0.15800 0.010051200000 
0.15850 0.009823340000 
0.15900 0.009595480000 
0.15950 0.009367600000 
0.16000 0.009146300000 
0.16050 0.008937080000 
0.16100 0.008727880000 
0.16150 0.008518680000 
0.16200 0.008316480000 
0.16250 0.008124280000 
0.16300 0.007932100000 
0.16350 0.007739900000 
0.16400 0.007554920000 
0.16450 0.007378480000 
0.16500 0.007202040000 
0.16550 0.007025600000 
0.16600 0.006856400000 
0.16650 0.006694780000 
0.16700 0.006533160000 
0.16750 0.006371520000 
0.16800 0.006216620000 
0.16850 0.006068240000 
0.16900 0.005919860000 
0.16950 0.005771480000 
0.17000 0.005629580000 
0.17050 0.005493900000 
0.17100 0.005358200000 
0.17150 0.005222520000 
0.17200 0.005092480000 
0.17250 0.004968100000 
0.17300 0.004843740000 
0.17350 0.004719360000 
0.17400 0.004600040000 
0.17450 0.004486320000 
0.17500 0.004372600000 
0.17550 0.004258900000 
0.17600 0.004149520000 
0.17650 0.004045840000 
0.17700 0.003942160000 
0.17750 0.003838480000 
0.17800 0.003738220000 
0.17850 0.003643600000 
0.17900 0.003549000000 
0.17950 0.003454380000 
0.18000 0.003362300000 
0.18050 0.003275880000 
0.18100 0.003189460000 
0.18150 0.003103060000 
0.18200 0.003018380000 
0.18250 0.002939680000 
0.18300 0.002861000000 
0.18350 0.002782320000 
0.18400 0.002704540000 
0.18450 0.002633120000 
0.18500 0.002561700000 
0.18550 0.002490280000 
0.18600 0.002418940000 
0.18650 0.002353920000 
0.18700 0.002288880000 
0.18750 0.002223840000 
0.18800 0.002158820000 
0.18850 0.002099260000 
0.18900 0.002040380000 
0.18950 0.001981504000 
0.19000 0.001922624000 
0.19050 0.001867826000 
0.19100 0.001814332000 
0.19150 0.001760838000 
0.19200 0.001707344000 
0.19250 0.001656968000 
0.19300 0.001608546000 
0.19350 0.001560124000 
0.19400 0.001511702000 
0.19450 0.001465432000 
0.19500 0.001421662000 
0.19550 0.001377890000 
0.19600 0.001334118000 
0.19650 0.001291644000 
0.19700 0.001252134000 
0.19750 0.001212622000 
0.19800 0.001173110000 
0.19850 0.001134154000 
0.19900 0.001098540000 
0.19950 0.001062928000 
0.20000 0.001027316000 
0.20050 0.000991702000 
0.20100 0.000959486000 
0.20150 0.000927346000 
0.20200 0.000895206000 
0.20250 0.000863068000 
0.20300 0.000833660000 
0.20350 0.000804878000 
0.20400 0.000776096000 
0.20450 0.000747314000 
0.20500 0.000720426000 
0.20550 0.000694538000 
0.20600 0.000668652000 
0.20650 0.000642764000 
0.20700 0.000618286000 
0.20750 0.000595202000 
0.20800 0.000572118000 
0.20850 0.000549034000 
0.20900 0.000526824000 
0.20950 0.000506150000 
0.21000 0.000485476000 
0.21050 0.000464804000 
0.21100 0.000444654000 
0.21150 0.000426192000 
0.21200 0.000407730000 
0.21250 0.000389268000 
0.21300 0.000371092000 
0.21350 0.000354778000 
0.21400 0.000338464000 
0.21450 0.000322150000 
0.21500 0.000305938000 
0.21550 0.000291472000 
0.21600 0.000277006000 
0.21650 0.000262540000 
0.21700 0.000248090000 
0.21750 0.000235428000 
0.21800 0.000222764000 
0.21850 0.000210100000 
0.21900 0.000197441200 
0.21950 0.000186336400 
0.22000 0.000175231600 
0.22050 0.000164126600 
0.22100 0.000153081400 
0.22150 0.000143427800 
0.22200 0.000133774000 
0.22250 0.000124120200 
0.22300 0.000114657600 
0.22350 0.000106436200 
0.22400 0.000098214600 
0.22450 0.000089993000 
0.22500 0.000082138200 
0.22550 0.000075189400 
0.22600 0.000068240600 
0.22650 0.000061291800 
0.22700 0.000054986000 
0.22750 0.000049287800 
0.22800 0.000043589600 
0.22850 0.000037891400 
0.22900 0.000033189600 
0.22950 0.000028704200 
0.23000 0.000024218800 
0.23050 0.000019997260 
0.23100 0.000016703240 
0.23150 0.000013409200 
0.23200 0.000010115180 
0.23250 0.000007727860 
0.23300 0.000005683300 
0.23350 0.000003638740 
