0.00000 143.908800000000 
0.00050 124.174400000000 
0.00100 104.440200000000 
0.00150 84.705800000000 
0.00200 64.971600000000 
0.00250 52.339800000000 
0.00300 41.827200000000 
0.00350 33.726200000000 
0.00400 27.855400000000 
0.00450 22.448600000000 
0.00500 19.034220000000 
0.00550 15.619900000000 
0.00600 13.273180000000 
0.00650 11.218580000000 
0.00700 9.410340000000 
0.00750 8.137760000000 
0.00800 6.865180000000 
0.00850 5.957000000000 
0.00900 5.148980000000 
0.00950 4.397340000000 
0.01000 3.873120000000 
0.01050 3.348920000000 
0.01100 2.924640000000 
0.01150 2.578060000000 
0.01200 2.231500000000 
0.01250 1.984958000000 
0.01300 1.751948000000 
0.01350 1.530596000000 
0.01400 1.371586000000 
0.01450 1.212574000000 
0.01500 1.072984000000 
0.01550 0.963006000000 
0.01600 0.853028000000 
0.01650 0.762838000000 
0.01700 0.685848000000 
0.01750 0.608856000000 
0.01800 0.549230000000 
0.01850 0.494736000000 
0.01900 0.440244000000 
0.01950 0.399960000000 
0.02000 0.361004000000 
0.02050 0.322376000000 
0.02100 0.294270000000 
0.02150 0.266166000000 
0.02200 0.238988000000 
0.02250 0.218542000000 
0.02300 0.198094800000 
0.02350 0.178677600000 
0.02400 0.163687400000 
0.02450 0.148697400000 
0.02500 0.134627800000 
0.02550 0.123559600000 
0.02600 0.112491600000 
0.02650 0.102163800000 
0.02700 0.093937600000 
0.02750 0.085711400000 
0.02800 0.078039600000 
0.02850 0.071888200000 
0.02900 0.065737000000 
0.02950 0.059975600000 
0.03000 0.055349800000 
0.03050 0.050724000000 
0.03100 0.046354200000 
0.03150 0.042857200000 
0.03200 0.039360200000 
0.03250 0.036015400000 
0.03300 0.033358600000 
0.03350 0.030702000000 
0.03400 0.028120400000 
0.03450 0.026092800000 
0.03500 0.024065000000 
0.03550 0.022057400000 
0.03600 0.020503200000 
0.03650 0.018949020000 
0.03700 0.017394800000 
0.03750 0.016180600000 
0.03800 0.014984440000 
0.03850 0.013788280000 
0.03900 0.012821140000 
0.03950 0.011897040000 
0.04000 0.010972940000 
0.04050 0.010198120000 
0.04100 0.009481640000 
0.04150 0.008765140000 
0.04200 0.008141140000 
0.04250 0.007583720000 
0.04300 0.007026320000 
0.04350 0.006521400000 
0.04400 0.006086340000 
0.04450 0.005651280000 
0.04500 0.005240980000 
0.04550 0.004900380000 
0.04600 0.004559780000 
0.04650 0.004225040000 
0.04700 0.003957600000 
0.04750 0.003690180000 
0.04800 0.003422760000 
0.04850 0.003205560000 
0.04900 0.002995000000 
0.04950 0.002784460000 
0.05000 0.002603660000 
0.05050 0.002437440000 
0.05100 0.002271220000 
0.05150 0.002120420000 
0.05200 0.001988862000 
0.05250 0.001857304000 
0.05300 0.001731270000 
0.05350 0.001626890000 
0.05400 0.001522510000 
0.05450 0.001418130000 
0.05500 0.001333976000 
0.05550 0.001250966000 
0.05600 0.001167956000 
0.05650 0.001096306000 
0.05700 0.001030138000 
0.05750 0.000963972000 
0.05800 0.000902958000 
0.05850 0.000850100000 
0.05900 0.000797242000 
0.05950 0.000745276000 
0.06000 0.000702960000 
0.06050 0.000660646000 
0.06100 0.000618330000 
0.06150 0.000582430000 
0.06200 0.000548484000 
0.06250 0.000514538000 
0.06300 0.000483474000 
0.06350 0.000456188000 
0.06400 0.000428900000 
0.06450 0.000402060000 
0.06500 0.000380082000 
0.06550 0.000358104000 
0.06600 0.000336128000 
0.06650 0.000317204000 
0.06700 0.000299468000 
0.06750 0.000281734000 
0.06800 0.000265154000 
0.06850 0.000250816000 
0.06900 0.000236476000 
0.06950 0.000222138000 
0.07000 0.000210376000 
0.07050 0.000198761400 
0.07100 0.000187147600 
0.07150 0.000176706000 
0.07200 0.000167282200 
0.07250 0.000157858400 
0.07300 0.000148629000 
0.07350 0.000140968600 
0.07400 0.000133308400 
0.07450 0.000125648000 
0.07500 0.000118941200 
0.07550 0.000112703600 
0.07600 0.000106466000 
0.07650 0.000100476000 
0.07700 0.000095388200 
0.07750 0.000090300400 
0.07800 0.000085212600 
0.07850 0.000080819400 
0.07900 0.000076662400 
0.07950 0.000072505600 
0.08000 0.000068546800 
0.08050 0.000065144800 
0.08100 0.000061743000 
0.08150 0.000058341200 
0.08200 0.000055408200 
0.08250 0.000052619600 
0.08300 0.000049831000 
0.08350 0.000047168600 
0.08400 0.000044879200 
0.08450 0.000042589800 
0.08500 0.000040300400 
0.08550 0.000038307000 
0.08600 0.000036424400 
0.08650 0.000034541800 
0.08700 0.000032722000 
0.08750 0.000031171400 
0.08800 0.000029621000 
0.08850 0.000028070600 
0.08900 0.000026693200 
0.08950 0.000025414400 
0.09000 0.000024135600 
0.09050 0.000022873000 
0.09100 0.000021816600 
0.09150 0.000020760200 
0.09200 0.000019703680 
0.09250 0.000018737940 
0.09300 0.000017863960 
0.09350 0.000016990000 
0.09400 0.000016116020 
0.09450 0.000015378260 
0.09500 0.000014654200 
0.09550 0.000013930140 
0.09600 0.000013244140 
0.09650 0.000012643400 
0.09700 0.000012042660 
0.09750 0.000011441940 
0.09800 0.000010912060 
0.09850 0.000010412960 
0.09900 0.000009913880 
0.09950 0.000009421060 
0.10000 0.000009005820 
0.10050 0.000008590600 
0.10100 0.000008175360 
0.10150 0.000007790760 
0.10200 0.000007444840 
0.10250 0.000007098920 
0.10300 0.000006753000 
0.10350 0.000006452880 
0.10400 0.000006164320 
0.10450 0.000005875760 
0.10500 0.000005594120 
0.10550 0.000005353100 
0.10600 0.000005112080 
0.10650 0.000004871060 
0.10700 0.000004649060 
0.10750 0.000004447500 
0.10800 0.000004245920 
0.10850 0.000004044360 
0.10900 0.000003869340 
0.10950 0.000003700560 
0.11000 0.000003531780 
0.11050 0.000003366500 
0.11100 0.000003225000 
0.11150 0.000003083500 
0.11200 0.000002942000 
0.11250 0.000002810460 
0.11300 0.000002691700 
0.11350 0.000002572940 
0.11400 0.000002454180 
0.11450 0.000002349420 
0.11500 0.000002249620 
0.11550 0.000002149840 
0.11600 0.000002050540 
0.11650 0.000001966580 
0.11700 0.000001882630 
0.11750 0.000001798678 
0.11800 0.000001718906 
0.11850 0.000001648208 
0.11900 0.000001577512 
0.11950 0.000001506814 
0.12000 0.000001442676 
0.12050 0.000001383080 
0.12100 0.000001323482 
0.12150 0.000001263886 
0.12200 0.000001212280 
0.12250 0.000001161988 
0.12300 0.000001111696 
0.12350 0.000001062330 
0.12400 0.000001019850 
0.12450 0.000000977370 
0.12500 0.000000934890 
0.12550 0.000000894838 
0.12600 0.000000858924 
0.12650 0.000000823008 
0.12700 0.000000787094 
0.12750 0.000000754568 
0.12800 0.000000724176 
0.12850 0.000000693784 
0.12900 0.000000663392 
0.12950 0.000000636950 
0.13000 0.000000611210 
0.13050 0.000000585468 
0.13100 0.000000560028 
0.13150 0.000000538210 
0.13200 0.000000516390 
0.13250 0.000000494572 
0.13300 0.000000473732 
0.13350 0.000000455222 
0.13400 0.000000436714 
0.13450 0.000000418204 
0.13500 0.000000401110 
0.13550 0.000000385396 
0.13600 0.000000369682 
0.13650 0.000000353968 
0.13700 0.000000339930 
0.13750 0.000000326580 
0.13800 0.000000313232 
0.13850 0.000000299882 
0.13900 0.000000288336 
0.13950 0.000000276988 
0.14000 0.000000265638 
0.14050 0.000000254436 
0.14100 0.000000244782 
0.14150 0.000000235128 
0.14200 0.000000225474 
0.14250 0.000000216194 
0.14300 0.000000207976 
0.14350 0.000000199759 
0.14400 0.000000191542 
0.14450 0.000000183844 
0.14500 0.000000176845 
0.14550 0.000000169847 
0.14600 0.000000162848 
0.14650 0.000000156451 
0.14700 0.000000150488 
0.14750 0.000000144524 
0.14800 0.000000138561 
0.14850 0.000000133236 
0.14900 0.000000128152 
0.14950 0.000000123068 
0.15000 0.000000117985 
0.15050 0.000000113543 
0.15100 0.000000109208 
0.15150 0.000000104872 
0.15200 0.000000100536 
0.15250 0.000000096824 
0.15300 0.000000093125 
0.15350 0.000000089425 
0.15400 0.000000085776 
0.15450 0.000000082618 
0.15500 0.000000079460 
0.15550 0.000000076303 
0.15600 0.000000073233 
0.15650 0.000000070537 
0.15700 0.000000067841 
0.15750 0.000000065145 
0.15800 0.000000062558 
0.15850 0.000000060254 
0.15900 0.000000057951 
0.15950 0.000000055648 
0.16000 0.000000053462 
0.16050 0.000000051495 
0.16100 0.000000049527 
0.16150 0.000000047560 
0.16200 0.000000045710 
0.16250 0.000000044028 
0.16300 0.000000042347 
0.16350 0.000000040665 
0.16400 0.000000039095 
0.16450 0.000000037658 
0.16500 0.000000036221 
0.16550 0.000000034784 
0.16600 0.000000033448 
0.16650 0.000000032220 
0.16700 0.000000030991 
0.16750 0.000000029763 
0.16800 0.000000028625 
0.16850 0.000000027574 
0.16900 0.000000026523 
0.16950 0.000000025473 
0.17000 0.000000024500 
0.17050 0.000000023602 
0.17100 0.000000022703 
0.17150 0.000000021805 
0.17200 0.000000020972 
0.17250 0.000000020203 
0.17300 0.000000019435 
0.17350 0.000000018666 
0.17400 0.000000017950 
0.17450 0.000000017293 
0.17500 0.000000016636 
0.17550 0.000000015978 
0.17600 0.000000015362 
0.17650 0.000000014800 
0.17700 0.000000014238 
0.17750 0.000000013676 
0.17800 0.000000013145 
0.17850 0.000000012664 
0.17900 0.000000012183 
0.17950 0.000000011703 
0.18000 0.000000011243 
0.18050 0.000000010832 
0.18100 0.000000010420 
0.18150 0.000000010009 
0.18200 0.000000009611 
0.18250 0.000000009259 
0.18300 0.000000008907 
0.18350 0.000000008555 
0.18400 0.000000008210 
0.18450 0.000000007909 
0.18500 0.000000007608 
0.18550 0.000000007307 
0.18600 0.000000007007 
0.18650 0.000000006750 
0.18700 0.000000006493 
0.18750 0.000000006235 
0.18800 0.000000005978 
0.18850 0.000000005754 
0.18900 0.000000005534 
0.18950 0.000000005314 
0.19000 0.000000005094 
0.19050 0.000000004898 
0.19100 0.000000004710 
0.19150 0.000000004522 
0.19200 0.000000004334 
0.19250 0.000000004162 
0.19300 0.000000004002 
0.19350 0.000000003841 
0.19400 0.000000003680 
0.19450 0.000000003530 
0.19500 0.000000003393 
0.19550 0.000000003255 
0.19600 0.000000003118 
0.19650 0.000000002987 
0.19700 0.000000002869 
0.19750 0.000000002752 
0.19800 0.000000002635 
0.19850 0.000000002520 
0.19900 0.000000002420 
0.19950 0.000000002319 
0.20000 0.000000002219 
0.20050 0.000000002119 
0.20100 0.000000002033 
0.20150 0.000000001948 
0.20200 0.000000001862 
0.20250 0.000000001777 
0.20300 0.000000001701 
0.20350 0.000000001629 
0.20400 0.000000001556 
0.20450 0.000000001483 
0.20500 0.000000001417 
0.20550 0.000000001355 
0.20600 0.000000001293 
0.20650 0.000000001231 
0.20700 0.000000001173 
0.20750 0.000000001121 
0.20800 0.000000001068 
0.20850 0.000000001015 
0.20900 0.000000000965 
0.20950 0.000000000920 
0.21000 0.000000000875 
0.21050 0.000000000830 
0.21100 0.000000000787 
0.21150 0.000000000749 
0.21200 0.000000000711 
0.21250 0.000000000673 
0.21300 0.000000000635 
0.21350 0.000000000603 
0.21400 0.000000000571 
0.21450 0.000000000539 
0.21500 0.000000000507 
0.21550 0.000000000480 
0.21600 0.000000000452 
0.21650 0.000000000425 
0.21700 0.000000000398 
0.21750 0.000000000375 
0.21800 0.000000000352 
0.21850 0.000000000330 
0.21900 0.000000000307 
0.21950 0.000000000288 
0.22000 0.000000000269 
0.22050 0.000000000250 
0.22100 0.000000000231 
0.22150 0.000000000215 
0.22200 0.000000000199 
0.22250 0.000000000183 
0.22300 0.000000000168 
0.22350 0.000000000155 
0.22400 0.000000000142 
0.22450 0.000000000129 
0.22500 0.000000000117 
0.22550 0.000000000106 
0.22600 0.000000000096 
0.22650 0.000000000085 
0.22700 0.000000000076 
0.22750 0.000000000068 
0.22800 0.000000000059 
0.22850 0.000000000051 
0.22900 0.000000000045 
0.22950 0.000000000038 
0.23000 0.000000000032 
0.23050 0.000000000026 
0.23100 0.000000000022 
0.23150 0.000000000017 
0.23200 0.000000000013 
0.23250 0.000000000010 
0.23300 0.000000000007 
0.23350 0.000000000005 
