0.00000 341.094000000000 
0.00050 308.760000000000 
0.00100 276.426000000000 
0.00150 244.092000000000 
0.00200 211.756000000000 
0.00250 188.208400000000 
0.00300 167.280800000000 
0.00350 149.774200000000 
0.00400 135.431400000000 
0.00450 121.866400000000 
0.00500 111.642600000000 
0.00550 101.419000000000 
0.00600 93.327600000000 
0.00650 85.819600000000 
0.00700 78.897800000000 
0.00750 73.251000000000 
0.00800 67.604200000000 
0.00850 62.989000000000 
0.00900 58.657200000000 
0.00950 54.514800000000 
0.01000 51.135800000000 
0.01050 47.756800000000 
0.01100 44.774600000000 
0.01150 42.100600000000 
0.01200 39.426600000000 
0.01250 37.220400000000 
0.01300 35.077600000000 
0.01350 32.998800000000 
0.01400 31.262600000000 
0.01450 29.526200000000 
0.01500 27.915000000000 
0.01550 26.494200000000 
0.01600 25.073600000000 
0.01650 23.801600000000 
0.01700 22.629000000000 
0.01750 21.456200000000 
0.01800 20.435600000000 
0.01850 19.459940000000 
0.01900 18.484320000000 
0.01950 17.653340000000 
0.02000 16.835920000000 
0.02050 16.022340000000 
0.02100 15.333060000000 
0.02150 14.643760000000 
0.02200 13.967140000000 
0.02250 13.382540000000 
0.02300 12.797940000000 
0.02350 12.229580000000 
0.02400 11.731140000000 
0.02450 11.232700000000 
0.02500 10.751020000000 
0.02550 10.323980000000 
0.02600 9.896940000000 
0.02650 9.485440000000 
0.02700 9.117980000000 
0.02750 8.750520000000 
0.02800 8.396420000000 
0.02850 8.078940000000 
0.02900 7.761480000000 
0.02950 7.454800000000 
0.03000 7.179500000000 
0.03050 6.904220000000 
0.03100 6.637040000000 
0.03150 6.397520000000 
0.03200 6.158000000000 
0.03250 5.924000000000 
0.03300 5.714960000000 
0.03350 5.505920000000 
0.03400 5.299980000000 
0.03450 5.117020000000 
0.03500 4.934040000000 
0.03550 4.752020000000 
0.03600 4.591460000000 
0.03650 4.430880000000 
0.03700 4.270320000000 
0.03750 4.128100000000 
0.03800 3.986840000000 
0.03850 3.845600000000 
0.03900 3.718420000000 
0.03950 3.593880000000 
0.04000 3.469340000000 
0.04050 3.355240000000 
0.04100 3.245220000000 
0.04150 3.135180000000 
0.04200 3.032500000000 
0.04250 2.935100000000 
0.04300 2.837720000000 
0.04350 2.745040000000 
0.04400 2.658680000000 
0.04450 2.572320000000 
0.04500 2.488480000000 
0.04550 2.411760000000 
0.04600 2.335040000000 
0.04650 2.259020000000 
0.04700 2.190760000000 
0.04750 2.122520000000 
0.04800 2.054260000000 
0.04850 1.992594000000 
0.04900 1.931790000000 
0.04950 1.870986000000 
0.05000 1.814586000000 
0.05050 1.760340000000 
0.05100 1.706092000000 
0.05150 1.654424000000 
0.05200 1.605968000000 
0.05250 1.557512000000 
0.05300 1.510096000000 
0.05350 1.466756000000 
0.05400 1.423418000000 
0.05450 1.380078000000 
0.05500 1.341030000000 
0.05550 1.302224000000 
0.05600 1.263420000000 
0.05650 1.227326000000 
0.05700 1.192540000000 
0.05750 1.157754000000 
0.05800 1.124352000000 
0.05850 1.093138000000 
0.05900 1.061924000000 
0.05950 1.030980000000 
0.06000 1.002944000000 
0.06050 0.974906000000 
0.06100 0.946868000000 
0.06150 0.920998000000 
0.06200 0.895790000000 
0.06250 0.870580000000 
0.06300 0.846462000000 
0.06350 0.823776000000 
0.06400 0.801090000000 
0.06450 0.778594000000 
0.06500 0.758158000000 
0.06550 0.737722000000 
0.06600 0.717286000000 
0.06650 0.698298000000 
0.06700 0.679874000000 
0.06750 0.661450000000 
0.06800 0.643638000000 
0.06850 0.627014000000 
0.06900 0.610388000000 
0.06950 0.593762000000 
0.07000 0.578660000000 
0.07050 0.563644000000 
0.07100 0.548630000000 
0.07150 0.534388000000 
0.07200 0.520816000000 
0.07250 0.507246000000 
0.07300 0.493818000000 
0.07350 0.481542000000 
0.07400 0.469266000000 
0.07450 0.456988000000 
0.07500 0.445492000000 
0.07550 0.434378000000 
0.07600 0.423262000000 
0.07650 0.412374000000 
0.07700 0.402304000000 
0.07750 0.392234000000 
0.07800 0.382164000000 
0.07850 0.372794000000 
0.07900 0.363664000000 
0.07950 0.354532000000 
0.08000 0.345624000000 
0.08050 0.337338000000 
0.08100 0.329052000000 
0.08150 0.320766000000 
0.08200 0.313062000000 
0.08250 0.305536000000 
0.08300 0.298010000000 
0.08350 0.290658000000 
0.08400 0.283818000000 
0.08450 0.276980000000 
0.08500 0.270140000000 
0.08550 0.263750000000 
0.08600 0.257530000000 
0.08650 0.251308000000 
0.08700 0.245194000000 
0.08750 0.239532000000 
0.08800 0.233872000000 
0.08850 0.228210000000 
0.08900 0.222870000000 
0.08950 0.217712000000 
0.09000 0.212554000000 
0.09050 0.207430000000 
0.09100 0.202728000000 
0.09150 0.198027400000 
0.09200 0.193326200000 
0.09250 0.188830200000 
0.09300 0.184541600000 
0.09350 0.180253000000 
0.09400 0.175964200000 
0.09450 0.172015800000 
0.09500 0.168101600000 
0.09550 0.164187400000 
0.09600 0.160377200000 
0.09650 0.156800600000 
0.09700 0.153224200000 
0.09750 0.149647600000 
0.09800 0.146285600000 
0.09850 0.143016800000 
0.09900 0.139748200000 
0.09950 0.136500200000 
0.10000 0.133510200000 
0.10050 0.130520200000 
0.10100 0.127530000000 
0.10150 0.124651800000 
0.10200 0.121915000000 
0.10250 0.119178000000 
0.10300 0.116441000000 
0.10350 0.113888000000 
0.10400 0.111381200000 
0.10450 0.108874400000 
0.10500 0.106398000000 
0.10550 0.104100600000 
0.10600 0.101803200000 
0.10650 0.099505800000 
0.10700 0.097300200000 
0.10750 0.095193400000 
0.10800 0.093086600000 
0.10850 0.090980000000 
0.10900 0.089013800000 
0.10950 0.087080800000 
0.11000 0.085147800000 
0.11050 0.083235000000 
0.11100 0.081459600000 
0.11150 0.079684400000 
0.11200 0.077909000000 
0.11250 0.076197400000 
0.11300 0.074567400000 
0.11350 0.072937400000 
0.11400 0.071307400000 
0.11450 0.069774400000 
0.11500 0.068276000000 
0.11550 0.066777400000 
0.11600 0.065282600000 
0.11650 0.063904800000 
0.11700 0.062527000000 
0.11750 0.061149200000 
0.11800 0.059806200000 
0.11850 0.058538400000 
0.11900 0.057270400000 
0.11950 0.056002600000 
0.12000 0.054794800000 
0.12050 0.053628800000 
0.12100 0.052462600000 
0.12150 0.051296600000 
0.12200 0.050209600000 
0.12250 0.049135600000 
0.12300 0.048061800000 
0.12350 0.046997800000 
0.12400 0.046008400000 
0.12450 0.045019000000 
0.12500 0.044029600000 
0.12550 0.043069000000 
0.12600 0.042157800000 
0.12650 0.041246400000 
0.12700 0.040335000000 
0.12750 0.039467600000 
0.12800 0.038628000000 
0.12850 0.037788400000 
0.12900 0.036948800000 
0.12950 0.036164800000 
0.13000 0.035390600000 
0.13050 0.034616400000 
0.13100 0.033846800000 
0.13150 0.033133400000 
0.13200 0.032419800000 
0.13250 0.031706200000 
0.13300 0.031009200000 
0.13350 0.030351000000 
0.13400 0.029692800000 
0.13450 0.029034800000 
0.13500 0.028402400000 
0.13550 0.027795200000 
0.13600 0.027188200000 
0.13650 0.026581000000 
0.13700 0.026007600000 
0.13750 0.025448000000 
0.13800 0.024888200000 
0.13850 0.024328600000 
0.13900 0.023808000000 
0.13950 0.023291800000 
0.14000 0.022775400000 
0.14050 0.022262600000 
0.14100 0.021786800000 
0.14150 0.021310800000 
0.14200 0.020835000000 
0.14250 0.020368800000 
0.14300 0.019929800000 
0.14350 0.019490860000 
0.14400 0.019051920000 
0.14450 0.018627520000 
0.14500 0.018222720000 
0.14550 0.017817900000 
0.14600 0.017413100000 
0.14650 0.017026640000 
0.14700 0.016653380000 
0.14750 0.016280140000 
0.14800 0.015906880000 
0.14850 0.015555060000 
0.14900 0.015211320000 
0.14950 0.014867600000 
0.15000 0.014523880000 
0.15050 0.014203340000 
0.15100 0.013886600000 
0.15150 0.013569860000 
0.15200 0.013253120000 
0.15250 0.012960880000 
0.15300 0.012669120000 
0.15350 0.012377340000 
0.15400 0.012087740000 
0.15450 0.011819380000 
0.15500 0.011551040000 
0.15550 0.011282680000 
0.15600 0.011018420000 
0.15650 0.010771440000 
0.15700 0.010524480000 
0.15750 0.010277500000 
0.15800 0.010035960000 
0.15850 0.009808500000 
0.15900 0.009581040000 
0.15950 0.009353600000 
0.16000 0.009132680000 
0.16050 0.008923860000 
0.16100 0.008715020000 
0.16150 0.008506200000 
0.16200 0.008304340000 
0.16250 0.008112480000 
0.16300 0.007920620000 
0.16350 0.007728780000 
0.16400 0.007544100000 
0.16450 0.007367960000 
0.16500 0.007191840000 
0.16550 0.007015700000 
0.16600 0.006846800000 
0.16650 0.006685440000 
0.16700 0.006524080000 
0.16750 0.006362720000 
0.16800 0.006208080000 
0.16850 0.006059940000 
0.16900 0.005911800000 
0.16950 0.005763660000 
0.17000 0.005622000000 
0.17050 0.005486520000 
0.17100 0.005351040000 
0.17150 0.005215580000 
0.17200 0.005085740000 
0.17250 0.004961560000 
0.17300 0.004837380000 
0.17350 0.004713200000 
0.17400 0.004594060000 
0.17450 0.004480520000 
0.17500 0.004366980000 
0.17550 0.004253440000 
0.17600 0.004144240000 
0.17650 0.004040720000 
0.17700 0.003937180000 
0.17750 0.003833660000 
0.17800 0.003733540000 
0.17850 0.003639080000 
0.17900 0.003544600000 
0.17950 0.003450120000 
0.18000 0.003358180000 
0.18050 0.003271880000 
0.18100 0.003185600000 
0.18150 0.003099300000 
0.18200 0.003014740000 
0.18250 0.002936160000 
0.18300 0.002857580000 
0.18350 0.002779000000 
0.18400 0.002701340000 
0.18450 0.002630020000 
0.18500 0.002558700000 
0.18550 0.002487360000 
0.18600 0.002416140000 
0.18650 0.002351200000 
0.18700 0.002286240000 
0.18750 0.002221300000 
0.18800 0.002156360000 
0.18850 0.002096880000 
0.18900 0.002038080000 
0.18950 0.001979280000 
0.19000 0.001920476000 
0.19050 0.001865750000 
0.19100 0.001812324000 
0.19150 0.001758898000 
0.19200 0.001705472000 
0.19250 0.001655158000 
0.19300 0.001606796000 
0.19350 0.001558434000 
0.19400 0.001510074000 
0.19450 0.001463862000 
0.19500 0.001420144000 
0.19550 0.001376426000 
0.19600 0.001332708000 
0.19650 0.001290284000 
0.19700 0.001250820000 
0.19750 0.001211356000 
0.19800 0.001171892000 
0.19850 0.001132980000 
0.19900 0.001097410000 
0.19950 0.001061838000 
0.20000 0.001026268000 
0.20050 0.000990696000 
0.20100 0.000958516000 
0.20150 0.000926412000 
0.20200 0.000894310000 
0.20250 0.000862208000 
0.20300 0.000832834000 
0.20350 0.000804082000 
0.20400 0.000775332000 
0.20450 0.000746582000 
0.20500 0.000719724000 
0.20550 0.000693864000 
0.20600 0.000668006000 
0.20650 0.000642146000 
0.20700 0.000617694000 
0.20750 0.000594634000 
0.20800 0.000571576000 
0.20850 0.000548516000 
0.20900 0.000526328000 
0.20950 0.000505676000 
0.21000 0.000485024000 
0.21050 0.000464372000 
0.21100 0.000444244000 
0.21150 0.000425800000 
0.21200 0.000407356000 
0.21250 0.000388912000 
0.21300 0.000370754000 
0.21350 0.000354456000 
0.21400 0.000338160000 
0.21450 0.000321862000 
0.21500 0.000305666000 
0.21550 0.000291214000 
0.21600 0.000276762000 
0.21650 0.000262308000 
0.21700 0.000247874000 
0.21750 0.000235222000 
0.21800 0.000222570000 
0.21850 0.000209920000 
0.21900 0.000197271800 
0.21950 0.000186177200 
0.22000 0.000175082400 
0.22050 0.000163987600 
0.22100 0.000152952600 
0.22150 0.000143307400 
0.22200 0.000133662200 
0.22250 0.000124017000 
0.22300 0.000114562800 
0.22350 0.000106348400 
0.22400 0.000098134000 
0.22450 0.000089919600 
0.22500 0.000082071600 
0.22550 0.000075128600 
0.22600 0.000068185800 
0.22650 0.000061242800 
0.22700 0.000054942200 
0.22750 0.000049248800 
0.22800 0.000043555200 
0.22850 0.000037861600 
0.22900 0.000033163600 
0.22950 0.000028681800 
0.23000 0.000024200000 
0.23050 0.000019981900 
0.23100 0.000016690440 
0.23150 0.000013398980 
0.23200 0.000010107520 
0.23250 0.000007722040 
0.23300 0.000005679020 
0.23350 0.000003636000 
