0.00000 337.604000000000 
0.00050 305.612000000000 
0.00100 273.618000000000 
0.00150 241.626000000000 
0.00200 209.632000000000 
0.00250 186.333000000000 
0.00300 165.626800000000 
0.00350 148.304800000000 
0.00400 134.112800000000 
0.00450 120.690000000000 
0.00500 110.572800000000 
0.00550 100.455600000000 
0.00600 92.447600000000 
0.00650 85.016800000000 
0.00700 78.166200000000 
0.00750 72.576600000000 
0.00800 66.987200000000 
0.00850 62.418400000000 
0.00900 58.130000000000 
0.00950 54.028800000000 
0.01000 50.683200000000 
0.01050 47.337600000000 
0.01100 44.384600000000 
0.01150 41.736400000000 
0.01200 39.088400000000 
0.01250 36.903600000000 
0.01300 34.781200000000 
0.01350 32.722200000000 
0.01400 31.002200000000 
0.01450 29.282400000000 
0.01500 27.686200000000 
0.01550 26.278600000000 
0.01600 24.871000000000 
0.01650 23.610800000000 
0.01700 22.448800000000 
0.01750 21.286600000000 
0.01800 20.275200000000 
0.01850 19.308320000000 
0.01900 18.341420000000 
0.01950 17.517780000000 
0.02000 16.707520000000 
0.02050 15.901120000000 
0.02100 15.217780000000 
0.02150 14.534460000000 
0.02200 13.863680000000 
0.02250 13.284040000000 
0.02300 12.704400000000 
0.02350 12.140860000000 
0.02400 11.646580000000 
0.02450 11.152280000000 
0.02500 10.674620000000 
0.02550 10.251080000000 
0.02600 9.827560000000 
0.02650 9.419400000000 
0.02700 9.054900000000 
0.02750 8.690400000000 
0.02800 8.339140000000 
0.02850 8.024180000000 
0.02900 7.709240000000 
0.02950 7.404960000000 
0.03000 7.131820000000 
0.03050 6.858660000000 
0.03100 6.593560000000 
0.03150 6.355860000000 
0.03200 6.118180000000 
0.03250 5.885960000000 
0.03300 5.678480000000 
0.03350 5.471000000000 
0.03400 5.266620000000 
0.03450 5.085000000000 
0.03500 4.903360000000 
0.03550 4.722680000000 
0.03600 4.563280000000 
0.03650 4.403860000000 
0.03700 4.244460000000 
0.03750 4.103240000000 
0.03800 3.963000000000 
0.03850 3.822760000000 
0.03900 3.696460000000 
0.03950 3.572800000000 
0.04000 3.449120000000 
0.04050 3.335800000000 
0.04100 3.226540000000 
0.04150 3.117260000000 
0.04200 3.015280000000 
0.04250 2.918540000000 
0.04300 2.821800000000 
0.04350 2.729740000000 
0.04400 2.643940000000 
0.04450 2.558160000000 
0.04500 2.474860000000 
0.04550 2.398640000000 
0.04600 2.322420000000 
0.04650 2.246880000000 
0.04700 2.179060000000 
0.04750 2.111260000000 
0.04800 2.043440000000 
0.04850 1.982154000000 
0.04900 1.921730000000 
0.04950 1.861306000000 
0.05000 1.805252000000 
0.05050 1.751340000000 
0.05100 1.697426000000 
0.05150 1.646070000000 
0.05200 1.597906000000 
0.05250 1.549742000000 
0.05300 1.502610000000 
0.05350 1.459526000000 
0.05400 1.416444000000 
0.05450 1.373360000000 
0.05500 1.334540000000 
0.05550 1.295958000000 
0.05600 1.257378000000 
0.05650 1.221492000000 
0.05700 1.186904000000 
0.05750 1.152316000000 
0.05800 1.119102000000 
0.05850 1.088064000000 
0.05900 1.057024000000 
0.05950 1.026252000000 
0.06000 0.998370000000 
0.06050 0.970486000000 
0.06100 0.942604000000 
0.06150 0.916874000000 
0.06200 0.891800000000 
0.06250 0.866726000000 
0.06300 0.842738000000 
0.06350 0.820172000000 
0.06400 0.797606000000 
0.06450 0.775228000000 
0.06500 0.754898000000 
0.06550 0.734568000000 
0.06600 0.714238000000 
0.06650 0.695348000000 
0.06700 0.677018000000 
0.06750 0.658688000000 
0.06800 0.640966000000 
0.06850 0.624424000000 
0.06900 0.607882000000 
0.06950 0.591340000000 
0.07000 0.576312000000 
0.07050 0.561370000000 
0.07100 0.546428000000 
0.07150 0.532256000000 
0.07200 0.518750000000 
0.07250 0.505246000000 
0.07300 0.491882000000 
0.07350 0.479664000000 
0.07400 0.467446000000 
0.07450 0.455228000000 
0.07500 0.443784000000 
0.07550 0.432722000000 
0.07600 0.421658000000 
0.07650 0.410820000000 
0.07700 0.400796000000 
0.07750 0.390772000000 
0.07800 0.380748000000 
0.07850 0.371420000000 
0.07900 0.362330000000 
0.07950 0.353240000000 
0.08000 0.344370000000 
0.08050 0.336122000000 
0.08100 0.327872000000 
0.08150 0.319624000000 
0.08200 0.311952000000 
0.08250 0.304458000000 
0.08300 0.296966000000 
0.08350 0.289646000000 
0.08400 0.282836000000 
0.08450 0.276024000000 
0.08500 0.269214000000 
0.08550 0.262852000000 
0.08600 0.256656000000 
0.08650 0.250462000000 
0.08700 0.244372000000 
0.08750 0.238734000000 
0.08800 0.233096000000 
0.08850 0.227458000000 
0.08900 0.222138000000 
0.08950 0.217002000000 
0.09000 0.211864000000 
0.09050 0.206760000000 
0.09100 0.202078000000 
0.09150 0.197395400000 
0.09200 0.192712800000 
0.09250 0.188234200000 
0.09300 0.183962000000 
0.09350 0.179690000000 
0.09400 0.175418000000 
0.09450 0.171484400000 
0.09500 0.167585000000 
0.09550 0.163685600000 
0.09600 0.159890000000 
0.09650 0.156326600000 
0.09700 0.152763400000 
0.09750 0.149200200000 
0.09800 0.145850600000 
0.09850 0.142593800000 
0.09900 0.139337000000 
0.09950 0.136101000000 
0.10000 0.133121600000 
0.10050 0.130142200000 
0.10100 0.127162800000 
0.10150 0.124294800000 
0.10200 0.121567600000 
0.10250 0.118840200000 
0.10300 0.116113000000 
0.10350 0.113568600000 
0.10400 0.111070600000 
0.10450 0.108572400000 
0.10500 0.106104600000 
0.10550 0.103814800000 
0.10600 0.101525200000 
0.10650 0.099235600000 
0.10700 0.097037600000 
0.10750 0.094937800000 
0.10800 0.092838000000 
0.10850 0.090738200000 
0.10900 0.088778600000 
0.10950 0.086851800000 
0.11000 0.084925000000 
0.11050 0.083018400000 
0.11100 0.081248800000 
0.11150 0.079479200000 
0.11200 0.077709600000 
0.11250 0.076003400000 
0.11300 0.074378400000 
0.11350 0.072753600000 
0.11400 0.071128600000 
0.11450 0.069600400000 
0.11500 0.068106600000 
0.11550 0.066612600000 
0.11600 0.065122400000 
0.11650 0.063748800000 
0.11700 0.062375200000 
0.11750 0.061001600000 
0.11800 0.059662400000 
0.11850 0.058398200000 
0.11900 0.057134200000 
0.11950 0.055870000000 
0.12000 0.054665800000 
0.12050 0.053503200000 
0.12100 0.052340400000 
0.12150 0.051177800000 
0.12200 0.050093800000 
0.12250 0.049023000000 
0.12300 0.047952200000 
0.12350 0.046891200000 
0.12400 0.045904600000 
0.12450 0.044917800000 
0.12500 0.043931200000 
0.12550 0.042973400000 
0.12600 0.042064400000 
0.12650 0.041155600000 
0.12700 0.040246800000 
0.12750 0.039381800000 
0.12800 0.038544400000 
0.12850 0.037707000000 
0.12900 0.036869600000 
0.12950 0.036087600000 
0.13000 0.035315600000 
0.13050 0.034543400000 
0.13100 0.033775800000 
0.13150 0.033064200000 
0.13200 0.032352400000 
0.13250 0.031640800000 
0.13300 0.030945400000 
0.13350 0.030288800000 
0.13400 0.029632400000 
0.13450 0.028976000000 
0.13500 0.028345200000 
0.13550 0.027739600000 
0.13600 0.027134000000 
0.13650 0.026528400000 
0.13700 0.025956200000 
0.13750 0.025398000000 
0.13800 0.024839600000 
0.13850 0.024281400000 
0.13900 0.023762000000 
0.13950 0.023247000000 
0.14000 0.022731800000 
0.14050 0.022220200000 
0.14100 0.021745400000 
0.14150 0.021270600000 
0.14200 0.020796000000 
0.14250 0.020330800000 
0.14300 0.019892800000 
0.14350 0.019454860000 
0.14400 0.019016920000 
0.14450 0.018593480000 
0.14500 0.018189560000 
0.14550 0.017785660000 
0.14600 0.017381760000 
0.14650 0.016996120000 
0.14700 0.016623700000 
0.14750 0.016251260000 
0.14800 0.015878820000 
0.14850 0.015527740000 
0.14900 0.015184760000 
0.14950 0.014841760000 
0.15000 0.014498760000 
0.15050 0.014178900000 
0.15100 0.013862820000 
0.15150 0.013546740000 
0.15200 0.013230660000 
0.15250 0.012939020000 
0.15300 0.012647840000 
0.15350 0.012356680000 
0.15400 0.012067660000 
0.15450 0.011799840000 
0.15500 0.011532020000 
0.15550 0.011264220000 
0.15600 0.011000480000 
0.15650 0.010753980000 
0.15700 0.010507500000 
0.15750 0.010261020000 
0.15800 0.010019940000 
0.15850 0.009792920000 
0.15900 0.009565900000 
0.15950 0.009338880000 
0.16000 0.009118380000 
0.16050 0.008909940000 
0.16100 0.008701500000 
0.16150 0.008493080000 
0.16200 0.008291600000 
0.16250 0.008100080000 
0.16300 0.007908580000 
0.16350 0.007717080000 
0.16400 0.007532760000 
0.16450 0.007356920000 
0.16500 0.007181100000 
0.16550 0.007005280000 
0.16600 0.006836680000 
0.16650 0.006675600000 
0.16700 0.006514540000 
0.16750 0.006353460000 
0.16800 0.006199080000 
0.16850 0.006051200000 
0.16900 0.005903320000 
0.16950 0.005755420000 
0.17000 0.005614000000 
0.17050 0.005478760000 
0.17100 0.005343520000 
0.17150 0.005208260000 
0.17200 0.005078660000 
0.17250 0.004954680000 
0.17300 0.004830700000 
0.17350 0.004706720000 
0.17400 0.004587780000 
0.17450 0.004474420000 
0.17500 0.004361060000 
0.17550 0.004247700000 
0.17600 0.004138680000 
0.17650 0.004035320000 
0.17700 0.003931960000 
0.17750 0.003828580000 
0.17800 0.003728640000 
0.17850 0.003634300000 
0.17900 0.003539980000 
0.17950 0.003445640000 
0.18000 0.003353840000 
0.18050 0.003267680000 
0.18100 0.003181520000 
0.18150 0.003095360000 
0.18200 0.003010920000 
0.18250 0.002932460000 
0.18300 0.002854000000 
0.18350 0.002775540000 
0.18400 0.002697980000 
0.18450 0.002626760000 
0.18500 0.002555540000 
0.18550 0.002484320000 
0.18600 0.002413180000 
0.18650 0.002348340000 
0.18700 0.002283480000 
0.18750 0.002218620000 
0.18800 0.002153780000 
0.18850 0.002094380000 
0.18900 0.002035660000 
0.18950 0.001976938000 
0.19000 0.001918216000 
0.19050 0.001863562000 
0.19100 0.001810208000 
0.19150 0.001756854000 
0.19200 0.001703500000 
0.19250 0.001653254000 
0.19300 0.001604956000 
0.19350 0.001556658000 
0.19400 0.001508360000 
0.19450 0.001462208000 
0.19500 0.001418546000 
0.19550 0.001374884000 
0.19600 0.001331222000 
0.19650 0.001288854000 
0.19700 0.001249438000 
0.19750 0.001210024000 
0.19800 0.001170608000 
0.19850 0.001131746000 
0.19900 0.001096218000 
0.19950 0.001060692000 
0.20000 0.001025164000 
0.20050 0.000989636000 
0.20100 0.000957494000 
0.20150 0.000925430000 
0.20200 0.000893366000 
0.20250 0.000861300000 
0.20300 0.000831962000 
0.20350 0.000803244000 
0.20400 0.000774528000 
0.20450 0.000745810000 
0.20500 0.000718984000 
0.20550 0.000693154000 
0.20600 0.000667324000 
0.20650 0.000641496000 
0.20700 0.000617070000 
0.20750 0.000594036000 
0.20800 0.000571004000 
0.20850 0.000547970000 
0.20900 0.000525806000 
0.20950 0.000505178000 
0.21000 0.000484548000 
0.21050 0.000463918000 
0.21100 0.000443812000 
0.21150 0.000425388000 
0.21200 0.000406964000 
0.21250 0.000388540000 
0.21300 0.000370400000 
0.21350 0.000354120000 
0.21400 0.000337838000 
0.21450 0.000321558000 
0.21500 0.000305378000 
0.21550 0.000290942000 
0.21600 0.000276504000 
0.21650 0.000262066000 
0.21700 0.000247646000 
0.21750 0.000235006000 
0.21800 0.000222368000 
0.21850 0.000209728000 
0.21900 0.000197093200 
0.21950 0.000186009200 
0.22000 0.000174925200 
0.22050 0.000163841200 
0.22100 0.000152816600 
0.22150 0.000143180600 
0.22200 0.000133544400 
0.22250 0.000123908200 
0.22300 0.000114463000 
0.22350 0.000106256000 
0.22400 0.000098049200 
0.22450 0.000089842200 
0.22500 0.000082001400 
0.22550 0.000075064600 
0.22600 0.000068127800 
0.22650 0.000061191200 
0.22700 0.000054896000 
0.22750 0.000049207400 
0.22800 0.000043519000 
0.22850 0.000037830400 
0.22900 0.000033136400 
0.22950 0.000028658200 
0.23000 0.000024180200 
0.23050 0.000019965700 
0.23100 0.000016676940 
0.23150 0.000013388200 
0.23200 0.000010099440 
0.23250 0.000007715880 
0.23300 0.000005674520 
0.23350 0.000003633140 
