0.00000 334.010000000000 
0.00050 302.368000000000 
0.00100 270.728000000000 
0.00150 239.086000000000 
0.00200 207.444000000000 
0.00250 184.400400000000 
0.00300 163.922000000000 
0.00350 146.790000000000 
0.00400 132.753200000000 
0.00450 119.477000000000 
0.00500 109.469200000000 
0.00550 99.461600000000 
0.00600 91.539600000000 
0.00650 84.188400000000 
0.00700 77.410800000000 
0.00750 71.880400000000 
0.00800 66.350000000000 
0.00850 61.829000000000 
0.00900 57.585400000000 
0.00950 53.526800000000 
0.01000 50.215600000000 
0.01050 46.904400000000 
0.01100 43.981400000000 
0.01150 41.360200000000 
0.01200 38.738800000000 
0.01250 36.575800000000 
0.01300 34.474600000000 
0.01350 32.436000000000 
0.01400 30.733000000000 
0.01450 29.030000000000 
0.01500 27.449200000000 
0.01550 26.055200000000 
0.01600 24.661200000000 
0.01650 23.413000000000 
0.01700 22.262000000000 
0.01750 21.111000000000 
0.01800 20.109000000000 
0.01850 19.151180000000 
0.01900 18.193300000000 
0.01950 17.377220000000 
0.02000 16.574420000000 
0.02050 15.775400000000 
0.02100 15.098220000000 
0.02150 14.421060000000 
0.02200 13.756320000000 
0.02250 13.181820000000 
0.02300 12.607320000000 
0.02350 12.048760000000 
0.02400 11.558780000000 
0.02450 11.068800000000 
0.02500 10.595280000000 
0.02550 10.175380000000 
0.02600 9.755460000000 
0.02650 9.350800000000 
0.02700 8.989360000000 
0.02750 8.627940000000 
0.02800 8.279620000000 
0.02850 7.967260000000 
0.02900 7.654920000000 
0.02950 7.353140000000 
0.03000 7.082220000000 
0.03050 6.811280000000 
0.03100 6.548320000000 
0.03150 6.312520000000 
0.03200 6.076720000000 
0.03250 5.846360000000 
0.03300 5.640520000000 
0.03350 5.434660000000 
0.03400 5.231880000000 
0.03450 5.051640000000 
0.03500 4.871420000000 
0.03550 4.692120000000 
0.03600 4.533920000000 
0.03650 4.375720000000 
0.03700 4.217520000000 
0.03750 4.077360000000 
0.03800 3.938140000000 
0.03850 3.798940000000 
0.03900 3.673580000000 
0.03950 3.550800000000 
0.04000 3.428040000000 
0.04050 3.315540000000 
0.04100 3.207060000000 
0.04150 3.098560000000 
0.04200 2.997300000000 
0.04250 2.901240000000 
0.04300 2.805180000000 
0.04350 2.713780000000 
0.04400 2.628580000000 
0.04450 2.543360000000 
0.04500 2.460660000000 
0.04550 2.384960000000 
0.04600 2.309260000000 
0.04650 2.234220000000 
0.04700 2.166860000000 
0.04750 2.099500000000 
0.04800 2.032140000000 
0.04850 1.971246000000 
0.04900 1.911216000000 
0.04950 1.851186000000 
0.05000 1.795498000000 
0.05050 1.741930000000 
0.05100 1.688362000000 
0.05150 1.637334000000 
0.05200 1.589474000000 
0.05250 1.541614000000 
0.05300 1.494778000000 
0.05350 1.451962000000 
0.05400 1.409146000000 
0.05450 1.366330000000 
0.05500 1.327746000000 
0.05550 1.289400000000 
0.05600 1.251054000000 
0.05650 1.215384000000 
0.05700 1.181002000000 
0.05750 1.146622000000 
0.05800 1.113606000000 
0.05850 1.082748000000 
0.05900 1.051892000000 
0.05950 1.021300000000 
0.06000 0.993578000000 
0.06050 0.965856000000 
0.06100 0.938132000000 
0.06150 0.912550000000 
0.06200 0.887618000000 
0.06250 0.862686000000 
0.06300 0.838832000000 
0.06350 0.816392000000 
0.06400 0.793950000000 
0.06450 0.771696000000 
0.06500 0.751478000000 
0.06550 0.731260000000 
0.06600 0.711040000000 
0.06650 0.692252000000 
0.06700 0.674020000000 
0.06750 0.655788000000 
0.06800 0.638162000000 
0.06850 0.621706000000 
0.06900 0.605252000000 
0.06950 0.588796000000 
0.07000 0.573846000000 
0.07050 0.558980000000 
0.07100 0.544116000000 
0.07150 0.530016000000 
0.07200 0.516580000000 
0.07250 0.503144000000 
0.07300 0.489848000000 
0.07350 0.477690000000 
0.07400 0.465534000000 
0.07450 0.453376000000 
0.07500 0.441988000000 
0.07550 0.430980000000 
0.07600 0.419972000000 
0.07650 0.409186000000 
0.07700 0.399210000000 
0.07750 0.389234000000 
0.07800 0.379258000000 
0.07850 0.369976000000 
0.07900 0.360928000000 
0.07950 0.351882000000 
0.08000 0.343054000000 
0.08050 0.334842000000 
0.08100 0.326632000000 
0.08150 0.318420000000 
0.08200 0.310784000000 
0.08250 0.303324000000 
0.08300 0.295866000000 
0.08350 0.288578000000 
0.08400 0.281798000000 
0.08450 0.275020000000 
0.08500 0.268240000000 
0.08550 0.261904000000 
0.08600 0.255736000000 
0.08650 0.249568000000 
0.08700 0.243506000000 
0.08750 0.237892000000 
0.08800 0.232278000000 
0.08850 0.226664000000 
0.08900 0.221368000000 
0.08950 0.216252000000 
0.09000 0.211138000000 
0.09050 0.206054000000 
0.09100 0.201392000000 
0.09150 0.196728600000 
0.09200 0.192065400000 
0.09250 0.187605200000 
0.09300 0.183350600000 
0.09350 0.179095800000 
0.09400 0.174841200000 
0.09450 0.170923600000 
0.09500 0.167039800000 
0.09550 0.163156000000 
0.09600 0.159375400000 
0.09650 0.155826000000 
0.09700 0.152276800000 
0.09750 0.148727600000 
0.09800 0.145391000000 
0.09850 0.142146600000 
0.09900 0.138902400000 
0.09950 0.135678800000 
0.10000 0.132710800000 
0.10050 0.129742800000 
0.10100 0.126774600000 
0.10150 0.123917400000 
0.10200 0.121200200000 
0.10250 0.118483200000 
0.10300 0.115766000000 
0.10350 0.113231000000 
0.10400 0.110742000000 
0.10450 0.108252800000 
0.10500 0.105794000000 
0.10550 0.103512600000 
0.10600 0.101231200000 
0.10650 0.098949600000 
0.10700 0.096759400000 
0.10750 0.094667000000 
0.10800 0.092574600000 
0.10850 0.090482200000 
0.10900 0.088529200000 
0.10950 0.086609200000 
0.11000 0.084689000000 
0.11050 0.082789000000 
0.11100 0.081025400000 
0.11150 0.079261800000 
0.11200 0.077498200000 
0.11250 0.075797600000 
0.11300 0.074178200000 
0.11350 0.072558600000 
0.11400 0.070939000000 
0.11450 0.069416000000 
0.11500 0.067926800000 
0.11550 0.066437800000 
0.11600 0.064952400000 
0.11650 0.063583200000 
0.11700 0.062214000000 
0.11750 0.060844800000 
0.11800 0.059509800000 
0.11850 0.058249800000 
0.11900 0.056989600000 
0.11950 0.055729400000 
0.12000 0.054529000000 
0.12050 0.053369800000 
0.12100 0.052210600000 
0.12150 0.051051600000 
0.12200 0.049971000000 
0.12250 0.048903200000 
0.12300 0.047835600000 
0.12350 0.046777800000 
0.12400 0.045794200000 
0.12450 0.044810400000 
0.12500 0.043826600000 
0.12550 0.042871600000 
0.12600 0.041965400000 
0.12650 0.041059200000 
0.12700 0.040153000000 
0.12750 0.039290400000 
0.12800 0.038455400000 
0.12850 0.037620400000 
0.12900 0.036785400000 
0.12950 0.036005600000 
0.13000 0.035235600000 
0.13050 0.034465600000 
0.13100 0.033700200000 
0.13150 0.032990400000 
0.13200 0.032280800000 
0.13250 0.031571000000 
0.13300 0.030877400000 
0.13350 0.030222800000 
0.13400 0.029568000000 
0.13450 0.028913200000 
0.13500 0.028284200000 
0.13550 0.027680200000 
0.13600 0.027076200000 
0.13650 0.026472200000 
0.13700 0.025901600000 
0.13750 0.025344600000 
0.13800 0.024787800000 
0.13850 0.024231000000 
0.13900 0.023713000000 
0.13950 0.023199200000 
0.14000 0.022685400000 
0.14050 0.022175000000 
0.14100 0.021701400000 
0.14150 0.021227800000 
0.14200 0.020754200000 
0.14250 0.020290200000 
0.14300 0.019853300000 
0.14350 0.019416420000 
0.14400 0.018979540000 
0.14450 0.018557100000 
0.14500 0.018154160000 
0.14550 0.017751200000 
0.14600 0.017348260000 
0.14650 0.016963540000 
0.14700 0.016591960000 
0.14750 0.016220380000 
0.14800 0.015848800000 
0.14850 0.015498540000 
0.14900 0.015156320000 
0.14950 0.014814120000 
0.15000 0.014471900000 
0.15050 0.014152760000 
0.15100 0.013837380000 
0.15150 0.013522000000 
0.15200 0.013206620000 
0.15250 0.012915620000 
0.15300 0.012625080000 
0.15350 0.012334540000 
0.15400 0.012046160000 
0.15450 0.011778920000 
0.15500 0.011511660000 
0.15550 0.011244420000 
0.15600 0.010981260000 
0.15650 0.010735280000 
0.15700 0.010489300000 
0.15750 0.010243340000 
0.15800 0.010002760000 
0.15850 0.009776200000 
0.15900 0.009549640000 
0.15950 0.009323100000 
0.16000 0.009103040000 
0.16050 0.008895020000 
0.16100 0.008687000000 
0.16150 0.008478980000 
0.16200 0.008277900000 
0.16250 0.008086780000 
0.16300 0.007895660000 
0.16350 0.007704520000 
0.16400 0.007520560000 
0.16450 0.007345060000 
0.16500 0.007169580000 
0.16550 0.006994100000 
0.16600 0.006825820000 
0.16650 0.006665040000 
0.16700 0.006504280000 
0.16750 0.006343500000 
0.16800 0.006189420000 
0.16850 0.006041800000 
0.16900 0.005894200000 
0.16950 0.005746580000 
0.17000 0.005605420000 
0.17050 0.005470420000 
0.17100 0.005335420000 
0.17150 0.005200400000 
0.17200 0.005071020000 
0.17250 0.004947260000 
0.17300 0.004823520000 
0.17350 0.004699760000 
0.17400 0.004581020000 
0.17450 0.004467860000 
0.17500 0.004354700000 
0.17550 0.004241540000 
0.17600 0.004132680000 
0.17650 0.004029500000 
0.17700 0.003926300000 
0.17750 0.003823120000 
0.17800 0.003723340000 
0.17850 0.003629160000 
0.17900 0.003534980000 
0.17950 0.003440820000 
0.18000 0.003349160000 
0.18050 0.003263140000 
0.18100 0.003177120000 
0.18150 0.003091100000 
0.18200 0.003006780000 
0.18250 0.002928460000 
0.18300 0.002850120000 
0.18350 0.002771780000 
0.18400 0.002694360000 
0.18450 0.002623240000 
0.18500 0.002552120000 
0.18550 0.002481020000 
0.18600 0.002410000000 
0.18650 0.002345240000 
0.18700 0.002280480000 
0.18750 0.002215720000 
0.18800 0.002150980000 
0.18850 0.002091680000 
0.18900 0.002033040000 
0.18950 0.001974404000 
0.19000 0.001915766000 
0.19050 0.001861194000 
0.19100 0.001807918000 
0.19150 0.001754640000 
0.19200 0.001701364000 
0.19250 0.001651188000 
0.19300 0.001602960000 
0.19350 0.001554730000 
0.19400 0.001506500000 
0.19450 0.001460414000 
0.19500 0.001416812000 
0.19550 0.001373210000 
0.19600 0.001329610000 
0.19650 0.001287300000 
0.19700 0.001247938000 
0.19750 0.001208576000 
0.19800 0.001169216000 
0.19850 0.001130406000 
0.19900 0.001094926000 
0.19950 0.001059444000 
0.20000 0.001023964000 
0.20050 0.000988484000 
0.20100 0.000956384000 
0.20150 0.000924360000 
0.20200 0.000892338000 
0.20250 0.000860316000 
0.20300 0.000831014000 
0.20350 0.000802332000 
0.20400 0.000773652000 
0.20450 0.000744972000 
0.20500 0.000718178000 
0.20550 0.000692380000 
0.20600 0.000666584000 
0.20650 0.000640786000 
0.20700 0.000616392000 
0.20750 0.000593386000 
0.20800 0.000570380000 
0.20850 0.000547374000 
0.20900 0.000525238000 
0.20950 0.000504632000 
0.21000 0.000484028000 
0.21050 0.000463422000 
0.21100 0.000443340000 
0.21150 0.000424936000 
0.21200 0.000406534000 
0.21250 0.000388130000 
0.21300 0.000370012000 
0.21350 0.000353750000 
0.21400 0.000337488000 
0.21450 0.000321226000 
0.21500 0.000305066000 
0.21550 0.000290644000 
0.21600 0.000276222000 
0.21650 0.000261800000 
0.21700 0.000247396000 
0.21750 0.000234770000 
0.21800 0.000222144000 
0.21850 0.000209520000 
0.21900 0.000196897800 
0.21950 0.000185825400 
0.22000 0.000174753000 
0.22050 0.000163680600 
0.22100 0.000152667800 
0.22150 0.000143041400 
0.22200 0.000133415200 
0.22250 0.000123789000 
0.22300 0.000114353400 
0.22350 0.000106154600 
0.22400 0.000097956000 
0.22450 0.000089757400 
0.22500 0.000081924200 
0.22550 0.000074994200 
0.22600 0.000068064200 
0.22650 0.000061134400 
0.22700 0.000054845400 
0.22750 0.000049162200 
0.22800 0.000043479000 
0.22850 0.000037795800 
0.22900 0.000033106200 
0.22950 0.000028632400 
0.23000 0.000024158400 
0.23050 0.000019947860 
0.23100 0.000016662080 
0.23150 0.000013376300 
0.23200 0.000010090540 
0.23250 0.000007709120 
0.23300 0.000005669540 
0.23350 0.000003629980 
