0.00000 330.308000000000 
0.00050 299.028000000000 
0.00100 267.748000000000 
0.00150 236.468000000000 
0.00200 205.188000000000 
0.00250 182.408400000000 
0.00300 162.164400000000 
0.00350 145.228200000000 
0.00400 131.351000000000 
0.00450 118.225600000000 
0.00500 108.330800000000 
0.00550 98.436000000000 
0.00600 90.602600000000 
0.00650 83.333400000000 
0.00700 76.631000000000 
0.00750 71.161600000000 
0.00800 65.692000000000 
0.00850 61.220200000000 
0.00900 57.022600000000 
0.00950 53.008200000000 
0.01000 49.732400000000 
0.01050 46.456400000000 
0.01100 43.564600000000 
0.01150 40.971000000000 
0.01200 38.377400000000 
0.01250 36.236800000000 
0.01300 34.157400000000 
0.01350 32.140000000000 
0.01400 30.454200000000 
0.01450 28.768600000000 
0.01500 27.204000000000 
0.01550 25.824000000000 
0.01600 24.444000000000 
0.01650 23.208400000000 
0.01700 22.068600000000 
0.01750 20.929000000000 
0.01800 19.936880000000 
0.01850 18.988320000000 
0.01900 18.039760000000 
0.01950 17.231520000000 
0.02000 16.436380000000 
0.02050 15.645020000000 
0.02100 14.974220000000 
0.02150 14.303440000000 
0.02200 13.644940000000 
0.02250 13.075740000000 
0.02300 12.506560000000 
0.02350 11.953160000000 
0.02400 11.467640000000 
0.02450 10.982120000000 
0.02500 10.512880000000 
0.02550 10.096740000000 
0.02600 9.680580000000 
0.02650 9.279520000000 
0.02700 8.921260000000 
0.02750 8.563000000000 
0.02800 8.217740000000 
0.02850 7.908080000000 
0.02900 7.598440000000 
0.02950 7.299260000000 
0.03000 7.030640000000 
0.03050 6.762000000000 
0.03100 6.501260000000 
0.03150 6.267440000000 
0.03200 6.033600000000 
0.03250 5.805160000000 
0.03300 5.600980000000 
0.03350 5.396820000000 
0.03400 5.195700000000 
0.03450 5.016920000000 
0.03500 4.838140000000 
0.03550 4.660300000000 
0.03600 4.503340000000 
0.03650 4.346400000000 
0.03700 4.189440000000 
0.03750 4.050380000000 
0.03800 3.912240000000 
0.03850 3.774120000000 
0.03900 3.649720000000 
0.03950 3.527880000000 
0.04000 3.406060000000 
0.04050 3.294400000000 
0.04100 3.186720000000 
0.04150 3.079060000000 
0.04200 2.978540000000 
0.04250 2.883180000000 
0.04300 2.787840000000 
0.04350 2.697100000000 
0.04400 2.612520000000 
0.04450 2.527920000000 
0.04500 2.445820000000 
0.04550 2.370640000000 
0.04600 2.295480000000 
0.04650 2.220980000000 
0.04700 2.154100000000 
0.04750 2.087200000000 
0.04800 2.020320000000 
0.04850 1.959844000000 
0.04900 1.900226000000 
0.04950 1.840608000000 
0.05000 1.785296000000 
0.05050 1.732090000000 
0.05100 1.678884000000 
0.05150 1.628198000000 
0.05200 1.580654000000 
0.05250 1.533110000000 
0.05300 1.486586000000 
0.05350 1.444048000000 
0.05400 1.401510000000 
0.05450 1.358972000000 
0.05500 1.320634000000 
0.05550 1.282534000000 
0.05600 1.244432000000 
0.05650 1.208986000000 
0.05700 1.174822000000 
0.05750 1.140656000000 
0.05800 1.107846000000 
0.05850 1.077180000000 
0.05900 1.046514000000 
0.05950 1.016110000000 
0.06000 0.988556000000 
0.06050 0.961000000000 
0.06100 0.933446000000 
0.06150 0.908016000000 
0.06200 0.883232000000 
0.06250 0.858448000000 
0.06300 0.834736000000 
0.06350 0.812426000000 
0.06400 0.790116000000 
0.06450 0.767992000000 
0.06500 0.747890000000 
0.06550 0.727786000000 
0.06600 0.707684000000 
0.06650 0.689002000000 
0.06700 0.670872000000 
0.06750 0.652744000000 
0.06800 0.635216000000 
0.06850 0.618852000000 
0.06900 0.602488000000 
0.06950 0.586124000000 
0.07000 0.571254000000 
0.07050 0.556470000000 
0.07100 0.541688000000 
0.07150 0.527664000000 
0.07200 0.514298000000 
0.07250 0.500934000000 
0.07300 0.487708000000 
0.07350 0.475616000000 
0.07400 0.463522000000 
0.07450 0.451428000000 
0.07500 0.440100000000 
0.07550 0.429148000000 
0.07600 0.418196000000 
0.07650 0.407466000000 
0.07700 0.397540000000 
0.07750 0.387616000000 
0.07800 0.377690000000 
0.07850 0.368454000000 
0.07900 0.359452000000 
0.07950 0.350450000000 
0.08000 0.341666000000 
0.08050 0.333494000000 
0.08100 0.325324000000 
0.08150 0.317152000000 
0.08200 0.309554000000 
0.08250 0.302130000000 
0.08300 0.294706000000 
0.08350 0.287454000000 
0.08400 0.280706000000 
0.08450 0.273958000000 
0.08500 0.267210000000 
0.08550 0.260906000000 
0.08600 0.254766000000 
0.08650 0.248626000000 
0.08700 0.242592000000 
0.08750 0.237004000000 
0.08800 0.231414000000 
0.08850 0.225826000000 
0.08900 0.220554000000 
0.08950 0.215462000000 
0.09000 0.210370000000 
0.09050 0.205310000000 
0.09100 0.200666000000 
0.09150 0.196024200000 
0.09200 0.191381400000 
0.09250 0.186940600000 
0.09300 0.182704400000 
0.09350 0.178468000000 
0.09400 0.174231600000 
0.09450 0.170330600000 
0.09500 0.166463200000 
0.09550 0.162595800000 
0.09600 0.158831200000 
0.09650 0.155296600000 
0.09700 0.151762000000 
0.09750 0.148227600000 
0.09800 0.144904600000 
0.09850 0.141673600000 
0.09900 0.138442600000 
0.09950 0.135232200000 
0.10000 0.132276000000 
0.10050 0.129319800000 
0.10100 0.126363600000 
0.10150 0.123517800000 
0.10200 0.120811200000 
0.10250 0.118104800000 
0.10300 0.115398200000 
0.10350 0.112873200000 
0.10400 0.110393600000 
0.10450 0.107914200000 
0.10500 0.105464800000 
0.10550 0.103192000000 
0.10600 0.100919200000 
0.10650 0.098646400000 
0.10700 0.096464400000 
0.10750 0.094379800000 
0.10800 0.092295200000 
0.10850 0.090210600000 
0.10900 0.088264800000 
0.10950 0.086351800000 
0.11000 0.084438600000 
0.11050 0.082545400000 
0.11100 0.080788200000 
0.11150 0.079030800000 
0.11200 0.077273600000 
0.11250 0.075579200000 
0.11300 0.073965400000 
0.11350 0.072351400000 
0.11400 0.070737600000 
0.11450 0.069219800000 
0.11500 0.067735800000 
0.11550 0.066252000000 
0.11600 0.064771800000 
0.11650 0.063407200000 
0.11700 0.062042600000 
0.11750 0.060678000000 
0.11800 0.059347600000 
0.11850 0.058091600000 
0.11900 0.056835600000 
0.11950 0.055579600000 
0.12000 0.054383200000 
0.12050 0.053227800000 
0.12100 0.052072400000 
0.12150 0.050917000000 
0.12200 0.049840000000 
0.12250 0.048775800000 
0.12300 0.047711600000 
0.12350 0.046657200000 
0.12400 0.045676400000 
0.12450 0.044695800000 
0.12500 0.043715200000 
0.12550 0.042763000000 
0.12600 0.041859600000 
0.12650 0.040956200000 
0.12700 0.040052800000 
0.12750 0.039193000000 
0.12800 0.038360400000 
0.12850 0.037528000000 
0.12900 0.036695600000 
0.12950 0.035918000000 
0.13000 0.035150200000 
0.13050 0.034382600000 
0.13100 0.033619400000 
0.13150 0.032911800000 
0.13200 0.032204000000 
0.13250 0.031496400000 
0.13300 0.030805000000 
0.13350 0.030152000000 
0.13400 0.029499200000 
0.13450 0.028846400000 
0.13500 0.028219000000 
0.13550 0.027616800000 
0.13600 0.027014400000 
0.13650 0.026412000000 
0.13700 0.025843000000 
0.13750 0.025287600000 
0.13800 0.024732200000 
0.13850 0.024177000000 
0.13900 0.023660400000 
0.13950 0.023148000000 
0.14000 0.022635600000 
0.14050 0.022126600000 
0.14100 0.021654200000 
0.14150 0.021181800000 
0.14200 0.020709600000 
0.14250 0.020246800000 
0.14300 0.019810960000 
0.14350 0.019375200000 
0.14400 0.018939440000 
0.14450 0.018518100000 
0.14500 0.018116160000 
0.14550 0.017714240000 
0.14600 0.017312300000 
0.14650 0.016928540000 
0.14700 0.016557900000 
0.14750 0.016187240000 
0.14800 0.015816600000 
0.14850 0.015467180000 
0.14900 0.015125800000 
0.14950 0.014784420000 
0.15000 0.014443040000 
0.15050 0.014124640000 
0.15100 0.013810020000 
0.15150 0.013495400000 
0.15200 0.013180760000 
0.15250 0.012890460000 
0.15300 0.012600600000 
0.15350 0.012310740000 
0.15400 0.012023020000 
0.15450 0.011756380000 
0.15500 0.011489760000 
0.15550 0.011223120000 
0.15600 0.010960540000 
0.15650 0.010715120000 
0.15700 0.010469700000 
0.15750 0.010224280000 
0.15800 0.009984240000 
0.15850 0.009758180000 
0.15900 0.009532140000 
0.15950 0.009306080000 
0.16000 0.009086520000 
0.16050 0.008878940000 
0.16100 0.008671360000 
0.16150 0.008463800000 
0.16200 0.008263140000 
0.16250 0.008072420000 
0.16300 0.007881700000 
0.16350 0.007690980000 
0.16400 0.007507380000 
0.16450 0.007332260000 
0.16500 0.007157140000 
0.16550 0.006982020000 
0.16600 0.006814080000 
0.16650 0.006653640000 
0.16700 0.006493200000 
0.16750 0.006332740000 
0.16800 0.006178960000 
0.16850 0.006031640000 
0.16900 0.005884320000 
0.16950 0.005737000000 
0.17000 0.005596120000 
0.17050 0.005461380000 
0.17100 0.005326640000 
0.17150 0.005191900000 
0.17200 0.005062760000 
0.17250 0.004939240000 
0.17300 0.004815720000 
0.17350 0.004692200000 
0.17400 0.004573680000 
0.17450 0.004460740000 
0.17500 0.004347780000 
0.17550 0.004234820000 
0.17600 0.004126180000 
0.17650 0.004023180000 
0.17700 0.003920180000 
0.17750 0.003817180000 
0.17800 0.003717580000 
0.17850 0.003623580000 
0.17900 0.003529580000 
0.17950 0.003435560000 
0.18000 0.003344060000 
0.18050 0.003258200000 
0.18100 0.003172320000 
0.18150 0.003086460000 
0.18200 0.003002300000 
0.18250 0.002924100000 
0.18300 0.002845900000 
0.18350 0.002767700000 
0.18400 0.002690400000 
0.18450 0.002619400000 
0.18500 0.002548420000 
0.18550 0.002477420000 
0.18600 0.002406520000 
0.18650 0.002341880000 
0.18700 0.002277220000 
0.18750 0.002212580000 
0.18800 0.002147920000 
0.18850 0.002088720000 
0.18900 0.002030180000 
0.18950 0.001971638000 
0.19000 0.001913096000 
0.19050 0.001858610000 
0.19100 0.001805416000 
0.19150 0.001752224000 
0.19200 0.001699030000 
0.19250 0.001648934000 
0.19300 0.001600778000 
0.19350 0.001552624000 
0.19400 0.001504468000 
0.19450 0.001458452000 
0.19500 0.001414916000 
0.19550 0.001371382000 
0.19600 0.001327846000 
0.19650 0.001285600000 
0.19700 0.001246296000 
0.19750 0.001206994000 
0.19800 0.001167690000 
0.19850 0.001128938000 
0.19900 0.001093508000 
0.19950 0.001058080000 
0.20000 0.001022650000 
0.20050 0.000987222000 
0.20100 0.000955166000 
0.20150 0.000923188000 
0.20200 0.000891212000 
0.20250 0.000859234000 
0.20300 0.000829972000 
0.20350 0.000801332000 
0.20400 0.000772692000 
0.20450 0.000744050000 
0.20500 0.000717294000 
0.20550 0.000691530000 
0.20600 0.000665768000 
0.20650 0.000640006000 
0.20700 0.000615644000 
0.20750 0.000592668000 
0.20800 0.000569694000 
0.20850 0.000546718000 
0.20900 0.000524612000 
0.20950 0.000504034000 
0.21000 0.000483454000 
0.21050 0.000462876000 
0.21100 0.000442820000 
0.21150 0.000424440000 
0.21200 0.000406060000 
0.21250 0.000387682000 
0.21300 0.000369586000 
0.21350 0.000353344000 
0.21400 0.000337102000 
0.21450 0.000320860000 
0.21500 0.000304718000 
0.21550 0.000290314000 
0.21600 0.000275910000 
0.21650 0.000261506000 
0.21700 0.000247118000 
0.21750 0.000234508000 
0.21800 0.000221898000 
0.21850 0.000209288000 
0.21900 0.000196681600 
0.21950 0.000185622000 
0.22000 0.000174562400 
0.22050 0.000163503000 
0.22100 0.000152502800 
0.22150 0.000142887400 
0.22200 0.000133272200 
0.22250 0.000123656800 
0.22300 0.000114231800 
0.22350 0.000106042200 
0.22400 0.000097852600 
0.22450 0.000089663200 
0.22500 0.000081838600 
0.22550 0.000074916200 
0.22600 0.000067993600 
0.22650 0.000061071200 
0.22700 0.000054789000 
0.22750 0.000049111800 
0.22800 0.000043434800 
0.22850 0.000037757600 
0.22900 0.000033072800 
0.22950 0.000028603600 
0.23000 0.000024134200 
0.23050 0.000019927980 
0.23100 0.000016645540 
0.23150 0.000013363080 
0.23200 0.000010080620 
0.23250 0.000007701560 
0.23300 0.000005664000 
0.23350 0.000003626440 
