0.00000 326.496000000000 
0.00050 295.588000000000 
0.00100 264.680000000000 
0.00150 233.772000000000 
0.00200 202.866000000000 
0.00250 180.356600000000 
0.00300 160.353600000000 
0.00350 143.618600000000 
0.00400 129.905800000000 
0.00450 116.935800000000 
0.00500 107.157000000000 
0.00550 97.378200000000 
0.00600 89.636000000000 
0.00650 82.451200000000 
0.00700 75.826400000000 
0.00750 70.419600000000 
0.00800 65.012800000000 
0.00850 60.591600000000 
0.00900 56.441600000000 
0.00950 52.472200000000 
0.01000 49.233000000000 
0.01050 45.993600000000 
0.01100 43.133600000000 
0.01150 40.568600000000 
0.01200 38.003600000000 
0.01250 35.886000000000 
0.01300 33.829200000000 
0.01350 31.833600000000 
0.01400 30.166000000000 
0.01450 28.498200000000 
0.01500 26.950200000000 
0.01550 25.584600000000 
0.01600 24.219200000000 
0.01650 22.996200000000 
0.01700 21.868400000000 
0.01750 20.740600000000 
0.01800 19.758460000000 
0.01850 18.819540000000 
0.01900 17.880600000000 
0.01950 17.080440000000 
0.02000 16.293260000000 
0.02050 15.509780000000 
0.02100 14.845580000000 
0.02150 14.181380000000 
0.02200 13.529340000000 
0.02250 12.965660000000 
0.02300 12.401980000000 
0.02350 11.853920000000 
0.02400 11.373000000000 
0.02450 10.892100000000 
0.02500 10.427300000000 
0.02550 10.015040000000 
0.02600 9.602780000000 
0.02650 9.205440000000 
0.02700 8.850480000000 
0.02750 8.495520000000 
0.02800 8.153400000000 
0.02850 7.846540000000 
0.02900 7.539700000000 
0.02950 7.243220000000 
0.03000 6.976960000000 
0.03050 6.710720000000 
0.03100 6.452280000000 
0.03150 6.220500000000 
0.03200 5.988720000000 
0.03250 5.762240000000 
0.03300 5.559840000000 
0.03350 5.357420000000 
0.03400 5.158020000000 
0.03450 4.980740000000 
0.03500 4.803480000000 
0.03550 4.627120000000 
0.03600 4.471480000000 
0.03650 4.315820000000 
0.03700 4.160180000000 
0.03750 4.022240000000 
0.03800 3.885240000000 
0.03850 3.748240000000 
0.03900 3.624820000000 
0.03950 3.503980000000 
0.04000 3.383120000000 
0.04050 3.272340000000 
0.04100 3.165520000000 
0.04150 3.058680000000 
0.04200 2.958960000000 
0.04250 2.864340000000 
0.04300 2.769720000000 
0.04350 2.679680000000 
0.04400 2.595740000000 
0.04450 2.511800000000 
0.04500 2.430300000000 
0.04550 2.355700000000 
0.04600 2.281100000000 
0.04650 2.207160000000 
0.04700 2.140740000000 
0.04750 2.074340000000 
0.04800 2.007940000000 
0.04850 1.947918000000 
0.04900 1.888730000000 
0.04950 1.829542000000 
0.05000 1.774624000000 
0.05050 1.721794000000 
0.05100 1.668964000000 
0.05150 1.618634000000 
0.05200 1.571420000000 
0.05250 1.524208000000 
0.05300 1.478004000000 
0.05350 1.435756000000 
0.05400 1.393510000000 
0.05450 1.351262000000 
0.05500 1.313182000000 
0.05550 1.275338000000 
0.05600 1.237492000000 
0.05650 1.202282000000 
0.05700 1.168342000000 
0.05750 1.134402000000 
0.05800 1.101806000000 
0.05850 1.071338000000 
0.05900 1.040872000000 
0.05950 1.010664000000 
0.06000 0.983286000000 
0.06050 0.955906000000 
0.06100 0.928526000000 
0.06150 0.903256000000 
0.06200 0.878628000000 
0.06250 0.853998000000 
0.06300 0.830434000000 
0.06350 0.808260000000 
0.06400 0.786088000000 
0.06450 0.764100000000 
0.06500 0.744120000000 
0.06550 0.724138000000 
0.06600 0.704156000000 
0.06650 0.685586000000 
0.06700 0.667564000000 
0.06750 0.649544000000 
0.06800 0.632118000000 
0.06850 0.615850000000 
0.06900 0.599582000000 
0.06950 0.583312000000 
0.07000 0.568528000000 
0.07050 0.553830000000 
0.07100 0.539132000000 
0.07150 0.525186000000 
0.07200 0.511898000000 
0.07250 0.498608000000 
0.07300 0.485458000000 
0.07350 0.473430000000 
0.07400 0.461404000000 
0.07450 0.449378000000 
0.07500 0.438112000000 
0.07550 0.427218000000 
0.07600 0.416326000000 
0.07650 0.405654000000 
0.07700 0.395782000000 
0.07750 0.385910000000 
0.07800 0.376038000000 
0.07850 0.366850000000 
0.07900 0.357894000000 
0.07950 0.348940000000 
0.08000 0.340202000000 
0.08050 0.332072000000 
0.08100 0.323944000000 
0.08150 0.315816000000 
0.08200 0.308254000000 
0.08250 0.300868000000 
0.08300 0.293484000000 
0.08350 0.286268000000 
0.08400 0.279554000000 
0.08450 0.272838000000 
0.08500 0.266124000000 
0.08550 0.259850000000 
0.08600 0.253740000000 
0.08650 0.247632000000 
0.08700 0.241626000000 
0.08750 0.236064000000 
0.08800 0.230504000000 
0.08850 0.224942000000 
0.08900 0.219694000000 
0.08950 0.214626000000 
0.09000 0.209558000000 
0.09050 0.204522000000 
0.09100 0.199900400000 
0.09150 0.195279200000 
0.09200 0.190658000000 
0.09250 0.186237600000 
0.09300 0.182020600000 
0.09350 0.177803600000 
0.09400 0.173586600000 
0.09450 0.169703000000 
0.09500 0.165852800000 
0.09550 0.162002800000 
0.09600 0.158254800000 
0.09650 0.154735800000 
0.09700 0.151216800000 
0.09750 0.147697800000 
0.09800 0.144389400000 
0.09850 0.141172400000 
0.09900 0.137955400000 
0.09950 0.134758800000 
0.10000 0.131815000000 
0.10050 0.128871400000 
0.10100 0.125927800000 
0.10150 0.123094000000 
0.10200 0.120398800000 
0.10250 0.117703600000 
0.10300 0.115008200000 
0.10350 0.112493600000 
0.10400 0.110024200000 
0.10450 0.107555000000 
0.10500 0.105115600000 
0.10550 0.102851800000 
0.10600 0.100588200000 
0.10650 0.098324600000 
0.10700 0.096151200000 
0.10750 0.094074800000 
0.10800 0.091998400000 
0.10850 0.089922000000 
0.10900 0.087983800000 
0.10950 0.086078200000 
0.11000 0.084172400000 
0.11050 0.082286600000 
0.11100 0.080536000000 
0.11150 0.078785400000 
0.11200 0.077034800000 
0.11250 0.075346800000 
0.11300 0.073739000000 
0.11350 0.072131200000 
0.11400 0.070523400000 
0.11450 0.069011200000 
0.11500 0.067532600000 
0.11550 0.066054200000 
0.11600 0.064579400000 
0.11650 0.063219600000 
0.11700 0.061860000000 
0.11750 0.060500400000 
0.11800 0.059174800000 
0.11850 0.057923200000 
0.11900 0.056671800000 
0.11950 0.055420200000 
0.12000 0.054227800000 
0.12050 0.053076600000 
0.12100 0.051925200000 
0.12150 0.050773800000 
0.12200 0.049700400000 
0.12250 0.048639800000 
0.12300 0.047579200000 
0.12350 0.046528400000 
0.12400 0.045551000000 
0.12450 0.044573600000 
0.12500 0.043596200000 
0.12550 0.042647400000 
0.12600 0.041746800000 
0.12650 0.040846400000 
0.12700 0.039946000000 
0.12750 0.039088800000 
0.12800 0.038259000000 
0.12850 0.037429200000 
0.12900 0.036599400000 
0.12950 0.035824400000 
0.13000 0.035059200000 
0.13050 0.034293800000 
0.13100 0.033533200000 
0.13150 0.032827600000 
0.13200 0.032122200000 
0.13250 0.031416600000 
0.13300 0.030727400000 
0.13350 0.030076400000 
0.13400 0.029425600000 
0.13450 0.028774600000 
0.13500 0.028149400000 
0.13550 0.027548800000 
0.13600 0.026948200000 
0.13650 0.026347600000 
0.13700 0.025780400000 
0.13750 0.025226600000 
0.13800 0.024672800000 
0.13850 0.024119200000 
0.13900 0.023604000000 
0.13950 0.023093000000 
0.14000 0.022582200000 
0.14050 0.022074600000 
0.14100 0.021603600000 
0.14150 0.021132600000 
0.14200 0.020661600000 
0.14250 0.020200000000 
0.14300 0.019765540000 
0.14350 0.019330980000 
0.14400 0.018896420000 
0.14450 0.018476240000 
0.14500 0.018075400000 
0.14550 0.017674560000 
0.14600 0.017273700000 
0.14650 0.016890980000 
0.14700 0.016521320000 
0.14750 0.016151640000 
0.14800 0.015781980000 
0.14850 0.015433480000 
0.14900 0.015092980000 
0.14950 0.014752500000 
0.15000 0.014412000000 
0.15050 0.014094440000 
0.15100 0.013780620000 
0.15150 0.013466780000 
0.15200 0.013152960000 
0.15250 0.012863380000 
0.15300 0.012574240000 
0.15350 0.012285100000 
0.15400 0.011998120000 
0.15450 0.011732140000 
0.15500 0.011466160000 
0.15550 0.011200180000 
0.15600 0.010938260000 
0.15650 0.010693420000 
0.15700 0.010448600000 
0.15750 0.010203760000 
0.15800 0.009964300000 
0.15850 0.009738780000 
0.15900 0.009513240000 
0.15950 0.009287720000 
0.16000 0.009068680000 
0.16050 0.008861580000 
0.16100 0.008654500000 
0.16150 0.008447400000 
0.16200 0.008247220000 
0.16250 0.008056920000 
0.16300 0.007866620000 
0.16350 0.007676340000 
0.16400 0.007493160000 
0.16450 0.007318420000 
0.16500 0.007143700000 
0.16550 0.006968960000 
0.16600 0.006801400000 
0.16650 0.006641300000 
0.16700 0.006481200000 
0.16750 0.006321100000 
0.16800 0.006167660000 
0.16850 0.006020660000 
0.16900 0.005873640000 
0.16950 0.005726640000 
0.17000 0.005586060000 
0.17050 0.005451600000 
0.17100 0.005317140000 
0.17150 0.005182680000 
0.17200 0.005053820000 
0.17250 0.004930540000 
0.17300 0.004807280000 
0.17350 0.004684000000 
0.17400 0.004565740000 
0.17450 0.004453020000 
0.17500 0.004340280000 
0.17550 0.004227560000 
0.17600 0.004119140000 
0.17650 0.004016340000 
0.17700 0.003913540000 
0.17750 0.003810740000 
0.17800 0.003711340000 
0.17850 0.003617520000 
0.17900 0.003523680000 
0.17950 0.003429860000 
0.18000 0.003338540000 
0.18050 0.003252840000 
0.18100 0.003167120000 
0.18150 0.003081420000 
0.18200 0.002997420000 
0.18250 0.002919360000 
0.18300 0.002841300000 
0.18350 0.002763260000 
0.18400 0.002686100000 
0.18450 0.002615240000 
0.18500 0.002544380000 
0.18550 0.002473500000 
0.18600 0.002402740000 
0.18650 0.002338200000 
0.18700 0.002273660000 
0.18750 0.002209140000 
0.18800 0.002144600000 
0.18850 0.002085500000 
0.18900 0.002027060000 
0.18950 0.001968624000 
0.19000 0.001910184000 
0.19050 0.001855792000 
0.19100 0.001802690000 
0.19150 0.001749588000 
0.19200 0.001696486000 
0.19250 0.001646474000 
0.19300 0.001598400000 
0.19350 0.001550326000 
0.19400 0.001502250000 
0.19450 0.001456310000 
0.19500 0.001412846000 
0.19550 0.001369382000 
0.19600 0.001325918000 
0.19650 0.001283742000 
0.19700 0.001244502000 
0.19750 0.001205262000 
0.19800 0.001166022000 
0.19850 0.001127332000 
0.19900 0.001091958000 
0.19950 0.001056586000 
0.20000 0.001021212000 
0.20050 0.000985838000 
0.20100 0.000953834000 
0.20150 0.000921906000 
0.20200 0.000889978000 
0.20250 0.000858048000 
0.20300 0.000828832000 
0.20350 0.000800236000 
0.20400 0.000771638000 
0.20450 0.000743040000 
0.20500 0.000716324000 
0.20550 0.000690600000 
0.20600 0.000664874000 
0.20650 0.000639150000 
0.20700 0.000614824000 
0.20750 0.000591882000 
0.20800 0.000568940000 
0.20850 0.000546000000 
0.20900 0.000523924000 
0.20950 0.000503374000 
0.21000 0.000482826000 
0.21050 0.000462276000 
0.21100 0.000442248000 
0.21150 0.000423894000 
0.21200 0.000405540000 
0.21250 0.000387186000 
0.21300 0.000369116000 
0.21350 0.000352896000 
0.21400 0.000336676000 
0.21450 0.000320456000 
0.21500 0.000304338000 
0.21550 0.000289952000 
0.21600 0.000275568000 
0.21650 0.000261182000 
0.21700 0.000246814000 
0.21750 0.000234220000 
0.21800 0.000221626000 
0.21850 0.000209034000 
0.21900 0.000196443000 
0.21950 0.000185397600 
0.22000 0.000174352200 
0.22050 0.000163306800 
0.22100 0.000152320800 
0.22150 0.000142717400 
0.22200 0.000133114000 
0.22250 0.000123510800 
0.22300 0.000114097600 
0.22350 0.000105918000 
0.22400 0.000097738400 
0.22450 0.000089559000 
0.22500 0.000081743800 
0.22550 0.000074829800 
0.22600 0.000067915600 
0.22650 0.000061001400 
0.22700 0.000054726600 
0.22750 0.000049056200 
0.22800 0.000043385600 
0.22850 0.000037715000 
0.22900 0.000033035800 
0.22950 0.000028571600 
0.23000 0.000024107400 
0.23050 0.000019905940 
0.23100 0.000016627160 
0.23150 0.000013348380 
0.23200 0.000010069600 
0.23250 0.000007693180 
0.23300 0.000005657840 
0.23350 0.000003622520 
