0.00000 322.570000000000 
0.00050 292.044000000000 
0.00100 261.520000000000 
0.00150 230.996000000000 
0.00200 200.470000000000 
0.00250 178.241400000000 
0.00300 158.486800000000 
0.00350 141.958800000000 
0.00400 128.415200000000 
0.00450 115.605000000000 
0.00500 105.945800000000 
0.00550 96.286600000000 
0.00600 88.638400000000 
0.00650 81.540400000000 
0.00700 74.995400000000 
0.00750 69.653200000000 
0.00800 64.311000000000 
0.00850 59.942200000000 
0.00900 55.841000000000 
0.00950 51.918400000000 
0.01000 48.716800000000 
0.01050 45.515000000000 
0.01100 42.688200000000 
0.01150 40.152400000000 
0.01200 37.616800000000 
0.01250 35.523200000000 
0.01300 33.489600000000 
0.01350 31.516400000000 
0.01400 29.867200000000 
0.01450 28.218200000000 
0.01500 26.687200000000 
0.01550 25.336600000000 
0.01600 23.986200000000 
0.01650 22.776400000000 
0.01700 21.660800000000 
0.01750 20.545000000000 
0.01800 19.573440000000 
0.01850 18.644480000000 
0.01900 17.715500000000 
0.01950 16.923700000000 
0.02000 16.144740000000 
0.02050 15.369440000000 
0.02100 14.712060000000 
0.02150 14.054680000000 
0.02200 13.409320000000 
0.02250 12.851320000000 
0.02300 12.293340000000 
0.02350 11.750780000000 
0.02400 11.274660000000 
0.02450 10.798540000000 
0.02500 10.338340000000 
0.02550 9.930100000000 
0.02600 9.521880000000 
0.02650 9.128400000000 
0.02700 8.776860000000 
0.02750 8.425300000000 
0.02800 8.086460000000 
0.02850 7.782500000000 
0.02900 7.478560000000 
0.02950 7.184860000000 
0.03000 6.921100000000 
0.03050 6.657320000000 
0.03100 6.401280000000 
0.03150 6.171600000000 
0.03200 5.941940000000 
0.03250 5.717540000000 
0.03300 5.516940000000 
0.03350 5.316340000000 
0.03400 5.118720000000 
0.03450 4.943020000000 
0.03500 4.767320000000 
0.03550 4.592520000000 
0.03600 4.438220000000 
0.03650 4.283940000000 
0.03700 4.129640000000 
0.03750 3.992860000000 
0.03800 3.857040000000 
0.03850 3.721200000000 
0.03900 3.598840000000 
0.03950 3.479000000000 
0.04000 3.359160000000 
0.04050 3.249300000000 
0.04100 3.143360000000 
0.04150 3.037400000000 
0.04200 2.938500000000 
0.04250 2.844640000000 
0.04300 2.750800000000 
0.04350 2.661480000000 
0.04400 2.578200000000 
0.04450 2.494940000000 
0.04500 2.414080000000 
0.04550 2.340060000000 
0.04600 2.266040000000 
0.04650 2.192680000000 
0.04700 2.126780000000 
0.04750 2.060900000000 
0.04800 1.995006000000 
0.04850 1.935430000000 
0.04900 1.876690000000 
0.04950 1.817950000000 
0.05000 1.763442000000 
0.05050 1.711006000000 
0.05100 1.658568000000 
0.05150 1.608610000000 
0.05200 1.561742000000 
0.05250 1.514874000000 
0.05300 1.469008000000 
0.05350 1.427064000000 
0.05400 1.385120000000 
0.05450 1.343176000000 
0.05500 1.305366000000 
0.05550 1.267788000000 
0.05600 1.230210000000 
0.05650 1.195246000000 
0.05700 1.161540000000 
0.05750 1.127836000000 
0.05800 1.095466000000 
0.05850 1.065206000000 
0.05900 1.034946000000 
0.05950 1.004946000000 
0.06000 0.977750000000 
0.06050 0.950554000000 
0.06100 0.923358000000 
0.06150 0.898254000000 
0.06200 0.873788000000 
0.06250 0.849322000000 
0.06300 0.825912000000 
0.06350 0.803882000000 
0.06400 0.781854000000 
0.06450 0.760008000000 
0.06500 0.740154000000 
0.06550 0.720300000000 
0.06600 0.700446000000 
0.06650 0.681992000000 
0.06700 0.664084000000 
0.06750 0.646174000000 
0.06800 0.628858000000 
0.06850 0.612690000000 
0.06900 0.596520000000 
0.06950 0.580352000000 
0.07000 0.565658000000 
0.07050 0.551048000000 
0.07100 0.536438000000 
0.07150 0.522578000000 
0.07200 0.509366000000 
0.07250 0.496156000000 
0.07300 0.483084000000 
0.07350 0.471128000000 
0.07400 0.459170000000 
0.07450 0.447214000000 
0.07500 0.436014000000 
0.07550 0.425184000000 
0.07600 0.414354000000 
0.07650 0.403742000000 
0.07700 0.393926000000 
0.07750 0.384110000000 
0.07800 0.374292000000 
0.07850 0.365156000000 
0.07900 0.356252000000 
0.07950 0.347346000000 
0.08000 0.338656000000 
0.08050 0.330572000000 
0.08100 0.322486000000 
0.08150 0.314402000000 
0.08200 0.306882000000 
0.08250 0.299536000000 
0.08300 0.292190000000 
0.08350 0.285012000000 
0.08400 0.278334000000 
0.08450 0.271656000000 
0.08500 0.264976000000 
0.08550 0.258734000000 
0.08600 0.252656000000 
0.08650 0.246578000000 
0.08700 0.240604000000 
0.08750 0.235072000000 
0.08800 0.229538000000 
0.08850 0.224004000000 
0.08900 0.218784000000 
0.08950 0.213740000000 
0.09000 0.208698000000 
0.09050 0.203686000000 
0.09100 0.199088400000 
0.09150 0.194490000000 
0.09200 0.189891600000 
0.09250 0.185492800000 
0.09300 0.181296000000 
0.09350 0.177099400000 
0.09400 0.172902600000 
0.09450 0.169037600000 
0.09500 0.165205800000 
0.09550 0.161374000000 
0.09600 0.157643800000 
0.09650 0.154141200000 
0.09700 0.150638600000 
0.09750 0.147136000000 
0.09800 0.143842800000 
0.09850 0.140640400000 
0.09900 0.137438000000 
0.09950 0.134256200000 
0.10000 0.131325800000 
0.10050 0.128395400000 
0.10100 0.125465000000 
0.10150 0.122643800000 
0.10200 0.119960400000 
0.10250 0.117277200000 
0.10300 0.114593800000 
0.10350 0.112090000000 
0.10400 0.109631600000 
0.10450 0.107173000000 
0.10500 0.104744200000 
0.10550 0.102490200000 
0.10600 0.100236200000 
0.10650 0.097982000000 
0.10700 0.095818000000 
0.10750 0.093750200000 
0.10800 0.091682600000 
0.10850 0.089614800000 
0.10900 0.087684800000 
0.10950 0.085787000000 
0.11000 0.083889000000 
0.11050 0.082011000000 
0.11100 0.080267600000 
0.11150 0.078524000000 
0.11200 0.076780400000 
0.11250 0.075099200000 
0.11300 0.073497800000 
0.11350 0.071896400000 
0.11400 0.070295000000 
0.11450 0.068788800000 
0.11500 0.067316000000 
0.11550 0.065843200000 
0.11600 0.064374200000 
0.11650 0.063019800000 
0.11700 0.061665200000 
0.11750 0.060310800000 
0.11800 0.058990400000 
0.11850 0.057743400000 
0.11900 0.056496600000 
0.11950 0.055249800000 
0.12000 0.054062000000 
0.12050 0.052915000000 
0.12100 0.051767800000 
0.12150 0.050620800000 
0.12200 0.049551200000 
0.12250 0.048494400000 
0.12300 0.047437600000 
0.12350 0.046390800000 
0.12400 0.045416800000 
0.12450 0.044443000000 
0.12500 0.043469000000 
0.12550 0.042523400000 
0.12600 0.041626200000 
0.12650 0.040728800000 
0.12700 0.039831600000 
0.12750 0.038977400000 
0.12800 0.038150600000 
0.12850 0.037323600000 
0.12900 0.036496600000 
0.12950 0.035724200000 
0.13000 0.034961600000 
0.13050 0.034198800000 
0.13100 0.033440600000 
0.13150 0.032737400000 
0.13200 0.032034400000 
0.13250 0.031331200000 
0.13300 0.030644200000 
0.13350 0.029995400000 
0.13400 0.029346600000 
0.13450 0.028697800000 
0.13500 0.028074400000 
0.13550 0.027475800000 
0.13600 0.026877200000 
0.13650 0.026278600000 
0.13700 0.025713000000 
0.13750 0.025161000000 
0.13800 0.024609000000 
0.13850 0.024057000000 
0.13900 0.023543600000 
0.13950 0.023034200000 
0.14000 0.022524800000 
0.14050 0.022018800000 
0.14100 0.021549200000 
0.14150 0.021079600000 
0.14200 0.020610000000 
0.14250 0.020150000000 
0.14300 0.019716680000 
0.14350 0.019283400000 
0.14400 0.018850140000 
0.14450 0.018431180000 
0.14500 0.018031500000 
0.14550 0.017631840000 
0.14600 0.017232160000 
0.14650 0.016850520000 
0.14700 0.016481920000 
0.14750 0.016113300000 
0.14800 0.015744680000 
0.14850 0.015397160000 
0.14900 0.015057640000 
0.14950 0.014718100000 
0.15000 0.014378560000 
0.15050 0.014061860000 
0.15100 0.013748900000 
0.15150 0.013435940000 
0.15200 0.013122960000 
0.15250 0.012834160000 
0.15300 0.012545800000 
0.15350 0.012257440000 
0.15400 0.011971220000 
0.15450 0.011705960000 
0.15500 0.011440680000 
0.15550 0.011175400000 
0.15600 0.010914160000 
0.15650 0.010669960000 
0.15700 0.010425780000 
0.15750 0.010181580000 
0.15800 0.009942720000 
0.15850 0.009717780000 
0.15900 0.009492820000 
0.15950 0.009267880000 
0.16000 0.009049380000 
0.16050 0.008842800000 
0.16100 0.008636220000 
0.16150 0.008429660000 
0.16200 0.008229960000 
0.16250 0.008040140000 
0.16300 0.007850300000 
0.16350 0.007660480000 
0.16400 0.007477740000 
0.16450 0.007303440000 
0.16500 0.007129120000 
0.16550 0.006954800000 
0.16600 0.006787640000 
0.16650 0.006627920000 
0.16700 0.006468200000 
0.16750 0.006308480000 
0.16800 0.006155400000 
0.16850 0.006008720000 
0.16900 0.005862060000 
0.16950 0.005715400000 
0.17000 0.005575120000 
0.17050 0.005440980000 
0.17100 0.005306820000 
0.17150 0.005172660000 
0.17200 0.005044100000 
0.17250 0.004921100000 
0.17300 0.004798100000 
0.17350 0.004675100000 
0.17400 0.004557100000 
0.17450 0.004444620000 
0.17500 0.004332140000 
0.17550 0.004219660000 
0.17600 0.004111460000 
0.17650 0.004008880000 
0.17700 0.003906300000 
0.17750 0.003803740000 
0.17800 0.003704540000 
0.17850 0.003610900000 
0.17900 0.003517280000 
0.17950 0.003423660000 
0.18000 0.003332520000 
0.18050 0.003247000000 
0.18100 0.003161460000 
0.18150 0.003075920000 
0.18200 0.002992100000 
0.18250 0.002914200000 
0.18300 0.002836300000 
0.18350 0.002758400000 
0.18400 0.002681400000 
0.18450 0.002610680000 
0.18500 0.002539960000 
0.18550 0.002469240000 
0.18600 0.002398600000 
0.18650 0.002334200000 
0.18700 0.002269780000 
0.18750 0.002205380000 
0.18800 0.002140960000 
0.18850 0.002081980000 
0.18900 0.002023660000 
0.18950 0.001965326000 
0.19000 0.001906998000 
0.19050 0.001852708000 
0.19100 0.001799704000 
0.19150 0.001746702000 
0.19200 0.001693698000 
0.19250 0.001643780000 
0.19300 0.001595792000 
0.19350 0.001547806000 
0.19400 0.001499820000 
0.19450 0.001453964000 
0.19500 0.001410578000 
0.19550 0.001367192000 
0.19600 0.001323806000 
0.19650 0.001281704000 
0.19700 0.001242532000 
0.19750 0.001203362000 
0.19800 0.001164190000 
0.19850 0.001125568000 
0.19900 0.001090256000 
0.19950 0.001054944000 
0.20000 0.001019632000 
0.20050 0.000984320000 
0.20100 0.000952368000 
0.20150 0.000920494000 
0.20200 0.000888620000 
0.20250 0.000856746000 
0.20300 0.000827578000 
0.20350 0.000799028000 
0.20400 0.000770478000 
0.20450 0.000741928000 
0.20500 0.000715256000 
0.20550 0.000689574000 
0.20600 0.000663890000 
0.20650 0.000638208000 
0.20700 0.000613922000 
0.20750 0.000591016000 
0.20800 0.000568112000 
0.20850 0.000545206000 
0.20900 0.000523166000 
0.20950 0.000502648000 
0.21000 0.000482132000 
0.21050 0.000461614000 
0.21100 0.000441618000 
0.21150 0.000423292000 
0.21200 0.000404966000 
0.21250 0.000386640000 
0.21300 0.000368598000 
0.21350 0.000352402000 
0.21400 0.000336206000 
0.21450 0.000320010000 
0.21500 0.000303916000 
0.21550 0.000289552000 
0.21600 0.000275188000 
0.21650 0.000260824000 
0.21700 0.000246478000 
0.21750 0.000233902000 
0.21800 0.000221326000 
0.21850 0.000208750000 
0.21900 0.000196178800 
0.21950 0.000185149000 
0.22000 0.000174119200 
0.22050 0.000163089400 
0.22100 0.000152118800 
0.22150 0.000142528800 
0.22200 0.000132938800 
0.22250 0.000123348800 
0.22300 0.000113948600 
0.22350 0.000105780000 
0.22400 0.000097611600 
0.22450 0.000089443200 
0.22500 0.000081638800 
0.22550 0.000074733800 
0.22600 0.000067828800 
0.22650 0.000060923800 
0.22700 0.000054657200 
0.22750 0.000048994000 
0.22800 0.000043331000 
0.22850 0.000037667800 
0.22900 0.000032994600 
0.22950 0.000028536000 
0.23000 0.000024077600 
0.23050 0.000019881400 
0.23100 0.000016606700 
0.23150 0.000013332020 
0.23200 0.000010057320 
0.23250 0.000007683820 
0.23300 0.000005650980 
0.23350 0.000003618140 
