0.00000 318.526000000000 
0.00050 288.396000000000 
0.00100 258.266000000000 
0.00150 228.136000000000 
0.00200 198.004800000000 
0.00250 176.062600000000 
0.00300 156.563200000000 
0.00350 140.248600000000 
0.00400 126.879000000000 
0.00450 114.233400000000 
0.00500 104.697200000000 
0.00550 95.161200000000 
0.00600 87.609600000000 
0.00650 80.601000000000 
0.00700 74.138200000000 
0.00750 68.862600000000 
0.00800 63.586800000000 
0.00850 59.271800000000 
0.00900 55.221000000000 
0.00950 51.346600000000 
0.01000 48.183800000000 
0.01050 45.020800000000 
0.01100 42.228000000000 
0.01150 39.722600000000 
0.01200 37.217000000000 
0.01250 35.148400000000 
0.01300 33.138600000000 
0.01350 31.188600000000 
0.01400 29.558600000000 
0.01450 27.928600000000 
0.01500 26.415400000000 
0.01550 25.080200000000 
0.01600 23.745000000000 
0.01650 22.549200000000 
0.01700 21.446000000000 
0.01750 20.342800000000 
0.01800 19.381980000000 
0.01850 18.463300000000 
0.01900 17.544600000000 
0.01950 16.761440000000 
0.02000 15.990960000000 
0.02050 15.224100000000 
0.02100 14.573760000000 
0.02150 13.923440000000 
0.02200 13.284980000000 
0.02250 12.732880000000 
0.02300 12.180780000000 
0.02350 11.643940000000 
0.02400 11.172740000000 
0.02450 10.701560000000 
0.02500 10.246120000000 
0.02550 9.842060000000 
0.02600 9.437980000000 
0.02650 9.048520000000 
0.02700 8.700500000000 
0.02750 8.352480000000 
0.02800 8.017020000000 
0.02850 7.716060000000 
0.02900 7.415120000000 
0.02950 7.124320000000 
0.03000 6.863100000000 
0.03050 6.601900000000 
0.03100 6.348340000000 
0.03150 6.120860000000 
0.03200 5.893380000000 
0.03250 5.671120000000 
0.03300 5.472400000000 
0.03350 5.273700000000 
0.03400 5.077920000000 
0.03450 4.903840000000 
0.03500 4.729760000000 
0.03550 4.556580000000 
0.03600 4.403680000000 
0.03650 4.250780000000 
0.03700 4.097880000000 
0.03750 3.962340000000 
0.03800 3.827740000000 
0.03850 3.693120000000 
0.03900 3.571820000000 
0.03950 3.453020000000 
0.04000 3.334240000000 
0.04050 3.225340000000 
0.04100 3.120300000000 
0.04150 3.015280000000 
0.04200 2.917200000000 
0.04250 2.824160000000 
0.04300 2.731100000000 
0.04350 2.642540000000 
0.04400 2.559960000000 
0.04450 2.477380000000 
0.04500 2.397200000000 
0.04550 2.323780000000 
0.04600 2.250380000000 
0.04650 2.177600000000 
0.04700 2.112240000000 
0.04750 2.046880000000 
0.04800 1.981530000000 
0.04850 1.922428000000 
0.04900 1.864152000000 
0.04950 1.805878000000 
0.05000 1.751798000000 
0.05050 1.699770000000 
0.05100 1.647740000000 
0.05150 1.598168000000 
0.05200 1.551658000000 
0.05250 1.505150000000 
0.05300 1.459634000000 
0.05350 1.418006000000 
0.05400 1.376378000000 
0.05450 1.334750000000 
0.05500 1.297218000000 
0.05550 1.259918000000 
0.05600 1.222618000000 
0.05650 1.187910000000 
0.05700 1.154450000000 
0.05750 1.120992000000 
0.05800 1.088854000000 
0.05850 1.058810000000 
0.05900 1.028768000000 
0.05950 0.998980000000 
0.06000 0.971976000000 
0.06050 0.944972000000 
0.06100 0.917968000000 
0.06150 0.893038000000 
0.06200 0.868740000000 
0.06250 0.844442000000 
0.06300 0.821192000000 
0.06350 0.799314000000 
0.06400 0.777434000000 
0.06450 0.755736000000 
0.06500 0.736014000000 
0.06550 0.716294000000 
0.06600 0.696572000000 
0.06650 0.678240000000 
0.06700 0.660448000000 
0.06750 0.642658000000 
0.06800 0.625454000000 
0.06850 0.609390000000 
0.06900 0.593326000000 
0.06950 0.577262000000 
0.07000 0.562660000000 
0.07050 0.548142000000 
0.07100 0.533626000000 
0.07150 0.519852000000 
0.07200 0.506724000000 
0.07250 0.493596000000 
0.07300 0.480604000000 
0.07350 0.468722000000 
0.07400 0.456838000000 
0.07450 0.444954000000 
0.07500 0.433822000000 
0.07550 0.423058000000 
0.07600 0.412292000000 
0.07650 0.401746000000 
0.07700 0.391986000000 
0.07750 0.382228000000 
0.07800 0.372470000000 
0.07850 0.363386000000 
0.07900 0.354534000000 
0.07950 0.345680000000 
0.08000 0.337040000000 
0.08050 0.329002000000 
0.08100 0.320964000000 
0.08150 0.312926000000 
0.08200 0.305448000000 
0.08250 0.298144000000 
0.08300 0.290838000000 
0.08350 0.283702000000 
0.08400 0.277060000000 
0.08450 0.270418000000 
0.08500 0.263776000000 
0.08550 0.257568000000 
0.08600 0.251522000000 
0.08650 0.245478000000 
0.08700 0.239536000000 
0.08750 0.234032000000 
0.08800 0.228528000000 
0.08850 0.223026000000 
0.08900 0.217832000000 
0.08950 0.212816000000 
0.09000 0.207798000000 
0.09050 0.202814000000 
0.09100 0.198239200000 
0.09150 0.193664400000 
0.09200 0.189089600000 
0.09250 0.184713400000 
0.09300 0.180537800000 
0.09350 0.176362400000 
0.09400 0.172187000000 
0.09450 0.168341200000 
0.09500 0.164528600000 
0.09550 0.160715800000 
0.09600 0.157004000000 
0.09650 0.153518600000 
0.09700 0.150033200000 
0.09750 0.146547800000 
0.09800 0.143270400000 
0.09850 0.140083600000 
0.09900 0.136896600000 
0.09950 0.133730000000 
0.10000 0.130813400000 
0.10050 0.127897000000 
0.10100 0.124980400000 
0.10150 0.122172400000 
0.10200 0.119501600000 
0.10250 0.116830800000 
0.10300 0.114160000000 
0.10350 0.111667600000 
0.10400 0.109220200000 
0.10450 0.106773000000 
0.10500 0.104355200000 
0.10550 0.102111200000 
0.10600 0.099867400000 
0.10650 0.097623400000 
0.10700 0.095469000000 
0.10750 0.093410400000 
0.10800 0.091351800000 
0.10850 0.089293200000 
0.10900 0.087371600000 
0.10950 0.085482000000 
0.11000 0.083592200000 
0.11050 0.081722400000 
0.11100 0.079986200000 
0.11150 0.078250200000 
0.11200 0.076514000000 
0.11250 0.074839800000 
0.11300 0.073245200000 
0.11350 0.071650400000 
0.11400 0.070055800000 
0.11450 0.068555600000 
0.11500 0.067089000000 
0.11550 0.065622200000 
0.11600 0.064159200000 
0.11650 0.062810200000 
0.11700 0.061461200000 
0.11750 0.060112200000 
0.11800 0.058797000000 
0.11850 0.057555200000 
0.11900 0.056313200000 
0.11950 0.055071400000 
0.12000 0.053888200000 
0.12050 0.052745600000 
0.12100 0.051603000000 
0.12150 0.050460400000 
0.12200 0.049394800000 
0.12250 0.048342200000 
0.12300 0.047289400000 
0.12350 0.046246400000 
0.12400 0.045276200000 
0.12450 0.044306000000 
0.12500 0.043335800000 
0.12550 0.042393800000 
0.12600 0.041499800000 
0.12650 0.040605800000 
0.12700 0.039711600000 
0.12750 0.038860600000 
0.12800 0.038036800000 
0.12850 0.037212800000 
0.12900 0.036388800000 
0.12950 0.035619200000 
0.13000 0.034859200000 
0.13050 0.034099200000 
0.13100 0.033343800000 
0.13150 0.032643000000 
0.13200 0.031942200000 
0.13250 0.031241600000 
0.13300 0.030557000000 
0.13350 0.029910400000 
0.13400 0.029263800000 
0.13450 0.028617200000 
0.13500 0.027996000000 
0.13550 0.027399400000 
0.13600 0.026802800000 
0.13650 0.026206200000 
0.13700 0.025642400000 
0.13750 0.025092200000 
0.13800 0.024542200000 
0.13850 0.023992000000 
0.13900 0.023480000000 
0.13950 0.022972400000 
0.14000 0.022464600000 
0.14050 0.021960400000 
0.14100 0.021492200000 
0.14150 0.021024200000 
0.14200 0.020556000000 
0.14250 0.020097400000 
0.14300 0.019665440000 
0.14350 0.019233520000 
0.14400 0.018801600000 
0.14450 0.018383940000 
0.14500 0.017985480000 
0.14550 0.017587040000 
0.14600 0.017188580000 
0.14650 0.016808100000 
0.14700 0.016440600000 
0.14750 0.016073080000 
0.14800 0.015705580000 
0.14850 0.015359080000 
0.14900 0.015020540000 
0.14950 0.014682000000 
0.15000 0.014343460000 
0.15050 0.014027680000 
0.15100 0.013715620000 
0.15150 0.013403560000 
0.15200 0.013091500000 
0.15250 0.012803520000 
0.15300 0.012515980000 
0.15350 0.012228440000 
0.15400 0.011943020000 
0.15450 0.011678480000 
0.15500 0.011413940000 
0.15550 0.011149420000 
0.15600 0.010888900000 
0.15650 0.010645360000 
0.15700 0.010401840000 
0.15750 0.010158300000 
0.15800 0.009920100000 
0.15850 0.009695760000 
0.15900 0.009471400000 
0.15950 0.009247060000 
0.16000 0.009029140000 
0.16050 0.008823100000 
0.16100 0.008617080000 
0.16150 0.008411040000 
0.16200 0.008211860000 
0.16250 0.008022520000 
0.16300 0.007833180000 
0.16350 0.007643840000 
0.16400 0.007461580000 
0.16450 0.007287720000 
0.16500 0.007113840000 
0.16550 0.006939960000 
0.16600 0.006773220000 
0.16650 0.006613880000 
0.16700 0.006454560000 
0.16750 0.006295240000 
0.16800 0.006142520000 
0.16850 0.005996220000 
0.16900 0.005849900000 
0.16950 0.005703600000 
0.17000 0.005563660000 
0.17050 0.005429840000 
0.17100 0.005296000000 
0.17150 0.005162160000 
0.17200 0.005033900000 
0.17250 0.004911180000 
0.17300 0.004788480000 
0.17350 0.004665760000 
0.17400 0.004548020000 
0.17450 0.004435800000 
0.17500 0.004323580000 
0.17550 0.004211360000 
0.17600 0.004103420000 
0.17650 0.004001080000 
0.17700 0.003898720000 
0.17750 0.003796380000 
0.17800 0.003697400000 
0.17850 0.003603980000 
0.17900 0.003510560000 
0.17950 0.003417140000 
0.18000 0.003326200000 
0.18050 0.003240860000 
0.18100 0.003155520000 
0.18150 0.003070160000 
0.18200 0.002986520000 
0.18250 0.002908780000 
0.18300 0.002831060000 
0.18350 0.002753320000 
0.18400 0.002676480000 
0.18450 0.002605900000 
0.18500 0.002535340000 
0.18550 0.002464760000 
0.18600 0.002394280000 
0.18650 0.002330000000 
0.18700 0.002265720000 
0.18750 0.002201440000 
0.18800 0.002137160000 
0.18850 0.002078300000 
0.18900 0.002020080000 
0.18950 0.001961868000 
0.19000 0.001903656000 
0.19050 0.001849474000 
0.19100 0.001796574000 
0.19150 0.001743676000 
0.19200 0.001690776000 
0.19250 0.001640954000 
0.19300 0.001593060000 
0.19350 0.001545164000 
0.19400 0.001497270000 
0.19450 0.001451502000 
0.19500 0.001408198000 
0.19550 0.001364892000 
0.19600 0.001321588000 
0.19650 0.001279566000 
0.19700 0.001240468000 
0.19750 0.001201370000 
0.19800 0.001162270000 
0.19850 0.001123720000 
0.19900 0.001088472000 
0.19950 0.001053224000 
0.20000 0.001017976000 
0.20050 0.000982728000 
0.20100 0.000950832000 
0.20150 0.000919016000 
0.20200 0.000887198000 
0.20250 0.000855380000 
0.20300 0.000826264000 
0.20350 0.000797764000 
0.20400 0.000769264000 
0.20450 0.000740762000 
0.20500 0.000714136000 
0.20550 0.000688498000 
0.20600 0.000662858000 
0.20650 0.000637220000 
0.20700 0.000612974000 
0.20750 0.000590108000 
0.20800 0.000567240000 
0.20850 0.000544374000 
0.20900 0.000522370000 
0.20950 0.000501886000 
0.21000 0.000481404000 
0.21050 0.000460920000 
0.21100 0.000440956000 
0.21150 0.000422660000 
0.21200 0.000404364000 
0.21250 0.000386066000 
0.21300 0.000368054000 
0.21350 0.000351884000 
0.21400 0.000335714000 
0.21450 0.000319544000 
0.21500 0.000303474000 
0.21550 0.000289132000 
0.21600 0.000274790000 
0.21650 0.000260448000 
0.21700 0.000246124000 
0.21750 0.000233568000 
0.21800 0.000221012000 
0.21850 0.000208454000 
0.21900 0.000195901800 
0.21950 0.000184888400 
0.22000 0.000173874800 
0.22050 0.000162861400 
0.22100 0.000151907200 
0.22150 0.000142331000 
0.22200 0.000132755000 
0.22250 0.000123178800 
0.22300 0.000113792200 
0.22350 0.000105635400 
0.22400 0.000097478600 
0.22450 0.000089321800 
0.22500 0.000081528400 
0.22550 0.000074633000 
0.22600 0.000067737800 
0.22650 0.000060842400 
0.22700 0.000054584400 
0.22750 0.000048929000 
0.22800 0.000043273800 
0.22850 0.000037618400 
0.22900 0.000032951200 
0.22950 0.000028498800 
0.23000 0.000024046200 
0.23050 0.000019855660 
0.23100 0.000016585260 
0.23150 0.000013314860 
0.23200 0.000010044460 
0.23250 0.000007674020 
0.23300 0.000005643780 
0.23350 0.000003613560 
