0.00000 314.362000000000 
0.00050 284.638000000000 
0.00100 254.912000000000 
0.00150 225.188000000000 
0.00200 195.463200000000 
0.00250 173.816600000000 
0.00300 154.580000000000 
0.00350 138.484800000000 
0.00400 125.294400000000 
0.00450 112.818000000000 
0.00500 103.408600000000 
0.00550 93.999200000000 
0.00600 86.547200000000 
0.00650 79.630600000000 
0.00700 73.252600000000 
0.00750 68.045400000000 
0.00800 62.838200000000 
0.00850 58.578800000000 
0.00900 54.580000000000 
0.00950 50.755000000000 
0.01000 47.632200000000 
0.01050 44.509400000000 
0.01100 41.751400000000 
0.01150 39.277400000000 
0.01200 36.803200000000 
0.01250 34.759800000000 
0.01300 32.774800000000 
0.01350 30.848800000000 
0.01400 29.238600000000 
0.01450 27.628200000000 
0.01500 26.133200000000 
0.01550 24.814200000000 
0.01600 23.495000000000 
0.01650 22.313200000000 
0.01700 21.223000000000 
0.01750 20.132800000000 
0.01800 19.183100000000 
0.01850 18.275040000000 
0.01900 17.366980000000 
0.01950 16.592760000000 
0.02000 15.831060000000 
0.02050 15.072940000000 
0.02100 14.429920000000 
0.02150 13.786880000000 
0.02200 13.155580000000 
0.02250 12.609580000000 
0.02300 12.063560000000 
0.02350 11.532640000000 
0.02400 11.066580000000 
0.02450 10.600520000000 
0.02500 10.150020000000 
0.02550 9.750280000000 
0.02600 9.350520000000 
0.02650 8.965220000000 
0.02700 8.620860000000 
0.02750 8.276500000000 
0.02800 7.944560000000 
0.02850 7.646720000000 
0.02900 7.348880000000 
0.02950 7.061100000000 
0.03000 6.802540000000 
0.03050 6.544000000000 
0.03100 6.293000000000 
0.03150 6.067820000000 
0.03200 5.842620000000 
0.03250 5.622580000000 
0.03300 5.425820000000 
0.03350 5.229080000000 
0.03400 5.035240000000 
0.03450 4.862840000000 
0.03500 4.690460000000 
0.03550 4.518940000000 
0.03600 4.367520000000 
0.03650 4.216080000000 
0.03700 4.064640000000 
0.03750 3.930360000000 
0.03800 3.797020000000 
0.03850 3.663660000000 
0.03900 3.543500000000 
0.03950 3.425800000000 
0.04000 3.308100000000 
0.04050 3.200200000000 
0.04100 3.096120000000 
0.04150 2.992040000000 
0.04200 2.894860000000 
0.04250 2.802640000000 
0.04300 2.710420000000 
0.04350 2.622640000000 
0.04400 2.540780000000 
0.04450 2.458920000000 
0.04500 2.379440000000 
0.04550 2.306680000000 
0.04600 2.233900000000 
0.04650 2.161760000000 
0.04700 2.096960000000 
0.04750 2.032140000000 
0.04800 1.967346000000 
0.04850 1.908740000000 
0.04900 1.850952000000 
0.04950 1.793164000000 
0.05000 1.739532000000 
0.05050 1.687930000000 
0.05100 1.636330000000 
0.05150 1.587162000000 
0.05200 1.541028000000 
0.05250 1.494896000000 
0.05300 1.449746000000 
0.05350 1.408450000000 
0.05400 1.367152000000 
0.05450 1.325856000000 
0.05500 1.288618000000 
0.05550 1.251610000000 
0.05600 1.214602000000 
0.05650 1.180162000000 
0.05700 1.146960000000 
0.05750 1.113758000000 
0.05800 1.081866000000 
0.05850 1.052050000000 
0.05900 1.022234000000 
0.05950 0.992672000000 
0.06000 0.965870000000 
0.06050 0.939066000000 
0.06100 0.912262000000 
0.06150 0.887516000000 
0.06200 0.863396000000 
0.06250 0.839276000000 
0.06300 0.816196000000 
0.06350 0.794474000000 
0.06400 0.772752000000 
0.06450 0.751210000000 
0.06500 0.731628000000 
0.06550 0.712046000000 
0.06600 0.692464000000 
0.06650 0.674260000000 
0.06700 0.656594000000 
0.06750 0.638926000000 
0.06800 0.621842000000 
0.06850 0.605888000000 
0.06900 0.589934000000 
0.06950 0.573978000000 
0.07000 0.559476000000 
0.07050 0.545056000000 
0.07100 0.530636000000 
0.07150 0.516956000000 
0.07200 0.503914000000 
0.07250 0.490872000000 
0.07300 0.477968000000 
0.07350 0.466162000000 
0.07400 0.454356000000 
0.07450 0.442550000000 
0.07500 0.431488000000 
0.07550 0.420794000000 
0.07600 0.410098000000 
0.07650 0.399618000000 
0.07700 0.389920000000 
0.07750 0.380224000000 
0.07800 0.370526000000 
0.07850 0.361500000000 
0.07900 0.352702000000 
0.07950 0.343902000000 
0.08000 0.335316000000 
0.08050 0.327328000000 
0.08100 0.319338000000 
0.08150 0.311348000000 
0.08200 0.303916000000 
0.08250 0.296656000000 
0.08300 0.289394000000 
0.08350 0.282300000000 
0.08400 0.275696000000 
0.08450 0.269094000000 
0.08500 0.262492000000 
0.08550 0.256320000000 
0.08600 0.250310000000 
0.08650 0.244300000000 
0.08700 0.238392000000 
0.08750 0.232920000000 
0.08800 0.227448000000 
0.08850 0.221976000000 
0.08900 0.216812000000 
0.08950 0.211824000000 
0.09000 0.206834000000 
0.09050 0.201878000000 
0.09100 0.197328600000 
0.09150 0.192779000000 
0.09200 0.188229400000 
0.09250 0.183877200000 
0.09300 0.179724400000 
0.09350 0.175571600000 
0.09400 0.171418800000 
0.09450 0.167593600000 
0.09500 0.163801200000 
0.09550 0.160008800000 
0.09600 0.156316800000 
0.09650 0.152849600000 
0.09700 0.149382400000 
0.09750 0.145915400000 
0.09800 0.142655000000 
0.09850 0.139484600000 
0.09900 0.136314000000 
0.09950 0.133163800000 
0.10000 0.130262000000 
0.10050 0.127360200000 
0.10100 0.124458600000 
0.10150 0.121664600000 
0.10200 0.119007200000 
0.10250 0.116349600000 
0.10300 0.113692200000 
0.10350 0.111212200000 
0.10400 0.108776800000 
0.10450 0.106341400000 
0.10500 0.103935600000 
0.10550 0.101702400000 
0.10600 0.099469400000 
0.10650 0.097236200000 
0.10700 0.095092000000 
0.10750 0.093043200000 
0.10800 0.090994400000 
0.10850 0.088945600000 
0.10900 0.087032800000 
0.10950 0.085152000000 
0.11000 0.083271200000 
0.11050 0.081410000000 
0.11100 0.079681800000 
0.11150 0.077953800000 
0.11200 0.076225600000 
0.11250 0.074559000000 
0.11300 0.072971400000 
0.11350 0.071384000000 
0.11400 0.069796400000 
0.11450 0.068303000000 
0.11500 0.066842800000 
0.11550 0.065382600000 
0.11600 0.063926000000 
0.11650 0.062583000000 
0.11700 0.061239800000 
0.11750 0.059896600000 
0.11800 0.058587200000 
0.11850 0.057350600000 
0.11900 0.056114000000 
0.11950 0.054877400000 
0.12000 0.053699200000 
0.12050 0.052561400000 
0.12100 0.051423600000 
0.12150 0.050285800000 
0.12200 0.049224800000 
0.12250 0.048176400000 
0.12300 0.047128000000 
0.12350 0.046089400000 
0.12400 0.045123000000 
0.12450 0.044156800000 
0.12500 0.043190400000 
0.12550 0.042252200000 
0.12600 0.041361800000 
0.12650 0.040471400000 
0.12700 0.039580800000 
0.12750 0.038733200000 
0.12800 0.037912600000 
0.12850 0.037091800000 
0.12900 0.036271000000 
0.12950 0.035504400000 
0.13000 0.034747400000 
0.13050 0.033990200000 
0.13100 0.033237600000 
0.13150 0.032539600000 
0.13200 0.031841600000 
0.13250 0.031143600000 
0.13300 0.030461400000 
0.13350 0.029817200000 
0.13400 0.029173200000 
0.13450 0.028529000000 
0.13500 0.027910000000 
0.13550 0.027315600000 
0.13600 0.026721200000 
0.13650 0.026126800000 
0.13700 0.025565000000 
0.13750 0.025016800000 
0.13800 0.024468600000 
0.13850 0.023920400000 
0.13900 0.023410400000 
0.13950 0.022904400000 
0.14000 0.022398600000 
0.14050 0.021896000000 
0.14100 0.021429600000 
0.14150 0.020963000000 
0.14200 0.020496600000 
0.14250 0.020039400000 
0.14300 0.019609040000 
0.14350 0.019178600000 
0.14400 0.018748140000 
0.14450 0.018331900000 
0.14500 0.017934760000 
0.14550 0.017537640000 
0.14600 0.017140520000 
0.14650 0.016761300000 
0.14700 0.016395000000 
0.14750 0.016028700000 
0.14800 0.015662380000 
0.14850 0.015317020000 
0.14900 0.014979580000 
0.14950 0.014642120000 
0.15000 0.014304680000 
0.15050 0.013989900000 
0.15100 0.013678820000 
0.15150 0.013367760000 
0.15200 0.013056680000 
0.15250 0.012769600000 
0.15300 0.012482940000 
0.15350 0.012196300000 
0.15400 0.011911780000 
0.15450 0.011648040000 
0.15500 0.011384320000 
0.15550 0.011120580000 
0.15600 0.010860860000 
0.15650 0.010618060000 
0.15700 0.010375260000 
0.15750 0.010132460000 
0.15800 0.009894960000 
0.15850 0.009671280000 
0.15900 0.009447600000 
0.15950 0.009223900000 
0.16000 0.009006620000 
0.16050 0.008801180000 
0.16100 0.008595760000 
0.16150 0.008390320000 
0.16200 0.008191720000 
0.16250 0.008002920000 
0.16300 0.007814120000 
0.16350 0.007625320000 
0.16400 0.007443560000 
0.16450 0.007270180000 
0.16500 0.007096780000 
0.16550 0.006923400000 
0.16600 0.006757100000 
0.16650 0.006598220000 
0.16700 0.006439340000 
0.16750 0.006280440000 
0.16800 0.006128140000 
0.16850 0.005982220000 
0.16900 0.005836320000 
0.16950 0.005690400000 
0.17000 0.005550840000 
0.17050 0.005417360000 
0.17100 0.005283880000 
0.17150 0.005150400000 
0.17200 0.005022460000 
0.17250 0.004900080000 
0.17300 0.004777680000 
0.17350 0.004655280000 
0.17400 0.004537860000 
0.17450 0.004425920000 
0.17500 0.004313980000 
0.17550 0.004202040000 
0.17600 0.004094380000 
0.17650 0.003992280000 
0.17700 0.003890200000 
0.17750 0.003788100000 
0.17800 0.003689380000 
0.17850 0.003596180000 
0.17900 0.003503000000 
0.17950 0.003409800000 
0.18000 0.003319080000 
0.18050 0.003233940000 
0.18100 0.003148800000 
0.18150 0.003063680000 
0.18200 0.002980220000 
0.18250 0.002902680000 
0.18300 0.002825120000 
0.18350 0.002747580000 
0.18400 0.002670920000 
0.18450 0.002600500000 
0.18500 0.002530100000 
0.18550 0.002459680000 
0.18600 0.002389360000 
0.18650 0.002325240000 
0.18700 0.002261100000 
0.18750 0.002196980000 
0.18800 0.002132840000 
0.18850 0.002074100000 
0.18900 0.002016020000 
0.18950 0.001957946000 
0.19000 0.001899866000 
0.19050 0.001845802000 
0.19100 0.001793020000 
0.19150 0.001740238000 
0.19200 0.001687456000 
0.19250 0.001637742000 
0.19300 0.001589952000 
0.19350 0.001542162000 
0.19400 0.001494370000 
0.19450 0.001448700000 
0.19500 0.001405488000 
0.19550 0.001362276000 
0.19600 0.001319064000 
0.19650 0.001277130000 
0.19700 0.001238114000 
0.19750 0.001199096000 
0.19800 0.001160080000 
0.19850 0.001121610000 
0.19900 0.001086434000 
0.19950 0.001051258000 
0.20000 0.001016082000 
0.20050 0.000980906000 
0.20100 0.000949076000 
0.20150 0.000917324000 
0.20200 0.000885570000 
0.20250 0.000853816000 
0.20300 0.000824758000 
0.20350 0.000796314000 
0.20400 0.000767870000 
0.20450 0.000739426000 
0.20500 0.000712852000 
0.20550 0.000687264000 
0.20600 0.000661674000 
0.20650 0.000636086000 
0.20700 0.000611886000 
0.20750 0.000589064000 
0.20800 0.000566240000 
0.20850 0.000543418000 
0.20900 0.000521456000 
0.20950 0.000501010000 
0.21000 0.000480566000 
0.21050 0.000460122000 
0.21100 0.000440194000 
0.21150 0.000421932000 
0.21200 0.000403668000 
0.21250 0.000385406000 
0.21300 0.000367426000 
0.21350 0.000351286000 
0.21400 0.000335144000 
0.21450 0.000319004000 
0.21500 0.000302964000 
0.21550 0.000288648000 
0.21600 0.000274330000 
0.21650 0.000260014000 
0.21700 0.000245716000 
0.21750 0.000233180000 
0.21800 0.000220646000 
0.21850 0.000208112000 
0.21900 0.000195580800 
0.21950 0.000184586200 
0.22000 0.000173591600 
0.22050 0.000162597000 
0.22100 0.000151661600 
0.22150 0.000142101600 
0.22200 0.000132541600 
0.22250 0.000122981600 
0.22300 0.000113610600 
0.22350 0.000105467400 
0.22400 0.000097324000 
0.22450 0.000089180600 
0.22500 0.000081400000 
0.22550 0.000074515800 
0.22600 0.000067631600 
0.22650 0.000060747400 
0.22700 0.000054499600 
0.22750 0.000048853200 
0.22800 0.000043206800 
0.22850 0.000037560400 
0.22900 0.000032900800 
0.22950 0.000028455200 
0.23000 0.000024009600 
0.23050 0.000019825540 
0.23100 0.000016560160 
0.23150 0.000013294760 
0.23200 0.000010029360 
0.23250 0.000007662520 
0.23300 0.000005635340 
0.23350 0.000003608180 
