0.00000 310.734000000000 
0.00050 281.368000000000 
0.00100 252.000000000000 
0.00150 222.634000000000 
0.00200 193.265800000000 
0.00250 171.878800000000 
0.00300 152.872600000000 
0.00350 136.969000000000 
0.00400 123.934800000000 
0.00450 111.605800000000 
0.00500 102.306200000000 
0.00550 93.006800000000 
0.00600 85.640800000000 
0.00650 78.804000000000 
0.00700 72.499000000000 
0.00750 67.350800000000 
0.00800 62.202600000000 
0.00850 57.991000000000 
0.00900 54.036600000000 
0.00950 50.254400000000 
0.01000 47.165800000000 
0.01050 44.077200000000 
0.01100 41.349200000000 
0.01150 38.901800000000 
0.01200 36.454400000000 
0.01250 34.432800000000 
0.01300 32.468800000000 
0.01350 30.563200000000 
0.01400 28.969800000000 
0.01450 27.376200000000 
0.01500 25.896800000000 
0.01550 24.591000000000 
0.01600 23.285400000000 
0.01650 22.115600000000 
0.01700 21.036400000000 
0.01750 19.957140000000 
0.01800 19.016980000000 
0.01850 18.117920000000 
0.01900 17.218840000000 
0.01950 16.452180000000 
0.02000 15.697880000000 
0.02050 14.947140000000 
0.02100 14.310240000000 
0.02150 13.673360000000 
0.02200 13.048080000000 
0.02250 12.507200000000 
0.02300 11.966320000000 
0.02350 11.440360000000 
0.02400 10.978600000000 
0.02450 10.516820000000 
0.02500 10.070460000000 
0.02550 9.674340000000 
0.02600 9.278220000000 
0.02650 8.896380000000 
0.02700 8.555100000000 
0.02750 8.213800000000 
0.02800 7.884800000000 
0.02850 7.589580000000 
0.02900 7.294340000000 
0.02950 7.009040000000 
0.03000 6.752720000000 
0.03050 6.496380000000 
0.03100 6.247540000000 
0.03150 6.024260000000 
0.03200 5.800960000000 
0.03250 5.582760000000 
0.03300 5.387640000000 
0.03350 5.192520000000 
0.03400 5.000280000000 
0.03450 4.829300000000 
0.03500 4.658300000000 
0.03550 4.488200000000 
0.03600 4.337960000000 
0.03650 4.187740000000 
0.03700 4.037500000000 
0.03750 3.904300000000 
0.03800 3.771980000000 
0.03850 3.639680000000 
0.03900 3.520440000000 
0.03950 3.403640000000 
0.04000 3.286860000000 
0.04050 3.179780000000 
0.04100 3.076480000000 
0.04150 2.973180000000 
0.04200 2.876740000000 
0.04250 2.785200000000 
0.04300 2.693660000000 
0.04350 2.606520000000 
0.04400 2.525260000000 
0.04450 2.444000000000 
0.04500 2.365100000000 
0.04550 2.292860000000 
0.04600 2.220600000000 
0.04650 2.148980000000 
0.04700 2.084620000000 
0.04750 2.020280000000 
0.04800 1.955928000000 
0.04850 1.897726000000 
0.04900 1.840336000000 
0.04950 1.782948000000 
0.05000 1.729680000000 
0.05050 1.678428000000 
0.05100 1.627176000000 
0.05150 1.578340000000 
0.05200 1.532514000000 
0.05250 1.486686000000 
0.05300 1.441836000000 
0.05350 1.400808000000 
0.05400 1.359782000000 
0.05450 1.318754000000 
0.05500 1.281756000000 
0.05550 1.244984000000 
0.05600 1.208214000000 
0.05650 1.173990000000 
0.05700 1.140998000000 
0.05750 1.108004000000 
0.05800 1.076312000000 
0.05850 1.046680000000 
0.05900 1.017048000000 
0.05950 0.987670000000 
0.06000 0.961028000000 
0.06050 0.934386000000 
0.06100 0.907746000000 
0.06150 0.883148000000 
0.06200 0.859172000000 
0.06250 0.835194000000 
0.06300 0.812250000000 
0.06350 0.790656000000 
0.06400 0.769060000000 
0.06450 0.747644000000 
0.06500 0.728174000000 
0.06550 0.708704000000 
0.06600 0.689234000000 
0.06650 0.671134000000 
0.06700 0.653566000000 
0.06750 0.635998000000 
0.06800 0.619010000000 
0.06850 0.603144000000 
0.06900 0.587278000000 
0.06950 0.571412000000 
0.07000 0.556986000000 
0.07050 0.542646000000 
0.07100 0.528304000000 
0.07150 0.514696000000 
0.07200 0.501724000000 
0.07250 0.488752000000 
0.07300 0.475916000000 
0.07350 0.464172000000 
0.07400 0.452428000000 
0.07450 0.440684000000 
0.07500 0.429678000000 
0.07550 0.419038000000 
0.07600 0.408398000000 
0.07650 0.397970000000 
0.07700 0.388322000000 
0.07750 0.378674000000 
0.07800 0.369026000000 
0.07850 0.360044000000 
0.07900 0.351290000000 
0.07950 0.342534000000 
0.08000 0.333990000000 
0.08050 0.326040000000 
0.08100 0.318088000000 
0.08150 0.310138000000 
0.08200 0.302742000000 
0.08250 0.295514000000 
0.08300 0.288288000000 
0.08350 0.281228000000 
0.08400 0.274656000000 
0.08450 0.268084000000 
0.08500 0.261512000000 
0.08550 0.255368000000 
0.08600 0.249386000000 
0.08650 0.243404000000 
0.08700 0.237522000000 
0.08750 0.232074000000 
0.08800 0.226628000000 
0.08850 0.221180000000 
0.08900 0.216038000000 
0.08950 0.211072000000 
0.09000 0.206106000000 
0.09050 0.201170000000 
0.09100 0.196640800000 
0.09150 0.192111000000 
0.09200 0.187581000000 
0.09250 0.183247400000 
0.09300 0.179112200000 
0.09350 0.174977000000 
0.09400 0.170841800000 
0.09450 0.167032600000 
0.09500 0.163255800000 
0.09550 0.159479200000 
0.09600 0.155802600000 
0.09650 0.152349400000 
0.09700 0.148896400000 
0.09750 0.145443400000 
0.09800 0.142196200000 
0.09850 0.139038400000 
0.09900 0.135880600000 
0.09950 0.132742800000 
0.10000 0.129852400000 
0.10050 0.126962200000 
0.10100 0.124071800000 
0.10150 0.121288800000 
0.10200 0.118641400000 
0.10250 0.115994200000 
0.10300 0.113346800000 
0.10350 0.110876200000 
0.10400 0.108450000000 
0.10450 0.106023800000 
0.10500 0.103627000000 
0.10550 0.101402200000 
0.10600 0.099177400000 
0.10650 0.096952600000 
0.10700 0.094816200000 
0.10750 0.092774800000 
0.10800 0.090733400000 
0.10850 0.088692000000 
0.10900 0.086786000000 
0.10950 0.084911800000 
0.11000 0.083037800000 
0.11050 0.081183200000 
0.11100 0.079461000000 
0.11150 0.077738800000 
0.11200 0.076016600000 
0.11250 0.074355800000 
0.11300 0.072773600000 
0.11350 0.071191600000 
0.11400 0.069609400000 
0.11450 0.068121000000 
0.11500 0.066665800000 
0.11550 0.065210400000 
0.11600 0.063758800000 
0.11650 0.062420000000 
0.11700 0.061081200000 
0.11750 0.059742600000 
0.11800 0.058437200000 
0.11850 0.057204600000 
0.11900 0.055972000000 
0.11950 0.054739400000 
0.12000 0.053565000000 
0.12050 0.052430600000 
0.12100 0.051296400000 
0.12150 0.050162200000 
0.12200 0.049104400000 
0.12250 0.048059200000 
0.12300 0.047014200000 
0.12350 0.045978600000 
0.12400 0.045015200000 
0.12450 0.044051800000 
0.12500 0.043088400000 
0.12550 0.042153000000 
0.12600 0.041265200000 
0.12650 0.040377400000 
0.12700 0.039489600000 
0.12750 0.038644400000 
0.12800 0.037826000000 
0.12850 0.037007600000 
0.12900 0.036189200000 
0.12950 0.035424800000 
0.13000 0.034669800000 
0.13050 0.033914800000 
0.13100 0.033164400000 
0.13150 0.032468200000 
0.13200 0.031772200000 
0.13250 0.031076000000 
0.13300 0.030395800000 
0.13350 0.029753400000 
0.13400 0.029111000000 
0.13450 0.028468600000 
0.13500 0.027851200000 
0.13550 0.027258400000 
0.13600 0.026665600000 
0.13650 0.026072600000 
0.13700 0.025512400000 
0.13750 0.024965600000 
0.13800 0.024418800000 
0.13850 0.023872000000 
0.13900 0.023363400000 
0.13950 0.022858600000 
0.14000 0.022354000000 
0.14050 0.021852800000 
0.14100 0.021387400000 
0.14150 0.020922000000 
0.14200 0.020456800000 
0.14250 0.020000800000 
0.14300 0.019571360000 
0.14350 0.019141940000 
0.14400 0.018712540000 
0.14450 0.018297280000 
0.14500 0.017901080000 
0.14550 0.017504900000 
0.14600 0.017108700000 
0.14650 0.016730360000 
0.14700 0.016364900000 
0.14750 0.015999440000 
0.14800 0.015633980000 
0.14850 0.015289400000 
0.14900 0.014952720000 
0.14950 0.014616020000 
0.15000 0.014279340000 
0.15050 0.013965240000 
0.15100 0.013654860000 
0.15150 0.013344460000 
0.15200 0.013034080000 
0.15250 0.012747600000 
0.15300 0.012461560000 
0.15350 0.012175540000 
0.15400 0.011891620000 
0.15450 0.011628440000 
0.15500 0.011365260000 
0.15550 0.011102080000 
0.15600 0.010842900000 
0.15650 0.010600600000 
0.15700 0.010358300000 
0.15750 0.010115980000 
0.15800 0.009878980000 
0.15850 0.009655740000 
0.15900 0.009432500000 
0.15950 0.009209260000 
0.16000 0.008992400000 
0.16050 0.008787360000 
0.16100 0.008582320000 
0.16150 0.008377280000 
0.16200 0.008179060000 
0.16250 0.007990620000 
0.16300 0.007802180000 
0.16350 0.007613740000 
0.16400 0.007432320000 
0.16450 0.007259260000 
0.16500 0.007086200000 
0.16550 0.006913120000 
0.16600 0.006747140000 
0.16650 0.006588540000 
0.16700 0.006429940000 
0.16750 0.006271340000 
0.16800 0.006119320000 
0.16850 0.005973660000 
0.16900 0.005828000000 
0.16950 0.005682340000 
0.17000 0.005543020000 
0.17050 0.005409760000 
0.17100 0.005276520000 
0.17150 0.005143260000 
0.17200 0.005015540000 
0.17250 0.004893360000 
0.17300 0.004771180000 
0.17350 0.004649000000 
0.17400 0.004531740000 
0.17450 0.004420000000 
0.17500 0.004308240000 
0.17550 0.004196500000 
0.17600 0.004089000000 
0.17650 0.003987060000 
0.17700 0.003885140000 
0.17750 0.003783200000 
0.17800 0.003684620000 
0.17850 0.003591580000 
0.17900 0.003498540000 
0.17950 0.003405500000 
0.18000 0.003314920000 
0.18050 0.003229900000 
0.18100 0.003144900000 
0.18150 0.003059880000 
0.18200 0.002976560000 
0.18250 0.002899140000 
0.18300 0.002821700000 
0.18350 0.002744260000 
0.18400 0.002667720000 
0.18450 0.002597400000 
0.18500 0.002527100000 
0.18550 0.002456780000 
0.18600 0.002386560000 
0.18650 0.002322520000 
0.18700 0.002258480000 
0.18750 0.002194440000 
0.18800 0.002130400000 
0.18850 0.002071740000 
0.18900 0.002013740000 
0.18950 0.001955740000 
0.19000 0.001897738000 
0.19050 0.001843746000 
0.19100 0.001791032000 
0.19150 0.001738320000 
0.19200 0.001685608000 
0.19250 0.001635958000 
0.19300 0.001588230000 
0.19350 0.001540500000 
0.19400 0.001492772000 
0.19450 0.001447158000 
0.19500 0.001404000000 
0.19550 0.001360842000 
0.19600 0.001317684000 
0.19650 0.001275802000 
0.19700 0.001236832000 
0.19750 0.001197864000 
0.19800 0.001158894000 
0.19850 0.001120470000 
0.19900 0.001085336000 
0.19950 0.001050202000 
0.20000 0.001015066000 
0.20050 0.000979932000 
0.20100 0.000948140000 
0.20150 0.000916422000 
0.20200 0.000884706000 
0.20250 0.000852988000 
0.20300 0.000823962000 
0.20350 0.000795550000 
0.20400 0.000767138000 
0.20450 0.000738726000 
0.20500 0.000712180000 
0.20550 0.000686618000 
0.20600 0.000661058000 
0.20650 0.000635496000 
0.20700 0.000611324000 
0.20750 0.000588524000 
0.20800 0.000565726000 
0.20850 0.000542926000 
0.20900 0.000520986000 
0.20950 0.000500562000 
0.21000 0.000480138000 
0.21050 0.000459714000 
0.21100 0.000439808000 
0.21150 0.000421564000 
0.21200 0.000403318000 
0.21250 0.000385074000 
0.21300 0.000367110000 
0.21350 0.000350986000 
0.21400 0.000334860000 
0.21450 0.000318734000 
0.21500 0.000302710000 
0.21550 0.000288406000 
0.21600 0.000274104000 
0.21650 0.000259800000 
0.21700 0.000245514000 
0.21750 0.000232992000 
0.21800 0.000220468000 
0.21850 0.000207944000 
0.21900 0.000195425000 
0.21950 0.000184440000 
0.22000 0.000173455000 
0.22050 0.000162469800 
0.22100 0.000151543800 
0.22150 0.000141991800 
0.22200 0.000132439800 
0.22250 0.000122887800 
0.22300 0.000113524600 
0.22350 0.000105388000 
0.22400 0.000097251200 
0.22450 0.000089114400 
0.22500 0.000081340000 
0.22550 0.000074461200 
0.22600 0.000067582400 
0.22650 0.000060703600 
0.22700 0.000054460600 
0.22750 0.000048818400 
0.22800 0.000043176200 
0.22850 0.000037534000 
0.22900 0.000032877800 
0.22950 0.000028435400 
0.23000 0.000023993000 
0.23050 0.000019812000 
0.23100 0.000016548880 
0.23150 0.000013285760 
0.23200 0.000010022660 
0.23250 0.000007657420 
0.23300 0.000005631620 
0.23350 0.000003605800 
