0.00000 307.254000000000 
0.00050 278.232000000000 
0.00100 249.210000000000 
0.00150 220.188000000000 
0.00200 191.167200000000 
0.00250 170.030400000000 
0.00300 151.246000000000 
0.00350 135.527000000000 
0.00400 122.643000000000 
0.00450 110.455600000000 
0.00500 101.261400000000 
0.00550 92.067200000000 
0.00600 84.783600000000 
0.00650 78.022800000000 
0.00700 71.787600000000 
0.00750 66.695800000000 
0.00800 61.603800000000 
0.00850 57.437400000000 
0.00900 53.525600000000 
0.00950 49.783600000000 
0.01000 46.727400000000 
0.01050 43.671400000000 
0.01100 40.972000000000 
0.01150 38.549800000000 
0.01200 36.127600000000 
0.01250 34.126600000000 
0.01300 32.182400000000 
0.01350 30.296000000000 
0.01400 28.718400000000 
0.01450 27.140800000000 
0.01500 25.675800000000 
0.01550 24.382800000000 
0.01600 23.090000000000 
0.01650 21.931400000000 
0.01700 20.862400000000 
0.01750 19.793580000000 
0.01800 18.862260000000 
0.01850 17.971640000000 
0.01900 17.081000000000 
0.01950 16.321400000000 
0.02000 15.574040000000 
0.02050 14.830200000000 
0.02100 14.199060000000 
0.02150 13.567900000000 
0.02200 12.948260000000 
0.02250 12.412180000000 
0.02300 11.876080000000 
0.02350 11.354780000000 
0.02400 10.897020000000 
0.02450 10.439260000000 
0.02500 9.996760000000 
0.02550 9.604020000000 
0.02600 9.211280000000 
0.02650 8.832680000000 
0.02700 8.494240000000 
0.02750 8.155800000000 
0.02800 7.829540000000 
0.02850 7.536720000000 
0.02900 7.243920000000 
0.02950 6.960960000000 
0.03000 6.706680000000 
0.03050 6.452420000000 
0.03100 6.205580000000 
0.03150 5.984040000000 
0.03200 5.762500000000 
0.03250 5.546040000000 
0.03300 5.352420000000 
0.03350 5.158800000000 
0.03400 4.968060000000 
0.03450 4.798360000000 
0.03500 4.628680000000 
0.03550 4.459860000000 
0.03600 4.310760000000 
0.03650 4.161640000000 
0.03700 4.012540000000 
0.03750 3.880300000000 
0.03800 3.748960000000 
0.03850 3.617620000000 
0.03900 3.499220000000 
0.03950 3.383280000000 
0.04000 3.267340000000 
0.04050 3.161000000000 
0.04100 3.058440000000 
0.04150 2.955880000000 
0.04200 2.860080000000 
0.04250 2.769180000000 
0.04300 2.678280000000 
0.04350 2.591740000000 
0.04400 2.511040000000 
0.04450 2.430340000000 
0.04500 2.351960000000 
0.04550 2.280180000000 
0.04600 2.208400000000 
0.04650 2.137260000000 
0.04700 2.073340000000 
0.04750 2.009400000000 
0.04800 1.945474000000 
0.04850 1.887646000000 
0.04900 1.830624000000 
0.04950 1.773602000000 
0.05000 1.720672000000 
0.05050 1.669742000000 
0.05100 1.618812000000 
0.05150 1.570278000000 
0.05200 1.524734000000 
0.05250 1.479190000000 
0.05300 1.434614000000 
0.05350 1.393834000000 
0.05400 1.353054000000 
0.05450 1.312274000000 
0.05500 1.275496000000 
0.05550 1.238942000000 
0.05600 1.202388000000 
0.05650 1.168366000000 
0.05700 1.135564000000 
0.05750 1.102764000000 
0.05800 1.071254000000 
0.05850 1.041792000000 
0.05900 1.012328000000 
0.05950 0.983116000000 
0.06000 0.956624000000 
0.06050 0.930132000000 
0.06100 0.903640000000 
0.06150 0.879176000000 
0.06200 0.855332000000 
0.06250 0.831486000000 
0.06300 0.808666000000 
0.06350 0.787188000000 
0.06400 0.765710000000 
0.06450 0.744408000000 
0.06500 0.725040000000 
0.06550 0.705674000000 
0.06600 0.686306000000 
0.06650 0.668300000000 
0.06700 0.650824000000 
0.06750 0.633346000000 
0.06800 0.616444000000 
0.06850 0.600660000000 
0.06900 0.584874000000 
0.06950 0.569088000000 
0.07000 0.554736000000 
0.07050 0.540466000000 
0.07100 0.526196000000 
0.07150 0.512654000000 
0.07200 0.499746000000 
0.07250 0.486836000000 
0.07300 0.474062000000 
0.07350 0.462374000000 
0.07400 0.450688000000 
0.07450 0.439000000000 
0.07500 0.428046000000 
0.07550 0.417456000000 
0.07600 0.406866000000 
0.07650 0.396488000000 
0.07700 0.386884000000 
0.07750 0.377280000000 
0.07800 0.367676000000 
0.07850 0.358734000000 
0.07900 0.350018000000 
0.07950 0.341304000000 
0.08000 0.332798000000 
0.08050 0.324882000000 
0.08100 0.316966000000 
0.08150 0.309052000000 
0.08200 0.301686000000 
0.08250 0.294492000000 
0.08300 0.287296000000 
0.08350 0.280266000000 
0.08400 0.273722000000 
0.08450 0.267178000000 
0.08500 0.260634000000 
0.08550 0.254516000000 
0.08600 0.248558000000 
0.08650 0.242602000000 
0.08700 0.236744000000 
0.08750 0.231320000000 
0.08800 0.225894000000 
0.08850 0.220468000000 
0.08900 0.215348000000 
0.08950 0.210402000000 
0.09000 0.205454000000 
0.09050 0.200540000000 
0.09100 0.196027600000 
0.09150 0.191515400000 
0.09200 0.187003400000 
0.09250 0.182686400000 
0.09300 0.178567200000 
0.09350 0.174448000000 
0.09400 0.170328600000 
0.09450 0.166533600000 
0.09500 0.162771200000 
0.09550 0.159008800000 
0.09600 0.155345800000 
0.09650 0.151905600000 
0.09700 0.148465200000 
0.09750 0.145024800000 
0.09800 0.141789600000 
0.09850 0.138643200000 
0.09900 0.135496800000 
0.09950 0.132370200000 
0.10000 0.129490200000 
0.10050 0.126610000000 
0.10100 0.123729800000 
0.10150 0.120956600000 
0.10200 0.118318400000 
0.10250 0.115680400000 
0.10300 0.113042200000 
0.10350 0.110580000000 
0.10400 0.108162000000 
0.10450 0.105744000000 
0.10500 0.103355400000 
0.10550 0.101137800000 
0.10600 0.098920400000 
0.10650 0.096703000000 
0.10700 0.094573600000 
0.10750 0.092538800000 
0.10800 0.090504000000 
0.10850 0.088469200000 
0.10900 0.086569400000 
0.10950 0.084701200000 
0.11000 0.082833000000 
0.11050 0.080984400000 
0.11100 0.079267600000 
0.11150 0.077550800000 
0.11200 0.075834000000 
0.11250 0.074178200000 
0.11300 0.072601000000 
0.11350 0.071023600000 
0.11400 0.069446400000 
0.11450 0.067962400000 
0.11500 0.066511400000 
0.11550 0.065060400000 
0.11600 0.063613000000 
0.11650 0.062278200000 
0.11700 0.060943400000 
0.11750 0.059608600000 
0.11800 0.058307000000 
0.11850 0.057078000000 
0.11900 0.055848800000 
0.11950 0.054619800000 
0.12000 0.053448600000 
0.12050 0.052317400000 
0.12100 0.051186400000 
0.12150 0.050055200000 
0.12200 0.049000400000 
0.12250 0.047958000000 
0.12300 0.046915800000 
0.12350 0.045883000000 
0.12400 0.044922200000 
0.12450 0.043961400000 
0.12500 0.043000600000 
0.12550 0.042067600000 
0.12600 0.041182000000 
0.12650 0.040296600000 
0.12700 0.039411000000 
0.12750 0.038568000000 
0.12800 0.037751800000 
0.12850 0.036935400000 
0.12900 0.036119200000 
0.12950 0.035356600000 
0.13000 0.034603400000 
0.13050 0.033850400000 
0.13100 0.033101800000 
0.13150 0.032407400000 
0.13200 0.031713000000 
0.13250 0.031018400000 
0.13300 0.030339800000 
0.13350 0.029699000000 
0.13400 0.029058200000 
0.13450 0.028417200000 
0.13500 0.027801400000 
0.13550 0.027209800000 
0.13600 0.026618400000 
0.13650 0.026026800000 
0.13700 0.025467800000 
0.13750 0.024922400000 
0.13800 0.024376800000 
0.13850 0.023831200000 
0.13900 0.023323600000 
0.13950 0.022820000000 
0.14000 0.022316400000 
0.14050 0.021816400000 
0.14100 0.021352000000 
0.14150 0.020887600000 
0.14200 0.020423200000 
0.14250 0.019968280000 
0.14300 0.019539780000 
0.14350 0.019111260000 
0.14400 0.018682740000 
0.14450 0.018268340000 
0.14500 0.017872940000 
0.14550 0.017477560000 
0.14600 0.017082180000 
0.14650 0.016704600000 
0.14700 0.016339860000 
0.14750 0.015975120000 
0.14800 0.015610380000 
0.14850 0.015266460000 
0.14900 0.014930420000 
0.14950 0.014594380000 
0.15000 0.014258340000 
0.15050 0.013944840000 
0.15100 0.013635040000 
0.15150 0.013325240000 
0.15200 0.013015420000 
0.15250 0.012729480000 
0.15300 0.012443960000 
0.15350 0.012158460000 
0.15400 0.011875060000 
0.15450 0.011612340000 
0.15500 0.011349640000 
0.15550 0.011086920000 
0.15600 0.010828200000 
0.15650 0.010586320000 
0.15700 0.010344440000 
0.15750 0.010102540000 
0.15800 0.009865940000 
0.15850 0.009643080000 
0.15900 0.009420220000 
0.15950 0.009197340000 
0.16000 0.008980860000 
0.16050 0.008776160000 
0.16100 0.008571440000 
0.16150 0.008366740000 
0.16200 0.008168840000 
0.16250 0.007980700000 
0.16300 0.007792560000 
0.16350 0.007604420000 
0.16400 0.007423300000 
0.16450 0.007250500000 
0.16500 0.007077700000 
0.16550 0.006904900000 
0.16600 0.006739160000 
0.16650 0.006580800000 
0.16700 0.006422440000 
0.16750 0.006264080000 
0.16800 0.006112280000 
0.16850 0.005966820000 
0.16900 0.005821380000 
0.16950 0.005675940000 
0.17000 0.005536820000 
0.17050 0.005403760000 
0.17100 0.005270700000 
0.17150 0.005137640000 
0.17200 0.005010100000 
0.17250 0.004888080000 
0.17300 0.004766060000 
0.17350 0.004644040000 
0.17400 0.004526960000 
0.17450 0.004415360000 
0.17500 0.004303760000 
0.17550 0.004192140000 
0.17600 0.004084800000 
0.17650 0.003983000000 
0.17700 0.003881200000 
0.17750 0.003779400000 
0.17800 0.003680940000 
0.17850 0.003588020000 
0.17900 0.003495100000 
0.17950 0.003402160000 
0.18000 0.003311700000 
0.18050 0.003226800000 
0.18100 0.003141880000 
0.18150 0.003056980000 
0.18200 0.002973760000 
0.18250 0.002896420000 
0.18300 0.002819060000 
0.18350 0.002741720000 
0.18400 0.002665280000 
0.18450 0.002595040000 
0.18500 0.002524820000 
0.18550 0.002454580000 
0.18600 0.002384440000 
0.18650 0.002320480000 
0.18700 0.002256500000 
0.18750 0.002192520000 
0.18800 0.002128560000 
0.18850 0.002069960000 
0.18900 0.002012020000 
0.18950 0.001954086000 
0.19000 0.001896146000 
0.19050 0.001842210000 
0.19100 0.001789552000 
0.19150 0.001736894000 
0.19200 0.001684234000 
0.19250 0.001634636000 
0.19300 0.001586954000 
0.19350 0.001539272000 
0.19400 0.001491592000 
0.19450 0.001446022000 
0.19500 0.001402906000 
0.19550 0.001359790000 
0.19600 0.001316672000 
0.19650 0.001274830000 
0.19700 0.001235898000 
0.19750 0.001196964000 
0.19800 0.001158032000 
0.19850 0.001119642000 
0.19900 0.001084540000 
0.19950 0.001049438000 
0.20000 0.001014334000 
0.20050 0.000979232000 
0.20100 0.000947466000 
0.20150 0.000915776000 
0.20200 0.000884086000 
0.20250 0.000852396000 
0.20300 0.000823394000 
0.20350 0.000795006000 
0.20400 0.000766618000 
0.20450 0.000738230000 
0.20500 0.000711706000 
0.20550 0.000686164000 
0.20600 0.000660624000 
0.20650 0.000635082000 
0.20700 0.000610928000 
0.20750 0.000588148000 
0.20800 0.000565366000 
0.20850 0.000542584000 
0.20900 0.000520662000 
0.20950 0.000500252000 
0.21000 0.000479844000 
0.21050 0.000459434000 
0.21100 0.000439542000 
0.21150 0.000421310000 
0.21200 0.000403078000 
0.21250 0.000384846000 
0.21300 0.000366896000 
0.21350 0.000350782000 
0.21400 0.000334668000 
0.21450 0.000318554000 
0.21500 0.000302540000 
0.21550 0.000288246000 
0.21600 0.000273952000 
0.21650 0.000259658000 
0.21700 0.000245382000 
0.21750 0.000232866000 
0.21800 0.000220350000 
0.21850 0.000207834000 
0.21900 0.000195322600 
0.21950 0.000184344000 
0.22000 0.000173365400 
0.22050 0.000162387000 
0.22100 0.000151467200 
0.22150 0.000141920600 
0.22200 0.000132374000 
0.22250 0.000122827400 
0.22300 0.000113469600 
0.22350 0.000105337200 
0.22400 0.000097204800 
0.22450 0.000089072200 
0.22500 0.000081302000 
0.22550 0.000074426600 
0.22600 0.000067551400 
0.22650 0.000060676000 
0.22700 0.000054436000 
0.22750 0.000048796600 
0.22800 0.000043157200 
0.22850 0.000037517800 
0.22900 0.000032863600 
0.22950 0.000028423200 
0.23000 0.000023983000 
0.23050 0.000019803780 
0.23100 0.000016542060 
0.23150 0.000013280340 
0.23200 0.000010018640 
0.23250 0.000007654380 
0.23300 0.000005629380 
0.23350 0.000003604400 
