0.00000 144.466600000000 
0.00050 124.655800000000 
0.00100 104.845000000000 
0.00150 85.034200000000 
0.00200 65.223400000000 
0.00250 52.542800000000 
0.00300 41.989400000000 
0.00350 33.857000000000 
0.00400 27.963400000000 
0.00450 22.535600000000 
0.00500 19.108020000000 
0.00550 15.680440000000 
0.00600 13.324620000000 
0.00650 11.262080000000 
0.00700 9.446820000000 
0.00750 8.169320000000 
0.00800 6.891800000000 
0.00850 5.980080000000 
0.00900 5.168940000000 
0.00950 4.414380000000 
0.01000 3.888140000000 
0.01050 3.361900000000 
0.01100 2.935980000000 
0.01150 2.588060000000 
0.01200 2.240140000000 
0.01250 1.992652000000 
0.01300 1.758740000000 
0.01350 1.536530000000 
0.01400 1.376902000000 
0.01450 1.217274000000 
0.01500 1.077144000000 
0.01550 0.966740000000 
0.01600 0.856334000000 
0.01650 0.765796000000 
0.01700 0.688506000000 
0.01750 0.611216000000 
0.01800 0.551358000000 
0.01850 0.496654000000 
0.01900 0.441950000000 
0.01950 0.401510000000 
0.02000 0.362402000000 
0.02050 0.323624000000 
0.02100 0.295412000000 
0.02150 0.267198000000 
0.02200 0.239914000000 
0.02250 0.219388000000 
0.02300 0.198862600000 
0.02350 0.179370200000 
0.02400 0.164322000000 
0.02450 0.149273800000 
0.02500 0.135149600000 
0.02550 0.124038600000 
0.02600 0.112927600000 
0.02650 0.102559800000 
0.02700 0.094301800000 
0.02750 0.086043600000 
0.02800 0.078342000000 
0.02850 0.072167000000 
0.02900 0.065991800000 
0.02950 0.060208200000 
0.03000 0.055564400000 
0.03050 0.050920600000 
0.03100 0.046534000000 
0.03150 0.043023400000 
0.03200 0.039512800000 
0.03250 0.036155000000 
0.03300 0.033488000000 
0.03350 0.030821000000 
0.03400 0.028229400000 
0.03450 0.026194000000 
0.03500 0.024158400000 
0.03550 0.022143000000 
0.03600 0.020582800000 
0.03650 0.019022480000 
0.03700 0.017462240000 
0.03750 0.016243320000 
0.03800 0.015042540000 
0.03850 0.013841740000 
0.03900 0.012870840000 
0.03950 0.011943160000 
0.04000 0.011015480000 
0.04050 0.010237660000 
0.04100 0.009518380000 
0.04150 0.008799120000 
0.04200 0.008172700000 
0.04250 0.007613120000 
0.04300 0.007053560000 
0.04350 0.006546680000 
0.04400 0.006109940000 
0.04450 0.005673200000 
0.04500 0.005261280000 
0.04550 0.004919380000 
0.04600 0.004577460000 
0.04650 0.004241420000 
0.04700 0.003972960000 
0.04750 0.003704500000 
0.04800 0.003436020000 
0.04850 0.003218000000 
0.04900 0.003006620000 
0.04950 0.002795240000 
0.05000 0.002613760000 
0.05050 0.002446900000 
0.05100 0.002280020000 
0.05150 0.002128640000 
0.05200 0.001996572000 
0.05250 0.001864504000 
0.05300 0.001737982000 
0.05350 0.001633196000 
0.05400 0.001528412000 
0.05450 0.001423628000 
0.05500 0.001339148000 
0.05550 0.001255816000 
0.05600 0.001172482000 
0.05650 0.001100556000 
0.05700 0.001034132000 
0.05750 0.000967708000 
0.05800 0.000906458000 
0.05850 0.000853396000 
0.05900 0.000800332000 
0.05950 0.000748166000 
0.06000 0.000705686000 
0.06050 0.000663206000 
0.06100 0.000620726000 
0.06150 0.000584688000 
0.06200 0.000550610000 
0.06250 0.000516532000 
0.06300 0.000485350000 
0.06350 0.000457956000 
0.06400 0.000430564000 
0.06450 0.000403618000 
0.06500 0.000381556000 
0.06550 0.000359494000 
0.06600 0.000337430000 
0.06650 0.000318434000 
0.06700 0.000300630000 
0.06750 0.000282826000 
0.06800 0.000266182000 
0.06850 0.000251788000 
0.06900 0.000237394000 
0.06950 0.000222998000 
0.07000 0.000211190000 
0.07050 0.000199532000 
0.07100 0.000187873000 
0.07150 0.000177391000 
0.07200 0.000167930800 
0.07250 0.000158470400 
0.07300 0.000149205000 
0.07350 0.000141515000 
0.07400 0.000133825000 
0.07450 0.000126135000 
0.07500 0.000119402200 
0.07550 0.000113140400 
0.07600 0.000106878600 
0.07650 0.000100865400 
0.07700 0.000095758000 
0.07750 0.000090650600 
0.07800 0.000085543000 
0.07850 0.000081132600 
0.07900 0.000076959600 
0.07950 0.000072786800 
0.08000 0.000068812400 
0.08050 0.000065397400 
0.08100 0.000061982400 
0.08150 0.000058567400 
0.08200 0.000055623000 
0.08250 0.000052823600 
0.08300 0.000050024200 
0.08350 0.000047351600 
0.08400 0.000045053200 
0.08450 0.000042755000 
0.08500 0.000040456600 
0.08550 0.000038455400 
0.08600 0.000036565600 
0.08650 0.000034675600 
0.08700 0.000032848800 
0.08750 0.000031292400 
0.08800 0.000029735800 
0.08850 0.000028179400 
0.08900 0.000026796800 
0.08950 0.000025512800 
0.09000 0.000024229000 
0.09050 0.000022961600 
0.09100 0.000021901200 
0.09150 0.000020840600 
0.09200 0.000019780060 
0.09250 0.000018810580 
0.09300 0.000017933220 
0.09350 0.000017055860 
0.09400 0.000016178500 
0.09450 0.000015437880 
0.09500 0.000014711020 
0.09550 0.000013984140 
0.09600 0.000013295480 
0.09650 0.000012692420 
0.09700 0.000012089360 
0.09750 0.000011486300 
0.09800 0.000010954380 
0.09850 0.000010453340 
0.09900 0.000009952300 
0.09950 0.000009457580 
0.10000 0.000009040740 
0.10050 0.000008623900 
0.10100 0.000008207060 
0.10150 0.000007820960 
0.10200 0.000007473700 
0.10250 0.000007126440 
0.10300 0.000006779180 
0.10350 0.000006477900 
0.10400 0.000006188220 
0.10450 0.000005898540 
0.10500 0.000005615800 
0.10550 0.000005373840 
0.10600 0.000005131900 
0.10650 0.000004889940 
0.10700 0.000004667080 
0.10750 0.000004464740 
0.10800 0.000004262380 
0.10850 0.000004060040 
0.10900 0.000003884340 
0.10950 0.000003714900 
0.11000 0.000003545480 
0.11050 0.000003379560 
0.11100 0.000003237500 
0.11150 0.000003095460 
0.11200 0.000002953420 
0.11250 0.000002821360 
0.11300 0.000002702140 
0.11350 0.000002582920 
0.11400 0.000002463680 
0.11450 0.000002358540 
0.11500 0.000002258340 
0.11550 0.000002158160 
0.11600 0.000002058480 
0.11650 0.000001974204 
0.11700 0.000001889928 
0.11750 0.000001805652 
0.11800 0.000001725570 
0.11850 0.000001654598 
0.11900 0.000001583626 
0.11950 0.000001512654 
0.12000 0.000001448270 
0.12050 0.000001388442 
0.12100 0.000001328612 
0.12150 0.000001268784 
0.12200 0.000001216978 
0.12250 0.000001166492 
0.12300 0.000001116006 
0.12350 0.000001066448 
0.12400 0.000001023802 
0.12450 0.000000981158 
0.12500 0.000000938514 
0.12550 0.000000898306 
0.12600 0.000000862252 
0.12650 0.000000826198 
0.12700 0.000000790144 
0.12750 0.000000757492 
0.12800 0.000000726982 
0.12850 0.000000696474 
0.12900 0.000000665964 
0.12950 0.000000639420 
0.13000 0.000000613578 
0.13050 0.000000587738 
0.13100 0.000000562200 
0.13150 0.000000540296 
0.13200 0.000000518392 
0.13250 0.000000496490 
0.13300 0.000000475568 
0.13350 0.000000456988 
0.13400 0.000000438406 
0.13450 0.000000419826 
0.13500 0.000000402666 
0.13550 0.000000386890 
0.13600 0.000000371116 
0.13650 0.000000355340 
0.13700 0.000000341248 
0.13750 0.000000327846 
0.13800 0.000000314446 
0.13850 0.000000301044 
0.13900 0.000000289454 
0.13950 0.000000278062 
0.14000 0.000000266668 
0.14050 0.000000255422 
0.14100 0.000000245730 
0.14150 0.000000236038 
0.14200 0.000000226348 
0.14250 0.000000217032 
0.14300 0.000000208782 
0.14350 0.000000200534 
0.14400 0.000000192285 
0.14450 0.000000184557 
0.14500 0.000000177531 
0.14550 0.000000170505 
0.14600 0.000000163480 
0.14650 0.000000157058 
0.14700 0.000000151071 
0.14750 0.000000145084 
0.14800 0.000000139098 
0.14850 0.000000133752 
0.14900 0.000000128649 
0.14950 0.000000123545 
0.15000 0.000000118442 
0.15050 0.000000113984 
0.15100 0.000000109631 
0.15150 0.000000105278 
0.15200 0.000000100925 
0.15250 0.000000097200 
0.15300 0.000000093486 
0.15350 0.000000089772 
0.15400 0.000000086108 
0.15450 0.000000082938 
0.15500 0.000000079768 
0.15550 0.000000076599 
0.15600 0.000000073517 
0.15650 0.000000070811 
0.15700 0.000000068104 
0.15750 0.000000065397 
0.15800 0.000000062800 
0.15850 0.000000060488 
0.15900 0.000000058176 
0.15950 0.000000055863 
0.16000 0.000000053670 
0.16050 0.000000051694 
0.16100 0.000000049719 
0.16150 0.000000047744 
0.16200 0.000000045887 
0.16250 0.000000044199 
0.16300 0.000000042511 
0.16350 0.000000040823 
0.16400 0.000000039247 
0.16450 0.000000037804 
0.16500 0.000000036361 
0.16550 0.000000034918 
0.16600 0.000000033578 
0.16650 0.000000032345 
0.16700 0.000000031112 
0.16750 0.000000029878 
0.16800 0.000000028736 
0.16850 0.000000027681 
0.16900 0.000000026626 
0.16950 0.000000025571 
0.17000 0.000000024595 
0.17050 0.000000023693 
0.17100 0.000000022791 
0.17150 0.000000021890 
0.17200 0.000000021053 
0.17250 0.000000020281 
0.17300 0.000000019510 
0.17350 0.000000018738 
0.17400 0.000000018020 
0.17450 0.000000017360 
0.17500 0.000000016700 
0.17550 0.000000016040 
0.17600 0.000000015422 
0.17650 0.000000014858 
0.17700 0.000000014293 
0.17750 0.000000013729 
0.17800 0.000000013196 
0.17850 0.000000012713 
0.17900 0.000000012231 
0.17950 0.000000011748 
0.18000 0.000000011287 
0.18050 0.000000010874 
0.18100 0.000000010461 
0.18150 0.000000010048 
0.18200 0.000000009648 
0.18250 0.000000009295 
0.18300 0.000000008942 
0.18350 0.000000008588 
0.18400 0.000000008242 
0.18450 0.000000007940 
0.18500 0.000000007638 
0.18550 0.000000007336 
0.18600 0.000000007034 
0.18650 0.000000006776 
0.18700 0.000000006518 
0.18750 0.000000006259 
0.18800 0.000000006001 
0.18850 0.000000005776 
0.18900 0.000000005555 
0.18950 0.000000005335 
0.19000 0.000000005114 
0.19050 0.000000004917 
0.19100 0.000000004728 
0.19150 0.000000004539 
0.19200 0.000000004351 
0.19250 0.000000004179 
0.19300 0.000000004017 
0.19350 0.000000003856 
0.19400 0.000000003694 
0.19450 0.000000003544 
0.19500 0.000000003406 
0.19550 0.000000003268 
0.19600 0.000000003130 
0.19650 0.000000002998 
0.19700 0.000000002880 
0.19750 0.000000002763 
0.19800 0.000000002645 
0.19850 0.000000002530 
0.19900 0.000000002429 
0.19950 0.000000002328 
0.20000 0.000000002228 
0.20050 0.000000002127 
0.20100 0.000000002041 
0.20150 0.000000001955 
0.20200 0.000000001869 
0.20250 0.000000001783 
0.20300 0.000000001708 
0.20350 0.000000001635 
0.20400 0.000000001562 
0.20450 0.000000001489 
0.20500 0.000000001423 
0.20550 0.000000001360 
0.20600 0.000000001298 
0.20650 0.000000001235 
0.20700 0.000000001178 
0.20750 0.000000001125 
0.20800 0.000000001072 
0.20850 0.000000001019 
0.20900 0.000000000969 
0.20950 0.000000000924 
0.21000 0.000000000879 
0.21050 0.000000000834 
0.21100 0.000000000790 
0.21150 0.000000000752 
0.21200 0.000000000714 
0.21250 0.000000000675 
0.21300 0.000000000638 
0.21350 0.000000000605 
0.21400 0.000000000573 
0.21450 0.000000000541 
0.21500 0.000000000509 
0.21550 0.000000000481 
0.21600 0.000000000454 
0.21650 0.000000000427 
0.21700 0.000000000400 
0.21750 0.000000000377 
0.21800 0.000000000354 
0.21850 0.000000000331 
0.21900 0.000000000308 
0.21950 0.000000000289 
0.22000 0.000000000270 
0.22050 0.000000000251 
0.22100 0.000000000232 
0.22150 0.000000000216 
0.22200 0.000000000200 
0.22250 0.000000000184 
0.22300 0.000000000168 
0.22350 0.000000000155 
0.22400 0.000000000142 
0.22450 0.000000000129 
0.22500 0.000000000117 
0.22550 0.000000000107 
0.22600 0.000000000096 
0.22650 0.000000000086 
0.22700 0.000000000076 
0.22750 0.000000000068 
0.22800 0.000000000060 
0.22850 0.000000000051 
0.22900 0.000000000045 
0.22950 0.000000000038 
0.23000 0.000000000032 
0.23050 0.000000000026 
0.23100 0.000000000022 
0.23150 0.000000000017 
0.23200 0.000000000013 
0.23250 0.000000000010 
0.23300 0.000000000007 
0.23350 0.000000000005 
