0.00000 303.724000000000 
0.00050 275.052000000000 
0.00100 246.380000000000 
0.00150 217.708000000000 
0.00200 189.035600000000 
0.00250 168.152600000000 
0.00300 149.593600000000 
0.00350 134.062200000000 
0.00400 121.330600000000 
0.00450 109.287000000000 
0.00500 100.200000000000 
0.00550 91.112800000000 
0.00600 83.912800000000 
0.00650 77.229400000000 
0.00700 71.065400000000 
0.00750 66.030400000000 
0.00800 60.995600000000 
0.00850 56.875400000000 
0.00900 53.006600000000 
0.00950 49.305800000000 
0.01000 46.282600000000 
0.01050 43.259600000000 
0.01100 40.589000000000 
0.01150 38.192400000000 
0.01200 35.795800000000 
0.01250 33.815600000000 
0.01300 31.891800000000 
0.01350 30.025000000000 
0.01400 28.463200000000 
0.01450 26.901600000000 
0.01500 25.451600000000 
0.01550 24.171600000000 
0.01600 22.891600000000 
0.01650 21.744400000000 
0.01700 20.686000000000 
0.01750 19.627580000000 
0.01800 18.705240000000 
0.01850 17.823180000000 
0.01900 16.941100000000 
0.01950 16.188660000000 
0.02000 15.448340000000 
0.02050 14.711500000000 
0.02100 14.086200000000 
0.02150 13.460880000000 
0.02200 12.846960000000 
0.02250 12.315720000000 
0.02300 11.784480000000 
0.02350 11.267880000000 
0.02400 10.814200000000 
0.02450 10.360500000000 
0.02500 9.921920000000 
0.02550 9.532620000000 
0.02600 9.143300000000 
0.02650 8.767980000000 
0.02700 8.432440000000 
0.02750 8.096880000000 
0.02800 7.773420000000 
0.02850 7.483060000000 
0.02900 7.192700000000 
0.02950 6.912100000000 
0.03000 6.659940000000 
0.03050 6.407760000000 
0.03100 6.162940000000 
0.03150 5.943200000000 
0.03200 5.723440000000 
0.03250 5.508720000000 
0.03300 5.316640000000 
0.03350 5.124560000000 
0.03400 4.935320000000 
0.03450 4.766960000000 
0.03500 4.598580000000 
0.03550 4.431080000000 
0.03600 4.283100000000 
0.03650 4.135120000000 
0.03700 3.987160000000 
0.03750 3.855920000000 
0.03800 3.725560000000 
0.03850 3.595200000000 
0.03900 3.477680000000 
0.03950 3.362580000000 
0.04000 3.247480000000 
0.04050 3.141920000000 
0.04100 3.040100000000 
0.04150 2.938280000000 
0.04200 2.843180000000 
0.04250 2.752900000000 
0.04300 2.662640000000 
0.04350 2.576720000000 
0.04400 2.496580000000 
0.04450 2.416420000000 
0.04500 2.338600000000 
0.04550 2.267300000000 
0.04600 2.196020000000 
0.04650 2.125360000000 
0.04700 2.061840000000 
0.04750 1.998348000000 
0.04800 1.934844000000 
0.04850 1.877396000000 
0.04900 1.820746000000 
0.04950 1.764098000000 
0.05000 1.711508000000 
0.05050 1.660906000000 
0.05100 1.610302000000 
0.05150 1.562078000000 
0.05200 1.516820000000 
0.05250 1.471562000000 
0.05300 1.427266000000 
0.05350 1.386738000000 
0.05400 1.346212000000 
0.05450 1.305684000000 
0.05500 1.269128000000 
0.05550 1.232796000000 
0.05600 1.196464000000 
0.05650 1.162644000000 
0.05700 1.130038000000 
0.05750 1.097432000000 
0.05800 1.066108000000 
0.05850 1.036818000000 
0.05900 1.007526000000 
0.05950 0.978484000000 
0.06000 0.952142000000 
0.06050 0.925802000000 
0.06100 0.899462000000 
0.06150 0.875136000000 
0.06200 0.851426000000 
0.06250 0.827714000000 
0.06300 0.805022000000 
0.06350 0.783660000000 
0.06400 0.762300000000 
0.06450 0.741116000000 
0.06500 0.721854000000 
0.06550 0.702590000000 
0.06600 0.683328000000 
0.06650 0.665418000000 
0.06700 0.648032000000 
0.06750 0.630648000000 
0.06800 0.613836000000 
0.06850 0.598132000000 
0.06900 0.582428000000 
0.06950 0.566724000000 
0.07000 0.552446000000 
0.07050 0.538248000000 
0.07100 0.524050000000 
0.07150 0.510578000000 
0.07200 0.497734000000 
0.07250 0.484888000000 
0.07300 0.472178000000 
0.07350 0.460548000000 
0.07400 0.448918000000 
0.07450 0.437286000000 
0.07500 0.426386000000 
0.07550 0.415846000000 
0.07600 0.405308000000 
0.07650 0.394978000000 
0.07700 0.385420000000 
0.07750 0.375862000000 
0.07800 0.366302000000 
0.07850 0.357402000000 
0.07900 0.348728000000 
0.07950 0.340052000000 
0.08000 0.331586000000 
0.08050 0.323706000000 
0.08100 0.315826000000 
0.08150 0.307946000000 
0.08200 0.300614000000 
0.08250 0.293452000000 
0.08300 0.286288000000 
0.08350 0.279288000000 
0.08400 0.272772000000 
0.08450 0.266256000000 
0.08500 0.259742000000 
0.08550 0.253650000000 
0.08600 0.247718000000 
0.08650 0.241786000000 
0.08700 0.235954000000 
0.08750 0.230552000000 
0.08800 0.225148000000 
0.08850 0.219746000000 
0.08900 0.214648000000 
0.08950 0.209720000000 
0.09000 0.204794000000 
0.09050 0.199898800000 
0.09100 0.195404800000 
0.09150 0.190910800000 
0.09200 0.186416600000 
0.09250 0.182117000000 
0.09300 0.178013800000 
0.09350 0.173910800000 
0.09400 0.169807600000 
0.09450 0.166027200000 
0.09500 0.162279200000 
0.09550 0.158531400000 
0.09600 0.154882400000 
0.09650 0.151455000000 
0.09700 0.148027600000 
0.09750 0.144600200000 
0.09800 0.141376800000 
0.09850 0.138242000000 
0.09900 0.135107200000 
0.09950 0.131992400000 
0.10000 0.129122600000 
0.10050 0.126252800000 
0.10100 0.123383000000 
0.10150 0.120619800000 
0.10200 0.117991000000 
0.10250 0.115362200000 
0.10300 0.112733400000 
0.10350 0.110279600000 
0.10400 0.107870000000 
0.10450 0.105460400000 
0.10500 0.103080000000 
0.10550 0.100870000000 
0.10600 0.098660000000 
0.10650 0.096450200000 
0.10700 0.094328000000 
0.10750 0.092299800000 
0.10800 0.090271800000 
0.10850 0.088243800000 
0.10900 0.086350200000 
0.10950 0.084488000000 
0.11000 0.082626000000 
0.11050 0.080783200000 
0.11100 0.079071800000 
0.11150 0.077360400000 
0.11200 0.075649000000 
0.11250 0.073998600000 
0.11300 0.072426200000 
0.11350 0.070853800000 
0.11400 0.069281400000 
0.11450 0.067802000000 
0.11500 0.066355400000 
0.11550 0.064908800000 
0.11600 0.063465800000 
0.11650 0.062135000000 
0.11700 0.060804000000 
0.11750 0.059473200000 
0.11800 0.058175400000 
0.11850 0.056950000000 
0.11900 0.055724400000 
0.11950 0.054498800000 
0.12000 0.053331000000 
0.12050 0.052203200000 
0.12100 0.051075200000 
0.12150 0.049947400000 
0.12200 0.048895400000 
0.12250 0.047856000000 
0.12300 0.046816600000 
0.12350 0.045786800000 
0.12400 0.044828400000 
0.12450 0.043870200000 
0.12500 0.042912000000 
0.12550 0.041981400000 
0.12600 0.041098400000 
0.12650 0.040215200000 
0.12700 0.039332000000 
0.12750 0.038491200000 
0.12800 0.037677000000 
0.12850 0.036862800000 
0.12900 0.036048600000 
0.12950 0.035288000000 
0.13000 0.034536800000 
0.13050 0.033785600000 
0.13100 0.033038800000 
0.13150 0.032346000000 
0.13200 0.031653400000 
0.13250 0.030960600000 
0.13300 0.030283600000 
0.13350 0.029644400000 
0.13400 0.029005000000 
0.13450 0.028365600000 
0.13500 0.027751200000 
0.13550 0.027161000000 
0.13600 0.026571000000 
0.13650 0.025980800000 
0.13700 0.025423200000 
0.13750 0.024878800000 
0.13800 0.024334600000 
0.13850 0.023790200000 
0.13900 0.023283800000 
0.13950 0.022781200000 
0.14000 0.022278800000 
0.14050 0.021779800000 
0.14100 0.021316400000 
0.14150 0.020853200000 
0.14200 0.020389800000 
0.14250 0.019935760000 
0.14300 0.019508140000 
0.14350 0.019080520000 
0.14400 0.018652920000 
0.14450 0.018239380000 
0.14500 0.017844800000 
0.14550 0.017450220000 
0.14600 0.017055640000 
0.14650 0.016678820000 
0.14700 0.016314820000 
0.14750 0.015950800000 
0.14800 0.015586800000 
0.14850 0.015243560000 
0.14900 0.014908180000 
0.14950 0.014572780000 
0.15000 0.014237400000 
0.15050 0.013924500000 
0.15100 0.013615280000 
0.15150 0.013306060000 
0.15200 0.012996840000 
0.15250 0.012711420000 
0.15300 0.012426420000 
0.15350 0.012141440000 
0.15400 0.011858560000 
0.15450 0.011596320000 
0.15500 0.011334080000 
0.15550 0.011071840000 
0.15600 0.010813580000 
0.15650 0.010572120000 
0.15700 0.010330660000 
0.15750 0.010089200000 
0.15800 0.009853000000 
0.15850 0.009630500000 
0.15900 0.009408020000 
0.15950 0.009185520000 
0.16000 0.008969400000 
0.16050 0.008765040000 
0.16100 0.008560660000 
0.16150 0.008356300000 
0.16200 0.008158720000 
0.16250 0.007970880000 
0.16300 0.007783040000 
0.16350 0.007595200000 
0.16400 0.007414360000 
0.16450 0.007241820000 
0.16500 0.007069300000 
0.16550 0.006896760000 
0.16600 0.006731280000 
0.16650 0.006573160000 
0.16700 0.006415040000 
0.16750 0.006256920000 
0.16800 0.006105340000 
0.16850 0.005960100000 
0.16900 0.005814860000 
0.16950 0.005669620000 
0.17000 0.005530720000 
0.17050 0.005397840000 
0.17100 0.005264960000 
0.17150 0.005132100000 
0.17200 0.005004740000 
0.17250 0.004882880000 
0.17300 0.004761020000 
0.17350 0.004639180000 
0.17400 0.004522260000 
0.17450 0.004410800000 
0.17500 0.004299340000 
0.17550 0.004187880000 
0.17600 0.004080680000 
0.17650 0.003979000000 
0.17700 0.003877340000 
0.17750 0.003775680000 
0.17800 0.003677340000 
0.17850 0.003584540000 
0.17900 0.003491720000 
0.17950 0.003398920000 
0.18000 0.003308560000 
0.18050 0.003223760000 
0.18100 0.003138940000 
0.18150 0.003054140000 
0.18200 0.002971020000 
0.18250 0.002893760000 
0.18300 0.002816520000 
0.18350 0.002739260000 
0.18400 0.002662900000 
0.18450 0.002592740000 
0.18500 0.002522600000 
0.18550 0.002452440000 
0.18600 0.002382380000 
0.18650 0.002318480000 
0.18700 0.002254580000 
0.18750 0.002190680000 
0.18800 0.002126780000 
0.18850 0.002068240000 
0.18900 0.002010360000 
0.18950 0.001952484000 
0.19000 0.001894606000 
0.19050 0.001840726000 
0.19100 0.001788120000 
0.19150 0.001735516000 
0.19200 0.001682910000 
0.19250 0.001633360000 
0.19300 0.001585726000 
0.19350 0.001538090000 
0.19400 0.001490456000 
0.19450 0.001444930000 
0.19500 0.001401854000 
0.19550 0.001358778000 
0.19600 0.001315702000 
0.19650 0.001273900000 
0.19700 0.001235002000 
0.19750 0.001196104000 
0.19800 0.001157206000 
0.19850 0.001118852000 
0.19900 0.001083780000 
0.19950 0.001048708000 
0.20000 0.001013636000 
0.20050 0.000978564000 
0.20100 0.000946824000 
0.20150 0.000915160000 
0.20200 0.000883498000 
0.20250 0.000851834000 
0.20300 0.000822856000 
0.20350 0.000794490000 
0.20400 0.000766124000 
0.20450 0.000737760000 
0.20500 0.000711256000 
0.20550 0.000685734000 
0.20600 0.000660214000 
0.20650 0.000634692000 
0.20700 0.000610556000 
0.20750 0.000587792000 
0.20800 0.000565026000 
0.20850 0.000542262000 
0.20900 0.000520356000 
0.20950 0.000499960000 
0.21000 0.000479566000 
0.21050 0.000459172000 
0.21100 0.000439294000 
0.21150 0.000421074000 
0.21200 0.000402854000 
0.21250 0.000384634000 
0.21300 0.000366696000 
0.21350 0.000350592000 
0.21400 0.000334488000 
0.21450 0.000318384000 
0.21500 0.000302380000 
0.21550 0.000288096000 
0.21600 0.000273810000 
0.21650 0.000259526000 
0.21700 0.000245258000 
0.21750 0.000232750000 
0.21800 0.000220242000 
0.21850 0.000207732000 
0.21900 0.000195228200 
0.21950 0.000184255800 
0.22000 0.000173283200 
0.22050 0.000162310800 
0.22100 0.000151397200 
0.22150 0.000141855400 
0.22200 0.000132313800 
0.22250 0.000122772200 
0.22300 0.000113419200 
0.22350 0.000105290800 
0.22400 0.000097162400 
0.22450 0.000089034000 
0.22500 0.000081267600 
0.22550 0.000074395400 
0.22600 0.000067523400 
0.22650 0.000060651200 
0.22700 0.000054414200 
0.22750 0.000048777200 
0.22800 0.000043140200 
0.22850 0.000037503200 
0.22900 0.000032851000 
0.22950 0.000028412400 
0.23000 0.000023974000 
0.23050 0.000019796480 
0.23100 0.000016536020 
0.23150 0.000013275540 
0.23200 0.000010015080 
0.23250 0.000007651700 
0.23300 0.000005627420 
0.23350 0.000003603160 
