0.00000 300.202000000000 
0.00050 271.876000000000 
0.00100 243.550000000000 
0.00150 215.226000000000 
0.00200 186.899400000000 
0.00250 166.268800000000 
0.00300 147.933800000000 
0.00350 132.589000000000 
0.00400 120.009600000000 
0.00450 108.109800000000 
0.00500 99.129600000000 
0.00550 90.149400000000 
0.00600 83.033400000000 
0.00650 76.427400000000 
0.00700 70.334400000000 
0.00750 65.357000000000 
0.00800 60.379600000000 
0.00850 56.305600000000 
0.00900 52.480200000000 
0.00950 48.820600000000 
0.01000 45.830800000000 
0.01050 42.841000000000 
0.01100 40.199400000000 
0.01150 37.828800000000 
0.01200 35.458200000000 
0.01250 33.499000000000 
0.01300 31.595600000000 
0.01350 29.748400000000 
0.01400 28.203000000000 
0.01450 26.657800000000 
0.01500 25.222600000000 
0.01550 23.955800000000 
0.01600 22.688800000000 
0.01650 21.553200000000 
0.01700 20.505400000000 
0.01750 19.457680000000 
0.01800 18.544500000000 
0.01850 17.671120000000 
0.01900 16.797740000000 
0.01950 16.052600000000 
0.02000 15.319440000000 
0.02050 14.589740000000 
0.02100 13.970360000000 
0.02150 13.351000000000 
0.02200 12.742880000000 
0.02250 12.216620000000 
0.02300 11.690340000000 
0.02350 11.178540000000 
0.02400 10.729020000000 
0.02450 10.279480000000 
0.02500 9.844900000000 
0.02550 9.459080000000 
0.02600 9.073260000000 
0.02650 8.701320000000 
0.02700 8.368740000000 
0.02750 8.036160000000 
0.02800 7.715520000000 
0.02850 7.427680000000 
0.02900 7.139840000000 
0.02950 6.861680000000 
0.03000 6.611640000000 
0.03050 6.361620000000 
0.03100 6.118880000000 
0.03150 5.900960000000 
0.03200 5.683060000000 
0.03250 5.470120000000 
0.03300 5.279620000000 
0.03350 5.089120000000 
0.03400 4.901420000000 
0.03450 4.734420000000 
0.03500 4.567400000000 
0.03550 4.401240000000 
0.03600 4.254440000000 
0.03650 4.107640000000 
0.03700 3.960840000000 
0.03750 3.830620000000 
0.03800 3.701260000000 
0.03850 3.571920000000 
0.03900 3.455300000000 
0.03950 3.341080000000 
0.04000 3.226860000000 
0.04050 3.122100000000 
0.04100 3.021040000000 
0.04150 2.919980000000 
0.04200 2.825580000000 
0.04250 2.735980000000 
0.04300 2.646380000000 
0.04350 2.561080000000 
0.04400 2.481500000000 
0.04450 2.401940000000 
0.04500 2.324660000000 
0.04550 2.253880000000 
0.04600 2.183100000000 
0.04650 2.112940000000 
0.04700 2.049880000000 
0.04750 1.986814000000 
0.04800 1.923752000000 
0.04850 1.866696000000 
0.04900 1.810434000000 
0.04950 1.754172000000 
0.05000 1.701938000000 
0.05050 1.651674000000 
0.05100 1.601410000000 
0.05150 1.553506000000 
0.05200 1.508546000000 
0.05250 1.463586000000 
0.05300 1.419582000000 
0.05350 1.379316000000 
0.05400 1.339048000000 
0.05450 1.298782000000 
0.05500 1.262458000000 
0.05550 1.226358000000 
0.05600 1.190256000000 
0.05650 1.156648000000 
0.05700 1.124246000000 
0.05750 1.091842000000 
0.05800 1.060712000000 
0.05850 1.031600000000 
0.05900 1.002486000000 
0.05950 0.973622000000 
0.06000 0.947440000000 
0.06050 0.921256000000 
0.06100 0.895074000000 
0.06150 0.870892000000 
0.06200 0.847320000000 
0.06250 0.823750000000 
0.06300 0.801188000000 
0.06350 0.779952000000 
0.06400 0.758714000000 
0.06450 0.737652000000 
0.06500 0.718498000000 
0.06550 0.699344000000 
0.06600 0.680192000000 
0.06650 0.662382000000 
0.06700 0.645094000000 
0.06750 0.627806000000 
0.06800 0.611086000000 
0.06850 0.595468000000 
0.06900 0.579850000000 
0.06950 0.564232000000 
0.07000 0.550028000000 
0.07050 0.535908000000 
0.07100 0.521786000000 
0.07150 0.508386000000 
0.07200 0.495608000000 
0.07250 0.482832000000 
0.07300 0.470188000000 
0.07350 0.458616000000 
0.07400 0.447046000000 
0.07450 0.435476000000 
0.07500 0.424632000000 
0.07550 0.414144000000 
0.07600 0.403658000000 
0.07650 0.393382000000 
0.07700 0.383870000000 
0.07750 0.374360000000 
0.07800 0.364848000000 
0.07850 0.355992000000 
0.07900 0.347358000000 
0.07950 0.338726000000 
0.08000 0.330300000000 
0.08050 0.322458000000 
0.08100 0.314616000000 
0.08150 0.306774000000 
0.08200 0.299476000000 
0.08250 0.292346000000 
0.08300 0.285218000000 
0.08350 0.278250000000 
0.08400 0.271764000000 
0.08450 0.265278000000 
0.08500 0.258792000000 
0.08550 0.252730000000 
0.08600 0.246824000000 
0.08650 0.240918000000 
0.08700 0.235114000000 
0.08750 0.229734000000 
0.08800 0.224356000000 
0.08850 0.218976000000 
0.08900 0.213900000000 
0.08950 0.208994000000 
0.09000 0.204090000000 
0.09050 0.199215800000 
0.09100 0.194740800000 
0.09150 0.190265800000 
0.09200 0.185790800000 
0.09250 0.181509200000 
0.09300 0.177423200000 
0.09350 0.173337200000 
0.09400 0.169251000000 
0.09450 0.165486200000 
0.09500 0.161753600000 
0.09550 0.158021000000 
0.09600 0.154386800000 
0.09650 0.150973000000 
0.09700 0.147559400000 
0.09750 0.144145800000 
0.09800 0.140935200000 
0.09850 0.137812600000 
0.09900 0.134690200000 
0.09950 0.131587400000 
0.10000 0.128728600000 
0.10050 0.125870000000 
0.10100 0.123011200000 
0.10150 0.120258400000 
0.10200 0.117639600000 
0.10250 0.115020600000 
0.10300 0.112401800000 
0.10350 0.109957200000 
0.10400 0.107556400000 
0.10450 0.105155800000 
0.10500 0.102784000000 
0.10550 0.100582000000 
0.10600 0.098380200000 
0.10650 0.096178200000 
0.10700 0.094063600000 
0.10750 0.092042800000 
0.10800 0.090021800000 
0.10850 0.088001000000 
0.10900 0.086114000000 
0.10950 0.084258200000 
0.11000 0.082402600000 
0.11050 0.080566200000 
0.11100 0.078860600000 
0.11150 0.077155000000 
0.11200 0.075449600000 
0.11250 0.073804600000 
0.11300 0.072237400000 
0.11350 0.070670200000 
0.11400 0.069103000000 
0.11450 0.067628400000 
0.11500 0.066186600000 
0.11550 0.064744600000 
0.11600 0.063306400000 
0.11650 0.061979800000 
0.11700 0.060653200000 
0.11750 0.059326400000 
0.11800 0.058032800000 
0.11850 0.056811200000 
0.11900 0.055589400000 
0.11950 0.054367800000 
0.12000 0.053203400000 
0.12050 0.052079000000 
0.12100 0.050954600000 
0.12150 0.049830000000 
0.12200 0.048781200000 
0.12250 0.047745000000 
0.12300 0.046708600000 
0.12350 0.045681800000 
0.12400 0.044726400000 
0.12450 0.043771000000 
0.12500 0.042815400000 
0.12550 0.041887800000 
0.12600 0.041007000000 
0.12650 0.040126400000 
0.12700 0.039245800000 
0.12750 0.038407200000 
0.12800 0.037595400000 
0.12850 0.036783400000 
0.12900 0.035971600000 
0.12950 0.035212800000 
0.13000 0.034463800000 
0.13050 0.033714600000 
0.13100 0.032970000000 
0.13150 0.032279000000 
0.13200 0.031588200000 
0.13250 0.030897200000 
0.13300 0.030222000000 
0.13350 0.029584400000 
0.13400 0.028946600000 
0.13450 0.028309000000 
0.13500 0.027696200000 
0.13550 0.027107600000 
0.13600 0.026518800000 
0.13650 0.025930200000 
0.13700 0.025374000000 
0.13750 0.024831000000 
0.13800 0.024288000000 
0.13850 0.023745000000 
0.13900 0.023239800000 
0.13950 0.022738600000 
0.14000 0.022237400000 
0.14050 0.021739600000 
0.14100 0.021277200000 
0.14150 0.020815000000 
0.14200 0.020352800000 
0.14250 0.019899800000 
0.14300 0.019473160000 
0.14350 0.019046540000 
0.14400 0.018619900000 
0.14450 0.018207300000 
0.14500 0.017813620000 
0.14550 0.017419920000 
0.14600 0.017026240000 
0.14650 0.016650260000 
0.14700 0.016287040000 
0.14750 0.015923820000 
0.14800 0.015560600000 
0.14850 0.015218100000 
0.14900 0.014883420000 
0.14950 0.014548760000 
0.15000 0.014214080000 
0.15050 0.013901840000 
0.15100 0.013593260000 
0.15150 0.013284680000 
0.15200 0.012976100000 
0.15250 0.012691260000 
0.15300 0.012406840000 
0.15350 0.012122440000 
0.15400 0.011840120000 
0.15450 0.011578400000 
0.15500 0.011316680000 
0.15550 0.011054960000 
0.15600 0.010797200000 
0.15650 0.010556200000 
0.15700 0.010315200000 
0.15750 0.010074200000 
0.15800 0.009838460000 
0.15850 0.009616380000 
0.15900 0.009394300000 
0.15950 0.009172240000 
0.16000 0.008956500000 
0.16050 0.008752520000 
0.16100 0.008548520000 
0.16150 0.008344520000 
0.16200 0.008147300000 
0.16250 0.007959800000 
0.16300 0.007772280000 
0.16350 0.007584780000 
0.16400 0.007404240000 
0.16450 0.007232020000 
0.16500 0.007059780000 
0.16550 0.006887540000 
0.16600 0.006722340000 
0.16650 0.006564480000 
0.16700 0.006406620000 
0.16750 0.006248760000 
0.16800 0.006097440000 
0.16850 0.005952440000 
0.16900 0.005807440000 
0.16950 0.005662440000 
0.17000 0.005523740000 
0.17050 0.005391080000 
0.17100 0.005258420000 
0.17150 0.005125760000 
0.17200 0.004998600000 
0.17250 0.004876940000 
0.17300 0.004755260000 
0.17350 0.004633600000 
0.17400 0.004516860000 
0.17450 0.004405560000 
0.17500 0.004294280000 
0.17550 0.004183000000 
0.17600 0.004075940000 
0.17650 0.003974420000 
0.17700 0.003872900000 
0.17750 0.003771380000 
0.17800 0.003673200000 
0.17850 0.003580520000 
0.17900 0.003487820000 
0.17950 0.003395140000 
0.18000 0.003304920000 
0.18050 0.003220240000 
0.18100 0.003135540000 
0.18150 0.003050860000 
0.18200 0.002967840000 
0.18250 0.002890700000 
0.18300 0.002813540000 
0.18350 0.002736380000 
0.18400 0.002660120000 
0.18450 0.002590060000 
0.18500 0.002520000000 
0.18550 0.002449940000 
0.18600 0.002379960000 
0.18650 0.002316140000 
0.18700 0.002252320000 
0.18750 0.002188500000 
0.18800 0.002124680000 
0.18850 0.002066220000 
0.18900 0.002008420000 
0.18950 0.001950602000 
0.19000 0.001892792000 
0.19050 0.001838974000 
0.19100 0.001786432000 
0.19150 0.001733888000 
0.19200 0.001681344000 
0.19250 0.001631850000 
0.19300 0.001584268000 
0.19350 0.001536688000 
0.19400 0.001489106000 
0.19450 0.001443632000 
0.19500 0.001400604000 
0.19550 0.001357574000 
0.19600 0.001314546000 
0.19650 0.001272788000 
0.19700 0.001233930000 
0.19750 0.001195074000 
0.19800 0.001156216000 
0.19850 0.001117902000 
0.19900 0.001082866000 
0.19950 0.001047830000 
0.20000 0.001012794000 
0.20050 0.000977758000 
0.20100 0.000946050000 
0.20150 0.000914416000 
0.20200 0.000882784000 
0.20250 0.000851152000 
0.20300 0.000822202000 
0.20350 0.000793864000 
0.20400 0.000765524000 
0.20450 0.000737186000 
0.20500 0.000710706000 
0.20550 0.000685210000 
0.20600 0.000659712000 
0.20650 0.000634214000 
0.20700 0.000610100000 
0.20750 0.000587354000 
0.20800 0.000564610000 
0.20850 0.000541866000 
0.20900 0.000519978000 
0.20950 0.000499600000 
0.21000 0.000479224000 
0.21050 0.000458846000 
0.21100 0.000438984000 
0.21150 0.000420780000 
0.21200 0.000402576000 
0.21250 0.000384370000 
0.21300 0.000366446000 
0.21350 0.000350356000 
0.21400 0.000334264000 
0.21450 0.000318172000 
0.21500 0.000302182000 
0.21550 0.000287908000 
0.21600 0.000273632000 
0.21650 0.000259358000 
0.21700 0.000245102000 
0.21750 0.000232602000 
0.21800 0.000220102000 
0.21850 0.000207604000 
0.21900 0.000195107800 
0.21950 0.000184142800 
0.22000 0.000173178000 
0.22050 0.000162213000 
0.22100 0.000151307000 
0.22150 0.000141771600 
0.22200 0.000132236200 
0.22250 0.000122700800 
0.22300 0.000113354000 
0.22350 0.000105230600 
0.22400 0.000097107400 
0.22450 0.000088984200 
0.22500 0.000081222400 
0.22550 0.000074354400 
0.22600 0.000067486400 
0.22650 0.000060618400 
0.22700 0.000054385000 
0.22750 0.000048751200 
0.22800 0.000043117400 
0.22850 0.000037483800 
0.22900 0.000032834000 
0.22950 0.000028398000 
0.23000 0.000023961800 
0.23050 0.000019786620 
0.23100 0.000016527820 
0.23150 0.000013269040 
0.23200 0.000010010240 
0.23250 0.000007648040 
0.23300 0.000005624740 
0.23350 0.000003601460 
