0.00000 296.592000000000 
0.00050 268.622000000000 
0.00100 240.654000000000 
0.00150 212.684000000000 
0.00200 184.715200000000 
0.00250 164.342800000000 
0.00300 146.236600000000 
0.00350 131.082200000000 
0.00400 118.657400000000 
0.00450 106.903600000000 
0.00500 98.032200000000 
0.00550 89.160800000000 
0.00600 82.129800000000 
0.00650 75.602400000000 
0.00700 69.581800000000 
0.00750 64.662600000000 
0.00800 59.743400000000 
0.00850 55.716600000000 
0.00900 51.935000000000 
0.00950 48.317600000000 
0.01000 45.361600000000 
0.01050 42.405600000000 
0.01100 39.793800000000 
0.01150 37.449400000000 
0.01200 35.105200000000 
0.01250 33.167600000000 
0.01300 31.285000000000 
0.01350 29.458000000000 
0.01400 27.929400000000 
0.01450 26.400800000000 
0.01500 24.981000000000 
0.01550 23.727600000000 
0.01600 22.474000000000 
0.01650 21.350600000000 
0.01700 20.313800000000 
0.01750 19.276900000000 
0.01800 18.373160000000 
0.01850 17.508780000000 
0.01900 16.644380000000 
0.01950 15.906820000000 
0.02000 15.181120000000 
0.02050 14.458820000000 
0.02100 13.845640000000 
0.02150 13.232460000000 
0.02200 12.630440000000 
0.02250 12.109340000000 
0.02300 11.588260000000 
0.02350 11.081500000000 
0.02400 10.636340000000 
0.02450 10.191160000000 
0.02500 9.760800000000 
0.02550 9.378680000000 
0.02600 8.996560000000 
0.02650 8.628160000000 
0.02700 8.298700000000 
0.02750 7.969260000000 
0.02800 7.651660000000 
0.02850 7.366500000000 
0.02900 7.081340000000 
0.02950 6.805740000000 
0.03000 6.558000000000 
0.03050 6.310280000000 
0.03100 6.069760000000 
0.03150 5.853820000000 
0.03200 5.637880000000 
0.03250 5.426860000000 
0.03300 5.238060000000 
0.03350 5.049260000000 
0.03400 4.863240000000 
0.03450 4.697680000000 
0.03500 4.532140000000 
0.03550 4.367440000000 
0.03600 4.221920000000 
0.03650 4.076380000000 
0.03700 3.930860000000 
0.03750 3.801740000000 
0.03800 3.673500000000 
0.03850 3.545260000000 
0.03900 3.429640000000 
0.03950 3.316380000000 
0.04000 3.203140000000 
0.04050 3.099240000000 
0.04100 2.999020000000 
0.04150 2.898800000000 
0.04200 2.805180000000 
0.04250 2.716320000000 
0.04300 2.627440000000 
0.04350 2.542840000000 
0.04400 2.463920000000 
0.04450 2.385000000000 
0.04500 2.308340000000 
0.04550 2.238120000000 
0.04600 2.167920000000 
0.04650 2.098300000000 
0.04700 2.035740000000 
0.04750 1.973178000000 
0.04800 1.910614000000 
0.04850 1.854002000000 
0.04900 1.798176000000 
0.04950 1.742352000000 
0.05000 1.690520000000 
0.05050 1.640640000000 
0.05100 1.590762000000 
0.05150 1.543224000000 
0.05200 1.498604000000 
0.05250 1.453984000000 
0.05300 1.410310000000 
0.05350 1.370344000000 
0.05400 1.330378000000 
0.05450 1.290412000000 
0.05500 1.254356000000 
0.05550 1.218520000000 
0.05600 1.182684000000 
0.05650 1.149322000000 
0.05700 1.117154000000 
0.05750 1.084986000000 
0.05800 1.054082000000 
0.05850 1.025178000000 
0.05900 0.996274000000 
0.05950 0.967614000000 
0.06000 0.941618000000 
0.06050 0.915620000000 
0.06100 0.889622000000 
0.06150 0.865610000000 
0.06200 0.842202000000 
0.06250 0.818794000000 
0.06300 0.796390000000 
0.06350 0.775300000000 
0.06400 0.754208000000 
0.06450 0.733292000000 
0.06500 0.714268000000 
0.06550 0.695244000000 
0.06600 0.676220000000 
0.06650 0.658530000000 
0.06700 0.641358000000 
0.06750 0.624186000000 
0.06800 0.607578000000 
0.06850 0.592064000000 
0.06900 0.576548000000 
0.06950 0.561034000000 
0.07000 0.546924000000 
0.07050 0.532894000000 
0.07100 0.518864000000 
0.07150 0.505550000000 
0.07200 0.492856000000 
0.07250 0.480160000000 
0.07300 0.467598000000 
0.07350 0.456100000000 
0.07400 0.444604000000 
0.07450 0.433106000000 
0.07500 0.422330000000 
0.07550 0.411910000000 
0.07600 0.401488000000 
0.07650 0.391276000000 
0.07700 0.381824000000 
0.07750 0.372372000000 
0.07800 0.362920000000 
0.07850 0.354118000000 
0.07900 0.345536000000 
0.07950 0.336956000000 
0.08000 0.328582000000 
0.08050 0.320786000000 
0.08100 0.312992000000 
0.08150 0.305198000000 
0.08200 0.297944000000 
0.08250 0.290856000000 
0.08300 0.283768000000 
0.08350 0.276842000000 
0.08400 0.270394000000 
0.08450 0.263948000000 
0.08500 0.257500000000 
0.08550 0.251472000000 
0.08600 0.245600000000 
0.08650 0.239728000000 
0.08700 0.233956000000 
0.08750 0.228608000000 
0.08800 0.223260000000 
0.08850 0.217912000000 
0.08900 0.212864000000 
0.08950 0.207986000000 
0.09000 0.203108000000 
0.09050 0.198262200000 
0.09100 0.193812200000 
0.09150 0.189362000000 
0.09200 0.184911800000 
0.09250 0.180653800000 
0.09300 0.176590200000 
0.09350 0.172526400000 
0.09400 0.168462800000 
0.09450 0.164718200000 
0.09500 0.161005800000 
0.09550 0.157293400000 
0.09600 0.153678600000 
0.09650 0.150283200000 
0.09700 0.146887800000 
0.09750 0.143492200000 
0.09800 0.140298600000 
0.09850 0.137192400000 
0.09900 0.134086400000 
0.09950 0.131000000000 
0.10000 0.128156000000 
0.10050 0.125312200000 
0.10100 0.122468200000 
0.10150 0.119729600000 
0.10200 0.117124200000 
0.10250 0.114518600000 
0.10300 0.111913200000 
0.10350 0.109480800000 
0.10400 0.107092400000 
0.10450 0.104703800000 
0.10500 0.102344000000 
0.10550 0.100153000000 
0.10600 0.097962000000 
0.10650 0.095771000000 
0.10700 0.093666800000 
0.10750 0.091655800000 
0.10800 0.089645000000 
0.10850 0.087634000000 
0.10900 0.085756000000 
0.10950 0.083909400000 
0.11000 0.082062600000 
0.11050 0.080235200000 
0.11100 0.078537800000 
0.11150 0.076840400000 
0.11200 0.075143000000 
0.11250 0.073505800000 
0.11300 0.071946000000 
0.11350 0.070386200000 
0.11400 0.068826400000 
0.11450 0.067358600000 
0.11500 0.065923400000 
0.11550 0.064488200000 
0.11600 0.063056600000 
0.11650 0.061736200000 
0.11700 0.060415600000 
0.11750 0.059095000000 
0.11800 0.057807200000 
0.11850 0.056591000000 
0.11900 0.055374800000 
0.11950 0.054158600000 
0.12000 0.052999600000 
0.12050 0.051880200000 
0.12100 0.050760600000 
0.12150 0.049641200000 
0.12200 0.048597000000 
0.12250 0.047565200000 
0.12300 0.046533400000 
0.12350 0.045511200000 
0.12400 0.044560000000 
0.12450 0.043608600000 
0.12500 0.042657200000 
0.12550 0.041733400000 
0.12600 0.040856600000 
0.12650 0.039979600000 
0.12700 0.039102800000 
0.12750 0.038267800000 
0.12800 0.037459400000 
0.12850 0.036650800000 
0.12900 0.035842400000 
0.12950 0.035086800000 
0.13000 0.034340800000 
0.13050 0.033594800000 
0.13100 0.032853200000 
0.13150 0.032165200000 
0.13200 0.031477000000 
0.13250 0.030789000000 
0.13300 0.030116600000 
0.13350 0.029481400000 
0.13400 0.028846400000 
0.13450 0.028211200000 
0.13500 0.027600800000 
0.13550 0.027014600000 
0.13600 0.026428200000 
0.13650 0.025842000000 
0.13700 0.025287800000 
0.13750 0.024747000000 
0.13800 0.024206200000 
0.13850 0.023665400000 
0.13900 0.023162000000 
0.13950 0.022662600000 
0.14000 0.022163400000 
0.14050 0.021667400000 
0.14100 0.021207000000 
0.14150 0.020746400000 
0.14200 0.020286000000 
0.14250 0.019834760000 
0.14300 0.019409720000 
0.14350 0.018984700000 
0.14400 0.018559660000 
0.14450 0.018148600000 
0.14500 0.017756360000 
0.14550 0.017364120000 
0.14600 0.016971880000 
0.14650 0.016597280000 
0.14700 0.016235380000 
0.14750 0.015873500000 
0.14800 0.015511600000 
0.14850 0.015170320000 
0.14900 0.014836860000 
0.14950 0.014503380000 
0.15000 0.014169920000 
0.15050 0.013858780000 
0.15100 0.013551280000 
0.15150 0.013243800000 
0.15200 0.012936300000 
0.15250 0.012652460000 
0.15300 0.012369040000 
0.15350 0.012085620000 
0.15400 0.011804280000 
0.15450 0.011543460000 
0.15500 0.011282640000 
0.15550 0.011021820000 
0.15600 0.010764940000 
0.15650 0.010524760000 
0.15700 0.010284580000 
0.15750 0.010044400000 
0.15800 0.009809440000 
0.15850 0.009588100000 
0.15900 0.009366780000 
0.15950 0.009145440000 
0.16000 0.008930420000 
0.16050 0.008727100000 
0.16100 0.008523780000 
0.16150 0.008320460000 
0.16200 0.008123880000 
0.16250 0.007936980000 
0.16300 0.007750080000 
0.16350 0.007563160000 
0.16400 0.007383220000 
0.16450 0.007211540000 
0.16500 0.007039860000 
0.16550 0.006868160000 
0.16600 0.006703500000 
0.16650 0.006546140000 
0.16700 0.006388760000 
0.16750 0.006231400000 
0.16800 0.006080560000 
0.16850 0.005936000000 
0.16900 0.005791460000 
0.16950 0.005646900000 
0.17000 0.005508640000 
0.17050 0.005376380000 
0.17100 0.005244120000 
0.17150 0.005111860000 
0.17200 0.004985080000 
0.17250 0.004863780000 
0.17300 0.004742500000 
0.17350 0.004621200000 
0.17400 0.004504800000 
0.17450 0.004393840000 
0.17500 0.004282880000 
0.17550 0.004171920000 
0.17600 0.004065180000 
0.17650 0.003963960000 
0.17700 0.003862740000 
0.17750 0.003761500000 
0.17800 0.003663620000 
0.17850 0.003571200000 
0.17900 0.003478780000 
0.17950 0.003386360000 
0.18000 0.003296400000 
0.18050 0.003211960000 
0.18100 0.003127500000 
0.18150 0.003043060000 
0.18200 0.002960280000 
0.18250 0.002883340000 
0.18300 0.002806400000 
0.18350 0.002729460000 
0.18400 0.002653420000 
0.18450 0.002583560000 
0.18500 0.002513680000 
0.18550 0.002443820000 
0.18600 0.002374040000 
0.18650 0.002310400000 
0.18700 0.002246740000 
0.18750 0.002183100000 
0.18800 0.002119440000 
0.18850 0.002061140000 
0.18900 0.002003480000 
0.18950 0.001945834000 
0.19000 0.001888180000 
0.19050 0.001834506000 
0.19100 0.001782102000 
0.19150 0.001729696000 
0.19200 0.001677292000 
0.19250 0.001627928000 
0.19300 0.001580470000 
0.19350 0.001533014000 
0.19400 0.001485556000 
0.19450 0.001440200000 
0.19500 0.001397282000 
0.19550 0.001354364000 
0.19600 0.001311446000 
0.19650 0.001269794000 
0.19700 0.001231036000 
0.19750 0.001192278000 
0.19800 0.001153518000 
0.19850 0.001115302000 
0.19900 0.001080352000 
0.19950 0.001045404000 
0.20000 0.001010456000 
0.20050 0.000975506000 
0.20100 0.000943876000 
0.20150 0.000912322000 
0.20200 0.000880768000 
0.20250 0.000849214000 
0.20300 0.000820334000 
0.20350 0.000792064000 
0.20400 0.000763794000 
0.20450 0.000735524000 
0.20500 0.000709108000 
0.20550 0.000683672000 
0.20600 0.000658236000 
0.20650 0.000632798000 
0.20700 0.000608742000 
0.20750 0.000586050000 
0.20800 0.000563360000 
0.20850 0.000540670000 
0.20900 0.000518832000 
0.20950 0.000498502000 
0.21000 0.000478174000 
0.21050 0.000457844000 
0.21100 0.000438028000 
0.21150 0.000419864000 
0.21200 0.000401702000 
0.21250 0.000383538000 
0.21300 0.000365656000 
0.21350 0.000349602000 
0.21400 0.000333546000 
0.21450 0.000317490000 
0.21500 0.000301536000 
0.21550 0.000287294000 
0.21600 0.000273052000 
0.21650 0.000258808000 
0.21700 0.000244584000 
0.21750 0.000232112000 
0.21800 0.000219640000 
0.21850 0.000207168000 
0.21900 0.000194699400 
0.21950 0.000183758200 
0.22000 0.000172817200 
0.22050 0.000161876000 
0.22100 0.000150993400 
0.22150 0.000141478400 
0.22200 0.000131963400 
0.22250 0.000122448400 
0.22300 0.000113121400 
0.22350 0.000105015400 
0.22400 0.000096909200 
0.22450 0.000088803000 
0.22500 0.000081057600 
0.22550 0.000074203800 
0.22600 0.000067350200 
0.22650 0.000060496400 
0.22700 0.000054275800 
0.22750 0.000048653400 
0.22800 0.000043031200 
0.22850 0.000037409000 
0.22900 0.000032768800 
0.22950 0.000028341600 
0.23000 0.000023914400 
0.23050 0.000019747600 
0.23100 0.000016495280 
0.23150 0.000013242960 
0.23200 0.000009990660 
0.23250 0.000007633100 
0.23300 0.000005613780 
0.23350 0.000003594460 
