0.00000 292.870000000000 
0.00050 265.270000000000 
0.00100 237.668000000000 
0.00150 210.068000000000 
0.00200 182.466400000000 
0.00250 162.360200000000 
0.00300 144.490000000000 
0.00350 129.531800000000 
0.00400 117.266400000000 
0.00450 105.663000000000 
0.00500 96.903400000000 
0.00550 88.144000000000 
0.00600 81.200600000000 
0.00650 74.754000000000 
0.00700 68.807600000000 
0.00750 63.948400000000 
0.00800 59.089000000000 
0.00850 55.110600000000 
0.00900 51.374400000000 
0.00950 47.800200000000 
0.01000 44.879000000000 
0.01050 41.957800000000 
0.01100 39.376400000000 
0.01150 37.059400000000 
0.01200 34.742200000000 
0.01250 32.826800000000 
0.01300 30.965600000000 
0.01350 29.159400000000 
0.01400 27.648000000000 
0.01450 26.136400000000 
0.01500 24.732600000000 
0.01550 23.493000000000 
0.01600 22.253200000000 
0.01650 21.142000000000 
0.01700 20.116400000000 
0.01750 19.090920000000 
0.01800 18.196880000000 
0.01850 17.341760000000 
0.01900 16.486640000000 
0.01950 15.756860000000 
0.02000 15.038800000000 
0.02050 14.324120000000 
0.02100 13.717300000000 
0.02150 13.110500000000 
0.02200 12.514720000000 
0.02250 11.998960000000 
0.02300 11.483200000000 
0.02350 10.981620000000 
0.02400 10.540940000000 
0.02450 10.100280000000 
0.02500 9.674240000000 
0.02550 9.295900000000 
0.02600 8.917580000000 
0.02650 8.552840000000 
0.02700 8.226620000000 
0.02750 7.900400000000 
0.02800 7.585900000000 
0.02850 7.303480000000 
0.02900 7.021080000000 
0.02950 6.748140000000 
0.03000 6.502780000000 
0.03050 6.257400000000 
0.03100 6.019160000000 
0.03150 5.805260000000 
0.03200 5.591340000000 
0.03250 5.382300000000 
0.03300 5.195240000000 
0.03350 5.008200000000 
0.03400 4.823900000000 
0.03450 4.659860000000 
0.03500 4.495820000000 
0.03550 4.332620000000 
0.03600 4.188420000000 
0.03650 4.044200000000 
0.03700 3.899980000000 
0.03750 3.772020000000 
0.03800 3.644920000000 
0.03850 3.517820000000 
0.03900 3.403200000000 
0.03950 3.290940000000 
0.04000 3.178680000000 
0.04050 3.075680000000 
0.04100 2.976320000000 
0.04150 2.876980000000 
0.04200 2.784160000000 
0.04250 2.696040000000 
0.04300 2.607940000000 
0.04350 2.524060000000 
0.04400 2.445800000000 
0.04450 2.367520000000 
0.04500 2.291520000000 
0.04550 2.221880000000 
0.04600 2.152260000000 
0.04650 2.083220000000 
0.04700 2.021180000000 
0.04750 1.959118000000 
0.04800 1.897066000000 
0.04850 1.840912000000 
0.04900 1.785536000000 
0.04950 1.730162000000 
0.05000 1.678744000000 
0.05050 1.629262000000 
0.05100 1.579782000000 
0.05150 1.532618000000 
0.05200 1.488350000000 
0.05250 1.444080000000 
0.05300 1.400748000000 
0.05350 1.361092000000 
0.05400 1.321436000000 
0.05450 1.281780000000 
0.05500 1.245998000000 
0.05550 1.210436000000 
0.05600 1.174874000000 
0.05650 1.141766000000 
0.05700 1.109840000000 
0.05750 1.077914000000 
0.05800 1.047242000000 
0.05850 1.018552000000 
0.05900 0.989862000000 
0.05950 0.961418000000 
0.06000 0.935610000000 
0.06050 0.909804000000 
0.06100 0.883996000000 
0.06150 0.860158000000 
0.06200 0.836920000000 
0.06250 0.813684000000 
0.06300 0.791440000000 
0.06350 0.770500000000 
0.06400 0.749560000000 
0.06450 0.728792000000 
0.06500 0.709902000000 
0.06550 0.691012000000 
0.06600 0.672122000000 
0.06650 0.654556000000 
0.06700 0.637504000000 
0.06750 0.620450000000 
0.06800 0.603958000000 
0.06850 0.588550000000 
0.06900 0.573140000000 
0.06950 0.557732000000 
0.07000 0.543718000000 
0.07050 0.529784000000 
0.07100 0.515850000000 
0.07150 0.502624000000 
0.07200 0.490014000000 
0.07250 0.477404000000 
0.07300 0.464926000000 
0.07350 0.453504000000 
0.07400 0.442082000000 
0.07450 0.430660000000 
0.07500 0.419956000000 
0.07550 0.409602000000 
0.07600 0.399250000000 
0.07650 0.389104000000 
0.07700 0.379712000000 
0.07750 0.370320000000 
0.07800 0.360928000000 
0.07850 0.352182000000 
0.07900 0.343656000000 
0.07950 0.335130000000 
0.08000 0.326808000000 
0.08050 0.319062000000 
0.08100 0.311316000000 
0.08150 0.303570000000 
0.08200 0.296360000000 
0.08250 0.289316000000 
0.08300 0.282272000000 
0.08350 0.275390000000 
0.08400 0.268980000000 
0.08450 0.262572000000 
0.08500 0.256164000000 
0.08550 0.250172000000 
0.08600 0.244336000000 
0.08650 0.238500000000 
0.08700 0.232762000000 
0.08750 0.227446000000 
0.08800 0.222130000000 
0.08850 0.216812000000 
0.08900 0.211794000000 
0.08950 0.206944000000 
0.09000 0.202096000000 
0.09050 0.197277800000 
0.09100 0.192853200000 
0.09150 0.188428800000 
0.09200 0.184004200000 
0.09250 0.179770600000 
0.09300 0.175730000000 
0.09350 0.171689400000 
0.09400 0.167648800000 
0.09450 0.163925200000 
0.09500 0.160233600000 
0.09550 0.156542000000 
0.09600 0.152947600000 
0.09650 0.149570800000 
0.09700 0.146194200000 
0.09750 0.142817400000 
0.09800 0.139641200000 
0.09850 0.136552200000 
0.09900 0.133463000000 
0.09950 0.130393400000 
0.10000 0.127564800000 
0.10050 0.124736200000 
0.10100 0.121907600000 
0.10150 0.119183600000 
0.10200 0.116592000000 
0.10250 0.114000200000 
0.10300 0.111408600000 
0.10350 0.108989200000 
0.10400 0.106613000000 
0.10450 0.104237000000 
0.10500 0.101889400000 
0.10550 0.099709800000 
0.10600 0.097530000000 
0.10650 0.095350400000 
0.10700 0.093257000000 
0.10750 0.091256400000 
0.10800 0.089255600000 
0.10850 0.087255000000 
0.10900 0.085386600000 
0.10950 0.083549200000 
0.11000 0.081711600000 
0.11050 0.079893400000 
0.11100 0.078204400000 
0.11150 0.076515400000 
0.11200 0.074826400000 
0.11250 0.073197200000 
0.11300 0.071645000000 
0.11350 0.070092800000 
0.11400 0.068540800000 
0.11450 0.067080000000 
0.11500 0.065651800000 
0.11550 0.064223600000 
0.11600 0.062798800000 
0.11650 0.061484600000 
0.11700 0.060170200000 
0.11750 0.058855800000 
0.11800 0.057574400000 
0.11850 0.056363800000 
0.11900 0.055153200000 
0.11950 0.053942800000 
0.12000 0.052789200000 
0.12050 0.051674800000 
0.12100 0.050560600000 
0.12150 0.049446200000 
0.12200 0.048406800000 
0.12250 0.047379800000 
0.12300 0.046352600000 
0.12350 0.045335000000 
0.12400 0.044388000000 
0.12450 0.043441000000 
0.12500 0.042493800000 
0.12550 0.041574200000 
0.12600 0.040701200000 
0.12650 0.039828200000 
0.12700 0.038955200000 
0.12750 0.038123800000 
0.12800 0.037319000000 
0.12850 0.036514000000 
0.12900 0.035709000000 
0.12950 0.034956800000 
0.13000 0.034214000000 
0.13050 0.033471200000 
0.13100 0.032732800000 
0.13150 0.032047600000 
0.13200 0.031362400000 
0.13250 0.030677200000 
0.13300 0.030007600000 
0.13350 0.029375200000 
0.13400 0.028742800000 
0.13450 0.028110200000 
0.13500 0.027502400000 
0.13550 0.026918600000 
0.13600 0.026334600000 
0.13650 0.025750800000 
0.13700 0.025199000000 
0.13750 0.024660200000 
0.13800 0.024121600000 
0.13850 0.023583000000 
0.13900 0.023081600000 
0.13950 0.022584400000 
0.14000 0.022087000000 
0.14050 0.021593200000 
0.14100 0.021134400000 
0.14150 0.020675800000 
0.14200 0.020217200000 
0.14250 0.019767640000 
0.14300 0.019344260000 
0.14350 0.018920860000 
0.14400 0.018497480000 
0.14450 0.018088020000 
0.14500 0.017697280000 
0.14550 0.017306540000 
0.14600 0.016915800000 
0.14650 0.016542620000 
0.14700 0.016182100000 
0.14750 0.015821560000 
0.14800 0.015461040000 
0.14850 0.015121040000 
0.14900 0.014788800000 
0.14950 0.014456580000 
0.15000 0.014124340000 
0.15050 0.013814340000 
0.15100 0.013507980000 
0.15150 0.013201620000 
0.15200 0.012895260000 
0.15250 0.012612420000 
0.15300 0.012330020000 
0.15350 0.012047640000 
0.15400 0.011767320000 
0.15450 0.011507420000 
0.15500 0.011247520000 
0.15550 0.010987640000 
0.15600 0.010731680000 
0.15650 0.010492320000 
0.15700 0.010252980000 
0.15750 0.010013640000 
0.15800 0.009779520000 
0.15850 0.009558940000 
0.15900 0.009338380000 
0.15950 0.009117800000 
0.16000 0.008903520000 
0.16050 0.008700900000 
0.16100 0.008498260000 
0.16150 0.008295620000 
0.16200 0.008099720000 
0.16250 0.007913440000 
0.16300 0.007727160000 
0.16350 0.007540880000 
0.16400 0.007361540000 
0.16450 0.007190420000 
0.16500 0.007019300000 
0.16550 0.006848180000 
0.16600 0.006684060000 
0.16650 0.006527200000 
0.16700 0.006370360000 
0.16750 0.006213500000 
0.16800 0.006063140000 
0.16850 0.005919060000 
0.16900 0.005774960000 
0.16950 0.005630880000 
0.17000 0.005493060000 
0.17050 0.005361220000 
0.17100 0.005229380000 
0.17150 0.005097540000 
0.17200 0.004971160000 
0.17250 0.004850240000 
0.17300 0.004729320000 
0.17350 0.004608400000 
0.17400 0.004492360000 
0.17450 0.004381740000 
0.17500 0.004271120000 
0.17550 0.004160500000 
0.17600 0.004054080000 
0.17650 0.003953180000 
0.17700 0.003852260000 
0.17750 0.003751340000 
0.17800 0.003653740000 
0.17850 0.003561600000 
0.17900 0.003469460000 
0.17950 0.003377320000 
0.18000 0.003287620000 
0.18050 0.003203420000 
0.18100 0.003119220000 
0.18150 0.003035020000 
0.18200 0.002952480000 
0.18250 0.002875780000 
0.18300 0.002799060000 
0.18350 0.002722340000 
0.18400 0.002646520000 
0.18450 0.002576840000 
0.18500 0.002507180000 
0.18550 0.002437500000 
0.18600 0.002367940000 
0.18650 0.002304460000 
0.18700 0.002241000000 
0.18750 0.002177520000 
0.18800 0.002114060000 
0.18850 0.002055920000 
0.18900 0.001998420000 
0.18950 0.001940926000 
0.19000 0.001883430000 
0.19050 0.001829904000 
0.19100 0.001777642000 
0.19150 0.001725380000 
0.19200 0.001673120000 
0.19250 0.001623890000 
0.19300 0.001576560000 
0.19350 0.001529230000 
0.19400 0.001481902000 
0.19450 0.001436666000 
0.19500 0.001393862000 
0.19550 0.001351058000 
0.19600 0.001308254000 
0.19650 0.001266712000 
0.19700 0.001228056000 
0.19750 0.001189398000 
0.19800 0.001150742000 
0.19850 0.001112624000 
0.19900 0.001077766000 
0.19950 0.001042906000 
0.20000 0.001008048000 
0.20050 0.000973190000 
0.20100 0.000941640000 
0.20150 0.000910166000 
0.20200 0.000878692000 
0.20250 0.000847218000 
0.20300 0.000818410000 
0.20350 0.000790212000 
0.20400 0.000762012000 
0.20450 0.000733814000 
0.20500 0.000707464000 
0.20550 0.000682090000 
0.20600 0.000656716000 
0.20650 0.000631342000 
0.20700 0.000607344000 
0.20750 0.000584708000 
0.20800 0.000562074000 
0.20850 0.000539438000 
0.20900 0.000517654000 
0.20950 0.000497374000 
0.21000 0.000477092000 
0.21050 0.000456812000 
0.21100 0.000437042000 
0.21150 0.000418922000 
0.21200 0.000400802000 
0.21250 0.000382682000 
0.21300 0.000364842000 
0.21350 0.000348824000 
0.21400 0.000332808000 
0.21450 0.000316790000 
0.21500 0.000300872000 
0.21550 0.000286662000 
0.21600 0.000272452000 
0.21650 0.000258242000 
0.21700 0.000244050000 
0.21750 0.000231606000 
0.21800 0.000219162000 
0.21850 0.000206720000 
0.21900 0.000194279600 
0.21950 0.000183362800 
0.22000 0.000172446000 
0.22050 0.000161529400 
0.22100 0.000150671200 
0.22150 0.000141177000 
0.22200 0.000131683000 
0.22250 0.000122189000 
0.22300 0.000112882400 
0.22350 0.000104794000 
0.22400 0.000096705400 
0.22450 0.000088616800 
0.22500 0.000080888200 
0.22550 0.000074049000 
0.22600 0.000067210000 
0.22650 0.000060370800 
0.22700 0.000054163400 
0.22750 0.000048553000 
0.22800 0.000042942600 
0.22850 0.000037332200 
0.22900 0.000032701600 
0.22950 0.000028283600 
0.23000 0.000023865600 
0.23050 0.000019707500 
0.23100 0.000016461840 
0.23150 0.000013216180 
0.23200 0.000009970520 
0.23250 0.000007617760 
0.23300 0.000005602500 
0.23350 0.000003587260 
