0.00000 289.048000000000 
0.00050 261.822000000000 
0.00100 234.598000000000 
0.00150 207.374000000000 
0.00200 180.148800000000 
0.00250 160.315200000000 
0.00300 142.686600000000 
0.00350 127.929400000000 
0.00400 115.827600000000 
0.00450 104.378600000000 
0.00500 95.734000000000 
0.00550 87.089400000000 
0.00600 80.236200000000 
0.00650 73.873000000000 
0.00700 68.003000000000 
0.00750 63.205600000000 
0.00800 58.408000000000 
0.00850 54.479600000000 
0.00900 50.790200000000 
0.00950 47.260600000000 
0.01000 44.375400000000 
0.01050 41.490200000000 
0.01100 38.940400000000 
0.01150 36.651400000000 
0.01200 34.362400000000 
0.01250 32.470000000000 
0.01300 30.631000000000 
0.01350 28.846400000000 
0.01400 27.352800000000 
0.01450 25.859000000000 
0.01500 24.471600000000 
0.01550 23.246400000000 
0.01600 22.021200000000 
0.01650 20.922800000000 
0.01700 19.908920000000 
0.01750 18.895100000000 
0.01800 18.011200000000 
0.01850 17.165720000000 
0.01900 16.320260000000 
0.01950 15.598620000000 
0.02000 14.888560000000 
0.02050 14.181820000000 
0.02100 13.581680000000 
0.02150 12.981560000000 
0.02200 12.392300000000 
0.02250 11.882140000000 
0.02300 11.371960000000 
0.02350 10.875800000000 
0.02400 10.439840000000 
0.02450 10.003880000000 
0.02500 9.582380000000 
0.02550 9.208060000000 
0.02600 8.833720000000 
0.02650 8.472800000000 
0.02700 8.149980000000 
0.02750 7.827160000000 
0.02800 7.515920000000 
0.02850 7.236420000000 
0.02900 6.956920000000 
0.02950 6.686780000000 
0.03000 6.443900000000 
0.03050 6.201000000000 
0.03100 5.965180000000 
0.03150 5.753420000000 
0.03200 5.541640000000 
0.03250 5.334700000000 
0.03300 5.149480000000 
0.03350 4.964280000000 
0.03400 4.781800000000 
0.03450 4.619360000000 
0.03500 4.456940000000 
0.03550 4.295340000000 
0.03600 4.152500000000 
0.03650 4.009680000000 
0.03700 3.866840000000 
0.03750 3.740100000000 
0.03800 3.614200000000 
0.03850 3.488320000000 
0.03900 3.374780000000 
0.03950 3.263580000000 
0.04000 3.152360000000 
0.04050 3.050340000000 
0.04100 2.951900000000 
0.04150 2.853460000000 
0.04200 2.761500000000 
0.04250 2.674200000000 
0.04300 2.586900000000 
0.04350 2.503780000000 
0.04400 2.426220000000 
0.04450 2.348680000000 
0.04500 2.273360000000 
0.04550 2.204340000000 
0.04600 2.135320000000 
0.04650 2.066920000000 
0.04700 2.005400000000 
0.04750 1.943902000000 
0.04800 1.882398000000 
0.04850 1.826732000000 
0.04900 1.771840000000 
0.04950 1.716948000000 
0.05000 1.665974000000 
0.05050 1.616918000000 
0.05100 1.567862000000 
0.05150 1.521102000000 
0.05200 1.477210000000 
0.05250 1.433316000000 
0.05300 1.390352000000 
0.05350 1.351028000000 
0.05400 1.311704000000 
0.05450 1.272382000000 
0.05500 1.236898000000 
0.05550 1.201630000000 
0.05600 1.166362000000 
0.05650 1.133526000000 
0.05700 1.101860000000 
0.05750 1.070196000000 
0.05800 1.039774000000 
0.05850 1.011316000000 
0.05900 0.982860000000 
0.05950 0.954644000000 
0.06000 0.929042000000 
0.06050 0.903442000000 
0.06100 0.877840000000 
0.06150 0.854192000000 
0.06200 0.831136000000 
0.06250 0.808082000000 
0.06300 0.786014000000 
0.06350 0.765236000000 
0.06400 0.744460000000 
0.06450 0.723854000000 
0.06500 0.705110000000 
0.06550 0.686364000000 
0.06600 0.667620000000 
0.06650 0.650188000000 
0.06700 0.633264000000 
0.06750 0.616342000000 
0.06800 0.599974000000 
0.06850 0.584680000000 
0.06900 0.569388000000 
0.06950 0.554096000000 
0.07000 0.540184000000 
0.07050 0.526354000000 
0.07100 0.512522000000 
0.07150 0.499396000000 
0.07200 0.486878000000 
0.07250 0.474360000000 
0.07300 0.461972000000 
0.07350 0.450634000000 
0.07400 0.439294000000 
0.07450 0.427956000000 
0.07500 0.417328000000 
0.07550 0.407048000000 
0.07600 0.396770000000 
0.07650 0.386696000000 
0.07700 0.377370000000 
0.07750 0.368044000000 
0.07800 0.358720000000 
0.07850 0.350034000000 
0.07900 0.341568000000 
0.07950 0.333100000000 
0.08000 0.324836000000 
0.08050 0.317144000000 
0.08100 0.309452000000 
0.08150 0.301758000000 
0.08200 0.294598000000 
0.08250 0.287602000000 
0.08300 0.280608000000 
0.08350 0.273770000000 
0.08400 0.267406000000 
0.08450 0.261040000000 
0.08500 0.254674000000 
0.08550 0.248722000000 
0.08600 0.242924000000 
0.08650 0.237128000000 
0.08700 0.231428000000 
0.08750 0.226146000000 
0.08800 0.220864000000 
0.08850 0.215584000000 
0.08900 0.210598000000 
0.08950 0.205780000000 
0.09000 0.200962000000 
0.09050 0.196174800000 
0.09100 0.191778600000 
0.09150 0.187382400000 
0.09200 0.182986200000 
0.09250 0.178779600000 
0.09300 0.174764400000 
0.09350 0.170749400000 
0.09400 0.166734400000 
0.09450 0.163034200000 
0.09500 0.159365600000 
0.09550 0.155697000000 
0.09600 0.152124800000 
0.09650 0.148769000000 
0.09700 0.145413000000 
0.09750 0.142057200000 
0.09800 0.138900400000 
0.09850 0.135830200000 
0.09900 0.132759800000 
0.09950 0.129708800000 
0.10000 0.126897200000 
0.10050 0.124085600000 
0.10100 0.121274000000 
0.10150 0.118566400000 
0.10200 0.115990200000 
0.10250 0.113413800000 
0.10300 0.110837600000 
0.10350 0.108432400000 
0.10400 0.106070200000 
0.10450 0.103708200000 
0.10500 0.101374400000 
0.10550 0.099207200000 
0.10600 0.097040200000 
0.10650 0.094873200000 
0.10700 0.092791800000 
0.10750 0.090802600000 
0.10800 0.088813400000 
0.10850 0.086824200000 
0.10900 0.084966400000 
0.10950 0.083139200000 
0.11000 0.081312200000 
0.11050 0.079504200000 
0.11100 0.077824600000 
0.11150 0.076145000000 
0.11200 0.074465400000 
0.11250 0.072845400000 
0.11300 0.071301800000 
0.11350 0.069758200000 
0.11400 0.068214400000 
0.11450 0.066761800000 
0.11500 0.065341400000 
0.11550 0.063920800000 
0.11600 0.062503800000 
0.11650 0.061196600000 
0.11700 0.059889400000 
0.11750 0.058582200000 
0.11800 0.057307400000 
0.11850 0.056103400000 
0.11900 0.054899200000 
0.11950 0.053695200000 
0.12000 0.052547600000 
0.12050 0.051439200000 
0.12100 0.050330600000 
0.12150 0.049222200000 
0.12200 0.048188200000 
0.12250 0.047166400000 
0.12300 0.046144600000 
0.12350 0.045132200000 
0.12400 0.044190000000 
0.12450 0.043247800000 
0.12500 0.042305600000 
0.12550 0.041390600000 
0.12600 0.040522000000 
0.12650 0.039653400000 
0.12700 0.038784800000 
0.12750 0.037957600000 
0.12800 0.037156600000 
0.12850 0.036355800000 
0.12900 0.035554800000 
0.12950 0.034806200000 
0.13000 0.034067000000 
0.13050 0.033328000000 
0.13100 0.032593200000 
0.13150 0.031911200000 
0.13200 0.031229400000 
0.13250 0.030547600000 
0.13300 0.029881200000 
0.13350 0.029251800000 
0.13400 0.028622400000 
0.13450 0.027993000000 
0.13500 0.027388000000 
0.13550 0.026806800000 
0.13600 0.026225800000 
0.13650 0.025644600000 
0.13700 0.025095400000 
0.13750 0.024559200000 
0.13800 0.024023200000 
0.13850 0.023487000000 
0.13900 0.022988000000 
0.13950 0.022493000000 
0.14000 0.021998000000 
0.14050 0.021506200000 
0.14100 0.021049800000 
0.14150 0.020593200000 
0.14200 0.020136600000 
0.14250 0.019689080000 
0.14300 0.019267600000 
0.14350 0.018846120000 
0.14400 0.018424640000 
0.14450 0.018017000000 
0.14500 0.017627980000 
0.14550 0.017238980000 
0.14600 0.016849980000 
0.14650 0.016478440000 
0.14700 0.016119480000 
0.14750 0.015760520000 
0.14800 0.015401580000 
0.14850 0.015063040000 
0.14900 0.014732260000 
0.14950 0.014401460000 
0.15000 0.014070660000 
0.15050 0.013761980000 
0.15100 0.013456920000 
0.15150 0.013151860000 
0.15200 0.012846820000 
0.15250 0.012565160000 
0.15300 0.012283960000 
0.15350 0.012002760000 
0.15400 0.011723620000 
0.15450 0.011464800000 
0.15500 0.011205980000 
0.15550 0.010947160000 
0.15600 0.010692260000 
0.15650 0.010453900000 
0.15700 0.010215540000 
0.15750 0.009977180000 
0.15800 0.009744000000 
0.15850 0.009524320000 
0.15900 0.009304640000 
0.15950 0.009084980000 
0.16000 0.008871560000 
0.16050 0.008669740000 
0.16100 0.008467920000 
0.16150 0.008266080000 
0.16200 0.008070960000 
0.16250 0.007885420000 
0.16300 0.007699880000 
0.16350 0.007514320000 
0.16400 0.007335680000 
0.16450 0.007165240000 
0.16500 0.006994780000 
0.16550 0.006824320000 
0.16600 0.006660840000 
0.16650 0.006504580000 
0.16700 0.006348340000 
0.16750 0.006192100000 
0.16800 0.006042300000 
0.16850 0.005898760000 
0.16900 0.005755220000 
0.16950 0.005611680000 
0.17000 0.005474380000 
0.17050 0.005343020000 
0.17100 0.005211680000 
0.17150 0.005080340000 
0.17200 0.004954420000 
0.17250 0.004833960000 
0.17300 0.004713480000 
0.17350 0.004593000000 
0.17400 0.004477400000 
0.17450 0.004367180000 
0.17500 0.004256960000 
0.17550 0.004146760000 
0.17600 0.004040720000 
0.17650 0.003940160000 
0.17700 0.003839620000 
0.17750 0.003739060000 
0.17800 0.003641820000 
0.17850 0.003550000000 
0.17900 0.003458200000 
0.17950 0.003366380000 
0.18000 0.003277000000 
0.18050 0.003193100000 
0.18100 0.003109180000 
0.18150 0.003025280000 
0.18200 0.002943040000 
0.18250 0.002866600000 
0.18300 0.002790140000 
0.18350 0.002713700000 
0.18400 0.002638120000 
0.18450 0.002568700000 
0.18500 0.002499280000 
0.18550 0.002429840000 
0.18600 0.002360500000 
0.18650 0.002297240000 
0.18700 0.002234000000 
0.18750 0.002170740000 
0.18800 0.002107480000 
0.18850 0.002049540000 
0.18900 0.001992238000 
0.18950 0.001934936000 
0.19000 0.001877634000 
0.19050 0.001824284000 
0.19100 0.001772194000 
0.19150 0.001720106000 
0.19200 0.001668016000 
0.19250 0.001618948000 
0.19300 0.001571774000 
0.19350 0.001524598000 
0.19400 0.001477424000 
0.19450 0.001432336000 
0.19500 0.001389668000 
0.19550 0.001347002000 
0.19600 0.001304336000 
0.19650 0.001262928000 
0.19700 0.001224394000 
0.19750 0.001185860000 
0.19800 0.001147328000 
0.19850 0.001109330000 
0.19900 0.001074582000 
0.19950 0.001039832000 
0.20000 0.001005084000 
0.20050 0.000970334000 
0.20100 0.000938884000 
0.20150 0.000907506000 
0.20200 0.000876130000 
0.20250 0.000844754000 
0.20300 0.000816036000 
0.20350 0.000787924000 
0.20400 0.000759810000 
0.20450 0.000731698000 
0.20500 0.000705430000 
0.20550 0.000680132000 
0.20600 0.000654836000 
0.20650 0.000629538000 
0.20700 0.000605612000 
0.20750 0.000583046000 
0.20800 0.000560478000 
0.20850 0.000537910000 
0.20900 0.000516192000 
0.20950 0.000495970000 
0.21000 0.000475750000 
0.21050 0.000455528000 
0.21100 0.000435818000 
0.21150 0.000417752000 
0.21200 0.000399684000 
0.21250 0.000381618000 
0.21300 0.000363830000 
0.21350 0.000347858000 
0.21400 0.000331886000 
0.21450 0.000315916000 
0.21500 0.000300044000 
0.21550 0.000285874000 
0.21600 0.000271706000 
0.21650 0.000257536000 
0.21700 0.000243384000 
0.21750 0.000230976000 
0.21800 0.000218566000 
0.21850 0.000206158000 
0.21900 0.000193753600 
0.21950 0.000182867200 
0.22000 0.000171981000 
0.22050 0.000161094600 
0.22100 0.000150266800 
0.22150 0.000140798800 
0.22200 0.000131330800 
0.22250 0.000121862800 
0.22300 0.000112582000 
0.22350 0.000104515400 
0.22400 0.000096449000 
0.22450 0.000088382400 
0.22500 0.000080674600 
0.22550 0.000073854000 
0.22600 0.000067033200 
0.22650 0.000060212400 
0.22700 0.000054021600 
0.22750 0.000048426200 
0.22800 0.000042830600 
0.22850 0.000037235200 
0.22900 0.000032616800 
0.22950 0.000028210400 
0.23000 0.000023804000 
0.23050 0.000019656720 
0.23100 0.000016419480 
0.23150 0.000013182240 
0.23200 0.000009945000 
0.23250 0.000007598280 
0.23300 0.000005588200 
0.23350 0.000003578120 
