0.00000 285.138000000000 
0.00050 258.296000000000 
0.00100 231.452000000000 
0.00150 204.610000000000 
0.00200 177.766400000000 
0.00250 158.209800000000 
0.00300 140.827200000000 
0.00350 126.274800000000 
0.00400 114.339800000000 
0.00450 103.048400000000 
0.00500 94.521600000000 
0.00550 85.994600000000 
0.00600 79.233800000000 
0.00650 72.956000000000 
0.00700 67.164600000000 
0.00750 62.430800000000 
0.00800 57.696800000000 
0.00850 53.820000000000 
0.00900 50.178800000000 
0.00950 46.695200000000 
0.01000 43.847200000000 
0.01050 40.999200000000 
0.01100 38.482200000000 
0.01150 36.222400000000 
0.01200 33.962400000000 
0.01250 32.093800000000 
0.01300 30.278000000000 
0.01350 28.515800000000 
0.01400 27.040800000000 
0.01450 25.565600000000 
0.01500 24.195400000000 
0.01550 22.985200000000 
0.01600 21.775000000000 
0.01650 20.689800000000 
0.01700 19.688340000000 
0.01750 18.686800000000 
0.01800 17.813540000000 
0.01850 16.978180000000 
0.01900 16.142840000000 
0.01950 15.429760000000 
0.02000 14.728100000000 
0.02050 14.029740000000 
0.02100 13.436620000000 
0.02150 12.843500000000 
0.02200 12.261140000000 
0.02250 11.756860000000 
0.02300 11.252600000000 
0.02350 10.762160000000 
0.02400 10.331200000000 
0.02450 9.900220000000 
0.02500 9.483520000000 
0.02550 9.113420000000 
0.02600 8.743320000000 
0.02650 8.386480000000 
0.02700 8.067280000000 
0.02750 7.748060000000 
0.02800 7.440280000000 
0.02850 7.163880000000 
0.02900 6.887460000000 
0.02950 6.620300000000 
0.03000 6.380060000000 
0.03050 6.139840000000 
0.03100 5.906580000000 
0.03150 5.697100000000 
0.03200 5.487620000000 
0.03250 5.282900000000 
0.03300 5.099680000000 
0.03350 4.916460000000 
0.03400 4.735920000000 
0.03450 4.575200000000 
0.03500 4.414500000000 
0.03550 4.254600000000 
0.03600 4.113260000000 
0.03650 3.971920000000 
0.03700 3.830600000000 
0.03750 3.705160000000 
0.03800 3.580580000000 
0.03850 3.455980000000 
0.03900 3.343620000000 
0.03950 3.233540000000 
0.04000 3.123460000000 
0.04050 3.022480000000 
0.04100 2.925040000000 
0.04150 2.827600000000 
0.04200 2.736560000000 
0.04250 2.650140000000 
0.04300 2.563700000000 
0.04350 2.481420000000 
0.04400 2.404640000000 
0.04450 2.327840000000 
0.04500 2.253280000000 
0.04550 2.184940000000 
0.04600 2.116600000000 
0.04650 2.048860000000 
0.04700 1.987942000000 
0.04750 1.927034000000 
0.04800 1.866124000000 
0.04850 1.810994000000 
0.04900 1.756628000000 
0.04950 1.702262000000 
0.05000 1.651774000000 
0.05050 1.603184000000 
0.05100 1.554592000000 
0.05150 1.508276000000 
0.05200 1.464794000000 
0.05250 1.421312000000 
0.05300 1.378750000000 
0.05350 1.339792000000 
0.05400 1.300834000000 
0.05450 1.261876000000 
0.05500 1.226718000000 
0.05550 1.191774000000 
0.05600 1.156832000000 
0.05650 1.124294000000 
0.05700 1.092916000000 
0.05750 1.061540000000 
0.05800 1.031392000000 
0.05850 1.003192000000 
0.05900 0.974990000000 
0.05950 0.947028000000 
0.06000 0.921654000000 
0.06050 0.896282000000 
0.06100 0.870908000000 
0.06150 0.847468000000 
0.06200 0.824616000000 
0.06250 0.801764000000 
0.06300 0.779890000000 
0.06350 0.759294000000 
0.06400 0.738698000000 
0.06450 0.718270000000 
0.06500 0.699688000000 
0.06550 0.681106000000 
0.06600 0.662522000000 
0.06650 0.645238000000 
0.06700 0.628460000000 
0.06750 0.611682000000 
0.06800 0.595452000000 
0.06850 0.580288000000 
0.06900 0.565124000000 
0.06950 0.549960000000 
0.07000 0.536166000000 
0.07050 0.522450000000 
0.07100 0.508736000000 
0.07150 0.495716000000 
0.07200 0.483302000000 
0.07250 0.470888000000 
0.07300 0.458602000000 
0.07350 0.447356000000 
0.07400 0.436110000000 
0.07450 0.424864000000 
0.07500 0.414322000000 
0.07550 0.404126000000 
0.07600 0.393930000000 
0.07650 0.383938000000 
0.07700 0.374686000000 
0.07750 0.365436000000 
0.07800 0.356184000000 
0.07850 0.347568000000 
0.07900 0.339170000000 
0.07950 0.330770000000 
0.08000 0.322570000000 
0.08050 0.314938000000 
0.08100 0.307306000000 
0.08150 0.299674000000 
0.08200 0.292568000000 
0.08250 0.285628000000 
0.08300 0.278686000000 
0.08350 0.271902000000 
0.08400 0.265586000000 
0.08450 0.259268000000 
0.08500 0.252952000000 
0.08550 0.247046000000 
0.08600 0.241292000000 
0.08650 0.235540000000 
0.08700 0.229882000000 
0.08750 0.224640000000 
0.08800 0.219398000000 
0.08850 0.214156000000 
0.08900 0.209208000000 
0.08950 0.204426000000 
0.09000 0.199643800000 
0.09050 0.194892400000 
0.09100 0.190528600000 
0.09150 0.186164600000 
0.09200 0.181800800000 
0.09250 0.177624800000 
0.09300 0.173639000000 
0.09350 0.169653200000 
0.09400 0.165667200000 
0.09450 0.161993600000 
0.09500 0.158351400000 
0.09550 0.154709200000 
0.09600 0.151162800000 
0.09650 0.147830800000 
0.09700 0.144498800000 
0.09750 0.141166800000 
0.09800 0.138032200000 
0.09850 0.134983600000 
0.09900 0.131934800000 
0.09950 0.128905400000 
0.10000 0.126113400000 
0.10050 0.123321400000 
0.10100 0.120529400000 
0.10150 0.117840600000 
0.10200 0.115282000000 
0.10250 0.112723400000 
0.10300 0.110165000000 
0.10350 0.107776200000 
0.10400 0.105430200000 
0.10450 0.103084200000 
0.10500 0.100766200000 
0.10550 0.098613800000 
0.10600 0.096461400000 
0.10650 0.094309000000 
0.10700 0.092241600000 
0.10750 0.090265600000 
0.10800 0.088289600000 
0.10850 0.086313600000 
0.10900 0.084468200000 
0.10950 0.082653200000 
0.11000 0.080838200000 
0.11050 0.079042000000 
0.11100 0.077373400000 
0.11150 0.075704800000 
0.11200 0.074036200000 
0.11250 0.072426600000 
0.11300 0.070893000000 
0.11350 0.069359400000 
0.11400 0.067825800000 
0.11450 0.066382400000 
0.11500 0.064971000000 
0.11550 0.063559600000 
0.11600 0.062151600000 
0.11650 0.060852600000 
0.11700 0.059553600000 
0.11750 0.058254600000 
0.11800 0.056988000000 
0.11850 0.055791400000 
0.11900 0.054594800000 
0.11950 0.053398200000 
0.12000 0.052257800000 
0.12050 0.051156200000 
0.12100 0.050054600000 
0.12150 0.048953000000 
0.12200 0.047925400000 
0.12250 0.046909800000 
0.12300 0.045894400000 
0.12350 0.044888200000 
0.12400 0.043951600000 
0.12450 0.043015200000 
0.12500 0.042078600000 
0.12550 0.041169200000 
0.12600 0.040305800000 
0.12650 0.039442400000 
0.12700 0.038578800000 
0.12750 0.037756800000 
0.12800 0.036960400000 
0.12850 0.036164200000 
0.12900 0.035368000000 
0.12950 0.034624000000 
0.13000 0.033889000000 
0.13050 0.033154200000 
0.13100 0.032423800000 
0.13150 0.031745800000 
0.13200 0.031068000000 
0.13250 0.030390200000 
0.13300 0.029727600000 
0.13350 0.029101800000 
0.13400 0.028476000000 
0.13450 0.027850200000 
0.13500 0.027248600000 
0.13550 0.026670800000 
0.13600 0.026093000000 
0.13650 0.025515200000 
0.13700 0.024969000000 
0.13750 0.024435800000 
0.13800 0.023902800000 
0.13850 0.023369600000 
0.13900 0.022873400000 
0.13950 0.022381000000 
0.14000 0.021888800000 
0.14050 0.021399800000 
0.14100 0.020945800000 
0.14150 0.020491800000 
0.14200 0.020037600000 
0.14250 0.019592640000 
0.14300 0.019173440000 
0.14350 0.018754240000 
0.14400 0.018335040000 
0.14450 0.017929600000 
0.14500 0.017542680000 
0.14550 0.017155760000 
0.14600 0.016768860000 
0.14650 0.016399280000 
0.14700 0.016042240000 
0.14750 0.015685200000 
0.14800 0.015328140000 
0.14850 0.014991400000 
0.14900 0.014662340000 
0.14950 0.014333280000 
0.15000 0.014004220000 
0.15050 0.013697140000 
0.15100 0.013393680000 
0.15150 0.013090200000 
0.15200 0.012786740000 
0.15250 0.012506540000 
0.15300 0.012226780000 
0.15350 0.011947000000 
0.15400 0.011669300000 
0.15450 0.011411800000 
0.15500 0.011154300000 
0.15550 0.010896800000 
0.15600 0.010643200000 
0.15650 0.010406040000 
0.15700 0.010168860000 
0.15750 0.009931700000 
0.15800 0.009699700000 
0.15850 0.009481120000 
0.15900 0.009262520000 
0.15950 0.009043940000 
0.16000 0.008831580000 
0.16050 0.008630760000 
0.16100 0.008429920000 
0.16150 0.008229100000 
0.16200 0.008034920000 
0.16250 0.007850280000 
0.16300 0.007665640000 
0.16350 0.007481000000 
0.16400 0.007303220000 
0.16450 0.007133600000 
0.16500 0.006963960000 
0.16550 0.006794320000 
0.16600 0.006631620000 
0.16650 0.006476120000 
0.16700 0.006320600000 
0.16750 0.006165100000 
0.16800 0.006016020000 
0.16850 0.005873160000 
0.16900 0.005730300000 
0.16950 0.005587440000 
0.17000 0.005450780000 
0.17050 0.005320040000 
0.17100 0.005189300000 
0.17150 0.005058580000 
0.17200 0.004933240000 
0.17250 0.004813340000 
0.17300 0.004693420000 
0.17350 0.004573500000 
0.17400 0.004458420000 
0.17450 0.004348700000 
0.17500 0.004239000000 
0.17550 0.004129280000 
0.17600 0.004023740000 
0.17650 0.003923640000 
0.17700 0.003823540000 
0.17750 0.003723440000 
0.17800 0.003626620000 
0.17850 0.003535220000 
0.17900 0.003443820000 
0.17950 0.003352420000 
0.18000 0.003263440000 
0.18050 0.003179920000 
0.18100 0.003096380000 
0.18150 0.003012840000 
0.18200 0.002930960000 
0.18250 0.002854860000 
0.18300 0.002778740000 
0.18350 0.002702620000 
0.18400 0.002627400000 
0.18450 0.002558260000 
0.18500 0.002489140000 
0.18550 0.002420000000 
0.18600 0.002350980000 
0.18650 0.002287980000 
0.18700 0.002225000000 
0.18750 0.002162020000 
0.18800 0.002099040000 
0.18850 0.002041340000 
0.18900 0.001984282000 
0.18950 0.001927224000 
0.19000 0.001870166000 
0.19050 0.001817042000 
0.19100 0.001765172000 
0.19150 0.001713302000 
0.19200 0.001661432000 
0.19250 0.001612568000 
0.19300 0.001565590000 
0.19350 0.001518612000 
0.19400 0.001471634000 
0.19450 0.001426732000 
0.19500 0.001384242000 
0.19550 0.001341752000 
0.19600 0.001299262000 
0.19650 0.001258024000 
0.19700 0.001219648000 
0.19750 0.001181272000 
0.19800 0.001142896000 
0.19850 0.001105054000 
0.19900 0.001070446000 
0.19950 0.001035838000 
0.20000 0.001001230000 
0.20050 0.000966622000 
0.20100 0.000935296000 
0.20150 0.000904046000 
0.20200 0.000872794000 
0.20250 0.000841544000 
0.20300 0.000812940000 
0.20350 0.000784938000 
0.20400 0.000756938000 
0.20450 0.000728938000 
0.20500 0.000702772000 
0.20550 0.000677574000 
0.20600 0.000652376000 
0.20650 0.000627178000 
0.20700 0.000603346000 
0.20750 0.000580866000 
0.20800 0.000558388000 
0.20850 0.000535908000 
0.20900 0.000514274000 
0.20950 0.000494130000 
0.21000 0.000473988000 
0.21050 0.000453844000 
0.21100 0.000434210000 
0.21150 0.000416212000 
0.21200 0.000398214000 
0.21250 0.000380216000 
0.21300 0.000362496000 
0.21350 0.000346584000 
0.21400 0.000330674000 
0.21450 0.000314762000 
0.21500 0.000298950000 
0.21550 0.000284834000 
0.21600 0.000270718000 
0.21650 0.000256602000 
0.21700 0.000242504000 
0.21750 0.000230140000 
0.21800 0.000217778000 
0.21850 0.000205416000 
0.21900 0.000193057600 
0.21950 0.000182211200 
0.22000 0.000171365000 
0.22050 0.000160518600 
0.22100 0.000149730400 
0.22150 0.000140297000 
0.22200 0.000130863400 
0.22250 0.000121430000 
0.22300 0.000112182800 
0.22350 0.000104145400 
0.22400 0.000096108000 
0.22450 0.000088070400 
0.22500 0.000080390600 
0.22550 0.000073594200 
0.22600 0.000066797800 
0.22650 0.000060001400 
0.22700 0.000053832600 
0.22750 0.000048257000 
0.22800 0.000042681200 
0.22850 0.000037105600 
0.22900 0.000032503400 
0.22950 0.000028112400 
0.23000 0.000023721600 
0.23050 0.000019588780 
0.23100 0.000016362780 
0.23150 0.000013136780 
0.23200 0.000009910800 
0.23250 0.000007572180 
0.23300 0.000005569020 
0.23350 0.000003565860 
