0.00000 281.108000000000 
0.00050 254.658000000000 
0.00100 228.210000000000 
0.00150 201.760000000000 
0.00200 175.310200000000 
0.00250 156.039200000000 
0.00300 138.909800000000 
0.00350 124.568400000000 
0.00400 112.805400000000 
0.00450 101.676400000000 
0.00500 93.271000000000 
0.00550 84.865400000000 
0.00600 78.199600000000 
0.00650 72.010000000000 
0.00700 66.299600000000 
0.00750 61.631200000000 
0.00800 56.962800000000 
0.00850 53.139200000000 
0.00900 49.547800000000 
0.00950 46.111600000000 
0.01000 43.302000000000 
0.01050 40.492600000000 
0.01100 38.009200000000 
0.01150 35.779400000000 
0.01200 33.549600000000 
0.01250 31.705600000000 
0.01300 29.913600000000 
0.01350 28.174600000000 
0.01400 26.718600000000 
0.01450 25.262600000000 
0.01500 23.910000000000 
0.01550 22.715400000000 
0.01600 21.520600000000 
0.01650 20.449400000000 
0.01700 19.460560000000 
0.01750 18.471700000000 
0.01800 17.609400000000 
0.01850 16.784500000000 
0.01900 15.959600000000 
0.01950 15.255340000000 
0.02000 14.562380000000 
0.02050 13.872640000000 
0.02100 13.286760000000 
0.02150 12.700900000000 
0.02200 12.125640000000 
0.02250 11.627460000000 
0.02300 11.129300000000 
0.02350 10.644760000000 
0.02400 10.218940000000 
0.02450 9.793100000000 
0.02500 9.381380000000 
0.02550 9.015660000000 
0.02600 8.649920000000 
0.02650 8.297280000000 
0.02700 7.981800000000 
0.02750 7.666320000000 
0.02800 7.362120000000 
0.02850 7.088900000000 
0.02900 6.815680000000 
0.02950 6.551580000000 
0.03000 6.314100000000 
0.03050 6.076620000000 
0.03100 5.846020000000 
0.03150 5.638900000000 
0.03200 5.431780000000 
0.03250 5.229380000000 
0.03300 5.048200000000 
0.03350 4.867020000000 
0.03400 4.688500000000 
0.03450 4.529560000000 
0.03500 4.370620000000 
0.03550 4.212480000000 
0.03600 4.072700000000 
0.03650 3.932900000000 
0.03700 3.793120000000 
0.03750 3.669040000000 
0.03800 3.545780000000 
0.03850 3.422540000000 
0.03900 3.311380000000 
0.03950 3.202480000000 
0.04000 3.093580000000 
0.04050 2.993660000000 
0.04100 2.897260000000 
0.04150 2.800840000000 
0.04200 2.710760000000 
0.04250 2.625240000000 
0.04300 2.539720000000 
0.04350 2.458280000000 
0.04400 2.382300000000 
0.04450 2.306300000000 
0.04500 2.232500000000 
0.04550 2.164860000000 
0.04600 2.097220000000 
0.04650 2.030160000000 
0.04700 1.969876000000 
0.04750 1.909582000000 
0.04800 1.849290000000 
0.04850 1.794712000000 
0.04900 1.740890000000 
0.04950 1.687068000000 
0.05000 1.637082000000 
0.05050 1.588974000000 
0.05100 1.540864000000 
0.05150 1.495004000000 
0.05200 1.451948000000 
0.05250 1.408892000000 
0.05300 1.366746000000 
0.05350 1.328166000000 
0.05400 1.289584000000 
0.05450 1.251004000000 
0.05500 1.216184000000 
0.05550 1.181576000000 
0.05600 1.146968000000 
0.05650 1.114740000000 
0.05700 1.083660000000 
0.05750 1.052582000000 
0.05800 1.022718000000 
0.05850 0.994782000000 
0.05900 0.966846000000 
0.05950 0.939146000000 
0.06000 0.914008000000 
0.06050 0.888870000000 
0.06100 0.863732000000 
0.06150 0.840508000000 
0.06200 0.817866000000 
0.06250 0.795226000000 
0.06300 0.773550000000 
0.06350 0.753142000000 
0.06400 0.732732000000 
0.06450 0.712490000000 
0.06500 0.694076000000 
0.06550 0.675660000000 
0.06600 0.657244000000 
0.06650 0.640114000000 
0.06700 0.623484000000 
0.06750 0.606856000000 
0.06800 0.590770000000 
0.06850 0.575740000000 
0.06900 0.560710000000 
0.06950 0.545680000000 
0.07000 0.532006000000 
0.07050 0.518410000000 
0.07100 0.504814000000 
0.07150 0.491908000000 
0.07200 0.479600000000 
0.07250 0.467294000000 
0.07300 0.455114000000 
0.07350 0.443964000000 
0.07400 0.432812000000 
0.07450 0.421662000000 
0.07500 0.411210000000 
0.07550 0.401100000000 
0.07600 0.390990000000 
0.07650 0.381082000000 
0.07700 0.371908000000 
0.07750 0.362734000000 
0.07800 0.353560000000 
0.07850 0.345016000000 
0.07900 0.336686000000 
0.07950 0.328354000000 
0.08000 0.320224000000 
0.08050 0.312654000000 
0.08100 0.305084000000 
0.08150 0.297514000000 
0.08200 0.290466000000 
0.08250 0.283582000000 
0.08300 0.276696000000 
0.08350 0.269966000000 
0.08400 0.263700000000 
0.08450 0.257434000000 
0.08500 0.251168000000 
0.08550 0.245308000000 
0.08600 0.239600000000 
0.08650 0.233892000000 
0.08700 0.228282000000 
0.08750 0.223080000000 
0.08800 0.217880000000 
0.08850 0.212678000000 
0.08900 0.207768000000 
0.08950 0.203024000000 
0.09000 0.198278200000 
0.09050 0.193563600000 
0.09100 0.189233200000 
0.09150 0.184902800000 
0.09200 0.180572400000 
0.09250 0.176428200000 
0.09300 0.172472600000 
0.09350 0.168517000000 
0.09400 0.164561400000 
0.09450 0.160915400000 
0.09500 0.157300400000 
0.09550 0.153685600000 
0.09600 0.150165600000 
0.09650 0.146858400000 
0.09700 0.143551000000 
0.09750 0.140243800000 
0.09800 0.137132400000 
0.09850 0.134106200000 
0.09900 0.131079800000 
0.09950 0.128072600000 
0.10000 0.125300800000 
0.10050 0.122529200000 
0.10100 0.119757400000 
0.10150 0.117088000000 
0.10200 0.114547800000 
0.10250 0.112007800000 
0.10300 0.109467600000 
0.10350 0.107095800000 
0.10400 0.104766600000 
0.10450 0.102437200000 
0.10500 0.100135800000 
0.10550 0.097998400000 
0.10600 0.095861200000 
0.10650 0.093723800000 
0.10700 0.091671000000 
0.10750 0.089708800000 
0.10800 0.087746600000 
0.10850 0.085784400000 
0.10900 0.083951600000 
0.10950 0.082149200000 
0.11000 0.080346600000 
0.11050 0.078562800000 
0.11100 0.076905600000 
0.11150 0.075248400000 
0.11200 0.073591000000 
0.11250 0.071992600000 
0.11300 0.070469200000 
0.11350 0.068945800000 
0.11400 0.067422600000 
0.11450 0.065988800000 
0.11500 0.064586800000 
0.11550 0.063184800000 
0.11600 0.061786400000 
0.11650 0.060496000000 
0.11700 0.059205400000 
0.11750 0.057915000000 
0.11800 0.056656800000 
0.11850 0.055468000000 
0.11900 0.054279200000 
0.11950 0.053090400000 
0.12000 0.051957400000 
0.12050 0.050863000000 
0.12100 0.049768400000 
0.12150 0.048674000000 
0.12200 0.047652800000 
0.12250 0.046643800000 
0.12300 0.045634800000 
0.12350 0.044635000000 
0.12400 0.043704400000 
0.12450 0.042773800000 
0.12500 0.041843200000 
0.12550 0.040939400000 
0.12600 0.040081400000 
0.12650 0.039223400000 
0.12700 0.038365400000 
0.12750 0.037548200000 
0.12800 0.036757000000 
0.12850 0.035965600000 
0.12900 0.035174400000 
0.12950 0.034434800000 
0.13000 0.033704400000 
0.13050 0.032974000000 
0.13100 0.032248000000 
0.13150 0.031574200000 
0.13200 0.030900400000 
0.13250 0.030226600000 
0.13300 0.029568200000 
0.13350 0.028946200000 
0.13400 0.028324000000 
0.13450 0.027702000000 
0.13500 0.027104000000 
0.13550 0.026529600000 
0.13600 0.025955200000 
0.13650 0.025380800000 
0.13700 0.024837800000 
0.13750 0.024307800000 
0.13800 0.023777800000 
0.13850 0.023247800000 
0.13900 0.022754400000 
0.13950 0.022265000000 
0.14000 0.021775600000 
0.14050 0.021289400000 
0.14100 0.020838000000 
0.14150 0.020386400000 
0.14200 0.019935000000 
0.14250 0.019492540000 
0.14300 0.019075720000 
0.14350 0.018658900000 
0.14400 0.018242080000 
0.14450 0.017838920000 
0.14500 0.017454160000 
0.14550 0.017069420000 
0.14600 0.016684660000 
0.14650 0.016317160000 
0.14700 0.015962080000 
0.14750 0.015607000000 
0.14800 0.015251940000 
0.14850 0.014917040000 
0.14900 0.014589780000 
0.14950 0.014262520000 
0.15000 0.013935260000 
0.15050 0.013629860000 
0.15100 0.013328040000 
0.15150 0.013026200000 
0.15200 0.012724380000 
0.15250 0.012445680000 
0.15300 0.012167420000 
0.15350 0.011889160000 
0.15400 0.011612940000 
0.15450 0.011356800000 
0.15500 0.011100660000 
0.15550 0.010844520000 
0.15600 0.010592260000 
0.15650 0.010356340000 
0.15700 0.010120420000 
0.15750 0.009884500000 
0.15800 0.009653700000 
0.15850 0.009436260000 
0.15900 0.009218800000 
0.15950 0.009001360000 
0.16000 0.008790100000 
0.16050 0.008590300000 
0.16100 0.008390500000 
0.16150 0.008190700000 
0.16200 0.007997500000 
0.16250 0.007813800000 
0.16300 0.007630100000 
0.16350 0.007446400000 
0.16400 0.007269520000 
0.16450 0.007100740000 
0.16500 0.006931960000 
0.16550 0.006763180000 
0.16600 0.006601280000 
0.16650 0.006446560000 
0.16700 0.006291820000 
0.16750 0.006137100000 
0.16800 0.005988740000 
0.16850 0.005846580000 
0.16900 0.005704420000 
0.16950 0.005562260000 
0.17000 0.005426280000 
0.17050 0.005296180000 
0.17100 0.005166080000 
0.17150 0.005035980000 
0.17200 0.004911260000 
0.17250 0.004791920000 
0.17300 0.004672580000 
0.17350 0.004553240000 
0.17400 0.004438720000 
0.17450 0.004329520000 
0.17500 0.004220340000 
0.17550 0.004111140000 
0.17600 0.004006100000 
0.17650 0.003906480000 
0.17700 0.003806840000 
0.17750 0.003707220000 
0.17800 0.003610860000 
0.17850 0.003519900000 
0.17900 0.003428920000 
0.17950 0.003337940000 
0.18000 0.003249380000 
0.18050 0.003166220000 
0.18100 0.003083080000 
0.18150 0.002999940000 
0.18200 0.002918440000 
0.18250 0.002842660000 
0.18300 0.002766900000 
0.18350 0.002691140000 
0.18400 0.002616240000 
0.18450 0.002547420000 
0.18500 0.002478620000 
0.18550 0.002409800000 
0.18600 0.002341080000 
0.18650 0.002278380000 
0.18700 0.002215680000 
0.18750 0.002152960000 
0.18800 0.002090260000 
0.18850 0.002032820000 
0.18900 0.001976020000 
0.18950 0.001919216000 
0.19000 0.001862410000 
0.19050 0.001809520000 
0.19100 0.001757878000 
0.19150 0.001706236000 
0.19200 0.001654594000 
0.19250 0.001605944000 
0.19300 0.001559170000 
0.19350 0.001512396000 
0.19400 0.001465622000 
0.19450 0.001420914000 
0.19500 0.001378608000 
0.19550 0.001336300000 
0.19600 0.001293992000 
0.19650 0.001252932000 
0.19700 0.001214720000 
0.19750 0.001176506000 
0.19800 0.001138294000 
0.19850 0.001100614000 
0.19900 0.001066152000 
0.19950 0.001031690000 
0.20000 0.000997226000 
0.20050 0.000962764000 
0.20100 0.000931570000 
0.20150 0.000900450000 
0.20200 0.000869330000 
0.20250 0.000838210000 
0.20300 0.000809724000 
0.20350 0.000781838000 
0.20400 0.000753954000 
0.20450 0.000726068000 
0.20500 0.000700010000 
0.20550 0.000674916000 
0.20600 0.000649822000 
0.20650 0.000624728000 
0.20700 0.000600994000 
0.20750 0.000578604000 
0.20800 0.000556216000 
0.20850 0.000533828000 
0.20900 0.000512280000 
0.20950 0.000492218000 
0.21000 0.000472156000 
0.21050 0.000452096000 
0.21100 0.000432540000 
0.21150 0.000414612000 
0.21200 0.000396686000 
0.21250 0.000378760000 
0.21300 0.000361110000 
0.21350 0.000345262000 
0.21400 0.000329414000 
0.21450 0.000313566000 
0.21500 0.000297816000 
0.21550 0.000283756000 
0.21600 0.000269694000 
0.21650 0.000255634000 
0.21700 0.000241590000 
0.21750 0.000229274000 
0.21800 0.000216960000 
0.21850 0.000204646000 
0.21900 0.000192334400 
0.21950 0.000181529800 
0.22000 0.000170725000 
0.22050 0.000159920200 
0.22100 0.000149173400 
0.22150 0.000139775800 
0.22200 0.000130378000 
0.22250 0.000120980400 
0.22300 0.000111768200 
0.22350 0.000103761000 
0.22400 0.000095753800 
0.22450 0.000087746600 
0.22500 0.000080095400 
0.22550 0.000073324400 
0.22600 0.000066553400 
0.22650 0.000059782200 
0.22700 0.000053636400 
0.22750 0.000048081200 
0.22800 0.000042526000 
0.22850 0.000036971000 
0.22900 0.000032385600 
0.22950 0.000028010800 
0.23000 0.000023635800 
0.23050 0.000019518200 
0.23100 0.000016303880 
0.23150 0.000013089560 
0.23200 0.000009875260 
0.23250 0.000007545080 
0.23300 0.000005549100 
0.23350 0.000003553140 
