0.00000 276.960000000000 
0.00050 250.916000000000 
0.00100 224.870000000000 
0.00150 198.825400000000 
0.00200 172.780400000000 
0.00250 153.803000000000 
0.00300 136.934200000000 
0.00350 122.810000000000 
0.00400 111.224200000000 
0.00450 100.262200000000 
0.00500 91.981600000000 
0.00550 83.700800000000 
0.00600 77.133200000000 
0.00650 71.034400000000 
0.00700 65.407400000000 
0.00750 60.806600000000 
0.00800 56.205600000000 
0.00850 52.436800000000 
0.00900 48.896600000000 
0.00950 45.509400000000 
0.01000 42.739400000000 
0.01050 39.969400000000 
0.01100 37.520800000000 
0.01150 35.322000000000 
0.01200 33.123200000000 
0.01250 31.304600000000 
0.01300 29.537200000000 
0.01350 27.822000000000 
0.01400 26.385800000000 
0.01450 24.949400000000 
0.01500 23.615200000000 
0.01550 22.436600000000 
0.01600 21.257800000000 
0.01650 20.200800000000 
0.01700 19.225100000000 
0.01750 18.249320000000 
0.01800 17.398320000000 
0.01850 16.584220000000 
0.01900 15.770120000000 
0.01950 15.074960000000 
0.02000 14.390940000000 
0.02050 13.710120000000 
0.02100 13.131740000000 
0.02150 12.553360000000 
0.02200 11.985440000000 
0.02250 11.493560000000 
0.02300 11.001680000000 
0.02350 10.523260000000 
0.02400 10.102740000000 
0.02450 9.682220000000 
0.02500 9.275640000000 
0.02550 8.914420000000 
0.02600 8.553200000000 
0.02650 8.204900000000 
0.02700 7.893260000000 
0.02750 7.581640000000 
0.02800 7.281140000000 
0.02850 7.011220000000 
0.02900 6.741300000000 
0.02950 6.480400000000 
0.03000 6.245740000000 
0.03050 6.011080000000 
0.03100 5.783240000000 
0.03150 5.578560000000 
0.03200 5.373900000000 
0.03250 5.173880000000 
0.03300 4.994820000000 
0.03350 4.815740000000 
0.03400 4.639320000000 
0.03450 4.482200000000 
0.03500 4.325100000000 
0.03550 4.168800000000 
0.03600 4.030600000000 
0.03650 3.892420000000 
0.03700 3.754220000000 
0.03750 3.631540000000 
0.03800 3.509700000000 
0.03850 3.387840000000 
0.03900 3.277920000000 
0.03950 3.170240000000 
0.04000 3.062560000000 
0.04050 2.963760000000 
0.04100 2.868420000000 
0.04150 2.773060000000 
0.04200 2.683980000000 
0.04250 2.599400000000 
0.04300 2.514800000000 
0.04350 2.434260000000 
0.04400 2.359080000000 
0.04450 2.283920000000 
0.04500 2.210920000000 
0.04550 2.144000000000 
0.04600 2.077080000000 
0.04650 2.010740000000 
0.04700 1.951096000000 
0.04750 1.891442000000 
0.04800 1.831788000000 
0.04850 1.777784000000 
0.04900 1.724526000000 
0.04950 1.671268000000 
0.05000 1.621804000000 
0.05050 1.574194000000 
0.05100 1.526582000000 
0.05150 1.481196000000 
0.05200 1.438582000000 
0.05250 1.395970000000 
0.05300 1.354256000000 
0.05350 1.316066000000 
0.05400 1.277878000000 
0.05450 1.239688000000 
0.05500 1.205218000000 
0.05550 1.170958000000 
0.05600 1.136698000000 
0.05650 1.104792000000 
0.05700 1.074022000000 
0.05750 1.043252000000 
0.05800 1.013686000000 
0.05850 0.986024000000 
0.05900 0.958362000000 
0.05950 0.930934000000 
0.06000 0.906042000000 
0.06050 0.881148000000 
0.06100 0.856256000000 
0.06150 0.833256000000 
0.06200 0.810832000000 
0.06250 0.788408000000 
0.06300 0.766942000000 
0.06350 0.746728000000 
0.06400 0.726512000000 
0.06450 0.706464000000 
0.06500 0.688222000000 
0.06550 0.669980000000 
0.06600 0.651738000000 
0.06650 0.634770000000 
0.06700 0.618296000000 
0.06750 0.601822000000 
0.06800 0.585886000000 
0.06850 0.570994000000 
0.06900 0.556102000000 
0.06950 0.541212000000 
0.07000 0.527662000000 
0.07050 0.514190000000 
0.07100 0.500718000000 
0.07150 0.487930000000 
0.07200 0.475734000000 
0.07250 0.463538000000 
0.07300 0.451470000000 
0.07350 0.440418000000 
0.07400 0.429368000000 
0.07450 0.418318000000 
0.07500 0.407958000000 
0.07550 0.397938000000 
0.07600 0.387916000000 
0.07650 0.378096000000 
0.07700 0.369002000000 
0.07750 0.359910000000 
0.07800 0.350816000000 
0.07850 0.342346000000 
0.07900 0.334088000000 
0.07950 0.325830000000 
0.08000 0.317770000000 
0.08050 0.310264000000 
0.08100 0.302758000000 
0.08150 0.295254000000 
0.08200 0.288268000000 
0.08250 0.281440000000 
0.08300 0.274614000000 
0.08350 0.267942000000 
0.08400 0.261728000000 
0.08450 0.255514000000 
0.08500 0.249302000000 
0.08550 0.243490000000 
0.08600 0.237830000000 
0.08650 0.232170000000 
0.08700 0.226604000000 
0.08750 0.221446000000 
0.08800 0.216288000000 
0.08850 0.211130000000 
0.08900 0.206260000000 
0.08950 0.201554000000 
0.09000 0.196847600000 
0.09050 0.192171600000 
0.09100 0.187876000000 
0.09150 0.183580400000 
0.09200 0.179285000000 
0.09250 0.175174200000 
0.09300 0.171250000000 
0.09350 0.167326000000 
0.09400 0.163402000000 
0.09450 0.159784800000 
0.09500 0.156198400000 
0.09550 0.152612200000 
0.09600 0.149119800000 
0.09650 0.145838400000 
0.09700 0.142557000000 
0.09750 0.139275600000 
0.09800 0.136188400000 
0.09850 0.133185600000 
0.09900 0.130182600000 
0.09950 0.127198600000 
0.10000 0.124448200000 
0.10050 0.121697600000 
0.10100 0.118947200000 
0.10150 0.116298200000 
0.10200 0.113777200000 
0.10250 0.111256400000 
0.10300 0.108735400000 
0.10350 0.106381400000 
0.10400 0.104069600000 
0.10450 0.101757800000 
0.10500 0.099473600000 
0.10550 0.097352200000 
0.10600 0.095230600000 
0.10650 0.093109200000 
0.10700 0.091071600000 
0.10750 0.089123800000 
0.10800 0.087176000000 
0.10850 0.085228200000 
0.10900 0.083408600000 
0.10950 0.081619200000 
0.11000 0.079829800000 
0.11050 0.078059000000 
0.11100 0.076413600000 
0.11150 0.074768400000 
0.11200 0.073123000000 
0.11250 0.071535800000 
0.11300 0.070023400000 
0.11350 0.068510800000 
0.11400 0.066998400000 
0.11450 0.065574800000 
0.11500 0.064182600000 
0.11550 0.062790600000 
0.11600 0.061401800000 
0.11650 0.060120400000 
0.11700 0.058839000000 
0.11750 0.057557600000 
0.11800 0.056307800000 
0.11850 0.055127400000 
0.11900 0.053946800000 
0.11950 0.052766200000 
0.12000 0.051641000000 
0.12050 0.050553800000 
0.12100 0.049466800000 
0.12150 0.048379800000 
0.12200 0.047365600000 
0.12250 0.046363400000 
0.12300 0.045361200000 
0.12350 0.044368200000 
0.12400 0.043443800000 
0.12450 0.042519400000 
0.12500 0.041595000000 
0.12550 0.040697200000 
0.12600 0.039844800000 
0.12650 0.038992400000 
0.12700 0.038140200000 
0.12750 0.037328400000 
0.12800 0.036542200000 
0.12850 0.035756200000 
0.12900 0.034970000000 
0.12950 0.034235200000 
0.13000 0.033509600000 
0.13050 0.032784000000 
0.13100 0.032062600000 
0.13150 0.031393200000 
0.13200 0.030723600000 
0.13250 0.030054200000 
0.13300 0.029399800000 
0.13350 0.028781800000 
0.13400 0.028163600000 
0.13450 0.027545400000 
0.13500 0.026951200000 
0.13550 0.026380400000 
0.13600 0.025809600000 
0.13650 0.025238800000 
0.13700 0.024699200000 
0.13750 0.024172400000 
0.13800 0.023645800000 
0.13850 0.023119000000 
0.13900 0.022628600000 
0.13950 0.022142200000 
0.14000 0.021655800000 
0.14050 0.021172800000 
0.14100 0.020724000000 
0.14150 0.020275200000 
0.14200 0.019826460000 
0.14250 0.019386680000 
0.14300 0.018972360000 
0.14350 0.018558040000 
0.14400 0.018143720000 
0.14450 0.017742960000 
0.14500 0.017360500000 
0.14550 0.016978020000 
0.14600 0.016595560000 
0.14650 0.016230220000 
0.14700 0.015877220000 
0.14750 0.015524240000 
0.14800 0.015171240000 
0.14850 0.014838300000 
0.14900 0.014512960000 
0.14950 0.014187600000 
0.15000 0.013862240000 
0.15050 0.013558580000 
0.15100 0.013258500000 
0.15150 0.012958400000 
0.15200 0.012658320000 
0.15250 0.012381200000 
0.15300 0.012104520000 
0.15350 0.011827840000 
0.15400 0.011553180000 
0.15450 0.011298500000 
0.15500 0.011043800000 
0.15550 0.010789100000 
0.15600 0.010538260000 
0.15650 0.010303640000 
0.15700 0.010069040000 
0.15750 0.009834440000 
0.15800 0.009604920000 
0.15850 0.009388680000 
0.15900 0.009172420000 
0.15950 0.008956160000 
0.16000 0.008746060000 
0.16050 0.008547360000 
0.16100 0.008348640000 
0.16150 0.008149940000 
0.16200 0.007957800000 
0.16250 0.007775080000 
0.16300 0.007592380000 
0.16350 0.007409660000 
0.16400 0.007233740000 
0.16450 0.007065860000 
0.16500 0.006897980000 
0.16550 0.006730100000 
0.16600 0.006569060000 
0.16650 0.006415160000 
0.16700 0.006261240000 
0.16750 0.006107340000 
0.16800 0.005959760000 
0.16850 0.005818340000 
0.16900 0.005676920000 
0.16950 0.005535520000 
0.17000 0.005400220000 
0.17050 0.005270800000 
0.17100 0.005141380000 
0.17150 0.005011960000 
0.17200 0.004887880000 
0.17250 0.004769160000 
0.17300 0.004650420000 
0.17350 0.004531700000 
0.17400 0.004417760000 
0.17450 0.004309120000 
0.17500 0.004200480000 
0.17550 0.004091860000 
0.17600 0.003987340000 
0.17650 0.003888220000 
0.17700 0.003789080000 
0.17750 0.003689960000 
0.17800 0.003594080000 
0.17850 0.003503560000 
0.17900 0.003413040000 
0.17950 0.003322520000 
0.18000 0.003234400000 
0.18050 0.003151660000 
0.18100 0.003068920000 
0.18150 0.002986180000 
0.18200 0.002905080000 
0.18250 0.002829680000 
0.18300 0.002754280000 
0.18350 0.002678900000 
0.18400 0.002604360000 
0.18450 0.002535880000 
0.18500 0.002467400000 
0.18550 0.002398920000 
0.18600 0.002330520000 
0.18650 0.002268120000 
0.18700 0.002205720000 
0.18750 0.002143320000 
0.18800 0.002080920000 
0.18850 0.002023740000 
0.18900 0.001967212000 
0.18950 0.001910676000 
0.19000 0.001854140000 
0.19050 0.001801498000 
0.19100 0.001750098000 
0.19150 0.001698698000 
0.19200 0.001647298000 
0.19250 0.001598876000 
0.19300 0.001552318000 
0.19350 0.001505762000 
0.19400 0.001459204000 
0.19450 0.001414704000 
0.19500 0.001372592000 
0.19550 0.001330480000 
0.19600 0.001288366000 
0.19650 0.001247494000 
0.19700 0.001209456000 
0.19750 0.001171418000 
0.19800 0.001133380000 
0.19850 0.001095870000 
0.19900 0.001061564000 
0.19950 0.001027258000 
0.20000 0.000992950000 
0.20050 0.000958644000 
0.20100 0.000927588000 
0.20150 0.000896608000 
0.20200 0.000865628000 
0.20250 0.000834646000 
0.20300 0.000806286000 
0.20350 0.000778526000 
0.20400 0.000750764000 
0.20450 0.000723002000 
0.20500 0.000697060000 
0.20550 0.000672076000 
0.20600 0.000647092000 
0.20650 0.000622108000 
0.20700 0.000598476000 
0.20750 0.000576186000 
0.20800 0.000553894000 
0.20850 0.000531602000 
0.20900 0.000510150000 
0.20950 0.000490174000 
0.21000 0.000470198000 
0.21050 0.000450224000 
0.21100 0.000430752000 
0.21150 0.000412902000 
0.21200 0.000395052000 
0.21250 0.000377202000 
0.21300 0.000359628000 
0.21350 0.000343846000 
0.21400 0.000328066000 
0.21450 0.000312284000 
0.21500 0.000296602000 
0.21550 0.000282600000 
0.21600 0.000268598000 
0.21650 0.000254596000 
0.21700 0.000240610000 
0.21750 0.000228346000 
0.21800 0.000216082000 
0.21850 0.000203820000 
0.21900 0.000191559800 
0.21950 0.000180799600 
0.22000 0.000170039200 
0.22050 0.000159279000 
0.22100 0.000148576400 
0.22150 0.000139217000 
0.22200 0.000129857600 
0.22250 0.000120498400 
0.22300 0.000111323800 
0.22350 0.000103349000 
0.22400 0.000095374000 
0.22450 0.000087399200 
0.22500 0.000079778800 
0.22550 0.000073035000 
0.22600 0.000066291000 
0.22650 0.000059547200 
0.22700 0.000053425800 
0.22750 0.000047892600 
0.22800 0.000042359600 
0.22850 0.000036826600 
0.22900 0.000032259200 
0.22950 0.000027901600 
0.23000 0.000023544000 
0.23050 0.000019442440 
0.23100 0.000016240660 
0.23150 0.000013038880 
0.23200 0.000009837100 
0.23250 0.000007515960 
0.23300 0.000005527700 
0.23350 0.000003539460 
