0.00000 272.154000000000 
0.00050 246.574000000000 
0.00100 220.992000000000 
0.00150 195.412400000000 
0.00200 169.831800000000 
0.00250 151.191400000000 
0.00300 134.621600000000 
0.00350 120.746600000000 
0.00400 109.364200000000 
0.00450 98.594400000000 
0.00500 90.457600000000 
0.00550 82.320800000000 
0.00600 75.866600000000 
0.00650 69.872800000000 
0.00700 64.342400000000 
0.00750 59.820000000000 
0.00800 55.297600000000 
0.00850 51.592400000000 
0.00900 48.112200000000 
0.00950 44.782000000000 
0.01000 42.058400000000 
0.01050 39.334800000000 
0.01100 36.927000000000 
0.01150 34.764800000000 
0.01200 32.602600000000 
0.01250 30.813800000000 
0.01300 29.075600000000 
0.01350 27.388800000000 
0.01400 25.976000000000 
0.01450 24.563000000000 
0.01500 23.250600000000 
0.01550 22.091000000000 
0.01600 20.931400000000 
0.01650 19.891520000000 
0.01700 18.931440000000 
0.01750 17.971380000000 
0.01800 17.134000000000 
0.01850 16.332900000000 
0.01900 15.531800000000 
0.01950 14.847700000000 
0.02000 14.174520000000 
0.02050 13.504500000000 
0.02100 12.935220000000 
0.02150 12.365940000000 
0.02200 11.806960000000 
0.02250 11.322780000000 
0.02300 10.838600000000 
0.02350 10.367660000000 
0.02400 9.953680000000 
0.02450 9.539700000000 
0.02500 9.139420000000 
0.02550 8.783780000000 
0.02600 8.428140000000 
0.02650 8.085200000000 
0.02700 7.778360000000 
0.02750 7.471500000000 
0.02800 7.175620000000 
0.02850 6.909800000000 
0.02900 6.644000000000 
0.02950 6.387060000000 
0.03000 6.155960000000 
0.03050 5.924860000000 
0.03100 5.700460000000 
0.03150 5.498880000000 
0.03200 5.297280000000 
0.03250 5.100260000000 
0.03300 4.923880000000 
0.03350 4.747500000000 
0.03400 4.573700000000 
0.03450 4.418940000000 
0.03500 4.264160000000 
0.03550 4.110180000000 
0.03600 3.974040000000 
0.03650 3.837880000000 
0.03700 3.701740000000 
0.03750 3.580860000000 
0.03800 3.460800000000 
0.03850 3.340740000000 
0.03900 3.232440000000 
0.03950 3.126320000000 
0.04000 3.020220000000 
0.04050 2.922860000000 
0.04100 2.828900000000 
0.04150 2.734940000000 
0.04200 2.647140000000 
0.04250 2.563760000000 
0.04300 2.480400000000 
0.04350 2.401020000000 
0.04400 2.326920000000 
0.04450 2.252840000000 
0.04500 2.180880000000 
0.04550 2.114920000000 
0.04600 2.048960000000 
0.04650 1.983576000000 
0.04700 1.924770000000 
0.04750 1.865964000000 
0.04800 1.807158000000 
0.04850 1.753918000000 
0.04900 1.701412000000 
0.04950 1.648908000000 
0.05000 1.600140000000 
0.05050 1.553198000000 
0.05100 1.506256000000 
0.05150 1.461506000000 
0.05200 1.419488000000 
0.05250 1.377472000000 
0.05300 1.336340000000 
0.05350 1.298682000000 
0.05400 1.261024000000 
0.05450 1.223366000000 
0.05500 1.189374000000 
0.05550 1.155586000000 
0.05600 1.121800000000 
0.05650 1.090334000000 
0.05700 1.059988000000 
0.05750 1.029642000000 
0.05800 1.000482000000 
0.05850 0.973198000000 
0.05900 0.945916000000 
0.05950 0.918864000000 
0.06000 0.894310000000 
0.06050 0.869756000000 
0.06100 0.845202000000 
0.06150 0.822514000000 
0.06200 0.800394000000 
0.06250 0.778276000000 
0.06300 0.757098000000 
0.06350 0.737156000000 
0.06400 0.717214000000 
0.06450 0.697436000000 
0.06500 0.679440000000 
0.06550 0.661442000000 
0.06600 0.643446000000 
0.06650 0.626704000000 
0.06700 0.610450000000 
0.06750 0.594196000000 
0.06800 0.578472000000 
0.06850 0.563778000000 
0.06900 0.549084000000 
0.06950 0.534392000000 
0.07000 0.521022000000 
0.07050 0.507728000000 
0.07100 0.494434000000 
0.07150 0.481814000000 
0.07200 0.469780000000 
0.07250 0.457744000000 
0.07300 0.445834000000 
0.07350 0.434928000000 
0.07400 0.424022000000 
0.07450 0.413116000000 
0.07500 0.402892000000 
0.07550 0.393002000000 
0.07600 0.383112000000 
0.07650 0.373420000000 
0.07700 0.364444000000 
0.07750 0.355468000000 
0.07800 0.346494000000 
0.07850 0.338132000000 
0.07900 0.329982000000 
0.07950 0.321830000000 
0.08000 0.313874000000 
0.08050 0.306464000000 
0.08100 0.299056000000 
0.08150 0.291648000000 
0.08200 0.284750000000 
0.08250 0.278010000000 
0.08300 0.271272000000 
0.08350 0.264684000000 
0.08400 0.258550000000 
0.08450 0.252416000000 
0.08500 0.246282000000 
0.08550 0.240544000000 
0.08600 0.234956000000 
0.08650 0.229368000000 
0.08700 0.223874000000 
0.08750 0.218780000000 
0.08800 0.213688000000 
0.08850 0.208594000000 
0.08900 0.203786000000 
0.08950 0.199138600000 
0.09000 0.194491400000 
0.09050 0.189874200000 
0.09100 0.185632400000 
0.09150 0.181390600000 
0.09200 0.177148800000 
0.09250 0.173089400000 
0.09300 0.169214200000 
0.09350 0.165339000000 
0.09400 0.161464000000 
0.09450 0.157891600000 
0.09500 0.154349800000 
0.09550 0.150808000000 
0.09600 0.147359000000 
0.09650 0.144118200000 
0.09700 0.140877400000 
0.09750 0.137636400000 
0.09800 0.134587200000 
0.09850 0.131621400000 
0.09900 0.128655400000 
0.09950 0.125708000000 
0.10000 0.122991200000 
0.10050 0.120274400000 
0.10100 0.117557600000 
0.10150 0.114941000000 
0.10200 0.112450800000 
0.10250 0.109960800000 
0.10300 0.107470600000 
0.10350 0.105145200000 
0.10400 0.102861400000 
0.10450 0.100577600000 
0.10500 0.098321200000 
0.10550 0.096225400000 
0.10600 0.094129600000 
0.10650 0.092033800000 
0.10700 0.090020800000 
0.10750 0.088096400000 
0.10800 0.086172200000 
0.10850 0.084247800000 
0.10900 0.082450200000 
0.10950 0.080682200000 
0.11000 0.078914400000 
0.11050 0.077164600000 
0.11100 0.075539000000 
0.11150 0.073913400000 
0.11200 0.072287600000 
0.11250 0.070719400000 
0.11300 0.069225000000 
0.11350 0.067730400000 
0.11400 0.066236000000 
0.11450 0.064829400000 
0.11500 0.063453600000 
0.11550 0.062078000000 
0.11600 0.060705800000 
0.11650 0.059439400000 
0.11700 0.058173200000 
0.11750 0.056906800000 
0.11800 0.055672000000 
0.11850 0.054505200000 
0.11900 0.053338600000 
0.11950 0.052171800000 
0.12000 0.051059800000 
0.12050 0.049985600000 
0.12100 0.048911200000 
0.12150 0.047837000000 
0.12200 0.046834600000 
0.12250 0.045844000000 
0.12300 0.044853400000 
0.12350 0.043872000000 
0.12400 0.042958400000 
0.12450 0.042044800000 
0.12500 0.041131000000 
0.12550 0.040243800000 
0.12600 0.039401200000 
0.12650 0.038558800000 
0.12700 0.037716200000 
0.12750 0.036914000000 
0.12800 0.036136800000 
0.12850 0.035359800000 
0.12900 0.034582800000 
0.12950 0.033856400000 
0.13000 0.033139000000 
0.13050 0.032421800000 
0.13100 0.031708800000 
0.13150 0.031047000000 
0.13200 0.030385000000 
0.13250 0.029723200000 
0.13300 0.029076400000 
0.13350 0.028465400000 
0.13400 0.027854200000 
0.13450 0.027243200000 
0.13500 0.026655800000 
0.13550 0.026091400000 
0.13600 0.025527000000 
0.13650 0.024962600000 
0.13700 0.024429200000 
0.13750 0.023908400000 
0.13800 0.023387800000 
0.13850 0.022867000000 
0.13900 0.022382200000 
0.13950 0.021901200000 
0.14000 0.021420200000 
0.14050 0.020942600000 
0.14100 0.020498800000 
0.14150 0.020055200000 
0.14200 0.019611440000 
0.14250 0.019176600000 
0.14300 0.018766920000 
0.14350 0.018357220000 
0.14400 0.017947540000 
0.14450 0.017551260000 
0.14500 0.017173060000 
0.14550 0.016794860000 
0.14600 0.016416660000 
0.14650 0.016055380000 
0.14700 0.015706320000 
0.14750 0.015357260000 
0.14800 0.015008180000 
0.14850 0.014678940000 
0.14900 0.014357180000 
0.14950 0.014035420000 
0.15000 0.013713680000 
0.15050 0.013413380000 
0.15100 0.013116600000 
0.15150 0.012819820000 
0.15200 0.012523040000 
0.15250 0.012248960000 
0.15300 0.011975320000 
0.15350 0.011701680000 
0.15400 0.011430060000 
0.15450 0.011178160000 
0.15500 0.010926260000 
0.15550 0.010674360000 
0.15600 0.010426260000 
0.15650 0.010194200000 
0.15700 0.009962160000 
0.15750 0.009730120000 
0.15800 0.009503120000 
0.15850 0.009289220000 
0.15900 0.009075320000 
0.15950 0.008861420000 
0.16000 0.008653600000 
0.16050 0.008457040000 
0.16100 0.008260480000 
0.16150 0.008063940000 
0.16200 0.007873880000 
0.16250 0.007693140000 
0.16300 0.007512420000 
0.16350 0.007331680000 
0.16400 0.007157660000 
0.16450 0.006991580000 
0.16500 0.006825520000 
0.16550 0.006659440000 
0.16600 0.006500140000 
0.16650 0.006347880000 
0.16700 0.006195620000 
0.16750 0.006043360000 
0.16800 0.005897380000 
0.16850 0.005757480000 
0.16900 0.005617580000 
0.16950 0.005477680000 
0.17000 0.005343840000 
0.17050 0.005215800000 
0.17100 0.005087760000 
0.17150 0.004959720000 
0.17200 0.004836960000 
0.17250 0.004719500000 
0.17300 0.004602040000 
0.17350 0.004484580000 
0.17400 0.004371840000 
0.17450 0.004264360000 
0.17500 0.004156880000 
0.17550 0.004049400000 
0.17600 0.003945980000 
0.17650 0.003847920000 
0.17700 0.003749840000 
0.17750 0.003651760000 
0.17800 0.003556900000 
0.17850 0.003467340000 
0.17900 0.003377760000 
0.17950 0.003288200000 
0.18000 0.003201000000 
0.18050 0.003119140000 
0.18100 0.003037260000 
0.18150 0.002955400000 
0.18200 0.002875140000 
0.18250 0.002800540000 
0.18300 0.002725940000 
0.18350 0.002651340000 
0.18400 0.002577580000 
0.18450 0.002509820000 
0.18500 0.002442060000 
0.18550 0.002374280000 
0.18600 0.002306620000 
0.18650 0.002244860000 
0.18700 0.002183120000 
0.18750 0.002121360000 
0.18800 0.002059600000 
0.18850 0.002003040000 
0.18900 0.001947086000 
0.18950 0.001891138000 
0.19000 0.001835192000 
0.19050 0.001783096000 
0.19100 0.001732230000 
0.19150 0.001681362000 
0.19200 0.001630496000 
0.19250 0.001582574000 
0.19300 0.001536500000 
0.19350 0.001490424000 
0.19400 0.001444350000 
0.19450 0.001400310000 
0.19500 0.001358632000 
0.19550 0.001316952000 
0.19600 0.001275274000 
0.19650 0.001234824000 
0.19700 0.001197178000 
0.19750 0.001159530000 
0.19800 0.001121884000 
0.19850 0.001084760000 
0.19900 0.001050806000 
0.19950 0.001016852000 
0.20000 0.000982898000 
0.20050 0.000948942000 
0.20100 0.000918206000 
0.20150 0.000887542000 
0.20200 0.000856878000 
0.20250 0.000826214000 
0.20300 0.000798144000 
0.20350 0.000770666000 
0.20400 0.000743190000 
0.20450 0.000715712000 
0.20500 0.000690032000 
0.20550 0.000665304000 
0.20600 0.000640574000 
0.20650 0.000615844000 
0.20700 0.000592454000 
0.20750 0.000570390000 
0.20800 0.000548324000 
0.20850 0.000526260000 
0.20900 0.000505024000 
0.20950 0.000485252000 
0.21000 0.000465478000 
0.21050 0.000445706000 
0.21100 0.000426432000 
0.21150 0.000408762000 
0.21200 0.000391092000 
0.21250 0.000373424000 
0.21300 0.000356026000 
0.21350 0.000340404000 
0.21400 0.000324782000 
0.21450 0.000309160000 
0.21500 0.000293636000 
0.21550 0.000279776000 
0.21600 0.000265914000 
0.21650 0.000252054000 
0.21700 0.000238208000 
0.21750 0.000226068000 
0.21800 0.000213928000 
0.21850 0.000201788000 
0.21900 0.000189651000 
0.21950 0.000178998600 
0.22000 0.000168346200 
0.22050 0.000157693800 
0.22100 0.000147098200 
0.22150 0.000137832400 
0.22200 0.000128566600 
0.22250 0.000119300800 
0.22300 0.000110218000 
0.22350 0.000102322600 
0.22400 0.000094427400 
0.22450 0.000086532000 
0.22500 0.000078987600 
0.22550 0.000072310800 
0.22600 0.000065634000 
0.22650 0.000058957200 
0.22700 0.000052896600 
0.22750 0.000047418600 
0.22800 0.000041940400 
0.22850 0.000036462400 
0.22900 0.000031940200 
0.22950 0.000027625800 
0.23000 0.000023311400 
0.23050 0.000019250460 
0.23100 0.000016080320 
0.23150 0.000012910200 
0.23200 0.000009740080 
0.23250 0.000007441860 
0.23300 0.000005473220 
0.23350 0.000003504580 
