0.00000 264.652000000000 
0.00050 239.778000000000 
0.00100 214.904000000000 
0.00150 190.030600000000 
0.00200 165.157000000000 
0.00250 147.031800000000 
0.00300 130.919800000000 
0.00350 117.428200000000 
0.00400 106.360000000000 
0.00450 95.887600000000 
0.00500 87.975400000000 
0.00550 80.063000000000 
0.00600 73.786600000000 
0.00650 67.958000000000 
0.00700 62.580000000000 
0.00750 58.182200000000 
0.00800 53.784200000000 
0.00850 50.181000000000 
0.00900 46.796400000000 
0.00950 43.558000000000 
0.01000 40.909200000000 
0.01050 38.260400000000 
0.01100 35.918800000000 
0.01150 33.816000000000 
0.01200 31.713000000000 
0.01250 29.973400000000 
0.01300 28.283000000000 
0.01350 26.642200000000 
0.01400 25.268200000000 
0.01450 23.894000000000 
0.01500 22.617600000000 
0.01550 21.489600000000 
0.01600 20.361800000000 
0.01650 19.350440000000 
0.01700 18.416640000000 
0.01750 17.482860000000 
0.01800 16.668380000000 
0.01850 15.889180000000 
0.01900 15.109980000000 
0.01950 14.444560000000 
0.02000 13.789800000000 
0.02050 13.138060000000 
0.02100 12.584340000000 
0.02150 12.030600000000 
0.02200 11.486880000000 
0.02250 11.015920000000 
0.02300 10.544940000000 
0.02350 10.086840000000 
0.02400 9.684140000000 
0.02450 9.281460000000 
0.02500 8.892080000000 
0.02550 8.546120000000 
0.02600 8.200180000000 
0.02650 7.866580000000 
0.02700 7.568080000000 
0.02750 7.269580000000 
0.02800 6.981740000000 
0.02850 6.723160000000 
0.02900 6.464580000000 
0.02950 6.214640000000 
0.03000 5.989820000000 
0.03050 5.765000000000 
0.03100 5.546700000000 
0.03150 5.350580000000 
0.03200 5.154480000000 
0.03250 4.962800000000 
0.03300 4.791200000000 
0.03350 4.619600000000 
0.03400 4.450520000000 
0.03450 4.299960000000 
0.03500 4.149380000000 
0.03550 3.999580000000 
0.03600 3.867120000000 
0.03650 3.734660000000 
0.03700 3.602200000000 
0.03750 3.484600000000 
0.03800 3.367780000000 
0.03850 3.250980000000 
0.03900 3.145600000000 
0.03950 3.042360000000 
0.04000 2.939140000000 
0.04050 2.844400000000 
0.04100 2.752980000000 
0.04150 2.661560000000 
0.04200 2.576120000000 
0.04250 2.495020000000 
0.04300 2.413900000000 
0.04350 2.336660000000 
0.04400 2.264580000000 
0.04450 2.192480000000 
0.04500 2.122460000000 
0.04550 2.058280000000 
0.04600 1.994106000000 
0.04650 1.930484000000 
0.04700 1.873264000000 
0.04750 1.816042000000 
0.04800 1.758822000000 
0.04850 1.707016000000 
0.04900 1.655924000000 
0.04950 1.604834000000 
0.05000 1.557378000000 
0.05050 1.511702000000 
0.05100 1.466024000000 
0.05150 1.422478000000 
0.05200 1.381590000000 
0.05250 1.340702000000 
0.05300 1.300678000000 
0.05350 1.264032000000 
0.05400 1.227386000000 
0.05450 1.190740000000 
0.05500 1.157660000000 
0.05550 1.124782000000 
0.05600 1.091902000000 
0.05650 1.061282000000 
0.05700 1.031750000000 
0.05750 1.002218000000 
0.05800 0.973840000000 
0.05850 0.947288000000 
0.05900 0.920736000000 
0.05950 0.894410000000 
0.06000 0.870514000000 
0.06050 0.846620000000 
0.06100 0.822724000000 
0.06150 0.800644000000 
0.06200 0.779116000000 
0.06250 0.757590000000 
0.06300 0.736980000000 
0.06350 0.717572000000 
0.06400 0.698164000000 
0.06450 0.678914000000 
0.06500 0.661398000000 
0.06550 0.643884000000 
0.06600 0.626368000000 
0.06650 0.610072000000 
0.06700 0.594254000000 
0.06750 0.578434000000 
0.06800 0.563130000000 
0.06850 0.548830000000 
0.06900 0.534528000000 
0.06950 0.520228000000 
0.07000 0.507214000000 
0.07050 0.494276000000 
0.07100 0.481336000000 
0.07150 0.469054000000 
0.07200 0.457340000000 
0.07250 0.445626000000 
0.07300 0.434032000000 
0.07350 0.423418000000 
0.07400 0.412802000000 
0.07450 0.402188000000 
0.07500 0.392234000000 
0.07550 0.382608000000 
0.07600 0.372982000000 
0.07650 0.363548000000 
0.07700 0.354812000000 
0.07750 0.346074000000 
0.07800 0.337338000000 
0.07850 0.329200000000 
0.07900 0.321266000000 
0.07950 0.313332000000 
0.08000 0.305586000000 
0.08050 0.298374000000 
0.08100 0.291162000000 
0.08150 0.283950000000 
0.08200 0.277238000000 
0.08250 0.270676000000 
0.08300 0.264116000000 
0.08350 0.257704000000 
0.08400 0.251734000000 
0.08450 0.245762000000 
0.08500 0.239790000000 
0.08550 0.234206000000 
0.08600 0.228766000000 
0.08650 0.223326000000 
0.08700 0.217976000000 
0.08750 0.213018000000 
0.08800 0.208060000000 
0.08850 0.203102000000 
0.08900 0.198421400000 
0.08950 0.193897400000 
0.09000 0.189373400000 
0.09050 0.184878400000 
0.09100 0.180749000000 
0.09150 0.176619600000 
0.09200 0.172490200000 
0.09250 0.168538200000 
0.09300 0.164765600000 
0.09350 0.160993000000 
0.09400 0.157220400000 
0.09450 0.153742600000 
0.09500 0.150294600000 
0.09550 0.146846400000 
0.09600 0.143488600000 
0.09650 0.140333400000 
0.09700 0.137178200000 
0.09750 0.134023000000 
0.09800 0.131054400000 
0.09850 0.128166800000 
0.09900 0.125279200000 
0.09950 0.122409800000 
0.10000 0.119764800000 
0.10050 0.117119600000 
0.10100 0.114474600000 
0.10150 0.111927000000 
0.10200 0.109502600000 
0.10250 0.107078200000 
0.10300 0.104653600000 
0.10350 0.102389600000 
0.10400 0.100166200000 
0.10450 0.097942600000 
0.10500 0.095745600000 
0.10550 0.093705000000 
0.10600 0.091664600000 
0.10650 0.089624000000 
0.10700 0.087664000000 
0.10750 0.085790400000 
0.10800 0.083916600000 
0.10850 0.082043000000 
0.10900 0.080292600000 
0.10950 0.078571400000 
0.11000 0.076850000000 
0.11050 0.075146400000 
0.11100 0.073563400000 
0.11150 0.071980600000 
0.11200 0.070397600000 
0.11250 0.068870600000 
0.11300 0.067415400000 
0.11350 0.065960400000 
0.11400 0.064505200000 
0.11450 0.063135400000 
0.11500 0.061796000000 
0.11550 0.060456400000 
0.11600 0.059120200000 
0.11650 0.057887200000 
0.11700 0.056654200000 
0.11750 0.055421200000 
0.11800 0.054218600000 
0.11850 0.053082600000 
0.11900 0.051946600000 
0.11950 0.050810400000 
0.12000 0.049727600000 
0.12050 0.048681400000 
0.12100 0.047635400000 
0.12150 0.046589200000 
0.12200 0.045613200000 
0.12250 0.044648600000 
0.12300 0.043684000000 
0.12350 0.042728400000 
0.12400 0.041838600000 
0.12450 0.040949000000 
0.12500 0.040059200000 
0.12550 0.039195200000 
0.12600 0.038374600000 
0.12650 0.037554200000 
0.12700 0.036733800000 
0.12750 0.035952400000 
0.12800 0.035195800000 
0.12850 0.034439000000 
0.12900 0.033682400000 
0.12950 0.032975000000 
0.13000 0.032276400000 
0.13050 0.031578000000 
0.13100 0.030883600000 
0.13150 0.030239000000 
0.13200 0.029594600000 
0.13250 0.028950000000 
0.13300 0.028320200000 
0.13350 0.027725000000 
0.13400 0.027129800000 
0.13450 0.026534600000 
0.13500 0.025962600000 
0.13550 0.025413000000 
0.13600 0.024863400000 
0.13650 0.024313800000 
0.13700 0.023794400000 
0.13750 0.023287200000 
0.13800 0.022780000000 
0.13850 0.022272800000 
0.13900 0.021800600000 
0.13950 0.021332200000 
0.14000 0.020864000000 
0.14050 0.020398600000 
0.14100 0.019966540000 
0.14150 0.019534400000 
0.14200 0.019102260000 
0.14250 0.018678780000 
0.14300 0.018279760000 
0.14350 0.017880760000 
0.14400 0.017481760000 
0.14450 0.017095820000 
0.14500 0.016727460000 
0.14550 0.016359120000 
0.14600 0.015990780000 
0.14650 0.015638900000 
0.14700 0.015298940000 
0.14750 0.014958960000 
0.14800 0.014619000000 
0.14850 0.014298320000 
0.14900 0.013984940000 
0.14950 0.013671560000 
0.15000 0.013358180000 
0.15050 0.013065700000 
0.15100 0.012776640000 
0.15150 0.012487580000 
0.15200 0.012198520000 
0.15250 0.011931600000 
0.15300 0.011665080000 
0.15350 0.011398540000 
0.15400 0.011133980000 
0.15450 0.010888640000 
0.15500 0.010643280000 
0.15550 0.010397920000 
0.15600 0.010156280000 
0.15650 0.009930260000 
0.15700 0.009704260000 
0.15750 0.009478240000 
0.15800 0.009257120000 
0.15850 0.009048780000 
0.15900 0.008840440000 
0.15950 0.008632100000 
0.16000 0.008429680000 
0.16050 0.008238220000 
0.16100 0.008046780000 
0.16150 0.007855320000 
0.16200 0.007670200000 
0.16250 0.007494160000 
0.16300 0.007318120000 
0.16350 0.007142080000 
0.16400 0.006972560000 
0.16450 0.006810800000 
0.16500 0.006649040000 
0.16550 0.006487280000 
0.16600 0.006332100000 
0.16650 0.006183800000 
0.16700 0.006035500000 
0.16750 0.005887180000 
0.16800 0.005744980000 
0.16850 0.005608700000 
0.16900 0.005472440000 
0.16950 0.005336160000 
0.17000 0.005205780000 
0.17050 0.005081060000 
0.17100 0.004956340000 
0.17150 0.004831620000 
0.17200 0.004712040000 
0.17250 0.004597620000 
0.17300 0.004483200000 
0.17350 0.004368780000 
0.17400 0.004258960000 
0.17450 0.004154260000 
0.17500 0.004049560000 
0.17550 0.003944860000 
0.17600 0.003844140000 
0.17650 0.003748600000 
0.17700 0.003653060000 
0.17750 0.003557520000 
0.17800 0.003465120000 
0.17850 0.003377860000 
0.17900 0.003290620000 
0.17950 0.003203380000 
0.18000 0.003118420000 
0.18050 0.003038680000 
0.18100 0.002958920000 
0.18150 0.002879180000 
0.18200 0.002801000000 
0.18250 0.002728320000 
0.18300 0.002655640000 
0.18350 0.002582980000 
0.18400 0.002511140000 
0.18450 0.002445120000 
0.18500 0.002379100000 
0.18550 0.002313080000 
0.18600 0.002247160000 
0.18650 0.002187000000 
0.18700 0.002126840000 
0.18750 0.002066700000 
0.18800 0.002006540000 
0.18850 0.001951422000 
0.18900 0.001896918000 
0.18950 0.001842416000 
0.19000 0.001787912000 
0.19050 0.001737162000 
0.19100 0.001687608000 
0.19150 0.001638054000 
0.19200 0.001588502000 
0.19250 0.001541816000 
0.19300 0.001496930000 
0.19350 0.001452044000 
0.19400 0.001407158000 
0.19450 0.001364254000 
0.19500 0.001323650000 
0.19550 0.001283048000 
0.19600 0.001242444000 
0.19650 0.001203038000 
0.19700 0.001166362000 
0.19750 0.001129684000 
0.19800 0.001093008000 
0.19850 0.001056844000 
0.19900 0.001023764000 
0.19950 0.000990684000 
0.20000 0.000957606000 
0.20050 0.000924526000 
0.20100 0.000894582000 
0.20150 0.000864708000 
0.20200 0.000834834000 
0.20250 0.000804960000 
0.20300 0.000777614000 
0.20350 0.000750844000 
0.20400 0.000724074000 
0.20450 0.000697304000 
0.20500 0.000672286000 
0.20550 0.000648194000 
0.20600 0.000624102000 
0.20650 0.000600008000 
0.20700 0.000577220000 
0.20750 0.000555724000 
0.20800 0.000534228000 
0.20850 0.000512732000 
0.20900 0.000492042000 
0.20950 0.000472778000 
0.21000 0.000453514000 
0.21050 0.000434250000 
0.21100 0.000415472000 
0.21150 0.000398258000 
0.21200 0.000381042000 
0.21250 0.000363828000 
0.21300 0.000346878000 
0.21350 0.000331658000 
0.21400 0.000316438000 
0.21450 0.000301218000 
0.21500 0.000286092000 
0.21550 0.000272588000 
0.21600 0.000259084000 
0.21650 0.000245578000 
0.21700 0.000232090000 
0.21750 0.000220262000 
0.21800 0.000208434000 
0.21850 0.000196605400 
0.21900 0.000184780800 
0.21950 0.000174402200 
0.22000 0.000164023400 
0.22050 0.000153644800 
0.22100 0.000143321600 
0.22150 0.000134293800 
0.22200 0.000125266000 
0.22250 0.000116238200 
0.22300 0.000107388800 
0.22350 0.000099696200 
0.22400 0.000092003600 
0.22450 0.000084311000 
0.22500 0.000076960400 
0.22550 0.000070455200 
0.22600 0.000063949800 
0.22650 0.000057444400 
0.22700 0.000051539400 
0.22750 0.000046201800 
0.22800 0.000040864400 
0.22850 0.000035526800 
0.22900 0.000031120800 
0.22950 0.000026917200 
0.23000 0.000022713400 
0.23050 0.000018756660 
0.23100 0.000015667860 
0.23150 0.000012579080 
0.23200 0.000009490280 
0.23250 0.000007251000 
0.23300 0.000005332860 
0.23350 0.000003414700 
