0.00000 136.938200000000 
0.00050 118.159800000000 
0.00100 99.381200000000 
0.00150 80.602800000000 
0.00200 61.824400000000 
0.00250 49.804600000000 
0.00300 39.801200000000 
0.00350 32.092600000000 
0.00400 26.506200000000 
0.00450 21.361200000000 
0.00500 18.112260000000 
0.00550 14.863300000000 
0.00600 12.630240000000 
0.00650 10.675180000000 
0.00700 8.954540000000 
0.00750 7.743600000000 
0.00800 6.532640000000 
0.00850 5.668440000000 
0.00900 4.899580000000 
0.00950 4.184340000000 
0.01000 3.685520000000 
0.01050 3.186700000000 
0.01100 2.782980000000 
0.01150 2.453200000000 
0.01200 2.123400000000 
0.01250 1.888810000000 
0.01300 1.667088000000 
0.01350 1.456458000000 
0.01400 1.305148000000 
0.01450 1.153840000000 
0.01500 1.021012000000 
0.01550 0.916360000000 
0.01600 0.811710000000 
0.01650 0.725888000000 
0.01700 0.652626000000 
0.01750 0.579364000000 
0.01800 0.522626000000 
0.01850 0.470772000000 
0.01900 0.418920000000 
0.01950 0.380586000000 
0.02000 0.343518000000 
0.02050 0.306760000000 
0.02100 0.280016000000 
0.02150 0.253274000000 
0.02200 0.227412000000 
0.02250 0.207956000000 
0.02300 0.188499400000 
0.02350 0.170022800000 
0.02400 0.155758800000 
0.02450 0.141494800000 
0.02500 0.128106800000 
0.02550 0.117574800000 
0.02600 0.107042800000 
0.02650 0.097215200000 
0.02700 0.089387400000 
0.02750 0.081559800000 
0.02800 0.074259400000 
0.02850 0.068406200000 
0.02900 0.062552800000 
0.02950 0.057070600000 
0.03000 0.052668800000 
0.03050 0.048267000000 
0.03100 0.044109000000 
0.03150 0.040781200000 
0.03200 0.037453600000 
0.03250 0.034270800000 
0.03300 0.031742800000 
0.03350 0.029214800000 
0.03400 0.026758400000 
0.03450 0.024828800000 
0.03500 0.022899400000 
0.03550 0.020989000000 
0.03600 0.019510120000 
0.03650 0.018031180000 
0.03700 0.016552240000 
0.03750 0.015396840000 
0.03800 0.014258620000 
0.03850 0.013120420000 
0.03900 0.012200120000 
0.03950 0.011320780000 
0.04000 0.010441440000 
0.04050 0.009704140000 
0.04100 0.009022360000 
0.04150 0.008340580000 
0.04200 0.007746800000 
0.04250 0.007216380000 
0.04300 0.006685980000 
0.04350 0.006205520000 
0.04400 0.005791540000 
0.04450 0.005377560000 
0.04500 0.004987100000 
0.04550 0.004663020000 
0.04600 0.004338920000 
0.04650 0.004020380000 
0.04700 0.003765920000 
0.04750 0.003511440000 
0.04800 0.003256960000 
0.04850 0.003050300000 
0.04900 0.002849940000 
0.04950 0.002649580000 
0.05000 0.002477560000 
0.05050 0.002319380000 
0.05100 0.002161200000 
0.05150 0.002017720000 
0.05200 0.001892526000 
0.05250 0.001767340000 
0.05300 0.001647410000 
0.05350 0.001548088000 
0.05400 0.001448764000 
0.05450 0.001349440000 
0.05500 0.001269362000 
0.05550 0.001190372000 
0.05600 0.001111382000 
0.05650 0.001043202000 
0.05700 0.000980240000 
0.05750 0.000917278000 
0.05800 0.000859220000 
0.05850 0.000808922000 
0.05900 0.000758626000 
0.05950 0.000709176000 
0.06000 0.000668910000 
0.06050 0.000628646000 
0.06100 0.000588380000 
0.06150 0.000554218000 
0.06200 0.000521916000 
0.06250 0.000489614000 
0.06300 0.000460056000 
0.06350 0.000434090000 
0.06400 0.000408126000 
0.06450 0.000382586000 
0.06500 0.000361672000 
0.06550 0.000340760000 
0.06600 0.000319846000 
0.06650 0.000301840000 
0.06700 0.000284962000 
0.06750 0.000268086000 
0.06800 0.000252310000 
0.06850 0.000238666000 
0.06900 0.000225022000 
0.06950 0.000211378000 
0.07000 0.000200186000 
0.07050 0.000189133800 
0.07100 0.000178082400 
0.07150 0.000168146800 
0.07200 0.000159179400 
0.07250 0.000150212000 
0.07300 0.000141429600 
0.07350 0.000134140400 
0.07400 0.000126851200 
0.07450 0.000119561800 
0.07500 0.000113179800 
0.07550 0.000107244400 
0.07600 0.000101309000 
0.07650 0.000095609200 
0.07700 0.000090767800 
0.07750 0.000085926400 
0.07800 0.000081085200 
0.07850 0.000076904600 
0.07900 0.000072949200 
0.07950 0.000068993600 
0.08000 0.000065226600 
0.08050 0.000061989400 
0.08100 0.000058752400 
0.08150 0.000055515200 
0.08200 0.000052724200 
0.08250 0.000050070800 
0.08300 0.000047417400 
0.08350 0.000044884000 
0.08400 0.000042705400 
0.08450 0.000040526800 
0.08500 0.000038348400 
0.08550 0.000036451400 
0.08600 0.000034660000 
0.08650 0.000032868600 
0.08700 0.000031137000 
0.08750 0.000029661600 
0.08800 0.000028186200 
0.08850 0.000026710800 
0.08900 0.000025400200 
0.08950 0.000024183400 
0.09000 0.000022966400 
0.09050 0.000021765000 
0.09100 0.000020759800 
0.09150 0.000019754540 
0.09200 0.000018749280 
0.09250 0.000017830320 
0.09300 0.000016998680 
0.09350 0.000016167040 
0.09400 0.000015335400 
0.09450 0.000014633380 
0.09500 0.000013944380 
0.09550 0.000013255400 
0.09600 0.000012602620 
0.09650 0.000012030980 
0.09700 0.000011459340 
0.09750 0.000010887720 
0.09800 0.000010383520 
0.09850 0.000009908580 
0.09900 0.000009433660 
0.09950 0.000008964720 
0.10000 0.000008569600 
0.10050 0.000008174480 
0.10100 0.000007779360 
0.10150 0.000007413400 
0.10200 0.000007084220 
0.10250 0.000006755060 
0.10300 0.000006425900 
0.10350 0.000006140320 
0.10400 0.000005865740 
0.10450 0.000005591160 
0.10500 0.000005323160 
0.10550 0.000005093800 
0.10600 0.000004864460 
0.10650 0.000004635100 
0.10700 0.000004423880 
0.10750 0.000004232060 
0.10800 0.000004040260 
0.10850 0.000003848460 
0.10900 0.000003681920 
0.10950 0.000003521320 
0.11000 0.000003360700 
0.11050 0.000003203440 
0.11100 0.000003068800 
0.11150 0.000002934140 
0.11200 0.000002799500 
0.11250 0.000002674340 
0.11300 0.000002561320 
0.11350 0.000002448320 
0.11400 0.000002335300 
0.11450 0.000002235620 
0.11500 0.000002140660 
0.11550 0.000002045700 
0.11600 0.000001951208 
0.11650 0.000001871324 
0.11700 0.000001791438 
0.11750 0.000001711554 
0.11800 0.000001635646 
0.11850 0.000001568372 
0.11900 0.000001501100 
0.11950 0.000001433826 
0.12000 0.000001372796 
0.12050 0.000001316086 
0.12100 0.000001259376 
0.12150 0.000001202666 
0.12200 0.000001153558 
0.12250 0.000001105704 
0.12300 0.000001057848 
0.12350 0.000001010872 
0.12400 0.000000970450 
0.12450 0.000000930028 
0.12500 0.000000889606 
0.12550 0.000000851494 
0.12600 0.000000817318 
0.12650 0.000000783144 
0.12700 0.000000748968 
0.12750 0.000000718018 
0.12800 0.000000689098 
0.12850 0.000000660178 
0.12900 0.000000631258 
0.12950 0.000000606098 
0.13000 0.000000581604 
0.13050 0.000000557110 
0.13100 0.000000532902 
0.13150 0.000000512140 
0.13200 0.000000491378 
0.13250 0.000000470616 
0.13300 0.000000450786 
0.13350 0.000000433172 
0.13400 0.000000415560 
0.13450 0.000000397946 
0.13500 0.000000381682 
0.13550 0.000000366728 
0.13600 0.000000351776 
0.13650 0.000000336824 
0.13700 0.000000323464 
0.13750 0.000000310762 
0.13800 0.000000298058 
0.13850 0.000000285356 
0.13900 0.000000274370 
0.13950 0.000000263570 
0.14000 0.000000252772 
0.14050 0.000000242110 
0.14100 0.000000232924 
0.14150 0.000000223738 
0.14200 0.000000214552 
0.14250 0.000000205722 
0.14300 0.000000197903 
0.14350 0.000000190083 
0.14400 0.000000182264 
0.14450 0.000000174939 
0.14500 0.000000168279 
0.14550 0.000000161620 
0.14600 0.000000154960 
0.14650 0.000000148873 
0.14700 0.000000143198 
0.14750 0.000000137524 
0.14800 0.000000131849 
0.14850 0.000000126782 
0.14900 0.000000121944 
0.14950 0.000000117107 
0.15000 0.000000112270 
0.15050 0.000000108044 
0.15100 0.000000103918 
0.15150 0.000000099792 
0.15200 0.000000095666 
0.15250 0.000000092134 
0.15300 0.000000088614 
0.15350 0.000000085094 
0.15400 0.000000081621 
0.15450 0.000000078616 
0.15500 0.000000075611 
0.15550 0.000000072607 
0.15600 0.000000069686 
0.15650 0.000000067121 
0.15700 0.000000064555 
0.15750 0.000000061989 
0.15800 0.000000059527 
0.15850 0.000000057336 
0.15900 0.000000055144 
0.15950 0.000000052952 
0.16000 0.000000050873 
0.16050 0.000000049000 
0.16100 0.000000047128 
0.16150 0.000000045256 
0.16200 0.000000043495 
0.16250 0.000000041895 
0.16300 0.000000040295 
0.16350 0.000000038695 
0.16400 0.000000037202 
0.16450 0.000000035834 
0.16500 0.000000034466 
0.16550 0.000000033099 
0.16600 0.000000031828 
0.16650 0.000000030659 
0.16700 0.000000029490 
0.16750 0.000000028321 
0.16800 0.000000027238 
0.16850 0.000000026238 
0.16900 0.000000025239 
0.16950 0.000000024239 
0.17000 0.000000023313 
0.17050 0.000000022458 
0.17100 0.000000021604 
0.17150 0.000000020749 
0.17200 0.000000019956 
0.17250 0.000000019224 
0.17300 0.000000018493 
0.17350 0.000000017762 
0.17400 0.000000017081 
0.17450 0.000000016455 
0.17500 0.000000015830 
0.17550 0.000000015204 
0.17600 0.000000014618 
0.17650 0.000000014083 
0.17700 0.000000013549 
0.17750 0.000000013014 
0.17800 0.000000012508 
0.17850 0.000000012051 
0.17900 0.000000011593 
0.17950 0.000000011136 
0.18000 0.000000010699 
0.18050 0.000000010307 
0.18100 0.000000009916 
0.18150 0.000000009524 
0.18200 0.000000009145 
0.18250 0.000000008810 
0.18300 0.000000008476 
0.18350 0.000000008141 
0.18400 0.000000007812 
0.18450 0.000000007526 
0.18500 0.000000007240 
0.18550 0.000000006953 
0.18600 0.000000006668 
0.18650 0.000000006423 
0.18700 0.000000006178 
0.18750 0.000000005933 
0.18800 0.000000005688 
0.18850 0.000000005475 
0.18900 0.000000005266 
0.18950 0.000000005057 
0.19000 0.000000004847 
0.19050 0.000000004661 
0.19100 0.000000004482 
0.19150 0.000000004303 
0.19200 0.000000004124 
0.19250 0.000000003961 
0.19300 0.000000003808 
0.19350 0.000000003655 
0.19400 0.000000003502 
0.19450 0.000000003359 
0.19500 0.000000003228 
0.19550 0.000000003098 
0.19600 0.000000002967 
0.19650 0.000000002842 
0.19700 0.000000002730 
0.19750 0.000000002619 
0.19800 0.000000002507 
0.19850 0.000000002398 
0.19900 0.000000002302 
0.19950 0.000000002207 
0.20000 0.000000002112 
0.20050 0.000000002016 
0.20100 0.000000001935 
0.20150 0.000000001853 
0.20200 0.000000001772 
0.20250 0.000000001691 
0.20300 0.000000001619 
0.20350 0.000000001550 
0.20400 0.000000001480 
0.20450 0.000000001411 
0.20500 0.000000001348 
0.20550 0.000000001289 
0.20600 0.000000001230 
0.20650 0.000000001171 
0.20700 0.000000001116 
0.20750 0.000000001066 
0.20800 0.000000001016 
0.20850 0.000000000966 
0.20900 0.000000000918 
0.20950 0.000000000876 
0.21000 0.000000000833 
0.21050 0.000000000790 
0.21100 0.000000000749 
0.21150 0.000000000713 
0.21200 0.000000000676 
0.21250 0.000000000640 
0.21300 0.000000000605 
0.21350 0.000000000574 
0.21400 0.000000000543 
0.21450 0.000000000513 
0.21500 0.000000000482 
0.21550 0.000000000456 
0.21600 0.000000000431 
0.21650 0.000000000405 
0.21700 0.000000000379 
0.21750 0.000000000357 
0.21800 0.000000000335 
0.21850 0.000000000314 
0.21900 0.000000000292 
0.21950 0.000000000274 
0.22000 0.000000000256 
0.22050 0.000000000238 
0.22100 0.000000000220 
0.22150 0.000000000204 
0.22200 0.000000000189 
0.22250 0.000000000174 
0.22300 0.000000000160 
0.22350 0.000000000147 
0.22400 0.000000000135 
0.22450 0.000000000123 
0.22500 0.000000000111 
0.22550 0.000000000101 
0.22600 0.000000000091 
0.22650 0.000000000081 
0.22700 0.000000000072 
0.22750 0.000000000064 
0.22800 0.000000000056 
0.22850 0.000000000049 
0.22900 0.000000000042 
0.22950 0.000000000036 
0.23000 0.000000000030 
0.23050 0.000000000025 
0.23100 0.000000000021 
0.23150 0.000000000017 
0.23200 0.000000000012 
0.23250 0.000000000009 
0.23300 0.000000000007 
0.23350 0.000000000004 
