0.00000 145.042600000000 
0.00050 125.152800000000 
0.00100 105.263000000000 
0.00150 85.373200000000 
0.00200 65.483400000000 
0.00250 52.752200000000 
0.00300 42.156800000000 
0.00350 33.991800000000 
0.00400 28.075000000000 
0.00450 22.625400000000 
0.00500 19.184180000000 
0.00550 15.742940000000 
0.00600 13.377740000000 
0.00650 11.306960000000 
0.00700 9.484480000000 
0.00750 8.201880000000 
0.00800 6.919260000000 
0.00850 6.003920000000 
0.00900 5.189540000000 
0.00950 4.431980000000 
0.01000 3.903640000000 
0.01050 3.375300000000 
0.01100 2.947680000000 
0.01150 2.598380000000 
0.01200 2.249080000000 
0.01250 2.000600000000 
0.01300 1.765750000000 
0.01350 1.542654000000 
0.01400 1.382390000000 
0.01450 1.222126000000 
0.01500 1.081438000000 
0.01550 0.970592000000 
0.01600 0.859748000000 
0.01650 0.768848000000 
0.01700 0.691250000000 
0.01750 0.613652000000 
0.01800 0.553556000000 
0.01850 0.498634000000 
0.01900 0.443712000000 
0.01950 0.403110000000 
0.02000 0.363848000000 
0.02050 0.324914000000 
0.02100 0.296588000000 
0.02150 0.268262000000 
0.02200 0.240870000000 
0.02250 0.220262000000 
0.02300 0.199655400000 
0.02350 0.180085200000 
0.02400 0.164977000000 
0.02450 0.149868800000 
0.02500 0.135688400000 
0.02550 0.124533200000 
0.02600 0.113377800000 
0.02650 0.102968600000 
0.02700 0.094677600000 
0.02750 0.086386600000 
0.02800 0.078654400000 
0.02850 0.072454600000 
0.02900 0.066254800000 
0.02950 0.060448200000 
0.03000 0.055786000000 
0.03050 0.051123600000 
0.03100 0.046719400000 
0.03150 0.043194800000 
0.03200 0.039670200000 
0.03250 0.036299200000 
0.03300 0.033621400000 
0.03350 0.030943800000 
0.03400 0.028342000000 
0.03450 0.026298400000 
0.03500 0.024254600000 
0.03550 0.022231200000 
0.03600 0.020664800000 
0.03650 0.019098300000 
0.03700 0.017531840000 
0.03750 0.016308080000 
0.03800 0.015102500000 
0.03850 0.013896920000 
0.03900 0.012922140000 
0.03950 0.011990780000 
0.04000 0.011059400000 
0.04050 0.010278460000 
0.04100 0.009556320000 
0.04150 0.008834200000 
0.04200 0.008205280000 
0.04250 0.007643480000 
0.04300 0.007081660000 
0.04350 0.006572780000 
0.04400 0.006134300000 
0.04450 0.005695800000 
0.04500 0.005282260000 
0.04550 0.004938980000 
0.04600 0.004595700000 
0.04650 0.004258320000 
0.04700 0.003988780000 
0.04750 0.003719260000 
0.04800 0.003449720000 
0.04850 0.003230820000 
0.04900 0.003018600000 
0.04950 0.002806380000 
0.05000 0.002624180000 
0.05050 0.002456640000 
0.05100 0.002289120000 
0.05150 0.002137120000 
0.05200 0.002004540000 
0.05250 0.001871936000 
0.05300 0.001744908000 
0.05350 0.001639706000 
0.05400 0.001534504000 
0.05450 0.001429302000 
0.05500 0.001344486000 
0.05550 0.001260822000 
0.05600 0.001177156000 
0.05650 0.001104942000 
0.05700 0.001038254000 
0.05750 0.000971566000 
0.05800 0.000910070000 
0.05850 0.000856798000 
0.05900 0.000803524000 
0.05950 0.000751148000 
0.06000 0.000708498000 
0.06050 0.000665850000 
0.06100 0.000623202000 
0.06150 0.000587018000 
0.06200 0.000552804000 
0.06250 0.000518590000 
0.06300 0.000487284000 
0.06350 0.000459782000 
0.06400 0.000432280000 
0.06450 0.000405228000 
0.06500 0.000383076000 
0.06550 0.000360926000 
0.06600 0.000338776000 
0.06650 0.000319702000 
0.06700 0.000301828000 
0.06750 0.000283952000 
0.06800 0.000267242000 
0.06850 0.000252792000 
0.06900 0.000238340000 
0.06950 0.000223888000 
0.07000 0.000212032000 
0.07050 0.000200328000 
0.07100 0.000188621800 
0.07150 0.000178098200 
0.07200 0.000168600000 
0.07250 0.000159102000 
0.07300 0.000149799800 
0.07350 0.000142079200 
0.07400 0.000134358600 
0.07450 0.000126637800 
0.07500 0.000119878200 
0.07550 0.000113591400 
0.07600 0.000107304800 
0.07650 0.000101267600 
0.07700 0.000096139600 
0.07750 0.000091011800 
0.07800 0.000085884000 
0.07850 0.000081456000 
0.07900 0.000077266400 
0.07950 0.000073076800 
0.08000 0.000069086800 
0.08050 0.000065658200 
0.08100 0.000062229400 
0.08150 0.000058800800 
0.08200 0.000055844600 
0.08250 0.000053034200 
0.08300 0.000050223600 
0.08350 0.000047540200 
0.08400 0.000045232800 
0.08450 0.000042925400 
0.08500 0.000040618000 
0.08550 0.000038608800 
0.08600 0.000036711400 
0.08650 0.000034813800 
0.08700 0.000032979800 
0.08750 0.000031417000 
0.08800 0.000029854400 
0.08850 0.000028291600 
0.08900 0.000026903600 
0.08950 0.000025614600 
0.09000 0.000024325600 
0.09050 0.000023053200 
0.09100 0.000021988400 
0.09150 0.000020923600 
0.09200 0.000019858900 
0.09250 0.000018885560 
0.09300 0.000018004700 
0.09350 0.000017123840 
0.09400 0.000016243000 
0.09450 0.000015499420 
0.09500 0.000014769640 
0.09550 0.000014039880 
0.09600 0.000013348460 
0.09650 0.000012743000 
0.09700 0.000012137540 
0.09750 0.000011532080 
0.09800 0.000010998040 
0.09850 0.000010495000 
0.09900 0.000009991980 
0.09950 0.000009495280 
0.10000 0.000009076780 
0.10050 0.000008658260 
0.10100 0.000008239760 
0.10150 0.000007852140 
0.10200 0.000007503480 
0.10250 0.000007154840 
0.10300 0.000006806200 
0.10350 0.000006503720 
0.10400 0.000006212880 
0.10450 0.000005922060 
0.10500 0.000005638180 
0.10550 0.000005395260 
0.10600 0.000005152340 
0.10650 0.000004909420 
0.10700 0.000004685680 
0.10750 0.000004482540 
0.10800 0.000004279380 
0.10850 0.000004076220 
0.10900 0.000003899820 
0.10950 0.000003729720 
0.11000 0.000003559600 
0.11050 0.000003393020 
0.11100 0.000003250420 
0.11150 0.000003107800 
0.11200 0.000002965180 
0.11250 0.000002832600 
0.11300 0.000002712900 
0.11350 0.000002593200 
0.11400 0.000002473500 
0.11450 0.000002367940 
0.11500 0.000002267360 
0.11550 0.000002166760 
0.11600 0.000002066680 
0.11650 0.000001982072 
0.11700 0.000001897460 
0.11750 0.000001812848 
0.11800 0.000001732448 
0.11850 0.000001661194 
0.11900 0.000001589938 
0.11950 0.000001518684 
0.12000 0.000001454042 
0.12050 0.000001393976 
0.12100 0.000001333908 
0.12150 0.000001273842 
0.12200 0.000001221830 
0.12250 0.000001171142 
0.12300 0.000001120454 
0.12350 0.000001070698 
0.12400 0.000001027884 
0.12450 0.000000985068 
0.12500 0.000000942254 
0.12550 0.000000901888 
0.12600 0.000000865690 
0.12650 0.000000829492 
0.12700 0.000000793294 
0.12750 0.000000760512 
0.12800 0.000000729880 
0.12850 0.000000699250 
0.12900 0.000000668618 
0.12950 0.000000641968 
0.13000 0.000000616024 
0.13050 0.000000590080 
0.13100 0.000000564440 
0.13150 0.000000542450 
0.13200 0.000000520460 
0.13250 0.000000498468 
0.13300 0.000000477464 
0.13350 0.000000458810 
0.13400 0.000000440154 
0.13450 0.000000421498 
0.13500 0.000000404270 
0.13550 0.000000388432 
0.13600 0.000000372594 
0.13650 0.000000356758 
0.13700 0.000000342608 
0.13750 0.000000329154 
0.13800 0.000000315698 
0.13850 0.000000302244 
0.13900 0.000000290608 
0.13950 0.000000279170 
0.14000 0.000000267730 
0.14050 0.000000256440 
0.14100 0.000000246710 
0.14150 0.000000236980 
0.14200 0.000000227250 
0.14250 0.000000217898 
0.14300 0.000000209616 
0.14350 0.000000201334 
0.14400 0.000000193051 
0.14450 0.000000185292 
0.14500 0.000000178239 
0.14550 0.000000171185 
0.14600 0.000000164131 
0.14650 0.000000157684 
0.14700 0.000000151673 
0.14750 0.000000145663 
0.14800 0.000000139652 
0.14850 0.000000134285 
0.14900 0.000000129161 
0.14950 0.000000124038 
0.15000 0.000000118914 
0.15050 0.000000114438 
0.15100 0.000000110068 
0.15150 0.000000105698 
0.15200 0.000000101328 
0.15250 0.000000097587 
0.15300 0.000000093858 
0.15350 0.000000090130 
0.15400 0.000000086451 
0.15450 0.000000083269 
0.15500 0.000000080086 
0.15550 0.000000076904 
0.15600 0.000000073810 
0.15650 0.000000071093 
0.15700 0.000000068375 
0.15750 0.000000065658 
0.15800 0.000000063050 
0.15850 0.000000060729 
0.15900 0.000000058408 
0.15950 0.000000056086 
0.16000 0.000000053883 
0.16050 0.000000051900 
0.16100 0.000000049917 
0.16150 0.000000047934 
0.16200 0.000000046070 
0.16250 0.000000044375 
0.16300 0.000000042680 
0.16350 0.000000040986 
0.16400 0.000000039403 
0.16450 0.000000037955 
0.16500 0.000000036506 
0.16550 0.000000035058 
0.16600 0.000000033712 
0.16650 0.000000032474 
0.16700 0.000000031236 
0.16750 0.000000029997 
0.16800 0.000000028850 
0.16850 0.000000027791 
0.16900 0.000000026732 
0.16950 0.000000025673 
0.17000 0.000000024693 
0.17050 0.000000023787 
0.17100 0.000000022882 
0.17150 0.000000021977 
0.17200 0.000000021137 
0.17250 0.000000020362 
0.17300 0.000000019588 
0.17350 0.000000018813 
0.17400 0.000000018092 
0.17450 0.000000017429 
0.17500 0.000000016767 
0.17550 0.000000016104 
0.17600 0.000000015483 
0.17650 0.000000014917 
0.17700 0.000000014350 
0.17750 0.000000013784 
0.17800 0.000000013248 
0.17850 0.000000012764 
0.17900 0.000000012279 
0.17950 0.000000011795 
0.18000 0.000000011332 
0.18050 0.000000010917 
0.18100 0.000000010502 
0.18150 0.000000010088 
0.18200 0.000000009687 
0.18250 0.000000009332 
0.18300 0.000000008977 
0.18350 0.000000008623 
0.18400 0.000000008274 
0.18450 0.000000007971 
0.18500 0.000000007668 
0.18550 0.000000007365 
0.18600 0.000000007062 
0.18650 0.000000006803 
0.18700 0.000000006544 
0.18750 0.000000006284 
0.18800 0.000000006025 
0.18850 0.000000005799 
0.18900 0.000000005577 
0.18950 0.000000005356 
0.19000 0.000000005134 
0.19050 0.000000004937 
0.19100 0.000000004747 
0.19150 0.000000004558 
0.19200 0.000000004368 
0.19250 0.000000004195 
0.19300 0.000000004033 
0.19350 0.000000003871 
0.19400 0.000000003709 
0.19450 0.000000003558 
0.19500 0.000000003419 
0.19550 0.000000003281 
0.19600 0.000000003143 
0.19650 0.000000003010 
0.19700 0.000000002892 
0.19750 0.000000002774 
0.19800 0.000000002655 
0.19850 0.000000002540 
0.19900 0.000000002439 
0.19950 0.000000002338 
0.20000 0.000000002237 
0.20050 0.000000002136 
0.20100 0.000000002049 
0.20150 0.000000001963 
0.20200 0.000000001877 
0.20250 0.000000001791 
0.20300 0.000000001715 
0.20350 0.000000001641 
0.20400 0.000000001568 
0.20450 0.000000001495 
0.20500 0.000000001428 
0.20550 0.000000001366 
0.20600 0.000000001303 
0.20650 0.000000001240 
0.20700 0.000000001183 
0.20750 0.000000001129 
0.20800 0.000000001076 
0.20850 0.000000001023 
0.20900 0.000000000973 
0.20950 0.000000000927 
0.21000 0.000000000882 
0.21050 0.000000000837 
0.21100 0.000000000793 
0.21150 0.000000000755 
0.21200 0.000000000716 
0.21250 0.000000000678 
0.21300 0.000000000640 
0.21350 0.000000000608 
0.21400 0.000000000575 
0.21450 0.000000000543 
0.21500 0.000000000511 
0.21550 0.000000000483 
0.21600 0.000000000456 
0.21650 0.000000000429 
0.21700 0.000000000401 
0.21750 0.000000000378 
0.21800 0.000000000355 
0.21850 0.000000000332 
0.21900 0.000000000309 
0.21950 0.000000000290 
0.22000 0.000000000271 
0.22050 0.000000000252 
0.22100 0.000000000233 
0.22150 0.000000000217 
0.22200 0.000000000201 
0.22250 0.000000000185 
0.22300 0.000000000169 
0.22350 0.000000000156 
0.22400 0.000000000143 
0.22450 0.000000000130 
0.22500 0.000000000118 
0.22550 0.000000000107 
0.22600 0.000000000096 
0.22650 0.000000000086 
0.22700 0.000000000076 
0.22750 0.000000000068 
0.22800 0.000000000060 
0.22850 0.000000000052 
0.22900 0.000000000045 
0.22950 0.000000000039 
0.23000 0.000000000032 
0.23050 0.000000000026 
0.23100 0.000000000022 
0.23150 0.000000000018 
0.23200 0.000000000013 
0.23250 0.000000000010 
0.23300 0.000000000007 
0.23350 0.000000000005 
