0.00000 257.438000000000 
0.00050 233.232000000000 
0.00100 209.028000000000 
0.00150 184.823000000000 
0.00200 160.618200000000 
0.00250 142.983000000000 
0.00300 127.307600000000 
0.00350 114.182600000000 
0.00400 103.416200000000 
0.00450 93.229600000000 
0.00500 85.534000000000 
0.00550 77.838400000000 
0.00600 71.734400000000 
0.00650 66.066000000000 
0.00700 60.836000000000 
0.00750 56.559400000000 
0.00800 52.283000000000 
0.00850 48.779400000000 
0.00900 45.488400000000 
0.00950 42.339600000000 
0.01000 39.764400000000 
0.01050 37.189200000000 
0.01100 34.912600000000 
0.01150 32.868200000000 
0.01200 30.823800000000 
0.01250 29.132600000000 
0.01300 27.489200000000 
0.01350 25.894200000000 
0.01400 24.558400000000 
0.01450 23.222800000000 
0.01500 21.981800000000 
0.01550 20.885600000000 
0.01600 19.789280000000 
0.01650 18.806160000000 
0.01700 17.898500000000 
0.01750 16.990860000000 
0.01800 16.199220000000 
0.01850 15.441860000000 
0.01900 14.684520000000 
0.01950 14.037780000000 
0.02000 13.401380000000 
0.02050 12.767940000000 
0.02100 12.229760000000 
0.02150 11.691600000000 
0.02200 11.163160000000 
0.02250 10.705420000000 
0.02300 10.247700000000 
0.02350 9.802480000000 
0.02400 9.411120000000 
0.02450 9.019760000000 
0.02500 8.641340000000 
0.02550 8.305140000000 
0.02600 7.968920000000 
0.02650 7.644740000000 
0.02700 7.354640000000 
0.02750 7.064560000000 
0.02800 6.784820000000 
0.02850 6.533540000000 
0.02900 6.282260000000 
0.02950 6.039360000000 
0.03000 5.820880000000 
0.03050 5.602400000000 
0.03100 5.390240000000 
0.03150 5.199660000000 
0.03200 5.009080000000 
0.03250 4.822820000000 
0.03300 4.656080000000 
0.03350 4.489320000000 
0.03400 4.325020000000 
0.03450 4.178700000000 
0.03500 4.032360000000 
0.03550 3.886800000000 
0.03600 3.758080000000 
0.03650 3.629360000000 
0.03700 3.500640000000 
0.03750 3.386360000000 
0.03800 3.272840000000 
0.03850 3.159340000000 
0.03900 3.056920000000 
0.03950 2.956620000000 
0.04000 2.856300000000 
0.04050 2.764240000000 
0.04100 2.675400000000 
0.04150 2.586560000000 
0.04200 2.503540000000 
0.04250 2.424720000000 
0.04300 2.345900000000 
0.04350 2.270840000000 
0.04400 2.200780000000 
0.04450 2.130740000000 
0.04500 2.062700000000 
0.04550 2.000320000000 
0.04600 1.937960000000 
0.04650 1.876134000000 
0.04700 1.820528000000 
0.04750 1.764924000000 
0.04800 1.709318000000 
0.04850 1.658976000000 
0.04900 1.609326000000 
0.04950 1.559678000000 
0.05000 1.513564000000 
0.05050 1.469174000000 
0.05100 1.424786000000 
0.05150 1.382470000000 
0.05200 1.342736000000 
0.05250 1.303002000000 
0.05300 1.264108000000 
0.05350 1.228496000000 
0.05400 1.192884000000 
0.05450 1.157274000000 
0.05500 1.125126000000 
0.05550 1.093174000000 
0.05600 1.061224000000 
0.05650 1.031466000000 
0.05700 1.002766000000 
0.05750 0.974068000000 
0.05800 0.946490000000 
0.05850 0.920688000000 
0.05900 0.894886000000 
0.05950 0.869300000000 
0.06000 0.846078000000 
0.06050 0.822856000000 
0.06100 0.799634000000 
0.06150 0.778176000000 
0.06200 0.757256000000 
0.06250 0.736336000000 
0.06300 0.716308000000 
0.06350 0.697446000000 
0.06400 0.678584000000 
0.06450 0.659878000000 
0.06500 0.642856000000 
0.06550 0.625834000000 
0.06600 0.608810000000 
0.06650 0.592974000000 
0.06700 0.577600000000 
0.06750 0.562226000000 
0.06800 0.547354000000 
0.06850 0.533456000000 
0.06900 0.519558000000 
0.06950 0.505658000000 
0.07000 0.493012000000 
0.07050 0.480436000000 
0.07100 0.467862000000 
0.07150 0.455924000000 
0.07200 0.444540000000 
0.07250 0.433154000000 
0.07300 0.421888000000 
0.07350 0.411572000000 
0.07400 0.401254000000 
0.07450 0.390938000000 
0.07500 0.381266000000 
0.07550 0.371910000000 
0.07600 0.362554000000 
0.07650 0.353384000000 
0.07700 0.344894000000 
0.07750 0.336402000000 
0.07800 0.327912000000 
0.07850 0.320002000000 
0.07900 0.312290000000 
0.07950 0.304578000000 
0.08000 0.297050000000 
0.08050 0.290042000000 
0.08100 0.283032000000 
0.08150 0.276022000000 
0.08200 0.269498000000 
0.08250 0.263122000000 
0.08300 0.256744000000 
0.08350 0.250512000000 
0.08400 0.244708000000 
0.08450 0.238906000000 
0.08500 0.233102000000 
0.08550 0.227672000000 
0.08600 0.222386000000 
0.08650 0.217098000000 
0.08700 0.211898000000 
0.08750 0.207080000000 
0.08800 0.202260000000 
0.08850 0.197441600000 
0.08900 0.192891600000 
0.08950 0.188494200000 
0.09000 0.184097000000 
0.09050 0.179727800000 
0.09100 0.175714000000 
0.09150 0.171700400000 
0.09200 0.167686600000 
0.09250 0.163845200000 
0.09300 0.160178200000 
0.09350 0.156511200000 
0.09400 0.152844200000 
0.09450 0.149463600000 
0.09500 0.146112000000 
0.09550 0.142760200000 
0.09600 0.139496400000 
0.09650 0.136429400000 
0.09700 0.133362400000 
0.09750 0.130295400000 
0.09800 0.127409800000 
0.09850 0.124603000000 
0.09900 0.121796000000 
0.09950 0.119006800000 
0.10000 0.116435600000 
0.10050 0.113864400000 
0.10100 0.111293200000 
0.10150 0.108816800000 
0.10200 0.106460200000 
0.10250 0.104103400000 
0.10300 0.101746600000 
0.10350 0.099545800000 
0.10400 0.097384400000 
0.10450 0.095222800000 
0.10500 0.093087200000 
0.10550 0.091103600000 
0.10600 0.089120000000 
0.10650 0.087136400000 
0.10700 0.085231000000 
0.10750 0.083409600000 
0.10800 0.081588200000 
0.10850 0.079766800000 
0.10900 0.078065400000 
0.10950 0.076392000000 
0.11000 0.074718600000 
0.11050 0.073062400000 
0.11100 0.071523600000 
0.11150 0.069984800000 
0.11200 0.068446000000 
0.11250 0.066961600000 
0.11300 0.065547000000 
0.11350 0.064132400000 
0.11400 0.062717600000 
0.11450 0.061386200000 
0.11500 0.060084000000 
0.11550 0.058781600000 
0.11600 0.057482800000 
0.11650 0.056284000000 
0.11700 0.055085200000 
0.11750 0.053886600000 
0.11800 0.052717600000 
0.11850 0.051613000000 
0.11900 0.050508600000 
0.11950 0.049404200000 
0.12000 0.048351400000 
0.12050 0.047334400000 
0.12100 0.046317400000 
0.12150 0.045300200000 
0.12200 0.044351400000 
0.12250 0.043413600000 
0.12300 0.042475800000 
0.12350 0.041546600000 
0.12400 0.040681600000 
0.12450 0.039816600000 
0.12500 0.038951600000 
0.12550 0.038111600000 
0.12600 0.037314000000 
0.12650 0.036516200000 
0.12700 0.035718600000 
0.12750 0.034959000000 
0.12800 0.034223200000 
0.12850 0.033487600000 
0.12900 0.032751800000 
0.12950 0.032064200000 
0.13000 0.031385000000 
0.13050 0.030705800000 
0.13100 0.030030600000 
0.13150 0.029404000000 
0.13200 0.028777400000 
0.13250 0.028150800000 
0.13300 0.027538400000 
0.13350 0.026959600000 
0.13400 0.026381000000 
0.13450 0.025802400000 
0.13500 0.025246200000 
0.13550 0.024711800000 
0.13600 0.024177400000 
0.13650 0.023643200000 
0.13700 0.023138000000 
0.13750 0.022644800000 
0.13800 0.022151800000 
0.13850 0.021658600000 
0.13900 0.021199600000 
0.13950 0.020744200000 
0.14000 0.020288800000 
0.14050 0.019836340000 
0.14100 0.019416160000 
0.14150 0.018995980000 
0.14200 0.018575800000 
0.14250 0.018164040000 
0.14300 0.017776060000 
0.14350 0.017388100000 
0.14400 0.017000140000 
0.14450 0.016624860000 
0.14500 0.016266700000 
0.14550 0.015908540000 
0.14600 0.015550360000 
0.14650 0.015208240000 
0.14700 0.014877660000 
0.14750 0.014547080000 
0.14800 0.014216500000 
0.14850 0.013904680000 
0.14900 0.013599960000 
0.14950 0.013295240000 
0.15000 0.012990520000 
0.15050 0.012706120000 
0.15100 0.012425060000 
0.15150 0.012143980000 
0.15200 0.011862900000 
0.15250 0.011603340000 
0.15300 0.011344160000 
0.15350 0.011085000000 
0.15400 0.010827740000 
0.15450 0.010589160000 
0.15500 0.010350580000 
0.15550 0.010112000000 
0.15600 0.009877020000 
0.15650 0.009657240000 
0.15700 0.009437460000 
0.15750 0.009217680000 
0.15800 0.009002660000 
0.15850 0.008800060000 
0.15900 0.008597460000 
0.15950 0.008394860000 
0.16000 0.008198040000 
0.16050 0.008011860000 
0.16100 0.007825680000 
0.16150 0.007639500000 
0.16200 0.007459500000 
0.16250 0.007288300000 
0.16300 0.007117100000 
0.16350 0.006945920000 
0.16400 0.006781080000 
0.16450 0.006623760000 
0.16500 0.006466460000 
0.16550 0.006309160000 
0.16600 0.006158260000 
0.16650 0.006014020000 
0.16700 0.005869800000 
0.16750 0.005725580000 
0.16800 0.005587300000 
0.16850 0.005454760000 
0.16900 0.005322240000 
0.16950 0.005189720000 
0.17000 0.005062940000 
0.17050 0.004941640000 
0.17100 0.004820360000 
0.17150 0.004699060000 
0.17200 0.004582780000 
0.17250 0.004471500000 
0.17300 0.004360220000 
0.17350 0.004248960000 
0.17400 0.004142160000 
0.17450 0.004040340000 
0.17500 0.003938520000 
0.17550 0.003836700000 
0.17600 0.003738740000 
0.17650 0.003645820000 
0.17700 0.003552900000 
0.17750 0.003460000000 
0.17800 0.003370120000 
0.17850 0.003285280000 
0.17900 0.003200420000 
0.17950 0.003115580000 
0.18000 0.003032960000 
0.18050 0.002955400000 
0.18100 0.002877840000 
0.18150 0.002800280000 
0.18200 0.002724260000 
0.18250 0.002653580000 
0.18300 0.002582900000 
0.18350 0.002512220000 
0.18400 0.002442340000 
0.18450 0.002378140000 
0.18500 0.002313940000 
0.18550 0.002249740000 
0.18600 0.002185620000 
0.18650 0.002127120000 
0.18700 0.002068600000 
0.18750 0.002010100000 
0.18800 0.001951596000 
0.18850 0.001897994000 
0.18900 0.001844986000 
0.18950 0.001791978000 
0.19000 0.001738970000 
0.19050 0.001689612000 
0.19100 0.001641418000 
0.19150 0.001593222000 
0.19200 0.001545028000 
0.19250 0.001499622000 
0.19300 0.001455966000 
0.19350 0.001412312000 
0.19400 0.001368656000 
0.19450 0.001326928000 
0.19500 0.001287436000 
0.19550 0.001247946000 
0.19600 0.001208456000 
0.19650 0.001170128000 
0.19700 0.001134458000 
0.19750 0.001098786000 
0.19800 0.001063114000 
0.19850 0.001027940000 
0.19900 0.000995766000 
0.19950 0.000963594000 
0.20000 0.000931420000 
0.20050 0.000899246000 
0.20100 0.000870122000 
0.20150 0.000841066000 
0.20200 0.000812010000 
0.20250 0.000782954000 
0.20300 0.000756356000 
0.20350 0.000730320000 
0.20400 0.000704282000 
0.20450 0.000678246000 
0.20500 0.000653912000 
0.20550 0.000630480000 
0.20600 0.000607046000 
0.20650 0.000583612000 
0.20700 0.000561448000 
0.20750 0.000540540000 
0.20800 0.000519630000 
0.20850 0.000498722000 
0.20900 0.000478600000 
0.20950 0.000459862000 
0.21000 0.000441126000 
0.21050 0.000422388000 
0.21100 0.000404124000 
0.21150 0.000387380000 
0.21200 0.000370634000 
0.21250 0.000353890000 
0.21300 0.000337404000 
0.21350 0.000322600000 
0.21400 0.000307796000 
0.21450 0.000292992000 
0.21500 0.000278280000 
0.21550 0.000265146000 
0.21600 0.000252010000 
0.21650 0.000238874000 
0.21700 0.000225754000 
0.21750 0.000214248000 
0.21800 0.000202744000 
0.21850 0.000191238800 
0.21900 0.000179737200 
0.21950 0.000169642000 
0.22000 0.000159546800 
0.22050 0.000149451600 
0.22100 0.000139410400 
0.22150 0.000130629000 
0.22200 0.000121847800 
0.22250 0.000113066600 
0.22300 0.000104458600 
0.22350 0.000096976000 
0.22400 0.000089493400 
0.22450 0.000082011000 
0.22500 0.000074861000 
0.22550 0.000068533200 
0.22600 0.000062205200 
0.22650 0.000055877400 
0.22700 0.000050133600 
0.22750 0.000044941800 
0.22800 0.000039749800 
0.22850 0.000034558000 
0.22900 0.000030272200 
0.22950 0.000026183000 
0.23000 0.000022094000 
0.23050 0.000018245220 
0.23100 0.000015240660 
0.23150 0.000012236100 
0.23200 0.000009231540 
0.23250 0.000007053320 
0.23300 0.000005187480 
0.23350 0.000003321620 
