0.00000 250.310000000000 
0.00050 226.760000000000 
0.00100 203.208000000000 
0.00150 179.657800000000 
0.00200 156.107000000000 
0.00250 138.952600000000 
0.00300 123.706400000000 
0.00350 110.942200000000 
0.00400 100.473600000000 
0.00450 90.569000000000 
0.00500 83.088000000000 
0.00550 75.607200000000 
0.00600 69.674400000000 
0.00650 64.165200000000 
0.00700 59.082400000000 
0.00750 54.926600000000 
0.00800 50.771000000000 
0.00850 47.367000000000 
0.00900 44.169600000000 
0.00950 41.110200000000 
0.01000 38.608600000000 
0.01050 36.106800000000 
0.01100 33.895400000000 
0.01150 31.909600000000 
0.01200 29.923800000000 
0.01250 28.281400000000 
0.01300 26.685200000000 
0.01350 25.136200000000 
0.01400 23.839200000000 
0.01450 22.542000000000 
0.01500 21.337000000000 
0.01550 20.272400000000 
0.01600 19.207960000000 
0.01650 18.253380000000 
0.01700 17.372120000000 
0.01750 16.490860000000 
0.01800 15.722260000000 
0.01850 14.986980000000 
0.01900 14.251700000000 
0.01950 13.623840000000 
0.02000 13.006040000000 
0.02050 12.391120000000 
0.02100 11.868700000000 
0.02150 11.346280000000 
0.02200 10.833300000000 
0.02250 10.389000000000 
0.02300 9.944700000000 
0.02350 9.512540000000 
0.02400 9.132680000000 
0.02450 8.752820000000 
0.02500 8.385520000000 
0.02550 8.059200000000 
0.02600 7.732900000000 
0.02650 7.418240000000 
0.02700 7.136700000000 
0.02750 6.855160000000 
0.02800 6.583680000000 
0.02850 6.339800000000 
0.02900 6.095940000000 
0.02950 5.860200000000 
0.03000 5.648180000000 
0.03050 5.436160000000 
0.03100 5.230280000000 
0.03150 5.045340000000 
0.03200 4.860380000000 
0.03250 4.679640000000 
0.03300 4.517820000000 
0.03350 4.356000000000 
0.03400 4.196560000000 
0.03450 4.054560000000 
0.03500 3.912580000000 
0.03550 3.771320000000 
0.03600 3.646420000000 
0.03650 3.521520000000 
0.03700 3.396600000000 
0.03750 3.285720000000 
0.03800 3.175580000000 
0.03850 3.065440000000 
0.03900 2.966060000000 
0.03950 2.868720000000 
0.04000 2.771380000000 
0.04050 2.682060000000 
0.04100 2.595860000000 
0.04150 2.509660000000 
0.04200 2.429120000000 
0.04250 2.352640000000 
0.04300 2.276160000000 
0.04350 2.203320000000 
0.04400 2.135360000000 
0.04450 2.067380000000 
0.04500 2.001360000000 
0.04550 1.940856000000 
0.04600 1.880344000000 
0.04650 1.820356000000 
0.04700 1.766406000000 
0.04750 1.712456000000 
0.04800 1.658504000000 
0.04850 1.609658000000 
0.04900 1.561488000000 
0.04950 1.513316000000 
0.05000 1.468572000000 
0.05050 1.425506000000 
0.05100 1.382438000000 
0.05150 1.341380000000 
0.05200 1.302830000000 
0.05250 1.264278000000 
0.05300 1.226540000000 
0.05350 1.191990000000 
0.05400 1.157438000000 
0.05450 1.122886000000 
0.05500 1.091696000000 
0.05550 1.060696000000 
0.05600 1.029696000000 
0.05650 1.000824000000 
0.05700 0.972978000000 
0.05750 0.945134000000 
0.05800 0.918378000000 
0.05850 0.893344000000 
0.05900 0.868308000000 
0.05950 0.843486000000 
0.06000 0.820956000000 
0.06050 0.798424000000 
0.06100 0.775894000000 
0.06150 0.755074000000 
0.06200 0.734776000000 
0.06250 0.714478000000 
0.06300 0.695046000000 
0.06350 0.676746000000 
0.06400 0.658446000000 
0.06450 0.640296000000 
0.06500 0.623780000000 
0.06550 0.607264000000 
0.06600 0.590748000000 
0.06650 0.575384000000 
0.06700 0.560468000000 
0.06750 0.545550000000 
0.06800 0.531120000000 
0.06850 0.517636000000 
0.06900 0.504150000000 
0.06950 0.490666000000 
0.07000 0.478394000000 
0.07050 0.466194000000 
0.07100 0.453994000000 
0.07150 0.442410000000 
0.07200 0.431364000000 
0.07250 0.420318000000 
0.07300 0.409386000000 
0.07350 0.399376000000 
0.07400 0.389366000000 
0.07450 0.379356000000 
0.07500 0.369972000000 
0.07550 0.360894000000 
0.07600 0.351816000000 
0.07650 0.342920000000 
0.07700 0.334680000000 
0.07750 0.326442000000 
0.07800 0.318204000000 
0.07850 0.310530000000 
0.07900 0.303046000000 
0.07950 0.295564000000 
0.08000 0.288260000000 
0.08050 0.281458000000 
0.08100 0.274658000000 
0.08150 0.267856000000 
0.08200 0.261526000000 
0.08250 0.255338000000 
0.08300 0.249152000000 
0.08350 0.243104000000 
0.08400 0.237472000000 
0.08450 0.231842000000 
0.08500 0.226210000000 
0.08550 0.220942000000 
0.08600 0.215812000000 
0.08650 0.210680000000 
0.08700 0.205636000000 
0.08750 0.200960000000 
0.08800 0.196284400000 
0.08850 0.191608400000 
0.08900 0.187193200000 
0.08950 0.182926400000 
0.09000 0.178659600000 
0.09050 0.174420000000 
0.09100 0.170525200000 
0.09150 0.166630400000 
0.09200 0.162735800000 
0.09250 0.159008200000 
0.09300 0.155449800000 
0.09350 0.151891600000 
0.09400 0.148333400000 
0.09450 0.145053000000 
0.09500 0.141800600000 
0.09550 0.138548200000 
0.09600 0.135381200000 
0.09650 0.132405000000 
0.09700 0.129429000000 
0.09750 0.126452800000 
0.09800 0.123652600000 
0.09850 0.120928800000 
0.09900 0.118205000000 
0.09950 0.115498400000 
0.10000 0.113003400000 
0.10050 0.110508400000 
0.10100 0.108013200000 
0.10150 0.105610200000 
0.10200 0.103323200000 
0.10250 0.101036200000 
0.10300 0.098749200000 
0.10350 0.096613400000 
0.10400 0.094516000000 
0.10450 0.092418400000 
0.10500 0.090346000000 
0.10550 0.088421000000 
0.10600 0.086496000000 
0.10650 0.084571000000 
0.10700 0.082722000000 
0.10750 0.080954600000 
0.10800 0.079187000000 
0.10850 0.077419400000 
0.10900 0.075768200000 
0.10950 0.074144200000 
0.11000 0.072520200000 
0.11050 0.070913200000 
0.11100 0.069419800000 
0.11150 0.067926400000 
0.11200 0.066433000000 
0.11250 0.064992600000 
0.11300 0.063619600000 
0.11350 0.062246800000 
0.11400 0.060873800000 
0.11450 0.059581600000 
0.11500 0.058317800000 
0.11550 0.057054000000 
0.11600 0.055793400000 
0.11650 0.054630000000 
0.11700 0.053466800000 
0.11750 0.052303400000 
0.11800 0.051168800000 
0.11850 0.050097000000 
0.11900 0.049025000000 
0.11950 0.047953200000 
0.12000 0.046931400000 
0.12050 0.045944400000 
0.12100 0.044957400000 
0.12150 0.043970400000 
0.12200 0.043049400000 
0.12250 0.042139200000 
0.12300 0.041229200000 
0.12350 0.040327400000 
0.12400 0.039487800000 
0.12450 0.038648400000 
0.12500 0.037808800000 
0.12550 0.036993400000 
0.12600 0.036219400000 
0.12650 0.035445200000 
0.12700 0.034671000000 
0.12750 0.033933800000 
0.12800 0.033219600000 
0.12850 0.032505600000 
0.12900 0.031791600000 
0.12950 0.031124200000 
0.13000 0.030465000000 
0.13050 0.029805800000 
0.13100 0.029150600000 
0.13150 0.028542400000 
0.13200 0.027934200000 
0.13250 0.027326000000 
0.13300 0.026731400000 
0.13350 0.026169800000 
0.13400 0.025608200000 
0.13450 0.025046600000 
0.13500 0.024506800000 
0.13550 0.023988200000 
0.13600 0.023469400000 
0.13650 0.022950800000 
0.13700 0.022460400000 
0.13750 0.021981800000 
0.13800 0.021503200000 
0.13850 0.021024600000 
0.13900 0.020579000000 
0.13950 0.020137000000 
0.14000 0.019694960000 
0.14050 0.019255880000 
0.14100 0.018848040000 
0.14150 0.018440200000 
0.14200 0.018032360000 
0.14250 0.017632680000 
0.14300 0.017256100000 
0.14350 0.016879520000 
0.14400 0.016502940000 
0.14450 0.016138680000 
0.14500 0.015791020000 
0.14550 0.015443360000 
0.14600 0.015095720000 
0.14650 0.014763620000 
0.14700 0.014442740000 
0.14750 0.014121860000 
0.14800 0.013800980000 
0.14850 0.013498300000 
0.14900 0.013202520000 
0.14950 0.012906740000 
0.15000 0.012610940000 
0.15050 0.012334880000 
0.15100 0.012062040000 
0.15150 0.011789220000 
0.15200 0.011516380000 
0.15250 0.011264420000 
0.15300 0.011012840000 
0.15350 0.010761260000 
0.15400 0.010511540000 
0.15450 0.010279960000 
0.15500 0.010048360000 
0.15550 0.009816760000 
0.15600 0.009588660000 
0.15650 0.009375320000 
0.15700 0.009161980000 
0.15750 0.008948640000 
0.15800 0.008739920000 
0.15850 0.008543240000 
0.15900 0.008346580000 
0.15950 0.008149900000 
0.16000 0.007958840000 
0.16050 0.007778100000 
0.16100 0.007597380000 
0.16150 0.007416660000 
0.16200 0.007241900000 
0.16250 0.007075720000 
0.16300 0.006909520000 
0.16350 0.006743340000 
0.16400 0.006583320000 
0.16450 0.006430620000 
0.16500 0.006277900000 
0.16550 0.006125200000 
0.16600 0.005978720000 
0.16650 0.005838700000 
0.16700 0.005698700000 
0.16750 0.005558680000 
0.16800 0.005424440000 
0.16850 0.005295780000 
0.16900 0.005167140000 
0.16950 0.005038480000 
0.17000 0.004915400000 
0.17050 0.004797660000 
0.17100 0.004679900000 
0.17150 0.004562160000 
0.17200 0.004449280000 
0.17250 0.004341240000 
0.17300 0.004233220000 
0.17350 0.004125200000 
0.17400 0.004021520000 
0.17450 0.003922660000 
0.17500 0.003823820000 
0.17550 0.003724980000 
0.17600 0.003629860000 
0.17650 0.003539660000 
0.17700 0.003449460000 
0.17750 0.003359260000 
0.17800 0.003272020000 
0.17850 0.003189640000 
0.17900 0.003107260000 
0.17950 0.003024900000 
0.18000 0.002944700000 
0.18050 0.002869400000 
0.18100 0.002794100000 
0.18150 0.002718800000 
0.18200 0.002644980000 
0.18250 0.002576360000 
0.18300 0.002507740000 
0.18350 0.002439120000 
0.18400 0.002371300000 
0.18450 0.002308960000 
0.18500 0.002246620000 
0.18550 0.002184300000 
0.18600 0.002122040000 
0.18650 0.002065240000 
0.18700 0.002008440000 
0.18750 0.001951648000 
0.18800 0.001894846000 
0.18850 0.001842806000 
0.18900 0.001791342000 
0.18950 0.001739878000 
0.19000 0.001688414000 
0.19050 0.001640494000 
0.19100 0.001593702000 
0.19150 0.001546910000 
0.19200 0.001500120000 
0.19250 0.001456036000 
0.19300 0.001413652000 
0.19350 0.001371266000 
0.19400 0.001328882000 
0.19450 0.001288368000 
0.19500 0.001250028000 
0.19550 0.001211686000 
0.19600 0.001173344000 
0.19650 0.001136134000 
0.19700 0.001101500000 
0.19750 0.001066866000 
0.19800 0.001032232000 
0.19850 0.000998080000 
0.19900 0.000966844000 
0.19950 0.000935606000 
0.20000 0.000904368000 
0.20050 0.000873132000 
0.20100 0.000844852000 
0.20150 0.000816642000 
0.20200 0.000788432000 
0.20250 0.000760220000 
0.20300 0.000734396000 
0.20350 0.000709116000 
0.20400 0.000683836000 
0.20450 0.000658556000 
0.20500 0.000634930000 
0.20550 0.000612178000 
0.20600 0.000589426000 
0.20650 0.000566672000 
0.20700 0.000545152000 
0.20750 0.000524852000 
0.20800 0.000504550000 
0.20850 0.000484250000 
0.20900 0.000464712000 
0.20950 0.000446518000 
0.21000 0.000428326000 
0.21050 0.000410132000 
0.21100 0.000392398000 
0.21150 0.000376140000 
0.21200 0.000359882000 
0.21250 0.000343624000 
0.21300 0.000327618000 
0.21350 0.000313242000 
0.21400 0.000298868000 
0.21450 0.000284494000 
0.21500 0.000270210000 
0.21550 0.000257456000 
0.21600 0.000244702000 
0.21650 0.000231946000 
0.21700 0.000219208000 
0.21750 0.000208036000 
0.21800 0.000196865000 
0.21850 0.000185694000 
0.21900 0.000174526000 
0.21950 0.000164723600 
0.22000 0.000154921400 
0.22050 0.000145119000 
0.22100 0.000135369000 
0.22150 0.000126842400 
0.22200 0.000118315800 
0.22250 0.000109789200 
0.22300 0.000101431000 
0.22350 0.000094165400 
0.22400 0.000086899800 
0.22450 0.000079634200 
0.22500 0.000072691600 
0.22550 0.000066547200 
0.22600 0.000060402800 
0.22650 0.000054258400 
0.22700 0.000048681000 
0.22750 0.000043639600 
0.22800 0.000038598200 
0.22850 0.000033556800 
0.22900 0.000029395200 
0.22950 0.000025424600 
0.23000 0.000021454000 
0.23050 0.000017716760 
0.23100 0.000014799220 
0.23150 0.000011881700 
0.23200 0.000008964180 
0.23250 0.000006849060 
0.23300 0.000005037240 
0.23350 0.000003225440 
