0.00000 242.972000000000 
0.00050 220.096000000000 
0.00100 197.218400000000 
0.00150 174.341200000000 
0.00200 151.464200000000 
0.00250 134.804400000000 
0.00300 119.999800000000 
0.00350 107.607000000000 
0.00400 97.444400000000 
0.00450 87.829800000000 
0.00500 80.569600000000 
0.00550 73.309200000000 
0.00600 67.552400000000 
0.00650 62.207000000000 
0.00700 57.275400000000 
0.00750 53.244000000000 
0.00800 49.212600000000 
0.00850 45.910800000000 
0.00900 42.809600000000 
0.00950 39.842400000000 
0.01000 37.416400000000 
0.01050 34.990200000000 
0.01100 32.845800000000 
0.01150 30.920400000000 
0.01200 28.995000000000 
0.01250 27.402600000000 
0.01300 25.855200000000 
0.01350 24.353600000000 
0.01400 23.096200000000 
0.01450 21.838800000000 
0.01500 20.670800000000 
0.01550 19.638920000000 
0.01600 18.607140000000 
0.01650 17.681940000000 
0.01700 16.827860000000 
0.01750 15.973800000000 
0.01800 15.228960000000 
0.01850 14.516440000000 
0.01900 13.803920000000 
0.01950 13.195540000000 
0.02000 12.596900000000 
0.02050 12.001060000000 
0.02100 11.494880000000 
0.02150 10.988720000000 
0.02200 10.491720000000 
0.02250 10.061260000000 
0.02300 9.630820000000 
0.02350 9.212140000000 
0.02400 8.844160000000 
0.02450 8.476180000000 
0.02500 8.120360000000 
0.02550 7.804260000000 
0.02600 7.488180000000 
0.02650 7.183380000000 
0.02700 6.910680000000 
0.02750 6.637960000000 
0.02800 6.375020000000 
0.02850 6.138800000000 
0.02900 5.902600000000 
0.02950 5.674280000000 
0.03000 5.468920000000 
0.03050 5.263580000000 
0.03100 5.064180000000 
0.03150 4.885080000000 
0.03200 4.705960000000 
0.03250 4.530920000000 
0.03300 4.374200000000 
0.03350 4.217500000000 
0.03400 4.063080000000 
0.03450 3.925580000000 
0.03500 3.788100000000 
0.03550 3.651300000000 
0.03600 3.530340000000 
0.03650 3.409400000000 
0.03700 3.288440000000 
0.03750 3.181080000000 
0.03800 3.074420000000 
0.03850 2.967760000000 
0.03900 2.871560000000 
0.03950 2.777300000000 
0.04000 2.683040000000 
0.04050 2.596560000000 
0.04100 2.513100000000 
0.04150 2.429640000000 
0.04200 2.351640000000 
0.04250 2.277600000000 
0.04300 2.203540000000 
0.04350 2.133040000000 
0.04400 2.067220000000 
0.04450 2.001420000000 
0.04500 1.937494000000 
0.04550 1.878908000000 
0.04600 1.820322000000 
0.04650 1.762244000000 
0.04700 1.710010000000 
0.04750 1.657778000000 
0.04800 1.605544000000 
0.04850 1.558254000000 
0.04900 1.511618000000 
0.04950 1.464982000000 
0.05000 1.421666000000 
0.05050 1.379970000000 
0.05100 1.338276000000 
0.05150 1.298528000000 
0.05200 1.261206000000 
0.05250 1.223886000000 
0.05300 1.187352000000 
0.05350 1.153902000000 
0.05400 1.120454000000 
0.05450 1.087004000000 
0.05500 1.056810000000 
0.05550 1.026800000000 
0.05600 0.996788000000 
0.05650 0.968838000000 
0.05700 0.941884000000 
0.05750 0.914928000000 
0.05800 0.889026000000 
0.05850 0.864792000000 
0.05900 0.840556000000 
0.05950 0.816526000000 
0.06000 0.794716000000 
0.06050 0.772904000000 
0.06100 0.751094000000 
0.06150 0.730940000000 
0.06200 0.711292000000 
0.06250 0.691642000000 
0.06300 0.672830000000 
0.06350 0.655116000000 
0.06400 0.637400000000 
0.06450 0.619830000000 
0.06500 0.603842000000 
0.06550 0.587856000000 
0.06600 0.571868000000 
0.06650 0.556994000000 
0.06700 0.542554000000 
0.06750 0.528114000000 
0.06800 0.514146000000 
0.06850 0.501092000000 
0.06900 0.488038000000 
0.06950 0.474984000000 
0.07000 0.463106000000 
0.07050 0.451296000000 
0.07100 0.439486000000 
0.07150 0.428274000000 
0.07200 0.417580000000 
0.07250 0.406888000000 
0.07300 0.396306000000 
0.07350 0.386616000000 
0.07400 0.376926000000 
0.07450 0.367236000000 
0.07500 0.358152000000 
0.07550 0.349364000000 
0.07600 0.340578000000 
0.07650 0.331964000000 
0.07700 0.323990000000 
0.07750 0.316014000000 
0.07800 0.308040000000 
0.07850 0.300610000000 
0.07900 0.293368000000 
0.07950 0.286124000000 
0.08000 0.279054000000 
0.08050 0.272470000000 
0.08100 0.265888000000 
0.08150 0.259304000000 
0.08200 0.253174000000 
0.08250 0.247186000000 
0.08300 0.241196000000 
0.08350 0.235342000000 
0.08400 0.229892000000 
0.08450 0.224440000000 
0.08500 0.218988000000 
0.08550 0.213890000000 
0.08600 0.208924000000 
0.08650 0.203956000000 
0.08700 0.199073200000 
0.08750 0.194546800000 
0.08800 0.190020400000 
0.08850 0.185494000000 
0.08900 0.181220000000 
0.08950 0.177089600000 
0.09000 0.172959200000 
0.09050 0.168855200000 
0.09100 0.165085000000 
0.09150 0.161314800000 
0.09200 0.157544600000 
0.09250 0.153936200000 
0.09300 0.150491600000 
0.09350 0.147047200000 
0.09400 0.143602600000 
0.09450 0.140427200000 
0.09500 0.137278800000 
0.09550 0.134130400000 
0.09600 0.131064400000 
0.09650 0.128183400000 
0.09700 0.125302600000 
0.09750 0.122421600000 
0.09800 0.119710800000 
0.09850 0.117074200000 
0.09900 0.114437400000 
0.09950 0.111817200000 
0.10000 0.109401800000 
0.10050 0.106986600000 
0.10100 0.104571200000 
0.10150 0.102244800000 
0.10200 0.100031000000 
0.10250 0.097817000000 
0.10300 0.095603200000 
0.10350 0.093535600000 
0.10400 0.091505000000 
0.10450 0.089474600000 
0.10500 0.087468200000 
0.10550 0.085604800000 
0.10600 0.083741400000 
0.10650 0.081877800000 
0.10700 0.080087800000 
0.10750 0.078376800000 
0.10800 0.076665600000 
0.10850 0.074954400000 
0.10900 0.073356000000 
0.10950 0.071783800000 
0.11000 0.070211800000 
0.11050 0.068656000000 
0.11100 0.067210200000 
0.11150 0.065764600000 
0.11200 0.064318800000 
0.11250 0.062924200000 
0.11300 0.061595200000 
0.11350 0.060266200000 
0.11400 0.058937000000 
0.11450 0.057686000000 
0.11500 0.056462600000 
0.11550 0.055239200000 
0.11600 0.054018800000 
0.11650 0.052892400000 
0.11700 0.051766200000 
0.11750 0.050640000000 
0.11800 0.049541600000 
0.11850 0.048504000000 
0.11900 0.047466200000 
0.11950 0.046428600000 
0.12000 0.045439400000 
0.12050 0.044483800000 
0.12100 0.043528200000 
0.12150 0.042572600000 
0.12200 0.041681000000 
0.12250 0.040800000000 
0.12300 0.039918800000 
0.12350 0.039045800000 
0.12400 0.038233000000 
0.12450 0.037420200000 
0.12500 0.036607600000 
0.12550 0.035818200000 
0.12600 0.035068600000 
0.12650 0.034319200000 
0.12700 0.033569600000 
0.12750 0.032855800000 
0.12800 0.032164600000 
0.12850 0.031473200000 
0.12900 0.030782000000 
0.12950 0.030135800000 
0.13000 0.029497600000 
0.13050 0.028859400000 
0.13100 0.028225000000 
0.13150 0.027636200000 
0.13200 0.027047400000 
0.13250 0.026458400000 
0.13300 0.025883000000 
0.13350 0.025339200000 
0.13400 0.024795400000 
0.13450 0.024251800000 
0.13500 0.023729000000 
0.13550 0.023227000000 
0.13600 0.022724800000 
0.13650 0.022222600000 
0.13700 0.021747800000 
0.13750 0.021284400000 
0.13800 0.020821000000 
0.13850 0.020357600000 
0.13900 0.019926260000 
0.13950 0.019498280000 
0.14000 0.019070320000 
0.14050 0.018645220000 
0.14100 0.018250340000 
0.14150 0.017855460000 
0.14200 0.017460580000 
0.14250 0.017073620000 
0.14300 0.016709000000 
0.14350 0.016344400000 
0.14400 0.015979780000 
0.14450 0.015627100000 
0.14500 0.015290500000 
0.14550 0.014953900000 
0.14600 0.014617280000 
0.14650 0.014295740000 
0.14700 0.013985060000 
0.14750 0.013674360000 
0.14800 0.013363680000 
0.14850 0.013070620000 
0.14900 0.012784240000 
0.14950 0.012497840000 
0.15000 0.012211460000 
0.15050 0.011944160000 
0.15100 0.011679980000 
0.15150 0.011415800000 
0.15200 0.011151640000 
0.15250 0.010907680000 
0.15300 0.010664080000 
0.15350 0.010420500000 
0.15400 0.010178700000 
0.15450 0.009954460000 
0.15500 0.009730220000 
0.15550 0.009505980000 
0.15600 0.009285100000 
0.15650 0.009078540000 
0.15700 0.008871960000 
0.15750 0.008665380000 
0.15800 0.008463300000 
0.15850 0.008272860000 
0.15900 0.008082440000 
0.15950 0.007892000000 
0.16000 0.007706980000 
0.16050 0.007531980000 
0.16100 0.007357000000 
0.16150 0.007182000000 
0.16200 0.007012780000 
0.16250 0.006851860000 
0.16300 0.006690960000 
0.16350 0.006530040000 
0.16400 0.006375080000 
0.16450 0.006227220000 
0.16500 0.006079360000 
0.16550 0.005931480000 
0.16600 0.005789640000 
0.16650 0.005654060000 
0.16700 0.005518500000 
0.16750 0.005382920000 
0.16800 0.005252940000 
0.16850 0.005128360000 
0.16900 0.005003780000 
0.16950 0.004879200000 
0.17000 0.004760020000 
0.17050 0.004646000000 
0.17100 0.004531980000 
0.17150 0.004417960000 
0.17200 0.004308660000 
0.17250 0.004204040000 
0.17300 0.004099440000 
0.17350 0.003994840000 
0.17400 0.003894440000 
0.17450 0.003798720000 
0.17500 0.003703000000 
0.17550 0.003607280000 
0.17600 0.003515180000 
0.17650 0.003427840000 
0.17700 0.003340500000 
0.17750 0.003253160000 
0.17800 0.003168660000 
0.17850 0.003088900000 
0.17900 0.003009120000 
0.17950 0.002929360000 
0.18000 0.002851700000 
0.18050 0.002778780000 
0.18100 0.002705860000 
0.18150 0.002632940000 
0.18200 0.002561460000 
0.18250 0.002495020000 
0.18300 0.002428560000 
0.18350 0.002362120000 
0.18400 0.002296440000 
0.18450 0.002236080000 
0.18500 0.002175700000 
0.18550 0.002115340000 
0.18600 0.002055060000 
0.18650 0.002000060000 
0.18700 0.001945058000 
0.18750 0.001890052000 
0.18800 0.001835048000 
0.18850 0.001784652000 
0.18900 0.001734814000 
0.18950 0.001684976000 
0.19000 0.001635140000 
0.19050 0.001588732000 
0.19100 0.001543420000 
0.19150 0.001498106000 
0.19200 0.001452794000 
0.19250 0.001410102000 
0.19300 0.001369056000 
0.19350 0.001328010000 
0.19400 0.001286964000 
0.19450 0.001247730000 
0.19500 0.001210600000 
0.19550 0.001173470000 
0.19600 0.001136340000 
0.19650 0.001100304000 
0.19700 0.001066764000 
0.19750 0.001033224000 
0.19800 0.000999682000 
0.19850 0.000966610000 
0.19900 0.000936358000 
0.19950 0.000906108000 
0.20000 0.000875856000 
0.20050 0.000845604000 
0.20100 0.000818218000 
0.20150 0.000790898000 
0.20200 0.000763578000 
0.20250 0.000736258000 
0.20300 0.000711248000 
0.20350 0.000686764000 
0.20400 0.000662282000 
0.20450 0.000637800000 
0.20500 0.000614920000 
0.20550 0.000592886000 
0.20600 0.000570850000 
0.20650 0.000548816000 
0.20700 0.000527974000 
0.20750 0.000508314000 
0.20800 0.000488652000 
0.20850 0.000468992000 
0.20900 0.000450070000 
0.20950 0.000432450000 
0.21000 0.000414832000 
0.21050 0.000397212000 
0.21100 0.000380038000 
0.21150 0.000364292000 
0.21200 0.000348546000 
0.21250 0.000332800000 
0.21300 0.000317298000 
0.21350 0.000303378000 
0.21400 0.000289456000 
0.21450 0.000275534000 
0.21500 0.000261700000 
0.21550 0.000249348000 
0.21600 0.000236996000 
0.21650 0.000224642000 
0.21700 0.000212306000 
0.21750 0.000201486000 
0.21800 0.000190666600 
0.21850 0.000179847400 
0.21900 0.000169031400 
0.21950 0.000159537800 
0.22000 0.000150044200 
0.22050 0.000140550600 
0.22100 0.000131107800 
0.22150 0.000122849800 
0.22200 0.000114591600 
0.22250 0.000106333600 
0.22300 0.000098238600 
0.22350 0.000091201800 
0.22400 0.000084165000 
0.22450 0.000077128000 
0.22500 0.000070404000 
0.22550 0.000064453000 
0.22600 0.000058502000 
0.22650 0.000052551000 
0.22700 0.000047149200 
0.22750 0.000042266600 
0.22800 0.000037383800 
0.22850 0.000032501000 
0.22900 0.000028470400 
0.22950 0.000024624800 
0.23000 0.000020779000 
0.23050 0.000017159440 
0.23100 0.000014333700 
0.23150 0.000011507960 
0.23200 0.000008682220 
0.23250 0.000006633620 
0.23300 0.000004878800 
0.23350 0.000003123980 
