0.00000 235.672000000000 
0.00050 213.466000000000 
0.00100 191.259400000000 
0.00150 169.053200000000 
0.00200 146.847000000000 
0.00250 130.680000000000 
0.00300 116.314400000000 
0.00350 104.290800000000 
0.00400 94.432600000000 
0.00450 85.106400000000 
0.00500 78.065400000000 
0.00550 71.024400000000 
0.00600 65.442200000000 
0.00650 60.259400000000 
0.00700 55.478200000000 
0.00750 51.570200000000 
0.00800 47.662200000000 
0.00850 44.462000000000 
0.00900 41.456400000000 
0.00950 38.580600000000 
0.01000 36.229800000000 
0.01050 33.878800000000 
0.01100 31.801000000000 
0.01150 29.935600000000 
0.01200 28.070200000000 
0.01250 26.527400000000 
0.01300 25.028400000000 
0.01350 23.573800000000 
0.01400 22.355800000000 
0.01450 21.138000000000 
0.01500 20.006800000000 
0.01550 19.007460000000 
0.01600 18.008220000000 
0.01650 17.112280000000 
0.01700 16.285220000000 
0.01750 15.458180000000 
0.01800 14.737000000000 
0.01850 14.047100000000 
0.01900 13.357220000000 
0.01950 12.768220000000 
0.02000 12.188660000000 
0.02050 11.611800000000 
0.02100 11.121800000000 
0.02150 10.631820000000 
0.02200 10.150700000000 
0.02250 9.734060000000 
0.02300 9.317400000000 
0.02350 8.912160000000 
0.02400 8.555980000000 
0.02450 8.199820000000 
0.02500 7.855460000000 
0.02550 7.549540000000 
0.02600 7.243620000000 
0.02650 6.948660000000 
0.02700 6.684760000000 
0.02750 6.420860000000 
0.02800 6.166400000000 
0.02850 5.937820000000 
0.02900 5.709260000000 
0.02950 5.488340000000 
0.03000 5.289640000000 
0.03050 5.090960000000 
0.03100 4.898020000000 
0.03150 4.724720000000 
0.03200 4.551440000000 
0.03250 4.382080000000 
0.03300 4.230460000000 
0.03350 4.078860000000 
0.03400 3.929460000000 
0.03450 3.796460000000 
0.03500 3.663440000000 
0.03550 3.531100000000 
0.03600 3.414100000000 
0.03650 3.297100000000 
0.03700 3.180100000000 
0.03750 3.076220000000 
0.03800 2.973060000000 
0.03850 2.869900000000 
0.03900 2.776820000000 
0.03950 2.685660000000 
0.04000 2.594500000000 
0.04050 2.510840000000 
0.04100 2.430120000000 
0.04150 2.349380000000 
0.04200 2.273960000000 
0.04250 2.202340000000 
0.04300 2.130720000000 
0.04350 2.062520000000 
0.04400 1.998866000000 
0.04450 1.935218000000 
0.04500 1.873400000000 
0.04550 1.816742000000 
0.04600 1.760082000000 
0.04650 1.703914000000 
0.04700 1.653400000000 
0.04750 1.602888000000 
0.04800 1.552374000000 
0.04850 1.506642000000 
0.04900 1.461542000000 
0.04950 1.416444000000 
0.05000 1.374554000000 
0.05050 1.334234000000 
0.05100 1.293916000000 
0.05150 1.255478000000 
0.05200 1.219388000000 
0.05250 1.183298000000 
0.05300 1.147970000000 
0.05350 1.115626000000 
0.05400 1.083282000000 
0.05450 1.050938000000 
0.05500 1.021742000000 
0.05550 0.992722000000 
0.05600 0.963704000000 
0.05650 0.936678000000 
0.05700 0.910614000000 
0.05750 0.884550000000 
0.05800 0.859506000000 
0.05850 0.836072000000 
0.05900 0.812640000000 
0.05950 0.789406000000 
0.06000 0.768316000000 
0.06050 0.747228000000 
0.06100 0.726140000000 
0.06150 0.706654000000 
0.06200 0.687656000000 
0.06250 0.668658000000 
0.06300 0.650470000000 
0.06350 0.633342000000 
0.06400 0.616214000000 
0.06450 0.599226000000 
0.06500 0.583768000000 
0.06550 0.568312000000 
0.06600 0.552854000000 
0.06650 0.538474000000 
0.06700 0.524514000000 
0.06750 0.510552000000 
0.06800 0.497048000000 
0.06850 0.484428000000 
0.06900 0.471806000000 
0.06950 0.459186000000 
0.07000 0.447702000000 
0.07050 0.436284000000 
0.07100 0.424866000000 
0.07150 0.414026000000 
0.07200 0.403688000000 
0.07250 0.393350000000 
0.07300 0.383120000000 
0.07350 0.373752000000 
0.07400 0.364384000000 
0.07450 0.355016000000 
0.07500 0.346234000000 
0.07550 0.337738000000 
0.07600 0.329244000000 
0.07650 0.320918000000 
0.07700 0.313208000000 
0.07750 0.305498000000 
0.07800 0.297788000000 
0.07850 0.290606000000 
0.07900 0.283604000000 
0.07950 0.276600000000 
0.08000 0.269766000000 
0.08050 0.263402000000 
0.08100 0.257036000000 
0.08150 0.250672000000 
0.08200 0.244746000000 
0.08250 0.238956000000 
0.08300 0.233168000000 
0.08350 0.227508000000 
0.08400 0.222238000000 
0.08450 0.216968000000 
0.08500 0.211698000000 
0.08550 0.206770000000 
0.08600 0.201968000000 
0.08650 0.197166400000 
0.08700 0.192445600000 
0.08750 0.188069800000 
0.08800 0.183694200000 
0.08850 0.179318400000 
0.08900 0.175186800000 
0.08950 0.171193800000 
0.09000 0.167201000000 
0.09050 0.163233600000 
0.09100 0.159588800000 
0.09150 0.155944200000 
0.09200 0.152299400000 
0.09250 0.148811200000 
0.09300 0.145481400000 
0.09350 0.142151600000 
0.09400 0.138821800000 
0.09450 0.135752000000 
0.09500 0.132708400000 
0.09550 0.129664800000 
0.09600 0.126701000000 
0.09650 0.123916000000 
0.09700 0.121131000000 
0.09750 0.118346000000 
0.09800 0.115725600000 
0.09850 0.113176600000 
0.09900 0.110627800000 
0.09950 0.108094800000 
0.10000 0.105760000000 
0.10050 0.103425000000 
0.10100 0.101090200000 
0.10150 0.098841200000 
0.10200 0.096701200000 
0.10250 0.094561000000 
0.10300 0.092420800000 
0.10350 0.090422200000 
0.10400 0.088459200000 
0.10450 0.086496200000 
0.10500 0.084556800000 
0.10550 0.082755400000 
0.10600 0.080954000000 
0.10650 0.079152600000 
0.10700 0.077422200000 
0.10750 0.075768200000 
0.10800 0.074114000000 
0.10850 0.072459800000 
0.10900 0.070914600000 
0.10950 0.069394800000 
0.11000 0.067875200000 
0.11050 0.066371200000 
0.11100 0.064973600000 
0.11150 0.063576000000 
0.11200 0.062178600000 
0.11250 0.060830400000 
0.11300 0.059545600000 
0.11350 0.058260800000 
0.11400 0.056976000000 
0.11450 0.055766600000 
0.11500 0.054584000000 
0.11550 0.053401200000 
0.11600 0.052221400000 
0.11650 0.051132600000 
0.11700 0.050044000000 
0.11750 0.048955200000 
0.11800 0.047893400000 
0.11850 0.046890200000 
0.11900 0.045887200000 
0.11950 0.044884000000 
0.12000 0.043927800000 
0.12050 0.043004000000 
0.12100 0.042080400000 
0.12150 0.041156600000 
0.12200 0.040294600000 
0.12250 0.039442800000 
0.12300 0.038591000000 
0.12350 0.037747200000 
0.12400 0.036961400000 
0.12450 0.036175800000 
0.12500 0.035390000000 
0.12550 0.034627000000 
0.12600 0.033902400000 
0.12650 0.033178000000 
0.12700 0.032453400000 
0.12750 0.031763400000 
0.12800 0.031095000000 
0.12850 0.030426800000 
0.12900 0.029758400000 
0.12950 0.029133800000 
0.13000 0.028516800000 
0.13050 0.027899800000 
0.13100 0.027286600000 
0.13150 0.026717400000 
0.13200 0.026148200000 
0.13250 0.025578800000 
0.13300 0.025022600000 
0.13350 0.024497000000 
0.13400 0.023971200000 
0.13450 0.023445600000 
0.13500 0.022940400000 
0.13550 0.022454800000 
0.13600 0.021969400000 
0.13650 0.021484000000 
0.13700 0.021025000000 
0.13750 0.020577200000 
0.13800 0.020129200000 
0.13850 0.019681160000 
0.13900 0.019264080000 
0.13950 0.018850340000 
0.14000 0.018436620000 
0.14050 0.018025660000 
0.14100 0.017643920000 
0.14150 0.017262180000 
0.14200 0.016880440000 
0.14250 0.016506340000 
0.14300 0.016153860000 
0.14350 0.015801380000 
0.14400 0.015448900000 
0.14450 0.015107960000 
0.14500 0.014782540000 
0.14550 0.014457140000 
0.14600 0.014131720000 
0.14650 0.013820880000 
0.14700 0.013520520000 
0.14750 0.013220180000 
0.14800 0.012919820000 
0.14850 0.012636500000 
0.14900 0.012359640000 
0.14950 0.012082780000 
0.15000 0.011805900000 
0.15050 0.011547500000 
0.15100 0.011292100000 
0.15150 0.011036720000 
0.15200 0.010781340000 
0.15250 0.010545480000 
0.15300 0.010310000000 
0.15350 0.010074500000 
0.15400 0.009840760000 
0.15450 0.009623960000 
0.15500 0.009407180000 
0.15550 0.009190380000 
0.15600 0.008976860000 
0.15650 0.008777160000 
0.15700 0.008577440000 
0.15750 0.008377740000 
0.15800 0.008182360000 
0.15850 0.007998260000 
0.15900 0.007814160000 
0.15950 0.007630060000 
0.16000 0.007451180000 
0.16050 0.007282000000 
0.16100 0.007112820000 
0.16150 0.006943640000 
0.16200 0.006780060000 
0.16250 0.006624480000 
0.16300 0.006468920000 
0.16350 0.006313340000 
0.16400 0.006163540000 
0.16450 0.006020580000 
0.16500 0.005877640000 
0.16550 0.005734680000 
0.16600 0.005597540000 
0.16650 0.005466480000 
0.16700 0.005335400000 
0.16750 0.005204340000 
0.16800 0.005078660000 
0.16850 0.004958220000 
0.16900 0.004837780000 
0.16950 0.004717340000 
0.17000 0.004602120000 
0.17050 0.004491900000 
0.17100 0.004381660000 
0.17150 0.004271420000 
0.17200 0.004165740000 
0.17250 0.004064620000 
0.17300 0.003963480000 
0.17350 0.003862340000 
0.17400 0.003765280000 
0.17450 0.003672740000 
0.17500 0.003580200000 
0.17550 0.003487660000 
0.17600 0.003398620000 
0.17650 0.003314180000 
0.17700 0.003229740000 
0.17750 0.003145280000 
0.17800 0.003063600000 
0.17850 0.002986480000 
0.17900 0.002909360000 
0.17950 0.002832240000 
0.18000 0.002757160000 
0.18050 0.002686660000 
0.18100 0.002616160000 
0.18150 0.002545660000 
0.18200 0.002476560000 
0.18250 0.002412320000 
0.18300 0.002348060000 
0.18350 0.002283820000 
0.18400 0.002220320000 
0.18450 0.002161960000 
0.18500 0.002103600000 
0.18550 0.002045240000 
0.18600 0.001986958000 
0.18650 0.001933778000 
0.18700 0.001880598000 
0.18750 0.001827418000 
0.18800 0.001774236000 
0.18850 0.001725514000 
0.18900 0.001677328000 
0.18950 0.001629144000 
0.19000 0.001580958000 
0.19050 0.001536090000 
0.19100 0.001492280000 
0.19150 0.001448470000 
0.19200 0.001404660000 
0.19250 0.001363384000 
0.19300 0.001323700000 
0.19350 0.001284014000 
0.19400 0.001244330000 
0.19450 0.001206396000 
0.19500 0.001170498000 
0.19550 0.001134598000 
0.19600 0.001098700000 
0.19650 0.001063856000 
0.19700 0.001031428000 
0.19750 0.000999000000 
0.19800 0.000966572000 
0.19850 0.000934596000 
0.19900 0.000905346000 
0.19950 0.000876098000 
0.20000 0.000846848000 
0.20050 0.000817600000 
0.20100 0.000791122000 
0.20150 0.000764706000 
0.20200 0.000738292000 
0.20250 0.000711876000 
0.20300 0.000687696000 
0.20350 0.000664024000 
0.20400 0.000640354000 
0.20450 0.000616682000 
0.20500 0.000594560000 
0.20550 0.000573254000 
0.20600 0.000551950000 
0.20650 0.000530646000 
0.20700 0.000510494000 
0.20750 0.000491484000 
0.20800 0.000472476000 
0.20850 0.000453466000 
0.20900 0.000435170000 
0.20950 0.000418136000 
0.21000 0.000401100000 
0.21050 0.000384064000 
0.21100 0.000367458000 
0.21150 0.000352234000 
0.21200 0.000337010000 
0.21250 0.000321786000 
0.21300 0.000306796000 
0.21350 0.000293336000 
0.21400 0.000279876000 
0.21450 0.000266416000 
0.21500 0.000253040000 
0.21550 0.000241096000 
0.21600 0.000229152000 
0.21650 0.000217210000 
0.21700 0.000205280000 
0.21750 0.000194818600 
0.21800 0.000184357600 
0.21850 0.000173896400 
0.21900 0.000163438600 
0.21950 0.000154259200 
0.22000 0.000145079800 
0.22050 0.000135900400 
0.22100 0.000126770000 
0.22150 0.000118785400 
0.22200 0.000110800600 
0.22250 0.000102815800 
0.22300 0.000094988600 
0.22350 0.000088184600 
0.22400 0.000081380600 
0.22450 0.000074576600 
0.22500 0.000068075200 
0.22550 0.000062321000 
0.22600 0.000056567000 
0.22650 0.000050812800 
0.22700 0.000045589800 
0.22750 0.000040868600 
0.22800 0.000036147400 
0.22850 0.000031426200 
0.22900 0.000027528800 
0.22950 0.000023810400 
0.23000 0.000020092000 
0.23050 0.000016591960 
0.23100 0.000013859680 
0.23150 0.000011127400 
0.23200 0.000008395120 
0.23250 0.000006414280 
0.23300 0.000004717480 
0.23350 0.000003020680 
