0.00000 228.628000000000 
0.00050 207.070000000000 
0.00100 185.511800000000 
0.00150 163.954400000000 
0.00200 142.396800000000 
0.00250 126.705000000000 
0.00300 112.763200000000 
0.00350 101.095400000000 
0.00400 91.530400000000 
0.00450 82.482000000000 
0.00500 75.652000000000 
0.00550 68.822200000000 
0.00600 63.408400000000 
0.00650 58.382000000000 
0.00700 53.745400000000 
0.00750 49.956200000000 
0.00800 46.167200000000 
0.00850 43.064600000000 
0.00900 40.150800000000 
0.00950 37.363200000000 
0.01000 35.084600000000 
0.01050 32.806200000000 
0.01100 30.792400000000 
0.01150 28.984600000000 
0.01200 27.176800000000 
0.01250 25.682200000000 
0.01300 24.229800000000 
0.01350 22.820200000000 
0.01400 21.640400000000 
0.01450 20.460600000000 
0.01500 19.364700000000 
0.01550 18.396800000000 
0.01600 17.428900000000 
0.01650 16.561140000000 
0.01700 15.760140000000 
0.01750 14.959160000000 
0.01800 14.260760000000 
0.01850 13.592680000000 
0.01900 12.924620000000 
0.01950 12.354300000000 
0.02000 11.793140000000 
0.02050 11.234600000000 
0.02100 10.760240000000 
0.02150 10.285860000000 
0.02200 9.820080000000 
0.02250 9.416740000000 
0.02300 9.013400000000 
0.02350 8.621120000000 
0.02400 8.276380000000 
0.02450 7.931640000000 
0.02500 7.598300000000 
0.02550 7.302240000000 
0.02600 7.006160000000 
0.02650 6.720680000000 
0.02700 6.465300000000 
0.02750 6.209900000000 
0.02800 5.963660000000 
0.02850 5.742480000000 
0.02900 5.521320000000 
0.02950 5.307540000000 
0.03000 5.115280000000 
0.03050 4.923040000000 
0.03100 4.736360000000 
0.03150 4.568700000000 
0.03200 4.401040000000 
0.03250 4.237200000000 
0.03300 4.090520000000 
0.03350 3.943860000000 
0.03400 3.799340000000 
0.03450 3.670660000000 
0.03500 3.542000000000 
0.03550 3.413980000000 
0.03600 3.300800000000 
0.03650 3.187640000000 
0.03700 3.074460000000 
0.03750 2.974000000000 
0.03800 2.874220000000 
0.03850 2.774440000000 
0.03900 2.684420000000 
0.03950 2.596260000000 
0.04000 2.508080000000 
0.04050 2.427180000000 
0.04100 2.349100000000 
0.04150 2.271040000000 
0.04200 2.198080000000 
0.04250 2.128820000000 
0.04300 2.059580000000 
0.04350 1.993622000000 
0.04400 1.932076000000 
0.04450 1.870530000000 
0.04500 1.810754000000 
0.04550 1.755970000000 
0.04600 1.701184000000 
0.04650 1.646876000000 
0.04700 1.598036000000 
0.04750 1.549196000000 
0.04800 1.500356000000 
0.04850 1.456140000000 
0.04900 1.412538000000 
0.04950 1.368934000000 
0.05000 1.328436000000 
0.05050 1.289456000000 
0.05100 1.250476000000 
0.05150 1.213318000000 
0.05200 1.178428000000 
0.05250 1.143540000000 
0.05300 1.109386000000 
0.05350 1.078120000000 
0.05400 1.046854000000 
0.05450 1.015586000000 
0.05500 0.987364000000 
0.05550 0.959312000000 
0.05600 0.931262000000 
0.05650 0.905138000000 
0.05700 0.879944000000 
0.05750 0.854752000000 
0.05800 0.830542000000 
0.05850 0.807894000000 
0.05900 0.785244000000 
0.05950 0.762786000000 
0.06000 0.742404000000 
0.06050 0.722020000000 
0.06100 0.701638000000 
0.06150 0.682804000000 
0.06200 0.664442000000 
0.06250 0.646080000000 
0.06300 0.628502000000 
0.06350 0.611948000000 
0.06400 0.595394000000 
0.06450 0.578978000000 
0.06500 0.564038000000 
0.06550 0.549100000000 
0.06600 0.534162000000 
0.06650 0.520264000000 
0.06700 0.506772000000 
0.06750 0.493280000000 
0.06800 0.480230000000 
0.06850 0.468034000000 
0.06900 0.455838000000 
0.06950 0.443640000000 
0.07000 0.432544000000 
0.07050 0.421510000000 
0.07100 0.410476000000 
0.07150 0.400000000000 
0.07200 0.390012000000 
0.07250 0.380022000000 
0.07300 0.370136000000 
0.07350 0.361084000000 
0.07400 0.352032000000 
0.07450 0.342980000000 
0.07500 0.334492000000 
0.07550 0.326284000000 
0.07600 0.318074000000 
0.07650 0.310030000000 
0.07700 0.302580000000 
0.07750 0.295130000000 
0.07800 0.287680000000 
0.07850 0.280742000000 
0.07900 0.273976000000 
0.07950 0.267210000000 
0.08000 0.260604000000 
0.08050 0.254456000000 
0.08100 0.248306000000 
0.08150 0.242156000000 
0.08200 0.236432000000 
0.08250 0.230838000000 
0.08300 0.225244000000 
0.08350 0.219776000000 
0.08400 0.214684000000 
0.08450 0.209592000000 
0.08500 0.204500000000 
0.08550 0.199738800000 
0.08600 0.195100000000 
0.08650 0.190461200000 
0.08700 0.185900200000 
0.08750 0.181672600000 
0.08800 0.177445200000 
0.08850 0.173217600000 
0.08900 0.169226000000 
0.08950 0.165368400000 
0.09000 0.161510800000 
0.09050 0.157677800000 
0.09100 0.154156800000 
0.09150 0.150635600000 
0.09200 0.147114400000 
0.09250 0.143744600000 
0.09300 0.140527600000 
0.09350 0.137310800000 
0.09400 0.134094000000 
0.09450 0.131128400000 
0.09500 0.128188200000 
0.09550 0.125247800000 
0.09600 0.122384600000 
0.09650 0.119694200000 
0.09700 0.117003600000 
0.09750 0.114313200000 
0.09800 0.111781800000 
0.09850 0.109319400000 
0.09900 0.106857200000 
0.09950 0.104410200000 
0.10000 0.102154800000 
0.10050 0.099899200000 
0.10100 0.097643600000 
0.10150 0.095471200000 
0.10200 0.093403800000 
0.10250 0.091336400000 
0.10300 0.089268800000 
0.10350 0.087338200000 
0.10400 0.085442000000 
0.10450 0.083546000000 
0.10500 0.081672400000 
0.10550 0.079932400000 
0.10600 0.078192200000 
0.10650 0.076452000000 
0.10700 0.074780600000 
0.10750 0.073182800000 
0.10800 0.071585000000 
0.10850 0.069987000000 
0.10900 0.068494400000 
0.10950 0.067026400000 
0.11000 0.065558400000 
0.11050 0.064105600000 
0.11100 0.062755600000 
0.11150 0.061405800000 
0.11200 0.060055800000 
0.11250 0.058753600000 
0.11300 0.057512400000 
0.11350 0.056271400000 
0.11400 0.055030400000 
0.11450 0.053862200000 
0.11500 0.052719800000 
0.11550 0.051577400000 
0.11600 0.050437800000 
0.11650 0.049386200000 
0.11700 0.048334600000 
0.11750 0.047283000000 
0.11800 0.046257400000 
0.11850 0.045288400000 
0.11900 0.044319600000 
0.11950 0.043350600000 
0.12000 0.042427000000 
0.12050 0.041534800000 
0.12100 0.040642400000 
0.12150 0.039750200000 
0.12200 0.038917800000 
0.12250 0.038095000000 
0.12300 0.037272200000 
0.12350 0.036457200000 
0.12400 0.035698200000 
0.12450 0.034939400000 
0.12500 0.034180400000 
0.12550 0.033443400000 
0.12600 0.032743600000 
0.12650 0.032043800000 
0.12700 0.031344000000 
0.12750 0.030677400000 
0.12800 0.030032000000 
0.12850 0.029386600000 
0.12900 0.028741000000 
0.12950 0.028137600000 
0.13000 0.027541800000 
0.13050 0.026946000000 
0.13100 0.026353600000 
0.13150 0.025803800000 
0.13200 0.025254000000 
0.13250 0.024704200000 
0.13300 0.024166800000 
0.13350 0.023659200000 
0.13400 0.023151400000 
0.13450 0.022643800000 
0.13500 0.022155800000 
0.13550 0.021686800000 
0.13600 0.021218000000 
0.13650 0.020749200000 
0.13700 0.020306000000 
0.13750 0.019873260000 
0.13800 0.019440580000 
0.13850 0.019007900000 
0.13900 0.018605080000 
0.13950 0.018205480000 
0.14000 0.017805900000 
0.14050 0.017408980000 
0.14100 0.017040280000 
0.14150 0.016671600000 
0.14200 0.016302900000 
0.14250 0.015941600000 
0.14300 0.015601160000 
0.14350 0.015260740000 
0.14400 0.014920300000 
0.14450 0.014591000000 
0.14500 0.014276720000 
0.14550 0.013962440000 
0.14600 0.013648160000 
0.14650 0.013347920000 
0.14700 0.013057840000 
0.14750 0.012767760000 
0.14800 0.012477680000 
0.14850 0.012204060000 
0.14900 0.011936660000 
0.14950 0.011669260000 
0.15000 0.011401860000 
0.15050 0.011152280000 
0.15100 0.010905620000 
0.15150 0.010658980000 
0.15200 0.010412320000 
0.15250 0.010184540000 
0.15300 0.009957100000 
0.15350 0.009729680000 
0.15400 0.009503920000 
0.15450 0.009294540000 
0.15500 0.009085160000 
0.15550 0.008875780000 
0.15600 0.008669580000 
0.15650 0.008476700000 
0.15700 0.008283820000 
0.15750 0.008090940000 
0.15800 0.007902260000 
0.15850 0.007724440000 
0.15900 0.007546640000 
0.15950 0.007368840000 
0.16000 0.007196100000 
0.16050 0.007032700000 
0.16100 0.006869320000 
0.16150 0.006705920000 
0.16200 0.006547940000 
0.16250 0.006397680000 
0.16300 0.006247440000 
0.16350 0.006097200000 
0.16400 0.005952520000 
0.16450 0.005814460000 
0.16500 0.005676400000 
0.16550 0.005538320000 
0.16600 0.005405880000 
0.16650 0.005279300000 
0.16700 0.005152720000 
0.16750 0.005026140000 
0.16800 0.004904760000 
0.16850 0.004788460000 
0.16900 0.004672140000 
0.16950 0.004555820000 
0.17000 0.004444540000 
0.17050 0.004338080000 
0.17100 0.004231620000 
0.17150 0.004125160000 
0.17200 0.004023100000 
0.17250 0.003925420000 
0.17300 0.003827760000 
0.17350 0.003730080000 
0.17400 0.003636340000 
0.17450 0.003546980000 
0.17500 0.003457600000 
0.17550 0.003368220000 
0.17600 0.003282240000 
0.17650 0.003200680000 
0.17700 0.003119120000 
0.17750 0.003037580000 
0.17800 0.002958680000 
0.17850 0.002884200000 
0.17900 0.002809720000 
0.17950 0.002735240000 
0.18000 0.002662720000 
0.18050 0.002594640000 
0.18100 0.002526560000 
0.18150 0.002458480000 
0.18200 0.002391740000 
0.18250 0.002329700000 
0.18300 0.002267660000 
0.18350 0.002205600000 
0.18400 0.002144280000 
0.18450 0.002087920000 
0.18500 0.002031560000 
0.18550 0.001975192000 
0.18600 0.001918906000 
0.18650 0.001867548000 
0.18700 0.001816188000 
0.18750 0.001764828000 
0.18800 0.001713470000 
0.18850 0.001666414000 
0.18900 0.001619880000 
0.18950 0.001573344000 
0.19000 0.001526810000 
0.19050 0.001483478000 
0.19100 0.001441168000 
0.19150 0.001398858000 
0.19200 0.001356548000 
0.19250 0.001316688000 
0.19300 0.001278362000 
0.19350 0.001240036000 
0.19400 0.001201710000 
0.19450 0.001165076000 
0.19500 0.001130406000 
0.19550 0.001095736000 
0.19600 0.001061066000 
0.19650 0.001027418000 
0.19700 0.000996100000 
0.19750 0.000964782000 
0.19800 0.000933464000 
0.19850 0.000902584000 
0.19900 0.000874336000 
0.19950 0.000846090000 
0.20000 0.000817842000 
0.20050 0.000789596000 
0.20100 0.000764024000 
0.20150 0.000738514000 
0.20200 0.000713004000 
0.20250 0.000687494000 
0.20300 0.000664140000 
0.20350 0.000641280000 
0.20400 0.000618420000 
0.20450 0.000595558000 
0.20500 0.000574194000 
0.20550 0.000553620000 
0.20600 0.000533044000 
0.20650 0.000512470000 
0.20700 0.000493008000 
0.20750 0.000474650000 
0.20800 0.000456292000 
0.20850 0.000437934000 
0.20900 0.000420266000 
0.20950 0.000403812000 
0.21000 0.000387360000 
0.21050 0.000370908000 
0.21100 0.000354872000 
0.21150 0.000340168000 
0.21200 0.000325466000 
0.21250 0.000310764000 
0.21300 0.000296288000 
0.21350 0.000283288000 
0.21400 0.000270290000 
0.21450 0.000257290000 
0.21500 0.000244372000 
0.21550 0.000232838000 
0.21600 0.000221304000 
0.21650 0.000209768000 
0.21700 0.000198248200 
0.21750 0.000188145400 
0.21800 0.000178042600 
0.21850 0.000167940000 
0.21900 0.000157840200 
0.21950 0.000148975200 
0.22000 0.000140110200 
0.22050 0.000131245400 
0.22100 0.000122427800 
0.22150 0.000114716600 
0.22200 0.000107005200 
0.22250 0.000099294000 
0.22300 0.000091735000 
0.22350 0.000085164000 
0.22400 0.000078593200 
0.22450 0.000072022200 
0.22500 0.000065743400 
0.22550 0.000060186400 
0.22600 0.000054629400 
0.22650 0.000049072400 
0.22700 0.000044028200 
0.22750 0.000039468600 
0.22800 0.000034909200 
0.22850 0.000030349600 
0.22900 0.000026585800 
0.22950 0.000022994800 
0.23000 0.000019403700 
0.23050 0.000016023640 
0.23100 0.000013384960 
0.23150 0.000010746260 
0.23200 0.000008107560 
0.23250 0.000006194560 
0.23300 0.000004555900 
0.23350 0.000002917220 
