0.00000 225.386000000000 
0.00050 204.136000000000 
0.00100 182.886000000000 
0.00150 161.636400000000 
0.00200 140.386800000000 
0.00250 124.918800000000 
0.00300 111.175600000000 
0.00350 99.673800000000 
0.00400 90.244800000000 
0.00450 81.324800000000 
0.00500 74.591600000000 
0.00550 67.858400000000 
0.00600 62.521000000000 
0.00650 57.565600000000 
0.00700 52.994600000000 
0.00750 49.258800000000 
0.00800 45.523000000000 
0.00850 42.464200000000 
0.00900 39.591400000000 
0.00950 36.843000000000 
0.01000 34.596400000000 
0.01050 32.349800000000 
0.01100 30.364400000000 
0.01150 28.582000000000 
0.01200 26.799400000000 
0.01250 25.325600000000 
0.01300 23.893600000000 
0.01350 22.503800000000 
0.01400 21.340600000000 
0.01450 20.177200000000 
0.01500 19.096560000000 
0.01550 18.142180000000 
0.01600 17.187780000000 
0.01650 16.332120000000 
0.01700 15.542300000000 
0.01750 14.752480000000 
0.01800 14.063800000000 
0.01850 13.405040000000 
0.01900 12.746260000000 
0.01950 12.183900000000 
0.02000 11.630540000000 
0.02050 11.079760000000 
0.02100 10.611980000000 
0.02150 10.144200000000 
0.02200 9.684880000000 
0.02250 9.287160000000 
0.02300 8.889420000000 
0.02350 8.502580000000 
0.02400 8.162620000000 
0.02450 7.822660000000 
0.02500 7.493960000000 
0.02550 7.201980000000 
0.02600 6.910020000000 
0.02650 6.628500000000 
0.02700 6.376640000000 
0.02750 6.124780000000 
0.02800 5.881940000000 
0.02850 5.663840000000 
0.02900 5.445720000000 
0.02950 5.234900000000 
0.03000 5.045300000000 
0.03050 4.855720000000 
0.03100 4.671620000000 
0.03150 4.506280000000 
0.03200 4.340920000000 
0.03250 4.179340000000 
0.03300 4.034680000000 
0.03350 3.890040000000 
0.03400 3.747520000000 
0.03450 3.620620000000 
0.03500 3.493720000000 
0.03550 3.367460000000 
0.03600 3.255840000000 
0.03650 3.144240000000 
0.03700 3.032620000000 
0.03750 2.933540000000 
0.03800 2.835120000000 
0.03850 2.736720000000 
0.03900 2.647940000000 
0.03950 2.560980000000 
0.04000 2.474020000000 
0.04050 2.394220000000 
0.04100 2.317220000000 
0.04150 2.240240000000 
0.04200 2.168280000000 
0.04250 2.099980000000 
0.04300 2.031660000000 
0.04350 1.966622000000 
0.04400 1.905920000000 
0.04450 1.845218000000 
0.04500 1.786260000000 
0.04550 1.732224000000 
0.04600 1.678190000000 
0.04650 1.624622000000 
0.04700 1.576450000000 
0.04750 1.528278000000 
0.04800 1.480106000000 
0.04850 1.436494000000 
0.04900 1.393486000000 
0.04950 1.350478000000 
0.05000 1.310532000000 
0.05050 1.272084000000 
0.05100 1.233636000000 
0.05150 1.196984000000 
0.05200 1.162570000000 
0.05250 1.128156000000 
0.05300 1.094470000000 
0.05350 1.063628000000 
0.05400 1.032786000000 
0.05450 1.001946000000 
0.05500 0.974106000000 
0.05550 0.946436000000 
0.05600 0.918768000000 
0.05650 0.892998000000 
0.05700 0.868148000000 
0.05750 0.843296000000 
0.05800 0.819416000000 
0.05850 0.797074000000 
0.05900 0.774732000000 
0.05950 0.752578000000 
0.06000 0.732472000000 
0.06050 0.712364000000 
0.06100 0.692258000000 
0.06150 0.673680000000 
0.06200 0.655566000000 
0.06250 0.637454000000 
0.06300 0.620112000000 
0.06350 0.603782000000 
0.06400 0.587452000000 
0.06450 0.571258000000 
0.06500 0.556520000000 
0.06550 0.541784000000 
0.06600 0.527046000000 
0.06650 0.513336000000 
0.06700 0.500026000000 
0.06750 0.486716000000 
0.06800 0.473842000000 
0.06850 0.461810000000 
0.06900 0.449778000000 
0.06950 0.437746000000 
0.07000 0.426798000000 
0.07050 0.415912000000 
0.07100 0.405028000000 
0.07150 0.394694000000 
0.07200 0.384838000000 
0.07250 0.374982000000 
0.07300 0.365230000000 
0.07350 0.356298000000 
0.07400 0.347368000000 
0.07450 0.338438000000 
0.07500 0.330066000000 
0.07550 0.321966000000 
0.07600 0.313868000000 
0.07650 0.305930000000 
0.07700 0.298580000000 
0.07750 0.291230000000 
0.07800 0.283880000000 
0.07850 0.277034000000 
0.07900 0.270358000000 
0.07950 0.263684000000 
0.08000 0.257168000000 
0.08050 0.251100000000 
0.08100 0.245032000000 
0.08150 0.238966000000 
0.08200 0.233318000000 
0.08250 0.227798000000 
0.08300 0.222278000000 
0.08350 0.216884000000 
0.08400 0.211860000000 
0.08450 0.206836000000 
0.08500 0.201812000000 
0.08550 0.197113600000 
0.08600 0.192536600000 
0.08650 0.187959600000 
0.08700 0.183459200000 
0.08750 0.179288000000 
0.08800 0.175116600000 
0.08850 0.170945400000 
0.08900 0.167006800000 
0.08950 0.163200400000 
0.09000 0.159394200000 
0.09050 0.155612200000 
0.09100 0.152137800000 
0.09150 0.148663400000 
0.09200 0.145189000000 
0.09250 0.141863800000 
0.09300 0.138689600000 
0.09350 0.135515200000 
0.09400 0.132341000000 
0.09450 0.129414800000 
0.09500 0.126513400000 
0.09550 0.123612200000 
0.09600 0.120786800000 
0.09650 0.118132000000 
0.09700 0.115477000000 
0.09750 0.112822200000 
0.09800 0.110324200000 
0.09850 0.107894400000 
0.09900 0.105464600000 
0.09950 0.103050000000 
0.10000 0.100824200000 
0.10050 0.098598400000 
0.10100 0.096372600000 
0.10150 0.094228800000 
0.10200 0.092188800000 
0.10250 0.090148600000 
0.10300 0.088108400000 
0.10350 0.086203200000 
0.10400 0.084332000000 
0.10450 0.082460800000 
0.10500 0.080611800000 
0.10550 0.078894600000 
0.10600 0.077177400000 
0.10650 0.075460200000 
0.10700 0.073810600000 
0.10750 0.072233800000 
0.10800 0.070657000000 
0.10850 0.069080200000 
0.10900 0.067607000000 
0.10950 0.066158400000 
0.11000 0.064709600000 
0.11050 0.063275800000 
0.11100 0.061943600000 
0.11150 0.060611200000 
0.11200 0.059279000000 
0.11250 0.057993800000 
0.11300 0.056769000000 
0.11350 0.055544200000 
0.11400 0.054319400000 
0.11450 0.053166600000 
0.11500 0.052039200000 
0.11550 0.050911600000 
0.11600 0.049787000000 
0.11650 0.048749200000 
0.11700 0.047711200000 
0.11750 0.046673400000 
0.11800 0.045661200000 
0.11850 0.044704800000 
0.11900 0.043748600000 
0.11950 0.042792200000 
0.12000 0.041880600000 
0.12050 0.041000000000 
0.12100 0.040119400000 
0.12150 0.039238800000 
0.12200 0.038417200000 
0.12250 0.037605200000 
0.12300 0.036793000000 
0.12350 0.035988600000 
0.12400 0.035239600000 
0.12450 0.034490400000 
0.12500 0.033741400000 
0.12550 0.033014000000 
0.12600 0.032323200000 
0.12650 0.031632600000 
0.12700 0.030941800000 
0.12750 0.030284000000 
0.12800 0.029646800000 
0.12850 0.029009800000 
0.12900 0.028372600000 
0.12950 0.027777200000 
0.13000 0.027189000000 
0.13050 0.026600800000 
0.13100 0.026016200000 
0.13150 0.025473400000 
0.13200 0.024930800000 
0.13250 0.024388200000 
0.13300 0.023857800000 
0.13350 0.023356600000 
0.13400 0.022855400000 
0.13450 0.022354400000 
0.13500 0.021872600000 
0.13550 0.021409800000 
0.13600 0.020947000000 
0.13650 0.020484200000 
0.13700 0.020046600000 
0.13750 0.019619600000 
0.13800 0.019192500000 
0.13850 0.018765400000 
0.13900 0.018367760000 
0.13950 0.017973320000 
0.14000 0.017578900000 
0.14050 0.017187080000 
0.14100 0.016823140000 
0.14150 0.016459200000 
0.14200 0.016095260000 
0.14250 0.015738580000 
0.14300 0.015402540000 
0.14350 0.015066480000 
0.14400 0.014730420000 
0.14450 0.014405360000 
0.14500 0.014095120000 
0.14550 0.013784860000 
0.14600 0.013474620000 
0.14650 0.013178260000 
0.14700 0.012891900000 
0.14750 0.012605520000 
0.14800 0.012319160000 
0.14850 0.012049060000 
0.14900 0.011785080000 
0.14950 0.011521120000 
0.15000 0.011257140000 
0.15050 0.011010760000 
0.15100 0.010767260000 
0.15150 0.010523760000 
0.15200 0.010280280000 
0.15250 0.010055400000 
0.15300 0.009830880000 
0.15350 0.009606360000 
0.15400 0.009383480000 
0.15450 0.009176780000 
0.15500 0.008970080000 
0.15550 0.008763380000 
0.15600 0.008559800000 
0.15650 0.008369400000 
0.15700 0.008178980000 
0.15750 0.007988560000 
0.15800 0.007802280000 
0.15850 0.007626740000 
0.15900 0.007451220000 
0.15950 0.007275680000 
0.16000 0.007105140000 
0.16050 0.006943820000 
0.16100 0.006782520000 
0.16150 0.006621200000 
0.16200 0.006465220000 
0.16250 0.006316880000 
0.16300 0.006168560000 
0.16350 0.006020220000 
0.16400 0.005877380000 
0.16450 0.005741080000 
0.16500 0.005604780000 
0.16550 0.005468460000 
0.16600 0.005337720000 
0.16650 0.005212740000 
0.16700 0.005087760000 
0.16750 0.004962780000 
0.16800 0.004842960000 
0.16850 0.004728120000 
0.16900 0.004613280000 
0.16950 0.004498440000 
0.17000 0.004388560000 
0.17050 0.004283460000 
0.17100 0.004178340000 
0.17150 0.004073240000 
0.17200 0.003972460000 
0.17250 0.003876040000 
0.17300 0.003779600000 
0.17350 0.003683160000 
0.17400 0.003590620000 
0.17450 0.003502380000 
0.17500 0.003414140000 
0.17550 0.003325880000 
0.17600 0.003240980000 
0.17650 0.003160460000 
0.17700 0.003079940000 
0.17750 0.002999420000 
0.17800 0.002921540000 
0.17850 0.002848000000 
0.17900 0.002774440000 
0.17950 0.002700900000 
0.18000 0.002629320000 
0.18050 0.002562080000 
0.18100 0.002494860000 
0.18150 0.002427640000 
0.18200 0.002361740000 
0.18250 0.002300480000 
0.18300 0.002239220000 
0.18350 0.002177960000 
0.18400 0.002117400000 
0.18450 0.002061740000 
0.18500 0.002006100000 
0.18550 0.001950446000 
0.18600 0.001894870000 
0.18650 0.001844156000 
0.18700 0.001793444000 
0.18750 0.001742732000 
0.18800 0.001692018000 
0.18850 0.001645556000 
0.18900 0.001599606000 
0.18950 0.001553658000 
0.19000 0.001507708000 
0.19050 0.001464922000 
0.19100 0.001423144000 
0.19150 0.001381364000 
0.19200 0.001339586000 
0.19250 0.001300226000 
0.19300 0.001262382000 
0.19350 0.001224536000 
0.19400 0.001186692000 
0.19450 0.001150518000 
0.19500 0.001116284000 
0.19550 0.001082050000 
0.19600 0.001047814000 
0.19650 0.001014588000 
0.19700 0.000983662000 
0.19750 0.000952738000 
0.19800 0.000921812000 
0.19850 0.000891318000 
0.19900 0.000863426000 
0.19950 0.000835532000 
0.20000 0.000807640000 
0.20050 0.000779746000 
0.20100 0.000754494000 
0.20150 0.000729304000 
0.20200 0.000704112000 
0.20250 0.000678922000 
0.20300 0.000655862000 
0.20350 0.000633286000 
0.20400 0.000610712000 
0.20450 0.000588138000 
0.20500 0.000567040000 
0.20550 0.000546722000 
0.20600 0.000526404000 
0.20650 0.000506088000 
0.20700 0.000486870000 
0.20750 0.000468740000 
0.20800 0.000450612000 
0.20850 0.000432482000 
0.20900 0.000415034000 
0.20950 0.000398788000 
0.21000 0.000382540000 
0.21050 0.000366294000 
0.21100 0.000350456000 
0.21150 0.000335938000 
0.21200 0.000321418000 
0.21250 0.000306900000 
0.21300 0.000292604000 
0.21350 0.000279766000 
0.21400 0.000266930000 
0.21450 0.000254092000 
0.21500 0.000241336000 
0.21550 0.000229944000 
0.21600 0.000218554000 
0.21650 0.000207162000 
0.21700 0.000195785600 
0.21750 0.000185808600 
0.21800 0.000175831600 
0.21850 0.000165854600 
0.21900 0.000155880600 
0.21950 0.000147126000 
0.22000 0.000138371200 
0.22050 0.000129616400 
0.22100 0.000120908600 
0.22150 0.000113293200 
0.22200 0.000105677800 
0.22250 0.000098062400 
0.22300 0.000090597200 
0.22350 0.000084108000 
0.22400 0.000077618600 
0.22450 0.000071129200 
0.22500 0.000064928400 
0.22550 0.000059440400 
0.22600 0.000053952200 
0.22650 0.000048464200 
0.22700 0.000043482600 
0.22750 0.000038979600 
0.22800 0.000034476800 
0.22850 0.000029973800 
0.22900 0.000026256600 
0.22950 0.000022710000 
0.23000 0.000019163440 
0.23050 0.000015825280 
0.23100 0.000013219260 
0.23150 0.000010613240 
0.23200 0.000008007220 
0.23250 0.000006117920 
0.23300 0.000004499520 
0.23350 0.000002881140 
