0.00000 223.064000000000 
0.00050 202.040000000000 
0.00100 181.016400000000 
0.00150 159.992600000000 
0.00200 138.968800000000 
0.00250 123.663800000000 
0.00300 110.065000000000 
0.00350 98.683400000000 
0.00400 89.352200000000 
0.00450 80.524600000000 
0.00500 73.860400000000 
0.00550 67.196200000000 
0.00600 61.913200000000 
0.00650 57.008200000000 
0.00700 52.483200000000 
0.00750 48.785000000000 
0.00800 45.086800000000 
0.00850 42.058400000000 
0.00900 39.214200000000 
0.00950 36.493200000000 
0.01000 34.268800000000 
0.01050 32.044400000000 
0.01100 30.078400000000 
0.01150 28.313400000000 
0.01200 26.548400000000 
0.01250 25.089000000000 
0.01300 23.670800000000 
0.01350 22.294600000000 
0.01400 21.142400000000 
0.01450 19.990300000000 
0.01500 18.920120000000 
0.01550 17.974880000000 
0.01600 17.029660000000 
0.01650 16.182160000000 
0.01700 15.399880000000 
0.01750 14.617580000000 
0.01800 13.935460000000 
0.01850 13.282920000000 
0.01900 12.630400000000 
0.01950 12.073340000000 
0.02000 11.525200000000 
0.02050 10.979620000000 
0.02100 10.516220000000 
0.02150 10.052800000000 
0.02200 9.597800000000 
0.02250 9.203780000000 
0.02300 8.809740000000 
0.02350 8.426520000000 
0.02400 8.089700000000 
0.02450 7.752900000000 
0.02500 7.427240000000 
0.02550 7.137960000000 
0.02600 6.848700000000 
0.02650 6.569760000000 
0.02700 6.320220000000 
0.02750 6.070680000000 
0.02800 5.830080000000 
0.02850 5.613960000000 
0.02900 5.397840000000 
0.02950 5.188940000000 
0.03000 5.001080000000 
0.03050 4.813200000000 
0.03100 4.630800000000 
0.03150 4.466940000000 
0.03200 4.303100000000 
0.03250 4.142960000000 
0.03300 3.999620000000 
0.03350 3.856280000000 
0.03400 3.715040000000 
0.03450 3.589280000000 
0.03500 3.463520000000 
0.03550 3.338400000000 
0.03600 3.227780000000 
0.03650 3.117180000000 
0.03700 3.006560000000 
0.03750 2.908360000000 
0.03800 2.810820000000 
0.03850 2.713300000000 
0.03900 2.625300000000 
0.03950 2.539120000000 
0.04000 2.452920000000 
0.04050 2.373840000000 
0.04100 2.297520000000 
0.04150 2.221200000000 
0.04200 2.149900000000 
0.04250 2.082180000000 
0.04300 2.014480000000 
0.04350 1.950002000000 
0.04400 1.889832000000 
0.04450 1.829662000000 
0.04500 1.771220000000 
0.04550 1.717658000000 
0.04600 1.664094000000 
0.04650 1.610994000000 
0.04700 1.563240000000 
0.04750 1.515488000000 
0.04800 1.467734000000 
0.04850 1.424500000000 
0.04900 1.381866000000 
0.04950 1.339230000000 
0.05000 1.299630000000 
0.05050 1.261514000000 
0.05100 1.223398000000 
0.05150 1.187060000000 
0.05200 1.152942000000 
0.05250 1.118826000000 
0.05300 1.085428000000 
0.05350 1.054850000000 
0.05400 1.024274000000 
0.05450 0.993696000000 
0.05500 0.966094000000 
0.05550 0.938662000000 
0.05600 0.911228000000 
0.05650 0.885678000000 
0.05700 0.861038000000 
0.05750 0.836398000000 
0.05800 0.812720000000 
0.05850 0.790568000000 
0.05900 0.768416000000 
0.05950 0.746450000000 
0.06000 0.726512000000 
0.06050 0.706576000000 
0.06100 0.686638000000 
0.06150 0.668216000000 
0.06200 0.650256000000 
0.06250 0.632296000000 
0.06300 0.615100000000 
0.06350 0.598908000000 
0.06400 0.582714000000 
0.06450 0.566654000000 
0.06500 0.552040000000 
0.06550 0.537426000000 
0.06600 0.522812000000 
0.06650 0.509218000000 
0.06700 0.496018000000 
0.06750 0.482820000000 
0.06800 0.470052000000 
0.06850 0.458120000000 
0.06900 0.446188000000 
0.06950 0.434256000000 
0.07000 0.423398000000 
0.07050 0.412602000000 
0.07100 0.401806000000 
0.07150 0.391558000000 
0.07200 0.381784000000 
0.07250 0.372010000000 
0.07300 0.362336000000 
0.07350 0.353480000000 
0.07400 0.344622000000 
0.07450 0.335764000000 
0.07500 0.327460000000 
0.07550 0.319428000000 
0.07600 0.311396000000 
0.07650 0.303524000000 
0.07700 0.296234000000 
0.07750 0.288944000000 
0.07800 0.281654000000 
0.07850 0.274862000000 
0.07900 0.268242000000 
0.07950 0.261620000000 
0.08000 0.255156000000 
0.08050 0.249138000000 
0.08100 0.243120000000 
0.08150 0.237102000000 
0.08200 0.231500000000 
0.08250 0.226024000000 
0.08300 0.220550000000 
0.08350 0.215200000000 
0.08400 0.210216000000 
0.08450 0.205232000000 
0.08500 0.200248000000 
0.08550 0.195587800000 
0.08600 0.191047600000 
0.08650 0.186507200000 
0.08700 0.182043000000 
0.08750 0.177905000000 
0.08800 0.173767200000 
0.08850 0.169629200000 
0.08900 0.165722000000 
0.08950 0.161946000000 
0.09000 0.158170000000 
0.09050 0.154418200000 
0.09100 0.150971400000 
0.09150 0.147524400000 
0.09200 0.144077600000 
0.09250 0.140778800000 
0.09300 0.137629800000 
0.09350 0.134480600000 
0.09400 0.131331400000 
0.09450 0.128428400000 
0.09500 0.125549800000 
0.09550 0.122671400000 
0.09600 0.119868400000 
0.09650 0.117234400000 
0.09700 0.114600400000 
0.09750 0.111966400000 
0.09800 0.109488000000 
0.09850 0.107077200000 
0.09900 0.104666600000 
0.09950 0.102271000000 
0.10000 0.100062600000 
0.10050 0.097854200000 
0.10100 0.095645800000 
0.10150 0.093518800000 
0.10200 0.091494400000 
0.10250 0.089470200000 
0.10300 0.087445800000 
0.10350 0.085555400000 
0.10400 0.083698800000 
0.10450 0.081842200000 
0.10500 0.080007600000 
0.10550 0.078303800000 
0.10600 0.076599800000 
0.10650 0.074895800000 
0.10700 0.073259000000 
0.10750 0.071694400000 
0.10800 0.070129800000 
0.10850 0.068565000000 
0.10900 0.067103400000 
0.10950 0.065665800000 
0.11000 0.064228200000 
0.11050 0.062805400000 
0.11100 0.061483400000 
0.11150 0.060161400000 
0.11200 0.058839400000 
0.11250 0.057564000000 
0.11300 0.056348600000 
0.11350 0.055133200000 
0.11400 0.053917800000 
0.11450 0.052773600000 
0.11500 0.051654800000 
0.11550 0.050536000000 
0.11600 0.049419800000 
0.11650 0.048389800000 
0.11700 0.047359800000 
0.11750 0.046329800000 
0.11800 0.045325400000 
0.11850 0.044376200000 
0.11900 0.043427200000 
0.11950 0.042478200000 
0.12000 0.041573400000 
0.12050 0.040699600000 
0.12100 0.039825600000 
0.12150 0.038951600000 
0.12200 0.038136200000 
0.12250 0.037330200000 
0.12300 0.036524400000 
0.12350 0.035725800000 
0.12400 0.034982400000 
0.12450 0.034239000000 
0.12500 0.033495600000 
0.12550 0.032773600000 
0.12600 0.032088200000 
0.12650 0.031402600000 
0.12700 0.030717000000 
0.12750 0.030064000000 
0.12800 0.029431800000 
0.12850 0.028799400000 
0.12900 0.028167000000 
0.12950 0.027576000000 
0.13000 0.026992200000 
0.13050 0.026408400000 
0.13100 0.025828000000 
0.13150 0.025289400000 
0.13200 0.024750800000 
0.13250 0.024212200000 
0.13300 0.023685600000 
0.13350 0.023188200000 
0.13400 0.022690800000 
0.13450 0.022193400000 
0.13500 0.021715200000 
0.13550 0.021255800000 
0.13600 0.020796400000 
0.13650 0.020337200000 
0.13700 0.019902840000 
0.13750 0.019478880000 
0.13800 0.019054940000 
0.13850 0.018631000000 
0.13900 0.018236280000 
0.13950 0.017844740000 
0.14000 0.017453200000 
0.14050 0.017064260000 
0.14100 0.016702980000 
0.14150 0.016341700000 
0.14200 0.015980440000 
0.14250 0.015626380000 
0.14300 0.015292780000 
0.14350 0.014959180000 
0.14400 0.014625580000 
0.14450 0.014302900000 
0.14500 0.013994900000 
0.14550 0.013686920000 
0.14600 0.013378940000 
0.14650 0.013084720000 
0.14700 0.012800440000 
0.14750 0.012516160000 
0.14800 0.012231880000 
0.14850 0.011963720000 
0.14900 0.011701660000 
0.14950 0.011439600000 
0.15000 0.011177540000 
0.15050 0.010932960000 
0.15100 0.010691220000 
0.15150 0.010449480000 
0.15200 0.010207740000 
0.15250 0.009984500000 
0.15300 0.009761600000 
0.15350 0.009538680000 
0.15400 0.009317420000 
0.15450 0.009112220000 
0.15500 0.008907000000 
0.15550 0.008701780000 
0.15600 0.008499660000 
0.15650 0.008310620000 
0.15700 0.008121580000 
0.15750 0.007932520000 
0.15800 0.007747580000 
0.15850 0.007573300000 
0.15900 0.007399020000 
0.15950 0.007224740000 
0.16000 0.007055420000 
0.16050 0.006895260000 
0.16100 0.006735100000 
0.16150 0.006574940000 
0.16200 0.006420080000 
0.16250 0.006272800000 
0.16300 0.006125520000 
0.16350 0.005978240000 
0.16400 0.005836420000 
0.16450 0.005701080000 
0.16500 0.005565740000 
0.16550 0.005430400000 
0.16600 0.005300580000 
0.16650 0.005176480000 
0.16700 0.005052400000 
0.16750 0.004928300000 
0.16800 0.004809320000 
0.16850 0.004695300000 
0.16900 0.004581260000 
0.16950 0.004467240000 
0.17000 0.004358140000 
0.17050 0.004253780000 
0.17100 0.004149400000 
0.17150 0.004045040000 
0.17200 0.003944980000 
0.17250 0.003849220000 
0.17300 0.003753460000 
0.17350 0.003657720000 
0.17400 0.003565820000 
0.17450 0.003478200000 
0.17500 0.003390560000 
0.17550 0.003302940000 
0.17600 0.003218640000 
0.17650 0.003138680000 
0.17700 0.003058720000 
0.17750 0.002978760000 
0.17800 0.002901420000 
0.17850 0.002828400000 
0.17900 0.002755360000 
0.17950 0.002682340000 
0.18000 0.002611240000 
0.18050 0.002544480000 
0.18100 0.002477720000 
0.18150 0.002410980000 
0.18200 0.002345540000 
0.18250 0.002284700000 
0.18300 0.002223860000 
0.18350 0.002163020000 
0.18400 0.002102880000 
0.18450 0.002047620000 
0.18500 0.001992362000 
0.18550 0.001937098000 
0.18600 0.001881908000 
0.18650 0.001831546000 
0.18700 0.001781186000 
0.18750 0.001730824000 
0.18800 0.001680462000 
0.18850 0.001634320000 
0.18900 0.001588688000 
0.18950 0.001543058000 
0.19000 0.001497426000 
0.19050 0.001454934000 
0.19100 0.001413444000 
0.19150 0.001371954000 
0.19200 0.001330464000 
0.19250 0.001291376000 
0.19300 0.001253792000 
0.19350 0.001216208000 
0.19400 0.001178624000 
0.19450 0.001142698000 
0.19500 0.001108698000 
0.19550 0.001074698000 
0.19600 0.001040700000 
0.19650 0.001007700000 
0.19700 0.000976988000 
0.19750 0.000946276000 
0.19800 0.000915562000 
0.19850 0.000885276000 
0.19900 0.000857574000 
0.19950 0.000829872000 
0.20000 0.000802170000 
0.20050 0.000774468000 
0.20100 0.000749390000 
0.20150 0.000724370000 
0.20200 0.000699352000 
0.20250 0.000674332000 
0.20300 0.000651430000 
0.20350 0.000629008000 
0.20400 0.000606588000 
0.20450 0.000584168000 
0.20500 0.000563214000 
0.20550 0.000543034000 
0.20600 0.000522854000 
0.20650 0.000502674000 
0.20700 0.000483588000 
0.20750 0.000465582000 
0.20800 0.000447576000 
0.20850 0.000429570000 
0.20900 0.000412240000 
0.20950 0.000396104000 
0.21000 0.000379968000 
0.21050 0.000363830000 
0.21100 0.000348100000 
0.21150 0.000333680000 
0.21200 0.000319258000 
0.21250 0.000304838000 
0.21300 0.000290640000 
0.21350 0.000277888000 
0.21400 0.000265138000 
0.21450 0.000252388000 
0.21500 0.000239716000 
0.21550 0.000228402000 
0.21600 0.000217088000 
0.21650 0.000205774000 
0.21700 0.000194474400 
0.21750 0.000184564600 
0.21800 0.000174654600 
0.21850 0.000164744800 
0.21900 0.000154838000 
0.21950 0.000146142000 
0.22000 0.000137446000 
0.22050 0.000128750200 
0.22100 0.000120100800 
0.22150 0.000112536400 
0.22200 0.000104972000 
0.22250 0.000097407600 
0.22300 0.000089992600 
0.22350 0.000083546800 
0.22400 0.000077100800 
0.22450 0.000070655000 
0.22500 0.000064495600 
0.22550 0.000059044200 
0.22600 0.000053592800 
0.22650 0.000048141400 
0.22700 0.000043193200 
0.22750 0.000038720200 
0.22800 0.000034247400 
0.22850 0.000029774400 
0.22900 0.000026082000 
0.22950 0.000022559000 
0.23000 0.000019036080 
0.23050 0.000015720140 
0.23100 0.000013131460 
0.23150 0.000010542760 
0.23200 0.000007954080 
0.23250 0.000006077320 
0.23300 0.000004469660 
0.23350 0.000002862020 
