0.00000 220.670000000000 
0.00050 199.879600000000 
0.00100 179.088400000000 
0.00150 158.297400000000 
0.00200 137.506400000000 
0.00250 122.369400000000 
0.00300 108.919600000000 
0.00350 97.662000000000 
0.00400 88.431600000000 
0.00450 79.699400000000 
0.00500 73.106400000000 
0.00550 66.513600000000 
0.00600 61.286600000000 
0.00650 56.433400000000 
0.00700 51.956200000000 
0.00750 48.296800000000 
0.00800 44.637200000000 
0.00850 41.640400000000 
0.00900 38.825800000000 
0.00950 36.132800000000 
0.01000 33.931400000000 
0.01050 31.729800000000 
0.01100 29.784000000000 
0.01150 28.037000000000 
0.01200 26.290000000000 
0.01250 24.845400000000 
0.01300 23.441600000000 
0.01350 22.079400000000 
0.01400 20.938800000000 
0.01450 19.798220000000 
0.01500 18.738760000000 
0.01550 17.802980000000 
0.01600 16.867180000000 
0.01650 16.028120000000 
0.01700 15.253600000000 
0.01750 14.479080000000 
0.01800 13.803660000000 
0.01850 13.157580000000 
0.01900 12.511480000000 
0.01950 11.959880000000 
0.02000 11.417100000000 
0.02050 10.876880000000 
0.02100 10.417980000000 
0.02150 9.959100000000 
0.02200 9.508520000000 
0.02250 9.118320000000 
0.02300 8.728100000000 
0.02350 8.348580000000 
0.02400 8.015000000000 
0.02450 7.681440000000 
0.02500 7.358920000000 
0.02550 7.072420000000 
0.02600 6.785920000000 
0.02650 6.509660000000 
0.02700 6.262500000000 
0.02750 6.015340000000 
0.02800 5.777020000000 
0.02850 5.562940000000 
0.02900 5.348880000000 
0.02950 5.141960000000 
0.03000 4.955860000000 
0.03050 4.769760000000 
0.03100 4.589080000000 
0.03150 4.426760000000 
0.03200 4.264460000000 
0.03250 4.105820000000 
0.03300 3.963820000000 
0.03350 3.821820000000 
0.03400 3.681900000000 
0.03450 3.557300000000 
0.03500 3.432720000000 
0.03550 3.308760000000 
0.03600 3.199160000000 
0.03650 3.089580000000 
0.03700 2.979980000000 
0.03750 2.882680000000 
0.03800 2.786060000000 
0.03850 2.689420000000 
0.03900 2.602240000000 
0.03950 2.516840000000 
0.04000 2.431440000000 
0.04050 2.353080000000 
0.04100 2.277440000000 
0.04150 2.201820000000 
0.04200 2.131160000000 
0.04250 2.064080000000 
0.04300 1.996980000000 
0.04350 1.933090000000 
0.04400 1.873464000000 
0.04450 1.813838000000 
0.04500 1.755924000000 
0.04550 1.702842000000 
0.04600 1.649762000000 
0.04650 1.597140000000 
0.04700 1.549814000000 
0.04750 1.502488000000 
0.04800 1.455164000000 
0.04850 1.412316000000 
0.04900 1.370062000000 
0.04950 1.327806000000 
0.05000 1.288558000000 
0.05050 1.250780000000 
0.05100 1.213002000000 
0.05150 1.176988000000 
0.05200 1.143172000000 
0.05250 1.109356000000 
0.05300 1.076254000000 
0.05350 1.045946000000 
0.05400 1.015638000000 
0.05450 0.985330000000 
0.05500 0.957972000000 
0.05550 0.930778000000 
0.05600 0.903586000000 
0.05650 0.878260000000 
0.05700 0.853834000000 
0.05750 0.829410000000 
0.05800 0.805940000000 
0.05850 0.783978000000 
0.05900 0.762018000000 
0.05950 0.740244000000 
0.06000 0.720480000000 
0.06050 0.700716000000 
0.06100 0.680952000000 
0.06150 0.662688000000 
0.06200 0.644882000000 
0.06250 0.627076000000 
0.06300 0.610030000000 
0.06350 0.593976000000 
0.06400 0.577922000000 
0.06450 0.562000000000 
0.06500 0.547512000000 
0.06550 0.533022000000 
0.06600 0.518534000000 
0.06650 0.505054000000 
0.06700 0.491968000000 
0.06750 0.478882000000 
0.06800 0.466222000000 
0.06850 0.454392000000 
0.06900 0.442560000000 
0.06950 0.430730000000 
0.07000 0.419964000000 
0.07050 0.409260000000 
0.07100 0.398556000000 
0.07150 0.388392000000 
0.07200 0.378702000000 
0.07250 0.369010000000 
0.07300 0.359418000000 
0.07350 0.350634000000 
0.07400 0.341852000000 
0.07450 0.333070000000 
0.07500 0.324834000000 
0.07550 0.316868000000 
0.07600 0.308904000000 
0.07650 0.301096000000 
0.07700 0.293868000000 
0.07750 0.286638000000 
0.07800 0.279410000000 
0.07850 0.272674000000 
0.07900 0.266108000000 
0.07950 0.259542000000 
0.08000 0.253132000000 
0.08050 0.247164000000 
0.08100 0.241196000000 
0.08150 0.235228000000 
0.08200 0.229670000000 
0.08250 0.224240000000 
0.08300 0.218810000000 
0.08350 0.213504000000 
0.08400 0.208562000000 
0.08450 0.203618000000 
0.08500 0.198676400000 
0.08550 0.194053400000 
0.08600 0.189550200000 
0.08650 0.185047000000 
0.08700 0.180619200000 
0.08750 0.176515000000 
0.08800 0.172410600000 
0.08850 0.168306400000 
0.08900 0.164431000000 
0.08950 0.160685600000 
0.09000 0.156940200000 
0.09050 0.153218800000 
0.09100 0.149799800000 
0.09150 0.146380800000 
0.09200 0.142961800000 
0.09250 0.139689600000 
0.09300 0.136565800000 
0.09350 0.133442000000 
0.09400 0.130318200000 
0.09450 0.127438400000 
0.09500 0.124583000000 
0.09550 0.121727600000 
0.09600 0.118947200000 
0.09650 0.116334200000 
0.09700 0.113721200000 
0.09750 0.111108200000 
0.09800 0.108649600000 
0.09850 0.106258000000 
0.09900 0.103866400000 
0.09950 0.101490000000 
0.10000 0.099299000000 
0.10050 0.097108200000 
0.10100 0.094917400000 
0.10150 0.092807200000 
0.10200 0.090798800000 
0.10250 0.088790600000 
0.10300 0.086782200000 
0.10350 0.084906800000 
0.10400 0.083064800000 
0.10450 0.081222600000 
0.10500 0.079402600000 
0.10550 0.077712000000 
0.10600 0.076021600000 
0.10650 0.074331000000 
0.10700 0.072707000000 
0.10750 0.071154600000 
0.10800 0.069602200000 
0.10850 0.068049800000 
0.10900 0.066599400000 
0.10950 0.065173000000 
0.11000 0.063746600000 
0.11050 0.062335000000 
0.11100 0.061023200000 
0.11150 0.059711400000 
0.11200 0.058399600000 
0.11250 0.057134200000 
0.11300 0.055928200000 
0.11350 0.054722200000 
0.11400 0.053516200000 
0.11450 0.052381000000 
0.11500 0.051270800000 
0.11550 0.050160400000 
0.11600 0.049053000000 
0.11650 0.048031000000 
0.11700 0.047008800000 
0.11750 0.045986800000 
0.11800 0.044990000000 
0.11850 0.044048200000 
0.11900 0.043106400000 
0.11950 0.042164600000 
0.12000 0.041266800000 
0.12050 0.040399600000 
0.12100 0.039532200000 
0.12150 0.038665000000 
0.12200 0.037855800000 
0.12250 0.037056000000 
0.12300 0.036256200000 
0.12350 0.035463800000 
0.12400 0.034726000000 
0.12450 0.033988200000 
0.12500 0.033250600000 
0.12550 0.032534000000 
0.12600 0.031853600000 
0.12650 0.031173200000 
0.12700 0.030492800000 
0.12750 0.029844800000 
0.12800 0.029217400000 
0.12850 0.028589800000 
0.12900 0.027962200000 
0.12950 0.027375400000 
0.13000 0.026796000000 
0.13050 0.026216800000 
0.13100 0.025640800000 
0.13150 0.025106200000 
0.13200 0.024571600000 
0.13250 0.024036800000 
0.13300 0.023514400000 
0.13350 0.023020600000 
0.13400 0.022527000000 
0.13450 0.022033200000 
0.13500 0.021558600000 
0.13550 0.021102600000 
0.13600 0.020646800000 
0.13650 0.020190800000 
0.13700 0.019759680000 
0.13750 0.019338880000 
0.13800 0.018918080000 
0.13850 0.018497280000 
0.13900 0.018105480000 
0.13950 0.017716820000 
0.14000 0.017328180000 
0.14050 0.016942120000 
0.14100 0.016583500000 
0.14150 0.016224880000 
0.14200 0.015866280000 
0.14250 0.015514820000 
0.14300 0.015183680000 
0.14350 0.014852520000 
0.14400 0.014521380000 
0.14450 0.014201060000 
0.14500 0.013895320000 
0.14550 0.013589600000 
0.14600 0.013283860000 
0.14650 0.012991800000 
0.14700 0.012709580000 
0.14750 0.012427380000 
0.14800 0.012145180000 
0.14850 0.011878980000 
0.14900 0.011618820000 
0.14950 0.011358680000 
0.15000 0.011098520000 
0.15050 0.010855700000 
0.15100 0.010615720000 
0.15150 0.010375740000 
0.15200 0.010135760000 
0.15250 0.009914120000 
0.15300 0.009692820000 
0.15350 0.009471540000 
0.15400 0.009251860000 
0.15450 0.009048140000 
0.15500 0.008844400000 
0.15550 0.008640660000 
0.15600 0.008440000000 
0.15650 0.008252320000 
0.15700 0.008064640000 
0.15750 0.007876940000 
0.15800 0.007693320000 
0.15850 0.007520300000 
0.15900 0.007347260000 
0.15950 0.007174220000 
0.16000 0.007006120000 
0.16050 0.006847100000 
0.16100 0.006688080000 
0.16150 0.006529080000 
0.16200 0.006375320000 
0.16250 0.006229080000 
0.16300 0.006082860000 
0.16350 0.005936620000 
0.16400 0.005795820000 
0.16450 0.005661440000 
0.16500 0.005527060000 
0.16550 0.005392700000 
0.16600 0.005263780000 
0.16650 0.005140580000 
0.16700 0.005017360000 
0.16750 0.004894160000 
0.16800 0.004776020000 
0.16850 0.004662780000 
0.16900 0.004549560000 
0.16950 0.004436340000 
0.17000 0.004328020000 
0.17050 0.004224380000 
0.17100 0.004120760000 
0.17150 0.004017120000 
0.17200 0.003917760000 
0.17250 0.003822680000 
0.17300 0.003727600000 
0.17350 0.003632520000 
0.17400 0.003541260000 
0.17450 0.003454260000 
0.17500 0.003367260000 
0.17550 0.003280240000 
0.17600 0.003196520000 
0.17650 0.003117120000 
0.17700 0.003037720000 
0.17750 0.002958320000 
0.17800 0.002881520000 
0.17850 0.002809000000 
0.17900 0.002736480000 
0.17950 0.002663980000 
0.18000 0.002593380000 
0.18050 0.002527080000 
0.18100 0.002460780000 
0.18150 0.002394500000 
0.18200 0.002329520000 
0.18250 0.002269100000 
0.18300 0.002208680000 
0.18350 0.002148280000 
0.18400 0.002088560000 
0.18450 0.002033680000 
0.18500 0.001978790000 
0.18550 0.001923908000 
0.18600 0.001869100000 
0.18650 0.001819086000 
0.18700 0.001769074000 
0.18750 0.001719060000 
0.18800 0.001669046000 
0.18850 0.001623222000 
0.18900 0.001577904000 
0.18950 0.001532588000 
0.19000 0.001487270000 
0.19050 0.001445072000 
0.19100 0.001403866000 
0.19150 0.001362662000 
0.19200 0.001321456000 
0.19250 0.001282636000 
0.19300 0.001245310000 
0.19350 0.001207982000 
0.19400 0.001170656000 
0.19450 0.001134978000 
0.19500 0.001101210000 
0.19550 0.001067444000 
0.19600 0.001033676000 
0.19650 0.001000904000 
0.19700 0.000970400000 
0.19750 0.000939896000 
0.19800 0.000909394000 
0.19850 0.000879316000 
0.19900 0.000851802000 
0.19950 0.000824288000 
0.20000 0.000796774000 
0.20050 0.000769260000 
0.20100 0.000744352000 
0.20150 0.000719504000 
0.20200 0.000694654000 
0.20250 0.000669806000 
0.20300 0.000647058000 
0.20350 0.000624788000 
0.20400 0.000602520000 
0.20450 0.000580252000 
0.20500 0.000559440000 
0.20550 0.000539396000 
0.20600 0.000519354000 
0.20650 0.000499310000 
0.20700 0.000480352000 
0.20750 0.000462468000 
0.20800 0.000444584000 
0.20850 0.000426700000 
0.20900 0.000409486000 
0.20950 0.000393458000 
0.21000 0.000377430000 
0.21050 0.000361402000 
0.21100 0.000345778000 
0.21150 0.000331454000 
0.21200 0.000317130000 
0.21250 0.000302806000 
0.21300 0.000288704000 
0.21350 0.000276038000 
0.21400 0.000263374000 
0.21450 0.000250708000 
0.21500 0.000238122000 
0.21550 0.000226884000 
0.21600 0.000215646000 
0.21650 0.000204408000 
0.21700 0.000193182800 
0.21750 0.000183339000 
0.21800 0.000173495400 
0.21850 0.000163651800 
0.21900 0.000153811000 
0.21950 0.000145173000 
0.22000 0.000136535000 
0.22050 0.000127897200 
0.22100 0.000119305400 
0.22150 0.000111791400 
0.22200 0.000104277200 
0.22250 0.000096763200 
0.22300 0.000089397400 
0.22350 0.000082994400 
0.22400 0.000076591200 
0.22450 0.000070188200 
0.22500 0.000064069600 
0.22550 0.000058654400 
0.22600 0.000053239200 
0.22650 0.000047823800 
0.22700 0.000042908200 
0.22750 0.000038465000 
0.22800 0.000034021600 
0.22850 0.000029578200 
0.22900 0.000025910200 
0.22950 0.000022410600 
0.23000 0.000018910780 
0.23050 0.000015616720 
0.23100 0.000013045080 
0.23150 0.000010473440 
0.23200 0.000007901800 
0.23250 0.000006037380 
0.23300 0.000004440300 
0.23350 0.000002843220 
