0.00000 218.180000000000 
0.00050 197.631800000000 
0.00100 177.083600000000 
0.00150 156.535200000000 
0.00200 135.987000000000 
0.00250 121.025800000000 
0.00300 107.731800000000 
0.00350 96.603800000000 
0.00400 87.479400000000 
0.00450 78.847000000000 
0.00500 72.328800000000 
0.00550 65.810600000000 
0.00600 60.642200000000 
0.00650 55.843400000000 
0.00700 51.416200000000 
0.00750 47.797200000000 
0.00800 44.178400000000 
0.00850 41.214400000000 
0.00900 38.430600000000 
0.00950 35.767000000000 
0.01000 33.589400000000 
0.01050 31.411600000000 
0.01100 29.486800000000 
0.01150 27.758400000000 
0.01200 26.030200000000 
0.01250 24.600800000000 
0.01300 23.212000000000 
0.01350 21.864000000000 
0.01400 20.735400000000 
0.01450 19.606840000000 
0.01500 18.558460000000 
0.01550 17.632360000000 
0.01600 16.706260000000 
0.01650 15.875860000000 
0.01700 15.109280000000 
0.01750 14.342680000000 
0.01800 13.674160000000 
0.01850 13.034620000000 
0.01900 12.395080000000 
0.01950 11.849020000000 
0.02000 11.311720000000 
0.02050 10.776900000000 
0.02100 10.322580000000 
0.02150 9.868260000000 
0.02200 9.422160000000 
0.02250 9.035780000000 
0.02300 8.649400000000 
0.02350 8.273620000000 
0.02400 7.943300000000 
0.02450 7.612980000000 
0.02500 7.293600000000 
0.02550 7.009860000000 
0.02600 6.726120000000 
0.02650 6.452520000000 
0.02700 6.207720000000 
0.02750 5.962920000000 
0.02800 5.726860000000 
0.02850 5.514820000000 
0.02900 5.302780000000 
0.02950 5.097800000000 
0.03000 4.913460000000 
0.03050 4.729100000000 
0.03100 4.550080000000 
0.03150 4.389280000000 
0.03200 4.228480000000 
0.03250 4.071320000000 
0.03300 3.930620000000 
0.03350 3.789920000000 
0.03400 3.651280000000 
0.03450 3.527820000000 
0.03500 3.404360000000 
0.03550 3.281540000000 
0.03600 3.172920000000 
0.03650 3.064320000000 
0.03700 2.955700000000 
0.03750 2.859280000000 
0.03800 2.763500000000 
0.03850 2.667740000000 
0.03900 2.581320000000 
0.03950 2.496680000000 
0.04000 2.412040000000 
0.04050 2.334360000000 
0.04100 2.259400000000 
0.04150 2.184440000000 
0.04200 2.114380000000 
0.04250 2.047860000000 
0.04300 1.981356000000 
0.04350 1.918018000000 
0.04400 1.858902000000 
0.04450 1.799784000000 
0.04500 1.742368000000 
0.04550 1.689736000000 
0.04600 1.637104000000 
0.04650 1.584928000000 
0.04700 1.538000000000 
0.04750 1.491072000000 
0.04800 1.444144000000 
0.04850 1.401654000000 
0.04900 1.359750000000 
0.04950 1.317848000000 
0.05000 1.278924000000 
0.05050 1.241458000000 
0.05100 1.203990000000 
0.05150 1.168272000000 
0.05200 1.134732000000 
0.05250 1.101192000000 
0.05300 1.068358000000 
0.05350 1.038296000000 
0.05400 1.008232000000 
0.05450 0.978170000000 
0.05500 0.951030000000 
0.05550 0.924054000000 
0.05600 0.897078000000 
0.05650 0.871954000000 
0.05700 0.847722000000 
0.05750 0.823492000000 
0.05800 0.800206000000 
0.05850 0.778418000000 
0.05900 0.756630000000 
0.05950 0.735026000000 
0.06000 0.715416000000 
0.06050 0.695806000000 
0.06100 0.676194000000 
0.06150 0.658072000000 
0.06200 0.640404000000 
0.06250 0.622736000000 
0.06300 0.605818000000 
0.06350 0.589888000000 
0.06400 0.573956000000 
0.06450 0.558156000000 
0.06500 0.543776000000 
0.06550 0.529396000000 
0.06600 0.515018000000 
0.06650 0.501638000000 
0.06700 0.488650000000 
0.06750 0.475662000000 
0.06800 0.463096000000 
0.06850 0.451354000000 
0.06900 0.439610000000 
0.06950 0.427868000000 
0.07000 0.417180000000 
0.07050 0.406556000000 
0.07100 0.395930000000 
0.07150 0.385842000000 
0.07200 0.376220000000 
0.07250 0.366598000000 
0.07300 0.357076000000 
0.07350 0.348358000000 
0.07400 0.339638000000 
0.07450 0.330918000000 
0.07500 0.322742000000 
0.07550 0.314834000000 
0.07600 0.306926000000 
0.07650 0.299174000000 
0.07700 0.291996000000 
0.07750 0.284818000000 
0.07800 0.277640000000 
0.07850 0.270952000000 
0.07900 0.264432000000 
0.07950 0.257912000000 
0.08000 0.251546000000 
0.08050 0.245620000000 
0.08100 0.239692000000 
0.08150 0.233766000000 
0.08200 0.228248000000 
0.08250 0.222854000000 
0.08300 0.217462000000 
0.08350 0.212192000000 
0.08400 0.207284000000 
0.08450 0.202374000000 
0.08500 0.197465000000 
0.08550 0.192873400000 
0.08600 0.188400600000 
0.08650 0.183927800000 
0.08700 0.179529800000 
0.08750 0.175452800000 
0.08800 0.171376000000 
0.08850 0.167299200000 
0.08900 0.163449400000 
0.08950 0.159728800000 
0.09000 0.156008200000 
0.09050 0.152311400000 
0.09100 0.148914800000 
0.09150 0.145518400000 
0.09200 0.142121800000 
0.09250 0.138870800000 
0.09300 0.135767400000 
0.09350 0.132664000000 
0.09400 0.129560400000 
0.09450 0.126699200000 
0.09500 0.123862200000 
0.09550 0.121025200000 
0.09600 0.118262400000 
0.09650 0.115666200000 
0.09700 0.113069800000 
0.09750 0.110473400000 
0.09800 0.108030400000 
0.09850 0.105654000000 
0.09900 0.103277600000 
0.09950 0.100916000000 
0.10000 0.098738800000 
0.10050 0.096561800000 
0.10100 0.094384600000 
0.10150 0.092287600000 
0.10200 0.090291600000 
0.10250 0.088295800000 
0.10300 0.086300000000 
0.10350 0.084436000000 
0.10400 0.082605400000 
0.10450 0.080774600000 
0.10500 0.078965800000 
0.10550 0.077285400000 
0.10600 0.075605200000 
0.10650 0.073924800000 
0.10700 0.072310800000 
0.10750 0.070767800000 
0.10800 0.069224600000 
0.10850 0.067681600000 
0.10900 0.066240000000 
0.10950 0.064822000000 
0.11000 0.063404200000 
0.11050 0.062001000000 
0.11100 0.060697000000 
0.11150 0.059393000000 
0.11200 0.058089000000 
0.11250 0.056831000000 
0.11300 0.055632000000 
0.11350 0.054433200000 
0.11400 0.053234200000 
0.11450 0.052105600000 
0.11500 0.051001800000 
0.11550 0.049898000000 
0.11600 0.048797000000 
0.11650 0.047780800000 
0.11700 0.046764600000 
0.11750 0.045748200000 
0.11800 0.044757200000 
0.11850 0.043820800000 
0.11900 0.042884400000 
0.11950 0.041948000000 
0.12000 0.041055400000 
0.12050 0.040193000000 
0.12100 0.039330600000 
0.12150 0.038468200000 
0.12200 0.037663400000 
0.12250 0.036868200000 
0.12300 0.036072800000 
0.12350 0.035284800000 
0.12400 0.034551200000 
0.12450 0.033817600000 
0.12500 0.033083800000 
0.12550 0.032371400000 
0.12600 0.031694800000 
0.12650 0.031018000000 
0.12700 0.030341400000 
0.12750 0.029697000000 
0.12800 0.029072800000 
0.12850 0.028448600000 
0.12900 0.027824400000 
0.12950 0.027241000000 
0.13000 0.026664800000 
0.13050 0.026088400000 
0.13100 0.025515600000 
0.13150 0.024983800000 
0.13200 0.024452000000 
0.13250 0.023920400000 
0.13300 0.023400600000 
0.13350 0.022909600000 
0.13400 0.022418400000 
0.13450 0.021927400000 
0.13500 0.021455200000 
0.13550 0.021001600000 
0.13600 0.020548000000 
0.13650 0.020094400000 
0.13700 0.019665680000 
0.13750 0.019247080000 
0.13800 0.018828460000 
0.13850 0.018409840000 
0.13900 0.018020060000 
0.13950 0.017633420000 
0.14000 0.017246780000 
0.14050 0.016862700000 
0.14100 0.016505920000 
0.14150 0.016149120000 
0.14200 0.015792340000 
0.14250 0.015442680000 
0.14300 0.015113200000 
0.14350 0.014783740000 
0.14400 0.014454260000 
0.14450 0.014135560000 
0.14500 0.013831360000 
0.14550 0.013527160000 
0.14600 0.013222960000 
0.14650 0.012932340000 
0.14700 0.012651540000 
0.14750 0.012370740000 
0.14800 0.012089940000 
0.14850 0.011825040000 
0.14900 0.011566180000 
0.14950 0.011307300000 
0.15000 0.011048440000 
0.15050 0.010806800000 
0.15100 0.010567980000 
0.15150 0.010329180000 
0.15200 0.010090360000 
0.15250 0.009869800000 
0.15300 0.009649580000 
0.15350 0.009429360000 
0.15400 0.009210740000 
0.15450 0.009008000000 
0.15500 0.008805240000 
0.15550 0.008602480000 
0.15600 0.008402780000 
0.15650 0.008215980000 
0.15700 0.008029180000 
0.15750 0.007842380000 
0.15800 0.007659640000 
0.15850 0.007487420000 
0.15900 0.007315200000 
0.15950 0.007142980000 
0.16000 0.006975660000 
0.16050 0.006817400000 
0.16100 0.006659120000 
0.16150 0.006500860000 
0.16200 0.006347800000 
0.16250 0.006202260000 
0.16300 0.006056700000 
0.16350 0.005911140000 
0.16400 0.005771000000 
0.16450 0.005637220000 
0.16500 0.005503460000 
0.16550 0.005369700000 
0.16600 0.005241380000 
0.16650 0.005118740000 
0.16700 0.004996100000 
0.16750 0.004873440000 
0.16800 0.004755840000 
0.16850 0.004643120000 
0.16900 0.004530400000 
0.16950 0.004417700000 
0.17000 0.004309860000 
0.17050 0.004206700000 
0.17100 0.004103520000 
0.17150 0.004000360000 
0.17200 0.003901440000 
0.17250 0.003806780000 
0.17300 0.003712120000 
0.17350 0.003617460000 
0.17400 0.003526600000 
0.17450 0.003439980000 
0.17500 0.003353360000 
0.17550 0.003266720000 
0.17600 0.003183380000 
0.17650 0.003104320000 
0.17700 0.003025280000 
0.17750 0.002946220000 
0.17800 0.002869740000 
0.17850 0.002797540000 
0.17900 0.002725340000 
0.17950 0.002653140000 
0.18000 0.002582840000 
0.18050 0.002516840000 
0.18100 0.002450820000 
0.18150 0.002384820000 
0.18200 0.002320120000 
0.18250 0.002259960000 
0.18300 0.002199800000 
0.18350 0.002139640000 
0.18400 0.002080180000 
0.18450 0.002025520000 
0.18500 0.001970876000 
0.18550 0.001916228000 
0.18600 0.001861650000 
0.18650 0.001811846000 
0.18700 0.001762042000 
0.18750 0.001712236000 
0.18800 0.001662432000 
0.18850 0.001616800000 
0.18900 0.001571670000 
0.18950 0.001526542000 
0.19000 0.001481412000 
0.19050 0.001439388000 
0.19100 0.001398352000 
0.19150 0.001357316000 
0.19200 0.001316282000 
0.19250 0.001277620000 
0.19300 0.001240446000 
0.19350 0.001203272000 
0.19400 0.001166098000 
0.19450 0.001130564000 
0.19500 0.001096934000 
0.19550 0.001063304000 
0.19600 0.001029674000 
0.19650 0.000997034000 
0.19700 0.000966654000 
0.19750 0.000936272000 
0.19800 0.000905892000 
0.19850 0.000875934000 
0.19900 0.000848530000 
0.19950 0.000821128000 
0.20000 0.000793724000 
0.20050 0.000766320000 
0.20100 0.000741510000 
0.20150 0.000716760000 
0.20200 0.000692008000 
0.20250 0.000667258000 
0.20300 0.000644600000 
0.20350 0.000622418000 
0.20400 0.000600238000 
0.20450 0.000578056000 
0.20500 0.000557326000 
0.20550 0.000537362000 
0.20600 0.000517396000 
0.20650 0.000497432000 
0.20700 0.000478548000 
0.20750 0.000460732000 
0.20800 0.000442918000 
0.20850 0.000425102000 
0.20900 0.000407956000 
0.20950 0.000391990000 
0.21000 0.000376024000 
0.21050 0.000360056000 
0.21100 0.000344492000 
0.21150 0.000330224000 
0.21200 0.000315954000 
0.21250 0.000301684000 
0.21300 0.000287636000 
0.21350 0.000275018000 
0.21400 0.000262402000 
0.21450 0.000249784000 
0.21500 0.000237246000 
0.21550 0.000226050000 
0.21600 0.000214854000 
0.21650 0.000203658000 
0.21700 0.000192475400 
0.21750 0.000182668400 
0.21800 0.000172861600 
0.21850 0.000163054600 
0.21900 0.000153250600 
0.21950 0.000144644800 
0.22000 0.000136038800 
0.22050 0.000127432800 
0.22100 0.000118873000 
0.22150 0.000111386600 
0.22200 0.000103900200 
0.22250 0.000096413800 
0.22300 0.000089075000 
0.22350 0.000082695400 
0.22400 0.000076315600 
0.22450 0.000069936000 
0.22500 0.000063839800 
0.22550 0.000058444000 
0.22600 0.000053048400 
0.22650 0.000047652800 
0.22700 0.000042755000 
0.22750 0.000038327800 
0.22800 0.000033900400 
0.22850 0.000029473000 
0.22900 0.000025818200 
0.22950 0.000022331000 
0.23000 0.000018843760 
0.23050 0.000015561460 
0.23100 0.000012998960 
0.23150 0.000010436440 
0.23200 0.000007873940 
0.23250 0.000006016120 
0.23300 0.000004424680 
0.23350 0.000002833240 
