0.00000 215.614000000000 
0.00050 195.316000000000 
0.00100 175.017600000000 
0.00150 154.719200000000 
0.00200 134.421000000000 
0.00250 119.640800000000 
0.00300 106.507200000000 
0.00350 95.513000000000 
0.00400 86.497400000000 
0.00450 77.967800000000 
0.00500 71.526600000000 
0.00550 65.085200000000 
0.00600 59.977600000000 
0.00650 55.234600000000 
0.00700 50.859000000000 
0.00750 47.281800000000 
0.00800 43.704600000000 
0.00850 40.774600000000 
0.00900 38.022400000000 
0.00950 35.389200000000 
0.01000 33.236200000000 
0.01050 31.083000000000 
0.01100 29.179800000000 
0.01150 27.470800000000 
0.01200 25.761800000000 
0.01250 24.348200000000 
0.01300 22.974600000000 
0.01350 21.641600000000 
0.01400 20.525400000000 
0.01450 19.409060000000 
0.01500 18.372080000000 
0.01550 17.455980000000 
0.01600 16.539900000000 
0.01650 15.718420000000 
0.01700 14.960020000000 
0.01750 14.201640000000 
0.01800 13.540200000000 
0.01850 12.907440000000 
0.01900 12.274680000000 
0.01950 11.734340000000 
0.02000 11.202660000000 
0.02050 10.673440000000 
0.02100 10.223840000000 
0.02150 9.774220000000 
0.02200 9.332740000000 
0.02250 8.950340000000 
0.02300 8.567940000000 
0.02350 8.196000000000 
0.02400 7.869040000000 
0.02450 7.542080000000 
0.02500 7.225940000000 
0.02550 6.945060000000 
0.02600 6.664160000000 
0.02650 6.393320000000 
0.02700 6.150960000000 
0.02750 5.908600000000 
0.02800 5.674880000000 
0.02850 5.464940000000 
0.02900 5.254980000000 
0.02950 5.052020000000 
0.03000 4.869480000000 
0.03050 4.686920000000 
0.03100 4.509660000000 
0.03150 4.350420000000 
0.03200 4.191160000000 
0.03250 4.035520000000 
0.03300 3.896160000000 
0.03350 3.756820000000 
0.03400 3.619500000000 
0.03450 3.497220000000 
0.03500 3.374940000000 
0.03550 3.253260000000 
0.03600 3.145680000000 
0.03650 3.038100000000 
0.03700 2.930500000000 
0.03750 2.834980000000 
0.03800 2.740100000000 
0.03850 2.645200000000 
0.03900 2.559600000000 
0.03950 2.475740000000 
0.04000 2.391860000000 
0.04050 2.314900000000 
0.04100 2.240620000000 
0.04150 2.166340000000 
0.04200 2.096940000000 
0.04250 2.031020000000 
0.04300 1.965112000000 
0.04350 1.902342000000 
0.04400 1.843756000000 
0.04450 1.785170000000 
0.04500 1.728266000000 
0.04550 1.676100000000 
0.04600 1.623936000000 
0.04650 1.572224000000 
0.04700 1.525708000000 
0.04750 1.479192000000 
0.04800 1.432676000000 
0.04850 1.390556000000 
0.04900 1.349018000000 
0.04950 1.307478000000 
0.05000 1.268892000000 
0.05050 1.231748000000 
0.05100 1.194604000000 
0.05150 1.159192000000 
0.05200 1.125938000000 
0.05250 1.092684000000 
0.05300 1.060132000000 
0.05350 1.030322000000 
0.05400 1.000514000000 
0.05450 0.970706000000 
0.05500 0.943794000000 
0.05550 0.917044000000 
0.05600 0.890294000000 
0.05650 0.865380000000 
0.05700 0.841350000000 
0.05750 0.817318000000 
0.05800 0.794226000000 
0.05850 0.772618000000 
0.05900 0.751008000000 
0.05950 0.729582000000 
0.06000 0.710132000000 
0.06050 0.690680000000 
0.06100 0.671230000000 
0.06150 0.653254000000 
0.06200 0.635728000000 
0.06250 0.618202000000 
0.06300 0.601422000000 
0.06350 0.585618000000 
0.06400 0.569814000000 
0.06450 0.554140000000 
0.06500 0.539874000000 
0.06550 0.525608000000 
0.06600 0.511344000000 
0.06650 0.498070000000 
0.06700 0.485184000000 
0.06750 0.472296000000 
0.06800 0.459830000000 
0.06850 0.448178000000 
0.06900 0.436526000000 
0.06950 0.424874000000 
0.07000 0.414270000000 
0.07050 0.403726000000 
0.07100 0.393182000000 
0.07150 0.383172000000 
0.07200 0.373624000000 
0.07250 0.364076000000 
0.07300 0.354628000000 
0.07350 0.345974000000 
0.07400 0.337320000000 
0.07450 0.328666000000 
0.07500 0.320552000000 
0.07550 0.312702000000 
0.07600 0.304854000000 
0.07650 0.297160000000 
0.07700 0.290036000000 
0.07750 0.282910000000 
0.07800 0.275786000000 
0.07850 0.269148000000 
0.07900 0.262676000000 
0.07950 0.256204000000 
0.08000 0.249886000000 
0.08050 0.244002000000 
0.08100 0.238118000000 
0.08150 0.232234000000 
0.08200 0.226756000000 
0.08250 0.221402000000 
0.08300 0.216048000000 
0.08350 0.210816000000 
0.08400 0.205942000000 
0.08450 0.201068000000 
0.08500 0.196194400000 
0.08550 0.191635400000 
0.08600 0.187194200000 
0.08650 0.182753200000 
0.08700 0.178386400000 
0.08750 0.174338200000 
0.08800 0.170290000000 
0.08850 0.166241800000 
0.08900 0.162419000000 
0.08950 0.158724200000 
0.09000 0.155029600000 
0.09050 0.151358400000 
0.09100 0.147985400000 
0.09150 0.144612200000 
0.09200 0.141239200000 
0.09250 0.138010600000 
0.09300 0.134928400000 
0.09350 0.131846200000 
0.09400 0.128764000000 
0.09450 0.125922000000 
0.09500 0.123104200000 
0.09550 0.120286600000 
0.09600 0.117542400000 
0.09650 0.114963600000 
0.09700 0.112384800000 
0.09750 0.109805800000 
0.09800 0.107379200000 
0.09850 0.105018600000 
0.09900 0.102658000000 
0.09950 0.100312200000 
0.10000 0.098149400000 
0.10050 0.095986600000 
0.10100 0.093823800000 
0.10150 0.091740400000 
0.10200 0.089757800000 
0.10250 0.087775000000 
0.10300 0.085792200000 
0.10350 0.083940200000 
0.10400 0.082121400000 
0.10450 0.080302600000 
0.10500 0.078505400000 
0.10550 0.076836000000 
0.10600 0.075166400000 
0.10650 0.073497000000 
0.10700 0.071893200000 
0.10750 0.070360000000 
0.10800 0.068826600000 
0.10850 0.067293400000 
0.10900 0.065861000000 
0.10950 0.064452000000 
0.11000 0.063043000000 
0.11050 0.061648600000 
0.11100 0.060352800000 
0.11150 0.059057000000 
0.11200 0.057761200000 
0.11250 0.056511000000 
0.11300 0.055319600000 
0.11350 0.054128000000 
0.11400 0.052936400000 
0.11450 0.051814800000 
0.11500 0.050717800000 
0.11550 0.049620800000 
0.11600 0.048526600000 
0.11650 0.047516400000 
0.11700 0.046506400000 
0.11750 0.045496400000 
0.11800 0.044511400000 
0.11850 0.043580600000 
0.11900 0.042649800000 
0.11950 0.041719200000 
0.12000 0.040831800000 
0.12050 0.039974600000 
0.12100 0.039117400000 
0.12150 0.038260200000 
0.12200 0.037460200000 
0.12250 0.036669600000 
0.12300 0.035879000000 
0.12350 0.035095600000 
0.12400 0.034366400000 
0.12450 0.033637000000 
0.12500 0.032907600000 
0.12550 0.032199200000 
0.12600 0.031526600000 
0.12650 0.030853800000 
0.12700 0.030181200000 
0.12750 0.029540400000 
0.12800 0.028919800000 
0.12850 0.028299400000 
0.12900 0.027678800000 
0.12950 0.027098600000 
0.13000 0.026525600000 
0.13050 0.025952600000 
0.13100 0.025383000000 
0.13150 0.024854400000 
0.13200 0.024325600000 
0.13250 0.023796800000 
0.13300 0.023280000000 
0.13350 0.022791800000 
0.13400 0.022303400000 
0.13450 0.021815000000 
0.13500 0.021345600000 
0.13550 0.020894600000 
0.13600 0.020443400000 
0.13650 0.019992440000 
0.13700 0.019566000000 
0.13750 0.019149700000 
0.13800 0.018733380000 
0.13850 0.018317080000 
0.13900 0.017929440000 
0.13950 0.017544920000 
0.14000 0.017160380000 
0.14050 0.016778400000 
0.14100 0.016423560000 
0.14150 0.016068700000 
0.14200 0.015713860000 
0.14250 0.015366100000 
0.14300 0.015038380000 
0.14350 0.014710680000 
0.14400 0.014382980000 
0.14450 0.014065980000 
0.14500 0.013763400000 
0.14550 0.013460820000 
0.14600 0.013158240000 
0.14650 0.012869180000 
0.14700 0.012589860000 
0.14750 0.012310540000 
0.14800 0.012031220000 
0.14850 0.011767720000 
0.14900 0.011510200000 
0.14950 0.011252700000 
0.15000 0.010995180000 
0.15050 0.010754800000 
0.15100 0.010517220000 
0.15150 0.010279660000 
0.15200 0.010042080000 
0.15250 0.009822660000 
0.15300 0.009603560000 
0.15350 0.009384480000 
0.15400 0.009167000000 
0.15450 0.008965280000 
0.15500 0.008763560000 
0.15550 0.008561840000 
0.15600 0.008363160000 
0.15650 0.008177300000 
0.15700 0.007991440000 
0.15750 0.007805600000 
0.15800 0.007623780000 
0.15850 0.007452420000 
0.15900 0.007281060000 
0.15950 0.007109720000 
0.16000 0.006943220000 
0.16050 0.006785740000 
0.16100 0.006628260000 
0.16150 0.006470780000 
0.16200 0.006318480000 
0.16250 0.006173660000 
0.16300 0.006028820000 
0.16350 0.005883980000 
0.16400 0.005744520000 
0.16450 0.005611420000 
0.16500 0.005478300000 
0.16550 0.005345200000 
0.16600 0.005217500000 
0.16650 0.005095460000 
0.16700 0.004973400000 
0.16750 0.004851340000 
0.16800 0.004734300000 
0.16850 0.004622140000 
0.16900 0.004509960000 
0.16950 0.004397800000 
0.17000 0.004290480000 
0.17050 0.004187800000 
0.17100 0.004085120000 
0.17150 0.003982460000 
0.17200 0.003884000000 
0.17250 0.003789800000 
0.17300 0.003695580000 
0.17350 0.003601380000 
0.17400 0.003510940000 
0.17450 0.003424720000 
0.17500 0.003338500000 
0.17550 0.003252280000 
0.17600 0.003169340000 
0.17650 0.003090640000 
0.17700 0.003011960000 
0.17750 0.002933280000 
0.17800 0.002857160000 
0.17850 0.002785300000 
0.17900 0.002713420000 
0.17950 0.002641560000 
0.18000 0.002571580000 
0.18050 0.002505880000 
0.18100 0.002440180000 
0.18150 0.002374460000 
0.18200 0.002310060000 
0.18250 0.002250180000 
0.18300 0.002190300000 
0.18350 0.002130420000 
0.18400 0.002071220000 
0.18450 0.002016820000 
0.18500 0.001962410000 
0.18550 0.001908008000 
0.18600 0.001853676000 
0.18650 0.001804096000 
0.18700 0.001754514000 
0.18750 0.001704934000 
0.18800 0.001655352000 
0.18850 0.001609922000 
0.18900 0.001564994000 
0.18950 0.001520066000 
0.19000 0.001475138000 
0.19050 0.001433300000 
0.19100 0.001392446000 
0.19150 0.001351592000 
0.19200 0.001310738000 
0.19250 0.001272246000 
0.19300 0.001235236000 
0.19350 0.001198224000 
0.19400 0.001161214000 
0.19450 0.001125836000 
0.19500 0.001092352000 
0.19550 0.001058868000 
0.19600 0.001025384000 
0.19650 0.000992886000 
0.19700 0.000962636000 
0.19750 0.000932386000 
0.19800 0.000902138000 
0.19850 0.000872310000 
0.19900 0.000845024000 
0.19950 0.000817736000 
0.20000 0.000790450000 
0.20050 0.000763164000 
0.20100 0.000738460000 
0.20150 0.000713816000 
0.20200 0.000689170000 
0.20250 0.000664526000 
0.20300 0.000641962000 
0.20350 0.000619876000 
0.20400 0.000597788000 
0.20450 0.000575700000 
0.20500 0.000555058000 
0.20550 0.000535176000 
0.20600 0.000515296000 
0.20650 0.000495414000 
0.20700 0.000476610000 
0.20750 0.000458868000 
0.20800 0.000441128000 
0.20850 0.000423388000 
0.20900 0.000406312000 
0.20950 0.000390412000 
0.21000 0.000374512000 
0.21050 0.000358612000 
0.21100 0.000343112000 
0.21150 0.000328900000 
0.21200 0.000314690000 
0.21250 0.000300480000 
0.21300 0.000286488000 
0.21350 0.000273922000 
0.21400 0.000261356000 
0.21450 0.000248792000 
0.21500 0.000236304000 
0.21550 0.000225154000 
0.21600 0.000214002000 
0.21650 0.000202852000 
0.21700 0.000191714800 
0.21750 0.000181947400 
0.21800 0.000172179800 
0.21850 0.000162412400 
0.21900 0.000152648000 
0.21950 0.000144076400 
0.22000 0.000135504800 
0.22050 0.000126933400 
0.22100 0.000118407600 
0.22150 0.000110951000 
0.22200 0.000103494200 
0.22250 0.000096037600 
0.22300 0.000088728000 
0.22350 0.000082373400 
0.22400 0.000076019000 
0.22450 0.000069664400 
0.22500 0.000063592200 
0.22550 0.000058217600 
0.22600 0.000052843200 
0.22650 0.000047468800 
0.22700 0.000042590000 
0.22750 0.000038180000 
0.22800 0.000033769800 
0.22850 0.000029359800 
0.22900 0.000025719000 
0.22950 0.000022245200 
0.23000 0.000018771540 
0.23050 0.000015501920 
0.23100 0.000012949260 
0.23150 0.000010396580 
0.23200 0.000007843920 
0.23250 0.000005993200 
0.23300 0.000004407840 
0.23350 0.000002822460 
