0.00000 145.636000000000 
0.00050 125.664800000000 
0.00100 105.693600000000 
0.00150 85.722400000000 
0.00200 65.751400000000 
0.00250 52.968000000000 
0.00300 42.329200000000 
0.00350 34.131000000000 
0.00400 28.189800000000 
0.00450 22.718000000000 
0.00500 19.262680000000 
0.00550 15.807360000000 
0.00600 13.432480000000 
0.00650 11.353240000000 
0.00700 9.523300000000 
0.00750 8.235440000000 
0.00800 6.947580000000 
0.00850 6.028500000000 
0.00900 5.210780000000 
0.00950 4.450120000000 
0.01000 3.919620000000 
0.01050 3.389120000000 
0.01100 2.959740000000 
0.01150 2.609020000000 
0.01200 2.258280000000 
0.01250 2.008780000000 
0.01300 1.772976000000 
0.01350 1.548968000000 
0.01400 1.388048000000 
0.01450 1.227128000000 
0.01500 1.085862000000 
0.01550 0.974564000000 
0.01600 0.863266000000 
0.01650 0.771994000000 
0.01700 0.694078000000 
0.01750 0.616164000000 
0.01800 0.555822000000 
0.01850 0.500674000000 
0.01900 0.445528000000 
0.01950 0.404760000000 
0.02000 0.365336000000 
0.02050 0.326244000000 
0.02100 0.297802000000 
0.02150 0.269360000000 
0.02200 0.241856000000 
0.02250 0.221164000000 
0.02300 0.200472000000 
0.02350 0.180822000000 
0.02400 0.165652200000 
0.02450 0.150482200000 
0.02500 0.136243600000 
0.02550 0.125042600000 
0.02600 0.113841800000 
0.02650 0.103390000000 
0.02700 0.095065000000 
0.02750 0.086740200000 
0.02800 0.078976200000 
0.02850 0.072751000000 
0.02900 0.066526000000 
0.02950 0.060695600000 
0.03000 0.056014200000 
0.03050 0.051332800000 
0.03100 0.046910600000 
0.03150 0.043371600000 
0.03200 0.039832600000 
0.03250 0.036447600000 
0.03300 0.033759000000 
0.03350 0.031070400000 
0.03400 0.028458000000 
0.03450 0.026406000000 
0.03500 0.024354000000 
0.03550 0.022322200000 
0.03600 0.020749400000 
0.03650 0.019176460000 
0.03700 0.017603580000 
0.03750 0.016374800000 
0.03800 0.015164300000 
0.03850 0.013953780000 
0.03900 0.012975020000 
0.03950 0.012039840000 
0.04000 0.011104640000 
0.04050 0.010320520000 
0.04100 0.009595440000 
0.04150 0.008870340000 
0.04200 0.008238860000 
0.04250 0.007674760000 
0.04300 0.007110640000 
0.04350 0.006599660000 
0.04400 0.006159400000 
0.04450 0.005719120000 
0.04500 0.005303880000 
0.04550 0.004959200000 
0.04600 0.004614500000 
0.04650 0.004275740000 
0.04700 0.004005100000 
0.04750 0.003734480000 
0.04800 0.003463840000 
0.04850 0.003244040000 
0.04900 0.003030960000 
0.04950 0.002817880000 
0.05000 0.002634920000 
0.05050 0.002466700000 
0.05100 0.002298480000 
0.05150 0.002145880000 
0.05200 0.002012740000 
0.05250 0.001879596000 
0.05300 0.001752048000 
0.05350 0.001646416000 
0.05400 0.001540784000 
0.05450 0.001435152000 
0.05500 0.001349988000 
0.05550 0.001265980000 
0.05600 0.001181974000 
0.05650 0.001109464000 
0.05700 0.001042502000 
0.05750 0.000975542000 
0.05800 0.000913794000 
0.05850 0.000860304000 
0.05900 0.000806812000 
0.05950 0.000754222000 
0.06000 0.000711398000 
0.06050 0.000668574000 
0.06100 0.000625752000 
0.06150 0.000589420000 
0.06200 0.000555066000 
0.06250 0.000520712000 
0.06300 0.000489278000 
0.06350 0.000461662000 
0.06400 0.000434048000 
0.06450 0.000406886000 
0.06500 0.000384644000 
0.06550 0.000362402000 
0.06600 0.000340162000 
0.06650 0.000321010000 
0.06700 0.000303062000 
0.06750 0.000285114000 
0.06800 0.000268336000 
0.06850 0.000253826000 
0.06900 0.000239314000 
0.06950 0.000224804000 
0.07000 0.000212900000 
0.07050 0.000201146000 
0.07100 0.000189393800 
0.07150 0.000178827000 
0.07200 0.000169290000 
0.07250 0.000159753000 
0.07300 0.000150412800 
0.07350 0.000142660600 
0.07400 0.000134908400 
0.07450 0.000127156000 
0.07500 0.000120368600 
0.07550 0.000114056200 
0.07600 0.000107743800 
0.07650 0.000101682000 
0.07700 0.000096533000 
0.07750 0.000091384200 
0.07800 0.000086235400 
0.07850 0.000081789400 
0.07900 0.000077582600 
0.07950 0.000073375800 
0.08000 0.000069369400 
0.08050 0.000065926800 
0.08100 0.000062484000 
0.08150 0.000059041400 
0.08200 0.000056073200 
0.08250 0.000053251200 
0.08300 0.000050429200 
0.08350 0.000047734800 
0.08400 0.000045418000 
0.08450 0.000043101000 
0.08500 0.000040784200 
0.08550 0.000038766800 
0.08600 0.000036861600 
0.08650 0.000034956400 
0.08700 0.000033114600 
0.08750 0.000031545600 
0.08800 0.000029976600 
0.08850 0.000028407400 
0.08900 0.000027013600 
0.08950 0.000025719400 
0.09000 0.000024425200 
0.09050 0.000023147600 
0.09100 0.000022078400 
0.09150 0.000021009200 
0.09200 0.000019940160 
0.09250 0.000018962840 
0.09300 0.000018078380 
0.09350 0.000017193920 
0.09400 0.000016309460 
0.09450 0.000015562840 
0.09500 0.000014830080 
0.09550 0.000014097320 
0.09600 0.000013403100 
0.09650 0.000012795140 
0.09700 0.000012187200 
0.09750 0.000011579260 
0.09800 0.000011043040 
0.09850 0.000010537940 
0.09900 0.000010032860 
0.09950 0.000009534120 
0.10000 0.000009113920 
0.10050 0.000008693700 
0.10100 0.000008273480 
0.10150 0.000007884260 
0.10200 0.000007534200 
0.10250 0.000007184120 
0.10300 0.000006834040 
0.10350 0.000006530340 
0.10400 0.000006238320 
0.10450 0.000005946280 
0.10500 0.000005661260 
0.10550 0.000005417340 
0.10600 0.000005173440 
0.10650 0.000004929520 
0.10700 0.000004704860 
0.10750 0.000004500880 
0.10800 0.000004296880 
0.10850 0.000004092900 
0.10900 0.000003915780 
0.10950 0.000003744980 
0.11000 0.000003574160 
0.11050 0.000003406900 
0.11100 0.000003263720 
0.11150 0.000003120520 
0.11200 0.000002977320 
0.11250 0.000002844200 
0.11300 0.000002724000 
0.11350 0.000002603820 
0.11400 0.000002483640 
0.11450 0.000002377620 
0.11500 0.000002276620 
0.11550 0.000002175640 
0.11600 0.000002075140 
0.11650 0.000001990184 
0.11700 0.000001905226 
0.11750 0.000001820266 
0.11800 0.000001739536 
0.11850 0.000001667990 
0.11900 0.000001596444 
0.11950 0.000001524898 
0.12000 0.000001459992 
0.12050 0.000001399680 
0.12100 0.000001339368 
0.12150 0.000001279054 
0.12200 0.000001226830 
0.12250 0.000001175934 
0.12300 0.000001125040 
0.12350 0.000001075080 
0.12400 0.000001032090 
0.12450 0.000000989100 
0.12500 0.000000946110 
0.12550 0.000000905578 
0.12600 0.000000869232 
0.12650 0.000000832886 
0.12700 0.000000796540 
0.12750 0.000000763624 
0.12800 0.000000732868 
0.12850 0.000000702110 
0.12900 0.000000671354 
0.12950 0.000000644594 
0.13000 0.000000618546 
0.13050 0.000000592496 
0.13100 0.000000566750 
0.13150 0.000000544670 
0.13200 0.000000522588 
0.13250 0.000000500508 
0.13300 0.000000479418 
0.13350 0.000000460686 
0.13400 0.000000441954 
0.13450 0.000000423224 
0.13500 0.000000405924 
0.13550 0.000000390022 
0.13600 0.000000374120 
0.13650 0.000000358218 
0.13700 0.000000344010 
0.13750 0.000000330500 
0.13800 0.000000316990 
0.13850 0.000000303480 
0.13900 0.000000291796 
0.13950 0.000000280312 
0.14000 0.000000268826 
0.14050 0.000000257488 
0.14100 0.000000247720 
0.14150 0.000000237950 
0.14200 0.000000228180 
0.14250 0.000000218788 
0.14300 0.000000210472 
0.14350 0.000000202156 
0.14400 0.000000193841 
0.14450 0.000000186050 
0.14500 0.000000178968 
0.14550 0.000000171885 
0.14600 0.000000164803 
0.14650 0.000000158329 
0.14700 0.000000152294 
0.14750 0.000000146259 
0.14800 0.000000140224 
0.14850 0.000000134835 
0.14900 0.000000129690 
0.14950 0.000000124545 
0.15000 0.000000119401 
0.15050 0.000000114906 
0.15100 0.000000110518 
0.15150 0.000000106130 
0.15200 0.000000101742 
0.15250 0.000000097987 
0.15300 0.000000094242 
0.15350 0.000000090498 
0.15400 0.000000086805 
0.15450 0.000000083610 
0.15500 0.000000080414 
0.15550 0.000000077219 
0.15600 0.000000074112 
0.15650 0.000000071384 
0.15700 0.000000068655 
0.15750 0.000000065927 
0.15800 0.000000063308 
0.15850 0.000000060978 
0.15900 0.000000058647 
0.15950 0.000000056316 
0.16000 0.000000054104 
0.16050 0.000000052113 
0.16100 0.000000050122 
0.16150 0.000000048130 
0.16200 0.000000046258 
0.16250 0.000000044557 
0.16300 0.000000042855 
0.16350 0.000000041153 
0.16400 0.000000039565 
0.16450 0.000000038110 
0.16500 0.000000036656 
0.16550 0.000000035201 
0.16600 0.000000033850 
0.16650 0.000000032607 
0.16700 0.000000031363 
0.16750 0.000000030120 
0.16800 0.000000028968 
0.16850 0.000000027905 
0.16900 0.000000026842 
0.16950 0.000000025778 
0.17000 0.000000024794 
0.17050 0.000000023885 
0.17100 0.000000022976 
0.17150 0.000000022067 
0.17200 0.000000021223 
0.17250 0.000000020446 
0.17300 0.000000019668 
0.17350 0.000000018890 
0.17400 0.000000018166 
0.17450 0.000000017501 
0.17500 0.000000016835 
0.17550 0.000000016170 
0.17600 0.000000015547 
0.17650 0.000000014978 
0.17700 0.000000014409 
0.17750 0.000000013840 
0.17800 0.000000013303 
0.17850 0.000000012816 
0.17900 0.000000012330 
0.17950 0.000000011843 
0.18000 0.000000011378 
0.18050 0.000000010962 
0.18100 0.000000010545 
0.18150 0.000000010129 
0.18200 0.000000009726 
0.18250 0.000000009370 
0.18300 0.000000009014 
0.18350 0.000000008658 
0.18400 0.000000008308 
0.18450 0.000000008004 
0.18500 0.000000007700 
0.18550 0.000000007395 
0.18600 0.000000007091 
0.18650 0.000000006831 
0.18700 0.000000006570 
0.18750 0.000000006310 
0.18800 0.000000006049 
0.18850 0.000000005823 
0.18900 0.000000005600 
0.18950 0.000000005378 
0.19000 0.000000005155 
0.19050 0.000000004957 
0.19100 0.000000004767 
0.19150 0.000000004576 
0.19200 0.000000004386 
0.19250 0.000000004212 
0.19300 0.000000004050 
0.19350 0.000000003887 
0.19400 0.000000003724 
0.19450 0.000000003572 
0.19500 0.000000003433 
0.19550 0.000000003294 
0.19600 0.000000003155 
0.19650 0.000000003023 
0.19700 0.000000002904 
0.19750 0.000000002785 
0.19800 0.000000002666 
0.19850 0.000000002550 
0.19900 0.000000002449 
0.19950 0.000000002347 
0.20000 0.000000002246 
0.20050 0.000000002145 
0.20100 0.000000002058 
0.20150 0.000000001971 
0.20200 0.000000001885 
0.20250 0.000000001798 
0.20300 0.000000001722 
0.20350 0.000000001648 
0.20400 0.000000001574 
0.20450 0.000000001501 
0.20500 0.000000001434 
0.20550 0.000000001371 
0.20600 0.000000001308 
0.20650 0.000000001245 
0.20700 0.000000001187 
0.20750 0.000000001134 
0.20800 0.000000001081 
0.20850 0.000000001027 
0.20900 0.000000000977 
0.20950 0.000000000931 
0.21000 0.000000000886 
0.21050 0.000000000840 
0.21100 0.000000000797 
0.21150 0.000000000758 
0.21200 0.000000000719 
0.21250 0.000000000681 
0.21300 0.000000000643 
0.21350 0.000000000610 
0.21400 0.000000000578 
0.21450 0.000000000545 
0.21500 0.000000000513 
0.21550 0.000000000485 
0.21600 0.000000000458 
0.21650 0.000000000430 
0.21700 0.000000000403 
0.21750 0.000000000380 
0.21800 0.000000000357 
0.21850 0.000000000334 
0.21900 0.000000000311 
0.21950 0.000000000291 
0.22000 0.000000000272 
0.22050 0.000000000253 
0.22100 0.000000000234 
0.22150 0.000000000217 
0.22200 0.000000000201 
0.22250 0.000000000185 
0.22300 0.000000000170 
0.22350 0.000000000157 
0.22400 0.000000000144 
0.22450 0.000000000130 
0.22500 0.000000000118 
0.22550 0.000000000107 
0.22600 0.000000000097 
0.22650 0.000000000086 
0.22700 0.000000000077 
0.22750 0.000000000068 
0.22800 0.000000000060 
0.22850 0.000000000052 
0.22900 0.000000000045 
0.22950 0.000000000039 
0.23000 0.000000000032 
0.23050 0.000000000027 
0.23100 0.000000000022 
0.23150 0.000000000018 
0.23200 0.000000000013 
0.23250 0.000000000010 
0.23300 0.000000000007 
0.23350 0.000000000005 
