0.00000 212.966000000000 
0.00050 192.926000000000 
0.00100 172.885600000000 
0.00150 152.845000000000 
0.00200 132.804600000000 
0.00250 118.211600000000 
0.00300 105.243600000000 
0.00350 94.387400000000 
0.00400 85.484400000000 
0.00450 77.061200000000 
0.00500 70.699400000000 
0.00550 64.337600000000 
0.00600 59.292400000000 
0.00650 54.607400000000 
0.00700 50.284800000000 
0.00750 46.750800000000 
0.00800 43.216600000000 
0.00850 40.321600000000 
0.00900 37.602200000000 
0.00950 35.000200000000 
0.01000 32.872400000000 
0.01050 30.744600000000 
0.01100 28.863600000000 
0.01150 27.174600000000 
0.01200 25.485400000000 
0.01250 24.088200000000 
0.01300 22.730400000000 
0.01350 21.412600000000 
0.01400 20.309000000000 
0.01450 19.205460000000 
0.01500 18.180240000000 
0.01550 17.274460000000 
0.01600 16.368680000000 
0.01650 15.556380000000 
0.01700 14.806420000000 
0.01750 14.056480000000 
0.01800 13.402360000000 
0.01850 12.776560000000 
0.01900 12.150760000000 
0.01950 11.616320000000 
0.02000 11.090420000000 
0.02050 10.566980000000 
0.02100 10.122220000000 
0.02150 9.677460000000 
0.02200 9.240720000000 
0.02250 8.862400000000 
0.02300 8.484080000000 
0.02350 8.116100000000 
0.02400 7.792600000000 
0.02450 7.469100000000 
0.02500 7.156280000000 
0.02550 6.878340000000 
0.02600 6.600400000000 
0.02650 6.332360000000 
0.02700 6.092520000000 
0.02750 5.852660000000 
0.02800 5.621380000000 
0.02850 5.413560000000 
0.02900 5.205760000000 
0.02950 5.004900000000 
0.03000 4.824200000000 
0.03050 4.643500000000 
0.03100 4.468040000000 
0.03150 4.310380000000 
0.03200 4.152740000000 
0.03250 3.998660000000 
0.03300 3.860680000000 
0.03350 3.722720000000 
0.03400 3.586780000000 
0.03450 3.465700000000 
0.03500 3.344620000000 
0.03550 3.224140000000 
0.03600 3.117600000000 
0.03650 3.011080000000 
0.03700 2.904540000000 
0.03750 2.809940000000 
0.03800 2.715960000000 
0.03850 2.622000000000 
0.03900 2.537220000000 
0.03950 2.454140000000 
0.04000 2.371080000000 
0.04050 2.294840000000 
0.04100 2.221280000000 
0.04150 2.147700000000 
0.04200 2.078940000000 
0.04250 2.013660000000 
0.04300 1.948360000000 
0.04350 1.886180000000 
0.04400 1.828138000000 
0.04450 1.770096000000 
0.04500 1.713720000000 
0.04550 1.662036000000 
0.04600 1.610352000000 
0.04650 1.559116000000 
0.04700 1.513024000000 
0.04750 1.466934000000 
0.04800 1.420842000000 
0.04850 1.379104000000 
0.04900 1.337940000000 
0.04950 1.296778000000 
0.05000 1.258538000000 
0.05050 1.221726000000 
0.05100 1.184916000000 
0.05150 1.149818000000 
0.05200 1.116860000000 
0.05250 1.083902000000 
0.05300 1.051638000000 
0.05350 1.022090000000 
0.05400 0.992544000000 
0.05450 0.962998000000 
0.05500 0.936320000000 
0.05550 0.909804000000 
0.05600 0.883288000000 
0.05650 0.858588000000 
0.05700 0.834764000000 
0.05750 0.810942000000 
0.05800 0.788048000000 
0.05850 0.766624000000 
0.05900 0.745200000000 
0.05950 0.723956000000 
0.06000 0.704670000000 
0.06050 0.685384000000 
0.06100 0.666098000000 
0.06150 0.648274000000 
0.06200 0.630894000000 
0.06250 0.613516000000 
0.06300 0.596876000000 
0.06350 0.581204000000 
0.06400 0.565530000000 
0.06450 0.549986000000 
0.06500 0.535838000000 
0.06550 0.521690000000 
0.06600 0.507542000000 
0.06650 0.494378000000 
0.06700 0.481598000000 
0.06750 0.468816000000 
0.06800 0.456450000000 
0.06850 0.444894000000 
0.06900 0.433336000000 
0.06950 0.421778000000 
0.07000 0.411258000000 
0.07050 0.400800000000 
0.07100 0.390340000000 
0.07150 0.380410000000 
0.07200 0.370938000000 
0.07250 0.361466000000 
0.07300 0.352090000000 
0.07350 0.343506000000 
0.07400 0.334920000000 
0.07450 0.326334000000 
0.07500 0.318284000000 
0.07550 0.310496000000 
0.07600 0.302708000000 
0.07650 0.295074000000 
0.07700 0.288004000000 
0.07750 0.280934000000 
0.07800 0.273866000000 
0.07850 0.267278000000 
0.07900 0.260856000000 
0.07950 0.254432000000 
0.08000 0.248162000000 
0.08050 0.242324000000 
0.08100 0.236484000000 
0.08150 0.230646000000 
0.08200 0.225208000000 
0.08250 0.219896000000 
0.08300 0.214582000000 
0.08350 0.209390000000 
0.08400 0.204552000000 
0.08450 0.199714000000 
0.08500 0.194876400000 
0.08550 0.190351200000 
0.08600 0.185943000000 
0.08650 0.181534800000 
0.08700 0.177200200000 
0.08750 0.173181600000 
0.08800 0.169163200000 
0.08850 0.165144600000 
0.08900 0.161349600000 
0.08950 0.157681800000 
0.09000 0.154014000000 
0.09050 0.150369600000 
0.09100 0.147020600000 
0.09150 0.143671800000 
0.09200 0.140323000000 
0.09250 0.137117600000 
0.09300 0.134057400000 
0.09350 0.130997200000 
0.09400 0.127936800000 
0.09450 0.125115000000 
0.09500 0.122317200000 
0.09550 0.119519400000 
0.09600 0.116794800000 
0.09650 0.114234000000 
0.09700 0.111673200000 
0.09750 0.109112400000 
0.09800 0.106702600000 
0.09850 0.104358400000 
0.09900 0.102014200000 
0.09950 0.099684600000 
0.10000 0.097536800000 
0.10050 0.095388800000 
0.10100 0.093241000000 
0.10150 0.091172000000 
0.10200 0.089202800000 
0.10250 0.087233400000 
0.10300 0.085264200000 
0.10350 0.083425000000 
0.10400 0.081618400000 
0.10450 0.079811800000 
0.10500 0.078026800000 
0.10550 0.076368600000 
0.10600 0.074710200000 
0.10650 0.073052000000 
0.10700 0.071458800000 
0.10750 0.069935800000 
0.10800 0.068412800000 
0.10850 0.066889800000 
0.10900 0.065466600000 
0.10950 0.064067000000 
0.11000 0.062667400000 
0.11050 0.061282200000 
0.11100 0.059994800000 
0.11150 0.058707400000 
0.11200 0.057420000000 
0.11250 0.056178000000 
0.11300 0.054994200000 
0.11350 0.053810400000 
0.11400 0.052626600000 
0.11450 0.051512200000 
0.11500 0.050422200000 
0.11550 0.049332200000 
0.11600 0.048245000000 
0.11650 0.047241400000 
0.11700 0.046237800000 
0.11750 0.045234200000 
0.11800 0.044255400000 
0.11850 0.043330400000 
0.11900 0.042405600000 
0.11950 0.041480600000 
0.12000 0.040599000000 
0.12050 0.039747000000 
0.12100 0.038895200000 
0.12150 0.038043400000 
0.12200 0.037248400000 
0.12250 0.036462600000 
0.12300 0.035677000000 
0.12350 0.034898600000 
0.12400 0.034173600000 
0.12450 0.033448800000 
0.12500 0.032723800000 
0.12550 0.032019800000 
0.12600 0.031351200000 
0.12650 0.030682600000 
0.12700 0.030014000000 
0.12750 0.029377200000 
0.12800 0.028760400000 
0.12850 0.028143600000 
0.12900 0.027526800000 
0.12950 0.026950000000 
0.13000 0.026380600000 
0.13050 0.025811000000 
0.13100 0.025244800000 
0.13150 0.024719200000 
0.13200 0.024193600000 
0.13250 0.023668000000 
0.13300 0.023154200000 
0.13350 0.022668800000 
0.13400 0.022183400000 
0.13450 0.021697800000 
0.13500 0.021231200000 
0.13550 0.020782800000 
0.13600 0.020334400000 
0.13650 0.019885920000 
0.13700 0.019461960000 
0.13750 0.019048060000 
0.13800 0.018634160000 
0.13850 0.018220260000 
0.13900 0.017834840000 
0.13950 0.017452500000 
0.14000 0.017070180000 
0.14050 0.016690400000 
0.14100 0.016337560000 
0.14150 0.015984720000 
0.14200 0.015631900000 
0.14250 0.015286100000 
0.14300 0.014960240000 
0.14350 0.014634380000 
0.14400 0.014308540000 
0.14450 0.013993320000 
0.14500 0.013692420000 
0.14550 0.013391540000 
0.14600 0.013090640000 
0.14650 0.012803180000 
0.14700 0.012525400000 
0.14750 0.012247640000 
0.14800 0.011969860000 
0.14850 0.011707820000 
0.14900 0.011451720000 
0.14950 0.011195620000 
0.15000 0.010939520000 
0.15050 0.010700440000 
0.15100 0.010464160000 
0.15150 0.010227880000 
0.15200 0.009991600000 
0.15250 0.009773360000 
0.15300 0.009555460000 
0.15350 0.009337560000 
0.15400 0.009121240000 
0.15450 0.008920600000 
0.15500 0.008719960000 
0.15550 0.008519320000 
0.15600 0.008321700000 
0.15650 0.008136840000 
0.15700 0.007951980000 
0.15750 0.007767120000 
0.15800 0.007586240000 
0.15850 0.007415800000 
0.15900 0.007245340000 
0.15950 0.007074900000 
0.16000 0.006909280000 
0.16050 0.006752620000 
0.16100 0.006595960000 
0.16150 0.006439300000 
0.16200 0.006287800000 
0.16250 0.006143720000 
0.16300 0.005999640000 
0.16350 0.005855560000 
0.16400 0.005716800000 
0.16450 0.005584380000 
0.16500 0.005451960000 
0.16550 0.005319540000 
0.16600 0.005192500000 
0.16650 0.005071080000 
0.16700 0.004949640000 
0.16750 0.004828200000 
0.16800 0.004711760000 
0.16850 0.004600160000 
0.16900 0.004488560000 
0.16950 0.004376960000 
0.17000 0.004270180000 
0.17050 0.004168020000 
0.17100 0.004065860000 
0.17150 0.003963700000 
0.17200 0.003865740000 
0.17250 0.003772000000 
0.17300 0.003678260000 
0.17350 0.003584520000 
0.17400 0.003494540000 
0.17450 0.003408740000 
0.17500 0.003322960000 
0.17550 0.003237160000 
0.17600 0.003154620000 
0.17650 0.003076320000 
0.17700 0.002998020000 
0.17750 0.002919720000 
0.17800 0.002843980000 
0.17850 0.002772460000 
0.17900 0.002700940000 
0.17950 0.002629420000 
0.18000 0.002559780000 
0.18050 0.002494400000 
0.18100 0.002429000000 
0.18150 0.002363620000 
0.18200 0.002299520000 
0.18250 0.002239920000 
0.18300 0.002180320000 
0.18350 0.002120720000 
0.18400 0.002061820000 
0.18450 0.002007680000 
0.18500 0.001953530000 
0.18550 0.001899386000 
0.18600 0.001845314000 
0.18650 0.001795968000 
0.18700 0.001746620000 
0.18750 0.001697272000 
0.18800 0.001647926000 
0.18850 0.001602708000 
0.18900 0.001557992000 
0.18950 0.001513274000 
0.19000 0.001468556000 
0.19050 0.001426912000 
0.19100 0.001386248000 
0.19150 0.001345584000 
0.19200 0.001304920000 
0.19250 0.001266606000 
0.19300 0.001229766000 
0.19350 0.001192926000 
0.19400 0.001156086000 
0.19450 0.001120872000 
0.19500 0.001087540000 
0.19550 0.001054210000 
0.19600 0.001020880000 
0.19650 0.000988530000 
0.19700 0.000958420000 
0.19750 0.000928308000 
0.19800 0.000898196000 
0.19850 0.000868502000 
0.19900 0.000841340000 
0.19950 0.000814178000 
0.20000 0.000787014000 
0.20050 0.000759852000 
0.20100 0.000735258000 
0.20150 0.000710724000 
0.20200 0.000686190000 
0.20250 0.000661654000 
0.20300 0.000639192000 
0.20350 0.000617204000 
0.20400 0.000595216000 
0.20450 0.000573226000 
0.20500 0.000552674000 
0.20550 0.000532882000 
0.20600 0.000513088000 
0.20650 0.000493296000 
0.20700 0.000474572000 
0.20750 0.000456910000 
0.20800 0.000439248000 
0.20850 0.000421584000 
0.20900 0.000404584000 
0.20950 0.000388754000 
0.21000 0.000372922000 
0.21050 0.000357092000 
0.21100 0.000341660000 
0.21150 0.000327510000 
0.21200 0.000313362000 
0.21250 0.000299212000 
0.21300 0.000285282000 
0.21350 0.000272770000 
0.21400 0.000260258000 
0.21450 0.000247748000 
0.21500 0.000235314000 
0.21550 0.000224210000 
0.21600 0.000213108000 
0.21650 0.000202004000 
0.21700 0.000190915000 
0.21750 0.000181189000 
0.21800 0.000171463000 
0.21850 0.000161737200 
0.21900 0.000152014200 
0.21950 0.000143478800 
0.22000 0.000134943400 
0.22050 0.000126408000 
0.22100 0.000117918200 
0.22150 0.000110492800 
0.22200 0.000103067400 
0.22250 0.000095642000 
0.22300 0.000088363000 
0.22350 0.000082035000 
0.22400 0.000075706800 
0.22450 0.000069378800 
0.22500 0.000063331800 
0.22550 0.000057979600 
0.22600 0.000052627200 
0.22650 0.000047275000 
0.22700 0.000042416400 
0.22750 0.000038024400 
0.22800 0.000033632400 
0.22850 0.000029240400 
0.22900 0.000025614600 
0.22950 0.000022155000 
0.23000 0.000018695540 
0.23050 0.000015439240 
0.23100 0.000012896940 
0.23150 0.000010354620 
0.23200 0.000007812320 
0.23250 0.000005969080 
0.23300 0.000004390100 
0.23350 0.000002811120 
