0.00000 210.290000000000 
0.00050 190.509400000000 
0.00100 170.729200000000 
0.00150 150.949000000000 
0.00200 131.168800000000 
0.00250 116.764200000000 
0.00300 103.963200000000 
0.00350 93.246200000000 
0.00400 84.456400000000 
0.00450 76.140200000000 
0.00500 69.858600000000 
0.00550 63.576800000000 
0.00600 58.594600000000 
0.00650 53.967800000000 
0.00700 49.699000000000 
0.00750 46.208400000000 
0.00800 42.717600000000 
0.00850 39.858000000000 
0.00900 37.171800000000 
0.00950 34.601600000000 
0.01000 32.499400000000 
0.01050 30.397200000000 
0.01100 28.538800000000 
0.01150 26.869800000000 
0.01200 25.200800000000 
0.01250 23.820200000000 
0.01300 22.478400000000 
0.01350 21.176200000000 
0.01400 20.085600000000 
0.01450 18.994860000000 
0.01500 17.981580000000 
0.01550 17.086320000000 
0.01600 16.191040000000 
0.01650 15.388120000000 
0.01700 14.646800000000 
0.01750 13.905460000000 
0.01800 13.258800000000 
0.01850 12.640140000000 
0.01900 12.021480000000 
0.01950 11.493080000000 
0.02000 10.973120000000 
0.02050 10.455600000000 
0.02100 10.015820000000 
0.02150 9.576040000000 
0.02200 9.144200000000 
0.02250 8.770080000000 
0.02300 8.395960000000 
0.02350 8.032060000000 
0.02400 7.712120000000 
0.02450 7.392180000000 
0.02500 7.082820000000 
0.02550 6.807900000000 
0.02600 6.533000000000 
0.02650 6.267900000000 
0.02700 6.030640000000 
0.02750 5.793380000000 
0.02800 5.564600000000 
0.02850 5.359040000000 
0.02900 5.153460000000 
0.02950 4.954760000000 
0.03000 4.775980000000 
0.03050 4.597220000000 
0.03100 4.423620000000 
0.03150 4.267640000000 
0.03200 4.111660000000 
0.03250 3.959200000000 
0.03300 3.822700000000 
0.03350 3.686180000000 
0.03400 3.551660000000 
0.03450 3.431840000000 
0.03500 3.312020000000 
0.03550 3.192820000000 
0.03600 3.087380000000 
0.03650 2.981940000000 
0.03700 2.876520000000 
0.03750 2.782880000000 
0.03800 2.689880000000 
0.03850 2.596880000000 
0.03900 2.512960000000 
0.03950 2.430740000000 
0.04000 2.348540000000 
0.04050 2.273060000000 
0.04100 2.200240000000 
0.04150 2.127420000000 
0.04200 2.059360000000 
0.04250 1.994716000000 
0.04300 1.930082000000 
0.04350 1.868524000000 
0.04400 1.811062000000 
0.04450 1.753600000000 
0.04500 1.697786000000 
0.04550 1.646616000000 
0.04600 1.595444000000 
0.04650 1.544716000000 
0.04700 1.499078000000 
0.04750 1.453442000000 
0.04800 1.407804000000 
0.04850 1.366474000000 
0.04900 1.325714000000 
0.04950 1.284954000000 
0.05000 1.247086000000 
0.05050 1.210634000000 
0.05100 1.174180000000 
0.05150 1.139424000000 
0.05200 1.106782000000 
0.05250 1.074142000000 
0.05300 1.042188000000 
0.05350 1.012926000000 
0.05400 0.983662000000 
0.05450 0.954398000000 
0.05500 0.927974000000 
0.05550 0.901712000000 
0.05600 0.875448000000 
0.05650 0.850982000000 
0.05700 0.827384000000 
0.05750 0.803786000000 
0.05800 0.781108000000 
0.05850 0.759886000000 
0.05900 0.738664000000 
0.05950 0.717620000000 
0.06000 0.698514000000 
0.06050 0.679408000000 
0.06100 0.660302000000 
0.06150 0.642642000000 
0.06200 0.625426000000 
0.06250 0.608208000000 
0.06300 0.591722000000 
0.06350 0.576194000000 
0.06400 0.560666000000 
0.06450 0.545264000000 
0.06500 0.531246000000 
0.06550 0.517228000000 
0.06600 0.503208000000 
0.06650 0.490164000000 
0.06700 0.477500000000 
0.06750 0.464834000000 
0.06800 0.452582000000 
0.06850 0.441128000000 
0.06900 0.429676000000 
0.06950 0.418222000000 
0.07000 0.407798000000 
0.07050 0.397432000000 
0.07100 0.387068000000 
0.07150 0.377226000000 
0.07200 0.367838000000 
0.07250 0.358450000000 
0.07300 0.349160000000 
0.07350 0.340650000000 
0.07400 0.332140000000 
0.07450 0.323632000000 
0.07500 0.315652000000 
0.07550 0.307932000000 
0.07600 0.300214000000 
0.07650 0.292648000000 
0.07700 0.285640000000 
0.07750 0.278632000000 
0.07800 0.271624000000 
0.07850 0.265094000000 
0.07900 0.258728000000 
0.07950 0.252360000000 
0.08000 0.246146000000 
0.08050 0.240358000000 
0.08100 0.234568000000 
0.08150 0.228780000000 
0.08200 0.223390000000 
0.08250 0.218122000000 
0.08300 0.212854000000 
0.08350 0.207706000000 
0.08400 0.202910000000 
0.08450 0.198114200000 
0.08500 0.193318200000 
0.08550 0.188831400000 
0.08600 0.184460800000 
0.08650 0.180090000000 
0.08700 0.175792200000 
0.08750 0.171807600000 
0.08800 0.167823200000 
0.08850 0.163838600000 
0.08900 0.160075600000 
0.08950 0.156438600000 
0.09000 0.152801600000 
0.09050 0.149187800000 
0.09100 0.145867000000 
0.09150 0.142546000000 
0.09200 0.139225200000 
0.09250 0.136046600000 
0.09300 0.133011800000 
0.09350 0.129977000000 
0.09400 0.126942200000 
0.09450 0.124143600000 
0.09500 0.121369000000 
0.09550 0.118594200000 
0.09600 0.115892000000 
0.09650 0.113352200000 
0.09700 0.110812600000 
0.09750 0.108272800000 
0.09800 0.105882600000 
0.09850 0.103557600000 
0.09900 0.101232600000 
0.09950 0.098922000000 
0.10000 0.096791600000 
0.10050 0.094661200000 
0.10100 0.092530600000 
0.10150 0.090478400000 
0.10200 0.088525200000 
0.10250 0.086571800000 
0.10300 0.084618400000 
0.10350 0.082794000000 
0.10400 0.081001800000 
0.10450 0.079209800000 
0.10500 0.077439200000 
0.10550 0.075794200000 
0.10600 0.074149000000 
0.10650 0.072504000000 
0.10700 0.070923600000 
0.10750 0.069412600000 
0.10800 0.067901800000 
0.10850 0.066390800000 
0.10900 0.064979000000 
0.10950 0.063590400000 
0.11000 0.062201800000 
0.11050 0.060827400000 
0.11100 0.059550200000 
0.11150 0.058273000000 
0.11200 0.056995600000 
0.11250 0.055763400000 
0.11300 0.054588800000 
0.11350 0.053414400000 
0.11400 0.052239800000 
0.11450 0.051134000000 
0.11500 0.050052400000 
0.11550 0.048971000000 
0.11600 0.047892200000 
0.11650 0.046896400000 
0.11700 0.045900400000 
0.11750 0.044904600000 
0.11800 0.043933400000 
0.11850 0.043015600000 
0.11900 0.042097800000 
0.11950 0.041180000000 
0.12000 0.040305000000 
0.12050 0.039459800000 
0.12100 0.038614400000 
0.12150 0.037769000000 
0.12200 0.036980000000 
0.12250 0.036200400000 
0.12300 0.035420600000 
0.12350 0.034648000000 
0.12400 0.033928600000 
0.12450 0.033209400000 
0.12500 0.032490000000 
0.12550 0.031791200000 
0.12600 0.031127600000 
0.12650 0.030464000000 
0.12700 0.029800400000 
0.12750 0.029168400000 
0.12800 0.028556200000 
0.12850 0.027944000000 
0.12900 0.027331800000 
0.12950 0.026759400000 
0.13000 0.026194200000 
0.13050 0.025628800000 
0.13100 0.025066800000 
0.13150 0.024545200000 
0.13200 0.024023400000 
0.13250 0.023501800000 
0.13300 0.022991800000 
0.13350 0.022510000000 
0.13400 0.022028000000 
0.13450 0.021546200000 
0.13500 0.021082800000 
0.13550 0.020637800000 
0.13600 0.020192600000 
0.13650 0.019747480000 
0.13700 0.019326600000 
0.13750 0.018915720000 
0.13800 0.018504840000 
0.13850 0.018093960000 
0.13900 0.017711340000 
0.13950 0.017331800000 
0.14000 0.016952240000 
0.14050 0.016575220000 
0.14100 0.016224920000 
0.14150 0.015874640000 
0.14200 0.015524360000 
0.14250 0.015181060000 
0.14300 0.014857540000 
0.14350 0.014534020000 
0.14400 0.014210520000 
0.14450 0.013897560000 
0.14500 0.013598820000 
0.14550 0.013300080000 
0.14600 0.013001340000 
0.14650 0.012715940000 
0.14700 0.012440140000 
0.14750 0.012164340000 
0.14800 0.011888540000 
0.14850 0.011628340000 
0.14900 0.011374060000 
0.14950 0.011119780000 
0.15000 0.010865480000 
0.15050 0.010628100000 
0.15100 0.010393500000 
0.15150 0.010158880000 
0.15200 0.009924260000 
0.15250 0.009707560000 
0.15300 0.009491180000 
0.15350 0.009274800000 
0.15400 0.009060000000 
0.15450 0.008860760000 
0.15500 0.008661520000 
0.15550 0.008462300000 
0.15600 0.008266040000 
0.15650 0.008082460000 
0.15700 0.007898880000 
0.15750 0.007715300000 
0.15800 0.007535700000 
0.15850 0.007366420000 
0.15900 0.007197160000 
0.15950 0.007027880000 
0.16000 0.006863420000 
0.16050 0.006707840000 
0.16100 0.006552260000 
0.16150 0.006396660000 
0.16200 0.006246220000 
0.16250 0.006103120000 
0.16300 0.005960020000 
0.16350 0.005816920000 
0.16400 0.005679120000 
0.16450 0.005547600000 
0.16500 0.005416100000 
0.16550 0.005284580000 
0.16600 0.005158400000 
0.16650 0.005037800000 
0.16700 0.004917180000 
0.16750 0.004796580000 
0.16800 0.004680920000 
0.16850 0.004570080000 
0.16900 0.004459220000 
0.16950 0.004348380000 
0.17000 0.004242320000 
0.17050 0.004140840000 
0.17100 0.004039380000 
0.17150 0.003937900000 
0.17200 0.003840600000 
0.17250 0.003747500000 
0.17300 0.003654380000 
0.17350 0.003561260000 
0.17400 0.003471900000 
0.17450 0.003386680000 
0.17500 0.003301460000 
0.17550 0.003216240000 
0.17600 0.003134240000 
0.17650 0.003056460000 
0.17700 0.002978680000 
0.17750 0.002900900000 
0.17800 0.002825660000 
0.17850 0.002754600000 
0.17900 0.002683560000 
0.17950 0.002612520000 
0.18000 0.002543340000 
0.18050 0.002478380000 
0.18100 0.002413440000 
0.18150 0.002348480000 
0.18200 0.002284800000 
0.18250 0.002225600000 
0.18300 0.002166400000 
0.18350 0.002107180000 
0.18400 0.002048660000 
0.18450 0.001994868000 
0.18500 0.001941080000 
0.18550 0.001887290000 
0.18600 0.001833572000 
0.18650 0.001784546000 
0.18700 0.001735520000 
0.18750 0.001686494000 
0.18800 0.001637468000 
0.18850 0.001592546000 
0.18900 0.001548118000 
0.18950 0.001503690000 
0.19000 0.001459264000 
0.19050 0.001417888000 
0.19100 0.001377488000 
0.19150 0.001337086000 
0.19200 0.001296686000 
0.19250 0.001258620000 
0.19300 0.001222016000 
0.19350 0.001185414000 
0.19400 0.001148812000 
0.19450 0.001113822000 
0.19500 0.001080706000 
0.19550 0.001047590000 
0.19600 0.001014472000 
0.19650 0.000982330000 
0.19700 0.000952412000 
0.19750 0.000922492000 
0.19800 0.000892572000 
0.19850 0.000863070000 
0.19900 0.000836080000 
0.19950 0.000809090000 
0.20000 0.000782100000 
0.20050 0.000755110000 
0.20100 0.000730674000 
0.20150 0.000706294000 
0.20200 0.000681916000 
0.20250 0.000657536000 
0.20300 0.000635216000 
0.20350 0.000613366000 
0.20400 0.000591518000 
0.20450 0.000569668000 
0.20500 0.000549246000 
0.20550 0.000529576000 
0.20600 0.000509908000 
0.20650 0.000490240000 
0.20700 0.000471636000 
0.20750 0.000454084000 
0.20800 0.000436532000 
0.20850 0.000418980000 
0.20900 0.000402086000 
0.20950 0.000386354000 
0.21000 0.000370622000 
0.21050 0.000354890000 
0.21100 0.000339556000 
0.21150 0.000325494000 
0.21200 0.000311434000 
0.21250 0.000297372000 
0.21300 0.000283528000 
0.21350 0.000271094000 
0.21400 0.000258660000 
0.21450 0.000246228000 
0.21500 0.000233870000 
0.21550 0.000222836000 
0.21600 0.000211802000 
0.21650 0.000200768000 
0.21700 0.000189747200 
0.21750 0.000180081200 
0.21800 0.000170415400 
0.21850 0.000160749400 
0.21900 0.000151086400 
0.21950 0.000142603600 
0.22000 0.000134120600 
0.22050 0.000125637800 
0.22100 0.000117200400 
0.22150 0.000109820400 
0.22200 0.000102440400 
0.22250 0.000095060600 
0.22300 0.000087826200 
0.22350 0.000081536800 
0.22400 0.000075247400 
0.22450 0.000068958000 
0.22500 0.000062947800 
0.22550 0.000057628200 
0.22600 0.000052308600 
0.22650 0.000046989000 
0.22700 0.000042160000 
0.22750 0.000037794600 
0.22800 0.000033429200 
0.22850 0.000029064000 
0.22900 0.000025460000 
0.22950 0.000022021400 
0.23000 0.000018582840 
0.23050 0.000015346260 
0.23100 0.000012819280 
0.23150 0.000010292320 
0.23200 0.000007765340 
0.23250 0.000005933200 
0.23300 0.000004363720 
0.23350 0.000002794240 
