0.00000 207.720000000000 
0.00050 188.187000000000 
0.00100 168.653400000000 
0.00150 149.119800000000 
0.00200 129.586200000000 
0.00250 115.360800000000 
0.00300 102.718800000000 
0.00350 92.134800000000 
0.00400 83.453600000000 
0.00450 75.240200000000 
0.00500 69.035400000000 
0.00550 62.830800000000 
0.00600 57.909400000000 
0.00650 53.339000000000 
0.00700 49.122000000000 
0.00750 45.673600000000 
0.00800 42.225200000000 
0.00850 39.399800000000 
0.00900 36.745800000000 
0.00950 34.206400000000 
0.01000 32.129400000000 
0.01050 30.052200000000 
0.01100 28.215800000000 
0.01150 26.566600000000 
0.01200 24.917400000000 
0.01250 23.553000000000 
0.01300 22.227000000000 
0.01350 20.940000000000 
0.01400 19.862140000000 
0.01450 18.784200000000 
0.01500 17.782720000000 
0.01550 16.897840000000 
0.01600 16.012940000000 
0.01650 15.219280000000 
0.01700 14.486500000000 
0.01750 13.753700000000 
0.01800 13.114460000000 
0.01850 12.502860000000 
0.01900 11.891280000000 
0.01950 11.368880000000 
0.02000 10.854840000000 
0.02050 10.343180000000 
0.02100 9.908380000000 
0.02150 9.473560000000 
0.02200 9.046600000000 
0.02250 8.676660000000 
0.02300 8.306740000000 
0.02350 7.946920000000 
0.02400 7.630560000000 
0.02450 7.314180000000 
0.02500 7.008260000000 
0.02550 6.736400000000 
0.02600 6.464520000000 
0.02650 6.202360000000 
0.02700 5.967720000000 
0.02750 5.733080000000 
0.02800 5.506800000000 
0.02850 5.303500000000 
0.02900 5.100180000000 
0.02950 4.903620000000 
0.03000 4.726800000000 
0.03050 4.549980000000 
0.03100 4.378260000000 
0.03150 4.223980000000 
0.03200 4.069680000000 
0.03250 3.918880000000 
0.03300 3.783820000000 
0.03350 3.648780000000 
0.03400 3.515700000000 
0.03450 3.397160000000 
0.03500 3.278620000000 
0.03550 3.160680000000 
0.03600 3.056380000000 
0.03650 2.952060000000 
0.03700 2.847740000000 
0.03750 2.755100000000 
0.03800 2.663080000000 
0.03850 2.571060000000 
0.03900 2.488020000000 
0.03950 2.406660000000 
0.04000 2.325320000000 
0.04050 2.250640000000 
0.04100 2.178580000000 
0.04150 2.106500000000 
0.04200 2.039140000000 
0.04250 1.975184000000 
0.04300 1.911218000000 
0.04350 1.850298000000 
0.04400 1.793428000000 
0.04450 1.736558000000 
0.04500 1.681318000000 
0.04550 1.630672000000 
0.04600 1.580024000000 
0.04650 1.529816000000 
0.04700 1.484644000000 
0.04750 1.439470000000 
0.04800 1.394298000000 
0.04850 1.353388000000 
0.04900 1.313040000000 
0.04950 1.272692000000 
0.05000 1.235206000000 
0.05050 1.199120000000 
0.05100 1.163034000000 
0.05150 1.128628000000 
0.05200 1.096314000000 
0.05250 1.064000000000 
0.05300 1.032366000000 
0.05350 1.003394000000 
0.05400 0.974422000000 
0.05450 0.945450000000 
0.05500 0.919288000000 
0.05550 0.893284000000 
0.05600 0.867280000000 
0.05650 0.843056000000 
0.05700 0.819690000000 
0.05750 0.796326000000 
0.05800 0.773870000000 
0.05850 0.752856000000 
0.05900 0.731840000000 
0.05950 0.711004000000 
0.06000 0.692084000000 
0.06050 0.673164000000 
0.06100 0.654242000000 
0.06150 0.636756000000 
0.06200 0.619704000000 
0.06250 0.602654000000 
0.06300 0.586326000000 
0.06350 0.570948000000 
0.06400 0.555570000000 
0.06450 0.540316000000 
0.06500 0.526432000000 
0.06550 0.512548000000 
0.06600 0.498664000000 
0.06650 0.485744000000 
0.06700 0.473200000000 
0.06750 0.460656000000 
0.06800 0.448520000000 
0.06850 0.437176000000 
0.06900 0.425830000000 
0.06950 0.414486000000 
0.07000 0.404160000000 
0.07050 0.393892000000 
0.07100 0.383624000000 
0.07150 0.373876000000 
0.07200 0.364576000000 
0.07250 0.355276000000 
0.07300 0.346072000000 
0.07350 0.337642000000 
0.07400 0.329212000000 
0.07450 0.320782000000 
0.07500 0.312878000000 
0.07550 0.305230000000 
0.07600 0.297582000000 
0.07650 0.290086000000 
0.07700 0.283144000000 
0.07750 0.276200000000 
0.07800 0.269256000000 
0.07850 0.262788000000 
0.07900 0.256480000000 
0.07950 0.250170000000 
0.08000 0.244012000000 
0.08050 0.238278000000 
0.08100 0.232542000000 
0.08150 0.226806000000 
0.08200 0.221464000000 
0.08250 0.216246000000 
0.08300 0.211026000000 
0.08350 0.205924000000 
0.08400 0.201172000000 
0.08450 0.196418600000 
0.08500 0.191665800000 
0.08550 0.187219600000 
0.08600 0.182888200000 
0.08650 0.178556800000 
0.08700 0.174297800000 
0.08750 0.170349000000 
0.08800 0.166400000000 
0.08850 0.162451200000 
0.08900 0.158721800000 
0.08950 0.155117200000 
0.09000 0.151512600000 
0.09050 0.147931000000 
0.09100 0.144639600000 
0.09150 0.141348400000 
0.09200 0.138057000000 
0.09250 0.134906400000 
0.09300 0.131898400000 
0.09350 0.128890400000 
0.09400 0.125882200000 
0.09450 0.123108400000 
0.09500 0.120358200000 
0.09550 0.117607800000 
0.09600 0.114929200000 
0.09650 0.112411800000 
0.09700 0.109894200000 
0.09750 0.107376600000 
0.09800 0.105007400000 
0.09850 0.102702600000 
0.09900 0.100397600000 
0.09950 0.098107200000 
0.10000 0.095995200000 
0.10050 0.093883200000 
0.10100 0.091771200000 
0.10150 0.089736800000 
0.10200 0.087800200000 
0.10250 0.085863800000 
0.10300 0.083927200000 
0.10350 0.082118400000 
0.10400 0.080341800000 
0.10450 0.078565000000 
0.10500 0.076809600000 
0.10550 0.075178600000 
0.10600 0.073547600000 
0.10650 0.071916600000 
0.10700 0.070349600000 
0.10750 0.068851600000 
0.10800 0.067353400000 
0.10850 0.065855400000 
0.10900 0.064455400000 
0.10950 0.063078600000 
0.11000 0.061701800000 
0.11050 0.060339200000 
0.11100 0.059072600000 
0.11150 0.057806000000 
0.11200 0.056539600000 
0.11250 0.055317600000 
0.11300 0.054153000000 
0.11350 0.052988200000 
0.11400 0.051823600000 
0.11450 0.050727000000 
0.11500 0.049654600000 
0.11550 0.048582000000 
0.11600 0.047512200000 
0.11650 0.046524600000 
0.11700 0.045537000000 
0.11750 0.044549600000 
0.11800 0.043586400000 
0.11850 0.042676200000 
0.11900 0.041766000000 
0.11950 0.040855800000 
0.12000 0.039988000000 
0.12050 0.039149600000 
0.12100 0.038311200000 
0.12150 0.037472800000 
0.12200 0.036690400000 
0.12250 0.035917000000 
0.12300 0.035143800000 
0.12350 0.034377400000 
0.12400 0.033664000000 
0.12450 0.032950400000 
0.12500 0.032237000000 
0.12550 0.031543800000 
0.12600 0.030885600000 
0.12650 0.030227600000 
0.12700 0.029569400000 
0.12750 0.028942400000 
0.12800 0.028335200000 
0.12850 0.027728000000 
0.12900 0.027120600000 
0.12950 0.026552800000 
0.13000 0.025992200000 
0.13050 0.025431400000 
0.13100 0.024874000000 
0.13150 0.024356400000 
0.13200 0.023839000000 
0.13250 0.023321400000 
0.13300 0.022815600000 
0.13350 0.022337400000 
0.13400 0.021859400000 
0.13450 0.021381400000 
0.13500 0.020921800000 
0.13550 0.020480200000 
0.13600 0.020038600000 
0.13650 0.019597040000 
0.13700 0.019179520000 
0.13750 0.018771880000 
0.13800 0.018364260000 
0.13850 0.017956620000 
0.13900 0.017577020000 
0.13950 0.017200460000 
0.14000 0.016823900000 
0.14050 0.016449840000 
0.14100 0.016102320000 
0.14150 0.015754780000 
0.14200 0.015407240000 
0.14250 0.015066640000 
0.14300 0.014745660000 
0.14350 0.014424660000 
0.14400 0.014103680000 
0.14450 0.013793160000 
0.14500 0.013496760000 
0.14550 0.013200340000 
0.14600 0.012903940000 
0.14650 0.012620740000 
0.14700 0.012347080000 
0.14750 0.012073420000 
0.14800 0.011799760000 
0.14850 0.011541580000 
0.14900 0.011289260000 
0.14950 0.011036940000 
0.15000 0.010784620000 
0.15050 0.010549060000 
0.15100 0.010316260000 
0.15150 0.010083440000 
0.15200 0.009850640000 
0.15250 0.009635600000 
0.15300 0.009420880000 
0.15350 0.009206160000 
0.15400 0.008993000000 
0.15450 0.008795280000 
0.15500 0.008597580000 
0.15550 0.008399860000 
0.15600 0.008205100000 
0.15650 0.008022920000 
0.15700 0.007840740000 
0.15750 0.007658560000 
0.15800 0.007480320000 
0.15850 0.007312320000 
0.15900 0.007144340000 
0.15950 0.006976340000 
0.16000 0.006813120000 
0.16050 0.006658720000 
0.16100 0.006504300000 
0.16150 0.006349900000 
0.16200 0.006200580000 
0.16250 0.006058560000 
0.16300 0.005916540000 
0.16350 0.005774520000 
0.16400 0.005637760000 
0.16450 0.005507220000 
0.16500 0.005376680000 
0.16550 0.005246160000 
0.16600 0.005120920000 
0.16650 0.005001220000 
0.16700 0.004881500000 
0.16750 0.004761800000 
0.16800 0.004647020000 
0.16850 0.004536980000 
0.16900 0.004426960000 
0.16950 0.004316940000 
0.17000 0.004211680000 
0.17050 0.004110960000 
0.17100 0.004010220000 
0.17150 0.003909500000 
0.17200 0.003812940000 
0.17250 0.003720500000 
0.17300 0.003628080000 
0.17350 0.003535660000 
0.17400 0.003446940000 
0.17450 0.003362340000 
0.17500 0.003277760000 
0.17550 0.003193160000 
0.17600 0.003111760000 
0.17650 0.003034560000 
0.17700 0.002957340000 
0.17750 0.002880140000 
0.17800 0.002805460000 
0.17850 0.002734920000 
0.17900 0.002664400000 
0.17950 0.002593880000 
0.18000 0.002525200000 
0.18050 0.002460720000 
0.18100 0.002396240000 
0.18150 0.002331760000 
0.18200 0.002268540000 
0.18250 0.002209760000 
0.18300 0.002151000000 
0.18350 0.002092220000 
0.18400 0.002034120000 
0.18450 0.001980716000 
0.18500 0.001927316000 
0.18550 0.001873916000 
0.18600 0.001820588000 
0.18650 0.001771916000 
0.18700 0.001723244000 
0.18750 0.001674572000 
0.18800 0.001625900000 
0.18850 0.001581300000 
0.18900 0.001537192000 
0.18950 0.001493084000 
0.19000 0.001448976000 
0.19050 0.001407900000 
0.19100 0.001367788000 
0.19150 0.001327676000 
0.19200 0.001287566000 
0.19250 0.001249772000 
0.19300 0.001213430000 
0.19350 0.001177090000 
0.19400 0.001140748000 
0.19450 0.001106008000 
0.19500 0.001073128000 
0.19550 0.001040248000 
0.19600 0.001007368000 
0.19650 0.000975454000 
0.19700 0.000945748000 
0.19750 0.000916042000 
0.19800 0.000886334000 
0.19850 0.000857042000 
0.19900 0.000830242000 
0.19950 0.000803444000 
0.20000 0.000776646000 
0.20050 0.000749846000 
0.20100 0.000725582000 
0.20150 0.000701376000 
0.20200 0.000677168000 
0.20250 0.000652962000 
0.20300 0.000630800000 
0.20350 0.000609104000 
0.20400 0.000587408000 
0.20450 0.000565712000 
0.20500 0.000545434000 
0.20550 0.000525904000 
0.20600 0.000506374000 
0.20650 0.000486844000 
0.20700 0.000468368000 
0.20750 0.000450940000 
0.20800 0.000433512000 
0.20850 0.000416082000 
0.20900 0.000399308000 
0.20950 0.000383686000 
0.21000 0.000368064000 
0.21050 0.000352442000 
0.21100 0.000337212000 
0.21150 0.000323250000 
0.21200 0.000309286000 
0.21250 0.000295324000 
0.21300 0.000281576000 
0.21350 0.000269228000 
0.21400 0.000256882000 
0.21450 0.000244534000 
0.21500 0.000232264000 
0.21550 0.000221306000 
0.21600 0.000210348000 
0.21650 0.000199390200 
0.21700 0.000188445400 
0.21750 0.000178846200 
0.21800 0.000169247200 
0.21850 0.000159648000 
0.21900 0.000150051800 
0.21950 0.000141627400 
0.22000 0.000133203000 
0.22050 0.000124778600 
0.22100 0.000116399200 
0.22150 0.000109070000 
0.22200 0.000101740800 
0.22250 0.000094411600 
0.22300 0.000087227000 
0.22350 0.000080980600 
0.22400 0.000074734400 
0.22450 0.000068488000 
0.22500 0.000062519200 
0.22550 0.000057235800 
0.22600 0.000051952600 
0.22650 0.000046669400 
0.22700 0.000041873200 
0.22750 0.000037537800 
0.22800 0.000033202200 
0.22850 0.000028866600 
0.22900 0.000025287200 
0.22950 0.000021872000 
0.23000 0.000018456840 
0.23050 0.000015242240 
0.23100 0.000012732420 
0.23150 0.000010222600 
0.23200 0.000007712780 
0.23250 0.000005893060 
0.23300 0.000004334200 
0.23350 0.000002775340 
