0.00000 205.072000000000 
0.00050 185.792200000000 
0.00100 166.512800000000 
0.00150 147.233400000000 
0.00200 127.954000000000 
0.00250 113.913200000000 
0.00300 101.435600000000 
0.00350 90.988400000000 
0.00400 82.419400000000 
0.00450 74.311800000000 
0.00500 68.186600000000 
0.00550 62.061600000000 
0.00600 57.202800000000 
0.00650 52.690600000000 
0.00700 48.527200000000 
0.00750 45.122200000000 
0.00800 41.717400000000 
0.00850 38.927600000000 
0.00900 36.306800000000 
0.00950 33.799200000000 
0.01000 31.748000000000 
0.01050 29.696600000000 
0.01100 27.883000000000 
0.01150 26.254200000000 
0.01200 24.625400000000 
0.01250 23.277600000000 
0.01300 21.968000000000 
0.01350 20.696800000000 
0.01400 19.632020000000 
0.01450 18.567200000000 
0.01500 17.577900000000 
0.01550 16.703700000000 
0.01600 15.829500000000 
0.01650 15.045420000000 
0.01700 14.321420000000 
0.01750 13.597420000000 
0.01800 12.965820000000 
0.01850 12.361520000000 
0.01900 11.757220000000 
0.01950 11.241020000000 
0.02000 10.733080000000 
0.02050 10.227480000000 
0.02100 9.797780000000 
0.02150 9.368080000000 
0.02200 8.946140000000 
0.02250 8.580540000000 
0.02300 8.214940000000 
0.02350 7.859320000000 
0.02400 7.546620000000 
0.02450 7.233920000000 
0.02500 6.931540000000 
0.02550 6.662820000000 
0.02600 6.394080000000 
0.02650 6.134940000000 
0.02700 5.903000000000 
0.02750 5.671040000000 
0.02800 5.447360000000 
0.02850 5.246360000000 
0.02900 5.045360000000 
0.02950 4.851040000000 
0.03000 4.676220000000 
0.03050 4.501400000000 
0.03100 4.331620000000 
0.03150 4.179060000000 
0.03200 4.026500000000 
0.03250 3.877400000000 
0.03300 3.743860000000 
0.03350 3.610320000000 
0.03400 3.478720000000 
0.03450 3.361500000000 
0.03500 3.244280000000 
0.03550 3.127660000000 
0.03600 3.024500000000 
0.03650 2.921320000000 
0.03700 2.818160000000 
0.03750 2.726540000000 
0.03800 2.635540000000 
0.03850 2.544520000000 
0.03900 2.462380000000 
0.03950 2.381920000000 
0.04000 2.301460000000 
0.04050 2.227580000000 
0.04100 2.156300000000 
0.04150 2.085020000000 
0.04200 2.018380000000 
0.04250 1.955112000000 
0.04300 1.891836000000 
0.04350 1.831568000000 
0.04400 1.775308000000 
0.04450 1.719048000000 
0.04500 1.664398000000 
0.04550 1.614290000000 
0.04600 1.564182000000 
0.04650 1.514508000000 
0.04700 1.469812000000 
0.04750 1.425118000000 
0.04800 1.380424000000 
0.04850 1.339944000000 
0.04900 1.300020000000 
0.04950 1.260098000000 
0.05000 1.223004000000 
0.05050 1.187296000000 
0.05100 1.151586000000 
0.05150 1.117538000000 
0.05200 1.085560000000 
0.05250 1.053582000000 
0.05300 1.022278000000 
0.05350 0.993604000000 
0.05400 0.964932000000 
0.05450 0.936260000000 
0.05500 0.910366000000 
0.05550 0.884630000000 
0.05600 0.858894000000 
0.05650 0.834918000000 
0.05700 0.811790000000 
0.05750 0.788664000000 
0.05800 0.766438000000 
0.05850 0.745636000000 
0.05900 0.724836000000 
0.05950 0.704210000000 
0.06000 0.685480000000 
0.06050 0.666752000000 
0.06100 0.648022000000 
0.06150 0.630712000000 
0.06200 0.613832000000 
0.06250 0.596952000000 
0.06300 0.580788000000 
0.06350 0.565564000000 
0.06400 0.550338000000 
0.06450 0.535238000000 
0.06500 0.521492000000 
0.06550 0.507746000000 
0.06600 0.494000000000 
0.06650 0.481208000000 
0.06700 0.468788000000 
0.06750 0.456366000000 
0.06800 0.444350000000 
0.06850 0.433118000000 
0.06900 0.421884000000 
0.06950 0.410652000000 
0.07000 0.400426000000 
0.07050 0.390258000000 
0.07100 0.380092000000 
0.07150 0.370438000000 
0.07200 0.361228000000 
0.07250 0.352020000000 
0.07300 0.342906000000 
0.07350 0.334556000000 
0.07400 0.326208000000 
0.07450 0.317860000000 
0.07500 0.310030000000 
0.07550 0.302456000000 
0.07600 0.294882000000 
0.07650 0.287458000000 
0.07700 0.280582000000 
0.07750 0.273706000000 
0.07800 0.266828000000 
0.07850 0.260420000000 
0.07900 0.254172000000 
0.07950 0.247924000000 
0.08000 0.241824000000 
0.08050 0.236144000000 
0.08100 0.230462000000 
0.08150 0.224780000000 
0.08200 0.219490000000 
0.08250 0.214320000000 
0.08300 0.209150000000 
0.08350 0.204096000000 
0.08400 0.199387400000 
0.08450 0.194679200000 
0.08500 0.189971000000 
0.08550 0.185566400000 
0.08600 0.181275400000 
0.08650 0.176984400000 
0.08700 0.172765000000 
0.08750 0.168852600000 
0.08800 0.164940400000 
0.08850 0.161028200000 
0.08900 0.157333400000 
0.08950 0.153762000000 
0.09000 0.150190800000 
0.09050 0.146642200000 
0.09100 0.143381000000 
0.09150 0.140120000000 
0.09200 0.136858800000 
0.09250 0.133737000000 
0.09300 0.130756600000 
0.09350 0.127776000000 
0.09400 0.124795400000 
0.09450 0.122046800000 
0.09500 0.119321600000 
0.09550 0.116596200000 
0.09600 0.113942000000 
0.09650 0.111447200000 
0.09700 0.108952400000 
0.09750 0.106457800000 
0.09800 0.104109800000 
0.09850 0.101825800000 
0.09900 0.099541600000 
0.09950 0.097271800000 
0.10000 0.095178800000 
0.10050 0.093085600000 
0.10100 0.090992600000 
0.10150 0.088976400000 
0.10200 0.087057200000 
0.10250 0.085137800000 
0.10300 0.083218600000 
0.10350 0.081425800000 
0.10400 0.079665000000 
0.10450 0.077904000000 
0.10500 0.076164200000 
0.10550 0.074547600000 
0.10600 0.072931000000 
0.10650 0.071314400000 
0.10700 0.069761200000 
0.10750 0.068276400000 
0.10800 0.066791400000 
0.10850 0.065306400000 
0.10900 0.063918800000 
0.10950 0.062554000000 
0.11000 0.061189200000 
0.11050 0.059838400000 
0.11100 0.058583000000 
0.11150 0.057327600000 
0.11200 0.056072000000 
0.11250 0.054860800000 
0.11300 0.053706200000 
0.11350 0.052551600000 
0.11400 0.051397000000 
0.11450 0.050309800000 
0.11500 0.049246600000 
0.11550 0.048183400000 
0.11600 0.047122800000 
0.11650 0.046143800000 
0.11700 0.045164600000 
0.11750 0.044185600000 
0.11800 0.043230600000 
0.11850 0.042328200000 
0.11900 0.041425800000 
0.11950 0.040523400000 
0.12000 0.039663000000 
0.12050 0.038831800000 
0.12100 0.038000600000 
0.12150 0.037169200000 
0.12200 0.036393400000 
0.12250 0.035626600000 
0.12300 0.034859800000 
0.12350 0.034100200000 
0.12400 0.033392600000 
0.12450 0.032685200000 
0.12500 0.031977600000 
0.12550 0.031290400000 
0.12600 0.030637800000 
0.12650 0.029985200000 
0.12700 0.029332400000 
0.12750 0.028710800000 
0.12800 0.028108600000 
0.12850 0.027506400000 
0.12900 0.026904200000 
0.12950 0.026341200000 
0.13000 0.025785200000 
0.13050 0.025229000000 
0.13100 0.024676200000 
0.13150 0.024163000000 
0.13200 0.023649800000 
0.13250 0.023136600000 
0.13300 0.022634800000 
0.13350 0.022160800000 
0.13400 0.021686600000 
0.13450 0.021212600000 
0.13500 0.020756800000 
0.13550 0.020318800000 
0.13600 0.019880860000 
0.13650 0.019442900000 
0.13700 0.019028780000 
0.13750 0.018624500000 
0.13800 0.018220200000 
0.13850 0.017815920000 
0.13900 0.017439400000 
0.13950 0.017065900000 
0.14000 0.016692420000 
0.14050 0.016321400000 
0.14100 0.015976680000 
0.14150 0.015631980000 
0.14200 0.015287260000 
0.14250 0.014949400000 
0.14300 0.014631020000 
0.14350 0.014312620000 
0.14400 0.013994240000 
0.14450 0.013686220000 
0.14500 0.013392180000 
0.14550 0.013098160000 
0.14600 0.012804140000 
0.14650 0.012523220000 
0.14700 0.012251740000 
0.14750 0.011980280000 
0.14800 0.011708820000 
0.14850 0.011452700000 
0.14900 0.011202400000 
0.14950 0.010952080000 
0.15000 0.010701780000 
0.15050 0.010468100000 
0.15100 0.010237140000 
0.15150 0.010006180000 
0.15200 0.009775220000 
0.15250 0.009561860000 
0.15300 0.009348840000 
0.15350 0.009135820000 
0.15400 0.008924360000 
0.15450 0.008728200000 
0.15500 0.008532060000 
0.15550 0.008335900000 
0.15600 0.008142680000 
0.15650 0.007961920000 
0.15700 0.007781180000 
0.15750 0.007600420000 
0.15800 0.007423580000 
0.15850 0.007256900000 
0.15900 0.007090220000 
0.15950 0.006923540000 
0.16000 0.006761600000 
0.16050 0.006608400000 
0.16100 0.006455200000 
0.16150 0.006301980000 
0.16200 0.006153820000 
0.16250 0.006012920000 
0.16300 0.005872000000 
0.16350 0.005731080000 
0.16400 0.005595380000 
0.16450 0.005465840000 
0.16500 0.005336320000 
0.16550 0.005206800000 
0.16600 0.005082540000 
0.16650 0.004963760000 
0.16700 0.004844960000 
0.16750 0.004726180000 
0.16800 0.004612280000 
0.16850 0.004503100000 
0.16900 0.004393920000 
0.16950 0.004284740000 
0.17000 0.004180280000 
0.17050 0.004080320000 
0.17100 0.003980380000 
0.17150 0.003880420000 
0.17200 0.003784600000 
0.17250 0.003692860000 
0.17300 0.003601140000 
0.17350 0.003509420000 
0.17400 0.003421380000 
0.17450 0.003337440000 
0.17500 0.003253480000 
0.17550 0.003169540000 
0.17600 0.003088760000 
0.17650 0.003012120000 
0.17700 0.002935500000 
0.17750 0.002858880000 
0.17800 0.002784760000 
0.17850 0.002714760000 
0.17900 0.002644760000 
0.17950 0.002574780000 
0.18000 0.002506620000 
0.18050 0.002442620000 
0.18100 0.002378620000 
0.18150 0.002314620000 
0.18200 0.002251900000 
0.18250 0.002193560000 
0.18300 0.002135220000 
0.18350 0.002076880000 
0.18400 0.002019220000 
0.18450 0.001966224000 
0.18500 0.001913222000 
0.18550 0.001860220000 
0.18600 0.001807290000 
0.18650 0.001758980000 
0.18700 0.001710670000 
0.18750 0.001662362000 
0.18800 0.001614052000 
0.18850 0.001569782000 
0.18900 0.001526002000 
0.18950 0.001482222000 
0.19000 0.001438442000 
0.19050 0.001397668000 
0.19100 0.001357854000 
0.19150 0.001318040000 
0.19200 0.001278224000 
0.19250 0.001240710000 
0.19300 0.001204636000 
0.19350 0.001168564000 
0.19400 0.001132490000 
0.19450 0.001098008000 
0.19500 0.001065368000 
0.19550 0.001032730000 
0.19600 0.001000092000 
0.19650 0.000968412000 
0.19700 0.000938924000 
0.19750 0.000909434000 
0.19800 0.000879946000 
0.19850 0.000850868000 
0.19900 0.000824264000 
0.19950 0.000797662000 
0.20000 0.000771060000 
0.20050 0.000744456000 
0.20100 0.000720368000 
0.20150 0.000696338000 
0.20200 0.000672308000 
0.20250 0.000648278000 
0.20300 0.000626276000 
0.20350 0.000604738000 
0.20400 0.000583200000 
0.20450 0.000561662000 
0.20500 0.000541530000 
0.20550 0.000522142000 
0.20600 0.000502754000 
0.20650 0.000483364000 
0.20700 0.000465024000 
0.20750 0.000447720000 
0.20800 0.000430418000 
0.20850 0.000413116000 
0.20900 0.000396462000 
0.20950 0.000380952000 
0.21000 0.000365442000 
0.21050 0.000349932000 
0.21100 0.000334814000 
0.21150 0.000320950000 
0.21200 0.000307088000 
0.21250 0.000293226000 
0.21300 0.000279576000 
0.21350 0.000267318000 
0.21400 0.000255058000 
0.21450 0.000242800000 
0.21500 0.000230618000 
0.21550 0.000219738000 
0.21600 0.000208858000 
0.21650 0.000197979000 
0.21700 0.000187112400 
0.21750 0.000177581600 
0.21800 0.000168051000 
0.21850 0.000158520200 
0.21900 0.000148992400 
0.21950 0.000140627800 
0.22000 0.000132263200 
0.22050 0.000123898600 
0.22100 0.000115578800 
0.22150 0.000108301600 
0.22200 0.000101024200 
0.22250 0.000093747000 
0.22300 0.000086613200 
0.22350 0.000080411200 
0.22400 0.000074209000 
0.22450 0.000068006800 
0.22500 0.000062080200 
0.22550 0.000056834000 
0.22600 0.000051588000 
0.22650 0.000046342000 
0.22700 0.000041579800 
0.22750 0.000037274600 
0.22800 0.000032969600 
0.22850 0.000028664600 
0.22900 0.000025110400 
0.22950 0.000021719000 
0.23000 0.000018327800 
0.23050 0.000015135760 
0.23100 0.000012643500 
0.23150 0.000010151220 
0.23200 0.000007658960 
0.23250 0.000005851960 
0.23300 0.000004303980 
0.23350 0.000002756000 
