0.00000 202.340000000000 
0.00050 183.322600000000 
0.00100 164.305400000000 
0.00150 145.288000000000 
0.00200 126.270800000000 
0.00250 112.420800000000 
0.00300 100.112400000000 
0.00350 89.806800000000 
0.00400 81.353400000000 
0.00450 73.355000000000 
0.00500 67.312000000000 
0.00550 61.269000000000 
0.00600 56.475000000000 
0.00650 52.022600000000 
0.00700 47.914600000000 
0.00750 44.554600000000 
0.00800 41.194600000000 
0.00850 38.441400000000 
0.00900 35.855000000000 
0.00950 33.380000000000 
0.01000 31.355400000000 
0.01050 29.330800000000 
0.01100 27.540600000000 
0.01150 25.932800000000 
0.01200 24.325000000000 
0.01250 22.994400000000 
0.01300 21.701400000000 
0.01350 20.446600000000 
0.01400 19.395240000000 
0.01450 18.343940000000 
0.01500 17.367160000000 
0.01550 16.503980000000 
0.01600 15.640780000000 
0.01650 14.866540000000 
0.01700 14.151600000000 
0.01750 13.436660000000 
0.01800 12.812900000000 
0.01850 12.216120000000 
0.01900 11.619320000000 
0.01950 11.109500000000 
0.02000 10.607800000000 
0.02050 10.108440000000 
0.02100 9.684000000000 
0.02150 9.259560000000 
0.02200 8.842780000000 
0.02250 8.481640000000 
0.02300 8.120480000000 
0.02350 7.769180000000 
0.02400 7.460260000000 
0.02450 7.151340000000 
0.02500 6.852620000000 
0.02550 6.587120000000 
0.02600 6.321620000000 
0.02650 6.065560000000 
0.02700 5.836380000000 
0.02750 5.607200000000 
0.02800 5.386180000000 
0.02850 5.187560000000 
0.02900 4.988940000000 
0.02950 4.796920000000 
0.03000 4.624160000000 
0.03050 4.451400000000 
0.03100 4.283620000000 
0.03150 4.132840000000 
0.03200 3.982060000000 
0.03250 3.834700000000 
0.03300 3.702720000000 
0.03350 3.570720000000 
0.03400 3.440660000000 
0.03450 3.324800000000 
0.03500 3.208920000000 
0.03550 3.093640000000 
0.03600 2.991660000000 
0.03650 2.889680000000 
0.03700 2.787700000000 
0.03750 2.697140000000 
0.03800 2.607160000000 
0.03850 2.517180000000 
0.03900 2.435980000000 
0.03950 2.356440000000 
0.04000 2.276880000000 
0.04050 2.203840000000 
0.04100 2.133360000000 
0.04150 2.062880000000 
0.04200 1.997000000000 
0.04250 1.934432000000 
0.04300 1.871864000000 
0.04350 1.812272000000 
0.04400 1.756638000000 
0.04450 1.701004000000 
0.04500 1.646962000000 
0.04550 1.597408000000 
0.04600 1.547856000000 
0.04650 1.498730000000 
0.04700 1.454528000000 
0.04750 1.410324000000 
0.04800 1.366122000000 
0.04850 1.326086000000 
0.04900 1.286598000000 
0.04950 1.247112000000 
0.05000 1.210424000000 
0.05050 1.175104000000 
0.05100 1.139784000000 
0.05150 1.106104000000 
0.05200 1.074472000000 
0.05250 1.042840000000 
0.05300 1.011874000000 
0.05350 0.983510000000 
0.05400 0.955144000000 
0.05450 0.926780000000 
0.05500 0.901164000000 
0.05550 0.875704000000 
0.05600 0.850242000000 
0.05650 0.826522000000 
0.05700 0.803640000000 
0.05750 0.780760000000 
0.05800 0.758770000000 
0.05850 0.738188000000 
0.05900 0.717606000000 
0.05950 0.697198000000 
0.06000 0.678666000000 
0.06050 0.660134000000 
0.06100 0.641604000000 
0.06150 0.624472000000 
0.06200 0.607770000000 
0.06250 0.591066000000 
0.06300 0.575072000000 
0.06350 0.560006000000 
0.06400 0.544938000000 
0.06450 0.529996000000 
0.06500 0.516392000000 
0.06550 0.502788000000 
0.06600 0.489184000000 
0.06650 0.476524000000 
0.06700 0.464230000000 
0.06750 0.451938000000 
0.06800 0.440046000000 
0.06850 0.428926000000 
0.06900 0.417808000000 
0.06950 0.406690000000 
0.07000 0.396570000000 
0.07050 0.386506000000 
0.07100 0.376442000000 
0.07150 0.366886000000 
0.07200 0.357770000000 
0.07250 0.348654000000 
0.07300 0.339632000000 
0.07350 0.331368000000 
0.07400 0.323104000000 
0.07450 0.314840000000 
0.07500 0.307088000000 
0.07550 0.299590000000 
0.07600 0.292092000000 
0.07650 0.284742000000 
0.07700 0.277934000000 
0.07750 0.271126000000 
0.07800 0.264318000000 
0.07850 0.257974000000 
0.07900 0.251788000000 
0.07950 0.245602000000 
0.08000 0.239562000000 
0.08050 0.233938000000 
0.08100 0.228312000000 
0.08150 0.222686000000 
0.08200 0.217448000000 
0.08250 0.212328000000 
0.08300 0.207208000000 
0.08350 0.202204000000 
0.08400 0.197542600000 
0.08450 0.192880400000 
0.08500 0.188218200000 
0.08550 0.183856400000 
0.08600 0.179607200000 
0.08650 0.175357800000 
0.08700 0.171179400000 
0.08750 0.167305000000 
0.08800 0.163430600000 
0.08850 0.159556200000 
0.08900 0.155897000000 
0.08950 0.152360000000 
0.09000 0.148823200000 
0.09050 0.145308800000 
0.09100 0.142078800000 
0.09150 0.138848800000 
0.09200 0.135619000000 
0.09250 0.132527200000 
0.09300 0.129575000000 
0.09350 0.126622800000 
0.09400 0.123670800000 
0.09450 0.120948200000 
0.09500 0.118248800000 
0.09550 0.115549200000 
0.09600 0.112920200000 
0.09650 0.110449000000 
0.09700 0.107977800000 
0.09750 0.105506600000 
0.09800 0.103180800000 
0.09850 0.100918000000 
0.09900 0.098655400000 
0.09950 0.096407000000 
0.10000 0.094333400000 
0.10050 0.092260000000 
0.10100 0.090186400000 
0.10150 0.088189000000 
0.10200 0.086287600000 
0.10250 0.084386200000 
0.10300 0.082484800000 
0.10350 0.080708600000 
0.10400 0.078964000000 
0.10450 0.077219400000 
0.10500 0.075495600000 
0.10550 0.073894000000 
0.10600 0.072292200000 
0.10650 0.070690600000 
0.10700 0.069151800000 
0.10750 0.067680400000 
0.10800 0.066209200000 
0.10850 0.064737800000 
0.10900 0.063362800000 
0.10950 0.062010600000 
0.11000 0.060658200000 
0.11050 0.059319800000 
0.11100 0.058075800000 
0.11150 0.056831600000 
0.11200 0.055587600000 
0.11250 0.054387400000 
0.11300 0.053243200000 
0.11350 0.052099000000 
0.11400 0.050954800000 
0.11450 0.049877600000 
0.11500 0.048824000000 
0.11550 0.047770200000 
0.11600 0.046719200000 
0.11650 0.045749000000 
0.11700 0.044778600000 
0.11750 0.043808400000 
0.11800 0.042862000000 
0.11850 0.041967600000 
0.11900 0.041073200000 
0.11950 0.040178800000 
0.12000 0.039326200000 
0.12050 0.038502200000 
0.12100 0.037678400000 
0.12150 0.036854600000 
0.12200 0.036085600000 
0.12250 0.035325600000 
0.12300 0.034565600000 
0.12350 0.033812600000 
0.12400 0.033111400000 
0.12450 0.032410000000 
0.12500 0.031708800000 
0.12550 0.031027600000 
0.12600 0.030380600000 
0.12650 0.029733800000 
0.12700 0.029086800000 
0.12750 0.028470600000 
0.12800 0.027873600000 
0.12850 0.027276800000 
0.12900 0.026679800000 
0.12950 0.026121800000 
0.13000 0.025570400000 
0.13050 0.025019200000 
0.13100 0.024471200000 
0.13150 0.023962400000 
0.13200 0.023453600000 
0.13250 0.022944800000 
0.13300 0.022447400000 
0.13350 0.021977400000 
0.13400 0.021507400000 
0.13450 0.021037400000 
0.13500 0.020585600000 
0.13550 0.020151400000 
0.13600 0.019717180000 
0.13650 0.019282960000 
0.13700 0.018872400000 
0.13750 0.018471560000 
0.13800 0.018070740000 
0.13850 0.017669900000 
0.13900 0.017296580000 
0.13950 0.016926280000 
0.14000 0.016555960000 
0.14050 0.016188120000 
0.14100 0.015846320000 
0.14150 0.015504520000 
0.14200 0.015162720000 
0.14250 0.014827740000 
0.14300 0.014512040000 
0.14350 0.014196340000 
0.14400 0.013880640000 
0.14450 0.013575220000 
0.14500 0.013283660000 
0.14550 0.012992100000 
0.14600 0.012700540000 
0.14650 0.012421980000 
0.14700 0.012152780000 
0.14750 0.011883600000 
0.14800 0.011614400000 
0.14850 0.011360420000 
0.14900 0.011112200000 
0.14950 0.010863980000 
0.15000 0.010615760000 
0.15050 0.010384020000 
0.15100 0.010154980000 
0.15150 0.009925940000 
0.15200 0.009696900000 
0.15250 0.009485320000 
0.15300 0.009274060000 
0.15350 0.009062800000 
0.15400 0.008853100000 
0.15450 0.008658560000 
0.15500 0.008464020000 
0.15550 0.008269480000 
0.15600 0.008077860000 
0.15650 0.007898580000 
0.15700 0.007719320000 
0.15750 0.007540040000 
0.15800 0.007364660000 
0.15850 0.007199340000 
0.15900 0.007034040000 
0.15950 0.006868720000 
0.16000 0.006708100000 
0.16050 0.006556140000 
0.16100 0.006404180000 
0.16150 0.006252220000 
0.16200 0.006105280000 
0.16250 0.005965500000 
0.16300 0.005825720000 
0.16350 0.005685960000 
0.16400 0.005551340000 
0.16450 0.005422880000 
0.16500 0.005294400000 
0.16550 0.005165920000 
0.16600 0.005042660000 
0.16650 0.004924840000 
0.16700 0.004807000000 
0.16750 0.004689180000 
0.16800 0.004576200000 
0.16850 0.004467880000 
0.16900 0.004359580000 
0.16950 0.004251280000 
0.17000 0.004147660000 
0.17050 0.004048500000 
0.17100 0.003949360000 
0.17150 0.003850200000 
0.17200 0.003755140000 
0.17250 0.003664140000 
0.17300 0.003573160000 
0.17350 0.003482160000 
0.17400 0.003394820000 
0.17450 0.003311540000 
0.17500 0.003228260000 
0.17550 0.003144980000 
0.17600 0.003064840000 
0.17650 0.002988820000 
0.17700 0.002912800000 
0.17750 0.002836780000 
0.17800 0.002763260000 
0.17850 0.002693820000 
0.17900 0.002624380000 
0.17950 0.002554920000 
0.18000 0.002487320000 
0.18050 0.002423820000 
0.18100 0.002360320000 
0.18150 0.002296840000 
0.18200 0.002234600000 
0.18250 0.002176720000 
0.18300 0.002118840000 
0.18350 0.002060960000 
0.18400 0.002003740000 
0.18450 0.001951158000 
0.18500 0.001898570000 
0.18550 0.001845984000 
0.18600 0.001793466000 
0.18650 0.001745534000 
0.18700 0.001697600000 
0.18750 0.001649668000 
0.18800 0.001601734000 
0.18850 0.001557810000 
0.18900 0.001514370000 
0.18950 0.001470930000 
0.19000 0.001427490000 
0.19050 0.001387032000 
0.19100 0.001347526000 
0.19150 0.001308020000 
0.19200 0.001268514000 
0.19250 0.001231288000 
0.19300 0.001195494000 
0.19350 0.001159700000 
0.19400 0.001123906000 
0.19450 0.001089688000 
0.19500 0.001057300000 
0.19550 0.001024914000 
0.19600 0.000992526000 
0.19650 0.000961090000 
0.19700 0.000931828000 
0.19750 0.000902566000 
0.19800 0.000873304000 
0.19850 0.000844448000 
0.19900 0.000818048000 
0.19950 0.000791650000 
0.20000 0.000765250000 
0.20050 0.000738852000 
0.20100 0.000714948000 
0.20150 0.000691100000 
0.20200 0.000667254000 
0.20250 0.000643406000 
0.20300 0.000621572000 
0.20350 0.000600198000 
0.20400 0.000578824000 
0.20450 0.000557450000 
0.20500 0.000537472000 
0.20550 0.000518230000 
0.20600 0.000498988000 
0.20650 0.000479746000 
0.20700 0.000461544000 
0.20750 0.000444372000 
0.20800 0.000427200000 
0.20850 0.000410028000 
0.20900 0.000393500000 
0.20950 0.000378108000 
0.21000 0.000362716000 
0.21050 0.000347324000 
0.21100 0.000332318000 
0.21150 0.000318560000 
0.21200 0.000304802000 
0.21250 0.000291044000 
0.21300 0.000277496000 
0.21350 0.000265330000 
0.21400 0.000253164000 
0.21450 0.000240996000 
0.21500 0.000228906000 
0.21550 0.000218108000 
0.21600 0.000207308000 
0.21650 0.000196511000 
0.21700 0.000185725600 
0.21750 0.000176266000 
0.21800 0.000166806400 
0.21850 0.000157347000 
0.21900 0.000147890200 
0.21950 0.000139587800 
0.22000 0.000131285600 
0.22050 0.000122983200 
0.22100 0.000114725400 
0.22150 0.000107502200 
0.22200 0.000100278800 
0.22250 0.000093055600 
0.22300 0.000085974800 
0.22350 0.000079818600 
0.22400 0.000073662400 
0.22450 0.000067506200 
0.22500 0.000061623400 
0.22550 0.000056416000 
0.22600 0.000051208800 
0.22650 0.000046001400 
0.22700 0.000041274400 
0.22750 0.000037001000 
0.22800 0.000032727600 
0.22850 0.000028454400 
0.22900 0.000024926200 
0.22950 0.000021559800 
0.23000 0.000018193540 
0.23050 0.000015024940 
0.23100 0.000012550940 
0.23150 0.000010076960 
0.23200 0.000007602960 
0.23250 0.000005809180 
0.23300 0.000004272520 
0.23350 0.000002735880 
