0.00000 199.525400000000 
0.00050 180.778000000000 
0.00100 162.030400000000 
0.00150 143.283000000000 
0.00200 124.535600000000 
0.00250 110.881800000000 
0.00300 98.747800000000 
0.00350 88.588000000000 
0.00400 80.253600000000 
0.00450 72.368000000000 
0.00500 66.409400000000 
0.00550 60.450800000000 
0.00600 55.723600000000 
0.00650 51.333200000000 
0.00700 47.282000000000 
0.00750 43.968200000000 
0.00800 40.654600000000 
0.00850 37.939000000000 
0.00900 35.388000000000 
0.00950 32.947000000000 
0.01000 30.949800000000 
0.01050 28.952600000000 
0.01100 27.186600000000 
0.01150 25.600400000000 
0.01200 24.014200000000 
0.01250 22.701600000000 
0.01300 21.425800000000 
0.01350 20.187800000000 
0.01400 19.150360000000 
0.01450 18.113020000000 
0.01500 17.149160000000 
0.01550 16.297340000000 
0.01600 15.445540000000 
0.01650 14.681440000000 
0.01700 13.975860000000 
0.01750 13.270280000000 
0.01800 12.654640000000 
0.01850 12.065600000000 
0.01900 11.476560000000 
0.01950 10.973320000000 
0.02000 10.478100000000 
0.02050 9.985180000000 
0.02100 9.566180000000 
0.02150 9.147180000000 
0.02200 8.735740000000 
0.02250 8.379180000000 
0.02300 8.022620000000 
0.02350 7.675800000000 
0.02400 7.370780000000 
0.02450 7.065780000000 
0.02500 6.770820000000 
0.02550 6.508660000000 
0.02600 6.246480000000 
0.02650 5.993660000000 
0.02700 5.767340000000 
0.02750 5.541000000000 
0.02800 5.322740000000 
0.02850 5.126580000000 
0.02900 4.930440000000 
0.02950 4.740800000000 
0.03000 4.570160000000 
0.03050 4.399520000000 
0.03100 4.233820000000 
0.03150 4.084880000000 
0.03200 3.935960000000 
0.03250 3.790400000000 
0.03300 3.660020000000 
0.03350 3.529640000000 
0.03400 3.401160000000 
0.03450 3.286700000000 
0.03500 3.172220000000 
0.03550 3.058340000000 
0.03600 2.957600000000 
0.03650 2.856840000000 
0.03700 2.756080000000 
0.03750 2.666600000000 
0.03800 2.577700000000 
0.03850 2.488800000000 
0.03900 2.408560000000 
0.03950 2.329960000000 
0.04000 2.251340000000 
0.04050 2.179180000000 
0.04100 2.109540000000 
0.04150 2.039880000000 
0.04200 1.974778000000 
0.04250 1.912944000000 
0.04300 1.851112000000 
0.04350 1.792218000000 
0.04400 1.737234000000 
0.04450 1.682250000000 
0.04500 1.628838000000 
0.04550 1.579860000000 
0.04600 1.530882000000 
0.04650 1.482328000000 
0.04700 1.438636000000 
0.04750 1.394944000000 
0.04800 1.351252000000 
0.04850 1.311674000000 
0.04900 1.272640000000 
0.04950 1.233608000000 
0.05000 1.197338000000 
0.05050 1.162422000000 
0.05100 1.127504000000 
0.05150 1.094210000000 
0.05200 1.062936000000 
0.05250 1.031664000000 
0.05300 1.001048000000 
0.05350 0.973004000000 
0.05400 0.944960000000 
0.05450 0.916916000000 
0.05500 0.891588000000 
0.05550 0.866412000000 
0.05600 0.841236000000 
0.05650 0.817782000000 
0.05700 0.795156000000 
0.05750 0.772530000000 
0.05800 0.750786000000 
0.05850 0.730432000000 
0.05900 0.710080000000 
0.05950 0.689898000000 
0.06000 0.671572000000 
0.06050 0.653244000000 
0.06100 0.634916000000 
0.06150 0.617974000000 
0.06200 0.601456000000 
0.06250 0.584936000000 
0.06300 0.569116000000 
0.06350 0.554214000000 
0.06400 0.539312000000 
0.06450 0.524532000000 
0.06500 0.511076000000 
0.06550 0.497620000000 
0.06600 0.484164000000 
0.06650 0.471642000000 
0.06700 0.459482000000 
0.06750 0.447322000000 
0.06800 0.435558000000 
0.06850 0.424558000000 
0.06900 0.413560000000 
0.06950 0.402562000000 
0.07000 0.392548000000 
0.07050 0.382592000000 
0.07100 0.372636000000 
0.07150 0.363182000000 
0.07200 0.354164000000 
0.07250 0.345144000000 
0.07300 0.336220000000 
0.07350 0.328042000000 
0.07400 0.319866000000 
0.07450 0.311688000000 
0.07500 0.304020000000 
0.07550 0.296600000000 
0.07600 0.289182000000 
0.07650 0.281910000000 
0.07700 0.275172000000 
0.07750 0.268436000000 
0.07800 0.261700000000 
0.07850 0.255422000000 
0.07900 0.249300000000 
0.07950 0.243178000000 
0.08000 0.237202000000 
0.08050 0.231634000000 
0.08100 0.226068000000 
0.08150 0.220502000000 
0.08200 0.215316000000 
0.08250 0.210250000000 
0.08300 0.205184000000 
0.08350 0.200230000000 
0.08400 0.195616400000 
0.08450 0.191002200000 
0.08500 0.186387800000 
0.08550 0.182070800000 
0.08600 0.177864800000 
0.08650 0.173659000000 
0.08700 0.169523400000 
0.08750 0.165688400000 
0.08800 0.161853400000 
0.08850 0.158018600000 
0.08900 0.154396400000 
0.08950 0.150895200000 
0.09000 0.147394200000 
0.09050 0.143915400000 
0.09100 0.140718000000 
0.09150 0.137520600000 
0.09200 0.134323400000 
0.09250 0.131262600000 
0.09300 0.128340200000 
0.09350 0.125417600000 
0.09400 0.122495000000 
0.09450 0.119799800000 
0.09500 0.117127200000 
0.09550 0.114454800000 
0.09600 0.111852000000 
0.09650 0.109405200000 
0.09700 0.106958600000 
0.09750 0.104512000000 
0.09800 0.102209200000 
0.09850 0.099969000000 
0.09900 0.097728600000 
0.09950 0.095502400000 
0.10000 0.093449400000 
0.10050 0.091396200000 
0.10100 0.089343200000 
0.10150 0.087365400000 
0.10200 0.085482600000 
0.10250 0.083600000000 
0.10300 0.081717200000 
0.10350 0.079958400000 
0.10400 0.078230800000 
0.10450 0.076503200000 
0.10500 0.074796200000 
0.10550 0.073210200000 
0.10600 0.071624000000 
0.10650 0.070037800000 
0.10700 0.068514000000 
0.10750 0.067056800000 
0.10800 0.065599800000 
0.10850 0.064142600000 
0.10900 0.062781000000 
0.10950 0.061441600000 
0.11000 0.060102400000 
0.11050 0.058776800000 
0.11100 0.057544800000 
0.11150 0.056312600000 
0.11200 0.055080400000 
0.11250 0.053891600000 
0.11300 0.052758400000 
0.11350 0.051625200000 
0.11400 0.050491800000 
0.11450 0.049424800000 
0.11500 0.048381200000 
0.11550 0.047337600000 
0.11600 0.046296600000 
0.11650 0.045335400000 
0.11700 0.044374200000 
0.11750 0.043413200000 
0.11800 0.042475800000 
0.11850 0.041589800000 
0.11900 0.040703800000 
0.11950 0.039818000000 
0.12000 0.038973200000 
0.12050 0.038157000000 
0.12100 0.037341000000 
0.12150 0.036524800000 
0.12200 0.035763000000 
0.12250 0.035010200000 
0.12300 0.034257200000 
0.12350 0.033511200000 
0.12400 0.032816400000 
0.12450 0.032121800000 
0.12500 0.031427000000 
0.12550 0.030752200000 
0.12600 0.030111200000 
0.12650 0.029470200000 
0.12700 0.028829400000 
0.12750 0.028218800000 
0.12800 0.027627400000 
0.12850 0.027036000000 
0.12900 0.026444600000 
0.12950 0.025891600000 
0.13000 0.025345400000 
0.13050 0.024799200000 
0.13100 0.024256200000 
0.13150 0.023752000000 
0.13200 0.023248000000 
0.13250 0.022743800000 
0.13300 0.022251000000 
0.13350 0.021785200000 
0.13400 0.021319600000 
0.13450 0.020853800000 
0.13500 0.020406000000 
0.13550 0.019975740000 
0.13600 0.019545480000 
0.13650 0.019115200000 
0.13700 0.018708360000 
0.13750 0.018311140000 
0.13800 0.017913920000 
0.13850 0.017516700000 
0.13900 0.017146760000 
0.13950 0.016779780000 
0.14000 0.016412800000 
0.14050 0.016048240000 
0.14100 0.015709520000 
0.14150 0.015370780000 
0.14200 0.015032040000 
0.14250 0.014700060000 
0.14300 0.014387180000 
0.14350 0.014074280000 
0.14400 0.013761400000 
0.14450 0.013458700000 
0.14500 0.013169740000 
0.14550 0.012880780000 
0.14600 0.012591800000 
0.14650 0.012315720000 
0.14700 0.012048900000 
0.14750 0.011782100000 
0.14800 0.011515280000 
0.14850 0.011263540000 
0.14900 0.011017520000 
0.14950 0.010771480000 
0.15000 0.010525460000 
0.15050 0.010295760000 
0.15100 0.010068720000 
0.15150 0.009841700000 
0.15200 0.009614660000 
0.15250 0.009404940000 
0.15300 0.009195520000 
0.15350 0.008986120000 
0.15400 0.008778240000 
0.15450 0.008585400000 
0.15500 0.008392560000 
0.15550 0.008199700000 
0.15600 0.008009760000 
0.15650 0.007832040000 
0.15700 0.007654340000 
0.15750 0.007476620000 
0.15800 0.007302760000 
0.15850 0.007138880000 
0.15900 0.006975000000 
0.15950 0.006811100000 
0.16000 0.006651880000 
0.16050 0.006501220000 
0.16100 0.006350580000 
0.16150 0.006199940000 
0.16200 0.006054240000 
0.16250 0.005915680000 
0.16300 0.005777100000 
0.16350 0.005638540000 
0.16400 0.005505080000 
0.16450 0.005377700000 
0.16500 0.005250340000 
0.16550 0.005122960000 
0.16600 0.005000740000 
0.16650 0.004883920000 
0.16700 0.004767100000 
0.16750 0.004650280000 
0.16800 0.004538260000 
0.16850 0.004430880000 
0.16900 0.004323500000 
0.16950 0.004216120000 
0.17000 0.004113360000 
0.17050 0.004015060000 
0.17100 0.003916740000 
0.17150 0.003818440000 
0.17200 0.003724180000 
0.17250 0.003633960000 
0.17300 0.003543720000 
0.17350 0.003453500000 
0.17400 0.003366900000 
0.17450 0.003284320000 
0.17500 0.003201740000 
0.17550 0.003119160000 
0.17600 0.003039700000 
0.17650 0.002964320000 
0.17700 0.002888940000 
0.17750 0.002813560000 
0.17800 0.002740640000 
0.17850 0.002671780000 
0.17900 0.002602920000 
0.17950 0.002534060000 
0.18000 0.002467000000 
0.18050 0.002404040000 
0.18100 0.002341080000 
0.18150 0.002278100000 
0.18200 0.002216380000 
0.18250 0.002159000000 
0.18300 0.002101600000 
0.18350 0.002044200000 
0.18400 0.001987458000 
0.18450 0.001935308000 
0.18500 0.001883156000 
0.18550 0.001831006000 
0.18600 0.001778922000 
0.18650 0.001731386000 
0.18700 0.001683848000 
0.18750 0.001636312000 
0.18800 0.001588774000 
0.18850 0.001545212000 
0.18900 0.001502128000 
0.18950 0.001459046000 
0.19000 0.001415964000 
0.19050 0.001375840000 
0.19100 0.001336658000 
0.19150 0.001297476000 
0.19200 0.001258294000 
0.19250 0.001221374000 
0.19300 0.001185872000 
0.19350 0.001150370000 
0.19400 0.001114870000 
0.19450 0.001080932000 
0.19500 0.001048808000 
0.19550 0.001016686000 
0.19600 0.000984562000 
0.19650 0.000953384000 
0.19700 0.000924358000 
0.19750 0.000895334000 
0.19800 0.000866310000 
0.19850 0.000837690000 
0.19900 0.000811504000 
0.19950 0.000785320000 
0.20000 0.000759134000 
0.20050 0.000732950000 
0.20100 0.000709240000 
0.20150 0.000685586000 
0.20200 0.000661932000 
0.20250 0.000638278000 
0.20300 0.000616620000 
0.20350 0.000595418000 
0.20400 0.000574216000 
0.20450 0.000553014000 
0.20500 0.000533196000 
0.20550 0.000514110000 
0.20600 0.000495024000 
0.20650 0.000475936000 
0.20700 0.000457882000 
0.20750 0.000440846000 
0.20800 0.000423812000 
0.20850 0.000406778000 
0.20900 0.000390382000 
0.20950 0.000375114000 
0.21000 0.000359844000 
0.21050 0.000344576000 
0.21100 0.000329690000 
0.21150 0.000316042000 
0.21200 0.000302392000 
0.21250 0.000288744000 
0.21300 0.000275306000 
0.21350 0.000263236000 
0.21400 0.000251166000 
0.21450 0.000239096000 
0.21500 0.000227102000 
0.21550 0.000216388000 
0.21600 0.000205676000 
0.21650 0.000194964400 
0.21700 0.000184264600 
0.21750 0.000174880000 
0.21800 0.000165495400 
0.21850 0.000156110600 
0.21900 0.000146728800 
0.21950 0.000138492200 
0.22000 0.000130255400 
0.22050 0.000122018800 
0.22100 0.000113826000 
0.22150 0.000106659800 
0.22200 0.000099493400 
0.22250 0.000092327000 
0.22300 0.000085302000 
0.22350 0.000079194200 
0.22400 0.000073086400 
0.22450 0.000066978600 
0.22500 0.000061142000 
0.22550 0.000055975400 
0.22600 0.000050809000 
0.22650 0.000045642600 
0.22700 0.000040952400 
0.22750 0.000036712600 
0.22800 0.000032472600 
0.22850 0.000028232600 
0.22900 0.000024732200 
0.22950 0.000021392000 
0.23000 0.000018052000 
0.23050 0.000014908120 
0.23100 0.000012453400 
0.23150 0.000009998660 
0.23200 0.000007543920 
0.23250 0.000005764080 
0.23300 0.000004239380 
0.23350 0.000002714660 
