0.00000 196.663600000000 
0.00050 178.190600000000 
0.00100 159.717800000000 
0.00150 141.244800000000 
0.00200 122.772000000000 
0.00250 109.318000000000 
0.00300 97.361200000000 
0.00350 87.349600000000 
0.00400 79.136400000000 
0.00450 71.365000000000 
0.00500 65.492400000000 
0.00550 59.619800000000 
0.00600 54.960400000000 
0.00650 50.632800000000 
0.00700 46.639400000000 
0.00750 43.372800000000 
0.00800 40.106000000000 
0.00850 37.428800000000 
0.00900 34.913800000000 
0.00950 32.507000000000 
0.01000 30.537800000000 
0.01050 28.568400000000 
0.01100 26.827000000000 
0.01150 25.262800000000 
0.01200 23.698600000000 
0.01250 22.404000000000 
0.01300 21.146000000000 
0.01350 19.924800000000 
0.01400 18.901620000000 
0.01450 17.878440000000 
0.01500 16.927720000000 
0.01550 16.087440000000 
0.01600 15.247180000000 
0.01650 14.493420000000 
0.01700 13.797320000000 
0.01750 13.101240000000 
0.01800 12.493840000000 
0.01850 11.912680000000 
0.01900 11.331520000000 
0.01950 10.834960000000 
0.02000 10.346320000000 
0.02050 9.859940000000 
0.02100 9.446460000000 
0.02150 9.033000000000 
0.02200 8.626980000000 
0.02250 8.275080000000 
0.02300 7.923200000000 
0.02350 7.580900000000 
0.02400 7.279860000000 
0.02450 6.978820000000 
0.02500 6.687700000000 
0.02550 6.428920000000 
0.02600 6.170140000000 
0.02650 5.920580000000 
0.02700 5.697160000000 
0.02750 5.473740000000 
0.02800 5.258280000000 
0.02850 5.064620000000 
0.02900 4.870960000000 
0.02950 4.683760000000 
0.03000 4.515280000000 
0.03050 4.346800000000 
0.03100 4.183200000000 
0.03150 4.036140000000 
0.03200 3.889100000000 
0.03250 3.745360000000 
0.03300 3.616620000000 
0.03350 3.487880000000 
0.03400 3.361000000000 
0.03450 3.247960000000 
0.03500 3.134920000000 
0.03550 3.022460000000 
0.03600 2.922940000000 
0.03650 2.823440000000 
0.03700 2.723940000000 
0.03750 2.635540000000 
0.03800 2.547740000000 
0.03850 2.459940000000 
0.03900 2.380680000000 
0.03950 2.303040000000 
0.04000 2.225380000000 
0.04050 2.154100000000 
0.04100 2.085300000000 
0.04150 2.016500000000 
0.04200 1.952178000000 
0.04250 1.891092000000 
0.04300 1.830006000000 
0.04350 1.771822000000 
0.04400 1.717498000000 
0.04450 1.663174000000 
0.04500 1.610404000000 
0.04550 1.562012000000 
0.04600 1.513618000000 
0.04650 1.465642000000 
0.04700 1.422470000000 
0.04750 1.379296000000 
0.04800 1.336124000000 
0.04850 1.297014000000 
0.04900 1.258442000000 
0.04950 1.219870000000 
0.05000 1.184026000000 
0.05050 1.149520000000 
0.05100 1.115012000000 
0.05150 1.082108000000 
0.05200 1.051200000000 
0.05250 1.020292000000 
0.05300 0.990032000000 
0.05350 0.962314000000 
0.05400 0.934596000000 
0.05450 0.906878000000 
0.05500 0.881842000000 
0.05550 0.856958000000 
0.05600 0.832072000000 
0.05650 0.808886000000 
0.05700 0.786522000000 
0.05750 0.764156000000 
0.05800 0.742660000000 
0.05850 0.722540000000 
0.05900 0.702420000000 
0.05950 0.682468000000 
0.06000 0.664350000000 
0.06050 0.646230000000 
0.06100 0.628112000000 
0.06150 0.611362000000 
0.06200 0.595028000000 
0.06250 0.578694000000 
0.06300 0.563054000000 
0.06350 0.548320000000 
0.06400 0.533586000000 
0.06450 0.518972000000 
0.06500 0.505666000000 
0.06550 0.492360000000 
0.06600 0.479054000000 
0.06650 0.466670000000 
0.06700 0.454646000000 
0.06750 0.442622000000 
0.06800 0.430988000000 
0.06850 0.420110000000 
0.06900 0.409234000000 
0.06950 0.398358000000 
0.07000 0.388454000000 
0.07050 0.378608000000 
0.07100 0.368762000000 
0.07150 0.359412000000 
0.07200 0.350492000000 
0.07250 0.341572000000 
0.07300 0.332744000000 
0.07350 0.324656000000 
0.07400 0.316568000000 
0.07450 0.308480000000 
0.07500 0.300894000000 
0.07550 0.293556000000 
0.07600 0.286218000000 
0.07650 0.279024000000 
0.07700 0.272360000000 
0.07750 0.265696000000 
0.07800 0.259032000000 
0.07850 0.252820000000 
0.07900 0.246764000000 
0.07950 0.240710000000 
0.08000 0.234796000000 
0.08050 0.229290000000 
0.08100 0.223782000000 
0.08150 0.218274000000 
0.08200 0.213146000000 
0.08250 0.208132000000 
0.08300 0.203120000000 
0.08350 0.198219400000 
0.08400 0.193654000000 
0.08450 0.189088600000 
0.08500 0.184523200000 
0.08550 0.180251400000 
0.08600 0.176089800000 
0.08650 0.171928400000 
0.08700 0.167836000000 
0.08750 0.164041200000 
0.08800 0.160246600000 
0.08850 0.156451800000 
0.08900 0.152867400000 
0.08950 0.149402800000 
0.09000 0.145938200000 
0.09050 0.142495600000 
0.09100 0.139331400000 
0.09150 0.136167200000 
0.09200 0.133003200000 
0.09250 0.129974000000 
0.09300 0.127081800000 
0.09350 0.124189400000 
0.09400 0.121297000000 
0.09450 0.118629400000 
0.09500 0.115984400000 
0.09550 0.113339400000 
0.09600 0.110763200000 
0.09650 0.108341600000 
0.09700 0.105920000000 
0.09750 0.103498400000 
0.09800 0.101219000000 
0.09850 0.099001600000 
0.09900 0.096784200000 
0.09950 0.094580600000 
0.10000 0.092548400000 
0.10050 0.090516000000 
0.10100 0.088483800000 
0.10150 0.086526000000 
0.10200 0.084662200000 
0.10250 0.082798400000 
0.10300 0.080934800000 
0.10350 0.079193600000 
0.10400 0.077483400000 
0.10450 0.075773200000 
0.10500 0.074083200000 
0.10550 0.072513000000 
0.10600 0.070942600000 
0.10650 0.069372400000 
0.10700 0.067863800000 
0.10750 0.066421200000 
0.10800 0.064978600000 
0.10850 0.063536000000 
0.10900 0.062187800000 
0.10950 0.060861800000 
0.11000 0.059535800000 
0.11050 0.058223400000 
0.11100 0.057003400000 
0.11150 0.055783400000 
0.11200 0.054563400000 
0.11250 0.053386200000 
0.11300 0.052264000000 
0.11350 0.051142000000 
0.11400 0.050019800000 
0.11450 0.048963200000 
0.11500 0.047929800000 
0.11550 0.046896400000 
0.11600 0.045865600000 
0.11650 0.044913800000 
0.11700 0.043962000000 
0.11750 0.043010200000 
0.11800 0.042081800000 
0.11850 0.041204600000 
0.11900 0.040327200000 
0.11950 0.039449800000 
0.12000 0.038613400000 
0.12050 0.037805000000 
0.12100 0.036996800000 
0.12150 0.036188600000 
0.12200 0.035434000000 
0.12250 0.034688400000 
0.12300 0.033942800000 
0.12350 0.033204000000 
0.12400 0.032515800000 
0.12450 0.031827600000 
0.12500 0.031139600000 
0.12550 0.030471200000 
0.12600 0.029836400000 
0.12650 0.029201600000 
0.12700 0.028566800000 
0.12750 0.027962000000 
0.12800 0.027376200000 
0.12850 0.026790400000 
0.12900 0.026204600000 
0.12950 0.025656800000 
0.13000 0.025115800000 
0.13050 0.024574800000 
0.13100 0.024036800000 
0.13150 0.023537400000 
0.13200 0.023038000000 
0.13250 0.022538600000 
0.13300 0.022050600000 
0.13350 0.021589200000 
0.13400 0.021127800000 
0.13450 0.020666400000 
0.13500 0.020222800000 
0.13550 0.019796580000 
0.13600 0.019370320000 
0.13650 0.018944060000 
0.13700 0.018541000000 
0.13750 0.018147460000 
0.13800 0.017753940000 
0.13850 0.017360420000 
0.13900 0.016993900000 
0.13950 0.016630300000 
0.14000 0.016266720000 
0.14050 0.015905540000 
0.14100 0.015569940000 
0.14150 0.015234320000 
0.14200 0.014898720000 
0.14250 0.014569780000 
0.14300 0.014259780000 
0.14350 0.013949760000 
0.14400 0.013639740000 
0.14450 0.013339820000 
0.14500 0.013053500000 
0.14550 0.012767180000 
0.14600 0.012480860000 
0.14650 0.012207280000 
0.14700 0.011942900000 
0.14750 0.011678520000 
0.14800 0.011414140000 
0.14850 0.011164700000 
0.14900 0.010920900000 
0.14950 0.010677100000 
0.15000 0.010433300000 
0.15050 0.010205680000 
0.15100 0.009980700000 
0.15150 0.009755720000 
0.15200 0.009530760000 
0.15250 0.009322920000 
0.15300 0.009115380000 
0.15350 0.008907860000 
0.15400 0.008701860000 
0.15450 0.008510740000 
0.15500 0.008319640000 
0.15550 0.008128520000 
0.15600 0.007940260000 
0.15650 0.007764140000 
0.15700 0.007588020000 
0.15750 0.007411900000 
0.15800 0.007239580000 
0.15850 0.007077160000 
0.15900 0.006914740000 
0.15950 0.006752320000 
0.16000 0.006594500000 
0.16050 0.006445180000 
0.16100 0.006295880000 
0.16150 0.006146560000 
0.16200 0.006002180000 
0.16250 0.005864820000 
0.16300 0.005727480000 
0.16350 0.005590140000 
0.16400 0.005457860000 
0.16450 0.005331620000 
0.16500 0.005205360000 
0.16550 0.005079100000 
0.16600 0.004957980000 
0.16650 0.004842180000 
0.16700 0.004726380000 
0.16750 0.004610580000 
0.16800 0.004499540000 
0.16850 0.004393100000 
0.16900 0.004286660000 
0.16950 0.004180220000 
0.17000 0.004078360000 
0.17050 0.003980920000 
0.17100 0.003883460000 
0.17150 0.003786020000 
0.17200 0.003692560000 
0.17250 0.003603120000 
0.17300 0.003513700000 
0.17350 0.003424260000 
0.17400 0.003338400000 
0.17450 0.003256540000 
0.17500 0.003174660000 
0.17550 0.003092800000 
0.17600 0.003014020000 
0.17650 0.002939300000 
0.17700 0.002864560000 
0.17750 0.002789840000 
0.17800 0.002717540000 
0.17850 0.002649280000 
0.17900 0.002581020000 
0.17950 0.002512740000 
0.18000 0.002446280000 
0.18050 0.002383840000 
0.18100 0.002321420000 
0.18150 0.002259000000 
0.18200 0.002197800000 
0.18250 0.002140900000 
0.18300 0.002084000000 
0.18350 0.002027080000 
0.18400 0.001970832000 
0.18450 0.001919126000 
0.18500 0.001867420000 
0.18550 0.001815714000 
0.18600 0.001764076000 
0.18650 0.001716942000 
0.18700 0.001669810000 
0.18750 0.001622676000 
0.18800 0.001575542000 
0.18850 0.001532350000 
0.18900 0.001489632000 
0.18950 0.001446914000 
0.19000 0.001404198000 
0.19050 0.001364412000 
0.19100 0.001325560000 
0.19150 0.001286710000 
0.19200 0.001247860000 
0.19250 0.001211250000 
0.19300 0.001176048000 
0.19350 0.001140846000 
0.19400 0.001105644000 
0.19450 0.001071990000 
0.19500 0.001040138000 
0.19550 0.001008284000 
0.19600 0.000976432000 
0.19650 0.000945514000 
0.19700 0.000916732000 
0.19750 0.000887952000 
0.19800 0.000859170000 
0.19850 0.000830788000 
0.19900 0.000804822000 
0.19950 0.000778856000 
0.20000 0.000752890000 
0.20050 0.000726924000 
0.20100 0.000703412000 
0.20150 0.000679954000 
0.20200 0.000656498000 
0.20250 0.000633040000 
0.20300 0.000611562000 
0.20350 0.000590536000 
0.20400 0.000569512000 
0.20450 0.000548486000 
0.20500 0.000528832000 
0.20550 0.000509904000 
0.20600 0.000490974000 
0.20650 0.000472046000 
0.20700 0.000454140000 
0.20750 0.000437246000 
0.20800 0.000420352000 
0.20850 0.000403460000 
0.20900 0.000387200000 
0.20950 0.000372056000 
0.21000 0.000356912000 
0.21050 0.000341768000 
0.21100 0.000327006000 
0.21150 0.000313470000 
0.21200 0.000299934000 
0.21250 0.000286396000 
0.21300 0.000273068000 
0.21350 0.000261098000 
0.21400 0.000249126000 
0.21450 0.000237156000 
0.21500 0.000225260000 
0.21550 0.000214634000 
0.21600 0.000204010000 
0.21650 0.000193385000 
0.21700 0.000182772600 
0.21750 0.000173464600 
0.21800 0.000164156400 
0.21850 0.000154848200 
0.21900 0.000145542800 
0.21950 0.000137373200 
0.22000 0.000129203400 
0.22050 0.000121033800 
0.22100 0.000112907600 
0.22150 0.000105799400 
0.22200 0.000098691200 
0.22250 0.000091583000 
0.22300 0.000084615000 
0.22350 0.000078556600 
0.22400 0.000072498200 
0.22450 0.000066439800 
0.22500 0.000060650400 
0.22550 0.000055525600 
0.22600 0.000050400800 
0.22650 0.000045276000 
0.22700 0.000040623800 
0.22750 0.000036418000 
0.22800 0.000032212200 
0.22850 0.000028006400 
0.22900 0.000024534000 
0.22950 0.000021220800 
0.23000 0.000017907480 
0.23050 0.000014788820 
0.23100 0.000012353760 
0.23150 0.000009918700 
0.23200 0.000007483640 
0.23250 0.000005718040 
0.23300 0.000004205500 
0.23350 0.000002692980 
