0.00000 193.981000000000 
0.00050 175.766600000000 
0.00100 157.552000000000 
0.00150 139.337600000000 
0.00200 121.123000000000 
0.00250 107.856600000000 
0.00300 96.066400000000 
0.00350 86.193400000000 
0.00400 78.093800000000 
0.00450 70.429600000000 
0.00500 64.637600000000 
0.00550 58.845400000000 
0.00600 54.249200000000 
0.00650 49.980400000000 
0.00700 46.041000000000 
0.00750 42.818400000000 
0.00800 39.595800000000 
0.00850 36.954400000000 
0.00900 34.472800000000 
0.00950 32.098000000000 
0.01000 30.154800000000 
0.01050 28.211600000000 
0.01100 26.493200000000 
0.01150 24.949600000000 
0.01200 23.405800000000 
0.01250 22.128200000000 
0.01300 20.886400000000 
0.01350 19.681100000000 
0.01400 18.671120000000 
0.01450 17.661160000000 
0.01500 16.722660000000 
0.01550 15.893160000000 
0.01600 15.063640000000 
0.01650 14.319480000000 
0.01700 13.632240000000 
0.01750 12.945000000000 
0.01800 12.345280000000 
0.01850 11.771440000000 
0.01900 11.197600000000 
0.01950 10.707260000000 
0.02000 10.224720000000 
0.02050 9.744420000000 
0.02100 9.336080000000 
0.02150 8.927740000000 
0.02200 8.526760000000 
0.02250 8.179220000000 
0.02300 7.831660000000 
0.02350 7.493580000000 
0.02400 7.196220000000 
0.02450 6.898860000000 
0.02500 6.611280000000 
0.02550 6.355640000000 
0.02600 6.100000000000 
0.02650 5.853460000000 
0.02700 5.632740000000 
0.02750 5.412020000000 
0.02800 5.199140000000 
0.02850 5.007800000000 
0.02900 4.816460000000 
0.02950 4.631480000000 
0.03000 4.465020000000 
0.03050 4.298540000000 
0.03100 4.136860000000 
0.03150 3.991560000000 
0.03200 3.846240000000 
0.03250 3.704200000000 
0.03300 3.576960000000 
0.03350 3.449720000000 
0.03400 3.324320000000 
0.03450 3.212600000000 
0.03500 3.100880000000 
0.03550 2.989720000000 
0.03600 2.891360000000 
0.03650 2.793000000000 
0.03700 2.694640000000 
0.03750 2.607260000000 
0.03800 2.520460000000 
0.03850 2.433660000000 
0.03900 2.355300000000 
0.03950 2.278540000000 
0.04000 2.201780000000 
0.04050 2.131300000000 
0.04100 2.063280000000 
0.04150 1.995250000000 
0.04200 1.931658000000 
0.04250 1.871256000000 
0.04300 1.810856000000 
0.04350 1.753322000000 
0.04400 1.699604000000 
0.04450 1.645886000000 
0.04500 1.593702000000 
0.04550 1.545844000000 
0.04600 1.497986000000 
0.04650 1.450542000000 
0.04700 1.407842000000 
0.04750 1.365144000000 
0.04800 1.322446000000 
0.04850 1.283762000000 
0.04900 1.245612000000 
0.04950 1.207460000000 
0.05000 1.172008000000 
0.05050 1.137874000000 
0.05100 1.103742000000 
0.05150 1.071192000000 
0.05200 1.040616000000 
0.05250 1.010042000000 
0.05300 0.980108000000 
0.05350 0.952686000000 
0.05400 0.925264000000 
0.05450 0.897842000000 
0.05500 0.873072000000 
0.05550 0.848452000000 
0.05600 0.823832000000 
0.05650 0.800892000000 
0.05700 0.778762000000 
0.05750 0.756634000000 
0.05800 0.735364000000 
0.05850 0.715454000000 
0.05900 0.695544000000 
0.05950 0.675802000000 
0.06000 0.657872000000 
0.06050 0.639942000000 
0.06100 0.622012000000 
0.06150 0.605436000000 
0.06200 0.589272000000 
0.06250 0.573108000000 
0.06300 0.557628000000 
0.06350 0.543046000000 
0.06400 0.528462000000 
0.06450 0.513998000000 
0.06500 0.500828000000 
0.06550 0.487660000000 
0.06600 0.474490000000 
0.06650 0.462232000000 
0.06700 0.450330000000 
0.06750 0.438428000000 
0.06800 0.426912000000 
0.06850 0.416144000000 
0.06900 0.405378000000 
0.06950 0.394610000000 
0.07000 0.384806000000 
0.07050 0.375058000000 
0.07100 0.365312000000 
0.07150 0.356054000000 
0.07200 0.347224000000 
0.07250 0.338392000000 
0.07300 0.329652000000 
0.07350 0.321644000000 
0.07400 0.313636000000 
0.07450 0.305630000000 
0.07500 0.298118000000 
0.07550 0.290852000000 
0.07600 0.283586000000 
0.07650 0.276462000000 
0.07700 0.269864000000 
0.07750 0.263264000000 
0.07800 0.256666000000 
0.07850 0.250516000000 
0.07900 0.244518000000 
0.07950 0.238522000000 
0.08000 0.232668000000 
0.08050 0.227212000000 
0.08100 0.221758000000 
0.08150 0.216304000000 
0.08200 0.211224000000 
0.08250 0.206260000000 
0.08300 0.201294000000 
0.08350 0.196442000000 
0.08400 0.191920200000 
0.08450 0.187398400000 
0.08500 0.182876600000 
0.08550 0.178645600000 
0.08600 0.174523400000 
0.08650 0.170401400000 
0.08700 0.166348000000 
0.08750 0.162589000000 
0.08800 0.158830000000 
0.08850 0.155071000000 
0.08900 0.151520400000 
0.08950 0.148088400000 
0.09000 0.144656200000 
0.09050 0.141246000000 
0.09100 0.138111200000 
0.09150 0.134976600000 
0.09200 0.131842000000 
0.09250 0.128841000000 
0.09300 0.125975600000 
0.09350 0.123110000000 
0.09400 0.120244600000 
0.09450 0.117601600000 
0.09500 0.114980800000 
0.09550 0.112360200000 
0.09600 0.109807800000 
0.09650 0.107408400000 
0.09700 0.105009000000 
0.09750 0.102609600000 
0.09800 0.100351000000 
0.09850 0.098153800000 
0.09900 0.095956600000 
0.09950 0.093773200000 
0.10000 0.091759200000 
0.10050 0.089745400000 
0.10100 0.087731600000 
0.10150 0.085791400000 
0.10200 0.083944400000 
0.10250 0.082097600000 
0.10300 0.080250600000 
0.10350 0.078525000000 
0.10400 0.076830200000 
0.10450 0.075135200000 
0.10500 0.073460600000 
0.10550 0.071904200000 
0.10600 0.070348000000 
0.10650 0.068791600000 
0.10700 0.067296400000 
0.10750 0.065866600000 
0.10800 0.064436800000 
0.10850 0.063007000000 
0.10900 0.061670800000 
0.10950 0.060356400000 
0.11000 0.059042000000 
0.11050 0.057741200000 
0.11100 0.056531800000 
0.11150 0.055322600000 
0.11200 0.054113200000 
0.11250 0.052946400000 
0.11300 0.051834200000 
0.11350 0.050721800000 
0.11400 0.049609400000 
0.11450 0.048562000000 
0.11500 0.047537600000 
0.11550 0.046513200000 
0.11600 0.045491200000 
0.11650 0.044547600000 
0.11700 0.043604000000 
0.11750 0.042660400000 
0.11800 0.041740200000 
0.11850 0.040870400000 
0.11900 0.040000600000 
0.11950 0.039130600000 
0.12000 0.038301400000 
0.12050 0.037500000000 
0.12100 0.036698600000 
0.12150 0.035897200000 
0.12200 0.035149200000 
0.12250 0.034409800000 
0.12300 0.033670400000 
0.12350 0.032938000000 
0.12400 0.032255600000 
0.12450 0.031573400000 
0.12500 0.030891000000 
0.12550 0.030228200000 
0.12600 0.029598800000 
0.12650 0.028969200000 
0.12700 0.028339800000 
0.12750 0.027740000000 
0.12800 0.027159200000 
0.12850 0.026578200000 
0.12900 0.025997400000 
0.12950 0.025454200000 
0.13000 0.024917600000 
0.13050 0.024381000000 
0.13100 0.023847800000 
0.13150 0.023352400000 
0.13200 0.022857200000 
0.13250 0.022361800000 
0.13300 0.021877800000 
0.13350 0.021420200000 
0.13400 0.020962600000 
0.13450 0.020505000000 
0.13500 0.020065200000 
0.13550 0.019642340000 
0.13600 0.019219560000 
0.13650 0.018796800000 
0.13700 0.018397020000 
0.13750 0.018006700000 
0.13800 0.017616380000 
0.13850 0.017226060000 
0.13900 0.016862500000 
0.13950 0.016501860000 
0.14000 0.016141220000 
0.14050 0.015782980000 
0.14100 0.015450060000 
0.14150 0.015117160000 
0.14200 0.014784260000 
0.14250 0.014457980000 
0.14300 0.014150460000 
0.14350 0.013842920000 
0.14400 0.013535400000 
0.14450 0.013237880000 
0.14500 0.012953840000 
0.14550 0.012669800000 
0.14600 0.012385760000 
0.14650 0.012114380000 
0.14700 0.011852100000 
0.14750 0.011589820000 
0.14800 0.011327540000 
0.14850 0.011080060000 
0.14900 0.010838180000 
0.14950 0.010596320000 
0.15000 0.010354440000 
0.15050 0.010128620000 
0.15100 0.009905400000 
0.15150 0.009682200000 
0.15200 0.009459000000 
0.15250 0.009252780000 
0.15300 0.009046880000 
0.15350 0.008840980000 
0.15400 0.008636600000 
0.15450 0.008446980000 
0.15500 0.008257340000 
0.15550 0.008067720000 
0.15600 0.007880940000 
0.15650 0.007706180000 
0.15700 0.007531420000 
0.15750 0.007356680000 
0.15800 0.007185680000 
0.15850 0.007024520000 
0.15900 0.006863360000 
0.15950 0.006702180000 
0.16000 0.006545580000 
0.16050 0.006397420000 
0.16100 0.006249260000 
0.16150 0.006101100000 
0.16200 0.005957820000 
0.16250 0.005821520000 
0.16300 0.005685220000 
0.16350 0.005548920000 
0.16400 0.005417660000 
0.16450 0.005292380000 
0.16500 0.005167080000 
0.16550 0.005041800000 
0.16600 0.004921580000 
0.16650 0.004806660000 
0.16700 0.004691740000 
0.16750 0.004576840000 
0.16800 0.004466620000 
0.16850 0.004360980000 
0.16900 0.004255340000 
0.16950 0.004149720000 
0.17000 0.004048640000 
0.17050 0.003951920000 
0.17100 0.003855200000 
0.17150 0.003758480000 
0.17200 0.003665740000 
0.17250 0.003576960000 
0.17300 0.003488200000 
0.17350 0.003399420000 
0.17400 0.003314220000 
0.17450 0.003232960000 
0.17500 0.003151700000 
0.17550 0.003070440000 
0.17600 0.002992260000 
0.17650 0.002918080000 
0.17700 0.002843920000 
0.17750 0.002769740000 
0.17800 0.002697980000 
0.17850 0.002630220000 
0.17900 0.002562460000 
0.17950 0.002494700000 
0.18000 0.002428720000 
0.18050 0.002366740000 
0.18100 0.002304780000 
0.18150 0.002242820000 
0.18200 0.002182080000 
0.18250 0.002125580000 
0.18300 0.002069100000 
0.18350 0.002012600000 
0.18400 0.001956770000 
0.18450 0.001905440000 
0.18500 0.001854112000 
0.18550 0.001802784000 
0.18600 0.001751524000 
0.18650 0.001704734000 
0.18700 0.001657944000 
0.18750 0.001611154000 
0.18800 0.001564364000 
0.18850 0.001521484000 
0.18900 0.001479076000 
0.18950 0.001436668000 
0.19000 0.001394260000 
0.19050 0.001354764000 
0.19100 0.001316192000 
0.19150 0.001277622000 
0.19200 0.001239052000 
0.19250 0.001202708000 
0.19300 0.001167760000 
0.19350 0.001132810000 
0.19400 0.001097862000 
0.19450 0.001064450000 
0.19500 0.001032826000 
0.19550 0.001001202000 
0.19600 0.000969576000 
0.19650 0.000938880000 
0.19700 0.000910306000 
0.19750 0.000881730000 
0.19800 0.000853154000 
0.19850 0.000824976000 
0.19900 0.000799194000 
0.19950 0.000773412000 
0.20000 0.000747632000 
0.20050 0.000721850000 
0.20100 0.000698504000 
0.20150 0.000675214000 
0.20200 0.000651922000 
0.20250 0.000628632000 
0.20300 0.000607306000 
0.20350 0.000586430000 
0.20400 0.000565552000 
0.20450 0.000544676000 
0.20500 0.000525160000 
0.20550 0.000506366000 
0.20600 0.000487570000 
0.20650 0.000468774000 
0.20700 0.000450994000 
0.20750 0.000434220000 
0.20800 0.000417446000 
0.20850 0.000400670000 
0.20900 0.000384524000 
0.20950 0.000369486000 
0.21000 0.000354450000 
0.21050 0.000339412000 
0.21100 0.000324752000 
0.21150 0.000311310000 
0.21200 0.000297868000 
0.21250 0.000284426000 
0.21300 0.000271190000 
0.21350 0.000259304000 
0.21400 0.000247416000 
0.21450 0.000235528000 
0.21500 0.000223714000 
0.21550 0.000213162000 
0.21600 0.000202612000 
0.21650 0.000192060200 
0.21700 0.000181521400 
0.21750 0.000172277600 
0.21800 0.000163033800 
0.21850 0.000153789800 
0.21900 0.000144548800 
0.21950 0.000136435200 
0.22000 0.000128321800 
0.22050 0.000120208400 
0.22100 0.000112138200 
0.22150 0.000105078800 
0.22200 0.000098019200 
0.22250 0.000090959800 
0.22300 0.000084039600 
0.22350 0.000078022600 
0.22400 0.000072005600 
0.22450 0.000065988600 
0.22500 0.000060238800 
0.22550 0.000055149000 
0.22600 0.000050059200 
0.22650 0.000044969400 
0.22700 0.000040348600 
0.22750 0.000036171400 
0.22800 0.000031994200 
0.22850 0.000027817000 
0.22900 0.000024368200 
0.22950 0.000021077400 
0.23000 0.000017786620 
0.23050 0.000014689080 
0.23100 0.000012270480 
0.23150 0.000009851860 
0.23200 0.000007433240 
0.23250 0.000005679560 
0.23300 0.000004177220 
0.23350 0.000002674860 
