0.00000 191.406400000000 
0.00050 173.440800000000 
0.00100 155.475000000000 
0.00150 137.509200000000 
0.00200 119.543600000000 
0.00250 106.457400000000 
0.00300 94.827200000000 
0.00350 85.087800000000 
0.00400 77.096800000000 
0.00450 69.535800000000 
0.00500 63.820600000000 
0.00550 58.105600000000 
0.00600 53.570400000000 
0.00650 49.357800000000 
0.00700 45.470400000000 
0.00750 42.289800000000 
0.00800 39.109200000000 
0.00850 36.502000000000 
0.00900 34.052600000000 
0.00950 31.708600000000 
0.01000 29.790400000000 
0.01050 27.872000000000 
0.01100 26.175600000000 
0.01150 24.651400000000 
0.01200 23.127400000000 
0.01250 21.865800000000 
0.01300 20.639600000000 
0.01350 19.449540000000 
0.01400 18.452180000000 
0.01450 17.454820000000 
0.01500 16.528000000000 
0.01550 15.708760000000 
0.01600 14.889520000000 
0.01650 14.154520000000 
0.01700 13.475700000000 
0.01750 12.796900000000 
0.01800 12.204480000000 
0.01850 11.637620000000 
0.01900 11.070760000000 
0.01950 10.586340000000 
0.02000 10.109620000000 
0.02050 9.635120000000 
0.02100 9.231680000000 
0.02150 8.828220000000 
0.02200 8.432020000000 
0.02250 8.088600000000 
0.02300 7.745160000000 
0.02350 7.411080000000 
0.02400 7.117220000000 
0.02450 6.823360000000 
0.02500 6.539160000000 
0.02550 6.286500000000 
0.02600 6.033860000000 
0.02650 5.790180000000 
0.02700 5.572000000000 
0.02750 5.353840000000 
0.02800 5.143420000000 
0.02850 4.954280000000 
0.02900 4.765140000000 
0.02950 4.582280000000 
0.03000 4.417700000000 
0.03050 4.253120000000 
0.03100 4.093280000000 
0.03150 3.949620000000 
0.03200 3.805940000000 
0.03250 3.665500000000 
0.03300 3.539680000000 
0.03350 3.413860000000 
0.03400 3.289880000000 
0.03450 3.179400000000 
0.03500 3.068920000000 
0.03550 2.958980000000 
0.03600 2.861720000000 
0.03650 2.764440000000 
0.03700 2.667160000000 
0.03750 2.580740000000 
0.03800 2.494900000000 
0.03850 2.409040000000 
0.03900 2.331540000000 
0.03950 2.255620000000 
0.04000 2.179680000000 
0.04050 2.109960000000 
0.04100 2.042680000000 
0.04150 1.975382000000 
0.04200 1.912472000000 
0.04250 1.852716000000 
0.04300 1.792962000000 
0.04350 1.736040000000 
0.04400 1.682892000000 
0.04450 1.629742000000 
0.04500 1.578112000000 
0.04550 1.530758000000 
0.04600 1.483404000000 
0.04650 1.436458000000 
0.04700 1.394204000000 
0.04750 1.351952000000 
0.04800 1.309698000000 
0.04850 1.271418000000 
0.04900 1.233662000000 
0.04950 1.195906000000 
0.05000 1.160818000000 
0.05050 1.127036000000 
0.05100 1.093254000000 
0.05150 1.061038000000 
0.05200 1.030776000000 
0.05250 1.000512000000 
0.05300 0.970884000000 
0.05350 0.943740000000 
0.05400 0.916596000000 
0.05450 0.889452000000 
0.05500 0.864930000000 
0.05550 0.840558000000 
0.05600 0.816186000000 
0.05650 0.793474000000 
0.05700 0.771566000000 
0.05750 0.749658000000 
0.05800 0.728600000000 
0.05850 0.708888000000 
0.05900 0.689176000000 
0.05950 0.669628000000 
0.06000 0.651874000000 
0.06050 0.634120000000 
0.06100 0.616366000000 
0.06150 0.599952000000 
0.06200 0.583946000000 
0.06250 0.567940000000 
0.06300 0.552612000000 
0.06350 0.538170000000 
0.06400 0.523728000000 
0.06450 0.509404000000 
0.06500 0.496362000000 
0.06550 0.483318000000 
0.06600 0.470276000000 
0.06650 0.458136000000 
0.06700 0.446346000000 
0.06750 0.434558000000 
0.06800 0.423152000000 
0.06850 0.412486000000 
0.06900 0.401822000000 
0.06950 0.391156000000 
0.07000 0.381446000000 
0.07050 0.371790000000 
0.07100 0.362134000000 
0.07150 0.352964000000 
0.07200 0.344216000000 
0.07250 0.335466000000 
0.07300 0.326808000000 
0.07350 0.318874000000 
0.07400 0.310942000000 
0.07450 0.303008000000 
0.07500 0.295566000000 
0.07550 0.288368000000 
0.07600 0.281168000000 
0.07650 0.274110000000 
0.07700 0.267572000000 
0.07750 0.261034000000 
0.07800 0.254496000000 
0.07850 0.248402000000 
0.07900 0.242458000000 
0.07950 0.236516000000 
0.08000 0.230714000000 
0.08050 0.225310000000 
0.08100 0.219904000000 
0.08150 0.214500000000 
0.08200 0.209466000000 
0.08250 0.204546000000 
0.08300 0.199624800000 
0.08350 0.194815400000 
0.08400 0.190333800000 
0.08450 0.185852200000 
0.08500 0.181370600000 
0.08550 0.177177000000 
0.08600 0.173091400000 
0.08650 0.169005800000 
0.08700 0.164988200000 
0.08750 0.161262200000 
0.08800 0.157536400000 
0.08850 0.153810400000 
0.08900 0.150290800000 
0.08950 0.146888600000 
0.09000 0.143486600000 
0.09050 0.140106000000 
0.09100 0.136998400000 
0.09150 0.133891000000 
0.09200 0.130783600000 
0.09250 0.127808600000 
0.09300 0.124967600000 
0.09350 0.122126800000 
0.09400 0.119286000000 
0.09450 0.116665600000 
0.09500 0.114067400000 
0.09550 0.111469200000 
0.09600 0.108938600000 
0.09650 0.106559400000 
0.09700 0.104180400000 
0.09750 0.101801400000 
0.09800 0.099562000000 
0.09850 0.097383400000 
0.09900 0.095204600000 
0.09950 0.093039600000 
0.10000 0.091042600000 
0.10050 0.089045600000 
0.10100 0.087048600000 
0.10150 0.085124800000 
0.10200 0.083293200000 
0.10250 0.081461600000 
0.10300 0.079630000000 
0.10350 0.077918800000 
0.10400 0.076238000000 
0.10450 0.074557200000 
0.10500 0.072896200000 
0.10550 0.071352800000 
0.10600 0.069809200000 
0.10650 0.068265800000 
0.10700 0.066782800000 
0.10750 0.065364600000 
0.10800 0.063946600000 
0.10850 0.062528400000 
0.10900 0.061203000000 
0.10950 0.059899400000 
0.11000 0.058595600000 
0.11050 0.057305400000 
0.11100 0.056105800000 
0.11150 0.054906200000 
0.11200 0.053706600000 
0.11250 0.052549200000 
0.11300 0.051445800000 
0.11350 0.050342400000 
0.11400 0.049239000000 
0.11450 0.048200000000 
0.11500 0.047183600000 
0.11550 0.046167400000 
0.11600 0.045153600000 
0.11650 0.044217400000 
0.11700 0.043281400000 
0.11750 0.042345200000 
0.11800 0.041432200000 
0.11850 0.040569200000 
0.11900 0.039706200000 
0.11950 0.038843200000 
0.12000 0.038020400000 
0.12050 0.037225200000 
0.12100 0.036430200000 
0.12150 0.035635000000 
0.12200 0.034892800000 
0.12250 0.034159200000 
0.12300 0.033425600000 
0.12350 0.032698800000 
0.12400 0.032021800000 
0.12450 0.031344800000 
0.12500 0.030667600000 
0.12550 0.030010000000 
0.12600 0.029385400000 
0.12650 0.028760600000 
0.12700 0.028136000000 
0.12750 0.027541000000 
0.12800 0.026964400000 
0.12850 0.026388000000 
0.12900 0.025811400000 
0.12950 0.025272400000 
0.13000 0.024740000000 
0.13050 0.024207400000 
0.13100 0.023678200000 
0.13150 0.023186600000 
0.13200 0.022695000000 
0.13250 0.022203600000 
0.13300 0.021723000000 
0.13350 0.021268800000 
0.13400 0.020814800000 
0.13450 0.020360600000 
0.13500 0.019923940000 
0.13550 0.019504320000 
0.13600 0.019084700000 
0.13650 0.018665060000 
0.13700 0.018268260000 
0.13750 0.017880820000 
0.13800 0.017493400000 
0.13850 0.017105960000 
0.13900 0.016745080000 
0.13950 0.016387100000 
0.14000 0.016029120000 
0.14050 0.015673500000 
0.14100 0.015343020000 
0.14150 0.015012560000 
0.14200 0.014682100000 
0.14250 0.014358200000 
0.14300 0.014052900000 
0.14350 0.013747600000 
0.14400 0.013442320000 
0.14450 0.013146960000 
0.14500 0.012864980000 
0.14550 0.012583000000 
0.14600 0.012301000000 
0.14650 0.012031560000 
0.14700 0.011771180000 
0.14750 0.011510780000 
0.14800 0.011250380000 
0.14850 0.011004680000 
0.14900 0.010764540000 
0.14950 0.010524400000 
0.15000 0.010284260000 
0.15050 0.010060040000 
0.15100 0.009838420000 
0.15150 0.009616800000 
0.15200 0.009395180000 
0.15250 0.009190420000 
0.15300 0.008985980000 
0.15350 0.008781540000 
0.15400 0.008578600000 
0.15450 0.008390300000 
0.15500 0.008202000000 
0.15550 0.008013720000 
0.15600 0.007828240000 
0.15650 0.007654720000 
0.15700 0.007481180000 
0.15750 0.007307640000 
0.15800 0.007137860000 
0.15850 0.006977800000 
0.15900 0.006817760000 
0.15950 0.006657720000 
0.16000 0.006502200000 
0.16050 0.006355060000 
0.16100 0.006207920000 
0.16150 0.006060780000 
0.16200 0.005918480000 
0.16250 0.005783140000 
0.16300 0.005647780000 
0.16350 0.005512420000 
0.16400 0.005382060000 
0.16450 0.005257620000 
0.16500 0.005133180000 
0.16550 0.005008760000 
0.16600 0.004889360000 
0.16650 0.004775220000 
0.16700 0.004661100000 
0.16750 0.004546960000 
0.16800 0.004437500000 
0.16850 0.004332580000 
0.16900 0.004227660000 
0.16950 0.004122740000 
0.17000 0.004022340000 
0.17050 0.003926280000 
0.17100 0.003830200000 
0.17150 0.003734140000 
0.17200 0.003642020000 
0.17250 0.003553840000 
0.17300 0.003465680000 
0.17350 0.003377500000 
0.17400 0.003292860000 
0.17450 0.003212140000 
0.17500 0.003131440000 
0.17550 0.003050720000 
0.17600 0.002973040000 
0.17650 0.002899360000 
0.17700 0.002825680000 
0.17750 0.002752000000 
0.17800 0.002680720000 
0.17850 0.002613420000 
0.17900 0.002546100000 
0.17950 0.002478780000 
0.18000 0.002413240000 
0.18050 0.002351680000 
0.18100 0.002290120000 
0.18150 0.002228560000 
0.18200 0.002168220000 
0.18250 0.002112100000 
0.18300 0.002055980000 
0.18350 0.001999860000 
0.18400 0.001944386000 
0.18450 0.001893392000 
0.18500 0.001842398000 
0.18550 0.001791402000 
0.18600 0.001740476000 
0.18650 0.001693990000 
0.18700 0.001647502000 
0.18750 0.001601016000 
0.18800 0.001554530000 
0.18850 0.001511926000 
0.18900 0.001469792000 
0.18950 0.001427660000 
0.19000 0.001385526000 
0.19050 0.001346282000 
0.19100 0.001307960000 
0.19150 0.001269636000 
0.19200 0.001231314000 
0.19250 0.001195202000 
0.19300 0.001160478000 
0.19350 0.001125752000 
0.19400 0.001091026000 
0.19450 0.001057830000 
0.19500 0.001026406000 
0.19550 0.000994982000 
0.19600 0.000963560000 
0.19650 0.000933058000 
0.19700 0.000904664000 
0.19750 0.000876270000 
0.19800 0.000847876000 
0.19850 0.000819876000 
0.19900 0.000794258000 
0.19950 0.000768638000 
0.20000 0.000743020000 
0.20050 0.000717402000 
0.20100 0.000694202000 
0.20150 0.000671058000 
0.20200 0.000647914000 
0.20250 0.000624770000 
0.20300 0.000603578000 
0.20350 0.000582830000 
0.20400 0.000562084000 
0.20450 0.000541338000 
0.20500 0.000521946000 
0.20550 0.000503268000 
0.20600 0.000484590000 
0.20650 0.000465910000 
0.20700 0.000448242000 
0.20750 0.000431570000 
0.20800 0.000414900000 
0.20850 0.000398230000 
0.20900 0.000382184000 
0.20950 0.000367238000 
0.21000 0.000352294000 
0.21050 0.000337350000 
0.21100 0.000322780000 
0.21150 0.000309422000 
0.21200 0.000296062000 
0.21250 0.000282704000 
0.21300 0.000269550000 
0.21350 0.000257734000 
0.21400 0.000245920000 
0.21450 0.000234104000 
0.21500 0.000222364000 
0.21550 0.000211876000 
0.21600 0.000201390000 
0.21650 0.000190903000 
0.21700 0.000180428600 
0.21750 0.000171241000 
0.21800 0.000162053400 
0.21850 0.000152865800 
0.21900 0.000143680800 
0.21950 0.000135616600 
0.22000 0.000127552200 
0.22050 0.000119488000 
0.22100 0.000111466600 
0.22150 0.000104449800 
0.22200 0.000097433000 
0.22250 0.000090416200 
0.22300 0.000083537600 
0.22350 0.000077556800 
0.22400 0.000071576200 
0.22450 0.000065595400 
0.22500 0.000059880000 
0.22550 0.000054820600 
0.22600 0.000049761400 
0.22650 0.000044702000 
0.22700 0.000040109000 
0.22750 0.000035956800 
0.22800 0.000031804400 
0.22850 0.000027652200 
0.22900 0.000024223800 
0.22950 0.000020952600 
0.23000 0.000017681360 
0.23050 0.000014602240 
0.23100 0.000012197960 
0.23150 0.000009793660 
0.23200 0.000007389380 
0.23250 0.000005646060 
0.23300 0.000004152580 
0.23350 0.000002659120 
