0.00000 188.753200000000 
0.00050 171.043600000000 
0.00100 153.334000000000 
0.00150 135.624400000000 
0.00200 117.914800000000 
0.00250 105.014400000000 
0.00300 93.549000000000 
0.00350 83.947000000000 
0.00400 76.068200000000 
0.00450 68.613200000000 
0.00500 62.977600000000 
0.00550 57.342000000000 
0.00600 52.869400000000 
0.00650 48.714800000000 
0.00700 44.880800000000 
0.00750 41.743800000000 
0.00800 38.606600000000 
0.00850 36.034800000000 
0.00900 33.618400000000 
0.00950 31.306200000000 
0.01000 29.413600000000 
0.01050 27.521000000000 
0.01100 25.847000000000 
0.01150 24.343200000000 
0.01200 22.839400000000 
0.01250 21.594400000000 
0.01300 20.384400000000 
0.01350 19.210020000000 
0.01400 18.225680000000 
0.01450 17.241340000000 
0.01500 16.326580000000 
0.01550 15.517940000000 
0.01600 14.709320000000 
0.01650 13.983780000000 
0.01700 13.313680000000 
0.01750 12.643580000000 
0.01800 12.058720000000 
0.01850 11.499080000000 
0.01900 10.939420000000 
0.01950 10.461120000000 
0.02000 9.990420000000 
0.02050 9.521920000000 
0.02100 9.123500000000 
0.02150 8.725100000000 
0.02200 8.333860000000 
0.02250 7.994700000000 
0.02300 7.655520000000 
0.02350 7.325580000000 
0.02400 7.035340000000 
0.02450 6.745100000000 
0.02500 6.464400000000 
0.02550 6.214820000000 
0.02600 5.965260000000 
0.02650 5.724560000000 
0.02700 5.509020000000 
0.02750 5.293500000000 
0.02800 5.085640000000 
0.02850 4.898760000000 
0.02900 4.711900000000 
0.02950 4.531220000000 
0.03000 4.368620000000 
0.03050 4.206000000000 
0.03100 4.048060000000 
0.03150 3.906080000000 
0.03200 3.764120000000 
0.03250 3.625340000000 
0.03300 3.501000000000 
0.03350 3.376660000000 
0.03400 3.254140000000 
0.03450 3.144940000000 
0.03500 3.035740000000 
0.03550 2.927080000000 
0.03600 2.830940000000 
0.03650 2.734780000000 
0.03700 2.638640000000 
0.03750 2.553200000000 
0.03800 2.468340000000 
0.03850 2.383480000000 
0.03900 2.306860000000 
0.03950 2.231800000000 
0.04000 2.156720000000 
0.04050 2.087800000000 
0.04100 2.021260000000 
0.04150 1.954732000000 
0.04200 1.892528000000 
0.04250 1.833444000000 
0.04300 1.774358000000 
0.04350 1.718074000000 
0.04400 1.665516000000 
0.04450 1.612958000000 
0.04500 1.561898000000 
0.04550 1.515068000000 
0.04600 1.468236000000 
0.04650 1.421808000000 
0.04700 1.380018000000 
0.04750 1.338228000000 
0.04800 1.296438000000 
0.04850 1.258574000000 
0.04900 1.221228000000 
0.04950 1.183882000000 
0.05000 1.149174000000 
0.05050 1.115758000000 
0.05100 1.082340000000 
0.05150 1.050470000000 
0.05200 1.020532000000 
0.05250 0.990592000000 
0.05300 0.961282000000 
0.05350 0.934426000000 
0.05400 0.907570000000 
0.05450 0.880714000000 
0.05500 0.856452000000 
0.05550 0.832338000000 
0.05600 0.808222000000 
0.05650 0.785750000000 
0.05700 0.764070000000 
0.05750 0.742392000000 
0.05800 0.721554000000 
0.05850 0.702046000000 
0.05900 0.682540000000 
0.05950 0.663196000000 
0.06000 0.645626000000 
0.06050 0.628056000000 
0.06100 0.610484000000 
0.06150 0.594238000000 
0.06200 0.578396000000 
0.06250 0.562554000000 
0.06300 0.547382000000 
0.06350 0.533088000000 
0.06400 0.518794000000 
0.06450 0.504616000000 
0.06500 0.491704000000 
0.06550 0.478792000000 
0.06600 0.465882000000 
0.06650 0.453864000000 
0.06700 0.442194000000 
0.06750 0.430522000000 
0.06800 0.419230000000 
0.06850 0.408672000000 
0.06900 0.398114000000 
0.06950 0.387554000000 
0.07000 0.377940000000 
0.07050 0.368380000000 
0.07100 0.358818000000 
0.07150 0.349740000000 
0.07200 0.341076000000 
0.07250 0.332414000000 
0.07300 0.323840000000 
0.07350 0.315984000000 
0.07400 0.308128000000 
0.07450 0.300272000000 
0.07500 0.292904000000 
0.07550 0.285774000000 
0.07600 0.278644000000 
0.07650 0.271656000000 
0.07700 0.265180000000 
0.07750 0.258704000000 
0.07800 0.252228000000 
0.07850 0.246194000000 
0.07900 0.240308000000 
0.07950 0.234422000000 
0.08000 0.228676000000 
0.08050 0.223322000000 
0.08100 0.217968000000 
0.08150 0.212614000000 
0.08200 0.207628000000 
0.08250 0.202754000000 
0.08300 0.197880000000 
0.08350 0.193116000000 
0.08400 0.188676400000 
0.08450 0.184236800000 
0.08500 0.179797200000 
0.08550 0.175642800000 
0.08600 0.171595000000 
0.08650 0.167547400000 
0.08700 0.163567200000 
0.08750 0.159875800000 
0.08800 0.156184200000 
0.08850 0.152492800000 
0.08900 0.149005600000 
0.08950 0.145634600000 
0.09000 0.142263800000 
0.09050 0.138914200000 
0.09100 0.135835000000 
0.09150 0.132756000000 
0.09200 0.129676800000 
0.09250 0.126728800000 
0.09300 0.123913800000 
0.09350 0.121098600000 
0.09400 0.118283600000 
0.09450 0.115686800000 
0.09500 0.113112000000 
0.09550 0.110537200000 
0.09600 0.108029200000 
0.09650 0.105671400000 
0.09700 0.103313800000 
0.09750 0.100956000000 
0.09800 0.098736600000 
0.09850 0.096577200000 
0.09900 0.094417800000 
0.09950 0.092272000000 
0.10000 0.090292800000 
0.10050 0.088313400000 
0.10100 0.086334000000 
0.10150 0.084427200000 
0.10200 0.082611600000 
0.10250 0.080796200000 
0.10300 0.078980600000 
0.10350 0.077284400000 
0.10400 0.075618200000 
0.10450 0.073952000000 
0.10500 0.072305600000 
0.10550 0.070775400000 
0.10600 0.069245200000 
0.10650 0.067715200000 
0.10700 0.066245000000 
0.10750 0.064839000000 
0.10800 0.063433200000 
0.10850 0.062027200000 
0.10900 0.060713200000 
0.10950 0.059420600000 
0.11000 0.058128200000 
0.11050 0.056848800000 
0.11100 0.055659600000 
0.11150 0.054470200000 
0.11200 0.053280800000 
0.11250 0.052133200000 
0.11300 0.051039200000 
0.11350 0.049945000000 
0.11400 0.048851000000 
0.11450 0.047820600000 
0.11500 0.046812800000 
0.11550 0.045805000000 
0.11600 0.044799800000 
0.11650 0.043871400000 
0.11700 0.042943200000 
0.11750 0.042015000000 
0.11800 0.041109400000 
0.11850 0.040253600000 
0.11900 0.039397800000 
0.11950 0.038542000000 
0.12000 0.037726000000 
0.12050 0.036937400000 
0.12100 0.036148800000 
0.12150 0.035360200000 
0.12200 0.034624000000 
0.12250 0.033896600000 
0.12300 0.033169000000 
0.12350 0.032448000000 
0.12400 0.031776600000 
0.12450 0.031105000000 
0.12500 0.030433400000 
0.12550 0.029781200000 
0.12600 0.029161600000 
0.12650 0.028542000000 
0.12700 0.027922400000 
0.12750 0.027332000000 
0.12800 0.026760200000 
0.12850 0.026188400000 
0.12900 0.025616600000 
0.12950 0.025081800000 
0.13000 0.024553600000 
0.13050 0.024025400000 
0.13100 0.023500200000 
0.13150 0.023012600000 
0.13200 0.022525000000 
0.13250 0.022037400000 
0.13300 0.021560600000 
0.13350 0.021110200000 
0.13400 0.020659600000 
0.13450 0.020209000000 
0.13500 0.019775800000 
0.13550 0.019359480000 
0.13600 0.018943160000 
0.13650 0.018526820000 
0.13700 0.018133120000 
0.13750 0.017748720000 
0.13800 0.017364320000 
0.13850 0.016979900000 
0.13900 0.016621840000 
0.13950 0.016266640000 
0.14000 0.015911420000 
0.14050 0.015558580000 
0.14100 0.015230660000 
0.14150 0.014902740000 
0.14200 0.014574820000 
0.14250 0.014253420000 
0.14300 0.013950480000 
0.14350 0.013647540000 
0.14400 0.013344580000 
0.14450 0.013051480000 
0.14500 0.012771660000 
0.14550 0.012491820000 
0.14600 0.012212000000 
0.14650 0.011944620000 
0.14700 0.011686200000 
0.14750 0.011427780000 
0.14800 0.011169360000 
0.14850 0.010925520000 
0.14900 0.010687180000 
0.14950 0.010448860000 
0.15000 0.010210540000 
0.15050 0.009988000000 
0.15100 0.009768040000 
0.15150 0.009548080000 
0.15200 0.009328140000 
0.15250 0.009124900000 
0.15300 0.008921980000 
0.15350 0.008719080000 
0.15400 0.008517640000 
0.15450 0.008330740000 
0.15500 0.008143860000 
0.15550 0.007956960000 
0.15600 0.007772880000 
0.15650 0.007600620000 
0.15700 0.007428360000 
0.15750 0.007256120000 
0.15800 0.007087580000 
0.15850 0.006928700000 
0.15900 0.006769840000 
0.15950 0.006610960000 
0.16000 0.006456600000 
0.16050 0.006310540000 
0.16100 0.006164460000 
0.16150 0.006018400000 
0.16200 0.005877160000 
0.16250 0.005742780000 
0.16300 0.005608400000 
0.16350 0.005474040000 
0.16400 0.005344620000 
0.16450 0.005221080000 
0.16500 0.005097540000 
0.16550 0.004974020000 
0.16600 0.004855480000 
0.16650 0.004742180000 
0.16700 0.004628860000 
0.16750 0.004515560000 
0.16800 0.004406880000 
0.16850 0.004302720000 
0.16900 0.004198540000 
0.16950 0.004094360000 
0.17000 0.003994700000 
0.17050 0.003899300000 
0.17100 0.003803920000 
0.17150 0.003708540000 
0.17200 0.003617080000 
0.17250 0.003529520000 
0.17300 0.003441980000 
0.17350 0.003354440000 
0.17400 0.003270400000 
0.17450 0.003190240000 
0.17500 0.003110100000 
0.17550 0.003029960000 
0.17600 0.002952840000 
0.17650 0.002879680000 
0.17700 0.002806520000 
0.17750 0.002733340000 
0.17800 0.002662580000 
0.17850 0.002595720000 
0.17900 0.002528880000 
0.17950 0.002462040000 
0.18000 0.002396940000 
0.18050 0.002335820000 
0.18100 0.002274680000 
0.18150 0.002213560000 
0.18200 0.002153640000 
0.18250 0.002097900000 
0.18300 0.002042180000 
0.18350 0.001986444000 
0.18400 0.001931352000 
0.18450 0.001880710000 
0.18500 0.001830068000 
0.18550 0.001779424000 
0.18600 0.001728850000 
0.18650 0.001682682000 
0.18700 0.001636514000 
0.18750 0.001590346000 
0.18800 0.001544178000 
0.18850 0.001501866000 
0.18900 0.001460022000 
0.18950 0.001418176000 
0.19000 0.001376330000 
0.19050 0.001337354000 
0.19100 0.001299292000 
0.19150 0.001261230000 
0.19200 0.001223168000 
0.19250 0.001187302000 
0.19300 0.001152812000 
0.19350 0.001118320000 
0.19400 0.001083830000 
0.19450 0.001050858000 
0.19500 0.001019646000 
0.19550 0.000988434000 
0.19600 0.000957224000 
0.19650 0.000926928000 
0.19700 0.000898724000 
0.19750 0.000870520000 
0.19800 0.000842318000 
0.19850 0.000814506000 
0.19900 0.000789058000 
0.19950 0.000763610000 
0.20000 0.000738164000 
0.20050 0.000712716000 
0.20100 0.000689672000 
0.20150 0.000666680000 
0.20200 0.000643690000 
0.20250 0.000620700000 
0.20300 0.000599650000 
0.20350 0.000579040000 
0.20400 0.000558432000 
0.20450 0.000537824000 
0.20500 0.000518558000 
0.20550 0.000500004000 
0.20600 0.000481448000 
0.20650 0.000462894000 
0.20700 0.000445342000 
0.20750 0.000428780000 
0.20800 0.000412218000 
0.20850 0.000395658000 
0.20900 0.000379718000 
0.20950 0.000364870000 
0.21000 0.000350024000 
0.21050 0.000335178000 
0.21100 0.000320704000 
0.21150 0.000307432000 
0.21200 0.000294160000 
0.21250 0.000280888000 
0.21300 0.000267820000 
0.21350 0.000256082000 
0.21400 0.000244344000 
0.21450 0.000232606000 
0.21500 0.000220940000 
0.21550 0.000210522000 
0.21600 0.000200102000 
0.21650 0.000189683400 
0.21700 0.000179277000 
0.21750 0.000170148600 
0.21800 0.000161020200 
0.21850 0.000151891800 
0.21900 0.000142766200 
0.21950 0.000134753800 
0.22000 0.000126741200 
0.22050 0.000118728600 
0.22100 0.000110759000 
0.22150 0.000103787000 
0.22200 0.000096815200 
0.22250 0.000089843200 
0.22300 0.000083008600 
0.22350 0.000077066000 
0.22400 0.000071123400 
0.22450 0.000065180600 
0.22500 0.000059501800 
0.22550 0.000054474600 
0.22600 0.000049447400 
0.22650 0.000044420200 
0.22700 0.000039856200 
0.22750 0.000035730200 
0.22800 0.000031604200 
0.22850 0.000027478400 
0.22900 0.000024071600 
0.22950 0.000020821000 
0.23000 0.000017570400 
0.23050 0.000014510680 
0.23100 0.000012121500 
0.23150 0.000009732320 
0.23200 0.000007343140 
0.23250 0.000005610740 
0.23300 0.000004126620 
0.23350 0.000002642500 
