0.00000 146.247000000000 
0.00050 126.192000000000 
0.00100 106.137000000000 
0.00150 86.082200000000 
0.00200 66.027200000000 
0.00250 53.190200000000 
0.00300 42.506800000000 
0.00350 34.274200000000 
0.00400 28.308000000000 
0.00450 22.813400000000 
0.00500 19.343500000000 
0.00550 15.873680000000 
0.00600 13.488820000000 
0.00650 11.400860000000 
0.00700 9.563240000000 
0.00750 8.269980000000 
0.00800 6.976720000000 
0.00850 6.053780000000 
0.00900 5.232640000000 
0.00950 4.468780000000 
0.01000 3.936060000000 
0.01050 3.403340000000 
0.01100 2.972160000000 
0.01150 2.619960000000 
0.01200 2.267740000000 
0.01250 2.017200000000 
0.01300 1.780414000000 
0.01350 1.555466000000 
0.01400 1.393870000000 
0.01450 1.232276000000 
0.01500 1.090418000000 
0.01550 0.978652000000 
0.01600 0.866888000000 
0.01650 0.775232000000 
0.01700 0.696990000000 
0.01750 0.618748000000 
0.01800 0.558154000000 
0.01850 0.502776000000 
0.01900 0.447398000000 
0.01950 0.406458000000 
0.02000 0.366868000000 
0.02050 0.327612000000 
0.02100 0.299052000000 
0.02150 0.270490000000 
0.02200 0.242870000000 
0.02250 0.222092000000 
0.02300 0.201314000000 
0.02350 0.181580600000 
0.02400 0.166347000000 
0.02450 0.151113400000 
0.02500 0.136815200000 
0.02550 0.125567200000 
0.02600 0.114319400000 
0.02650 0.103823600000 
0.02700 0.095463800000 
0.02750 0.087104000000 
0.02800 0.079307600000 
0.02850 0.073056200000 
0.02900 0.066805000000 
0.02950 0.060950200000 
0.03000 0.056249200000 
0.03050 0.051548200000 
0.03100 0.047107400000 
0.03150 0.043553600000 
0.03200 0.039999600000 
0.03250 0.036600600000 
0.03300 0.033900600000 
0.03350 0.031200800000 
0.03400 0.028577400000 
0.03450 0.026516800000 
0.03500 0.024456200000 
0.03550 0.022415800000 
0.03600 0.020836400000 
0.03650 0.019256900000 
0.03700 0.017677420000 
0.03750 0.016443500000 
0.03800 0.015227900000 
0.03850 0.014012320000 
0.03900 0.013029460000 
0.03950 0.012090340000 
0.04000 0.011151240000 
0.04050 0.010363820000 
0.04100 0.009635680000 
0.04150 0.008907560000 
0.04200 0.008273420000 
0.04250 0.007706940000 
0.04300 0.007140480000 
0.04350 0.006627360000 
0.04400 0.006185240000 
0.04450 0.005743100000 
0.04500 0.005326120000 
0.04550 0.004980000000 
0.04600 0.004633860000 
0.04650 0.004293680000 
0.04700 0.004021920000 
0.04750 0.003750140000 
0.04800 0.003478380000 
0.04850 0.003257640000 
0.04900 0.003043660000 
0.04950 0.002829700000 
0.05000 0.002645980000 
0.05050 0.002477040000 
0.05100 0.002308120000 
0.05150 0.002154880000 
0.05200 0.002021180000 
0.05250 0.001887480000 
0.05300 0.001759400000 
0.05350 0.001653324000 
0.05400 0.001547248000 
0.05450 0.001441172000 
0.05500 0.001355652000 
0.05550 0.001271292000 
0.05600 0.001186932000 
0.05650 0.001114118000 
0.05700 0.001046876000 
0.05750 0.000979634000 
0.05800 0.000917628000 
0.05850 0.000863912000 
0.05900 0.000810196000 
0.05950 0.000757386000 
0.06000 0.000714382000 
0.06050 0.000671380000 
0.06100 0.000628376000 
0.06150 0.000591892000 
0.06200 0.000557396000 
0.06250 0.000522898000 
0.06300 0.000491330000 
0.06350 0.000463600000 
0.06400 0.000435870000 
0.06450 0.000408592000 
0.06500 0.000386258000 
0.06550 0.000363924000 
0.06600 0.000341588000 
0.06650 0.000322358000 
0.06700 0.000304334000 
0.06750 0.000286310000 
0.06800 0.000269462000 
0.06850 0.000254890000 
0.06900 0.000240318000 
0.06950 0.000225748000 
0.07000 0.000213794000 
0.07050 0.000201990000 
0.07100 0.000190188200 
0.07150 0.000179577200 
0.07200 0.000170000200 
0.07250 0.000160423200 
0.07300 0.000151043800 
0.07350 0.000143259000 
0.07400 0.000135474200 
0.07450 0.000127689600 
0.07500 0.000120873600 
0.07550 0.000114534800 
0.07600 0.000108195800 
0.07650 0.000102108400 
0.07700 0.000096938000 
0.07750 0.000091767600 
0.07800 0.000086597200 
0.07850 0.000082132400 
0.07900 0.000077908000 
0.07950 0.000073683600 
0.08000 0.000069660600 
0.08050 0.000066203400 
0.08100 0.000062746200 
0.08150 0.000059289000 
0.08200 0.000056308400 
0.08250 0.000053474600 
0.08300 0.000050640800 
0.08350 0.000047935000 
0.08400 0.000045608400 
0.08450 0.000043281800 
0.08500 0.000040955200 
0.08550 0.000038929400 
0.08600 0.000037016200 
0.08650 0.000035103000 
0.08700 0.000033253600 
0.08750 0.000031678000 
0.08800 0.000030102200 
0.08850 0.000028526600 
0.08900 0.000027127000 
0.08950 0.000025827400 
0.09000 0.000024527600 
0.09050 0.000023244600 
0.09100 0.000022171000 
0.09150 0.000021097400 
0.09200 0.000020023800 
0.09250 0.000019042380 
0.09300 0.000018154220 
0.09350 0.000017266040 
0.09400 0.000016377880 
0.09450 0.000015628140 
0.09500 0.000014892300 
0.09550 0.000014156480 
0.09600 0.000013459320 
0.09650 0.000012848820 
0.09700 0.000012238340 
0.09750 0.000011627840 
0.09800 0.000011089360 
0.09850 0.000010582160 
0.09900 0.000010074940 
0.09950 0.000009574120 
0.10000 0.000009152140 
0.10050 0.000008730160 
0.10100 0.000008308200 
0.10150 0.000007917340 
0.10200 0.000007565800 
0.10250 0.000007214260 
0.10300 0.000006862720 
0.10350 0.000006557740 
0.10400 0.000006264480 
0.10450 0.000005971240 
0.10500 0.000005685020 
0.10550 0.000005440080 
0.10600 0.000005195140 
0.10650 0.000004950200 
0.10700 0.000004724600 
0.10750 0.000004519760 
0.10800 0.000004314920 
0.10850 0.000004110060 
0.10900 0.000003932220 
0.10950 0.000003760680 
0.11000 0.000003589160 
0.11050 0.000003421200 
0.11100 0.000003277400 
0.11150 0.000003133600 
0.11200 0.000002989800 
0.11250 0.000002856120 
0.11300 0.000002735440 
0.11350 0.000002614740 
0.11400 0.000002494040 
0.11450 0.000002387600 
0.11500 0.000002286180 
0.11550 0.000002184760 
0.11600 0.000002083840 
0.11650 0.000001998532 
0.11700 0.000001913218 
0.11750 0.000001827904 
0.11800 0.000001746834 
0.11850 0.000001674988 
0.11900 0.000001603142 
0.11950 0.000001531296 
0.12000 0.000001466118 
0.12050 0.000001405552 
0.12100 0.000001344986 
0.12150 0.000001284420 
0.12200 0.000001231976 
0.12250 0.000001180868 
0.12300 0.000001129758 
0.12350 0.000001079590 
0.12400 0.000001036420 
0.12450 0.000000993250 
0.12500 0.000000950078 
0.12550 0.000000909378 
0.12600 0.000000872878 
0.12650 0.000000836380 
0.12700 0.000000799882 
0.12750 0.000000766828 
0.12800 0.000000735942 
0.12850 0.000000705056 
0.12900 0.000000674170 
0.12950 0.000000647298 
0.13000 0.000000621140 
0.13050 0.000000594982 
0.13100 0.000000569128 
0.13150 0.000000546954 
0.13200 0.000000524782 
0.13250 0.000000502608 
0.13300 0.000000481430 
0.13350 0.000000462620 
0.13400 0.000000443808 
0.13450 0.000000424998 
0.13500 0.000000407628 
0.13550 0.000000391658 
0.13600 0.000000375690 
0.13650 0.000000359720 
0.13700 0.000000345454 
0.13750 0.000000331886 
0.13800 0.000000318320 
0.13850 0.000000304754 
0.13900 0.000000293022 
0.13950 0.000000281488 
0.14000 0.000000269954 
0.14050 0.000000258570 
0.14100 0.000000248758 
0.14150 0.000000238948 
0.14200 0.000000229136 
0.14250 0.000000219706 
0.14300 0.000000211356 
0.14350 0.000000203006 
0.14400 0.000000194654 
0.14450 0.000000186831 
0.14500 0.000000179719 
0.14550 0.000000172607 
0.14600 0.000000165494 
0.14650 0.000000158993 
0.14700 0.000000152933 
0.14750 0.000000146872 
0.14800 0.000000140812 
0.14850 0.000000135400 
0.14900 0.000000130234 
0.14950 0.000000125068 
0.15000 0.000000119902 
0.15050 0.000000115388 
0.15100 0.000000110982 
0.15150 0.000000106576 
0.15200 0.000000102169 
0.15250 0.000000098398 
0.15300 0.000000094638 
0.15350 0.000000090878 
0.15400 0.000000087169 
0.15450 0.000000083960 
0.15500 0.000000080751 
0.15550 0.000000077543 
0.15600 0.000000074423 
0.15650 0.000000071683 
0.15700 0.000000068943 
0.15750 0.000000066203 
0.15800 0.000000063574 
0.15850 0.000000061233 
0.15900 0.000000058893 
0.15950 0.000000056552 
0.16000 0.000000054331 
0.16050 0.000000052331 
0.16100 0.000000050332 
0.16150 0.000000048332 
0.16200 0.000000046452 
0.16250 0.000000044743 
0.16300 0.000000043035 
0.16350 0.000000041326 
0.16400 0.000000039731 
0.16450 0.000000038270 
0.16500 0.000000036809 
0.16550 0.000000035349 
0.16600 0.000000033992 
0.16650 0.000000032743 
0.16700 0.000000031495 
0.16750 0.000000030247 
0.16800 0.000000029090 
0.16850 0.000000028022 
0.16900 0.000000026954 
0.16950 0.000000025886 
0.17000 0.000000024898 
0.17050 0.000000023985 
0.17100 0.000000023072 
0.17150 0.000000022159 
0.17200 0.000000021312 
0.17250 0.000000020531 
0.17300 0.000000019750 
0.17350 0.000000018969 
0.17400 0.000000018242 
0.17450 0.000000017574 
0.17500 0.000000016906 
0.17550 0.000000016238 
0.17600 0.000000015612 
0.17650 0.000000015041 
0.17700 0.000000014470 
0.17750 0.000000013898 
0.17800 0.000000013358 
0.17850 0.000000012870 
0.17900 0.000000012381 
0.17950 0.000000011893 
0.18000 0.000000011426 
0.18050 0.000000011008 
0.18100 0.000000010590 
0.18150 0.000000010172 
0.18200 0.000000009767 
0.18250 0.000000009409 
0.18300 0.000000009052 
0.18350 0.000000008694 
0.18400 0.000000008343 
0.18450 0.000000008037 
0.18500 0.000000007732 
0.18550 0.000000007426 
0.18600 0.000000007121 
0.18650 0.000000006860 
0.18700 0.000000006598 
0.18750 0.000000006336 
0.18800 0.000000006075 
0.18850 0.000000005847 
0.18900 0.000000005624 
0.18950 0.000000005400 
0.19000 0.000000005177 
0.19050 0.000000004978 
0.19100 0.000000004787 
0.19150 0.000000004595 
0.19200 0.000000004404 
0.19250 0.000000004230 
0.19300 0.000000004067 
0.19350 0.000000003903 
0.19400 0.000000003740 
0.19450 0.000000003587 
0.19500 0.000000003448 
0.19550 0.000000003308 
0.19600 0.000000003169 
0.19650 0.000000003035 
0.19700 0.000000002916 
0.19750 0.000000002797 
0.19800 0.000000002677 
0.19850 0.000000002561 
0.19900 0.000000002459 
0.19950 0.000000002357 
0.20000 0.000000002255 
0.20050 0.000000002154 
0.20100 0.000000002066 
0.20150 0.000000001979 
0.20200 0.000000001892 
0.20250 0.000000001805 
0.20300 0.000000001729 
0.20350 0.000000001655 
0.20400 0.000000001581 
0.20450 0.000000001507 
0.20500 0.000000001440 
0.20550 0.000000001377 
0.20600 0.000000001314 
0.20650 0.000000001251 
0.20700 0.000000001192 
0.20750 0.000000001139 
0.20800 0.000000001085 
0.20850 0.000000001031 
0.20900 0.000000000981 
0.20950 0.000000000935 
0.21000 0.000000000890 
0.21050 0.000000000844 
0.21100 0.000000000800 
0.21150 0.000000000761 
0.21200 0.000000000722 
0.21250 0.000000000684 
0.21300 0.000000000646 
0.21350 0.000000000613 
0.21400 0.000000000580 
0.21450 0.000000000547 
0.21500 0.000000000515 
0.21550 0.000000000487 
0.21600 0.000000000460 
0.21650 0.000000000432 
0.21700 0.000000000405 
0.21750 0.000000000381 
0.21800 0.000000000358 
0.21850 0.000000000335 
0.21900 0.000000000312 
0.21950 0.000000000293 
0.22000 0.000000000273 
0.22050 0.000000000254 
0.22100 0.000000000235 
0.22150 0.000000000218 
0.22200 0.000000000202 
0.22250 0.000000000186 
0.22300 0.000000000170 
0.22350 0.000000000157 
0.22400 0.000000000144 
0.22450 0.000000000131 
0.22500 0.000000000119 
0.22550 0.000000000108 
0.22600 0.000000000097 
0.22650 0.000000000087 
0.22700 0.000000000077 
0.22750 0.000000000069 
0.22800 0.000000000060 
0.22850 0.000000000052 
0.22900 0.000000000045 
0.22950 0.000000000039 
0.23000 0.000000000033 
0.23050 0.000000000027 
0.23100 0.000000000022 
0.23150 0.000000000018 
0.23200 0.000000000013 
0.23250 0.000000000010 
0.23300 0.000000000007 
0.23350 0.000000000005 
