0.00000 186.025400000000 
0.00050 168.579000000000 
0.00100 151.132600000000 
0.00150 133.686200000000 
0.00200 116.239600000000 
0.00250 103.530000000000 
0.00300 92.233600000000 
0.00350 82.772800000000 
0.00400 75.009200000000 
0.00450 67.663000000000 
0.00500 62.109000000000 
0.00550 56.555000000000 
0.00600 52.146800000000 
0.00650 48.051800000000 
0.00700 44.272600000000 
0.00750 41.180200000000 
0.00800 38.087600000000 
0.00850 35.552200000000 
0.00900 33.169800000000 
0.00950 30.890000000000 
0.01000 29.024000000000 
0.01050 27.157800000000 
0.01100 25.507200000000 
0.01150 24.024200000000 
0.01200 22.541200000000 
0.01250 21.313400000000 
0.01300 20.120000000000 
0.01350 18.961700000000 
0.01400 17.990780000000 
0.01450 17.019840000000 
0.01500 16.117520000000 
0.01550 15.319820000000 
0.01600 14.522120000000 
0.01650 13.806360000000 
0.01700 13.145260000000 
0.01750 12.484140000000 
0.01800 11.907100000000 
0.01850 11.354900000000 
0.01900 10.802700000000 
0.01950 10.330720000000 
0.02000 9.866240000000 
0.02050 9.403920000000 
0.02100 9.010740000000 
0.02150 8.617560000000 
0.02200 8.231440000000 
0.02250 7.896700000000 
0.02300 7.561940000000 
0.02350 7.236300000000 
0.02400 6.949800000000 
0.02450 6.663300000000 
0.02500 6.386240000000 
0.02550 6.139860000000 
0.02600 5.893500000000 
0.02650 5.655880000000 
0.02700 5.443100000000 
0.02750 5.230320000000 
0.02800 5.025080000000 
0.02850 4.840580000000 
0.02900 4.656080000000 
0.02950 4.477680000000 
0.03000 4.317120000000 
0.03050 4.156540000000 
0.03100 4.000580000000 
0.03150 3.860380000000 
0.03200 3.720180000000 
0.03250 3.583120000000 
0.03300 3.460340000000 
0.03350 3.337540000000 
0.03400 3.216520000000 
0.03450 3.108660000000 
0.03500 3.000800000000 
0.03550 2.893500000000 
0.03600 2.798520000000 
0.03650 2.703540000000 
0.03700 2.608560000000 
0.03750 2.524180000000 
0.03800 2.440340000000 
0.03850 2.356500000000 
0.03900 2.280820000000 
0.03950 2.206640000000 
0.04000 2.132480000000 
0.04050 2.064380000000 
0.04100 1.998642000000 
0.04150 1.932904000000 
0.04200 1.871442000000 
0.04250 1.813060000000 
0.04300 1.754676000000 
0.04350 1.699058000000 
0.04400 1.647120000000 
0.04450 1.595182000000 
0.04500 1.544724000000 
0.04550 1.498442000000 
0.04600 1.452160000000 
0.04650 1.406276000000 
0.04700 1.364972000000 
0.04750 1.323668000000 
0.04800 1.282364000000 
0.04850 1.244938000000 
0.04900 1.208024000000 
0.04950 1.171112000000 
0.05000 1.136804000000 
0.05050 1.103770000000 
0.05100 1.070736000000 
0.05150 1.039232000000 
0.05200 1.009634000000 
0.05250 0.980038000000 
0.05300 0.951060000000 
0.05350 0.924510000000 
0.05400 0.897958000000 
0.05450 0.871406000000 
0.05500 0.847418000000 
0.05550 0.823574000000 
0.05600 0.799730000000 
0.05650 0.777510000000 
0.05700 0.756074000000 
0.05750 0.734638000000 
0.05800 0.714032000000 
0.05850 0.694742000000 
0.05900 0.675452000000 
0.05950 0.656324000000 
0.06000 0.638948000000 
0.06050 0.621570000000 
0.06100 0.604194000000 
0.06150 0.588128000000 
0.06200 0.572460000000 
0.06250 0.556790000000 
0.06300 0.541784000000 
0.06350 0.527646000000 
0.06400 0.513508000000 
0.06450 0.499484000000 
0.06500 0.486714000000 
0.06550 0.473942000000 
0.06600 0.461170000000 
0.06650 0.449282000000 
0.06700 0.437738000000 
0.06750 0.426192000000 
0.06800 0.415022000000 
0.06850 0.404576000000 
0.06900 0.394130000000 
0.06950 0.383686000000 
0.07000 0.374172000000 
0.07050 0.364714000000 
0.07100 0.355256000000 
0.07150 0.346272000000 
0.07200 0.337702000000 
0.07250 0.329130000000 
0.07300 0.320648000000 
0.07350 0.312874000000 
0.07400 0.305100000000 
0.07450 0.297328000000 
0.07500 0.290036000000 
0.07550 0.282980000000 
0.07600 0.275924000000 
0.07650 0.269008000000 
0.07700 0.262600000000 
0.07750 0.256192000000 
0.07800 0.249784000000 
0.07850 0.243810000000 
0.07900 0.237986000000 
0.07950 0.232160000000 
0.08000 0.226474000000 
0.08050 0.221176000000 
0.08100 0.215876000000 
0.08150 0.210578000000 
0.08200 0.205642000000 
0.08250 0.200818000000 
0.08300 0.195993400000 
0.08350 0.191277800000 
0.08400 0.186883200000 
0.08450 0.182488600000 
0.08500 0.178094000000 
0.08550 0.173981400000 
0.08600 0.169974600000 
0.08650 0.165967800000 
0.08700 0.162027600000 
0.08750 0.158373200000 
0.08800 0.154718600000 
0.08850 0.151064200000 
0.08900 0.147611800000 
0.08950 0.144274400000 
0.09000 0.140937000000 
0.09050 0.137621000000 
0.09100 0.134572200000 
0.09150 0.131523600000 
0.09200 0.128475000000 
0.09250 0.125556200000 
0.09300 0.122768800000 
0.09350 0.119981400000 
0.09400 0.117194000000 
0.09450 0.114622600000 
0.09500 0.112073000000 
0.09550 0.109523400000 
0.09600 0.107040000000 
0.09650 0.104705200000 
0.09700 0.102370400000 
0.09750 0.100035600000 
0.09800 0.097837800000 
0.09850 0.095699400000 
0.09900 0.093560800000 
0.09950 0.091435800000 
0.10000 0.089475600000 
0.10050 0.087515200000 
0.10100 0.085555000000 
0.10150 0.083666400000 
0.10200 0.081868200000 
0.10250 0.080070200000 
0.10300 0.078272000000 
0.10350 0.076591800000 
0.10400 0.074941600000 
0.10450 0.073291200000 
0.10500 0.071660400000 
0.10550 0.070144800000 
0.10600 0.068629200000 
0.10650 0.067113600000 
0.10700 0.065657200000 
0.10750 0.064264600000 
0.10800 0.062871800000 
0.10850 0.061479200000 
0.10900 0.060177400000 
0.10950 0.058897000000 
0.11000 0.057616600000 
0.11050 0.056349200000 
0.11100 0.055171000000 
0.11150 0.053992600000 
0.11200 0.052814400000 
0.11250 0.051677400000 
0.11300 0.050593400000 
0.11350 0.049509600000 
0.11400 0.048425600000 
0.11450 0.047404800000 
0.11500 0.046406200000 
0.11550 0.045407800000 
0.11600 0.044411800000 
0.11650 0.043492000000 
0.11700 0.042572200000 
0.11750 0.041652400000 
0.11800 0.040755200000 
0.11850 0.039907200000 
0.11900 0.039059200000 
0.11950 0.038211000000 
0.12000 0.037402400000 
0.12050 0.036621000000 
0.12100 0.035839600000 
0.12150 0.035058200000 
0.12200 0.034328600000 
0.12250 0.033607600000 
0.12300 0.032886600000 
0.12350 0.032172200000 
0.12400 0.031506800000 
0.12450 0.030841200000 
0.12500 0.030175800000 
0.12550 0.029529200000 
0.12600 0.028915200000 
0.12650 0.028301200000 
0.12700 0.027687000000 
0.12750 0.027102000000 
0.12800 0.026535200000 
0.12850 0.025968400000 
0.12900 0.025401600000 
0.12950 0.024871600000 
0.13000 0.024348000000 
0.13050 0.023824600000 
0.13100 0.023304000000 
0.13150 0.022820800000 
0.13200 0.022337400000 
0.13250 0.021854000000 
0.13300 0.021381400000 
0.13350 0.020934800000 
0.13400 0.020488200000 
0.13450 0.020041600000 
0.13500 0.019612200000 
0.13550 0.019199480000 
0.13600 0.018786780000 
0.13650 0.018374080000 
0.13700 0.017983780000 
0.13750 0.017602680000 
0.13800 0.017221600000 
0.13850 0.016840520000 
0.13900 0.016485540000 
0.13950 0.016133380000 
0.14000 0.015781240000 
0.14050 0.015431420000 
0.14100 0.015106300000 
0.14150 0.014781200000 
0.14200 0.014456080000 
0.14250 0.014137420000 
0.14300 0.013837060000 
0.14350 0.013536700000 
0.14400 0.013236320000 
0.14450 0.012945720000 
0.14500 0.012668260000 
0.14550 0.012390800000 
0.14600 0.012113340000 
0.14650 0.011848220000 
0.14700 0.011591980000 
0.14750 0.011335740000 
0.14800 0.011079500000 
0.14850 0.010837700000 
0.14900 0.010601380000 
0.14950 0.010365040000 
0.15000 0.010128720000 
0.15050 0.009908040000 
0.15100 0.009689920000 
0.15150 0.009471800000 
0.15200 0.009253680000 
0.15250 0.009052140000 
0.15300 0.008850920000 
0.15350 0.008649680000 
0.15400 0.008449920000 
0.15450 0.008264580000 
0.15500 0.008079220000 
0.15550 0.007893880000 
0.15600 0.007711320000 
0.15650 0.007540480000 
0.15700 0.007369640000 
0.15750 0.007198800000 
0.15800 0.007031660000 
0.15850 0.006874080000 
0.15900 0.006716520000 
0.15950 0.006558940000 
0.16000 0.006405840000 
0.16050 0.006260960000 
0.16100 0.006116100000 
0.16150 0.005971220000 
0.16200 0.005831120000 
0.16250 0.005697840000 
0.16300 0.005564560000 
0.16350 0.005431260000 
0.16400 0.005302900000 
0.16450 0.005180360000 
0.16500 0.005057840000 
0.16550 0.004935300000 
0.16600 0.004817720000 
0.16650 0.004705320000 
0.16700 0.004592920000 
0.16750 0.004480520000 
0.16800 0.004372720000 
0.16850 0.004269380000 
0.16900 0.004166060000 
0.16950 0.004062720000 
0.17000 0.003963840000 
0.17050 0.003869220000 
0.17100 0.003774580000 
0.17150 0.003679960000 
0.17200 0.003589220000 
0.17250 0.003502380000 
0.17300 0.003415520000 
0.17350 0.003328680000 
0.17400 0.003245300000 
0.17450 0.003165780000 
0.17500 0.003086280000 
0.17550 0.003006760000 
0.17600 0.002930260000 
0.17650 0.002857660000 
0.17700 0.002785080000 
0.17750 0.002712480000 
0.17800 0.002642260000 
0.17850 0.002575940000 
0.17900 0.002509620000 
0.17950 0.002443300000 
0.18000 0.002378720000 
0.18050 0.002318080000 
0.18100 0.002257420000 
0.18150 0.002196760000 
0.18200 0.002137320000 
0.18250 0.002082020000 
0.18300 0.002026720000 
0.18350 0.001971422000 
0.18400 0.001916758000 
0.18450 0.001866508000 
0.18500 0.001816258000 
0.18550 0.001766008000 
0.18600 0.001715824000 
0.18650 0.001670012000 
0.18700 0.001624202000 
0.18750 0.001578390000 
0.18800 0.001532578000 
0.18850 0.001490592000 
0.18900 0.001449068000 
0.18950 0.001407544000 
0.19000 0.001366020000 
0.19050 0.001327342000 
0.19100 0.001289570000 
0.19150 0.001251800000 
0.19200 0.001214030000 
0.19250 0.001178438000 
0.19300 0.001144210000 
0.19350 0.001109982000 
0.19400 0.001075756000 
0.19450 0.001043034000 
0.19500 0.001012060000 
0.19550 0.000981086000 
0.19600 0.000950110000 
0.19650 0.000920046000 
0.19700 0.000892056000 
0.19750 0.000864064000 
0.19800 0.000836074000 
0.19850 0.000808472000 
0.19900 0.000783218000 
0.19950 0.000757962000 
0.20000 0.000732706000 
0.20050 0.000707452000 
0.20100 0.000684580000 
0.20150 0.000661762000 
0.20200 0.000638944000 
0.20250 0.000616128000 
0.20300 0.000595234000 
0.20350 0.000574780000 
0.20400 0.000554324000 
0.20450 0.000533870000 
0.20500 0.000514750000 
0.20550 0.000496334000 
0.20600 0.000477916000 
0.20650 0.000459500000 
0.20700 0.000442078000 
0.20750 0.000425640000 
0.20800 0.000409202000 
0.20850 0.000392764000 
0.20900 0.000376942000 
0.20950 0.000362206000 
0.21000 0.000347468000 
0.21050 0.000332732000 
0.21100 0.000318366000 
0.21150 0.000305192000 
0.21200 0.000292018000 
0.21250 0.000278842000 
0.21300 0.000265872000 
0.21350 0.000254220000 
0.21400 0.000242568000 
0.21450 0.000230916000 
0.21500 0.000219336000 
0.21550 0.000208994000 
0.21600 0.000198651600 
0.21650 0.000188309200 
0.21700 0.000177978800 
0.21750 0.000168917200 
0.21800 0.000159855600 
0.21850 0.000150794000 
0.21900 0.000141735000 
0.21950 0.000133780800 
0.22000 0.000125826600 
0.22050 0.000117872400 
0.22100 0.000109960800 
0.22150 0.000103039400 
0.22200 0.000096118000 
0.22250 0.000089196600 
0.22300 0.000082411800 
0.22350 0.000076512000 
0.22400 0.000070612400 
0.22450 0.000064712800 
0.22500 0.000059074800 
0.22550 0.000054084000 
0.22600 0.000049093000 
0.22650 0.000044102000 
0.22700 0.000039571000 
0.22750 0.000035474600 
0.22800 0.000031378200 
0.22850 0.000027282000 
0.22900 0.000023899600 
0.22950 0.000020672400 
0.23000 0.000017445040 
0.23050 0.000014407220 
0.23100 0.000012035100 
0.23150 0.000009662980 
0.23200 0.000007290860 
0.23250 0.000005570820 
0.23300 0.000004097260 
0.23350 0.000002623720 
