0.00000 183.417200000000 
0.00050 166.211200000000 
0.00100 149.005200000000 
0.00150 131.799200000000 
0.00200 114.593200000000 
0.00250 102.060400000000 
0.00300 90.921800000000 
0.00350 81.593400000000 
0.00400 73.939200000000 
0.00450 66.696400000000 
0.00500 61.221200000000 
0.00550 55.745800000000 
0.00600 51.400000000000 
0.00650 47.363400000000 
0.00700 43.638000000000 
0.00750 40.589600000000 
0.00800 37.541000000000 
0.00850 35.041800000000 
0.00900 32.693600000000 
0.00950 30.446400000000 
0.01000 28.607000000000 
0.01050 26.767600000000 
0.01100 25.140600000000 
0.01150 23.678800000000 
0.01200 22.217200000000 
0.01250 21.007000000000 
0.01300 19.830700000000 
0.01350 18.689000000000 
0.01400 17.732040000000 
0.01450 16.775060000000 
0.01500 15.885720000000 
0.01550 15.099480000000 
0.01600 14.313240000000 
0.01650 13.607780000000 
0.01700 12.956180000000 
0.01750 12.304580000000 
0.01800 11.735840000000 
0.01850 11.191600000000 
0.01900 10.647360000000 
0.01950 10.182180000000 
0.02000 9.724380000000 
0.02050 9.268720000000 
0.02100 8.881200000000 
0.02150 8.493680000000 
0.02200 8.113140000000 
0.02250 7.783200000000 
0.02300 7.453280000000 
0.02350 7.132320000000 
0.02400 6.849960000000 
0.02450 6.567600000000 
0.02500 6.294500000000 
0.02550 6.051680000000 
0.02600 5.808880000000 
0.02650 5.574680000000 
0.02700 5.364960000000 
0.02750 5.155240000000 
0.02800 4.952980000000 
0.02850 4.771120000000 
0.02900 4.589280000000 
0.02950 4.413460000000 
0.03000 4.255200000000 
0.03050 4.096940000000 
0.03100 3.943240000000 
0.03150 3.805040000000 
0.03200 3.666860000000 
0.03250 3.531780000000 
0.03300 3.410760000000 
0.03350 3.289720000000 
0.03400 3.170460000000 
0.03450 3.064160000000 
0.03500 2.957840000000 
0.03550 2.852080000000 
0.03600 2.758480000000 
0.03650 2.664860000000 
0.03700 2.571260000000 
0.03750 2.488060000000 
0.03800 2.405440000000 
0.03850 2.322820000000 
0.03900 2.248200000000 
0.03950 2.175120000000 
0.04000 2.102020000000 
0.04050 2.034880000000 
0.04100 1.970096000000 
0.04150 1.905302000000 
0.04200 1.844724000000 
0.04250 1.787178000000 
0.04300 1.729634000000 
0.04350 1.674814000000 
0.04400 1.623622000000 
0.04450 1.572430000000 
0.04500 1.522698000000 
0.04550 1.477078000000 
0.04600 1.431460000000 
0.04650 1.386234000000 
0.04700 1.345522000000 
0.04750 1.304812000000 
0.04800 1.264100000000 
0.04850 1.227210000000 
0.04900 1.190826000000 
0.04950 1.154442000000 
0.05000 1.120626000000 
0.05050 1.088064000000 
0.05100 1.055504000000 
0.05150 1.024450000000 
0.05200 0.995278000000 
0.05250 0.966104000000 
0.05300 0.937542000000 
0.05350 0.911370000000 
0.05400 0.885200000000 
0.05450 0.859028000000 
0.05500 0.835382000000 
0.05550 0.811880000000 
0.05600 0.788378000000 
0.05650 0.766474000000 
0.05700 0.745344000000 
0.05750 0.724214000000 
0.05800 0.703904000000 
0.05850 0.684890000000 
0.05900 0.665874000000 
0.05950 0.647020000000 
0.06000 0.629890000000 
0.06050 0.612762000000 
0.06100 0.595634000000 
0.06150 0.579796000000 
0.06200 0.564352000000 
0.06250 0.548906000000 
0.06300 0.534114000000 
0.06350 0.520178000000 
0.06400 0.506240000000 
0.06450 0.492418000000 
0.06500 0.479828000000 
0.06550 0.467238000000 
0.06600 0.454650000000 
0.06650 0.442930000000 
0.06700 0.431550000000 
0.06750 0.420170000000 
0.06800 0.409158000000 
0.06850 0.398860000000 
0.06900 0.388564000000 
0.06950 0.378266000000 
0.07000 0.368890000000 
0.07050 0.359566000000 
0.07100 0.350242000000 
0.07150 0.341386000000 
0.07200 0.332936000000 
0.07250 0.324488000000 
0.07300 0.316124000000 
0.07350 0.308462000000 
0.07400 0.300800000000 
0.07450 0.293136000000 
0.07500 0.285948000000 
0.07550 0.278992000000 
0.07600 0.272038000000 
0.07650 0.265220000000 
0.07700 0.258902000000 
0.07750 0.252584000000 
0.07800 0.246268000000 
0.07850 0.240378000000 
0.07900 0.234636000000 
0.07950 0.228894000000 
0.08000 0.223288000000 
0.08050 0.218064000000 
0.08100 0.212840000000 
0.08150 0.207616000000 
0.08200 0.202750000000 
0.08250 0.197994800000 
0.08300 0.193239000000 
0.08350 0.188590200000 
0.08400 0.184257600000 
0.08450 0.179925200000 
0.08500 0.175592800000 
0.08550 0.171538400000 
0.08600 0.167588400000 
0.08650 0.163638200000 
0.08700 0.159753600000 
0.08750 0.156150800000 
0.08800 0.152548000000 
0.08850 0.148945000000 
0.08900 0.145541600000 
0.08950 0.142251200000 
0.09000 0.138961000000 
0.09050 0.135691800000 
0.09100 0.132686200000 
0.09150 0.129680400000 
0.09200 0.126674800000 
0.09250 0.123797200000 
0.09300 0.121049200000 
0.09350 0.118301200000 
0.09400 0.115553000000 
0.09450 0.113018000000 
0.09500 0.110504200000 
0.09550 0.107990600000 
0.09600 0.105542200000 
0.09650 0.103240200000 
0.09700 0.100938400000 
0.09750 0.098636400000 
0.09800 0.096469400000 
0.09850 0.094361200000 
0.09900 0.092252800000 
0.09950 0.090157600000 
0.10000 0.088225000000 
0.10050 0.086292200000 
0.10100 0.084359600000 
0.10150 0.082497400000 
0.10200 0.080724600000 
0.10250 0.078951800000 
0.10300 0.077179000000 
0.10350 0.075522400000 
0.10400 0.073895400000 
0.10450 0.072268200000 
0.10500 0.070660200000 
0.10550 0.069166000000 
0.10600 0.067671600000 
0.10650 0.066177200000 
0.10700 0.064741400000 
0.10750 0.063368200000 
0.10800 0.061995200000 
0.10850 0.060622000000 
0.10900 0.059338400000 
0.10950 0.058076000000 
0.11000 0.056813600000 
0.11050 0.055564000000 
0.11100 0.054402200000 
0.11150 0.053240600000 
0.11200 0.052078800000 
0.11250 0.050957800000 
0.11300 0.049889000000 
0.11350 0.048820200000 
0.11400 0.047751400000 
0.11450 0.046744800000 
0.11500 0.045760400000 
0.11550 0.044775800000 
0.11600 0.043793800000 
0.11650 0.042886800000 
0.11700 0.041980000000 
0.11750 0.041073000000 
0.11800 0.040188400000 
0.11850 0.039352200000 
0.11900 0.038516000000 
0.11950 0.037679800000 
0.12000 0.036882600000 
0.12050 0.036112000000 
0.12100 0.035341600000 
0.12150 0.034571200000 
0.12200 0.033851800000 
0.12250 0.033140800000 
0.12300 0.032430000000 
0.12350 0.031725400000 
0.12400 0.031069200000 
0.12450 0.030413000000 
0.12500 0.029756800000 
0.12550 0.029119400000 
0.12600 0.028513800000 
0.12650 0.027908400000 
0.12700 0.027302800000 
0.12750 0.026726000000 
0.12800 0.026167000000 
0.12850 0.025608200000 
0.12900 0.025049400000 
0.12950 0.024526600000 
0.13000 0.024010400000 
0.13050 0.023494200000 
0.13100 0.022981000000 
0.13150 0.022504400000 
0.13200 0.022027800000 
0.13250 0.021551200000 
0.13300 0.021085200000 
0.13350 0.020644800000 
0.13400 0.020204400000 
0.13450 0.019764020000 
0.13500 0.019340560000 
0.13550 0.018933580000 
0.13600 0.018526620000 
0.13650 0.018119660000 
0.13700 0.017734800000 
0.13750 0.017359000000 
0.13800 0.016983220000 
0.13850 0.016607440000 
0.13900 0.016257400000 
0.13950 0.015910140000 
0.14000 0.015562880000 
0.14050 0.015217920000 
0.14100 0.014897340000 
0.14150 0.014576740000 
0.14200 0.014256160000 
0.14250 0.013941920000 
0.14300 0.013645720000 
0.14350 0.013349540000 
0.14400 0.013053340000 
0.14450 0.012766760000 
0.14500 0.012493160000 
0.14550 0.012219560000 
0.14600 0.011945940000 
0.14650 0.011684500000 
0.14700 0.011431820000 
0.14750 0.011179120000 
0.14800 0.010926440000 
0.14850 0.010688000000 
0.14900 0.010454960000 
0.14950 0.010221900000 
0.15000 0.009988860000 
0.15050 0.009771220000 
0.15100 0.009556140000 
0.15150 0.009341040000 
0.15200 0.009125940000 
0.15250 0.008927200000 
0.15300 0.008728760000 
0.15350 0.008530320000 
0.15400 0.008333340000 
0.15450 0.008150540000 
0.15500 0.007967760000 
0.15550 0.007784980000 
0.15600 0.007604940000 
0.15650 0.007436480000 
0.15700 0.007268000000 
0.15750 0.007099540000 
0.15800 0.006934700000 
0.15850 0.006779320000 
0.15900 0.006623920000 
0.15950 0.006468540000 
0.16000 0.006317540000 
0.16050 0.006174680000 
0.16100 0.006031800000 
0.16150 0.005888940000 
0.16200 0.005750780000 
0.16250 0.005619340000 
0.16300 0.005487900000 
0.16350 0.005356460000 
0.16400 0.005229860000 
0.16450 0.005109020000 
0.16500 0.004988180000 
0.16550 0.004867340000 
0.16600 0.004751380000 
0.16650 0.004640540000 
0.16700 0.004529680000 
0.16750 0.004418840000 
0.16800 0.004312540000 
0.16850 0.004210620000 
0.16900 0.004108720000 
0.16950 0.004006800000 
0.17000 0.003909280000 
0.17050 0.003815960000 
0.17100 0.003722660000 
0.17150 0.003629340000 
0.17200 0.003539860000 
0.17250 0.003454200000 
0.17300 0.003368540000 
0.17350 0.003282880000 
0.17400 0.003200660000 
0.17450 0.003122260000 
0.17500 0.003043840000 
0.17550 0.002965420000 
0.17600 0.002889960000 
0.17650 0.002818380000 
0.17700 0.002746780000 
0.17750 0.002675200000 
0.17800 0.002605940000 
0.17850 0.002540540000 
0.17900 0.002475140000 
0.17950 0.002409720000 
0.18000 0.002346040000 
0.18050 0.002286220000 
0.18100 0.002226400000 
0.18150 0.002166580000 
0.18200 0.002107960000 
0.18250 0.002053420000 
0.18300 0.001998880000 
0.18350 0.001944344000 
0.18400 0.001890434000 
0.18450 0.001840876000 
0.18500 0.001791316000 
0.18550 0.001741758000 
0.18600 0.001692264000 
0.18650 0.001647084000 
0.18700 0.001601902000 
0.18750 0.001556722000 
0.18800 0.001511540000 
0.18850 0.001470132000 
0.18900 0.001429178000 
0.18950 0.001388226000 
0.19000 0.001347272000 
0.19050 0.001309126000 
0.19100 0.001271876000 
0.19150 0.001234624000 
0.19200 0.001197374000 
0.19250 0.001162270000 
0.19300 0.001128512000 
0.19350 0.001094756000 
0.19400 0.001061000000 
0.19450 0.001028728000 
0.19500 0.000998178000 
0.19550 0.000967630000 
0.19600 0.000937082000 
0.19650 0.000907428000 
0.19700 0.000879822000 
0.19750 0.000852218000 
0.19800 0.000824612000 
0.19850 0.000797388000 
0.19900 0.000772480000 
0.19950 0.000747572000 
0.20000 0.000722664000 
0.20050 0.000697754000 
0.20100 0.000675196000 
0.20150 0.000652692000 
0.20200 0.000630188000 
0.20250 0.000607684000 
0.20300 0.000587076000 
0.20350 0.000566904000 
0.20400 0.000546730000 
0.20450 0.000526556000 
0.20500 0.000507698000 
0.20550 0.000489534000 
0.20600 0.000471370000 
0.20650 0.000453206000 
0.20700 0.000436022000 
0.20750 0.000419810000 
0.20800 0.000403598000 
0.20850 0.000387386000 
0.20900 0.000371780000 
0.20950 0.000357246000 
0.21000 0.000342710000 
0.21050 0.000328176000 
0.21100 0.000314006000 
0.21150 0.000301012000 
0.21200 0.000288020000 
0.21250 0.000275026000 
0.21300 0.000262232000 
0.21350 0.000250740000 
0.21400 0.000239248000 
0.21450 0.000227756000 
0.21500 0.000216334000 
0.21550 0.000206134000 
0.21600 0.000195933000 
0.21650 0.000185732400 
0.21700 0.000175543600 
0.21750 0.000166606000 
0.21800 0.000157668400 
0.21850 0.000148730800 
0.21900 0.000139795800 
0.21950 0.000131950600 
0.22000 0.000124105400 
0.22050 0.000116260000 
0.22100 0.000108456600 
0.22150 0.000101630000 
0.22200 0.000094803400 
0.22250 0.000087976800 
0.22300 0.000081284800 
0.22350 0.000075465800 
0.22400 0.000069646800 
0.22450 0.000063827800 
0.22500 0.000058267200 
0.22550 0.000053344400 
0.22600 0.000048421800 
0.22650 0.000043499000 
0.22700 0.000039030000 
0.22750 0.000034989800 
0.22800 0.000030949400 
0.22850 0.000026909000 
0.22900 0.000023573000 
0.22950 0.000020389800 
0.23000 0.000017206620 
0.23050 0.000014210340 
0.23100 0.000011870640 
0.23150 0.000009530940 
0.23200 0.000007191240 
0.23250 0.000005494700 
0.23300 0.000004041280 
0.23350 0.000002587860 
