0.00000 180.779400000000 
0.00050 163.814000000000 
0.00100 146.848600000000 
0.00150 129.883200000000 
0.00200 112.917800000000 
0.00250 100.562600000000 
0.00300 89.582800000000 
0.00350 80.388200000000 
0.00400 72.844400000000 
0.00450 65.706200000000 
0.00500 60.310600000000 
0.00550 54.915000000000 
0.00600 50.632800000000 
0.00650 46.655400000000 
0.00700 42.984600000000 
0.00750 39.981000000000 
0.00800 36.977600000000 
0.00850 34.515200000000 
0.00900 32.201800000000 
0.00950 29.987800000000 
0.01000 28.175800000000 
0.01050 26.363800000000 
0.01100 24.761000000000 
0.01150 23.321200000000 
0.01200 21.881200000000 
0.01250 20.689000000000 
0.01300 19.530440000000 
0.01350 18.405820000000 
0.01400 17.463220000000 
0.01450 16.520600000000 
0.01500 15.644600000000 
0.01550 14.870200000000 
0.01600 14.095800000000 
0.01650 13.400940000000 
0.01700 12.759180000000 
0.01750 12.117400000000 
0.01800 11.557240000000 
0.01850 11.021220000000 
0.01900 10.485180000000 
0.01950 10.027040000000 
0.02000 9.576180000000 
0.02050 9.127400000000 
0.02100 8.745760000000 
0.02150 8.364120000000 
0.02200 7.989340000000 
0.02250 7.664420000000 
0.02300 7.339500000000 
0.02350 7.023400000000 
0.02400 6.745340000000 
0.02450 6.467260000000 
0.02500 6.198320000000 
0.02550 5.959200000000 
0.02600 5.720060000000 
0.02650 5.489440000000 
0.02700 5.282920000000 
0.02750 5.076400000000 
0.02800 4.877200000000 
0.02850 4.698120000000 
0.02900 4.519040000000 
0.02950 4.345920000000 
0.03000 4.190060000000 
0.03050 4.034220000000 
0.03100 3.882860000000 
0.03150 3.746780000000 
0.03200 3.610700000000 
0.03250 3.477680000000 
0.03300 3.358500000000 
0.03350 3.239320000000 
0.03400 3.121880000000 
0.03450 3.017200000000 
0.03500 2.912520000000 
0.03550 2.808360000000 
0.03600 2.716200000000 
0.03650 2.624020000000 
0.03700 2.531840000000 
0.03750 2.449920000000 
0.03800 2.368560000000 
0.03850 2.287200000000 
0.03900 2.213740000000 
0.03950 2.141760000000 
0.04000 2.069780000000 
0.04050 2.003680000000 
0.04100 1.939882000000 
0.04150 1.876080000000 
0.04200 1.816430000000 
0.04250 1.759766000000 
0.04300 1.703104000000 
0.04350 1.649124000000 
0.04400 1.598716000000 
0.04450 1.548308000000 
0.04500 1.499338000000 
0.04550 1.454420000000 
0.04600 1.409500000000 
0.04650 1.364968000000 
0.04700 1.324880000000 
0.04750 1.284794000000 
0.04800 1.244706000000 
0.04850 1.208382000000 
0.04900 1.172556000000 
0.04950 1.136730000000 
0.05000 1.103432000000 
0.05050 1.071370000000 
0.05100 1.039310000000 
0.05150 1.008732000000 
0.05200 0.980008000000 
0.05250 0.951282000000 
0.05300 0.923158000000 
0.05350 0.897388000000 
0.05400 0.871618000000 
0.05450 0.845848000000 
0.05500 0.822566000000 
0.05550 0.799424000000 
0.05600 0.776282000000 
0.05650 0.754716000000 
0.05700 0.733910000000 
0.05750 0.713104000000 
0.05800 0.693104000000 
0.05850 0.674382000000 
0.05900 0.655660000000 
0.05950 0.637094000000 
0.06000 0.620228000000 
0.06050 0.603362000000 
0.06100 0.586496000000 
0.06150 0.570902000000 
0.06200 0.555694000000 
0.06250 0.540486000000 
0.06300 0.525922000000 
0.06350 0.512198000000 
0.06400 0.498476000000 
0.06450 0.484864000000 
0.06500 0.472468000000 
0.06550 0.460072000000 
0.06600 0.447676000000 
0.06650 0.436138000000 
0.06700 0.424932000000 
0.06750 0.413726000000 
0.06800 0.402884000000 
0.06850 0.392744000000 
0.06900 0.382606000000 
0.06950 0.372466000000 
0.07000 0.363234000000 
0.07050 0.354052000000 
0.07100 0.344872000000 
0.07150 0.336152000000 
0.07200 0.327832000000 
0.07250 0.319512000000 
0.07300 0.311278000000 
0.07350 0.303734000000 
0.07400 0.296188000000 
0.07450 0.288642000000 
0.07500 0.281564000000 
0.07550 0.274716000000 
0.07600 0.267868000000 
0.07650 0.261154000000 
0.07700 0.254934000000 
0.07750 0.248714000000 
0.07800 0.242494000000 
0.07850 0.236696000000 
0.07900 0.231040000000 
0.07950 0.225386000000 
0.08000 0.219866000000 
0.08050 0.214722000000 
0.08100 0.209580000000 
0.08150 0.204436000000 
0.08200 0.199644200000 
0.08250 0.194961400000 
0.08300 0.190278400000 
0.08350 0.185701000000 
0.08400 0.181435000000 
0.08450 0.177169000000 
0.08500 0.172903000000 
0.08550 0.168911000000 
0.08600 0.165021400000 
0.08650 0.161131800000 
0.08700 0.157306800000 
0.08750 0.153759200000 
0.08800 0.150211600000 
0.08850 0.146664000000 
0.08900 0.143312800000 
0.08950 0.140073000000 
0.09000 0.136833200000 
0.09050 0.133614000000 
0.09100 0.130654400000 
0.09150 0.127695000000 
0.09200 0.124735400000 
0.09250 0.121902000000 
0.09300 0.119196000000 
0.09350 0.116490000000 
0.09400 0.113784000000 
0.09450 0.111287800000 
0.09500 0.108812800000 
0.09550 0.106337600000 
0.09600 0.103926800000 
0.09650 0.101660000000 
0.09700 0.099393400000 
0.09750 0.097126800000 
0.09800 0.094993000000 
0.09850 0.092917000000 
0.09900 0.090841000000 
0.09950 0.088778000000 
0.10000 0.086875000000 
0.10050 0.084971800000 
0.10100 0.083068800000 
0.10150 0.081235200000 
0.10200 0.079489600000 
0.10250 0.077744000000 
0.10300 0.075998200000 
0.10350 0.074367200000 
0.10400 0.072764800000 
0.10450 0.071162600000 
0.10500 0.069579400000 
0.10550 0.068108000000 
0.10600 0.066636600000 
0.10650 0.065165000000 
0.10700 0.063751200000 
0.10750 0.062399200000 
0.10800 0.061047000000 
0.10850 0.059694800000 
0.10900 0.058431000000 
0.10950 0.057188000000 
0.11000 0.055944800000 
0.11050 0.054714400000 
0.11100 0.053570400000 
0.11150 0.052426400000 
0.11200 0.051282600000 
0.11250 0.050178600000 
0.11300 0.049126200000 
0.11350 0.048073800000 
0.11400 0.047021400000 
0.11450 0.046030400000 
0.11500 0.045060800000 
0.11550 0.044091400000 
0.11600 0.043124400000 
0.11650 0.042231400000 
0.11700 0.041338400000 
0.11750 0.040445400000 
0.11800 0.039574200000 
0.11850 0.038750800000 
0.11900 0.037927400000 
0.11950 0.037104000000 
0.12000 0.036319000000 
0.12050 0.035560200000 
0.12100 0.034801600000 
0.12150 0.034042800000 
0.12200 0.033334600000 
0.12250 0.032634400000 
0.12300 0.031934400000 
0.12350 0.031240800000 
0.12400 0.030594600000 
0.12450 0.029948400000 
0.12500 0.029302200000 
0.12550 0.028674600000 
0.12600 0.028078400000 
0.12650 0.027482000000 
0.12700 0.026885800000 
0.12750 0.026317800000 
0.12800 0.025767400000 
0.12850 0.025217200000 
0.12900 0.024666800000 
0.12950 0.024152200000 
0.13000 0.023643800000 
0.13050 0.023135400000 
0.13100 0.022630000000 
0.13150 0.022160800000 
0.13200 0.021691400000 
0.13250 0.021222000000 
0.13300 0.020763200000 
0.13350 0.020329600000 
0.13400 0.019895940000 
0.13450 0.019462280000 
0.13500 0.019045280000 
0.13550 0.018644540000 
0.13600 0.018243800000 
0.13650 0.017843040000 
0.13700 0.017464060000 
0.13750 0.017094020000 
0.13800 0.016723980000 
0.13850 0.016353940000 
0.13900 0.016009240000 
0.13950 0.015667300000 
0.14000 0.015325360000 
0.14050 0.014985660000 
0.14100 0.014669980000 
0.14150 0.014354280000 
0.14200 0.014038580000 
0.14250 0.013729160000 
0.14300 0.013437500000 
0.14350 0.013145820000 
0.14400 0.012854160000 
0.14450 0.012571960000 
0.14500 0.012302540000 
0.14550 0.012033100000 
0.14600 0.011763680000 
0.14650 0.011506220000 
0.14700 0.011257400000 
0.14750 0.011008580000 
0.14800 0.010759740000 
0.14850 0.010524960000 
0.14900 0.010295460000 
0.14950 0.010065960000 
0.15000 0.009836480000 
0.15050 0.009622180000 
0.15100 0.009410360000 
0.15150 0.009198560000 
0.15200 0.008986740000 
0.15250 0.008791040000 
0.15300 0.008595620000 
0.15350 0.008400220000 
0.15400 0.008206240000 
0.15450 0.008026240000 
0.15500 0.007846260000 
0.15550 0.007666260000 
0.15600 0.007488960000 
0.15650 0.007323080000 
0.15700 0.007157180000 
0.15750 0.006991280000 
0.15800 0.006828960000 
0.15850 0.006675940000 
0.15900 0.006522920000 
0.15950 0.006369900000 
0.16000 0.006221220000 
0.16050 0.006080520000 
0.16100 0.005939840000 
0.16150 0.005799160000 
0.16200 0.005663100000 
0.16250 0.005533660000 
0.16300 0.005404220000 
0.16350 0.005274780000 
0.16400 0.005150120000 
0.16450 0.005031140000 
0.16500 0.004912140000 
0.16550 0.004793140000 
0.16600 0.004678960000 
0.16650 0.004569800000 
0.16700 0.004460640000 
0.16750 0.004351480000 
0.16800 0.004246800000 
0.16850 0.004146440000 
0.16900 0.004046080000 
0.16950 0.003945740000 
0.17000 0.003849700000 
0.17050 0.003757800000 
0.17100 0.003665920000 
0.17150 0.003574020000 
0.17200 0.003485900000 
0.17250 0.003401560000 
0.17300 0.003317200000 
0.17350 0.003232860000 
0.17400 0.003151900000 
0.17450 0.003074680000 
0.17500 0.002997460000 
0.17550 0.002920240000 
0.17600 0.002845920000 
0.17650 0.002775440000 
0.17700 0.002704940000 
0.17750 0.002634440000 
0.17800 0.002566240000 
0.17850 0.002501840000 
0.17900 0.002437420000 
0.17950 0.002373020000 
0.18000 0.002310300000 
0.18050 0.002251400000 
0.18100 0.002192480000 
0.18150 0.002133580000 
0.18200 0.002075840000 
0.18250 0.002022140000 
0.18300 0.001968428000 
0.18350 0.001914724000 
0.18400 0.001861636000 
0.18450 0.001812832000 
0.18500 0.001764030000 
0.18550 0.001715226000 
0.18600 0.001666488000 
0.18650 0.001621996000 
0.18700 0.001577502000 
0.18750 0.001533010000 
0.18800 0.001488518000 
0.18850 0.001447740000 
0.18900 0.001407410000 
0.18950 0.001367082000 
0.19000 0.001326752000 
0.19050 0.001289188000 
0.19100 0.001252504000 
0.19150 0.001215822000 
0.19200 0.001179138000 
0.19250 0.001144570000 
0.19300 0.001111326000 
0.19350 0.001078084000 
0.19400 0.001044842000 
0.19450 0.001013062000 
0.19500 0.000982978000 
0.19550 0.000952894000 
0.19600 0.000922812000 
0.19650 0.000893610000 
0.19700 0.000866426000 
0.19750 0.000839240000 
0.19800 0.000812056000 
0.19850 0.000785248000 
0.19900 0.000760718000 
0.19950 0.000736188000 
0.20000 0.000711660000 
0.20050 0.000687130000 
0.20100 0.000664916000 
0.20150 0.000642754000 
0.20200 0.000620594000 
0.20250 0.000598432000 
0.20300 0.000578138000 
0.20350 0.000558272000 
0.20400 0.000538406000 
0.20450 0.000518540000 
0.20500 0.000499968000 
0.20550 0.000482082000 
0.20600 0.000464194000 
0.20650 0.000446306000 
0.20700 0.000429386000 
0.20750 0.000413420000 
0.20800 0.000397454000 
0.20850 0.000381488000 
0.20900 0.000366120000 
0.20950 0.000351808000 
0.21000 0.000337494000 
0.21050 0.000323180000 
0.21100 0.000309226000 
0.21150 0.000296432000 
0.21200 0.000283636000 
0.21250 0.000270840000 
0.21300 0.000258240000 
0.21350 0.000246924000 
0.21400 0.000235606000 
0.21450 0.000224288000 
0.21500 0.000213042000 
0.21550 0.000202996000 
0.21600 0.000192951000 
0.21650 0.000182905600 
0.21700 0.000172871800 
0.21750 0.000164070400 
0.21800 0.000155268800 
0.21850 0.000146467400 
0.21900 0.000137668400 
0.21950 0.000129942600 
0.22000 0.000122216600 
0.22050 0.000114490800 
0.22100 0.000106806200 
0.22150 0.000100083400 
0.22200 0.000093360800 
0.22250 0.000086638000 
0.22300 0.000080047800 
0.22350 0.000074317400 
0.22400 0.000068587000 
0.22450 0.000062856600 
0.22500 0.000057380600 
0.22550 0.000052532800 
0.22600 0.000047685000 
0.22650 0.000042837200 
0.22700 0.000038436200 
0.22750 0.000034457400 
0.22800 0.000030478400 
0.22850 0.000026499600 
0.22900 0.000023214400 
0.22950 0.000020079600 
0.23000 0.000016944820 
0.23050 0.000013994140 
0.23100 0.000011690040 
0.23150 0.000009385940 
0.23200 0.000007081840 
0.23250 0.000005411120 
0.23300 0.000003979800 
0.23350 0.000002548500 
