0.00000 178.051400000000 
0.00050 161.335400000000 
0.00100 144.619200000000 
0.00150 127.903200000000 
0.00200 111.187200000000 
0.00250 99.016200000000 
0.00300 88.201200000000 
0.00350 79.145200000000 
0.00400 71.716000000000 
0.00450 64.686400000000 
0.00500 59.373400000000 
0.00550 54.060400000000 
0.00600 49.844000000000 
0.00650 45.927600000000 
0.00700 42.313400000000 
0.00750 39.356400000000 
0.00800 36.399200000000 
0.00850 33.975000000000 
0.00900 31.697400000000 
0.00950 29.518000000000 
0.01000 27.734000000000 
0.01050 25.950000000000 
0.01100 24.372400000000 
0.01150 22.954800000000 
0.01200 21.537400000000 
0.01250 20.363800000000 
0.01300 19.223280000000 
0.01350 18.116220000000 
0.01400 17.188340000000 
0.01450 16.260460000000 
0.01500 15.398180000000 
0.01550 14.635900000000 
0.01600 13.873620000000 
0.01650 13.189660000000 
0.01700 12.557940000000 
0.01750 11.926240000000 
0.01800 11.374860000000 
0.01850 10.847260000000 
0.01900 10.319640000000 
0.01950 9.868700000000 
0.02000 9.424920000000 
0.02050 8.983200000000 
0.02100 8.607540000000 
0.02150 8.231900000000 
0.02200 7.863020000000 
0.02250 7.543220000000 
0.02300 7.223400000000 
0.02350 6.912300000000 
0.02400 6.638600000000 
0.02450 6.364900000000 
0.02500 6.100220000000 
0.02550 5.864860000000 
0.02600 5.629500000000 
0.02650 5.402500000000 
0.02700 5.199240000000 
0.02750 4.995980000000 
0.02800 4.799940000000 
0.02850 4.623680000000 
0.02900 4.447440000000 
0.02950 4.277040000000 
0.03000 4.123660000000 
0.03050 3.970260000000 
0.03100 3.821300000000 
0.03150 3.687380000000 
0.03200 3.553440000000 
0.03250 3.422540000000 
0.03300 3.305240000000 
0.03350 3.187940000000 
0.03400 3.072360000000 
0.03450 2.969320000000 
0.03500 2.866300000000 
0.03550 2.763800000000 
0.03600 2.673080000000 
0.03650 2.582360000000 
0.03700 2.491640000000 
0.03750 2.411040000000 
0.03800 2.330960000000 
0.03850 2.250880000000 
0.03900 2.178580000000 
0.03950 2.107740000000 
0.04000 2.036920000000 
0.04050 1.971862000000 
0.04100 1.909072000000 
0.04150 1.846282000000 
0.04200 1.787576000000 
0.04250 1.731812000000 
0.04300 1.676048000000 
0.04350 1.622924000000 
0.04400 1.573316000000 
0.04450 1.523708000000 
0.04500 1.475514000000 
0.04550 1.431308000000 
0.04600 1.387102000000 
0.04650 1.343276000000 
0.04700 1.303824000000 
0.04750 1.264374000000 
0.04800 1.224922000000 
0.04850 1.189176000000 
0.04900 1.153918000000 
0.04950 1.118660000000 
0.05000 1.085890000000 
0.05050 1.054340000000 
0.05100 1.022788000000 
0.05150 0.992696000000 
0.05200 0.964426000000 
0.05250 0.936158000000 
0.05300 0.908480000000 
0.05350 0.883120000000 
0.05400 0.857760000000 
0.05450 0.832398000000 
0.05500 0.809486000000 
0.05550 0.786712000000 
0.05600 0.763938000000 
0.05650 0.742714000000 
0.05700 0.722238000000 
0.05750 0.701764000000 
0.05800 0.682082000000 
0.05850 0.663658000000 
0.05900 0.645232000000 
0.05950 0.626962000000 
0.06000 0.610364000000 
0.06050 0.593766000000 
0.06100 0.577168000000 
0.06150 0.561822000000 
0.06200 0.546856000000 
0.06250 0.531890000000 
0.06300 0.517556000000 
0.06350 0.504052000000 
0.06400 0.490548000000 
0.06450 0.477152000000 
0.06500 0.464954000000 
0.06550 0.452754000000 
0.06600 0.440556000000 
0.06650 0.429200000000 
0.06700 0.418172000000 
0.06750 0.407146000000 
0.06800 0.396474000000 
0.06850 0.386498000000 
0.06900 0.376520000000 
0.06950 0.366542000000 
0.07000 0.357456000000 
0.07050 0.348420000000 
0.07100 0.339386000000 
0.07150 0.330804000000 
0.07200 0.322618000000 
0.07250 0.314430000000 
0.07300 0.306326000000 
0.07350 0.298902000000 
0.07400 0.291476000000 
0.07450 0.284052000000 
0.07500 0.277086000000 
0.07550 0.270346000000 
0.07600 0.263606000000 
0.07650 0.257000000000 
0.07700 0.250878000000 
0.07750 0.244758000000 
0.07800 0.238636000000 
0.07850 0.232930000000 
0.07900 0.227366000000 
0.07950 0.221802000000 
0.08000 0.216368000000 
0.08050 0.211308000000 
0.08100 0.206246000000 
0.08150 0.201184000000 
0.08200 0.196468600000 
0.08250 0.191860400000 
0.08300 0.187252000000 
0.08350 0.182747200000 
0.08400 0.178549200000 
0.08450 0.174351000000 
0.08500 0.170153000000 
0.08550 0.166224400000 
0.08600 0.162396600000 
0.08650 0.158569000000 
0.08700 0.154805000000 
0.08750 0.151313800000 
0.08800 0.147822600000 
0.08850 0.144331400000 
0.08900 0.141033400000 
0.08950 0.137845200000 
0.09000 0.134657000000 
0.09050 0.131489000000 
0.09100 0.128576600000 
0.09150 0.125664200000 
0.09200 0.122751800000 
0.09250 0.119963400000 
0.09300 0.117300400000 
0.09350 0.114637600000 
0.09400 0.111974600000 
0.09450 0.109518200000 
0.09500 0.107082400000 
0.09550 0.104646600000 
0.09600 0.102274200000 
0.09650 0.100043600000 
0.09700 0.097813000000 
0.09750 0.095582400000 
0.09800 0.093482600000 
0.09850 0.091439600000 
0.09900 0.089396600000 
0.09950 0.087366400000 
0.10000 0.085493600000 
0.10050 0.083620800000 
0.10100 0.081748000000 
0.10150 0.079943600000 
0.10200 0.078225800000 
0.10250 0.076507800000 
0.10300 0.074790000000 
0.10350 0.073184800000 
0.10400 0.071608000000 
0.10450 0.070031400000 
0.10500 0.068473200000 
0.10550 0.067025200000 
0.10600 0.065577200000 
0.10650 0.064129200000 
0.10700 0.062737800000 
0.10750 0.061407200000 
0.10800 0.060076600000 
0.10850 0.058746000000 
0.10900 0.057502200000 
0.10950 0.056278800000 
0.11000 0.055055600000 
0.11050 0.053844800000 
0.11100 0.052719000000 
0.11150 0.051593200000 
0.11200 0.050467400000 
0.11250 0.049381000000 
0.11300 0.048345400000 
0.11350 0.047309800000 
0.11400 0.046274000000 
0.11450 0.045298800000 
0.11500 0.044344800000 
0.11550 0.043390800000 
0.11600 0.042439000000 
0.11650 0.041560200000 
0.11700 0.040681400000 
0.11750 0.039802600000 
0.11800 0.038945400000 
0.11850 0.038135000000 
0.11900 0.037324800000 
0.11950 0.036514400000 
0.12000 0.035741800000 
0.12050 0.034995200000 
0.12100 0.034248600000 
0.12150 0.033502000000 
0.12200 0.032804800000 
0.12250 0.032116000000 
0.12300 0.031427000000 
0.12350 0.030744400000 
0.12400 0.030108400000 
0.12450 0.029472600000 
0.12500 0.028836800000 
0.12550 0.028219000000 
0.12600 0.027632200000 
0.12650 0.027045400000 
0.12700 0.026458600000 
0.12750 0.025899600000 
0.12800 0.025358000000 
0.12850 0.024816400000 
0.12900 0.024275000000 
0.12950 0.023768400000 
0.13000 0.023268200000 
0.13050 0.022767800000 
0.13100 0.022270600000 
0.13150 0.021808600000 
0.13200 0.021346800000 
0.13250 0.020885000000 
0.13300 0.020433400000 
0.13350 0.020006600000 
0.13400 0.019579920000 
0.13450 0.019153140000 
0.13500 0.018742780000 
0.13550 0.018348400000 
0.13600 0.017954020000 
0.13650 0.017559660000 
0.13700 0.017186700000 
0.13750 0.016822540000 
0.13800 0.016458380000 
0.13850 0.016094220000 
0.13900 0.015755000000 
0.13950 0.015418480000 
0.14000 0.015081960000 
0.14050 0.014747680000 
0.14100 0.014437000000 
0.14150 0.014126320000 
0.14200 0.013815660000 
0.14250 0.013511140000 
0.14300 0.013224100000 
0.14350 0.012937080000 
0.14400 0.012650040000 
0.14450 0.012372320000 
0.14500 0.012107180000 
0.14550 0.011842040000 
0.14600 0.011576880000 
0.14650 0.011323520000 
0.14700 0.011078660000 
0.14750 0.010833780000 
0.14800 0.010588920000 
0.14850 0.010357840000 
0.14900 0.010132000000 
0.14950 0.009906160000 
0.15000 0.009680300000 
0.15050 0.009469420000 
0.15100 0.009260960000 
0.15150 0.009052520000 
0.15200 0.008844080000 
0.15250 0.008651480000 
0.15300 0.008459160000 
0.15350 0.008266860000 
0.15400 0.008075960000 
0.15450 0.007898820000 
0.15500 0.007721700000 
0.15550 0.007544560000 
0.15600 0.007370080000 
0.15650 0.007206820000 
0.15700 0.007043560000 
0.15750 0.006880300000 
0.15800 0.006720560000 
0.15850 0.006569980000 
0.15900 0.006419380000 
0.15950 0.006268800000 
0.16000 0.006122460000 
0.16050 0.005984020000 
0.16100 0.005845560000 
0.16150 0.005707120000 
0.16200 0.005573220000 
0.16250 0.005445840000 
0.16300 0.005318460000 
0.16350 0.005191080000 
0.16400 0.005068400000 
0.16450 0.004951280000 
0.16500 0.004834180000 
0.16550 0.004717060000 
0.16600 0.004604700000 
0.16650 0.004497280000 
0.16700 0.004389860000 
0.16750 0.004282440000 
0.16800 0.004179400000 
0.16850 0.004080640000 
0.16900 0.003981880000 
0.16950 0.003883120000 
0.17000 0.003788620000 
0.17050 0.003698180000 
0.17100 0.003607740000 
0.17150 0.003517320000 
0.17200 0.003430600000 
0.17250 0.003347580000 
0.17300 0.003264580000 
0.17350 0.003181560000 
0.17400 0.003101880000 
0.17450 0.003025880000 
0.17500 0.002949900000 
0.17550 0.002873900000 
0.17600 0.002800780000 
0.17650 0.002731400000 
0.17700 0.002662020000 
0.17750 0.002592640000 
0.17800 0.002525520000 
0.17850 0.002462140000 
0.17900 0.002398760000 
0.17950 0.002335360000 
0.18000 0.002273640000 
0.18050 0.002215680000 
0.18100 0.002157700000 
0.18150 0.002099740000 
0.18200 0.002042900000 
0.18250 0.001990054000 
0.18300 0.001937202000 
0.18350 0.001884350000 
0.18400 0.001832104000 
0.18450 0.001784076000 
0.18500 0.001736048000 
0.18550 0.001688018000 
0.18600 0.001640054000 
0.18650 0.001596266000 
0.18700 0.001552480000 
0.18750 0.001508694000 
0.18800 0.001464908000 
0.18850 0.001424776000 
0.18900 0.001385088000 
0.18950 0.001345398000 
0.19000 0.001305710000 
0.19050 0.001268740000 
0.19100 0.001232638000 
0.19150 0.001196538000 
0.19200 0.001160436000 
0.19250 0.001126416000 
0.19300 0.001093700000 
0.19350 0.001060986000 
0.19400 0.001028270000 
0.19450 0.000996994000 
0.19500 0.000967388000 
0.19550 0.000937782000 
0.19600 0.000908176000 
0.19650 0.000879440000 
0.19700 0.000852686000 
0.19750 0.000825932000 
0.19800 0.000799178000 
0.19850 0.000772794000 
0.19900 0.000748654000 
0.19950 0.000724514000 
0.20000 0.000700374000 
0.20050 0.000676234000 
0.20100 0.000654372000 
0.20150 0.000632562000 
0.20200 0.000610752000 
0.20250 0.000588942000 
0.20300 0.000568972000 
0.20350 0.000549420000 
0.20400 0.000529868000 
0.20450 0.000510318000 
0.20500 0.000492040000 
0.20550 0.000474438000 
0.20600 0.000456834000 
0.20650 0.000439230000 
0.20700 0.000422576000 
0.20750 0.000406864000 
0.20800 0.000391152000 
0.20850 0.000375440000 
0.20900 0.000360316000 
0.20950 0.000346230000 
0.21000 0.000332142000 
0.21050 0.000318056000 
0.21100 0.000304324000 
0.21150 0.000291732000 
0.21200 0.000279138000 
0.21250 0.000266546000 
0.21300 0.000254146000 
0.21350 0.000243008000 
0.21400 0.000231870000 
0.21450 0.000220734000 
0.21500 0.000209664000 
0.21550 0.000199778400 
0.21600 0.000189892000 
0.21650 0.000180005800 
0.21700 0.000170131400 
0.21750 0.000161469400 
0.21800 0.000152807400 
0.21850 0.000144145400 
0.21900 0.000135486000 
0.21950 0.000127882600 
0.22000 0.000120279200 
0.22050 0.000112675800 
0.22100 0.000105113000 
0.22150 0.000098497000 
0.22200 0.000091880800 
0.22250 0.000085264600 
0.22300 0.000078779000 
0.22350 0.000073139400 
0.22400 0.000067499800 
0.22450 0.000061860200 
0.22500 0.000056471000 
0.22550 0.000051700000 
0.22600 0.000046929200 
0.22650 0.000042158200 
0.22700 0.000037827000 
0.22750 0.000033911200 
0.22800 0.000029995400 
0.22850 0.000026079600 
0.22900 0.000022846400 
0.22950 0.000019761320 
0.23000 0.000016676260 
0.23050 0.000013772340 
0.23100 0.000011504760 
0.23150 0.000009237180 
0.23200 0.000006969600 
0.23250 0.000005325340 
0.23300 0.000003916720 
0.23350 0.000002508100 
