0.00000 175.233200000000 
0.00050 158.775200000000 
0.00100 142.317200000000 
0.00150 125.859200000000 
0.00200 109.401200000000 
0.00250 97.420800000000 
0.00300 86.776400000000 
0.00350 77.863800000000 
0.00400 70.553200000000 
0.00450 63.635800000000 
0.00500 58.408200000000 
0.00550 53.180400000000 
0.00600 49.032000000000 
0.00650 45.178800000000 
0.00700 41.623000000000 
0.00750 38.713800000000 
0.00800 35.804600000000 
0.00850 33.419800000000 
0.00900 31.179200000000 
0.00950 29.035000000000 
0.01000 27.280000000000 
0.01050 25.525200000000 
0.01100 23.973000000000 
0.01150 22.578800000000 
0.01200 21.184400000000 
0.01250 20.030000000000 
0.01300 18.907980000000 
0.01350 17.819000000000 
0.01400 16.906280000000 
0.01450 15.993560000000 
0.01500 15.145360000000 
0.01550 14.395540000000 
0.01600 13.645720000000 
0.01650 12.972940000000 
0.01700 12.351580000000 
0.01750 11.730200000000 
0.01800 11.187860000000 
0.01850 10.668880000000 
0.01900 10.149900000000 
0.01950 9.706360000000 
0.02000 9.269840000000 
0.02050 8.835360000000 
0.02100 8.465880000000 
0.02150 8.096400000000 
0.02200 7.733560000000 
0.02250 7.419000000000 
0.02300 7.104440000000 
0.02350 6.798440000000 
0.02400 6.529240000000 
0.02450 6.260040000000 
0.02500 5.999700000000 
0.02550 5.768200000000 
0.02600 5.536720000000 
0.02650 5.313460000000 
0.02700 5.113540000000 
0.02750 4.913600000000 
0.02800 4.720780000000 
0.02850 4.547440000000 
0.02900 4.374080000000 
0.02950 4.206480000000 
0.03000 4.055620000000 
0.03050 3.904760000000 
0.03100 3.758240000000 
0.03150 3.626520000000 
0.03200 3.494800000000 
0.03250 3.366040000000 
0.03300 3.250680000000 
0.03350 3.135320000000 
0.03400 3.021620000000 
0.03450 2.920300000000 
0.03500 2.818980000000 
0.03550 2.718160000000 
0.03600 2.628940000000 
0.03650 2.539720000000 
0.03700 2.450500000000 
0.03750 2.371200000000 
0.03800 2.292460000000 
0.03850 2.213700000000 
0.03900 2.142600000000 
0.03950 2.072920000000 
0.04000 2.003260000000 
0.04050 1.939276000000 
0.04100 1.877522000000 
0.04150 1.815768000000 
0.04200 1.758032000000 
0.04250 1.703186000000 
0.04300 1.648342000000 
0.04350 1.596096000000 
0.04400 1.547306000000 
0.04450 1.498516000000 
0.04500 1.451118000000 
0.04550 1.407642000000 
0.04600 1.364166000000 
0.04650 1.321062000000 
0.04700 1.282264000000 
0.04750 1.243464000000 
0.04800 1.204664000000 
0.04850 1.169508000000 
0.04900 1.134832000000 
0.04950 1.100156000000 
0.05000 1.067928000000 
0.05050 1.036898000000 
0.05100 1.005868000000 
0.05150 0.976274000000 
0.05200 0.948472000000 
0.05250 0.920670000000 
0.05300 0.893448000000 
0.05350 0.868508000000 
0.05400 0.843566000000 
0.05450 0.818626000000 
0.05500 0.796092000000 
0.05550 0.773694000000 
0.05600 0.751296000000 
0.05650 0.730424000000 
0.05700 0.710286000000 
0.05750 0.690150000000 
0.05800 0.670794000000 
0.05850 0.652674000000 
0.05900 0.634554000000 
0.05950 0.616584000000 
0.06000 0.600262000000 
0.06050 0.583938000000 
0.06100 0.567616000000 
0.06150 0.552522000000 
0.06200 0.537804000000 
0.06250 0.523086000000 
0.06300 0.508990000000 
0.06350 0.495708000000 
0.06400 0.482426000000 
0.06450 0.469254000000 
0.06500 0.457256000000 
0.06550 0.445260000000 
0.06600 0.433262000000 
0.06650 0.422094000000 
0.06700 0.411250000000 
0.06750 0.400404000000 
0.06800 0.389912000000 
0.06850 0.380098000000 
0.06900 0.370286000000 
0.06950 0.360474000000 
0.07000 0.351538000000 
0.07050 0.342652000000 
0.07100 0.333766000000 
0.07150 0.325328000000 
0.07200 0.317276000000 
0.07250 0.309224000000 
0.07300 0.301256000000 
0.07350 0.293952000000 
0.07400 0.286650000000 
0.07450 0.279348000000 
0.07500 0.272498000000 
0.07550 0.265870000000 
0.07600 0.259242000000 
0.07650 0.252746000000 
0.07700 0.246726000000 
0.07750 0.240706000000 
0.07800 0.234684000000 
0.07850 0.229074000000 
0.07900 0.223602000000 
0.07950 0.218128000000 
0.08000 0.212786000000 
0.08050 0.207808000000 
0.08100 0.202830000000 
0.08150 0.197852800000 
0.08200 0.193215800000 
0.08250 0.188683600000 
0.08300 0.184151600000 
0.08350 0.179721400000 
0.08400 0.175593000000 
0.08450 0.171464400000 
0.08500 0.167335800000 
0.08550 0.163472200000 
0.08600 0.159708000000 
0.08650 0.155943600000 
0.08700 0.152241800000 
0.08750 0.148808600000 
0.08800 0.145375200000 
0.08850 0.141941800000 
0.08900 0.138698400000 
0.08950 0.135563000000 
0.09000 0.132427600000 
0.09050 0.129312000000 
0.09100 0.126447800000 
0.09150 0.123583600000 
0.09200 0.120719400000 
0.09250 0.117977200000 
0.09300 0.115358400000 
0.09350 0.112739600000 
0.09400 0.110120800000 
0.09450 0.107705000000 
0.09500 0.105309600000 
0.09550 0.102914200000 
0.09600 0.100581000000 
0.09650 0.098387400000 
0.09700 0.096193800000 
0.09750 0.094000000000 
0.09800 0.091935000000 
0.09850 0.089926000000 
0.09900 0.087916800000 
0.09950 0.085920200000 
0.10000 0.084078400000 
0.10050 0.082236600000 
0.10100 0.080394800000 
0.10150 0.078620400000 
0.10200 0.076930800000 
0.10250 0.075241400000 
0.10300 0.073552000000 
0.10350 0.071973400000 
0.10400 0.070422800000 
0.10450 0.068872200000 
0.10500 0.067340000000 
0.10550 0.065915800000 
0.10600 0.064491800000 
0.10650 0.063067800000 
0.10700 0.061699400000 
0.10750 0.060390800000 
0.10800 0.059082200000 
0.10850 0.057773600000 
0.10900 0.056550600000 
0.10950 0.055347400000 
0.11000 0.054144400000 
0.11050 0.052953600000 
0.11100 0.051846400000 
0.11150 0.050739400000 
0.11200 0.049632200000 
0.11250 0.048563800000 
0.11300 0.047545400000 
0.11350 0.046526800000 
0.11400 0.045508400000 
0.11450 0.044549200000 
0.11500 0.043610800000 
0.11550 0.042672600000 
0.11600 0.041736800000 
0.11650 0.040872400000 
0.11700 0.040008200000 
0.11750 0.039144000000 
0.11800 0.038300800000 
0.11850 0.037504000000 
0.11900 0.036707200000 
0.11950 0.035910200000 
0.12000 0.035150400000 
0.12050 0.034416200000 
0.12100 0.033681800000 
0.12150 0.032947600000 
0.12200 0.032262000000 
0.12250 0.031584600000 
0.12300 0.030907000000 
0.12350 0.030235800000 
0.12400 0.029610400000 
0.12450 0.028985000000 
0.12500 0.028359600000 
0.12550 0.027752200000 
0.12600 0.027175000000 
0.12650 0.026598000000 
0.12700 0.026021000000 
0.12750 0.025471200000 
0.12800 0.024938600000 
0.12850 0.024406000000 
0.12900 0.023873400000 
0.12950 0.023375200000 
0.13000 0.022883200000 
0.13050 0.022391200000 
0.13100 0.021902200000 
0.13150 0.021448000000 
0.13200 0.020993800000 
0.13250 0.020539400000 
0.13300 0.020095400000 
0.13350 0.019675760000 
0.13400 0.019256060000 
0.13450 0.018836340000 
0.13500 0.018432780000 
0.13550 0.018044920000 
0.13600 0.017657080000 
0.13650 0.017269220000 
0.13700 0.016902440000 
0.13750 0.016544300000 
0.13800 0.016186180000 
0.13850 0.015828040000 
0.13900 0.015494440000 
0.13950 0.015163500000 
0.14000 0.014832540000 
0.14050 0.014503780000 
0.14100 0.014198260000 
0.14150 0.013892720000 
0.14200 0.013587180000 
0.14250 0.013287720000 
0.14300 0.013005420000 
0.14350 0.012723140000 
0.14400 0.012440860000 
0.14450 0.012167740000 
0.14500 0.011906980000 
0.14550 0.011646220000 
0.14600 0.011385460000 
0.14650 0.011136280000 
0.14700 0.010895480000 
0.14750 0.010654660000 
0.14800 0.010413840000 
0.14850 0.010186580000 
0.14900 0.009964480000 
0.14950 0.009742360000 
0.15000 0.009520260000 
0.15050 0.009312860000 
0.15100 0.009107860000 
0.15150 0.008902860000 
0.15200 0.008697860000 
0.15250 0.008508440000 
0.15300 0.008319320000 
0.15350 0.008130200000 
0.15400 0.007942460000 
0.15450 0.007768240000 
0.15500 0.007594040000 
0.15550 0.007419840000 
0.15600 0.007248260000 
0.15650 0.007087700000 
0.15700 0.006927140000 
0.15750 0.006766560000 
0.15800 0.006609460000 
0.15850 0.006461380000 
0.15900 0.006313280000 
0.15950 0.006165180000 
0.16000 0.006021260000 
0.16050 0.005885100000 
0.16100 0.005748940000 
0.16150 0.005612780000 
0.16200 0.005481100000 
0.16250 0.005355820000 
0.16300 0.005230540000 
0.16350 0.005105280000 
0.16400 0.004984620000 
0.16450 0.004869460000 
0.16500 0.004754280000 
0.16550 0.004639100000 
0.16600 0.004528600000 
0.16650 0.004422960000 
0.16700 0.004317300000 
0.16750 0.004211660000 
0.16800 0.004110340000 
0.16850 0.004013200000 
0.16900 0.003916080000 
0.16950 0.003818940000 
0.17000 0.003726000000 
0.17050 0.003637060000 
0.17100 0.003548120000 
0.17150 0.003459200000 
0.17200 0.003373900000 
0.17250 0.003292260000 
0.17300 0.003210620000 
0.17350 0.003129000000 
0.17400 0.003050620000 
0.17450 0.002975880000 
0.17500 0.002901160000 
0.17550 0.002826420000 
0.17600 0.002754500000 
0.17650 0.002686260000 
0.17700 0.002618040000 
0.17750 0.002549800000 
0.17800 0.002483800000 
0.17850 0.002421460000 
0.17900 0.002359120000 
0.17950 0.002296780000 
0.18000 0.002236080000 
0.18050 0.002179060000 
0.18100 0.002122060000 
0.18150 0.002065040000 
0.18200 0.002009160000 
0.18250 0.001957178000 
0.18300 0.001905200000 
0.18350 0.001853220000 
0.18400 0.001801838000 
0.18450 0.001754602000 
0.18500 0.001707368000 
0.18550 0.001660132000 
0.18600 0.001612960000 
0.18650 0.001569898000 
0.18700 0.001526834000 
0.18750 0.001483772000 
0.18800 0.001440708000 
0.18850 0.001401240000 
0.18900 0.001362208000 
0.18950 0.001323174000 
0.19000 0.001284142000 
0.19050 0.001247784000 
0.19100 0.001212278000 
0.19150 0.001176774000 
0.19200 0.001141268000 
0.19250 0.001107810000 
0.19300 0.001075636000 
0.19350 0.001043462000 
0.19400 0.001011286000 
0.19450 0.000980528000 
0.19500 0.000951410000 
0.19550 0.000922294000 
0.19600 0.000893176000 
0.19650 0.000864914000 
0.19700 0.000838602000 
0.19750 0.000812290000 
0.19800 0.000785978000 
0.19850 0.000760032000 
0.19900 0.000736290000 
0.19950 0.000712548000 
0.20000 0.000688808000 
0.20050 0.000665066000 
0.20100 0.000643566000 
0.20150 0.000622116000 
0.20200 0.000600666000 
0.20250 0.000579216000 
0.20300 0.000559576000 
0.20350 0.000540346000 
0.20400 0.000521118000 
0.20450 0.000501890000 
0.20500 0.000483916000 
0.20550 0.000466602000 
0.20600 0.000449290000 
0.20650 0.000431976000 
0.20700 0.000415598000 
0.20750 0.000400146000 
0.20800 0.000384692000 
0.20850 0.000369240000 
0.20900 0.000354366000 
0.20950 0.000340512000 
0.21000 0.000326658000 
0.21050 0.000312804000 
0.21100 0.000299300000 
0.21150 0.000286914000 
0.21200 0.000274530000 
0.21250 0.000262144000 
0.21300 0.000249950000 
0.21350 0.000238996000 
0.21400 0.000228042000 
0.21450 0.000217088000 
0.21500 0.000206202000 
0.21550 0.000196479800 
0.21600 0.000186756800 
0.21650 0.000177034000 
0.21700 0.000167322400 
0.21750 0.000158803400 
0.21800 0.000150284600 
0.21850 0.000141765600 
0.21900 0.000133249200 
0.21950 0.000125771400 
0.22000 0.000118293400 
0.22050 0.000110815600 
0.22100 0.000103377800 
0.22150 0.000096870800 
0.22200 0.000090364000 
0.22250 0.000083857000 
0.22300 0.000077478400 
0.22350 0.000071932000 
0.22400 0.000066385600 
0.22450 0.000060839000 
0.22500 0.000055538800 
0.22550 0.000050846600 
0.22600 0.000046154400 
0.22650 0.000041462200 
0.22700 0.000037202400 
0.22750 0.000033351400 
0.22800 0.000029500200 
0.22850 0.000025649200 
0.22900 0.000022469200 
0.22950 0.000019435120 
0.23000 0.000016400980 
0.23050 0.000013545000 
0.23100 0.000011314860 
0.23150 0.000009084700 
0.23200 0.000006854560 
0.23250 0.000005237440 
0.23300 0.000003852080 
0.23350 0.000002466700 
