0.00000 172.410800000000 
0.00050 156.211400000000 
0.00100 140.012200000000 
0.00150 123.813000000000 
0.00200 107.613800000000 
0.00250 95.824400000000 
0.00300 85.351000000000 
0.00350 76.582200000000 
0.00400 69.390200000000 
0.00450 62.585200000000 
0.00500 57.443000000000 
0.00550 52.300600000000 
0.00600 48.220200000000 
0.00650 44.430200000000 
0.00700 40.932800000000 
0.00750 38.071600000000 
0.00800 35.210200000000 
0.00850 32.864600000000 
0.00900 30.661000000000 
0.00950 28.552200000000 
0.01000 26.826400000000 
0.01050 25.100400000000 
0.01100 23.574000000000 
0.01150 22.202800000000 
0.01200 20.831400000000 
0.01250 19.696220000000 
0.01300 18.592880000000 
0.01350 17.521940000000 
0.01400 16.624360000000 
0.01450 15.726780000000 
0.01500 14.892660000000 
0.01550 14.155300000000 
0.01600 13.417940000000 
0.01650 12.756360000000 
0.01700 12.145300000000 
0.01750 11.534260000000 
0.01800 11.000940000000 
0.01850 10.490600000000 
0.01900 9.980260000000 
0.01950 9.544080000000 
0.02000 9.114840000000 
0.02050 8.687600000000 
0.02100 8.324280000000 
0.02150 7.960940000000 
0.02200 7.604160000000 
0.02250 7.294840000000 
0.02300 6.985520000000 
0.02350 6.684620000000 
0.02400 6.419920000000 
0.02450 6.155200000000 
0.02500 5.899200000000 
0.02550 5.671580000000 
0.02600 5.443960000000 
0.02650 5.224420000000 
0.02700 5.027820000000 
0.02750 4.831240000000 
0.02800 4.641640000000 
0.02850 4.471180000000 
0.02900 4.300740000000 
0.02950 4.135940000000 
0.03000 3.987600000000 
0.03050 3.839260000000 
0.03100 3.695180000000 
0.03150 3.565660000000 
0.03200 3.436140000000 
0.03250 3.309540000000 
0.03300 3.196100000000 
0.03350 3.082680000000 
0.03400 2.970900000000 
0.03450 2.871260000000 
0.03500 2.771640000000 
0.03550 2.672500000000 
0.03600 2.584780000000 
0.03650 2.497040000000 
0.03700 2.409320000000 
0.03750 2.331360000000 
0.03800 2.253920000000 
0.03850 2.176480000000 
0.03900 2.106580000000 
0.03950 2.038080000000 
0.04000 1.969572000000 
0.04050 1.906668000000 
0.04100 1.845950000000 
0.04150 1.785230000000 
0.04200 1.728462000000 
0.04250 1.674538000000 
0.04300 1.620614000000 
0.04350 1.569242000000 
0.04400 1.521272000000 
0.04450 1.473302000000 
0.04500 1.426698000000 
0.04550 1.383952000000 
0.04600 1.341206000000 
0.04650 1.298826000000 
0.04700 1.260678000000 
0.04750 1.222530000000 
0.04800 1.184382000000 
0.04850 1.149816000000 
0.04900 1.115724000000 
0.04950 1.081630000000 
0.05000 1.049944000000 
0.05050 1.019436000000 
0.05100 0.988926000000 
0.05150 0.959830000000 
0.05200 0.932494000000 
0.05250 0.905160000000 
0.05300 0.878396000000 
0.05350 0.853874000000 
0.05400 0.829352000000 
0.05450 0.804832000000 
0.05500 0.782676000000 
0.05550 0.760654000000 
0.05600 0.738634000000 
0.05650 0.718112000000 
0.05700 0.698314000000 
0.05750 0.678516000000 
0.05800 0.659486000000 
0.05850 0.641670000000 
0.05900 0.623856000000 
0.05950 0.606188000000 
0.06000 0.590140000000 
0.06050 0.574092000000 
0.06100 0.558044000000 
0.06150 0.543206000000 
0.06200 0.528734000000 
0.06250 0.514264000000 
0.06300 0.500406000000 
0.06350 0.487348000000 
0.06400 0.474290000000 
0.06450 0.461338000000 
0.06500 0.449544000000 
0.06550 0.437748000000 
0.06600 0.425954000000 
0.06650 0.414974000000 
0.06700 0.404312000000 
0.06750 0.393648000000 
0.06800 0.383332000000 
0.06850 0.373684000000 
0.06900 0.364038000000 
0.06950 0.354390000000 
0.07000 0.345606000000 
0.07050 0.336870000000 
0.07100 0.328134000000 
0.07150 0.319836000000 
0.07200 0.311920000000 
0.07250 0.304004000000 
0.07300 0.296170000000 
0.07350 0.288992000000 
0.07400 0.281812000000 
0.07450 0.274632000000 
0.07500 0.267898000000 
0.07550 0.261382000000 
0.07600 0.254866000000 
0.07650 0.248478000000 
0.07700 0.242560000000 
0.07750 0.236642000000 
0.07800 0.230722000000 
0.07850 0.225206000000 
0.07900 0.219826000000 
0.07950 0.214446000000 
0.08000 0.209194000000 
0.08050 0.204300000000 
0.08100 0.199405600000 
0.08150 0.194511600000 
0.08200 0.189952800000 
0.08250 0.185497200000 
0.08300 0.181041600000 
0.08350 0.176686200000 
0.08400 0.172627200000 
0.08450 0.168568400000 
0.08500 0.164509400000 
0.08550 0.160711000000 
0.08600 0.157010400000 
0.08650 0.153309600000 
0.08700 0.149670200000 
0.08750 0.146294800000 
0.08800 0.142919400000 
0.08850 0.139544000000 
0.08900 0.136355400000 
0.08950 0.133273000000 
0.09000 0.130190400000 
0.09050 0.127127600000 
0.09100 0.124311600000 
0.09150 0.121495800000 
0.09200 0.118680000000 
0.09250 0.115984000000 
0.09300 0.113409400000 
0.09350 0.110834800000 
0.09400 0.108260400000 
0.09450 0.105885200000 
0.09500 0.103530200000 
0.09550 0.101175200000 
0.09600 0.098881600000 
0.09650 0.096725000000 
0.09700 0.094568400000 
0.09750 0.092411800000 
0.09800 0.090381600000 
0.09850 0.088406400000 
0.09900 0.086431200000 
0.09950 0.084468200000 
0.10000 0.082657600000 
0.10050 0.080846800000 
0.10100 0.079036200000 
0.10150 0.077291800000 
0.10200 0.075630800000 
0.10250 0.073969800000 
0.10300 0.072309000000 
0.10350 0.070757000000 
0.10400 0.069232600000 
0.10450 0.067708200000 
0.10500 0.066201800000 
0.10550 0.064801800000 
0.10600 0.063401800000 
0.10650 0.062001800000 
0.10700 0.060656600000 
0.10750 0.059370200000 
0.10800 0.058083600000 
0.10850 0.056797200000 
0.10900 0.055594800000 
0.10950 0.054412000000 
0.11000 0.053229200000 
0.11050 0.052058600000 
0.11100 0.050970200000 
0.11150 0.049881800000 
0.11200 0.048793200000 
0.11250 0.047743000000 
0.11300 0.046741800000 
0.11350 0.045740400000 
0.11400 0.044739000000 
0.11450 0.043796200000 
0.11500 0.042873800000 
0.11550 0.041951400000 
0.11600 0.041031200000 
0.11650 0.040181600000 
0.11700 0.039332000000 
0.11750 0.038482200000 
0.11800 0.037653400000 
0.11850 0.036870000000 
0.11900 0.036086600000 
0.11950 0.035303200000 
0.12000 0.034556200000 
0.12050 0.033834400000 
0.12100 0.033112600000 
0.12150 0.032390600000 
0.12200 0.031716800000 
0.12250 0.031050600000 
0.12300 0.030384600000 
0.12350 0.029724600000 
0.12400 0.029109800000 
0.12450 0.028495000000 
0.12500 0.027880200000 
0.12550 0.027283000000 
0.12600 0.026715600000 
0.12650 0.026148400000 
0.12700 0.025581000000 
0.12750 0.025040600000 
0.12800 0.024517000000 
0.12850 0.023993400000 
0.12900 0.023469800000 
0.12950 0.022980000000 
0.13000 0.022496400000 
0.13050 0.022012800000 
0.13100 0.021532000000 
0.13150 0.021085400000 
0.13200 0.020638800000 
0.13250 0.020192200000 
0.13300 0.019755740000 
0.13350 0.019343120000 
0.13400 0.018930520000 
0.13450 0.018517900000 
0.13500 0.018121140000 
0.13550 0.017739860000 
0.13600 0.017358560000 
0.13650 0.016977280000 
0.13700 0.016616680000 
0.13750 0.016264620000 
0.13800 0.015912540000 
0.13850 0.015560460000 
0.13900 0.015232480000 
0.13950 0.014907140000 
0.14000 0.014581780000 
0.14050 0.014258580000 
0.14100 0.013958220000 
0.14150 0.013657840000 
0.14200 0.013357480000 
0.14250 0.013063060000 
0.14300 0.012785560000 
0.14350 0.012508040000 
0.14400 0.012230520000 
0.14450 0.011962040000 
0.14500 0.011705680000 
0.14550 0.011449320000 
0.14600 0.011192980000 
0.14650 0.010948020000 
0.14700 0.010711260000 
0.14750 0.010474520000 
0.14800 0.010237780000 
0.14850 0.010014360000 
0.14900 0.009796020000 
0.14950 0.009577660000 
0.15000 0.009359300000 
0.15050 0.009155400000 
0.15100 0.008953880000 
0.15150 0.008752340000 
0.15200 0.008550820000 
0.15250 0.008364600000 
0.15300 0.008178680000 
0.15350 0.007992740000 
0.15400 0.007808180000 
0.15450 0.007636920000 
0.15500 0.007465660000 
0.15550 0.007294400000 
0.15600 0.007125720000 
0.15650 0.006967860000 
0.15700 0.006810020000 
0.15750 0.006652180000 
0.15800 0.006497720000 
0.15850 0.006352140000 
0.15900 0.006206540000 
0.15950 0.006060940000 
0.16000 0.005919480000 
0.16050 0.005785620000 
0.16100 0.005651760000 
0.16150 0.005517880000 
0.16200 0.005388420000 
0.16250 0.005265280000 
0.16300 0.005142120000 
0.16350 0.005018960000 
0.16400 0.004900360000 
0.16450 0.004787120000 
0.16500 0.004673900000 
0.16550 0.004560680000 
0.16600 0.004452040000 
0.16650 0.004348180000 
0.16700 0.004244320000 
0.16750 0.004140460000 
0.16800 0.004040840000 
0.16850 0.003945360000 
0.16900 0.003849880000 
0.16950 0.003754380000 
0.17000 0.003663020000 
0.17050 0.003575580000 
0.17100 0.003488140000 
0.17150 0.003400700000 
0.17200 0.003316860000 
0.17250 0.003236600000 
0.17300 0.003156360000 
0.17350 0.003076100000 
0.17400 0.002999060000 
0.17450 0.002925580000 
0.17500 0.002852100000 
0.17550 0.002778640000 
0.17600 0.002707920000 
0.17650 0.002640860000 
0.17700 0.002573780000 
0.17750 0.002506700000 
0.17800 0.002441820000 
0.17850 0.002380520000 
0.17900 0.002319240000 
0.17950 0.002257960000 
0.18000 0.002198280000 
0.18050 0.002142220000 
0.18100 0.002086180000 
0.18150 0.002030140000 
0.18200 0.001975190000 
0.18250 0.001924090000 
0.18300 0.001872990000 
0.18350 0.001821890000 
0.18400 0.001771376000 
0.18450 0.001724940000 
0.18500 0.001678504000 
0.18550 0.001632068000 
0.18600 0.001585692000 
0.18650 0.001543358000 
0.18700 0.001501022000 
0.18750 0.001458688000 
0.18800 0.001416352000 
0.18850 0.001377552000 
0.18900 0.001339178000 
0.18950 0.001300806000 
0.19000 0.001262432000 
0.19050 0.001226690000 
0.19100 0.001191784000 
0.19150 0.001156880000 
0.19200 0.001121976000 
0.19250 0.001089084000 
0.19300 0.001057452000 
0.19350 0.001025822000 
0.19400 0.000994192000 
0.19450 0.000963952000 
0.19500 0.000935326000 
0.19550 0.000906702000 
0.19600 0.000878078000 
0.19650 0.000850292000 
0.19700 0.000824426000 
0.19750 0.000798558000 
0.19800 0.000772692000 
0.19850 0.000747184000 
0.19900 0.000723844000 
0.19950 0.000700504000 
0.20000 0.000677164000 
0.20050 0.000653824000 
0.20100 0.000632686000 
0.20150 0.000611600000 
0.20200 0.000590512000 
0.20250 0.000569426000 
0.20300 0.000550116000 
0.20350 0.000531212000 
0.20400 0.000512310000 
0.20450 0.000493406000 
0.20500 0.000475734000 
0.20550 0.000458714000 
0.20600 0.000441694000 
0.20650 0.000424674000 
0.20700 0.000408574000 
0.20750 0.000393382000 
0.20800 0.000378190000 
0.20850 0.000362998000 
0.20900 0.000348376000 
0.20950 0.000334756000 
0.21000 0.000321136000 
0.21050 0.000307516000 
0.21100 0.000294240000 
0.21150 0.000282064000 
0.21200 0.000269888000 
0.21250 0.000257714000 
0.21300 0.000245724000 
0.21350 0.000234956000 
0.21400 0.000224188000 
0.21450 0.000213418000 
0.21500 0.000202718000 
0.21550 0.000193158600 
0.21600 0.000183600000 
0.21650 0.000174041400 
0.21700 0.000164494000 
0.21750 0.000156119200 
0.21800 0.000147744200 
0.21850 0.000139369200 
0.21900 0.000130996800 
0.21950 0.000123645400 
0.22000 0.000116294000 
0.22050 0.000108942400 
0.22100 0.000101630400 
0.22150 0.000095233400 
0.22200 0.000088836600 
0.22250 0.000082439600 
0.22300 0.000076168800 
0.22350 0.000070716000 
0.22400 0.000065263400 
0.22450 0.000059810800 
0.22500 0.000054600000 
0.22550 0.000049987200 
0.22600 0.000045374200 
0.22650 0.000040761400 
0.22700 0.000036573600 
0.22750 0.000032787600 
0.22800 0.000029001600 
0.22850 0.000025215600 
0.22900 0.000022089400 
0.22950 0.000019106600 
0.23000 0.000016123760 
0.23050 0.000013316060 
0.23100 0.000011123600 
0.23150 0.000008931140 
0.23200 0.000006738700 
0.23250 0.000005148920 
0.23300 0.000003786960 
0.23350 0.000002425020 
