0.00000 169.590600000000 
0.00050 153.650200000000 
0.00100 137.710000000000 
0.00150 121.769800000000 
0.00200 105.829600000000 
0.00250 94.231400000000 
0.00300 83.928800000000 
0.00350 75.303800000000 
0.00400 68.230200000000 
0.00450 61.537400000000 
0.00500 56.480400000000 
0.00550 51.423400000000 
0.00600 47.410800000000 
0.00650 43.684000000000 
0.00700 40.245000000000 
0.00750 37.431400000000 
0.00800 34.617800000000 
0.00850 32.311600000000 
0.00900 30.144800000000 
0.00950 28.071200000000 
0.01000 26.374400000000 
0.01050 24.677400000000 
0.01100 23.176600000000 
0.01150 21.828200000000 
0.01200 20.480000000000 
0.01250 19.363760000000 
0.01300 18.278960000000 
0.01350 17.226020000000 
0.01400 16.343540000000 
0.01450 15.461040000000 
0.01500 14.640960000000 
0.01550 13.916000000000 
0.01600 13.191040000000 
0.01650 12.540600000000 
0.01700 11.939840000000 
0.01750 11.339080000000 
0.01800 10.814740000000 
0.01850 10.313020000000 
0.01900 9.811280000000 
0.01950 9.382460000000 
0.02000 8.960460000000 
0.02050 8.540420000000 
0.02100 8.183220000000 
0.02150 7.826020000000 
0.02200 7.475240000000 
0.02250 7.171160000000 
0.02300 6.867060000000 
0.02350 6.571240000000 
0.02400 6.311000000000 
0.02450 6.050760000000 
0.02500 5.799080000000 
0.02550 5.575300000000 
0.02600 5.351540000000 
0.02650 5.135700000000 
0.02700 4.942440000000 
0.02750 4.749180000000 
0.02800 4.562780000000 
0.02850 4.395220000000 
0.02900 4.227640000000 
0.02950 4.065640000000 
0.03000 3.919800000000 
0.03050 3.773980000000 
0.03100 3.632360000000 
0.03150 3.505020000000 
0.03200 3.377700000000 
0.03250 3.253240000000 
0.03300 3.141740000000 
0.03350 3.030220000000 
0.03400 2.920320000000 
0.03450 2.822380000000 
0.03500 2.724440000000 
0.03550 2.627000000000 
0.03600 2.540760000000 
0.03650 2.454520000000 
0.03700 2.368280000000 
0.03750 2.291640000000 
0.03800 2.215520000000 
0.03850 2.139400000000 
0.03900 2.070680000000 
0.03950 2.003340000000 
0.04000 1.936002000000 
0.04050 1.874164000000 
0.04100 1.814478000000 
0.04150 1.754790000000 
0.04200 1.698986000000 
0.04250 1.645978000000 
0.04300 1.592970000000 
0.04350 1.542472000000 
0.04400 1.495318000000 
0.04450 1.448162000000 
0.04500 1.402352000000 
0.04550 1.360332000000 
0.04600 1.318314000000 
0.04650 1.276656000000 
0.04700 1.239156000000 
0.04750 1.201658000000 
0.04800 1.164158000000 
0.04850 1.130180000000 
0.04900 1.096668000000 
0.04950 1.063156000000 
0.05000 1.032008000000 
0.05050 1.002020000000 
0.05100 0.972030000000 
0.05150 0.943428000000 
0.05200 0.916560000000 
0.05250 0.889690000000 
0.05300 0.863382000000 
0.05350 0.839280000000 
0.05400 0.815176000000 
0.05450 0.791072000000 
0.05500 0.769294000000 
0.05550 0.747648000000 
0.05600 0.726002000000 
0.05650 0.705830000000 
0.05700 0.686370000000 
0.05750 0.666910000000 
0.05800 0.648204000000 
0.05850 0.630694000000 
0.05900 0.613182000000 
0.05950 0.595816000000 
0.06000 0.580042000000 
0.06050 0.564268000000 
0.06100 0.548494000000 
0.06150 0.533908000000 
0.06200 0.519684000000 
0.06250 0.505460000000 
0.06300 0.491838000000 
0.06350 0.479004000000 
0.06400 0.466170000000 
0.06450 0.453438000000 
0.06500 0.441846000000 
0.06550 0.430252000000 
0.06600 0.418658000000 
0.06650 0.407866000000 
0.06700 0.397386000000 
0.06750 0.386906000000 
0.06800 0.376766000000 
0.06850 0.367284000000 
0.06900 0.357800000000 
0.06950 0.348318000000 
0.07000 0.339684000000 
0.07050 0.331096000000 
0.07100 0.322510000000 
0.07150 0.314356000000 
0.07200 0.306574000000 
0.07250 0.298794000000 
0.07300 0.291094000000 
0.07350 0.284038000000 
0.07400 0.276980000000 
0.07450 0.269924000000 
0.07500 0.263304000000 
0.07550 0.256900000000 
0.07600 0.250496000000 
0.07650 0.244218000000 
0.07700 0.238400000000 
0.07750 0.232582000000 
0.07800 0.226766000000 
0.07850 0.221344000000 
0.07900 0.216056000000 
0.07950 0.210768000000 
0.08000 0.205604000000 
0.08050 0.200794000000 
0.08100 0.195984800000 
0.08150 0.191174800000 
0.08200 0.186694000000 
0.08250 0.182314600000 
0.08300 0.177935200000 
0.08350 0.173654600000 
0.08400 0.169665200000 
0.08450 0.165675800000 
0.08500 0.161686400000 
0.08550 0.157953000000 
0.08600 0.154315800000 
0.08650 0.150678400000 
0.08700 0.147101400000 
0.08750 0.143783800000 
0.08800 0.140466400000 
0.08850 0.137148800000 
0.08900 0.134014800000 
0.08950 0.130985000000 
0.09000 0.127955400000 
0.09050 0.124945000000 
0.09100 0.122177400000 
0.09150 0.119409800000 
0.09200 0.116642200000 
0.09250 0.113992400000 
0.09300 0.111462000000 
0.09350 0.108931600000 
0.09400 0.106401200000 
0.09450 0.104066800000 
0.09500 0.101752200000 
0.09550 0.099437600000 
0.09600 0.097183200000 
0.09650 0.095063600000 
0.09700 0.092944000000 
0.09750 0.090824400000 
0.09800 0.088829000000 
0.09850 0.086887800000 
0.09900 0.084946400000 
0.09950 0.083017200000 
0.10000 0.081237600000 
0.10050 0.079458000000 
0.10100 0.077678400000 
0.10150 0.075963800000 
0.10200 0.074331400000 
0.10250 0.072699000000 
0.10300 0.071066600000 
0.10350 0.069541200000 
0.10400 0.068043000000 
0.10450 0.066544800000 
0.10500 0.065064200000 
0.10550 0.063688200000 
0.10600 0.062312200000 
0.10650 0.060936200000 
0.10700 0.059614200000 
0.10750 0.058349800000 
0.10800 0.057085400000 
0.10850 0.055821000000 
0.10900 0.054639200000 
0.10950 0.053476800000 
0.11000 0.052314200000 
0.11050 0.051163800000 
0.11100 0.050094000000 
0.11150 0.049024200000 
0.11200 0.047954600000 
0.11250 0.046922200000 
0.11300 0.045938200000 
0.11350 0.044954000000 
0.11400 0.043970000000 
0.11450 0.043043200000 
0.11500 0.042136600000 
0.11550 0.041230000000 
0.11600 0.040325800000 
0.11650 0.039490800000 
0.11700 0.038655600000 
0.11750 0.037820600000 
0.11800 0.037006000000 
0.11850 0.036236000000 
0.11900 0.035466200000 
0.11950 0.034696200000 
0.12000 0.033962000000 
0.12050 0.033252600000 
0.12100 0.032543000000 
0.12150 0.031833600000 
0.12200 0.031171200000 
0.12250 0.030516600000 
0.12300 0.029862000000 
0.12350 0.029213400000 
0.12400 0.028609200000 
0.12450 0.028005000000 
0.12500 0.027400600000 
0.12550 0.026813800000 
0.12600 0.026256200000 
0.12650 0.025698600000 
0.12700 0.025141000000 
0.12750 0.024609800000 
0.12800 0.024095200000 
0.12850 0.023580600000 
0.12900 0.023066000000 
0.12950 0.022584800000 
0.13000 0.022109400000 
0.13050 0.021634000000 
0.13100 0.021161400000 
0.13150 0.020722600000 
0.13200 0.020283800000 
0.13250 0.019844880000 
0.13300 0.019415860000 
0.13350 0.019010340000 
0.13400 0.018604820000 
0.13450 0.018199300000 
0.13500 0.017809360000 
0.13550 0.017434640000 
0.13600 0.017059900000 
0.13650 0.016685160000 
0.13700 0.016330780000 
0.13750 0.015984760000 
0.13800 0.015638720000 
0.13850 0.015292700000 
0.13900 0.014970380000 
0.13950 0.014650620000 
0.14000 0.014330860000 
0.14050 0.014013220000 
0.14100 0.013718020000 
0.14150 0.013422820000 
0.14200 0.013127620000 
0.14250 0.012838260000 
0.14300 0.012565520000 
0.14350 0.012292780000 
0.14400 0.012020040000 
0.14450 0.011756160000 
0.14500 0.011504220000 
0.14550 0.011252280000 
0.14600 0.011000340000 
0.14650 0.010759600000 
0.14700 0.010526920000 
0.14750 0.010294240000 
0.14800 0.010061560000 
0.14850 0.009842000000 
0.14900 0.009627400000 
0.14950 0.009412800000 
0.15000 0.009198200000 
0.15050 0.008997820000 
0.15100 0.008799760000 
0.15150 0.008601700000 
0.15200 0.008403620000 
0.15250 0.008220620000 
0.15300 0.008037900000 
0.15350 0.007855160000 
0.15400 0.007673760000 
0.15450 0.007505460000 
0.15500 0.007337140000 
0.15550 0.007168840000 
0.15600 0.007003040000 
0.15650 0.006847920000 
0.15700 0.006692780000 
0.15750 0.006537660000 
0.15800 0.006385860000 
0.15850 0.006242780000 
0.15900 0.006099700000 
0.15950 0.005956600000 
0.16000 0.005817560000 
0.16050 0.005686000000 
0.16100 0.005554440000 
0.16150 0.005422900000 
0.16200 0.005295660000 
0.16250 0.005174620000 
0.16300 0.005053600000 
0.16350 0.004932560000 
0.16400 0.004815980000 
0.16450 0.004704700000 
0.16500 0.004593440000 
0.16550 0.004482160000 
0.16600 0.004375380000 
0.16650 0.004273320000 
0.16700 0.004171240000 
0.16750 0.004069160000 
0.16800 0.003971280000 
0.16850 0.003877420000 
0.16900 0.003783580000 
0.16950 0.003689740000 
0.17000 0.003599940000 
0.17050 0.003514020000 
0.17100 0.003428080000 
0.17150 0.003342160000 
0.17200 0.003259760000 
0.17250 0.003180880000 
0.17300 0.003102000000 
0.17350 0.003023120000 
0.17400 0.002947420000 
0.17450 0.002875200000 
0.17500 0.002803000000 
0.17550 0.002730780000 
0.17600 0.002661300000 
0.17650 0.002595380000 
0.17700 0.002529460000 
0.17750 0.002463540000 
0.17800 0.002399760000 
0.17850 0.002339540000 
0.17900 0.002279300000 
0.17950 0.002219060000 
0.18000 0.002160420000 
0.18050 0.002105340000 
0.18100 0.002050260000 
0.18150 0.001995172000 
0.18200 0.001941174000 
0.18250 0.001890954000 
0.18300 0.001840734000 
0.18350 0.001790514000 
0.18400 0.001740870000 
0.18450 0.001695234000 
0.18500 0.001649596000 
0.18550 0.001603960000 
0.18600 0.001558384000 
0.18650 0.001516778000 
0.18700 0.001475172000 
0.18750 0.001433566000 
0.18800 0.001391960000 
0.18850 0.001353826000 
0.18900 0.001316114000 
0.18950 0.001278402000 
0.19000 0.001240690000 
0.19050 0.001205562000 
0.19100 0.001171258000 
0.19150 0.001136954000 
0.19200 0.001102652000 
0.19250 0.001070326000 
0.19300 0.001039240000 
0.19350 0.001008154000 
0.19400 0.000977068000 
0.19450 0.000947348000 
0.19500 0.000919216000 
0.19550 0.000891086000 
0.19600 0.000862954000 
0.19650 0.000835648000 
0.19700 0.000810226000 
0.19750 0.000784804000 
0.19800 0.000759382000 
0.19850 0.000734314000 
0.19900 0.000711376000 
0.19950 0.000688438000 
0.20000 0.000665500000 
0.20050 0.000642562000 
0.20100 0.000621788000 
0.20150 0.000601064000 
0.20200 0.000580340000 
0.20250 0.000559616000 
0.20300 0.000540640000 
0.20350 0.000522062000 
0.20400 0.000503484000 
0.20450 0.000484906000 
0.20500 0.000467540000 
0.20550 0.000450814000 
0.20600 0.000434086000 
0.20650 0.000417360000 
0.20700 0.000401536000 
0.20750 0.000386606000 
0.20800 0.000371676000 
0.20850 0.000356746000 
0.20900 0.000342374000 
0.20950 0.000328990000 
0.21000 0.000315604000 
0.21050 0.000302220000 
0.21100 0.000289172000 
0.21150 0.000277206000 
0.21200 0.000265240000 
0.21250 0.000253274000 
0.21300 0.000241492000 
0.21350 0.000230908000 
0.21400 0.000220326000 
0.21450 0.000209742000 
0.21500 0.000199225000 
0.21550 0.000189831000 
0.21600 0.000180437000 
0.21650 0.000171043200 
0.21700 0.000161660200 
0.21750 0.000153429600 
0.21800 0.000145199000 
0.21850 0.000136968200 
0.21900 0.000128740000 
0.21950 0.000121515200 
0.22000 0.000114290400 
0.22050 0.000107065600 
0.22100 0.000099879400 
0.22150 0.000093592800 
0.22200 0.000087306000 
0.22250 0.000081019400 
0.22300 0.000074856600 
0.22350 0.000069497800 
0.22400 0.000064139000 
0.22450 0.000058780200 
0.22500 0.000053659200 
0.22550 0.000049126000 
0.22600 0.000044592600 
0.22650 0.000040059200 
0.22700 0.000035943600 
0.22750 0.000032222800 
0.22800 0.000028502000 
0.22850 0.000024781200 
0.22900 0.000021708800 
0.22950 0.000018777420 
0.23000 0.000015845960 
0.23050 0.000013086620 
0.23100 0.000010931940 
0.23150 0.000008777280 
0.23200 0.000006622600 
0.23250 0.000005060200 
0.23300 0.000003721720 
0.23350 0.000002383220 
