0.00000 166.682600000000 
0.00050 151.009600000000 
0.00100 135.336600000000 
0.00150 119.663400000000 
0.00200 103.990400000000 
0.00250 92.589400000000 
0.00300 82.463000000000 
0.00350 73.986000000000 
0.00400 67.034800000000 
0.00450 60.457800000000 
0.00500 55.488600000000 
0.00550 50.519600000000 
0.00600 46.577000000000 
0.00650 42.915200000000 
0.00700 39.536200000000 
0.00750 36.771800000000 
0.00800 34.007400000000 
0.00850 31.741600000000 
0.00900 29.612800000000 
0.00950 27.575600000000 
0.01000 25.908600000000 
0.01050 24.241400000000 
0.01100 22.767000000000 
0.01150 21.442400000000 
0.01200 20.117800000000 
0.01250 19.021240000000 
0.01300 17.955540000000 
0.01350 16.921140000000 
0.01400 16.054220000000 
0.01450 15.187280000000 
0.01500 14.381640000000 
0.01550 13.669480000000 
0.01600 12.957300000000 
0.01650 12.318340000000 
0.01700 11.728180000000 
0.01750 11.138020000000 
0.01800 10.622940000000 
0.01850 10.130080000000 
0.01900 9.637200000000 
0.01950 9.215960000000 
0.02000 8.801420000000 
0.02050 8.388800000000 
0.02100 8.037920000000 
0.02150 7.687040000000 
0.02200 7.342460000000 
0.02250 7.043760000000 
0.02300 6.745040000000 
0.02350 6.454460000000 
0.02400 6.198820000000 
0.02450 5.943200000000 
0.02500 5.695960000000 
0.02550 5.476160000000 
0.02600 5.256340000000 
0.02650 5.044340000000 
0.02700 4.854500000000 
0.02750 4.664680000000 
0.02800 4.481580000000 
0.02850 4.316980000000 
0.02900 4.152380000000 
0.02950 3.993240000000 
0.03000 3.850000000000 
0.03050 3.706760000000 
0.03100 3.567640000000 
0.03150 3.442580000000 
0.03200 3.317520000000 
0.03250 3.195260000000 
0.03300 3.085740000000 
0.03350 2.976200000000 
0.03400 2.868260000000 
0.03450 2.772060000000 
0.03500 2.675860000000 
0.03550 2.580140000000 
0.03600 2.495440000000 
0.03650 2.410740000000 
0.03700 2.326020000000 
0.03750 2.250760000000 
0.03800 2.175980000000 
0.03850 2.101220000000 
0.03900 2.033720000000 
0.03950 1.967574000000 
0.04000 1.901434000000 
0.04050 1.840698000000 
0.04100 1.782072000000 
0.04150 1.723448000000 
0.04200 1.668638000000 
0.04250 1.616572000000 
0.04300 1.564508000000 
0.04350 1.514910000000 
0.04400 1.468596000000 
0.04450 1.422280000000 
0.04500 1.377286000000 
0.04550 1.336016000000 
0.04600 1.294744000000 
0.04650 1.253828000000 
0.04700 1.216998000000 
0.04750 1.180168000000 
0.04800 1.143338000000 
0.04850 1.109966000000 
0.04900 1.077050000000 
0.04950 1.044136000000 
0.05000 1.013544000000 
0.05050 0.984090000000 
0.05100 0.954636000000 
0.05150 0.926544000000 
0.05200 0.900154000000 
0.05250 0.873764000000 
0.05300 0.847928000000 
0.05350 0.824254000000 
0.05400 0.800580000000 
0.05450 0.776908000000 
0.05500 0.755518000000 
0.05550 0.734260000000 
0.05600 0.713000000000 
0.05650 0.693188000000 
0.05700 0.674076000000 
0.05750 0.654964000000 
0.05800 0.636592000000 
0.05850 0.619394000000 
0.05900 0.602194000000 
0.05950 0.585140000000 
0.06000 0.569648000000 
0.06050 0.554156000000 
0.06100 0.538664000000 
0.06150 0.524338000000 
0.06200 0.510370000000 
0.06250 0.496400000000 
0.06300 0.483022000000 
0.06350 0.470416000000 
0.06400 0.457810000000 
0.06450 0.445308000000 
0.06500 0.433922000000 
0.06550 0.422536000000 
0.06600 0.411150000000 
0.06650 0.400552000000 
0.06700 0.390258000000 
0.06750 0.379966000000 
0.06800 0.370006000000 
0.06850 0.360694000000 
0.06900 0.351382000000 
0.06950 0.342070000000 
0.07000 0.333588000000 
0.07050 0.325156000000 
0.07100 0.316722000000 
0.07150 0.308714000000 
0.07200 0.301072000000 
0.07250 0.293432000000 
0.07300 0.285868000000 
0.07350 0.278938000000 
0.07400 0.272008000000 
0.07450 0.265078000000 
0.07500 0.258578000000 
0.07550 0.252288000000 
0.07600 0.245998000000 
0.07650 0.239832000000 
0.07700 0.234120000000 
0.07750 0.228406000000 
0.07800 0.222694000000 
0.07850 0.217368000000 
0.07900 0.212176000000 
0.07950 0.206982000000 
0.08000 0.201912000000 
0.08050 0.197188400000 
0.08100 0.192464400000 
0.08150 0.187740600000 
0.08200 0.183340200000 
0.08250 0.179039400000 
0.08300 0.174738600000 
0.08350 0.170534600000 
0.08400 0.166616800000 
0.08450 0.162699000000 
0.08500 0.158781200000 
0.08550 0.155114800000 
0.08600 0.151542800000 
0.08650 0.147970600000 
0.08700 0.144457800000 
0.08750 0.141199800000 
0.08800 0.137941800000 
0.08850 0.134683800000 
0.08900 0.131606000000 
0.08950 0.128630800000 
0.09000 0.125655400000 
0.09050 0.122699000000 
0.09100 0.119981200000 
0.09150 0.117263200000 
0.09200 0.114545400000 
0.09250 0.111943200000 
0.09300 0.109458200000 
0.09350 0.106973200000 
0.09400 0.104488200000 
0.09450 0.102195800000 
0.09500 0.099922800000 
0.09550 0.097649600000 
0.09600 0.095435800000 
0.09650 0.093354200000 
0.09700 0.091272600000 
0.09750 0.089191000000 
0.09800 0.087231600000 
0.09850 0.085325200000 
0.09900 0.083418600000 
0.09950 0.081524200000 
0.10000 0.079776400000 
0.10050 0.078028800000 
0.10100 0.076281200000 
0.10150 0.074597400000 
0.10200 0.072994400000 
0.10250 0.071391200000 
0.10300 0.069788200000 
0.10350 0.068290200000 
0.10400 0.066819000000 
0.10450 0.065347600000 
0.10500 0.063893600000 
0.10550 0.062542400000 
0.10600 0.061191200000 
0.10650 0.059840000000 
0.10700 0.058541600000 
0.10750 0.057299800000 
0.10800 0.056058200000 
0.10850 0.054816600000 
0.10900 0.053656000000 
0.10950 0.052514400000 
0.11000 0.051372800000 
0.11050 0.050243000000 
0.11100 0.049192600000 
0.11150 0.048142000000 
0.11200 0.047091400000 
0.11250 0.046077800000 
0.11300 0.045111400000 
0.11350 0.044145000000 
0.11400 0.043178600000 
0.11450 0.042268400000 
0.11500 0.041378200000 
0.11550 0.040488000000 
0.11600 0.039600000000 
0.11650 0.038779800000 
0.11700 0.037959800000 
0.11750 0.037139800000 
0.11800 0.036339800000 
0.11850 0.035583800000 
0.11900 0.034827600000 
0.11950 0.034071600000 
0.12000 0.033350600000 
0.12050 0.032654000000 
0.12100 0.031957200000 
0.12150 0.031260600000 
0.12200 0.030610000000 
0.12250 0.029967200000 
0.12300 0.029324400000 
0.12350 0.028687400000 
0.12400 0.028094000000 
0.12450 0.027500600000 
0.12500 0.026907400000 
0.12550 0.026331000000 
0.12600 0.025783400000 
0.12650 0.025235800000 
0.12700 0.024688400000 
0.12750 0.024166600000 
0.12800 0.023661400000 
0.12850 0.023156000000 
0.12900 0.022650600000 
0.12950 0.022178000000 
0.13000 0.021711200000 
0.13050 0.021244400000 
0.13100 0.020780400000 
0.13150 0.020349400000 
0.13200 0.019918460000 
0.13250 0.019487480000 
0.13300 0.019066200000 
0.13350 0.018667960000 
0.13400 0.018269740000 
0.13450 0.017871520000 
0.13500 0.017488620000 
0.13550 0.017120620000 
0.13600 0.016752640000 
0.13650 0.016384640000 
0.13700 0.016036640000 
0.13750 0.015696840000 
0.13800 0.015357040000 
0.13850 0.015017260000 
0.13900 0.014700720000 
0.13950 0.014386720000 
0.14000 0.014072720000 
0.14050 0.013760800000 
0.14100 0.013470920000 
0.14150 0.013181020000 
0.14200 0.012891140000 
0.14250 0.012607000000 
0.14300 0.012339180000 
0.14350 0.012071340000 
0.14400 0.011803520000 
0.14450 0.011544380000 
0.14500 0.011296980000 
0.14550 0.011049580000 
0.14600 0.010802160000 
0.14650 0.010565760000 
0.14700 0.010337260000 
0.14750 0.010108780000 
0.14800 0.009880300000 
0.14850 0.009664700000 
0.14900 0.009453960000 
0.14950 0.009243220000 
0.15000 0.009032480000 
0.15050 0.008835700000 
0.15100 0.008641220000 
0.15150 0.008446720000 
0.15200 0.008252220000 
0.15250 0.008072500000 
0.15300 0.007893060000 
0.15350 0.007713620000 
0.15400 0.007535500000 
0.15450 0.007370220000 
0.15500 0.007204940000 
0.15550 0.007039660000 
0.15600 0.006876860000 
0.15650 0.006724520000 
0.15700 0.006572180000 
0.15750 0.006419860000 
0.15800 0.006270800000 
0.15850 0.006130280000 
0.15900 0.005989780000 
0.15950 0.005849260000 
0.16000 0.005712740000 
0.16050 0.005583540000 
0.16100 0.005454360000 
0.16150 0.005325180000 
0.16200 0.005200240000 
0.16250 0.005081380000 
0.16300 0.004962520000 
0.16350 0.004843660000 
0.16400 0.004729200000 
0.16450 0.004619920000 
0.16500 0.004510660000 
0.16550 0.004401380000 
0.16600 0.004296540000 
0.16650 0.004196300000 
0.16700 0.004096060000 
0.16750 0.003995840000 
0.16800 0.003899700000 
0.16850 0.003807540000 
0.16900 0.003715400000 
0.16950 0.003623240000 
0.17000 0.003535060000 
0.17050 0.003450680000 
0.17100 0.003366300000 
0.17150 0.003281920000 
0.17200 0.003201000000 
0.17250 0.003123540000 
0.17300 0.003046100000 
0.17350 0.002968640000 
0.17400 0.002894280000 
0.17450 0.002823380000 
0.17500 0.002752480000 
0.17550 0.002681560000 
0.17600 0.002613340000 
0.17650 0.002548600000 
0.17700 0.002483860000 
0.17750 0.002419140000 
0.17800 0.002356500000 
0.17850 0.002297360000 
0.17900 0.002238220000 
0.17950 0.002179080000 
0.18000 0.002121480000 
0.18050 0.002067380000 
0.18100 0.002013300000 
0.18150 0.001959208000 
0.18200 0.001906186000 
0.18250 0.001856870000 
0.18300 0.001807556000 
0.18350 0.001758240000 
0.18400 0.001709490000 
0.18450 0.001664676000 
0.18500 0.001619862000 
0.18550 0.001575048000 
0.18600 0.001530292000 
0.18650 0.001489436000 
0.18700 0.001448580000 
0.18750 0.001407724000 
0.18800 0.001366868000 
0.18850 0.001329422000 
0.18900 0.001292390000 
0.18950 0.001255358000 
0.19000 0.001218324000 
0.19050 0.001183830000 
0.19100 0.001150144000 
0.19150 0.001116460000 
0.19200 0.001082774000 
0.19250 0.001051030000 
0.19300 0.001020504000 
0.19350 0.000989980000 
0.19400 0.000959454000 
0.19450 0.000930270000 
0.19500 0.000902646000 
0.19550 0.000875022000 
0.19600 0.000847396000 
0.19650 0.000820582000 
0.19700 0.000795620000 
0.19750 0.000770656000 
0.19800 0.000745692000 
0.19850 0.000721076000 
0.19900 0.000698550000 
0.19950 0.000676026000 
0.20000 0.000653502000 
0.20050 0.000630978000 
0.20100 0.000610578000 
0.20150 0.000590228000 
0.20200 0.000569878000 
0.20250 0.000549528000 
0.20300 0.000530894000 
0.20350 0.000512650000 
0.20400 0.000494408000 
0.20450 0.000476164000 
0.20500 0.000459112000 
0.20550 0.000442686000 
0.20600 0.000426260000 
0.20650 0.000409834000 
0.20700 0.000394296000 
0.20750 0.000379636000 
0.20800 0.000364974000 
0.20850 0.000350314000 
0.20900 0.000336202000 
0.20950 0.000323058000 
0.21000 0.000309914000 
0.21050 0.000296770000 
0.21100 0.000283958000 
0.21150 0.000272208000 
0.21200 0.000260458000 
0.21250 0.000248708000 
0.21300 0.000237138000 
0.21350 0.000226746000 
0.21400 0.000216354000 
0.21450 0.000205960000 
0.21500 0.000195633000 
0.21550 0.000186408400 
0.21600 0.000177183800 
0.21650 0.000167959200 
0.21700 0.000158745600 
0.21750 0.000150663200 
0.21800 0.000142581000 
0.21850 0.000134498600 
0.21900 0.000126418800 
0.21950 0.000119324200 
0.22000 0.000112229800 
0.22050 0.000105135200 
0.22100 0.000098078600 
0.22150 0.000091905200 
0.22200 0.000085731800 
0.22250 0.000079558400 
0.22300 0.000073506800 
0.22350 0.000068244600 
0.22400 0.000062982600 
0.22450 0.000057720400 
0.22500 0.000052691800 
0.22550 0.000048240200 
0.22600 0.000043788400 
0.22650 0.000039336800 
0.22700 0.000035295400 
0.22750 0.000031641800 
0.22800 0.000027988000 
0.22850 0.000024334200 
0.22900 0.000021317400 
0.22950 0.000018438840 
0.23000 0.000015560240 
0.23050 0.000012850660 
0.23100 0.000010734820 
0.23150 0.000008619000 
0.23200 0.000006503180 
0.23250 0.000004968960 
0.23300 0.000003654600 
0.23350 0.000002340260 
