0.00000 163.699000000000 
0.00050 148.299800000000 
0.00100 132.900600000000 
0.00150 117.501200000000 
0.00200 102.102000000000 
0.00250 90.902400000000 
0.00300 80.955800000000 
0.00350 72.630000000000 
0.00400 65.803600000000 
0.00450 59.344800000000 
0.00500 54.465400000000 
0.00550 49.586200000000 
0.00600 45.715200000000 
0.00650 42.120200000000 
0.00700 38.802600000000 
0.00750 36.088800000000 
0.00800 33.375000000000 
0.00850 31.150800000000 
0.00900 29.061000000000 
0.00950 27.061400000000 
0.01000 25.425000000000 
0.01050 23.788600000000 
0.01100 22.341400000000 
0.01150 21.041200000000 
0.01200 19.741140000000 
0.01250 18.664920000000 
0.01300 17.618960000000 
0.01350 16.603760000000 
0.01400 15.752920000000 
0.01450 14.902100000000 
0.01500 14.111440000000 
0.01550 13.412540000000 
0.01600 12.713640000000 
0.01650 12.086580000000 
0.01700 11.507440000000 
0.01750 10.928300000000 
0.01800 10.422840000000 
0.01850 9.939180000000 
0.01900 9.455520000000 
0.01950 9.042160000000 
0.02000 8.635380000000 
0.02050 8.230480000000 
0.02100 7.886180000000 
0.02150 7.541880000000 
0.02200 7.203780000000 
0.02250 6.910680000000 
0.02300 6.617580000000 
0.02350 6.332440000000 
0.02400 6.081620000000 
0.02450 5.830800000000 
0.02500 5.588220000000 
0.02550 5.372540000000 
0.02600 5.156860000000 
0.02650 4.948840000000 
0.02700 4.762600000000 
0.02750 4.576340000000 
0.02800 4.396680000000 
0.02850 4.235200000000 
0.02900 4.073700000000 
0.02950 3.917560000000 
0.03000 3.777020000000 
0.03050 3.636500000000 
0.03100 3.500000000000 
0.03150 3.377300000000 
0.03200 3.254600000000 
0.03250 3.134660000000 
0.03300 3.027200000000 
0.03350 2.919740000000 
0.03400 2.813840000000 
0.03450 2.719460000000 
0.03500 2.625080000000 
0.03550 2.531160000000 
0.03600 2.448060000000 
0.03650 2.364960000000 
0.03700 2.281860000000 
0.03750 2.208020000000 
0.03800 2.134660000000 
0.03850 2.061300000000 
0.03900 1.995080000000 
0.03950 1.930194000000 
0.04000 1.865308000000 
0.04050 1.805722000000 
0.04100 1.748208000000 
0.04150 1.690696000000 
0.04200 1.636924000000 
0.04250 1.585848000000 
0.04300 1.534770000000 
0.04350 1.486114000000 
0.04400 1.440678000000 
0.04450 1.395240000000 
0.04500 1.351100000000 
0.04550 1.310612000000 
0.04600 1.270126000000 
0.04650 1.229986000000 
0.04700 1.193856000000 
0.04750 1.157724000000 
0.04800 1.121594000000 
0.04850 1.088854000000 
0.04900 1.056566000000 
0.04950 1.024276000000 
0.05000 0.994266000000 
0.05050 0.965370000000 
0.05100 0.936476000000 
0.05150 0.908918000000 
0.05200 0.883030000000 
0.05250 0.857142000000 
0.05300 0.831796000000 
0.05350 0.808572000000 
0.05400 0.785348000000 
0.05450 0.762126000000 
0.05500 0.741144000000 
0.05550 0.720288000000 
0.05600 0.699432000000 
0.05650 0.679998000000 
0.05700 0.661250000000 
0.05750 0.642500000000 
0.05800 0.624478000000 
0.05850 0.607606000000 
0.05900 0.590734000000 
0.05950 0.574004000000 
0.06000 0.558808000000 
0.06050 0.543610000000 
0.06100 0.528412000000 
0.06150 0.514360000000 
0.06200 0.500656000000 
0.06250 0.486952000000 
0.06300 0.473828000000 
0.06350 0.461462000000 
0.06400 0.449098000000 
0.06450 0.436832000000 
0.06500 0.425664000000 
0.06550 0.414494000000 
0.06600 0.403324000000 
0.06650 0.392928000000 
0.06700 0.382830000000 
0.06750 0.372734000000 
0.06800 0.362964000000 
0.06850 0.353830000000 
0.06900 0.344694000000 
0.06950 0.335558000000 
0.07000 0.327240000000 
0.07050 0.318966000000 
0.07100 0.310694000000 
0.07150 0.302838000000 
0.07200 0.295342000000 
0.07250 0.287846000000 
0.07300 0.280428000000 
0.07350 0.273630000000 
0.07400 0.266832000000 
0.07450 0.260034000000 
0.07500 0.253656000000 
0.07550 0.247486000000 
0.07600 0.241316000000 
0.07650 0.235268000000 
0.07700 0.229664000000 
0.07750 0.224060000000 
0.07800 0.218456000000 
0.07850 0.213232000000 
0.07900 0.208138000000 
0.07950 0.203044000000 
0.08000 0.198069600000 
0.08050 0.193435600000 
0.08100 0.188801600000 
0.08150 0.184167800000 
0.08200 0.179851200000 
0.08250 0.175632200000 
0.08300 0.171413400000 
0.08350 0.167289400000 
0.08400 0.163446200000 
0.08450 0.159602800000 
0.08500 0.155759600000 
0.08550 0.152163200000 
0.08600 0.148659000000 
0.08650 0.145155000000 
0.08700 0.141709000000 
0.08750 0.138513000000 
0.08800 0.135317000000 
0.08850 0.132121000000 
0.08900 0.129101800000 
0.08950 0.126183200000 
0.09000 0.123264600000 
0.09050 0.120364400000 
0.09100 0.117698200000 
0.09150 0.115032200000 
0.09200 0.112366000000 
0.09250 0.109813400000 
0.09300 0.107375600000 
0.09350 0.104938000000 
0.09400 0.102500200000 
0.09450 0.100251400000 
0.09500 0.098021600000 
0.09550 0.095792000000 
0.09600 0.093620200000 
0.09650 0.091578200000 
0.09700 0.089536200000 
0.09750 0.087494400000 
0.09800 0.085572200000 
0.09850 0.083702000000 
0.09900 0.081831800000 
0.09950 0.079973400000 
0.10000 0.078259000000 
0.10050 0.076544600000 
0.10100 0.074830200000 
0.10150 0.073178400000 
0.10200 0.071605800000 
0.10250 0.070033400000 
0.10300 0.068460800000 
0.10350 0.066991400000 
0.10400 0.065548000000 
0.10450 0.064104600000 
0.10500 0.062678400000 
0.10550 0.061353000000 
0.10600 0.060027400000 
0.10650 0.058701800000 
0.10700 0.057428200000 
0.10750 0.056210200000 
0.10800 0.054992200000 
0.10850 0.053774200000 
0.10900 0.052635600000 
0.10950 0.051515800000 
0.11000 0.050396000000 
0.11050 0.049287600000 
0.11100 0.048257000000 
0.11150 0.047226600000 
0.11200 0.046196000000 
0.11250 0.045201600000 
0.11300 0.044253600000 
0.11350 0.043305600000 
0.11400 0.042357600000 
0.11450 0.041464800000 
0.11500 0.040591400000 
0.11550 0.039718200000 
0.11600 0.038847000000 
0.11650 0.038042600000 
0.11700 0.037238200000 
0.11750 0.036433600000 
0.11800 0.035649000000 
0.11850 0.034907200000 
0.11900 0.034165600000 
0.11950 0.033423800000 
0.12000 0.032716600000 
0.12050 0.032033200000 
0.12100 0.031349800000 
0.12150 0.030666200000 
0.12200 0.030028200000 
0.12250 0.029397600000 
0.12300 0.028767000000 
0.12350 0.028142000000 
0.12400 0.027560000000 
0.12450 0.026978000000 
0.12500 0.026395800000 
0.12550 0.025830400000 
0.12600 0.025293400000 
0.12650 0.024756200000 
0.12700 0.024219000000 
0.12750 0.023707400000 
0.12800 0.023211600000 
0.12850 0.022716000000 
0.12900 0.022220200000 
0.12950 0.021756600000 
0.13000 0.021298600000 
0.13050 0.020840800000 
0.13100 0.020385400000 
0.13150 0.019962700000 
0.13200 0.019539920000 
0.13250 0.019117140000 
0.13300 0.018703860000 
0.13350 0.018313220000 
0.13400 0.017922560000 
0.13450 0.017531920000 
0.13500 0.017156280000 
0.13550 0.016795300000 
0.13600 0.016434300000 
0.13650 0.016073300000 
0.13700 0.015731920000 
0.13750 0.015398580000 
0.13800 0.015065260000 
0.13850 0.014731920000 
0.13900 0.014421400000 
0.13950 0.014113380000 
0.14000 0.013805340000 
0.14050 0.013499360000 
0.14100 0.013214980000 
0.14150 0.012930600000 
0.14200 0.012646220000 
0.14250 0.012367480000 
0.14300 0.012104740000 
0.14350 0.011842020000 
0.14400 0.011579280000 
0.14450 0.011325060000 
0.14500 0.011082360000 
0.14550 0.010839660000 
0.14600 0.010596960000 
0.14650 0.010365040000 
0.14700 0.010140900000 
0.14750 0.009916760000 
0.14800 0.009692620000 
0.14850 0.009481100000 
0.14900 0.009274380000 
0.14950 0.009067640000 
0.15000 0.008860920000 
0.15050 0.008667880000 
0.15100 0.008477080000 
0.15150 0.008286280000 
0.15200 0.008095480000 
0.15250 0.007919180000 
0.15300 0.007743140000 
0.15350 0.007567120000 
0.15400 0.007392380000 
0.15450 0.007230240000 
0.15500 0.007068100000 
0.15550 0.006905960000 
0.15600 0.006746260000 
0.15650 0.006596820000 
0.15700 0.006447380000 
0.15750 0.006297940000 
0.15800 0.006151700000 
0.15850 0.006013860000 
0.15900 0.005876020000 
0.15950 0.005738180000 
0.16000 0.005604240000 
0.16050 0.005477520000 
0.16100 0.005350780000 
0.16150 0.005224040000 
0.16200 0.005101480000 
0.16250 0.004984880000 
0.16300 0.004868280000 
0.16350 0.004751700000 
0.16400 0.004639400000 
0.16450 0.004532200000 
0.16500 0.004425000000 
0.16550 0.004317800000 
0.16600 0.004214960000 
0.16650 0.004116620000 
0.16700 0.004018300000 
0.16750 0.003919960000 
0.16800 0.003825660000 
0.16850 0.003735260000 
0.16900 0.003644860000 
0.16950 0.003554460000 
0.17000 0.003467940000 
0.17050 0.003385160000 
0.17100 0.003302380000 
0.17150 0.003219600000 
0.17200 0.003140220000 
0.17250 0.003064240000 
0.17300 0.002988260000 
0.17350 0.002912280000 
0.17400 0.002839340000 
0.17450 0.002769780000 
0.17500 0.002700220000 
0.17550 0.002630660000 
0.17600 0.002563720000 
0.17650 0.002500220000 
0.17700 0.002436720000 
0.17750 0.002373200000 
0.17800 0.002311780000 
0.17850 0.002253760000 
0.17900 0.002195720000 
0.17950 0.002137700000 
0.18000 0.002081200000 
0.18050 0.002028140000 
0.18100 0.001975082000 
0.18150 0.001922018000 
0.18200 0.001870002000 
0.18250 0.001821624000 
0.18300 0.001773244000 
0.18350 0.001724866000 
0.18400 0.001677042000 
0.18450 0.001633078000 
0.18500 0.001589116000 
0.18550 0.001545152000 
0.18600 0.001501246000 
0.18650 0.001461166000 
0.18700 0.001421086000 
0.18750 0.001381006000 
0.18800 0.001340924000 
0.18850 0.001304190000 
0.18900 0.001267860000 
0.18950 0.001231530000 
0.19000 0.001195202000 
0.19050 0.001161362000 
0.19100 0.001128316000 
0.19150 0.001095270000 
0.19200 0.001062224000 
0.19250 0.001031084000 
0.19300 0.001001138000 
0.19350 0.000971192000 
0.19400 0.000941244000 
0.19450 0.000912616000 
0.19500 0.000885516000 
0.19550 0.000858416000 
0.19600 0.000831316000 
0.19650 0.000805010000 
0.19700 0.000780520000 
0.19750 0.000756030000 
0.19800 0.000731542000 
0.19850 0.000707392000 
0.19900 0.000685294000 
0.19950 0.000663198000 
0.20000 0.000641100000 
0.20050 0.000619004000 
0.20100 0.000598992000 
0.20150 0.000579028000 
0.20200 0.000559064000 
0.20250 0.000539100000 
0.20300 0.000520818000 
0.20350 0.000502922000 
0.20400 0.000485026000 
0.20450 0.000467128000 
0.20500 0.000450400000 
0.20550 0.000434286000 
0.20600 0.000418172000 
0.20650 0.000402058000 
0.20700 0.000386814000 
0.20750 0.000372432000 
0.20800 0.000358050000 
0.20850 0.000343666000 
0.20900 0.000329822000 
0.20950 0.000316928000 
0.21000 0.000304034000 
0.21050 0.000291140000 
0.21100 0.000278570000 
0.21150 0.000267042000 
0.21200 0.000255516000 
0.21250 0.000243988000 
0.21300 0.000232638000 
0.21350 0.000222444000 
0.21400 0.000212248000 
0.21450 0.000202054000 
0.21500 0.000191921200 
0.21550 0.000182871800 
0.21600 0.000173822200 
0.21650 0.000164772600 
0.21700 0.000155733800 
0.21750 0.000147804800 
0.21800 0.000139876000 
0.21850 0.000131947000 
0.21900 0.000124020400 
0.21950 0.000117060400 
0.22000 0.000110100600 
0.22050 0.000103140600 
0.22100 0.000096217800 
0.22150 0.000090161600 
0.22200 0.000084105400 
0.22250 0.000078049200 
0.22300 0.000072112200 
0.22350 0.000066950000 
0.22400 0.000061787800 
0.22450 0.000056625400 
0.22500 0.000051692200 
0.22550 0.000047325000 
0.22600 0.000042957800 
0.22650 0.000038590600 
0.22700 0.000034625800 
0.22750 0.000031041400 
0.22800 0.000027457000 
0.22850 0.000023872600 
0.22900 0.000020913000 
0.22950 0.000018089060 
0.23000 0.000015265060 
0.23050 0.000012606880 
0.23100 0.000010531200 
0.23150 0.000008455500 
0.23200 0.000006379820 
0.23250 0.000004874700 
0.23300 0.000003585280 
0.23350 0.000002295860 
