0.00000 161.116800000000 
0.00050 145.954600000000 
0.00100 130.792200000000 
0.00150 115.629800000000 
0.00200 100.467400000000 
0.00250 89.442000000000 
0.00300 79.650600000000 
0.00350 71.455600000000 
0.00400 64.736800000000 
0.00450 58.380200000000 
0.00500 53.578600000000 
0.00550 48.777000000000 
0.00600 44.968000000000 
0.00650 41.430400000000 
0.00700 38.166200000000 
0.00750 35.496200000000 
0.00800 32.826200000000 
0.00850 30.637800000000 
0.00900 28.582000000000 
0.00950 26.614800000000 
0.01000 25.005000000000 
0.01050 23.395200000000 
0.01100 21.971600000000 
0.01150 20.692800000000 
0.01200 19.413860000000 
0.01250 18.355260000000 
0.01300 17.326460000000 
0.01350 16.327900000000 
0.01400 15.491080000000 
0.01450 14.654240000000 
0.01500 13.876600000000 
0.01550 13.189220000000 
0.01600 12.501840000000 
0.01650 11.885140000000 
0.01700 11.315560000000 
0.01750 10.746000000000 
0.01800 10.248920000000 
0.01850 9.773260000000 
0.01900 9.297620000000 
0.01950 8.891120000000 
0.02000 8.491080000000 
0.02050 8.092920000000 
0.02100 7.754340000000 
0.02150 7.415760000000 
0.02200 7.083280000000 
0.02250 6.795060000000 
0.02300 6.506840000000 
0.02350 6.226460000000 
0.02400 5.979800000000 
0.02450 5.733160000000 
0.02500 5.494640000000 
0.02550 5.282560000000 
0.02600 5.070480000000 
0.02650 4.865940000000 
0.02700 4.682800000000 
0.02750 4.499640000000 
0.02800 4.323000000000 
0.02850 4.164220000000 
0.02900 4.005420000000 
0.02950 3.851900000000 
0.03000 3.713700000000 
0.03050 3.575520000000 
0.03100 3.441320000000 
0.03150 3.320680000000 
0.03200 3.200020000000 
0.03250 3.082100000000 
0.03300 2.976440000000 
0.03350 2.870780000000 
0.03400 2.766640000000 
0.03450 2.673840000000 
0.03500 2.581060000000 
0.03550 2.488720000000 
0.03600 2.407020000000 
0.03650 2.325300000000 
0.03700 2.243580000000 
0.03750 2.170980000000 
0.03800 2.098860000000 
0.03850 2.026740000000 
0.03900 1.961626000000 
0.03950 1.897828000000 
0.04000 1.834030000000 
0.04050 1.775446000000 
0.04100 1.718898000000 
0.04150 1.662350000000 
0.04200 1.609482000000 
0.04250 1.559262000000 
0.04300 1.509042000000 
0.04350 1.461202000000 
0.04400 1.416530000000 
0.04450 1.371856000000 
0.04500 1.328456000000 
0.04550 1.288648000000 
0.04600 1.248842000000 
0.04650 1.209376000000 
0.04700 1.173852000000 
0.04750 1.138328000000 
0.04800 1.102804000000 
0.04850 1.070614000000 
0.04900 1.038868000000 
0.04950 1.007120000000 
0.05000 0.977614000000 
0.05050 0.949204000000 
0.05100 0.920794000000 
0.05150 0.893700000000 
0.05200 0.868246000000 
0.05250 0.842792000000 
0.05300 0.817872000000 
0.05350 0.795038000000 
0.05400 0.772204000000 
0.05450 0.749370000000 
0.05500 0.728740000000 
0.05550 0.708236000000 
0.05600 0.687730000000 
0.05650 0.668622000000 
0.05700 0.650188000000 
0.05750 0.631754000000 
0.05800 0.614034000000 
0.05850 0.597446000000 
0.05900 0.580856000000 
0.05950 0.564408000000 
0.06000 0.549464000000 
0.06050 0.534522000000 
0.06100 0.519580000000 
0.06150 0.505762000000 
0.06200 0.492288000000 
0.06250 0.478816000000 
0.06300 0.465912000000 
0.06350 0.453754000000 
0.06400 0.441596000000 
0.06450 0.429536000000 
0.06500 0.418554000000 
0.06550 0.407572000000 
0.06600 0.396590000000 
0.06650 0.386366000000 
0.06700 0.376440000000 
0.06750 0.366512000000 
0.06800 0.356906000000 
0.06850 0.347924000000 
0.06900 0.338942000000 
0.06950 0.329958000000 
0.07000 0.321780000000 
0.07050 0.313646000000 
0.07100 0.305512000000 
0.07150 0.297786000000 
0.07200 0.290416000000 
0.07250 0.283046000000 
0.07300 0.275752000000 
0.07350 0.269068000000 
0.07400 0.262384000000 
0.07450 0.255698000000 
0.07500 0.249428000000 
0.07550 0.243362000000 
0.07600 0.237294000000 
0.07650 0.231348000000 
0.07700 0.225838000000 
0.07750 0.220326000000 
0.07800 0.214816000000 
0.07850 0.209680000000 
0.07900 0.204670000000 
0.07950 0.199661600000 
0.08000 0.194771400000 
0.08050 0.190214800000 
0.08100 0.185658400000 
0.08150 0.181102000000 
0.08200 0.176857400000 
0.08250 0.172709000000 
0.08300 0.168560600000 
0.08350 0.164505600000 
0.08400 0.160726600000 
0.08450 0.156947600000 
0.08500 0.153168600000 
0.08550 0.149632000000 
0.08600 0.146186400000 
0.08650 0.142740800000 
0.08700 0.139352600000 
0.08750 0.136210000000 
0.08800 0.133067200000 
0.08850 0.129924600000 
0.08900 0.126955800000 
0.08950 0.124086000000 
0.09000 0.121216000000 
0.09050 0.118364200000 
0.09100 0.115742600000 
0.09150 0.113120800000 
0.09200 0.110499200000 
0.09250 0.107989200000 
0.09300 0.105592200000 
0.09350 0.103195000000 
0.09400 0.100798000000 
0.09450 0.098586800000 
0.09500 0.096394200000 
0.09550 0.094201600000 
0.09600 0.092066000000 
0.09650 0.090058000000 
0.09700 0.088050200000 
0.09750 0.086042200000 
0.09800 0.084152200000 
0.09850 0.082313200000 
0.09900 0.080474000000 
0.09950 0.078646600000 
0.10000 0.076960800000 
0.10050 0.075274800000 
0.10100 0.073589000000 
0.10150 0.071964800000 
0.10200 0.070418400000 
0.10250 0.068872000000 
0.10300 0.067325600000 
0.10350 0.065880800000 
0.10400 0.064461400000 
0.10450 0.063042000000 
0.10500 0.061639600000 
0.10550 0.060336200000 
0.10600 0.059032600000 
0.10650 0.057729200000 
0.10700 0.056476600000 
0.10750 0.055278800000 
0.10800 0.054081200000 
0.10850 0.052883400000 
0.10900 0.051763800000 
0.10950 0.050662600000 
0.11000 0.049561400000 
0.11050 0.048471400000 
0.11100 0.047458000000 
0.11150 0.046444600000 
0.11200 0.045431200000 
0.11250 0.044453400000 
0.11300 0.043521200000 
0.11350 0.042588800000 
0.11400 0.041656600000 
0.11450 0.040778600000 
0.11500 0.039919800000 
0.11550 0.039061000000 
0.11600 0.038204400000 
0.11650 0.037413200000 
0.11700 0.036622200000 
0.11750 0.035831000000 
0.11800 0.035059400000 
0.11850 0.034330000000 
0.11900 0.033600600000 
0.11950 0.032871200000 
0.12000 0.032175600000 
0.12050 0.031503600000 
0.12100 0.030831400000 
0.12150 0.030159400000 
0.12200 0.029531800000 
0.12250 0.028911600000 
0.12300 0.028291600000 
0.12350 0.027677000000 
0.12400 0.027104600000 
0.12450 0.026532200000 
0.12500 0.025959800000 
0.12550 0.025403600000 
0.12600 0.024875400000 
0.12650 0.024347200000 
0.12700 0.023819000000 
0.12750 0.023315800000 
0.12800 0.022828200000 
0.12850 0.022340800000 
0.12900 0.021853200000 
0.12950 0.021397400000 
0.13000 0.020947000000 
0.13050 0.020496600000 
0.13100 0.020049000000 
0.13150 0.019633160000 
0.13200 0.019217380000 
0.13250 0.018801600000 
0.13300 0.018395180000 
0.13350 0.018010980000 
0.13400 0.017626800000 
0.13450 0.017242620000 
0.13500 0.016873200000 
0.13550 0.016518180000 
0.13600 0.016163160000 
0.13650 0.015808140000 
0.13700 0.015472400000 
0.13750 0.015144580000 
0.13800 0.014816760000 
0.13850 0.014488940000 
0.13900 0.014183580000 
0.13950 0.013880640000 
0.14000 0.013577700000 
0.14050 0.013276760000 
0.14100 0.012997100000 
0.14150 0.012717420000 
0.14200 0.012437740000 
0.14250 0.012163620000 
0.14300 0.011905220000 
0.14350 0.011646820000 
0.14400 0.011388420000 
0.14450 0.011138420000 
0.14500 0.010899740000 
0.14550 0.010661040000 
0.14600 0.010422340000 
0.14650 0.010194260000 
0.14700 0.009973820000 
0.14750 0.009753380000 
0.14800 0.009532940000 
0.14850 0.009324920000 
0.14900 0.009121600000 
0.14950 0.008918300000 
0.15000 0.008714980000 
0.15050 0.008525120000 
0.15100 0.008337480000 
0.15150 0.008149820000 
0.15200 0.007962160000 
0.15250 0.007788780000 
0.15300 0.007615660000 
0.15350 0.007442540000 
0.15400 0.007270680000 
0.15450 0.007111220000 
0.15500 0.006951760000 
0.15550 0.006792280000 
0.15600 0.006635220000 
0.15650 0.006488240000 
0.15700 0.006341260000 
0.15750 0.006194280000 
0.15800 0.006050480000 
0.15850 0.005914900000 
0.15900 0.005779340000 
0.15950 0.005643780000 
0.16000 0.005512040000 
0.16050 0.005387400000 
0.16100 0.005262760000 
0.16150 0.005138100000 
0.16200 0.005017560000 
0.16250 0.004902880000 
0.16300 0.004788220000 
0.16350 0.004673540000 
0.16400 0.004563100000 
0.16450 0.004457660000 
0.16500 0.004352240000 
0.16550 0.004246800000 
0.16600 0.004145640000 
0.16650 0.004048940000 
0.16700 0.003952220000 
0.16750 0.003855520000 
0.16800 0.003762760000 
0.16850 0.003673840000 
0.16900 0.003584940000 
0.16950 0.003496020000 
0.17000 0.003410940000 
0.17050 0.003329520000 
0.17100 0.003248100000 
0.17150 0.003166700000 
0.17200 0.003088620000 
0.17250 0.003013880000 
0.17300 0.002939160000 
0.17350 0.002864420000 
0.17400 0.002792680000 
0.17450 0.002724260000 
0.17500 0.002655860000 
0.17550 0.002587440000 
0.17600 0.002521600000 
0.17650 0.002459140000 
0.17700 0.002396680000 
0.17750 0.002334220000 
0.17800 0.002273800000 
0.17850 0.002216740000 
0.17900 0.002159660000 
0.17950 0.002102600000 
0.18000 0.002047020000 
0.18050 0.001994836000 
0.18100 0.001942646000 
0.18150 0.001890454000 
0.18200 0.001839294000 
0.18250 0.001791710000 
0.18300 0.001744128000 
0.18350 0.001696544000 
0.18400 0.001649506000 
0.18450 0.001606266000 
0.18500 0.001563024000 
0.18550 0.001519784000 
0.18600 0.001476600000 
0.18650 0.001437178000 
0.18700 0.001397758000 
0.18750 0.001358336000 
0.18800 0.001318914000 
0.18850 0.001282784000 
0.18900 0.001247050000 
0.18950 0.001211318000 
0.19000 0.001175586000 
0.19050 0.001142302000 
0.19100 0.001109798000 
0.19150 0.001077296000 
0.19200 0.001044794000 
0.19250 0.001014164000 
0.19300 0.000984710000 
0.19350 0.000955256000 
0.19400 0.000925802000 
0.19450 0.000897642000 
0.19500 0.000870988000 
0.19550 0.000844332000 
0.19600 0.000817676000 
0.19650 0.000791804000 
0.19700 0.000767716000 
0.19750 0.000743628000 
0.19800 0.000719542000 
0.19850 0.000695788000 
0.19900 0.000674054000 
0.19950 0.000652320000 
0.20000 0.000630586000 
0.20050 0.000608852000 
0.20100 0.000589168000 
0.20150 0.000569532000 
0.20200 0.000549896000 
0.20250 0.000530260000 
0.20300 0.000512278000 
0.20350 0.000494676000 
0.20400 0.000477072000 
0.20450 0.000459470000 
0.20500 0.000443014000 
0.20550 0.000427166000 
0.20600 0.000411316000 
0.20650 0.000395466000 
0.20700 0.000380472000 
0.20750 0.000366326000 
0.20800 0.000352180000 
0.20850 0.000338032000 
0.20900 0.000324416000 
0.20950 0.000311734000 
0.21000 0.000299050000 
0.21050 0.000286368000 
0.21100 0.000274004000 
0.21150 0.000262666000 
0.21200 0.000251328000 
0.21250 0.000239990000 
0.21300 0.000228826000 
0.21350 0.000218798000 
0.21400 0.000208770000 
0.21450 0.000198742000 
0.21500 0.000188776200 
0.21550 0.000179875000 
0.21600 0.000170973800 
0.21650 0.000162072800 
0.21700 0.000153182000 
0.21750 0.000145383000 
0.21800 0.000137584200 
0.21850 0.000129785200 
0.21900 0.000121988600 
0.21950 0.000115142600 
0.22000 0.000108296800 
0.22050 0.000101451000 
0.22100 0.000094641600 
0.22150 0.000088684600 
0.22200 0.000082727600 
0.22250 0.000076770600 
0.22300 0.000070931000 
0.22350 0.000065853400 
0.22400 0.000060775600 
0.22450 0.000055698000 
0.22500 0.000050845600 
0.22550 0.000046550000 
0.22600 0.000042254200 
0.22650 0.000037958600 
0.22700 0.000034058800 
0.22750 0.000030533200 
0.22800 0.000027007400 
0.22850 0.000023481800 
0.22900 0.000020570600 
0.22950 0.000017792860 
0.23000 0.000015015120 
0.23050 0.000012400460 
0.23100 0.000010358760 
0.23150 0.000008317060 
0.23200 0.000006275360 
0.23250 0.000004794900 
0.23300 0.000003526580 
0.23350 0.000002258280 
