0.00000 146.877600000000 
0.00050 126.736200000000 
0.00100 106.594800000000 
0.00150 86.453200000000 
0.00200 66.311800000000 
0.00250 53.419600000000 
0.00300 42.690000000000 
0.00350 34.422000000000 
0.00400 28.430200000000 
0.00450 22.911600000000 
0.00500 19.426900000000 
0.00550 15.942120000000 
0.00600 13.547000000000 
0.00650 11.450020000000 
0.00700 9.604480000000 
0.00750 8.305640000000 
0.00800 7.006820000000 
0.00850 6.079880000000 
0.00900 5.255200000000 
0.00950 4.488040000000 
0.01000 3.953020000000 
0.01050 3.418000000000 
0.01100 2.984980000000 
0.01150 2.631260000000 
0.01200 2.277520000000 
0.01250 2.025900000000 
0.01300 1.788092000000 
0.01350 1.562172000000 
0.01400 1.399880000000 
0.01450 1.237590000000 
0.01500 1.095120000000 
0.01550 0.982872000000 
0.01600 0.870626000000 
0.01650 0.778576000000 
0.01700 0.699996000000 
0.01750 0.621416000000 
0.01800 0.560560000000 
0.01850 0.504944000000 
0.01900 0.449326000000 
0.01950 0.408210000000 
0.02000 0.368450000000 
0.02050 0.329026000000 
0.02100 0.300342000000 
0.02150 0.271656000000 
0.02200 0.243918000000 
0.02250 0.223050000000 
0.02300 0.202182000000 
0.02350 0.182363600000 
0.02400 0.167064400000 
0.02450 0.151765000000 
0.02500 0.137405200000 
0.02550 0.126108600000 
0.02600 0.114812200000 
0.02650 0.104271400000 
0.02700 0.095875400000 
0.02750 0.087479600000 
0.02800 0.079649400000 
0.02850 0.073371400000 
0.02900 0.067093200000 
0.02950 0.061213000000 
0.03000 0.056491800000 
0.03050 0.051770400000 
0.03100 0.047310400000 
0.03150 0.043741400000 
0.03200 0.040172200000 
0.03250 0.036758400000 
0.03300 0.034046800000 
0.03350 0.031335200000 
0.03400 0.028700600000 
0.03450 0.026631000000 
0.03500 0.024561600000 
0.03550 0.022512600000 
0.03600 0.020926200000 
0.03650 0.019339940000 
0.03700 0.017753660000 
0.03750 0.016514400000 
0.03800 0.015293560000 
0.03850 0.014072740000 
0.03900 0.013085640000 
0.03950 0.012142480000 
0.04000 0.011199320000 
0.04050 0.010408500000 
0.04100 0.009677240000 
0.04150 0.008945960000 
0.04200 0.008309100000 
0.04250 0.007740180000 
0.04300 0.007171260000 
0.04350 0.006655940000 
0.04400 0.006211900000 
0.04450 0.005767880000 
0.04500 0.005349100000 
0.04550 0.005001460000 
0.04600 0.004653840000 
0.04650 0.004312200000 
0.04700 0.004039260000 
0.04750 0.003766320000 
0.04800 0.003493380000 
0.04850 0.003271700000 
0.04900 0.003056800000 
0.04950 0.002841900000 
0.05000 0.002657380000 
0.05050 0.002487720000 
0.05100 0.002318080000 
0.05150 0.002164160000 
0.05200 0.002029900000 
0.05250 0.001895618000 
0.05300 0.001766986000 
0.05350 0.001660452000 
0.05400 0.001553920000 
0.05450 0.001447386000 
0.05500 0.001361496000 
0.05550 0.001276774000 
0.05600 0.001192050000 
0.05650 0.001118922000 
0.05700 0.001051390000 
0.05750 0.000983858000 
0.05800 0.000921586000 
0.05850 0.000867638000 
0.05900 0.000813690000 
0.05950 0.000760650000 
0.06000 0.000717462000 
0.06050 0.000674274000 
0.06100 0.000631086000 
0.06150 0.000594444000 
0.06200 0.000559798000 
0.06250 0.000525152000 
0.06300 0.000493448000 
0.06350 0.000465598000 
0.06400 0.000437748000 
0.06450 0.000410354000 
0.06500 0.000387924000 
0.06550 0.000365492000 
0.06600 0.000343062000 
0.06650 0.000323748000 
0.06700 0.000305646000 
0.06750 0.000287546000 
0.06800 0.000270624000 
0.06850 0.000255990000 
0.06900 0.000241354000 
0.06950 0.000226720000 
0.07000 0.000214716000 
0.07050 0.000202862000 
0.07100 0.000191008400 
0.07150 0.000180351400 
0.07200 0.000170733200 
0.07250 0.000161115000 
0.07300 0.000151695000 
0.07350 0.000143876800 
0.07400 0.000136058400 
0.07450 0.000128240000 
0.07500 0.000121394800 
0.07550 0.000115028600 
0.07600 0.000108662400 
0.07650 0.000102548800 
0.07700 0.000097356000 
0.07750 0.000092163400 
0.07800 0.000086970600 
0.07850 0.000082486600 
0.07900 0.000078244000 
0.07950 0.000074001400 
0.08000 0.000069960800 
0.08050 0.000066488800 
0.08100 0.000063016800 
0.08150 0.000059544800 
0.08200 0.000056551200 
0.08250 0.000053705200 
0.08300 0.000050859000 
0.08350 0.000048141800 
0.08400 0.000045805200 
0.08450 0.000043468400 
0.08500 0.000041131800 
0.08550 0.000039097200 
0.08600 0.000037175800 
0.08650 0.000035254400 
0.08700 0.000033397000 
0.08750 0.000031814600 
0.08800 0.000030232000 
0.08850 0.000028649600 
0.08900 0.000027244000 
0.08950 0.000025938600 
0.09000 0.000024633400 
0.09050 0.000023344800 
0.09100 0.000022266600 
0.09150 0.000021188400 
0.09200 0.000020110200 
0.09250 0.000019124500 
0.09300 0.000018232500 
0.09350 0.000017340500 
0.09400 0.000016448500 
0.09450 0.000015695520 
0.09500 0.000014956520 
0.09550 0.000014217520 
0.09600 0.000013517360 
0.09650 0.000012904220 
0.09700 0.000012291100 
0.09750 0.000011677980 
0.09800 0.000011137180 
0.09850 0.000010627780 
0.09900 0.000010118400 
0.09950 0.000009615400 
0.10000 0.000009191620 
0.10050 0.000008767820 
0.10100 0.000008344020 
0.10150 0.000007951480 
0.10200 0.000007598420 
0.10250 0.000007245360 
0.10300 0.000006892300 
0.10350 0.000006586000 
0.10400 0.000006291500 
0.10450 0.000005996980 
0.10500 0.000005709520 
0.10550 0.000005463520 
0.10600 0.000005217540 
0.10650 0.000004971540 
0.10700 0.000004744980 
0.10750 0.000004539240 
0.10800 0.000004333520 
0.10850 0.000004127780 
0.10900 0.000003949160 
0.10950 0.000003776900 
0.11000 0.000003604640 
0.11050 0.000003435960 
0.11100 0.000003291540 
0.11150 0.000003147120 
0.11200 0.000003002700 
0.11250 0.000002868440 
0.11300 0.000002747240 
0.11350 0.000002626020 
0.11400 0.000002504800 
0.11450 0.000002397900 
0.11500 0.000002296040 
0.11550 0.000002194180 
0.11600 0.000002092840 
0.11650 0.000002007140 
0.11700 0.000001921468 
0.11750 0.000001835784 
0.11800 0.000001754366 
0.11850 0.000001682210 
0.11900 0.000001610054 
0.11950 0.000001537898 
0.12000 0.000001472438 
0.12050 0.000001411612 
0.12100 0.000001350786 
0.12150 0.000001289958 
0.12200 0.000001237288 
0.12250 0.000001185960 
0.12300 0.000001134630 
0.12350 0.000001084244 
0.12400 0.000001040888 
0.12450 0.000000997532 
0.12500 0.000000954176 
0.12550 0.000000913298 
0.12600 0.000000876642 
0.12650 0.000000839986 
0.12700 0.000000803330 
0.12750 0.000000770134 
0.12800 0.000000739116 
0.12850 0.000000708096 
0.12900 0.000000677078 
0.12950 0.000000650090 
0.13000 0.000000623818 
0.13050 0.000000597546 
0.13100 0.000000571582 
0.13150 0.000000549312 
0.13200 0.000000527044 
0.13250 0.000000504776 
0.13300 0.000000483506 
0.13350 0.000000464614 
0.13400 0.000000445722 
0.13450 0.000000426832 
0.13500 0.000000409386 
0.13550 0.000000393348 
0.13600 0.000000377310 
0.13650 0.000000361270 
0.13700 0.000000346942 
0.13750 0.000000333318 
0.13800 0.000000319692 
0.13850 0.000000306068 
0.13900 0.000000294284 
0.13950 0.000000282702 
0.14000 0.000000271118 
0.14050 0.000000259684 
0.14100 0.000000249830 
0.14150 0.000000239978 
0.14200 0.000000230124 
0.14250 0.000000220654 
0.14300 0.000000212268 
0.14350 0.000000203880 
0.14400 0.000000195493 
0.14450 0.000000187636 
0.14500 0.000000180494 
0.14550 0.000000173351 
0.14600 0.000000166208 
0.14650 0.000000159679 
0.14700 0.000000153592 
0.14750 0.000000147506 
0.14800 0.000000141419 
0.14850 0.000000135984 
0.14900 0.000000130796 
0.14950 0.000000125607 
0.15000 0.000000120419 
0.15050 0.000000115886 
0.15100 0.000000111460 
0.15150 0.000000107035 
0.15200 0.000000102610 
0.15250 0.000000098822 
0.15300 0.000000095046 
0.15350 0.000000091270 
0.15400 0.000000087545 
0.15450 0.000000084322 
0.15500 0.000000081100 
0.15550 0.000000077877 
0.15600 0.000000074744 
0.15650 0.000000071992 
0.15700 0.000000069241 
0.15750 0.000000066489 
0.15800 0.000000063848 
0.15850 0.000000061497 
0.15900 0.000000059147 
0.15950 0.000000056796 
0.16000 0.000000054565 
0.16050 0.000000052557 
0.16100 0.000000050549 
0.16150 0.000000048541 
0.16200 0.000000046653 
0.16250 0.000000044936 
0.16300 0.000000043220 
0.16350 0.000000041504 
0.16400 0.000000039902 
0.16450 0.000000038435 
0.16500 0.000000036968 
0.16550 0.000000035501 
0.16600 0.000000034138 
0.16650 0.000000032885 
0.16700 0.000000031631 
0.16750 0.000000030377 
0.16800 0.000000029215 
0.16850 0.000000028143 
0.16900 0.000000027070 
0.16950 0.000000025998 
0.17000 0.000000025005 
0.17050 0.000000024088 
0.17100 0.000000023172 
0.17150 0.000000022255 
0.17200 0.000000021404 
0.17250 0.000000020620 
0.17300 0.000000019836 
0.17350 0.000000019051 
0.17400 0.000000018321 
0.17450 0.000000017650 
0.17500 0.000000016979 
0.17550 0.000000016308 
0.17600 0.000000015679 
0.17650 0.000000015106 
0.17700 0.000000014532 
0.17750 0.000000013958 
0.17800 0.000000013416 
0.17850 0.000000012925 
0.17900 0.000000012435 
0.17950 0.000000011944 
0.18000 0.000000011475 
0.18050 0.000000011055 
0.18100 0.000000010635 
0.18150 0.000000010215 
0.18200 0.000000009809 
0.18250 0.000000009450 
0.18300 0.000000009091 
0.18350 0.000000008732 
0.18400 0.000000008379 
0.18450 0.000000008072 
0.18500 0.000000007765 
0.18550 0.000000007458 
0.18600 0.000000007152 
0.18650 0.000000006889 
0.18700 0.000000006626 
0.18750 0.000000006364 
0.18800 0.000000006101 
0.18850 0.000000005872 
0.18900 0.000000005648 
0.18950 0.000000005424 
0.19000 0.000000005199 
0.19050 0.000000004999 
0.19100 0.000000004807 
0.19150 0.000000004615 
0.19200 0.000000004423 
0.19250 0.000000004248 
0.19300 0.000000004084 
0.19350 0.000000003920 
0.19400 0.000000003756 
0.19450 0.000000003603 
0.19500 0.000000003463 
0.19550 0.000000003323 
0.19600 0.000000003182 
0.19650 0.000000003048 
0.19700 0.000000002929 
0.19750 0.000000002809 
0.19800 0.000000002689 
0.19850 0.000000002572 
0.19900 0.000000002470 
0.19950 0.000000002367 
0.20000 0.000000002265 
0.20050 0.000000002163 
0.20100 0.000000002075 
0.20150 0.000000001988 
0.20200 0.000000001901 
0.20250 0.000000001813 
0.20300 0.000000001736 
0.20350 0.000000001662 
0.20400 0.000000001588 
0.20450 0.000000001513 
0.20500 0.000000001446 
0.20550 0.000000001383 
0.20600 0.000000001319 
0.20650 0.000000001256 
0.20700 0.000000001197 
0.20750 0.000000001144 
0.20800 0.000000001090 
0.20850 0.000000001036 
0.20900 0.000000000985 
0.20950 0.000000000939 
0.21000 0.000000000893 
0.21050 0.000000000848 
0.21100 0.000000000803 
0.21150 0.000000000764 
0.21200 0.000000000725 
0.21250 0.000000000687 
0.21300 0.000000000648 
0.21350 0.000000000616 
0.21400 0.000000000583 
0.21450 0.000000000550 
0.21500 0.000000000517 
0.21550 0.000000000490 
0.21600 0.000000000462 
0.21650 0.000000000434 
0.21700 0.000000000406 
0.21750 0.000000000383 
0.21800 0.000000000360 
0.21850 0.000000000337 
0.21900 0.000000000313 
0.21950 0.000000000294 
0.22000 0.000000000274 
0.22050 0.000000000255 
0.22100 0.000000000236 
0.22150 0.000000000219 
0.22200 0.000000000203 
0.22250 0.000000000187 
0.22300 0.000000000171 
0.22350 0.000000000158 
0.22400 0.000000000145 
0.22450 0.000000000132 
0.22500 0.000000000119 
0.22550 0.000000000108 
0.22600 0.000000000098 
0.22650 0.000000000087 
0.22700 0.000000000077 
0.22750 0.000000000069 
0.22800 0.000000000061 
0.22850 0.000000000052 
0.22900 0.000000000045 
0.22950 0.000000000039 
0.23000 0.000000000033 
0.23050 0.000000000027 
0.23100 0.000000000022 
0.23150 0.000000000018 
0.23200 0.000000000013 
0.23250 0.000000000010 
0.23300 0.000000000007 
0.23350 0.000000000005 
