0.00000 158.800200000000 
0.00050 143.844600000000 
0.00100 128.889000000000 
0.00150 113.933600000000 
0.00200 98.978000000000 
0.00250 88.106000000000 
0.00300 78.452200000000 
0.00350 70.373400000000 
0.00400 63.751000000000 
0.00450 57.485800000000 
0.00500 52.754200000000 
0.00550 48.022800000000 
0.00600 44.270000000000 
0.00650 40.784800000000 
0.00700 37.569000000000 
0.00750 34.939200000000 
0.00800 32.309200000000 
0.00850 30.154000000000 
0.00900 28.129200000000 
0.00950 26.191800000000 
0.01000 24.606800000000 
0.01050 23.021600000000 
0.01100 21.619800000000 
0.01150 20.360800000000 
0.01200 19.101640000000 
0.01250 18.059520000000 
0.01300 17.046740000000 
0.01350 16.063740000000 
0.01400 15.240040000000 
0.01450 14.416320000000 
0.01500 13.650900000000 
0.01550 12.974380000000 
0.01600 12.297840000000 
0.01650 11.690900000000 
0.01700 11.130380000000 
0.01750 10.569860000000 
0.01800 10.080700000000 
0.01850 9.612640000000 
0.01900 9.144600000000 
0.01950 8.744620000000 
0.02000 8.351020000000 
0.02050 7.959240000000 
0.02100 7.626120000000 
0.02150 7.293000000000 
0.02200 6.965880000000 
0.02250 6.682320000000 
0.02300 6.398780000000 
0.02350 6.122940000000 
0.02400 5.880320000000 
0.02450 5.637680000000 
0.02500 5.403020000000 
0.02550 5.194420000000 
0.02600 4.985800000000 
0.02650 4.784600000000 
0.02700 4.604460000000 
0.02750 4.424320000000 
0.02800 4.250580000000 
0.02850 4.094400000000 
0.02900 3.938220000000 
0.02950 3.787220000000 
0.03000 3.651300000000 
0.03050 3.515400000000 
0.03100 3.383420000000 
0.03150 3.264760000000 
0.03200 3.146120000000 
0.03250 3.030140000000 
0.03300 2.926220000000 
0.03350 2.822320000000 
0.03400 2.719920000000 
0.03450 2.628660000000 
0.03500 2.537420000000 
0.03550 2.446620000000 
0.03600 2.366260000000 
0.03650 2.285920000000 
0.03700 2.205580000000 
0.03750 2.134180000000 
0.03800 2.063260000000 
0.03850 1.992350000000 
0.03900 1.928324000000 
0.03950 1.865596000000 
0.04000 1.802866000000 
0.04050 1.745264000000 
0.04100 1.689666000000 
0.04150 1.634068000000 
0.04200 1.582088000000 
0.04250 1.532712000000 
0.04300 1.483338000000 
0.04350 1.436302000000 
0.04400 1.392382000000 
0.04450 1.348460000000 
0.04500 1.305794000000 
0.04550 1.266658000000 
0.04600 1.227522000000 
0.04650 1.188722000000 
0.04700 1.153798000000 
0.04750 1.118876000000 
0.04800 1.083952000000 
0.04850 1.052308000000 
0.04900 1.021098000000 
0.04950 0.989888000000 
0.05000 0.960882000000 
0.05050 0.932954000000 
0.05100 0.905026000000 
0.05150 0.878390000000 
0.05200 0.853370000000 
0.05250 0.828348000000 
0.05300 0.803850000000 
0.05350 0.781404000000 
0.05400 0.758960000000 
0.05450 0.736514000000 
0.05500 0.716236000000 
0.05550 0.696080000000 
0.05600 0.675922000000 
0.05650 0.657140000000 
0.05700 0.639020000000 
0.05750 0.620900000000 
0.05800 0.603482000000 
0.05850 0.587176000000 
0.05900 0.570870000000 
0.05950 0.554702000000 
0.06000 0.540014000000 
0.06050 0.525326000000 
0.06100 0.510640000000 
0.06150 0.497058000000 
0.06200 0.483816000000 
0.06250 0.470572000000 
0.06300 0.457890000000 
0.06350 0.445938000000 
0.06400 0.433988000000 
0.06450 0.422136000000 
0.06500 0.411342000000 
0.06550 0.400548000000 
0.06600 0.389754000000 
0.06650 0.379706000000 
0.06700 0.369948000000 
0.06750 0.360192000000 
0.06800 0.350750000000 
0.06850 0.341922000000 
0.06900 0.333094000000 
0.06950 0.324266000000 
0.07000 0.316226000000 
0.07050 0.308232000000 
0.07100 0.300238000000 
0.07150 0.292646000000 
0.07200 0.285402000000 
0.07250 0.278158000000 
0.07300 0.270990000000 
0.07350 0.264420000000 
0.07400 0.257850000000 
0.07450 0.251282000000 
0.07500 0.245118000000 
0.07550 0.239156000000 
0.07600 0.233194000000 
0.07650 0.227348000000 
0.07700 0.221934000000 
0.07750 0.216518000000 
0.07800 0.211102000000 
0.07850 0.206054000000 
0.07900 0.201132000000 
0.07950 0.196208400000 
0.08000 0.191402200000 
0.08050 0.186924400000 
0.08100 0.182446400000 
0.08150 0.177968400000 
0.08200 0.173797200000 
0.08250 0.169720200000 
0.08300 0.165643400000 
0.08350 0.161658200000 
0.08400 0.157944400000 
0.08450 0.154230600000 
0.08500 0.150516600000 
0.08550 0.147041200000 
0.08600 0.143655200000 
0.08650 0.140269000000 
0.08700 0.136939200000 
0.08750 0.133850800000 
0.08800 0.130762400000 
0.08850 0.127674000000 
0.08900 0.124756600000 
0.08950 0.121936200000 
0.09000 0.119115800000 
0.09050 0.116313200000 
0.09100 0.113737000000 
0.09150 0.111160600000 
0.09200 0.108584200000 
0.09250 0.106117400000 
0.09300 0.103761800000 
0.09350 0.101406200000 
0.09400 0.099050600000 
0.09450 0.096877600000 
0.09500 0.094723000000 
0.09550 0.092568200000 
0.09600 0.090469600000 
0.09650 0.088496400000 
0.09700 0.086523200000 
0.09750 0.084550000000 
0.09800 0.082692600000 
0.09850 0.080885400000 
0.09900 0.079078200000 
0.09950 0.077282400000 
0.10000 0.075625800000 
0.10050 0.073969000000 
0.10100 0.072312400000 
0.10150 0.070716200000 
0.10200 0.069196600000 
0.10250 0.067677000000 
0.10300 0.066157400000 
0.10350 0.064737600000 
0.10400 0.063342800000 
0.10450 0.061948000000 
0.10500 0.060569800000 
0.10550 0.059289000000 
0.10600 0.058008000000 
0.10650 0.056727200000 
0.10700 0.055496400000 
0.10750 0.054319400000 
0.10800 0.053142400000 
0.10850 0.051965400000 
0.10900 0.050865200000 
0.10950 0.049783000000 
0.11000 0.048701000000 
0.11050 0.047629800000 
0.11100 0.046634000000 
0.11150 0.045638200000 
0.11200 0.044642400000 
0.11250 0.043681600000 
0.11300 0.042765400000 
0.11350 0.041849200000 
0.11400 0.040933200000 
0.11450 0.040070400000 
0.11500 0.039226600000 
0.11550 0.038382600000 
0.11600 0.037540800000 
0.11650 0.036763400000 
0.11700 0.035986000000 
0.11750 0.035208600000 
0.11800 0.034450400000 
0.11850 0.033733600000 
0.11900 0.033017000000 
0.11950 0.032300200000 
0.12000 0.031616800000 
0.12050 0.030956200000 
0.12100 0.030295800000 
0.12150 0.029635400000 
0.12200 0.029018800000 
0.12250 0.028409400000 
0.12300 0.027800000000 
0.12350 0.027196200000 
0.12400 0.026633600000 
0.12450 0.026071200000 
0.12500 0.025508800000 
0.12550 0.024962200000 
0.12600 0.024443200000 
0.12650 0.023924200000 
0.12700 0.023405200000 
0.12750 0.022910600000 
0.12800 0.022431600000 
0.12850 0.021952600000 
0.12900 0.021473600000 
0.12950 0.021025400000 
0.13000 0.020583000000 
0.13050 0.020140400000 
0.13100 0.019700540000 
0.13150 0.019291980000 
0.13200 0.018883420000 
0.13250 0.018474860000 
0.13300 0.018075480000 
0.13350 0.017697980000 
0.13400 0.017320460000 
0.13450 0.016942960000 
0.13500 0.016579960000 
0.13550 0.016231100000 
0.13600 0.015882260000 
0.13650 0.015533400000 
0.13700 0.015203480000 
0.13750 0.014881360000 
0.13800 0.014559240000 
0.13850 0.014237120000 
0.13900 0.013937040000 
0.13950 0.013639380000 
0.14000 0.013341700000 
0.14050 0.013046000000 
0.14100 0.012771180000 
0.14150 0.012496360000 
0.14200 0.012221540000 
0.14250 0.011952180000 
0.14300 0.011698280000 
0.14350 0.011444380000 
0.14400 0.011190460000 
0.14450 0.010944800000 
0.14500 0.010710260000 
0.14550 0.010475720000 
0.14600 0.010241180000 
0.14650 0.010017060000 
0.14700 0.009800440000 
0.14750 0.009583840000 
0.14800 0.009367220000 
0.14850 0.009162820000 
0.14900 0.008963040000 
0.14950 0.008763260000 
0.15000 0.008563480000 
0.15050 0.008376920000 
0.15100 0.008192540000 
0.15150 0.008008140000 
0.15200 0.007823760000 
0.15250 0.007653380000 
0.15300 0.007483260000 
0.15350 0.007313160000 
0.15400 0.007144280000 
0.15450 0.006987600000 
0.15500 0.006830900000 
0.15550 0.006674220000 
0.15600 0.006519860000 
0.15650 0.006375440000 
0.15700 0.006231020000 
0.15750 0.006086600000 
0.15800 0.005945300000 
0.15850 0.005812080000 
0.15900 0.005678860000 
0.15950 0.005545660000 
0.16000 0.005416220000 
0.16050 0.005293740000 
0.16100 0.005171260000 
0.16150 0.005048780000 
0.16200 0.004930340000 
0.16250 0.004817660000 
0.16300 0.004704980000 
0.16350 0.004592300000 
0.16400 0.004483760000 
0.16450 0.004380160000 
0.16500 0.004276580000 
0.16550 0.004172980000 
0.16600 0.004073580000 
0.16650 0.003978540000 
0.16700 0.003883520000 
0.16750 0.003788480000 
0.16800 0.003697340000 
0.16850 0.003609980000 
0.16900 0.003522620000 
0.16950 0.003435240000 
0.17000 0.003351640000 
0.17050 0.003271640000 
0.17100 0.003191640000 
0.17150 0.003111640000 
0.17200 0.003034920000 
0.17250 0.002961500000 
0.17300 0.002888060000 
0.17350 0.002814620000 
0.17400 0.002744140000 
0.17450 0.002676900000 
0.17500 0.002609680000 
0.17550 0.002542460000 
0.17600 0.002477760000 
0.17650 0.002416400000 
0.17700 0.002355020000 
0.17750 0.002293640000 
0.17800 0.002234280000 
0.17850 0.002178200000 
0.17900 0.002122120000 
0.17950 0.002066040000 
0.18000 0.002011440000 
0.18050 0.001960158000 
0.18100 0.001908876000 
0.18150 0.001857592000 
0.18200 0.001807320000 
0.18250 0.001760564000 
0.18300 0.001713808000 
0.18350 0.001667052000 
0.18400 0.001620834000 
0.18450 0.001578344000 
0.18500 0.001535856000 
0.18550 0.001493366000 
0.18600 0.001450934000 
0.18650 0.001412198000 
0.18700 0.001373460000 
0.18750 0.001334724000 
0.18800 0.001295988000 
0.18850 0.001260486000 
0.18900 0.001225374000 
0.18950 0.001190262000 
0.19000 0.001155152000 
0.19050 0.001122446000 
0.19100 0.001090508000 
0.19150 0.001058570000 
0.19200 0.001026632000 
0.19250 0.000996536000 
0.19300 0.000967594000 
0.19350 0.000938652000 
0.19400 0.000909710000 
0.19450 0.000882040000 
0.19500 0.000855848000 
0.19550 0.000829656000 
0.19600 0.000803464000 
0.19650 0.000778042000 
0.19700 0.000754372000 
0.19750 0.000730704000 
0.19800 0.000707036000 
0.19850 0.000683694000 
0.19900 0.000662338000 
0.19950 0.000640982000 
0.20000 0.000619626000 
0.20050 0.000598270000 
0.20100 0.000578928000 
0.20150 0.000559634000 
0.20200 0.000540338000 
0.20250 0.000521044000 
0.20300 0.000503374000 
0.20350 0.000486078000 
0.20400 0.000468782000 
0.20450 0.000451484000 
0.20500 0.000435314000 
0.20550 0.000419742000 
0.20600 0.000404168000 
0.20650 0.000388594000 
0.20700 0.000373860000 
0.20750 0.000359960000 
0.20800 0.000346058000 
0.20850 0.000332158000 
0.20900 0.000318778000 
0.20950 0.000306316000 
0.21000 0.000293854000 
0.21050 0.000281392000 
0.21100 0.000269242000 
0.21150 0.000258100000 
0.21200 0.000246960000 
0.21250 0.000235818000 
0.21300 0.000224850000 
0.21350 0.000214996000 
0.21400 0.000205142000 
0.21450 0.000195288200 
0.21500 0.000185495800 
0.21550 0.000176749400 
0.21600 0.000168002800 
0.21650 0.000159256400 
0.21700 0.000150520200 
0.21750 0.000142856800 
0.21800 0.000135193400 
0.21850 0.000127530000 
0.21900 0.000119868800 
0.21950 0.000113141800 
0.22000 0.000106415000 
0.22050 0.000099688200 
0.22100 0.000092997200 
0.22150 0.000087143600 
0.22200 0.000081290200 
0.22250 0.000075436800 
0.22300 0.000069698600 
0.22350 0.000064709200 
0.22400 0.000059719600 
0.22450 0.000054730200 
0.22500 0.000049962000 
0.22550 0.000045741000 
0.22600 0.000041520000 
0.22650 0.000037299200 
0.22700 0.000033467000 
0.22750 0.000030002600 
0.22800 0.000026538200 
0.22850 0.000023073800 
0.22900 0.000020213200 
0.22950 0.000017483720 
0.23000 0.000014754240 
0.23050 0.000012185020 
0.23100 0.000010178800 
0.23150 0.000008172560 
0.23200 0.000006166340 
0.23250 0.000004711600 
0.23300 0.000003465320 
0.23350 0.000002219040 
