0.00000 156.592000000000 
0.00050 141.828800000000 
0.00100 127.065800000000 
0.00150 112.302600000000 
0.00200 97.539400000000 
0.00250 86.811200000000 
0.00300 77.287000000000 
0.00350 69.318000000000 
0.00400 62.787400000000 
0.00450 56.609000000000 
0.00500 51.944800000000 
0.00550 47.280400000000 
0.00600 43.581600000000 
0.00650 40.147000000000 
0.00700 36.978200000000 
0.00750 34.387000000000 
0.00800 31.795800000000 
0.00850 29.672800000000 
0.00900 27.678600000000 
0.00950 25.770400000000 
0.01000 24.209200000000 
0.01050 22.648200000000 
0.01100 21.268000000000 
0.01150 20.028400000000 
0.01200 18.788620000000 
0.01250 17.762740000000 
0.01300 16.765740000000 
0.01350 15.798080000000 
0.01400 14.987360000000 
0.01450 14.176620000000 
0.01500 13.423320000000 
0.01550 12.757540000000 
0.01600 12.091780000000 
0.01650 11.494540000000 
0.01700 10.943020000000 
0.01750 10.391500000000 
0.01800 9.910240000000 
0.01850 9.449760000000 
0.01900 8.989280000000 
0.01950 8.595840000000 
0.02000 8.208640000000 
0.02050 7.823260000000 
0.02100 7.495620000000 
0.02150 7.167980000000 
0.02200 6.846240000000 
0.02250 6.567380000000 
0.02300 6.288520000000 
0.02350 6.017240000000 
0.02400 5.778660000000 
0.02450 5.540060000000 
0.02500 5.309320000000 
0.02550 5.104200000000 
0.02600 4.899100000000 
0.02650 4.701260000000 
0.02700 4.524160000000 
0.02750 4.347040000000 
0.02800 4.176240000000 
0.02850 4.022700000000 
0.02900 3.869160000000 
0.02950 3.720720000000 
0.03000 3.587120000000 
0.03050 3.453540000000 
0.03100 3.323800000000 
0.03150 3.207160000000 
0.03200 3.090540000000 
0.03250 2.976560000000 
0.03300 2.874420000000 
0.03350 2.772300000000 
0.03400 2.671660000000 
0.03450 2.581980000000 
0.03500 2.492300000000 
0.03550 2.403080000000 
0.03600 2.324120000000 
0.03650 2.245160000000 
0.03700 2.166220000000 
0.03750 2.096060000000 
0.03800 2.026380000000 
0.03850 1.956694000000 
0.03900 1.893786000000 
0.03950 1.832152000000 
0.04000 1.770516000000 
0.04050 1.713922000000 
0.04100 1.659298000000 
0.04150 1.604672000000 
0.04200 1.553604000000 
0.04250 1.505096000000 
0.04300 1.456590000000 
0.04350 1.410382000000 
0.04400 1.367236000000 
0.04450 1.324088000000 
0.04500 1.282174000000 
0.04550 1.243730000000 
0.04600 1.205286000000 
0.04650 1.167174000000 
0.04700 1.132870000000 
0.04750 1.098564000000 
0.04800 1.064260000000 
0.04850 1.033180000000 
0.04900 1.002524000000 
0.04950 0.971870000000 
0.05000 0.943380000000 
0.05050 0.915950000000 
0.05100 0.888520000000 
0.05150 0.862360000000 
0.05200 0.837786000000 
0.05250 0.813212000000 
0.05300 0.789154000000 
0.05350 0.767110000000 
0.05400 0.745068000000 
0.05450 0.723024000000 
0.05500 0.703110000000 
0.05550 0.683316000000 
0.05600 0.663522000000 
0.05650 0.645078000000 
0.05700 0.627284000000 
0.05750 0.609490000000 
0.05800 0.592386000000 
0.05850 0.576374000000 
0.05900 0.560364000000 
0.05950 0.544488000000 
0.06000 0.530066000000 
0.06050 0.515644000000 
0.06100 0.501222000000 
0.06150 0.487888000000 
0.06200 0.474884000000 
0.06250 0.461880000000 
0.06300 0.449428000000 
0.06350 0.437694000000 
0.06400 0.425962000000 
0.06450 0.414324000000 
0.06500 0.403726000000 
0.06550 0.393130000000 
0.06600 0.382532000000 
0.06650 0.372668000000 
0.06700 0.363088000000 
0.06750 0.353508000000 
0.06800 0.344240000000 
0.06850 0.335572000000 
0.06900 0.326906000000 
0.06950 0.318238000000 
0.07000 0.310346000000 
0.07050 0.302498000000 
0.07100 0.294652000000 
0.07150 0.287198000000 
0.07200 0.280088000000 
0.07250 0.272976000000 
0.07300 0.265938000000 
0.07350 0.259490000000 
0.07400 0.253042000000 
0.07450 0.246592000000 
0.07500 0.240544000000 
0.07550 0.234690000000 
0.07600 0.228838000000 
0.07650 0.223100000000 
0.07700 0.217784000000 
0.07750 0.212468000000 
0.07800 0.207152000000 
0.07850 0.202198000000 
0.07900 0.197366000000 
0.07950 0.192534000000 
0.08000 0.187816600000 
0.08050 0.183421600000 
0.08100 0.179026400000 
0.08150 0.174631200000 
0.08200 0.170537000000 
0.08250 0.166535600000 
0.08300 0.162534200000 
0.08350 0.158622800000 
0.08400 0.154977800000 
0.08450 0.151332800000 
0.08500 0.147687800000 
0.08550 0.144277000000 
0.08600 0.140953600000 
0.08650 0.137630400000 
0.08700 0.134362400000 
0.08750 0.131331400000 
0.08800 0.128300400000 
0.08850 0.125269400000 
0.08900 0.122406200000 
0.08950 0.119638200000 
0.09000 0.116870400000 
0.09050 0.114120200000 
0.09100 0.111591800000 
0.09150 0.109063400000 
0.09200 0.106535000000 
0.09250 0.104114400000 
0.09300 0.101802600000 
0.09350 0.099491000000 
0.09400 0.097179400000 
0.09450 0.095047000000 
0.09500 0.092932400000 
0.09550 0.090818000000 
0.09600 0.088758600000 
0.09650 0.086822400000 
0.09700 0.084886000000 
0.09750 0.082949800000 
0.09800 0.081127200000 
0.09850 0.079353800000 
0.09900 0.077580400000 
0.09950 0.075818200000 
0.10000 0.074192600000 
0.10050 0.072567000000 
0.10100 0.070941400000 
0.10150 0.069375200000 
0.10200 0.067884200000 
0.10250 0.066393000000 
0.10300 0.064902000000 
0.10350 0.063508800000 
0.10400 0.062140200000 
0.10450 0.060771600000 
0.10500 0.059419400000 
0.10550 0.058162600000 
0.10600 0.056905800000 
0.10650 0.055649000000 
0.10700 0.054441200000 
0.10750 0.053286400000 
0.10800 0.052131600000 
0.10850 0.050976800000 
0.10900 0.049897400000 
0.10950 0.048835600000 
0.11000 0.047773800000 
0.11050 0.046723000000 
0.11100 0.045746000000 
0.11150 0.044768800000 
0.11200 0.043791800000 
0.11250 0.042849000000 
0.11300 0.041950200000 
0.11350 0.041051400000 
0.11400 0.040152600000 
0.11450 0.039306200000 
0.11500 0.038478200000 
0.11550 0.037650400000 
0.11600 0.036824400000 
0.11650 0.036061800000 
0.11700 0.035299000000 
0.11750 0.034536400000 
0.11800 0.033792400000 
0.11850 0.033089200000 
0.11900 0.032386200000 
0.11950 0.031683000000 
0.12000 0.031012400000 
0.12050 0.030364600000 
0.12100 0.029716600000 
0.12150 0.029068600000 
0.12200 0.028463800000 
0.12250 0.027866000000 
0.12300 0.027268200000 
0.12350 0.026675800000 
0.12400 0.026124000000 
0.12450 0.025572200000 
0.12500 0.025020200000 
0.12550 0.024484200000 
0.12600 0.023975000000 
0.12650 0.023466000000 
0.12700 0.022956800000 
0.12750 0.022471600000 
0.12800 0.022001600000 
0.12850 0.021531800000 
0.12900 0.021061800000 
0.12950 0.020622400000 
0.13000 0.020188200000 
0.13050 0.019754120000 
0.13100 0.019322580000 
0.13150 0.018921800000 
0.13200 0.018521040000 
0.13250 0.018120260000 
0.13300 0.017728480000 
0.13350 0.017358180000 
0.13400 0.016987860000 
0.13450 0.016617540000 
0.13500 0.016261480000 
0.13550 0.015919280000 
0.13600 0.015577080000 
0.13650 0.015234880000 
0.13700 0.014911280000 
0.13750 0.014595300000 
0.13800 0.014279320000 
0.13850 0.013963360000 
0.13900 0.013669020000 
0.13950 0.013377040000 
0.14000 0.013085040000 
0.14050 0.012795000000 
0.14100 0.012525440000 
0.14150 0.012255860000 
0.14200 0.011986300000 
0.14250 0.011722100000 
0.14300 0.011473040000 
0.14350 0.011224000000 
0.14400 0.010974960000 
0.14450 0.010734000000 
0.14500 0.010503940000 
0.14550 0.010273900000 
0.14600 0.010043840000 
0.14650 0.009824000000 
0.14700 0.009611560000 
0.14750 0.009399100000 
0.14800 0.009186640000 
0.14850 0.008986160000 
0.14900 0.008790200000 
0.14950 0.008594240000 
0.15000 0.008398300000 
0.15050 0.008215320000 
0.15100 0.008034480000 
0.15150 0.007853620000 
0.15200 0.007672780000 
0.15250 0.007505660000 
0.15300 0.007338820000 
0.15350 0.007171980000 
0.15400 0.007006340000 
0.15450 0.006852660000 
0.15500 0.006698980000 
0.15550 0.006545300000 
0.15600 0.006393920000 
0.15650 0.006252280000 
0.15700 0.006110640000 
0.15750 0.005968980000 
0.15800 0.005830400000 
0.15850 0.005699740000 
0.15900 0.005569100000 
0.15950 0.005438440000 
0.16000 0.005311500000 
0.16050 0.005191380000 
0.16100 0.005071260000 
0.16150 0.004951140000 
0.16200 0.004834960000 
0.16250 0.004724460000 
0.16300 0.004613940000 
0.16350 0.004503440000 
0.16400 0.004397000000 
0.16450 0.004295400000 
0.16500 0.004193800000 
0.16550 0.004092200000 
0.16600 0.003994720000 
0.16650 0.003901520000 
0.16700 0.003808320000 
0.16750 0.003715120000 
0.16800 0.003625740000 
0.16850 0.003540060000 
0.16900 0.003454380000 
0.16950 0.003368700000 
0.17000 0.003286700000 
0.17050 0.003208260000 
0.17100 0.003129800000 
0.17150 0.003051340000 
0.17200 0.002976100000 
0.17250 0.002904080000 
0.17300 0.002832080000 
0.17350 0.002760060000 
0.17400 0.002690920000 
0.17450 0.002625000000 
0.17500 0.002559080000 
0.17550 0.002493140000 
0.17600 0.002429700000 
0.17650 0.002369520000 
0.17700 0.002309340000 
0.17750 0.002249140000 
0.17800 0.002190920000 
0.17850 0.002135920000 
0.17900 0.002080940000 
0.17950 0.002025940000 
0.18000 0.001972400000 
0.18050 0.001922110000 
0.18100 0.001871818000 
0.18150 0.001821528000 
0.18200 0.001772228000 
0.18250 0.001726378000 
0.18300 0.001680528000 
0.18350 0.001634676000 
0.18400 0.001589352000 
0.18450 0.001547686000 
0.18500 0.001506020000 
0.18550 0.001464354000 
0.18600 0.001422742000 
0.18650 0.001384756000 
0.18700 0.001346772000 
0.18750 0.001308786000 
0.18800 0.001270800000 
0.18850 0.001235986000 
0.18900 0.001201554000 
0.18950 0.001167124000 
0.19000 0.001132694000 
0.19050 0.001100622000 
0.19100 0.001069304000 
0.19150 0.001037986000 
0.19200 0.001006668000 
0.19250 0.000977154000 
0.19300 0.000948774000 
0.19350 0.000920394000 
0.19400 0.000892012000 
0.19450 0.000864880000 
0.19500 0.000839198000 
0.19550 0.000813514000 
0.19600 0.000787830000 
0.19650 0.000762900000 
0.19700 0.000739692000 
0.19750 0.000716482000 
0.19800 0.000693274000 
0.19850 0.000670386000 
0.19900 0.000649444000 
0.19950 0.000628504000 
0.20000 0.000607562000 
0.20050 0.000586620000 
0.20100 0.000567656000 
0.20150 0.000548736000 
0.20200 0.000529816000 
0.20250 0.000510896000 
0.20300 0.000493570000 
0.20350 0.000476610000 
0.20400 0.000459650000 
0.20450 0.000442688000 
0.20500 0.000426834000 
0.20550 0.000411564000 
0.20600 0.000396292000 
0.20650 0.000381022000 
0.20700 0.000366574000 
0.20750 0.000352944000 
0.20800 0.000339314000 
0.20850 0.000325684000 
0.20900 0.000312564000 
0.20950 0.000300344000 
0.21000 0.000288124000 
0.21050 0.000275904000 
0.21100 0.000263992000 
0.21150 0.000253068000 
0.21200 0.000242144000 
0.21250 0.000231220000 
0.21300 0.000220464000 
0.21350 0.000210802000 
0.21400 0.000201140000 
0.21450 0.000191479000 
0.21500 0.000181877400 
0.21550 0.000173301200 
0.21600 0.000164725200 
0.21650 0.000156149200 
0.21700 0.000147583200 
0.21750 0.000140069200 
0.21800 0.000132555200 
0.21850 0.000125041200 
0.21900 0.000117529400 
0.21950 0.000110933600 
0.22000 0.000104338000 
0.22050 0.000097742200 
0.22100 0.000091181800 
0.22150 0.000085442400 
0.22200 0.000079703200 
0.22250 0.000073964000 
0.22300 0.000068337800 
0.22350 0.000063445600 
0.22400 0.000058553400 
0.22450 0.000053661400 
0.22500 0.000048986400 
0.22550 0.000044847800 
0.22600 0.000040709200 
0.22650 0.000036570600 
0.22700 0.000032813400 
0.22750 0.000029416600 
0.22800 0.000026019800 
0.22850 0.000022623000 
0.22900 0.000019818260 
0.22950 0.000017142100 
0.23000 0.000014465940 
0.23050 0.000011946900 
0.23100 0.000009979880 
0.23150 0.000008012840 
0.23200 0.000006045820 
0.23250 0.000004619500 
0.23300 0.000003397580 
0.23350 0.000002175660 
