0.00000 154.282200000000 
0.00050 139.723800000000 
0.00100 125.165600000000 
0.00150 110.607200000000 
0.00200 96.048800000000 
0.00250 85.473600000000 
0.00300 76.086600000000 
0.00350 68.233800000000 
0.00400 61.799800000000 
0.00450 55.713000000000 
0.00500 51.119000000000 
0.00550 46.525000000000 
0.00600 42.882400000000 
0.00650 39.500400000000 
0.00700 36.380200000000 
0.00750 33.829200000000 
0.00800 31.278000000000 
0.00850 29.188200000000 
0.00900 27.225200000000 
0.00950 25.346800000000 
0.01000 23.810400000000 
0.01050 22.274200000000 
0.01100 20.915800000000 
0.01150 19.695860000000 
0.01200 18.475940000000 
0.01250 17.466500000000 
0.01300 16.485520000000 
0.01350 15.533440000000 
0.01400 14.735840000000 
0.01450 13.938220000000 
0.01500 13.197140000000 
0.01550 12.542220000000 
0.01600 11.887300000000 
0.01650 11.299820000000 
0.01700 10.757340000000 
0.01750 10.214860000000 
0.01800 9.741520000000 
0.01850 9.288640000000 
0.01900 8.835760000000 
0.01950 8.448820000000 
0.02000 8.068040000000 
0.02050 7.689040000000 
0.02100 7.366860000000 
0.02150 7.044680000000 
0.02200 6.728300000000 
0.02250 6.454100000000 
0.02300 6.179920000000 
0.02350 5.913200000000 
0.02400 5.678620000000 
0.02450 5.444040000000 
0.02500 5.217180000000 
0.02550 5.015520000000 
0.02600 4.813880000000 
0.02650 4.619400000000 
0.02700 4.445280000000 
0.02750 4.271180000000 
0.02800 4.103260000000 
0.02850 3.952340000000 
0.02900 3.801420000000 
0.02950 3.655500000000 
0.03000 3.524200000000 
0.03050 3.392900000000 
0.03100 3.265360000000 
0.03150 3.150740000000 
0.03200 3.036120000000 
0.03250 2.924080000000 
0.03300 2.823720000000 
0.03350 2.723360000000 
0.03400 2.624440000000 
0.03450 2.536320000000 
0.03500 2.448180000000 
0.03550 2.360500000000 
0.03600 2.282900000000 
0.03650 2.205320000000 
0.03700 2.127740000000 
0.03750 2.058800000000 
0.03800 1.990328000000 
0.03850 1.921856000000 
0.03900 1.860044000000 
0.03950 1.799482000000 
0.04000 1.738922000000 
0.04050 1.683316000000 
0.04100 1.629646000000 
0.04150 1.575976000000 
0.04200 1.525802000000 
0.04250 1.478144000000 
0.04300 1.430488000000 
0.04350 1.385090000000 
0.04400 1.342702000000 
0.04450 1.300314000000 
0.04500 1.259136000000 
0.04550 1.221370000000 
0.04600 1.183602000000 
0.04650 1.146162000000 
0.04700 1.112464000000 
0.04750 1.078764000000 
0.04800 1.045066000000 
0.04850 1.014536000000 
0.04900 0.984422000000 
0.04950 0.954310000000 
0.05000 0.926326000000 
0.05050 0.899384000000 
0.05100 0.872440000000 
0.05150 0.846746000000 
0.05200 0.822608000000 
0.05250 0.798472000000 
0.05300 0.774840000000 
0.05350 0.753190000000 
0.05400 0.731540000000 
0.05450 0.709890000000 
0.05500 0.690332000000 
0.05550 0.670890000000 
0.05600 0.651450000000 
0.05650 0.633336000000 
0.05700 0.615860000000 
0.05750 0.598384000000 
0.05800 0.581588000000 
0.05850 0.565864000000 
0.05900 0.550140000000 
0.05950 0.534548000000 
0.06000 0.520384000000 
0.06050 0.506222000000 
0.06100 0.492060000000 
0.06150 0.478964000000 
0.06200 0.466196000000 
0.06250 0.453426000000 
0.06300 0.441198000000 
0.06350 0.429676000000 
0.06400 0.418154000000 
0.06450 0.406728000000 
0.06500 0.396322000000 
0.06550 0.385916000000 
0.06600 0.375510000000 
0.06650 0.365822000000 
0.06700 0.356416000000 
0.06750 0.347010000000 
0.06800 0.337910000000 
0.06850 0.329400000000 
0.06900 0.320890000000 
0.06950 0.312380000000 
0.07000 0.304632000000 
0.07050 0.296926000000 
0.07100 0.289220000000 
0.07150 0.281904000000 
0.07200 0.274922000000 
0.07250 0.267940000000 
0.07300 0.261030000000 
0.07350 0.254700000000 
0.07400 0.248368000000 
0.07450 0.242036000000 
0.07500 0.236098000000 
0.07550 0.230352000000 
0.07600 0.224606000000 
0.07650 0.218972000000 
0.07700 0.213754000000 
0.07750 0.208536000000 
0.07800 0.203316000000 
0.07850 0.198452200000 
0.07900 0.193708600000 
0.07950 0.188965200000 
0.08000 0.184334200000 
0.08050 0.180019400000 
0.08100 0.175704800000 
0.08150 0.171390200000 
0.08200 0.167371000000 
0.08250 0.163443000000 
0.08300 0.159515000000 
0.08350 0.155675400000 
0.08400 0.152097200000 
0.08450 0.148519200000 
0.08500 0.144941200000 
0.08550 0.141593000000 
0.08600 0.138330800000 
0.08650 0.135068600000 
0.08700 0.131860600000 
0.08750 0.128885400000 
0.08800 0.125910200000 
0.08850 0.122935000000 
0.08900 0.120124600000 
0.08950 0.117407800000 
0.09000 0.114690800000 
0.09050 0.111991200000 
0.09100 0.109509600000 
0.09150 0.107027800000 
0.09200 0.104546200000 
0.09250 0.102170200000 
0.09300 0.099901200000 
0.09350 0.097632200000 
0.09400 0.095363400000 
0.09450 0.093270200000 
0.09500 0.091195000000 
0.09550 0.089119600000 
0.09600 0.087098200000 
0.09650 0.085197800000 
0.09700 0.083297400000 
0.09750 0.081397000000 
0.09800 0.079608200000 
0.09850 0.077867600000 
0.09900 0.076127200000 
0.09950 0.074397600000 
0.10000 0.072802200000 
0.10050 0.071206800000 
0.10100 0.069611200000 
0.10150 0.068074200000 
0.10200 0.066610800000 
0.10250 0.065147400000 
0.10300 0.063684000000 
0.10350 0.062316600000 
0.10400 0.060973600000 
0.10450 0.059630400000 
0.10500 0.058303400000 
0.10550 0.057070000000 
0.10600 0.055836400000 
0.10650 0.054603000000 
0.10700 0.053418000000 
0.10750 0.052284600000 
0.10800 0.051151200000 
0.10850 0.050018000000 
0.10900 0.048958600000 
0.10950 0.047916600000 
0.11000 0.046874800000 
0.11050 0.045843400000 
0.11100 0.044884600000 
0.11150 0.043925800000 
0.11200 0.042967000000 
0.11250 0.042042000000 
0.11300 0.041159800000 
0.11350 0.040277800000 
0.11400 0.039395800000 
0.11450 0.038565200000 
0.11500 0.037752800000 
0.11550 0.036940200000 
0.11600 0.036129800000 
0.11650 0.035381400000 
0.11700 0.034633000000 
0.11750 0.033884600000 
0.11800 0.033154600000 
0.11850 0.032464600000 
0.11900 0.031774600000 
0.11950 0.031084600000 
0.12000 0.030426600000 
0.12050 0.029790800000 
0.12100 0.029155200000 
0.12150 0.028519400000 
0.12200 0.027925800000 
0.12250 0.027339200000 
0.12300 0.026752600000 
0.12350 0.026171200000 
0.12400 0.025629800000 
0.12450 0.025088400000 
0.12500 0.024547000000 
0.12550 0.024021000000 
0.12600 0.023521400000 
0.12650 0.023021800000 
0.12700 0.022522200000 
0.12750 0.022046200000 
0.12800 0.021585000000 
0.12850 0.021124000000 
0.12900 0.020662800000 
0.12950 0.020231600000 
0.13000 0.019805680000 
0.13050 0.019379760000 
0.13100 0.018956340000 
0.13150 0.018563120000 
0.13200 0.018169880000 
0.13250 0.017776660000 
0.13300 0.017392280000 
0.13350 0.017028940000 
0.13400 0.016665600000 
0.13450 0.016302260000 
0.13500 0.015952900000 
0.13550 0.015617160000 
0.13600 0.015281420000 
0.13650 0.014945680000 
0.13700 0.014628160000 
0.13750 0.014318160000 
0.13800 0.014008140000 
0.13850 0.013698140000 
0.13900 0.013409360000 
0.13950 0.013122900000 
0.14000 0.012836420000 
0.14050 0.012551840000 
0.14100 0.012287380000 
0.14150 0.012022900000 
0.14200 0.011758440000 
0.14250 0.011499220000 
0.14300 0.011254880000 
0.14350 0.011010540000 
0.14400 0.010766220000 
0.14450 0.010529820000 
0.14500 0.010304120000 
0.14550 0.010078420000 
0.14600 0.009852720000 
0.14650 0.009637040000 
0.14700 0.009428600000 
0.14750 0.009220180000 
0.14800 0.009011740000 
0.14850 0.008815060000 
0.14900 0.008622820000 
0.14950 0.008430580000 
0.15000 0.008238340000 
0.15050 0.008058820000 
0.15100 0.007881400000 
0.15150 0.007703980000 
0.15200 0.007526560000 
0.15250 0.007362620000 
0.15300 0.007198940000 
0.15350 0.007035260000 
0.15400 0.006872780000 
0.15450 0.006722020000 
0.15500 0.006571240000 
0.15550 0.006420480000 
0.15600 0.006271980000 
0.15650 0.006133020000 
0.15700 0.005994060000 
0.15750 0.005855120000 
0.15800 0.005719160000 
0.15850 0.005590980000 
0.15900 0.005462820000 
0.15950 0.005334660000 
0.16000 0.005210120000 
0.16050 0.005092280000 
0.16100 0.004974440000 
0.16150 0.004856600000 
0.16200 0.004742640000 
0.16250 0.004634240000 
0.16300 0.004525820000 
0.16350 0.004417420000 
0.16400 0.004313000000 
0.16450 0.004213340000 
0.16500 0.004113680000 
0.16550 0.004014000000 
0.16600 0.003918380000 
0.16650 0.003826960000 
0.16700 0.003735540000 
0.16750 0.003644120000 
0.16800 0.003556440000 
0.16850 0.003472380000 
0.16900 0.003388340000 
0.16950 0.003304280000 
0.17000 0.003223860000 
0.17050 0.003146900000 
0.17100 0.003069940000 
0.17150 0.002992980000 
0.17200 0.002919180000 
0.17250 0.002848520000 
0.17300 0.002777880000 
0.17350 0.002707240000 
0.17400 0.002639440000 
0.17450 0.002574760000 
0.17500 0.002510100000 
0.17550 0.002445420000 
0.17600 0.002383200000 
0.17650 0.002324160000 
0.17700 0.002265120000 
0.17750 0.002206080000 
0.17800 0.002148960000 
0.17850 0.002095020000 
0.17900 0.002041080000 
0.17950 0.001987144000 
0.18000 0.001934620000 
0.18050 0.001885290000 
0.18100 0.001835960000 
0.18150 0.001786630000 
0.18200 0.001738272000 
0.18250 0.001693298000 
0.18300 0.001648324000 
0.18350 0.001603350000 
0.18400 0.001558890000 
0.18450 0.001518022000 
0.18500 0.001477152000 
0.18550 0.001436282000 
0.18600 0.001395468000 
0.18650 0.001358208000 
0.18700 0.001320950000 
0.18750 0.001283690000 
0.18800 0.001246430000 
0.18850 0.001212282000 
0.18900 0.001178510000 
0.18950 0.001144738000 
0.19000 0.001110966000 
0.19050 0.001079510000 
0.19100 0.001048790000 
0.19150 0.001018072000 
0.19200 0.000987352000 
0.19250 0.000958406000 
0.19300 0.000930568000 
0.19350 0.000902730000 
0.19400 0.000874894000 
0.19450 0.000848280000 
0.19500 0.000823090000 
0.19550 0.000797898000 
0.19600 0.000772706000 
0.19650 0.000748254000 
0.19700 0.000725490000 
0.19750 0.000702726000 
0.19800 0.000679962000 
0.19850 0.000657514000 
0.19900 0.000636974000 
0.19950 0.000616434000 
0.20000 0.000595894000 
0.20050 0.000575354000 
0.20100 0.000556752000 
0.20150 0.000538194000 
0.20200 0.000519638000 
0.20250 0.000501080000 
0.20300 0.000484088000 
0.20350 0.000467452000 
0.20400 0.000450818000 
0.20450 0.000434182000 
0.20500 0.000418632000 
0.20550 0.000403654000 
0.20600 0.000388676000 
0.20650 0.000373698000 
0.20700 0.000359528000 
0.20750 0.000346160000 
0.20800 0.000332792000 
0.20850 0.000319422000 
0.20900 0.000306554000 
0.20950 0.000294570000 
0.21000 0.000282584000 
0.21050 0.000270600000 
0.21100 0.000258916000 
0.21150 0.000248202000 
0.21200 0.000237488000 
0.21250 0.000226774000 
0.21300 0.000216224000 
0.21350 0.000206748000 
0.21400 0.000197271600 
0.21450 0.000187795600 
0.21500 0.000178378400 
0.21550 0.000169967200 
0.21600 0.000161556000 
0.21650 0.000153144800 
0.21700 0.000144743400 
0.21750 0.000137373800 
0.21800 0.000130004400 
0.21850 0.000122634800 
0.21900 0.000115267400 
0.21950 0.000108798600 
0.22000 0.000102329600 
0.22050 0.000095860800 
0.22100 0.000089426600 
0.22150 0.000083797600 
0.22200 0.000078168800 
0.22250 0.000072540000 
0.22300 0.000067022000 
0.22350 0.000062224000 
0.22400 0.000057426000 
0.22450 0.000052628000 
0.22500 0.000048043000 
0.22550 0.000043984000 
0.22600 0.000039925200 
0.22650 0.000035866200 
0.22700 0.000032181200 
0.22750 0.000028850000 
0.22800 0.000025518600 
0.22850 0.000022187200 
0.22900 0.000019436460 
0.22950 0.000016811840 
0.23000 0.000014187220 
0.23050 0.000011716700 
0.23100 0.000009787580 
0.23150 0.000007858440 
0.23200 0.000005929300 
0.23250 0.000004530480 
0.23300 0.000003332100 
0.23350 0.000002133740 
