0.00000 151.896400000000 
0.00050 137.550200000000 
0.00100 123.203800000000 
0.00150 108.857600000000 
0.00200 94.511200000000 
0.00250 84.094200000000 
0.00300 74.849200000000 
0.00350 67.116600000000 
0.00400 60.782200000000 
0.00450 54.790200000000 
0.00500 50.268800000000 
0.00550 45.747200000000 
0.00600 42.163000000000 
0.00650 38.835200000000 
0.00700 35.765000000000 
0.00750 33.255400000000 
0.00800 30.745800000000 
0.00850 28.690000000000 
0.00900 26.759200000000 
0.00950 24.911600000000 
0.01000 23.400800000000 
0.01050 21.889800000000 
0.01100 20.554000000000 
0.01150 19.354460000000 
0.01200 18.154860000000 
0.01250 17.162380000000 
0.01300 16.197900000000 
0.01350 15.261820000000 
0.01400 14.477700000000 
0.01450 13.693580000000 
0.01500 12.965060000000 
0.01550 12.321280000000 
0.01600 11.677500000000 
0.01650 11.100080000000 
0.01700 10.566880000000 
0.01750 10.033680000000 
0.01800 9.568480000000 
0.01850 9.123400000000 
0.01900 8.678300000000 
0.01950 8.298060000000 
0.02000 7.923880000000 
0.02050 7.551440000000 
0.02100 7.234860000000 
0.02150 6.918280000000 
0.02200 6.607420000000 
0.02250 6.338000000000 
0.02300 6.068600000000 
0.02350 5.806540000000 
0.02400 5.576080000000 
0.02450 5.345620000000 
0.02500 5.122740000000 
0.02550 4.924640000000 
0.02600 4.726540000000 
0.02650 4.535500000000 
0.02700 4.364460000000 
0.02750 4.193440000000 
0.02800 4.028500000000 
0.02850 3.880260000000 
0.02900 3.732020000000 
0.02950 3.588700000000 
0.03000 3.459740000000 
0.03050 3.330760000000 
0.03100 3.205520000000 
0.03150 3.092940000000 
0.03200 2.980360000000 
0.03250 2.870340000000 
0.03300 2.771780000000 
0.03350 2.673200000000 
0.03400 2.576080000000 
0.03450 2.489540000000 
0.03500 2.402980000000 
0.03550 2.316880000000 
0.03600 2.240700000000 
0.03650 2.164500000000 
0.03700 2.088320000000 
0.03750 2.020640000000 
0.03800 1.953406000000 
0.03850 1.886174000000 
0.03900 1.825484000000 
0.03950 1.766024000000 
0.04000 1.706564000000 
0.04050 1.651970000000 
0.04100 1.599278000000 
0.04150 1.546586000000 
0.04200 1.497328000000 
0.04250 1.450542000000 
0.04300 1.403754000000 
0.04350 1.359188000000 
0.04400 1.317576000000 
0.04450 1.275966000000 
0.04500 1.235542000000 
0.04550 1.198470000000 
0.04600 1.161396000000 
0.04650 1.124644000000 
0.04700 1.091566000000 
0.04750 1.058488000000 
0.04800 1.025410000000 
0.04850 0.995442000000 
0.04900 0.965886000000 
0.04950 0.936328000000 
0.05000 0.908862000000 
0.05050 0.882418000000 
0.05100 0.855972000000 
0.05150 0.830754000000 
0.05200 0.807064000000 
0.05250 0.783374000000 
0.05300 0.760182000000 
0.05350 0.738934000000 
0.05400 0.717686000000 
0.05450 0.696438000000 
0.05500 0.677244000000 
0.05550 0.658166000000 
0.05600 0.639088000000 
0.05650 0.621310000000 
0.05700 0.604162000000 
0.05750 0.587012000000 
0.05800 0.570528000000 
0.05850 0.555098000000 
0.05900 0.539668000000 
0.05950 0.524368000000 
0.06000 0.510470000000 
0.06050 0.496574000000 
0.06100 0.482676000000 
0.06150 0.469826000000 
0.06200 0.457298000000 
0.06250 0.444768000000 
0.06300 0.432770000000 
0.06350 0.421464000000 
0.06400 0.410160000000 
0.06450 0.398948000000 
0.06500 0.388736000000 
0.06550 0.378526000000 
0.06600 0.368316000000 
0.06650 0.358814000000 
0.06700 0.349584000000 
0.06750 0.340356000000 
0.06800 0.331428000000 
0.06850 0.323078000000 
0.06900 0.314730000000 
0.06950 0.306380000000 
0.07000 0.298778000000 
0.07050 0.291218000000 
0.07100 0.283660000000 
0.07150 0.276480000000 
0.07200 0.269632000000 
0.07250 0.262782000000 
0.07300 0.256004000000 
0.07350 0.249792000000 
0.07400 0.243582000000 
0.07450 0.237370000000 
0.07500 0.231544000000 
0.07550 0.225908000000 
0.07600 0.220270000000 
0.07650 0.214746000000 
0.07700 0.209626000000 
0.07750 0.204506000000 
0.07800 0.199387200000 
0.07850 0.194615800000 
0.07900 0.189962800000 
0.07950 0.185309800000 
0.08000 0.180767000000 
0.08050 0.176534800000 
0.08100 0.172302600000 
0.08150 0.168070400000 
0.08200 0.164128200000 
0.08250 0.160275200000 
0.08300 0.156422400000 
0.08350 0.152656200000 
0.08400 0.149146800000 
0.08450 0.145637200000 
0.08500 0.142127800000 
0.08550 0.138843600000 
0.08600 0.135644000000 
0.08650 0.132444400000 
0.08700 0.129298200000 
0.08750 0.126380000000 
0.08800 0.123462000000 
0.08850 0.120544000000 
0.08900 0.117787600000 
0.08950 0.115123000000 
0.09000 0.112458200000 
0.09050 0.109810600000 
0.09100 0.107376600000 
0.09150 0.104942800000 
0.09200 0.102508800000 
0.09250 0.100178600000 
0.09300 0.097953400000 
0.09350 0.095728200000 
0.09400 0.093503000000 
0.09450 0.091450400000 
0.09500 0.089415200000 
0.09550 0.087379800000 
0.09600 0.085397600000 
0.09650 0.083533800000 
0.09700 0.081670200000 
0.09750 0.079806400000 
0.09800 0.078052200000 
0.09850 0.076345400000 
0.09900 0.074638600000 
0.09950 0.072942400000 
0.10000 0.071377800000 
0.10050 0.069813200000 
0.10100 0.068248800000 
0.10150 0.066741400000 
0.10200 0.065306400000 
0.10250 0.063871400000 
0.10300 0.062436400000 
0.10350 0.061095600000 
0.10400 0.059778400000 
0.10450 0.058461400000 
0.10500 0.057160000000 
0.10550 0.055950600000 
0.10600 0.054741200000 
0.10650 0.053531600000 
0.10700 0.052369600000 
0.10750 0.051258200000 
0.10800 0.050147000000 
0.10850 0.049035600000 
0.10900 0.047997000000 
0.10950 0.046975400000 
0.11000 0.045953600000 
0.11050 0.044942400000 
0.11100 0.044002400000 
0.11150 0.043062200000 
0.11200 0.042122000000 
0.11250 0.041215000000 
0.11300 0.040350200000 
0.11350 0.039485200000 
0.11400 0.038620400000 
0.11450 0.037806000000 
0.11500 0.037009400000 
0.11550 0.036212800000 
0.11600 0.035418200000 
0.11650 0.034684400000 
0.11700 0.033950600000 
0.11750 0.033216800000 
0.11800 0.032501200000 
0.11850 0.031824600000 
0.11900 0.031148200000 
0.11950 0.030471600000 
0.12000 0.029826600000 
0.12050 0.029203200000 
0.12100 0.028579800000 
0.12150 0.027956600000 
0.12200 0.027374600000 
0.12250 0.026799400000 
0.12300 0.026224400000 
0.12350 0.025654400000 
0.12400 0.025123600000 
0.12450 0.024592800000 
0.12500 0.024062000000 
0.12550 0.023546200000 
0.12600 0.023056400000 
0.12650 0.022566600000 
0.12700 0.022076800000 
0.12750 0.021610200000 
0.12800 0.021158200000 
0.12850 0.020706200000 
0.12900 0.020254000000 
0.12950 0.019831300000 
0.13000 0.019413740000 
0.13050 0.018996180000 
0.13100 0.018581080000 
0.13150 0.018195600000 
0.13200 0.017810100000 
0.13250 0.017424600000 
0.13300 0.017047780000 
0.13350 0.016691580000 
0.13400 0.016335400000 
0.13450 0.015979220000 
0.13500 0.015636740000 
0.13550 0.015307600000 
0.13600 0.014978480000 
0.13650 0.014649340000 
0.13700 0.014338100000 
0.13750 0.014034180000 
0.13800 0.013730280000 
0.13850 0.013426380000 
0.13900 0.013143300000 
0.13950 0.012862480000 
0.14000 0.012581660000 
0.14050 0.012302700000 
0.14100 0.012043460000 
0.14150 0.011784200000 
0.14200 0.011524960000 
0.14250 0.011270860000 
0.14300 0.011031340000 
0.14350 0.010791820000 
0.14400 0.010552320000 
0.14450 0.010320580000 
0.14500 0.010099340000 
0.14550 0.009878100000 
0.14600 0.009656860000 
0.14650 0.009445460000 
0.14700 0.009241140000 
0.14750 0.009036840000 
0.14800 0.008832520000 
0.14850 0.008639720000 
0.14900 0.008451300000 
0.14950 0.008262860000 
0.15000 0.008074420000 
0.15050 0.007898460000 
0.15100 0.007724560000 
0.15150 0.007550640000 
0.15200 0.007376740000 
0.15250 0.007216060000 
0.15300 0.007055620000 
0.15350 0.006895180000 
0.15400 0.006735900000 
0.15450 0.006588120000 
0.15500 0.006440360000 
0.15550 0.006292580000 
0.15600 0.006147020000 
0.15650 0.006010820000 
0.15700 0.005874620000 
0.15750 0.005738420000 
0.15800 0.005605160000 
0.15850 0.005479540000 
0.15900 0.005353920000 
0.15950 0.005228280000 
0.16000 0.005106220000 
0.16050 0.004990720000 
0.16100 0.004875240000 
0.16150 0.004759740000 
0.16200 0.004648040000 
0.16250 0.004541780000 
0.16300 0.004435520000 
0.16350 0.004329280000 
0.16400 0.004226940000 
0.16450 0.004129260000 
0.16500 0.004031560000 
0.16550 0.003933880000 
0.16600 0.003840160000 
0.16650 0.003750540000 
0.16700 0.003660940000 
0.16750 0.003571340000 
0.16800 0.003485400000 
0.16850 0.003403020000 
0.16900 0.003320640000 
0.16950 0.003238280000 
0.17000 0.003159440000 
0.17050 0.003084020000 
0.17100 0.003008580000 
0.17150 0.002933160000 
0.17200 0.002860820000 
0.17250 0.002791600000 
0.17300 0.002722360000 
0.17350 0.002653120000 
0.17400 0.002586660000 
0.17450 0.002523280000 
0.17500 0.002459900000 
0.17550 0.002396520000 
0.17600 0.002335540000 
0.17650 0.002277680000 
0.17700 0.002219800000 
0.17750 0.002161940000 
0.17800 0.002105980000 
0.17850 0.002053100000 
0.17900 0.002000240000 
0.17950 0.001947378000 
0.18000 0.001895904000 
0.18050 0.001847558000 
0.18100 0.001799212000 
0.18150 0.001750866000 
0.18200 0.001703474000 
0.18250 0.001659398000 
0.18300 0.001615322000 
0.18350 0.001571246000 
0.18400 0.001527674000 
0.18450 0.001487622000 
0.18500 0.001447568000 
0.18550 0.001407516000 
0.18600 0.001367514000 
0.18650 0.001331000000 
0.18700 0.001294486000 
0.18750 0.001257972000 
0.18800 0.001221456000 
0.18850 0.001187990000 
0.18900 0.001154894000 
0.18950 0.001121798000 
0.19000 0.001088700000 
0.19050 0.001057872000 
0.19100 0.001027768000 
0.19150 0.000997664000 
0.19200 0.000967558000 
0.19250 0.000939190000 
0.19300 0.000911910000 
0.19350 0.000884630000 
0.19400 0.000857350000 
0.19450 0.000831270000 
0.19500 0.000806582000 
0.19550 0.000781894000 
0.19600 0.000757208000 
0.19650 0.000733244000 
0.19700 0.000710936000 
0.19750 0.000688628000 
0.19800 0.000666320000 
0.19850 0.000644320000 
0.19900 0.000624192000 
0.19950 0.000604064000 
0.20000 0.000583934000 
0.20050 0.000563806000 
0.20100 0.000545578000 
0.20150 0.000527392000 
0.20200 0.000509206000 
0.20250 0.000491022000 
0.20300 0.000474370000 
0.20350 0.000458068000 
0.20400 0.000441766000 
0.20450 0.000425464000 
0.20500 0.000410224000 
0.20550 0.000395548000 
0.20600 0.000380870000 
0.20650 0.000366192000 
0.20700 0.000352308000 
0.20750 0.000339206000 
0.20800 0.000326106000 
0.20850 0.000313006000 
0.20900 0.000300396000 
0.20950 0.000288652000 
0.21000 0.000276906000 
0.21050 0.000265162000 
0.21100 0.000253714000 
0.21150 0.000243214000 
0.21200 0.000232714000 
0.21250 0.000222216000 
0.21300 0.000211878000 
0.21350 0.000202592000 
0.21400 0.000193306200 
0.21450 0.000184020400 
0.21500 0.000174792400 
0.21550 0.000166550000 
0.21600 0.000158307800 
0.21650 0.000150065600 
0.21700 0.000141833000 
0.21750 0.000134611400 
0.21800 0.000127390000 
0.21850 0.000120168400 
0.21900 0.000112949200 
0.21950 0.000106610200 
0.22000 0.000100271400 
0.22050 0.000093932600 
0.22100 0.000087627600 
0.22150 0.000082111800 
0.22200 0.000076596200 
0.22250 0.000071080400 
0.22300 0.000065673400 
0.22350 0.000060972000 
0.22400 0.000056270400 
0.22450 0.000051569000 
0.22500 0.000047076200 
0.22550 0.000043098800 
0.22600 0.000039121600 
0.22650 0.000035144200 
0.22700 0.000031533600 
0.22750 0.000028269200 
0.22800 0.000025004800 
0.22850 0.000021740400 
0.22900 0.000019045160 
0.22950 0.000016473360 
0.23000 0.000013901560 
0.23050 0.000011480780 
0.23100 0.000009590480 
0.23150 0.000007700200 
0.23200 0.000005809900 
0.23250 0.000004439240 
0.23300 0.000003265000 
0.23350 0.000002090760 
