0.00000 149.391800000000 
0.00050 135.268400000000 
0.00100 121.145200000000 
0.00150 107.022000000000 
0.00200 92.898600000000 
0.00250 82.647600000000 
0.00300 73.552000000000 
0.00350 65.945200000000 
0.00400 59.715600000000 
0.00450 53.823000000000 
0.00500 49.377600000000 
0.00550 44.932200000000 
0.00600 41.409000000000 
0.00650 38.138000000000 
0.00700 35.120400000000 
0.00750 32.654200000000 
0.00800 30.188000000000 
0.00850 28.168200000000 
0.00900 26.271000000000 
0.00950 24.455800000000 
0.01000 22.971600000000 
0.01050 21.487200000000 
0.01100 20.175200000000 
0.01150 18.996860000000 
0.01200 17.818600000000 
0.01250 16.843880000000 
0.01300 15.896680000000 
0.01350 14.977380000000 
0.01400 14.207400000000 
0.01450 13.437440000000 
0.01500 12.722080000000 
0.01550 12.090000000000 
0.01600 11.457900000000 
0.01650 10.890980000000 
0.01700 10.367520000000 
0.01750 9.844060000000 
0.01800 9.387400000000 
0.01850 8.950480000000 
0.01900 8.513560000000 
0.01950 8.140340000000 
0.02000 7.773060000000 
0.02050 7.407500000000 
0.02100 7.096780000000 
0.02150 6.786080000000 
0.02200 6.480960000000 
0.02250 6.216580000000 
0.02300 5.952200000000 
0.02350 5.695020000000 
0.02400 5.468860000000 
0.02450 5.242720000000 
0.02500 5.024020000000 
0.02550 4.829640000000 
0.02600 4.635260000000 
0.02650 4.447800000000 
0.02700 4.280000000000 
0.02750 4.112200000000 
0.02800 3.950380000000 
0.02850 3.804940000000 
0.02900 3.659500000000 
0.02950 3.518900000000 
0.03000 3.392380000000 
0.03050 3.265860000000 
0.03100 3.143000000000 
0.03150 3.032560000000 
0.03200 2.922140000000 
0.03250 2.814200000000 
0.03300 2.717520000000 
0.03350 2.620840000000 
0.03400 2.525580000000 
0.03450 2.440700000000 
0.03500 2.355800000000 
0.03550 2.271360000000 
0.03600 2.196620000000 
0.03650 2.121900000000 
0.03700 2.047180000000 
0.03750 1.980810000000 
0.03800 1.914876000000 
0.03850 1.848942000000 
0.03900 1.789426000000 
0.03950 1.731116000000 
0.04000 1.672808000000 
0.04050 1.619272000000 
0.04100 1.567602000000 
0.04150 1.515932000000 
0.04200 1.467630000000 
0.04250 1.421754000000 
0.04300 1.375878000000 
0.04350 1.332180000000 
0.04400 1.291380000000 
0.04450 1.250580000000 
0.04500 1.210944000000 
0.04550 1.174596000000 
0.04600 1.138248000000 
0.04650 1.102214000000 
0.04700 1.069784000000 
0.04750 1.037354000000 
0.04800 1.004924000000 
0.04850 0.975546000000 
0.04900 0.946570000000 
0.04950 0.917594000000 
0.05000 0.890666000000 
0.05050 0.864742000000 
0.05100 0.838818000000 
0.05150 0.814096000000 
0.05200 0.790874000000 
0.05250 0.767652000000 
0.05300 0.744916000000 
0.05350 0.724088000000 
0.05400 0.703260000000 
0.05450 0.682432000000 
0.05500 0.663618000000 
0.05550 0.644918000000 
0.05600 0.626216000000 
0.05650 0.608792000000 
0.05700 0.591982000000 
0.05750 0.575174000000 
0.05800 0.559018000000 
0.05850 0.543894000000 
0.05900 0.528770000000 
0.05950 0.513774000000 
0.06000 0.500154000000 
0.06050 0.486534000000 
0.06100 0.472912000000 
0.06150 0.460320000000 
0.06200 0.448040000000 
0.06250 0.435760000000 
0.06300 0.424002000000 
0.06350 0.412922000000 
0.06400 0.401844000000 
0.06450 0.390854000000 
0.06500 0.380848000000 
0.06550 0.370844000000 
0.06600 0.360838000000 
0.06650 0.351524000000 
0.06700 0.342480000000 
0.06750 0.333438000000 
0.06800 0.324686000000 
0.06850 0.316506000000 
0.06900 0.308324000000 
0.06950 0.300142000000 
0.07000 0.292694000000 
0.07050 0.285286000000 
0.07100 0.277878000000 
0.07150 0.270844000000 
0.07200 0.264132000000 
0.07250 0.257422000000 
0.07300 0.250780000000 
0.07350 0.244694000000 
0.07400 0.238608000000 
0.07450 0.232522000000 
0.07500 0.226814000000 
0.07550 0.221290000000 
0.07600 0.215768000000 
0.07650 0.210354000000 
0.07700 0.205338000000 
0.07750 0.200322000000 
0.07800 0.195306000000 
0.07850 0.190631000000 
0.07900 0.186072200000 
0.07950 0.181513200000 
0.08000 0.177062600000 
0.08050 0.172916200000 
0.08100 0.168769600000 
0.08150 0.164623200000 
0.08200 0.160761000000 
0.08250 0.156986200000 
0.08300 0.153211600000 
0.08350 0.149521800000 
0.08400 0.146083600000 
0.08450 0.142645400000 
0.08500 0.139207200000 
0.08550 0.135989800000 
0.08600 0.132855400000 
0.08650 0.129720800000 
0.08700 0.126638400000 
0.08750 0.123779800000 
0.08800 0.120921200000 
0.08850 0.118062600000 
0.08900 0.115362200000 
0.08950 0.112752000000 
0.09000 0.110141600000 
0.09050 0.107548000000 
0.09100 0.105163600000 
0.09150 0.102779400000 
0.09200 0.100395200000 
0.09250 0.098112400000 
0.09300 0.095932800000 
0.09350 0.093753000000 
0.09400 0.091573200000 
0.09450 0.089562600000 
0.09500 0.087569000000 
0.09550 0.085575200000 
0.09600 0.083633400000 
0.09650 0.081808000000 
0.09700 0.079982400000 
0.09750 0.078156800000 
0.09800 0.076438400000 
0.09850 0.074766600000 
0.09900 0.073094800000 
0.09950 0.071433400000 
0.10000 0.069900800000 
0.10050 0.068368400000 
0.10100 0.066836000000 
0.10150 0.065359600000 
0.10200 0.063954000000 
0.10250 0.062548400000 
0.10300 0.061142800000 
0.10350 0.059829600000 
0.10400 0.058539600000 
0.10450 0.057249600000 
0.10500 0.055975000000 
0.10550 0.054790400000 
0.10600 0.053605800000 
0.10650 0.052421200000 
0.10700 0.051283000000 
0.10750 0.050194600000 
0.10800 0.049106200000 
0.10850 0.048017800000 
0.10900 0.047000400000 
0.10950 0.045999800000 
0.11000 0.044999200000 
0.11050 0.044008800000 
0.11100 0.043088000000 
0.11150 0.042167400000 
0.11200 0.041246600000 
0.11250 0.040358200000 
0.11300 0.039511200000 
0.11350 0.038664200000 
0.11400 0.037817200000 
0.11450 0.037019600000 
0.11500 0.036239400000 
0.11550 0.035459400000 
0.11600 0.034681000000 
0.11650 0.033962400000 
0.11700 0.033243800000 
0.11750 0.032525200000 
0.11800 0.031824200000 
0.11850 0.031161800000 
0.11900 0.030499200000 
0.11950 0.029836800000 
0.12000 0.029205000000 
0.12050 0.028594600000 
0.12100 0.027984200000 
0.12150 0.027373600000 
0.12200 0.026803800000 
0.12250 0.026240600000 
0.12300 0.025677400000 
0.12350 0.025119200000 
0.12400 0.024599400000 
0.12450 0.024079600000 
0.12500 0.023559800000 
0.12550 0.023054800000 
0.12600 0.022575200000 
0.12650 0.022095600000 
0.12700 0.021615800000 
0.12750 0.021159000000 
0.12800 0.020716200000 
0.12850 0.020273600000 
0.12900 0.019830920000 
0.12950 0.019416940000 
0.13000 0.019008060000 
0.13050 0.018599180000 
0.13100 0.018192700000 
0.13150 0.017815220000 
0.13200 0.017437720000 
0.13250 0.017060240000 
0.13300 0.016691260000 
0.13350 0.016342480000 
0.13400 0.015993700000 
0.13450 0.015644920000 
0.13500 0.015309560000 
0.13550 0.014987280000 
0.13600 0.014665000000 
0.13650 0.014342720000 
0.13700 0.014037940000 
0.13750 0.013740360000 
0.13800 0.013442800000 
0.13850 0.013145220000 
0.13900 0.012868040000 
0.13950 0.012593060000 
0.14000 0.012318100000 
0.14050 0.012044940000 
0.14100 0.011791100000 
0.14150 0.011537260000 
0.14200 0.011283420000 
0.14250 0.011034620000 
0.14300 0.010800100000 
0.14350 0.010565580000 
0.14400 0.010331060000 
0.14450 0.010104160000 
0.14500 0.009887540000 
0.14550 0.009670920000 
0.14600 0.009454300000 
0.14650 0.009247320000 
0.14700 0.009047260000 
0.14750 0.008847220000 
0.14800 0.008647160000 
0.14850 0.008458400000 
0.14900 0.008273900000 
0.14950 0.008089400000 
0.15000 0.007904920000 
0.15050 0.007732640000 
0.15100 0.007562360000 
0.15150 0.007392080000 
0.15200 0.007221820000 
0.15250 0.007064480000 
0.15300 0.006907400000 
0.15350 0.006750320000 
0.15400 0.006594380000 
0.15450 0.006449700000 
0.15500 0.006305020000 
0.15550 0.006160340000 
0.15600 0.006017820000 
0.15650 0.005884480000 
0.15700 0.005751120000 
0.15750 0.005617780000 
0.15800 0.005487300000 
0.15850 0.005364320000 
0.15900 0.005241320000 
0.15950 0.005118340000 
0.16000 0.004998820000 
0.16050 0.004885740000 
0.16100 0.004772680000 
0.16150 0.004659600000 
0.16200 0.004550240000 
0.16250 0.004446220000 
0.16300 0.004342180000 
0.16350 0.004238160000 
0.16400 0.004137980000 
0.16450 0.004042340000 
0.16500 0.003946700000 
0.16550 0.003851060000 
0.16600 0.003759300000 
0.16650 0.003671580000 
0.16700 0.003583860000 
0.16750 0.003496140000 
0.16800 0.003412000000 
0.16850 0.003331360000 
0.16900 0.003250700000 
0.16950 0.003170060000 
0.17000 0.003092880000 
0.17050 0.003019040000 
0.17100 0.002945200000 
0.17150 0.002871360000 
0.17200 0.002800540000 
0.17250 0.002732760000 
0.17300 0.002664980000 
0.17350 0.002597200000 
0.17400 0.002532140000 
0.17450 0.002470100000 
0.17500 0.002408040000 
0.17550 0.002346000000 
0.17600 0.002286280000 
0.17650 0.002229640000 
0.17700 0.002173000000 
0.17750 0.002116360000 
0.17800 0.002061560000 
0.17850 0.002009800000 
0.17900 0.001958050000 
0.17950 0.001906298000 
0.18000 0.001855906000 
0.18050 0.001808578000 
0.18100 0.001761248000 
0.18150 0.001713920000 
0.18200 0.001667526000 
0.18250 0.001624378000 
0.18300 0.001581230000 
0.18350 0.001538082000 
0.18400 0.001495428000 
0.18450 0.001456218000 
0.18500 0.001417008000 
0.18550 0.001377800000 
0.18600 0.001338642000 
0.18650 0.001302896000 
0.18700 0.001267152000 
0.18750 0.001231406000 
0.18800 0.001195660000 
0.18850 0.001162900000 
0.18900 0.001130502000 
0.18950 0.001098102000 
0.19000 0.001065702000 
0.19050 0.001035524000 
0.19100 0.001006054000 
0.19150 0.000976586000 
0.19200 0.000947116000 
0.19250 0.000919344000 
0.19300 0.000892640000 
0.19350 0.000865936000 
0.19400 0.000839230000 
0.19450 0.000813700000 
0.19500 0.000789534000 
0.19550 0.000765368000 
0.19600 0.000741202000 
0.19650 0.000717744000 
0.19700 0.000695906000 
0.19750 0.000674070000 
0.19800 0.000652232000 
0.19850 0.000630696000 
0.19900 0.000610994000 
0.19950 0.000591290000 
0.20000 0.000571586000 
0.20050 0.000551882000 
0.20100 0.000534038000 
0.20150 0.000516238000 
0.20200 0.000498436000 
0.20250 0.000480634000 
0.20300 0.000464334000 
0.20350 0.000448378000 
0.20400 0.000432420000 
0.20450 0.000416462000 
0.20500 0.000401546000 
0.20550 0.000387178000 
0.20600 0.000372810000 
0.20650 0.000358444000 
0.20700 0.000344852000 
0.20750 0.000332028000 
0.20800 0.000319204000 
0.20850 0.000306382000 
0.20900 0.000294038000 
0.20950 0.000282542000 
0.21000 0.000271046000 
0.21050 0.000259550000 
0.21100 0.000248342000 
0.21150 0.000238064000 
0.21200 0.000227788000 
0.21250 0.000217510000 
0.21300 0.000207392000 
0.21350 0.000198302200 
0.21400 0.000189212800 
0.21450 0.000180123400 
0.21500 0.000171090600 
0.21550 0.000163022800 
0.21600 0.000154954800 
0.21650 0.000146887000 
0.21700 0.000138828600 
0.21750 0.000131760000 
0.21800 0.000124691400 
0.21850 0.000117622800 
0.21900 0.000110556200 
0.21950 0.000104351600 
0.22000 0.000098147000 
0.22050 0.000091942200 
0.22100 0.000085770800 
0.22150 0.000080372000 
0.22200 0.000074973000 
0.22250 0.000069574200 
0.22300 0.000064281600 
0.22350 0.000059679800 
0.22400 0.000055077800 
0.22450 0.000050476000 
0.22500 0.000046078200 
0.22550 0.000042185200 
0.22600 0.000038292200 
0.22650 0.000034399200 
0.22700 0.000030865000 
0.22750 0.000027669800 
0.22800 0.000024474600 
0.22850 0.000021279600 
0.22900 0.000018641320 
0.22950 0.000016124060 
0.23000 0.000013606780 
0.23050 0.000011237300 
0.23100 0.000009387100 
0.23150 0.000007536880 
0.23200 0.000005686680 
0.23250 0.000004345080 
0.23300 0.000003195740 
0.23350 0.000002046400 
