0.00000 146.710400000000 
0.00050 132.825800000000 
0.00100 118.941400000000 
0.00150 105.056800000000 
0.00200 91.172400000000 
0.00250 81.098800000000 
0.00300 72.162000000000 
0.00350 64.689800000000 
0.00400 58.571800000000 
0.00450 52.785000000000 
0.00500 48.420800000000 
0.00550 44.056800000000 
0.00600 40.598600000000 
0.00650 37.388200000000 
0.00700 34.427000000000 
0.00750 32.007200000000 
0.00800 29.587400000000 
0.00850 27.605800000000 
0.00900 25.744800000000 
0.00950 23.964400000000 
0.01000 22.508600000000 
0.01050 21.053000000000 
0.01100 19.766280000000 
0.01150 18.610960000000 
0.01200 17.455620000000 
0.01250 16.500000000000 
0.01300 15.571380000000 
0.01350 14.670140000000 
0.01400 13.915420000000 
0.01450 13.160680000000 
0.01500 12.459500000000 
0.01550 11.840020000000 
0.01600 11.220520000000 
0.01650 10.664940000000 
0.01700 10.152000000000 
0.01750 9.639040000000 
0.01800 9.191580000000 
0.01850 8.763480000000 
0.01900 8.335380000000 
0.01950 7.969740000000 
0.02000 7.609920000000 
0.02050 7.251780000000 
0.02100 6.947420000000 
0.02150 6.643060000000 
0.02200 6.344180000000 
0.02250 6.085220000000 
0.02300 5.826260000000 
0.02350 5.574380000000 
0.02400 5.352880000000 
0.02450 5.131400000000 
0.02500 4.917220000000 
0.02550 4.726860000000 
0.02600 4.536500000000 
0.02650 4.352940000000 
0.02700 4.188620000000 
0.02750 4.024320000000 
0.02800 3.865860000000 
0.02850 3.723460000000 
0.02900 3.581060000000 
0.02950 3.443400000000 
0.03000 3.319540000000 
0.03050 3.195660000000 
0.03100 3.075380000000 
0.03150 2.967280000000 
0.03200 2.859180000000 
0.03250 2.753520000000 
0.03300 2.658880000000 
0.03350 2.564240000000 
0.03400 2.470980000000 
0.03450 2.387880000000 
0.03500 2.304800000000 
0.03550 2.222140000000 
0.03600 2.149000000000 
0.03650 2.075860000000 
0.03700 2.002740000000 
0.03750 1.937770000000 
0.03800 1.873242000000 
0.03850 1.808712000000 
0.03900 1.750466000000 
0.03950 1.693404000000 
0.04000 1.636340000000 
0.04050 1.583950000000 
0.04100 1.533388000000 
0.04150 1.482824000000 
0.04200 1.435558000000 
0.04250 1.390668000000 
0.04300 1.345776000000 
0.04350 1.303018000000 
0.04400 1.263096000000 
0.04450 1.223174000000 
0.04500 1.184392000000 
0.04550 1.148828000000 
0.04600 1.113264000000 
0.04650 1.078008000000 
0.04700 1.046280000000 
0.04750 1.014550000000 
0.04800 0.982822000000 
0.04850 0.954078000000 
0.04900 0.925730000000 
0.04950 0.897382000000 
0.05000 0.871040000000 
0.05050 0.845678000000 
0.05100 0.820316000000 
0.05150 0.796132000000 
0.05200 0.773414000000 
0.05250 0.750698000000 
0.05300 0.728458000000 
0.05350 0.708084000000 
0.05400 0.687710000000 
0.05450 0.667334000000 
0.05500 0.648932000000 
0.05550 0.630640000000 
0.05600 0.612346000000 
0.05650 0.595302000000 
0.05700 0.578862000000 
0.05750 0.562420000000 
0.05800 0.546616000000 
0.05850 0.531824000000 
0.05900 0.517032000000 
0.05950 0.502364000000 
0.06000 0.489044000000 
0.06050 0.475722000000 
0.06100 0.462400000000 
0.06150 0.450084000000 
0.06200 0.438074000000 
0.06250 0.426064000000 
0.06300 0.414562000000 
0.06350 0.403728000000 
0.06400 0.392892000000 
0.06450 0.382146000000 
0.06500 0.372360000000 
0.06550 0.362574000000 
0.06600 0.352790000000 
0.06650 0.343682000000 
0.06700 0.334838000000 
0.06750 0.325994000000 
0.06800 0.317436000000 
0.06850 0.309436000000 
0.06900 0.301436000000 
0.06950 0.293434000000 
0.07000 0.286150000000 
0.07050 0.278906000000 
0.07100 0.271664000000 
0.07150 0.264784000000 
0.07200 0.258222000000 
0.07250 0.251660000000 
0.07300 0.245164000000 
0.07350 0.239214000000 
0.07400 0.233262000000 
0.07450 0.227312000000 
0.07500 0.221730000000 
0.07550 0.216330000000 
0.07600 0.210928000000 
0.07650 0.205636000000 
0.07700 0.200730000000 
0.07750 0.195826200000 
0.07800 0.190921800000 
0.07850 0.186350800000 
0.07900 0.181893400000 
0.07950 0.177436000000 
0.08000 0.173084200000 
0.08050 0.169030200000 
0.08100 0.164976000000 
0.08150 0.160921800000 
0.08200 0.157145600000 
0.08250 0.153455000000 
0.08300 0.149764600000 
0.08350 0.146157200000 
0.08400 0.142795600000 
0.08450 0.139434200000 
0.08500 0.136072600000 
0.08550 0.132927200000 
0.08600 0.129862600000 
0.08650 0.126798200000 
0.08700 0.123784600000 
0.08750 0.120989800000 
0.08800 0.118195200000 
0.08850 0.115400400000 
0.08900 0.112760600000 
0.08950 0.110208600000 
0.09000 0.107656600000 
0.09050 0.105121000000 
0.09100 0.102790200000 
0.09150 0.100459200000 
0.09200 0.098128400000 
0.09250 0.095896800000 
0.09300 0.093766000000 
0.09350 0.091635000000 
0.09400 0.089504200000 
0.09450 0.087538600000 
0.09500 0.085589600000 
0.09550 0.083640800000 
0.09600 0.081742600000 
0.09650 0.079958000000 
0.09700 0.078173400000 
0.09750 0.076388800000 
0.09800 0.074709000000 
0.09850 0.073074800000 
0.09900 0.071440400000 
0.09950 0.069816400000 
0.10000 0.068318400000 
0.10050 0.066820400000 
0.10100 0.065322400000 
0.10150 0.063879200000 
0.10200 0.062505200000 
0.10250 0.061131200000 
0.10300 0.059757400000 
0.10350 0.058473600000 
0.10400 0.057212800000 
0.10450 0.055951800000 
0.10500 0.054705800000 
0.10550 0.053548000000 
0.10600 0.052390000000 
0.10650 0.051232200000 
0.10700 0.050119600000 
0.10750 0.049055600000 
0.10800 0.047991800000 
0.10850 0.046928000000 
0.10900 0.045933600000 
0.10950 0.044955600000 
0.11000 0.043977400000 
0.11050 0.043009400000 
0.11100 0.042109400000 
0.11150 0.041209600000 
0.11200 0.040309600000 
0.11250 0.039441200000 
0.11300 0.038613400000 
0.11350 0.037785600000 
0.11400 0.036957600000 
0.11450 0.036178000000 
0.11500 0.035415600000 
0.11550 0.034653000000 
0.11600 0.033892400000 
0.11650 0.033190000000 
0.11700 0.032487600000 
0.11750 0.031785400000 
0.11800 0.031100200000 
0.11850 0.030452800000 
0.11900 0.029805200000 
0.11950 0.029157600000 
0.12000 0.028540200000 
0.12050 0.027943600000 
0.12100 0.027347000000 
0.12150 0.026750400000 
0.12200 0.026193400000 
0.12250 0.025643000000 
0.12300 0.025092600000 
0.12350 0.024547000000 
0.12400 0.024039000000 
0.12450 0.023531000000 
0.12500 0.023023000000 
0.12550 0.022529400000 
0.12600 0.022060600000 
0.12650 0.021591800000 
0.12700 0.021123200000 
0.12750 0.020676600000 
0.12800 0.020243800000 
0.12850 0.019811280000 
0.12900 0.019378640000 
0.12950 0.018974060000 
0.13000 0.018574460000 
0.13050 0.018174860000 
0.13100 0.017777620000 
0.13150 0.017408700000 
0.13200 0.017039800000 
0.13250 0.016670880000 
0.13300 0.016310280000 
0.13350 0.015969420000 
0.13400 0.015628580000 
0.13450 0.015287720000 
0.13500 0.014960000000 
0.13550 0.014645040000 
0.13600 0.014330080000 
0.13650 0.014015140000 
0.13700 0.013717300000 
0.13750 0.013426480000 
0.13800 0.013135680000 
0.13850 0.012844880000 
0.13900 0.012574000000 
0.13950 0.012305300000 
0.14000 0.012036580000 
0.14050 0.011769660000 
0.14100 0.011521580000 
0.14150 0.011273520000 
0.14200 0.011025460000 
0.14250 0.010782320000 
0.14300 0.010553140000 
0.14350 0.010323980000 
0.14400 0.010094800000 
0.14450 0.009873080000 
0.14500 0.009661400000 
0.14550 0.009449700000 
0.14600 0.009238020000 
0.14650 0.009035740000 
0.14700 0.008840260000 
0.14750 0.008644780000 
0.14800 0.008449280000 
0.14850 0.008264820000 
0.14900 0.008084540000 
0.14950 0.007904240000 
0.15000 0.007723960000 
0.15050 0.007555620000 
0.15100 0.007389220000 
0.15150 0.007222840000 
0.15200 0.007056440000 
0.15250 0.006902720000 
0.15300 0.006749220000 
0.15350 0.006595720000 
0.15400 0.006443340000 
0.15450 0.006301960000 
0.15500 0.006160580000 
0.15550 0.006019200000 
0.15600 0.005879940000 
0.15650 0.005749640000 
0.15700 0.005619340000 
0.15750 0.005489040000 
0.15800 0.005361560000 
0.15850 0.005241380000 
0.15900 0.005121200000 
0.15950 0.005001020000 
0.16000 0.004884240000 
0.16050 0.004773740000 
0.16100 0.004663260000 
0.16150 0.004552760000 
0.16200 0.004445900000 
0.16250 0.004344260000 
0.16300 0.004242620000 
0.16350 0.004140960000 
0.16400 0.004043060000 
0.16450 0.003949620000 
0.16500 0.003856160000 
0.16550 0.003762720000 
0.16600 0.003673060000 
0.16650 0.003587340000 
0.16700 0.003501620000 
0.16750 0.003415920000 
0.16800 0.003333700000 
0.16850 0.003254900000 
0.16900 0.003176100000 
0.16950 0.003097300000 
0.17000 0.003021900000 
0.17050 0.002949740000 
0.17100 0.002877600000 
0.17150 0.002805440000 
0.17200 0.002736240000 
0.17250 0.002670020000 
0.17300 0.002603800000 
0.17350 0.002537560000 
0.17400 0.002474000000 
0.17450 0.002413360000 
0.17500 0.002352740000 
0.17550 0.002292120000 
0.17600 0.002233780000 
0.17650 0.002178440000 
0.17700 0.002123080000 
0.17750 0.002067740000 
0.17800 0.002014200000 
0.17850 0.001963632000 
0.17900 0.001913066000 
0.17950 0.001862500000 
0.18000 0.001813262000 
0.18050 0.001767020000 
0.18100 0.001720778000 
0.18150 0.001674534000 
0.18200 0.001629204000 
0.18250 0.001587046000 
0.18300 0.001544888000 
0.18350 0.001502728000 
0.18400 0.001461054000 
0.18450 0.001422744000 
0.18500 0.001384434000 
0.18550 0.001346126000 
0.18600 0.001307866000 
0.18650 0.001272942000 
0.18700 0.001238016000 
0.18750 0.001203092000 
0.18800 0.001168168000 
0.18850 0.001136160000 
0.18900 0.001104504000 
0.18950 0.001072848000 
0.19000 0.001041192000 
0.19050 0.001011708000 
0.19100 0.000982916000 
0.19150 0.000954122000 
0.19200 0.000925330000 
0.19250 0.000898196000 
0.19300 0.000872106000 
0.19350 0.000846014000 
0.19400 0.000819922000 
0.19450 0.000794980000 
0.19500 0.000771368000 
0.19550 0.000747758000 
0.19600 0.000724146000 
0.19650 0.000701228000 
0.19700 0.000679892000 
0.19750 0.000658556000 
0.19800 0.000637220000 
0.19850 0.000616182000 
0.19900 0.000596930000 
0.19950 0.000577680000 
0.20000 0.000558430000 
0.20050 0.000539178000 
0.20100 0.000521746000 
0.20150 0.000504354000 
0.20200 0.000486962000 
0.20250 0.000469570000 
0.20300 0.000453644000 
0.20350 0.000438054000 
0.20400 0.000422464000 
0.20450 0.000406872000 
0.20500 0.000392300000 
0.20550 0.000378262000 
0.20600 0.000364226000 
0.20650 0.000350188000 
0.20700 0.000336910000 
0.20750 0.000324382000 
0.20800 0.000311852000 
0.20850 0.000299324000 
0.20900 0.000287266000 
0.20950 0.000276034000 
0.21000 0.000264802000 
0.21050 0.000253570000 
0.21100 0.000242620000 
0.21150 0.000232580000 
0.21200 0.000222540000 
0.21250 0.000212500000 
0.21300 0.000202614000 
0.21350 0.000193733000 
0.21400 0.000184853000 
0.21450 0.000175973000 
0.21500 0.000167148000 
0.21550 0.000159266000 
0.21600 0.000151384000 
0.21650 0.000143501800 
0.21700 0.000135629200 
0.21750 0.000128723400 
0.21800 0.000121817400 
0.21850 0.000114911600 
0.21900 0.000108008000 
0.21950 0.000101946200 
0.22000 0.000095884600 
0.22050 0.000089822800 
0.22100 0.000083793600 
0.22150 0.000078519000 
0.22200 0.000073244600 
0.22250 0.000067970000 
0.22300 0.000062799600 
0.22350 0.000058303800 
0.22400 0.000053808000 
0.22450 0.000049312000 
0.22500 0.000045015800 
0.22550 0.000041212400 
0.22600 0.000037409200 
0.22650 0.000033606000 
0.22700 0.000030153200 
0.22750 0.000027031600 
0.22800 0.000023910200 
0.22850 0.000020788800 
0.22900 0.000018211360 
0.22950 0.000015752140 
0.23000 0.000013292920 
0.23050 0.000010978100 
0.23100 0.000009170560 
0.23150 0.000007363020 
0.23200 0.000005555480 
0.23250 0.000004244840 
0.23300 0.000003122020 
0.23350 0.000001999196 
