0.00000 143.761600000000 
0.00050 130.140800000000 
0.00100 116.519800000000 
0.00150 102.898800000000 
0.00200 89.277800000000 
0.00250 79.399600000000 
0.00300 70.638000000000 
0.00350 63.313600000000 
0.00400 57.318200000000 
0.00450 51.647800000000 
0.00500 47.372800000000 
0.00550 43.097800000000 
0.00600 39.711200000000 
0.00650 36.567600000000 
0.00700 33.668000000000 
0.00750 31.299000000000 
0.00800 28.930200000000 
0.00850 26.990600000000 
0.00900 25.169400000000 
0.00950 23.426800000000 
0.01000 22.002400000000 
0.01050 20.578000000000 
0.01100 19.319180000000 
0.01150 18.188940000000 
0.01200 17.058700000000 
0.01250 16.124000000000 
0.01300 15.215740000000 
0.01350 14.334280000000 
0.01400 13.596200000000 
0.01450 12.858140000000 
0.01500 12.172500000000 
0.01550 11.566800000000 
0.01600 10.961100000000 
0.01650 10.417920000000 
0.01700 9.916460000000 
0.01750 9.415000000000 
0.01800 8.977600000000 
0.01850 8.559160000000 
0.01900 8.140700000000 
0.01950 7.783340000000 
0.02000 7.431680000000 
0.02050 7.081660000000 
0.02100 6.784240000000 
0.02150 6.486800000000 
0.02200 6.194760000000 
0.02250 5.941720000000 
0.02300 5.688700000000 
0.02350 5.442580000000 
0.02400 5.226200000000 
0.02450 5.009800000000 
0.02500 4.800560000000 
0.02550 4.614600000000 
0.02600 4.428660000000 
0.02650 4.249340000000 
0.02700 4.088840000000 
0.02750 3.928340000000 
0.02800 3.773560000000 
0.02850 3.634480000000 
0.02900 3.495400000000 
0.02950 3.360960000000 
0.03000 3.239980000000 
0.03050 3.119020000000 
0.03100 3.001540000000 
0.03150 2.895980000000 
0.03200 2.790420000000 
0.03250 2.687240000000 
0.03300 2.594820000000 
0.03350 2.502420000000 
0.03400 2.411360000000 
0.03450 2.330240000000 
0.03500 2.249120000000 
0.03550 2.168400000000 
0.03600 2.097000000000 
0.03650 2.025600000000 
0.03700 1.954202000000 
0.03750 1.890784000000 
0.03800 1.827788000000 
0.03850 1.764792000000 
0.03900 1.707936000000 
0.03950 1.652232000000 
0.04000 1.596530000000 
0.04050 1.545392000000 
0.04100 1.496036000000 
0.04150 1.446682000000 
0.04200 1.400548000000 
0.04250 1.356732000000 
0.04300 1.312918000000 
0.04350 1.271184000000 
0.04400 1.232222000000 
0.04450 1.193258000000 
0.04500 1.155410000000 
0.04550 1.120702000000 
0.04600 1.085994000000 
0.04650 1.051586000000 
0.04700 1.020622000000 
0.04750 0.989660000000 
0.04800 0.958696000000 
0.04850 0.930648000000 
0.04900 0.902986000000 
0.04950 0.875322000000 
0.05000 0.849618000000 
0.05050 0.824870000000 
0.05100 0.800124000000 
0.05150 0.776526000000 
0.05200 0.754360000000 
0.05250 0.732194000000 
0.05300 0.710494000000 
0.05350 0.690614000000 
0.05400 0.670736000000 
0.05450 0.650858000000 
0.05500 0.632902000000 
0.05550 0.615056000000 
0.05600 0.597208000000 
0.05650 0.580580000000 
0.05700 0.564540000000 
0.05750 0.548500000000 
0.05800 0.533084000000 
0.05850 0.518652000000 
0.05900 0.504222000000 
0.05950 0.489912000000 
0.06000 0.476918000000 
0.06050 0.463922000000 
0.06100 0.450926000000 
0.06150 0.438912000000 
0.06200 0.427196000000 
0.06250 0.415480000000 
0.06300 0.404262000000 
0.06350 0.393692000000 
0.06400 0.383124000000 
0.06450 0.372642000000 
0.06500 0.363096000000 
0.06550 0.353552000000 
0.06600 0.344006000000 
0.06650 0.335124000000 
0.06700 0.326498000000 
0.06750 0.317870000000 
0.06800 0.309524000000 
0.06850 0.301722000000 
0.06900 0.293918000000 
0.06950 0.286114000000 
0.07000 0.279010000000 
0.07050 0.271944000000 
0.07100 0.264880000000 
0.07150 0.258172000000 
0.07200 0.251770000000 
0.07250 0.245370000000 
0.07300 0.239036000000 
0.07350 0.233232000000 
0.07400 0.227428000000 
0.07450 0.221626000000 
0.07500 0.216182000000 
0.07550 0.210914000000 
0.07600 0.205648000000 
0.07650 0.200486000000 
0.07700 0.195703200000 
0.07750 0.190920400000 
0.07800 0.186137600000 
0.07850 0.181680000000 
0.07900 0.177333200000 
0.07950 0.172986400000 
0.08000 0.168743000000 
0.08050 0.164789600000 
0.08100 0.160836200000 
0.08150 0.156882800000 
0.08200 0.153200600000 
0.08250 0.149601800000 
0.08300 0.146003000000 
0.08350 0.142485400000 
0.08400 0.139207600000 
0.08450 0.135929800000 
0.08500 0.132652000000 
0.08550 0.129585000000 
0.08600 0.126597000000 
0.08650 0.123608800000 
0.08700 0.120670400000 
0.08750 0.117945400000 
0.08800 0.115220400000 
0.08850 0.112495400000 
0.08900 0.109921400000 
0.08950 0.107433200000 
0.09000 0.104945000000 
0.09050 0.102472800000 
0.09100 0.100200200000 
0.09150 0.097927600000 
0.09200 0.095654800000 
0.09250 0.093479200000 
0.09300 0.091401600000 
0.09350 0.089324000000 
0.09400 0.087246400000 
0.09450 0.085330000000 
0.09500 0.083430000000 
0.09550 0.081529800000 
0.09600 0.079679200000 
0.09650 0.077939200000 
0.09700 0.076199400000 
0.09750 0.074459600000 
0.09800 0.072822000000 
0.09850 0.071228600000 
0.09900 0.069635400000 
0.09950 0.068052000000 
0.10000 0.066591600000 
0.10050 0.065131200000 
0.10100 0.063670800000 
0.10150 0.062263800000 
0.10200 0.060924400000 
0.10250 0.059585000000 
0.10300 0.058245400000 
0.10350 0.056994000000 
0.10400 0.055764800000 
0.10450 0.054535600000 
0.10500 0.053321000000 
0.10550 0.052192200000 
0.10600 0.051063400000 
0.10650 0.049934600000 
0.10700 0.048850000000 
0.10750 0.047813000000 
0.10800 0.046775800000 
0.10850 0.045738800000 
0.10900 0.044769400000 
0.10950 0.043816000000 
0.11000 0.042862600000 
0.11050 0.041919000000 
0.11100 0.041041600000 
0.11150 0.040164400000 
0.11200 0.039287200000 
0.11250 0.038440600000 
0.11300 0.037633600000 
0.11350 0.036826800000 
0.11400 0.036019800000 
0.11450 0.035259800000 
0.11500 0.034516600000 
0.11550 0.033773200000 
0.11600 0.033031800000 
0.11650 0.032347200000 
0.11700 0.031662600000 
0.11750 0.030978000000 
0.11800 0.030310200000 
0.11850 0.029679000000 
0.11900 0.029047800000 
0.11950 0.028416600000 
0.12000 0.027814800000 
0.12050 0.027233400000 
0.12100 0.026651800000 
0.12150 0.026070200000 
0.12200 0.025527400000 
0.12250 0.024990800000 
0.12300 0.024454400000 
0.12350 0.023922600000 
0.12400 0.023427400000 
0.12450 0.022932400000 
0.12500 0.022437200000 
0.12550 0.021956000000 
0.12600 0.021499200000 
0.12650 0.021042200000 
0.12700 0.020585400000 
0.12750 0.020150200000 
0.12800 0.019728460000 
0.12850 0.019306800000 
0.12900 0.018885140000 
0.12950 0.018490800000 
0.13000 0.018101340000 
0.13050 0.017711860000 
0.13100 0.017324700000 
0.13150 0.016965140000 
0.13200 0.016605580000 
0.13250 0.016246040000 
0.13300 0.015894580000 
0.13350 0.015562380000 
0.13400 0.015230180000 
0.13450 0.014897980000 
0.13500 0.014578560000 
0.13550 0.014271600000 
0.13600 0.013964640000 
0.13650 0.013657680000 
0.13700 0.013367400000 
0.13750 0.013084000000 
0.13800 0.012800580000 
0.13850 0.012517160000 
0.13900 0.012253160000 
0.13950 0.011991280000 
0.14000 0.011729400000 
0.14050 0.011469260000 
0.14100 0.011227500000 
0.14150 0.010985740000 
0.14200 0.010743980000 
0.14250 0.010507020000 
0.14300 0.010283680000 
0.14350 0.010060340000 
0.14400 0.009837000000 
0.14450 0.009620920000 
0.14500 0.009414620000 
0.14550 0.009208320000 
0.14600 0.009002020000 
0.14650 0.008804900000 
0.14700 0.008614380000 
0.14750 0.008423880000 
0.14800 0.008233360000 
0.14850 0.008053600000 
0.14900 0.007877900000 
0.14950 0.007702200000 
0.15000 0.007526500000 
0.15050 0.007362460000 
0.15100 0.007200300000 
0.15150 0.007038160000 
0.15200 0.006876000000 
0.15250 0.006726200000 
0.15300 0.006576600000 
0.15350 0.006427020000 
0.15400 0.006278540000 
0.15450 0.006140760000 
0.15500 0.006002980000 
0.15550 0.005865220000 
0.15600 0.005729500000 
0.15650 0.005602520000 
0.15700 0.005475540000 
0.15750 0.005348580000 
0.15800 0.005224340000 
0.15850 0.005107220000 
0.15900 0.004990100000 
0.15950 0.004873000000 
0.16000 0.004759200000 
0.16050 0.004651520000 
0.16100 0.004543860000 
0.16150 0.004436180000 
0.16200 0.004332060000 
0.16250 0.004233000000 
0.16300 0.004133960000 
0.16350 0.004034900000 
0.16400 0.003939500000 
0.16450 0.003848440000 
0.16500 0.003757380000 
0.16550 0.003666320000 
0.16600 0.003578960000 
0.16650 0.003495420000 
0.16700 0.003411900000 
0.16750 0.003328380000 
0.16800 0.003248280000 
0.16850 0.003171480000 
0.16900 0.003094700000 
0.16950 0.003017920000 
0.17000 0.002944440000 
0.17050 0.002874140000 
0.17100 0.002803820000 
0.17150 0.002733520000 
0.17200 0.002666100000 
0.17250 0.002601560000 
0.17300 0.002537040000 
0.17350 0.002472500000 
0.17400 0.002410560000 
0.17450 0.002351480000 
0.17500 0.002292400000 
0.17550 0.002233320000 
0.17600 0.002176480000 
0.17650 0.002122540000 
0.17700 0.002068620000 
0.17750 0.002014700000 
0.17800 0.001962522000 
0.17850 0.001913250000 
0.17900 0.001863980000 
0.17950 0.001814708000 
0.18000 0.001766732000 
0.18050 0.001721674000 
0.18100 0.001676616000 
0.18150 0.001631558000 
0.18200 0.001587388000 
0.18250 0.001546310000 
0.18300 0.001505232000 
0.18350 0.001464154000 
0.18400 0.001423546000 
0.18450 0.001386218000 
0.18500 0.001348890000 
0.18550 0.001311562000 
0.18600 0.001274284000 
0.18650 0.001240254000 
0.18700 0.001206226000 
0.18750 0.001172196000 
0.18800 0.001138166000 
0.18850 0.001106980000 
0.18900 0.001076136000 
0.18950 0.001045292000 
0.19000 0.001014448000 
0.19050 0.000985720000 
0.19100 0.000957666000 
0.19150 0.000929612000 
0.19200 0.000901556000 
0.19250 0.000875120000 
0.19300 0.000849698000 
0.19350 0.000824276000 
0.19400 0.000798854000 
0.19450 0.000774550000 
0.19500 0.000751546000 
0.19550 0.000728540000 
0.19600 0.000705536000 
0.19650 0.000683206000 
0.19700 0.000662418000 
0.19750 0.000641630000 
0.19800 0.000620842000 
0.19850 0.000600342000 
0.19900 0.000581586000 
0.19950 0.000562830000 
0.20000 0.000544072000 
0.20050 0.000525316000 
0.20100 0.000508330000 
0.20150 0.000491386000 
0.20200 0.000474440000 
0.20250 0.000457496000 
0.20300 0.000441978000 
0.20350 0.000426788000 
0.20400 0.000411598000 
0.20450 0.000396408000 
0.20500 0.000382210000 
0.20550 0.000368534000 
0.20600 0.000354858000 
0.20650 0.000341182000 
0.20700 0.000328244000 
0.20750 0.000316038000 
0.20800 0.000303830000 
0.20850 0.000291624000 
0.20900 0.000279874000 
0.20950 0.000268932000 
0.21000 0.000257988000 
0.21050 0.000247046000 
0.21100 0.000236378000 
0.21150 0.000226596000 
0.21200 0.000216814000 
0.21250 0.000207030000 
0.21300 0.000197399000 
0.21350 0.000188747400 
0.21400 0.000180095600 
0.21450 0.000171444000 
0.21500 0.000162846000 
0.21550 0.000155166800 
0.21600 0.000147487400 
0.21650 0.000139808000 
0.21700 0.000132137800 
0.21750 0.000125409600 
0.21800 0.000118681600 
0.21850 0.000111953400 
0.21900 0.000105227200 
0.21950 0.000099321600 
0.22000 0.000093415800 
0.22050 0.000087510200 
0.22100 0.000081636000 
0.22150 0.000076497200 
0.22200 0.000071358600 
0.22250 0.000066219800 
0.22300 0.000061182400 
0.22350 0.000056802200 
0.22400 0.000052422200 
0.22450 0.000048042000 
0.22500 0.000043856400 
0.22550 0.000040151000 
0.22600 0.000036445600 
0.22650 0.000032740400 
0.22700 0.000029376400 
0.22750 0.000026335400 
0.22800 0.000023294200 
0.22850 0.000020253200 
0.22900 0.000017742200 
0.22950 0.000015346320 
0.23000 0.000012950440 
0.23050 0.000010695240 
0.23100 0.000008934280 
0.23150 0.000007173300 
0.23200 0.000005412340 
0.23250 0.000004135460 
0.23300 0.000003041560 
0.23350 0.000001947678 
