0.00000 140.746600000000 
0.00050 127.391000000000 
0.00100 114.035400000000 
0.00150 100.680000000000 
0.00200 87.324400000000 
0.00250 77.644600000000 
0.00300 69.061400000000 
0.00350 61.887800000000 
0.00400 56.018200000000 
0.00450 50.467000000000 
0.00500 46.283600000000 
0.00550 42.100400000000 
0.00600 38.787200000000 
0.00650 35.712200000000 
0.00700 32.876200000000 
0.00750 30.559800000000 
0.00800 28.243400000000 
0.00850 26.347600000000 
0.00900 24.567200000000 
0.00950 22.863800000000 
0.01000 21.472000000000 
0.01050 20.080000000000 
0.01100 18.849920000000 
0.01150 17.745720000000 
0.01200 16.641500000000 
0.01250 15.728520000000 
0.01300 14.841380000000 
0.01350 13.980460000000 
0.01400 13.259720000000 
0.01450 12.539000000000 
0.01500 11.869520000000 
0.01550 11.278160000000 
0.01600 10.686820000000 
0.01650 10.156580000000 
0.01700 9.667100000000 
0.01750 9.177620000000 
0.01800 8.750740000000 
0.01850 8.342380000000 
0.01900 7.934020000000 
0.01950 7.585320000000 
0.02000 7.242200000000 
0.02050 6.900680000000 
0.02100 6.610520000000 
0.02150 6.320360000000 
0.02200 6.035440000000 
0.02250 5.788660000000 
0.02300 5.541860000000 
0.02350 5.301800000000 
0.02400 5.090780000000 
0.02450 4.879740000000 
0.02500 4.675700000000 
0.02550 4.494380000000 
0.02600 4.313060000000 
0.02650 4.138220000000 
0.02700 3.981740000000 
0.02750 3.825280000000 
0.02800 3.674400000000 
0.02850 3.538820000000 
0.02900 3.403240000000 
0.02950 3.272200000000 
0.03000 3.154300000000 
0.03050 3.036400000000 
0.03100 2.921900000000 
0.03150 2.819040000000 
0.03200 2.716160000000 
0.03250 2.615620000000 
0.03300 2.525580000000 
0.03350 2.435540000000 
0.03400 2.346820000000 
0.03450 2.267780000000 
0.03500 2.188760000000 
0.03550 2.110120000000 
0.03600 2.040580000000 
0.03650 1.971020000000 
0.03700 1.901468000000 
0.03750 1.839700000000 
0.03800 1.778344000000 
0.03850 1.716988000000 
0.03900 1.661616000000 
0.03950 1.607370000000 
0.04000 1.553122000000 
0.04050 1.503326000000 
0.04100 1.455266000000 
0.04150 1.407208000000 
0.04200 1.362288000000 
0.04250 1.319628000000 
0.04300 1.276970000000 
0.04350 1.236338000000 
0.04400 1.198408000000 
0.04450 1.160476000000 
0.04500 1.123630000000 
0.04550 1.089846000000 
0.04600 1.056062000000 
0.04650 1.022568000000 
0.04700 0.992432000000 
0.04750 0.962296000000 
0.04800 0.932160000000 
0.04850 0.904862000000 
0.04900 0.877942000000 
0.04950 0.851020000000 
0.05000 0.826006000000 
0.05050 0.801924000000 
0.05100 0.777844000000 
0.05150 0.754882000000 
0.05200 0.733314000000 
0.05250 0.711746000000 
0.05300 0.690632000000 
0.05350 0.671292000000 
0.05400 0.651954000000 
0.05450 0.632614000000 
0.05500 0.615146000000 
0.05550 0.597784000000 
0.05600 0.580424000000 
0.05650 0.564248000000 
0.05700 0.548646000000 
0.05750 0.533044000000 
0.05800 0.518048000000 
0.05850 0.504012000000 
0.05900 0.489978000000 
0.05950 0.476060000000 
0.06000 0.463422000000 
0.06050 0.450782000000 
0.06100 0.438144000000 
0.06150 0.426460000000 
0.06200 0.415068000000 
0.06250 0.403676000000 
0.06300 0.392766000000 
0.06350 0.382490000000 
0.06400 0.372212000000 
0.06450 0.362020000000 
0.06500 0.352740000000 
0.06550 0.343460000000 
0.06600 0.334180000000 
0.06650 0.325542000000 
0.06700 0.317156000000 
0.06750 0.308770000000 
0.06800 0.300656000000 
0.06850 0.293070000000 
0.06900 0.285484000000 
0.06950 0.277900000000 
0.07000 0.270992000000 
0.07050 0.264126000000 
0.07100 0.257258000000 
0.07150 0.250738000000 
0.07200 0.244516000000 
0.07250 0.238296000000 
0.07300 0.232140000000 
0.07350 0.226498000000 
0.07400 0.220858000000 
0.07450 0.215218000000 
0.07500 0.209928000000 
0.07550 0.204810000000 
0.07600 0.199691800000 
0.07650 0.194675000000 
0.07700 0.190027400000 
0.07750 0.185379800000 
0.07800 0.180732400000 
0.07850 0.176401000000 
0.07900 0.172177600000 
0.07950 0.167954000000 
0.08000 0.163830800000 
0.08050 0.159989800000 
0.08100 0.156148800000 
0.08150 0.152307800000 
0.08200 0.148730400000 
0.08250 0.145234200000 
0.08300 0.141737800000 
0.08350 0.138320600000 
0.08400 0.135136400000 
0.08450 0.131952200000 
0.08500 0.128768000000 
0.08550 0.125788600000 
0.08600 0.122886000000 
0.08650 0.119983400000 
0.08700 0.117129200000 
0.08750 0.114482400000 
0.08800 0.111835600000 
0.08850 0.109188800000 
0.08900 0.106688800000 
0.08950 0.104272200000 
0.09000 0.101855600000 
0.09050 0.099454400000 
0.09100 0.097247200000 
0.09150 0.095040000000 
0.09200 0.092833000000 
0.09250 0.090720000000 
0.09300 0.088702400000 
0.09350 0.086685000000 
0.09400 0.084667400000 
0.09450 0.082806400000 
0.09500 0.080961200000 
0.09550 0.079116200000 
0.09600 0.077319000000 
0.09650 0.075629800000 
0.09700 0.073940400000 
0.09750 0.072251000000 
0.09800 0.070660800000 
0.09850 0.069113800000 
0.09900 0.067567000000 
0.09950 0.066029600000 
0.10000 0.064611800000 
0.10050 0.063193800000 
0.10100 0.061776000000 
0.10150 0.060410000000 
0.10200 0.059109600000 
0.10250 0.057809400000 
0.10300 0.056509000000 
0.10350 0.055294200000 
0.10400 0.054100800000 
0.10450 0.052907600000 
0.10500 0.051728400000 
0.10550 0.050632800000 
0.10600 0.049537000000 
0.10650 0.048441400000 
0.10700 0.047388600000 
0.10750 0.046382000000 
0.10800 0.045375200000 
0.10850 0.044368600000 
0.10900 0.043427800000 
0.10950 0.042502400000 
0.11000 0.041577000000 
0.11050 0.040661200000 
0.11100 0.039809800000 
0.11150 0.038958400000 
0.11200 0.038107000000 
0.11250 0.037285400000 
0.11300 0.036502200000 
0.11350 0.035719200000 
0.11400 0.034936000000 
0.11450 0.034198600000 
0.11500 0.033477200000 
0.11550 0.032756000000 
0.11600 0.032036400000 
0.11650 0.031372000000 
0.11700 0.030707800000 
0.11750 0.030043400000 
0.11800 0.029395400000 
0.11850 0.028783000000 
0.11900 0.028170600000 
0.11950 0.027558200000 
0.12000 0.026974200000 
0.12050 0.026410000000 
0.12100 0.025845600000 
0.12150 0.025281400000 
0.12200 0.024754800000 
0.12250 0.024234200000 
0.12300 0.023713600000 
0.12350 0.023197800000 
0.12400 0.022717400000 
0.12450 0.022237000000 
0.12500 0.021756600000 
0.12550 0.021290000000 
0.12600 0.020846600000 
0.12650 0.020403400000 
0.12700 0.019960180000 
0.12750 0.019537920000 
0.12800 0.019128880000 
0.12850 0.018719820000 
0.12900 0.018310780000 
0.12950 0.017928280000 
0.13000 0.017550480000 
0.13050 0.017172680000 
0.13100 0.016797120000 
0.13150 0.016448360000 
0.13200 0.016099600000 
0.13250 0.015750840000 
0.13300 0.015409940000 
0.13350 0.015087720000 
0.13400 0.014765520000 
0.13450 0.014443300000 
0.13500 0.014133500000 
0.13550 0.013835780000 
0.13600 0.013538080000 
0.13650 0.013240360000 
0.13700 0.012958840000 
0.13750 0.012683960000 
0.13800 0.012409100000 
0.13850 0.012134220000 
0.13900 0.011878200000 
0.13950 0.011624240000 
0.14000 0.011370260000 
0.14050 0.011117960000 
0.14100 0.010883520000 
0.14150 0.010649080000 
0.14200 0.010414640000 
0.14250 0.010184840000 
0.14300 0.009968280000 
0.14350 0.009751700000 
0.14400 0.009535120000 
0.14450 0.009325580000 
0.14500 0.009125540000 
0.14550 0.008925500000 
0.14600 0.008725460000 
0.14650 0.008534320000 
0.14700 0.008349600000 
0.14750 0.008164880000 
0.14800 0.007980140000 
0.14850 0.007805860000 
0.14900 0.007635500000 
0.14950 0.007465140000 
0.15000 0.007294800000 
0.15050 0.007135740000 
0.15100 0.006978520000 
0.15150 0.006821320000 
0.15200 0.006664100000 
0.15250 0.006518860000 
0.15300 0.006373840000 
0.15350 0.006228800000 
0.15400 0.006084840000 
0.15450 0.005951280000 
0.15500 0.005817720000 
0.15550 0.005684140000 
0.15600 0.005552580000 
0.15650 0.005429480000 
0.15700 0.005306400000 
0.15750 0.005183300000 
0.15800 0.005062860000 
0.15850 0.004949320000 
0.15900 0.004835800000 
0.15950 0.004722280000 
0.16000 0.004611960000 
0.16050 0.004507600000 
0.16100 0.004403220000 
0.16150 0.004298860000 
0.16200 0.004197920000 
0.16250 0.004101900000 
0.16300 0.004005900000 
0.16350 0.003909880000 
0.16400 0.003817420000 
0.16450 0.003729140000 
0.16500 0.003640880000 
0.16550 0.003552620000 
0.16600 0.003467940000 
0.16650 0.003386980000 
0.16700 0.003306020000 
0.16750 0.003225060000 
0.16800 0.003147440000 
0.16850 0.003073000000 
0.16900 0.002998580000 
0.16950 0.002924160000 
0.17000 0.002852960000 
0.17050 0.002784820000 
0.17100 0.002716680000 
0.17150 0.002648540000 
0.17200 0.002583200000 
0.17250 0.002520640000 
0.17300 0.002458100000 
0.17350 0.002395560000 
0.17400 0.002335540000 
0.17450 0.002278280000 
0.17500 0.002221040000 
0.17550 0.002163780000 
0.17600 0.002108700000 
0.17650 0.002056440000 
0.17700 0.002004180000 
0.17750 0.001951910000 
0.17800 0.001901354000 
0.17850 0.001853608000 
0.17900 0.001805862000 
0.17950 0.001758116000 
0.18000 0.001711626000 
0.18050 0.001667964000 
0.18100 0.001624304000 
0.18150 0.001580642000 
0.18200 0.001537842000 
0.18250 0.001498038000 
0.18300 0.001458234000 
0.18350 0.001418430000 
0.18400 0.001379082000 
0.18450 0.001342914000 
0.18500 0.001306744000 
0.18550 0.001270576000 
0.18600 0.001234454000 
0.18650 0.001201484000 
0.18700 0.001168512000 
0.18750 0.001135540000 
0.18800 0.001102568000 
0.18850 0.001072352000 
0.18900 0.001042466000 
0.18950 0.001012582000 
0.19000 0.000982698000 
0.19050 0.000954864000 
0.19100 0.000927684000 
0.19150 0.000900502000 
0.19200 0.000873322000 
0.19250 0.000847710000 
0.19300 0.000823080000 
0.19350 0.000798450000 
0.19400 0.000773820000 
0.19450 0.000750274000 
0.19500 0.000727988000 
0.19550 0.000705700000 
0.19600 0.000683412000 
0.19650 0.000661780000 
0.19700 0.000641640000 
0.19750 0.000621502000 
0.19800 0.000601362000 
0.19850 0.000581504000 
0.19900 0.000563334000 
0.19950 0.000545162000 
0.20000 0.000526992000 
0.20050 0.000508822000 
0.20100 0.000492368000 
0.20150 0.000475952000 
0.20200 0.000459538000 
0.20250 0.000443122000 
0.20300 0.000428092000 
0.20350 0.000413378000 
0.20400 0.000398662000 
0.20450 0.000383948000 
0.20500 0.000370194000 
0.20550 0.000356946000 
0.20600 0.000343698000 
0.20650 0.000330450000 
0.20700 0.000317918000 
0.20750 0.000306094000 
0.20800 0.000294270000 
0.20850 0.000282446000 
0.20900 0.000271066000 
0.20950 0.000260466000 
0.21000 0.000249868000 
0.21050 0.000239268000 
0.21100 0.000228934000 
0.21150 0.000219460000 
0.21200 0.000209984000 
0.21250 0.000200510000 
0.21300 0.000191179600 
0.21350 0.000182799800 
0.21400 0.000174420200 
0.21450 0.000166040400 
0.21500 0.000157712600 
0.21550 0.000150274800 
0.21600 0.000142837000 
0.21650 0.000135399200 
0.21700 0.000127970200 
0.21750 0.000121454000 
0.21800 0.000114937600 
0.21850 0.000108421200 
0.21900 0.000101906800 
0.21950 0.000096187000 
0.22000 0.000090467400 
0.22050 0.000084747800 
0.22100 0.000079058600 
0.22150 0.000074081800 
0.22200 0.000069105200 
0.22250 0.000064128400 
0.22300 0.000059249800 
0.22350 0.000055007800 
0.22400 0.000050766000 
0.22450 0.000046524000 
0.22500 0.000042470400 
0.22550 0.000038882000 
0.22600 0.000035293600 
0.22650 0.000031705200 
0.22700 0.000028447600 
0.22750 0.000025502600 
0.22800 0.000022557600 
0.22850 0.000019612560 
0.22900 0.000017180960 
0.22950 0.000014860820 
0.23000 0.000012540680 
0.23050 0.000010356780 
0.23100 0.000008651520 
0.23150 0.000006946260 
0.23200 0.000005241000 
0.23250 0.000004004520 
0.23300 0.000002945260 
0.23350 0.000001886002 
