0.00000 137.650800000000 
0.00050 124.566000000000 
0.00100 111.481200000000 
0.00150 98.396400000000 
0.00200 85.311600000000 
0.00250 75.834600000000 
0.00300 67.434000000000 
0.00350 60.415400000000 
0.00400 54.674800000000 
0.00450 49.246000000000 
0.00500 45.157000000000 
0.00550 41.068000000000 
0.00600 37.830600000000 
0.00650 34.826400000000 
0.00700 32.055800000000 
0.00750 29.793600000000 
0.00800 27.531400000000 
0.00850 25.680200000000 
0.00900 23.942200000000 
0.00950 22.279400000000 
0.01000 20.921000000000 
0.01050 19.562500000000 
0.01100 18.362220000000 
0.01150 17.284900000000 
0.01200 16.207600000000 
0.01250 15.317060000000 
0.01300 14.451760000000 
0.01350 13.612080000000 
0.01400 12.909280000000 
0.01450 12.206500000000 
0.01500 11.553740000000 
0.01550 10.977240000000 
0.01600 10.400760000000 
0.01650 9.883920000000 
0.01700 9.406860000000 
0.01750 8.929800000000 
0.01800 8.513840000000 
0.01850 8.115920000000 
0.01900 7.718020000000 
0.01950 7.378320000000 
0.02000 7.044060000000 
0.02050 6.711340000000 
0.02100 6.428740000000 
0.02150 6.146140000000 
0.02200 5.868660000000 
0.02250 5.628340000000 
0.02300 5.388000000000 
0.02350 5.154260000000 
0.02400 4.948820000000 
0.02450 4.743360000000 
0.02500 4.544700000000 
0.02550 4.368220000000 
0.02600 4.191740000000 
0.02650 4.021560000000 
0.02700 3.869280000000 
0.02750 3.717000000000 
0.02800 3.570160000000 
0.02850 3.438260000000 
0.02900 3.306340000000 
0.02950 3.178840000000 
0.03000 3.064140000000 
0.03050 2.949440000000 
0.03100 2.838060000000 
0.03150 2.738020000000 
0.03200 2.637960000000 
0.03250 2.540160000000 
0.03300 2.452600000000 
0.03350 2.365040000000 
0.03400 2.278760000000 
0.03450 2.201920000000 
0.03500 2.125060000000 
0.03550 2.048620000000 
0.03600 1.980998000000 
0.03650 1.913384000000 
0.03700 1.845770000000 
0.03750 1.785730000000 
0.03800 1.726092000000 
0.03850 1.666454000000 
0.03900 1.612640000000 
0.03950 1.559920000000 
0.04000 1.507202000000 
0.04050 1.458812000000 
0.04100 1.412114000000 
0.04150 1.365416000000 
0.04200 1.321772000000 
0.04250 1.280326000000 
0.04300 1.238882000000 
0.04350 1.199410000000 
0.04400 1.162564000000 
0.04450 1.125718000000 
0.04500 1.089928000000 
0.04550 1.057114000000 
0.04600 1.024302000000 
0.04650 0.991772000000 
0.04700 0.962506000000 
0.04750 0.933240000000 
0.04800 0.903976000000 
0.04850 0.877470000000 
0.04900 0.851330000000 
0.04950 0.825192000000 
0.05000 0.800906000000 
0.05050 0.777526000000 
0.05100 0.754148000000 
0.05150 0.731856000000 
0.05200 0.710922000000 
0.05250 0.689986000000 
0.05300 0.669492000000 
0.05350 0.650722000000 
0.05400 0.631950000000 
0.05450 0.613180000000 
0.05500 0.596230000000 
0.05550 0.579382000000 
0.05600 0.562534000000 
0.05650 0.546838000000 
0.05700 0.531698000000 
0.05750 0.516560000000 
0.05800 0.502010000000 
0.05850 0.488392000000 
0.05900 0.474776000000 
0.05950 0.461274000000 
0.06000 0.449014000000 
0.06050 0.436752000000 
0.06100 0.424492000000 
0.06150 0.413160000000 
0.06200 0.402110000000 
0.06250 0.391060000000 
0.06300 0.380480000000 
0.06350 0.370512000000 
0.06400 0.360546000000 
0.06450 0.350660000000 
0.06500 0.341662000000 
0.06550 0.332662000000 
0.06600 0.323664000000 
0.06650 0.315290000000 
0.06700 0.307158000000 
0.06750 0.299026000000 
0.06800 0.291160000000 
0.06850 0.283806000000 
0.06900 0.276452000000 
0.06950 0.269096000000 
0.07000 0.262402000000 
0.07050 0.255746000000 
0.07100 0.249088000000 
0.07150 0.242768000000 
0.07200 0.236738000000 
0.07250 0.230708000000 
0.07300 0.224740000000 
0.07350 0.219274000000 
0.07400 0.213808000000 
0.07450 0.208342000000 
0.07500 0.203214000000 
0.07550 0.198255200000 
0.07600 0.193295600000 
0.07650 0.188434200000 
0.07700 0.183931000000 
0.07750 0.179427800000 
0.07800 0.174924400000 
0.07850 0.170728000000 
0.07900 0.166636000000 
0.07950 0.162544000000 
0.08000 0.158549400000 
0.08050 0.154828400000 
0.08100 0.151107400000 
0.08150 0.147386400000 
0.08200 0.143921200000 
0.08250 0.140534600000 
0.08300 0.137148000000 
0.08350 0.133837800000 
0.08400 0.130753800000 
0.08450 0.127669600000 
0.08500 0.124585600000 
0.08550 0.121700200000 
0.08600 0.118889200000 
0.08650 0.116078200000 
0.08700 0.113314000000 
0.08750 0.110750800000 
0.08800 0.108187800000 
0.08850 0.105624800000 
0.08900 0.103204000000 
0.08950 0.100864000000 
0.09000 0.098524000000 
0.09050 0.096199000000 
0.09100 0.094062200000 
0.09150 0.091925200000 
0.09200 0.089788400000 
0.09250 0.087742800000 
0.09300 0.085789600000 
0.09350 0.083836400000 
0.09400 0.081883200000 
0.09450 0.080081800000 
0.09500 0.078295800000 
0.09550 0.076509600000 
0.09600 0.074770000000 
0.09650 0.073135000000 
0.09700 0.071499800000 
0.09750 0.069864600000 
0.09800 0.068325600000 
0.09850 0.066828400000 
0.09900 0.065331200000 
0.09950 0.063843400000 
0.10000 0.062471200000 
0.10050 0.061099000000 
0.10100 0.059727000000 
0.10150 0.058405200000 
0.10200 0.057146800000 
0.10250 0.055888600000 
0.10300 0.054630200000 
0.10350 0.053454800000 
0.10400 0.052300200000 
0.10450 0.051145600000 
0.10500 0.050004600000 
0.10550 0.048944600000 
0.10600 0.047884600000 
0.10650 0.046824400000 
0.10700 0.045806000000 
0.10750 0.044832000000 
0.10800 0.043858200000 
0.10850 0.042884400000 
0.10900 0.041974200000 
0.10950 0.041079200000 
0.11000 0.040184000000 
0.11050 0.039298000000 
0.11100 0.038474600000 
0.11150 0.037651000000 
0.11200 0.036827400000 
0.11250 0.036032800000 
0.11300 0.035275400000 
0.11350 0.034518000000 
0.11400 0.033760600000 
0.11450 0.033047400000 
0.11500 0.032349800000 
0.11550 0.031652200000 
0.11600 0.030956400000 
0.11650 0.030314000000 
0.11700 0.029671400000 
0.11750 0.029029000000 
0.11800 0.028402400000 
0.11850 0.027810200000 
0.11900 0.027218000000 
0.11950 0.026625800000 
0.12000 0.026061200000 
0.12050 0.025515600000 
0.12100 0.024970200000 
0.12150 0.024424600000 
0.12200 0.023915400000 
0.12250 0.023412000000 
0.12300 0.022908800000 
0.12350 0.022410200000 
0.12400 0.021945800000 
0.12450 0.021481200000 
0.12500 0.021016800000 
0.12550 0.020565800000 
0.12600 0.020137200000 
0.12650 0.019708780000 
0.12700 0.019280300000 
0.12750 0.018872140000 
0.12800 0.018476760000 
0.12850 0.018081380000 
0.12900 0.017686020000 
0.12950 0.017316300000 
0.13000 0.016951160000 
0.13050 0.016586020000 
0.13100 0.016223020000 
0.13150 0.015885960000 
0.13200 0.015548900000 
0.13250 0.015211840000 
0.13300 0.014882380000 
0.13350 0.014571000000 
0.13400 0.014259620000 
0.13450 0.013948240000 
0.13500 0.013648860000 
0.13550 0.013361180000 
0.13600 0.013073480000 
0.13650 0.012785800000 
0.13700 0.012513780000 
0.13750 0.012248180000 
0.13800 0.011982580000 
0.13850 0.011717000000 
0.13900 0.011469620000 
0.13950 0.011224240000 
0.14000 0.010978860000 
0.14050 0.010735100000 
0.14100 0.010508600000 
0.14150 0.010282100000 
0.14200 0.010055600000 
0.14250 0.009833600000 
0.14300 0.009624360000 
0.14350 0.009415140000 
0.14400 0.009205920000 
0.14450 0.009003500000 
0.14500 0.008810260000 
0.14550 0.008617020000 
0.14600 0.008423780000 
0.14650 0.008239140000 
0.14700 0.008060720000 
0.14750 0.007882280000 
0.14800 0.007703860000 
0.14850 0.007535500000 
0.14900 0.007370960000 
0.14950 0.007206420000 
0.15000 0.007041880000 
0.15050 0.006888260000 
0.15100 0.006736420000 
0.15150 0.006584580000 
0.15200 0.006432740000 
0.15250 0.006292480000 
0.15300 0.006152420000 
0.15350 0.006012360000 
0.15400 0.005873320000 
0.15450 0.005744340000 
0.15500 0.005615360000 
0.15550 0.005486360000 
0.15600 0.005359320000 
0.15650 0.005240460000 
0.15700 0.005121580000 
0.15750 0.005002720000 
0.15800 0.004886420000 
0.15850 0.004776800000 
0.15900 0.004667180000 
0.15950 0.004557560000 
0.16000 0.004451040000 
0.16050 0.004350280000 
0.16100 0.004249500000 
0.16150 0.004148720000 
0.16200 0.004051280000 
0.16250 0.003958580000 
0.16300 0.003865880000 
0.16350 0.003773180000 
0.16400 0.003683900000 
0.16450 0.003598700000 
0.16500 0.003513480000 
0.16550 0.003428280000 
0.16600 0.003346520000 
0.16650 0.003268360000 
0.16700 0.003190220000 
0.16750 0.003112060000 
0.16800 0.003037120000 
0.16850 0.002965260000 
0.16900 0.002893420000 
0.16950 0.002821580000 
0.17000 0.002752840000 
0.17050 0.002687080000 
0.17100 0.002621300000 
0.17150 0.002555520000 
0.17200 0.002492460000 
0.17250 0.002432080000 
0.17300 0.002371720000 
0.17350 0.002311360000 
0.17400 0.002253420000 
0.17450 0.002198160000 
0.17500 0.002142900000 
0.17550 0.002087640000 
0.17600 0.002034480000 
0.17650 0.001984036000 
0.17700 0.001933596000 
0.17750 0.001883158000 
0.17800 0.001834366000 
0.17850 0.001788288000 
0.17900 0.001742208000 
0.17950 0.001696130000 
0.18000 0.001651264000 
0.18050 0.001609130000 
0.18100 0.001566994000 
0.18150 0.001524860000 
0.18200 0.001483558000 
0.18250 0.001445146000 
0.18300 0.001406736000 
0.18350 0.001368326000 
0.18400 0.001330358000 
0.18450 0.001295456000 
0.18500 0.001260556000 
0.18550 0.001225656000 
0.18600 0.001190800000 
0.18650 0.001158986000 
0.18700 0.001127172000 
0.18750 0.001095358000 
0.18800 0.001063544000 
0.18850 0.001034388000 
0.18900 0.001005554000 
0.18950 0.000976720000 
0.19000 0.000947888000 
0.19050 0.000921032000 
0.19100 0.000894808000 
0.19150 0.000868584000 
0.19200 0.000842360000 
0.19250 0.000817648000 
0.19300 0.000793886000 
0.19350 0.000770124000 
0.19400 0.000746364000 
0.19450 0.000723648000 
0.19500 0.000702146000 
0.19550 0.000680646000 
0.19600 0.000659144000 
0.19650 0.000638274000 
0.19700 0.000618846000 
0.19750 0.000599418000 
0.19800 0.000579990000 
0.19850 0.000560832000 
0.19900 0.000543304000 
0.19950 0.000525776000 
0.20000 0.000508250000 
0.20050 0.000490722000 
0.20100 0.000474850000 
0.20150 0.000459016000 
0.20200 0.000443180000 
0.20250 0.000427346000 
0.20300 0.000412848000 
0.20350 0.000398656000 
0.20400 0.000384462000 
0.20450 0.000370268000 
0.20500 0.000357002000 
0.20550 0.000344224000 
0.20600 0.000331446000 
0.20650 0.000318670000 
0.20700 0.000306582000 
0.20750 0.000295178000 
0.20800 0.000283774000 
0.20850 0.000272370000 
0.20900 0.000261394000 
0.20950 0.000251170000 
0.21000 0.000240948000 
0.21050 0.000230724000 
0.21100 0.000220760000 
0.21150 0.000211622000 
0.21200 0.000202484000 
0.21250 0.000193345200 
0.21300 0.000184348000 
0.21350 0.000176266600 
0.21400 0.000168185200 
0.21450 0.000160104000 
0.21500 0.000152072800 
0.21550 0.000144900400 
0.21600 0.000137727800 
0.21650 0.000130555200 
0.21700 0.000123391000 
0.21750 0.000117107200 
0.21800 0.000110823400 
0.21850 0.000104539600 
0.21900 0.000098257800 
0.21950 0.000092742400 
0.22000 0.000087227000 
0.22050 0.000081711800 
0.22100 0.000076225800 
0.22150 0.000071427000 
0.22200 0.000066628400 
0.22250 0.000061829600 
0.22300 0.000057125400 
0.22350 0.000053035400 
0.22400 0.000048945200 
0.22450 0.000044855200 
0.22500 0.000040946600 
0.22550 0.000037486800 
0.22600 0.000034027000 
0.22650 0.000030567200 
0.22700 0.000027426400 
0.22750 0.000024587000 
0.22800 0.000021747600 
0.22850 0.000018908100 
0.22900 0.000016563760 
0.22950 0.000014326900 
0.23000 0.000012090040 
0.23050 0.000009984540 
0.23100 0.000008340540 
0.23150 0.000006696540 
0.23200 0.000005052540 
0.23250 0.000003860500 
0.23300 0.000002839340 
0.23350 0.000001818158 
