0.00000 134.742400000000 
0.00050 121.911400000000 
0.00100 109.080400000000 
0.00150 96.249400000000 
0.00200 83.418200000000 
0.00250 74.131200000000 
0.00300 65.901200000000 
0.00350 59.027200000000 
0.00400 53.407200000000 
0.00450 48.092800000000 
0.00500 44.092000000000 
0.00550 40.091000000000 
0.00600 36.924600000000 
0.00650 33.986600000000 
0.00700 31.277400000000 
0.00750 29.066200000000 
0.00800 26.854800000000 
0.00850 25.045800000000 
0.00900 23.347400000000 
0.00950 21.722800000000 
0.01000 20.396000000000 
0.01050 19.069120000000 
0.01100 17.896960000000 
0.01150 16.845040000000 
0.01200 15.793140000000 
0.01250 14.923840000000 
0.01300 14.079240000000 
0.01350 13.259660000000 
0.01400 12.573880000000 
0.01450 11.888100000000 
0.01500 11.251220000000 
0.01550 10.688840000000 
0.01600 10.126480000000 
0.01650 9.622380000000 
0.01700 9.157140000000 
0.01750 8.691900000000 
0.01800 8.286320000000 
0.01850 7.898360000000 
0.01900 7.510420000000 
0.01950 7.179300000000 
0.02000 6.853480000000 
0.02050 6.529200000000 
0.02100 6.253820000000 
0.02150 5.978420000000 
0.02200 5.708020000000 
0.02250 5.473900000000 
0.02300 5.239760000000 
0.02350 5.012060000000 
0.02400 4.811940000000 
0.02450 4.611840000000 
0.02500 4.418360000000 
0.02550 4.246500000000 
0.02600 4.074640000000 
0.02650 3.908920000000 
0.02700 3.760680000000 
0.02750 3.612420000000 
0.02800 3.469480000000 
0.02850 3.341080000000 
0.02900 3.212680000000 
0.02950 3.088580000000 
0.03000 2.976960000000 
0.03050 2.865340000000 
0.03100 2.756960000000 
0.03150 2.659620000000 
0.03200 2.562260000000 
0.03250 2.467120000000 
0.03300 2.381940000000 
0.03350 2.296760000000 
0.03400 2.212840000000 
0.03450 2.138100000000 
0.03500 2.063360000000 
0.03550 1.989008000000 
0.03600 1.923260000000 
0.03650 1.857514000000 
0.03700 1.791766000000 
0.03750 1.733394000000 
0.03800 1.675414000000 
0.03850 1.617434000000 
0.03900 1.565124000000 
0.03950 1.513880000000 
0.04000 1.462636000000 
0.04050 1.415606000000 
0.04100 1.370222000000 
0.04150 1.324840000000 
0.04200 1.282428000000 
0.04250 1.242156000000 
0.04300 1.201886000000 
0.04350 1.163534000000 
0.04400 1.127738000000 
0.04450 1.091940000000 
0.04500 1.057172000000 
0.04550 1.025298000000 
0.04600 0.993426000000 
0.04650 0.961828000000 
0.04700 0.933406000000 
0.04750 0.904984000000 
0.04800 0.876562000000 
0.04850 0.850824000000 
0.04900 0.825442000000 
0.04950 0.800058000000 
0.05000 0.776480000000 
0.05050 0.753782000000 
0.05100 0.731084000000 
0.05150 0.709442000000 
0.05200 0.689120000000 
0.05250 0.668798000000 
0.05300 0.648904000000 
0.05350 0.630686000000 
0.05400 0.612466000000 
0.05450 0.594248000000 
0.05500 0.577798000000 
0.05550 0.561450000000 
0.05600 0.545100000000 
0.05650 0.529870000000 
0.05700 0.515180000000 
0.05750 0.500490000000 
0.05800 0.486374000000 
0.05850 0.473164000000 
0.05900 0.459952000000 
0.05950 0.446854000000 
0.06000 0.434960000000 
0.06050 0.423068000000 
0.06100 0.411176000000 
0.06150 0.400184000000 
0.06200 0.389466000000 
0.06250 0.378750000000 
0.06300 0.368488000000 
0.06350 0.358822000000 
0.06400 0.349158000000 
0.06450 0.339572000000 
0.06500 0.330846000000 
0.06550 0.322120000000 
0.06600 0.313396000000 
0.06650 0.305276000000 
0.06700 0.297392000000 
0.06750 0.289510000000 
0.06800 0.281882000000 
0.06850 0.274754000000 
0.06900 0.267626000000 
0.06950 0.260496000000 
0.07000 0.254008000000 
0.07050 0.247556000000 
0.07100 0.241104000000 
0.07150 0.234978000000 
0.07200 0.229134000000 
0.07250 0.223290000000 
0.07300 0.217508000000 
0.07350 0.212210000000 
0.07400 0.206914000000 
0.07450 0.201618000000 
0.07500 0.196649600000 
0.07550 0.191844400000 
0.07600 0.187039200000 
0.07650 0.182329200000 
0.07700 0.177966600000 
0.07750 0.173604200000 
0.07800 0.169241600000 
0.07850 0.165176600000 
0.07900 0.161213000000 
0.07950 0.157249400000 
0.08000 0.153380000000 
0.08050 0.149776200000 
0.08100 0.146172400000 
0.08150 0.142568400000 
0.08200 0.139212400000 
0.08250 0.135932800000 
0.08300 0.132653200000 
0.08350 0.129447800000 
0.08400 0.126461400000 
0.08450 0.123475200000 
0.08500 0.120488800000 
0.08550 0.117695000000 
0.08600 0.114973400000 
0.08650 0.112251800000 
0.08700 0.109575600000 
0.08750 0.107094400000 
0.08800 0.104613200000 
0.08850 0.102131800000 
0.08900 0.099788400000 
0.08950 0.097523400000 
0.09000 0.095258400000 
0.09050 0.093007800000 
0.09100 0.090939600000 
0.09150 0.088871400000 
0.09200 0.086803000000 
0.09250 0.084823400000 
0.09300 0.082933000000 
0.09350 0.081042800000 
0.09400 0.079152600000 
0.09450 0.077409400000 
0.09500 0.075681000000 
0.09550 0.073952600000 
0.09600 0.072269400000 
0.09650 0.070687400000 
0.09700 0.069105200000 
0.09750 0.067523000000 
0.09800 0.066034000000 
0.09850 0.064585600000 
0.09900 0.063137000000 
0.09950 0.061697600000 
0.10000 0.060370200000 
0.10050 0.059042800000 
0.10100 0.057715400000 
0.10150 0.056436800000 
0.10200 0.055219800000 
0.10250 0.054002600000 
0.10300 0.052785400000 
0.10350 0.051648600000 
0.10400 0.050531800000 
0.10450 0.049415200000 
0.10500 0.048311800000 
0.10550 0.047286600000 
0.10600 0.046261400000 
0.10650 0.045236200000 
0.10700 0.044251200000 
0.10750 0.043309400000 
0.10800 0.042367800000 
0.10850 0.041426000000 
0.10900 0.040546000000 
0.10950 0.039680600000 
0.11000 0.038815000000 
0.11050 0.037958400000 
0.11100 0.037162200000 
0.11150 0.036366000000 
0.11200 0.035569800000 
0.11250 0.034801600000 
0.11300 0.034069400000 
0.11350 0.033337200000 
0.11400 0.032604800000 
0.11450 0.031915400000 
0.11500 0.031241200000 
0.11550 0.030566800000 
0.11600 0.029894200000 
0.11650 0.029273400000 
0.11700 0.028652400000 
0.11750 0.028031400000 
0.11800 0.027425800000 
0.11850 0.026853400000 
0.11900 0.026281200000 
0.11950 0.025708800000 
0.12000 0.025163200000 
0.12050 0.024636000000 
0.12100 0.024108800000 
0.12150 0.023581600000 
0.12200 0.023089400000 
0.12250 0.022603200000 
0.12300 0.022116800000 
0.12350 0.021635000000 
0.12400 0.021186200000 
0.12450 0.020737400000 
0.12500 0.020288800000 
0.12550 0.019852880000 
0.12600 0.019438920000 
0.12650 0.019024960000 
0.12700 0.018611000000 
0.12750 0.018216680000 
0.12800 0.017834740000 
0.12850 0.017452780000 
0.12900 0.017070840000 
0.12950 0.016713700000 
0.13000 0.016360980000 
0.13050 0.016008260000 
0.13100 0.015657620000 
0.13150 0.015332060000 
0.13200 0.015006500000 
0.13250 0.014680940000 
0.13300 0.014362740000 
0.13350 0.014062000000 
0.13400 0.013761260000 
0.13450 0.013460520000 
0.13500 0.013171400000 
0.13550 0.012893580000 
0.13600 0.012615740000 
0.13650 0.012337920000 
0.13700 0.012075220000 
0.13750 0.011818760000 
0.13800 0.011562280000 
0.13850 0.011305820000 
0.13900 0.011066960000 
0.13950 0.010830020000 
0.14000 0.010593080000 
0.14050 0.010357720000 
0.14100 0.010139040000 
0.14150 0.009920340000 
0.14200 0.009701660000 
0.14250 0.009487320000 
0.14300 0.009285320000 
0.14350 0.009083320000 
0.14400 0.008881340000 
0.14450 0.008685920000 
0.14500 0.008499380000 
0.14550 0.008312840000 
0.14600 0.008126280000 
0.14650 0.007948060000 
0.14700 0.007775820000 
0.14750 0.007603580000 
0.14800 0.007431340000 
0.14850 0.007268840000 
0.14900 0.007110040000 
0.14950 0.006951220000 
0.15000 0.006792400000 
0.15050 0.006644120000 
0.15100 0.006497580000 
0.15150 0.006351040000 
0.15200 0.006204500000 
0.15250 0.006069120000 
0.15300 0.005933960000 
0.15350 0.005798780000 
0.15400 0.005664620000 
0.15450 0.005540140000 
0.15500 0.005415660000 
0.15550 0.005291200000 
0.15600 0.005168600000 
0.15650 0.005053900000 
0.15700 0.004939200000 
0.15750 0.004824500000 
0.15800 0.004712280000 
0.15850 0.004606500000 
0.15900 0.004500740000 
0.15950 0.004394960000 
0.16000 0.004292200000 
0.16050 0.004194960000 
0.16100 0.004097740000 
0.16150 0.004000520000 
0.16200 0.003906500000 
0.16250 0.003817060000 
0.16300 0.003727640000 
0.16350 0.003638200000 
0.16400 0.003552080000 
0.16450 0.003469880000 
0.16500 0.003387680000 
0.16550 0.003305480000 
0.16600 0.003226600000 
0.16650 0.003151220000 
0.16700 0.003075840000 
0.16750 0.003000440000 
0.16800 0.002928140000 
0.16850 0.002858860000 
0.16900 0.002789560000 
0.16950 0.002720260000 
0.17000 0.002653960000 
0.17050 0.002590520000 
0.17100 0.002527080000 
0.17150 0.002463640000 
0.17200 0.002402820000 
0.17250 0.002344600000 
0.17300 0.002286380000 
0.17350 0.002228160000 
0.17400 0.002172280000 
0.17450 0.002118980000 
0.17500 0.002065700000 
0.17550 0.002012400000 
0.17600 0.001961130000 
0.17650 0.001912490000 
0.17700 0.001863852000 
0.17750 0.001815212000 
0.17800 0.001768162000 
0.17850 0.001723728000 
0.17900 0.001679296000 
0.17950 0.001634864000 
0.18000 0.001591602000 
0.18050 0.001550974000 
0.18100 0.001510346000 
0.18150 0.001469720000 
0.18200 0.001429896000 
0.18250 0.001392862000 
0.18300 0.001355828000 
0.18350 0.001318794000 
0.18400 0.001282186000 
0.18450 0.001248538000 
0.18500 0.001214890000 
0.18550 0.001181240000 
0.18600 0.001147638000 
0.18650 0.001116966000 
0.18700 0.001086296000 
0.18750 0.001055626000 
0.18800 0.001024954000 
0.18850 0.000996848000 
0.18900 0.000969052000 
0.18950 0.000941256000 
0.19000 0.000913460000 
0.19050 0.000887572000 
0.19100 0.000862294000 
0.19150 0.000837014000 
0.19200 0.000811736000 
0.19250 0.000787916000 
0.19300 0.000765012000 
0.19350 0.000742108000 
0.19400 0.000719204000 
0.19450 0.000697308000 
0.19500 0.000676584000 
0.19550 0.000655860000 
0.19600 0.000635136000 
0.19650 0.000615020000 
0.19700 0.000596296000 
0.19750 0.000577570000 
0.19800 0.000558846000 
0.19850 0.000540382000 
0.19900 0.000523488000 
0.19950 0.000506596000 
0.20000 0.000489704000 
0.20050 0.000472810000 
0.20100 0.000457514000 
0.20150 0.000442256000 
0.20200 0.000426996000 
0.20250 0.000411736000 
0.20300 0.000397764000 
0.20350 0.000384086000 
0.20400 0.000370410000 
0.20450 0.000356732000 
0.20500 0.000343948000 
0.20550 0.000331634000 
0.20600 0.000319322000 
0.20650 0.000307008000 
0.20700 0.000295360000 
0.20750 0.000284372000 
0.20800 0.000273384000 
0.20850 0.000262394000 
0.20900 0.000251818000 
0.20950 0.000241968000 
0.21000 0.000232118000 
0.21050 0.000222268000 
0.21100 0.000212666000 
0.21150 0.000203862000 
0.21200 0.000195057600 
0.21250 0.000186253200 
0.21300 0.000177584400 
0.21350 0.000169798400 
0.21400 0.000162012400 
0.21450 0.000154226600 
0.21500 0.000146489000 
0.21550 0.000139579000 
0.21600 0.000132668800 
0.21650 0.000125758800 
0.21700 0.000118856800 
0.21750 0.000112803200 
0.21800 0.000106749600 
0.21850 0.000100696000 
0.21900 0.000094644200 
0.21950 0.000089331200 
0.22000 0.000084018200 
0.22050 0.000078705200 
0.22100 0.000073420400 
0.22150 0.000068798000 
0.22200 0.000064175400 
0.22250 0.000059552800 
0.22300 0.000055021400 
0.22350 0.000051081600 
0.22400 0.000047142000 
0.22450 0.000043202200 
0.22500 0.000039437400 
0.22550 0.000036104800 
0.22600 0.000032772400 
0.22650 0.000029440000 
0.22700 0.000026414800 
0.22750 0.000023679800 
0.22800 0.000020945000 
0.22850 0.000018210240 
0.22900 0.000015952340 
0.22950 0.000013797960 
0.23000 0.000011643580 
0.23050 0.000009615740 
0.23100 0.000008032440 
0.23150 0.000006449120 
0.23200 0.000004865820 
0.23250 0.000003717820 
0.23300 0.000002734380 
0.23350 0.000001750936 
