0.00000 147.528200000000 
0.00050 127.297600000000 
0.00100 107.067000000000 
0.00150 86.836200000000 
0.00200 66.605600000000 
0.00250 53.656200000000 
0.00300 42.879200000000 
0.00350 34.574400000000 
0.00400 28.556000000000 
0.00450 23.013200000000 
0.00500 19.512960000000 
0.00550 16.012740000000 
0.00600 13.607000000000 
0.00650 11.500740000000 
0.00700 9.647020000000 
0.00750 8.342440000000 
0.00800 7.037840000000 
0.00850 6.106820000000 
0.00900 5.278480000000 
0.00950 4.507920000000 
0.01000 3.970540000000 
0.01050 3.433140000000 
0.01100 2.998200000000 
0.01150 2.642900000000 
0.01200 2.287620000000 
0.01250 2.034880000000 
0.01300 1.796012000000 
0.01350 1.569092000000 
0.01400 1.406082000000 
0.01450 1.243072000000 
0.01500 1.099970000000 
0.01550 0.987226000000 
0.01600 0.874482000000 
0.01650 0.782024000000 
0.01700 0.703096000000 
0.01750 0.624170000000 
0.01800 0.563044000000 
0.01850 0.507180000000 
0.01900 0.451316000000 
0.01950 0.410018000000 
0.02000 0.370082000000 
0.02050 0.330484000000 
0.02100 0.301672000000 
0.02150 0.272860000000 
0.02200 0.244998000000 
0.02250 0.224038000000 
0.02300 0.203076000000 
0.02350 0.183171400000 
0.02400 0.167804400000 
0.02450 0.152437200000 
0.02500 0.138013800000 
0.02550 0.126667400000 
0.02600 0.115320800000 
0.02650 0.104733200000 
0.02700 0.096300200000 
0.02750 0.087867200000 
0.02800 0.080002200000 
0.02850 0.073696400000 
0.02900 0.067390400000 
0.02950 0.061484200000 
0.03000 0.056742000000 
0.03050 0.051999800000 
0.03100 0.047520000000 
0.03150 0.043935000000 
0.03200 0.040350000000 
0.03250 0.036921200000 
0.03300 0.034197600000 
0.03350 0.031474000000 
0.03400 0.028827600000 
0.03450 0.026749000000 
0.03500 0.024670400000 
0.03550 0.022612200000 
0.03600 0.021019000000 
0.03650 0.019425600000 
0.03700 0.017832300000 
0.03750 0.016587560000 
0.03800 0.015361320000 
0.03850 0.014135080000 
0.03900 0.013143600000 
0.03950 0.012196260000 
0.04000 0.011248920000 
0.04050 0.010454620000 
0.04100 0.009720100000 
0.04150 0.008985600000 
0.04200 0.008345900000 
0.04250 0.007774460000 
0.04300 0.007203040000 
0.04350 0.006685420000 
0.04400 0.006239420000 
0.04450 0.005793420000 
0.04500 0.005372780000 
0.04550 0.005023620000 
0.04600 0.004674460000 
0.04650 0.004331300000 
0.04700 0.004057140000 
0.04750 0.003783000000 
0.04800 0.003508840000 
0.04850 0.003286180000 
0.04900 0.003070340000 
0.04950 0.002854480000 
0.05000 0.002669160000 
0.05050 0.002498740000 
0.05100 0.002328340000 
0.05150 0.002173760000 
0.05200 0.002038880000 
0.05250 0.001904016000 
0.05300 0.001774812000 
0.05350 0.001667808000 
0.05400 0.001560802000 
0.05450 0.001453798000 
0.05500 0.001367528000 
0.05550 0.001282428000 
0.05600 0.001197330000 
0.05650 0.001123878000 
0.05700 0.001056048000 
0.05750 0.000988216000 
0.05800 0.000925668000 
0.05850 0.000871480000 
0.05900 0.000817294000 
0.05950 0.000764020000 
0.06000 0.000720640000 
0.06050 0.000677262000 
0.06100 0.000633882000 
0.06150 0.000597078000 
0.06200 0.000562278000 
0.06250 0.000527478000 
0.06300 0.000495634000 
0.06350 0.000467662000 
0.06400 0.000439688000 
0.06450 0.000412172000 
0.06500 0.000389642000 
0.06550 0.000367112000 
0.06600 0.000344582000 
0.06650 0.000325182000 
0.06700 0.000307000000 
0.06750 0.000288820000 
0.06800 0.000271822000 
0.06850 0.000257124000 
0.06900 0.000242424000 
0.06950 0.000227724000 
0.07000 0.000215666000 
0.07050 0.000203760000 
0.07100 0.000191854400 
0.07150 0.000181150400 
0.07200 0.000171489600 
0.07250 0.000161828600 
0.07300 0.000152367000 
0.07350 0.000144514000 
0.07400 0.000136661200 
0.07450 0.000128808200 
0.07500 0.000121932600 
0.07550 0.000115538200 
0.07600 0.000109143600 
0.07650 0.000103003000 
0.07700 0.000097787400 
0.07750 0.000092571600 
0.07800 0.000087355800 
0.07850 0.000082852000 
0.07900 0.000078590600 
0.07950 0.000074329200 
0.08000 0.000070270800 
0.08050 0.000066783400 
0.08100 0.000063296000 
0.08150 0.000059808400 
0.08200 0.000056801600 
0.08250 0.000053943000 
0.08300 0.000051084400 
0.08350 0.000048355000 
0.08400 0.000046008000 
0.08450 0.000043661000 
0.08500 0.000041314000 
0.08550 0.000039270400 
0.08600 0.000037340400 
0.08650 0.000035410600 
0.08700 0.000033545000 
0.08750 0.000031955400 
0.08800 0.000030366000 
0.08850 0.000028776600 
0.08900 0.000027364600 
0.08950 0.000026053600 
0.09000 0.000024742600 
0.09050 0.000023448200 
0.09100 0.000022365200 
0.09150 0.000021282200 
0.09200 0.000020199200 
0.09250 0.000019209220 
0.09300 0.000018313260 
0.09350 0.000017417320 
0.09400 0.000016521360 
0.09450 0.000015765040 
0.09500 0.000015022760 
0.09550 0.000014280500 
0.09600 0.000013577240 
0.09650 0.000012961400 
0.09700 0.000012345560 
0.09750 0.000011729720 
0.09800 0.000011186520 
0.09850 0.000010674860 
0.09900 0.000010163220 
0.09950 0.000009658000 
0.10000 0.000009232320 
0.10050 0.000008806660 
0.10100 0.000008380980 
0.10150 0.000007986700 
0.10200 0.000007632080 
0.10250 0.000007277460 
0.10300 0.000006922840 
0.10350 0.000006615180 
0.10400 0.000006319360 
0.10450 0.000006023540 
0.10500 0.000005734820 
0.10550 0.000005487740 
0.10600 0.000005240640 
0.10650 0.000004993560 
0.10700 0.000004766000 
0.10750 0.000004559360 
0.10800 0.000004352720 
0.10850 0.000004146080 
0.10900 0.000003966660 
0.10950 0.000003793640 
0.11000 0.000003620600 
0.11050 0.000003451180 
0.11100 0.000003306120 
0.11150 0.000003161060 
0.11200 0.000003016000 
0.11250 0.000002881160 
0.11300 0.000002759400 
0.11350 0.000002637640 
0.11400 0.000002515900 
0.11450 0.000002408520 
0.11500 0.000002306200 
0.11550 0.000002203900 
0.11600 0.000002102100 
0.11650 0.000002016040 
0.11700 0.000001929978 
0.11750 0.000001843916 
0.11800 0.000001762138 
0.11850 0.000001689662 
0.11900 0.000001617186 
0.11950 0.000001544712 
0.12000 0.000001478962 
0.12050 0.000001417866 
0.12100 0.000001356770 
0.12150 0.000001295672 
0.12200 0.000001242768 
0.12250 0.000001191212 
0.12300 0.000001139656 
0.12350 0.000001089048 
0.12400 0.000001045500 
0.12450 0.000001001950 
0.12500 0.000000958402 
0.12550 0.000000917344 
0.12600 0.000000880526 
0.12650 0.000000843708 
0.12700 0.000000806890 
0.12750 0.000000773546 
0.12800 0.000000742390 
0.12850 0.000000711232 
0.12900 0.000000680076 
0.12950 0.000000652970 
0.13000 0.000000626582 
0.13050 0.000000600194 
0.13100 0.000000574114 
0.13150 0.000000551746 
0.13200 0.000000529378 
0.13250 0.000000507012 
0.13300 0.000000485646 
0.13350 0.000000466672 
0.13400 0.000000447696 
0.13450 0.000000428722 
0.13500 0.000000411198 
0.13550 0.000000395090 
0.13600 0.000000378980 
0.13650 0.000000362872 
0.13700 0.000000348480 
0.13750 0.000000334794 
0.13800 0.000000321110 
0.13850 0.000000307424 
0.13900 0.000000295588 
0.13950 0.000000283954 
0.14000 0.000000272320 
0.14050 0.000000260834 
0.14100 0.000000250938 
0.14150 0.000000241040 
0.14200 0.000000231144 
0.14250 0.000000221632 
0.14300 0.000000213208 
0.14350 0.000000204784 
0.14400 0.000000196359 
0.14450 0.000000188468 
0.14500 0.000000181293 
0.14550 0.000000174119 
0.14600 0.000000166944 
0.14650 0.000000160386 
0.14700 0.000000154273 
0.14750 0.000000148159 
0.14800 0.000000142046 
0.14850 0.000000136587 
0.14900 0.000000131375 
0.14950 0.000000126163 
0.15000 0.000000120952 
0.15050 0.000000116399 
0.15100 0.000000111954 
0.15150 0.000000107509 
0.15200 0.000000103064 
0.15250 0.000000099260 
0.15300 0.000000095467 
0.15350 0.000000091674 
0.15400 0.000000087933 
0.15450 0.000000084696 
0.15500 0.000000081459 
0.15550 0.000000078222 
0.15600 0.000000075075 
0.15650 0.000000072311 
0.15700 0.000000069547 
0.15750 0.000000066783 
0.15800 0.000000064131 
0.15850 0.000000061770 
0.15900 0.000000059409 
0.15950 0.000000057047 
0.16000 0.000000054807 
0.16050 0.000000052790 
0.16100 0.000000050773 
0.16150 0.000000048756 
0.16200 0.000000046859 
0.16250 0.000000045135 
0.16300 0.000000043412 
0.16350 0.000000041688 
0.16400 0.000000040079 
0.16450 0.000000038605 
0.16500 0.000000037132 
0.16550 0.000000035658 
0.16600 0.000000034290 
0.16650 0.000000033030 
0.16700 0.000000031771 
0.16750 0.000000030512 
0.16800 0.000000029345 
0.16850 0.000000028268 
0.16900 0.000000027190 
0.16950 0.000000026113 
0.17000 0.000000025116 
0.17050 0.000000024195 
0.17100 0.000000023274 
0.17150 0.000000022353 
0.17200 0.000000021499 
0.17250 0.000000020711 
0.17300 0.000000019923 
0.17350 0.000000019136 
0.17400 0.000000018402 
0.17450 0.000000017728 
0.17500 0.000000017054 
0.17550 0.000000016380 
0.17600 0.000000015749 
0.17650 0.000000015172 
0.17700 0.000000014596 
0.17750 0.000000014020 
0.17800 0.000000013475 
0.17850 0.000000012983 
0.17900 0.000000012490 
0.17950 0.000000011997 
0.18000 0.000000011526 
0.18050 0.000000011104 
0.18100 0.000000010682 
0.18150 0.000000010261 
0.18200 0.000000009853 
0.18250 0.000000009492 
0.18300 0.000000009131 
0.18350 0.000000008770 
0.18400 0.000000008416 
0.18450 0.000000008108 
0.18500 0.000000007800 
0.18550 0.000000007491 
0.18600 0.000000007183 
0.18650 0.000000006920 
0.18700 0.000000006656 
0.18750 0.000000006392 
0.18800 0.000000006128 
0.18850 0.000000005899 
0.18900 0.000000005673 
0.18950 0.000000005448 
0.19000 0.000000005222 
0.19050 0.000000005021 
0.19100 0.000000004829 
0.19150 0.000000004636 
0.19200 0.000000004443 
0.19250 0.000000004267 
0.19300 0.000000004102 
0.19350 0.000000003937 
0.19400 0.000000003773 
0.19450 0.000000003619 
0.19500 0.000000003478 
0.19550 0.000000003337 
0.19600 0.000000003196 
0.19650 0.000000003062 
0.19700 0.000000002942 
0.19750 0.000000002821 
0.19800 0.000000002701 
0.19850 0.000000002583 
0.19900 0.000000002480 
0.19950 0.000000002378 
0.20000 0.000000002275 
0.20050 0.000000002172 
0.20100 0.000000002084 
0.20150 0.000000001997 
0.20200 0.000000001909 
0.20250 0.000000001821 
0.20300 0.000000001744 
0.20350 0.000000001670 
0.20400 0.000000001595 
0.20450 0.000000001520 
0.20500 0.000000001453 
0.20550 0.000000001389 
0.20600 0.000000001325 
0.20650 0.000000001262 
0.20700 0.000000001203 
0.20750 0.000000001149 
0.20800 0.000000001095 
0.20850 0.000000001041 
0.20900 0.000000000989 
0.20950 0.000000000943 
0.21000 0.000000000897 
0.21050 0.000000000851 
0.21100 0.000000000807 
0.21150 0.000000000768 
0.21200 0.000000000729 
0.21250 0.000000000690 
0.21300 0.000000000651 
0.21350 0.000000000618 
0.21400 0.000000000585 
0.21450 0.000000000552 
0.21500 0.000000000520 
0.21550 0.000000000492 
0.21600 0.000000000464 
0.21650 0.000000000436 
0.21700 0.000000000408 
0.21750 0.000000000385 
0.21800 0.000000000361 
0.21850 0.000000000338 
0.21900 0.000000000315 
0.21950 0.000000000295 
0.22000 0.000000000276 
0.22050 0.000000000256 
0.22100 0.000000000237 
0.22150 0.000000000220 
0.22200 0.000000000204 
0.22250 0.000000000188 
0.22300 0.000000000172 
0.22350 0.000000000159 
0.22400 0.000000000145 
0.22450 0.000000000132 
0.22500 0.000000000120 
0.22550 0.000000000109 
0.22600 0.000000000098 
0.22650 0.000000000087 
0.22700 0.000000000078 
0.22750 0.000000000069 
0.22800 0.000000000061 
0.22850 0.000000000052 
0.22900 0.000000000046 
0.22950 0.000000000039 
0.23000 0.000000000033 
0.23050 0.000000000027 
0.23100 0.000000000022 
0.23150 0.000000000018 
0.23200 0.000000000013 
0.23250 0.000000000010 
0.23300 0.000000000007 
0.23350 0.000000000005 
