0.00000 132.601000000000 
0.00050 119.952800000000 
0.00100 107.304600000000 
0.00150 94.656400000000 
0.00200 82.008200000000 
0.00250 72.858400000000 
0.00300 64.752200000000 
0.00350 57.983200000000 
0.00400 52.451200000000 
0.00450 47.220600000000 
0.00500 43.284600000000 
0.00550 39.348400000000 
0.00600 36.234600000000 
0.00650 33.345600000000 
0.00700 30.682000000000 
0.00750 28.508600000000 
0.00800 26.335200000000 
0.00850 24.557800000000 
0.00900 22.889200000000 
0.00950 21.293200000000 
0.01000 19.990160000000 
0.01050 18.687100000000 
0.01100 17.536160000000 
0.01150 16.503500000000 
0.01200 15.470840000000 
0.01250 14.617720000000 
0.01300 13.788860000000 
0.01350 12.984580000000 
0.01400 12.311820000000 
0.01450 11.639040000000 
0.01500 11.014280000000 
0.01550 10.462760000000 
0.01600 9.911240000000 
0.01650 9.416940000000 
0.01700 8.960780000000 
0.01750 8.504640000000 
0.01800 8.107080000000 
0.01850 7.726820000000 
0.01900 7.346580000000 
0.01950 7.022100000000 
0.02000 6.702840000000 
0.02050 6.385080000000 
0.02100 6.115300000000 
0.02150 5.845520000000 
0.02200 5.580640000000 
0.02250 5.351340000000 
0.02300 5.122040000000 
0.02350 4.899040000000 
0.02400 4.703100000000 
0.02450 4.507160000000 
0.02500 4.317740000000 
0.02550 4.149500000000 
0.02600 3.981260000000 
0.02650 3.819060000000 
0.02700 3.673980000000 
0.02750 3.528880000000 
0.02800 3.389000000000 
0.02850 3.263360000000 
0.02900 3.137740000000 
0.02950 3.016320000000 
0.03000 2.907120000000 
0.03050 2.797940000000 
0.03100 2.691920000000 
0.03150 2.596720000000 
0.03200 2.501500000000 
0.03250 2.408440000000 
0.03300 2.325160000000 
0.03350 2.241880000000 
0.03400 2.159820000000 
0.03450 2.086740000000 
0.03500 2.013680000000 
0.03550 1.940992000000 
0.03600 1.876730000000 
0.03650 1.812466000000 
0.03700 1.748204000000 
0.03750 1.691162000000 
0.03800 1.634502000000 
0.03850 1.577842000000 
0.03900 1.526730000000 
0.03950 1.476662000000 
0.04000 1.426594000000 
0.04050 1.380650000000 
0.04100 1.336318000000 
0.04150 1.291984000000 
0.04200 1.250558000000 
0.04250 1.211226000000 
0.04300 1.171894000000 
0.04350 1.134438000000 
0.04400 1.099484000000 
0.04450 1.064528000000 
0.04500 1.030578000000 
0.04550 0.999458000000 
0.04600 0.968340000000 
0.04650 0.937492000000 
0.04700 0.909746000000 
0.04750 0.882002000000 
0.04800 0.854256000000 
0.04850 0.829136000000 
0.04900 0.804362000000 
0.04950 0.779590000000 
0.05000 0.756578000000 
0.05050 0.734428000000 
0.05100 0.712280000000 
0.05150 0.691162000000 
0.05200 0.671336000000 
0.05250 0.651508000000 
0.05300 0.632098000000 
0.05350 0.614324000000 
0.05400 0.596552000000 
0.05450 0.578780000000 
0.05500 0.562736000000 
0.05550 0.546788000000 
0.05600 0.530842000000 
0.05650 0.515988000000 
0.05700 0.501662000000 
0.05750 0.487338000000 
0.05800 0.473572000000 
0.05850 0.460690000000 
0.05900 0.447808000000 
0.05950 0.435036000000 
0.06000 0.423442000000 
0.06050 0.411848000000 
0.06100 0.400254000000 
0.06150 0.389538000000 
0.06200 0.379092000000 
0.06250 0.368644000000 
0.06300 0.358642000000 
0.06350 0.349222000000 
0.06400 0.339802000000 
0.06450 0.330460000000 
0.06500 0.321956000000 
0.06550 0.313454000000 
0.06600 0.304952000000 
0.06650 0.297040000000 
0.06700 0.289358000000 
0.06750 0.281678000000 
0.06800 0.274246000000 
0.06850 0.267302000000 
0.06900 0.260356000000 
0.06950 0.253412000000 
0.07000 0.247090000000 
0.07050 0.240806000000 
0.07100 0.234522000000 
0.07150 0.228554000000 
0.07200 0.222864000000 
0.07250 0.217172000000 
0.07300 0.211540000000 
0.07350 0.206382000000 
0.07400 0.201222000000 
0.07450 0.196064800000 
0.07500 0.191227600000 
0.07550 0.186548800000 
0.07600 0.181870000000 
0.07650 0.177284000000 
0.07700 0.173036800000 
0.07750 0.168789400000 
0.07800 0.164542200000 
0.07850 0.160585000000 
0.07900 0.156726600000 
0.07950 0.152868000000 
0.08000 0.149101600000 
0.08050 0.145593800000 
0.08100 0.142086200000 
0.08150 0.138578400000 
0.08200 0.135312200000 
0.08250 0.132120400000 
0.08300 0.128928600000 
0.08350 0.125809200000 
0.08400 0.122903200000 
0.08450 0.119997200000 
0.08500 0.117091200000 
0.08550 0.114373000000 
0.08600 0.111724800000 
0.08650 0.109076800000 
0.08700 0.106473000000 
0.08750 0.104059000000 
0.08800 0.101645000000 
0.08850 0.099231200000 
0.08900 0.096951400000 
0.08950 0.094748200000 
0.09000 0.092545000000 
0.09050 0.090355800000 
0.09100 0.088344000000 
0.09150 0.086332400000 
0.09200 0.084320800000 
0.09250 0.082395400000 
0.09300 0.080557000000 
0.09350 0.078718600000 
0.09400 0.076880400000 
0.09450 0.075185200000 
0.09500 0.073504600000 
0.09550 0.071824000000 
0.09600 0.070187200000 
0.09650 0.068648800000 
0.09700 0.067110600000 
0.09750 0.065572200000 
0.09800 0.064124600000 
0.09850 0.062716400000 
0.09900 0.061308200000 
0.09950 0.059908800000 
0.10000 0.058618400000 
0.10050 0.057328000000 
0.10100 0.056037800000 
0.10150 0.054794800000 
0.10200 0.053611800000 
0.10250 0.052428800000 
0.10300 0.051245800000 
0.10350 0.050140800000 
0.10400 0.049055400000 
0.10450 0.047970200000 
0.10500 0.046897800000 
0.10550 0.045901600000 
0.10600 0.044905200000 
0.10650 0.043909000000 
0.10700 0.042952000000 
0.10750 0.042036800000 
0.10800 0.041121800000 
0.10850 0.040206800000 
0.10900 0.039351800000 
0.10950 0.038510800000 
0.11000 0.037670000000 
0.11050 0.036837800000 
0.11100 0.036064200000 
0.11150 0.035290800000 
0.11200 0.034517200000 
0.11250 0.033771000000 
0.11300 0.033059600000 
0.11350 0.032348400000 
0.11400 0.031637200000 
0.11450 0.030967400000 
0.11500 0.030312600000 
0.11550 0.029657600000 
0.11600 0.029004400000 
0.11650 0.028401200000 
0.11700 0.027798200000 
0.11750 0.027195200000 
0.11800 0.026607000000 
0.11850 0.026051200000 
0.11900 0.025495400000 
0.11950 0.024939600000 
0.12000 0.024409800000 
0.12050 0.023897800000 
0.12100 0.023386000000 
0.12150 0.022874000000 
0.12200 0.022396200000 
0.12250 0.021924200000 
0.12300 0.021452000000 
0.12350 0.020984200000 
0.12400 0.020548400000 
0.12450 0.020112800000 
0.12500 0.019677200000 
0.12550 0.019254080000 
0.12600 0.018852240000 
0.12650 0.018450400000 
0.12700 0.018048560000 
0.12750 0.017665820000 
0.12800 0.017295080000 
0.12850 0.016924360000 
0.12900 0.016553620000 
0.12950 0.016207000000 
0.13000 0.015864680000 
0.13050 0.015522340000 
0.13100 0.015182040000 
0.13150 0.014866100000 
0.13200 0.014550160000 
0.13250 0.014234220000 
0.13300 0.013925420000 
0.13350 0.013633600000 
0.13400 0.013341780000 
0.13450 0.013049960000 
0.13500 0.012769400000 
0.13550 0.012499840000 
0.13600 0.012230260000 
0.13650 0.011960700000 
0.13700 0.011705820000 
0.13750 0.011457000000 
0.13800 0.011208180000 
0.13850 0.010959360000 
0.13900 0.010727640000 
0.13950 0.010497780000 
0.14000 0.010267920000 
0.14050 0.010039600000 
0.14100 0.009827460000 
0.14150 0.009615320000 
0.14200 0.009403200000 
0.14250 0.009195280000 
0.14300 0.008999360000 
0.14350 0.008803440000 
0.14400 0.008607520000 
0.14450 0.008417980000 
0.14500 0.008237060000 
0.14550 0.008056140000 
0.14600 0.007875220000 
0.14650 0.007702360000 
0.14700 0.007535340000 
0.14750 0.007368300000 
0.14800 0.007201280000 
0.14850 0.007043700000 
0.14900 0.006889680000 
0.14950 0.006735680000 
0.15000 0.006581680000 
0.15050 0.006437900000 
0.15100 0.006295820000 
0.15150 0.006153720000 
0.15200 0.006011640000 
0.15250 0.005880380000 
0.15300 0.005749340000 
0.15350 0.005618280000 
0.15400 0.005488200000 
0.15450 0.005367520000 
0.15500 0.005246840000 
0.15550 0.005126180000 
0.15600 0.005007320000 
0.15650 0.004896120000 
0.15700 0.004784940000 
0.15750 0.004673740000 
0.15800 0.004564960000 
0.15850 0.004462440000 
0.15900 0.004359920000 
0.15950 0.004257380000 
0.16000 0.004157780000 
0.16050 0.004063540000 
0.16100 0.003969300000 
0.16150 0.003875060000 
0.16200 0.003783940000 
0.16250 0.003697260000 
0.16300 0.003610600000 
0.16350 0.003523920000 
0.16400 0.003440440000 
0.16450 0.003360780000 
0.16500 0.003281120000 
0.16550 0.003201460000 
0.16600 0.003125040000 
0.16650 0.003051980000 
0.16700 0.002978920000 
0.16750 0.002905880000 
0.16800 0.002835820000 
0.16850 0.002768680000 
0.16900 0.002701520000 
0.16950 0.002634380000 
0.17000 0.002570140000 
0.17050 0.002508680000 
0.17100 0.002447200000 
0.17150 0.002385740000 
0.17200 0.002326800000 
0.17250 0.002270400000 
0.17300 0.002214000000 
0.17350 0.002157580000 
0.17400 0.002103460000 
0.17450 0.002051820000 
0.17500 0.002000200000 
0.17550 0.001948578000 
0.17600 0.001898906000 
0.17650 0.001851790000 
0.17700 0.001804672000 
0.17750 0.001757554000 
0.17800 0.001711978000 
0.17850 0.001668938000 
0.17900 0.001625898000 
0.17950 0.001582860000 
0.18000 0.001540954000 
0.18050 0.001501604000 
0.18100 0.001462254000 
0.18150 0.001422902000 
0.18200 0.001384330000 
0.18250 0.001348462000 
0.18300 0.001312594000 
0.18350 0.001276726000 
0.18400 0.001241272000 
0.18450 0.001208684000 
0.18500 0.001176098000 
0.18550 0.001143510000 
0.18600 0.001110966000 
0.18650 0.001081266000 
0.18700 0.001051564000 
0.18750 0.001021862000 
0.18800 0.000992162000 
0.18850 0.000964944000 
0.18900 0.000938028000 
0.18950 0.000911112000 
0.19000 0.000884196000 
0.19050 0.000859130000 
0.19100 0.000834652000 
0.19150 0.000810176000 
0.19200 0.000785698000 
0.19250 0.000762634000 
0.19300 0.000740458000 
0.19350 0.000718282000 
0.19400 0.000696106000 
0.19450 0.000674906000 
0.19500 0.000654842000 
0.19550 0.000634778000 
0.19600 0.000614714000 
0.19650 0.000595238000 
0.19700 0.000577110000 
0.19750 0.000558984000 
0.19800 0.000540856000 
0.19850 0.000522980000 
0.19900 0.000506626000 
0.19950 0.000490274000 
0.20000 0.000473920000 
0.20050 0.000457568000 
0.20100 0.000442760000 
0.20150 0.000427990000 
0.20200 0.000413218000 
0.20250 0.000398446000 
0.20300 0.000384922000 
0.20350 0.000371684000 
0.20400 0.000358444000 
0.20450 0.000345204000 
0.20500 0.000332830000 
0.20550 0.000320912000 
0.20600 0.000308996000 
0.20650 0.000297078000 
0.20700 0.000285804000 
0.20750 0.000275168000 
0.20800 0.000264534000 
0.20850 0.000253898000 
0.20900 0.000243662000 
0.20950 0.000234128000 
0.21000 0.000224596000 
0.21050 0.000215064000 
0.21100 0.000205770000 
0.21150 0.000197250000 
0.21200 0.000188729600 
0.21250 0.000180209200 
0.21300 0.000171820000 
0.21350 0.000164285600 
0.21400 0.000156751200 
0.21450 0.000149216800 
0.21500 0.000141729200 
0.21550 0.000135042600 
0.21600 0.000128356000 
0.21650 0.000121669600 
0.21700 0.000114990800 
0.21750 0.000109133400 
0.21800 0.000103276000 
0.21850 0.000097418400 
0.21900 0.000091562800 
0.21950 0.000086422000 
0.22000 0.000081281400 
0.22050 0.000076140800 
0.22100 0.000071027600 
0.22150 0.000066555200 
0.22200 0.000062082800 
0.22250 0.000057610600 
0.22300 0.000053226400 
0.22350 0.000049414800 
0.22400 0.000045603400 
0.22450 0.000041791800 
0.22500 0.000038149600 
0.22550 0.000034925600 
0.22600 0.000031701800 
0.22650 0.000028477800 
0.22700 0.000025551200 
0.22750 0.000022905800 
0.22800 0.000020260200 
0.22850 0.000017614560 
0.22900 0.000015430420 
0.22950 0.000013346440 
0.23000 0.000011262460 
0.23050 0.000009300900 
0.23100 0.000007769380 
0.23150 0.000006237880 
0.23200 0.000004706380 
0.23250 0.000003595980 
0.23300 0.000002644760 
0.23350 0.000001693530 
