0.00000 130.527200000000 
0.00050 118.056600000000 
0.00100 105.586000000000 
0.00150 93.115600000000 
0.00200 80.645000000000 
0.00250 71.629000000000 
0.00300 63.643600000000 
0.00350 56.977600000000 
0.00400 51.531400000000 
0.00450 46.382400000000 
0.00500 42.509600000000 
0.00550 38.636800000000 
0.00600 35.573800000000 
0.00650 32.732400000000 
0.00700 30.113000000000 
0.00750 27.976200000000 
0.00800 25.839600000000 
0.00850 24.092600000000 
0.00900 22.452800000000 
0.00950 20.884400000000 
0.01000 19.604220000000 
0.01050 18.324040000000 
0.01100 17.193500000000 
0.01150 16.179300000000 
0.01200 15.165100000000 
0.01250 14.327420000000 
0.01300 13.513620000000 
0.01350 12.723980000000 
0.01400 12.063600000000 
0.01450 11.403240000000 
0.01500 10.790060000000 
0.01550 10.248860000000 
0.01600 9.707640000000 
0.01650 9.222660000000 
0.01700 8.775160000000 
0.01750 8.327680000000 
0.01800 7.937720000000 
0.01850 7.564760000000 
0.01900 7.191820000000 
0.01950 6.873660000000 
0.02000 6.560600000000 
0.02050 6.249020000000 
0.02100 5.984560000000 
0.02150 5.720100000000 
0.02200 5.460440000000 
0.02250 5.235700000000 
0.02300 5.010960000000 
0.02350 4.792400000000 
0.02400 4.600420000000 
0.02450 4.408420000000 
0.02500 4.222820000000 
0.02550 4.058000000000 
0.02600 3.893200000000 
0.02650 3.734300000000 
0.02700 3.592200000000 
0.02750 3.450100000000 
0.02800 3.313080000000 
0.02850 3.190060000000 
0.02900 3.067040000000 
0.02950 2.948160000000 
0.03000 2.841260000000 
0.03050 2.734360000000 
0.03100 2.630580000000 
0.03150 2.537380000000 
0.03200 2.444180000000 
0.03250 2.353100000000 
0.03300 2.271600000000 
0.03350 2.190100000000 
0.03400 2.109780000000 
0.03450 2.038300000000 
0.03500 1.966810000000 
0.03550 1.895688000000 
0.03600 1.832824000000 
0.03650 1.769960000000 
0.03700 1.707096000000 
0.03750 1.651304000000 
0.03800 1.595888000000 
0.03850 1.540472000000 
0.03900 1.490490000000 
0.03950 1.441532000000 
0.04000 1.392572000000 
0.04050 1.347650000000 
0.04100 1.304306000000 
0.04150 1.260962000000 
0.04200 1.220466000000 
0.04250 1.182018000000 
0.04300 1.143570000000 
0.04350 1.106960000000 
0.04400 1.072798000000 
0.04450 1.038634000000 
0.04500 1.005454000000 
0.04550 0.975048000000 
0.04600 0.944640000000 
0.04650 0.914496000000 
0.04700 0.887388000000 
0.04750 0.860282000000 
0.04800 0.833176000000 
0.04850 0.808638000000 
0.04900 0.784438000000 
0.04950 0.760240000000 
0.05000 0.737764000000 
0.05050 0.716132000000 
0.05100 0.694500000000 
0.05150 0.673878000000 
0.05200 0.654516000000 
0.05250 0.635154000000 
0.05300 0.616200000000 
0.05350 0.598850000000 
0.05400 0.581498000000 
0.05450 0.564146000000 
0.05500 0.548484000000 
0.05550 0.532916000000 
0.05600 0.517350000000 
0.05650 0.502852000000 
0.05700 0.488870000000 
0.05750 0.474888000000 
0.05800 0.461452000000 
0.05850 0.448882000000 
0.05900 0.436312000000 
0.05950 0.423848000000 
0.06000 0.412536000000 
0.06050 0.401222000000 
0.06100 0.389910000000 
0.06150 0.379456000000 
0.06200 0.369264000000 
0.06250 0.359074000000 
0.06300 0.349316000000 
0.06350 0.340128000000 
0.06400 0.330940000000 
0.06450 0.321826000000 
0.06500 0.313534000000 
0.06550 0.305242000000 
0.06600 0.296948000000 
0.06650 0.289234000000 
0.06700 0.281744000000 
0.06750 0.274254000000 
0.06800 0.267008000000 
0.06850 0.260236000000 
0.06900 0.253466000000 
0.06950 0.246694000000 
0.07000 0.240532000000 
0.07050 0.234406000000 
0.07100 0.228278000000 
0.07150 0.222462000000 
0.07200 0.216914000000 
0.07250 0.211368000000 
0.07300 0.205878000000 
0.07350 0.200850000000 
0.07400 0.195823400000 
0.07450 0.190796400000 
0.07500 0.186082800000 
0.07550 0.181523400000 
0.07600 0.176964200000 
0.07650 0.172495600000 
0.07700 0.168357400000 
0.07750 0.164219200000 
0.07800 0.160081000000 
0.07850 0.156225800000 
0.07900 0.152467000000 
0.07950 0.148708200000 
0.08000 0.145039200000 
0.08050 0.141622400000 
0.08100 0.138205800000 
0.08150 0.134789000000 
0.08200 0.131607800000 
0.08250 0.128499400000 
0.08300 0.125390800000 
0.08350 0.122352800000 
0.08400 0.119523000000 
0.08450 0.116693000000 
0.08500 0.113863200000 
0.08550 0.111216400000 
0.08600 0.108638000000 
0.08650 0.106059800000 
0.08700 0.103524600000 
0.08750 0.101174400000 
0.08800 0.098824200000 
0.08850 0.096474200000 
0.08900 0.094255000000 
0.08950 0.092110200000 
0.09000 0.089965600000 
0.09050 0.087834600000 
0.09100 0.085876600000 
0.09150 0.083918600000 
0.09200 0.081960600000 
0.09250 0.080086600000 
0.09300 0.078297600000 
0.09350 0.076508600000 
0.09400 0.074719600000 
0.09450 0.073070000000 
0.09500 0.071434600000 
0.09550 0.069799200000 
0.09600 0.068206600000 
0.09650 0.066709800000 
0.09700 0.065213200000 
0.09750 0.063716400000 
0.09800 0.062308000000 
0.09850 0.060938000000 
0.09900 0.059568000000 
0.09950 0.058206600000 
0.10000 0.056951400000 
0.10050 0.055696400000 
0.10100 0.054441200000 
0.10150 0.053232200000 
0.10200 0.052081600000 
0.10250 0.050931000000 
0.10300 0.049780400000 
0.10350 0.048705600000 
0.10400 0.047650200000 
0.10450 0.046594800000 
0.10500 0.045551800000 
0.10550 0.044583000000 
0.10600 0.043614200000 
0.10650 0.042645600000 
0.10700 0.041714800000 
0.10750 0.040825200000 
0.10800 0.039935600000 
0.10850 0.039045800000 
0.10900 0.038214600000 
0.10950 0.037397000000 
0.11000 0.036579600000 
0.11050 0.035770400000 
0.11100 0.035018600000 
0.11150 0.034266600000 
0.11200 0.033514600000 
0.11250 0.032789400000 
0.11300 0.032098000000 
0.11350 0.031406600000 
0.11400 0.030715200000 
0.11450 0.030064400000 
0.11500 0.029428000000 
0.11550 0.028791400000 
0.11600 0.028156400000 
0.11650 0.027570400000 
0.11700 0.026984400000 
0.11750 0.026398400000 
0.11800 0.025826800000 
0.11850 0.025286800000 
0.11900 0.024746800000 
0.11950 0.024206600000 
0.12000 0.023691800000 
0.12050 0.023194600000 
0.12100 0.022697200000 
0.12150 0.022199800000 
0.12200 0.021735600000 
0.12250 0.021277000000 
0.12300 0.020818200000 
0.12350 0.020363800000 
0.12400 0.019940580000 
0.12450 0.019517420000 
0.12500 0.019094240000 
0.12550 0.018683240000 
0.12600 0.018292940000 
0.12650 0.017902640000 
0.12700 0.017512360000 
0.12750 0.017140620000 
0.12800 0.016780560000 
0.12850 0.016420500000 
0.12900 0.016060460000 
0.12950 0.015723860000 
0.13000 0.015391420000 
0.13050 0.015059000000 
0.13100 0.014728520000 
0.13150 0.014421740000 
0.13200 0.014114980000 
0.13250 0.013808200000 
0.13300 0.013508360000 
0.13350 0.013225020000 
0.13400 0.012941680000 
0.13450 0.012658360000 
0.13500 0.012385980000 
0.13550 0.012124280000 
0.13600 0.011862580000 
0.13650 0.011600880000 
0.13700 0.011353460000 
0.13750 0.011111920000 
0.13800 0.010870380000 
0.13850 0.010628840000 
0.13900 0.010403920000 
0.13950 0.010180820000 
0.14000 0.009957720000 
0.14050 0.009736100000 
0.14100 0.009530200000 
0.14150 0.009324320000 
0.14200 0.009118440000 
0.14250 0.008916660000 
0.14300 0.008726520000 
0.14350 0.008536380000 
0.14400 0.008346240000 
0.14450 0.008162320000 
0.14500 0.007986760000 
0.14550 0.007811200000 
0.14600 0.007635620000 
0.14650 0.007467900000 
0.14700 0.007305840000 
0.14750 0.007143780000 
0.14800 0.006981700000 
0.14850 0.006828820000 
0.14900 0.006679400000 
0.14950 0.006529980000 
0.15000 0.006380560000 
0.15050 0.006241080000 
0.15100 0.006103240000 
0.15150 0.005965400000 
0.15200 0.005827540000 
0.15250 0.005700220000 
0.15300 0.005573100000 
0.15350 0.005445980000 
0.15400 0.005319780000 
0.15450 0.005202740000 
0.15500 0.005085680000 
0.15550 0.004968640000 
0.15600 0.004853360000 
0.15650 0.004745520000 
0.15700 0.004637680000 
0.15750 0.004529840000 
0.15800 0.004424320000 
0.15850 0.004324900000 
0.15900 0.004225460000 
0.15950 0.004126040000 
0.16000 0.004029440000 
0.16050 0.003938060000 
0.16100 0.003846660000 
0.16150 0.003755280000 
0.16200 0.003666920000 
0.16250 0.003582880000 
0.16300 0.003498840000 
0.16350 0.003414780000 
0.16400 0.003333860000 
0.16450 0.003256620000 
0.16500 0.003179380000 
0.16550 0.003102140000 
0.16600 0.003028040000 
0.16650 0.002957220000 
0.16700 0.002886380000 
0.16750 0.002815560000 
0.16800 0.002747640000 
0.16850 0.002682560000 
0.16900 0.002617460000 
0.16950 0.002552360000 
0.17000 0.002490100000 
0.17050 0.002430500000 
0.17100 0.002370920000 
0.17150 0.002311340000 
0.17200 0.002254220000 
0.17250 0.002199540000 
0.17300 0.002144860000 
0.17350 0.002090200000 
0.17400 0.002037720000 
0.17450 0.001987684000 
0.17500 0.001937648000 
0.17550 0.001887614000 
0.17600 0.001839472000 
0.17650 0.001793808000 
0.17700 0.001748144000 
0.17750 0.001702480000 
0.17800 0.001658308000 
0.17850 0.001616600000 
0.17900 0.001574890000 
0.17950 0.001533182000 
0.18000 0.001492574000 
0.18050 0.001454442000 
0.18100 0.001416310000 
0.18150 0.001378178000 
0.18200 0.001340802000 
0.18250 0.001306046000 
0.18300 0.001271292000 
0.18350 0.001236538000 
0.18400 0.001202184000 
0.18450 0.001170610000 
0.18500 0.001139036000 
0.18550 0.001107464000 
0.18600 0.001075932000 
0.18650 0.001047156000 
0.18700 0.001018380000 
0.18750 0.000989604000 
0.18800 0.000960830000 
0.18850 0.000934462000 
0.18900 0.000908386000 
0.18950 0.000882312000 
0.19000 0.000856236000 
0.19050 0.000831952000 
0.19100 0.000808242000 
0.19150 0.000784530000 
0.19200 0.000760818000 
0.19250 0.000738478000 
0.19300 0.000716998000 
0.19350 0.000695516000 
0.19400 0.000674034000 
0.19450 0.000653500000 
0.19500 0.000634066000 
0.19550 0.000614632000 
0.19600 0.000595198000 
0.19650 0.000576336000 
0.19700 0.000558778000 
0.19750 0.000541220000 
0.19800 0.000523664000 
0.19850 0.000506350000 
0.19900 0.000490514000 
0.19950 0.000474676000 
0.20000 0.000458838000 
0.20050 0.000443000000 
0.20100 0.000428662000 
0.20150 0.000414356000 
0.20200 0.000400052000 
0.20250 0.000385746000 
0.20300 0.000372650000 
0.20350 0.000359830000 
0.20400 0.000347010000 
0.20450 0.000334188000 
0.20500 0.000322206000 
0.20550 0.000310666000 
0.20600 0.000299126000 
0.20650 0.000287586000 
0.20700 0.000276670000 
0.20750 0.000266372000 
0.20800 0.000256074000 
0.20850 0.000245778000 
0.20900 0.000235866000 
0.20950 0.000226636000 
0.21000 0.000217406000 
0.21050 0.000208176000 
0.21100 0.000199179600 
0.21150 0.000190930400 
0.21200 0.000182681400 
0.21250 0.000174432400 
0.21300 0.000166310400 
0.21350 0.000159016400 
0.21400 0.000151722200 
0.21450 0.000144428200 
0.21500 0.000137179400 
0.21550 0.000130706600 
0.21600 0.000124233800 
0.21650 0.000117760800 
0.21700 0.000111295600 
0.21750 0.000105625600 
0.21800 0.000099955600 
0.21850 0.000094285400 
0.21900 0.000088617200 
0.21950 0.000083641200 
0.22000 0.000078665400 
0.22050 0.000073689400 
0.22100 0.000068740200 
0.22150 0.000064411400 
0.22200 0.000060082600 
0.22250 0.000055753800 
0.22300 0.000051510600 
0.22350 0.000047821600 
0.22400 0.000044132600 
0.22450 0.000040443600 
0.22500 0.000036918400 
0.22550 0.000033798400 
0.22600 0.000030678200 
0.22650 0.000027558200 
0.22700 0.000024725800 
0.22750 0.000022165600 
0.22800 0.000019605360 
0.22850 0.000017045080 
0.22900 0.000014931440 
0.22950 0.000012914760 
0.23000 0.000010898080 
0.23050 0.000008999880 
0.23100 0.000007517900 
0.23150 0.000006035920 
0.23200 0.000004553940 
0.23250 0.000003479480 
0.23300 0.000002559060 
0.23350 0.000001638646 
