0.00000 128.400800000000 
0.00050 116.112400000000 
0.00100 103.823800000000 
0.00150 91.535200000000 
0.00200 79.246600000000 
0.00250 70.367400000000 
0.00300 62.505000000000 
0.00350 55.943600000000 
0.00400 50.585000000000 
0.00450 45.519200000000 
0.00500 41.710800000000 
0.00550 37.902400000000 
0.00600 34.891400000000 
0.00650 32.098800000000 
0.00700 29.524600000000 
0.00750 27.425400000000 
0.00800 25.326200000000 
0.00850 23.610600000000 
0.00900 22.000200000000 
0.00950 20.460200000000 
0.01000 19.203580000000 
0.01050 17.946960000000 
0.01100 16.837440000000 
0.01150 15.842260000000 
0.01200 14.847100000000 
0.01250 14.025400000000 
0.01300 13.227160000000 
0.01350 12.452640000000 
0.01400 11.805120000000 
0.01450 11.157600000000 
0.01500 10.556420000000 
0.01550 10.025920000000 
0.01600 9.495400000000 
0.01650 9.020080000000 
0.01700 8.581580000000 
0.01750 8.143060000000 
0.01800 7.761020000000 
0.01850 7.395680000000 
0.01900 7.030320000000 
0.01950 6.718720000000 
0.02000 6.412140000000 
0.02050 6.106980000000 
0.02100 5.848060000000 
0.02150 5.589120000000 
0.02200 5.334900000000 
0.02250 5.114920000000 
0.02300 4.894960000000 
0.02350 4.681040000000 
0.02400 4.493160000000 
0.02450 4.305280000000 
0.02500 4.123660000000 
0.02550 3.962440000000 
0.02600 3.801200000000 
0.02650 3.645760000000 
0.02700 3.506760000000 
0.02750 3.367780000000 
0.02800 3.233800000000 
0.02850 3.113500000000 
0.02900 2.993200000000 
0.02950 2.876940000000 
0.03000 2.772440000000 
0.03050 2.667940000000 
0.03100 2.566500000000 
0.03150 2.475400000000 
0.03200 2.384320000000 
0.03250 2.295300000000 
0.03300 2.215660000000 
0.03350 2.136020000000 
0.03400 2.057540000000 
0.03450 1.987702000000 
0.03500 1.917862000000 
0.03550 1.848380000000 
0.03600 1.786978000000 
0.03650 1.725578000000 
0.03700 1.664176000000 
0.03750 1.609694000000 
0.03800 1.555578000000 
0.03850 1.501464000000 
0.03900 1.452664000000 
0.03950 1.404862000000 
0.04000 1.357062000000 
0.04050 1.313210000000 
0.04100 1.270900000000 
0.04150 1.228592000000 
0.04200 1.189066000000 
0.04250 1.151544000000 
0.04300 1.114020000000 
0.04350 1.078294000000 
0.04400 1.044960000000 
0.04450 1.011626000000 
0.04500 0.979254000000 
0.04550 0.949588000000 
0.04600 0.919924000000 
0.04650 0.890516000000 
0.04700 0.864078000000 
0.04750 0.837638000000 
0.04800 0.811200000000 
0.04850 0.787270000000 
0.04900 0.763670000000 
0.04950 0.740072000000 
0.05000 0.718156000000 
0.05050 0.697064000000 
0.05100 0.675972000000 
0.05150 0.655868000000 
0.05200 0.636992000000 
0.05250 0.618118000000 
0.05300 0.599642000000 
0.05350 0.582730000000 
0.05400 0.565818000000 
0.05450 0.548906000000 
0.05500 0.533642000000 
0.05550 0.518472000000 
0.05600 0.503302000000 
0.05650 0.489174000000 
0.05700 0.475552000000 
0.05750 0.461928000000 
0.05800 0.448838000000 
0.05850 0.436592000000 
0.05900 0.424348000000 
0.05950 0.412206000000 
0.06000 0.401186000000 
0.06050 0.390168000000 
0.06100 0.379148000000 
0.06150 0.368968000000 
0.06200 0.359044000000 
0.06250 0.349118000000 
0.06300 0.339616000000 
0.06350 0.330670000000 
0.06400 0.321722000000 
0.06450 0.312850000000 
0.06500 0.304776000000 
0.06550 0.296702000000 
0.06600 0.288630000000 
0.06650 0.281120000000 
0.06700 0.273828000000 
0.06750 0.266538000000 
0.06800 0.259484000000 
0.06850 0.252894000000 
0.06900 0.246304000000 
0.06950 0.239714000000 
0.07000 0.233718000000 
0.07050 0.227756000000 
0.07100 0.221794000000 
0.07150 0.216134000000 
0.07200 0.210736000000 
0.07250 0.205340000000 
0.07300 0.199998000000 
0.07350 0.195107400000 
0.07400 0.190217000000 
0.07450 0.185326400000 
0.07500 0.180741400000 
0.07550 0.176306600000 
0.07600 0.171871800000 
0.07650 0.167525400000 
0.07700 0.163500800000 
0.07750 0.159476200000 
0.07800 0.155451600000 
0.07850 0.151702600000 
0.07900 0.148047400000 
0.07950 0.144392400000 
0.08000 0.140824600000 
0.08050 0.137502600000 
0.08100 0.134180600000 
0.08150 0.130858600000 
0.08200 0.127765800000 
0.08250 0.124743800000 
0.08300 0.121722000000 
0.08350 0.118768600000 
0.08400 0.116017800000 
0.08450 0.113267200000 
0.08500 0.110516600000 
0.08550 0.107944000000 
0.08600 0.105438200000 
0.08650 0.102932200000 
0.08700 0.100468400000 
0.08750 0.098184600000 
0.08800 0.095900800000 
0.08850 0.093617200000 
0.08900 0.091460800000 
0.08950 0.089376800000 
0.09000 0.087293000000 
0.09050 0.085222400000 
0.09100 0.083320200000 
0.09150 0.081418000000 
0.09200 0.079515800000 
0.09250 0.077695200000 
0.09300 0.075957400000 
0.09350 0.074219600000 
0.09400 0.072481800000 
0.09450 0.070879600000 
0.09500 0.069291200000 
0.09550 0.067702600000 
0.09600 0.066155800000 
0.09650 0.064702400000 
0.09700 0.063248800000 
0.09750 0.061795200000 
0.09800 0.060427600000 
0.09850 0.059097200000 
0.09900 0.057767000000 
0.09950 0.056445000000 
0.10000 0.055226400000 
0.10050 0.054007600000 
0.10100 0.052789000000 
0.10150 0.051615200000 
0.10200 0.050498200000 
0.10250 0.049381200000 
0.10300 0.048264200000 
0.10350 0.047221000000 
0.10400 0.046196400000 
0.10450 0.045171800000 
0.10500 0.044159600000 
0.10550 0.043219400000 
0.10600 0.042279000000 
0.10650 0.041338800000 
0.10700 0.040435600000 
0.10750 0.039572200000 
0.10800 0.038708800000 
0.10850 0.037845400000 
0.10900 0.037038800000 
0.10950 0.036245400000 
0.11000 0.035452200000 
0.11050 0.034667000000 
0.11100 0.033937400000 
0.11150 0.033208000000 
0.11200 0.032478400000 
0.11250 0.031774600000 
0.11300 0.031104000000 
0.11350 0.030433200000 
0.11400 0.029762600000 
0.11450 0.029131200000 
0.11500 0.028513800000 
0.11550 0.027896200000 
0.11600 0.027280400000 
0.11650 0.026712000000 
0.11700 0.026143600000 
0.11750 0.025575200000 
0.11800 0.025020800000 
0.11850 0.024497000000 
0.11900 0.023973400000 
0.11950 0.023449600000 
0.12000 0.022950400000 
0.12050 0.022468000000 
0.12100 0.021985800000 
0.12150 0.021503400000 
0.12200 0.021053400000 
0.12250 0.020608600000 
0.12300 0.020163800000 
0.12350 0.019723160000 
0.12400 0.019312900000 
0.12450 0.018902620000 
0.12500 0.018492360000 
0.12550 0.018093900000 
0.12600 0.017715540000 
0.12650 0.017337180000 
0.12700 0.016958820000 
0.12750 0.016598460000 
0.12800 0.016249460000 
0.12850 0.015900460000 
0.12900 0.015551440000 
0.12950 0.015225200000 
0.13000 0.014903000000 
0.13050 0.014580800000 
0.13100 0.014260520000 
0.13150 0.013963200000 
0.13200 0.013665900000 
0.13250 0.013368600000 
0.13300 0.013078020000 
0.13350 0.012803460000 
0.13400 0.012528900000 
0.13450 0.012254340000 
0.13500 0.011990420000 
0.13550 0.011736860000 
0.13600 0.011483280000 
0.13650 0.011229720000 
0.13700 0.010990000000 
0.13750 0.010755980000 
0.13800 0.010521960000 
0.13850 0.010287960000 
0.13900 0.010070060000 
0.13950 0.009853940000 
0.14000 0.009637800000 
0.14050 0.009423100000 
0.14100 0.009223660000 
0.14150 0.009024240000 
0.14200 0.008824800000 
0.14250 0.008629360000 
0.14300 0.008445200000 
0.14350 0.008261020000 
0.14400 0.008076860000 
0.14450 0.007898720000 
0.14500 0.007728700000 
0.14550 0.007558680000 
0.14600 0.007388640000 
0.14650 0.007226220000 
0.14700 0.007069280000 
0.14750 0.006912320000 
0.14800 0.006755380000 
0.14850 0.006607340000 
0.14900 0.006462660000 
0.14950 0.006317980000 
0.15000 0.006173300000 
0.15050 0.006038240000 
0.15100 0.005904780000 
0.15150 0.005771320000 
0.15200 0.005637840000 
0.15250 0.005514580000 
0.15300 0.005391500000 
0.15350 0.005268440000 
0.15400 0.005146260000 
0.15450 0.005032960000 
0.15500 0.004919660000 
0.15550 0.004806340000 
0.15600 0.004694740000 
0.15650 0.004590360000 
0.15700 0.004485960000 
0.15750 0.004381580000 
0.15800 0.004279460000 
0.15850 0.004183220000 
0.15900 0.004086980000 
0.15950 0.003990740000 
0.16000 0.003897240000 
0.16050 0.003808800000 
0.16100 0.003720360000 
0.16150 0.003631920000 
0.16200 0.003546400000 
0.16250 0.003465060000 
0.16300 0.003383740000 
0.16350 0.003302400000 
0.16400 0.003224080000 
0.16450 0.003149340000 
0.16500 0.003074600000 
0.16550 0.002999860000 
0.16600 0.002928160000 
0.16650 0.002859640000 
0.16700 0.002791100000 
0.16750 0.002722580000 
0.16800 0.002656860000 
0.16850 0.002593880000 
0.16900 0.002530900000 
0.16950 0.002467940000 
0.17000 0.002407680000 
0.17050 0.002350040000 
0.17100 0.002292400000 
0.17150 0.002234760000 
0.17200 0.002179480000 
0.17250 0.002126600000 
0.17300 0.002073720000 
0.17350 0.002020820000 
0.17400 0.001970062000 
0.17450 0.001921664000 
0.17500 0.001873266000 
0.17550 0.001824868000 
0.17600 0.001778302000 
0.17650 0.001734134000 
0.17700 0.001689968000 
0.17750 0.001645800000 
0.17800 0.001603078000 
0.17850 0.001562740000 
0.17900 0.001522402000 
0.17950 0.001482062000 
0.18000 0.001442788000 
0.18050 0.001405912000 
0.18100 0.001369036000 
0.18150 0.001332160000 
0.18200 0.001296014000 
0.18250 0.001262406000 
0.18300 0.001228798000 
0.18350 0.001195190000 
0.18400 0.001161970000 
0.18450 0.001131440000 
0.18500 0.001100910000 
0.18550 0.001070380000 
0.18600 0.001039890000 
0.18650 0.001012068000 
0.18700 0.000984244000 
0.18750 0.000956422000 
0.18800 0.000928600000 
0.18850 0.000903108000 
0.18900 0.000877896000 
0.18950 0.000852686000 
0.19000 0.000827476000 
0.19050 0.000804000000 
0.19100 0.000781076000 
0.19150 0.000758154000 
0.19200 0.000735230000 
0.19250 0.000713634000 
0.19300 0.000692868000 
0.19350 0.000672102000 
0.19400 0.000651336000 
0.19450 0.000631488000 
0.19500 0.000612702000 
0.19550 0.000593916000 
0.19600 0.000575130000 
0.19650 0.000556896000 
0.19700 0.000539926000 
0.19750 0.000522956000 
0.19800 0.000505986000 
0.19850 0.000489252000 
0.19900 0.000473944000 
0.19950 0.000458636000 
0.20000 0.000443330000 
0.20050 0.000428022000 
0.20100 0.000414164000 
0.20150 0.000400340000 
0.20200 0.000386514000 
0.20250 0.000372688000 
0.20300 0.000360032000 
0.20350 0.000347642000 
0.20400 0.000335254000 
0.20450 0.000322864000 
0.20500 0.000311284000 
0.20550 0.000300132000 
0.20600 0.000288982000 
0.20650 0.000277830000 
0.20700 0.000267282000 
0.20750 0.000257330000 
0.20800 0.000247380000 
0.20850 0.000237430000 
0.20900 0.000227852000 
0.20950 0.000218934000 
0.21000 0.000210016000 
0.21050 0.000201098000 
0.21100 0.000192405200 
0.21150 0.000184435200 
0.21200 0.000176465000 
0.21250 0.000168495000 
0.21300 0.000160648000 
0.21350 0.000153601000 
0.21400 0.000146554000 
0.21450 0.000139507000 
0.21500 0.000132503800 
0.21550 0.000126250600 
0.21600 0.000119997200 
0.21650 0.000113744000 
0.21700 0.000107498200 
0.21750 0.000102020800 
0.21800 0.000096543400 
0.21850 0.000091066000 
0.21900 0.000085590400 
0.21950 0.000080783800 
0.22000 0.000075977200 
0.22050 0.000071170800 
0.22100 0.000066390000 
0.22150 0.000062208600 
0.22200 0.000058027400 
0.22250 0.000053846200 
0.22300 0.000049747600 
0.22350 0.000046184400 
0.22400 0.000042621400 
0.22450 0.000039058400 
0.22500 0.000035653600 
0.22550 0.000032640200 
0.22600 0.000029626800 
0.22650 0.000026613400 
0.22700 0.000023878000 
0.22750 0.000021405400 
0.22800 0.000018932700 
0.22850 0.000016460080 
0.22900 0.000014418880 
0.22950 0.000012471340 
0.23000 0.000010523780 
0.23050 0.000008690680 
0.23100 0.000007259580 
0.23150 0.000005828480 
0.23200 0.000004397380 
0.23250 0.000003359820 
0.23300 0.000002471060 
0.23350 0.000001582274 
