0.00000 126.182400000000 
0.00050 114.085200000000 
0.00100 101.988000000000 
0.00150 89.890800000000 
0.00200 77.793600000000 
0.00250 69.057600000000 
0.00300 61.324400000000 
0.00350 54.872400000000 
0.00400 49.605400000000 
0.00450 44.626400000000 
0.00500 40.885200000000 
0.00550 37.144000000000 
0.00600 34.187200000000 
0.00650 31.445200000000 
0.00700 28.918000000000 
0.00750 26.857800000000 
0.00800 24.797800000000 
0.00850 23.114400000000 
0.00900 21.534800000000 
0.00950 20.024200000000 
0.01000 18.791920000000 
0.01050 17.559660000000 
0.01100 16.471880000000 
0.01150 15.496380000000 
0.01200 14.520900000000 
0.01250 13.715680000000 
0.01300 12.933500000000 
0.01350 12.174600000000 
0.01400 11.540320000000 
0.01450 10.906040000000 
0.01500 10.317220000000 
0.01550 9.797720000000 
0.01600 9.278240000000 
0.01650 8.812860000000 
0.01700 8.383600000000 
0.01750 7.954320000000 
0.01800 7.580400000000 
0.01850 7.222860000000 
0.01900 6.865320000000 
0.01950 6.560440000000 
0.02000 6.260500000000 
0.02050 5.961960000000 
0.02100 5.708700000000 
0.02150 5.455440000000 
0.02200 5.206800000000 
0.02250 4.991720000000 
0.02300 4.776620000000 
0.02350 4.567460000000 
0.02400 4.383800000000 
0.02450 4.200140000000 
0.02500 4.022600000000 
0.02550 3.865020000000 
0.02600 3.707460000000 
0.02650 3.555560000000 
0.02700 3.419760000000 
0.02750 3.283960000000 
0.02800 3.153040000000 
0.02850 3.035540000000 
0.02900 2.918040000000 
0.02950 2.804480000000 
0.03000 2.702420000000 
0.03050 2.600360000000 
0.03100 2.501300000000 
0.03150 2.412360000000 
0.03200 2.323420000000 
0.03250 2.236520000000 
0.03300 2.158780000000 
0.03350 2.081020000000 
0.03400 2.004420000000 
0.03450 1.936272000000 
0.03500 1.868114000000 
0.03550 1.800304000000 
0.03600 1.740394000000 
0.03650 1.680484000000 
0.03700 1.620574000000 
0.03750 1.567426000000 
0.03800 1.514636000000 
0.03850 1.461848000000 
0.03900 1.414252000000 
0.03950 1.367632000000 
0.04000 1.321012000000 
0.04050 1.278248000000 
0.04100 1.236994000000 
0.04150 1.195738000000 
0.04200 1.157200000000 
0.04250 1.120620000000 
0.04300 1.084040000000 
0.04350 1.049214000000 
0.04400 1.016722000000 
0.04450 0.984230000000 
0.04500 0.952678000000 
0.04550 0.923770000000 
0.04600 0.894860000000 
0.04650 0.866204000000 
0.04700 0.840444000000 
0.04750 0.814684000000 
0.04800 0.788922000000 
0.04850 0.765610000000 
0.04900 0.742622000000 
0.04950 0.719634000000 
0.05000 0.698288000000 
0.05050 0.677744000000 
0.05100 0.657202000000 
0.05150 0.637622000000 
0.05200 0.619242000000 
0.05250 0.600862000000 
0.05300 0.582870000000 
0.05350 0.566404000000 
0.05400 0.549938000000 
0.05450 0.533472000000 
0.05500 0.518614000000 
0.05550 0.503846000000 
0.05600 0.489080000000 
0.05650 0.475330000000 
0.05700 0.462070000000 
0.05750 0.448812000000 
0.05800 0.436072000000 
0.05850 0.424156000000 
0.05900 0.412240000000 
0.05950 0.400424000000 
0.06000 0.389704000000 
0.06050 0.378982000000 
0.06100 0.368262000000 
0.06150 0.358358000000 
0.06200 0.348704000000 
0.06250 0.339048000000 
0.06300 0.329806000000 
0.06350 0.321104000000 
0.06400 0.312402000000 
0.06450 0.303772000000 
0.06500 0.295920000000 
0.06550 0.288070000000 
0.06600 0.280218000000 
0.06650 0.272916000000 
0.06700 0.265826000000 
0.06750 0.258738000000 
0.06800 0.251882000000 
0.06850 0.245474000000 
0.06900 0.239068000000 
0.06950 0.232660000000 
0.07000 0.226832000000 
0.07050 0.221036000000 
0.07100 0.215242000000 
0.07150 0.209740000000 
0.07200 0.204496000000 
0.07250 0.199250000000 
0.07300 0.194058800000 
0.07350 0.189306600000 
0.07400 0.184554400000 
0.07450 0.179802200000 
0.07500 0.175347000000 
0.07550 0.171038400000 
0.07600 0.166729600000 
0.07650 0.162506800000 
0.07700 0.158597200000 
0.07750 0.154687400000 
0.07800 0.150777800000 
0.07850 0.147136400000 
0.07900 0.143586200000 
0.07950 0.140036000000 
0.08000 0.136570600000 
0.08050 0.133344400000 
0.08100 0.130118200000 
0.08150 0.126892000000 
0.08200 0.123888800000 
0.08250 0.120954400000 
0.08300 0.118020000000 
0.08350 0.115152200000 
0.08400 0.112481600000 
0.08450 0.109811000000 
0.08500 0.107140400000 
0.08550 0.104643000000 
0.08600 0.102210400000 
0.08650 0.099777800000 
0.08700 0.097386000000 
0.08750 0.095169200000 
0.08800 0.092952600000 
0.08850 0.090735800000 
0.08900 0.088643000000 
0.08950 0.086620600000 
0.09000 0.084598200000 
0.09050 0.082588600000 
0.09100 0.080742800000 
0.09150 0.078897000000 
0.09200 0.077051200000 
0.09250 0.075284600000 
0.09300 0.073598400000 
0.09350 0.071912400000 
0.09400 0.070226200000 
0.09450 0.068671800000 
0.09500 0.067130800000 
0.09550 0.065589800000 
0.09600 0.064089200000 
0.09650 0.062679400000 
0.09700 0.061269400000 
0.09750 0.059859400000 
0.09800 0.058533000000 
0.09850 0.057242600000 
0.09900 0.055952400000 
0.09950 0.054670200000 
0.10000 0.053488400000 
0.10050 0.052306600000 
0.10100 0.051124800000 
0.10150 0.049986600000 
0.10200 0.048903400000 
0.10250 0.047820400000 
0.10300 0.046737200000 
0.10350 0.045725800000 
0.10400 0.044732400000 
0.10450 0.043739200000 
0.10500 0.042757600000 
0.10550 0.041846200000 
0.10600 0.040934600000 
0.10650 0.040023200000 
0.10700 0.039147600000 
0.10750 0.038310600000 
0.10800 0.037473800000 
0.10850 0.036636800000 
0.10900 0.035855000000 
0.10950 0.035086200000 
0.11000 0.034317400000 
0.11050 0.033556400000 
0.11100 0.032849400000 
0.11150 0.032142400000 
0.11200 0.031435600000 
0.11250 0.030753600000 
0.11300 0.030103600000 
0.11350 0.029453800000 
0.11400 0.028803800000 
0.11450 0.028192200000 
0.11500 0.027594000000 
0.11550 0.026995600000 
0.11600 0.026399000000 
0.11650 0.025848400000 
0.11700 0.025297600000 
0.11750 0.024747000000 
0.11800 0.024210000000 
0.11850 0.023702800000 
0.11900 0.023195400000 
0.11950 0.022688000000 
0.12000 0.022204400000 
0.12050 0.021737400000 
0.12100 0.021270200000 
0.12150 0.020803000000 
0.12200 0.020367200000 
0.12250 0.019936500000 
0.12300 0.019505780000 
0.12350 0.019079020000 
0.12400 0.018681740000 
0.12450 0.018284460000 
0.12500 0.017887180000 
0.12550 0.017501360000 
0.12600 0.017135020000 
0.12650 0.016768680000 
0.12700 0.016402340000 
0.12750 0.016053460000 
0.12800 0.015715580000 
0.12850 0.015377700000 
0.12900 0.015039800000 
0.12950 0.014724000000 
0.13000 0.014412100000 
0.13050 0.014100200000 
0.13100 0.013790140000 
0.13150 0.013502360000 
0.13200 0.013214600000 
0.13250 0.012926820000 
0.13300 0.012645580000 
0.13350 0.012379840000 
0.13400 0.012114120000 
0.13450 0.011848400000 
0.13500 0.011592960000 
0.13550 0.011347580000 
0.13600 0.011102200000 
0.13650 0.010856800000 
0.13700 0.010624840000 
0.13750 0.010398400000 
0.13800 0.010171940000 
0.13850 0.009945500000 
0.13900 0.009734680000 
0.13950 0.009525560000 
0.14000 0.009316440000 
0.14050 0.009108720000 
0.14100 0.008915780000 
0.14150 0.008722840000 
0.14200 0.008529880000 
0.14250 0.008340800000 
0.14300 0.008162660000 
0.14350 0.007984500000 
0.14400 0.007806360000 
0.14450 0.007634040000 
0.14500 0.007469560000 
0.14550 0.007305100000 
0.14600 0.007140640000 
0.14650 0.006983540000 
0.14700 0.006831740000 
0.14750 0.006679940000 
0.14800 0.006528160000 
0.14850 0.006384980000 
0.14900 0.006245060000 
0.14950 0.006105140000 
0.15000 0.005965200000 
0.15050 0.005834620000 
0.15100 0.005705560000 
0.15150 0.005576500000 
0.15200 0.005447420000 
0.15250 0.005328240000 
0.15300 0.005209240000 
0.15350 0.005090240000 
0.15400 0.004972100000 
0.15450 0.004862560000 
0.15500 0.004753000000 
0.15550 0.004643460000 
0.15600 0.004535560000 
0.15650 0.004434640000 
0.15700 0.004333720000 
0.15750 0.004232800000 
0.15800 0.004134080000 
0.15850 0.004041040000 
0.15900 0.003948020000 
0.15950 0.003855000000 
0.16000 0.003764600000 
0.16050 0.003679120000 
0.16100 0.003593640000 
0.16150 0.003508140000 
0.16200 0.003425480000 
0.16250 0.003346880000 
0.16300 0.003268280000 
0.16350 0.003189660000 
0.16400 0.003113980000 
0.16450 0.003041740000 
0.16500 0.002969500000 
0.16550 0.002897280000 
0.16600 0.002827980000 
0.16650 0.002761760000 
0.16700 0.002695540000 
0.16750 0.002629300000 
0.16800 0.002565800000 
0.16850 0.002504960000 
0.16900 0.002444100000 
0.16950 0.002383240000 
0.17000 0.002325040000 
0.17050 0.002269340000 
0.17100 0.002213640000 
0.17150 0.002157940000 
0.17200 0.002104540000 
0.17250 0.002053460000 
0.17300 0.002002360000 
0.17350 0.001951260000 
0.17400 0.001902220000 
0.17450 0.001855464000 
0.17500 0.001808708000 
0.17550 0.001761954000 
0.17600 0.001716970000 
0.17650 0.001674304000 
0.17700 0.001631640000 
0.17750 0.001588974000 
0.17800 0.001547706000 
0.17850 0.001508742000 
0.17900 0.001469778000 
0.17950 0.001430814000 
0.18000 0.001392880000 
0.18050 0.001357264000 
0.18100 0.001321646000 
0.18150 0.001286030000 
0.18200 0.001251118000 
0.18250 0.001218660000 
0.18300 0.001186202000 
0.18350 0.001153744000 
0.18400 0.001121660000 
0.18450 0.001092178000 
0.18500 0.001062694000 
0.18550 0.001033212000 
0.18600 0.001003766000 
0.18650 0.000976900000 
0.18700 0.000950034000 
0.18750 0.000923166000 
0.18800 0.000896300000 
0.18850 0.000871684000 
0.18900 0.000847342000 
0.18950 0.000822998000 
0.19000 0.000798656000 
0.19050 0.000775988000 
0.19100 0.000753856000 
0.19150 0.000731724000 
0.19200 0.000709590000 
0.19250 0.000688740000 
0.19300 0.000668690000 
0.19350 0.000648642000 
0.19400 0.000628594000 
0.19450 0.000609430000 
0.19500 0.000591296000 
0.19550 0.000573160000 
0.19600 0.000555024000 
0.19650 0.000537422000 
0.19700 0.000521040000 
0.19750 0.000504658000 
0.19800 0.000488276000 
0.19850 0.000472122000 
0.19900 0.000457346000 
0.19950 0.000442570000 
0.20000 0.000427794000 
0.20050 0.000413018000 
0.20100 0.000399642000 
0.20150 0.000386298000 
0.20200 0.000372954000 
0.20250 0.000359610000 
0.20300 0.000347394000 
0.20350 0.000335436000 
0.20400 0.000323478000 
0.20450 0.000311520000 
0.20500 0.000300344000 
0.20550 0.000289582000 
0.20600 0.000278820000 
0.20650 0.000268058000 
0.20700 0.000257878000 
0.20750 0.000248276000 
0.20800 0.000238672000 
0.20850 0.000229070000 
0.20900 0.000219828000 
0.20950 0.000211222000 
0.21000 0.000202616000 
0.21050 0.000194010000 
0.21100 0.000185621200 
0.21150 0.000177930800 
0.21200 0.000170240200 
0.21250 0.000162549800 
0.21300 0.000154977800 
0.21350 0.000148178200 
0.21400 0.000141378800 
0.21450 0.000134579200 
0.21500 0.000127822200 
0.21550 0.000121788800 
0.21600 0.000115755600 
0.21650 0.000109722200 
0.21700 0.000103696000 
0.21750 0.000098411600 
0.21800 0.000093127200 
0.21850 0.000087842800 
0.21900 0.000082560000 
0.21950 0.000077923000 
0.22000 0.000073286200 
0.22050 0.000068649200 
0.22100 0.000064037000 
0.22150 0.000060003600 
0.22200 0.000055970000 
0.22250 0.000051936600 
0.22300 0.000047982800 
0.22350 0.000044545800 
0.22400 0.000041108800 
0.22450 0.000037671800 
0.22500 0.000034387600 
0.22550 0.000031480800 
0.22600 0.000028574200 
0.22650 0.000025667600 
0.22700 0.000023029200 
0.22750 0.000020644400 
0.22800 0.000018259440 
0.22850 0.000015874560 
0.22900 0.000013905860 
0.22950 0.000012027520 
0.23000 0.000010149180 
0.23050 0.000008381220 
0.23100 0.000007001040 
0.23150 0.000005620860 
0.23200 0.000004240680 
0.23250 0.000003240080 
0.23300 0.000002382980 
0.23350 0.000001525860 
