0.00000 123.860600000000 
0.00050 111.963000000000 
0.00100 100.065200000000 
0.00150 88.167600000000 
0.00200 76.269800000000 
0.00250 67.684400000000 
0.00300 60.087200000000 
0.00350 53.750800000000 
0.00400 48.580400000000 
0.00450 43.693200000000 
0.00500 40.022800000000 
0.00550 36.352600000000 
0.00600 33.453000000000 
0.00650 30.764400000000 
0.00700 28.286800000000 
0.00750 26.267800000000 
0.00800 24.248800000000 
0.00850 22.599600000000 
0.00900 21.052200000000 
0.00950 19.572340000000 
0.01000 18.365660000000 
0.01050 17.158980000000 
0.01100 16.093960000000 
0.01150 15.139040000000 
0.01200 14.184140000000 
0.01250 13.396140000000 
0.01300 12.630720000000 
0.01350 11.888120000000 
0.01400 11.267640000000 
0.01450 10.647140000000 
0.01500 10.071200000000 
0.01550 9.563140000000 
0.01600 9.055100000000 
0.01650 8.600060000000 
0.01700 8.180380000000 
0.01750 7.760700000000 
0.01800 7.395220000000 
0.01850 7.045760000000 
0.01900 6.696280000000 
0.01950 6.398380000000 
0.02000 6.105300000000 
0.02050 5.813600000000 
0.02100 5.566200000000 
0.02150 5.318780000000 
0.02200 5.075900000000 
0.02250 4.865840000000 
0.02300 4.655780000000 
0.02350 4.451520000000 
0.02400 4.272200000000 
0.02450 4.092880000000 
0.02500 3.919540000000 
0.02550 3.765720000000 
0.02600 3.611920000000 
0.02650 3.463640000000 
0.02700 3.331120000000 
0.02750 3.198600000000 
0.02800 3.070840000000 
0.02850 2.956200000000 
0.02900 2.841540000000 
0.02950 2.730760000000 
0.03000 2.631220000000 
0.03050 2.531660000000 
0.03100 2.435020000000 
0.03150 2.348280000000 
0.03200 2.261560000000 
0.03250 2.176800000000 
0.03300 2.101000000000 
0.03350 2.025200000000 
0.03400 1.950518000000 
0.03450 1.884078000000 
0.03500 1.817636000000 
0.03550 1.751536000000 
0.03600 1.693148000000 
0.03650 1.634758000000 
0.03700 1.576370000000 
0.03750 1.524582000000 
0.03800 1.473144000000 
0.03850 1.421704000000 
0.03900 1.375334000000 
0.03950 1.329918000000 
0.04000 1.284500000000 
0.04050 1.242846000000 
0.04100 1.202664000000 
0.04150 1.162480000000 
0.04200 1.124950000000 
0.04250 1.089326000000 
0.04300 1.053704000000 
0.04350 1.019792000000 
0.04400 0.988158000000 
0.04450 0.956524000000 
0.04500 0.925804000000 
0.04550 0.897664000000 
0.04600 0.869522000000 
0.04650 0.841628000000 
0.04700 0.816556000000 
0.04750 0.791484000000 
0.04800 0.766414000000 
0.04850 0.743728000000 
0.04900 0.721358000000 
0.04950 0.698990000000 
0.05000 0.678220000000 
0.05050 0.658234000000 
0.05100 0.638248000000 
0.05150 0.619200000000 
0.05200 0.601322000000 
0.05250 0.583442000000 
0.05300 0.565944000000 
0.05350 0.549930000000 
0.05400 0.533916000000 
0.05450 0.517902000000 
0.05500 0.503454000000 
0.05550 0.489094000000 
0.05600 0.474734000000 
0.05650 0.461366000000 
0.05700 0.448476000000 
0.05750 0.435586000000 
0.05800 0.423200000000 
0.05850 0.411618000000 
0.05900 0.400034000000 
0.05950 0.388550000000 
0.06000 0.378130000000 
0.06050 0.367712000000 
0.06100 0.357292000000 
0.06150 0.347668000000 
0.06200 0.338286000000 
0.06250 0.328904000000 
0.06300 0.319924000000 
0.06350 0.311470000000 
0.06400 0.303014000000 
0.06450 0.294630000000 
0.06500 0.287004000000 
0.06550 0.279376000000 
0.06600 0.271750000000 
0.06650 0.264658000000 
0.06700 0.257772000000 
0.06750 0.250886000000 
0.06800 0.244228000000 
0.06850 0.238006000000 
0.06900 0.231784000000 
0.06950 0.225562000000 
0.07000 0.219904000000 
0.07050 0.214276000000 
0.07100 0.208650000000 
0.07150 0.203310000000 
0.07200 0.198216800000 
0.07250 0.193124400000 
0.07300 0.188085000000 
0.07350 0.183472200000 
0.07400 0.178859400000 
0.07450 0.174246600000 
0.07500 0.169922800000 
0.07550 0.165741200000 
0.07600 0.161559400000 
0.07650 0.157461200000 
0.07700 0.153667400000 
0.07750 0.149873600000 
0.07800 0.146079800000 
0.07850 0.142546600000 
0.07900 0.139102200000 
0.07950 0.135657600000 
0.08000 0.132295600000 
0.08050 0.129166000000 
0.08100 0.126036200000 
0.08150 0.122906400000 
0.08200 0.119993400000 
0.08250 0.117147200000 
0.08300 0.114301000000 
0.08350 0.111519400000 
0.08400 0.108929400000 
0.08450 0.106339600000 
0.08500 0.103749600000 
0.08550 0.101327800000 
0.08600 0.098968800000 
0.08650 0.096610000000 
0.08700 0.094290800000 
0.08750 0.092141600000 
0.08800 0.089992400000 
0.08850 0.087843200000 
0.08900 0.085814200000 
0.08950 0.083853600000 
0.09000 0.081893000000 
0.09050 0.079945000000 
0.09100 0.078155800000 
0.09150 0.076366600000 
0.09200 0.074577400000 
0.09250 0.072865400000 
0.09300 0.071231200000 
0.09350 0.069597000000 
0.09400 0.067962800000 
0.09450 0.066456600000 
0.09500 0.064963400000 
0.09550 0.063470000000 
0.09600 0.062016000000 
0.09650 0.060649800000 
0.09700 0.059283800000 
0.09750 0.057917600000 
0.09800 0.056632400000 
0.09850 0.055382400000 
0.09900 0.054132400000 
0.09950 0.052890200000 
0.10000 0.051745600000 
0.10050 0.050600800000 
0.10100 0.049456000000 
0.10150 0.048353400000 
0.10200 0.047304400000 
0.10250 0.046255200000 
0.10300 0.045206200000 
0.10350 0.044226600000 
0.10400 0.043264800000 
0.10450 0.042302800000 
0.10500 0.041352400000 
0.10550 0.040469600000 
0.10600 0.039587000000 
0.10650 0.038704400000 
0.10700 0.037856600000 
0.10750 0.037046400000 
0.10800 0.036236000000 
0.10850 0.035425800000 
0.10900 0.034668800000 
0.10950 0.033924600000 
0.11000 0.033180200000 
0.11050 0.032443600000 
0.11100 0.031759200000 
0.11150 0.031075000000 
0.11200 0.030390600000 
0.11250 0.029730600000 
0.11300 0.029101400000 
0.11350 0.028472400000 
0.11400 0.027843400000 
0.11450 0.027251400000 
0.11500 0.026672600000 
0.11550 0.026093600000 
0.11600 0.025516200000 
0.11650 0.024983400000 
0.11700 0.024450400000 
0.11750 0.023917600000 
0.11800 0.023398000000 
0.11850 0.022907200000 
0.11900 0.022416400000 
0.11950 0.021925600000 
0.12000 0.021457600000 
0.12050 0.021005800000 
0.12100 0.020553800000 
0.12150 0.020102000000 
0.12200 0.019680280000 
0.12250 0.019263640000 
0.12300 0.018847000000 
0.12350 0.018434200000 
0.12400 0.018049940000 
0.12450 0.017665700000 
0.12500 0.017281440000 
0.12550 0.016908260000 
0.12600 0.016553980000 
0.12650 0.016199700000 
0.12700 0.015845400000 
0.12750 0.015508020000 
0.12800 0.015181280000 
0.12850 0.014854540000 
0.12900 0.014527800000 
0.12950 0.014222440000 
0.13000 0.013920860000 
0.13050 0.013619280000 
0.13100 0.013319500000 
0.13150 0.013041280000 
0.13200 0.012763060000 
0.13250 0.012484840000 
0.13300 0.012212920000 
0.13350 0.011956040000 
0.13400 0.011699180000 
0.13450 0.011442300000 
0.13500 0.011195380000 
0.13550 0.010958180000 
0.13600 0.010721000000 
0.13650 0.010483800000 
0.13700 0.010259600000 
0.13750 0.010040740000 
0.13800 0.009821880000 
0.13850 0.009603020000 
0.13900 0.009399280000 
0.13950 0.009197180000 
0.14000 0.008995080000 
0.14050 0.008794340000 
0.14100 0.008607900000 
0.14150 0.008421440000 
0.14200 0.008235000000 
0.14250 0.008052280000 
0.14300 0.007880160000 
0.14350 0.007708020000 
0.14400 0.007535880000 
0.14450 0.007369400000 
0.14500 0.007210500000 
0.14550 0.007051600000 
0.14600 0.006892700000 
0.14650 0.006740940000 
0.14700 0.006594300000 
0.14750 0.006447660000 
0.14800 0.006301020000 
0.14850 0.006162700000 
0.14900 0.006027540000 
0.14950 0.005892400000 
0.15000 0.005757240000 
0.15050 0.005631100000 
0.15100 0.005506440000 
0.15150 0.005381780000 
0.15200 0.005257120000 
0.15250 0.005142020000 
0.15300 0.005027080000 
0.15350 0.004912160000 
0.15400 0.004798080000 
0.15450 0.004692280000 
0.15500 0.004586480000 
0.15550 0.004480700000 
0.15600 0.004376500000 
0.15650 0.004279060000 
0.15700 0.004181600000 
0.15750 0.004084160000 
0.15800 0.003988840000 
0.15850 0.003899020000 
0.15900 0.003809180000 
0.15950 0.003719360000 
0.16000 0.003632100000 
0.16050 0.003549580000 
0.16100 0.003467040000 
0.16150 0.003384500000 
0.16200 0.003304700000 
0.16250 0.003228820000 
0.16300 0.003152940000 
0.16350 0.003077060000 
0.16400 0.003003980000 
0.16450 0.002934260000 
0.16500 0.002864540000 
0.16550 0.002794820000 
0.16600 0.002727920000 
0.16650 0.002664000000 
0.16700 0.002600080000 
0.16750 0.002536160000 
0.16800 0.002474880000 
0.16850 0.002416140000 
0.16900 0.002357420000 
0.16950 0.002298680000 
0.17000 0.002242500000 
0.17050 0.002188760000 
0.17100 0.002135000000 
0.17150 0.002081260000 
0.17200 0.002029720000 
0.17250 0.001980420000 
0.17300 0.001931114000 
0.17350 0.001881808000 
0.17400 0.001834488000 
0.17450 0.001789374000 
0.17500 0.001744258000 
0.17550 0.001699144000 
0.17600 0.001655740000 
0.17650 0.001614576000 
0.17700 0.001573412000 
0.17750 0.001532248000 
0.17800 0.001492432000 
0.17850 0.001454842000 
0.17900 0.001417250000 
0.17950 0.001379660000 
0.18000 0.001343064000 
0.18050 0.001308704000 
0.18100 0.001274346000 
0.18150 0.001239986000 
0.18200 0.001206310000 
0.18250 0.001175000000 
0.18300 0.001143690000 
0.18350 0.001112382000 
0.18400 0.001081432000 
0.18450 0.001052994000 
0.18500 0.001024556000 
0.18550 0.000996118000 
0.18600 0.000967718000 
0.18650 0.000941806000 
0.18700 0.000915894000 
0.18750 0.000889982000 
0.18800 0.000864068000 
0.18850 0.000840330000 
0.18900 0.000816852000 
0.18950 0.000793376000 
0.19000 0.000769900000 
0.19050 0.000748040000 
0.19100 0.000726696000 
0.19150 0.000705352000 
0.19200 0.000684010000 
0.19250 0.000663902000 
0.19300 0.000644570000 
0.19350 0.000625238000 
0.19400 0.000605904000 
0.19450 0.000587426000 
0.19500 0.000569940000 
0.19550 0.000552452000 
0.19600 0.000534966000 
0.19650 0.000517994000 
0.19700 0.000502200000 
0.19750 0.000486404000 
0.19800 0.000470610000 
0.19850 0.000455034000 
0.19900 0.000440788000 
0.19950 0.000426544000 
0.20000 0.000412298000 
0.20050 0.000398052000 
0.20100 0.000385158000 
0.20150 0.000372294000 
0.20200 0.000359430000 
0.20250 0.000346564000 
0.20300 0.000334790000 
0.20350 0.000323262000 
0.20400 0.000311734000 
0.20450 0.000300208000 
0.20500 0.000289434000 
0.20550 0.000279060000 
0.20600 0.000268686000 
0.20650 0.000258312000 
0.20700 0.000248500000 
0.20750 0.000239244000 
0.20800 0.000229988000 
0.20850 0.000220732000 
0.20900 0.000211824000 
0.20950 0.000203530000 
0.21000 0.000195236200 
0.21050 0.000186941800 
0.21100 0.000178856800 
0.21150 0.000171445000 
0.21200 0.000164033400 
0.21250 0.000156621600 
0.21300 0.000149324200 
0.21350 0.000142771600 
0.21400 0.000136219000 
0.21450 0.000129666200 
0.21500 0.000123154400 
0.21550 0.000117340600 
0.21600 0.000111526600 
0.21650 0.000105712600 
0.21700 0.000099905600 
0.21750 0.000094813600 
0.21800 0.000089721600 
0.21850 0.000084629600 
0.21900 0.000079539000 
0.21950 0.000075071200 
0.22000 0.000070603400 
0.22050 0.000066135400 
0.22100 0.000061691600 
0.22150 0.000057805400 
0.22200 0.000053919200 
0.22250 0.000050033000 
0.22300 0.000046223600 
0.22350 0.000042912200 
0.22400 0.000039601000 
0.22450 0.000036289600 
0.22500 0.000033125600 
0.22550 0.000030325400 
0.22600 0.000027525200 
0.22650 0.000024725000 
0.22700 0.000022183200 
0.22750 0.000019885840 
0.22800 0.000017588420 
0.22850 0.000015291000 
0.22900 0.000013394580 
0.22950 0.000011585220 
0.23000 0.000009775840 
0.23050 0.000008072820 
0.23100 0.000006743400 
0.23150 0.000005413960 
0.23200 0.000004084540 
0.23250 0.000003120760 
0.23300 0.000002295200 
0.23350 0.000001469642 
