0.00000 121.405600000000 
0.00050 109.718600000000 
0.00100 98.031800000000 
0.00150 86.344800000000 
0.00200 74.657800000000 
0.00250 66.231400000000 
0.00300 58.777800000000 
0.00350 52.563600000000 
0.00400 47.495600000000 
0.00450 42.705600000000 
0.00500 39.110400000000 
0.00550 35.515200000000 
0.00600 32.676400000000 
0.00650 30.044400000000 
0.00700 27.619400000000 
0.00750 25.643800000000 
0.00800 23.668400000000 
0.00850 22.055400000000 
0.00900 20.542000000000 
0.00950 19.094880000000 
0.01000 17.915280000000 
0.01050 16.735700000000 
0.01100 15.694780000000 
0.01150 14.761680000000 
0.01200 13.828580000000 
0.01250 13.058820000000 
0.01300 12.311160000000 
0.01350 11.585820000000 
0.01400 10.979940000000 
0.01450 10.374060000000 
0.01500 9.811720000000 
0.01550 9.315800000000 
0.01600 8.819900000000 
0.01650 8.375780000000 
0.01700 7.966260000000 
0.01750 7.556720000000 
0.01800 7.200140000000 
0.01850 6.859220000000 
0.01900 6.518320000000 
0.01950 6.227760000000 
0.02000 5.941940000000 
0.02050 5.657460000000 
0.02100 5.416240000000 
0.02150 5.175040000000 
0.02200 4.938240000000 
0.02250 4.733480000000 
0.02300 4.528740000000 
0.02350 4.329640000000 
0.02400 4.154900000000 
0.02450 3.980180000000 
0.02500 3.811280000000 
0.02550 3.661420000000 
0.02600 3.511580000000 
0.02650 3.367140000000 
0.02700 3.238080000000 
0.02750 3.109000000000 
0.02800 2.984580000000 
0.02850 2.872940000000 
0.02900 2.761320000000 
0.02950 2.653440000000 
0.03000 2.556540000000 
0.03050 2.459620000000 
0.03100 2.365560000000 
0.03150 2.281140000000 
0.03200 2.196720000000 
0.03250 2.114240000000 
0.03300 2.040480000000 
0.03350 1.966726000000 
0.03400 1.894060000000 
0.03450 1.829426000000 
0.03500 1.764790000000 
0.03550 1.700488000000 
0.03600 1.643698000000 
0.03650 1.586910000000 
0.03700 1.530120000000 
0.03750 1.479762000000 
0.03800 1.429744000000 
0.03850 1.379726000000 
0.03900 1.334644000000 
0.03950 1.290490000000 
0.04000 1.246336000000 
0.04050 1.205846000000 
0.04100 1.166790000000 
0.04150 1.127732000000 
0.04200 1.091256000000 
0.04250 1.056638000000 
0.04300 1.022022000000 
0.04350 0.989070000000 
0.04400 0.958334000000 
0.04450 0.927598000000 
0.04500 0.897754000000 
0.04550 0.870418000000 
0.04600 0.843082000000 
0.04650 0.815986000000 
0.04700 0.791636000000 
0.04750 0.767286000000 
0.04800 0.742938000000 
0.04850 0.720910000000 
0.04900 0.699188000000 
0.04950 0.677466000000 
0.05000 0.657302000000 
0.05050 0.637900000000 
0.05100 0.618496000000 
0.05150 0.600006000000 
0.05200 0.582652000000 
0.05250 0.565298000000 
0.05300 0.548312000000 
0.05350 0.532770000000 
0.05400 0.517230000000 
0.05450 0.501688000000 
0.05500 0.487670000000 
0.05550 0.473736000000 
0.05600 0.459804000000 
0.05650 0.446834000000 
0.05700 0.434328000000 
0.05750 0.421824000000 
0.05800 0.409810000000 
0.05850 0.398574000000 
0.05900 0.387340000000 
0.05950 0.376200000000 
0.06000 0.366096000000 
0.06050 0.355990000000 
0.06100 0.345886000000 
0.06150 0.336554000000 
0.06200 0.327456000000 
0.06250 0.318360000000 
0.06300 0.309654000000 
0.06350 0.301456000000 
0.06400 0.293260000000 
0.06450 0.285132000000 
0.06500 0.277740000000 
0.06550 0.270348000000 
0.06600 0.262954000000 
0.06650 0.256080000000 
0.06700 0.249408000000 
0.06750 0.242734000000 
0.06800 0.236282000000 
0.06850 0.230252000000 
0.06900 0.224224000000 
0.06950 0.218196000000 
0.07000 0.212712000000 
0.07050 0.207260000000 
0.07100 0.201810000000 
0.07150 0.196635800000 
0.07200 0.191703000000 
0.07250 0.186770200000 
0.07300 0.181888600000 
0.07350 0.177421000000 
0.07400 0.172953400000 
0.07450 0.168485800000 
0.07500 0.164298400000 
0.07550 0.160249000000 
0.07600 0.156199400000 
0.07650 0.152231000000 
0.07700 0.148557800000 
0.07750 0.144884400000 
0.07800 0.141211200000 
0.07850 0.137790600000 
0.07900 0.134456000000 
0.07950 0.131121400000 
0.08000 0.127866800000 
0.08050 0.124837400000 
0.08100 0.121808000000 
0.08150 0.118778400000 
0.08200 0.115959200000 
0.08250 0.113204600000 
0.08300 0.110449800000 
0.08350 0.107758000000 
0.08400 0.105251800000 
0.08450 0.102745600000 
0.08500 0.100239400000 
0.08550 0.097896000000 
0.08600 0.095613800000 
0.08650 0.093331400000 
0.08700 0.091087600000 
0.08750 0.089008400000 
0.08800 0.086929200000 
0.08850 0.084850200000 
0.08900 0.082887600000 
0.08950 0.080991000000 
0.09000 0.079094600000 
0.09050 0.077210400000 
0.09100 0.075480000000 
0.09150 0.073749600000 
0.09200 0.072019400000 
0.09250 0.070363600000 
0.09300 0.068783400000 
0.09350 0.067203000000 
0.09400 0.065622800000 
0.09450 0.064166600000 
0.09500 0.062722800000 
0.09550 0.061278800000 
0.09600 0.059873000000 
0.09650 0.058552400000 
0.09700 0.057231600000 
0.09750 0.055911000000 
0.09800 0.054668600000 
0.09850 0.053460400000 
0.09900 0.052252000000 
0.09950 0.051051400000 
0.10000 0.049945000000 
0.10050 0.048838600000 
0.10100 0.047732200000 
0.10150 0.046666600000 
0.10200 0.045652800000 
0.10250 0.044639000000 
0.10300 0.043625200000 
0.10350 0.042678800000 
0.10400 0.041749200000 
0.10450 0.040819800000 
0.10500 0.039901400000 
0.10550 0.039048600000 
0.10600 0.038195800000 
0.10650 0.037343200000 
0.10700 0.036524200000 
0.10750 0.035741400000 
0.10800 0.034958600000 
0.10850 0.034175800000 
0.10900 0.033444800000 
0.10950 0.032725800000 
0.11000 0.032007000000 
0.11050 0.031295400000 
0.11100 0.030634600000 
0.11150 0.029973600000 
0.11200 0.029312600000 
0.11250 0.028675200000 
0.11300 0.028067800000 
0.11350 0.027460400000 
0.11400 0.026853000000 
0.11450 0.026281400000 
0.11500 0.025722400000 
0.11550 0.025163400000 
0.11600 0.024605800000 
0.11650 0.024091400000 
0.11700 0.023577000000 
0.11750 0.023062600000 
0.11800 0.022561000000 
0.11850 0.022087200000 
0.11900 0.021613200000 
0.11950 0.021139400000 
0.12000 0.020687800000 
0.12050 0.020251600000 
0.12100 0.019815480000 
0.12150 0.019379280000 
0.12200 0.018972360000 
0.12250 0.018570260000 
0.12300 0.018168160000 
0.12350 0.017769760000 
0.12400 0.017398960000 
0.12450 0.017028160000 
0.12500 0.016657360000 
0.12550 0.016297260000 
0.12600 0.015955420000 
0.12650 0.015613560000 
0.12700 0.015271720000 
0.12750 0.014946200000 
0.12800 0.014630960000 
0.12850 0.014315740000 
0.12900 0.014000500000 
0.12950 0.013705920000 
0.13000 0.013415000000 
0.13050 0.013124060000 
0.13100 0.012834860000 
0.13150 0.012566500000 
0.13200 0.012298140000 
0.13250 0.012029780000 
0.13300 0.011767500000 
0.13350 0.011519760000 
0.13400 0.011272000000 
0.13450 0.011024260000 
0.13500 0.010786120000 
0.13550 0.010557380000 
0.13600 0.010328640000 
0.13650 0.010099900000 
0.13700 0.009883700000 
0.13750 0.009672660000 
0.13800 0.009461620000 
0.13850 0.009250580000 
0.13900 0.009054120000 
0.13950 0.008859280000 
0.14000 0.008664420000 
0.14050 0.008470860000 
0.14100 0.008291120000 
0.14150 0.008111360000 
0.14200 0.007931620000 
0.14250 0.007755480000 
0.14300 0.007589540000 
0.14350 0.007423600000 
0.14400 0.007257680000 
0.14450 0.007097180000 
0.14500 0.006944020000 
0.14550 0.006790880000 
0.14600 0.006637720000 
0.14650 0.006491440000 
0.14700 0.006350100000 
0.14750 0.006208780000 
0.14800 0.006067440000 
0.14850 0.005934140000 
0.14900 0.005803900000 
0.14950 0.005673640000 
0.15000 0.005543400000 
0.15050 0.005421840000 
0.15100 0.005301720000 
0.15150 0.005181600000 
0.15200 0.005061480000 
0.15250 0.004950580000 
0.15300 0.004839840000 
0.15350 0.004729100000 
0.15400 0.004619180000 
0.15450 0.004517260000 
0.15500 0.004415340000 
0.15550 0.004313400000 
0.15600 0.004213020000 
0.15650 0.004119140000 
0.15700 0.004025280000 
0.15750 0.003931400000 
0.15800 0.003839560000 
0.15850 0.003753040000 
0.15900 0.003666520000 
0.15950 0.003580000000 
0.16000 0.003495960000 
0.16050 0.003416460000 
0.16100 0.003336960000 
0.16150 0.003257480000 
0.16200 0.003180620000 
0.16250 0.003107520000 
0.16300 0.003034440000 
0.16350 0.002961360000 
0.16400 0.002891000000 
0.16450 0.002823840000 
0.16500 0.002756700000 
0.16550 0.002689560000 
0.16600 0.002625160000 
0.16650 0.002563600000 
0.16700 0.002502060000 
0.16750 0.002440500000 
0.16800 0.002381500000 
0.16850 0.002324940000 
0.16900 0.002268400000 
0.16950 0.002211840000 
0.17000 0.002157740000 
0.17050 0.002106000000 
0.17100 0.002054260000 
0.17150 0.002002500000 
0.17200 0.001952898000 
0.17250 0.001905432000 
0.17300 0.001857964000 
0.17350 0.001810498000 
0.17400 0.001764946000 
0.17450 0.001721518000 
0.17500 0.001678090000 
0.17550 0.001634662000 
0.17600 0.001592882000 
0.17650 0.001553260000 
0.17700 0.001513638000 
0.17750 0.001474016000 
0.17800 0.001435694000 
0.17850 0.001399514000 
0.17900 0.001363334000 
0.17950 0.001327154000 
0.18000 0.001291932000 
0.18050 0.001258864000 
0.18100 0.001225798000 
0.18150 0.001192732000 
0.18200 0.001160320000 
0.18250 0.001130192000 
0.18300 0.001100062000 
0.18350 0.001069932000 
0.18400 0.001040150000 
0.18450 0.001012786000 
0.18500 0.000985422000 
0.18550 0.000958056000 
0.18600 0.000930728000 
0.18650 0.000905796000 
0.18700 0.000880864000 
0.18750 0.000855932000 
0.18800 0.000830998000 
0.18850 0.000808158000 
0.18900 0.000785572000 
0.18950 0.000762984000 
0.19000 0.000740396000 
0.19050 0.000719366000 
0.19100 0.000698834000 
0.19150 0.000678300000 
0.19200 0.000657766000 
0.19250 0.000638422000 
0.19300 0.000619826000 
0.19350 0.000601228000 
0.19400 0.000582630000 
0.19450 0.000564856000 
0.19500 0.000548034000 
0.19550 0.000531214000 
0.19600 0.000514392000 
0.19650 0.000498068000 
0.19700 0.000482876000 
0.19750 0.000467682000 
0.19800 0.000452490000 
0.19850 0.000437510000 
0.19900 0.000423808000 
0.19950 0.000410108000 
0.20000 0.000396406000 
0.20050 0.000382706000 
0.20100 0.000370304000 
0.20150 0.000357932000 
0.20200 0.000345560000 
0.20250 0.000333188000 
0.20300 0.000321864000 
0.20350 0.000310778000 
0.20400 0.000299692000 
0.20450 0.000288608000 
0.20500 0.000278248000 
0.20550 0.000268272000 
0.20600 0.000258296000 
0.20650 0.000248322000 
0.20700 0.000238886000 
0.20750 0.000229986000 
0.20800 0.000221086000 
0.20850 0.000212186000 
0.20900 0.000203620000 
0.20950 0.000195645800 
0.21000 0.000187671000 
0.21050 0.000179696200 
0.21100 0.000171922600 
0.21150 0.000164796800 
0.21200 0.000157670800 
0.21250 0.000150545000 
0.21300 0.000143529200 
0.21350 0.000137229600 
0.21400 0.000130930000 
0.21450 0.000124630400 
0.21500 0.000118370200 
0.21550 0.000112781200 
0.21600 0.000107192200 
0.21650 0.000101603200 
0.21700 0.000096020800 
0.21750 0.000091126000 
0.21800 0.000086231200 
0.21850 0.000081336400 
0.21900 0.000076443200 
0.21950 0.000072148600 
0.22000 0.000067854000 
0.22050 0.000063559600 
0.22100 0.000059288000 
0.22150 0.000055552800 
0.22200 0.000051817600 
0.22250 0.000048082400 
0.22300 0.000044421000 
0.22350 0.000041238400 
0.22400 0.000038056000 
0.22450 0.000034873400 
0.22500 0.000031832600 
0.22550 0.000029141400 
0.22600 0.000026450400 
0.22650 0.000023759200 
0.22700 0.000021316600 
0.22750 0.000019108760 
0.22800 0.000016900940 
0.22850 0.000014693140 
0.22900 0.000012870780 
0.22950 0.000011132080 
0.23000 0.000009393380 
0.23050 0.000007756880 
0.23100 0.000006479440 
0.23150 0.000005202020 
0.23200 0.000003924580 
0.23250 0.000002998520 
0.23300 0.000002205280 
0.23350 0.000001412056 
