0.00000 118.878600000000 
0.00050 107.409200000000 
0.00100 95.939800000000 
0.00150 84.470400000000 
0.00200 73.001000000000 
0.00250 64.738400000000 
0.00300 57.432600000000 
0.00350 51.344000000000 
0.00400 46.380800000000 
0.00450 41.690600000000 
0.00500 38.172600000000 
0.00550 34.654600000000 
0.00600 31.878000000000 
0.00650 29.304200000000 
0.00700 26.933000000000 
0.00750 25.002200000000 
0.00800 23.071400000000 
0.00850 21.495600000000 
0.00900 20.017200000000 
0.00950 18.603700000000 
0.01000 17.451960000000 
0.01050 16.300220000000 
0.01100 15.284100000000 
0.01150 14.373440000000 
0.01200 13.462760000000 
0.01250 12.711760000000 
0.01300 11.982360000000 
0.01350 11.274780000000 
0.01400 10.683920000000 
0.01450 10.093080000000 
0.01500 9.544760000000 
0.01550 9.061320000000 
0.01600 8.577880000000 
0.01650 8.145040000000 
0.01700 7.745940000000 
0.01750 7.346860000000 
0.01800 6.999460000000 
0.01850 6.667340000000 
0.01900 6.335240000000 
0.01950 6.052280000000 
0.02000 5.773920000000 
0.02050 5.496860000000 
0.02100 5.262040000000 
0.02150 5.027200000000 
0.02200 4.796680000000 
0.02250 4.597380000000 
0.02300 4.398100000000 
0.02350 4.204340000000 
0.02400 4.034340000000 
0.02450 3.864320000000 
0.02500 3.699980000000 
0.02550 3.554220000000 
0.02600 3.408460000000 
0.02650 3.267980000000 
0.02700 3.142460000000 
0.02750 3.016940000000 
0.02800 2.895960000000 
0.02850 2.787420000000 
0.02900 2.678900000000 
0.02950 2.574020000000 
0.03000 2.479840000000 
0.03050 2.385640000000 
0.03100 2.294200000000 
0.03150 2.212180000000 
0.03200 2.130160000000 
0.03250 2.050020000000 
0.03300 1.978358000000 
0.03350 1.906704000000 
0.03400 1.836112000000 
0.03450 1.773334000000 
0.03500 1.710558000000 
0.03550 1.648104000000 
0.03600 1.592962000000 
0.03650 1.537818000000 
0.03700 1.482676000000 
0.03750 1.433786000000 
0.03800 1.385230000000 
0.03850 1.336672000000 
0.03900 1.292914000000 
0.03950 1.250060000000 
0.04000 1.207206000000 
0.04050 1.167914000000 
0.04100 1.130014000000 
0.04150 1.092114000000 
0.04200 1.056724000000 
0.04250 1.023138000000 
0.04300 0.989554000000 
0.04350 0.957588000000 
0.04400 0.927776000000 
0.04450 0.897966000000 
0.04500 0.869018000000 
0.04550 0.842510000000 
0.04600 0.816000000000 
0.04650 0.789724000000 
0.04700 0.766116000000 
0.04750 0.742508000000 
0.04800 0.718900000000 
0.04850 0.697548000000 
0.04900 0.676492000000 
0.04950 0.655436000000 
0.05000 0.635892000000 
0.05050 0.617088000000 
0.05100 0.598282000000 
0.05150 0.580364000000 
0.05200 0.563548000000 
0.05250 0.546732000000 
0.05300 0.530274000000 
0.05350 0.515218000000 
0.05400 0.500162000000 
0.05450 0.485106000000 
0.05500 0.471528000000 
0.05550 0.458032000000 
0.05600 0.444536000000 
0.05650 0.431976000000 
0.05700 0.419864000000 
0.05750 0.407754000000 
0.05800 0.396120000000 
0.05850 0.385242000000 
0.05900 0.374364000000 
0.05950 0.363578000000 
0.06000 0.353796000000 
0.06050 0.344014000000 
0.06100 0.334232000000 
0.06150 0.325200000000 
0.06200 0.316394000000 
0.06250 0.307590000000 
0.06300 0.299162000000 
0.06350 0.291230000000 
0.06400 0.283298000000 
0.06450 0.275432000000 
0.06500 0.268280000000 
0.06550 0.261128000000 
0.06600 0.253974000000 
0.06650 0.247324000000 
0.06700 0.240868000000 
0.06750 0.234414000000 
0.06800 0.228170000000 
0.06850 0.222340000000 
0.06900 0.216508000000 
0.06950 0.210678000000 
0.07000 0.205374000000 
0.07050 0.200102000000 
0.07100 0.194830800000 
0.07150 0.189827800000 
0.07200 0.185058200000 
0.07250 0.180288600000 
0.07300 0.175568400000 
0.07350 0.171249400000 
0.07400 0.166930200000 
0.07450 0.162611000000 
0.07500 0.158563200000 
0.07550 0.154648800000 
0.07600 0.150734600000 
0.07650 0.146898800000 
0.07700 0.143348600000 
0.07750 0.139798600000 
0.07800 0.136248400000 
0.07850 0.132942800000 
0.07900 0.129720600000 
0.07950 0.126498200000 
0.08000 0.123353400000 
0.08050 0.120426600000 
0.08100 0.117499600000 
0.08150 0.114572600000 
0.08200 0.111849000000 
0.08250 0.109187800000 
0.08300 0.106526800000 
0.08350 0.103926600000 
0.08400 0.101505800000 
0.08450 0.099085000000 
0.08500 0.096664400000 
0.08550 0.094401200000 
0.08600 0.092197200000 
0.08650 0.089993000000 
0.08700 0.087826000000 
0.08750 0.085818400000 
0.08800 0.083810800000 
0.08850 0.081803200000 
0.08900 0.079908200000 
0.08950 0.078077200000 
0.09000 0.076246400000 
0.09050 0.074427200000 
0.09100 0.072756800000 
0.09150 0.071086400000 
0.09200 0.069416000000 
0.09250 0.067817800000 
0.09300 0.066292600000 
0.09350 0.064767400000 
0.09400 0.063242000000 
0.09450 0.061836600000 
0.09500 0.060443200000 
0.09550 0.059049800000 
0.09600 0.057693200000 
0.09650 0.056418800000 
0.09700 0.055144400000 
0.09750 0.053870000000 
0.09800 0.052671400000 
0.09850 0.051505600000 
0.09900 0.050339800000 
0.09950 0.049181600000 
0.10000 0.048114200000 
0.10050 0.047046800000 
0.10100 0.045979400000 
0.10150 0.044951600000 
0.10200 0.043973800000 
0.10250 0.042996000000 
0.10300 0.042018200000 
0.10350 0.041105200000 
0.10400 0.040208800000 
0.10450 0.039312400000 
0.10500 0.038426800000 
0.10550 0.037604400000 
0.10600 0.036782200000 
0.10650 0.035959800000 
0.10700 0.035170200000 
0.10750 0.034415400000 
0.10800 0.033660600000 
0.10850 0.032906000000 
0.10900 0.032201200000 
0.10950 0.031508000000 
0.11000 0.030815000000 
0.11050 0.030129000000 
0.11100 0.029492000000 
0.11150 0.028855000000 
0.11200 0.028217800000 
0.11250 0.027603400000 
0.11300 0.027018000000 
0.11350 0.026432600000 
0.11400 0.025847000000 
0.11450 0.025296200000 
0.11500 0.024757600000 
0.11550 0.024218800000 
0.11600 0.023681400000 
0.11650 0.023185800000 
0.11700 0.022690200000 
0.11750 0.022194400000 
0.11800 0.021711200000 
0.11850 0.021254600000 
0.11900 0.020798000000 
0.11950 0.020341600000 
0.12000 0.019906520000 
0.12050 0.019486300000 
0.12100 0.019066080000 
0.12150 0.018645860000 
0.12200 0.018253900000 
0.12250 0.017866580000 
0.12300 0.017479260000 
0.12350 0.017095520000 
0.12400 0.016738380000 
0.12450 0.016381260000 
0.12500 0.016024120000 
0.12550 0.015677320000 
0.12600 0.015348120000 
0.12650 0.015018900000 
0.12700 0.014689700000 
0.12750 0.014376240000 
0.12800 0.014072700000 
0.12850 0.013769160000 
0.12900 0.013465620000 
0.12950 0.013181980000 
0.13000 0.012901880000 
0.13050 0.012621780000 
0.13100 0.012343340000 
0.13150 0.012085000000 
0.13200 0.011826640000 
0.13250 0.011568280000 
0.13300 0.011315800000 
0.13350 0.011077320000 
0.13400 0.010838840000 
0.13450 0.010600360000 
0.13500 0.010371160000 
0.13550 0.010151000000 
0.13600 0.009930820000 
0.13650 0.009710660000 
0.13700 0.009502600000 
0.13750 0.009299500000 
0.13800 0.009096380000 
0.13850 0.008893280000 
0.13900 0.008704260000 
0.13950 0.008516740000 
0.14000 0.008329240000 
0.14050 0.008142980000 
0.14100 0.007970040000 
0.14150 0.007797080000 
0.14200 0.007624140000 
0.14250 0.007454660000 
0.14300 0.007295020000 
0.14350 0.007135380000 
0.14400 0.006975740000 
0.14450 0.006821340000 
0.14500 0.006674000000 
0.14550 0.006526660000 
0.14600 0.006379340000 
0.14650 0.006238620000 
0.14700 0.006102680000 
0.14750 0.005966740000 
0.14800 0.005830800000 
0.14850 0.005702580000 
0.14900 0.005577320000 
0.14950 0.005452040000 
0.15000 0.005326760000 
0.15050 0.005209880000 
0.15100 0.005094360000 
0.15150 0.004978840000 
0.15200 0.004863320000 
0.15250 0.004756660000 
0.15300 0.004650180000 
0.15350 0.004543700000 
0.15400 0.004438000000 
0.15450 0.004339980000 
0.15500 0.004241980000 
0.15550 0.004143980000 
0.15600 0.004047460000 
0.15650 0.003957220000 
0.15700 0.003866960000 
0.15750 0.003776700000 
0.15800 0.003688420000 
0.15850 0.003605240000 
0.15900 0.003522080000 
0.15950 0.003438900000 
0.16000 0.003358100000 
0.16050 0.003281680000 
0.16100 0.003205260000 
0.16150 0.003128860000 
0.16200 0.003054980000 
0.16250 0.002984740000 
0.16300 0.002914480000 
0.16350 0.002844240000 
0.16400 0.002776620000 
0.16450 0.002712080000 
0.16500 0.002647560000 
0.16550 0.002583020000 
0.16600 0.002521120000 
0.16650 0.002461980000 
0.16700 0.002402820000 
0.16750 0.002343680000 
0.16800 0.002286960000 
0.16850 0.002232620000 
0.16900 0.002178280000 
0.16950 0.002123960000 
0.17000 0.002071980000 
0.17050 0.002022260000 
0.17100 0.001972532000 
0.17150 0.001922812000 
0.17200 0.001875150000 
0.17250 0.001829546000 
0.17300 0.001783942000 
0.17350 0.001738338000 
0.17400 0.001694576000 
0.17450 0.001652856000 
0.17500 0.001611136000 
0.17550 0.001569416000 
0.17600 0.001529282000 
0.17650 0.001491222000 
0.17700 0.001453160000 
0.17750 0.001415100000 
0.17800 0.001378288000 
0.17850 0.001343536000 
0.17900 0.001308786000 
0.17950 0.001274034000 
0.18000 0.001240204000 
0.18050 0.001208446000 
0.18100 0.001176686000 
0.18150 0.001144928000 
0.18200 0.001113800000 
0.18250 0.001084864000 
0.18300 0.001055930000 
0.18350 0.001026994000 
0.18400 0.000998394000 
0.18450 0.000972116000 
0.18500 0.000945838000 
0.18550 0.000919560000 
0.18600 0.000893316000 
0.18650 0.000869376000 
0.18700 0.000845434000 
0.18750 0.000821494000 
0.18800 0.000797554000 
0.18850 0.000775622000 
0.18900 0.000753936000 
0.18950 0.000732248000 
0.19000 0.000710562000 
0.19050 0.000690370000 
0.19100 0.000670656000 
0.19150 0.000650942000 
0.19200 0.000631228000 
0.19250 0.000612658000 
0.19300 0.000594804000 
0.19350 0.000576950000 
0.19400 0.000559098000 
0.19450 0.000542034000 
0.19500 0.000525886000 
0.19550 0.000509738000 
0.19600 0.000493592000 
0.19650 0.000477920000 
0.19700 0.000463338000 
0.19750 0.000448754000 
0.19800 0.000434172000 
0.19850 0.000419792000 
0.19900 0.000406642000 
0.19950 0.000393492000 
0.20000 0.000380340000 
0.20050 0.000367190000 
0.20100 0.000355288000 
0.20150 0.000343414000 
0.20200 0.000331540000 
0.20250 0.000319666000 
0.20300 0.000308798000 
0.20350 0.000298160000 
0.20400 0.000287520000 
0.20450 0.000276882000 
0.20500 0.000266942000 
0.20550 0.000257368000 
0.20600 0.000247796000 
0.20650 0.000238222000 
0.20700 0.000229168000 
0.20750 0.000220628000 
0.20800 0.000212088000 
0.20850 0.000203548000 
0.20900 0.000195329000 
0.20950 0.000187677200 
0.21000 0.000180025200 
0.21050 0.000172373200 
0.21100 0.000164914600 
0.21150 0.000158077800 
0.21200 0.000151241000 
0.21250 0.000144404000 
0.21300 0.000137672800 
0.21350 0.000131629000 
0.21400 0.000125585400 
0.21450 0.000119541600 
0.21500 0.000113535600 
0.21550 0.000108174000 
0.21600 0.000102812200 
0.21650 0.000097450600 
0.21700 0.000092095200 
0.21750 0.000087399800 
0.21800 0.000082704400 
0.21850 0.000078009000 
0.21900 0.000073315000 
0.21950 0.000069195600 
0.22000 0.000065076200 
0.22050 0.000060956800 
0.22100 0.000056859600 
0.22150 0.000053277000 
0.22200 0.000049694200 
0.22250 0.000046111600 
0.22300 0.000042599800 
0.22350 0.000039547400 
0.22400 0.000036495200 
0.22450 0.000033442800 
0.22500 0.000030526200 
0.22550 0.000027945400 
0.22600 0.000025364400 
0.22650 0.000022783600 
0.22700 0.000020441000 
0.22750 0.000018323740 
0.22800 0.000016206480 
0.22850 0.000014089200 
0.22900 0.000012341640 
0.22950 0.000010674340 
0.23000 0.000009007040 
0.23050 0.000007437760 
0.23100 0.000006212840 
0.23150 0.000004987920 
0.23200 0.000003763000 
0.23250 0.000002875040 
0.23300 0.000002114460 
0.23350 0.000001353890 
