0.00000 116.319000000000 
0.00050 105.066000000000 
0.00100 93.813200000000 
0.00150 82.560200000000 
0.00200 71.307400000000 
0.00250 63.208200000000 
0.00300 56.050000000000 
0.00350 50.087000000000 
0.00400 45.229400000000 
0.00450 40.639600000000 
0.00500 37.199600000000 
0.00550 33.759600000000 
0.00600 31.046000000000 
0.00650 28.531400000000 
0.00700 26.215200000000 
0.00750 24.330200000000 
0.00800 22.445200000000 
0.00850 20.907400000000 
0.00900 19.465120000000 
0.00950 18.086200000000 
0.01000 16.963240000000 
0.01050 15.840280000000 
0.01100 14.849860000000 
0.01150 13.962460000000 
0.01200 13.075080000000 
0.01250 12.343620000000 
0.01300 11.633260000000 
0.01350 10.944200000000 
0.01400 10.369080000000 
0.01450 9.793940000000 
0.01500 9.260320000000 
0.01550 8.789960000000 
0.01600 8.319620000000 
0.01650 7.898620000000 
0.01700 7.510520000000 
0.01750 7.122420000000 
0.01800 6.784700000000 
0.01850 6.461880000000 
0.01900 6.139080000000 
0.01950 5.864140000000 
0.02000 5.593680000000 
0.02050 5.324520000000 
0.02100 5.096440000000 
0.02150 4.868380000000 
0.02200 4.644500000000 
0.02250 4.451020000000 
0.02300 4.257560000000 
0.02350 4.069480000000 
0.02400 3.904480000000 
0.02450 3.739480000000 
0.02500 3.580040000000 
0.02550 3.438640000000 
0.02600 3.297240000000 
0.02650 3.160960000000 
0.02700 3.039240000000 
0.02750 2.917520000000 
0.02800 2.800220000000 
0.02850 2.695000000000 
0.02900 2.589800000000 
0.02950 2.488140000000 
0.03000 2.396860000000 
0.03050 2.305580000000 
0.03100 2.217000000000 
0.03150 2.137540000000 
0.03200 2.058060000000 
0.03250 1.980434000000 
0.03300 1.911040000000 
0.03350 1.841648000000 
0.03400 1.773286000000 
0.03450 1.712510000000 
0.03500 1.651734000000 
0.03550 1.591272000000 
0.03600 1.537904000000 
0.03650 1.484534000000 
0.03700 1.431164000000 
0.03750 1.383862000000 
0.03800 1.336880000000 
0.03850 1.289898000000 
0.03900 1.247572000000 
0.03950 1.206120000000 
0.04000 1.164668000000 
0.04050 1.126670000000 
0.04100 1.090022000000 
0.04150 1.053374000000 
0.04200 1.019156000000 
0.04250 0.986690000000 
0.04300 0.954222000000 
0.04350 0.923324000000 
0.04400 0.894512000000 
0.04450 0.865702000000 
0.04500 0.837728000000 
0.04550 0.812114000000 
0.04600 0.786502000000 
0.04650 0.761114000000 
0.04700 0.738310000000 
0.04750 0.715506000000 
0.04800 0.692702000000 
0.04850 0.672080000000 
0.04900 0.651748000000 
0.04950 0.631414000000 
0.05000 0.612544000000 
0.05050 0.594390000000 
0.05100 0.576234000000 
0.05150 0.558936000000 
0.05200 0.542704000000 
0.05250 0.526474000000 
0.05300 0.510590000000 
0.05350 0.496062000000 
0.05400 0.481532000000 
0.05450 0.467004000000 
0.05500 0.453904000000 
0.05550 0.440884000000 
0.05600 0.427864000000 
0.05650 0.415748000000 
0.05700 0.404066000000 
0.05750 0.392386000000 
0.05800 0.381166000000 
0.05850 0.370676000000 
0.05900 0.360186000000 
0.05950 0.349786000000 
0.06000 0.340354000000 
0.06050 0.330924000000 
0.06100 0.321494000000 
0.06150 0.312786000000 
0.06200 0.304300000000 
0.06250 0.295814000000 
0.06300 0.287692000000 
0.06350 0.280048000000 
0.06400 0.272404000000 
0.06450 0.264824000000 
0.06500 0.257932000000 
0.06550 0.251042000000 
0.06600 0.244150000000 
0.06650 0.237744000000 
0.06700 0.231526000000 
0.06750 0.225308000000 
0.06800 0.219296000000 
0.06850 0.213680000000 
0.06900 0.208064000000 
0.06950 0.202448000000 
0.07000 0.197342600000 
0.07050 0.192266600000 
0.07100 0.187190600000 
0.07150 0.182374000000 
0.07200 0.177782600000 
0.07250 0.173191000000 
0.07300 0.168647400000 
0.07350 0.164490400000 
0.07400 0.160333400000 
0.07450 0.156176400000 
0.07500 0.152281200000 
0.07550 0.148514600000 
0.07600 0.144748000000 
0.07650 0.141057000000 
0.07700 0.137641600000 
0.07750 0.134226000000 
0.07800 0.130810600000 
0.07850 0.127630800000 
0.07900 0.124531400000 
0.07950 0.121431800000 
0.08000 0.118407000000 
0.08050 0.115592200000 
0.08100 0.112777200000 
0.08150 0.109962400000 
0.08200 0.107343400000 
0.08250 0.104784600000 
0.08300 0.102226000000 
0.08350 0.099725800000 
0.08400 0.097398600000 
0.08450 0.095071400000 
0.08500 0.092744200000 
0.08550 0.090569000000 
0.08600 0.088450400000 
0.08650 0.086331800000 
0.08700 0.084249000000 
0.08750 0.082319800000 
0.08800 0.080390400000 
0.08850 0.078461000000 
0.08900 0.076640200000 
0.08950 0.074881000000 
0.09000 0.073121600000 
0.09050 0.071373800000 
0.09100 0.069769200000 
0.09150 0.068164400000 
0.09200 0.066559800000 
0.09250 0.065024600000 
0.09300 0.063559600000 
0.09350 0.062094600000 
0.09400 0.060629600000 
0.09450 0.059279800000 
0.09500 0.057941600000 
0.09550 0.056603600000 
0.09600 0.055300800000 
0.09650 0.054077200000 
0.09700 0.052853400000 
0.09750 0.051629800000 
0.09800 0.050479000000 
0.09850 0.049360000000 
0.09900 0.048240800000 
0.09950 0.047128800000 
0.10000 0.046104200000 
0.10050 0.045079800000 
0.10100 0.044055200000 
0.10150 0.043068800000 
0.10200 0.042130400000 
0.10250 0.041191800000 
0.10300 0.040253400000 
0.10350 0.039377400000 
0.10400 0.038517200000 
0.10450 0.037657000000 
0.10500 0.036807200000 
0.10550 0.036018400000 
0.10600 0.035229400000 
0.10650 0.034440600000 
0.10700 0.033683000000 
0.10750 0.032959000000 
0.10800 0.032235000000 
0.10850 0.031511000000 
0.10900 0.030835000000 
0.10950 0.030170400000 
0.11000 0.029505600000 
0.11050 0.028847800000 
0.11100 0.028236800000 
0.11150 0.027626000000 
0.11200 0.027015000000 
0.11250 0.026425800000 
0.11300 0.025864400000 
0.11350 0.025303200000 
0.11400 0.024741800000 
0.11450 0.024213800000 
0.11500 0.023697200000 
0.11550 0.023180800000 
0.11600 0.022665800000 
0.11650 0.022190600000 
0.11700 0.021715600000 
0.11750 0.021240400000 
0.11800 0.020777200000 
0.11850 0.020339600000 
0.11900 0.019902140000 
0.11950 0.019464620000 
0.12000 0.019047700000 
0.12050 0.018645040000 
0.12100 0.018242380000 
0.12150 0.017839700000 
0.12200 0.017464160000 
0.12250 0.017093060000 
0.12300 0.016721980000 
0.12350 0.016354320000 
0.12400 0.016012200000 
0.12450 0.015670080000 
0.12500 0.015327960000 
0.12550 0.014995760000 
0.12600 0.014680440000 
0.12650 0.014365120000 
0.12700 0.014049800000 
0.12750 0.013749580000 
0.12800 0.013458900000 
0.12850 0.013168200000 
0.12900 0.012877500000 
0.12950 0.012605900000 
0.13000 0.012337680000 
0.13050 0.012069460000 
0.13100 0.011802840000 
0.13150 0.011555500000 
0.13200 0.011308140000 
0.13250 0.011060780000 
0.13300 0.010819060000 
0.13350 0.010590760000 
0.13400 0.010362460000 
0.13450 0.010134160000 
0.13500 0.009914760000 
0.13550 0.009704040000 
0.13600 0.009493300000 
0.13650 0.009282580000 
0.13700 0.009083420000 
0.13750 0.008889040000 
0.13800 0.008694680000 
0.13850 0.008500300000 
0.13900 0.008319400000 
0.13950 0.008139980000 
0.14000 0.007960540000 
0.14050 0.007782320000 
0.14100 0.007616840000 
0.14150 0.007451360000 
0.14200 0.007285880000 
0.14250 0.007123740000 
0.14300 0.006971000000 
0.14350 0.006818280000 
0.14400 0.006665560000 
0.14450 0.006517860000 
0.14500 0.006376920000 
0.14550 0.006236000000 
0.14600 0.006095060000 
0.14650 0.005960480000 
0.14700 0.005830460000 
0.14750 0.005700420000 
0.14800 0.005570400000 
0.14850 0.005447800000 
0.14900 0.005328000000 
0.14950 0.005208200000 
0.15000 0.005088400000 
0.15050 0.004976620000 
0.15100 0.004866160000 
0.15150 0.004755700000 
0.15200 0.004645240000 
0.15250 0.004543280000 
0.15300 0.004441460000 
0.15350 0.004339660000 
0.15400 0.004238600000 
0.15450 0.004144900000 
0.15500 0.004051220000 
0.15550 0.003957540000 
0.15600 0.003865260000 
0.15650 0.003779000000 
0.15700 0.003692720000 
0.15750 0.003606460000 
0.15800 0.003522080000 
0.15850 0.003442580000 
0.15900 0.003363080000 
0.15950 0.003283580000 
0.16000 0.003206360000 
0.16050 0.003133340000 
0.16100 0.003060320000 
0.16150 0.002987300000 
0.16200 0.002916700000 
0.16250 0.002849580000 
0.16300 0.002782440000 
0.16350 0.002715320000 
0.16400 0.002650700000 
0.16450 0.002589060000 
0.16500 0.002527400000 
0.16550 0.002465740000 
0.16600 0.002406600000 
0.16650 0.002350100000 
0.16700 0.002293580000 
0.16750 0.002237080000 
0.16800 0.002182900000 
0.16850 0.002131000000 
0.16900 0.002079100000 
0.16950 0.002027200000 
0.17000 0.001977542000 
0.17050 0.001930052000 
0.17100 0.001882562000 
0.17150 0.001835072000 
0.17200 0.001789552000 
0.17250 0.001745998000 
0.17300 0.001702446000 
0.17350 0.001658892000 
0.17400 0.001617100000 
0.17450 0.001577260000 
0.17500 0.001537420000 
0.17550 0.001497580000 
0.17600 0.001459256000 
0.17650 0.001422914000 
0.17700 0.001386572000 
0.17750 0.001350228000 
0.17800 0.001315082000 
0.17850 0.001281902000 
0.17900 0.001248724000 
0.17950 0.001215544000 
0.18000 0.001183246000 
0.18050 0.001152926000 
0.18100 0.001122608000 
0.18150 0.001092290000 
0.18200 0.001062574000 
0.18250 0.001034954000 
0.18300 0.001007332000 
0.18350 0.000979712000 
0.18400 0.000952410000 
0.18450 0.000927328000 
0.18500 0.000902246000 
0.18550 0.000877164000 
0.18600 0.000852116000 
0.18650 0.000829268000 
0.18700 0.000806418000 
0.18750 0.000783570000 
0.18800 0.000760720000 
0.18850 0.000739792000 
0.18900 0.000719096000 
0.18950 0.000698400000 
0.19000 0.000677704000 
0.19050 0.000658436000 
0.19100 0.000639624000 
0.19150 0.000620814000 
0.19200 0.000602002000 
0.19250 0.000584282000 
0.19300 0.000567248000 
0.19350 0.000550212000 
0.19400 0.000533178000 
0.19450 0.000516898000 
0.19500 0.000501492000 
0.19550 0.000486086000 
0.19600 0.000470682000 
0.19650 0.000455730000 
0.19700 0.000441818000 
0.19750 0.000427906000 
0.19800 0.000413996000 
0.19850 0.000400278000 
0.19900 0.000387734000 
0.19950 0.000375190000 
0.20000 0.000362646000 
0.20050 0.000350100000 
0.20100 0.000338748000 
0.20150 0.000327422000 
0.20200 0.000316098000 
0.20250 0.000304772000 
0.20300 0.000294406000 
0.20350 0.000284260000 
0.20400 0.000274114000 
0.20450 0.000263966000 
0.20500 0.000254486000 
0.20550 0.000245356000 
0.20600 0.000236226000 
0.20650 0.000227098000 
0.20700 0.000218464000 
0.20750 0.000210320000 
0.20800 0.000202176000 
0.20850 0.000194032000 
0.20900 0.000186195000 
0.20950 0.000178898800 
0.21000 0.000171602400 
0.21050 0.000164306200 
0.21100 0.000157194400 
0.21150 0.000150676000 
0.21200 0.000144157400 
0.21250 0.000137639000 
0.21300 0.000131221200 
0.21350 0.000125459200 
0.21400 0.000119697400 
0.21450 0.000113935400 
0.21500 0.000108209600 
0.21550 0.000103098200 
0.21600 0.000097987000 
0.21650 0.000092875600 
0.21700 0.000087770400 
0.21750 0.000083294600 
0.21800 0.000078818800 
0.21850 0.000074343000 
0.21900 0.000069868600 
0.21950 0.000065942200 
0.22000 0.000062015800 
0.22050 0.000058089400 
0.22100 0.000054184000 
0.22150 0.000050769400 
0.22200 0.000047355000 
0.22250 0.000043940400 
0.22300 0.000040593200 
0.22350 0.000037684400 
0.22400 0.000034775400 
0.22450 0.000031866400 
0.22500 0.000029087000 
0.22550 0.000026627600 
0.22600 0.000024168000 
0.22650 0.000021708600 
0.22700 0.000019476320 
0.22750 0.000017458800 
0.22800 0.000015441280 
0.22850 0.000013423760 
0.22900 0.000011758640 
0.22950 0.000010169980 
0.23000 0.000008581340 
0.23050 0.000007086120 
0.23100 0.000005919060 
0.23150 0.000004752020 
0.23200 0.000003584960 
0.23250 0.000002739000 
0.23300 0.000002014400 
0.23350 0.000001289800 
