0.00000 113.733800000000 
0.00050 102.691400000000 
0.00100 91.649000000000 
0.00150 80.606400000000 
0.00200 69.564000000000 
0.00250 61.626400000000 
0.00300 54.615200000000 
0.00350 48.778200000000 
0.00400 44.027400000000 
0.00450 39.539000000000 
0.00500 36.178400000000 
0.00550 32.818000000000 
0.00600 30.169400000000 
0.00650 27.715400000000 
0.00700 25.455600000000 
0.00750 23.618000000000 
0.00800 21.780200000000 
0.00850 20.282000000000 
0.00900 18.877040000000 
0.00950 17.534040000000 
0.01000 16.441080000000 
0.01050 15.348120000000 
0.01100 14.384520000000 
0.01150 13.521480000000 
0.01200 12.658440000000 
0.01250 11.947520000000 
0.01300 11.257140000000 
0.01350 10.587540000000 
0.01400 10.028980000000 
0.01450 9.470420000000 
0.01500 8.952280000000 
0.01550 8.495800000000 
0.01600 8.039300000000 
0.01650 7.630840000000 
0.01700 7.254400000000 
0.01750 6.877960000000 
0.01800 6.550560000000 
0.01850 6.237640000000 
0.01900 5.924720000000 
0.01950 5.658340000000 
0.02000 5.396340000000 
0.02050 5.135560000000 
0.02100 4.914740000000 
0.02150 4.693920000000 
0.02200 4.477160000000 
0.02250 4.289960000000 
0.02300 4.102740000000 
0.02350 3.920740000000 
0.02400 3.761160000000 
0.02450 3.601600000000 
0.02500 3.447400000000 
0.02550 3.310700000000 
0.02600 3.174020000000 
0.02650 3.042300000000 
0.02700 2.924700000000 
0.02750 2.807100000000 
0.02800 2.693780000000 
0.02850 2.592180000000 
0.02900 2.490580000000 
0.02950 2.392440000000 
0.03000 2.304340000000 
0.03050 2.216240000000 
0.03100 2.130720000000 
0.03150 2.054060000000 
0.03200 1.977410000000 
0.03250 1.902516000000 
0.03300 1.835604000000 
0.03350 1.768690000000 
0.03400 1.702774000000 
0.03450 1.644196000000 
0.03500 1.585618000000 
0.03550 1.527344000000 
0.03600 1.475930000000 
0.03650 1.424514000000 
0.03700 1.373098000000 
0.03750 1.327546000000 
0.03800 1.282306000000 
0.03850 1.237064000000 
0.03900 1.196320000000 
0.03950 1.156422000000 
0.04000 1.116522000000 
0.04050 1.079960000000 
0.04100 1.044700000000 
0.04150 1.009438000000 
0.04200 0.976526000000 
0.04250 0.945302000000 
0.04300 0.914080000000 
0.04350 0.884368000000 
0.04400 0.856672000000 
0.04450 0.828976000000 
0.04500 0.802086000000 
0.04550 0.777476000000 
0.04600 0.752864000000 
0.04650 0.728468000000 
0.04700 0.706566000000 
0.04750 0.684662000000 
0.04800 0.662758000000 
0.04850 0.642958000000 
0.04900 0.623436000000 
0.04950 0.603912000000 
0.05000 0.585800000000 
0.05050 0.568374000000 
0.05100 0.550950000000 
0.05150 0.534350000000 
0.05200 0.518780000000 
0.05250 0.503208000000 
0.05300 0.487970000000 
0.05350 0.474036000000 
0.05400 0.460104000000 
0.05450 0.446170000000 
0.05500 0.433610000000 
0.05550 0.421130000000 
0.05600 0.408648000000 
0.05650 0.397034000000 
0.05700 0.385840000000 
0.05750 0.374648000000 
0.05800 0.363896000000 
0.05850 0.353848000000 
0.05900 0.343798000000 
0.05950 0.333836000000 
0.06000 0.324804000000 
0.06050 0.315774000000 
0.06100 0.306744000000 
0.06150 0.298408000000 
0.06200 0.290284000000 
0.06250 0.282160000000 
0.06300 0.274386000000 
0.06350 0.267072000000 
0.06400 0.259756000000 
0.06450 0.252504000000 
0.06500 0.245912000000 
0.06550 0.239318000000 
0.06600 0.232726000000 
0.06650 0.226600000000 
0.06700 0.220654000000 
0.06750 0.214708000000 
0.06800 0.208958000000 
0.06850 0.203590000000 
0.06900 0.198221200000 
0.06950 0.192852800000 
0.07000 0.187973800000 
0.07050 0.183123000000 
0.07100 0.178272000000 
0.07150 0.173669800000 
0.07200 0.169283400000 
0.07250 0.164897000000 
0.07300 0.160556400000 
0.07350 0.156586400000 
0.07400 0.152616400000 
0.07450 0.148646400000 
0.07500 0.144927000000 
0.07550 0.141331000000 
0.07600 0.137734800000 
0.07650 0.134211200000 
0.07700 0.130951400000 
0.07750 0.127691600000 
0.07800 0.124431800000 
0.07850 0.121397600000 
0.07900 0.118440400000 
0.07950 0.115483000000 
0.08000 0.112597200000 
0.08050 0.109912200000 
0.08100 0.107227200000 
0.08150 0.104542200000 
0.08200 0.102044800000 
0.08250 0.099604800000 
0.08300 0.097165000000 
0.08350 0.094781200000 
0.08400 0.092562800000 
0.08450 0.090344400000 
0.08500 0.088126000000 
0.08550 0.086052600000 
0.08600 0.084033600000 
0.08650 0.082014800000 
0.08700 0.080030000000 
0.08750 0.078191800000 
0.08800 0.076353800000 
0.08850 0.074515600000 
0.08900 0.072781200000 
0.08950 0.071105600000 
0.09000 0.069430000000 
0.09050 0.067765400000 
0.09100 0.066237400000 
0.09150 0.064709600000 
0.09200 0.063181600000 
0.09250 0.061720000000 
0.09300 0.060325400000 
0.09350 0.058931000000 
0.09400 0.057536400000 
0.09450 0.056251800000 
0.09500 0.054978400000 
0.09550 0.053705000000 
0.09600 0.052465400000 
0.09650 0.051301200000 
0.09700 0.050137200000 
0.09750 0.048973000000 
0.09800 0.047878400000 
0.09850 0.046814000000 
0.09900 0.045749400000 
0.09950 0.044691800000 
0.10000 0.043717600000 
0.10050 0.042743400000 
0.10100 0.041769400000 
0.10150 0.040831400000 
0.10200 0.039939400000 
0.10250 0.039047200000 
0.10300 0.038155000000 
0.10350 0.037322600000 
0.10400 0.036505200000 
0.10450 0.035687600000 
0.10500 0.034880000000 
0.10550 0.034130400000 
0.10600 0.033381000000 
0.10650 0.032631400000 
0.10700 0.031911600000 
0.10750 0.031224000000 
0.10800 0.030536200000 
0.10850 0.029848600000 
0.10900 0.029206600000 
0.10950 0.028575400000 
0.11000 0.027944200000 
0.11050 0.027319400000 
0.11100 0.026739400000 
0.11150 0.026159400000 
0.11200 0.025579400000 
0.11250 0.025020200000 
0.11300 0.024487400000 
0.11350 0.023954600000 
0.11400 0.023421800000 
0.11450 0.022920600000 
0.11500 0.022430600000 
0.11550 0.021940400000 
0.11600 0.021451600000 
0.11650 0.021001000000 
0.11700 0.020550200000 
0.11750 0.020099400000 
0.11800 0.019660000000 
0.11850 0.019245020000 
0.11900 0.018830060000 
0.11950 0.018415100000 
0.12000 0.018019720000 
0.12050 0.017637880000 
0.12100 0.017256060000 
0.12150 0.016874240000 
0.12200 0.016518200000 
0.12250 0.016166400000 
0.12300 0.015814600000 
0.12350 0.015466060000 
0.12400 0.015141800000 
0.12450 0.014817540000 
0.12500 0.014493280000 
0.12550 0.014178440000 
0.12600 0.013879660000 
0.12650 0.013580860000 
0.12700 0.013282060000 
0.12750 0.012997640000 
0.12800 0.012722240000 
0.12850 0.012446840000 
0.12900 0.012171440000 
0.12950 0.011914180000 
0.13000 0.011660140000 
0.13050 0.011406100000 
0.13100 0.011153580000 
0.13150 0.010919360000 
0.13200 0.010685120000 
0.13250 0.010450880000 
0.13300 0.010222000000 
0.13350 0.010005860000 
0.13400 0.009789740000 
0.13450 0.009573600000 
0.13500 0.009365900000 
0.13550 0.009166440000 
0.13600 0.008966980000 
0.13650 0.008767520000 
0.13700 0.008579040000 
0.13750 0.008395100000 
0.13800 0.008211160000 
0.13850 0.008027220000 
0.13900 0.007856060000 
0.13950 0.007686300000 
0.14000 0.007516540000 
0.14050 0.007347920000 
0.14100 0.007191380000 
0.14150 0.007034860000 
0.14200 0.006878320000 
0.14250 0.006724960000 
0.14300 0.006580520000 
0.14350 0.006436080000 
0.14400 0.006291640000 
0.14450 0.006151960000 
0.14500 0.006018720000 
0.14550 0.005885460000 
0.14600 0.005752200000 
0.14650 0.005624960000 
0.14700 0.005502040000 
0.14750 0.005379120000 
0.14800 0.005256220000 
0.14850 0.005140320000 
0.14900 0.005027100000 
0.14950 0.004913860000 
0.15000 0.004800620000 
0.15050 0.004695000000 
0.15100 0.004590620000 
0.15150 0.004486240000 
0.15200 0.004381860000 
0.15250 0.004285520000 
0.15300 0.004189320000 
0.15350 0.004093140000 
0.15400 0.003997660000 
0.15450 0.003909160000 
0.15500 0.003820680000 
0.15550 0.003732180000 
0.15600 0.003645020000 
0.15650 0.003563540000 
0.15700 0.003482060000 
0.15750 0.003400600000 
0.15800 0.003320900000 
0.15850 0.003245840000 
0.15900 0.003170780000 
0.15950 0.003095700000 
0.16000 0.003022800000 
0.16050 0.002953860000 
0.16100 0.002884920000 
0.16150 0.002815980000 
0.16200 0.002749320000 
0.16250 0.002685980000 
0.16300 0.002622620000 
0.16350 0.002559260000 
0.16400 0.002498260000 
0.16450 0.002440080000 
0.16500 0.002381880000 
0.16550 0.002323700000 
0.16600 0.002267900000 
0.16650 0.002214580000 
0.16700 0.002161260000 
0.16750 0.002107940000 
0.16800 0.002056820000 
0.16850 0.002007860000 
0.16900 0.001958890000 
0.16950 0.001909922000 
0.17000 0.001863086000 
0.17050 0.001818290000 
0.17100 0.001773496000 
0.17150 0.001728700000 
0.17200 0.001685764000 
0.17250 0.001644690000 
0.17300 0.001603616000 
0.17350 0.001562540000 
0.17400 0.001523128000 
0.17450 0.001485562000 
0.17500 0.001447996000 
0.17550 0.001410430000 
0.17600 0.001374294000 
0.17650 0.001340030000 
0.17700 0.001305768000 
0.17750 0.001271504000 
0.17800 0.001238368000 
0.17850 0.001207092000 
0.17900 0.001175816000 
0.17950 0.001144540000 
0.18000 0.001114096000 
0.18050 0.001085520000 
0.18100 0.001056946000 
0.18150 0.001028370000 
0.18200 0.001000364000 
0.18250 0.000974336000 
0.18300 0.000948308000 
0.18350 0.000922280000 
0.18400 0.000896552000 
0.18450 0.000872920000 
0.18500 0.000849286000 
0.18550 0.000825654000 
0.18600 0.000802054000 
0.18650 0.000780528000 
0.18700 0.000759004000 
0.18750 0.000737478000 
0.18800 0.000715952000 
0.18850 0.000696240000 
0.18900 0.000676744000 
0.18950 0.000657250000 
0.19000 0.000637756000 
0.19050 0.000619610000 
0.19100 0.000601892000 
0.19150 0.000584176000 
0.19200 0.000566460000 
0.19250 0.000549774000 
0.19300 0.000533732000 
0.19350 0.000517690000 
0.19400 0.000501650000 
0.19450 0.000486320000 
0.19500 0.000471816000 
0.19550 0.000457310000 
0.19600 0.000442806000 
0.19650 0.000428730000 
0.19700 0.000415634000 
0.19750 0.000402536000 
0.19800 0.000389440000 
0.19850 0.000376526000 
0.19900 0.000364720000 
0.19950 0.000352912000 
0.20000 0.000341104000 
0.20050 0.000329296000 
0.20100 0.000318612000 
0.20150 0.000307954000 
0.20200 0.000297294000 
0.20250 0.000286636000 
0.20300 0.000276880000 
0.20350 0.000267332000 
0.20400 0.000257784000 
0.20450 0.000248236000 
0.20500 0.000239316000 
0.20550 0.000230726000 
0.20600 0.000222136000 
0.20650 0.000213546000 
0.20700 0.000205422000 
0.20750 0.000197760600 
0.20800 0.000190099000 
0.20850 0.000182437400 
0.20900 0.000175064800 
0.20950 0.000168201600 
0.21000 0.000161338200 
0.21050 0.000154474800 
0.21100 0.000147785200 
0.21150 0.000141654400 
0.21200 0.000135523400 
0.21250 0.000129392400 
0.21300 0.000123356400 
0.21350 0.000117937600 
0.21400 0.000112519000 
0.21450 0.000107100200 
0.21500 0.000101715400 
0.21550 0.000096909200 
0.21600 0.000092103000 
0.21650 0.000087296800 
0.21700 0.000082496200 
0.21750 0.000078288000 
0.21800 0.000074080000 
0.21850 0.000069871800 
0.21900 0.000065664800 
0.21950 0.000061973600 
0.22000 0.000058282400 
0.22050 0.000054591200 
0.22100 0.000050919800 
0.22150 0.000047710200 
0.22200 0.000044500600 
0.22250 0.000041291000 
0.22300 0.000038144800 
0.22350 0.000035410800 
0.22400 0.000032676800 
0.22450 0.000029942600 
0.22500 0.000027330400 
0.22550 0.000025019000 
0.22600 0.000022707800 
0.22650 0.000020396400 
0.22700 0.000018298700 
0.22750 0.000016402920 
0.22800 0.000014507120 
0.22850 0.000012611340 
0.22900 0.000011046800 
0.22950 0.000009554180 
0.23000 0.000008061560 
0.23050 0.000006656720 
0.23100 0.000005560320 
0.23150 0.000004463940 
0.23200 0.000003367540 
0.23250 0.000002572840 
0.23300 0.000001892176 
0.23350 0.000001211516 
