0.00000 111.212400000000 
0.00050 100.375200000000 
0.00100 89.538000000000 
0.00150 78.701000000000 
0.00200 67.863800000000 
0.00250 60.083800000000 
0.00300 53.216200000000 
0.00350 47.502200000000 
0.00400 42.855200000000 
0.00450 38.465800000000 
0.00500 35.183000000000 
0.00550 31.900200000000 
0.00600 29.314600000000 
0.00650 26.920000000000 
0.00700 24.715400000000 
0.00750 22.923800000000 
0.00800 21.132200000000 
0.00850 19.672480000000 
0.00900 18.304000000000 
0.00950 16.996060000000 
0.01000 15.932340000000 
0.01050 14.868640000000 
0.01100 13.931200000000 
0.01150 13.091920000000 
0.01200 12.252620000000 
0.01250 11.561700000000 
0.01300 10.890840000000 
0.01350 10.240200000000 
0.01400 9.697800000000 
0.01450 9.155400000000 
0.01500 8.652360000000 
0.01550 8.209380000000 
0.01600 7.766380000000 
0.01650 7.370140000000 
0.01700 7.005080000000 
0.01750 6.640020000000 
0.01800 6.322640000000 
0.01850 6.019360000000 
0.01900 5.716080000000 
0.01950 5.458060000000 
0.02000 5.204280000000 
0.02050 4.951720000000 
0.02100 4.737940000000 
0.02150 4.524180000000 
0.02200 4.314380000000 
0.02250 4.133260000000 
0.02300 3.952120000000 
0.02350 3.776060000000 
0.02400 3.621760000000 
0.02450 3.467460000000 
0.02500 3.318380000000 
0.02550 3.186300000000 
0.02600 3.054200000000 
0.02650 2.926920000000 
0.02700 2.813340000000 
0.02750 2.699740000000 
0.02800 2.590300000000 
0.02850 2.492220000000 
0.02900 2.394140000000 
0.02950 2.299400000000 
0.03000 2.214380000000 
0.03050 2.129380000000 
0.03100 2.046880000000 
0.03150 1.972948000000 
0.03200 1.899018000000 
0.03250 1.826796000000 
0.03300 1.762294000000 
0.03350 1.697794000000 
0.03400 1.634258000000 
0.03450 1.577820000000 
0.03500 1.521382000000 
0.03550 1.465236000000 
0.03600 1.415722000000 
0.03650 1.366208000000 
0.03700 1.316694000000 
0.03750 1.272846000000 
0.03800 1.229298000000 
0.03850 1.185748000000 
0.03900 1.146544000000 
0.03950 1.108156000000 
0.04000 1.069768000000 
0.04050 1.034600000000 
0.04100 1.000690000000 
0.04150 0.966780000000 
0.04200 0.935136000000 
0.04250 0.905122000000 
0.04300 0.875106000000 
0.04350 0.846552000000 
0.04400 0.819940000000 
0.04450 0.793326000000 
0.04500 0.767492000000 
0.04550 0.743854000000 
0.04600 0.720216000000 
0.04650 0.696788000000 
0.04700 0.675758000000 
0.04750 0.654730000000 
0.04800 0.633702000000 
0.04850 0.614700000000 
0.04900 0.595964000000 
0.04950 0.577230000000 
0.05000 0.559852000000 
0.05050 0.543138000000 
0.05100 0.526424000000 
0.05150 0.510502000000 
0.05200 0.495572000000 
0.05250 0.480640000000 
0.05300 0.466030000000 
0.05350 0.452676000000 
0.05400 0.439320000000 
0.05450 0.425966000000 
0.05500 0.413932000000 
0.05550 0.401974000000 
0.05600 0.390014000000 
0.05650 0.378890000000 
0.05700 0.368170000000 
0.05750 0.357450000000 
0.05800 0.347154000000 
0.05850 0.337534000000 
0.05900 0.327912000000 
0.05950 0.318374000000 
0.06000 0.309732000000 
0.06050 0.301090000000 
0.06100 0.292446000000 
0.06150 0.284472000000 
0.06200 0.276700000000 
0.06250 0.268928000000 
0.06300 0.261492000000 
0.06350 0.254496000000 
0.06400 0.247502000000 
0.06450 0.240566000000 
0.06500 0.234264000000 
0.06550 0.227962000000 
0.06600 0.221660000000 
0.06650 0.215804000000 
0.06700 0.210122000000 
0.06750 0.204438000000 
0.06800 0.198944800000 
0.06850 0.193816400000 
0.06900 0.188688000000 
0.06950 0.183559600000 
0.07000 0.178900000000 
0.07050 0.174267600000 
0.07100 0.169635200000 
0.07150 0.165241000000 
0.07200 0.161053400000 
0.07250 0.156865800000 
0.07300 0.152722400000 
0.07350 0.148933600000 
0.07400 0.145144800000 
0.07450 0.141356000000 
0.07500 0.137807400000 
0.07550 0.134376600000 
0.07600 0.130946000000 
0.07650 0.127584600000 
0.07700 0.124475600000 
0.07750 0.121366800000 
0.07800 0.118257800000 
0.07850 0.115364800000 
0.07900 0.112545400000 
0.07950 0.109725800000 
0.08000 0.106974600000 
0.08050 0.104415600000 
0.08100 0.101856600000 
0.08150 0.099297600000 
0.08200 0.096917800000 
0.08250 0.094593200000 
0.08300 0.092268600000 
0.08350 0.089997400000 
0.08400 0.087884200000 
0.08450 0.085771200000 
0.08500 0.083658200000 
0.08550 0.081683800000 
0.08600 0.079761400000 
0.08650 0.077839000000 
0.08700 0.075949200000 
0.08750 0.074199400000 
0.08800 0.072449800000 
0.08850 0.070700000000 
0.08900 0.069049200000 
0.08950 0.067454800000 
0.09000 0.065860200000 
0.09050 0.064276000000 
0.09100 0.062822400000 
0.09150 0.061368800000 
0.09200 0.059915200000 
0.09250 0.058525000000 
0.09300 0.057198600000 
0.09350 0.055872400000 
0.09400 0.054546000000 
0.09450 0.053324800000 
0.09500 0.052114000000 
0.09550 0.050903200000 
0.09600 0.049724600000 
0.09650 0.048618000000 
0.09700 0.047511600000 
0.09750 0.046405000000 
0.09800 0.045364800000 
0.09850 0.044353200000 
0.09900 0.043341800000 
0.09950 0.042336800000 
0.10000 0.041411400000 
0.10050 0.040485800000 
0.10100 0.039560400000 
0.10150 0.038669600000 
0.10200 0.037822400000 
0.10250 0.036975000000 
0.10300 0.036127800000 
0.10350 0.035337400000 
0.10400 0.034561200000 
0.10450 0.033785000000 
0.10500 0.033018200000 
0.10550 0.032306800000 
0.10600 0.031595200000 
0.10650 0.030883800000 
0.10700 0.030200600000 
0.10750 0.029548000000 
0.10800 0.028895600000 
0.10850 0.028243000000 
0.10900 0.027633800000 
0.10950 0.027035000000 
0.11000 0.026436200000 
0.11050 0.025843600000 
0.11100 0.025293400000 
0.11150 0.024743200000 
0.11200 0.024193200000 
0.11250 0.023662800000 
0.11300 0.023157600000 
0.11350 0.022652400000 
0.11400 0.022147200000 
0.11450 0.021672000000 
0.11500 0.021207400000 
0.11550 0.020743000000 
0.11600 0.020279600000 
0.11650 0.019852420000 
0.11700 0.019425240000 
0.11750 0.018998060000 
0.11800 0.018581600000 
0.11850 0.018188440000 
0.11900 0.017795260000 
0.11950 0.017402080000 
0.12000 0.017027520000 
0.12050 0.016665840000 
0.12100 0.016304160000 
0.12150 0.015942480000 
0.12200 0.015605280000 
0.12250 0.015272120000 
0.12300 0.014938960000 
0.12350 0.014608900000 
0.12400 0.014301900000 
0.12450 0.013994900000 
0.12500 0.013687900000 
0.12550 0.013389840000 
0.12600 0.013107020000 
0.12650 0.012824200000 
0.12700 0.012541360000 
0.12750 0.012272160000 
0.12800 0.012011560000 
0.12850 0.011750940000 
0.12900 0.011490320000 
0.12950 0.011246920000 
0.13000 0.011006560000 
0.13050 0.010766220000 
0.13100 0.010527300000 
0.13150 0.010305740000 
0.13200 0.010084200000 
0.13250 0.009862640000 
0.13300 0.009646160000 
0.13350 0.009441760000 
0.13400 0.009237360000 
0.13450 0.009032960000 
0.13500 0.008836580000 
0.13550 0.008648000000 
0.13600 0.008459420000 
0.13650 0.008270840000 
0.13700 0.008092680000 
0.13750 0.007918800000 
0.13800 0.007744920000 
0.13850 0.007571060000 
0.13900 0.007409300000 
0.13950 0.007248880000 
0.14000 0.007088460000 
0.14050 0.006929100000 
0.14100 0.006781200000 
0.14150 0.006633320000 
0.14200 0.006485420000 
0.14250 0.006340520000 
0.14300 0.006204080000 
0.14350 0.006067640000 
0.14400 0.005931200000 
0.14450 0.005799280000 
0.14500 0.005673420000 
0.14550 0.005547580000 
0.14600 0.005421740000 
0.14650 0.005301580000 
0.14700 0.005185520000 
0.14750 0.005069460000 
0.14800 0.004953400000 
0.14850 0.004844000000 
0.14900 0.004737100000 
0.14950 0.004630200000 
0.15000 0.004523320000 
0.15050 0.004423620000 
0.15100 0.004325100000 
0.15150 0.004226580000 
0.15200 0.004128060000 
0.15250 0.004037160000 
0.15300 0.003946380000 
0.15350 0.003855620000 
0.15400 0.003765520000 
0.15450 0.003682040000 
0.15500 0.003598540000 
0.15550 0.003515040000 
0.15600 0.003432820000 
0.15650 0.003355980000 
0.15700 0.003279120000 
0.15750 0.003202260000 
0.15800 0.003127100000 
0.15850 0.003056300000 
0.15900 0.002985520000 
0.15950 0.002914720000 
0.16000 0.002845960000 
0.16050 0.002780960000 
0.16100 0.002715960000 
0.16150 0.002650960000 
0.16200 0.002588120000 
0.16250 0.002528400000 
0.16300 0.002468660000 
0.16350 0.002408940000 
0.16400 0.002351440000 
0.16450 0.002296600000 
0.16500 0.002241760000 
0.16550 0.002186920000 
0.16600 0.002134320000 
0.16650 0.002084080000 
0.16700 0.002033820000 
0.16750 0.001983578000 
0.16800 0.001935418000 
0.16850 0.001889278000 
0.16900 0.001843140000 
0.16950 0.001797002000 
0.17000 0.001752878000 
0.17050 0.001710680000 
0.17100 0.001668480000 
0.17150 0.001626282000 
0.17200 0.001585838000 
0.17250 0.001547152000 
0.17300 0.001508464000 
0.17350 0.001469778000 
0.17400 0.001432660000 
0.17450 0.001397284000 
0.17500 0.001361908000 
0.17550 0.001326530000 
0.17600 0.001292504000 
0.17650 0.001260244000 
0.17700 0.001227982000 
0.17750 0.001195722000 
0.17800 0.001164524000 
0.17850 0.001135082000 
0.17900 0.001105638000 
0.17950 0.001076196000 
0.18000 0.001047536000 
0.18050 0.001020640000 
0.18100 0.000993744000 
0.18150 0.000966848000 
0.18200 0.000940490000 
0.18250 0.000915994000 
0.18300 0.000891500000 
0.18350 0.000867006000 
0.18400 0.000842794000 
0.18450 0.000820558000 
0.18500 0.000798320000 
0.18550 0.000776084000 
0.18600 0.000753876000 
0.18650 0.000733626000 
0.18700 0.000713376000 
0.18750 0.000693124000 
0.18800 0.000672874000 
0.18850 0.000654330000 
0.18900 0.000635992000 
0.18950 0.000617654000 
0.19000 0.000599318000 
0.19050 0.000582250000 
0.19100 0.000565588000 
0.19150 0.000548926000 
0.19200 0.000532262000 
0.19250 0.000516570000 
0.19300 0.000501486000 
0.19350 0.000486402000 
0.19400 0.000471316000 
0.19450 0.000456902000 
0.19500 0.000443264000 
0.19550 0.000429626000 
0.19600 0.000415990000 
0.19650 0.000402756000 
0.19700 0.000390444000 
0.19750 0.000378132000 
0.19800 0.000365820000 
0.19850 0.000353680000 
0.19900 0.000342580000 
0.19950 0.000331482000 
0.20000 0.000320384000 
0.20050 0.000309284000 
0.20100 0.000299244000 
0.20150 0.000289226000 
0.20200 0.000279208000 
0.20250 0.000269190000 
0.20300 0.000260024000 
0.20350 0.000251052000 
0.20400 0.000242080000 
0.20450 0.000233106000 
0.20500 0.000224724000 
0.20550 0.000216654000 
0.20600 0.000208584000 
0.20650 0.000200512000 
0.20700 0.000192880200 
0.20750 0.000185682600 
0.20800 0.000178484800 
0.20850 0.000171287200 
0.20900 0.000164361200 
0.20950 0.000157914400 
0.21000 0.000151467600 
0.21050 0.000145020800 
0.21100 0.000138737200 
0.21150 0.000132979000 
0.21200 0.000127221000 
0.21250 0.000121462800 
0.21300 0.000115793800 
0.21350 0.000110705200 
0.21400 0.000105616600 
0.21450 0.000100528000 
0.21500 0.000095471200 
0.21550 0.000090958400 
0.21600 0.000086445600 
0.21650 0.000081932800 
0.21700 0.000077425400 
0.21750 0.000073474400 
0.21800 0.000069523600 
0.21850 0.000065572800 
0.21900 0.000061623200 
0.21950 0.000058158200 
0.22000 0.000054693200 
0.22050 0.000051228200 
0.22100 0.000047781800 
0.22150 0.000044769200 
0.22200 0.000041756600 
0.22250 0.000038744000 
0.22300 0.000035791000 
0.22350 0.000033225200 
0.22400 0.000030659200 
0.22450 0.000028093400 
0.22500 0.000025641800 
0.22550 0.000023473000 
0.22600 0.000021304000 
0.22650 0.000019135100 
0.22700 0.000017166760 
0.22750 0.000015387980 
0.22800 0.000013609220 
0.22850 0.000011830460 
0.22900 0.000010362620 
0.22950 0.000008962280 
0.23000 0.000007561960 
0.23050 0.000006244020 
0.23100 0.000005215540 
0.23150 0.000004187060 
0.23200 0.000003158580 
0.23250 0.000002413140 
0.23300 0.000001774712 
0.23350 0.000001136282 
