0.00000 148.197800000000 
0.00050 127.875400000000 
0.00100 107.552800000000 
0.00150 87.230400000000 
0.00200 66.907800000000 
0.00250 53.899800000000 
0.00300 43.073800000000 
0.00350 34.731400000000 
0.00400 28.685600000000 
0.00450 23.117600000000 
0.00500 19.601520000000 
0.00550 16.085420000000 
0.00600 13.668760000000 
0.00650 11.552940000000 
0.00700 9.690800000000 
0.00750 8.380300000000 
0.00800 7.069800000000 
0.00850 6.134540000000 
0.00900 5.302440000000 
0.00950 4.528380000000 
0.01000 3.988560000000 
0.01050 3.448720000000 
0.01100 3.011820000000 
0.01150 2.654900000000 
0.01200 2.298000000000 
0.01250 2.044120000000 
0.01300 1.804164000000 
0.01350 1.576214000000 
0.01400 1.412464000000 
0.01450 1.248714000000 
0.01500 1.104962000000 
0.01550 0.991708000000 
0.01600 0.878452000000 
0.01650 0.785574000000 
0.01700 0.706288000000 
0.01750 0.627002000000 
0.01800 0.565598000000 
0.01850 0.509482000000 
0.01900 0.453366000000 
0.01950 0.411880000000 
0.02000 0.371762000000 
0.02050 0.331982000000 
0.02100 0.303040000000 
0.02150 0.274098000000 
0.02200 0.246110000000 
0.02250 0.225054000000 
0.02300 0.203998000000 
0.02350 0.184002800000 
0.02400 0.168566000000 
0.02450 0.153129200000 
0.02500 0.138640200000 
0.02550 0.127242200000 
0.02600 0.115844200000 
0.02650 0.105208600000 
0.02700 0.096737200000 
0.02750 0.088266000000 
0.02800 0.080365400000 
0.02850 0.074030800000 
0.02900 0.067696200000 
0.02950 0.061763200000 
0.03000 0.056999400000 
0.03050 0.052235800000 
0.03100 0.047735800000 
0.03150 0.044134400000 
0.03200 0.040533200000 
0.03250 0.037088800000 
0.03300 0.034352800000 
0.03350 0.031617000000 
0.03400 0.028958600000 
0.03450 0.026870400000 
0.03500 0.024782400000 
0.03550 0.022714800000 
0.03600 0.021114400000 
0.03650 0.019513780000 
0.03700 0.017913220000 
0.03750 0.016662840000 
0.03800 0.015431040000 
0.03850 0.014199220000 
0.03900 0.013203260000 
0.03950 0.012251620000 
0.04000 0.011299980000 
0.04050 0.010502060000 
0.04100 0.009764220000 
0.04150 0.009026380000 
0.04200 0.008383780000 
0.04250 0.007809760000 
0.04300 0.007235720000 
0.04350 0.006715760000 
0.04400 0.006267740000 
0.04450 0.005819720000 
0.04500 0.005397180000 
0.04550 0.005046420000 
0.04600 0.004695680000 
0.04650 0.004350960000 
0.04700 0.004075560000 
0.04750 0.003800160000 
0.04800 0.003524780000 
0.04850 0.003301100000 
0.04900 0.003084260000 
0.04950 0.002867440000 
0.05000 0.002681260000 
0.05050 0.002510080000 
0.05100 0.002338920000 
0.05150 0.002183620000 
0.05200 0.002048140000 
0.05250 0.001912658000 
0.05300 0.001782868000 
0.05350 0.001675378000 
0.05400 0.001567886000 
0.05450 0.001460396000 
0.05500 0.001373734000 
0.05550 0.001288250000 
0.05600 0.001202764000 
0.05650 0.001128980000 
0.05700 0.001060840000 
0.05750 0.000992702000 
0.05800 0.000929868000 
0.05850 0.000875436000 
0.05900 0.000821004000 
0.05950 0.000767488000 
0.06000 0.000723912000 
0.06050 0.000680334000 
0.06100 0.000636758000 
0.06150 0.000599788000 
0.06200 0.000564830000 
0.06250 0.000529872000 
0.06300 0.000497884000 
0.06350 0.000469784000 
0.06400 0.000441684000 
0.06450 0.000414044000 
0.06500 0.000391410000 
0.06550 0.000368778000 
0.06600 0.000346144000 
0.06650 0.000326658000 
0.06700 0.000308394000 
0.06750 0.000290130000 
0.06800 0.000273056000 
0.06850 0.000258290000 
0.06900 0.000243524000 
0.06950 0.000228758000 
0.07000 0.000216646000 
0.07050 0.000204686000 
0.07100 0.000192725200 
0.07150 0.000181972600 
0.07200 0.000172267800 
0.07250 0.000162563200 
0.07300 0.000153058600 
0.07350 0.000145170000 
0.07400 0.000137281400 
0.07450 0.000129392800 
0.07500 0.000122486000 
0.07550 0.000116062600 
0.07600 0.000109639000 
0.07650 0.000103470600 
0.07700 0.000098231200 
0.07750 0.000092991800 
0.07800 0.000087752400 
0.07850 0.000083228000 
0.07900 0.000078947400 
0.07950 0.000074666600 
0.08000 0.000070589800 
0.08050 0.000067086400 
0.08100 0.000063583200 
0.08150 0.000060080000 
0.08200 0.000057059400 
0.08250 0.000054187800 
0.08300 0.000051316200 
0.08350 0.000048574400 
0.08400 0.000046216800 
0.08450 0.000043859200 
0.08500 0.000041501600 
0.08550 0.000039448600 
0.08600 0.000037510000 
0.08650 0.000035571200 
0.08700 0.000033697200 
0.08750 0.000032100600 
0.08800 0.000030503800 
0.08850 0.000028907200 
0.08900 0.000027488800 
0.08950 0.000026171800 
0.09000 0.000024854800 
0.09050 0.000023554600 
0.09100 0.000022466800 
0.09150 0.000021378800 
0.09200 0.000020291000 
0.09250 0.000019296400 
0.09300 0.000018396380 
0.09350 0.000017496360 
0.09400 0.000016596340 
0.09450 0.000015836600 
0.09500 0.000015090960 
0.09550 0.000014345300 
0.09600 0.000013638860 
0.09650 0.000013020220 
0.09700 0.000012401580 
0.09750 0.000011782940 
0.09800 0.000011237280 
0.09850 0.000010723320 
0.09900 0.000010209340 
0.09950 0.000009701840 
0.10000 0.000009274220 
0.10050 0.000008846620 
0.10100 0.000008419020 
0.10150 0.000008022960 
0.10200 0.000007666720 
0.10250 0.000007310480 
0.10300 0.000006954260 
0.10350 0.000006645200 
0.10400 0.000006348040 
0.10450 0.000006050880 
0.10500 0.000005760840 
0.10550 0.000005512640 
0.10600 0.000005264440 
0.10650 0.000005016220 
0.10700 0.000004787620 
0.10750 0.000004580040 
0.10800 0.000004372460 
0.10850 0.000004164900 
0.10900 0.000003984660 
0.10950 0.000003810860 
0.11000 0.000003637040 
0.11050 0.000003466840 
0.11100 0.000003321120 
0.11150 0.000003175400 
0.11200 0.000003029680 
0.11250 0.000002894220 
0.11300 0.000002771920 
0.11350 0.000002649620 
0.11400 0.000002527320 
0.11450 0.000002419440 
0.11500 0.000002316680 
0.11550 0.000002213900 
0.11600 0.000002111640 
0.11650 0.000002025200 
0.11700 0.000001938738 
0.11750 0.000001852286 
0.11800 0.000001770136 
0.11850 0.000001697330 
0.11900 0.000001624526 
0.11950 0.000001551722 
0.12000 0.000001485674 
0.12050 0.000001424300 
0.12100 0.000001362926 
0.12150 0.000001301554 
0.12200 0.000001248410 
0.12250 0.000001196618 
0.12300 0.000001144828 
0.12350 0.000001093990 
0.12400 0.000001050244 
0.12450 0.000001006498 
0.12500 0.000000962752 
0.12550 0.000000921508 
0.12600 0.000000884522 
0.12650 0.000000847536 
0.12700 0.000000810552 
0.12750 0.000000777056 
0.12800 0.000000745758 
0.12850 0.000000714460 
0.12900 0.000000683164 
0.12950 0.000000655934 
0.13000 0.000000629426 
0.13050 0.000000602918 
0.13100 0.000000576720 
0.13150 0.000000554250 
0.13200 0.000000531782 
0.13250 0.000000509312 
0.13300 0.000000487852 
0.13350 0.000000468790 
0.13400 0.000000449728 
0.13450 0.000000430668 
0.13500 0.000000413064 
0.13550 0.000000396882 
0.13600 0.000000380700 
0.13650 0.000000364518 
0.13700 0.000000350062 
0.13750 0.000000336314 
0.13800 0.000000322566 
0.13850 0.000000308820 
0.13900 0.000000296930 
0.13950 0.000000285242 
0.14000 0.000000273556 
0.14050 0.000000262018 
0.14100 0.000000252076 
0.14150 0.000000242134 
0.14200 0.000000232194 
0.14250 0.000000222638 
0.14300 0.000000214176 
0.14350 0.000000205712 
0.14400 0.000000197251 
0.14450 0.000000189323 
0.14500 0.000000182116 
0.14550 0.000000174909 
0.14600 0.000000167702 
0.14650 0.000000161114 
0.14700 0.000000154973 
0.14750 0.000000148832 
0.14800 0.000000142690 
0.14850 0.000000137206 
0.14900 0.000000131971 
0.14950 0.000000126736 
0.15000 0.000000121501 
0.15050 0.000000116927 
0.15100 0.000000112462 
0.15150 0.000000107997 
0.15200 0.000000103532 
0.15250 0.000000099710 
0.15300 0.000000095900 
0.15350 0.000000092090 
0.15400 0.000000088332 
0.15450 0.000000085080 
0.15500 0.000000081829 
0.15550 0.000000078577 
0.15600 0.000000075416 
0.15650 0.000000072639 
0.15700 0.000000069863 
0.15750 0.000000067086 
0.15800 0.000000064422 
0.15850 0.000000062050 
0.15900 0.000000059678 
0.15950 0.000000057306 
0.16000 0.000000055056 
0.16050 0.000000053029 
0.16100 0.000000051003 
0.16150 0.000000048977 
0.16200 0.000000047072 
0.16250 0.000000045340 
0.16300 0.000000043609 
0.16350 0.000000041877 
0.16400 0.000000040261 
0.16450 0.000000038780 
0.16500 0.000000037300 
0.16550 0.000000035820 
0.16600 0.000000034445 
0.16650 0.000000033180 
0.16700 0.000000031915 
0.16750 0.000000030650 
0.16800 0.000000029478 
0.16850 0.000000028396 
0.16900 0.000000027314 
0.16950 0.000000026232 
0.17000 0.000000025230 
0.17050 0.000000024305 
0.17100 0.000000023380 
0.17150 0.000000022455 
0.17200 0.000000021597 
0.17250 0.000000020805 
0.17300 0.000000020014 
0.17350 0.000000019222 
0.17400 0.000000018485 
0.17450 0.000000017808 
0.17500 0.000000017131 
0.17550 0.000000016455 
0.17600 0.000000015820 
0.17650 0.000000015241 
0.17700 0.000000014663 
0.17750 0.000000014084 
0.17800 0.000000013537 
0.17850 0.000000013042 
0.17900 0.000000012546 
0.17950 0.000000012051 
0.18000 0.000000011578 
0.18050 0.000000011155 
0.18100 0.000000010731 
0.18150 0.000000010307 
0.18200 0.000000009897 
0.18250 0.000000009535 
0.18300 0.000000009173 
0.18350 0.000000008810 
0.18400 0.000000008454 
0.18450 0.000000008145 
0.18500 0.000000007835 
0.18550 0.000000007525 
0.18600 0.000000007216 
0.18650 0.000000006951 
0.18700 0.000000006686 
0.18750 0.000000006421 
0.18800 0.000000006156 
0.18850 0.000000005925 
0.18900 0.000000005699 
0.18950 0.000000005472 
0.19000 0.000000005246 
0.19050 0.000000005044 
0.19100 0.000000004850 
0.19150 0.000000004657 
0.19200 0.000000004463 
0.19250 0.000000004287 
0.19300 0.000000004121 
0.19350 0.000000003955 
0.19400 0.000000003790 
0.19450 0.000000003635 
0.19500 0.000000003494 
0.19550 0.000000003352 
0.19600 0.000000003211 
0.19650 0.000000003076 
0.19700 0.000000002955 
0.19750 0.000000002834 
0.19800 0.000000002713 
0.19850 0.000000002595 
0.19900 0.000000002492 
0.19950 0.000000002389 
0.20000 0.000000002285 
0.20050 0.000000002182 
0.20100 0.000000002094 
0.20150 0.000000002006 
0.20200 0.000000001918 
0.20250 0.000000001830 
0.20300 0.000000001752 
0.20350 0.000000001677 
0.20400 0.000000001602 
0.20450 0.000000001527 
0.20500 0.000000001459 
0.20550 0.000000001395 
0.20600 0.000000001331 
0.20650 0.000000001267 
0.20700 0.000000001208 
0.20750 0.000000001154 
0.20800 0.000000001100 
0.20850 0.000000001045 
0.20900 0.000000000994 
0.20950 0.000000000948 
0.21000 0.000000000901 
0.21050 0.000000000855 
0.21100 0.000000000811 
0.21150 0.000000000771 
0.21200 0.000000000732 
0.21250 0.000000000693 
0.21300 0.000000000654 
0.21350 0.000000000621 
0.21400 0.000000000588 
0.21450 0.000000000555 
0.21500 0.000000000522 
0.21550 0.000000000494 
0.21600 0.000000000466 
0.21650 0.000000000438 
0.21700 0.000000000410 
0.21750 0.000000000386 
0.21800 0.000000000363 
0.21850 0.000000000340 
0.21900 0.000000000316 
0.21950 0.000000000296 
0.22000 0.000000000277 
0.22050 0.000000000257 
0.22100 0.000000000238 
0.22150 0.000000000221 
0.22200 0.000000000205 
0.22250 0.000000000189 
0.22300 0.000000000173 
0.22350 0.000000000159 
0.22400 0.000000000146 
0.22450 0.000000000133 
0.22500 0.000000000120 
0.22550 0.000000000109 
0.22600 0.000000000099 
0.22650 0.000000000088 
0.22700 0.000000000078 
0.22750 0.000000000070 
0.22800 0.000000000061 
0.22850 0.000000000053 
0.22900 0.000000000046 
0.22950 0.000000000039 
0.23000 0.000000000033 
0.23050 0.000000000027 
0.23100 0.000000000022 
0.23150 0.000000000018 
0.23200 0.000000000013 
0.23250 0.000000000010 
0.23300 0.000000000007 
0.23350 0.000000000005 
