0.00000 108.458400000000 
0.00050 97.849000000000 
0.00100 87.239400000000 
0.00150 76.630000000000 
0.00200 66.020400000000 
0.00250 58.414200000000 
0.00300 51.704200000000 
0.00350 46.125200000000 
0.00400 41.592000000000 
0.00450 37.310800000000 
0.00500 34.112600000000 
0.00550 30.914200000000 
0.00600 28.397400000000 
0.00650 26.067000000000 
0.00700 23.922200000000 
0.00750 22.180600000000 
0.00800 20.439000000000 
0.00850 19.020940000000 
0.00900 17.691880000000 
0.00950 16.421780000000 
0.01000 15.389640000000 
0.01050 14.357480000000 
0.01100 13.448220000000 
0.01150 12.634520000000 
0.01200 11.820800000000 
0.01250 11.151380000000 
0.01300 10.501460000000 
0.01350 9.871200000000 
0.01400 9.346140000000 
0.01450 8.821080000000 
0.01500 8.334240000000 
0.01550 7.905720000000 
0.01600 7.477200000000 
0.01650 7.094040000000 
0.01700 6.741140000000 
0.01750 6.388240000000 
0.01800 6.081580000000 
0.01850 5.788620000000 
0.01900 5.495640000000 
0.01950 5.246520000000 
0.02000 5.001520000000 
0.02050 4.757680000000 
0.02100 4.551440000000 
0.02150 4.345200000000 
0.02200 4.142780000000 
0.02250 3.968140000000 
0.02300 3.793500000000 
0.02350 3.623740000000 
0.02400 3.475060000000 
0.02450 3.326360000000 
0.02500 3.182720000000 
0.02550 3.055500000000 
0.02600 2.928280000000 
0.02650 2.805720000000 
0.02700 2.696380000000 
0.02750 2.587040000000 
0.02800 2.481700000000 
0.02850 2.387340000000 
0.02900 2.292980000000 
0.02950 2.201860000000 
0.03000 2.120120000000 
0.03050 2.038380000000 
0.03100 1.959066000000 
0.03150 1.888018000000 
0.03200 1.816968000000 
0.03250 1.747568000000 
0.03300 1.685614000000 
0.03350 1.623660000000 
0.03400 1.562634000000 
0.03450 1.508452000000 
0.03500 1.454270000000 
0.03550 1.400370000000 
0.03600 1.352858000000 
0.03650 1.305346000000 
0.03700 1.257836000000 
0.03750 1.215780000000 
0.03800 1.174012000000 
0.03850 1.132246000000 
0.03900 1.094660000000 
0.03950 1.057860000000 
0.04000 1.021060000000 
0.04050 0.987358000000 
0.04100 0.954866000000 
0.04150 0.922374000000 
0.04200 0.892062000000 
0.04250 0.863316000000 
0.04300 0.834570000000 
0.04350 0.807226000000 
0.04400 0.781750000000 
0.04450 0.756274000000 
0.04500 0.731546000000 
0.04550 0.708928000000 
0.04600 0.686308000000 
0.04650 0.663890000000 
0.04700 0.643778000000 
0.04750 0.623666000000 
0.04800 0.603552000000 
0.04850 0.585384000000 
0.04900 0.567474000000 
0.04950 0.549562000000 
0.05000 0.532952000000 
0.05050 0.516980000000 
0.05100 0.501008000000 
0.05150 0.485796000000 
0.05200 0.471534000000 
0.05250 0.457272000000 
0.05300 0.443316000000 
0.05350 0.430564000000 
0.05400 0.417812000000 
0.05450 0.405060000000 
0.05500 0.393576000000 
0.05550 0.382162000000 
0.05600 0.370748000000 
0.05650 0.360134000000 
0.05700 0.349906000000 
0.05750 0.339678000000 
0.05800 0.329856000000 
0.05850 0.320682000000 
0.05900 0.311506000000 
0.05950 0.302410000000 
0.06000 0.294172000000 
0.06050 0.285932000000 
0.06100 0.277694000000 
0.06150 0.270092000000 
0.06200 0.262686000000 
0.06250 0.255280000000 
0.06300 0.248196000000 
0.06350 0.241532000000 
0.06400 0.234868000000 
0.06450 0.228262000000 
0.06500 0.222260000000 
0.06550 0.216260000000 
0.06600 0.210258000000 
0.06650 0.204684000000 
0.06700 0.199275400000 
0.06750 0.193866400000 
0.06800 0.188637600000 
0.06850 0.183757800000 
0.06900 0.178878000000 
0.06950 0.173998200000 
0.07000 0.169566000000 
0.07050 0.165159800000 
0.07100 0.160753400000 
0.07150 0.156574400000 
0.07200 0.152592800000 
0.07250 0.148611200000 
0.07300 0.144671400000 
0.07350 0.141070200000 
0.07400 0.137468800000 
0.07450 0.133867600000 
0.07500 0.130495200000 
0.07550 0.127235400000 
0.07600 0.123975600000 
0.07650 0.120782000000 
0.07700 0.117829000000 
0.07750 0.114875800000 
0.07800 0.111922800000 
0.07850 0.109175600000 
0.07900 0.106498400000 
0.07950 0.103821000000 
0.08000 0.101209000000 
0.08050 0.098779800000 
0.08100 0.096350800000 
0.08150 0.093921600000 
0.08200 0.091663200000 
0.08250 0.089457400000 
0.08300 0.087251400000 
0.08350 0.085096400000 
0.08400 0.083092000000 
0.08450 0.081087600000 
0.08500 0.079083000000 
0.08550 0.077210600000 
0.08600 0.075387600000 
0.08650 0.073564400000 
0.08700 0.071772400000 
0.08750 0.070113600000 
0.08800 0.068455000000 
0.08850 0.066796200000 
0.08900 0.065231600000 
0.08950 0.063720400000 
0.09000 0.062209200000 
0.09050 0.060708000000 
0.09100 0.059330800000 
0.09150 0.057953600000 
0.09200 0.056576600000 
0.09250 0.055259400000 
0.09300 0.054003200000 
0.09350 0.052747200000 
0.09400 0.051491000000 
0.09450 0.050334400000 
0.09500 0.049188000000 
0.09550 0.048041600000 
0.09600 0.046925800000 
0.09650 0.045878400000 
0.09700 0.044831000000 
0.09750 0.043783600000 
0.09800 0.042799200000 
0.09850 0.041842000000 
0.09900 0.040884800000 
0.09950 0.039933800000 
0.10000 0.039058400000 
0.10050 0.038182800000 
0.10100 0.037307400000 
0.10150 0.036464600000 
0.10200 0.035663400000 
0.10250 0.034862200000 
0.10300 0.034060800000 
0.10350 0.033313400000 
0.10400 0.032579600000 
0.10450 0.031845600000 
0.10500 0.031120800000 
0.10550 0.030448200000 
0.10600 0.029775800000 
0.10650 0.029103200000 
0.10700 0.028457800000 
0.10750 0.027841000000 
0.10800 0.027224400000 
0.10850 0.026607800000 
0.10900 0.026032400000 
0.10950 0.025466600000 
0.11000 0.024900800000 
0.11050 0.024341000000 
0.11100 0.023821600000 
0.11150 0.023302000000 
0.11200 0.022782400000 
0.11250 0.022281600000 
0.11300 0.021804600000 
0.11350 0.021327600000 
0.11400 0.020850600000 
0.11450 0.020402000000 
0.11500 0.019963600000 
0.11550 0.019525120000 
0.11600 0.019087740000 
0.11650 0.018684640000 
0.11700 0.018281520000 
0.11750 0.017878400000 
0.11800 0.017485440000 
0.11850 0.017114520000 
0.11900 0.016743580000 
0.11950 0.016372660000 
0.12000 0.016019340000 
0.12050 0.015678220000 
0.12100 0.015337080000 
0.12150 0.014995940000 
0.12200 0.014677980000 
0.12250 0.014363840000 
0.12300 0.014049680000 
0.12350 0.013738460000 
0.12400 0.013449060000 
0.12450 0.013159640000 
0.12500 0.012870240000 
0.12550 0.012589300000 
0.12600 0.012322740000 
0.12650 0.012056180000 
0.12700 0.011789640000 
0.12750 0.011535960000 
0.12800 0.011290400000 
0.12850 0.011044840000 
0.12900 0.010799280000 
0.12950 0.010569980000 
0.13000 0.010343580000 
0.13050 0.010117180000 
0.13100 0.009892120000 
0.13150 0.009683460000 
0.13200 0.009474820000 
0.13250 0.009266160000 
0.13300 0.009062300000 
0.13350 0.008869840000 
0.13400 0.008677400000 
0.13450 0.008484960000 
0.13500 0.008300080000 
0.13550 0.008122560000 
0.13600 0.007945040000 
0.13650 0.007767520000 
0.13700 0.007599840000 
0.13750 0.007436220000 
0.13800 0.007272580000 
0.13850 0.007108940000 
0.13900 0.006956760000 
0.13950 0.006805820000 
0.14000 0.006654880000 
0.14050 0.006504940000 
0.14100 0.006365820000 
0.14150 0.006226700000 
0.14200 0.006087580000 
0.14250 0.005951280000 
0.14300 0.005822980000 
0.14350 0.005694660000 
0.14400 0.005566340000 
0.14450 0.005442280000 
0.14500 0.005323960000 
0.14550 0.005205620000 
0.14600 0.005087300000 
0.14650 0.004974340000 
0.14700 0.004865240000 
0.14750 0.004756140000 
0.14800 0.004647040000 
0.14850 0.004544200000 
0.14900 0.004443740000 
0.14950 0.004343280000 
0.15000 0.004242820000 
0.15050 0.004149140000 
0.15100 0.004056560000 
0.15150 0.003964000000 
0.15200 0.003871420000 
0.15250 0.003786020000 
0.15300 0.003700760000 
0.15350 0.003615480000 
0.15400 0.003530840000 
0.15450 0.003452420000 
0.15500 0.003374000000 
0.15550 0.003295580000 
0.15600 0.003218360000 
0.15650 0.003146200000 
0.15700 0.003074020000 
0.15750 0.003001860000 
0.15800 0.002931280000 
0.15850 0.002864820000 
0.15900 0.002798340000 
0.15950 0.002731880000 
0.16000 0.002667340000 
0.16050 0.002606320000 
0.16100 0.002545300000 
0.16150 0.002484280000 
0.16200 0.002425320000 
0.16250 0.002369260000 
0.16300 0.002313200000 
0.16350 0.002257140000 
0.16400 0.002203200000 
0.16450 0.002151740000 
0.16500 0.002100280000 
0.16550 0.002048820000 
0.16600 0.001999472000 
0.16650 0.001952332000 
0.16700 0.001905192000 
0.16750 0.001858054000 
0.16800 0.001812876000 
0.16850 0.001769600000 
0.16900 0.001726326000 
0.16950 0.001683050000 
0.17000 0.001641668000 
0.17050 0.001602094000 
0.17100 0.001562520000 
0.17150 0.001522946000 
0.17200 0.001485024000 
0.17250 0.001448750000 
0.17300 0.001412476000 
0.17350 0.001376204000 
0.17400 0.001341404000 
0.17450 0.001308242000 
0.17500 0.001275078000 
0.17550 0.001241914000 
0.17600 0.001210018000 
0.17650 0.001179782000 
0.17700 0.001149544000 
0.17750 0.001119306000 
0.17800 0.001090068000 
0.17850 0.001062476000 
0.17900 0.001034884000 
0.17950 0.001007292000 
0.18000 0.000980436000 
0.18050 0.000955236000 
0.18100 0.000930036000 
0.18150 0.000904836000 
0.18200 0.000880140000 
0.18250 0.000857192000 
0.18300 0.000834246000 
0.18350 0.000811300000 
0.18400 0.000788620000 
0.18450 0.000767790000 
0.18500 0.000746962000 
0.18550 0.000726134000 
0.18600 0.000705334000 
0.18650 0.000686370000 
0.18700 0.000667406000 
0.18750 0.000648440000 
0.18800 0.000629476000 
0.18850 0.000612112000 
0.18900 0.000594942000 
0.18950 0.000577772000 
0.19000 0.000560600000 
0.19050 0.000544622000 
0.19100 0.000529022000 
0.19150 0.000513424000 
0.19200 0.000497824000 
0.19250 0.000483134000 
0.19300 0.000469014000 
0.19350 0.000454894000 
0.19400 0.000440774000 
0.19450 0.000427282000 
0.19500 0.000414518000 
0.19550 0.000401754000 
0.19600 0.000388990000 
0.19650 0.000376606000 
0.19700 0.000365084000 
0.19750 0.000353564000 
0.19800 0.000342042000 
0.19850 0.000330682000 
0.19900 0.000320298000 
0.19950 0.000309914000 
0.20000 0.000299530000 
0.20050 0.000289144000 
0.20100 0.000279750000 
0.20150 0.000270380000 
0.20200 0.000261008000 
0.20250 0.000251636000 
0.20300 0.000243062000 
0.20350 0.000234670000 
0.20400 0.000226278000 
0.20450 0.000217884000 
0.20500 0.000210046000 
0.20550 0.000202498000 
0.20600 0.000194949000 
0.20650 0.000187401000 
0.20700 0.000180263600 
0.20750 0.000173533000 
0.20800 0.000166802400 
0.20850 0.000160071800 
0.20900 0.000153595600 
0.20950 0.000147568000 
0.21000 0.000141540400 
0.21050 0.000135512600 
0.21100 0.000129638000 
0.21150 0.000124255000 
0.21200 0.000118872000 
0.21250 0.000113489000 
0.21300 0.000108189400 
0.21350 0.000103433000 
0.21400 0.000098676600 
0.21450 0.000093920200 
0.21500 0.000089193400 
0.21550 0.000084975800 
0.21600 0.000080758000 
0.21650 0.000076540400 
0.21700 0.000072327600 
0.21750 0.000068635800 
0.21800 0.000064943800 
0.21850 0.000061251800 
0.21900 0.000057560800 
0.21950 0.000054323400 
0.22000 0.000051085800 
0.22050 0.000047848200 
0.22100 0.000044628000 
0.22150 0.000041813600 
0.22200 0.000038999000 
0.22250 0.000036184600 
0.22300 0.000033425800 
0.22350 0.000031029000 
0.22400 0.000028632200 
0.22450 0.000026235200 
0.22500 0.000023945200 
0.22550 0.000021919600 
0.22600 0.000019893720 
0.22650 0.000017867940 
0.22700 0.000016029580 
0.22750 0.000014368400 
0.22800 0.000012707220 
0.22850 0.000011046040 
0.22900 0.000009675360 
0.22950 0.000008367760 
0.23000 0.000007060140 
0.23050 0.000005829500 
0.23100 0.000004869240 
0.23150 0.000003908980 
0.23200 0.000002948700 
0.23250 0.000002252760 
0.23300 0.000001656746 
0.23350 0.000001060728 
