0.00000 105.552400000000 
0.00050 95.186000000000 
0.00100 84.819800000000 
0.00150 74.453400000000 
0.00200 64.087000000000 
0.00250 56.665400000000 
0.00300 50.122400000000 
0.00350 44.685800000000 
0.00400 40.272600000000 
0.00450 36.105600000000 
0.00500 32.996000000000 
0.00550 29.886600000000 
0.00600 27.441800000000 
0.00650 25.179000000000 
0.00700 23.096800000000 
0.00750 21.407400000000 
0.00800 19.718060000000 
0.00850 18.343620000000 
0.00900 17.055780000000 
0.00950 15.825240000000 
0.01000 14.826040000000 
0.01050 13.826820000000 
0.01100 12.946980000000 
0.01150 12.159960000000 
0.01200 11.372920000000 
0.01250 10.725920000000 
0.01300 10.097840000000 
0.01350 9.488820000000 
0.01400 8.981800000000 
0.01450 8.474780000000 
0.01500 8.004820000000 
0.01550 7.591340000000 
0.01600 7.177880000000 
0.01650 6.808320000000 
0.01700 6.468080000000 
0.01750 6.127820000000 
0.01800 5.832320000000 
0.01850 5.550060000000 
0.01900 5.267780000000 
0.01950 5.027920000000 
0.02000 4.792020000000 
0.02050 4.557260000000 
0.02100 4.358820000000 
0.02150 4.160400000000 
0.02200 3.965660000000 
0.02250 3.797720000000 
0.02300 3.629800000000 
0.02350 3.466600000000 
0.02400 3.323720000000 
0.02450 3.180840000000 
0.02500 3.042820000000 
0.02550 2.920660000000 
0.02600 2.798480000000 
0.02650 2.680800000000 
0.02700 2.575860000000 
0.02750 2.470920000000 
0.02800 2.369840000000 
0.02850 2.279340000000 
0.02900 2.188840000000 
0.02950 2.101440000000 
0.03000 2.023080000000 
0.03050 1.944730000000 
0.03100 1.868708000000 
0.03150 1.800638000000 
0.03200 1.732568000000 
0.03250 1.666084000000 
0.03300 1.606760000000 
0.03350 1.547436000000 
0.03400 1.489006000000 
0.03450 1.437152000000 
0.03500 1.385300000000 
0.03550 1.333718000000 
0.03600 1.288272000000 
0.03650 1.242828000000 
0.03700 1.197382000000 
0.03750 1.157176000000 
0.03800 1.117246000000 
0.03850 1.077318000000 
0.03900 1.041402000000 
0.03950 1.006238000000 
0.04000 0.971076000000 
0.04050 0.938884000000 
0.04100 0.907854000000 
0.04150 0.876824000000 
0.04200 0.847882000000 
0.04250 0.820442000000 
0.04300 0.793004000000 
0.04350 0.766908000000 
0.04400 0.742602000000 
0.04450 0.718296000000 
0.04500 0.694706000000 
0.04550 0.673136000000 
0.04600 0.651568000000 
0.04650 0.630190000000 
0.04700 0.611018000000 
0.04750 0.591848000000 
0.04800 0.572678000000 
0.04850 0.555368000000 
0.04900 0.538304000000 
0.04950 0.521240000000 
0.05000 0.505420000000 
0.05050 0.490210000000 
0.05100 0.475000000000 
0.05150 0.460516000000 
0.05200 0.446940000000 
0.05250 0.433364000000 
0.05300 0.420082000000 
0.05350 0.407950000000 
0.05400 0.395818000000 
0.05450 0.383686000000 
0.05500 0.372764000000 
0.05550 0.361908000000 
0.05600 0.351054000000 
0.05650 0.340964000000 
0.05700 0.331240000000 
0.05750 0.321518000000 
0.05800 0.312184000000 
0.05850 0.303466000000 
0.05900 0.294748000000 
0.05950 0.286106000000 
0.06000 0.278280000000 
0.06050 0.270454000000 
0.06100 0.262628000000 
0.06150 0.255412000000 
0.06200 0.248380000000 
0.06250 0.241350000000 
0.06300 0.234624000000 
0.06350 0.228300000000 
0.06400 0.221978000000 
0.06450 0.215708000000 
0.06500 0.210014000000 
0.06550 0.204322000000 
0.06600 0.198629800000 
0.06650 0.193343000000 
0.06700 0.188214000000 
0.06750 0.183085200000 
0.06800 0.178127600000 
0.06850 0.173502200000 
0.06900 0.168876800000 
0.06950 0.164251400000 
0.07000 0.160051800000 
0.07050 0.155877000000 
0.07100 0.151702000000 
0.07150 0.147743200000 
0.07200 0.143972000000 
0.07250 0.140200800000 
0.07300 0.136469400000 
0.07350 0.133059800000 
0.07400 0.129650400000 
0.07450 0.126240800000 
0.07500 0.123048600000 
0.07550 0.119963400000 
0.07600 0.116878400000 
0.07650 0.113856000000 
0.07700 0.111062200000 
0.07750 0.108268400000 
0.07800 0.105474600000 
0.07850 0.102876000000 
0.07900 0.100344000000 
0.07950 0.097812200000 
0.08000 0.095342000000 
0.08050 0.093045600000 
0.08100 0.090749000000 
0.08150 0.088452600000 
0.08200 0.086318000000 
0.08250 0.084233400000 
0.08300 0.082148600000 
0.08350 0.080112200000 
0.08400 0.078218600000 
0.08450 0.076324800000 
0.08500 0.074431200000 
0.08550 0.072662600000 
0.08600 0.070941000000 
0.08650 0.069219200000 
0.08700 0.067527000000 
0.08750 0.065961000000 
0.08800 0.064395000000 
0.08850 0.062829000000 
0.08900 0.061352200000 
0.08950 0.059926000000 
0.09000 0.058499800000 
0.09050 0.057083000000 
0.09100 0.055783800000 
0.09150 0.054484400000 
0.09200 0.053185200000 
0.09250 0.051942800000 
0.09300 0.050758200000 
0.09350 0.049573400000 
0.09400 0.048388600000 
0.09450 0.047298200000 
0.09500 0.046217400000 
0.09550 0.045136600000 
0.09600 0.044084600000 
0.09650 0.043097400000 
0.09700 0.042110200000 
0.09750 0.041123000000 
0.09800 0.040195200000 
0.09850 0.039293400000 
0.09900 0.038391600000 
0.09950 0.037495400000 
0.10000 0.036670800000 
0.10050 0.035846200000 
0.10100 0.035021600000 
0.10150 0.034228000000 
0.10200 0.033473400000 
0.10250 0.032718800000 
0.10300 0.031964400000 
0.10350 0.031260800000 
0.10400 0.030570000000 
0.10450 0.029879200000 
0.10500 0.029196800000 
0.10550 0.028564000000 
0.10600 0.027931000000 
0.10650 0.027298200000 
0.10700 0.026690800000 
0.10750 0.026110600000 
0.10800 0.025530600000 
0.10850 0.024950400000 
0.10900 0.024409200000 
0.10950 0.023877200000 
0.11000 0.023345000000 
0.11050 0.022818600000 
0.11100 0.022330000000 
0.11150 0.021841600000 
0.11200 0.021353200000 
0.11250 0.020882200000 
0.11300 0.020434000000 
0.11350 0.019985600000 
0.11400 0.019537260000 
0.11450 0.019115760000 
0.11500 0.018703720000 
0.11550 0.018291700000 
0.11600 0.017880720000 
0.11650 0.017502040000 
0.11700 0.017123360000 
0.11750 0.016744680000 
0.11800 0.016375560000 
0.11850 0.016027200000 
0.11900 0.015678860000 
0.11950 0.015330520000 
0.12000 0.014998760000 
0.12050 0.014678480000 
0.12100 0.014358200000 
0.12150 0.014037920000 
0.12200 0.013739460000 
0.12250 0.013444600000 
0.12300 0.013149740000 
0.12350 0.012857640000 
0.12400 0.012586060000 
0.12450 0.012314500000 
0.12500 0.012042940000 
0.12550 0.011779340000 
0.12600 0.011529280000 
0.12650 0.011279240000 
0.12700 0.011029180000 
0.12750 0.010791260000 
0.12800 0.010560960000 
0.12850 0.010330660000 
0.12900 0.010100360000 
0.12950 0.009885380000 
0.13000 0.009673100000 
0.13050 0.009460820000 
0.13100 0.009249820000 
0.13150 0.009054240000 
0.13200 0.008858660000 
0.13250 0.008663080000 
0.13300 0.008472000000 
0.13350 0.008291660000 
0.13400 0.008111320000 
0.13450 0.007930980000 
0.13500 0.007757740000 
0.13550 0.007591420000 
0.13600 0.007425120000 
0.13650 0.007258820000 
0.13700 0.007101760000 
0.13750 0.006948500000 
0.13800 0.006795240000 
0.13850 0.006641960000 
0.13900 0.006499460000 
0.13950 0.006358120000 
0.14000 0.006216780000 
0.14050 0.006076400000 
0.14100 0.005946160000 
0.14150 0.005815920000 
0.14200 0.005685680000 
0.14250 0.005558080000 
0.14300 0.005438000000 
0.14350 0.005317900000 
0.14400 0.005197820000 
0.14450 0.005081720000 
0.14500 0.004971000000 
0.14550 0.004860280000 
0.14600 0.004749560000 
0.14650 0.004643860000 
0.14700 0.004541800000 
0.14750 0.004439740000 
0.14800 0.004337700000 
0.14850 0.004241500000 
0.14900 0.004147560000 
0.14950 0.004053600000 
0.15000 0.003959640000 
0.15050 0.003872040000 
0.15100 0.003785480000 
0.15150 0.003698920000 
0.15200 0.003612360000 
0.15250 0.003532520000 
0.15300 0.003452820000 
0.15350 0.003373100000 
0.15400 0.003293980000 
0.15450 0.003220700000 
0.15500 0.003147400000 
0.15550 0.003074100000 
0.15600 0.003001940000 
0.15650 0.002934500000 
0.15700 0.002867060000 
0.15750 0.002799640000 
0.15800 0.002733680000 
0.15850 0.002671600000 
0.15900 0.002609500000 
0.15950 0.002547420000 
0.16000 0.002487120000 
0.16050 0.002430140000 
0.16100 0.002373140000 
0.16150 0.002316160000 
0.16200 0.002261080000 
0.16250 0.002208720000 
0.16300 0.002156380000 
0.16350 0.002104040000 
0.16400 0.002053660000 
0.16450 0.002005620000 
0.16500 0.001957582000 
0.16550 0.001909540000 
0.16600 0.001863476000 
0.16650 0.001819476000 
0.16700 0.001775476000 
0.16750 0.001731476000 
0.16800 0.001689310000 
0.16850 0.001648926000 
0.16900 0.001608540000 
0.16950 0.001568156000 
0.17000 0.001529540000 
0.17050 0.001492616000 
0.17100 0.001455694000 
0.17150 0.001418770000 
0.17200 0.001383390000 
0.17250 0.001349552000 
0.17300 0.001315716000 
0.17350 0.001281878000 
0.17400 0.001249420000 
0.17450 0.001218490000 
0.17500 0.001187560000 
0.17550 0.001156630000 
0.17600 0.001126884000 
0.17650 0.001098688000 
0.17700 0.001070492000 
0.17750 0.001042296000 
0.17800 0.001015034000 
0.17850 0.000989308000 
0.17900 0.000963584000 
0.17950 0.000937860000 
0.18000 0.000912824000 
0.18050 0.000889334000 
0.18100 0.000865844000 
0.18150 0.000842354000 
0.18200 0.000819334000 
0.18250 0.000797950000 
0.18300 0.000776564000 
0.18350 0.000755178000 
0.18400 0.000734042000 
0.18450 0.000714634000 
0.18500 0.000695226000 
0.18550 0.000675818000 
0.18600 0.000656436000 
0.18650 0.000638768000 
0.18700 0.000621100000 
0.18750 0.000603432000 
0.18800 0.000585764000 
0.18850 0.000569590000 
0.18900 0.000553596000 
0.18950 0.000537602000 
0.19000 0.000521608000 
0.19050 0.000506726000 
0.19100 0.000492198000 
0.19150 0.000477670000 
0.19200 0.000463142000 
0.19250 0.000449464000 
0.19300 0.000436316000 
0.19350 0.000423168000 
0.19400 0.000410020000 
0.19450 0.000397458000 
0.19500 0.000385574000 
0.19550 0.000373692000 
0.19600 0.000361808000 
0.19650 0.000350278000 
0.19700 0.000339554000 
0.19750 0.000328828000 
0.19800 0.000318104000 
0.19850 0.000307530000 
0.19900 0.000297866000 
0.19950 0.000288200000 
0.20000 0.000278536000 
0.20050 0.000268872000 
0.20100 0.000260130000 
0.20150 0.000251410000 
0.20200 0.000242688000 
0.20250 0.000233968000 
0.20300 0.000225990000 
0.20350 0.000218182000 
0.20400 0.000210374000 
0.20450 0.000202564000 
0.20500 0.000195271200 
0.20550 0.000188249600 
0.20600 0.000181227800 
0.20650 0.000174206000 
0.20700 0.000167567000 
0.20750 0.000161306600 
0.20800 0.000155046200 
0.20850 0.000148786000 
0.20900 0.000142762600 
0.20950 0.000137157000 
0.21000 0.000131551200 
0.21050 0.000125945600 
0.21100 0.000120482400 
0.21150 0.000115477000 
0.21200 0.000110471800 
0.21250 0.000105466400 
0.21300 0.000100538600 
0.21350 0.000096116600 
0.21400 0.000091694400 
0.21450 0.000087272200 
0.21500 0.000082877800 
0.21550 0.000078957200 
0.21600 0.000075036600 
0.21650 0.000071115800 
0.21700 0.000067199800 
0.21750 0.000063768200 
0.21800 0.000060336800 
0.21850 0.000056905200 
0.21900 0.000053474800 
0.21950 0.000050466000 
0.22000 0.000047457400 
0.22050 0.000044448600 
0.22100 0.000041456000 
0.22150 0.000038840800 
0.22200 0.000036225600 
0.22250 0.000033610600 
0.22300 0.000031047200 
0.22350 0.000028820400 
0.22400 0.000026593600 
0.22450 0.000024366600 
0.22500 0.000022239200 
0.22550 0.000020357400 
0.22600 0.000018475540 
0.22650 0.000016593700 
0.22700 0.000014886100 
0.22750 0.000013343180 
0.22800 0.000011800240 
0.22850 0.000010257320 
0.22900 0.000008984340 
0.22950 0.000007769980 
0.23000 0.000006555620 
0.23050 0.000005412740 
0.23100 0.000004521080 
0.23150 0.000003629400 
0.23200 0.000002737720 
0.23250 0.000002091540 
0.23300 0.000001538154 
0.23350 0.000000984774 
