0.00000 102.691600000000 
0.00050 92.568200000000 
0.00100 82.445000000000 
0.00150 72.321600000000 
0.00200 62.198200000000 
0.00250 54.960000000000 
0.00300 48.582600000000 
0.00350 43.287000000000 
0.00400 38.992000000000 
0.00450 34.937200000000 
0.00500 31.915000000000 
0.00550 28.893000000000 
0.00600 26.518800000000 
0.00650 24.322000000000 
0.00700 22.301200000000 
0.00750 20.662800000000 
0.00800 19.024620000000 
0.00850 17.692700000000 
0.00900 16.445000000000 
0.00950 15.253020000000 
0.01000 14.285840000000 
0.01050 13.318660000000 
0.01100 12.467380000000 
0.01150 11.706220000000 
0.01200 10.945080000000 
0.01250 10.319760000000 
0.01300 9.712820000000 
0.01350 9.124360000000 
0.01400 8.634800000000 
0.01450 8.145220000000 
0.01500 7.691520000000 
0.01550 7.292560000000 
0.01600 6.893600000000 
0.01650 6.537160000000 
0.01700 6.209100000000 
0.01750 5.881020000000 
0.01800 5.596220000000 
0.01850 5.324220000000 
0.01900 5.052240000000 
0.01950 4.821240000000 
0.02000 4.594080000000 
0.02050 4.368020000000 
0.02100 4.177060000000 
0.02150 3.986100000000 
0.02200 3.798700000000 
0.02250 3.637200000000 
0.02300 3.475700000000 
0.02350 3.318740000000 
0.02400 3.181400000000 
0.02450 3.044080000000 
0.02500 2.911420000000 
0.02550 2.794060000000 
0.02600 2.676700000000 
0.02650 2.563660000000 
0.02700 2.462900000000 
0.02750 2.362160000000 
0.02800 2.265120000000 
0.02850 2.178260000000 
0.02900 2.091420000000 
0.02950 2.007560000000 
0.03000 1.932414000000 
0.03050 1.857264000000 
0.03100 1.784360000000 
0.03150 1.719108000000 
0.03200 1.653856000000 
0.03250 1.590130000000 
0.03300 1.533292000000 
0.03350 1.476452000000 
0.03400 1.420472000000 
0.03450 1.370816000000 
0.03500 1.321160000000 
0.03550 1.271762000000 
0.03600 1.228264000000 
0.03650 1.184764000000 
0.03700 1.141266000000 
0.03750 1.102798000000 
0.03800 1.064598000000 
0.03850 1.026396000000 
0.03900 0.992048000000 
0.03950 0.958422000000 
0.04000 0.924796000000 
0.04050 0.894022000000 
0.04100 0.864362000000 
0.04150 0.834702000000 
0.04200 0.807044000000 
0.04250 0.780828000000 
0.04300 0.754612000000 
0.04350 0.729686000000 
0.04400 0.706472000000 
0.04450 0.683260000000 
0.04500 0.660734000000 
0.04550 0.640144000000 
0.04600 0.619554000000 
0.04650 0.599148000000 
0.04700 0.580856000000 
0.04750 0.562564000000 
0.04800 0.544272000000 
0.04850 0.527760000000 
0.04900 0.511486000000 
0.04950 0.495210000000 
0.05000 0.480126000000 
0.05050 0.465624000000 
0.05100 0.451122000000 
0.05150 0.437316000000 
0.05200 0.424378000000 
0.05250 0.411440000000 
0.05300 0.398784000000 
0.05350 0.387226000000 
0.05400 0.375668000000 
0.05450 0.364112000000 
0.05500 0.353710000000 
0.05550 0.343372000000 
0.05600 0.333036000000 
0.05650 0.323430000000 
0.05700 0.314174000000 
0.05750 0.304918000000 
0.05800 0.296036000000 
0.05850 0.287740000000 
0.05900 0.279444000000 
0.05950 0.271220000000 
0.06000 0.263778000000 
0.06050 0.256334000000 
0.06100 0.248890000000 
0.06150 0.242028000000 
0.06200 0.235342000000 
0.06250 0.228656000000 
0.06300 0.222262000000 
0.06350 0.216252000000 
0.06400 0.210242000000 
0.06450 0.204282000000 
0.06500 0.198873000000 
0.06550 0.193464200000 
0.06600 0.188055400000 
0.06650 0.183033200000 
0.06700 0.178161600000 
0.06750 0.173290000000 
0.06800 0.168581800000 
0.06850 0.164189800000 
0.06900 0.159798000000 
0.06950 0.155406000000 
0.07000 0.151419800000 
0.07050 0.147457000000 
0.07100 0.143494200000 
0.07150 0.139737200000 
0.07200 0.136158800000 
0.07250 0.132580400000 
0.07300 0.129040000000 
0.07350 0.125805800000 
0.07400 0.122571600000 
0.07450 0.119337400000 
0.07500 0.116310200000 
0.07550 0.113384600000 
0.07600 0.110459200000 
0.07650 0.107593400000 
0.07700 0.104945000000 
0.07750 0.102296600000 
0.07800 0.099648200000 
0.07850 0.097185600000 
0.07900 0.094786200000 
0.07950 0.092386800000 
0.08000 0.090046000000 
0.08050 0.087870600000 
0.08100 0.085695000000 
0.08150 0.083519400000 
0.08200 0.081497800000 
0.08250 0.079523400000 
0.08300 0.077549000000 
0.08350 0.075620600000 
0.08400 0.073827600000 
0.08450 0.072034800000 
0.08500 0.070242000000 
0.08550 0.068567800000 
0.08600 0.066938200000 
0.08650 0.065308600000 
0.08700 0.063707000000 
0.08750 0.062225200000 
0.08800 0.060743600000 
0.08850 0.059261800000 
0.08900 0.057864600000 
0.08950 0.056515600000 
0.09000 0.055166400000 
0.09050 0.053826200000 
0.09100 0.052597600000 
0.09150 0.051369000000 
0.09200 0.050140200000 
0.09250 0.048965600000 
0.09300 0.047845600000 
0.09350 0.046725400000 
0.09400 0.045605400000 
0.09450 0.044574800000 
0.09500 0.043553200000 
0.09550 0.042531800000 
0.09600 0.041537600000 
0.09650 0.040604800000 
0.09700 0.039672000000 
0.09750 0.038739200000 
0.09800 0.037862800000 
0.09850 0.037011000000 
0.09900 0.036159000000 
0.09950 0.035312600000 
0.10000 0.034534000000 
0.10050 0.033755200000 
0.10100 0.032976400000 
0.10150 0.032227000000 
0.10200 0.031514800000 
0.10250 0.030802400000 
0.10300 0.030090000000 
0.10350 0.029425800000 
0.10400 0.028773800000 
0.10450 0.028121800000 
0.10500 0.027477800000 
0.10550 0.026880600000 
0.10600 0.026283600000 
0.10650 0.025686400000 
0.10700 0.025113200000 
0.10750 0.024566000000 
0.10800 0.024018800000 
0.10850 0.023471400000 
0.10900 0.022961000000 
0.10950 0.022459200000 
0.11000 0.021957400000 
0.11050 0.021461000000 
0.11100 0.021000400000 
0.11150 0.020539800000 
0.11200 0.020079200000 
0.11250 0.019635300000 
0.11300 0.019212680000 
0.11350 0.018790060000 
0.11400 0.018367440000 
0.11450 0.017970180000 
0.11500 0.017581900000 
0.11550 0.017193600000 
0.11600 0.016806300000 
0.11650 0.016449520000 
0.11700 0.016092740000 
0.11750 0.015735960000 
0.11800 0.015388200000 
0.11850 0.015060080000 
0.11900 0.014731960000 
0.11950 0.014403840000 
0.12000 0.014091400000 
0.12050 0.013789780000 
0.12100 0.013488180000 
0.12150 0.013186560000 
0.12200 0.012905560000 
0.12250 0.012627960000 
0.12300 0.012350340000 
0.12350 0.012075340000 
0.12400 0.011819720000 
0.12450 0.011564120000 
0.12500 0.011308500000 
0.12550 0.011060400000 
0.12600 0.010825100000 
0.12650 0.010589780000 
0.12700 0.010354480000 
0.12750 0.010130600000 
0.12800 0.009913940000 
0.12850 0.009697260000 
0.12900 0.009480600000 
0.12950 0.009278360000 
0.13000 0.009078700000 
0.13050 0.008879020000 
0.13100 0.008680560000 
0.13150 0.008496620000 
0.13200 0.008312700000 
0.13250 0.008128780000 
0.13300 0.007949100000 
0.13350 0.007779540000 
0.13400 0.007609980000 
0.13450 0.007440420000 
0.13500 0.007277580000 
0.13550 0.007121240000 
0.13600 0.006964920000 
0.13650 0.006808600000 
0.13700 0.006660980000 
0.13750 0.006516940000 
0.13800 0.006372920000 
0.13850 0.006228880000 
0.13900 0.006094980000 
0.13950 0.005962180000 
0.14000 0.005829380000 
0.14050 0.005697480000 
0.14100 0.005575140000 
0.14150 0.005452800000 
0.14200 0.005330440000 
0.14250 0.005210600000 
0.14300 0.005097800000 
0.14350 0.004985020000 
0.14400 0.004872240000 
0.14450 0.004763200000 
0.14500 0.004659240000 
0.14550 0.004555280000 
0.14600 0.004451300000 
0.14650 0.004352080000 
0.14700 0.004256260000 
0.14750 0.004160460000 
0.14800 0.004064640000 
0.14850 0.003974360000 
0.14900 0.003886180000 
0.14950 0.003797980000 
0.15000 0.003709800000 
0.15050 0.003627580000 
0.15100 0.003546360000 
0.15150 0.003465120000 
0.15200 0.003383900000 
0.15250 0.003309000000 
0.15300 0.003234200000 
0.15350 0.003159420000 
0.15400 0.003085200000 
0.15450 0.003016440000 
0.15500 0.002947680000 
0.15550 0.002878940000 
0.15600 0.002811240000 
0.15650 0.002747980000 
0.15700 0.002684740000 
0.15750 0.002621500000 
0.15800 0.002559640000 
0.15850 0.002501420000 
0.15900 0.002443200000 
0.15950 0.002384980000 
0.16000 0.002328440000 
0.16050 0.002275020000 
0.16100 0.002221580000 
0.16150 0.002168160000 
0.16200 0.002116520000 
0.16250 0.002067460000 
0.16300 0.002018400000 
0.16350 0.001969330000 
0.16400 0.001922112000 
0.16450 0.001877088000 
0.16500 0.001832062000 
0.16550 0.001787038000 
0.16600 0.001743870000 
0.16650 0.001702640000 
0.16700 0.001661412000 
0.16750 0.001620182000 
0.16800 0.001580676000 
0.16850 0.001542840000 
0.16900 0.001505004000 
0.16950 0.001467170000 
0.17000 0.001430996000 
0.17050 0.001396408000 
0.17100 0.001361822000 
0.17150 0.001327236000 
0.17200 0.001294098000 
0.17250 0.001262408000 
0.17300 0.001230718000 
0.17350 0.001199028000 
0.17400 0.001168632000 
0.17450 0.001139668000 
0.17500 0.001110706000 
0.17550 0.001081744000 
0.17600 0.001053892000 
0.17650 0.001027494000 
0.17700 0.001001094000 
0.17750 0.000974696000 
0.17800 0.000949174000 
0.17850 0.000925094000 
0.17900 0.000901014000 
0.17950 0.000876932000 
0.18000 0.000853498000 
0.18050 0.000831512000 
0.18100 0.000809526000 
0.18150 0.000787542000 
0.18200 0.000765998000 
0.18250 0.000745986000 
0.18300 0.000725972000 
0.18350 0.000705960000 
0.18400 0.000686180000 
0.18450 0.000668022000 
0.18500 0.000649862000 
0.18550 0.000631704000 
0.18600 0.000613570000 
0.18650 0.000597040000 
0.18700 0.000580512000 
0.18750 0.000563984000 
0.18800 0.000547454000 
0.18850 0.000532326000 
0.18900 0.000517364000 
0.18950 0.000502404000 
0.19000 0.000487444000 
0.19050 0.000473524000 
0.19100 0.000459938000 
0.19150 0.000446350000 
0.19200 0.000432764000 
0.19250 0.000419972000 
0.19300 0.000407676000 
0.19350 0.000395382000 
0.19400 0.000383088000 
0.19450 0.000371340000 
0.19500 0.000360230000 
0.19550 0.000349120000 
0.19600 0.000338010000 
0.19650 0.000327230000 
0.19700 0.000317204000 
0.19750 0.000307178000 
0.19800 0.000297152000 
0.19850 0.000287268000 
0.19900 0.000278234000 
0.19950 0.000269200000 
0.20000 0.000260166000 
0.20050 0.000251132000 
0.20100 0.000242962000 
0.20150 0.000234812000 
0.20200 0.000226662000 
0.20250 0.000218512000 
0.20300 0.000211056000 
0.20350 0.000203760000 
0.20400 0.000196462800 
0.20450 0.000189166000 
0.20500 0.000182351000 
0.20550 0.000175790400 
0.20600 0.000169229600 
0.20650 0.000162668800 
0.20700 0.000156466000 
0.20750 0.000150617400 
0.20800 0.000144768800 
0.20850 0.000138920200 
0.20900 0.000133293200 
0.20950 0.000128056800 
0.21000 0.000122820600 
0.21050 0.000117584400 
0.21100 0.000112481200 
0.21150 0.000107806200 
0.21200 0.000103131200 
0.21250 0.000098456400 
0.21300 0.000093854000 
0.21350 0.000089724200 
0.21400 0.000085594600 
0.21450 0.000081464800 
0.21500 0.000077361000 
0.21550 0.000073700000 
0.21600 0.000070039000 
0.21650 0.000066378000 
0.21700 0.000062721400 
0.21750 0.000059517600 
0.21800 0.000056313600 
0.21850 0.000053109800 
0.21900 0.000049907000 
0.21950 0.000047098200 
0.22000 0.000044289400 
0.22050 0.000041480600 
0.22100 0.000038687000 
0.22150 0.000036245800 
0.22200 0.000033804800 
0.22250 0.000031363800 
0.22300 0.000028971200 
0.22350 0.000026892800 
0.22400 0.000024814400 
0.22450 0.000022736000 
0.22500 0.000020750400 
0.22550 0.000018994280 
0.22600 0.000017238120 
0.22650 0.000015481980 
0.22700 0.000013888500 
0.22750 0.000012448780 
0.22800 0.000011009040 
0.22850 0.000009569320 
0.22900 0.000008381600 
0.22950 0.000007248580 
0.23000 0.000006115580 
0.23050 0.000005049300 
0.23100 0.000004217440 
0.23150 0.000003385580 
0.23200 0.000002553740 
0.23250 0.000001950948 
0.23300 0.000001434750 
0.23350 0.000000918554 
