0.00000 99.746600000000 
0.00050 89.875000000000 
0.00100 80.003400000000 
0.00150 70.131800000000 
0.00200 60.260200000000 
0.00250 53.211600000000 
0.00300 47.005400000000 
0.00350 41.855400000000 
0.00400 37.682200000000 
0.00450 33.743400000000 
0.00500 30.811200000000 
0.00550 27.878800000000 
0.00600 25.577200000000 
0.00650 23.448400000000 
0.00700 21.490600000000 
0.00750 19.904700000000 
0.00800 18.318820000000 
0.00850 17.030440000000 
0.00900 15.823860000000 
0.00950 14.671320000000 
0.01000 13.736900000000 
0.01050 12.802480000000 
0.01100 11.980400000000 
0.01150 11.245680000000 
0.01200 10.510940000000 
0.01250 9.907780000000 
0.01300 9.322400000000 
0.01350 8.754920000000 
0.01400 8.283120000000 
0.01450 7.811320000000 
0.01500 7.374220000000 
0.01550 6.990020000000 
0.01600 6.605840000000 
0.01650 6.262740000000 
0.01700 5.947040000000 
0.01750 5.631340000000 
0.01800 5.357440000000 
0.01850 5.095900000000 
0.01900 4.834360000000 
0.01950 4.612380000000 
0.02000 4.394100000000 
0.02050 4.176880000000 
0.02100 3.993480000000 
0.02150 3.810100000000 
0.02200 3.630160000000 
0.02250 3.475160000000 
0.02300 3.320160000000 
0.02350 3.169560000000 
0.02400 3.037840000000 
0.02450 2.906120000000 
0.02500 2.778920000000 
0.02550 2.666420000000 
0.02600 2.553920000000 
0.02650 2.445600000000 
0.02700 2.349080000000 
0.02750 2.252560000000 
0.02800 2.159620000000 
0.02850 2.076460000000 
0.02900 1.993316000000 
0.02950 1.913040000000 
0.03000 1.841130000000 
0.03050 1.769222000000 
0.03100 1.699468000000 
0.03150 1.637064000000 
0.03200 1.574660000000 
0.03250 1.513720000000 
0.03300 1.459392000000 
0.03350 1.405062000000 
0.03400 1.351556000000 
0.03450 1.304118000000 
0.03500 1.256678000000 
0.03550 1.209488000000 
0.03600 1.167952000000 
0.03650 1.126416000000 
0.03700 1.084882000000 
0.03750 1.048168000000 
0.03800 1.011710000000 
0.03850 0.975250000000 
0.03900 0.942482000000 
0.03950 0.910406000000 
0.04000 0.878332000000 
0.04050 0.848984000000 
0.04100 0.820706000000 
0.04150 0.792426000000 
0.04200 0.766062000000 
0.04250 0.741078000000 
0.04300 0.716094000000 
0.04350 0.692344000000 
0.04400 0.670232000000 
0.04450 0.648120000000 
0.04500 0.626666000000 
0.04550 0.607062000000 
0.04600 0.587458000000 
0.04650 0.568030000000 
0.04700 0.550620000000 
0.04750 0.533212000000 
0.04800 0.515804000000 
0.04850 0.500096000000 
0.04900 0.484614000000 
0.04950 0.469130000000 
0.05000 0.454786000000 
0.05050 0.440996000000 
0.05100 0.427208000000 
0.05150 0.414082000000 
0.05200 0.401786000000 
0.05250 0.389488000000 
0.05300 0.377460000000 
0.05350 0.366480000000 
0.05400 0.355500000000 
0.05450 0.344518000000 
0.05500 0.334640000000 
0.05550 0.324824000000 
0.05600 0.315008000000 
0.05650 0.305886000000 
0.05700 0.297102000000 
0.05750 0.288316000000 
0.05800 0.279884000000 
0.05850 0.272012000000 
0.05900 0.264140000000 
0.05950 0.256338000000 
0.06000 0.249276000000 
0.06050 0.242216000000 
0.06100 0.235156000000 
0.06150 0.228648000000 
0.06200 0.222310000000 
0.06250 0.215970000000 
0.06300 0.209910000000 
0.06350 0.204212000000 
0.06400 0.198516000000 
0.06450 0.192867400000 
0.06500 0.187743000000 
0.06550 0.182618400000 
0.06600 0.177493800000 
0.06650 0.172737000000 
0.06700 0.168123000000 
0.06750 0.163509200000 
0.06800 0.159050600000 
0.06850 0.154892600000 
0.06900 0.150734600000 
0.06950 0.146576600000 
0.07000 0.142804000000 
0.07050 0.139053600000 
0.07100 0.135303200000 
0.07150 0.131748200000 
0.07200 0.128362800000 
0.07250 0.124977400000 
0.07300 0.121628000000 
0.07350 0.118569400000 
0.07400 0.115510800000 
0.07450 0.112452000000 
0.07500 0.109589600000 
0.07550 0.106823800000 
0.07600 0.104058000000 
0.07650 0.101349000000 
0.07700 0.098846000000 
0.07750 0.096343000000 
0.07800 0.093840000000 
0.07850 0.091513200000 
0.07900 0.089246400000 
0.07950 0.086979400000 
0.08000 0.084768200000 
0.08050 0.082713600000 
0.08100 0.080658800000 
0.08150 0.078604200000 
0.08200 0.076695200000 
0.08250 0.074831000000 
0.08300 0.072967000000 
0.08350 0.071146400000 
0.08400 0.069454200000 
0.08450 0.067762000000 
0.08500 0.066069800000 
0.08550 0.064490200000 
0.08600 0.062952600000 
0.08650 0.061415000000 
0.08700 0.059903800000 
0.08750 0.058506200000 
0.08800 0.057108600000 
0.08850 0.055710800000 
0.08900 0.054393200000 
0.08950 0.053121200000 
0.09000 0.051849000000 
0.09050 0.050585400000 
0.09100 0.049427200000 
0.09150 0.048269000000 
0.09200 0.047110600000 
0.09250 0.046003600000 
0.09300 0.044948000000 
0.09350 0.043892400000 
0.09400 0.042837000000 
0.09450 0.041866000000 
0.09500 0.040903600000 
0.09550 0.039941200000 
0.09600 0.039004800000 
0.09650 0.038126200000 
0.09700 0.037247800000 
0.09750 0.036369200000 
0.09800 0.035544000000 
0.09850 0.034742000000 
0.09900 0.033939800000 
0.09950 0.033143000000 
0.10000 0.032410000000 
0.10050 0.031677000000 
0.10100 0.030944000000 
0.10150 0.030238600000 
0.10200 0.029568400000 
0.10250 0.028898000000 
0.10300 0.028227800000 
0.10350 0.027602800000 
0.10400 0.026989600000 
0.10450 0.026376200000 
0.10500 0.025770400000 
0.10550 0.025208800000 
0.10600 0.024647000000 
0.10650 0.024085400000 
0.10700 0.023546600000 
0.10750 0.023032000000 
0.10800 0.022517600000 
0.10850 0.022003000000 
0.10900 0.021523200000 
0.10950 0.021051400000 
0.11000 0.020579800000 
0.11050 0.020113200000 
0.11100 0.019680320000 
0.11150 0.019247540000 
0.11200 0.018814740000 
0.11250 0.018397620000 
0.11300 0.018000600000 
0.11350 0.017603580000 
0.11400 0.017206540000 
0.11450 0.016833420000 
0.11500 0.016468740000 
0.11550 0.016104060000 
0.11600 0.015740300000 
0.11650 0.015405300000 
0.11700 0.015070300000 
0.11750 0.014735300000 
0.11800 0.014408800000 
0.11850 0.014100800000 
0.11900 0.013792780000 
0.11950 0.013484780000 
0.12000 0.013191520000 
0.12050 0.012908460000 
0.12100 0.012625400000 
0.12150 0.012342360000 
0.12200 0.012078700000 
0.12250 0.011818240000 
0.12300 0.011557780000 
0.12350 0.011299760000 
0.12400 0.011060000000 
0.12450 0.010820240000 
0.12500 0.010580480000 
0.12550 0.010347780000 
0.12600 0.010127120000 
0.12650 0.009906460000 
0.12700 0.009685800000 
0.12750 0.009475880000 
0.12800 0.009272740000 
0.12850 0.009069600000 
0.12900 0.008866480000 
0.12950 0.008676900000 
0.13000 0.008489760000 
0.13050 0.008302600000 
0.13100 0.008116580000 
0.13150 0.007944220000 
0.13200 0.007771880000 
0.13250 0.007599520000 
0.13300 0.007431160000 
0.13350 0.007272300000 
0.13400 0.007113460000 
0.13450 0.006954600000 
0.13500 0.006802040000 
0.13550 0.006655620000 
0.13600 0.006509200000 
0.13650 0.006362780000 
0.13700 0.006224540000 
0.13750 0.006089660000 
0.13800 0.005954780000 
0.13850 0.005819920000 
0.13900 0.005694540000 
0.13950 0.005570220000 
0.14000 0.005445880000 
0.14050 0.005322400000 
0.14100 0.005207880000 
0.14150 0.005093380000 
0.14200 0.004978860000 
0.14250 0.004866680000 
0.14300 0.004761140000 
0.14350 0.004655580000 
0.14400 0.004550040000 
0.14450 0.004448020000 
0.14500 0.004350760000 
0.14550 0.004253480000 
0.14600 0.004156220000 
0.14650 0.004063400000 
0.14700 0.003973780000 
0.14750 0.003884160000 
0.14800 0.003794540000 
0.14850 0.003710100000 
0.14900 0.003627620000 
0.14950 0.003545140000 
0.15000 0.003462680000 
0.15050 0.003385800000 
0.15100 0.003309860000 
0.15150 0.003233900000 
0.15200 0.003157960000 
0.15250 0.003087940000 
0.15300 0.003018020000 
0.15350 0.002948120000 
0.15400 0.002878740000 
0.15450 0.002814480000 
0.15500 0.002750220000 
0.15550 0.002685960000 
0.15600 0.002622680000 
0.15650 0.002563580000 
0.15700 0.002504500000 
0.15750 0.002445400000 
0.15800 0.002387600000 
0.15850 0.002333220000 
0.15900 0.002278820000 
0.15950 0.002224440000 
0.16000 0.002171620000 
0.16050 0.002121700000 
0.16100 0.002071800000 
0.16150 0.002021900000 
0.16200 0.001973672000 
0.16250 0.001927852000 
0.16300 0.001882032000 
0.16350 0.001836212000 
0.16400 0.001792122000 
0.16450 0.001750082000 
0.16500 0.001708042000 
0.16550 0.001666002000 
0.16600 0.001625702000 
0.16650 0.001587214000 
0.16700 0.001548724000 
0.16750 0.001510236000 
0.16800 0.001473360000 
0.16850 0.001438046000 
0.16900 0.001402732000 
0.16950 0.001367420000 
0.17000 0.001333660000 
0.17050 0.001301384000 
0.17100 0.001269108000 
0.17150 0.001236834000 
0.17200 0.001205912000 
0.17250 0.001176346000 
0.17300 0.001146778000 
0.17350 0.001117212000 
0.17400 0.001088854000 
0.17450 0.001061836000 
0.17500 0.001034818000 
0.17550 0.001007802000 
0.17600 0.000981822000 
0.17650 0.000957200000 
0.17700 0.000932578000 
0.17750 0.000907958000 
0.17800 0.000884154000 
0.17850 0.000861698000 
0.17900 0.000839242000 
0.17950 0.000816788000 
0.18000 0.000794934000 
0.18050 0.000774436000 
0.18100 0.000753938000 
0.18150 0.000733440000 
0.18200 0.000713352000 
0.18250 0.000694696000 
0.18300 0.000676042000 
0.18350 0.000657386000 
0.18400 0.000638946000 
0.18450 0.000622022000 
0.18500 0.000605096000 
0.18550 0.000588170000 
0.18600 0.000571268000 
0.18650 0.000555864000 
0.18700 0.000540462000 
0.18750 0.000525058000 
0.18800 0.000509654000 
0.18850 0.000495556000 
0.18900 0.000481618000 
0.18950 0.000467678000 
0.19000 0.000453738000 
0.19050 0.000440770000 
0.19100 0.000428112000 
0.19150 0.000415454000 
0.19200 0.000402796000 
0.19250 0.000390878000 
0.19300 0.000379426000 
0.19350 0.000367974000 
0.19400 0.000356522000 
0.19450 0.000345580000 
0.19500 0.000335232000 
0.19550 0.000324886000 
0.19600 0.000314538000 
0.19650 0.000304498000 
0.19700 0.000295162000 
0.19750 0.000285826000 
0.19800 0.000276490000 
0.19850 0.000267284000 
0.19900 0.000258874000 
0.19950 0.000250462000 
0.20000 0.000242052000 
0.20050 0.000233640000 
0.20100 0.000226034000 
0.20150 0.000218446000 
0.20200 0.000210860000 
0.20250 0.000203272000 
0.20300 0.000196332400 
0.20350 0.000189540400 
0.20400 0.000182748400 
0.20450 0.000175956400 
0.20500 0.000169613400 
0.20550 0.000163507400 
0.20600 0.000157401400 
0.20650 0.000151295400 
0.20700 0.000145522800 
0.20750 0.000140080200 
0.20800 0.000134637800 
0.20850 0.000129195200 
0.20900 0.000123959200 
0.20950 0.000119087200 
0.21000 0.000114215200 
0.21050 0.000109343000 
0.21100 0.000104595000 
0.21150 0.000100246000 
0.21200 0.000095896800 
0.21250 0.000091547600 
0.21300 0.000087266200 
0.21350 0.000083424600 
0.21400 0.000079583200 
0.21450 0.000075741800 
0.21500 0.000071924400 
0.21550 0.000068519400 
0.21600 0.000065114400 
0.21650 0.000061709400 
0.21700 0.000058308600 
0.21750 0.000055329200 
0.21800 0.000052349600 
0.21850 0.000049370200 
0.21900 0.000046391600 
0.21950 0.000043780000 
0.22000 0.000041168200 
0.22050 0.000038556600 
0.22100 0.000035959000 
0.22150 0.000033689400 
0.22200 0.000031420000 
0.22250 0.000029150400 
0.22300 0.000026926000 
0.22350 0.000024993800 
0.22400 0.000023061800 
0.22450 0.000021129600 
0.22500 0.000019283960 
0.22550 0.000017651640 
0.22600 0.000016019300 
0.22650 0.000014386960 
0.22700 0.000012905920 
0.22750 0.000011567860 
0.22800 0.000010229800 
0.22850 0.000008891740 
0.22900 0.000007787980 
0.22950 0.000006735100 
0.23000 0.000005682220 
0.23050 0.000004691360 
0.23100 0.000003918440 
0.23150 0.000003145500 
0.23200 0.000002372560 
0.23250 0.000001812510 
0.23300 0.000001332928 
0.23350 0.000000853346 
