0.00000 97.077800000000 
0.00050 87.431000000000 
0.00100 77.784000000000 
0.00150 68.137200000000 
0.00200 58.490200000000 
0.00250 51.612200000000 
0.00300 45.560200000000 
0.00350 40.541800000000 
0.00400 36.479600000000 
0.00450 32.646000000000 
0.00500 29.795600000000 
0.00550 26.945200000000 
0.00600 24.710200000000 
0.00650 22.643400000000 
0.00700 20.743200000000 
0.00750 19.205340000000 
0.00800 17.667500000000 
0.00850 16.419120000000 
0.00900 15.250320000000 
0.00950 14.134060000000 
0.01000 13.229780000000 
0.01050 12.325500000000 
0.01100 11.530320000000 
0.01150 10.819940000000 
0.01200 10.109580000000 
0.01250 9.526840000000 
0.01300 8.961360000000 
0.01350 8.413200000000 
0.01400 7.957800000000 
0.01450 7.502400000000 
0.01500 7.080620000000 
0.01550 6.710080000000 
0.01600 6.339560000000 
0.01650 6.008780000000 
0.01700 5.704520000000 
0.01750 5.400280000000 
0.01800 5.136440000000 
0.01850 4.884560000000 
0.01900 4.632680000000 
0.01950 4.419020000000 
0.02000 4.208960000000 
0.02050 3.999900000000 
0.02100 3.823540000000 
0.02150 3.647160000000 
0.02200 3.474100000000 
0.02250 3.325140000000 
0.02300 3.176180000000 
0.02350 3.031440000000 
0.02400 2.904920000000 
0.02450 2.778400000000 
0.02500 2.656220000000 
0.02550 2.548240000000 
0.02600 2.440260000000 
0.02650 2.336280000000 
0.02700 2.243680000000 
0.02750 2.151080000000 
0.02800 2.061920000000 
0.02850 1.982206000000 
0.02900 1.902480000000 
0.02950 1.825520000000 
0.03000 1.756614000000 
0.03050 1.687706000000 
0.03100 1.620870000000 
0.03150 1.561104000000 
0.03200 1.501338000000 
0.03250 1.442980000000 
0.03300 1.390974000000 
0.03350 1.338970000000 
0.03400 1.287756000000 
0.03450 1.242370000000 
0.03500 1.196984000000 
0.03550 1.151838000000 
0.03600 1.112122000000 
0.03650 1.072406000000 
0.03700 1.032688000000 
0.03750 0.997598000000 
0.03800 0.962754000000 
0.03850 0.927910000000 
0.03900 0.896606000000 
0.03950 0.865966000000 
0.04000 0.835326000000 
0.04050 0.807302000000 
0.04100 0.780302000000 
0.04150 0.753300000000 
0.04200 0.728136000000 
0.04250 0.704294000000 
0.04300 0.680450000000 
0.04350 0.657788000000 
0.04400 0.636698000000 
0.04450 0.615606000000 
0.04500 0.595142000000 
0.04550 0.576452000000 
0.04600 0.557760000000 
0.04650 0.539238000000 
0.04700 0.522646000000 
0.04750 0.506056000000 
0.04800 0.489466000000 
0.04850 0.474502000000 
0.04900 0.459754000000 
0.04950 0.445006000000 
0.05000 0.431346000000 
0.05050 0.418216000000 
0.05100 0.405086000000 
0.05150 0.392592000000 
0.05200 0.380888000000 
0.05250 0.369186000000 
0.05300 0.357738000000 
0.05350 0.347292000000 
0.05400 0.336846000000 
0.05450 0.326400000000 
0.05500 0.317006000000 
0.05550 0.307672000000 
0.05600 0.298336000000 
0.05650 0.289666000000 
0.05700 0.281314000000 
0.05750 0.272964000000 
0.05800 0.264950000000 
0.05850 0.257470000000 
0.05900 0.249990000000 
0.05950 0.242576000000 
0.06000 0.235872000000 
0.06050 0.229166000000 
0.06100 0.222460000000 
0.06150 0.216280000000 
0.06200 0.210262000000 
0.06250 0.204244000000 
0.06300 0.198490600000 
0.06350 0.193084400000 
0.06400 0.187678000000 
0.06450 0.182317600000 
0.06500 0.177456000000 
0.06550 0.172594600000 
0.06600 0.167733000000 
0.06650 0.163221600000 
0.06700 0.158846200000 
0.06750 0.154470800000 
0.06800 0.150243000000 
0.06850 0.146301400000 
0.06900 0.142359800000 
0.06950 0.138418200000 
0.07000 0.134843200000 
0.07050 0.131289200000 
0.07100 0.127735400000 
0.07150 0.124367200000 
0.07200 0.121160400000 
0.07250 0.117953400000 
0.07300 0.114780800000 
0.07350 0.111884400000 
0.07400 0.108988000000 
0.07450 0.106091600000 
0.07500 0.103381800000 
0.07550 0.100763800000 
0.07600 0.098145600000 
0.07650 0.095581400000 
0.07700 0.093212800000 
0.07750 0.090844400000 
0.07800 0.088476000000 
0.07850 0.086274600000 
0.07900 0.084130200000 
0.07950 0.081986000000 
0.08000 0.079894400000 
0.08050 0.077951400000 
0.08100 0.076008400000 
0.08150 0.074065400000 
0.08200 0.072260600000 
0.08250 0.070498600000 
0.08300 0.068736400000 
0.08350 0.067015600000 
0.08400 0.065416400000 
0.08450 0.063817200000 
0.08500 0.062218200000 
0.08550 0.060725600000 
0.08600 0.059273000000 
0.08650 0.057820600000 
0.08700 0.056393000000 
0.08750 0.055073200000 
0.08800 0.053753200000 
0.08850 0.052433200000 
0.08900 0.051189200000 
0.08950 0.049988200000 
0.09000 0.048787200000 
0.09050 0.047594200000 
0.09100 0.046501000000 
0.09150 0.045407800000 
0.09200 0.044314800000 
0.09250 0.043270000000 
0.09300 0.042274000000 
0.09350 0.041278200000 
0.09400 0.040282400000 
0.09450 0.039366600000 
0.09500 0.038458800000 
0.09550 0.037551000000 
0.09600 0.036667800000 
0.09650 0.035839400000 
0.09700 0.035011000000 
0.09750 0.034182600000 
0.09800 0.033404600000 
0.09850 0.032648600000 
0.09900 0.031892400000 
0.09950 0.031141200000 
0.10000 0.030450600000 
0.10050 0.029759800000 
0.10100 0.029069000000 
0.10150 0.028404400000 
0.10200 0.027773000000 
0.10250 0.027141400000 
0.10300 0.026510000000 
0.10350 0.025921400000 
0.10400 0.025343800000 
0.10450 0.024766000000 
0.10500 0.024195400000 
0.10550 0.023666600000 
0.10600 0.023138000000 
0.10650 0.022609200000 
0.10700 0.022101800000 
0.10750 0.021617400000 
0.10800 0.021133200000 
0.10850 0.020648800000 
0.10900 0.020197200000 
0.10950 0.019753360000 
0.11000 0.019309500000 
0.11050 0.018870360000 
0.11100 0.018463200000 
0.11150 0.018056060000 
0.11200 0.017648900000 
0.11250 0.017256520000 
0.11300 0.016883120000 
0.11350 0.016509700000 
0.11400 0.016136300000 
0.11450 0.015785440000 
0.11500 0.015442540000 
0.11550 0.015099640000 
0.11600 0.014757620000 
0.11650 0.014442720000 
0.11700 0.014127820000 
0.11750 0.013812920000 
0.11800 0.013506040000 
0.11850 0.013216580000 
0.11900 0.012927120000 
0.11950 0.012637680000 
0.12000 0.012362120000 
0.12050 0.012096200000 
0.12100 0.011830260000 
0.12150 0.011564320000 
0.12200 0.011316680000 
0.12250 0.011072020000 
0.12300 0.010827380000 
0.12350 0.010585040000 
0.12400 0.010359900000 
0.12450 0.010134760000 
0.12500 0.009909620000 
0.12550 0.009691140000 
0.12600 0.009483980000 
0.12650 0.009276820000 
0.12700 0.009069660000 
0.12750 0.008872620000 
0.12800 0.008681980000 
0.12850 0.008491320000 
0.12900 0.008300660000 
0.12950 0.008122780000 
0.13000 0.007947180000 
0.13050 0.007771560000 
0.13100 0.007597020000 
0.13150 0.007435340000 
0.13200 0.007273640000 
0.13250 0.007111960000 
0.13300 0.006954040000 
0.13350 0.006805060000 
0.13400 0.006656080000 
0.13450 0.006507080000 
0.13500 0.006364020000 
0.13550 0.006226740000 
0.13600 0.006089440000 
0.13650 0.005952160000 
0.13700 0.005822560000 
0.13750 0.005696120000 
0.13800 0.005569680000 
0.13850 0.005443260000 
0.13900 0.005325760000 
0.13950 0.005209240000 
0.14000 0.005092720000 
0.14050 0.004976980000 
0.14100 0.004869680000 
0.14150 0.004762380000 
0.14200 0.004655080000 
0.14250 0.004549980000 
0.14300 0.004451120000 
0.14350 0.004352240000 
0.14400 0.004253360000 
0.14450 0.004157800000 
0.14500 0.004066720000 
0.14550 0.003975620000 
0.14600 0.003884520000 
0.14650 0.003797600000 
0.14700 0.003713680000 
0.14750 0.003629760000 
0.14800 0.003545840000 
0.14850 0.003466800000 
0.14900 0.003389580000 
0.14950 0.003312380000 
0.15000 0.003235160000 
0.15050 0.003163220000 
0.15100 0.003092140000 
0.15150 0.003021060000 
0.15200 0.002949980000 
0.15250 0.002884460000 
0.15300 0.002819040000 
0.15350 0.002753620000 
0.15400 0.002688680000 
0.15450 0.002628560000 
0.15500 0.002568460000 
0.15550 0.002508340000 
0.15600 0.002449140000 
0.15650 0.002393860000 
0.15700 0.002338580000 
0.15750 0.002283320000 
0.15800 0.002229260000 
0.15850 0.002178400000 
0.15900 0.002127540000 
0.15950 0.002076660000 
0.16000 0.002027280000 
0.16050 0.001980620000 
0.16100 0.001933960000 
0.16150 0.001887298000 
0.16200 0.001842212000 
0.16250 0.001799380000 
0.16300 0.001756548000 
0.16350 0.001713716000 
0.16400 0.001672504000 
0.16450 0.001633214000 
0.16500 0.001593924000 
0.16550 0.001554632000 
0.16600 0.001516970000 
0.16650 0.001481006000 
0.16700 0.001445040000 
0.16750 0.001409074000 
0.16800 0.001374620000 
0.16850 0.001341628000 
0.16900 0.001308636000 
0.16950 0.001275646000 
0.17000 0.001244108000 
0.17050 0.001213960000 
0.17100 0.001183812000 
0.17150 0.001153664000 
0.17200 0.001124784000 
0.17250 0.001097172000 
0.17300 0.001069558000 
0.17350 0.001041946000 
0.17400 0.001015464000 
0.17450 0.000990236000 
0.17500 0.000965010000 
0.17550 0.000939782000 
0.17600 0.000915526000 
0.17650 0.000892540000 
0.17700 0.000869554000 
0.17750 0.000846568000 
0.17800 0.000824346000 
0.17850 0.000803386000 
0.17900 0.000782426000 
0.17950 0.000761466000 
0.18000 0.000741068000 
0.18050 0.000721938000 
0.18100 0.000702808000 
0.18150 0.000683678000 
0.18200 0.000664934000 
0.18250 0.000647526000 
0.18300 0.000630118000 
0.18350 0.000612710000 
0.18400 0.000595506000 
0.18450 0.000579716000 
0.18500 0.000563926000 
0.18550 0.000548134000 
0.18600 0.000532366000 
0.18650 0.000517998000 
0.18700 0.000503630000 
0.18750 0.000489262000 
0.18800 0.000474894000 
0.18850 0.000461746000 
0.18900 0.000448744000 
0.18950 0.000435744000 
0.19000 0.000422742000 
0.19050 0.000410650000 
0.19100 0.000398846000 
0.19150 0.000387042000 
0.19200 0.000375240000 
0.19250 0.000364128000 
0.19300 0.000353450000 
0.19350 0.000342772000 
0.19400 0.000332096000 
0.19450 0.000321896000 
0.19500 0.000312250000 
0.19550 0.000302604000 
0.19600 0.000292958000 
0.19650 0.000283598000 
0.19700 0.000274896000 
0.19750 0.000266194000 
0.19800 0.000257492000 
0.19850 0.000248914000 
0.19900 0.000241074000 
0.19950 0.000233236000 
0.20000 0.000225398000 
0.20050 0.000217558000 
0.20100 0.000210472000 
0.20150 0.000203402000 
0.20200 0.000196332400 
0.20250 0.000189262600 
0.20300 0.000182796800 
0.20350 0.000176469000 
0.20400 0.000170141200 
0.20450 0.000163813400 
0.20500 0.000157904400 
0.20550 0.000152216600 
0.20600 0.000146528800 
0.20650 0.000140840800 
0.20700 0.000135463800 
0.20750 0.000130394800 
0.20800 0.000125325600 
0.20850 0.000120256400 
0.20900 0.000115379800 
0.20950 0.000110842600 
0.21000 0.000106305600 
0.21050 0.000101768400 
0.21100 0.000097346800 
0.21150 0.000093297200 
0.21200 0.000089247600 
0.21250 0.000085198000 
0.21300 0.000081211400 
0.21350 0.000077634800 
0.21400 0.000074058400 
0.21450 0.000070482000 
0.21500 0.000066928000 
0.21550 0.000063758400 
0.21600 0.000060588600 
0.21650 0.000057419000 
0.21700 0.000054253200 
0.21750 0.000051480000 
0.21800 0.000048706800 
0.21850 0.000045933600 
0.21900 0.000043161200 
0.21950 0.000040730600 
0.22000 0.000038300000 
0.22050 0.000035869600 
0.22100 0.000033452000 
0.22150 0.000031340200 
0.22200 0.000029228400 
0.22250 0.000027116600 
0.22300 0.000025046600 
0.22350 0.000023249000 
0.22400 0.000021451400 
0.22450 0.000019653740 
0.22500 0.000017936500 
0.22550 0.000016417940 
0.22600 0.000014899380 
0.22650 0.000013380820 
0.22700 0.000012003100 
0.22750 0.000010758460 
0.22800 0.000009513800 
0.22850 0.000008269160 
0.22900 0.000007242580 
0.22950 0.000006263320 
0.23000 0.000005284060 
0.23050 0.000004362520 
0.23100 0.000003643720 
0.23150 0.000002924920 
0.23200 0.000002206120 
0.23250 0.000001685324 
0.23300 0.000001239382 
0.23350 0.000000793440 
