0.00000 94.784600000000 
0.00050 85.315200000000 
0.00100 75.845600000000 
0.00150 66.376000000000 
0.00200 56.906600000000 
0.00250 50.168000000000 
0.00300 44.244400000000 
0.00350 39.337200000000 
0.00400 35.370000000000 
0.00450 31.627400000000 
0.00500 28.849000000000 
0.00550 26.070600000000 
0.00600 23.894600000000 
0.00650 21.883400000000 
0.00700 20.035000000000 
0.00750 18.540780000000 
0.00800 17.046520000000 
0.00850 15.834760000000 
0.00900 14.700660000000 
0.00950 13.617740000000 
0.01000 12.741400000000 
0.01050 11.865080000000 
0.01100 11.094920000000 
0.01150 10.407320000000 
0.01200 9.719720000000 
0.01250 9.156220000000 
0.01300 8.609460000000 
0.01350 8.079560000000 
0.01400 7.639720000000 
0.01450 7.199880000000 
0.01500 6.792640000000 
0.01550 6.435140000000 
0.01600 6.077620000000 
0.01650 5.758640000000 
0.01700 5.465360000000 
0.01750 5.172080000000 
0.01800 4.917940000000 
0.01850 4.675360000000 
0.01900 4.432800000000 
0.01950 4.227200000000 
0.02000 4.025080000000 
0.02050 3.823940000000 
0.02100 3.654400000000 
0.02150 3.484840000000 
0.02200 3.318500000000 
0.02250 3.175400000000 
0.02300 3.032320000000 
0.02350 2.893320000000 
0.02400 2.771880000000 
0.02450 2.650460000000 
0.02500 2.533240000000 
0.02550 2.429680000000 
0.02600 2.326120000000 
0.02650 2.226420000000 
0.02700 2.137680000000 
0.02750 2.048960000000 
0.02800 1.963540000000 
0.02850 1.887202000000 
0.02900 1.810862000000 
0.02950 1.737184000000 
0.03000 1.671252000000 
0.03050 1.605318000000 
0.03100 1.541380000000 
0.03150 1.484234000000 
0.03200 1.427090000000 
0.03250 1.371298000000 
0.03300 1.321608000000 
0.03350 1.271920000000 
0.03400 1.222992000000 
0.03450 1.179656000000 
0.03500 1.136322000000 
0.03550 1.093218000000 
0.03600 1.055322000000 
0.03650 1.017426000000 
0.03700 0.979530000000 
0.03750 0.946070000000 
0.03800 0.912846000000 
0.03850 0.879620000000 
0.03900 0.849786000000 
0.03950 0.820590000000 
0.04000 0.791392000000 
0.04050 0.764700000000 
0.04100 0.738988000000 
0.04150 0.713274000000 
0.04200 0.689318000000 
0.04250 0.666628000000 
0.04300 0.643936000000 
0.04350 0.622374000000 
0.04400 0.602314000000 
0.04450 0.582254000000 
0.04500 0.562794000000 
0.04550 0.545028000000 
0.04600 0.527262000000 
0.04650 0.509656000000 
0.04700 0.493894000000 
0.04750 0.478134000000 
0.04800 0.462374000000 
0.04850 0.448166000000 
0.04900 0.434164000000 
0.04950 0.420162000000 
0.05000 0.407198000000 
0.05050 0.394740000000 
0.05100 0.382282000000 
0.05150 0.370428000000 
0.05200 0.359330000000 
0.05250 0.348232000000 
0.05300 0.337378000000 
0.05350 0.327476000000 
0.05400 0.317576000000 
0.05450 0.307676000000 
0.05500 0.298776000000 
0.05550 0.289934000000 
0.05600 0.281092000000 
0.05650 0.272880000000 
0.05700 0.264974000000 
0.05750 0.257068000000 
0.05800 0.249482000000 
0.05850 0.242404000000 
0.05900 0.235328000000 
0.05950 0.228312000000 
0.06000 0.221970000000 
0.06050 0.215628000000 
0.06100 0.209286000000 
0.06150 0.203446000000 
0.06200 0.197756600000 
0.06250 0.192067600000 
0.06300 0.186630400000 
0.06350 0.181522800000 
0.06400 0.176415000000 
0.06450 0.171350800000 
0.06500 0.166760200000 
0.06550 0.162169400000 
0.06600 0.157578800000 
0.06650 0.153320000000 
0.06700 0.149190600000 
0.06750 0.145061000000 
0.06800 0.141071400000 
0.06850 0.137353000000 
0.06900 0.133634800000 
0.06950 0.129916400000 
0.07000 0.126545400000 
0.07050 0.123194400000 
0.07100 0.119843400000 
0.07150 0.116668400000 
0.07200 0.113646000000 
0.07250 0.110623800000 
0.07300 0.107633800000 
0.07350 0.104905400000 
0.07400 0.102177000000 
0.07450 0.099448600000 
0.07500 0.096896800000 
0.07550 0.094431600000 
0.07600 0.091966600000 
0.07650 0.089552400000 
0.07700 0.087323400000 
0.07750 0.085094200000 
0.07800 0.082865200000 
0.07850 0.080794200000 
0.07900 0.078777000000 
0.07950 0.076759800000 
0.08000 0.074792600000 
0.08050 0.072965600000 
0.08100 0.071138600000 
0.08150 0.069311600000 
0.08200 0.067615200000 
0.08250 0.065959200000 
0.08300 0.064303000000 
0.08350 0.062685600000 
0.08400 0.061183400000 
0.08450 0.059681000000 
0.08500 0.058178800000 
0.08550 0.056777000000 
0.08600 0.055413200000 
0.08650 0.054049200000 
0.08700 0.052708800000 
0.08750 0.051469800000 
0.08800 0.050230800000 
0.08850 0.048991800000 
0.08900 0.047824400000 
0.08950 0.046697600000 
0.09000 0.045570800000 
0.09050 0.044451400000 
0.09100 0.043426200000 
0.09150 0.042401000000 
0.09200 0.041375800000 
0.09250 0.040396200000 
0.09300 0.039462600000 
0.09350 0.038529000000 
0.09400 0.037595400000 
0.09450 0.036737200000 
0.09500 0.035886400000 
0.09550 0.035035800000 
0.09600 0.034208200000 
0.09650 0.033432400000 
0.09700 0.032656400000 
0.09750 0.031880400000 
0.09800 0.031152000000 
0.09850 0.030444000000 
0.09900 0.029736000000 
0.09950 0.029032600000 
0.10000 0.028386200000 
0.10050 0.027739600000 
0.10100 0.027093000000 
0.10150 0.026471200000 
0.10200 0.025880400000 
0.10250 0.025289400000 
0.10300 0.024698600000 
0.10350 0.024148200000 
0.10400 0.023608000000 
0.10450 0.023067600000 
0.10500 0.022534000000 
0.10550 0.022039800000 
0.10600 0.021545400000 
0.10650 0.021051000000 
0.10700 0.020576800000 
0.10750 0.020124200000 
0.10800 0.019671540000 
0.10850 0.019218920000 
0.10900 0.018797060000 
0.10950 0.018382400000 
0.11000 0.017967760000 
0.11050 0.017557540000 
0.11100 0.017177320000 
0.11150 0.016797120000 
0.11200 0.016416900000 
0.11250 0.016050560000 
0.11300 0.015701980000 
0.11350 0.015353400000 
0.11400 0.015004820000 
0.11450 0.014677380000 
0.11500 0.014357400000 
0.11550 0.014037440000 
0.11600 0.013718280000 
0.11650 0.013424540000 
0.11700 0.013130780000 
0.11750 0.012837040000 
0.11800 0.012550800000 
0.11850 0.012280900000 
0.11900 0.012010980000 
0.11950 0.011741080000 
0.12000 0.011484180000 
0.12050 0.011236280000 
0.12100 0.010988400000 
0.12150 0.010740500000 
0.12200 0.010509720000 
0.12250 0.010281760000 
0.12300 0.010053780000 
0.12350 0.009827980000 
0.12400 0.009618260000 
0.12450 0.009408520000 
0.12500 0.009198800000 
0.12550 0.008995300000 
0.12600 0.008802400000 
0.12650 0.008609500000 
0.12700 0.008416600000 
0.12750 0.008233160000 
0.12800 0.008055680000 
0.12850 0.007878200000 
0.12900 0.007700720000 
0.12950 0.007535180000 
0.13000 0.007371760000 
0.13050 0.007208340000 
0.13100 0.007045920000 
0.13150 0.006895520000 
0.13200 0.006745100000 
0.13250 0.006594680000 
0.13300 0.006447780000 
0.13350 0.006309240000 
0.13400 0.006170700000 
0.13450 0.006032140000 
0.13500 0.005899120000 
0.13550 0.005771500000 
0.13600 0.005643860000 
0.13650 0.005516220000 
0.13700 0.005395760000 
0.13750 0.005278260000 
0.13800 0.005160760000 
0.13850 0.005043260000 
0.13900 0.004934080000 
0.13950 0.004825840000 
0.14000 0.004717580000 
0.14050 0.004610060000 
0.14100 0.004510400000 
0.14150 0.004410740000 
0.14200 0.004311080000 
0.14250 0.004213480000 
0.14300 0.004121660000 
0.14350 0.004029860000 
0.14400 0.003938060000 
0.14450 0.003849340000 
0.14500 0.003764780000 
0.14550 0.003680220000 
0.14600 0.003595660000 
0.14650 0.003515000000 
0.14700 0.003437120000 
0.14750 0.003359260000 
0.14800 0.003281380000 
0.14850 0.003208040000 
0.14900 0.003136420000 
0.14950 0.003064800000 
0.15000 0.002993180000 
0.15050 0.002926460000 
0.15100 0.002860520000 
0.15150 0.002794600000 
0.15200 0.002728680000 
0.15250 0.002667940000 
0.15300 0.002607280000 
0.15350 0.002546640000 
0.15400 0.002486440000 
0.15450 0.002430720000 
0.15500 0.002375000000 
0.15550 0.002319280000 
0.15600 0.002264420000 
0.15650 0.002213200000 
0.15700 0.002161980000 
0.15750 0.002110760000 
0.15800 0.002060680000 
0.15850 0.002013560000 
0.15900 0.001966436000 
0.15950 0.001919318000 
0.16000 0.001873572000 
0.16050 0.001830360000 
0.16100 0.001787146000 
0.16150 0.001743934000 
0.16200 0.001702184000 
0.16250 0.001662528000 
0.16300 0.001622872000 
0.16350 0.001583216000 
0.16400 0.001545062000 
0.16450 0.001508696000 
0.16500 0.001472328000 
0.16550 0.001435960000 
0.16600 0.001401102000 
0.16650 0.001367822000 
0.16700 0.001334540000 
0.16750 0.001301258000 
0.16800 0.001269378000 
0.16850 0.001238856000 
0.16900 0.001208336000 
0.16950 0.001177814000 
0.17000 0.001148640000 
0.17050 0.001120756000 
0.17100 0.001092872000 
0.17150 0.001064988000 
0.17200 0.001038280000 
0.17250 0.001012748000 
0.17300 0.000987214000 
0.17350 0.000961682000 
0.17400 0.000937198000 
0.17450 0.000913876000 
0.17500 0.000890556000 
0.17550 0.000867234000 
0.17600 0.000844812000 
0.17650 0.000823568000 
0.17700 0.000802324000 
0.17750 0.000781078000 
0.17800 0.000760542000 
0.17850 0.000741176000 
0.17900 0.000721808000 
0.17950 0.000702440000 
0.18000 0.000683594000 
0.18050 0.000665922000 
0.18100 0.000648250000 
0.18150 0.000630578000 
0.18200 0.000613262000 
0.18250 0.000597184000 
0.18300 0.000581106000 
0.18350 0.000565030000 
0.18400 0.000549140000 
0.18450 0.000534560000 
0.18500 0.000519978000 
0.18550 0.000505398000 
0.18600 0.000490836000 
0.18650 0.000477572000 
0.18700 0.000464308000 
0.18750 0.000451044000 
0.18800 0.000437780000 
0.18850 0.000425644000 
0.18900 0.000413644000 
0.18950 0.000401646000 
0.19000 0.000389646000 
0.19050 0.000378486000 
0.19100 0.000367594000 
0.19150 0.000356702000 
0.19200 0.000345810000 
0.19250 0.000335558000 
0.19300 0.000325706000 
0.19350 0.000315856000 
0.19400 0.000306004000 
0.19450 0.000296596000 
0.19500 0.000287698000 
0.19550 0.000278800000 
0.19600 0.000269902000 
0.19650 0.000261270000 
0.19700 0.000253246000 
0.19750 0.000245220000 
0.19800 0.000237196000 
0.19850 0.000229284000 
0.19900 0.000222056000 
0.19950 0.000214830000 
0.20000 0.000207602000 
0.20050 0.000200374000 
0.20100 0.000193841600 
0.20150 0.000187324400 
0.20200 0.000180807200 
0.20250 0.000174290000 
0.20300 0.000168330600 
0.20350 0.000162498400 
0.20400 0.000156666400 
0.20450 0.000150834200 
0.20500 0.000145388800 
0.20550 0.000140147600 
0.20600 0.000134906200 
0.20650 0.000129665000 
0.20700 0.000124710600 
0.20750 0.000120040400 
0.20800 0.000115370200 
0.20850 0.000110699800 
0.20900 0.000106207200 
0.20950 0.000102027800 
0.21000 0.000097848600 
0.21050 0.000093669200 
0.21100 0.000089596600 
0.21150 0.000085867000 
0.21200 0.000082137400 
0.21250 0.000078407800 
0.21300 0.000074736400 
0.21350 0.000071443200 
0.21400 0.000068150000 
0.21450 0.000064856800 
0.21500 0.000061584200 
0.21550 0.000058666200 
0.21600 0.000055748000 
0.21650 0.000052830000 
0.21700 0.000049915400 
0.21750 0.000047362800 
0.21800 0.000044810000 
0.21850 0.000042257400 
0.21900 0.000039705600 
0.21950 0.000037468600 
0.22000 0.000035231800 
0.22050 0.000032994800 
0.22100 0.000030770000 
0.22150 0.000028826800 
0.22200 0.000026883600 
0.22250 0.000024940400 
0.22300 0.000023035800 
0.22350 0.000021382000 
0.22400 0.000019728220 
0.22450 0.000018074400 
0.22500 0.000016494600 
0.22550 0.000015097780 
0.22600 0.000013700940 
0.22650 0.000012304120 
0.22700 0.000011036920 
0.22750 0.000009892220 
0.22800 0.000008747540 
0.22850 0.000007602860 
0.22900 0.000006658840 
0.22950 0.000005758360 
0.23000 0.000004857900 
0.23050 0.000004010520 
0.23100 0.000003349660 
0.23150 0.000002688800 
0.23200 0.000002027940 
0.23250 0.000001549178 
0.23300 0.000001139242 
0.23350 0.000000729308 
