0.00000 92.416200000000 
0.00050 83.127800000000 
0.00100 73.839200000000 
0.00150 64.550800000000 
0.00200 55.262200000000 
0.00250 48.667600000000 
0.00300 42.876600000000 
0.00350 38.084200000000 
0.00400 34.215800000000 
0.00450 30.567200000000 
0.00500 27.863800000000 
0.00550 25.160200000000 
0.00600 23.045800000000 
0.00650 21.092400000000 
0.00700 19.298040000000 
0.00750 17.849200000000 
0.00800 16.400360000000 
0.00850 15.226740000000 
0.00900 14.128760000000 
0.00950 13.080600000000 
0.01000 12.233400000000 
0.01050 11.386180000000 
0.01100 10.642120000000 
0.01150 9.978260000000 
0.01200 9.314380000000 
0.01250 8.770880000000 
0.01300 8.243660000000 
0.01350 7.732760000000 
0.01400 7.309120000000 
0.01450 6.885480000000 
0.01500 6.493400000000 
0.01550 6.149460000000 
0.01600 5.805500000000 
0.01650 5.498800000000 
0.01700 5.216940000000 
0.01750 4.935080000000 
0.01800 4.691040000000 
0.01850 4.458160000000 
0.01900 4.225280000000 
0.01950 4.028080000000 
0.02000 3.834240000000 
0.02050 3.641320000000 
0.02100 3.478860000000 
0.02150 3.316420000000 
0.02200 3.157040000000 
0.02250 3.020060000000 
0.02300 2.883100000000 
0.02350 2.750060000000 
0.02400 2.633920000000 
0.02450 2.517800000000 
0.02500 2.405700000000 
0.02550 2.306740000000 
0.02600 2.207780000000 
0.02650 2.112540000000 
0.02700 2.027820000000 
0.02750 1.943116000000 
0.02800 1.861582000000 
0.02850 1.788762000000 
0.02900 1.715942000000 
0.02950 1.645672000000 
0.03000 1.582832000000 
0.03050 1.519990000000 
0.03100 1.459058000000 
0.03150 1.404636000000 
0.03200 1.350214000000 
0.03250 1.297086000000 
0.03300 1.249802000000 
0.03350 1.202518000000 
0.03400 1.155962000000 
0.03450 1.114756000000 
0.03500 1.073550000000 
0.03550 1.032566000000 
0.03600 0.996558000000 
0.03650 0.960552000000 
0.03700 0.924546000000 
0.03750 0.892776000000 
0.03800 0.861232000000 
0.03850 0.829686000000 
0.03900 0.801378000000 
0.03950 0.773678000000 
0.04000 0.745976000000 
0.04050 0.720666000000 
0.04100 0.696288000000 
0.04150 0.671912000000 
0.04200 0.649208000000 
0.04250 0.627712000000 
0.04300 0.606214000000 
0.04350 0.585792000000 
0.04400 0.566800000000 
0.04450 0.547808000000 
0.04500 0.529388000000 
0.04550 0.512580000000 
0.04600 0.495772000000 
0.04650 0.479116000000 
0.04700 0.464214000000 
0.04750 0.449314000000 
0.04800 0.434414000000 
0.04850 0.420988000000 
0.04900 0.407760000000 
0.04950 0.394530000000 
0.05000 0.382284000000 
0.05050 0.370522000000 
0.05100 0.358760000000 
0.05150 0.347570000000 
0.05200 0.337098000000 
0.05250 0.326626000000 
0.05300 0.316384000000 
0.05350 0.307048000000 
0.05400 0.297712000000 
0.05450 0.288374000000 
0.05500 0.279988000000 
0.05550 0.271654000000 
0.05600 0.263322000000 
0.05650 0.255586000000 
0.05700 0.248140000000 
0.05750 0.240692000000 
0.05800 0.233550000000 
0.05850 0.226888000000 
0.05900 0.220226000000 
0.05950 0.213624000000 
0.06000 0.207658000000 
0.06050 0.201692000000 
0.06100 0.195725600000 
0.06150 0.190233000000 
0.06200 0.184884400000 
0.06250 0.179535800000 
0.06300 0.174425000000 
0.06350 0.169625600000 
0.06400 0.164826200000 
0.06450 0.160068000000 
0.06500 0.155757000000 
0.06550 0.151445800000 
0.06600 0.147134800000 
0.06650 0.143137000000 
0.06700 0.139261200000 
0.06750 0.135385200000 
0.06800 0.131641400000 
0.06850 0.128153400000 
0.06900 0.124665400000 
0.06950 0.121177600000 
0.07000 0.118017000000 
0.07050 0.114875200000 
0.07100 0.111733600000 
0.07150 0.108757800000 
0.07200 0.105925800000 
0.07250 0.103093800000 
0.07300 0.100292200000 
0.07350 0.097737000000 
0.07400 0.095181800000 
0.07450 0.092626600000 
0.07500 0.090237400000 
0.07550 0.087930000000 
0.07600 0.085622600000 
0.07650 0.083363000000 
0.07700 0.081277600000 
0.07750 0.079192200000 
0.07800 0.077106800000 
0.07850 0.075170000000 
0.07900 0.073283600000 
0.07950 0.071397400000 
0.08000 0.069558000000 
0.08050 0.067850600000 
0.08100 0.066143000000 
0.08150 0.064435600000 
0.08200 0.062850800000 
0.08250 0.061303600000 
0.08300 0.059756600000 
0.08350 0.058246000000 
0.08400 0.056843200000 
0.08450 0.055440600000 
0.08500 0.054038000000 
0.08550 0.052729600000 
0.08600 0.051456800000 
0.08650 0.050183800000 
0.08700 0.048933000000 
0.08750 0.047777400000 
0.08800 0.046621600000 
0.08850 0.045466000000 
0.08900 0.044377400000 
0.08950 0.043326800000 
0.09000 0.042276200000 
0.09050 0.041232600000 
0.09100 0.040277200000 
0.09150 0.039321800000 
0.09200 0.038366400000 
0.09250 0.037453800000 
0.09300 0.036584000000 
0.09350 0.035714400000 
0.09400 0.034844800000 
0.09450 0.034045800000 
0.09500 0.033253800000 
0.09550 0.032461800000 
0.09600 0.031691400000 
0.09650 0.030969200000 
0.09700 0.030247200000 
0.09750 0.029525000000 
0.09800 0.028847200000 
0.09850 0.028188800000 
0.09900 0.027530200000 
0.09950 0.026876000000 
0.10000 0.026274800000 
0.10050 0.025673600000 
0.10100 0.025072600000 
0.10150 0.024494400000 
0.10200 0.023945200000 
0.10250 0.023396200000 
0.10300 0.022847000000 
0.10350 0.022335600000 
0.10400 0.021833800000 
0.10450 0.021331800000 
0.10500 0.020836200000 
0.10550 0.020377200000 
0.10600 0.019918080000 
0.10650 0.019459020000 
0.10700 0.019018760000 
0.10750 0.018598640000 
0.10800 0.018178520000 
0.10850 0.017758400000 
0.10900 0.017366960000 
0.10950 0.016982260000 
0.11000 0.016597540000 
0.11050 0.016216960000 
0.11100 0.015864340000 
0.11150 0.015511720000 
0.11200 0.015159120000 
0.11250 0.014819420000 
0.11300 0.014496280000 
0.11350 0.014173120000 
0.11400 0.013849980000 
0.11450 0.013546520000 
0.11500 0.013250020000 
0.11550 0.012953520000 
0.11600 0.012657780000 
0.11650 0.012385680000 
0.11700 0.012113580000 
0.11750 0.011841480000 
0.11800 0.011576380000 
0.11850 0.011326480000 
0.11900 0.011076560000 
0.11950 0.010826640000 
0.12000 0.010588840000 
0.12050 0.010359400000 
0.12100 0.010129960000 
0.12150 0.009900520000 
0.12200 0.009686980000 
0.12250 0.009476060000 
0.12300 0.009265160000 
0.12350 0.009056240000 
0.12400 0.008862280000 
0.12450 0.008668320000 
0.12500 0.008474360000 
0.12550 0.008286180000 
0.12600 0.008107860000 
0.12650 0.007929520000 
0.12700 0.007751180000 
0.12750 0.007581640000 
0.12800 0.007417620000 
0.12850 0.007253600000 
0.12900 0.007089580000 
0.12950 0.006936660000 
0.13000 0.006785680000 
0.13050 0.006634720000 
0.13100 0.006484680000 
0.13150 0.006345780000 
0.13200 0.006206880000 
0.13250 0.006068000000 
0.13300 0.005932340000 
0.13350 0.005804460000 
0.13400 0.005676560000 
0.13450 0.005548660000 
0.13500 0.005425900000 
0.13550 0.005308120000 
0.13600 0.005190340000 
0.13650 0.005072560000 
0.13700 0.004961440000 
0.13750 0.004853040000 
0.13800 0.004744640000 
0.13850 0.004636260000 
0.13900 0.004535580000 
0.13950 0.004435760000 
0.14000 0.004335920000 
0.14050 0.004236780000 
0.14100 0.004144920000 
0.14150 0.004053060000 
0.14200 0.003961180000 
0.14250 0.003871220000 
0.14300 0.003786620000 
0.14350 0.003702020000 
0.14400 0.003617420000 
0.14450 0.003535680000 
0.14500 0.003457800000 
0.14550 0.003379900000 
0.14600 0.003302000000 
0.14650 0.003227700000 
0.14700 0.003156000000 
0.14750 0.003084280000 
0.14800 0.003012580000 
0.14850 0.002945060000 
0.14900 0.002879120000 
0.14950 0.002813200000 
0.15000 0.002747260000 
0.15050 0.002685840000 
0.15100 0.002625180000 
0.15150 0.002564520000 
0.15200 0.002503860000 
0.15250 0.002447960000 
0.15300 0.002392160000 
0.15350 0.002336360000 
0.15400 0.002281000000 
0.15450 0.002229740000 
0.15500 0.002178500000 
0.15550 0.002127260000 
0.15600 0.002076800000 
0.15650 0.002029720000 
0.15700 0.001982618000 
0.15750 0.001935524000 
0.15800 0.001889482000 
0.15850 0.001846178000 
0.15900 0.001802872000 
0.15950 0.001759566000 
0.16000 0.001717524000 
0.16050 0.001677818000 
0.16100 0.001638112000 
0.16150 0.001598408000 
0.16200 0.001560050000 
0.16250 0.001523624000 
0.16300 0.001487196000 
0.16350 0.001450770000 
0.16400 0.001415730000 
0.16450 0.001382334000 
0.16500 0.001348938000 
0.16550 0.001315540000 
0.16600 0.001283536000 
0.16650 0.001252984000 
0.16700 0.001222430000 
0.16750 0.001191876000 
0.16800 0.001162612000 
0.16850 0.001134602000 
0.16900 0.001106590000 
0.16950 0.001078578000 
0.17000 0.001051808000 
0.17050 0.001026224000 
0.17100 0.001000640000 
0.17150 0.000975056000 
0.17200 0.000950554000 
0.17250 0.000927134000 
0.17300 0.000903714000 
0.17350 0.000880294000 
0.17400 0.000857838000 
0.17450 0.000836454000 
0.17500 0.000815068000 
0.17550 0.000793682000 
0.17600 0.000773124000 
0.17650 0.000753648000 
0.17700 0.000734170000 
0.17750 0.000714694000 
0.17800 0.000695870000 
0.17850 0.000678118000 
0.17900 0.000660368000 
0.17950 0.000642616000 
0.18000 0.000625346000 
0.18050 0.000609152000 
0.18100 0.000592960000 
0.18150 0.000576768000 
0.18200 0.000560902000 
0.18250 0.000546174000 
0.18300 0.000531446000 
0.18350 0.000516720000 
0.18400 0.000502164000 
0.18450 0.000488810000 
0.18500 0.000475458000 
0.18550 0.000462104000 
0.18600 0.000448768000 
0.18650 0.000436624000 
0.18700 0.000424480000 
0.18750 0.000412334000 
0.18800 0.000400190000 
0.18850 0.000389080000 
0.18900 0.000378096000 
0.18950 0.000367112000 
0.19000 0.000356128000 
0.19050 0.000345914000 
0.19100 0.000335946000 
0.19150 0.000325978000 
0.19200 0.000316010000 
0.19250 0.000306630000 
0.19300 0.000297616000 
0.19350 0.000288604000 
0.19400 0.000279590000 
0.19450 0.000270982000 
0.19500 0.000262842000 
0.19550 0.000254704000 
0.19600 0.000246566000 
0.19650 0.000238670000 
0.19700 0.000231330000 
0.19750 0.000223992000 
0.19800 0.000216652000 
0.19850 0.000209418000 
0.19900 0.000202810000 
0.19950 0.000196201000 
0.20000 0.000189592800 
0.20050 0.000182984600 
0.20100 0.000177012600 
0.20150 0.000171055200 
0.20200 0.000165097600 
0.20250 0.000159140200 
0.20300 0.000153693400 
0.20350 0.000148363400 
0.20400 0.000143033200 
0.20450 0.000137703000 
0.20500 0.000132727000 
0.20550 0.000127937800 
0.20600 0.000123148800 
0.20650 0.000118359800 
0.20700 0.000113833200 
0.20750 0.000109566800 
0.20800 0.000105300200 
0.20850 0.000101033600 
0.20900 0.000096929800 
0.20950 0.000093112600 
0.21000 0.000089295400 
0.21050 0.000085478200 
0.21100 0.000081758600 
0.21150 0.000078353000 
0.21200 0.000074947200 
0.21250 0.000071541600 
0.21300 0.000068189000 
0.21350 0.000065182400 
0.21400 0.000062175800 
0.21450 0.000059169200 
0.21500 0.000056181400 
0.21550 0.000053517800 
0.21600 0.000050854200 
0.21650 0.000048190600 
0.21700 0.000045530200 
0.21750 0.000043200600 
0.21800 0.000040871000 
0.21850 0.000038541400 
0.21900 0.000036212400 
0.21950 0.000034171400 
0.22000 0.000032130400 
0.22050 0.000030089400 
0.22100 0.000028059400 
0.22150 0.000026286600 
0.22200 0.000024514000 
0.22250 0.000022741200 
0.22300 0.000021003800 
0.22350 0.000019495340 
0.22400 0.000017986900 
0.22450 0.000016478460 
0.22500 0.000015037620 
0.22550 0.000013763820 
0.22600 0.000012490020 
0.22650 0.000011216220 
0.22700 0.000010060720 
0.22750 0.000009017060 
0.22800 0.000007973380 
0.22850 0.000006929720 
0.22900 0.000006069120 
0.22950 0.000005248260 
0.23000 0.000004427400 
0.23050 0.000003654960 
0.23100 0.000003052640 
0.23150 0.000002450300 
0.23200 0.000001847980 
0.23250 0.000001411662 
0.23300 0.000001038100 
0.23350 0.000000664538 
