0.00000 89.932800000000 
0.00050 80.837600000000 
0.00100 71.742400000000 
0.00150 62.647000000000 
0.00200 53.551800000000 
0.00250 47.109200000000 
0.00300 41.457800000000 
0.00350 36.786400000000 
0.00400 33.021200000000 
0.00450 29.471200000000 
0.00500 26.846000000000 
0.00550 24.220600000000 
0.00600 22.170200000000 
0.00650 20.277200000000 
0.00700 18.538920000000 
0.00750 17.137280000000 
0.00800 15.735620000000 
0.00850 14.601580000000 
0.00900 13.541120000000 
0.00950 12.529000000000 
0.01000 11.711960000000 
0.01050 10.894940000000 
0.01100 10.177880000000 
0.01150 9.538560000000 
0.01200 8.899240000000 
0.01250 8.376440000000 
0.01300 7.869380000000 
0.01350 7.378120000000 
0.01400 6.971200000000 
0.01450 6.564280000000 
0.01500 6.187840000000 
0.01550 5.857880000000 
0.01600 5.527900000000 
0.01650 5.233840000000 
0.01700 4.963760000000 
0.01750 4.693660000000 
0.01800 4.459980000000 
0.01850 4.237080000000 
0.01900 4.014160000000 
0.01950 3.825600000000 
0.02000 3.640240000000 
0.02050 3.455780000000 
0.02100 3.300600000000 
0.02150 3.145440000000 
0.02200 2.993220000000 
0.02250 2.862500000000 
0.02300 2.731800000000 
0.02350 2.604860000000 
0.02400 2.494160000000 
0.02450 2.383440000000 
0.02500 2.276600000000 
0.02550 2.182340000000 
0.02600 2.088100000000 
0.02650 1.997404000000 
0.02700 1.916798000000 
0.02750 1.836190000000 
0.02800 1.758622000000 
0.02850 1.689390000000 
0.02900 1.620160000000 
0.02950 1.553366000000 
0.03000 1.493672000000 
0.03050 1.433980000000 
0.03100 1.376110000000 
0.03150 1.324458000000 
0.03200 1.272808000000 
0.03250 1.222392000000 
0.03300 1.177552000000 
0.03350 1.132712000000 
0.03400 1.088566000000 
0.03450 1.049522000000 
0.03500 1.010480000000 
0.03550 0.971646000000 
0.03600 0.937554000000 
0.03650 0.903464000000 
0.03700 0.869374000000 
0.03750 0.839316000000 
0.03800 0.809474000000 
0.03850 0.779632000000 
0.03900 0.752866000000 
0.03950 0.726680000000 
0.04000 0.700494000000 
0.04050 0.676580000000 
0.04100 0.653552000000 
0.04150 0.630526000000 
0.04200 0.609090000000 
0.04250 0.588798000000 
0.04300 0.568506000000 
0.04350 0.549234000000 
0.04400 0.531320000000 
0.04450 0.513406000000 
0.04500 0.496036000000 
0.04550 0.480192000000 
0.04600 0.464348000000 
0.04650 0.448650000000 
0.04700 0.434614000000 
0.04750 0.420580000000 
0.04800 0.406544000000 
0.04850 0.393906000000 
0.04900 0.381454000000 
0.04950 0.369002000000 
0.05000 0.357482000000 
0.05050 0.346416000000 
0.05100 0.335352000000 
0.05150 0.324830000000 
0.05200 0.314986000000 
0.05250 0.305142000000 
0.05300 0.295516000000 
0.05350 0.286746000000 
0.05400 0.277974000000 
0.05450 0.269204000000 
0.05500 0.261330000000 
0.05550 0.253508000000 
0.05600 0.245684000000 
0.05650 0.238426000000 
0.05700 0.231438000000 
0.05750 0.224452000000 
0.05800 0.217752000000 
0.05850 0.211506000000 
0.05900 0.205260000000 
0.05950 0.199069400000 
0.06000 0.193479000000 
0.06050 0.187888800000 
0.06100 0.182298400000 
0.06150 0.177153800000 
0.06200 0.172145000000 
0.06250 0.167136200000 
0.06300 0.162351200000 
0.06350 0.157859400000 
0.06400 0.153367600000 
0.06450 0.148914600000 
0.06500 0.144882200000 
0.06550 0.140849600000 
0.06600 0.136817200000 
0.06650 0.133079400000 
0.06700 0.129456200000 
0.06750 0.125832800000 
0.06800 0.122333600000 
0.06850 0.119074800000 
0.06900 0.115816200000 
0.06950 0.112557400000 
0.07000 0.109606000000 
0.07050 0.106672400000 
0.07100 0.103738800000 
0.07150 0.100960800000 
0.07200 0.098318000000 
0.07250 0.095675000000 
0.07300 0.093060600000 
0.07350 0.090677200000 
0.07400 0.088294000000 
0.07450 0.085910600000 
0.07500 0.083682800000 
0.07550 0.081531800000 
0.07600 0.079380800000 
0.07650 0.077274600000 
0.07700 0.075331400000 
0.07750 0.073388400000 
0.07800 0.071445400000 
0.07850 0.069641600000 
0.07900 0.067885000000 
0.07950 0.066128400000 
0.08000 0.064415800000 
0.08050 0.062826400000 
0.08100 0.061237200000 
0.08150 0.059648000000 
0.08200 0.058173400000 
0.08250 0.056734200000 
0.08300 0.055295000000 
0.08350 0.053889800000 
0.08400 0.052585600000 
0.08450 0.051281400000 
0.08500 0.049977200000 
0.08550 0.048761200000 
0.08600 0.047578200000 
0.08650 0.046395200000 
0.08700 0.045232800000 
0.08750 0.044159400000 
0.08800 0.043085800000 
0.08850 0.042012400000 
0.08900 0.041001400000 
0.08950 0.040026000000 
0.09000 0.039050600000 
0.09050 0.038081800000 
0.09100 0.037195200000 
0.09150 0.036308600000 
0.09200 0.035422000000 
0.09250 0.034575200000 
0.09300 0.033768600000 
0.09350 0.032962000000 
0.09400 0.032155400000 
0.09450 0.031414400000 
0.09500 0.030680200000 
0.09550 0.029946000000 
0.09600 0.029231800000 
0.09650 0.028562600000 
0.09700 0.027893600000 
0.09750 0.027224400000 
0.09800 0.026596400000 
0.09850 0.025986600000 
0.09900 0.025376600000 
0.09950 0.024770600000 
0.10000 0.024214000000 
0.10050 0.023657400000 
0.10100 0.023101000000 
0.10150 0.022565800000 
0.10200 0.022057600000 
0.10250 0.021549400000 
0.10300 0.021041400000 
0.10350 0.020568200000 
0.10400 0.020104000000 
0.10450 0.019639700000 
0.10500 0.019181240000 
0.10550 0.018756800000 
0.10600 0.018332360000 
0.10650 0.017907940000 
0.10700 0.017500940000 
0.10750 0.017112680000 
0.10800 0.016724420000 
0.10850 0.016336160000 
0.10900 0.015974520000 
0.10950 0.015619120000 
0.11000 0.015263720000 
0.11050 0.014912160000 
0.11100 0.014586560000 
0.11150 0.014260980000 
0.11200 0.013935380000 
0.11250 0.013621760000 
0.11300 0.013323480000 
0.11350 0.013025220000 
0.11400 0.012726960000 
0.11450 0.012446960000 
0.11500 0.012173400000 
0.11550 0.011899840000 
0.11600 0.011626980000 
0.11650 0.011376040000 
0.11700 0.011125100000 
0.11750 0.010874180000 
0.11800 0.010629720000 
0.11850 0.010399340000 
0.11900 0.010168960000 
0.11950 0.009938560000 
0.12000 0.009719400000 
0.12050 0.009507960000 
0.12100 0.009296540000 
0.12150 0.009085120000 
0.12200 0.008888420000 
0.12250 0.008694140000 
0.12300 0.008499860000 
0.12350 0.008307440000 
0.12400 0.008128860000 
0.12450 0.007950260000 
0.12500 0.007771680000 
0.12550 0.007598440000 
0.12600 0.007434300000 
0.12650 0.007270160000 
0.12700 0.007106020000 
0.12750 0.006950000000 
0.12800 0.006799100000 
0.12850 0.006648200000 
0.12900 0.006497300000 
0.12950 0.006356660000 
0.13000 0.006217820000 
0.13050 0.006078980000 
0.13100 0.005940980000 
0.13150 0.005813300000 
0.13200 0.005685600000 
0.13250 0.005557900000 
0.13300 0.005433220000 
0.13350 0.005315680000 
0.13400 0.005198160000 
0.13450 0.005080620000 
0.13500 0.004967820000 
0.13550 0.004859620000 
0.13600 0.004751420000 
0.13650 0.004643220000 
0.13700 0.004541160000 
0.13750 0.004441620000 
0.13800 0.004342080000 
0.13850 0.004242540000 
0.13900 0.004150140000 
0.13950 0.004058500000 
0.14000 0.003966860000 
0.14050 0.003875840000 
0.14100 0.003791540000 
0.14150 0.003707240000 
0.14200 0.003622940000 
0.14250 0.003540400000 
0.14300 0.003462780000 
0.14350 0.003385180000 
0.14400 0.003307580000 
0.14450 0.003232600000 
0.14500 0.003161180000 
0.14550 0.003089760000 
0.14600 0.003018320000 
0.14650 0.002950200000 
0.14700 0.002884480000 
0.14750 0.002818740000 
0.14800 0.002753000000 
0.14850 0.002691120000 
0.14900 0.002630700000 
0.14950 0.002570280000 
0.15000 0.002509860000 
0.15050 0.002453600000 
0.15100 0.002398020000 
0.15150 0.002342460000 
0.15200 0.002286880000 
0.15250 0.002235700000 
0.15300 0.002184600000 
0.15350 0.002133500000 
0.15400 0.002082800000 
0.15450 0.002035880000 
0.15500 0.001988964000 
0.15550 0.001942050000 
0.15600 0.001895866000 
0.15650 0.001852768000 
0.15700 0.001809670000 
0.15750 0.001766570000 
0.15800 0.001724438000 
0.15850 0.001684818000 
0.15900 0.001645198000 
0.15950 0.001605580000 
0.16000 0.001567120000 
0.16050 0.001530804000 
0.16100 0.001494490000 
0.16150 0.001458176000 
0.16200 0.001423098000 
0.16250 0.001389792000 
0.16300 0.001356486000 
0.16350 0.001323180000 
0.16400 0.001291146000 
0.16450 0.001260620000 
0.16500 0.001230096000 
0.16550 0.001199570000 
0.16600 0.001170320000 
0.16650 0.001142400000 
0.16700 0.001114482000 
0.16750 0.001086562000 
0.16800 0.001059826000 
0.16850 0.001034238000 
0.16900 0.001008650000 
0.16950 0.000983060000 
0.17000 0.000958610000 
0.17050 0.000935244000 
0.17100 0.000911880000 
0.17150 0.000888516000 
0.17200 0.000866142000 
0.17250 0.000844760000 
0.17300 0.000823378000 
0.17350 0.000801996000 
0.17400 0.000781498000 
0.17450 0.000761978000 
0.17500 0.000742460000 
0.17550 0.000722940000 
0.17600 0.000704178000 
0.17650 0.000686406000 
0.17700 0.000668634000 
0.17750 0.000650862000 
0.17800 0.000633686000 
0.17850 0.000617494000 
0.17900 0.000601300000 
0.17950 0.000585108000 
0.18000 0.000569352000 
0.18050 0.000554586000 
0.18100 0.000539818000 
0.18150 0.000525050000 
0.18200 0.000510582000 
0.18250 0.000497154000 
0.18300 0.000483726000 
0.18350 0.000470298000 
0.18400 0.000457028000 
0.18450 0.000444856000 
0.18500 0.000432684000 
0.18550 0.000420512000 
0.18600 0.000408356000 
0.18650 0.000397290000 
0.18700 0.000386222000 
0.18750 0.000375156000 
0.18800 0.000364088000 
0.18850 0.000353966000 
0.18900 0.000343960000 
0.18950 0.000333952000 
0.19000 0.000323944000 
0.19050 0.000314640000 
0.19100 0.000305562000 
0.19150 0.000296482000 
0.19200 0.000287404000 
0.19250 0.000278860000 
0.19300 0.000270652000 
0.19350 0.000262446000 
0.19400 0.000254238000 
0.19450 0.000246400000 
0.19500 0.000238990000 
0.19550 0.000231580000 
0.19600 0.000224170000 
0.19650 0.000216984000 
0.19700 0.000210304000 
0.19750 0.000203624000 
0.19800 0.000196943200 
0.19850 0.000190358000 
0.19900 0.000184344600 
0.19950 0.000178331200 
0.20000 0.000172318000 
0.20050 0.000166304600 
0.20100 0.000160871400 
0.20150 0.000155451600 
0.20200 0.000150031600 
0.20250 0.000144611600 
0.20300 0.000139657200 
0.20350 0.000134809000 
0.20400 0.000129960800 
0.20450 0.000125112600 
0.20500 0.000120587200 
0.20550 0.000116232200 
0.20600 0.000111877000 
0.20650 0.000107522000 
0.20700 0.000103406200 
0.20750 0.000099527200 
0.20800 0.000095648000 
0.20850 0.000091769000 
0.20900 0.000088038000 
0.20950 0.000084568200 
0.21000 0.000081098600 
0.21050 0.000077628800 
0.21100 0.000074247800 
0.21150 0.000071152800 
0.21200 0.000068057800 
0.21250 0.000064962800 
0.21300 0.000061916200 
0.21350 0.000059184200 
0.21400 0.000056452400 
0.21450 0.000053720600 
0.21500 0.000051006000 
0.21550 0.000048586200 
0.21600 0.000046166600 
0.21650 0.000043747000 
0.21700 0.000041330200 
0.21750 0.000039214400 
0.21800 0.000037098400 
0.21850 0.000034982600 
0.21900 0.000032867400 
0.21950 0.000031014000 
0.22000 0.000029160800 
0.22050 0.000027307400 
0.22100 0.000025464000 
0.22150 0.000023854600 
0.22200 0.000022245200 
0.22250 0.000020635800 
0.22300 0.000019058520 
0.22350 0.000017689320 
0.22400 0.000016320100 
0.22450 0.000014950900 
0.22500 0.000013643100 
0.22550 0.000012487100 
0.22600 0.000011331100 
0.22650 0.000010175100 
0.22700 0.000009126560 
0.22750 0.000008179580 
0.22800 0.000007232600 
0.22850 0.000006285620 
0.22900 0.000005504860 
0.22950 0.000004760180 
0.23000 0.000004015520 
0.23050 0.000003314800 
0.23100 0.000002768480 
0.23150 0.000002222160 
0.23200 0.000001675828 
0.23250 0.000001280124 
0.23300 0.000000941354 
0.23350 0.000000602584 
