0.00000 87.275400000000 
0.00050 78.399600000000 
0.00100 69.523800000000 
0.00150 60.648000000000 
0.00200 51.772200000000 
0.00250 45.498000000000 
0.00300 40.000000000000 
0.00350 35.459800000000 
0.00400 31.805600000000 
0.00450 28.361000000000 
0.00500 25.818200000000 
0.00550 23.275400000000 
0.00600 21.291800000000 
0.00650 19.461420000000 
0.00700 17.781380000000 
0.00750 16.428300000000 
0.00800 15.075220000000 
0.00850 13.981660000000 
0.00900 12.959440000000 
0.00950 11.984040000000 
0.01000 11.197580000000 
0.01050 10.411100000000 
0.01100 9.721300000000 
0.01150 9.106680000000 
0.01200 8.492060000000 
0.01250 7.990000000000 
0.01300 7.503140000000 
0.01350 7.031500000000 
0.01400 6.641240000000 
0.01450 6.251000000000 
0.01500 5.890100000000 
0.01550 5.573980000000 
0.01600 5.257880000000 
0.01650 4.976340000000 
0.01700 4.717880000000 
0.01750 4.459420000000 
0.01800 4.235980000000 
0.01850 4.022880000000 
0.01900 3.809780000000 
0.01950 3.629680000000 
0.02000 3.452660000000 
0.02050 3.276520000000 
0.02100 3.128480000000 
0.02150 2.980420000000 
0.02200 2.835220000000 
0.02250 2.710620000000 
0.02300 2.586040000000 
0.02350 2.465080000000 
0.02400 2.359640000000 
0.02450 2.254220000000 
0.02500 2.152500000000 
0.02550 2.062820000000 
0.02600 1.973150000000 
0.02650 1.886878000000 
0.02700 1.810254000000 
0.02750 1.733632000000 
0.02800 1.659912000000 
0.02850 1.594158000000 
0.02900 1.528404000000 
0.02950 1.464980000000 
0.03000 1.408332000000 
0.03050 1.351686000000 
0.03100 1.296780000000 
0.03150 1.247806000000 
0.03200 1.198830000000 
0.03250 1.151034000000 
0.03300 1.108552000000 
0.03350 1.066070000000 
0.03400 1.024250000000 
0.03450 0.987288000000 
0.03500 0.950328000000 
0.03550 0.913566000000 
0.03600 0.881320000000 
0.03650 0.849072000000 
0.03700 0.816826000000 
0.03750 0.788414000000 
0.03800 0.760208000000 
0.03850 0.732000000000 
0.03900 0.706718000000 
0.03950 0.681986000000 
0.04000 0.657254000000 
0.04050 0.634678000000 
0.04100 0.612946000000 
0.04150 0.591212000000 
0.04200 0.570990000000 
0.04250 0.551852000000 
0.04300 0.532714000000 
0.04350 0.514546000000 
0.04400 0.497662000000 
0.04450 0.480780000000 
0.04500 0.464412000000 
0.04550 0.449490000000 
0.04600 0.434570000000 
0.04650 0.419786000000 
0.04700 0.406578000000 
0.04750 0.393368000000 
0.04800 0.380160000000 
0.04850 0.368274000000 
0.04900 0.356562000000 
0.04950 0.344852000000 
0.05000 0.334022000000 
0.05050 0.323622000000 
0.05100 0.313224000000 
0.05150 0.303338000000 
0.05200 0.294092000000 
0.05250 0.284846000000 
0.05300 0.275806000000 
0.05350 0.267574000000 
0.05400 0.259342000000 
0.05450 0.251110000000 
0.05500 0.243724000000 
0.05550 0.236386000000 
0.05600 0.229048000000 
0.05650 0.222240000000 
0.05700 0.215692000000 
0.05750 0.209142000000 
0.05800 0.202864000000 
0.05850 0.197011400000 
0.05900 0.191159800000 
0.05950 0.185360400000 
0.06000 0.180126400000 
0.06050 0.174892400000 
0.06100 0.169658400000 
0.06150 0.164843800000 
0.06200 0.160157200000 
0.06250 0.155470400000 
0.06300 0.150994200000 
0.06350 0.146793800000 
0.06400 0.142593200000 
0.06450 0.138429200000 
0.06500 0.134660400000 
0.06550 0.130891800000 
0.06600 0.127123000000 
0.06650 0.123631200000 
0.06700 0.120246800000 
0.06750 0.116862400000 
0.06800 0.113594600000 
0.06850 0.110552400000 
0.06900 0.107510400000 
0.06950 0.104468200000 
0.07000 0.101714600000 
0.07050 0.098977600000 
0.07100 0.096240600000 
0.07150 0.093649400000 
0.07200 0.091184800000 
0.07250 0.088720400000 
0.07300 0.086282600000 
0.07350 0.084061400000 
0.07400 0.081840200000 
0.07450 0.079619000000 
0.07500 0.077543600000 
0.07550 0.075540000000 
0.07600 0.073536400000 
0.07650 0.071574600000 
0.07700 0.069765800000 
0.07750 0.067956800000 
0.07800 0.066148000000 
0.07850 0.064469200000 
0.07900 0.062834800000 
0.07950 0.061200400000 
0.08000 0.059607000000 
0.08050 0.058129000000 
0.08100 0.056650800000 
0.08150 0.055172800000 
0.08200 0.053802000000 
0.08250 0.052464200000 
0.08300 0.051126400000 
0.08350 0.049820600000 
0.08400 0.048608800000 
0.08450 0.047397200000 
0.08500 0.046185400000 
0.08550 0.045056200000 
0.08600 0.043957600000 
0.08650 0.042859200000 
0.08700 0.041780000000 
0.08750 0.040783600000 
0.08800 0.039787200000 
0.08850 0.038790800000 
0.08900 0.037852800000 
0.08950 0.036948000000 
0.09000 0.036043200000 
0.09050 0.035144400000 
0.09100 0.034322400000 
0.09150 0.033500400000 
0.09200 0.032678200000 
0.09250 0.031893200000 
0.09300 0.031145600000 
0.09350 0.030398200000 
0.09400 0.029650600000 
0.09450 0.028964200000 
0.09500 0.028284000000 
0.09550 0.027603800000 
0.09600 0.026942400000 
0.09650 0.026322800000 
0.09700 0.025703200000 
0.09750 0.025083600000 
0.09800 0.024502400000 
0.09850 0.023938000000 
0.09900 0.023373400000 
0.09950 0.022812600000 
0.10000 0.022297800000 
0.10050 0.021782800000 
0.10100 0.021268000000 
0.10150 0.020773000000 
0.10200 0.020303200000 
0.10250 0.019833340000 
0.10300 0.019363480000 
0.10350 0.018926180000 
0.10400 0.018497080000 
0.10450 0.018068000000 
0.10500 0.017644280000 
0.10550 0.017252160000 
0.10600 0.016860060000 
0.10650 0.016467940000 
0.10700 0.016092040000 
0.10750 0.015733500000 
0.10800 0.015374960000 
0.10850 0.015016420000 
0.10900 0.014682580000 
0.10950 0.014354540000 
0.11000 0.014026480000 
0.11050 0.013702000000 
0.11100 0.013401580000 
0.11150 0.013101180000 
0.11200 0.012800760000 
0.11250 0.012511440000 
0.11300 0.012236360000 
0.11350 0.011961280000 
0.11400 0.011686200000 
0.11450 0.011428040000 
0.11500 0.011175860000 
0.11550 0.010923660000 
0.11600 0.010672120000 
0.11650 0.010440900000 
0.11700 0.010209660000 
0.11750 0.009978420000 
0.11800 0.009753180000 
0.11850 0.009540960000 
0.11900 0.009328760000 
0.11950 0.009116540000 
0.12000 0.008914700000 
0.12050 0.008720020000 
0.12100 0.008525360000 
0.12150 0.008330680000 
0.12200 0.008149620000 
0.12250 0.007970820000 
0.12300 0.007792000000 
0.12350 0.007614920000 
0.12400 0.007450600000 
0.12450 0.007286300000 
0.12500 0.007122000000 
0.12550 0.006962640000 
0.12600 0.006811680000 
0.12650 0.006660720000 
0.12700 0.006509780000 
0.12750 0.006366320000 
0.12800 0.006227600000 
0.12850 0.006088880000 
0.12900 0.005950160000 
0.12950 0.005820880000 
0.13000 0.005693300000 
0.13050 0.005565700000 
0.13100 0.005438900000 
0.13150 0.005321600000 
0.13200 0.005204300000 
0.13250 0.005087000000 
0.13300 0.004972460000 
0.13350 0.004864540000 
0.13400 0.004756620000 
0.13450 0.004648680000 
0.13500 0.004545120000 
0.13550 0.004445800000 
0.13600 0.004346480000 
0.13650 0.004247160000 
0.13700 0.004153500000 
0.13750 0.004062160000 
0.13800 0.003970820000 
0.13850 0.003879500000 
0.13900 0.003794720000 
0.13950 0.003710660000 
0.14000 0.003626600000 
0.14050 0.003543120000 
0.14100 0.003465820000 
0.14150 0.003388520000 
0.14200 0.003311220000 
0.14250 0.003235540000 
0.14300 0.003164400000 
0.14350 0.003093260000 
0.14400 0.003022120000 
0.14450 0.002953420000 
0.14500 0.002887960000 
0.14550 0.002822520000 
0.14600 0.002757060000 
0.14650 0.002694660000 
0.14700 0.002634440000 
0.14750 0.002574240000 
0.14800 0.002514020000 
0.14850 0.002457360000 
0.14900 0.002402020000 
0.14950 0.002346700000 
0.15000 0.002291360000 
0.15050 0.002239860000 
0.15100 0.002189000000 
0.15150 0.002138120000 
0.15200 0.002087260000 
0.15250 0.002040420000 
0.15300 0.001993658000 
0.15350 0.001946898000 
0.15400 0.001900494000 
0.15450 0.001857576000 
0.15500 0.001814660000 
0.15550 0.001771742000 
0.15600 0.001729494000 
0.15650 0.001690080000 
0.15700 0.001650666000 
0.15750 0.001611252000 
0.15800 0.001572724000 
0.15850 0.001536504000 
0.15900 0.001500282000 
0.15950 0.001464062000 
0.16000 0.001428904000 
0.16050 0.001395716000 
0.16100 0.001362526000 
0.16150 0.001329336000 
0.16200 0.001297280000 
0.16250 0.001266850000 
0.16300 0.001236420000 
0.16350 0.001205990000 
0.16400 0.001176726000 
0.16450 0.001148844000 
0.16500 0.001120962000 
0.16550 0.001093080000 
0.16600 0.001066368000 
0.16650 0.001040874000 
0.16700 0.001015380000 
0.16750 0.000989886000 
0.16800 0.000965476000 
0.16850 0.000942118000 
0.16900 0.000918758000 
0.16950 0.000895400000 
0.17000 0.000873082000 
0.17050 0.000851760000 
0.17100 0.000830436000 
0.17150 0.000809114000 
0.17200 0.000788698000 
0.17250 0.000769192000 
0.17300 0.000749684000 
0.17350 0.000730176000 
0.17400 0.000711476000 
0.17450 0.000693674000 
0.17500 0.000675870000 
0.17550 0.000658066000 
0.17600 0.000640956000 
0.17650 0.000624750000 
0.17700 0.000608546000 
0.17750 0.000592340000 
0.17800 0.000576680000 
0.17850 0.000561918000 
0.17900 0.000547156000 
0.17950 0.000532394000 
0.18000 0.000518034000 
0.18050 0.000504576000 
0.18100 0.000491116000 
0.18150 0.000477658000 
0.18200 0.000464474000 
0.18250 0.000452238000 
0.18300 0.000440004000 
0.18350 0.000427770000 
0.18400 0.000415680000 
0.18450 0.000404592000 
0.18500 0.000393504000 
0.18550 0.000382416000 
0.18600 0.000371344000 
0.18650 0.000361266000 
0.18700 0.000351186000 
0.18750 0.000341108000 
0.18800 0.000331030000 
0.18850 0.000321814000 
0.18900 0.000312702000 
0.18950 0.000303592000 
0.19000 0.000294480000 
0.19050 0.000286012000 
0.19100 0.000277748000 
0.19150 0.000269484000 
0.19200 0.000261220000 
0.19250 0.000253444000 
0.19300 0.000245974000 
0.19350 0.000238506000 
0.19400 0.000231038000 
0.19450 0.000223906000 
0.19500 0.000217164000 
0.19550 0.000210422000 
0.19600 0.000203682000 
0.19650 0.000197142400 
0.19700 0.000191066200 
0.19750 0.000184990200 
0.19800 0.000178914000 
0.19850 0.000172924200 
0.19900 0.000167455800 
0.19950 0.000161987200 
0.20000 0.000156518800 
0.20050 0.000151050200 
0.20100 0.000146110400 
0.20150 0.000141182800 
0.20200 0.000136255200 
0.20250 0.000131327400 
0.20300 0.000126823600 
0.20350 0.000122416600 
0.20400 0.000118009600 
0.20450 0.000113602600 
0.20500 0.000109489600 
0.20550 0.000105531800 
0.20600 0.000101574000 
0.20650 0.000097616200 
0.20700 0.000093876200 
0.20750 0.000090351600 
0.20800 0.000086827000 
0.20850 0.000083302400 
0.20900 0.000079912800 
0.20950 0.000076760800 
0.21000 0.000073608800 
0.21050 0.000070456800 
0.21100 0.000067385800 
0.21150 0.000064574800 
0.21200 0.000061763800 
0.21250 0.000058953000 
0.21300 0.000056186000 
0.21350 0.000053705400 
0.21400 0.000051224600 
0.21450 0.000048744000 
0.21500 0.000046279000 
0.21550 0.000044082400 
0.21600 0.000041885800 
0.21650 0.000039689000 
0.21700 0.000037495000 
0.21750 0.000035574400 
0.21800 0.000033654000 
0.21850 0.000031733400 
0.21900 0.000029813400 
0.21950 0.000028131600 
0.22000 0.000026449600 
0.22050 0.000024767800 
0.22100 0.000023095000 
0.22150 0.000021634600 
0.22200 0.000020174400 
0.22250 0.000018714220 
0.22300 0.000017283120 
0.22350 0.000016041020 
0.22400 0.000014798940 
0.22450 0.000013556860 
0.22500 0.000012370560 
0.22550 0.000011322080 
0.22600 0.000010273620 
0.22650 0.000009225140 
0.22700 0.000008274220 
0.22750 0.000007415480 
0.22800 0.000006556760 
0.22850 0.000005698020 
0.22900 0.000004990120 
0.22950 0.000004314980 
0.23000 0.000003639820 
0.23050 0.000003004520 
0.23100 0.000002509300 
0.23150 0.000002014060 
0.23200 0.000001518828 
0.23250 0.000001160164 
0.23300 0.000000853126 
0.23350 0.000000546090 
