0.00000 84.766200000000 
0.00050 76.097200000000 
0.00100 67.428400000000 
0.00150 58.759400000000 
0.00200 50.090600000000 
0.00250 43.975400000000 
0.00300 38.622400000000 
0.00350 34.206400000000 
0.00400 30.657200000000 
0.00450 27.312600000000 
0.00500 24.847600000000 
0.00550 22.382800000000 
0.00600 20.462600000000 
0.00650 18.691520000000 
0.00700 17.066560000000 
0.00750 15.759440000000 
0.00800 14.452300000000 
0.00850 13.397020000000 
0.00900 12.410980000000 
0.00950 11.470300000000 
0.01000 10.712700000000 
0.01050 9.955080000000 
0.01100 9.291060000000 
0.01150 8.699780000000 
0.01200 8.108500000000 
0.01250 7.626000000000 
0.01300 7.158200000000 
0.01350 6.705100000000 
0.01400 6.330560000000 
0.01450 5.956040000000 
0.01500 5.609820000000 
0.01550 5.306780000000 
0.01600 5.003760000000 
0.01650 4.734040000000 
0.01700 4.486540000000 
0.01750 4.239040000000 
0.01800 4.025240000000 
0.01850 3.821400000000 
0.01900 3.617560000000 
0.01950 3.445440000000 
0.02000 3.276280000000 
0.02050 3.107980000000 
0.02100 2.966640000000 
0.02150 2.825300000000 
0.02200 2.686700000000 
0.02250 2.567880000000 
0.02300 2.449060000000 
0.02350 2.333700000000 
0.02400 2.233260000000 
0.02450 2.132800000000 
0.02500 2.035900000000 
0.02550 1.950538000000 
0.02600 1.865180000000 
0.02650 1.783072000000 
0.02700 1.710198000000 
0.02750 1.637324000000 
0.02800 1.567228000000 
0.02850 1.504746000000 
0.02900 1.442266000000 
0.02950 1.382010000000 
0.03000 1.328230000000 
0.03050 1.274450000000 
0.03100 1.222330000000 
0.03150 1.175874000000 
0.03200 1.129416000000 
0.03250 1.084082000000 
0.03300 1.043818000000 
0.03350 1.003554000000 
0.03400 0.963920000000 
0.03450 0.928916000000 
0.03500 0.893914000000 
0.03550 0.859102000000 
0.03600 0.828586000000 
0.03650 0.798072000000 
0.03700 0.767558000000 
0.03750 0.740694000000 
0.03800 0.714024000000 
0.03850 0.687354000000 
0.03900 0.663464000000 
0.03950 0.640098000000 
0.04000 0.616732000000 
0.04050 0.595414000000 
0.04100 0.574898000000 
0.04150 0.554380000000 
0.04200 0.535296000000 
0.04250 0.517244000000 
0.04300 0.499190000000 
0.04350 0.482056000000 
0.04400 0.466142000000 
0.04450 0.450226000000 
0.04500 0.434800000000 
0.04550 0.420744000000 
0.04600 0.406690000000 
0.04650 0.392766000000 
0.04700 0.380332000000 
0.04750 0.367900000000 
0.04800 0.355466000000 
0.04850 0.344284000000 
0.04900 0.333270000000 
0.04950 0.322254000000 
0.05000 0.312072000000 
0.05050 0.302296000000 
0.05100 0.292522000000 
0.05150 0.283232000000 
0.05200 0.274548000000 
0.05250 0.265862000000 
0.05300 0.257372000000 
0.05350 0.249644000000 
0.05400 0.241918000000 
0.05450 0.234190000000 
0.05500 0.227262000000 
0.05550 0.220378000000 
0.05600 0.213494000000 
0.05650 0.207112000000 
0.05700 0.200972000000 
0.05750 0.194833200000 
0.05800 0.188948400000 
0.05850 0.183466400000 
0.05900 0.177984400000 
0.05950 0.172551600000 
0.06000 0.167651400000 
0.06050 0.162751200000 
0.06100 0.157850800000 
0.06150 0.153345400000 
0.06200 0.148960400000 
0.06250 0.144575400000 
0.06300 0.140388200000 
0.06350 0.136460600000 
0.06400 0.132533000000 
0.06450 0.128639400000 
0.06500 0.125117600000 
0.06550 0.121595800000 
0.06600 0.118074000000 
0.06650 0.114812200000 
0.06700 0.111651400000 
0.06750 0.108490800000 
0.06800 0.105439400000 
0.06850 0.102600000000 
0.06900 0.099760600000 
0.06950 0.096921000000 
0.07000 0.094352400000 
0.07050 0.091799200000 
0.07100 0.089246000000 
0.07150 0.086829600000 
0.07200 0.084532000000 
0.07250 0.082234400000 
0.07300 0.079962000000 
0.07350 0.077892400000 
0.07400 0.075822800000 
0.07450 0.073753200000 
0.07500 0.071820200000 
0.07550 0.069954400000 
0.07600 0.068088400000 
0.07650 0.066262000000 
0.07700 0.064578400000 
0.07750 0.062894800000 
0.07800 0.061211200000 
0.07850 0.059649400000 
0.07900 0.058129200000 
0.07950 0.056608800000 
0.08000 0.055126800000 
0.08050 0.053752800000 
0.08100 0.052378600000 
0.08150 0.051004600000 
0.08200 0.049730600000 
0.08250 0.048487600000 
0.08300 0.047244400000 
0.08350 0.046031200000 
0.08400 0.044906000000 
0.08450 0.043780600000 
0.08500 0.042655400000 
0.08550 0.041607000000 
0.08600 0.040587200000 
0.08650 0.039567600000 
0.08700 0.038566000000 
0.08750 0.037641600000 
0.08800 0.036717400000 
0.08850 0.035793000000 
0.08900 0.034923000000 
0.08950 0.034084000000 
0.09000 0.033245000000 
0.09050 0.032411600000 
0.09100 0.031649800000 
0.09150 0.030887800000 
0.09200 0.030126000000 
0.09250 0.029398600000 
0.09300 0.028706200000 
0.09350 0.028013600000 
0.09400 0.027321200000 
0.09450 0.026685600000 
0.09500 0.026056000000 
0.09550 0.025426200000 
0.09600 0.024813800000 
0.09650 0.024240400000 
0.09700 0.023667000000 
0.09750 0.023093600000 
0.09800 0.022556000000 
0.09850 0.022033800000 
0.09900 0.021511600000 
0.09950 0.020993000000 
0.10000 0.020517000000 
0.10050 0.020041000000 
0.10100 0.019564940000 
0.10150 0.019107420000 
0.10200 0.018673220000 
0.10250 0.018239020000 
0.10300 0.017804820000 
0.10350 0.017400860000 
0.10400 0.017004520000 
0.10450 0.016608200000 
0.10500 0.016216840000 
0.10550 0.015854840000 
0.10600 0.015492820000 
0.10650 0.015130800000 
0.10700 0.014783820000 
0.10750 0.014452940000 
0.10800 0.014122080000 
0.10850 0.013791200000 
0.10900 0.013483240000 
0.10950 0.013180660000 
0.11000 0.012878060000 
0.11050 0.012578760000 
0.11100 0.012301780000 
0.11150 0.012024800000 
0.11200 0.011747840000 
0.11250 0.011481140000 
0.11300 0.011227620000 
0.11350 0.010974100000 
0.11400 0.010720600000 
0.11450 0.010482740000 
0.11500 0.010250440000 
0.11550 0.010018120000 
0.11600 0.009786420000 
0.11650 0.009573500000 
0.11700 0.009360560000 
0.11750 0.009147640000 
0.11800 0.008940280000 
0.11850 0.008744960000 
0.11900 0.008549640000 
0.11950 0.008354320000 
0.12000 0.008168580000 
0.12050 0.007989480000 
0.12100 0.007810380000 
0.12150 0.007631280000 
0.12200 0.007464760000 
0.12250 0.007300320000 
0.12300 0.007135900000 
0.12350 0.006973040000 
0.12400 0.006822000000 
0.12450 0.006670960000 
0.12500 0.006519920000 
0.12550 0.006373460000 
0.12600 0.006234740000 
0.12650 0.006096040000 
0.12700 0.005957340000 
0.12750 0.005825560000 
0.12800 0.005698140000 
0.12850 0.005570720000 
0.12900 0.005443300000 
0.12950 0.005324600000 
0.13000 0.005207460000 
0.13050 0.005090320000 
0.13100 0.004973900000 
0.13150 0.004866240000 
0.13200 0.004758580000 
0.13250 0.004650920000 
0.13300 0.004545820000 
0.13350 0.004446800000 
0.13400 0.004347800000 
0.13450 0.004248780000 
0.13500 0.004153780000 
0.13550 0.004062700000 
0.13600 0.003971620000 
0.13650 0.003880540000 
0.13700 0.003794680000 
0.13750 0.003710940000 
0.13800 0.003627220000 
0.13850 0.003543480000 
0.13900 0.003465800000 
0.13950 0.003388760000 
0.14000 0.003311740000 
0.14050 0.003235240000 
0.14100 0.003164440000 
0.14150 0.003093620000 
0.14200 0.003022820000 
0.14250 0.002953480000 
0.14300 0.002888340000 
0.14350 0.002823220000 
0.14400 0.002758080000 
0.14450 0.002695160000 
0.14500 0.002635260000 
0.14550 0.002575340000 
0.14600 0.002515440000 
0.14650 0.002458320000 
0.14700 0.002403220000 
0.14750 0.002348120000 
0.14800 0.002293040000 
0.14850 0.002241180000 
0.14900 0.002190580000 
0.14950 0.002139980000 
0.15000 0.002089360000 
0.15050 0.002042260000 
0.15100 0.001995750000 
0.15150 0.001949232000 
0.15200 0.001902714000 
0.15250 0.001859904000 
0.15300 0.001817162000 
0.15350 0.001774420000 
0.15400 0.001732004000 
0.15450 0.001692786000 
0.15500 0.001653570000 
0.15550 0.001614352000 
0.15600 0.001575750000 
0.15650 0.001539746000 
0.15700 0.001503742000 
0.15750 0.001467738000 
0.15800 0.001432548000 
0.15850 0.001399472000 
0.15900 0.001366396000 
0.15950 0.001333322000 
0.16000 0.001301220000 
0.16050 0.001270922000 
0.16100 0.001240624000 
0.16150 0.001210326000 
0.16200 0.001181068000 
0.16250 0.001153298000 
0.16300 0.001125528000 
0.16350 0.001097758000 
0.16400 0.001071054000 
0.16450 0.001045618000 
0.16500 0.001020182000 
0.16550 0.000994744000 
0.16600 0.000970378000 
0.16650 0.000947126000 
0.16700 0.000923876000 
0.16750 0.000900624000 
0.16800 0.000878366000 
0.16850 0.000857068000 
0.16900 0.000835772000 
0.16950 0.000814474000 
0.17000 0.000794130000 
0.17050 0.000774694000 
0.17100 0.000755258000 
0.17150 0.000735824000 
0.17200 0.000717218000 
0.17250 0.000699444000 
0.17300 0.000681668000 
0.17350 0.000663892000 
0.17400 0.000646856000 
0.17450 0.000630638000 
0.17500 0.000614420000 
0.17550 0.000598204000 
0.17600 0.000582618000 
0.17650 0.000567860000 
0.17700 0.000553102000 
0.17750 0.000538344000 
0.17800 0.000524084000 
0.17850 0.000510644000 
0.17900 0.000497204000 
0.17950 0.000483764000 
0.18000 0.000470692000 
0.18050 0.000458442000 
0.18100 0.000446192000 
0.18150 0.000433942000 
0.18200 0.000421942000 
0.18250 0.000410810000 
0.18300 0.000399678000 
0.18350 0.000388546000 
0.18400 0.000377544000 
0.18450 0.000367458000 
0.18500 0.000357372000 
0.18550 0.000347284000 
0.18600 0.000337212000 
0.18650 0.000328046000 
0.18700 0.000318880000 
0.18750 0.000309714000 
0.18800 0.000300548000 
0.18850 0.000292168000 
0.18900 0.000283884000 
0.18950 0.000275600000 
0.19000 0.000267316000 
0.19050 0.000259618000 
0.19100 0.000252106000 
0.19150 0.000244594000 
0.19200 0.000237082000 
0.19250 0.000230014000 
0.19300 0.000223228000 
0.19350 0.000216440000 
0.19400 0.000209652000 
0.19450 0.000203172000 
0.19500 0.000197046800 
0.19550 0.000190922000 
0.19600 0.000184797200 
0.19650 0.000178857000 
0.19700 0.000173337800 
0.19750 0.000167818800 
0.19800 0.000162299600 
0.19850 0.000156859000 
0.19900 0.000151893000 
0.19950 0.000146927000 
0.20000 0.000141961000 
0.20050 0.000136995000 
0.20100 0.000132510200 
0.20150 0.000128036200 
0.20200 0.000123562400 
0.20250 0.000119088600 
0.20300 0.000115000400 
0.20350 0.000111000200 
0.20400 0.000107000000 
0.20450 0.000102999800 
0.20500 0.000099266800 
0.20550 0.000095675200 
0.20600 0.000092083600 
0.20650 0.000088491800 
0.20700 0.000085098000 
0.20750 0.000081900400 
0.20800 0.000078702600 
0.20850 0.000075504800 
0.20900 0.000072429400 
0.20950 0.000069570400 
0.21000 0.000066711200 
0.21050 0.000063852200 
0.21100 0.000061066400 
0.21150 0.000058517200 
0.21200 0.000055968000 
0.21250 0.000053418800 
0.21300 0.000050909600 
0.21350 0.000048660400 
0.21400 0.000046411200 
0.21450 0.000044162000 
0.21500 0.000041927000 
0.21550 0.000039935600 
0.21600 0.000037944400 
0.21650 0.000035953000 
0.21700 0.000033964200 
0.21750 0.000032223400 
0.21800 0.000030482800 
0.21850 0.000028742200 
0.21900 0.000027002200 
0.21950 0.000025478200 
0.22000 0.000023954000 
0.22050 0.000022430000 
0.22100 0.000020914200 
0.22150 0.000019591360 
0.22200 0.000018268460 
0.22250 0.000016945560 
0.22300 0.000015649080 
0.22350 0.000014524040 
0.22400 0.000013398980 
0.22450 0.000012273940 
0.22500 0.000011199460 
0.22550 0.000010249960 
0.22600 0.000009300480 
0.22650 0.000008351000 
0.22700 0.000007489920 
0.22750 0.000006712400 
0.22800 0.000005934880 
0.22850 0.000005157360 
0.22900 0.000004516520 
0.22950 0.000003905340 
0.23000 0.000003294140 
0.23050 0.000002719060 
0.23100 0.000002270840 
0.23150 0.000001822616 
0.23200 0.000001374390 
0.23250 0.000001049808 
0.23300 0.000000771962 
0.23350 0.000000494118 
