0.00000 148.888400000000 
0.00050 128.471200000000 
0.00100 108.054000000000 
0.00150 87.636800000000 
0.00200 67.219800000000 
0.00250 54.151000000000 
0.00300 43.274600000000 
0.00350 34.893200000000 
0.00400 28.819400000000 
0.00450 23.225400000000 
0.00500 19.692880000000 
0.00550 16.160380000000 
0.00600 13.732460000000 
0.00650 11.606780000000 
0.00700 9.735980000000 
0.00750 8.419360000000 
0.00800 7.102740000000 
0.00850 6.163120000000 
0.00900 5.327160000000 
0.00950 4.549500000000 
0.01000 4.007140000000 
0.01050 3.464800000000 
0.01100 3.025840000000 
0.01150 2.667280000000 
0.01200 2.308700000000 
0.01250 2.053640000000 
0.01300 1.812572000000 
0.01350 1.583560000000 
0.01400 1.419046000000 
0.01450 1.254532000000 
0.01500 1.110112000000 
0.01550 0.996328000000 
0.01600 0.882546000000 
0.01650 0.789234000000 
0.01700 0.709580000000 
0.01750 0.629924000000 
0.01800 0.568234000000 
0.01850 0.511856000000 
0.01900 0.455478000000 
0.01950 0.413800000000 
0.02000 0.373496000000 
0.02050 0.333530000000 
0.02100 0.304454000000 
0.02150 0.275376000000 
0.02200 0.247258000000 
0.02250 0.226104000000 
0.02300 0.204950000000 
0.02350 0.184860400000 
0.02400 0.169351600000 
0.02450 0.153842800000 
0.02500 0.139286400000 
0.02550 0.127835200000 
0.02600 0.116384200000 
0.02650 0.105698800000 
0.02700 0.097188000000 
0.02750 0.088677200000 
0.02800 0.080740000000 
0.02850 0.074375800000 
0.02900 0.068011600000 
0.02950 0.062051000000 
0.03000 0.057265200000 
0.03050 0.052479200000 
0.03100 0.047958200000 
0.03150 0.044340200000 
0.03200 0.040722000000 
0.03250 0.037261600000 
0.03300 0.034513000000 
0.03350 0.031764200000 
0.03400 0.029093400000 
0.03450 0.026995600000 
0.03500 0.024897800000 
0.03550 0.022820800000 
0.03600 0.021212800000 
0.03650 0.019604720000 
0.03700 0.017996720000 
0.03750 0.016740500000 
0.03800 0.015502960000 
0.03850 0.014265400000 
0.03900 0.013264800000 
0.03950 0.012308720000 
0.04000 0.011352640000 
0.04050 0.010551000000 
0.04100 0.009809720000 
0.04150 0.009068440000 
0.04200 0.008422860000 
0.04250 0.007846140000 
0.04300 0.007269440000 
0.04350 0.006747060000 
0.04400 0.006296940000 
0.04450 0.005846840000 
0.04500 0.005422320000 
0.04550 0.005069940000 
0.04600 0.004717560000 
0.04650 0.004371240000 
0.04700 0.004094560000 
0.04750 0.003817880000 
0.04800 0.003541200000 
0.04850 0.003316480000 
0.04900 0.003098640000 
0.04950 0.002880800000 
0.05000 0.002693760000 
0.05050 0.002521780000 
0.05100 0.002349820000 
0.05150 0.002193800000 
0.05200 0.002057680000 
0.05250 0.001921572000 
0.05300 0.001791176000 
0.05350 0.001683186000 
0.05400 0.001575194000 
0.05450 0.001467202000 
0.05500 0.001380136000 
0.05550 0.001294254000 
0.05600 0.001208370000 
0.05650 0.001134240000 
0.05700 0.001065784000 
0.05750 0.000997328000 
0.05800 0.000934202000 
0.05850 0.000879516000 
0.05900 0.000824830000 
0.05950 0.000771064000 
0.06000 0.000727286000 
0.06050 0.000683506000 
0.06100 0.000639726000 
0.06150 0.000602584000 
0.06200 0.000567462000 
0.06250 0.000532342000 
0.06300 0.000500204000 
0.06350 0.000471974000 
0.06400 0.000443742000 
0.06450 0.000415972000 
0.06500 0.000393234000 
0.06550 0.000370496000 
0.06600 0.000347758000 
0.06650 0.000328180000 
0.06700 0.000309830000 
0.06750 0.000291482000 
0.06800 0.000274328000 
0.06850 0.000259494000 
0.06900 0.000244660000 
0.06950 0.000229824000 
0.07000 0.000217654000 
0.07050 0.000205640000 
0.07100 0.000193623400 
0.07150 0.000182820600 
0.07200 0.000173070600 
0.07250 0.000163320800 
0.07300 0.000153772000 
0.07350 0.000145846600 
0.07400 0.000137921200 
0.07450 0.000129995800 
0.07500 0.000123056800 
0.07550 0.000116603400 
0.07600 0.000110150000 
0.07650 0.000103952800 
0.07700 0.000098689000 
0.07750 0.000093425200 
0.07800 0.000088161200 
0.07850 0.000083616000 
0.07900 0.000079315200 
0.07950 0.000075014600 
0.08000 0.000070918600 
0.08050 0.000067399200 
0.08100 0.000063879600 
0.08150 0.000060360000 
0.08200 0.000057325400 
0.08250 0.000054440400 
0.08300 0.000051555400 
0.08350 0.000048800800 
0.08400 0.000046432200 
0.08450 0.000044063600 
0.08500 0.000041695000 
0.08550 0.000039632600 
0.08600 0.000037684800 
0.08650 0.000035737000 
0.08700 0.000033854200 
0.08750 0.000032250200 
0.08800 0.000030646000 
0.08850 0.000029041800 
0.08900 0.000027617000 
0.08950 0.000026293800 
0.09000 0.000024970600 
0.09050 0.000023664400 
0.09100 0.000022571400 
0.09150 0.000021478400 
0.09200 0.000020385400 
0.09250 0.000019386320 
0.09300 0.000018482120 
0.09350 0.000017577900 
0.09400 0.000016673700 
0.09450 0.000015910400 
0.09500 0.000015161280 
0.09550 0.000014412160 
0.09600 0.000013702420 
0.09650 0.000013080900 
0.09700 0.000012459380 
0.09750 0.000011837860 
0.09800 0.000011289660 
0.09850 0.000010773280 
0.09900 0.000010256920 
0.09950 0.000009747060 
0.10000 0.000009317460 
0.10050 0.000008887860 
0.10100 0.000008458260 
0.10150 0.000008060340 
0.10200 0.000007702460 
0.10250 0.000007344560 
0.10300 0.000006986660 
0.10350 0.000006676180 
0.10400 0.000006377640 
0.10450 0.000006079080 
0.10500 0.000005787700 
0.10550 0.000005538320 
0.10600 0.000005288960 
0.10650 0.000005039600 
0.10700 0.000004809940 
0.10750 0.000004601400 
0.10800 0.000004392840 
0.10850 0.000004184300 
0.10900 0.000004003240 
0.10950 0.000003828620 
0.11000 0.000003654000 
0.11050 0.000003483000 
0.11100 0.000003336600 
0.11150 0.000003190200 
0.11200 0.000003043800 
0.11250 0.000002907720 
0.11300 0.000002784840 
0.11350 0.000002661960 
0.11400 0.000002539100 
0.11450 0.000002430720 
0.11500 0.000002327480 
0.11550 0.000002224220 
0.11600 0.000002121480 
0.11650 0.000002034620 
0.11700 0.000001947774 
0.11750 0.000001860918 
0.11800 0.000001778386 
0.11850 0.000001705242 
0.11900 0.000001632098 
0.11950 0.000001558954 
0.12000 0.000001492598 
0.12050 0.000001430938 
0.12100 0.000001369278 
0.12150 0.000001307620 
0.12200 0.000001254228 
0.12250 0.000001202196 
0.12300 0.000001150164 
0.12350 0.000001099090 
0.12400 0.000001055140 
0.12450 0.000001011190 
0.12500 0.000000967238 
0.12550 0.000000925802 
0.12600 0.000000888644 
0.12650 0.000000851486 
0.12700 0.000000814328 
0.12750 0.000000780678 
0.12800 0.000000749234 
0.12850 0.000000717790 
0.12900 0.000000686348 
0.12950 0.000000658990 
0.13000 0.000000632358 
0.13050 0.000000605728 
0.13100 0.000000579408 
0.13150 0.000000556834 
0.13200 0.000000534260 
0.13250 0.000000511686 
0.13300 0.000000490124 
0.13350 0.000000470974 
0.13400 0.000000451824 
0.13450 0.000000432674 
0.13500 0.000000414990 
0.13550 0.000000398732 
0.13600 0.000000382474 
0.13650 0.000000366218 
0.13700 0.000000351692 
0.13750 0.000000337882 
0.13800 0.000000324070 
0.13850 0.000000310258 
0.13900 0.000000298314 
0.13950 0.000000286572 
0.14000 0.000000274830 
0.14050 0.000000263240 
0.14100 0.000000253252 
0.14150 0.000000243264 
0.14200 0.000000233276 
0.14250 0.000000223676 
0.14300 0.000000215174 
0.14350 0.000000206672 
0.14400 0.000000198170 
0.14450 0.000000190205 
0.14500 0.000000182965 
0.14550 0.000000175724 
0.14600 0.000000168483 
0.14650 0.000000161865 
0.14700 0.000000155695 
0.14750 0.000000149525 
0.14800 0.000000143355 
0.14850 0.000000137846 
0.14900 0.000000132586 
0.14950 0.000000127327 
0.15000 0.000000122067 
0.15050 0.000000117472 
0.15100 0.000000112986 
0.15150 0.000000108500 
0.15200 0.000000104015 
0.15250 0.000000100175 
0.15300 0.000000096347 
0.15350 0.000000092519 
0.15400 0.000000088744 
0.15450 0.000000085477 
0.15500 0.000000082210 
0.15550 0.000000078943 
0.15600 0.000000075768 
0.15650 0.000000072978 
0.15700 0.000000070188 
0.15750 0.000000067399 
0.15800 0.000000064722 
0.15850 0.000000062339 
0.15900 0.000000059956 
0.15950 0.000000057573 
0.16000 0.000000055312 
0.16050 0.000000053277 
0.16100 0.000000051241 
0.16150 0.000000049205 
0.16200 0.000000047291 
0.16250 0.000000045552 
0.16300 0.000000043812 
0.16350 0.000000042072 
0.16400 0.000000040448 
0.16450 0.000000038961 
0.16500 0.000000037474 
0.16550 0.000000035987 
0.16600 0.000000034606 
0.16650 0.000000033335 
0.16700 0.000000032064 
0.16750 0.000000030793 
0.16800 0.000000029615 
0.16850 0.000000028528 
0.16900 0.000000027441 
0.16950 0.000000026354 
0.17000 0.000000025348 
0.17050 0.000000024418 
0.17100 0.000000023489 
0.17150 0.000000022559 
0.17200 0.000000021697 
0.17250 0.000000020902 
0.17300 0.000000020107 
0.17350 0.000000019312 
0.17400 0.000000018571 
0.17450 0.000000017891 
0.17500 0.000000017211 
0.17550 0.000000016531 
0.17600 0.000000015894 
0.17650 0.000000015312 
0.17700 0.000000014731 
0.17750 0.000000014149 
0.17800 0.000000013600 
0.17850 0.000000013102 
0.17900 0.000000012605 
0.17950 0.000000012108 
0.18000 0.000000011632 
0.18050 0.000000011207 
0.18100 0.000000010781 
0.18150 0.000000010355 
0.18200 0.000000009943 
0.18250 0.000000009579 
0.18300 0.000000009215 
0.18350 0.000000008851 
0.18400 0.000000008494 
0.18450 0.000000008183 
0.18500 0.000000007871 
0.18550 0.000000007560 
0.18600 0.000000007250 
0.18650 0.000000006983 
0.18700 0.000000006717 
0.18750 0.000000006451 
0.18800 0.000000006185 
0.18850 0.000000005953 
0.18900 0.000000005725 
0.18950 0.000000005498 
0.19000 0.000000005270 
0.19050 0.000000005068 
0.19100 0.000000004873 
0.19150 0.000000004678 
0.19200 0.000000004484 
0.19250 0.000000004307 
0.19300 0.000000004140 
0.19350 0.000000003974 
0.19400 0.000000003807 
0.19450 0.000000003652 
0.19500 0.000000003510 
0.19550 0.000000003368 
0.19600 0.000000003226 
0.19650 0.000000003090 
0.19700 0.000000002969 
0.19750 0.000000002847 
0.19800 0.000000002726 
0.19850 0.000000002607 
0.19900 0.000000002503 
0.19950 0.000000002400 
0.20000 0.000000002296 
0.20050 0.000000002192 
0.20100 0.000000002104 
0.20150 0.000000002015 
0.20200 0.000000001927 
0.20250 0.000000001838 
0.20300 0.000000001760 
0.20350 0.000000001685 
0.20400 0.000000001610 
0.20450 0.000000001534 
0.20500 0.000000001466 
0.20550 0.000000001402 
0.20600 0.000000001338 
0.20650 0.000000001273 
0.20700 0.000000001214 
0.20750 0.000000001159 
0.20800 0.000000001105 
0.20850 0.000000001050 
0.20900 0.000000000998 
0.20950 0.000000000952 
0.21000 0.000000000906 
0.21050 0.000000000859 
0.21100 0.000000000814 
0.21150 0.000000000775 
0.21200 0.000000000735 
0.21250 0.000000000696 
0.21300 0.000000000657 
0.21350 0.000000000624 
0.21400 0.000000000591 
0.21450 0.000000000557 
0.21500 0.000000000524 
0.21550 0.000000000496 
0.21600 0.000000000468 
0.21650 0.000000000440 
0.21700 0.000000000412 
0.21750 0.000000000388 
0.21800 0.000000000365 
0.21850 0.000000000341 
0.21900 0.000000000318 
0.21950 0.000000000298 
0.22000 0.000000000278 
0.22050 0.000000000258 
0.22100 0.000000000239 
0.22150 0.000000000222 
0.22200 0.000000000206 
0.22250 0.000000000190 
0.22300 0.000000000174 
0.22350 0.000000000160 
0.22400 0.000000000147 
0.22450 0.000000000133 
0.22500 0.000000000121 
0.22550 0.000000000110 
0.22600 0.000000000099 
0.22650 0.000000000088 
0.22700 0.000000000078 
0.22750 0.000000000070 
0.22800 0.000000000061 
0.22850 0.000000000053 
0.22900 0.000000000046 
0.22950 0.000000000040 
0.23000 0.000000000033 
0.23050 0.000000000027 
0.23100 0.000000000023 
0.23150 0.000000000018 
0.23200 0.000000000013 
0.23250 0.000000000010 
0.23300 0.000000000007 
0.23350 0.000000000005 
