0.00000 82.206600000000 
0.00050 73.750200000000 
0.00100 65.293600000000 
0.00150 56.837200000000 
0.00200 48.380600000000 
0.00250 42.428600000000 
0.00300 37.223800000000 
0.00350 32.934800000000 
0.00400 29.492600000000 
0.00450 26.250000000000 
0.00500 23.864800000000 
0.00550 21.479400000000 
0.00600 19.623900000000 
0.00650 17.913280000000 
0.00700 16.344520000000 
0.00750 15.084200000000 
0.00800 13.823900000000 
0.00850 12.807600000000 
0.00900 11.858380000000 
0.00950 10.953060000000 
0.01000 10.224820000000 
0.01050 9.496600000000 
0.01100 8.858760000000 
0.01150 8.291200000000 
0.01200 7.723620000000 
0.01250 7.261000000000 
0.01300 6.812540000000 
0.01350 6.378260000000 
0.01400 6.019660000000 
0.01450 5.661080000000 
0.01500 5.329740000000 
0.01550 5.039940000000 
0.01600 4.750140000000 
0.01650 4.492380000000 
0.01700 4.255960000000 
0.01750 4.019560000000 
0.01800 3.815480000000 
0.01850 3.621000000000 
0.01900 3.426500000000 
0.01950 3.262420000000 
0.02000 3.101180000000 
0.02050 2.940760000000 
0.02100 2.806180000000 
0.02150 2.671600000000 
0.02200 2.539640000000 
0.02250 2.426620000000 
0.02300 2.313600000000 
0.02350 2.203880000000 
0.02400 2.108420000000 
0.02450 2.012960000000 
0.02500 1.920878000000 
0.02550 1.839834000000 
0.02600 1.758790000000 
0.02650 1.680850000000 
0.02700 1.611724000000 
0.02750 1.542596000000 
0.02800 1.476118000000 
0.02850 1.416902000000 
0.02900 1.357688000000 
0.02950 1.300590000000 
0.03000 1.249666000000 
0.03050 1.198740000000 
0.03100 1.149396000000 
0.03150 1.105442000000 
0.03200 1.061488000000 
0.03250 1.018602000000 
0.03300 0.980538000000 
0.03350 0.942476000000 
0.03400 0.905010000000 
0.03450 0.871948000000 
0.03500 0.838886000000 
0.03550 0.806004000000 
0.03600 0.777204000000 
0.03650 0.748404000000 
0.03700 0.719604000000 
0.03750 0.694266000000 
0.03800 0.669114000000 
0.03850 0.643962000000 
0.03900 0.621446000000 
0.03950 0.599426000000 
0.04000 0.577406000000 
0.04050 0.557328000000 
0.04100 0.538008000000 
0.04150 0.518688000000 
0.04200 0.500724000000 
0.04250 0.483736000000 
0.04300 0.466748000000 
0.04350 0.450630000000 
0.04400 0.435666000000 
0.04450 0.420702000000 
0.04500 0.406198000000 
0.04550 0.392990000000 
0.04600 0.379784000000 
0.04650 0.366700000000 
0.04700 0.355026000000 
0.04750 0.343352000000 
0.04800 0.331678000000 
0.04850 0.321184000000 
0.04900 0.310848000000 
0.04950 0.300512000000 
0.05000 0.290962000000 
0.05050 0.281796000000 
0.05100 0.272630000000 
0.05150 0.263922000000 
0.05200 0.255782000000 
0.05250 0.247644000000 
0.05300 0.239688000000 
0.05350 0.232452000000 
0.05400 0.225216000000 
0.05450 0.217980000000 
0.05500 0.211494000000 
0.05550 0.205052000000 
0.05600 0.198609600000 
0.05650 0.192639400000 
0.05700 0.186897000000 
0.05750 0.181154600000 
0.05800 0.175651600000 
0.05850 0.170527600000 
0.05900 0.165403400000 
0.05950 0.160325600000 
0.06000 0.155748000000 
0.06050 0.151170400000 
0.06100 0.146592800000 
0.06150 0.142385800000 
0.06200 0.138292000000 
0.06250 0.134198000000 
0.06300 0.130290000000 
0.06350 0.126625400000 
0.06400 0.122960600000 
0.06450 0.119328000000 
0.06500 0.116043800000 
0.06550 0.112759800000 
0.06600 0.109475800000 
0.06650 0.106435200000 
0.06700 0.103489600000 
0.06750 0.100544000000 
0.06800 0.097700600000 
0.06850 0.095056000000 
0.06900 0.092411200000 
0.06950 0.089766400000 
0.07000 0.087375000000 
0.07050 0.084998200000 
0.07100 0.082621400000 
0.07150 0.080372800000 
0.07200 0.078235000000 
0.07250 0.076097200000 
0.07300 0.073983000000 
0.07350 0.072058600000 
0.07400 0.070134000000 
0.07450 0.068209400000 
0.07500 0.066412600000 
0.07550 0.064678400000 
0.07600 0.062944200000 
0.07650 0.061246800000 
0.07700 0.059683000000 
0.07750 0.058119000000 
0.07800 0.056555200000 
0.07850 0.055105000000 
0.07900 0.053693400000 
0.07950 0.052281800000 
0.08000 0.050906000000 
0.08050 0.049631000000 
0.08100 0.048355800000 
0.08150 0.047080800000 
0.08200 0.045899000000 
0.08250 0.044746200000 
0.08300 0.043593200000 
0.08350 0.042468000000 
0.08400 0.041424800000 
0.08450 0.040381600000 
0.08500 0.039338400000 
0.08550 0.038366800000 
0.08600 0.037422200000 
0.08650 0.036477400000 
0.08700 0.035549400000 
0.08750 0.034693400000 
0.08800 0.033837200000 
0.08850 0.032981200000 
0.08900 0.032175800000 
0.08950 0.031399000000 
0.09000 0.030622400000 
0.09050 0.029851000000 
0.09100 0.029146200000 
0.09150 0.028441200000 
0.09200 0.027736200000 
0.09250 0.027063400000 
0.09300 0.026423000000 
0.09350 0.025782600000 
0.09400 0.025142200000 
0.09450 0.024554800000 
0.09500 0.023972600000 
0.09550 0.023390400000 
0.09600 0.022824400000 
0.09650 0.022294600000 
0.09700 0.021765000000 
0.09750 0.021235200000 
0.09800 0.020738600000 
0.09850 0.020256200000 
0.09900 0.019774020000 
0.09950 0.019294980000 
0.10000 0.018855580000 
0.10050 0.018416180000 
0.10100 0.017976780000 
0.10150 0.017554500000 
0.10200 0.017153860000 
0.10250 0.016753220000 
0.10300 0.016352560000 
0.10350 0.015979960000 
0.10400 0.015614400000 
0.10450 0.015248860000 
0.10500 0.014887940000 
0.10550 0.014554200000 
0.10600 0.014220440000 
0.10650 0.013886700000 
0.10700 0.013566860000 
0.10750 0.013261960000 
0.10800 0.012957060000 
0.10850 0.012652160000 
0.10900 0.012368460000 
0.10950 0.012089720000 
0.11000 0.011811000000 
0.11050 0.011535320000 
0.11100 0.011280300000 
0.11150 0.011025260000 
0.11200 0.010770240000 
0.11250 0.010524720000 
0.11300 0.010291400000 
0.11350 0.010058080000 
0.11400 0.009824740000 
0.11450 0.009605900000 
0.11500 0.009392180000 
0.11550 0.009178460000 
0.11600 0.008965280000 
0.11650 0.008769480000 
0.11700 0.008573660000 
0.11750 0.008377860000 
0.11800 0.008187180000 
0.11850 0.008007640000 
0.11900 0.007828080000 
0.11950 0.007648540000 
0.12000 0.007477840000 
0.12050 0.007313260000 
0.12100 0.007148680000 
0.12150 0.006984120000 
0.12200 0.006831160000 
0.12250 0.006680120000 
0.12300 0.006529080000 
0.12350 0.006379500000 
0.12400 0.006240820000 
0.12450 0.006102140000 
0.12500 0.005963460000 
0.12550 0.005828980000 
0.12600 0.005701680000 
0.12650 0.005574380000 
0.12700 0.005447060000 
0.12750 0.005326140000 
0.12800 0.005209240000 
0.12850 0.005092320000 
0.12900 0.004975420000 
0.12950 0.004866560000 
0.13000 0.004759120000 
0.13050 0.004651680000 
0.13100 0.004544920000 
0.13150 0.004446220000 
0.13200 0.004347520000 
0.13250 0.004248820000 
0.13300 0.004152460000 
0.13350 0.004061720000 
0.13400 0.003970980000 
0.13450 0.003880240000 
0.13500 0.003793180000 
0.13550 0.003709740000 
0.13600 0.003626300000 
0.13650 0.003542860000 
0.13700 0.003464220000 
0.13750 0.003387540000 
0.13800 0.003310860000 
0.13850 0.003234180000 
0.13900 0.003163040000 
0.13950 0.003092520000 
0.14000 0.003022020000 
0.14050 0.002951980000 
0.14100 0.002887180000 
0.14150 0.002822380000 
0.14200 0.002757580000 
0.14250 0.002694140000 
0.14300 0.002634540000 
0.14350 0.002574940000 
0.14400 0.002515360000 
0.14450 0.002457820000 
0.14500 0.002403020000 
0.14550 0.002348220000 
0.14600 0.002293440000 
0.14650 0.002241220000 
0.14700 0.002190840000 
0.14750 0.002140480000 
0.14800 0.002090100000 
0.14850 0.002042720000 
0.14900 0.001996466000 
0.14950 0.001950212000 
0.15000 0.001903956000 
0.15050 0.001860928000 
0.15100 0.001818428000 
0.15150 0.001775928000 
0.15200 0.001733426000 
0.15250 0.001694326000 
0.15300 0.001655286000 
0.15350 0.001616248000 
0.15400 0.001577508000 
0.15450 0.001541700000 
0.15500 0.001505892000 
0.15550 0.001470086000 
0.15600 0.001434840000 
0.15650 0.001401976000 
0.15700 0.001369114000 
0.15750 0.001336250000 
0.15800 0.001304130000 
0.15850 0.001273950000 
0.15900 0.001243768000 
0.15950 0.001213586000 
0.16000 0.001184298000 
0.16050 0.001156660000 
0.16100 0.001129020000 
0.16150 0.001101382000 
0.16200 0.001074694000 
0.16250 0.001049370000 
0.16300 0.001024044000 
0.16350 0.000998718000 
0.16400 0.000974370000 
0.16450 0.000951180000 
0.16500 0.000927990000 
0.16550 0.000904800000 
0.16600 0.000882588000 
0.16650 0.000861396000 
0.16700 0.000840204000 
0.16750 0.000819012000 
0.16800 0.000798728000 
0.16850 0.000779322000 
0.16900 0.000759918000 
0.16950 0.000740512000 
0.17000 0.000721976000 
0.17050 0.000704272000 
0.17100 0.000686570000 
0.17150 0.000668866000 
0.17200 0.000651920000 
0.17250 0.000635732000 
0.17300 0.000619546000 
0.17350 0.000603358000 
0.17400 0.000587846000 
0.17450 0.000573080000 
0.17500 0.000558316000 
0.17550 0.000543550000 
0.17600 0.000529364000 
0.17650 0.000515930000 
0.17700 0.000502498000 
0.17750 0.000489066000 
0.17800 0.000476088000 
0.17850 0.000463858000 
0.17900 0.000451628000 
0.17950 0.000439400000 
0.18000 0.000427504000 
0.18050 0.000416360000 
0.18100 0.000405218000 
0.18150 0.000394074000 
0.18200 0.000383158000 
0.18250 0.000373034000 
0.18300 0.000362908000 
0.18350 0.000352784000 
0.18400 0.000342778000 
0.18450 0.000333608000 
0.18500 0.000324436000 
0.18550 0.000315266000 
0.18600 0.000306106000 
0.18650 0.000297774000 
0.18700 0.000289442000 
0.18750 0.000281110000 
0.18800 0.000272778000 
0.18850 0.000265162000 
0.18900 0.000257634000 
0.18950 0.000250104000 
0.19000 0.000242576000 
0.19050 0.000235580000 
0.19100 0.000228756000 
0.19150 0.000221930000 
0.19200 0.000215104000 
0.19250 0.000208684000 
0.19300 0.000202518000 
0.19350 0.000196353000 
0.19400 0.000190187200 
0.19450 0.000184300800 
0.19500 0.000178738200 
0.19550 0.000173175800 
0.19600 0.000167613400 
0.19650 0.000162218800 
0.19700 0.000157207600 
0.19750 0.000152196200 
0.19800 0.000147185000 
0.19850 0.000142245200 
0.19900 0.000137737200 
0.19950 0.000133229000 
0.20000 0.000128721000 
0.20050 0.000124213000 
0.20100 0.000120142600 
0.20150 0.000116082200 
0.20200 0.000112021800 
0.20250 0.000107961400 
0.20300 0.000104251600 
0.20350 0.000100621800 
0.20400 0.000096992000 
0.20450 0.000093362400 
0.20500 0.000089975600 
0.20550 0.000086717200 
0.20600 0.000083459000 
0.20650 0.000080200600 
0.20700 0.000077122000 
0.20750 0.000074221600 
0.20800 0.000071321200 
0.20850 0.000068420600 
0.20900 0.000065631600 
0.20950 0.000063038800 
0.21000 0.000060446000 
0.21050 0.000057853400 
0.21100 0.000055327400 
0.21150 0.000053016200 
0.21200 0.000050705000 
0.21250 0.000048393800 
0.21300 0.000046118800 
0.21350 0.000044080000 
0.21400 0.000042041200 
0.21450 0.000040002400 
0.21500 0.000037976400 
0.21550 0.000036171800 
0.21600 0.000034367000 
0.21650 0.000032562400 
0.21700 0.000030759800 
0.21750 0.000029182600 
0.21800 0.000027605400 
0.21850 0.000026028200 
0.21900 0.000024451400 
0.21950 0.000023070800 
0.22000 0.000021690000 
0.22050 0.000020309400 
0.22100 0.000018936180 
0.22150 0.000017737940 
0.22200 0.000016539700 
0.22250 0.000015341460 
0.22300 0.000014167180 
0.22350 0.000013148340 
0.22400 0.000012129480 
0.22450 0.000011110640 
0.22500 0.000010137640 
0.22550 0.000009277940 
0.22600 0.000008418220 
0.22650 0.000007558520 
0.22700 0.000006778940 
0.22750 0.000006075080 
0.22800 0.000005371220 
0.22850 0.000004667360 
0.22900 0.000004087280 
0.22950 0.000003534100 
0.23000 0.000002980900 
0.23050 0.000002460400 
0.23100 0.000002054780 
0.23150 0.000001649160 
0.23200 0.000001243534 
0.23250 0.000000949830 
0.23300 0.000000698434 
0.23350 0.000000447040 
