0.00000 79.276200000000 
0.00050 71.070800000000 
0.00100 62.865400000000 
0.00150 54.660000000000 
0.00200 46.454600000000 
0.00250 40.693600000000 
0.00300 35.662000000000 
0.00350 31.520400000000 
0.00400 28.202000000000 
0.00450 25.076800000000 
0.00500 22.782600000000 
0.00550 20.488200000000 
0.00600 18.705980000000 
0.00650 17.063840000000 
0.00700 15.558560000000 
0.00750 14.350840000000 
0.00800 13.143120000000 
0.00850 12.170380000000 
0.00900 11.262240000000 
0.00950 10.396280000000 
0.01000 9.700600000000 
0.01050 9.004920000000 
0.01100 8.396000000000 
0.01150 7.854560000000 
0.01200 7.313100000000 
0.01250 6.872240000000 
0.01300 6.444980000000 
0.01350 6.031280000000 
0.01400 5.690060000000 
0.01450 5.348820000000 
0.01500 5.033660000000 
0.01550 4.758220000000 
0.01600 4.482780000000 
0.01650 4.237940000000 
0.01700 4.013480000000 
0.01750 3.789040000000 
0.01800 3.595460000000 
0.01850 3.411000000000 
0.01900 3.226540000000 
0.01950 3.071080000000 
0.02000 2.918340000000 
0.02050 2.766360000000 
0.02100 2.638980000000 
0.02150 2.511620000000 
0.02200 2.386740000000 
0.02250 2.279860000000 
0.02300 2.173000000000 
0.02350 2.069280000000 
0.02400 1.979102000000 
0.02450 1.888926000000 
0.02500 1.801962000000 
0.02550 1.725474000000 
0.02600 1.648986000000 
0.02650 1.575444000000 
0.02700 1.510262000000 
0.02750 1.445080000000 
0.02800 1.382406000000 
0.02850 1.326618000000 
0.02900 1.270830000000 
0.02950 1.217048000000 
0.03000 1.169110000000 
0.03050 1.121172000000 
0.03100 1.074732000000 
0.03150 1.033390000000 
0.03200 0.992048000000 
0.03250 0.951718000000 
0.03300 0.915946000000 
0.03350 0.880174000000 
0.03400 0.844968000000 
0.03450 0.813920000000 
0.03500 0.782872000000 
0.03550 0.751994000000 
0.03600 0.724968000000 
0.03650 0.697944000000 
0.03700 0.670920000000 
0.03750 0.647164000000 
0.03800 0.623580000000 
0.03850 0.599996000000 
0.03900 0.578896000000 
0.03950 0.558264000000 
0.04000 0.537634000000 
0.04050 0.518830000000 
0.04100 0.500740000000 
0.04150 0.482652000000 
0.04200 0.465840000000 
0.04250 0.449946000000 
0.04300 0.434052000000 
0.04350 0.418976000000 
0.04400 0.404984000000 
0.04450 0.390994000000 
0.04500 0.377436000000 
0.04550 0.365096000000 
0.04600 0.352758000000 
0.04650 0.340534000000 
0.04700 0.329634000000 
0.04750 0.318732000000 
0.04800 0.307832000000 
0.04850 0.298040000000 
0.04900 0.288396000000 
0.04950 0.278752000000 
0.05000 0.269844000000 
0.05050 0.261296000000 
0.05100 0.252750000000 
0.05150 0.244632000000 
0.05200 0.237048000000 
0.05250 0.229462000000 
0.05300 0.222050000000 
0.05350 0.215310000000 
0.05400 0.208572000000 
0.05450 0.201832000000 
0.05500 0.195796000000 
0.05550 0.189800000000 
0.05600 0.183803800000 
0.05650 0.178249400000 
0.05700 0.172908000000 
0.05750 0.167566600000 
0.05800 0.162448800000 
0.05850 0.157685400000 
0.05900 0.152921800000 
0.05950 0.148201400000 
0.06000 0.143948600000 
0.06050 0.139695600000 
0.06100 0.135442600000 
0.06150 0.131535800000 
0.06200 0.127734400000 
0.06250 0.123933000000 
0.06300 0.120305000000 
0.06350 0.116904000000 
0.06400 0.113503000000 
0.06450 0.110132000000 
0.06500 0.107086000000 
0.06550 0.104039800000 
0.06600 0.100993800000 
0.06650 0.098174800000 
0.06700 0.095444200000 
0.06750 0.092713600000 
0.06800 0.090078400000 
0.06850 0.087628000000 
0.06900 0.085177600000 
0.06950 0.082727200000 
0.07000 0.080512600000 
0.07050 0.078311600000 
0.07100 0.076110800000 
0.07150 0.074029000000 
0.07200 0.072050400000 
0.07250 0.070071800000 
0.07300 0.068115200000 
0.07350 0.066334800000 
0.07400 0.064554600000 
0.07450 0.062774200000 
0.07500 0.061112600000 
0.07550 0.059509200000 
0.07600 0.057905800000 
0.07650 0.056336600000 
0.07700 0.054891400000 
0.07750 0.053446000000 
0.07800 0.052000800000 
0.07850 0.050661200000 
0.07900 0.049357400000 
0.07950 0.048053600000 
0.08000 0.046783000000 
0.08050 0.045605800000 
0.08100 0.044428600000 
0.08150 0.043251400000 
0.08200 0.042160800000 
0.08250 0.041096800000 
0.08300 0.040033000000 
0.08350 0.038994800000 
0.08400 0.038032600000 
0.08450 0.037070400000 
0.08500 0.036108200000 
0.08550 0.035212400000 
0.08600 0.034341400000 
0.08650 0.033470400000 
0.08700 0.032615000000 
0.08750 0.031826000000 
0.08800 0.031037200000 
0.08850 0.030248400000 
0.08900 0.029506400000 
0.08950 0.028791000000 
0.09000 0.028075600000 
0.09050 0.027365200000 
0.09100 0.026716200000 
0.09150 0.026067200000 
0.09200 0.025418200000 
0.09250 0.024798800000 
0.09300 0.024209400000 
0.09350 0.023620200000 
0.09400 0.023030800000 
0.09450 0.022490400000 
0.09500 0.021954800000 
0.09550 0.021419400000 
0.09600 0.020898800000 
0.09650 0.020411800000 
0.09700 0.019924660000 
0.09750 0.019437580000 
0.09800 0.018981080000 
0.09850 0.018537860000 
0.09900 0.018094620000 
0.09950 0.017654360000 
0.10000 0.017250700000 
0.10050 0.016847020000 
0.10100 0.016443340000 
0.10150 0.016055480000 
0.10200 0.015687560000 
0.10250 0.015319660000 
0.10300 0.014951740000 
0.10350 0.014609680000 
0.10400 0.014274140000 
0.10450 0.013938600000 
0.10500 0.013607300000 
0.10550 0.013301080000 
0.10600 0.012994860000 
0.10650 0.012688620000 
0.10700 0.012395220000 
0.10750 0.012115560000 
0.10800 0.011835900000 
0.10850 0.011556240000 
0.10900 0.011296120000 
0.10950 0.011040580000 
0.11000 0.010785040000 
0.11050 0.010532300000 
0.11100 0.010298580000 
0.11150 0.010064860000 
0.11200 0.009831140000 
0.11250 0.009606160000 
0.11300 0.009392400000 
0.11350 0.009178660000 
0.11400 0.008964900000 
0.11450 0.008764480000 
0.11500 0.008568740000 
0.11550 0.008373020000 
0.11600 0.008177820000 
0.11650 0.007998580000 
0.11700 0.007819320000 
0.11750 0.007640080000 
0.11800 0.007465540000 
0.11850 0.007301240000 
0.11900 0.007136940000 
0.11950 0.006972660000 
0.12000 0.006816480000 
0.12050 0.006665940000 
0.12100 0.006515400000 
0.12150 0.006364840000 
0.12200 0.006224980000 
0.12250 0.006086860000 
0.12300 0.005948740000 
0.12350 0.005811980000 
0.12400 0.005685220000 
0.12450 0.005558460000 
0.12500 0.005431700000 
0.12550 0.005308780000 
0.12600 0.005192460000 
0.12650 0.005076140000 
0.12700 0.004959800000 
0.12750 0.004849340000 
0.12800 0.004742540000 
0.12850 0.004635760000 
0.12900 0.004528980000 
0.12950 0.004429560000 
0.13000 0.004331460000 
0.13050 0.004233360000 
0.13100 0.004135880000 
0.13150 0.004045780000 
0.13200 0.003955680000 
0.13250 0.003865580000 
0.13300 0.003777660000 
0.13350 0.003694840000 
0.13400 0.003612040000 
0.13450 0.003529240000 
0.13500 0.003449820000 
0.13550 0.003373720000 
0.13600 0.003297600000 
0.13650 0.003221480000 
0.13700 0.003149760000 
0.13750 0.003079840000 
0.13800 0.003009920000 
0.13850 0.002939980000 
0.13900 0.002875140000 
0.13950 0.002810860000 
0.14000 0.002746580000 
0.14050 0.002682740000 
0.14100 0.002623700000 
0.14150 0.002564640000 
0.14200 0.002505580000 
0.14250 0.002447780000 
0.14300 0.002393480000 
0.14350 0.002339200000 
0.14400 0.002284900000 
0.14450 0.002232480000 
0.14500 0.002182580000 
0.14550 0.002132700000 
0.14600 0.002082800000 
0.14650 0.002035240000 
0.14700 0.001989380000 
0.14750 0.001943520000 
0.14800 0.001897662000 
0.14850 0.001854530000 
0.14900 0.001812432000 
0.14950 0.001770332000 
0.15000 0.001728234000 
0.15050 0.001689080000 
0.15100 0.001650410000 
0.15150 0.001611740000 
0.15200 0.001573068000 
0.15250 0.001537500000 
0.15300 0.001501990000 
0.15350 0.001466480000 
0.15400 0.001431244000 
0.15450 0.001398682000 
0.15500 0.001366120000 
0.15550 0.001333556000 
0.15600 0.001301508000 
0.15650 0.001271632000 
0.15700 0.001241756000 
0.15750 0.001211880000 
0.15800 0.001182682000 
0.15850 0.001155254000 
0.15900 0.001127824000 
0.15950 0.001100394000 
0.16000 0.001073778000 
0.16050 0.001048666000 
0.16100 0.001023554000 
0.16150 0.000998442000 
0.16200 0.000974196000 
0.16250 0.000951192000 
0.16300 0.000928190000 
0.16350 0.000905186000 
0.16400 0.000883072000 
0.16450 0.000862012000 
0.16500 0.000840954000 
0.16550 0.000819896000 
0.16600 0.000799728000 
0.16650 0.000780488000 
0.16700 0.000761250000 
0.16750 0.000742010000 
0.16800 0.000723596000 
0.16850 0.000705984000 
0.16900 0.000688372000 
0.16950 0.000670760000 
0.17000 0.000653938000 
0.17050 0.000637874000 
0.17100 0.000621810000 
0.17150 0.000605746000 
0.17200 0.000590372000 
0.17250 0.000575688000 
0.17300 0.000561004000 
0.17350 0.000546320000 
0.17400 0.000532248000 
0.17450 0.000518858000 
0.17500 0.000505468000 
0.17550 0.000492078000 
0.17600 0.000479212000 
0.17650 0.000467032000 
0.17700 0.000454852000 
0.17750 0.000442674000 
0.17800 0.000430906000 
0.17850 0.000419820000 
0.17900 0.000408736000 
0.17950 0.000397650000 
0.18000 0.000386868000 
0.18050 0.000376768000 
0.18100 0.000366670000 
0.18150 0.000356570000 
0.18200 0.000346678000 
0.18250 0.000337504000 
0.18300 0.000328330000 
0.18350 0.000319156000 
0.18400 0.000310092000 
0.18450 0.000301784000 
0.18500 0.000293476000 
0.18550 0.000285168000 
0.18600 0.000276872000 
0.18650 0.000269326000 
0.18700 0.000261780000 
0.18750 0.000254234000 
0.18800 0.000246688000 
0.18850 0.000239792000 
0.18900 0.000232974000 
0.18950 0.000226158000 
0.19000 0.000219340000 
0.19050 0.000213008000 
0.19100 0.000206828000 
0.19150 0.000200650000 
0.19200 0.000194471200 
0.19250 0.000188660200 
0.19300 0.000183079800 
0.19350 0.000177499400 
0.19400 0.000171919000 
0.19450 0.000166591800 
0.19500 0.000161558400 
0.19550 0.000156525000 
0.19600 0.000151491600 
0.19650 0.000146610400 
0.19700 0.000142076800 
0.19750 0.000137543000 
0.19800 0.000133009400 
0.19850 0.000128540400 
0.19900 0.000124462800 
0.19950 0.000120385200 
0.20000 0.000116307600 
0.20050 0.000112230000 
0.20100 0.000108549000 
0.20150 0.000104877000 
0.20200 0.000101205200 
0.20250 0.000097533200 
0.20300 0.000094178800 
0.20350 0.000090896800 
0.20400 0.000087615000 
0.20450 0.000084333000 
0.20500 0.000081271400 
0.20550 0.000078325800 
0.20600 0.000075380400 
0.20650 0.000072434800 
0.20700 0.000069652200 
0.20750 0.000067030600 
0.20800 0.000064409200 
0.20850 0.000061787600 
0.20900 0.000059267000 
0.20950 0.000056924000 
0.21000 0.000054581200 
0.21050 0.000052238200 
0.21100 0.000049955800 
0.21150 0.000047867600 
0.21200 0.000045779400 
0.21250 0.000043691400 
0.21300 0.000041636000 
0.21350 0.000039794400 
0.21400 0.000037952600 
0.21450 0.000036111000 
0.21500 0.000034281000 
0.21550 0.000032651000 
0.21600 0.000031021000 
0.21650 0.000029391200 
0.21700 0.000027763200 
0.21750 0.000026339000 
0.21800 0.000024914800 
0.21850 0.000023490600 
0.21900 0.000022066800 
0.21950 0.000020820200 
0.22000 0.000019573680 
0.22050 0.000018327120 
0.22100 0.000017087360 
0.22150 0.000016005740 
0.22200 0.000014924120 
0.22250 0.000013842500 
0.22300 0.000012782520 
0.22350 0.000011862960 
0.22400 0.000010943420 
0.22450 0.000010023880 
0.22500 0.000009145740 
0.22550 0.000008369960 
0.22600 0.000007594200 
0.22650 0.000006818420 
0.22700 0.000006114980 
0.22750 0.000005479940 
0.22800 0.000004844880 
0.22850 0.000004209840 
0.22900 0.000003686540 
0.22950 0.000003187520 
0.23000 0.000002688480 
0.23050 0.000002218980 
0.23100 0.000001853118 
0.23150 0.000001487266 
0.23200 0.000001121414 
0.23250 0.000000856534 
0.23300 0.000000629822 
0.23350 0.000000403110 
