0.00000 75.729200000000 
0.00050 67.835200000000 
0.00100 59.941200000000 
0.00150 52.047200000000 
0.00200 44.153200000000 
0.00250 38.627000000000 
0.00300 33.807000000000 
0.00350 29.845000000000 
0.00400 26.676600000000 
0.00450 23.693800000000 
0.00500 21.509000000000 
0.00550 19.324340000000 
0.00600 17.630080000000 
0.00650 16.070000000000 
0.00700 14.640680000000 
0.00750 13.495680000000 
0.00800 12.350680000000 
0.00850 11.429720000000 
0.00900 10.570340000000 
0.00950 9.751120000000 
0.01000 9.093920000000 
0.01050 8.436720000000 
0.01100 7.861940000000 
0.01150 7.351260000000 
0.01200 6.840560000000 
0.01250 6.425280000000 
0.01300 6.022900000000 
0.01350 5.633360000000 
0.01400 5.312440000000 
0.01450 4.991540000000 
0.01500 4.695260000000 
0.01550 4.436560000000 
0.01600 4.177880000000 
0.01650 3.948060000000 
0.01700 3.737520000000 
0.01750 3.526980000000 
0.01800 3.345560000000 
0.01850 3.172740000000 
0.01900 2.999920000000 
0.01950 2.854400000000 
0.02000 2.711460000000 
0.02050 2.569240000000 
0.02100 2.450160000000 
0.02150 2.331100000000 
0.02200 2.214380000000 
0.02250 2.114580000000 
0.02300 2.014780000000 
0.02350 1.917946000000 
0.02400 1.833824000000 
0.02450 1.749700000000 
0.02500 1.668592000000 
0.02550 1.597312000000 
0.02600 1.526032000000 
0.02650 1.457510000000 
0.02700 1.396822000000 
0.02750 1.336136000000 
0.02800 1.277798000000 
0.02850 1.225906000000 
0.02900 1.174014000000 
0.02950 1.123998000000 
0.03000 1.079448000000 
0.03050 1.034898000000 
0.03100 0.991746000000 
0.03150 0.953362000000 
0.03200 0.914976000000 
0.03250 0.877534000000 
0.03300 0.844348000000 
0.03350 0.811162000000 
0.03400 0.778504000000 
0.03450 0.749724000000 
0.03500 0.720946000000 
0.03550 0.692324000000 
0.03600 0.667296000000 
0.03650 0.642266000000 
0.03700 0.617238000000 
0.03750 0.595250000000 
0.03800 0.573426000000 
0.03850 0.551600000000 
0.03900 0.532088000000 
0.03950 0.513010000000 
0.04000 0.493932000000 
0.04050 0.476552000000 
0.04100 0.459838000000 
0.04150 0.443124000000 
0.04200 0.427596000000 
0.04250 0.412922000000 
0.04300 0.398246000000 
0.04350 0.384330000000 
0.04400 0.371422000000 
0.04450 0.358512000000 
0.04500 0.346006000000 
0.04550 0.334630000000 
0.04600 0.323254000000 
0.04650 0.311984000000 
0.04700 0.301940000000 
0.04750 0.291898000000 
0.04800 0.281856000000 
0.04850 0.272840000000 
0.04900 0.263960000000 
0.04950 0.255080000000 
0.05000 0.246882000000 
0.05050 0.239018000000 
0.05100 0.231154000000 
0.05150 0.223688000000 
0.05200 0.216714000000 
0.05250 0.209740000000 
0.05300 0.202926000000 
0.05350 0.196733000000 
0.05400 0.190540400000 
0.05450 0.184347800000 
0.05500 0.178804800000 
0.05550 0.173298800000 
0.05600 0.167792800000 
0.05650 0.162694200000 
0.05700 0.157792400000 
0.05750 0.152890600000 
0.05800 0.148195200000 
0.05850 0.143826400000 
0.05900 0.139457800000 
0.05950 0.135128800000 
0.06000 0.131230600000 
0.06050 0.127332400000 
0.06100 0.123434200000 
0.06150 0.119854800000 
0.06200 0.116372600000 
0.06250 0.112890600000 
0.06300 0.109568000000 
0.06350 0.106454400000 
0.06400 0.103340800000 
0.06450 0.100254800000 
0.06500 0.097467800000 
0.06550 0.094680800000 
0.06600 0.091893800000 
0.06650 0.089315600000 
0.06700 0.086818600000 
0.06750 0.084321400000 
0.06800 0.081912000000 
0.06850 0.079672600000 
0.06900 0.077433200000 
0.06950 0.075193600000 
0.07000 0.073170800000 
0.07050 0.071160400000 
0.07100 0.069150000000 
0.07150 0.067248800000 
0.07200 0.065442600000 
0.07250 0.063636200000 
0.07300 0.061850000000 
0.07350 0.060225600000 
0.07400 0.058601200000 
0.07450 0.056976600000 
0.07500 0.055461000000 
0.07550 0.053998800000 
0.07600 0.052536600000 
0.07650 0.051105400000 
0.07700 0.049788200000 
0.07750 0.048470800000 
0.07800 0.047153400000 
0.07850 0.045932800000 
0.07900 0.044745000000 
0.07950 0.043557200000 
0.08000 0.042399800000 
0.08050 0.041327800000 
0.08100 0.040255800000 
0.08150 0.039183800000 
0.08200 0.038191200000 
0.08250 0.037222800000 
0.08300 0.036254600000 
0.08350 0.035309800000 
0.08400 0.034434600000 
0.08450 0.033559200000 
0.08500 0.032684000000 
0.08550 0.031869400000 
0.08600 0.031077400000 
0.08650 0.030285400000 
0.08700 0.029507600000 
0.08750 0.028790800000 
0.08800 0.028073800000 
0.08850 0.027356800000 
0.08900 0.026682600000 
0.08950 0.026032800000 
0.09000 0.025383000000 
0.09050 0.024737600000 
0.09100 0.024148400000 
0.09150 0.023559200000 
0.09200 0.022969800000 
0.09250 0.022407600000 
0.09300 0.021872800000 
0.09350 0.021337800000 
0.09400 0.020803000000 
0.09450 0.020312800000 
0.09500 0.019827000000 
0.09550 0.019341220000 
0.09600 0.018869060000 
0.09650 0.018427400000 
0.09700 0.017985720000 
0.09750 0.017544060000 
0.09800 0.017130240000 
0.09850 0.016728520000 
0.09900 0.016326800000 
0.09950 0.015927780000 
0.10000 0.015562080000 
0.10050 0.015196360000 
0.10100 0.014830640000 
0.10150 0.014479320000 
0.10200 0.014146140000 
0.10250 0.013812980000 
0.10300 0.013479800000 
0.10350 0.013170140000 
0.10400 0.012866420000 
0.10450 0.012562680000 
0.10500 0.012262820000 
0.10550 0.011985740000 
0.10600 0.011708660000 
0.10650 0.011431580000 
0.10700 0.011166160000 
0.10750 0.010913220000 
0.10800 0.010660280000 
0.10850 0.010407360000 
0.10900 0.010172160000 
0.10950 0.009941140000 
0.11000 0.009710100000 
0.11050 0.009481620000 
0.11100 0.009270400000 
0.11150 0.009059200000 
0.11200 0.008847980000 
0.11250 0.008644700000 
0.11300 0.008451600000 
0.11350 0.008258520000 
0.11400 0.008065420000 
0.11450 0.007884420000 
0.11500 0.007707680000 
0.11550 0.007530940000 
0.11600 0.007354680000 
0.11650 0.007192880000 
0.11700 0.007031080000 
0.11750 0.006869280000 
0.11800 0.006711760000 
0.11850 0.006563520000 
0.11900 0.006415280000 
0.11950 0.006267020000 
0.12000 0.006126140000 
0.12050 0.005990360000 
0.12100 0.005854580000 
0.12150 0.005718800000 
0.12200 0.005592680000 
0.12250 0.005468160000 
0.12300 0.005343620000 
0.12350 0.005220320000 
0.12400 0.005106060000 
0.12450 0.004991820000 
0.12500 0.004877580000 
0.12550 0.004766820000 
0.12600 0.004662020000 
0.12650 0.004557200000 
0.12700 0.004452400000 
0.12750 0.004352900000 
0.12800 0.004256720000 
0.12850 0.004160540000 
0.12900 0.004064380000 
0.12950 0.003974860000 
0.13000 0.003886540000 
0.13050 0.003798220000 
0.13100 0.003710460000 
0.13150 0.003629380000 
0.13200 0.003548300000 
0.13250 0.003467200000 
0.13300 0.003388080000 
0.13350 0.003313580000 
0.13400 0.003239080000 
0.13450 0.003164580000 
0.13500 0.003093160000 
0.13550 0.003024700000 
0.13600 0.002956240000 
0.13650 0.002887800000 
0.13700 0.002823300000 
0.13750 0.002760440000 
0.13800 0.002697560000 
0.13850 0.002634700000 
0.13900 0.002576420000 
0.13950 0.002518660000 
0.14000 0.002460880000 
0.14050 0.002403520000 
0.14100 0.002350460000 
0.14150 0.002297400000 
0.14200 0.002244340000 
0.14250 0.002192400000 
0.14300 0.002143640000 
0.14350 0.002094880000 
0.14400 0.002046120000 
0.14450 0.001999050000 
0.14500 0.001954246000 
0.14550 0.001909444000 
0.14600 0.001864640000 
0.14650 0.001821952000 
0.14700 0.001780790000 
0.14750 0.001739628000 
0.14800 0.001698466000 
0.14850 0.001659762000 
0.14900 0.001621986000 
0.14950 0.001584210000 
0.15000 0.001546436000 
0.15050 0.001511312000 
0.15100 0.001476624000 
0.15150 0.001441936000 
0.15200 0.001407248000 
0.15250 0.001375352000 
0.15300 0.001343508000 
0.15350 0.001311664000 
0.15400 0.001280066000 
0.15450 0.001250876000 
0.15500 0.001221684000 
0.15550 0.001192492000 
0.15600 0.001163764000 
0.15650 0.001136988000 
0.15700 0.001110212000 
0.15750 0.001083436000 
0.15800 0.001057272000 
0.15850 0.001032696000 
0.15900 0.001008120000 
0.15950 0.000983546000 
0.16000 0.000959700000 
0.16050 0.000937208000 
0.16100 0.000914716000 
0.16150 0.000892222000 
0.16200 0.000870508000 
0.16250 0.000849910000 
0.16300 0.000829312000 
0.16350 0.000808714000 
0.16400 0.000788914000 
0.16450 0.000770062000 
0.16500 0.000751210000 
0.16550 0.000732360000 
0.16600 0.000714308000 
0.16650 0.000697090000 
0.16700 0.000679870000 
0.16750 0.000662652000 
0.16800 0.000646176000 
0.16850 0.000630418000 
0.16900 0.000614660000 
0.16950 0.000598902000 
0.17000 0.000583854000 
0.17050 0.000569486000 
0.17100 0.000555116000 
0.17150 0.000540748000 
0.17200 0.000526998000 
0.17250 0.000513866000 
0.17300 0.000500736000 
0.17350 0.000487604000 
0.17400 0.000475022000 
0.17450 0.000463052000 
0.17500 0.000451080000 
0.17550 0.000439110000 
0.17600 0.000427608000 
0.17650 0.000416722000 
0.17700 0.000405836000 
0.17750 0.000394952000 
0.17800 0.000384436000 
0.17850 0.000374530000 
0.17900 0.000364624000 
0.17950 0.000354718000 
0.18000 0.000345084000 
0.18050 0.000336062000 
0.18100 0.000327040000 
0.18150 0.000318018000 
0.18200 0.000309182000 
0.18250 0.000300988000 
0.18300 0.000292794000 
0.18350 0.000284602000 
0.18400 0.000276506000 
0.18450 0.000269086000 
0.18500 0.000261668000 
0.18550 0.000254250000 
0.18600 0.000246842000 
0.18650 0.000240106000 
0.18700 0.000233370000 
0.18750 0.000226632000 
0.18800 0.000219896000 
0.18850 0.000213742000 
0.18900 0.000207656000 
0.18950 0.000201572000 
0.19000 0.000195487800 
0.19050 0.000189836400 
0.19100 0.000184323000 
0.19150 0.000178809400 
0.19200 0.000173296000 
0.19250 0.000168111400 
0.19300 0.000163133000 
0.19350 0.000158154600 
0.19400 0.000153176200 
0.19450 0.000148424200 
0.19500 0.000143934800 
0.19550 0.000139445400 
0.19600 0.000134956000 
0.19650 0.000130602400 
0.19700 0.000126559600 
0.19750 0.000122516600 
0.19800 0.000118473800 
0.19850 0.000114488800 
0.19900 0.000110853400 
0.19950 0.000107217800 
0.20000 0.000103582400 
0.20050 0.000099947000 
0.20100 0.000096665800 
0.20150 0.000093392800 
0.20200 0.000090119800 
0.20250 0.000086846800 
0.20300 0.000083857200 
0.20350 0.000080932400 
0.20400 0.000078007400 
0.20450 0.000075082600 
0.20500 0.000072354400 
0.20550 0.000069729800 
0.20600 0.000067105400 
0.20650 0.000064480800 
0.20700 0.000062001600 
0.20750 0.000059666200 
0.20800 0.000057331000 
0.20850 0.000054995600 
0.20900 0.000052750200 
0.20950 0.000050663400 
0.21000 0.000048576600 
0.21050 0.000046489800 
0.21100 0.000044457000 
0.21150 0.000042597600 
0.21200 0.000040738000 
0.21250 0.000038878600 
0.21300 0.000037048400 
0.21350 0.000035408600 
0.21400 0.000033768800 
0.21450 0.000032129200 
0.21500 0.000030499800 
0.21550 0.000029048800 
0.21600 0.000027598000 
0.21650 0.000026147000 
0.21700 0.000024697800 
0.21750 0.000023430400 
0.21800 0.000022162800 
0.21850 0.000020895200 
0.21900 0.000019627980 
0.21950 0.000018518740 
0.22000 0.000017409500 
0.22050 0.000016300260 
0.22100 0.000015197060 
0.22150 0.000014234740 
0.22200 0.000013272420 
0.22250 0.000012310120 
0.22300 0.000011367080 
0.22350 0.000010549100 
0.22400 0.000009731120 
0.22450 0.000008913140 
0.22500 0.000008132040 
0.22550 0.000007442080 
0.22600 0.000006752120 
0.22650 0.000006062140 
0.22700 0.000005436580 
0.22750 0.000004871860 
0.22800 0.000004307160 
0.22850 0.000003742440 
0.22900 0.000003277180 
0.22950 0.000002833500 
0.23000 0.000002389800 
0.23050 0.000001972374 
0.23100 0.000001647152 
0.23150 0.000001321928 
0.23200 0.000000996704 
0.23250 0.000000761262 
0.23300 0.000000559760 
0.23350 0.000000358256 
