0.00000 73.131200000000 
0.00050 65.454200000000 
0.00100 57.777000000000 
0.00150 50.100000000000 
0.00200 42.422800000000 
0.00250 37.064000000000 
0.00300 32.396600000000 
0.00350 28.565400000000 
0.00400 25.507200000000 
0.00450 22.629400000000 
0.00500 20.526400000000 
0.00550 18.423420000000 
0.00600 16.795280000000 
0.00650 15.297080000000 
0.00700 13.925160000000 
0.00750 12.827840000000 
0.00800 11.730520000000 
0.00850 10.849120000000 
0.00900 10.027080000000 
0.00950 9.243680000000 
0.01000 8.616120000000 
0.01050 7.988560000000 
0.01100 7.440140000000 
0.01150 6.953260000000 
0.01200 6.466380000000 
0.01250 6.070980000000 
0.01300 5.687940000000 
0.01350 5.317180000000 
0.01400 5.012140000000 
0.01450 4.707080000000 
0.01500 4.425580000000 
0.01550 4.180000000000 
0.01600 3.934420000000 
0.01650 3.716420000000 
0.01700 3.516820000000 
0.01750 3.317200000000 
0.01800 3.145360000000 
0.01850 2.981700000000 
0.01900 2.818060000000 
0.01950 2.680440000000 
0.02000 2.545240000000 
0.02050 2.410720000000 
0.02100 2.298240000000 
0.02150 2.185760000000 
0.02200 2.075480000000 
0.02250 1.981316000000 
0.02300 1.887144000000 
0.02350 1.795776000000 
0.02400 1.716476000000 
0.02450 1.637178000000 
0.02500 1.560736000000 
0.02550 1.493612000000 
0.02600 1.426488000000 
0.02650 1.361976000000 
0.02700 1.304886000000 
0.02750 1.247794000000 
0.02800 1.192926000000 
0.02850 1.144156000000 
0.02900 1.095386000000 
0.02950 1.048390000000 
0.03000 1.006562000000 
0.03050 0.964732000000 
0.03100 0.924224000000 
0.03150 0.888216000000 
0.03200 0.852208000000 
0.03250 0.817090000000 
0.03300 0.785988000000 
0.03350 0.754886000000 
0.03400 0.724282000000 
0.03450 0.697332000000 
0.03500 0.670384000000 
0.03550 0.643586000000 
0.03600 0.620170000000 
0.03650 0.596754000000 
0.03700 0.573336000000 
0.03750 0.552784000000 
0.03800 0.532382000000 
0.03850 0.511980000000 
0.03900 0.493752000000 
0.03950 0.475934000000 
0.04000 0.458114000000 
0.04050 0.441892000000 
0.04100 0.426294000000 
0.04150 0.410696000000 
0.04200 0.396210000000 
0.04250 0.382526000000 
0.04300 0.368842000000 
0.04350 0.355870000000 
0.04400 0.343842000000 
0.04450 0.331814000000 
0.04500 0.320162000000 
0.04550 0.309570000000 
0.04600 0.298980000000 
0.04650 0.288488000000 
0.04700 0.279144000000 
0.04750 0.269800000000 
0.04800 0.260458000000 
0.04850 0.252076000000 
0.04900 0.243820000000 
0.04950 0.235564000000 
0.05000 0.227948000000 
0.05050 0.220642000000 
0.05100 0.213338000000 
0.05150 0.206402000000 
0.05200 0.199928800000 
0.05250 0.193455400000 
0.05300 0.187130200000 
0.05350 0.181385600000 
0.05400 0.175641000000 
0.05450 0.169896400000 
0.05500 0.164758000000 
0.05550 0.159653800000 
0.05600 0.154549600000 
0.05650 0.149825400000 
0.05700 0.145284400000 
0.05750 0.140743600000 
0.05800 0.136395000000 
0.05850 0.132350600000 
0.05900 0.128306200000 
0.05950 0.124298800000 
0.06000 0.120692400000 
0.06050 0.117086000000 
0.06100 0.113479600000 
0.06150 0.110169800000 
0.06200 0.106950400000 
0.06250 0.103731000000 
0.06300 0.100660000000 
0.06350 0.097783200000 
0.06400 0.094906400000 
0.06450 0.092055200000 
0.06500 0.089481800000 
0.06550 0.086908400000 
0.06600 0.084335000000 
0.06650 0.081955400000 
0.06700 0.079651000000 
0.06750 0.077346800000 
0.06800 0.075123800000 
0.06850 0.073058600000 
0.06900 0.070993200000 
0.06950 0.068927800000 
0.07000 0.067063400000 
0.07050 0.065210400000 
0.07100 0.063357600000 
0.07150 0.061605800000 
0.07200 0.059942000000 
0.07250 0.058278200000 
0.07300 0.056633000000 
0.07350 0.055137400000 
0.07400 0.053642000000 
0.07450 0.052146600000 
0.07500 0.050751800000 
0.07550 0.049406400000 
0.07600 0.048061200000 
0.07650 0.046744600000 
0.07700 0.045533400000 
0.07750 0.044322000000 
0.07800 0.043110600000 
0.07850 0.041988600000 
0.07900 0.040897000000 
0.07950 0.039805400000 
0.08000 0.038741800000 
0.08050 0.037757200000 
0.08100 0.036772600000 
0.08150 0.035788000000 
0.08200 0.034876600000 
0.08250 0.033987800000 
0.08300 0.033098800000 
0.08350 0.032231600000 
0.08400 0.031428600000 
0.08450 0.030625400000 
0.08500 0.029822400000 
0.08550 0.029075200000 
0.08600 0.028349000000 
0.08650 0.027622800000 
0.08700 0.026909600000 
0.08750 0.026252600000 
0.08800 0.025595400000 
0.08850 0.024938200000 
0.08900 0.024320600000 
0.08950 0.023725400000 
0.09000 0.023130000000 
0.09050 0.022538800000 
0.09100 0.021999400000 
0.09150 0.021459800000 
0.09200 0.020920200000 
0.09250 0.020405600000 
0.09300 0.019916160000 
0.09350 0.019426680000 
0.09400 0.018937220000 
0.09450 0.018488760000 
0.09500 0.018044440000 
0.09550 0.017600120000 
0.09600 0.017168300000 
0.09650 0.016764520000 
0.09700 0.016360740000 
0.09750 0.015956960000 
0.09800 0.015578780000 
0.09850 0.015211700000 
0.09900 0.014844620000 
0.09950 0.014480000000 
0.10000 0.014146000000 
0.10050 0.013811980000 
0.10100 0.013477960000 
0.10150 0.013157140000 
0.10200 0.012852980000 
0.10250 0.012548840000 
0.10300 0.012244680000 
0.10350 0.011962100000 
0.10400 0.011684960000 
0.10450 0.011407800000 
0.10500 0.011134220000 
0.10550 0.010881500000 
0.10600 0.010628800000 
0.10650 0.010376080000 
0.10700 0.010134060000 
0.10750 0.009903480000 
0.10800 0.009672900000 
0.10850 0.009442320000 
0.10900 0.009228000000 
0.10950 0.009017480000 
0.11000 0.008806960000 
0.11050 0.008598780000 
0.11100 0.008406400000 
0.11150 0.008214020000 
0.11200 0.008021660000 
0.11250 0.007836540000 
0.11300 0.007660760000 
0.11350 0.007484960000 
0.11400 0.007309180000 
0.11450 0.007144440000 
0.11500 0.006983620000 
0.11550 0.006822780000 
0.11600 0.006662380000 
0.11650 0.006515220000 
0.11700 0.006368040000 
0.11750 0.006220880000 
0.11800 0.006077620000 
0.11850 0.005942820000 
0.11900 0.005808040000 
0.11950 0.005673260000 
0.12000 0.005545200000 
0.12050 0.005421800000 
0.12100 0.005298400000 
0.12150 0.005175000000 
0.12200 0.005060420000 
0.12250 0.004947300000 
0.12300 0.004834160000 
0.12350 0.004722160000 
0.12400 0.004618420000 
0.12450 0.004514660000 
0.12500 0.004410920000 
0.12550 0.004310380000 
0.12600 0.004215240000 
0.12650 0.004120100000 
0.12700 0.004024980000 
0.12750 0.003934680000 
0.12800 0.003847420000 
0.12850 0.003760160000 
0.12900 0.003672900000 
0.12950 0.003591720000 
0.13000 0.003511620000 
0.13050 0.003431520000 
0.13100 0.003351920000 
0.13150 0.003278400000 
0.13200 0.003204900000 
0.13250 0.003131380000 
0.13300 0.003059660000 
0.13350 0.002992140000 
0.13400 0.002924640000 
0.13450 0.002857120000 
0.13500 0.002792400000 
0.13550 0.002730380000 
0.13600 0.002668380000 
0.13650 0.002606360000 
0.13700 0.002547960000 
0.13750 0.002491040000 
0.13800 0.002434100000 
0.13850 0.002377180000 
0.13900 0.002324420000 
0.13950 0.002272140000 
0.14000 0.002219840000 
0.14050 0.002167900000 
0.14100 0.002119900000 
0.14150 0.002071880000 
0.14200 0.002023880000 
0.14250 0.001976884000 
0.14300 0.001932782000 
0.14350 0.001888678000 
0.14400 0.001844574000 
0.14450 0.001802002000 
0.14500 0.001761492000 
0.14550 0.001720982000 
0.14600 0.001680470000 
0.14650 0.001641880000 
0.14700 0.001604676000 
0.14750 0.001567472000 
0.14800 0.001530266000 
0.14850 0.001495292000 
0.14900 0.001461160000 
0.14950 0.001427028000 
0.15000 0.001392896000 
0.15050 0.001361170000 
0.15100 0.001329838000 
0.15150 0.001298508000 
0.15200 0.001267176000 
0.15250 0.001238376000 
0.15300 0.001209624000 
0.15350 0.001180872000 
0.15400 0.001152342000 
0.15450 0.001125994000 
0.15500 0.001099646000 
0.15550 0.001073296000 
0.15600 0.001047368000 
0.15650 0.001023206000 
0.15700 0.000999046000 
0.15750 0.000974886000 
0.15800 0.000951280000 
0.15850 0.000929114000 
0.15900 0.000906946000 
0.15950 0.000884778000 
0.16000 0.000863274000 
0.16050 0.000842990000 
0.16100 0.000822708000 
0.16150 0.000802426000 
0.16200 0.000782848000 
0.16250 0.000764280000 
0.16300 0.000745712000 
0.16350 0.000727144000 
0.16400 0.000709300000 
0.16450 0.000692312000 
0.16500 0.000675324000 
0.16550 0.000658334000 
0.16600 0.000642070000 
0.16650 0.000626558000 
0.16700 0.000611046000 
0.16750 0.000595536000 
0.16800 0.000580694000 
0.16850 0.000566502000 
0.16900 0.000552312000 
0.16950 0.000538120000 
0.17000 0.000524570000 
0.17050 0.000511632000 
0.17100 0.000498696000 
0.17150 0.000485758000 
0.17200 0.000473380000 
0.17250 0.000461562000 
0.17300 0.000449744000 
0.17350 0.000437924000 
0.17400 0.000426602000 
0.17450 0.000415830000 
0.17500 0.000405058000 
0.17550 0.000394288000 
0.17600 0.000383940000 
0.17650 0.000374148000 
0.17700 0.000364354000 
0.17750 0.000354562000 
0.17800 0.000345104000 
0.17850 0.000336196000 
0.17900 0.000327288000 
0.17950 0.000318378000 
0.18000 0.000309716000 
0.18050 0.000301604000 
0.18100 0.000293494000 
0.18150 0.000285382000 
0.18200 0.000277438000 
0.18250 0.000270074000 
0.18300 0.000262710000 
0.18350 0.000255346000 
0.18400 0.000248070000 
0.18450 0.000241404000 
0.18500 0.000234738000 
0.18550 0.000228072000 
0.18600 0.000221414000 
0.18650 0.000215364000 
0.18700 0.000209312000 
0.18750 0.000203260000 
0.18800 0.000197208200 
0.18850 0.000191680400 
0.18900 0.000186215800 
0.18950 0.000180751200 
0.19000 0.000175286600 
0.19050 0.000170212000 
0.19100 0.000165261600 
0.19150 0.000160311200 
0.19200 0.000155361000 
0.19250 0.000150706400 
0.19300 0.000146237600 
0.19350 0.000141768600 
0.19400 0.000137299800 
0.19450 0.000133034600 
0.19500 0.000129005600 
0.19550 0.000124976600 
0.19600 0.000120947600 
0.19650 0.000117041000 
0.19700 0.000113413600 
0.19750 0.000109786200 
0.19800 0.000106158800 
0.19850 0.000102583400 
0.19900 0.000099322400 
0.19950 0.000096061400 
0.20000 0.000092800200 
0.20050 0.000089539200 
0.20100 0.000086596800 
0.20150 0.000083661400 
0.20200 0.000080726200 
0.20250 0.000077791000 
0.20300 0.000075110400 
0.20350 0.000072488000 
0.20400 0.000069865600 
0.20450 0.000067243200 
0.20500 0.000064797400 
0.20550 0.000062444800 
0.20600 0.000060092200 
0.20650 0.000057739600 
0.20700 0.000055517400 
0.20750 0.000053424400 
0.20800 0.000051331600 
0.20850 0.000049238600 
0.20900 0.000047226400 
0.20950 0.000045356600 
0.21000 0.000043486800 
0.21050 0.000041617200 
0.21100 0.000039795800 
0.21150 0.000038130000 
0.21200 0.000036464400 
0.21250 0.000034798600 
0.21300 0.000033159200 
0.21350 0.000031690600 
0.21400 0.000030222000 
0.21450 0.000028753400 
0.21500 0.000027294000 
0.21550 0.000025994800 
0.21600 0.000024695600 
0.21650 0.000023396400 
0.21700 0.000022098800 
0.21750 0.000020964000 
0.21800 0.000019829280 
0.21850 0.000018694480 
0.21900 0.000017560020 
0.21950 0.000016567180 
0.22000 0.000015574340 
0.22050 0.000014581480 
0.22100 0.000013594060 
0.22150 0.000012732900 
0.22200 0.000011871740 
0.22250 0.000011010580 
0.22300 0.000010166700 
0.22350 0.000009434840 
0.22400 0.000008702980 
0.22450 0.000007971140 
0.22500 0.000007272300 
0.22550 0.000006655100 
0.22600 0.000006037900 
0.22650 0.000005420720 
0.22700 0.000004861160 
0.22750 0.000004356100 
0.22800 0.000003851040 
0.22850 0.000003346000 
0.22900 0.000002929940 
0.22950 0.000002533180 
0.23000 0.000002136440 
0.23050 0.000001763192 
0.23100 0.000001472432 
0.23150 0.000001181672 
0.23200 0.000000890912 
0.23250 0.000000680442 
0.23300 0.000000500324 
0.23350 0.000000320206 
