0.00000 71.502600000000 
0.00050 63.940800000000 
0.00100 56.379000000000 
0.00150 48.817400000000 
0.00200 41.255600000000 
0.00250 35.993200000000 
0.00300 31.416800000000 
0.00350 27.665600000000 
0.00400 24.677200000000 
0.00450 21.866200000000 
0.00500 19.817120000000 
0.00550 17.768000000000 
0.00600 16.184400000000 
0.00650 14.728180000000 
0.00700 13.395460000000 
0.00750 12.331240000000 
0.00800 11.267040000000 
0.00850 10.413480000000 
0.00900 9.617840000000 
0.00950 8.859800000000 
0.01000 8.253540000000 
0.01050 7.647260000000 
0.01100 7.117900000000 
0.01150 6.648340000000 
0.01200 6.178800000000 
0.01250 5.797980000000 
0.01300 5.429180000000 
0.01350 5.072260000000 
0.01400 4.779000000000 
0.01450 4.485740000000 
0.01500 4.215260000000 
0.01550 3.979500000000 
0.01600 3.743760000000 
0.01650 3.534640000000 
0.01700 3.343300000000 
0.01750 3.151960000000 
0.01800 2.987380000000 
0.01850 2.830720000000 
0.01900 2.674060000000 
0.01950 2.542460000000 
0.02000 2.413200000000 
0.02050 2.284600000000 
0.02100 2.177200000000 
0.02150 2.069780000000 
0.02200 1.964514000000 
0.02250 1.874700000000 
0.02300 1.784886000000 
0.02350 1.697764000000 
0.02400 1.622226000000 
0.02450 1.546686000000 
0.02500 1.473886000000 
0.02550 1.410018000000 
0.02600 1.346150000000 
0.02650 1.284784000000 
0.02700 1.230522000000 
0.02750 1.176262000000 
0.02800 1.124126000000 
0.02850 1.077824000000 
0.02900 1.031522000000 
0.02950 0.986916000000 
0.03000 0.947246000000 
0.03050 0.907576000000 
0.03100 0.869166000000 
0.03150 0.835052000000 
0.03200 0.800938000000 
0.03250 0.767672000000 
0.03300 0.738236000000 
0.03350 0.708800000000 
0.03400 0.679838000000 
0.03450 0.654358000000 
0.03500 0.628878000000 
0.03550 0.603540000000 
0.03600 0.581422000000 
0.03650 0.559304000000 
0.03700 0.537186000000 
0.03750 0.517788000000 
0.03800 0.498536000000 
0.03850 0.479282000000 
0.03900 0.462096000000 
0.03950 0.445296000000 
0.04000 0.428496000000 
0.04050 0.413212000000 
0.04100 0.398520000000 
0.04150 0.383828000000 
0.04200 0.370190000000 
0.04250 0.357312000000 
0.04300 0.344434000000 
0.04350 0.332230000000 
0.04400 0.320922000000 
0.04450 0.309612000000 
0.04500 0.298660000000 
0.04550 0.288710000000 
0.04600 0.278760000000 
0.04650 0.268904000000 
0.04700 0.260134000000 
0.04750 0.251366000000 
0.04800 0.242596000000 
0.04850 0.234734000000 
0.04900 0.226992000000 
0.04950 0.219250000000 
0.05000 0.212110000000 
0.05050 0.205264000000 
0.05100 0.198419600000 
0.05150 0.191923400000 
0.05200 0.185862600000 
0.05250 0.179801600000 
0.05300 0.173880200000 
0.05350 0.168506200000 
0.05400 0.163132000000 
0.05450 0.157757800000 
0.05500 0.152954200000 
0.05550 0.148183000000 
0.05600 0.143411600000 
0.05650 0.138997800000 
0.05700 0.134756400000 
0.05750 0.130515000000 
0.05800 0.126454200000 
0.05850 0.122679400000 
0.05900 0.118904600000 
0.05950 0.115164600000 
0.06000 0.111801200000 
0.06050 0.108437800000 
0.06100 0.105074400000 
0.06150 0.101989400000 
0.06200 0.098989000000 
0.06250 0.095988800000 
0.06300 0.093127600000 
0.06350 0.090448600000 
0.06400 0.087769800000 
0.06450 0.085114600000 
0.06500 0.082719800000 
0.06550 0.080325200000 
0.06600 0.077930400000 
0.06650 0.075717000000 
0.06700 0.073574200000 
0.06750 0.071431600000 
0.06800 0.069364800000 
0.06850 0.067445600000 
0.06900 0.065526400000 
0.06950 0.063607200000 
0.07000 0.061875800000 
0.07050 0.060155000000 
0.07100 0.058434400000 
0.07150 0.056808400000 
0.07200 0.055264400000 
0.07250 0.053720400000 
0.07300 0.052193800000 
0.07350 0.050807000000 
0.07400 0.049420200000 
0.07450 0.048033400000 
0.07500 0.046740400000 
0.07550 0.045493600000 
0.07600 0.044246800000 
0.07650 0.043027000000 
0.07700 0.041905200000 
0.07750 0.040783400000 
0.07800 0.039661600000 
0.07850 0.038622800000 
0.07900 0.037612600000 
0.07950 0.036602200000 
0.08000 0.035618000000 
0.08050 0.034707400000 
0.08100 0.033796600000 
0.08150 0.032886000000 
0.08200 0.032043400000 
0.08250 0.031221800000 
0.08300 0.030400200000 
0.08350 0.029598600000 
0.08400 0.028856800000 
0.08450 0.028115000000 
0.08500 0.027373000000 
0.08550 0.026683200000 
0.08600 0.026012800000 
0.08650 0.025342200000 
0.08700 0.024684000000 
0.08750 0.024077600000 
0.08800 0.023471400000 
0.08850 0.022865200000 
0.08900 0.022295400000 
0.08950 0.021746600000 
0.09000 0.021197600000 
0.09050 0.020652600000 
0.09100 0.020155400000 
0.09150 0.019658180000 
0.09200 0.019160980000 
0.09250 0.018686840000 
0.09300 0.018236040000 
0.09350 0.017785240000 
0.09400 0.017334440000 
0.09450 0.016921640000 
0.09500 0.016512660000 
0.09550 0.016103680000 
0.09600 0.015706280000 
0.09650 0.015334840000 
0.09700 0.014963380000 
0.09750 0.014591940000 
0.09800 0.014244160000 
0.09850 0.013906680000 
0.09900 0.013569180000 
0.09950 0.013233980000 
0.10000 0.012927040000 
0.10050 0.012620120000 
0.10100 0.012313200000 
0.10150 0.012018460000 
0.10200 0.011739140000 
0.10250 0.011459820000 
0.10300 0.011180480000 
0.10350 0.010921080000 
0.10400 0.010666700000 
0.10450 0.010412300000 
0.10500 0.010161200000 
0.10550 0.009929380000 
0.10600 0.009697540000 
0.10650 0.009465700000 
0.10700 0.009243720000 
0.10750 0.009032320000 
0.10800 0.008820900000 
0.10850 0.008609480000 
0.10900 0.008413060000 
0.10950 0.008220140000 
0.11000 0.008027220000 
0.11050 0.007836460000 
0.11100 0.007660260000 
0.11150 0.007484060000 
0.11200 0.007307860000 
0.11250 0.007138340000 
0.11300 0.006977420000 
0.11350 0.006816500000 
0.11400 0.006655560000 
0.11450 0.006504820000 
0.11500 0.006357660000 
0.11550 0.006210500000 
0.11600 0.006063740000 
0.11650 0.005929160000 
0.11700 0.005794580000 
0.11750 0.005659980000 
0.11800 0.005529000000 
0.11850 0.005405800000 
0.11900 0.005282600000 
0.11950 0.005159400000 
0.12000 0.005042380000 
0.12050 0.004929640000 
0.12100 0.004816900000 
0.12150 0.004704140000 
0.12200 0.004599520000 
0.12250 0.004496220000 
0.12300 0.004392920000 
0.12350 0.004290640000 
0.12400 0.004195960000 
0.12450 0.004101260000 
0.12500 0.004006580000 
0.12550 0.003914820000 
0.12600 0.003828040000 
0.12650 0.003741260000 
0.12700 0.003654460000 
0.12750 0.003572120000 
0.12800 0.003492540000 
0.12850 0.003412980000 
0.12900 0.003333420000 
0.12950 0.003259420000 
0.13000 0.003186420000 
0.13050 0.003113400000 
0.13100 0.003040860000 
0.13150 0.002973900000 
0.13200 0.002906940000 
0.13250 0.002839960000 
0.13300 0.002774620000 
0.13350 0.002713160000 
0.13400 0.002651680000 
0.13450 0.002590220000 
0.13500 0.002531300000 
0.13550 0.002474860000 
0.13600 0.002418420000 
0.13650 0.002361980000 
0.13700 0.002308840000 
0.13750 0.002257040000 
0.13800 0.002205260000 
0.13850 0.002153460000 
0.13900 0.002105500000 
0.13950 0.002057940000 
0.14000 0.002010380000 
0.14050 0.001963166000 
0.14100 0.001919528000 
0.14150 0.001875888000 
0.14200 0.001832250000 
0.14250 0.001789544000 
0.14300 0.001749474000 
0.14350 0.001709404000 
0.14400 0.001669334000 
0.14450 0.001630660000 
0.14500 0.001593872000 
0.14550 0.001557082000 
0.14600 0.001520292000 
0.14650 0.001485254000 
0.14700 0.001451480000 
0.14750 0.001417708000 
0.14800 0.001383934000 
0.14850 0.001352194000 
0.14900 0.001321222000 
0.14950 0.001290250000 
0.15000 0.001259280000 
0.15050 0.001230502000 
0.15100 0.001202082000 
0.15150 0.001173664000 
0.15200 0.001145246000 
0.15250 0.001119134000 
0.15300 0.001093066000 
0.15350 0.001066998000 
0.15400 0.001041132000 
0.15450 0.001017252000 
0.15500 0.000993372000 
0.15550 0.000969492000 
0.15600 0.000945992000 
0.15650 0.000924106000 
0.15700 0.000902218000 
0.15750 0.000880330000 
0.15800 0.000858946000 
0.15850 0.000838870000 
0.15900 0.000818796000 
0.15950 0.000798722000 
0.16000 0.000779250000 
0.16050 0.000760888000 
0.16100 0.000742528000 
0.16150 0.000724168000 
0.16200 0.000706448000 
0.16250 0.000689644000 
0.16300 0.000672842000 
0.16350 0.000656040000 
0.16400 0.000639894000 
0.16450 0.000624526000 
0.16500 0.000609160000 
0.16550 0.000593792000 
0.16600 0.000579082000 
0.16650 0.000565056000 
0.16700 0.000551028000 
0.16750 0.000537002000 
0.16800 0.000523584000 
0.16850 0.000510756000 
0.16900 0.000497928000 
0.16950 0.000485100000 
0.17000 0.000472854000 
0.17050 0.000461164000 
0.17100 0.000449474000 
0.17150 0.000437784000 
0.17200 0.000426600000 
0.17250 0.000415924000 
0.17300 0.000405248000 
0.17350 0.000394574000 
0.17400 0.000384348000 
0.17450 0.000374620000 
0.17500 0.000364894000 
0.17550 0.000355166000 
0.17600 0.000345824000 
0.17650 0.000336984000 
0.17700 0.000328146000 
0.17750 0.000319306000 
0.17800 0.000310768000 
0.17850 0.000302730000 
0.17900 0.000294690000 
0.17950 0.000286652000 
0.18000 0.000278834000 
0.18050 0.000271518000 
0.18100 0.000264200000 
0.18150 0.000256884000 
0.18200 0.000249718000 
0.18250 0.000243076000 
0.18300 0.000236436000 
0.18350 0.000229794000 
0.18400 0.000223232000 
0.18450 0.000217222000 
0.18500 0.000211214000 
0.18550 0.000205204000 
0.18600 0.000199202000 
0.18650 0.000193748000 
0.18700 0.000188294000 
0.18750 0.000182839800 
0.18800 0.000177385800 
0.18850 0.000172405000 
0.18900 0.000167481400 
0.18950 0.000162557800 
0.19000 0.000157634400 
0.19050 0.000153063000 
0.19100 0.000148604200 
0.19150 0.000144145200 
0.19200 0.000139686400 
0.19250 0.000135494600 
0.19300 0.000131470600 
0.19350 0.000127446600 
0.19400 0.000123422400 
0.19450 0.000119582200 
0.19500 0.000115955400 
0.19550 0.000112328400 
0.19600 0.000108701600 
0.19650 0.000105185000 
0.19700 0.000101920600 
0.19750 0.000098656000 
0.19800 0.000095391600 
0.19850 0.000092174000 
0.19900 0.000089240000 
0.19950 0.000086306000 
0.20000 0.000083372000 
0.20050 0.000080438200 
0.20100 0.000077791400 
0.20150 0.000075151400 
0.20200 0.000072511200 
0.20250 0.000069871200 
0.20300 0.000067460600 
0.20350 0.000065102400 
0.20400 0.000062744200 
0.20450 0.000060386200 
0.20500 0.000058187200 
0.20550 0.000056072200 
0.20600 0.000053957400 
0.20650 0.000051842400 
0.20700 0.000049845000 
0.20750 0.000047964000 
0.20800 0.000046083000 
0.20850 0.000044201800 
0.20900 0.000042393600 
0.20950 0.000040713600 
0.21000 0.000039033600 
0.21050 0.000037353600 
0.21100 0.000035717200 
0.21150 0.000034220800 
0.21200 0.000032724600 
0.21250 0.000031228400 
0.21300 0.000029755600 
0.21350 0.000028436800 
0.21400 0.000027117800 
0.21450 0.000025799000 
0.21500 0.000024488400 
0.21550 0.000023322000 
0.21600 0.000022155600 
0.21650 0.000020989000 
0.21700 0.000019824000 
0.21750 0.000018805360 
0.21800 0.000017786740 
0.21850 0.000016768100 
0.21900 0.000015749780 
0.21950 0.000014858800 
0.22000 0.000013967800 
0.22050 0.000013076820 
0.22100 0.000012190700 
0.22150 0.000011418060 
0.22200 0.000010645440 
0.22250 0.000009872820 
0.22300 0.000009115700 
0.22350 0.000008459240 
0.22400 0.000007802760 
0.22450 0.000007146300 
0.22500 0.000006519480 
0.22550 0.000005966000 
0.22600 0.000005412500 
0.22650 0.000004859000 
0.22700 0.000004357260 
0.22750 0.000003904440 
0.22800 0.000003451600 
0.22850 0.000002998780 
0.22900 0.000002625820 
0.22950 0.000002270180 
0.23000 0.000001914546 
0.23050 0.000001579976 
0.23100 0.000001319398 
0.23150 0.000001058822 
0.23200 0.000000798244 
0.23250 0.000000609648 
0.23300 0.000000448260 
0.23350 0.000000286872 
