0.00000 69.039800000000 
0.00050 61.683400000000 
0.00100 54.327000000000 
0.00150 46.970400000000 
0.00200 39.614000000000 
0.00250 34.510000000000 
0.00300 30.077800000000 
0.00350 26.449800000000 
0.00400 23.565800000000 
0.00450 20.854000000000 
0.00500 18.882120000000 
0.00550 16.910300000000 
0.00600 15.389280000000 
0.00650 13.991620000000 
0.00700 12.713240000000 
0.00750 11.694220000000 
0.00800 10.675180000000 
0.00850 9.859160000000 
0.00900 9.098960000000 
0.00950 8.374900000000 
0.01000 7.796780000000 
0.01050 7.218660000000 
0.01100 6.714360000000 
0.01150 6.267460000000 
0.01200 5.820560000000 
0.01250 5.458660000000 
0.01300 5.108280000000 
0.01350 4.769260000000 
0.01400 4.491120000000 
0.01450 4.212980000000 
0.01500 3.956580000000 
0.01550 3.733360000000 
0.01600 3.510140000000 
0.01650 3.312300000000 
0.01700 3.131400000000 
0.01750 2.950500000000 
0.01800 2.795080000000 
0.01850 2.647200000000 
0.01900 2.499300000000 
0.01950 2.375240000000 
0.02000 2.253400000000 
0.02050 2.132180000000 
0.02100 2.031080000000 
0.02150 1.929990000000 
0.02200 1.830910000000 
0.02250 1.746486000000 
0.02300 1.662064000000 
0.02350 1.580190000000 
0.02400 1.509280000000 
0.02450 1.438368000000 
0.02500 1.370048000000 
0.02550 1.310170000000 
0.02600 1.250294000000 
0.02650 1.192780000000 
0.02700 1.141974000000 
0.02750 1.091168000000 
0.02800 1.042368000000 
0.02850 0.999068000000 
0.02900 0.955770000000 
0.02950 0.914066000000 
0.03000 0.877014000000 
0.03050 0.839960000000 
0.03100 0.804094000000 
0.03150 0.772268000000 
0.03200 0.740442000000 
0.03250 0.709414000000 
0.03300 0.681984000000 
0.03350 0.654554000000 
0.03400 0.627570000000 
0.03450 0.603854000000 
0.03500 0.580138000000 
0.03550 0.556556000000 
0.03600 0.535992000000 
0.03650 0.515426000000 
0.03700 0.494862000000 
0.03750 0.476846000000 
0.03800 0.458966000000 
0.03850 0.441086000000 
0.03900 0.425138000000 
0.03950 0.409552000000 
0.04000 0.393966000000 
0.04050 0.379798000000 
0.04100 0.366182000000 
0.04150 0.352564000000 
0.04200 0.339934000000 
0.04250 0.328012000000 
0.04300 0.316090000000 
0.04350 0.304796000000 
0.04400 0.294336000000 
0.04450 0.283878000000 
0.04500 0.273750000000 
0.04550 0.264558000000 
0.04600 0.255364000000 
0.04650 0.246260000000 
0.04700 0.238164000000 
0.04750 0.230070000000 
0.04800 0.221976000000 
0.04850 0.214724000000 
0.04900 0.207586000000 
0.04950 0.200446000000 
0.05000 0.193867000000 
0.05050 0.187561000000 
0.05100 0.181254800000 
0.05150 0.175272400000 
0.05200 0.169694000000 
0.05250 0.164115600000 
0.05300 0.158666600000 
0.05350 0.153724800000 
0.05400 0.148783000000 
0.05450 0.143841200000 
0.05500 0.139428000000 
0.05550 0.135044400000 
0.05600 0.130661000000 
0.05650 0.126608200000 
0.05700 0.122715000000 
0.05750 0.118822000000 
0.05800 0.115095800000 
0.05850 0.111634000000 
0.05900 0.108172200000 
0.05950 0.104742400000 
0.06000 0.101660600000 
0.06050 0.098578800000 
0.06100 0.095496800000 
0.06150 0.092671800000 
0.06200 0.089925000000 
0.06250 0.087178200000 
0.06300 0.084559600000 
0.06350 0.082109000000 
0.06400 0.079658400000 
0.06450 0.077230000000 
0.06500 0.075041200000 
0.06550 0.072852400000 
0.06600 0.070663600000 
0.06650 0.068641800000 
0.06700 0.066684800000 
0.06750 0.064728000000 
0.06800 0.062841000000 
0.06850 0.061089800000 
0.06900 0.059338400000 
0.06950 0.057587200000 
0.07000 0.056008400000 
0.07050 0.054439400000 
0.07100 0.052870600000 
0.07150 0.051388600000 
0.07200 0.049981800000 
0.07250 0.048575200000 
0.07300 0.047184400000 
0.07350 0.045921800000 
0.07400 0.044659400000 
0.07450 0.043396800000 
0.07500 0.042220400000 
0.07550 0.041086200000 
0.07600 0.039952000000 
0.07650 0.038842600000 
0.07700 0.037822800000 
0.07750 0.036803000000 
0.07800 0.035783200000 
0.07850 0.034839600000 
0.07900 0.033921800000 
0.07950 0.033004200000 
0.08000 0.032110400000 
0.08050 0.031283800000 
0.08100 0.030457200000 
0.08150 0.029630600000 
0.08200 0.028866200000 
0.08250 0.028121000000 
0.08300 0.027375600000 
0.08350 0.026648800000 
0.08400 0.025976400000 
0.08450 0.025304000000 
0.08500 0.024631600000 
0.08550 0.024006600000 
0.08600 0.023399400000 
0.08650 0.022792200000 
0.08700 0.022196000000 
0.08750 0.021647200000 
0.08800 0.021098400000 
0.08850 0.020549600000 
0.08900 0.020034200000 
0.08950 0.019537800000 
0.09000 0.019041340000 
0.09050 0.018548340000 
0.09100 0.018098920000 
0.09150 0.017649520000 
0.09200 0.017200100000 
0.09250 0.016771680000 
0.09300 0.016364480000 
0.09350 0.015957280000 
0.09400 0.015550080000 
0.09450 0.015177420000 
0.09500 0.014808240000 
0.09550 0.014439060000 
0.09600 0.014080400000 
0.09650 0.013745320000 
0.09700 0.013410240000 
0.09750 0.013075160000 
0.09800 0.012761560000 
0.09850 0.012457320000 
0.09900 0.012153060000 
0.09950 0.011850880000 
0.10000 0.011574360000 
0.10050 0.011297820000 
0.10100 0.011021300000 
0.10150 0.010755840000 
0.10200 0.010504340000 
0.10250 0.010252840000 
0.10300 0.010001340000 
0.10350 0.009767900000 
0.10400 0.009539000000 
0.10450 0.009310100000 
0.10500 0.009084160000 
0.10550 0.008875680000 
0.10600 0.008667200000 
0.10650 0.008458740000 
0.10700 0.008259160000 
0.10750 0.008069160000 
0.10800 0.007879160000 
0.10850 0.007689160000 
0.10900 0.007512720000 
0.10950 0.007339440000 
0.11000 0.007166160000 
0.11050 0.006994820000 
0.11100 0.006836660000 
0.11150 0.006678500000 
0.11200 0.006520340000 
0.11250 0.006368220000 
0.11300 0.006223840000 
0.11350 0.006079480000 
0.11400 0.005935100000 
0.11450 0.005799920000 
0.11500 0.005667980000 
0.11550 0.005536040000 
0.11600 0.005404460000 
0.11650 0.005283860000 
0.11700 0.005163260000 
0.11750 0.005042660000 
0.11800 0.004925300000 
0.11850 0.004814960000 
0.11900 0.004704640000 
0.11950 0.004594300000 
0.12000 0.004489540000 
0.12050 0.004388620000 
0.12100 0.004287720000 
0.12150 0.004186800000 
0.12200 0.004093180000 
0.12250 0.004000780000 
0.12300 0.003908380000 
0.12350 0.003816880000 
0.12400 0.003732220000 
0.12450 0.003647580000 
0.12500 0.003562920000 
0.12550 0.003480880000 
0.12600 0.003403340000 
0.12650 0.003325780000 
0.12700 0.003248240000 
0.12750 0.003174660000 
0.12800 0.003103600000 
0.12850 0.003032540000 
0.12900 0.002961480000 
0.12950 0.002895420000 
0.13000 0.002830260000 
0.13050 0.002765100000 
0.13100 0.002700340000 
0.13150 0.002640600000 
0.13200 0.002580840000 
0.13250 0.002521100000 
0.13300 0.002462820000 
0.13350 0.002408000000 
0.13400 0.002353180000 
0.13450 0.002298380000 
0.13500 0.002245840000 
0.13550 0.002195540000 
0.13600 0.002145240000 
0.13650 0.002094940000 
0.13700 0.002047600000 
0.13750 0.002001460000 
0.13800 0.001955328000 
0.13850 0.001909194000 
0.13900 0.001866480000 
0.13950 0.001824140000 
0.14000 0.001781798000 
0.14050 0.001739758000 
0.14100 0.001700924000 
0.14150 0.001662090000 
0.14200 0.001623254000 
0.14250 0.001585252000 
0.14300 0.001549612000 
0.14350 0.001513970000 
0.14400 0.001478328000 
0.14450 0.001443936000 
0.14500 0.001411228000 
0.14550 0.001378520000 
0.14600 0.001345812000 
0.14650 0.001314670000 
0.14700 0.001284658000 
0.14750 0.001254646000 
0.14800 0.001224634000 
0.14850 0.001196438000 
0.14900 0.001168928000 
0.14950 0.001141420000 
0.15000 0.001113910000 
0.15050 0.001088358000 
0.15100 0.001063128000 
0.15150 0.001037898000 
0.15200 0.001012668000 
0.15250 0.000989496000 
0.15300 0.000966362000 
0.15350 0.000943230000 
0.15400 0.000920278000 
0.15450 0.000899096000 
0.15500 0.000877914000 
0.15550 0.000856732000 
0.15600 0.000835888000 
0.15650 0.000816482000 
0.15700 0.000797076000 
0.15750 0.000777670000 
0.15800 0.000758712000 
0.15850 0.000740922000 
0.15900 0.000723132000 
0.15950 0.000705342000 
0.16000 0.000688086000 
0.16050 0.000671822000 
0.16100 0.000655558000 
0.16150 0.000639292000 
0.16200 0.000623598000 
0.16250 0.000608720000 
0.16300 0.000593842000 
0.16350 0.000578962000 
0.16400 0.000564668000 
0.16450 0.000551066000 
0.16500 0.000537466000 
0.16550 0.000523864000 
0.16600 0.000510846000 
0.16650 0.000498436000 
0.16700 0.000486026000 
0.16750 0.000473616000 
0.16800 0.000461746000 
0.16850 0.000450400000 
0.16900 0.000439056000 
0.16950 0.000427712000 
0.17000 0.000416882000 
0.17050 0.000406548000 
0.17100 0.000396214000 
0.17150 0.000385878000 
0.17200 0.000375994000 
0.17250 0.000366560000 
0.17300 0.000357126000 
0.17350 0.000347692000 
0.17400 0.000338656000 
0.17450 0.000330064000 
0.17500 0.000321472000 
0.17550 0.000312880000 
0.17600 0.000304628000 
0.17650 0.000296822000 
0.17700 0.000289016000 
0.17750 0.000281212000 
0.17800 0.000273674000 
0.17850 0.000266578000 
0.17900 0.000259480000 
0.17950 0.000252384000 
0.18000 0.000245486000 
0.18050 0.000239028000 
0.18100 0.000232572000 
0.18150 0.000226116000 
0.18200 0.000219794000 
0.18250 0.000213936000 
0.18300 0.000208078000 
0.18350 0.000202220000 
0.18400 0.000196432000 
0.18450 0.000191132800 
0.18500 0.000185833600 
0.18550 0.000180534400 
0.18600 0.000175242600 
0.18650 0.000170435200 
0.18700 0.000165627600 
0.18750 0.000160820200 
0.18800 0.000156012600 
0.18850 0.000151623600 
0.18900 0.000147285000 
0.18950 0.000142946400 
0.19000 0.000138608000 
0.19050 0.000134581000 
0.19100 0.000130653200 
0.19150 0.000126725600 
0.19200 0.000122797800 
0.19250 0.000119106200 
0.19300 0.000115562800 
0.19350 0.000112019200 
0.19400 0.000108475600 
0.19450 0.000105094600 
0.19500 0.000101901800 
0.19550 0.000098709000 
0.19600 0.000095516200 
0.19650 0.000092421000 
0.19700 0.000089548200 
0.19750 0.000086675200 
0.19800 0.000083802400 
0.19850 0.000080971200 
0.19900 0.000078390000 
0.19950 0.000075808800 
0.20000 0.000073227600 
0.20050 0.000070646400 
0.20100 0.000068318800 
0.20150 0.000065996800 
0.20200 0.000063675000 
0.20250 0.000061353000 
0.20300 0.000059233600 
0.20350 0.000057160200 
0.20400 0.000055086800 
0.20450 0.000053013600 
0.20500 0.000051080600 
0.20550 0.000049221600 
0.20600 0.000047362800 
0.20650 0.000045503800 
0.20700 0.000043748400 
0.20750 0.000042095600 
0.20800 0.000040442800 
0.20850 0.000038789800 
0.20900 0.000037201000 
0.20950 0.000035725200 
0.21000 0.000034249400 
0.21050 0.000032773600 
0.21100 0.000031336200 
0.21150 0.000030022200 
0.21200 0.000028708200 
0.21250 0.000027394200 
0.21300 0.000026101000 
0.21350 0.000024943000 
0.21400 0.000023785200 
0.21450 0.000022627200 
0.21500 0.000021476600 
0.21550 0.000020452800 
0.21600 0.000019429040 
0.21650 0.000018405220 
0.21700 0.000017382660 
0.21750 0.000016488840 
0.21800 0.000015595000 
0.21850 0.000014701180 
0.21900 0.000013807640 
0.21950 0.000013026020 
0.22000 0.000012244420 
0.22050 0.000011462820 
0.22100 0.000010685480 
0.22150 0.000010007900 
0.22200 0.000009330300 
0.22250 0.000008652720 
0.22300 0.000007988740 
0.22350 0.000007413160 
0.22400 0.000006837600 
0.22450 0.000006262020 
0.22500 0.000005712480 
0.22550 0.000005227320 
0.22600 0.000004742160 
0.22650 0.000004256980 
0.22700 0.000003817240 
0.22750 0.000003420420 
0.22800 0.000003023580 
0.22850 0.000002626760 
0.22900 0.000002299980 
0.22950 0.000001988406 
0.23000 0.000001676830 
0.23050 0.000001383720 
0.23100 0.000001155482 
0.23150 0.000000927242 
0.23200 0.000000699002 
0.23250 0.000000533834 
0.23300 0.000000392508 
0.23350 0.000000251180 
