0.00000 65.798200000000 
0.00050 58.732800000000 
0.00100 51.667400000000 
0.00150 44.602000000000 
0.00200 37.536600000000 
0.00250 32.649400000000 
0.00300 28.412200000000 
0.00350 24.949000000000 
0.00400 22.201800000000 
0.00450 19.619560000000 
0.00500 17.747040000000 
0.00550 15.874500000000 
0.00600 14.432900000000 
0.00650 13.109220000000 
0.00700 11.899260000000 
0.00750 10.936560000000 
0.00800 9.973840000000 
0.00850 9.204200000000 
0.00900 8.487640000000 
0.00950 7.805380000000 
0.01000 7.261620000000 
0.01050 6.717840000000 
0.01100 6.243980000000 
0.01150 5.824480000000 
0.01200 5.404980000000 
0.01250 5.065820000000 
0.01300 4.737540000000 
0.01350 4.419980000000 
0.01400 4.159860000000 
0.01450 3.899720000000 
0.01500 3.660080000000 
0.01550 3.451680000000 
0.01600 3.243280000000 
0.01650 3.058740000000 
0.01700 2.890120000000 
0.01750 2.721520000000 
0.01800 2.576820000000 
0.01850 2.439220000000 
0.01900 2.301600000000 
0.01950 2.186300000000 
0.02000 2.073100000000 
0.02050 1.960482000000 
0.02100 1.866690000000 
0.02150 1.772900000000 
0.02200 1.680994000000 
0.02250 1.602788000000 
0.02300 1.524580000000 
0.02350 1.448750000000 
0.02400 1.383154000000 
0.02450 1.317558000000 
0.02500 1.254374000000 
0.02550 1.199060000000 
0.02600 1.143746000000 
0.02650 1.090632000000 
0.02700 1.043762000000 
0.02750 0.996892000000 
0.02800 0.951884000000 
0.02850 0.911992000000 
0.02900 0.872098000000 
0.02950 0.833686000000 
0.03000 0.799592000000 
0.03050 0.765498000000 
0.03100 0.732504000000 
0.03150 0.703256000000 
0.03200 0.674008000000 
0.03250 0.645498000000 
0.03300 0.620322000000 
0.03350 0.595146000000 
0.03400 0.570380000000 
0.03450 0.548638000000 
0.03500 0.526896000000 
0.03550 0.505276000000 
0.03600 0.486446000000 
0.03650 0.467616000000 
0.03700 0.448784000000 
0.03750 0.432306000000 
0.03800 0.415952000000 
0.03850 0.399598000000 
0.03900 0.385026000000 
0.03950 0.370786000000 
0.04000 0.356548000000 
0.04050 0.343614000000 
0.04100 0.331188000000 
0.04150 0.318762000000 
0.04200 0.307242000000 
0.04250 0.296374000000 
0.04300 0.285506000000 
0.04350 0.275216000000 
0.04400 0.265692000000 
0.04450 0.256168000000 
0.04500 0.246948000000 
0.04550 0.238586000000 
0.04600 0.230222000000 
0.04650 0.221942000000 
0.04700 0.214586000000 
0.04750 0.207230000000 
0.04800 0.199874800000 
0.04850 0.193292000000 
0.04900 0.186811400000 
0.04950 0.180330800000 
0.05000 0.174362000000 
0.05050 0.168643200000 
0.05100 0.162924400000 
0.05150 0.157501400000 
0.05200 0.152447600000 
0.05250 0.147393800000 
0.05300 0.142458000000 
0.05350 0.137985200000 
0.05400 0.133512600000 
0.05450 0.129039800000 
0.05500 0.125049000000 
0.05550 0.121085400000 
0.05600 0.117121800000 
0.05650 0.113459400000 
0.05700 0.109942400000 
0.05750 0.106425600000 
0.05800 0.103060600000 
0.05850 0.099936200000 
0.05900 0.096811800000 
0.05950 0.093716600000 
0.06000 0.090937600000 
0.06050 0.088158600000 
0.06100 0.085379600000 
0.06150 0.082834000000 
0.06200 0.080359400000 
0.06250 0.077884800000 
0.06300 0.075526600000 
0.06350 0.073320800000 
0.06400 0.071115000000 
0.06450 0.068929000000 
0.06500 0.066960600000 
0.06550 0.064992200000 
0.06600 0.063023800000 
0.06650 0.061206600000 
0.06700 0.059448200000 
0.06750 0.057689800000 
0.06800 0.055994800000 
0.06850 0.054422600000 
0.06900 0.052850200000 
0.06950 0.051277800000 
0.07000 0.049861600000 
0.07050 0.048454200000 
0.07100 0.047046800000 
0.07150 0.045718000000 
0.07200 0.044457000000 
0.07250 0.043196200000 
0.07300 0.041949800000 
0.07350 0.040819000000 
0.07400 0.039688400000 
0.07450 0.038557800000 
0.07500 0.037504600000 
0.07550 0.036489600000 
0.07600 0.035474800000 
0.07650 0.034482000000 
0.07700 0.033570200000 
0.07750 0.032658400000 
0.07800 0.031746600000 
0.07850 0.030903200000 
0.07900 0.030083200000 
0.07950 0.029263400000 
0.08000 0.028464800000 
0.08050 0.027727000000 
0.08100 0.026989000000 
0.08150 0.026251000000 
0.08200 0.025568800000 
0.08250 0.024904000000 
0.08300 0.024239200000 
0.08350 0.023591000000 
0.08400 0.022991600000 
0.08450 0.022392000000 
0.08500 0.021792600000 
0.08550 0.021235800000 
0.08600 0.020694800000 
0.08650 0.020154000000 
0.08700 0.019622940000 
0.08750 0.019134480000 
0.08800 0.018646000000 
0.08850 0.018157540000 
0.08900 0.017698960000 
0.08950 0.017257340000 
0.09000 0.016815740000 
0.09050 0.016377240000 
0.09100 0.015977760000 
0.09150 0.015578300000 
0.09200 0.015178820000 
0.09250 0.014798140000 
0.09300 0.014436440000 
0.09350 0.014074760000 
0.09400 0.013713060000 
0.09450 0.013382260000 
0.09500 0.013054560000 
0.09550 0.012726860000 
0.09600 0.012408560000 
0.09650 0.012111340000 
0.09700 0.011814120000 
0.09750 0.011516880000 
0.09800 0.011238860000 
0.09850 0.010969140000 
0.09900 0.010699440000 
0.09950 0.010431600000 
0.10000 0.010186640000 
0.10050 0.009941680000 
0.10100 0.009696740000 
0.10150 0.009461640000 
0.10200 0.009239000000 
0.10250 0.009016360000 
0.10300 0.008793720000 
0.10350 0.008587160000 
0.10400 0.008384660000 
0.10450 0.008182160000 
0.10500 0.007982300000 
0.10550 0.007798000000 
0.10600 0.007613680000 
0.10650 0.007429360000 
0.10700 0.007252980000 
0.10750 0.007085100000 
0.10800 0.006917240000 
0.10850 0.006749360000 
0.10900 0.006593540000 
0.10950 0.006440540000 
0.11000 0.006287540000 
0.11050 0.006136260000 
0.11100 0.005996700000 
0.11150 0.005857120000 
0.11200 0.005717560000 
0.11250 0.005583360000 
0.11300 0.005456040000 
0.11350 0.005328720000 
0.11400 0.005201400000 
0.11450 0.005082240000 
0.11500 0.004965960000 
0.11550 0.004849680000 
0.11600 0.004733700000 
0.11650 0.004627480000 
0.11700 0.004521240000 
0.11750 0.004415020000 
0.11800 0.004311660000 
0.11850 0.004214540000 
0.11900 0.004117420000 
0.11950 0.004020300000 
0.12000 0.003928100000 
0.12050 0.003839320000 
0.12100 0.003750540000 
0.12150 0.003661760000 
0.12200 0.003579440000 
0.12250 0.003498180000 
0.12300 0.003416940000 
0.12350 0.003336500000 
0.12400 0.003262100000 
0.12450 0.003187720000 
0.12500 0.003113320000 
0.12550 0.003041260000 
0.12600 0.002973140000 
0.12650 0.002905040000 
0.12700 0.002836940000 
0.12750 0.002772340000 
0.12800 0.002709960000 
0.12850 0.002647580000 
0.12900 0.002585220000 
0.12950 0.002527260000 
0.13000 0.002470080000 
0.13050 0.002412920000 
0.13100 0.002356120000 
0.13150 0.002303740000 
0.13200 0.002251340000 
0.13250 0.002198960000 
0.13300 0.002147860000 
0.13350 0.002099840000 
0.13400 0.002051800000 
0.13450 0.002003760000 
0.13500 0.001957742000 
0.13550 0.001913686000 
0.13600 0.001869632000 
0.13650 0.001825578000 
0.13700 0.001784124000 
0.13750 0.001743738000 
0.13800 0.001703354000 
0.13850 0.001662970000 
0.13900 0.001625598000 
0.13950 0.001588552000 
0.14000 0.001551506000 
0.14050 0.001514726000 
0.14100 0.001480768000 
0.14150 0.001446808000 
0.14200 0.001412848000 
0.14250 0.001379620000 
0.14300 0.001348468000 
0.14350 0.001317318000 
0.14400 0.001286166000 
0.14450 0.001256112000 
0.14500 0.001227540000 
0.14550 0.001198966000 
0.14600 0.001170394000 
0.14650 0.001143196000 
0.14700 0.001116992000 
0.14750 0.001090786000 
0.14800 0.001064582000 
0.14850 0.001039970000 
0.14900 0.001015962000 
0.14950 0.000991954000 
0.15000 0.000967946000 
0.15050 0.000945656000 
0.15100 0.000923648000 
0.15150 0.000901640000 
0.15200 0.000879632000 
0.15250 0.000859428000 
0.15300 0.000839260000 
0.15350 0.000819090000 
0.15400 0.000799080000 
0.15450 0.000780620000 
0.15500 0.000762160000 
0.15550 0.000743700000 
0.15600 0.000725538000 
0.15650 0.000708634000 
0.15700 0.000691730000 
0.15750 0.000674826000 
0.15800 0.000658314000 
0.15850 0.000642824000 
0.15900 0.000627336000 
0.15950 0.000611846000 
0.16000 0.000596824000 
0.16050 0.000582670000 
0.16100 0.000568514000 
0.16150 0.000554360000 
0.16200 0.000540704000 
0.16250 0.000527760000 
0.16300 0.000514818000 
0.16350 0.000501876000 
0.16400 0.000489442000 
0.16450 0.000477616000 
0.16500 0.000465790000 
0.16550 0.000453962000 
0.16600 0.000442646000 
0.16650 0.000431858000 
0.16700 0.000421072000 
0.16750 0.000410286000 
0.16800 0.000399972000 
0.16850 0.000390116000 
0.16900 0.000380260000 
0.16950 0.000370404000 
0.17000 0.000360998000 
0.17050 0.000352022000 
0.17100 0.000343048000 
0.17150 0.000334072000 
0.17200 0.000325490000 
0.17250 0.000317300000 
0.17300 0.000309112000 
0.17350 0.000300922000 
0.17400 0.000293080000 
0.17450 0.000285624000 
0.17500 0.000278168000 
0.17550 0.000270714000 
0.17600 0.000263554000 
0.17650 0.000256784000 
0.17700 0.000250014000 
0.17750 0.000243242000 
0.17800 0.000236706000 
0.17850 0.000230552000 
0.17900 0.000224400000 
0.17950 0.000218246000 
0.18000 0.000212266000 
0.18050 0.000206670000 
0.18100 0.000201074000 
0.18150 0.000195478000 
0.18200 0.000189998400 
0.18250 0.000184923200 
0.18300 0.000179847800 
0.18350 0.000174772600 
0.18400 0.000169758400 
0.18450 0.000165168800 
0.18500 0.000160579400 
0.18550 0.000155989800 
0.18600 0.000151406800 
0.18650 0.000147244600 
0.18700 0.000143082400 
0.18750 0.000138920200 
0.18800 0.000134758000 
0.18850 0.000130959200 
0.18900 0.000127204400 
0.18950 0.000123449600 
0.19000 0.000119694800 
0.19050 0.000116210400 
0.19100 0.000112812200 
0.19150 0.000109414200 
0.19200 0.000106016200 
0.19250 0.000102823000 
0.19300 0.000099758400 
0.19350 0.000096693600 
0.19400 0.000093629000 
0.19450 0.000090705200 
0.19500 0.000087944800 
0.19550 0.000085184400 
0.19600 0.000082424200 
0.19650 0.000079748200 
0.19700 0.000077265400 
0.19750 0.000074782400 
0.19800 0.000072299400 
0.19850 0.000069852400 
0.19900 0.000067622200 
0.19950 0.000065392200 
0.20000 0.000063162000 
0.20050 0.000060931800 
0.20100 0.000058921400 
0.20150 0.000056915800 
0.20200 0.000054910400 
0.20250 0.000052905000 
0.20300 0.000051074600 
0.20350 0.000049284400 
0.20400 0.000047494200 
0.20450 0.000045704000 
0.20500 0.000044035200 
0.20550 0.000042430600 
0.20600 0.000040826200 
0.20650 0.000039221600 
0.20700 0.000037706600 
0.20750 0.000036280200 
0.20800 0.000034853800 
0.20850 0.000033427600 
0.20900 0.000032056600 
0.20950 0.000030783600 
0.21000 0.000029510400 
0.21050 0.000028237400 
0.21100 0.000026997400 
0.21150 0.000025864200 
0.21200 0.000024731000 
0.21250 0.000023597800 
0.21300 0.000022482600 
0.21350 0.000021484200 
0.21400 0.000020485800 
0.21450 0.000019487560 
0.21500 0.000018495640 
0.21550 0.000017613220 
0.21600 0.000016730780 
0.21650 0.000015848360 
0.21700 0.000014967000 
0.21750 0.000014196820 
0.21800 0.000013426620 
0.21850 0.000012656440 
0.21900 0.000011886500 
0.21950 0.000011213200 
0.22000 0.000010539900 
0.22050 0.000009866620 
0.22100 0.000009197020 
0.22150 0.000008613480 
0.22200 0.000008029960 
0.22250 0.000007446420 
0.22300 0.000006874640 
0.22350 0.000006379100 
0.22400 0.000005883560 
0.22450 0.000005388000 
0.22500 0.000004914920 
0.22550 0.000004497320 
0.22600 0.000004079720 
0.22650 0.000003662140 
0.22700 0.000003283680 
0.22750 0.000002942220 
0.22800 0.000002600740 
0.22850 0.000002259280 
0.22900 0.000001978142 
0.22950 0.000001710102 
0.23000 0.000001442062 
0.23050 0.000001189918 
0.23100 0.000000993618 
0.23150 0.000000797320 
0.23200 0.000000601020 
0.23250 0.000000458988 
0.23300 0.000000337468 
0.23350 0.000000215948 
