0.00000 62.778000000000 
0.00050 55.984000000000 
0.00100 49.190000000000 
0.00150 42.396000000000 
0.00200 35.602000000000 
0.00250 30.917400000000 
0.00300 26.862200000000 
0.00350 23.553000000000 
0.00400 20.933400000000 
0.00450 18.472420000000 
0.00500 16.692600000000 
0.00550 14.912780000000 
0.00600 13.545300000000 
0.00650 12.290660000000 
0.00700 11.144520000000 
0.00750 10.234320000000 
0.00800 9.324120000000 
0.00850 8.597680000000 
0.00900 7.921780000000 
0.00950 7.278460000000 
0.01000 6.766660000000 
0.01050 6.254840000000 
0.01100 5.809300000000 
0.01150 5.415260000000 
0.01200 5.021220000000 
0.01250 4.703180000000 
0.01300 4.395420000000 
0.01350 4.097800000000 
0.01400 3.854380000000 
0.01450 3.610980000000 
0.01500 3.386860000000 
0.01550 3.192200000000 
0.01600 2.997520000000 
0.01650 2.825320000000 
0.01700 2.668100000000 
0.01750 2.510860000000 
0.01800 2.376120000000 
0.01850 2.248000000000 
0.01900 2.119880000000 
0.01950 2.012700000000 
0.02000 1.907484000000 
0.02050 1.802812000000 
0.02100 1.715772000000 
0.02150 1.628730000000 
0.02200 1.543452000000 
0.02250 1.470982000000 
0.02300 1.398510000000 
0.02350 1.328260000000 
0.02400 1.267564000000 
0.02450 1.206868000000 
0.02500 1.148422000000 
0.02550 1.097314000000 
0.02600 1.046206000000 
0.02650 0.997144000000 
0.02700 0.953898000000 
0.02750 0.910650000000 
0.02800 0.869136000000 
0.02850 0.832378000000 
0.02900 0.795618000000 
0.02950 0.760234000000 
0.03000 0.728860000000 
0.03050 0.697486000000 
0.03100 0.667132000000 
0.03150 0.640252000000 
0.03200 0.613372000000 
0.03250 0.587178000000 
0.03300 0.564068000000 
0.03350 0.540960000000 
0.03400 0.518232000000 
0.03450 0.498300000000 
0.03500 0.478370000000 
0.03550 0.458552000000 
0.03600 0.441310000000 
0.03650 0.424070000000 
0.03700 0.406828000000 
0.03750 0.391758000000 
0.03800 0.376802000000 
0.03850 0.361846000000 
0.03900 0.348532000000 
0.03950 0.335526000000 
0.04000 0.322520000000 
0.04050 0.310714000000 
0.04100 0.299378000000 
0.04150 0.288040000000 
0.04200 0.277538000000 
0.04250 0.267634000000 
0.04300 0.257730000000 
0.04350 0.248354000000 
0.04400 0.239684000000 
0.04450 0.231016000000 
0.04500 0.222624000000 
0.04550 0.215020000000 
0.04600 0.207416000000 
0.04650 0.199886400000 
0.04700 0.193205200000 
0.04750 0.186524000000 
0.04800 0.179842800000 
0.04850 0.173869000000 
0.04900 0.167988800000 
0.04950 0.162108400000 
0.05000 0.156696000000 
0.05050 0.151512400000 
0.05100 0.146328800000 
0.05150 0.141415600000 
0.05200 0.136839200000 
0.05250 0.132263000000 
0.05300 0.127794600000 
0.05350 0.123748800000 
0.05400 0.119702800000 
0.05450 0.115657000000 
0.05500 0.112050200000 
0.05550 0.108468400000 
0.05600 0.104886600000 
0.05650 0.101579200000 
0.05700 0.098404200000 
0.05750 0.095229000000 
0.05800 0.092192200000 
0.05850 0.089374200000 
0.05900 0.086556400000 
0.05950 0.083765000000 
0.06000 0.081260800000 
0.06050 0.078756800000 
0.06100 0.076252800000 
0.06150 0.073960600000 
0.06200 0.071733000000 
0.06250 0.069505400000 
0.06300 0.067383200000 
0.06350 0.065399400000 
0.06400 0.063415400000 
0.06450 0.061449800000 
0.06500 0.059681000000 
0.06550 0.057912200000 
0.06600 0.056143400000 
0.06650 0.054511600000 
0.06700 0.052933000000 
0.06750 0.051354400000 
0.06800 0.049833200000 
0.06850 0.048422800000 
0.06900 0.047012400000 
0.06950 0.045602200000 
0.07000 0.044332800000 
0.07050 0.043071600000 
0.07100 0.041810200000 
0.07150 0.040619800000 
0.07200 0.039490800000 
0.07250 0.038362000000 
0.07300 0.037245800000 
0.07350 0.036234200000 
0.07400 0.035222800000 
0.07450 0.034211200000 
0.07500 0.033269400000 
0.07550 0.032362200000 
0.07600 0.031455000000 
0.07650 0.030567800000 
0.07700 0.029753400000 
0.07750 0.028938800000 
0.07800 0.028124400000 
0.07850 0.027371600000 
0.07900 0.026640000000 
0.07950 0.025908200000 
0.08000 0.025195800000 
0.08050 0.024537600000 
0.08100 0.023879600000 
0.08150 0.023221600000 
0.08200 0.022613600000 
0.08250 0.022021200000 
0.08300 0.021428800000 
0.08350 0.020851400000 
0.08400 0.020317600000 
0.08450 0.019783980000 
0.08500 0.019250320000 
0.08550 0.018754800000 
0.08600 0.018273560000 
0.08650 0.017792340000 
0.08700 0.017319980000 
0.08750 0.016885760000 
0.08800 0.016451520000 
0.08850 0.016017300000 
0.08900 0.015609820000 
0.08950 0.015217540000 
0.09000 0.014825280000 
0.09050 0.014435780000 
0.09100 0.014081200000 
0.09150 0.013726620000 
0.09200 0.013372040000 
0.09250 0.013034240000 
0.09300 0.012713420000 
0.09350 0.012392620000 
0.09400 0.012071800000 
0.09450 0.011778580000 
0.09500 0.011488120000 
0.09550 0.011197680000 
0.09600 0.010915620000 
0.09650 0.010652380000 
0.09700 0.010389120000 
0.09750 0.010125880000 
0.09800 0.009879740000 
0.09850 0.009641020000 
0.09900 0.009402320000 
0.09950 0.009165280000 
0.10000 0.008948620000 
0.10050 0.008731980000 
0.10100 0.008515320000 
0.10150 0.008307460000 
0.10200 0.008110680000 
0.10250 0.007913900000 
0.10300 0.007717140000 
0.10350 0.007534660000 
0.10400 0.007355820000 
0.10450 0.007176960000 
0.10500 0.007000460000 
0.10550 0.006837780000 
0.10600 0.006675080000 
0.10650 0.006512400000 
0.10700 0.006356780000 
0.10750 0.006208700000 
0.10800 0.006060640000 
0.10850 0.005912560000 
0.10900 0.005775180000 
0.10950 0.005640320000 
0.11000 0.005505460000 
0.11050 0.005372140000 
0.11100 0.005249200000 
0.11150 0.005126260000 
0.11200 0.005003320000 
0.11250 0.004885120000 
0.11300 0.004773040000 
0.11350 0.004660960000 
0.11400 0.004548880000 
0.11450 0.004444040000 
0.11500 0.004341740000 
0.11550 0.004239440000 
0.11600 0.004137420000 
0.11650 0.004044020000 
0.11700 0.003950620000 
0.11750 0.003857240000 
0.11800 0.003766380000 
0.11850 0.003681040000 
0.11900 0.003595700000 
0.11950 0.003510380000 
0.12000 0.003429400000 
0.12050 0.003351440000 
0.12100 0.003273480000 
0.12150 0.003195520000 
0.12200 0.003123280000 
0.12250 0.003051980000 
0.12300 0.002980680000 
0.12350 0.002910080000 
0.12400 0.002844840000 
0.12450 0.002779600000 
0.12500 0.002714360000 
0.12550 0.002651180000 
0.12600 0.002591480000 
0.12650 0.002531780000 
0.12700 0.002472080000 
0.12750 0.002415480000 
0.12800 0.002360840000 
0.12850 0.002306200000 
0.12900 0.002251560000 
0.12950 0.002200820000 
0.13000 0.002150780000 
0.13050 0.002100720000 
0.13100 0.002051000000 
0.13150 0.002005160000 
0.13200 0.001959330000 
0.13250 0.001913494000 
0.13300 0.001868794000 
0.13350 0.001826788000 
0.13400 0.001784784000 
0.13450 0.001742780000 
0.13500 0.001702548000 
0.13550 0.001664046000 
0.13600 0.001625544000 
0.13650 0.001587042000 
0.13700 0.001550826000 
0.13750 0.001515552000 
0.13800 0.001480276000 
0.13850 0.001445002000 
0.13900 0.001412374000 
0.13950 0.001380034000 
0.14000 0.001347694000 
0.14050 0.001315586000 
0.14100 0.001285956000 
0.14150 0.001256324000 
0.14200 0.001226694000 
0.14250 0.001197706000 
0.14300 0.001170540000 
0.14350 0.001143374000 
0.14400 0.001116208000 
0.14450 0.001090006000 
0.14500 0.001065102000 
0.14550 0.001040198000 
0.14600 0.001015294000 
0.14650 0.000991596000 
0.14700 0.000968768000 
0.14750 0.000945942000 
0.14800 0.000923114000 
0.14850 0.000901682000 
0.14900 0.000880778000 
0.14950 0.000859874000 
0.15000 0.000838970000 
0.15050 0.000819572000 
0.15100 0.000800420000 
0.15150 0.000781266000 
0.15200 0.000762114000 
0.15250 0.000744542000 
0.15300 0.000726998000 
0.15350 0.000709454000 
0.15400 0.000692050000 
0.15450 0.000676000000 
0.15500 0.000659952000 
0.15550 0.000643904000 
0.15600 0.000628116000 
0.15650 0.000613426000 
0.15700 0.000598738000 
0.15750 0.000584048000 
0.15800 0.000569702000 
0.15850 0.000556248000 
0.15900 0.000542796000 
0.15950 0.000529344000 
0.16000 0.000516298000 
0.16050 0.000504010000 
0.16100 0.000491722000 
0.16150 0.000479434000 
0.16200 0.000467580000 
0.16250 0.000456350000 
0.16300 0.000445118000 
0.16350 0.000433888000 
0.16400 0.000423102000 
0.16450 0.000412846000 
0.16500 0.000402588000 
0.16550 0.000392330000 
0.16600 0.000382516000 
0.16650 0.000373164000 
0.16700 0.000363814000 
0.16750 0.000354462000 
0.16800 0.000345522000 
0.16850 0.000336982000 
0.16900 0.000328440000 
0.16950 0.000319900000 
0.17000 0.000311750000 
0.17050 0.000303976000 
0.17100 0.000296202000 
0.17150 0.000288428000 
0.17200 0.000280996000 
0.17250 0.000273906000 
0.17300 0.000266816000 
0.17350 0.000259724000 
0.17400 0.000252936000 
0.17450 0.000246484000 
0.17500 0.000240032000 
0.17550 0.000233580000 
0.17600 0.000227386000 
0.17650 0.000221528000 
0.17700 0.000215670000 
0.17750 0.000209814000 
0.17800 0.000204160000 
0.17850 0.000198838400 
0.17900 0.000193518000 
0.17950 0.000188197400 
0.18000 0.000183025600 
0.18050 0.000178188600 
0.18100 0.000173351800 
0.18150 0.000168514800 
0.18200 0.000163778800 
0.18250 0.000159393400 
0.18300 0.000155008200 
0.18350 0.000150623000 
0.18400 0.000146290600 
0.18450 0.000142326600 
0.18500 0.000138362600 
0.18550 0.000134398400 
0.18600 0.000130440000 
0.18650 0.000126846400 
0.18700 0.000123252800 
0.18750 0.000119659200 
0.18800 0.000116065800 
0.18850 0.000112787000 
0.18900 0.000109546200 
0.18950 0.000106305600 
0.19000 0.000103064800 
0.19050 0.000100058400 
0.19100 0.000097126800 
0.19150 0.000094195000 
0.19200 0.000091263400 
0.19250 0.000088509000 
0.19300 0.000085866000 
0.19350 0.000083223000 
0.19400 0.000080579800 
0.19450 0.000078058600 
0.19500 0.000075678800 
0.19550 0.000073299000 
0.19600 0.000070919200 
0.19650 0.000068612400 
0.19700 0.000066472600 
0.19750 0.000064332800 
0.19800 0.000062192800 
0.19850 0.000060084000 
0.19900 0.000058162600 
0.19950 0.000056241200 
0.20000 0.000054319800 
0.20050 0.000052398600 
0.20100 0.000050667000 
0.20150 0.000048939800 
0.20200 0.000047212600 
0.20250 0.000045485400 
0.20300 0.000043909600 
0.20350 0.000042368200 
0.20400 0.000040826800 
0.20450 0.000039285600 
0.20500 0.000037849000 
0.20550 0.000036468000 
0.20600 0.000035087000 
0.20650 0.000033706000 
0.20700 0.000032402200 
0.20750 0.000031175000 
0.20800 0.000029947800 
0.20850 0.000028720600 
0.20900 0.000027541200 
0.20950 0.000026446200 
0.21000 0.000025351000 
0.21050 0.000024256000 
0.21100 0.000023189600 
0.21150 0.000022215200 
0.21200 0.000021240800 
0.21250 0.000020266400 
0.21300 0.000019307480 
0.21350 0.000018449300 
0.21400 0.000017591140 
0.21450 0.000016732960 
0.21500 0.000015880320 
0.21550 0.000015122020 
0.21600 0.000014363700 
0.21650 0.000013605400 
0.21700 0.000012848020 
0.21750 0.000012186360 
0.21800 0.000011524700 
0.21850 0.000010863040 
0.21900 0.000010201580 
0.21950 0.000009623320 
0.22000 0.000009045080 
0.22050 0.000008466820 
0.22100 0.000007891760 
0.22150 0.000007390740 
0.22200 0.000006889740 
0.22250 0.000006388740 
0.22300 0.000005897840 
0.22350 0.000005472480 
0.22400 0.000005047140 
0.22450 0.000004621780 
0.22500 0.000004215740 
0.22550 0.000003857400 
0.22600 0.000003499060 
0.22650 0.000003140720 
0.22700 0.000002816020 
0.22750 0.000002523080 
0.22800 0.000002230160 
0.22850 0.000001937218 
0.22900 0.000001696092 
0.22950 0.000001466212 
0.23000 0.000001236332 
0.23050 0.000001020094 
0.23100 0.000000851786 
0.23150 0.000000683480 
0.23200 0.000000515172 
0.23250 0.000000393412 
0.23300 0.000000289246 
0.23350 0.000000185082 
