0.00000 60.799800000000 
0.00050 54.167400000000 
0.00100 47.535000000000 
0.00150 40.902600000000 
0.00200 34.270200000000 
0.00250 29.712600000000 
0.00300 25.774000000000 
0.00350 22.565000000000 
0.00400 20.030600000000 
0.00450 17.650660000000 
0.00500 15.934280000000 
0.00550 14.217900000000 
0.00600 12.901860000000 
0.00650 11.695360000000 
0.00700 10.593900000000 
0.00750 9.720840000000 
0.00800 8.847780000000 
0.00850 8.152160000000 
0.00900 7.505340000000 
0.00950 6.889900000000 
0.01000 6.401140000000 
0.01050 5.912400000000 
0.01100 5.487360000000 
0.01150 5.111820000000 
0.01200 4.736280000000 
0.01250 4.433660000000 
0.01300 4.140900000000 
0.01350 3.857860000000 
0.01400 3.626720000000 
0.01450 3.395580000000 
0.01500 3.182900000000 
0.01550 2.998360000000 
0.01600 2.813840000000 
0.01650 2.650720000000 
0.01700 2.501920000000 
0.01750 2.353120000000 
0.01800 2.225720000000 
0.01850 2.104660000000 
0.01900 1.983608000000 
0.01950 1.882464000000 
0.02000 1.783184000000 
0.02050 1.684424000000 
0.02100 1.602416000000 
0.02150 1.520408000000 
0.02200 1.440072000000 
0.02250 1.371888000000 
0.02300 1.303702000000 
0.02350 1.237622000000 
0.02400 1.180594000000 
0.02450 1.123564000000 
0.02500 1.068664000000 
0.02550 1.020706000000 
0.02600 0.972750000000 
0.02650 0.926726000000 
0.02700 0.886198000000 
0.02750 0.845670000000 
0.02800 0.806776000000 
0.02850 0.772372000000 
0.02900 0.737966000000 
0.02950 0.704858000000 
0.03000 0.675528000000 
0.03050 0.646198000000 
0.03100 0.617828000000 
0.03150 0.592732000000 
0.03200 0.567634000000 
0.03250 0.543180000000 
0.03300 0.521628000000 
0.03350 0.500076000000 
0.03400 0.478882000000 
0.03450 0.460314000000 
0.03500 0.441748000000 
0.03550 0.423288000000 
0.03600 0.407244000000 
0.03650 0.391202000000 
0.03700 0.375158000000 
0.03750 0.361150000000 
0.03800 0.347248000000 
0.03850 0.333348000000 
0.03900 0.320982000000 
0.03950 0.308906000000 
0.04000 0.296830000000 
0.04050 0.285878000000 
0.04100 0.275362000000 
0.04150 0.264848000000 
0.04200 0.255110000000 
0.04250 0.245934000000 
0.04300 0.236758000000 
0.04350 0.228074000000 
0.04400 0.220050000000 
0.04450 0.212026000000 
0.04500 0.204260000000 
0.04550 0.197229200000 
0.04600 0.190198000000 
0.04650 0.183235400000 
0.04700 0.177063400000 
0.04750 0.170891600000 
0.04800 0.164719600000 
0.04850 0.159205800000 
0.04900 0.153779000000 
0.04950 0.148352200000 
0.05000 0.143360200000 
0.05050 0.138581000000 
0.05100 0.133801600000 
0.05150 0.129273200000 
0.05200 0.125057800000 
0.05250 0.120842400000 
0.05300 0.116727200000 
0.05350 0.113003800000 
0.05400 0.109280200000 
0.05450 0.105556800000 
0.05500 0.102240400000 
0.05550 0.098947200000 
0.05600 0.095653800000 
0.05650 0.092614400000 
0.05700 0.089697800000 
0.05750 0.086781000000 
0.05800 0.083992000000 
0.05850 0.081405600000 
0.05900 0.078819200000 
0.05950 0.076257400000 
0.06000 0.073961000000 
0.06050 0.071664800000 
0.06100 0.069368400000 
0.06150 0.067267800000 
0.06200 0.065226600000 
0.06250 0.063185600000 
0.06300 0.061241800000 
0.06350 0.059425600000 
0.06400 0.057609400000 
0.06450 0.055809800000 
0.06500 0.054191800000 
0.06550 0.052573800000 
0.06600 0.050956000000 
0.06650 0.049464000000 
0.06700 0.048021200000 
0.06750 0.046578400000 
0.06800 0.045188400000 
0.06850 0.043900400000 
0.06900 0.042612400000 
0.06950 0.041324400000 
0.07000 0.040166000000 
0.07050 0.039015000000 
0.07100 0.037864200000 
0.07150 0.036778200000 
0.07200 0.035748800000 
0.07250 0.034719400000 
0.07300 0.033702000000 
0.07350 0.032780200000 
0.07400 0.031858600000 
0.07450 0.030937000000 
0.07500 0.030079400000 
0.07550 0.029253400000 
0.07600 0.028427400000 
0.07650 0.027619800000 
0.07700 0.026878800000 
0.07750 0.026138000000 
0.07800 0.025397000000 
0.07850 0.024712600000 
0.07900 0.024047400000 
0.07950 0.023382200000 
0.08000 0.022734600000 
0.08050 0.022136800000 
0.08100 0.021539000000 
0.08150 0.020941200000 
0.08200 0.020389400000 
0.08250 0.019851600000 
0.08300 0.019313880000 
0.08350 0.018789700000 
0.08400 0.018305600000 
0.08450 0.017821520000 
0.08500 0.017337440000 
0.08550 0.016888160000 
0.08600 0.016451960000 
0.08650 0.016015740000 
0.08700 0.015587620000 
0.08750 0.015194280000 
0.08800 0.014800940000 
0.08850 0.014407620000 
0.08900 0.014038660000 
0.08950 0.013683580000 
0.09000 0.013328500000 
0.09050 0.012975920000 
0.09100 0.012655180000 
0.09150 0.012334420000 
0.09200 0.012013680000 
0.09250 0.011708200000 
0.09300 0.011418200000 
0.09350 0.011128200000 
0.09400 0.010838180000 
0.09450 0.010573260000 
0.09500 0.010310880000 
0.09550 0.010048500000 
0.09600 0.009793740000 
0.09650 0.009556080000 
0.09700 0.009318420000 
0.09750 0.009080760000 
0.09800 0.008858640000 
0.09850 0.008643280000 
0.09900 0.008427920000 
0.09950 0.008214060000 
0.10000 0.008018720000 
0.10050 0.007823380000 
0.10100 0.007628040000 
0.10150 0.007440680000 
0.10200 0.007263360000 
0.10250 0.007086060000 
0.10300 0.006908760000 
0.10350 0.006744420000 
0.10400 0.006583360000 
0.10450 0.006422300000 
0.10500 0.006263380000 
0.10550 0.006116960000 
0.10600 0.005970560000 
0.10650 0.005824160000 
0.10700 0.005684140000 
0.10750 0.005550960000 
0.10800 0.005417800000 
0.10850 0.005284620000 
0.10900 0.005161120000 
0.10950 0.005039900000 
0.11000 0.004918680000 
0.11050 0.004798860000 
0.11100 0.004688420000 
0.11150 0.004577980000 
0.11200 0.004467540000 
0.11250 0.004361400000 
0.11300 0.004260780000 
0.11350 0.004160160000 
0.11400 0.004059520000 
0.11450 0.003965440000 
0.11500 0.003873640000 
0.11550 0.003781860000 
0.11600 0.003690320000 
0.11650 0.003606580000 
0.11700 0.003522820000 
0.11750 0.003439080000 
0.11800 0.003357620000 
0.11850 0.003281140000 
0.11900 0.003204660000 
0.11950 0.003128180000 
0.12000 0.003055620000 
0.12050 0.002985800000 
0.12100 0.002915980000 
0.12150 0.002846140000 
0.12200 0.002781460000 
0.12250 0.002717640000 
0.12300 0.002653800000 
0.12350 0.002590620000 
0.12400 0.002532240000 
0.12450 0.002473880000 
0.12500 0.002415500000 
0.12550 0.002358980000 
0.12600 0.002305600000 
0.12650 0.002252220000 
0.12700 0.002198820000 
0.12750 0.002148240000 
0.12800 0.002099400000 
0.12850 0.002050560000 
0.12900 0.002001740000 
0.12950 0.001956406000 
0.13000 0.001911698000 
0.13050 0.001866992000 
0.13100 0.001822574000 
0.13150 0.001781654000 
0.13200 0.001740734000 
0.13250 0.001699814000 
0.13300 0.001659910000 
0.13350 0.001622428000 
0.13400 0.001584946000 
0.13450 0.001547466000 
0.13500 0.001511576000 
0.13550 0.001477238000 
0.13600 0.001442900000 
0.13650 0.001408562000 
0.13700 0.001376274000 
0.13750 0.001344830000 
0.13800 0.001313386000 
0.13850 0.001281942000 
0.13900 0.001252870000 
0.13950 0.001224056000 
0.14000 0.001195242000 
0.14050 0.001166638000 
0.14100 0.001140252000 
0.14150 0.001113866000 
0.14200 0.001087478000 
0.14250 0.001061668000 
0.14300 0.001037488000 
0.14350 0.001013310000 
0.14400 0.000989130000 
0.14450 0.000965812000 
0.14500 0.000943656000 
0.14550 0.000921502000 
0.14600 0.000899346000 
0.14650 0.000878270000 
0.14700 0.000857970000 
0.14750 0.000837672000 
0.14800 0.000817374000 
0.14850 0.000798324000 
0.14900 0.000779744000 
0.14950 0.000761166000 
0.15000 0.000742586000 
0.15050 0.000725352000 
0.15100 0.000708336000 
0.15150 0.000691322000 
0.15200 0.000674308000 
0.15250 0.000658702000 
0.15300 0.000643124000 
0.15350 0.000627548000 
0.15400 0.000612092000 
0.15450 0.000597848000 
0.15500 0.000583604000 
0.15550 0.000569360000 
0.15600 0.000555348000 
0.15650 0.000542316000 
0.15700 0.000529284000 
0.15750 0.000516252000 
0.15800 0.000503526000 
0.15850 0.000491596000 
0.15900 0.000479668000 
0.15950 0.000467738000 
0.16000 0.000456172000 
0.16050 0.000445280000 
0.16100 0.000434388000 
0.16150 0.000423494000 
0.16200 0.000412990000 
0.16250 0.000403040000 
0.16300 0.000393088000 
0.16350 0.000383138000 
0.16400 0.000373584000 
0.16450 0.000364498000 
0.16500 0.000355414000 
0.16550 0.000346330000 
0.16600 0.000337640000 
0.16650 0.000329360000 
0.16700 0.000321082000 
0.16750 0.000312804000 
0.16800 0.000304892000 
0.16850 0.000297334000 
0.16900 0.000289776000 
0.16950 0.000282218000 
0.17000 0.000275008000 
0.17050 0.000268130000 
0.17100 0.000261254000 
0.17150 0.000254378000 
0.17200 0.000247804000 
0.17250 0.000241534000 
0.17300 0.000235266000 
0.17350 0.000228996000 
0.17400 0.000222994000 
0.17450 0.000217292000 
0.17500 0.000211588000 
0.17550 0.000205886000 
0.17600 0.000200410000 
0.17650 0.000195235800 
0.17700 0.000190060800 
0.17750 0.000184885600 
0.17800 0.000179890200 
0.17850 0.000175191000 
0.17900 0.000170491800 
0.17950 0.000165792600 
0.18000 0.000161225200 
0.18050 0.000156954800 
0.18100 0.000152684200 
0.18150 0.000148413800 
0.18200 0.000144232800 
0.18250 0.000140362600 
0.18300 0.000136492200 
0.18350 0.000132622000 
0.18400 0.000128798600 
0.18450 0.000125301200 
0.18500 0.000121803800 
0.18550 0.000118306400 
0.18600 0.000114814000 
0.18650 0.000111644600 
0.18700 0.000108475200 
0.18750 0.000105306000 
0.18800 0.000102136600 
0.18850 0.000099245800 
0.18900 0.000096388600 
0.18950 0.000093531400 
0.19000 0.000090674200 
0.19050 0.000088024200 
0.19100 0.000085440400 
0.19150 0.000082856400 
0.19200 0.000080272600 
0.19250 0.000077845600 
0.19300 0.000075516800 
0.19350 0.000073188200 
0.19400 0.000070859400 
0.19450 0.000068638400 
0.19500 0.000066542400 
0.19550 0.000064446200 
0.19600 0.000062350200 
0.19650 0.000060318600 
0.19700 0.000058434400 
0.19750 0.000056550400 
0.19800 0.000054666200 
0.19850 0.000052809400 
0.19900 0.000051118200 
0.19950 0.000049427000 
0.20000 0.000047735800 
0.20050 0.000046044400 
0.20100 0.000044520800 
0.20150 0.000043001000 
0.20200 0.000041481200 
0.20250 0.000039961400 
0.20300 0.000038575000 
0.20350 0.000037219000 
0.20400 0.000035863200 
0.20450 0.000034507200 
0.20500 0.000033244000 
0.20550 0.000032029400 
0.20600 0.000030815000 
0.20650 0.000029600400 
0.20700 0.000028454000 
0.20750 0.000027375000 
0.20800 0.000026296200 
0.20850 0.000025217200 
0.20900 0.000024180400 
0.20950 0.000023218000 
0.21000 0.000022255600 
0.21050 0.000021293000 
0.21100 0.000020355800 
0.21150 0.000019499700 
0.21200 0.000018643560 
0.21250 0.000017787400 
0.21300 0.000016944880 
0.21350 0.000016191040 
0.21400 0.000015437220 
0.21450 0.000014683400 
0.21500 0.000013934440 
0.21550 0.000013268520 
0.21600 0.000012602600 
0.21650 0.000011936700 
0.21700 0.000011271580 
0.21750 0.000010690700 
0.21800 0.000010109800 
0.21850 0.000009528920 
0.21900 0.000008948200 
0.21950 0.000008440680 
0.22000 0.000007933160 
0.22050 0.000007425640 
0.22100 0.000006920900 
0.22150 0.000006481300 
0.22200 0.000006041680 
0.22250 0.000005602080 
0.22300 0.000005171340 
0.22350 0.000004798220 
0.22400 0.000004425080 
0.22450 0.000004051960 
0.22500 0.000003695780 
0.22550 0.000003381520 
0.22600 0.000003067260 
0.22650 0.000002753000 
0.22700 0.000002468280 
0.22750 0.000002211440 
0.22800 0.000001954596 
0.22850 0.000001697760 
0.22900 0.000001486386 
0.22950 0.000001284882 
0.23000 0.000001083378 
0.23050 0.000000893840 
0.23100 0.000000746344 
0.23150 0.000000598848 
0.23200 0.000000451352 
0.23250 0.000000344664 
0.23300 0.000000253400 
0.23350 0.000000162137 
