0.00000 58.672200000000 
0.00050 52.233600000000 
0.00100 45.795000000000 
0.00150 39.356200000000 
0.00200 32.917600000000 
0.00250 28.505000000000 
0.00300 24.696800000000 
0.00350 21.597800000000 
0.00400 19.154900000000 
0.00450 16.861580000000 
0.00500 15.211200000000 
0.00550 13.560820000000 
0.00600 12.297320000000 
0.00650 11.139680000000 
0.00700 10.083320000000 
0.00750 9.247200000000 
0.00800 8.411060000000 
0.00850 7.745700000000 
0.00900 7.127260000000 
0.00950 6.539000000000 
0.01000 6.072420000000 
0.01050 5.605860000000 
0.01100 5.200380000000 
0.01150 4.842400000000 
0.01200 4.484400000000 
0.01250 4.196240000000 
0.01300 3.917540000000 
0.01350 3.648100000000 
0.01400 3.428320000000 
0.01450 3.208540000000 
0.01500 3.006380000000 
0.01550 2.831120000000 
0.01600 2.655860000000 
0.01650 2.501040000000 
0.01700 2.359860000000 
0.01750 2.218680000000 
0.01800 2.097920000000 
0.01850 1.983174000000 
0.01900 1.868436000000 
0.01950 1.772660000000 
0.02000 1.678658000000 
0.02050 1.585152000000 
0.02100 1.507578000000 
0.02150 1.430002000000 
0.02200 1.354016000000 
0.02250 1.289576000000 
0.02300 1.225136000000 
0.02350 1.162692000000 
0.02400 1.108842000000 
0.02450 1.054992000000 
0.02500 1.003160000000 
0.02550 0.957914000000 
0.02600 0.912666000000 
0.02650 0.869254000000 
0.02700 0.831048000000 
0.02750 0.792840000000 
0.02800 0.756182000000 
0.02850 0.723774000000 
0.02900 0.691364000000 
0.02950 0.660182000000 
0.03000 0.632576000000 
0.03050 0.604970000000 
0.03100 0.578270000000 
0.03150 0.554666000000 
0.03200 0.531060000000 
0.03250 0.508062000000 
0.03300 0.487804000000 
0.03350 0.467548000000 
0.03400 0.447630000000 
0.03450 0.430192000000 
0.03500 0.412752000000 
0.03550 0.395416000000 
0.03600 0.380358000000 
0.03650 0.365300000000 
0.03700 0.350242000000 
0.03750 0.337100000000 
0.03800 0.324062000000 
0.03850 0.311024000000 
0.03900 0.299432000000 
0.03950 0.288112000000 
0.04000 0.276794000000 
0.04050 0.266530000000 
0.04100 0.256680000000 
0.04150 0.246830000000 
0.04200 0.237712000000 
0.04250 0.229122000000 
0.04300 0.220530000000 
0.04350 0.212404000000 
0.04400 0.204896000000 
0.04450 0.197388400000 
0.04500 0.190124800000 
0.04550 0.183550200000 
0.04600 0.176975600000 
0.04650 0.170465400000 
0.04700 0.164697800000 
0.04750 0.158930200000 
0.04800 0.153162600000 
0.04850 0.148012400000 
0.04900 0.142944000000 
0.04950 0.137875600000 
0.05000 0.133215000000 
0.05050 0.128753800000 
0.05100 0.124292600000 
0.05150 0.120066600000 
0.05200 0.116134000000 
0.05250 0.112201400000 
0.05300 0.108362400000 
0.05350 0.104890600000 
0.05400 0.101418800000 
0.05450 0.097947200000 
0.05500 0.094856400000 
0.05550 0.091787400000 
0.05600 0.088718200000 
0.05650 0.085886800000 
0.05700 0.083170000000 
0.05750 0.080453200000 
0.05800 0.077856000000 
0.05850 0.075448200000 
0.05900 0.073040400000 
0.05950 0.070655600000 
0.06000 0.068518800000 
0.06050 0.066382200000 
0.06100 0.064245600000 
0.06150 0.062291600000 
0.06200 0.060393400000 
0.06250 0.058495200000 
0.06300 0.056687800000 
0.06350 0.054999600000 
0.06400 0.053311200000 
0.06450 0.051638600000 
0.06500 0.050135200000 
0.06550 0.048632000000 
0.06600 0.047128800000 
0.06650 0.045743200000 
0.06700 0.044403200000 
0.06750 0.043063400000 
0.06800 0.041772600000 
0.06850 0.040577200000 
0.06900 0.039381600000 
0.06950 0.038186000000 
0.07000 0.037111200000 
0.07050 0.036043400000 
0.07100 0.034975600000 
0.07150 0.033968400000 
0.07200 0.033013800000 
0.07250 0.032059000000 
0.07300 0.031115400000 
0.07350 0.030261200000 
0.07400 0.029406800000 
0.07450 0.028552400000 
0.07500 0.027757800000 
0.07550 0.026992400000 
0.07600 0.026227200000 
0.07650 0.025479000000 
0.07700 0.024792800000 
0.07750 0.024106600000 
0.07800 0.023420400000 
0.07850 0.022786600000 
0.07900 0.022170800000 
0.07950 0.021555000000 
0.08000 0.020955600000 
0.08050 0.020402400000 
0.08100 0.019849280000 
0.08150 0.019296120000 
0.08200 0.018785600000 
0.08250 0.018288220000 
0.08300 0.017790840000 
0.08350 0.017306060000 
0.08400 0.016858480000 
0.08450 0.016410900000 
0.08500 0.015963320000 
0.08550 0.015548060000 
0.08600 0.015144920000 
0.08650 0.014741780000 
0.08700 0.014346140000 
0.08750 0.013982760000 
0.08800 0.013619400000 
0.08850 0.013256020000 
0.08900 0.012915260000 
0.08950 0.012587360000 
0.09000 0.012259460000 
0.09050 0.011933900000 
0.09100 0.011637820000 
0.09150 0.011341740000 
0.09200 0.011045660000 
0.09250 0.010763720000 
0.09300 0.010496140000 
0.09350 0.010228540000 
0.09400 0.009960940000 
0.09450 0.009716580000 
0.09500 0.009474560000 
0.09550 0.009232540000 
0.09600 0.008997580000 
0.09650 0.008778460000 
0.09700 0.008559320000 
0.09750 0.008340200000 
0.09800 0.008135460000 
0.09850 0.007936960000 
0.09900 0.007738480000 
0.09950 0.007541380000 
0.10000 0.007361400000 
0.10050 0.007181440000 
0.10100 0.007001460000 
0.10150 0.006828860000 
0.10200 0.006665560000 
0.10250 0.006502260000 
0.10300 0.006338960000 
0.10350 0.006187660000 
0.10400 0.006039380000 
0.10450 0.005891100000 
0.10500 0.005744800000 
0.10550 0.005610060000 
0.10600 0.005475320000 
0.10650 0.005340580000 
0.10700 0.005211740000 
0.10750 0.005089220000 
0.10800 0.004966700000 
0.10850 0.004844180000 
0.10900 0.004730600000 
0.10950 0.004619120000 
0.11000 0.004507640000 
0.11050 0.004397440000 
0.11100 0.004295900000 
0.11150 0.004194360000 
0.11200 0.004092840000 
0.11250 0.003995280000 
0.11300 0.003902800000 
0.11350 0.003810320000 
0.11400 0.003717840000 
0.11450 0.003631380000 
0.11500 0.003547060000 
0.11550 0.003462740000 
0.11600 0.003378640000 
0.11650 0.003301720000 
0.11700 0.003224800000 
0.11750 0.003147900000 
0.11800 0.003073100000 
0.11850 0.003002880000 
0.11900 0.002932660000 
0.11950 0.002862440000 
0.12000 0.002795840000 
0.12050 0.002731760000 
0.12100 0.002667680000 
0.12150 0.002603580000 
0.12200 0.002544240000 
0.12250 0.002485680000 
0.12300 0.002427120000 
0.12350 0.002369140000 
0.12400 0.002315600000 
0.12450 0.002262060000 
0.12500 0.002208520000 
0.12550 0.002156680000 
0.12600 0.002107740000 
0.12650 0.002058800000 
0.12700 0.002009840000 
0.12750 0.001963466000 
0.12800 0.001918704000 
0.12850 0.001873942000 
0.12900 0.001829180000 
0.12950 0.001787640000 
0.13000 0.001746674000 
0.13050 0.001705708000 
0.13100 0.001665008000 
0.13150 0.001627522000 
0.13200 0.001590038000 
0.13250 0.001552554000 
0.13300 0.001516002000 
0.13350 0.001481678000 
0.13400 0.001447354000 
0.13450 0.001413030000 
0.13500 0.001380170000 
0.13550 0.001348734000 
0.13600 0.001317298000 
0.13650 0.001285862000 
0.13700 0.001256308000 
0.13750 0.001227530000 
0.13800 0.001198752000 
0.13850 0.001169974000 
0.13900 0.001143374000 
0.13950 0.001117012000 
0.14000 0.001090650000 
0.14050 0.001064478000 
0.14100 0.001040344000 
0.14150 0.001016208000 
0.14200 0.000992072000 
0.14250 0.000968466000 
0.14300 0.000946356000 
0.14350 0.000924246000 
0.14400 0.000902136000 
0.14450 0.000880818000 
0.14500 0.000860564000 
0.14550 0.000840310000 
0.14600 0.000820056000 
0.14650 0.000800792000 
0.14700 0.000782242000 
0.14750 0.000763692000 
0.14800 0.000745140000 
0.14850 0.000727734000 
0.14900 0.000710760000 
0.14950 0.000693784000 
0.15000 0.000676810000 
0.15050 0.000661068000 
0.15100 0.000645526000 
0.15150 0.000629986000 
0.15200 0.000614444000 
0.15250 0.000600196000 
0.15300 0.000585970000 
0.15350 0.000571746000 
0.15400 0.000557634000 
0.15450 0.000544630000 
0.15500 0.000531626000 
0.15550 0.000518622000 
0.15600 0.000505832000 
0.15650 0.000493938000 
0.15700 0.000482044000 
0.15750 0.000470150000 
0.15800 0.000458536000 
0.15850 0.000447652000 
0.15900 0.000436768000 
0.15950 0.000425882000 
0.16000 0.000415330000 
0.16050 0.000405394000 
0.16100 0.000395458000 
0.16150 0.000385522000 
0.16200 0.000375940000 
0.16250 0.000366866000 
0.16300 0.000357792000 
0.16350 0.000348716000 
0.16400 0.000340004000 
0.16450 0.000331722000 
0.16500 0.000323438000 
0.16550 0.000315156000 
0.16600 0.000307234000 
0.16650 0.000299688000 
0.16700 0.000292142000 
0.16750 0.000284596000 
0.16800 0.000277384000 
0.16850 0.000270496000 
0.16900 0.000263608000 
0.16950 0.000256720000 
0.17000 0.000250152000 
0.17050 0.000243886000 
0.17100 0.000237620000 
0.17150 0.000231356000 
0.17200 0.000225368000 
0.17250 0.000219656000 
0.17300 0.000213946000 
0.17350 0.000208234000 
0.17400 0.000202770000 
0.17450 0.000197575600 
0.17500 0.000192382000 
0.17550 0.000187188400 
0.17600 0.000182203600 
0.17650 0.000177491800 
0.17700 0.000172780000 
0.17750 0.000168068200 
0.17800 0.000163520400 
0.17850 0.000159242800 
0.17900 0.000154965200 
0.17950 0.000150687600 
0.18000 0.000146530400 
0.18050 0.000142644000 
0.18100 0.000138757600 
0.18150 0.000134871200 
0.18200 0.000131066200 
0.18250 0.000127544800 
0.18300 0.000124023400 
0.18350 0.000120501800 
0.18400 0.000117023200 
0.18450 0.000113841600 
0.18500 0.000110660000 
0.18550 0.000107478600 
0.18600 0.000104301400 
0.18650 0.000101419000 
0.18700 0.000098536400 
0.18750 0.000095654000 
0.18800 0.000092771400 
0.18850 0.000090142600 
0.18900 0.000087544600 
0.18950 0.000084946400 
0.19000 0.000082348200 
0.19050 0.000079939000 
0.19100 0.000077589800 
0.19150 0.000075240800 
0.19200 0.000072891800 
0.19250 0.000070685400 
0.19300 0.000068568800 
0.19350 0.000066452000 
0.19400 0.000064335400 
0.19450 0.000062316600 
0.19500 0.000060411800 
0.19550 0.000058507000 
0.19600 0.000056602000 
0.19650 0.000054755800 
0.19700 0.000053043800 
0.19750 0.000051332000 
0.19800 0.000049620000 
0.19850 0.000047933000 
0.19900 0.000046396600 
0.19950 0.000044860200 
0.20000 0.000043323800 
0.20050 0.000041787400 
0.20100 0.000040403400 
0.20150 0.000039023000 
0.20200 0.000037642600 
0.20250 0.000036262200 
0.20300 0.000035003000 
0.20350 0.000033771800 
0.20400 0.000032540400 
0.20450 0.000031309200 
0.20500 0.000030162000 
0.20550 0.000029059200 
0.20600 0.000027956600 
0.20650 0.000026853800 
0.20700 0.000025813000 
0.20750 0.000024833600 
0.20800 0.000023854200 
0.20850 0.000022874600 
0.20900 0.000021933400 
0.20950 0.000021060000 
0.21000 0.000020186400 
0.21050 0.000019312820 
0.21100 0.000018462180 
0.21150 0.000017685240 
0.21200 0.000016908280 
0.21250 0.000016131340 
0.21300 0.000015366760 
0.21350 0.000014682800 
0.21400 0.000013998820 
0.21450 0.000013314840 
0.21500 0.000012635280 
0.21550 0.000012031160 
0.21600 0.000011427060 
0.21650 0.000010822940 
0.21700 0.000010219560 
0.21750 0.000009692660 
0.21800 0.000009165780 
0.21850 0.000008638880 
0.21900 0.000008112140 
0.21950 0.000007651860 
0.22000 0.000007191600 
0.22050 0.000006731320 
0.22100 0.000006273580 
0.22150 0.000005874960 
0.22200 0.000005476340 
0.22250 0.000005077720 
0.22300 0.000004687160 
0.22350 0.000004348880 
0.22400 0.000004010600 
0.22450 0.000003672300 
0.22500 0.000003349400 
0.22550 0.000003064540 
0.22600 0.000002779660 
0.22650 0.000002494800 
0.22700 0.000002236700 
0.22750 0.000002003920 
0.22800 0.000001771138 
0.22850 0.000001538354 
0.22900 0.000001346800 
0.22950 0.000001164194 
0.23000 0.000000981586 
0.23050 0.000000809830 
0.23100 0.000000676186 
0.23150 0.000000542544 
0.23200 0.000000408900 
0.23250 0.000000312240 
0.23300 0.000000229558 
0.23350 0.000000146878 
