0.00000 149.600400000000 
0.00050 129.085600000000 
0.00100 108.570800000000 
0.00150 88.056000000000 
0.00200 67.541200000000 
0.00250 54.409800000000 
0.00300 43.481400000000 
0.00350 35.060000000000 
0.00400 28.957200000000 
0.00450 23.336400000000 
0.00500 19.787040000000 
0.00550 16.237660000000 
0.00600 13.798120000000 
0.00650 11.662280000000 
0.00700 9.782520000000 
0.00750 8.459620000000 
0.00800 7.136700000000 
0.00850 6.192600000000 
0.00900 5.352620000000 
0.00950 4.571240000000 
0.01000 4.026300000000 
0.01050 3.481380000000 
0.01100 3.040320000000 
0.01150 2.680040000000 
0.01200 2.319740000000 
0.01250 2.063460000000 
0.01300 1.821238000000 
0.01350 1.591132000000 
0.01400 1.425832000000 
0.01450 1.260532000000 
0.01500 1.115420000000 
0.01550 1.001094000000 
0.01600 0.886766000000 
0.01650 0.793008000000 
0.01700 0.712972000000 
0.01750 0.632936000000 
0.01800 0.570952000000 
0.01850 0.514304000000 
0.01900 0.457656000000 
0.01950 0.415778000000 
0.02000 0.375282000000 
0.02050 0.335126000000 
0.02100 0.305908000000 
0.02150 0.276692000000 
0.02200 0.248440000000 
0.02250 0.227184000000 
0.02300 0.205930000000 
0.02350 0.185744200000 
0.02400 0.170161400000 
0.02450 0.154578400000 
0.02500 0.139952400000 
0.02550 0.128446600000 
0.02600 0.116940600000 
0.02650 0.106204400000 
0.02700 0.097652800000 
0.02750 0.089101400000 
0.02800 0.081126000000 
0.02850 0.074731400000 
0.02900 0.068337000000 
0.02950 0.062347800000 
0.03000 0.057539000000 
0.03050 0.052730200000 
0.03100 0.048187600000 
0.03150 0.044552200000 
0.03200 0.040916800000 
0.03250 0.037439800000 
0.03300 0.034678000000 
0.03350 0.031916200000 
0.03400 0.029232600000 
0.03450 0.027124800000 
0.03500 0.025016800000 
0.03550 0.022929800000 
0.03600 0.021314200000 
0.03650 0.019698460000 
0.03700 0.018082760000 
0.03750 0.016820540000 
0.03800 0.015577080000 
0.03850 0.014333620000 
0.03900 0.013328220000 
0.03950 0.012367580000 
0.04000 0.011406920000 
0.04050 0.010601460000 
0.04100 0.009856640000 
0.04150 0.009111800000 
0.04200 0.008463120000 
0.04250 0.007883660000 
0.04300 0.007304200000 
0.04350 0.006779320000 
0.04400 0.006327060000 
0.04450 0.005874800000 
0.04500 0.005448260000 
0.04550 0.005094180000 
0.04600 0.004740120000 
0.04650 0.004392140000 
0.04700 0.004114140000 
0.04750 0.003836140000 
0.04800 0.003558140000 
0.04850 0.003332340000 
0.04900 0.003113460000 
0.04950 0.002894580000 
0.05000 0.002706640000 
0.05050 0.002533840000 
0.05100 0.002361040000 
0.05150 0.002204280000 
0.05200 0.002067520000 
0.05250 0.001930760000 
0.05300 0.001799742000 
0.05350 0.001691234000 
0.05400 0.001582726000 
0.05450 0.001474218000 
0.05500 0.001386736000 
0.05550 0.001300442000 
0.05600 0.001214148000 
0.05650 0.001139664000 
0.05700 0.001070880000 
0.05750 0.001002096000 
0.05800 0.000938670000 
0.05850 0.000883722000 
0.05900 0.000828774000 
0.05950 0.000774752000 
0.06000 0.000730762000 
0.06050 0.000686774000 
0.06100 0.000642786000 
0.06150 0.000605464000 
0.06200 0.000570176000 
0.06250 0.000534888000 
0.06300 0.000502596000 
0.06350 0.000474230000 
0.06400 0.000445864000 
0.06450 0.000417962000 
0.06500 0.000395114000 
0.06550 0.000372268000 
0.06600 0.000349422000 
0.06650 0.000329750000 
0.06700 0.000311312000 
0.06750 0.000292876000 
0.06800 0.000275640000 
0.06850 0.000260734000 
0.06900 0.000245830000 
0.06950 0.000230924000 
0.07000 0.000218696000 
0.07050 0.000206622000 
0.07100 0.000194549200 
0.07150 0.000183694800 
0.07200 0.000173898200 
0.07250 0.000164101800 
0.07300 0.000154507200 
0.07350 0.000146544000 
0.07400 0.000138580600 
0.07450 0.000130617400 
0.07500 0.000123645200 
0.07550 0.000117161000 
0.07600 0.000110676800 
0.07650 0.000104449800 
0.07700 0.000099160800 
0.07750 0.000093871800 
0.07800 0.000088582800 
0.07850 0.000084015800 
0.07900 0.000079694600 
0.07950 0.000075373200 
0.08000 0.000071257800 
0.08050 0.000067721400 
0.08100 0.000064185000 
0.08150 0.000060648600 
0.08200 0.000057599600 
0.08250 0.000054700800 
0.08300 0.000051801800 
0.08350 0.000049034200 
0.08400 0.000046654200 
0.08450 0.000044274200 
0.08500 0.000041894400 
0.08550 0.000039822000 
0.08600 0.000037865000 
0.08650 0.000035907800 
0.08700 0.000034016200 
0.08750 0.000032404400 
0.08800 0.000030792600 
0.08850 0.000029180800 
0.08900 0.000027749000 
0.08950 0.000026419600 
0.09000 0.000025090000 
0.09050 0.000023777600 
0.09100 0.000022679400 
0.09150 0.000021581200 
0.09200 0.000020483000 
0.09250 0.000019479020 
0.09300 0.000018570500 
0.09350 0.000017661960 
0.09400 0.000016753420 
0.09450 0.000015986480 
0.09500 0.000015233780 
0.09550 0.000014481080 
0.09600 0.000013767940 
0.09650 0.000013143440 
0.09700 0.000012518960 
0.09750 0.000011894460 
0.09800 0.000011343640 
0.09850 0.000010824800 
0.09900 0.000010305960 
0.09950 0.000009793660 
0.10000 0.000009362000 
0.10050 0.000008930360 
0.10100 0.000008498700 
0.10150 0.000008098880 
0.10200 0.000007739280 
0.10250 0.000007379680 
0.10300 0.000007020080 
0.10350 0.000006708100 
0.10400 0.000006408120 
0.10450 0.000006108160 
0.10500 0.000005815360 
0.10550 0.000005564820 
0.10600 0.000005314260 
0.10650 0.000005063700 
0.10700 0.000004832940 
0.10750 0.000004623400 
0.10800 0.000004413860 
0.10850 0.000004204300 
0.10900 0.000004022380 
0.10950 0.000003846920 
0.11000 0.000003671460 
0.11050 0.000003499640 
0.11100 0.000003352560 
0.11150 0.000003205460 
0.11200 0.000003058360 
0.11250 0.000002921620 
0.11300 0.000002798160 
0.11350 0.000002674700 
0.11400 0.000002551240 
0.11450 0.000002442340 
0.11500 0.000002338600 
0.11550 0.000002234860 
0.11600 0.000002131620 
0.11650 0.000002044360 
0.11700 0.000001957088 
0.11750 0.000001869816 
0.11800 0.000001786888 
0.11850 0.000001713396 
0.11900 0.000001639902 
0.11950 0.000001566408 
0.12000 0.000001499734 
0.12050 0.000001437780 
0.12100 0.000001375826 
0.12150 0.000001313872 
0.12200 0.000001260224 
0.12250 0.000001207944 
0.12300 0.000001155664 
0.12350 0.000001104344 
0.12400 0.000001060184 
0.12450 0.000001016024 
0.12500 0.000000971864 
0.12550 0.000000930230 
0.12600 0.000000892894 
0.12650 0.000000855558 
0.12700 0.000000818222 
0.12750 0.000000784410 
0.12800 0.000000752816 
0.12850 0.000000721222 
0.12900 0.000000689630 
0.12950 0.000000662142 
0.13000 0.000000635382 
0.13050 0.000000608624 
0.13100 0.000000582178 
0.13150 0.000000559496 
0.13200 0.000000536814 
0.13250 0.000000514132 
0.13300 0.000000492468 
0.13350 0.000000473226 
0.13400 0.000000453986 
0.13450 0.000000434744 
0.13500 0.000000416974 
0.13550 0.000000400638 
0.13600 0.000000384304 
0.13650 0.000000367968 
0.13700 0.000000353374 
0.13750 0.000000339496 
0.13800 0.000000325620 
0.13850 0.000000311742 
0.13900 0.000000299740 
0.13950 0.000000287942 
0.14000 0.000000276144 
0.14050 0.000000264498 
0.14100 0.000000254462 
0.14150 0.000000244426 
0.14200 0.000000234390 
0.14250 0.000000224744 
0.14300 0.000000216202 
0.14350 0.000000207660 
0.14400 0.000000199118 
0.14450 0.000000191115 
0.14500 0.000000183840 
0.14550 0.000000176564 
0.14600 0.000000169289 
0.14650 0.000000162639 
0.14700 0.000000156440 
0.14750 0.000000150240 
0.14800 0.000000144041 
0.14850 0.000000138505 
0.14900 0.000000133220 
0.14950 0.000000127936 
0.15000 0.000000122651 
0.15050 0.000000118034 
0.15100 0.000000113527 
0.15150 0.000000109019 
0.15200 0.000000104512 
0.15250 0.000000100654 
0.15300 0.000000096808 
0.15350 0.000000092962 
0.15400 0.000000089168 
0.15450 0.000000085886 
0.15500 0.000000082603 
0.15550 0.000000079321 
0.15600 0.000000076130 
0.15650 0.000000073327 
0.15700 0.000000070524 
0.15750 0.000000067721 
0.15800 0.000000065032 
0.15850 0.000000062637 
0.15900 0.000000060243 
0.15950 0.000000057849 
0.16000 0.000000055577 
0.16050 0.000000053531 
0.16100 0.000000051486 
0.16150 0.000000049441 
0.16200 0.000000047517 
0.16250 0.000000045769 
0.16300 0.000000044021 
0.16350 0.000000042273 
0.16400 0.000000040642 
0.16450 0.000000039147 
0.16500 0.000000037653 
0.16550 0.000000036159 
0.16600 0.000000034771 
0.16650 0.000000033494 
0.16700 0.000000032217 
0.16750 0.000000030940 
0.16800 0.000000029757 
0.16850 0.000000028665 
0.16900 0.000000027572 
0.16950 0.000000026480 
0.17000 0.000000025469 
0.17050 0.000000024535 
0.17100 0.000000023601 
0.17150 0.000000022667 
0.17200 0.000000021801 
0.17250 0.000000021002 
0.17300 0.000000020203 
0.17350 0.000000019404 
0.17400 0.000000018660 
0.17450 0.000000017977 
0.17500 0.000000017294 
0.17550 0.000000016610 
0.17600 0.000000015970 
0.17650 0.000000015386 
0.17700 0.000000014801 
0.17750 0.000000014217 
0.17800 0.000000013665 
0.17850 0.000000013165 
0.17900 0.000000012665 
0.17950 0.000000012165 
0.18000 0.000000011688 
0.18050 0.000000011260 
0.18100 0.000000010833 
0.18150 0.000000010405 
0.18200 0.000000009991 
0.18250 0.000000009625 
0.18300 0.000000009259 
0.18350 0.000000008894 
0.18400 0.000000008534 
0.18450 0.000000008222 
0.18500 0.000000007909 
0.18550 0.000000007596 
0.18600 0.000000007284 
0.18650 0.000000007017 
0.18700 0.000000006749 
0.18750 0.000000006482 
0.18800 0.000000006214 
0.18850 0.000000005981 
0.18900 0.000000005753 
0.18950 0.000000005524 
0.19000 0.000000005296 
0.19050 0.000000005092 
0.19100 0.000000004896 
0.19150 0.000000004701 
0.19200 0.000000004505 
0.19250 0.000000004327 
0.19300 0.000000004160 
0.19350 0.000000003993 
0.19400 0.000000003826 
0.19450 0.000000003670 
0.19500 0.000000003527 
0.19550 0.000000003384 
0.19600 0.000000003241 
0.19650 0.000000003105 
0.19700 0.000000002983 
0.19750 0.000000002861 
0.19800 0.000000002739 
0.19850 0.000000002619 
0.19900 0.000000002515 
0.19950 0.000000002411 
0.20000 0.000000002307 
0.20050 0.000000002203 
0.20100 0.000000002114 
0.20150 0.000000002025 
0.20200 0.000000001936 
0.20250 0.000000001847 
0.20300 0.000000001769 
0.20350 0.000000001693 
0.20400 0.000000001617 
0.20450 0.000000001542 
0.20500 0.000000001473 
0.20550 0.000000001409 
0.20600 0.000000001344 
0.20650 0.000000001279 
0.20700 0.000000001220 
0.20750 0.000000001165 
0.20800 0.000000001110 
0.20850 0.000000001055 
0.20900 0.000000001003 
0.20950 0.000000000957 
0.21000 0.000000000910 
0.21050 0.000000000863 
0.21100 0.000000000818 
0.21150 0.000000000779 
0.21200 0.000000000739 
0.21250 0.000000000699 
0.21300 0.000000000660 
0.21350 0.000000000627 
0.21400 0.000000000594 
0.21450 0.000000000560 
0.21500 0.000000000527 
0.21550 0.000000000499 
0.21600 0.000000000470 
0.21650 0.000000000442 
0.21700 0.000000000414 
0.21750 0.000000000390 
0.21800 0.000000000366 
0.21850 0.000000000343 
0.21900 0.000000000319 
0.21950 0.000000000299 
0.22000 0.000000000279 
0.22050 0.000000000260 
0.22100 0.000000000240 
0.22150 0.000000000223 
0.22200 0.000000000207 
0.22250 0.000000000190 
0.22300 0.000000000174 
0.22350 0.000000000161 
0.22400 0.000000000147 
0.22450 0.000000000134 
0.22500 0.000000000121 
0.22550 0.000000000110 
0.22600 0.000000000099 
0.22650 0.000000000089 
0.22700 0.000000000079 
0.22750 0.000000000070 
0.22800 0.000000000062 
0.22850 0.000000000053 
0.22900 0.000000000046 
0.22950 0.000000000040 
0.23000 0.000000000033 
0.23050 0.000000000027 
0.23100 0.000000000023 
0.23150 0.000000000018 
0.23200 0.000000000013 
0.23250 0.000000000010 
0.23300 0.000000000008 
0.23350 0.000000000005 
