0.00000 56.458400000000 
0.00050 50.230400000000 
0.00100 44.002400000000 
0.00150 37.774600000000 
0.00200 31.546600000000 
0.00250 27.288200000000 
0.00300 23.617200000000 
0.00350 20.633400000000 
0.00400 18.284580000000 
0.00450 16.080360000000 
0.00500 14.497080000000 
0.00550 12.913780000000 
0.00600 11.703280000000 
0.00650 10.594760000000 
0.00700 9.583660000000 
0.00750 8.784360000000 
0.00800 7.985040000000 
0.00850 7.349680000000 
0.00900 6.759380000000 
0.00950 6.198000000000 
0.01000 5.753260000000 
0.01050 5.308540000000 
0.01100 4.922300000000 
0.01150 4.581520000000 
0.01200 4.240740000000 
0.01250 3.966720000000 
0.01300 3.701720000000 
0.01350 3.445600000000 
0.01400 3.236880000000 
0.01450 3.028160000000 
0.01500 2.836240000000 
0.01550 2.669980000000 
0.01600 2.503720000000 
0.01650 2.356940000000 
0.01700 2.223160000000 
0.01750 2.089380000000 
0.01800 1.975012000000 
0.01850 1.866394000000 
0.01900 1.757776000000 
0.01950 1.667186000000 
0.02000 1.578284000000 
0.02050 1.489852000000 
0.02100 1.416552000000 
0.02150 1.343254000000 
0.02200 1.271464000000 
0.02250 1.210632000000 
0.02300 1.149798000000 
0.02350 1.090860000000 
0.02400 1.040068000000 
0.02450 0.989278000000 
0.02500 0.940398000000 
0.02550 0.897758000000 
0.02600 0.855120000000 
0.02650 0.814216000000 
0.02700 0.778240000000 
0.02750 0.742264000000 
0.02800 0.707752000000 
0.02850 0.677260000000 
0.02900 0.646768000000 
0.02950 0.617436000000 
0.03000 0.591484000000 
0.03050 0.565530000000 
0.03100 0.540434000000 
0.03150 0.518258000000 
0.03200 0.496084000000 
0.03250 0.474482000000 
0.03300 0.455468000000 
0.03350 0.436454000000 
0.03400 0.417758000000 
0.03450 0.401400000000 
0.03500 0.385042000000 
0.03550 0.368780000000 
0.03600 0.354666000000 
0.03650 0.340552000000 
0.03700 0.326436000000 
0.03750 0.314128000000 
0.03800 0.301916000000 
0.03850 0.289702000000 
0.03900 0.278850000000 
0.03950 0.268256000000 
0.04000 0.257660000000 
0.04050 0.248058000000 
0.04100 0.238844000000 
0.04150 0.229630000000 
0.04200 0.221104000000 
0.04250 0.213074000000 
0.04300 0.205044000000 
0.04350 0.197449200000 
0.04400 0.190435400000 
0.04450 0.183421400000 
0.04500 0.176637000000 
0.04550 0.170499000000 
0.04600 0.164361000000 
0.04650 0.158283600000 
0.04700 0.152902400000 
0.04750 0.147521200000 
0.04800 0.142139800000 
0.04850 0.137337400000 
0.04900 0.132611400000 
0.04950 0.127885400000 
0.05000 0.123541400000 
0.05050 0.119384000000 
0.05100 0.115226800000 
0.05150 0.111289800000 
0.05200 0.107627200000 
0.05250 0.103964600000 
0.05300 0.100389800000 
0.05350 0.097158400000 
0.05400 0.093926800000 
0.05450 0.090695400000 
0.05500 0.087820200000 
0.05550 0.084965200000 
0.05600 0.082110200000 
0.05650 0.079477200000 
0.05700 0.076951400000 
0.05750 0.074425600000 
0.05800 0.072011400000 
0.05850 0.069774000000 
0.05900 0.067536600000 
0.05950 0.065320600000 
0.06000 0.063336400000 
0.06050 0.061352000000 
0.06100 0.059367800000 
0.06150 0.057553800000 
0.06200 0.055791800000 
0.06250 0.054030000000 
0.06300 0.052352800000 
0.06350 0.050786400000 
0.06400 0.049220200000 
0.06450 0.047668600000 
0.06500 0.046274600000 
0.06550 0.044880800000 
0.06600 0.043487000000 
0.06650 0.042202600000 
0.06700 0.040961000000 
0.06750 0.039719200000 
0.06800 0.038523200000 
0.06850 0.037415800000 
0.06900 0.036308400000 
0.06950 0.035201000000 
0.07000 0.034205800000 
0.07050 0.033217200000 
0.07100 0.032228600000 
0.07150 0.031296400000 
0.07200 0.030413000000 
0.07250 0.029529600000 
0.07300 0.028656400000 
0.07350 0.027866200000 
0.07400 0.027076000000 
0.07450 0.026285800000 
0.07500 0.025551000000 
0.07550 0.024843600000 
0.07600 0.024136000000 
0.07650 0.023444400000 
0.07700 0.022810200000 
0.07750 0.022176200000 
0.07800 0.021542200000 
0.07850 0.020956800000 
0.07900 0.020388000000 
0.07950 0.019819240000 
0.08000 0.019265700000 
0.08050 0.018755020000 
0.08100 0.018244360000 
0.08150 0.017733680000 
0.08200 0.017262520000 
0.08250 0.016803560000 
0.08300 0.016344600000 
0.08350 0.015897280000 
0.08400 0.015484460000 
0.08450 0.015071640000 
0.08500 0.014658820000 
0.08550 0.014275920000 
0.08600 0.013904240000 
0.08650 0.013532560000 
0.08700 0.013167820000 
0.08750 0.012832960000 
0.08800 0.012498100000 
0.08850 0.012163220000 
0.08900 0.011849280000 
0.08950 0.011547240000 
0.09000 0.011245180000 
0.09050 0.010945300000 
0.09100 0.010672680000 
0.09150 0.010400060000 
0.09200 0.010127440000 
0.09250 0.009867900000 
0.09300 0.009621620000 
0.09350 0.009375320000 
0.09400 0.009129020000 
0.09450 0.008904200000 
0.09500 0.008681560000 
0.09550 0.008458900000 
0.09600 0.008242760000 
0.09650 0.008041240000 
0.09700 0.007839740000 
0.09750 0.007638220000 
0.09800 0.007449980000 
0.09850 0.007267520000 
0.09900 0.007085060000 
0.09950 0.006903880000 
0.10000 0.006738500000 
0.10050 0.006573140000 
0.10100 0.006407760000 
0.10150 0.006249180000 
0.10200 0.006099200000 
0.10250 0.005949200000 
0.10300 0.005799200000 
0.10350 0.005660280000 
0.10400 0.005524140000 
0.10450 0.005387980000 
0.10500 0.005253660000 
0.10550 0.005130000000 
0.10600 0.005006320000 
0.10650 0.004882660000 
0.10700 0.004764440000 
0.10750 0.004652020000 
0.10800 0.004539620000 
0.10850 0.004427220000 
0.10900 0.004323040000 
0.10950 0.004220800000 
0.11000 0.004118560000 
0.11050 0.004017500000 
0.11100 0.003924420000 
0.11150 0.003831340000 
0.11200 0.003738260000 
0.11250 0.003648820000 
0.11300 0.003564080000 
0.11350 0.003479320000 
0.11400 0.003394580000 
0.11450 0.003315360000 
0.11500 0.003238120000 
0.11550 0.003160860000 
0.11600 0.003083820000 
0.11650 0.003013380000 
0.11700 0.002942960000 
0.11750 0.002872520000 
0.11800 0.002804020000 
0.11850 0.002739740000 
0.11900 0.002675460000 
0.11950 0.002611180000 
0.12000 0.002550240000 
0.12050 0.002491580000 
0.12100 0.002432940000 
0.12150 0.002374280000 
0.12200 0.002320000000 
0.12250 0.002266420000 
0.12300 0.002212840000 
0.12350 0.002159820000 
0.12400 0.002110860000 
0.12450 0.002061900000 
0.12500 0.002012940000 
0.12550 0.001965536000 
0.12600 0.001920790000 
0.12650 0.001876044000 
0.12700 0.001831300000 
0.12750 0.001788910000 
0.12800 0.001748002000 
0.12850 0.001707096000 
0.12900 0.001666190000 
0.12950 0.001628240000 
0.13000 0.001590814000 
0.13050 0.001553390000 
0.13100 0.001516208000 
0.13150 0.001481974000 
0.13200 0.001447742000 
0.13250 0.001413508000 
0.13300 0.001380130000 
0.13350 0.001348794000 
0.13400 0.001317458000 
0.13450 0.001286120000 
0.13500 0.001256124000 
0.13550 0.001227434000 
0.13600 0.001198744000 
0.13650 0.001170052000 
0.13700 0.001143086000 
0.13750 0.001116830000 
0.13800 0.001090574000 
0.13850 0.001064316000 
0.13900 0.001040054000 
0.13950 0.001016010000 
0.14000 0.000991964000 
0.14050 0.000968094000 
0.14100 0.000946088000 
0.14150 0.000924080000 
0.14200 0.000902074000 
0.14250 0.000880550000 
0.14300 0.000860396000 
0.14350 0.000840242000 
0.14400 0.000820088000 
0.14450 0.000800658000 
0.14500 0.000782202000 
0.14550 0.000763746000 
0.14600 0.000745290000 
0.14650 0.000727738000 
0.14700 0.000710840000 
0.14750 0.000693940000 
0.14800 0.000677040000 
0.14850 0.000661186000 
0.14900 0.000645728000 
0.14950 0.000630268000 
0.15000 0.000614808000 
0.15050 0.000600476000 
0.15100 0.000586326000 
0.15150 0.000572176000 
0.15200 0.000558026000 
0.15250 0.000545058000 
0.15300 0.000532110000 
0.15350 0.000519162000 
0.15400 0.000506318000 
0.15450 0.000494486000 
0.15500 0.000482652000 
0.15550 0.000470820000 
0.15600 0.000459182000 
0.15650 0.000448362000 
0.15700 0.000437542000 
0.15750 0.000426722000 
0.15800 0.000416158000 
0.15850 0.000406260000 
0.15900 0.000396360000 
0.15950 0.000386462000 
0.16000 0.000376866000 
0.16050 0.000367832000 
0.16100 0.000358798000 
0.16150 0.000349764000 
0.16200 0.000341054000 
0.16250 0.000332806000 
0.16300 0.000324558000 
0.16350 0.000316308000 
0.16400 0.000308390000 
0.16450 0.000300864000 
0.16500 0.000293336000 
0.16550 0.000285810000 
0.16600 0.000278612000 
0.16650 0.000271756000 
0.16700 0.000264900000 
0.16750 0.000258044000 
0.16800 0.000251494000 
0.16850 0.000245238000 
0.16900 0.000238982000 
0.16950 0.000232726000 
0.17000 0.000226760000 
0.17050 0.000221072000 
0.17100 0.000215382000 
0.17150 0.000209694000 
0.17200 0.000204256000 
0.17250 0.000199072000 
0.17300 0.000193887800 
0.17350 0.000188703600 
0.17400 0.000183742200 
0.17450 0.000179028600 
0.17500 0.000174315000 
0.17550 0.000169601200 
0.17600 0.000165077400 
0.17650 0.000160802000 
0.17700 0.000156526600 
0.17750 0.000152251200 
0.17800 0.000148124800 
0.17850 0.000144244200 
0.17900 0.000140363800 
0.17950 0.000136483200 
0.18000 0.000132712200 
0.18050 0.000129187400 
0.18100 0.000125662400 
0.18150 0.000122137600 
0.18200 0.000118687000 
0.18250 0.000115493800 
0.18300 0.000112300600 
0.18350 0.000109107600 
0.18400 0.000105953200 
0.18450 0.000103069000 
0.18500 0.000100184600 
0.18550 0.000097300400 
0.18600 0.000094420000 
0.18650 0.000091807400 
0.18700 0.000089194800 
0.18750 0.000086582200 
0.18800 0.000083969600 
0.18850 0.000081587400 
0.18900 0.000079233000 
0.18950 0.000076878600 
0.19000 0.000074524200 
0.19050 0.000072341400 
0.19100 0.000070213200 
0.19150 0.000068084800 
0.19200 0.000065956600 
0.19250 0.000063958000 
0.19300 0.000062040800 
0.19350 0.000060123400 
0.19400 0.000058206000 
0.19450 0.000056377600 
0.19500 0.000054652600 
0.19550 0.000052927400 
0.19600 0.000051202400 
0.19650 0.000049530600 
0.19700 0.000047980400 
0.19750 0.000046430400 
0.19800 0.000044880200 
0.19850 0.000043352800 
0.19900 0.000041961800 
0.19950 0.000040571000 
0.20000 0.000039180200 
0.20050 0.000037789400 
0.20100 0.000036536800 
0.20150 0.000035287400 
0.20200 0.000034038000 
0.20250 0.000032788600 
0.20300 0.000031649200 
0.20350 0.000030534800 
0.20400 0.000029420600 
0.20450 0.000028306400 
0.20500 0.000027268400 
0.20550 0.000026270800 
0.20600 0.000025273000 
0.20650 0.000024275400 
0.20700 0.000023333800 
0.20750 0.000022447800 
0.20800 0.000021561600 
0.20850 0.000020675600 
0.20900 0.000019824340 
0.20950 0.000019034280 
0.21000 0.000018244220 
0.21050 0.000017454160 
0.21100 0.000016684840 
0.21150 0.000015982260 
0.21200 0.000015279700 
0.21250 0.000014577140 
0.21300 0.000013885760 
0.21350 0.000013267380 
0.21400 0.000012648980 
0.21450 0.000012030580 
0.21500 0.000011416180 
0.21550 0.000010870080 
0.21600 0.000010324000 
0.21650 0.000009777900 
0.21700 0.000009232480 
0.21750 0.000008756260 
0.21800 0.000008280040 
0.21850 0.000007803840 
0.21900 0.000007327760 
0.21950 0.000006911840 
0.22000 0.000006495900 
0.22050 0.000006079980 
0.22100 0.000005666340 
0.22150 0.000005306180 
0.22200 0.000004946040 
0.22250 0.000004585880 
0.22300 0.000004233020 
0.22350 0.000003927420 
0.22400 0.000003621820 
0.22450 0.000003316220 
0.22500 0.000003024540 
0.22550 0.000002767240 
0.22600 0.000002509940 
0.22650 0.000002252640 
0.22700 0.000002019540 
0.22750 0.000001809320 
0.22800 0.000001599098 
0.22850 0.000001388876 
0.22900 0.000001215908 
0.22950 0.000001051026 
0.23000 0.000000886142 
0.23050 0.000000731060 
0.23100 0.000000610406 
0.23150 0.000000489752 
0.23200 0.000000369098 
0.23250 0.000000281840 
0.23300 0.000000207206 
0.23350 0.000000132572 
