0.00000 54.307400000000 
0.00050 48.272600000000 
0.00100 42.238000000000 
0.00150 36.203200000000 
0.00200 30.168400000000 
0.00250 26.055000000000 
0.00300 22.514800000000 
0.00350 19.641360000000 
0.00400 17.384500000000 
0.00450 15.267400000000 
0.00500 13.750740000000 
0.00550 12.234100000000 
0.00600 11.076820000000 
0.00650 10.017860000000 
0.00700 9.052540000000 
0.00750 8.290840000000 
0.00800 7.529160000000 
0.00850 6.924680000000 
0.00900 6.363440000000 
0.00950 5.829840000000 
0.01000 5.407900000000 
0.01050 4.985960000000 
0.01100 4.619860000000 
0.01150 4.297160000000 
0.01200 3.974480000000 
0.01250 3.715420000000 
0.01300 3.464960000000 
0.01350 3.222940000000 
0.01400 3.026040000000 
0.01450 2.829120000000 
0.01500 2.648180000000 
0.01550 2.491580000000 
0.01600 2.335000000000 
0.01650 2.196880000000 
0.01700 2.071080000000 
0.01750 1.945286000000 
0.01800 1.837878000000 
0.01850 1.735906000000 
0.01900 1.633934000000 
0.01950 1.549004000000 
0.02000 1.465668000000 
0.02050 1.382778000000 
0.02100 1.314172000000 
0.02150 1.245564000000 
0.02200 1.178380000000 
0.02250 1.121522000000 
0.02300 1.064664000000 
0.02350 1.009590000000 
0.02400 0.962184000000 
0.02450 0.914776000000 
0.02500 0.869168000000 
0.02550 0.829424000000 
0.02600 0.789680000000 
0.02650 0.751566000000 
0.02700 0.718078000000 
0.02750 0.684588000000 
0.02800 0.652474000000 
0.02850 0.624126000000 
0.02900 0.595778000000 
0.02950 0.568518000000 
0.03000 0.544420000000 
0.03050 0.520322000000 
0.03100 0.497026000000 
0.03150 0.476462000000 
0.03200 0.455898000000 
0.03250 0.435870000000 
0.03300 0.418258000000 
0.03350 0.400646000000 
0.03400 0.383332000000 
0.03450 0.368198000000 
0.03500 0.353066000000 
0.03550 0.338022000000 
0.03600 0.324978000000 
0.03650 0.311936000000 
0.03700 0.298892000000 
0.03750 0.287530000000 
0.03800 0.276258000000 
0.03850 0.264984000000 
0.03900 0.254978000000 
0.03950 0.245210000000 
0.04000 0.235440000000 
0.04050 0.226594000000 
0.04100 0.218108000000 
0.04150 0.209622000000 
0.04200 0.201774000000 
0.04250 0.194386000000 
0.04300 0.186997800000 
0.04350 0.180013800000 
0.04400 0.173567600000 
0.04450 0.167121600000 
0.04500 0.160887800000 
0.04550 0.155252600000 
0.04600 0.149617400000 
0.04650 0.144038200000 
0.04700 0.139102800000 
0.04750 0.134167200000 
0.04800 0.129231800000 
0.04850 0.124831000000 
0.04900 0.120500800000 
0.04950 0.116170600000 
0.05000 0.112193000000 
0.05050 0.108387600000 
0.05100 0.104582400000 
0.05150 0.100980000000 
0.05200 0.097630800000 
0.05250 0.094281600000 
0.05300 0.091013200000 
0.05350 0.088061000000 
0.05400 0.085108800000 
0.05450 0.082156400000 
0.05500 0.079532200000 
0.05550 0.076926200000 
0.05600 0.074320400000 
0.05650 0.071918600000 
0.05700 0.069615400000 
0.05750 0.067312000000 
0.05800 0.065111400000 
0.05850 0.063073000000 
0.05900 0.061034600000 
0.05950 0.059016000000 
0.06000 0.057209800000 
0.06050 0.055403600000 
0.06100 0.053597400000 
0.06150 0.051947400000 
0.06200 0.050345000000 
0.06250 0.048742600000 
0.06300 0.047217800000 
0.06350 0.045794600000 
0.06400 0.044371600000 
0.06450 0.042961600000 
0.06500 0.041696200000 
0.06550 0.040430800000 
0.06600 0.039165400000 
0.06650 0.038000000000 
0.06700 0.036873600000 
0.06750 0.035747400000 
0.06800 0.034662800000 
0.06850 0.033659000000 
0.06900 0.032655400000 
0.06950 0.031651600000 
0.07000 0.030750400000 
0.07050 0.029855200000 
0.07100 0.028959800000 
0.07150 0.028116000000 
0.07200 0.027316600000 
0.07250 0.026517200000 
0.07300 0.025727200000 
0.07350 0.025012800000 
0.07400 0.024298400000 
0.07450 0.023584000000 
0.07500 0.022920000000 
0.07550 0.022280800000 
0.07600 0.021641600000 
0.07650 0.021016800000 
0.07700 0.020444400000 
0.07750 0.019871980000 
0.07800 0.019299600000 
0.07850 0.018771480000 
0.07900 0.018258420000 
0.07950 0.017745360000 
0.08000 0.017246140000 
0.08050 0.016785840000 
0.08100 0.016325540000 
0.08150 0.015865240000 
0.08200 0.015440820000 
0.08250 0.015027440000 
0.08300 0.014614060000 
0.08350 0.014211260000 
0.08400 0.013839700000 
0.08450 0.013468160000 
0.08500 0.013096620000 
0.08550 0.012752200000 
0.08600 0.012417920000 
0.08650 0.012083640000 
0.08700 0.011755680000 
0.08750 0.011454720000 
0.08800 0.011153780000 
0.08850 0.010852840000 
0.08900 0.010570820000 
0.08950 0.010299560000 
0.09000 0.010028300000 
0.09050 0.009759000000 
0.09100 0.009514340000 
0.09150 0.009269680000 
0.09200 0.009025020000 
0.09250 0.008792180000 
0.09300 0.008571300000 
0.09350 0.008350440000 
0.09400 0.008129560000 
0.09450 0.007928060000 
0.09500 0.007728520000 
0.09550 0.007528980000 
0.09600 0.007335320000 
0.09650 0.007154840000 
0.09700 0.006974380000 
0.09750 0.006793900000 
0.09800 0.006625400000 
0.09850 0.006462100000 
0.09900 0.006298800000 
0.09950 0.006136660000 
0.10000 0.005988740000 
0.10050 0.005840840000 
0.10100 0.005692940000 
0.10150 0.005551140000 
0.10200 0.005417080000 
0.10250 0.005283020000 
0.10300 0.005148960000 
0.10350 0.005024840000 
0.10400 0.004903240000 
0.10450 0.004781620000 
0.10500 0.004661660000 
0.10550 0.004551260000 
0.10600 0.004440880000 
0.10650 0.004330480000 
0.10700 0.004224980000 
0.10750 0.004124700000 
0.10800 0.004024420000 
0.10850 0.003924160000 
0.10900 0.003831260000 
0.10950 0.003740120000 
0.11000 0.003648960000 
0.11050 0.003558880000 
0.11100 0.003475940000 
0.11150 0.003393020000 
0.11200 0.003310080000 
0.11250 0.003230420000 
0.11300 0.003154960000 
0.11350 0.003079500000 
0.11400 0.003004040000 
0.11450 0.002933540000 
0.11500 0.002864800000 
0.11550 0.002796040000 
0.11600 0.002727500000 
0.11650 0.002664860000 
0.11700 0.002602220000 
0.11750 0.002539560000 
0.11800 0.002478660000 
0.11850 0.002421540000 
0.11900 0.002364400000 
0.11950 0.002307260000 
0.12000 0.002253120000 
0.12050 0.002201020000 
0.12100 0.002148920000 
0.12150 0.002096820000 
0.12200 0.002048620000 
0.12250 0.002001060000 
0.12300 0.001953494000 
0.12350 0.001906420000 
0.12400 0.001862980000 
0.12450 0.001819538000 
0.12500 0.001776098000 
0.12550 0.001734048000 
0.12600 0.001694370000 
0.12650 0.001654692000 
0.12700 0.001615014000 
0.12750 0.001577436000 
0.12800 0.001541182000 
0.12850 0.001504928000 
0.12900 0.001468674000 
0.12950 0.001435056000 
0.13000 0.001401906000 
0.13050 0.001368756000 
0.13100 0.001335824000 
0.13150 0.001305518000 
0.13200 0.001275212000 
0.13250 0.001244904000 
0.13300 0.001215362000 
0.13350 0.001187634000 
0.13400 0.001159908000 
0.13450 0.001132182000 
0.13500 0.001105648000 
0.13550 0.001080276000 
0.13600 0.001054904000 
0.13650 0.001029532000 
0.13700 0.001005696000 
0.13750 0.000982488000 
0.13800 0.000959280000 
0.13850 0.000936074000 
0.13900 0.000914640000 
0.13950 0.000893398000 
0.14000 0.000872158000 
0.14050 0.000851072000 
0.14100 0.000831642000 
0.14150 0.000812210000 
0.14200 0.000792780000 
0.14250 0.000773778000 
0.14300 0.000755994000 
0.14350 0.000738208000 
0.14400 0.000720422000 
0.14450 0.000703278000 
0.14500 0.000687000000 
0.14550 0.000670720000 
0.14600 0.000654442000 
0.14650 0.000638964000 
0.14700 0.000624066000 
0.14750 0.000609168000 
0.14800 0.000594270000 
0.14850 0.000580298000 
0.14900 0.000566676000 
0.14950 0.000553054000 
0.15000 0.000539432000 
0.15050 0.000526806000 
0.15100 0.000514344000 
0.15150 0.000501882000 
0.15200 0.000489420000 
0.15250 0.000478004000 
0.15300 0.000466606000 
0.15350 0.000455208000 
0.15400 0.000443902000 
0.15450 0.000433490000 
0.15500 0.000423078000 
0.15550 0.000412666000 
0.15600 0.000402426000 
0.15650 0.000392910000 
0.15700 0.000383394000 
0.15750 0.000373878000 
0.15800 0.000364588000 
0.15850 0.000355886000 
0.15900 0.000347184000 
0.15950 0.000338482000 
0.16000 0.000330048000 
0.16050 0.000322110000 
0.16100 0.000314172000 
0.16150 0.000306234000 
0.16200 0.000298582000 
0.16250 0.000291336000 
0.16300 0.000284092000 
0.16350 0.000276848000 
0.16400 0.000269894000 
0.16450 0.000263286000 
0.16500 0.000256678000 
0.16550 0.000250070000 
0.16600 0.000243752000 
0.16650 0.000237736000 
0.16700 0.000231720000 
0.16750 0.000225704000 
0.16800 0.000219956000 
0.16850 0.000214468000 
0.16900 0.000208982000 
0.16950 0.000203494000 
0.17000 0.000198261400 
0.17050 0.000193273000 
0.17100 0.000188284600 
0.17150 0.000183296200 
0.17200 0.000178530200 
0.17250 0.000173986400 
0.17300 0.000169442600 
0.17350 0.000164898800 
0.17400 0.000160551400 
0.17450 0.000156421800 
0.17500 0.000152292000 
0.17550 0.000148162400 
0.17600 0.000144199800 
0.17650 0.000140455400 
0.17700 0.000136711200 
0.17750 0.000132967000 
0.17800 0.000129353800 
0.17850 0.000125956600 
0.17900 0.000122559600 
0.17950 0.000119162400 
0.18000 0.000115861400 
0.18050 0.000112777000 
0.18100 0.000109692400 
0.18150 0.000106608000 
0.18200 0.000103588600 
0.18250 0.000100795400 
0.18300 0.000098002200 
0.18350 0.000095209000 
0.18400 0.000092449800 
0.18450 0.000089927600 
0.18500 0.000087405600 
0.18550 0.000084883400 
0.18600 0.000082364800 
0.18650 0.000080081000 
0.18700 0.000077797400 
0.18750 0.000075513600 
0.18800 0.000073230000 
0.18850 0.000071148200 
0.18900 0.000069090800 
0.18950 0.000067033600 
0.19000 0.000064976200 
0.19050 0.000063069400 
0.19100 0.000061210400 
0.19150 0.000059351400 
0.19200 0.000057492200 
0.19250 0.000055746800 
0.19300 0.000054072600 
0.19350 0.000052398400 
0.19400 0.000050724200 
0.19450 0.000049128000 
0.19500 0.000047622000 
0.19550 0.000046116200 
0.19600 0.000044610400 
0.19650 0.000043151200 
0.19700 0.000041798600 
0.19750 0.000040445800 
0.19800 0.000039093200 
0.19850 0.000037760400 
0.19900 0.000036547000 
0.19950 0.000035333800 
0.20000 0.000034120400 
0.20050 0.000032907200 
0.20100 0.000031814800 
0.20150 0.000030725400 
0.20200 0.000029635800 
0.20250 0.000028546200 
0.20300 0.000027552800 
0.20350 0.000026581400 
0.20400 0.000025610000 
0.20450 0.000024638800 
0.20500 0.000023734000 
0.20550 0.000022864600 
0.20600 0.000021995000 
0.20650 0.000021125600 
0.20700 0.000020305000 
0.20750 0.000019533140 
0.20800 0.000018761180 
0.20850 0.000017989220 
0.20900 0.000017247580 
0.20950 0.000016559460 
0.21000 0.000015871340 
0.21050 0.000015183200 
0.21100 0.000014513200 
0.21150 0.000013901460 
0.21200 0.000013289720 
0.21250 0.000012677980 
0.21300 0.000012076020 
0.21350 0.000011537740 
0.21400 0.000010999440 
0.21450 0.000010461140 
0.21500 0.000009926340 
0.21550 0.000009451120 
0.21600 0.000008975920 
0.21650 0.000008500700 
0.21700 0.000008026060 
0.21750 0.000007611760 
0.21800 0.000007197480 
0.21850 0.000006783180 
0.21900 0.000006369000 
0.21950 0.000006007260 
0.22000 0.000005645520 
0.22050 0.000005283780 
0.22100 0.000004924040 
0.22150 0.000004610880 
0.22200 0.000004297740 
0.22250 0.000003984600 
0.22300 0.000003677780 
0.22350 0.000003412140 
0.22400 0.000003146500 
0.22450 0.000002880860 
0.22500 0.000002627340 
0.22550 0.000002403740 
0.22600 0.000002180140 
0.22650 0.000001956544 
0.22700 0.000001754002 
0.22750 0.000001571364 
0.22800 0.000001388726 
0.22850 0.000001206088 
0.22900 0.000001055844 
0.22950 0.000000912634 
0.23000 0.000000769422 
0.23050 0.000000634728 
0.23100 0.000000529958 
0.23150 0.000000425190 
0.23200 0.000000320420 
0.23250 0.000000244660 
0.23300 0.000000179868 
0.23350 0.000000115076 
