0.00000 52.115800000000 
0.00050 46.277400000000 
0.00100 40.439200000000 
0.00150 34.600800000000 
0.00200 28.762400000000 
0.00250 24.796800000000 
0.00300 21.389800000000 
0.00350 18.628940000000 
0.00400 16.465840000000 
0.00450 14.437680000000 
0.00500 12.989080000000 
0.00550 11.540500000000 
0.00600 10.437580000000 
0.00650 9.429260000000 
0.00700 8.510720000000 
0.00750 7.787460000000 
0.00800 7.064200000000 
0.00850 6.491300000000 
0.00900 5.959740000000 
0.00950 5.454560000000 
0.01000 5.055900000000 
0.01050 4.657220000000 
0.01100 4.311700000000 
0.01150 4.007500000000 
0.01200 3.703300000000 
0.01250 3.459520000000 
0.01300 3.223920000000 
0.01350 2.996300000000 
0.01400 2.811440000000 
0.01450 2.626580000000 
0.01500 2.456840000000 
0.01550 2.310120000000 
0.01600 2.163400000000 
0.01650 2.034120000000 
0.01700 1.916468000000 
0.01750 1.798824000000 
0.01800 1.698510000000 
0.01850 1.603316000000 
0.01900 1.508124000000 
0.01950 1.428966000000 
0.02000 1.351308000000 
0.02050 1.274066000000 
0.02100 1.210240000000 
0.02150 1.146416000000 
0.02200 1.083924000000 
0.02250 1.031116000000 
0.02300 0.978306000000 
0.02350 0.927168000000 
0.02400 0.883208000000 
0.02450 0.839248000000 
0.02500 0.796970000000 
0.02550 0.760174000000 
0.02600 0.723376000000 
0.02650 0.688100000000 
0.02700 0.657142000000 
0.02750 0.626184000000 
0.02800 0.596506000000 
0.02850 0.570340000000 
0.02900 0.544172000000 
0.02950 0.519016000000 
0.03000 0.496806000000 
0.03050 0.474594000000 
0.03100 0.453128000000 
0.03150 0.434200000000 
0.03200 0.415272000000 
0.03250 0.396842000000 
0.03300 0.380654000000 
0.03350 0.364466000000 
0.03400 0.348554000000 
0.03450 0.334664000000 
0.03500 0.320772000000 
0.03550 0.306964000000 
0.03600 0.295008000000 
0.03650 0.283052000000 
0.03700 0.271098000000 
0.03750 0.260694000000 
0.03800 0.250374000000 
0.03850 0.240054000000 
0.03900 0.230904000000 
0.03950 0.221972000000 
0.04000 0.213040000000 
0.04050 0.204960000000 
0.04100 0.197211000000 
0.04150 0.189462200000 
0.04200 0.182301200000 
0.04250 0.175563200000 
0.04300 0.168825000000 
0.04350 0.162458800000 
0.04400 0.156587200000 
0.04450 0.150715600000 
0.04500 0.145039000000 
0.04550 0.139912200000 
0.04600 0.134785400000 
0.04650 0.129710000000 
0.04700 0.125225000000 
0.04750 0.120740200000 
0.04800 0.116255200000 
0.04850 0.112260200000 
0.04900 0.108329800000 
0.04950 0.104399600000 
0.05000 0.100792000000 
0.05050 0.097342000000 
0.05100 0.093892000000 
0.05150 0.090627600000 
0.05200 0.087594600000 
0.05250 0.084561600000 
0.05300 0.081602200000 
0.05350 0.078931600000 
0.05400 0.076261000000 
0.05450 0.073590600000 
0.05500 0.071219000000 
0.05550 0.068864200000 
0.05600 0.066509600000 
0.05650 0.064340800000 
0.05700 0.062261800000 
0.05750 0.060182800000 
0.05800 0.058197200000 
0.05850 0.056359200000 
0.05900 0.054521400000 
0.05950 0.052701200000 
0.06000 0.051074200000 
0.06050 0.049447400000 
0.06100 0.047820400000 
0.06150 0.046335400000 
0.06200 0.044893600000 
0.06250 0.043451800000 
0.06300 0.042080200000 
0.06350 0.040801000000 
0.06400 0.039521800000 
0.06450 0.038254400000 
0.06500 0.037118200000 
0.06550 0.035981800000 
0.06600 0.034845400000 
0.06650 0.033799600000 
0.06700 0.032789200000 
0.06750 0.031778600000 
0.06800 0.030806000000 
0.06850 0.029906400000 
0.06900 0.029006800000 
0.06950 0.028107400000 
0.07000 0.027300400000 
0.07050 0.026498800000 
0.07100 0.025697000000 
0.07150 0.024941800000 
0.07200 0.024226800000 
0.07250 0.023511600000 
0.07300 0.022805000000 
0.07350 0.022166600000 
0.07400 0.021528000000 
0.07450 0.020889600000 
0.07500 0.020296400000 
0.07550 0.019725760000 
0.07600 0.019155060000 
0.07650 0.018597280000 
0.07700 0.018086660000 
0.07750 0.017576060000 
0.07800 0.017065440000 
0.07850 0.016594620000 
0.07900 0.016137360000 
0.07950 0.015680080000 
0.08000 0.015235240000 
0.08050 0.014825340000 
0.08100 0.014415460000 
0.08150 0.014005560000 
0.08200 0.013627860000 
0.08250 0.013260080000 
0.08300 0.012892300000 
0.08350 0.012534000000 
0.08400 0.012203720000 
0.08450 0.011873440000 
0.08500 0.011543140000 
0.08550 0.011237160000 
0.08600 0.010940260000 
0.08650 0.010643380000 
0.08700 0.010352120000 
0.08750 0.010085040000 
0.08800 0.009817980000 
0.08850 0.009550900000 
0.08900 0.009300760000 
0.08950 0.009060240000 
0.09000 0.008819720000 
0.09050 0.008580940000 
0.09100 0.008364180000 
0.09150 0.008147420000 
0.09200 0.007930660000 
0.09250 0.007724460000 
0.09300 0.007528940000 
0.09350 0.007333400000 
0.09400 0.007137880000 
0.09450 0.006959640000 
0.09500 0.006783120000 
0.09550 0.006606620000 
0.09600 0.006435360000 
0.09650 0.006275860000 
0.09700 0.006116360000 
0.09750 0.005956860000 
0.09800 0.005808000000 
0.09850 0.005663800000 
0.09900 0.005519580000 
0.09950 0.005376380000 
0.10000 0.005245860000 
0.10050 0.005115340000 
0.10100 0.004984820000 
0.10150 0.004859740000 
0.10200 0.004741540000 
0.10250 0.004623320000 
0.10300 0.004505100000 
0.10350 0.004395740000 
0.10400 0.004288580000 
0.10450 0.004181440000 
0.10500 0.004075740000 
0.10550 0.003978540000 
0.10600 0.003881360000 
0.10650 0.003784160000 
0.10700 0.003691300000 
0.10750 0.003603080000 
0.10800 0.003514860000 
0.10850 0.003426640000 
0.10900 0.003344960000 
0.10950 0.003264840000 
0.11000 0.003184700000 
0.11050 0.003105500000 
0.11100 0.003032640000 
0.11150 0.002959800000 
0.11200 0.002886940000 
0.11250 0.002816980000 
0.11300 0.002750740000 
0.11350 0.002684480000 
0.11400 0.002618240000 
0.11450 0.002556380000 
0.11500 0.002496080000 
0.11550 0.002435780000 
0.11600 0.002375640000 
0.11650 0.002320720000 
0.11700 0.002265820000 
0.11750 0.002210900000 
0.11800 0.002157520000 
0.11850 0.002107480000 
0.11900 0.002057420000 
0.11950 0.002007380000 
0.12000 0.001959954000 
0.12050 0.001914348000 
0.12100 0.001868740000 
0.12150 0.001823134000 
0.12200 0.001780962000 
0.12250 0.001739354000 
0.12300 0.001697746000 
0.12350 0.001656568000 
0.12400 0.001618592000 
0.12450 0.001580614000 
0.12500 0.001542638000 
0.12550 0.001505886000 
0.12600 0.001471222000 
0.12650 0.001436556000 
0.12700 0.001401892000 
0.12750 0.001369076000 
0.12800 0.001337424000 
0.12850 0.001305772000 
0.12900 0.001274120000 
0.12950 0.001244786000 
0.13000 0.001215862000 
0.13050 0.001186940000 
0.13100 0.001158208000 
0.13150 0.001131782000 
0.13200 0.001105358000 
0.13250 0.001078932000 
0.13300 0.001053176000 
0.13350 0.001029016000 
0.13400 0.001004856000 
0.13450 0.000980696000 
0.13500 0.000957582000 
0.13550 0.000935488000 
0.13600 0.000913394000 
0.13650 0.000891300000 
0.13700 0.000870550000 
0.13750 0.000850354000 
0.13800 0.000830158000 
0.13850 0.000809960000 
0.13900 0.000791316000 
0.13950 0.000772842000 
0.14000 0.000754368000 
0.14050 0.000736030000 
0.14100 0.000719140000 
0.14150 0.000702250000 
0.14200 0.000685362000 
0.14250 0.000668848000 
0.14300 0.000653398000 
0.14350 0.000637946000 
0.14400 0.000622496000 
0.14450 0.000607608000 
0.14500 0.000593474000 
0.14550 0.000579342000 
0.14600 0.000565208000 
0.14650 0.000551776000 
0.14700 0.000538850000 
0.14750 0.000525922000 
0.14800 0.000512996000 
0.14850 0.000500878000 
0.14900 0.000489064000 
0.14950 0.000477252000 
0.15000 0.000465440000 
0.15050 0.000454496000 
0.15100 0.000443696000 
0.15150 0.000432894000 
0.15200 0.000422094000 
0.15250 0.000412204000 
0.15300 0.000402332000 
0.15350 0.000392460000 
0.15400 0.000382666000 
0.15450 0.000373652000 
0.15500 0.000364638000 
0.15550 0.000355626000 
0.15600 0.000346762000 
0.15650 0.000338528000 
0.15700 0.000330294000 
0.15750 0.000322060000 
0.15800 0.000314024000 
0.15850 0.000306498000 
0.15900 0.000298972000 
0.15950 0.000291448000 
0.16000 0.000284156000 
0.16050 0.000277294000 
0.16100 0.000270434000 
0.16150 0.000263572000 
0.16200 0.000256958000 
0.16250 0.000250700000 
0.16300 0.000244442000 
0.16350 0.000238184000 
0.16400 0.000232178000 
0.16450 0.000226472000 
0.16500 0.000220768000 
0.16550 0.000215062000 
0.16600 0.000209608000 
0.16650 0.000204416000 
0.16700 0.000199223600 
0.16750 0.000194031600 
0.16800 0.000189072400 
0.16850 0.000184339200 
0.16900 0.000179606000 
0.16950 0.000174872800 
0.17000 0.000170360600 
0.17050 0.000166060000 
0.17100 0.000161759200 
0.17150 0.000157458400 
0.17200 0.000153350200 
0.17250 0.000149434800 
0.17300 0.000145519400 
0.17350 0.000141603800 
0.17400 0.000137858200 
0.17450 0.000134301400 
0.17500 0.000130744400 
0.17550 0.000127187400 
0.17600 0.000123774800 
0.17650 0.000120551200 
0.17700 0.000117327800 
0.17750 0.000114104200 
0.17800 0.000110994000 
0.17850 0.000108070600 
0.17900 0.000105147200 
0.17950 0.000102223800 
0.18000 0.000099383600 
0.18050 0.000096730600 
0.18100 0.000094077400 
0.18150 0.000091424400 
0.18200 0.000088827400 
0.18250 0.000086426000 
0.18300 0.000084024400 
0.18350 0.000081623000 
0.18400 0.000079250800 
0.18450 0.000077083200 
0.18500 0.000074915800 
0.18550 0.000072748200 
0.18600 0.000070583600 
0.18650 0.000068622000 
0.18700 0.000066660200 
0.18750 0.000064698400 
0.18800 0.000062736600 
0.18850 0.000060949000 
0.18900 0.000059182400 
0.18950 0.000057415800 
0.19000 0.000055649200 
0.19050 0.000054012200 
0.19100 0.000052416600 
0.19150 0.000050821000 
0.19200 0.000049225400 
0.19250 0.000047727600 
0.19300 0.000046291200 
0.19350 0.000044854800 
0.19400 0.000043418400 
0.19450 0.000042049000 
0.19500 0.000040757400 
0.19550 0.000039466000 
0.19600 0.000038174600 
0.19650 0.000036923200 
0.19700 0.000035763600 
0.19750 0.000034604000 
0.19800 0.000033444200 
0.19850 0.000032301600 
0.19900 0.000031262000 
0.19950 0.000030222200 
0.20000 0.000029182400 
0.20050 0.000028142600 
0.20100 0.000027207000 
0.20150 0.000026273600 
0.20200 0.000025340200 
0.20250 0.000024406800 
0.20300 0.000023556200 
0.20350 0.000022724400 
0.20400 0.000021892400 
0.20450 0.000021060600 
0.20500 0.000020286200 
0.20550 0.000019541820 
0.20600 0.000018797520 
0.20650 0.000018053240 
0.20700 0.000017351020 
0.20750 0.000016690420 
0.20800 0.000016029840 
0.20850 0.000015369260 
0.20900 0.000014734720 
0.20950 0.000014146080 
0.21000 0.000013557460 
0.21050 0.000012968820 
0.21100 0.000012395740 
0.21150 0.000011872640 
0.21200 0.000011349540 
0.21250 0.000010826440 
0.21300 0.000010311740 
0.21350 0.000009851580 
0.21400 0.000009391440 
0.21450 0.000008931300 
0.21500 0.000008474140 
0.21550 0.000008068060 
0.21600 0.000007661980 
0.21650 0.000007255900 
0.21700 0.000006850300 
0.21750 0.000006496400 
0.21800 0.000006142480 
0.21850 0.000005788560 
0.21900 0.000005434760 
0.21950 0.000005125840 
0.22000 0.000004816940 
0.22050 0.000004508020 
0.22100 0.000004200820 
0.22150 0.000003933480 
0.22200 0.000003666160 
0.22250 0.000003398840 
0.22300 0.000003136920 
0.22350 0.000002910220 
0.22400 0.000002683520 
0.22450 0.000002456820 
0.22500 0.000002240460 
0.22550 0.000002049700 
0.22600 0.000001858946 
0.22650 0.000001668184 
0.22700 0.000001495412 
0.22750 0.000001339642 
0.22800 0.000001183872 
0.22850 0.000001028102 
0.22900 0.000000899992 
0.22950 0.000000777886 
0.23000 0.000000655778 
0.23050 0.000000540942 
0.23100 0.000000451638 
0.23150 0.000000362336 
0.23200 0.000000273032 
0.23250 0.000000208468 
0.23300 0.000000153256 
0.23350 0.000000098044 
