0.00000 49.949200000000 
0.00050 44.306800000000 
0.00100 38.664200000000 
0.00150 33.021600000000 
0.00200 27.379000000000 
0.00250 23.560600000000 
0.00300 20.286400000000 
0.00350 17.637800000000 
0.00400 15.568000000000 
0.00450 13.628260000000 
0.00500 12.247180000000 
0.00550 10.866100000000 
0.00600 9.816980000000 
0.00650 8.858700000000 
0.00700 7.986380000000 
0.00750 7.300980000000 
0.00800 6.615580000000 
0.00850 6.073680000000 
0.00900 5.571260000000 
0.00950 5.093960000000 
0.01000 4.718060000000 
0.01050 4.342160000000 
0.01100 4.016720000000 
0.01150 3.730540000000 
0.01200 3.444360000000 
0.01250 3.215440000000 
0.01300 2.994280000000 
0.01350 2.780660000000 
0.01400 2.607480000000 
0.01450 2.434280000000 
0.01500 2.275360000000 
0.01550 2.138160000000 
0.01600 2.000980000000 
0.01650 1.880218000000 
0.01700 1.770420000000 
0.01750 1.660624000000 
0.01800 1.567120000000 
0.01850 1.478436000000 
0.01900 1.389750000000 
0.01950 1.316116000000 
0.02000 1.243890000000 
0.02050 1.172056000000 
0.02100 1.112794000000 
0.02150 1.053532000000 
0.02200 0.995518000000 
0.02250 0.946564000000 
0.02300 0.897610000000 
0.02350 0.850216000000 
0.02400 0.809530000000 
0.02450 0.768842000000 
0.02500 0.729724000000 
0.02550 0.695718000000 
0.02600 0.661712000000 
0.02650 0.629122000000 
0.02700 0.600554000000 
0.02750 0.571988000000 
0.02800 0.544610000000 
0.02850 0.520498000000 
0.02900 0.496388000000 
0.02950 0.473216000000 
0.03000 0.452778000000 
0.03050 0.432340000000 
0.03100 0.412592000000 
0.03150 0.395200000000 
0.03200 0.377808000000 
0.03250 0.360876000000 
0.03300 0.346022000000 
0.03350 0.331166000000 
0.03400 0.316566000000 
0.03450 0.303836000000 
0.03500 0.291108000000 
0.03550 0.278452000000 
0.03600 0.267510000000 
0.03650 0.256568000000 
0.03700 0.245626000000 
0.03750 0.236116000000 
0.03800 0.226682000000 
0.03850 0.217250000000 
0.03900 0.208892000000 
0.03950 0.200738000000 
0.04000 0.192584400000 
0.04050 0.185213000000 
0.04100 0.178147400000 
0.04150 0.171081800000 
0.04200 0.164556200000 
0.04250 0.158419400000 
0.04300 0.152282800000 
0.04350 0.146487400000 
0.04400 0.141146000000 
0.04450 0.135804800000 
0.04500 0.130642400000 
0.04550 0.125984000000 
0.04600 0.121325600000 
0.04650 0.116714200000 
0.04700 0.112643800000 
0.04750 0.108573200000 
0.04800 0.104502800000 
0.04850 0.100880400000 
0.04900 0.097317400000 
0.04950 0.093754200000 
0.05000 0.090485800000 
0.05050 0.087361600000 
0.05100 0.084237400000 
0.05150 0.081282600000 
0.05200 0.078538800000 
0.05250 0.075795200000 
0.05300 0.073118600000 
0.05350 0.070705400000 
0.05400 0.068292200000 
0.05450 0.065879000000 
0.05500 0.063738000000 
0.05550 0.061612600000 
0.05600 0.059487000000 
0.05650 0.057530600000 
0.05700 0.055655800000 
0.05750 0.053781000000 
0.05800 0.051991000000 
0.05850 0.050335400000 
0.05900 0.048679600000 
0.05950 0.047040200000 
0.06000 0.045576000000 
0.06050 0.044112000000 
0.06100 0.042647800000 
0.06150 0.041312400000 
0.06200 0.040016000000 
0.06250 0.038719800000 
0.06300 0.037487200000 
0.06350 0.036338200000 
0.06400 0.035189200000 
0.06450 0.034051000000 
0.06500 0.033031400000 
0.06550 0.032011600000 
0.06600 0.030992000000 
0.06650 0.030054200000 
0.06700 0.029148400000 
0.06750 0.028242600000 
0.06800 0.027370800000 
0.06850 0.026565000000 
0.06900 0.025759400000 
0.06950 0.024953800000 
0.07000 0.024231600000 
0.07050 0.023514400000 
0.07100 0.022797000000 
0.07150 0.022121600000 
0.07200 0.021482200000 
0.07250 0.020843000000 
0.07300 0.020211400000 
0.07350 0.019641020000 
0.07400 0.019070700000 
0.07450 0.018500400000 
0.07500 0.017970960000 
0.07550 0.017461640000 
0.07600 0.016952340000 
0.07650 0.016454660000 
0.07700 0.015999380000 
0.07750 0.015544100000 
0.07800 0.015088840000 
0.07850 0.014669300000 
0.07900 0.014261920000 
0.07950 0.013854560000 
0.08000 0.013458340000 
0.08050 0.013093500000 
0.08100 0.012728640000 
0.08150 0.012363800000 
0.08200 0.012027820000 
0.08250 0.011700720000 
0.08300 0.011373620000 
0.08350 0.011055020000 
0.08400 0.010761520000 
0.08450 0.010468040000 
0.08500 0.010174540000 
0.08550 0.009902780000 
0.08600 0.009639180000 
0.08650 0.009375560000 
0.08700 0.009117000000 
0.08750 0.008880040000 
0.08800 0.008643100000 
0.08850 0.008406160000 
0.08900 0.008184360000 
0.08950 0.007971140000 
0.09000 0.007757920000 
0.09050 0.007546260000 
0.09100 0.007354260000 
0.09150 0.007162260000 
0.09200 0.006970260000 
0.09250 0.006787680000 
0.09300 0.006614620000 
0.09350 0.006441560000 
0.09400 0.006268500000 
0.09450 0.006110860000 
0.09500 0.005954760000 
0.09550 0.005798660000 
0.09600 0.005647220000 
0.09650 0.005506260000 
0.09700 0.005365300000 
0.09750 0.005224340000 
0.09800 0.005092880000 
0.09850 0.004965520000 
0.09900 0.004838160000 
0.09950 0.004711720000 
0.10000 0.004596560000 
0.10050 0.004481380000 
0.10100 0.004366220000 
0.10150 0.004255880000 
0.10200 0.004151640000 
0.10250 0.004047400000 
0.10300 0.003943160000 
0.10350 0.003846780000 
0.10400 0.003752380000 
0.10450 0.003657960000 
0.10500 0.003564840000 
0.10550 0.003479260000 
0.10600 0.003393680000 
0.10650 0.003308120000 
0.10700 0.003226380000 
0.10750 0.003148760000 
0.10800 0.003071140000 
0.10850 0.002993520000 
0.10900 0.002921700000 
0.10950 0.002851240000 
0.11000 0.002780780000 
0.11050 0.002711160000 
0.11100 0.002647140000 
0.11150 0.002583120000 
0.11200 0.002519120000 
0.11250 0.002457660000 
0.11300 0.002399500000 
0.11350 0.002341340000 
0.11400 0.002283180000 
0.11450 0.002228880000 
0.11500 0.002175980000 
0.11550 0.002123060000 
0.11600 0.002070300000 
0.11650 0.002022140000 
0.11700 0.001973998000 
0.11750 0.001925848000 
0.11800 0.001879052000 
0.11850 0.001835198000 
0.11900 0.001791346000 
0.11950 0.001747492000 
0.12000 0.001705954000 
0.12050 0.001666018000 
0.12100 0.001626080000 
0.12150 0.001586144000 
0.12200 0.001549236000 
0.12250 0.001512824000 
0.12300 0.001476414000 
0.12350 0.001440382000 
0.12400 0.001407170000 
0.12450 0.001373958000 
0.12500 0.001340746000 
0.12550 0.001308614000 
0.12600 0.001278318000 
0.12650 0.001248022000 
0.12700 0.001217726000 
0.12750 0.001189058000 
0.12800 0.001161412000 
0.12850 0.001133766000 
0.12900 0.001106120000 
0.12950 0.001080512000 
0.13000 0.001055266000 
0.13050 0.001030020000 
0.13100 0.001004942000 
0.13150 0.000981890000 
0.13200 0.000958838000 
0.13250 0.000935788000 
0.13300 0.000913324000 
0.13350 0.000892260000 
0.13400 0.000871198000 
0.13450 0.000850134000 
0.13500 0.000829990000 
0.13550 0.000810740000 
0.13600 0.000791490000 
0.13650 0.000772240000 
0.13700 0.000754170000 
0.13750 0.000736582000 
0.13800 0.000718996000 
0.13850 0.000701410000 
0.13900 0.000685184000 
0.13950 0.000669108000 
0.14000 0.000653030000 
0.14050 0.000637072000 
0.14100 0.000622382000 
0.14150 0.000607694000 
0.14200 0.000593004000 
0.14250 0.000578642000 
0.14300 0.000565212000 
0.14350 0.000551782000 
0.14400 0.000538352000 
0.14450 0.000525414000 
0.14500 0.000513136000 
0.14550 0.000500858000 
0.14600 0.000488580000 
0.14650 0.000476914000 
0.14700 0.000465690000 
0.14750 0.000454466000 
0.14800 0.000443242000 
0.14850 0.000432724000 
0.14900 0.000422474000 
0.14950 0.000412222000 
0.15000 0.000401972000 
0.15050 0.000392480000 
0.15100 0.000383112000 
0.15150 0.000373746000 
0.15200 0.000364378000 
0.15250 0.000355806000 
0.15300 0.000347246000 
0.15350 0.000338688000 
0.15400 0.000330200000 
0.15450 0.000322390000 
0.15500 0.000314582000 
0.15550 0.000306772000 
0.15600 0.000299092000 
0.15650 0.000291964000 
0.15700 0.000284834000 
0.15750 0.000277704000 
0.15800 0.000270744000 
0.15850 0.000264232000 
0.15900 0.000257718000 
0.15950 0.000251206000 
0.16000 0.000244896000 
0.16050 0.000238960000 
0.16100 0.000233026000 
0.16150 0.000227090000 
0.16200 0.000221370000 
0.16250 0.000215960000 
0.16300 0.000210548000 
0.16350 0.000205136000 
0.16400 0.000199945400 
0.16450 0.000195014800 
0.16500 0.000190084000 
0.16550 0.000185153400 
0.16600 0.000180441000 
0.16650 0.000175956200 
0.16700 0.000171471400 
0.16750 0.000166986600 
0.16800 0.000162704000 
0.16850 0.000158617400 
0.16900 0.000154531000 
0.16950 0.000150444400 
0.17000 0.000146549600 
0.17050 0.000142838200 
0.17100 0.000139126800 
0.17150 0.000135415200 
0.17200 0.000131870800 
0.17250 0.000128493400 
0.17300 0.000125116000 
0.17350 0.000121738600 
0.17400 0.000118508600 
0.17450 0.000115441800 
0.17500 0.000112375000 
0.17550 0.000109308200 
0.17600 0.000106366600 
0.17650 0.000103588400 
0.17700 0.000100810400 
0.17750 0.000098032200 
0.17800 0.000095352200 
0.17850 0.000092834000 
0.17900 0.000090315600 
0.17950 0.000087797400 
0.18000 0.000085351000 
0.18050 0.000083066400 
0.18100 0.000080782000 
0.18150 0.000078497600 
0.18200 0.000076261600 
0.18250 0.000074194600 
0.18300 0.000072127800 
0.18350 0.000070060800 
0.18400 0.000068019200 
0.18450 0.000066154400 
0.18500 0.000064289600 
0.18550 0.000062424600 
0.18600 0.000060562400 
0.18650 0.000058875400 
0.18700 0.000057188200 
0.18750 0.000055501200 
0.18800 0.000053814000 
0.18850 0.000052277200 
0.18900 0.000050758400 
0.18950 0.000049239800 
0.19000 0.000047721200 
0.19050 0.000046314400 
0.19100 0.000044943200 
0.19150 0.000043572000 
0.19200 0.000042201000 
0.19250 0.000040914200 
0.19300 0.000039680200 
0.19350 0.000038446400 
0.19400 0.000037212600 
0.19450 0.000036036600 
0.19500 0.000034927600 
0.19550 0.000033818600 
0.19600 0.000032709600 
0.19650 0.000031635400 
0.19700 0.000030640000 
0.19750 0.000029644600 
0.19800 0.000028649200 
0.19850 0.000027668600 
0.19900 0.000026776400 
0.19950 0.000025884200 
0.20000 0.000024992200 
0.20050 0.000024100000 
0.20100 0.000023297400 
0.20150 0.000022496800 
0.20200 0.000021696200 
0.20250 0.000020895800 
0.20300 0.000020166200 
0.20350 0.000019453040 
0.20400 0.000018739800 
0.20450 0.000018026560 
0.20500 0.000017362600 
0.20550 0.000016724660 
0.20600 0.000016086720 
0.20650 0.000015448780 
0.20700 0.000014846980 
0.20750 0.000014280980 
0.20800 0.000013714960 
0.20850 0.000013148960 
0.20900 0.000012605320 
0.20950 0.000012101140 
0.21000 0.000011596960 
0.21050 0.000011092780 
0.21100 0.000010601940 
0.21150 0.000010154040 
0.21200 0.000009706140 
0.21250 0.000009258260 
0.21300 0.000008817540 
0.21350 0.000008423680 
0.21400 0.000008029800 
0.21450 0.000007635920 
0.21500 0.000007244620 
0.21550 0.000006897140 
0.21600 0.000006549660 
0.21650 0.000006202180 
0.21700 0.000005855120 
0.21750 0.000005552380 
0.21800 0.000005249620 
0.21850 0.000004946880 
0.21900 0.000004644220 
0.21950 0.000004380040 
0.22000 0.000004115880 
0.22050 0.000003851700 
0.22100 0.000003589000 
0.22150 0.000003360460 
0.22200 0.000003131940 
0.22250 0.000002903400 
0.22300 0.000002679500 
0.22350 0.000002485760 
0.22400 0.000002292000 
0.22450 0.000002098260 
0.22500 0.000001913372 
0.22550 0.000001750388 
0.22600 0.000001587404 
0.22650 0.000001424422 
0.22700 0.000001276828 
0.22750 0.000001143780 
0.22800 0.000001010734 
0.22850 0.000000877686 
0.22900 0.000000768286 
0.22950 0.000000664022 
0.23000 0.000000559756 
0.23050 0.000000461702 
0.23100 0.000000385470 
0.23150 0.000000309236 
0.23200 0.000000233004 
0.23250 0.000000177898 
0.23300 0.000000130779 
0.23350 0.000000083660 
