0.00000 47.903200000000 
0.00050 42.449800000000 
0.00100 36.996600000000 
0.00150 31.543200000000 
0.00200 26.089800000000 
0.00250 22.412200000000 
0.00300 19.264540000000 
0.00350 16.722580000000 
0.00400 14.740900000000 
0.00450 12.884560000000 
0.00500 11.566780000000 
0.00550 10.249000000000 
0.00600 9.250100000000 
0.00650 8.338460000000 
0.00700 7.509140000000 
0.00750 6.858840000000 
0.00800 6.208540000000 
0.00850 5.695320000000 
0.00900 5.219800000000 
0.00950 4.768200000000 
0.01000 4.413220000000 
0.01050 4.058240000000 
0.01100 3.751260000000 
0.01150 3.481580000000 
0.01200 3.211900000000 
0.01250 2.996560000000 
0.01300 2.788560000000 
0.01350 2.587700000000 
0.01400 2.425140000000 
0.01450 2.262580000000 
0.01500 2.113480000000 
0.01550 1.984930000000 
0.01600 1.856384000000 
0.01650 1.743340000000 
0.01700 1.640636000000 
0.01750 1.537932000000 
0.01800 1.450576000000 
0.01850 1.367758000000 
0.01900 1.284938000000 
0.01950 1.216274000000 
0.02000 1.148932000000 
0.02050 1.081958000000 
0.02100 1.026790000000 
0.02150 0.971620000000 
0.02200 0.917622000000 
0.02250 0.872116000000 
0.02300 0.826612000000 
0.02350 0.782566000000 
0.02400 0.744800000000 
0.02450 0.707032000000 
0.02500 0.670732000000 
0.02550 0.639212000000 
0.02600 0.607690000000 
0.02650 0.577492000000 
0.02700 0.551048000000 
0.02750 0.524604000000 
0.02800 0.499270000000 
0.02850 0.476980000000 
0.02900 0.454692000000 
0.02950 0.433276000000 
0.03000 0.414408000000 
0.03050 0.395538000000 
0.03100 0.377312000000 
0.03150 0.361274000000 
0.03200 0.345238000000 
0.03250 0.329628000000 
0.03300 0.315948000000 
0.03350 0.302268000000 
0.03400 0.288824000000 
0.03450 0.277114000000 
0.03500 0.265406000000 
0.03550 0.253766000000 
0.03600 0.243712000000 
0.03650 0.233660000000 
0.03700 0.223606000000 
0.03750 0.214878000000 
0.03800 0.206222000000 
0.03850 0.197565400000 
0.03900 0.189904000000 
0.03950 0.182429800000 
0.04000 0.174955600000 
0.04050 0.168203800000 
0.04100 0.161734600000 
0.04150 0.155265200000 
0.04200 0.149294000000 
0.04250 0.143681400000 
0.04300 0.138068600000 
0.04350 0.132770400000 
0.04400 0.127890600000 
0.04450 0.123010600000 
0.04500 0.118295400000 
0.04550 0.114043800000 
0.04600 0.109792200000 
0.04650 0.105584000000 
0.04700 0.101872800000 
0.04750 0.098161800000 
0.04800 0.094450600000 
0.04850 0.091151000000 
0.04900 0.087905800000 
0.04950 0.084660600000 
0.05000 0.081685800000 
0.05050 0.078843200000 
0.05100 0.076000600000 
0.05150 0.073313000000 
0.05200 0.070819200000 
0.05250 0.068325200000 
0.05300 0.065892800000 
0.05350 0.063701400000 
0.05400 0.061510000000 
0.05450 0.059318600000 
0.05500 0.057376200000 
0.05550 0.055447800000 
0.05600 0.053519400000 
0.05650 0.051745600000 
0.05700 0.050046400000 
0.05750 0.048347200000 
0.05800 0.046725400000 
0.05850 0.045226200000 
0.05900 0.043726800000 
0.05950 0.042242400000 
0.06000 0.040917800000 
0.06050 0.039593200000 
0.06100 0.038268600000 
0.06150 0.037061200000 
0.06200 0.035889600000 
0.06250 0.034717800000 
0.06300 0.033604200000 
0.06350 0.032566400000 
0.06400 0.031528800000 
0.06450 0.030501000000 
0.06500 0.029581000000 
0.06550 0.028661000000 
0.06600 0.027741000000 
0.06650 0.026895400000 
0.06700 0.026078600000 
0.06750 0.025262000000 
0.06800 0.024476400000 
0.06850 0.023750600000 
0.06900 0.023025000000 
0.06950 0.022299200000 
0.07000 0.021649200000 
0.07050 0.021003600000 
0.07100 0.020358200000 
0.07150 0.019750420000 
0.07200 0.019175560000 
0.07250 0.018600700000 
0.07300 0.018032720000 
0.07350 0.017520280000 
0.07400 0.017007840000 
0.07450 0.016495400000 
0.07500 0.016019940000 
0.07550 0.015562680000 
0.07600 0.015105440000 
0.07650 0.014658700000 
0.07700 0.014250260000 
0.07750 0.013841840000 
0.07800 0.013433420000 
0.07850 0.013057280000 
0.07900 0.012692120000 
0.07950 0.012326960000 
0.08000 0.011971860000 
0.08050 0.011645080000 
0.08100 0.011318280000 
0.08150 0.010991500000 
0.08200 0.010690720000 
0.08250 0.010397980000 
0.08300 0.010105220000 
0.08350 0.009820120000 
0.08400 0.009557640000 
0.08450 0.009295160000 
0.08500 0.009032680000 
0.08550 0.008789760000 
0.08600 0.008554180000 
0.08650 0.008318600000 
0.08700 0.008087560000 
0.08750 0.007875980000 
0.08800 0.007664380000 
0.08850 0.007452780000 
0.08900 0.007254800000 
0.08950 0.007064520000 
0.09000 0.006874260000 
0.09050 0.006685400000 
0.09100 0.006514180000 
0.09150 0.006342980000 
0.09200 0.006171780000 
0.09250 0.006009020000 
0.09300 0.005854800000 
0.09350 0.005700600000 
0.09400 0.005546380000 
0.09450 0.005406000000 
0.09500 0.005266980000 
0.09550 0.005127980000 
0.09600 0.004993180000 
0.09650 0.004867740000 
0.09700 0.004742320000 
0.09750 0.004616880000 
0.09800 0.004499940000 
0.09850 0.004386700000 
0.09900 0.004273460000 
0.09950 0.004161020000 
0.10000 0.004058680000 
0.10050 0.003956340000 
0.10100 0.003853980000 
0.10150 0.003755960000 
0.10200 0.003663400000 
0.10250 0.003570840000 
0.10300 0.003478280000 
0.10350 0.003392720000 
0.10400 0.003308940000 
0.10450 0.003225160000 
0.10500 0.003142520000 
0.10550 0.003066620000 
0.10600 0.002990740000 
0.10650 0.002914840000 
0.10700 0.002842380000 
0.10750 0.002773580000 
0.10800 0.002704780000 
0.10850 0.002635980000 
0.10900 0.002572360000 
0.10950 0.002509960000 
0.11000 0.002447560000 
0.11050 0.002385900000 
0.11100 0.002329240000 
0.11150 0.002272580000 
0.11200 0.002215920000 
0.11250 0.002161540000 
0.11300 0.002110080000 
0.11350 0.002058620000 
0.11400 0.002007180000 
0.11450 0.001959176000 
0.11500 0.001912398000 
0.11550 0.001865620000 
0.11600 0.001818976000 
0.11650 0.001776434000 
0.11700 0.001733894000 
0.11750 0.001691354000 
0.11800 0.001650016000 
0.11850 0.001611296000 
0.11900 0.001572574000 
0.11950 0.001533854000 
0.12000 0.001497188000 
0.12050 0.001461946000 
0.12100 0.001426706000 
0.12150 0.001391464000 
0.12200 0.001358910000 
0.12250 0.001326798000 
0.12300 0.001294688000 
0.12350 0.001262912000 
0.12400 0.001233640000 
0.12450 0.001204368000 
0.12500 0.001175094000 
0.12550 0.001146778000 
0.12600 0.001120092000 
0.12650 0.001093406000 
0.12700 0.001066718000 
0.12750 0.001041472000 
0.12800 0.001017134000 
0.12850 0.000992796000 
0.12900 0.000968456000 
0.12950 0.000945922000 
0.13000 0.000923710000 
0.13050 0.000901496000 
0.13100 0.000879432000 
0.13150 0.000859160000 
0.13200 0.000838888000 
0.13250 0.000818618000 
0.13300 0.000798866000 
0.13350 0.000780354000 
0.13400 0.000761842000 
0.13450 0.000743330000 
0.13500 0.000725630000 
0.13550 0.000708722000 
0.13600 0.000691812000 
0.13650 0.000674904000 
0.13700 0.000659036000 
0.13750 0.000643596000 
0.13800 0.000628156000 
0.13850 0.000612716000 
0.13900 0.000598478000 
0.13950 0.000584372000 
0.14000 0.000570264000 
0.14050 0.000556262000 
0.14100 0.000543380000 
0.14150 0.000530498000 
0.14200 0.000517614000 
0.14250 0.000505022000 
0.14300 0.000493250000 
0.14350 0.000481478000 
0.14400 0.000469706000 
0.14450 0.000458366000 
0.14500 0.000447610000 
0.14550 0.000436854000 
0.14600 0.000426098000 
0.14650 0.000415880000 
0.14700 0.000406052000 
0.14750 0.000396224000 
0.14800 0.000386396000 
0.14850 0.000377190000 
0.14900 0.000368218000 
0.14950 0.000359248000 
0.15000 0.000350276000 
0.15050 0.000341972000 
0.15100 0.000333778000 
0.15150 0.000325584000 
0.15200 0.000317388000 
0.15250 0.000309894000 
0.15300 0.000302410000 
0.15350 0.000294928000 
0.15400 0.000287506000 
0.15450 0.000280682000 
0.15500 0.000273858000 
0.15550 0.000267032000 
0.15600 0.000260322000 
0.15650 0.000254094000 
0.15700 0.000247866000 
0.15750 0.000241638000 
0.15800 0.000235560000 
0.15850 0.000229874000 
0.15900 0.000224188000 
0.15950 0.000218502000 
0.16000 0.000212994000 
0.16050 0.000207814000 
0.16100 0.000202634000 
0.16150 0.000197454600 
0.16200 0.000192464000 
0.16250 0.000187744000 
0.16300 0.000183023800 
0.16350 0.000178303800 
0.16400 0.000173776200 
0.16450 0.000169477200 
0.16500 0.000165178000 
0.16550 0.000160879000 
0.16600 0.000156771200 
0.16650 0.000152862600 
0.16700 0.000148953800 
0.16750 0.000145045200 
0.16800 0.000141313600 
0.16850 0.000137753800 
0.16900 0.000134193800 
0.16950 0.000130634000 
0.17000 0.000127241800 
0.17050 0.000124010000 
0.17100 0.000120778000 
0.17150 0.000117546200 
0.17200 0.000114460400 
0.17250 0.000111520800 
0.17300 0.000108581000 
0.17350 0.000105641400 
0.17400 0.000102830400 
0.17450 0.000100162200 
0.17500 0.000097494000 
0.17550 0.000094825800 
0.17600 0.000092266800 
0.17650 0.000089850800 
0.17700 0.000087434600 
0.17750 0.000085018400 
0.17800 0.000082688000 
0.17850 0.000080498800 
0.17900 0.000078309400 
0.17950 0.000076120200 
0.18000 0.000073993600 
0.18050 0.000072008400 
0.18100 0.000070023200 
0.18150 0.000068038000 
0.18200 0.000066095200 
0.18250 0.000064299600 
0.18300 0.000062504200 
0.18350 0.000060708600 
0.18400 0.000058935200 
0.18450 0.000057315800 
0.18500 0.000055696600 
0.18550 0.000054077200 
0.18600 0.000052460000 
0.18650 0.000050995600 
0.18700 0.000049531200 
0.18750 0.000048066800 
0.18800 0.000046602200 
0.18850 0.000045268600 
0.18900 0.000043951000 
0.18950 0.000042633200 
0.19000 0.000041315400 
0.19050 0.000040095000 
0.19100 0.000038905600 
0.19150 0.000037716400 
0.19200 0.000036527000 
0.19250 0.000035411000 
0.19300 0.000034341200 
0.19350 0.000033271400 
0.19400 0.000032201400 
0.19450 0.000031181800 
0.19500 0.000030220600 
0.19550 0.000029259400 
0.19600 0.000028298200 
0.19650 0.000027367000 
0.19700 0.000026504400 
0.19750 0.000025642000 
0.19800 0.000024779600 
0.19850 0.000023929800 
0.19900 0.000023157000 
0.19950 0.000022384200 
0.20000 0.000021611400 
0.20050 0.000020838600 
0.20100 0.000020143600 
0.20150 0.000019450400 
0.20200 0.000018757200 
0.20250 0.000018063980 
0.20300 0.000017432480 
0.20350 0.000016815060 
0.20400 0.000016197640 
0.20450 0.000015580220 
0.20500 0.000015005580 
0.20550 0.000014453520 
0.20600 0.000013901460 
0.20650 0.000013349400 
0.20700 0.000012828700 
0.20750 0.000012339040 
0.20800 0.000011849380 
0.20850 0.000011359700 
0.20900 0.000010889440 
0.20950 0.000010453400 
0.21000 0.000010017380 
0.21050 0.000009581340 
0.21100 0.000009156860 
0.21150 0.000008769620 
0.21200 0.000008382400 
0.21250 0.000007995160 
0.21300 0.000007614140 
0.21350 0.000007273700 
0.21400 0.000006933280 
0.21450 0.000006592840 
0.21500 0.000006254620 
0.21550 0.000005954380 
0.21600 0.000005654120 
0.21650 0.000005353880 
0.21700 0.000005054000 
0.21750 0.000004792480 
0.21800 0.000004530960 
0.21850 0.000004269440 
0.21900 0.000004008000 
0.21950 0.000003779860 
0.22000 0.000003551740 
0.22050 0.000003323600 
0.22100 0.000003096740 
0.22150 0.000002899440 
0.22200 0.000002702140 
0.22250 0.000002504840 
0.22300 0.000002311540 
0.22350 0.000002144320 
0.22400 0.000001977100 
0.22450 0.000001809876 
0.22500 0.000001650312 
0.22550 0.000001509680 
0.22600 0.000001369048 
0.22650 0.000001228416 
0.22700 0.000001101080 
0.22750 0.000000986310 
0.22800 0.000000871538 
0.22850 0.000000756766 
0.22900 0.000000662416 
0.22950 0.000000572496 
0.23000 0.000000482578 
0.23050 0.000000398018 
0.23100 0.000000332292 
0.23150 0.000000266564 
0.23200 0.000000200838 
0.23250 0.000000153334 
0.23300 0.000000112718 
0.23350 0.000000072103 
