0.00000 45.846400000000 
0.00050 40.584600000000 
0.00100 35.322600000000 
0.00150 30.060800000000 
0.00200 24.798800000000 
0.00250 21.263200000000 
0.00300 18.242380000000 
0.00350 15.807240000000 
0.00400 13.913680000000 
0.00450 12.140780000000 
0.00500 10.886240000000 
0.00550 9.631700000000 
0.00600 8.682980000000 
0.00650 7.817920000000 
0.00700 7.031580000000 
0.00750 6.416340000000 
0.00800 5.801100000000 
0.00850 5.316540000000 
0.00900 4.867880000000 
0.00950 4.441980000000 
0.01000 4.107920000000 
0.01050 3.773880000000 
0.01100 3.485320000000 
0.01150 3.232140000000 
0.01200 2.978960000000 
0.01250 2.777180000000 
0.01300 2.582360000000 
0.01350 2.394280000000 
0.01400 2.242340000000 
0.01450 2.090400000000 
0.01500 1.951154000000 
0.01550 1.831260000000 
0.01600 1.711366000000 
0.01650 1.606046000000 
0.01700 1.510448000000 
0.01750 1.414850000000 
0.01800 1.333650000000 
0.01850 1.256710000000 
0.01900 1.179770000000 
0.01950 1.116084000000 
0.02000 1.053640000000 
0.02050 0.991538000000 
0.02100 0.940472000000 
0.02150 0.889408000000 
0.02200 0.839432000000 
0.02250 0.797386000000 
0.02300 0.755340000000 
0.02350 0.714654000000 
0.02400 0.679816000000 
0.02450 0.644980000000 
0.02500 0.611506000000 
0.02550 0.582480000000 
0.02600 0.553452000000 
0.02650 0.525652000000 
0.02700 0.501340000000 
0.02750 0.477028000000 
0.02800 0.453744000000 
0.02850 0.433284000000 
0.02900 0.412824000000 
0.02950 0.393172000000 
0.03000 0.375880000000 
0.03050 0.358586000000 
0.03100 0.341886000000 
0.03150 0.327208000000 
0.03200 0.312532000000 
0.03250 0.298252000000 
0.03300 0.285750000000 
0.03350 0.273250000000 
0.03400 0.260966000000 
0.03450 0.250284000000 
0.03500 0.239600000000 
0.03550 0.228980000000 
0.03600 0.219820000000 
0.03650 0.210660000000 
0.03700 0.201500000000 
0.03750 0.193558000000 
0.03800 0.185681400000 
0.03850 0.177804800000 
0.03900 0.170841800000 
0.03950 0.164050600000 
0.04000 0.157259200000 
0.04050 0.151130200000 
0.04100 0.145260000000 
0.04150 0.139389600000 
0.04200 0.133975200000 
0.04250 0.128889200000 
0.04300 0.123803000000 
0.04350 0.119004200000 
0.04400 0.114587800000 
0.04450 0.110171400000 
0.04500 0.105905200000 
0.04550 0.102062400000 
0.04600 0.098219600000 
0.04650 0.094416400000 
0.04700 0.091066200000 
0.04750 0.087716200000 
0.04800 0.084366200000 
0.04850 0.081390800000 
0.04900 0.078464800000 
0.04950 0.075539000000 
0.05000 0.072859000000 
0.05050 0.070299200000 
0.05100 0.067739400000 
0.05150 0.065320600000 
0.05200 0.063077600000 
0.05250 0.060834400000 
0.05300 0.058647200000 
0.05350 0.056678600000 
0.05400 0.054710000000 
0.05450 0.052741200000 
0.05500 0.050998200000 
0.05550 0.049268000000 
0.05600 0.047537600000 
0.05650 0.045947200000 
0.05700 0.044424200000 
0.05750 0.042901400000 
0.05800 0.041448400000 
0.05850 0.040106000000 
0.05900 0.038763800000 
0.05950 0.037435000000 
0.06000 0.036250400000 
0.06050 0.035066000000 
0.06100 0.033881400000 
0.06150 0.032802600000 
0.06200 0.031756000000 
0.06250 0.030709200000 
0.06300 0.029715000000 
0.06350 0.028789000000 
0.06400 0.027863200000 
0.06450 0.026946200000 
0.06500 0.026126000000 
0.06550 0.025306000000 
0.06600 0.024486000000 
0.06650 0.023732800000 
0.06700 0.023005600000 
0.06750 0.022278400000 
0.06800 0.021579200000 
0.06850 0.020933600000 
0.06900 0.020288200000 
0.06950 0.019642620000 
0.07000 0.019065080000 
0.07050 0.018491460000 
0.07100 0.017917840000 
0.07150 0.017378120000 
0.07200 0.016867860000 
0.07250 0.016357580000 
0.07300 0.015853460000 
0.07350 0.015399040000 
0.07400 0.014944620000 
0.07450 0.014490220000 
0.07500 0.014068860000 
0.07550 0.013663780000 
0.07600 0.013258700000 
0.07650 0.012863020000 
0.07700 0.012501540000 
0.07750 0.012140080000 
0.07800 0.011778620000 
0.07850 0.011445940000 
0.07900 0.011123080000 
0.07950 0.010800220000 
0.08000 0.010486320000 
0.08050 0.010197660000 
0.08100 0.009909000000 
0.08150 0.009620340000 
0.08200 0.009354840000 
0.08250 0.009096500000 
0.08300 0.008838140000 
0.08350 0.008586600000 
0.08400 0.008355160000 
0.08450 0.008123740000 
0.08500 0.007892320000 
0.08550 0.007678280000 
0.08600 0.007470760000 
0.08650 0.007263260000 
0.08700 0.007059760000 
0.08750 0.006873540000 
0.08800 0.006687340000 
0.08850 0.006501120000 
0.08900 0.006326960000 
0.08950 0.006159660000 
0.09000 0.005992360000 
0.09050 0.005826320000 
0.09100 0.005675900000 
0.09150 0.005525500000 
0.09200 0.005375080000 
0.09250 0.005232160000 
0.09300 0.005096800000 
0.09350 0.004961440000 
0.09400 0.004826100000 
0.09450 0.004702960000 
0.09500 0.004581060000 
0.09550 0.004459160000 
0.09600 0.004340960000 
0.09650 0.004231060000 
0.09700 0.004121140000 
0.09750 0.004011240000 
0.09800 0.003908840000 
0.09850 0.003809700000 
0.09900 0.003710540000 
0.09950 0.003612120000 
0.10000 0.003522600000 
0.10050 0.003433060000 
0.10100 0.003343540000 
0.10150 0.003257820000 
0.10200 0.003176920000 
0.10250 0.003096020000 
0.10300 0.003015120000 
0.10350 0.002940400000 
0.10400 0.002867220000 
0.10450 0.002794060000 
0.10500 0.002721900000 
0.10550 0.002655660000 
0.10600 0.002589440000 
0.10650 0.002523220000 
0.10700 0.002460000000 
0.10750 0.002400020000 
0.10800 0.002340040000 
0.10850 0.002280060000 
0.10900 0.002224620000 
0.10950 0.002170260000 
0.11000 0.002115900000 
0.11050 0.002062180000 
0.11100 0.002012840000 
0.11150 0.001963524000 
0.11200 0.001914200000 
0.11250 0.001866876000 
0.11300 0.001822120000 
0.11350 0.001777362000 
0.11400 0.001732606000 
0.11450 0.001690878000 
0.11500 0.001650220000 
0.11550 0.001609562000 
0.11600 0.001569020000 
0.11650 0.001532072000 
0.11700 0.001495124000 
0.11750 0.001458176000 
0.11800 0.001422282000 
0.11850 0.001388678000 
0.11900 0.001355072000 
0.11950 0.001321468000 
0.12000 0.001289662000 
0.12050 0.001259100000 
0.12100 0.001228536000 
0.12150 0.001197974000 
0.12200 0.001169760000 
0.12250 0.001141934000 
0.12300 0.001114106000 
0.12350 0.001086572000 
0.12400 0.001061224000 
0.12450 0.001035876000 
0.12500 0.001010528000 
0.12550 0.000986014000 
0.12600 0.000962920000 
0.12650 0.000939828000 
0.12700 0.000916734000 
0.12750 0.000894898000 
0.12800 0.000873852000 
0.12850 0.000852806000 
0.12900 0.000831760000 
0.12950 0.000812286000 
0.13000 0.000793092000 
0.13050 0.000773898000 
0.13100 0.000754832000 
0.13150 0.000737328000 
0.13200 0.000719824000 
0.13250 0.000702320000 
0.13300 0.000685268000 
0.13350 0.000669294000 
0.13400 0.000653320000 
0.13450 0.000637346000 
0.13500 0.000622078000 
0.13550 0.000607496000 
0.13600 0.000592916000 
0.13650 0.000578334000 
0.13700 0.000564658000 
0.13750 0.000551352000 
0.13800 0.000538048000 
0.13850 0.000524742000 
0.13900 0.000512480000 
0.13950 0.000500332000 
0.14000 0.000488184000 
0.14050 0.000476128000 
0.14100 0.000465040000 
0.14150 0.000453954000 
0.14200 0.000442866000 
0.14250 0.000432030000 
0.14300 0.000421906000 
0.14350 0.000411782000 
0.14400 0.000401658000 
0.14450 0.000391908000 
0.14500 0.000382664000 
0.14550 0.000373418000 
0.14600 0.000364174000 
0.14650 0.000355396000 
0.14700 0.000346954000 
0.14750 0.000338512000 
0.14800 0.000330070000 
0.14850 0.000322166000 
0.14900 0.000314466000 
0.14950 0.000306764000 
0.15000 0.000299062000 
0.15050 0.000291938000 
0.15100 0.000284908000 
0.15150 0.000277878000 
0.15200 0.000270850000 
0.15250 0.000264422000 
0.15300 0.000258008000 
0.15350 0.000251592000 
0.15400 0.000245230000 
0.15450 0.000239382000 
0.15500 0.000233534000 
0.15550 0.000227686000 
0.15600 0.000221938000 
0.15650 0.000216604000 
0.15700 0.000211270000 
0.15750 0.000205938000 
0.15800 0.000200734000 
0.15850 0.000195867400 
0.15900 0.000191000800 
0.15950 0.000186134200 
0.16000 0.000181420800 
0.16050 0.000176990400 
0.16100 0.000172560200 
0.16150 0.000168129800 
0.16200 0.000163862000 
0.16250 0.000159827000 
0.16300 0.000155792000 
0.16350 0.000151756800 
0.16400 0.000147887400 
0.16450 0.000144214200 
0.16500 0.000140541200 
0.16550 0.000136868000 
0.16600 0.000133359200 
0.16650 0.000130021400 
0.16700 0.000126683800 
0.16750 0.000123346000 
0.16800 0.000120160200 
0.16850 0.000117122000 
0.16900 0.000114083800 
0.16950 0.000111045600 
0.17000 0.000108151200 
0.17050 0.000105394200 
0.17100 0.000102637400 
0.17150 0.000099880600 
0.17200 0.000097249000 
0.17250 0.000094742600 
0.17300 0.000092236400 
0.17350 0.000089730200 
0.17400 0.000087334000 
0.17450 0.000085060400 
0.17500 0.000082786800 
0.17550 0.000080513200 
0.17600 0.000078333000 
0.17650 0.000076275000 
0.17700 0.000074217200 
0.17750 0.000072159200 
0.17800 0.000070174800 
0.17850 0.000068311000 
0.17900 0.000066447200 
0.17950 0.000064583400 
0.18000 0.000062773400 
0.18050 0.000061084200 
0.18100 0.000059395000 
0.18150 0.000057706000 
0.18200 0.000056053000 
0.18250 0.000054526000 
0.18300 0.000052999000 
0.18350 0.000051471800 
0.18400 0.000049963800 
0.18450 0.000048587200 
0.18500 0.000047210600 
0.18550 0.000045834000 
0.18600 0.000044459400 
0.18650 0.000043215000 
0.18700 0.000041970600 
0.18750 0.000040726400 
0.18800 0.000039482000 
0.18850 0.000038349400 
0.18900 0.000037230200 
0.18950 0.000036111000 
0.19000 0.000034991800 
0.19050 0.000033955600 
0.19100 0.000032946000 
0.19150 0.000031936200 
0.19200 0.000030926600 
0.19250 0.000029979600 
0.19300 0.000029071800 
0.19350 0.000028163800 
0.19400 0.000027256000 
0.19450 0.000026391000 
0.19500 0.000025575600 
0.19550 0.000024760400 
0.19600 0.000023945000 
0.19650 0.000023155400 
0.19700 0.000022424000 
0.19750 0.000021692800 
0.19800 0.000020961600 
0.19850 0.000020241200 
0.19900 0.000019586240 
0.19950 0.000018931320 
0.20000 0.000018276380 
0.20050 0.000017621440 
0.20100 0.000017032680 
0.20150 0.000016445460 
0.20200 0.000015858220 
0.20250 0.000015270980 
0.20300 0.000014736160 
0.20350 0.000014213320 
0.20400 0.000013690480 
0.20450 0.000013167640 
0.20500 0.000012681160 
0.20550 0.000012213880 
0.20600 0.000011746580 
0.20650 0.000011279280 
0.20700 0.000010838600 
0.20750 0.000010424260 
0.20800 0.000010009940 
0.20850 0.000009595600 
0.20900 0.000009197740 
0.20950 0.000008828940 
0.21000 0.000008460140 
0.21050 0.000008091320 
0.21100 0.000007732340 
0.21150 0.000007404920 
0.21200 0.000007077520 
0.21250 0.000006750120 
0.21300 0.000006427980 
0.21350 0.000006140260 
0.21400 0.000005852520 
0.21450 0.000005564780 
0.21500 0.000005278940 
0.21550 0.000005025260 
0.21600 0.000004771600 
0.21650 0.000004517920 
0.21700 0.000004264560 
0.21750 0.000004043680 
0.21800 0.000003822800 
0.21850 0.000003601920 
0.21900 0.000003381120 
0.21950 0.000003188500 
0.22000 0.000002995900 
0.22050 0.000002803300 
0.22100 0.000002611760 
0.22150 0.000002445240 
0.22200 0.000002278720 
0.22250 0.000002112200 
0.22300 0.000001949082 
0.22350 0.000001807994 
0.22400 0.000001666906 
0.22450 0.000001525818 
0.22500 0.000001391206 
0.22550 0.000001272596 
0.22600 0.000001153984 
0.22650 0.000001035374 
0.22700 0.000000927992 
0.22750 0.000000831226 
0.22800 0.000000734458 
0.22850 0.000000637690 
0.22900 0.000000558158 
0.22950 0.000000482370 
0.23000 0.000000406580 
0.23050 0.000000335312 
0.23100 0.000000279930 
0.23150 0.000000224550 
0.23200 0.000000169168 
0.23250 0.000000129149 
0.23300 0.000000094937 
0.23350 0.000000060725 
