0.00000 44.097200000000 
0.00050 38.993000000000 
0.00100 33.888800000000 
0.00150 28.784600000000 
0.00200 23.680200000000 
0.00250 20.263400000000 
0.00300 17.349820000000 
0.00350 15.005440000000 
0.00400 13.187380000000 
0.00450 11.486060000000 
0.00500 10.286220000000 
0.00550 9.086400000000 
0.00600 8.181280000000 
0.00650 7.356800000000 
0.00700 6.607920000000 
0.00750 6.023400000000 
0.00800 5.438860000000 
0.00850 4.979440000000 
0.00900 4.554440000000 
0.00950 4.151140000000 
0.01000 3.835540000000 
0.01050 3.519940000000 
0.01100 3.247680000000 
0.01150 3.009120000000 
0.01200 2.770540000000 
0.01250 2.580800000000 
0.01300 2.397660000000 
0.01350 2.220940000000 
0.01400 2.078440000000 
0.01450 1.935958000000 
0.01500 1.805474000000 
0.01550 1.693292000000 
0.01600 1.581110000000 
0.01650 1.482682000000 
0.01700 1.393426000000 
0.01750 1.304172000000 
0.01800 1.228476000000 
0.01850 1.156792000000 
0.01900 1.085108000000 
0.01950 1.025882000000 
0.02000 0.967820000000 
0.02050 0.910080000000 
0.02100 0.862694000000 
0.02150 0.815308000000 
0.02200 0.768942000000 
0.02250 0.730000000000 
0.02300 0.691058000000 
0.02350 0.653386000000 
0.02400 0.621182000000 
0.02450 0.588978000000 
0.02500 0.558046000000 
0.02550 0.531262000000 
0.02600 0.504476000000 
0.02650 0.478836000000 
0.02700 0.456442000000 
0.02750 0.434046000000 
0.02800 0.412610000000 
0.02850 0.393796000000 
0.02900 0.374984000000 
0.02950 0.356922000000 
0.03000 0.341048000000 
0.03050 0.325174000000 
0.03100 0.309850000000 
0.03150 0.296402000000 
0.03200 0.282952000000 
0.03250 0.269870000000 
0.03300 0.258434000000 
0.03350 0.246998000000 
0.03400 0.235762000000 
0.03450 0.226004000000 
0.03500 0.216246000000 
0.03550 0.206546000000 
0.03600 0.198193200000 
0.03650 0.189840000000 
0.03700 0.181486800000 
0.03750 0.174255800000 
0.03800 0.167084400000 
0.03850 0.159912800000 
0.03900 0.153581200000 
0.03950 0.147407400000 
0.04000 0.141233600000 
0.04050 0.135667600000 
0.04100 0.130339200000 
0.04150 0.125010800000 
0.04200 0.120100000000 
0.04250 0.115490200000 
0.04300 0.110880400000 
0.04350 0.106533600000 
0.04400 0.102536600000 
0.04450 0.098539800000 
0.04500 0.094680200000 
0.04550 0.091207400000 
0.04600 0.087734800000 
0.04650 0.084298000000 
0.04700 0.081274800000 
0.04750 0.078251600000 
0.04800 0.075228400000 
0.04850 0.072546600000 
0.04900 0.069910000000 
0.04950 0.067273400000 
0.05000 0.064860400000 
0.05050 0.062557000000 
0.05100 0.060253400000 
0.05150 0.058077800000 
0.05200 0.056062000000 
0.05250 0.054046400000 
0.05300 0.052081200000 
0.05350 0.050314400000 
0.05400 0.048547600000 
0.05450 0.046780800000 
0.05500 0.045218400000 
0.05550 0.043667600000 
0.05600 0.042116800000 
0.05650 0.040692600000 
0.05700 0.039329400000 
0.05750 0.037966200000 
0.05800 0.036666200000 
0.05850 0.035466400000 
0.05900 0.034266400000 
0.05950 0.033078600000 
0.06000 0.032021000000 
0.06050 0.030963600000 
0.06100 0.029906000000 
0.06150 0.028943600000 
0.06200 0.028010400000 
0.06250 0.027077200000 
0.06300 0.026191000000 
0.06350 0.025366400000 
0.06400 0.024541800000 
0.06450 0.023725200000 
0.06500 0.022995800000 
0.06550 0.022266400000 
0.06600 0.021537000000 
0.06650 0.020867600000 
0.06700 0.020221600000 
0.06750 0.019575540000 
0.06800 0.018954460000 
0.06850 0.018381700000 
0.06900 0.017808920000 
0.06950 0.017236160000 
0.07000 0.016724240000 
0.07050 0.016215840000 
0.07100 0.015707460000 
0.07150 0.015229400000 
0.07200 0.014777660000 
0.07250 0.014325940000 
0.07300 0.013879720000 
0.07350 0.013477900000 
0.07400 0.013076100000 
0.07450 0.012674280000 
0.07500 0.012301980000 
0.07550 0.011944200000 
0.07600 0.011586420000 
0.07650 0.011237020000 
0.07700 0.010918120000 
0.07750 0.010599240000 
0.07800 0.010280340000 
0.07850 0.009987080000 
0.07900 0.009702560000 
0.07950 0.009418020000 
0.08000 0.009141480000 
0.08050 0.008887380000 
0.08100 0.008633260000 
0.08150 0.008379160000 
0.08200 0.008145640000 
0.08250 0.007918460000 
0.08300 0.007691280000 
0.08350 0.007470160000 
0.08400 0.007266880000 
0.08450 0.007063600000 
0.08500 0.006860320000 
0.08550 0.006672460000 
0.08600 0.006490360000 
0.08650 0.006308280000 
0.08700 0.006129760000 
0.08750 0.005966540000 
0.08800 0.005803320000 
0.08850 0.005640100000 
0.08900 0.005487540000 
0.08950 0.005341060000 
0.09000 0.005194560000 
0.09050 0.005049180000 
0.09100 0.004917620000 
0.09150 0.004786040000 
0.09200 0.004654480000 
0.09250 0.004529520000 
0.09300 0.004411240000 
0.09350 0.004292980000 
0.09400 0.004174700000 
0.09450 0.004067200000 
0.09500 0.003960780000 
0.09550 0.003854360000 
0.09600 0.003751220000 
0.09650 0.003655380000 
0.09700 0.003559520000 
0.09750 0.003463680000 
0.09800 0.003374440000 
0.09850 0.003288060000 
0.09900 0.003201680000 
0.09950 0.003115940000 
0.10000 0.003038020000 
0.10050 0.002960100000 
0.10100 0.002882180000 
0.10150 0.002807600000 
0.10200 0.002737260000 
0.10250 0.002666920000 
0.10300 0.002596560000 
0.10350 0.002531640000 
0.10400 0.002468080000 
0.10450 0.002404520000 
0.10500 0.002341840000 
0.10550 0.002284360000 
0.10600 0.002226900000 
0.10650 0.002169420000 
0.10700 0.002114580000 
0.10750 0.002062580000 
0.10800 0.002010560000 
0.10850 0.001958560000 
0.10900 0.001910530000 
0.10950 0.001863434000 
0.11000 0.001816338000 
0.11050 0.001769808000 
0.11100 0.001727122000 
0.11150 0.001684434000 
0.11200 0.001641748000 
0.11250 0.001600808000 
0.11300 0.001562108000 
0.11350 0.001523408000 
0.11400 0.001484708000 
0.11450 0.001448650000 
0.11500 0.001413526000 
0.11550 0.001378404000 
0.11600 0.001343380000 
0.11650 0.001311490000 
0.11700 0.001279600000 
0.11750 0.001247710000 
0.11800 0.001216738000 
0.11850 0.001187760000 
0.11900 0.001158782000 
0.11950 0.001129802000 
0.12000 0.001102388000 
0.12050 0.001076054000 
0.12100 0.001049722000 
0.12150 0.001023390000 
0.12200 0.000999098000 
0.12250 0.000975144000 
0.12300 0.000951188000 
0.12350 0.000927490000 
0.12400 0.000905686000 
0.12450 0.000883884000 
0.12500 0.000862082000 
0.12550 0.000841004000 
0.12600 0.000821158000 
0.12650 0.000801312000 
0.12700 0.000781466000 
0.12750 0.000762710000 
0.12800 0.000744638000 
0.12850 0.000726568000 
0.12900 0.000708496000 
0.12950 0.000691786000 
0.13000 0.000675318000 
0.13050 0.000658850000 
0.13100 0.000642494000 
0.13150 0.000627490000 
0.13200 0.000612484000 
0.13250 0.000597478000 
0.13300 0.000582864000 
0.13350 0.000569182000 
0.13400 0.000555500000 
0.13450 0.000541818000 
0.13500 0.000528744000 
0.13550 0.000516266000 
0.13600 0.000503786000 
0.13650 0.000491308000 
0.13700 0.000479608000 
0.13750 0.000468230000 
0.13800 0.000456852000 
0.13850 0.000445474000 
0.13900 0.000434996000 
0.13950 0.000424616000 
0.14000 0.000414234000 
0.14050 0.000403932000 
0.14100 0.000394466000 
0.14150 0.000385000000 
0.14200 0.000375534000 
0.14250 0.000366284000 
0.14300 0.000357646000 
0.14350 0.000349008000 
0.14400 0.000340370000 
0.14450 0.000332054000 
0.14500 0.000324172000 
0.14550 0.000316292000 
0.14600 0.000308410000 
0.14650 0.000300930000 
0.14700 0.000293738000 
0.14750 0.000286546000 
0.14800 0.000279356000 
0.14850 0.000272626000 
0.14900 0.000266070000 
0.14950 0.000259514000 
0.15000 0.000252958000 
0.15050 0.000246898000 
0.15100 0.000240918000 
0.15150 0.000234938000 
0.15200 0.000228958000 
0.15250 0.000223496000 
0.15300 0.000218042000 
0.15350 0.000212590000 
0.15400 0.000207180000 
0.15450 0.000202214000 
0.15500 0.000197246400 
0.15550 0.000192279200 
0.15600 0.000187396200 
0.15650 0.000182869200 
0.15700 0.000178342200 
0.15750 0.000173815200 
0.15800 0.000169399000 
0.15850 0.000165271000 
0.15900 0.000161143000 
0.15950 0.000157015000 
0.16000 0.000153017800 
0.16050 0.000149262400 
0.16100 0.000145507000 
0.16150 0.000141751600 
0.16200 0.000138134800 
0.16250 0.000134716800 
0.16300 0.000131298600 
0.16350 0.000127880600 
0.16400 0.000124603800 
0.16450 0.000121494400 
0.16500 0.000118385000 
0.16550 0.000115275600 
0.16600 0.000112306000 
0.16650 0.000109482200 
0.16700 0.000106658600 
0.16750 0.000103834800 
0.16800 0.000101140600 
0.16850 0.000098572000 
0.16900 0.000096003400 
0.16950 0.000093434600 
0.17000 0.000090988400 
0.17050 0.000088659000 
0.17100 0.000086329600 
0.17150 0.000084000400 
0.17200 0.000081777600 
0.17250 0.000079661200 
0.17300 0.000077545000 
0.17350 0.000075428800 
0.17400 0.000073406200 
0.17450 0.000071487400 
0.17500 0.000069568800 
0.17550 0.000067650200 
0.17600 0.000065810800 
0.17650 0.000064075200 
0.17700 0.000062339600 
0.17750 0.000060604000 
0.17800 0.000058930600 
0.17850 0.000057359800 
0.17900 0.000055788800 
0.17950 0.000054218000 
0.18000 0.000052692600 
0.18050 0.000051269600 
0.18100 0.000049846600 
0.18150 0.000048423800 
0.18200 0.000047031600 
0.18250 0.000045746000 
0.18300 0.000044460400 
0.18350 0.000043174800 
0.18400 0.000041905200 
0.18450 0.000040746800 
0.18500 0.000039588400 
0.18550 0.000038430000 
0.18600 0.000037273400 
0.18650 0.000036227000 
0.18700 0.000035180600 
0.18750 0.000034134200 
0.18800 0.000033087600 
0.18850 0.000032135600 
0.18900 0.000031194800 
0.18950 0.000030254200 
0.19000 0.000029313400 
0.19050 0.000028442800 
0.19100 0.000027594600 
0.19150 0.000026746400 
0.19200 0.000025898200 
0.19250 0.000025103000 
0.19300 0.000024340600 
0.19350 0.000023578400 
0.19400 0.000022816200 
0.19450 0.000022090000 
0.19500 0.000021405800 
0.19550 0.000020721600 
0.19600 0.000020037400 
0.19650 0.000019374720 
0.19700 0.000018761360 
0.19750 0.000018148020 
0.19800 0.000017534660 
0.19850 0.000016930440 
0.19900 0.000016381360 
0.19950 0.000015832280 
0.20000 0.000015283200 
0.20050 0.000014734120 
0.20100 0.000014240780 
0.20150 0.000013748700 
0.20200 0.000013256620 
0.20250 0.000012764560 
0.20300 0.000012316580 
0.20350 0.000011878660 
0.20400 0.000011440760 
0.20450 0.000011002860 
0.20500 0.000010595520 
0.20550 0.000010204320 
0.20600 0.000009813120 
0.20650 0.000009421920 
0.20700 0.000009053080 
0.20750 0.000008706380 
0.20800 0.000008359680 
0.20850 0.000008012980 
0.20900 0.000007680100 
0.20950 0.000007371640 
0.21000 0.000007063180 
0.21050 0.000006754700 
0.21100 0.000006454480 
0.21150 0.000006180760 
0.21200 0.000005907060 
0.21250 0.000005633340 
0.21300 0.000005364060 
0.21350 0.000005123620 
0.21400 0.000004883180 
0.21450 0.000004642740 
0.21500 0.000004403880 
0.21550 0.000004191980 
0.21600 0.000003980100 
0.21650 0.000003768220 
0.21700 0.000003556600 
0.21750 0.000003372180 
0.21800 0.000003187760 
0.21850 0.000003003340 
0.21900 0.000002818980 
0.21950 0.000002658240 
0.22000 0.000002497500 
0.22050 0.000002336760 
0.22100 0.000002176920 
0.22150 0.000002038000 
0.22200 0.000001899094 
0.22250 0.000001760184 
0.22300 0.000001624112 
0.22350 0.000001506462 
0.22400 0.000001388812 
0.22450 0.000001271162 
0.22500 0.000001158924 
0.22550 0.000001060058 
0.22600 0.000000961192 
0.22650 0.000000862328 
0.22700 0.000000772838 
0.22750 0.000000692210 
0.22800 0.000000611584 
0.22850 0.000000530956 
0.22900 0.000000464712 
0.22950 0.000000401588 
0.23000 0.000000338464 
0.23050 0.000000279110 
0.23100 0.000000233002 
0.23150 0.000000186894 
0.23200 0.000000140786 
0.23250 0.000000107475 
0.23300 0.000000079002 
0.23350 0.000000050529 
