0.00000 42.652400000000 
0.00050 37.675000000000 
0.00100 32.697800000000 
0.00150 27.720400000000 
0.00200 22.743200000000 
0.00250 19.423460000000 
0.00300 16.598280000000 
0.00350 14.329020000000 
0.00400 12.573900000000 
0.00450 10.932280000000 
0.00500 9.778340000000 
0.00550 8.624420000000 
0.00600 7.756020000000 
0.00650 6.965740000000 
0.00700 6.248460000000 
0.00750 5.689900000000 
0.00800 5.131340000000 
0.00850 4.693220000000 
0.00900 4.288220000000 
0.00950 3.904100000000 
0.01000 3.604160000000 
0.01050 3.304240000000 
0.01100 3.045800000000 
0.01150 2.819640000000 
0.01200 2.593500000000 
0.01250 2.413980000000 
0.01300 2.240780000000 
0.01350 2.073700000000 
0.01400 1.939242000000 
0.01450 1.804794000000 
0.01500 1.681764000000 
0.01550 1.576144000000 
0.01600 1.470524000000 
0.01650 1.377958000000 
0.01700 1.294100000000 
0.01750 1.210242000000 
0.01800 1.139232000000 
0.01850 1.072020000000 
0.01900 1.004808000000 
0.01950 0.949376000000 
0.02000 0.895044000000 
0.02050 0.841018000000 
0.02100 0.796760000000 
0.02150 0.752504000000 
0.02200 0.709210000000 
0.02250 0.672908000000 
0.02300 0.636606000000 
0.02350 0.601498000000 
0.02400 0.571532000000 
0.02450 0.541566000000 
0.02500 0.512794000000 
0.02550 0.487916000000 
0.02600 0.463036000000 
0.02650 0.439230000000 
0.02700 0.418466000000 
0.02750 0.397702000000 
0.02800 0.377832000000 
0.02850 0.360418000000 
0.02900 0.343004000000 
0.02950 0.326292000000 
0.03000 0.311624000000 
0.03050 0.296956000000 
0.03100 0.282800000000 
0.03150 0.270392000000 
0.03200 0.257986000000 
0.03250 0.245918000000 
0.03300 0.235384000000 
0.03350 0.224852000000 
0.03400 0.214504000000 
0.03450 0.205532000000 
0.03500 0.196557600000 
0.03550 0.187639000000 
0.03600 0.179969600000 
0.03650 0.172300000000 
0.03700 0.164630400000 
0.03750 0.158000800000 
0.03800 0.151426400000 
0.03850 0.144852000000 
0.03900 0.139054600000 
0.03950 0.133403400000 
0.04000 0.127752200000 
0.04050 0.122662400000 
0.04100 0.117792200000 
0.04150 0.112922000000 
0.04200 0.108437400000 
0.04250 0.104230200000 
0.04300 0.100023000000 
0.04350 0.096058000000 
0.04400 0.092415600000 
0.04450 0.088773000000 
0.04500 0.085256800000 
0.04550 0.082096600000 
0.04600 0.078936200000 
0.04650 0.075809000000 
0.04700 0.073061600000 
0.04750 0.070314200000 
0.04800 0.067567000000 
0.04850 0.065132800000 
0.04900 0.062740000000 
0.04950 0.060347200000 
0.05000 0.058159400000 
0.05050 0.056071800000 
0.05100 0.053984200000 
0.05150 0.052013800000 
0.05200 0.050189400000 
0.05250 0.048365000000 
0.05300 0.046586800000 
0.05350 0.044990000000 
0.05400 0.043393200000 
0.05450 0.041796200000 
0.05500 0.040385800000 
0.05550 0.038986000000 
0.05600 0.037586200000 
0.05650 0.036301600000 
0.05700 0.035072800000 
0.05750 0.033843800000 
0.05800 0.032672600000 
0.05850 0.031592200000 
0.05900 0.030512000000 
0.05950 0.029442600000 
0.06000 0.028491600000 
0.06050 0.027540800000 
0.06100 0.026589800000 
0.06150 0.025725400000 
0.06200 0.024887200000 
0.06250 0.024049000000 
0.06300 0.023253600000 
0.06350 0.022514000000 
0.06400 0.021774400000 
0.06450 0.021042000000 
0.06500 0.020388600000 
0.06550 0.019735040000 
0.06600 0.019081560000 
0.06650 0.018482400000 
0.06700 0.017904360000 
0.06750 0.017326320000 
0.06800 0.016770800000 
0.06850 0.016258900000 
0.06900 0.015747000000 
0.06950 0.015235100000 
0.07000 0.014778100000 
0.07050 0.014324260000 
0.07100 0.013870420000 
0.07150 0.013443920000 
0.07200 0.013041140000 
0.07250 0.012638360000 
0.07300 0.012240540000 
0.07350 0.011882680000 
0.07400 0.011524820000 
0.07450 0.011166960000 
0.07500 0.010835620000 
0.07550 0.010517340000 
0.07600 0.010199060000 
0.07650 0.009888300000 
0.07700 0.009604920000 
0.07750 0.009321540000 
0.07800 0.009038180000 
0.07850 0.008777780000 
0.07900 0.008525240000 
0.07950 0.008272680000 
0.08000 0.008027280000 
0.08050 0.007801980000 
0.08100 0.007576680000 
0.08150 0.007351360000 
0.08200 0.007144480000 
0.08250 0.006943280000 
0.08300 0.006742080000 
0.08350 0.006546260000 
0.08400 0.006366420000 
0.08450 0.006186560000 
0.08500 0.006006720000 
0.08550 0.005840640000 
0.08600 0.005679700000 
0.08650 0.005518780000 
0.08700 0.005361040000 
0.08750 0.005216940000 
0.08800 0.005072820000 
0.08850 0.004928720000 
0.08900 0.004794120000 
0.08950 0.004664920000 
0.09000 0.004535740000 
0.09050 0.004407520000 
0.09100 0.004291600000 
0.09150 0.004175680000 
0.09200 0.004059780000 
0.09250 0.003949740000 
0.09300 0.003845640000 
0.09350 0.003741540000 
0.09400 0.003637440000 
0.09450 0.003542900000 
0.09500 0.003449340000 
0.09550 0.003355780000 
0.09600 0.003265100000 
0.09650 0.003180920000 
0.09700 0.003096720000 
0.09750 0.003012540000 
0.09800 0.002934200000 
0.09850 0.002858400000 
0.09900 0.002782600000 
0.09950 0.002707380000 
0.10000 0.002639060000 
0.10050 0.002570760000 
0.10100 0.002502440000 
0.10150 0.002437100000 
0.10200 0.002375480000 
0.10250 0.002313880000 
0.10300 0.002252260000 
0.10350 0.002195440000 
0.10400 0.002139840000 
0.10450 0.002084220000 
0.10500 0.002029380000 
0.10550 0.001979148000 
0.10600 0.001928910000 
0.10650 0.001878670000 
0.10700 0.001830756000 
0.10750 0.001785338000 
0.10800 0.001739918000 
0.10850 0.001694500000 
0.10900 0.001652586000 
0.10950 0.001611496000 
0.11000 0.001570404000 
0.11050 0.001529812000 
0.11100 0.001492604000 
0.11150 0.001455394000 
0.11200 0.001418186000 
0.11250 0.001382512000 
0.11300 0.001348808000 
0.11350 0.001315106000 
0.11400 0.001281402000 
0.11450 0.001250020000 
0.11500 0.001219460000 
0.11550 0.001188898000 
0.11600 0.001158426000 
0.11650 0.001130704000 
0.11700 0.001102982000 
0.11750 0.001075260000 
0.11800 0.001048342000 
0.11850 0.001023174000 
0.11900 0.000998004000 
0.11950 0.000972836000 
0.12000 0.000949036000 
0.12050 0.000926184000 
0.12100 0.000903334000 
0.12150 0.000880482000 
0.12200 0.000859420000 
0.12250 0.000838650000 
0.12300 0.000817882000 
0.12350 0.000797334000 
0.12400 0.000778448000 
0.12450 0.000759562000 
0.12500 0.000740674000 
0.12550 0.000722420000 
0.12600 0.000705244000 
0.12650 0.000688068000 
0.12700 0.000670890000 
0.12750 0.000654664000 
0.12800 0.000639036000 
0.12850 0.000623408000 
0.12900 0.000607780000 
0.12950 0.000593340000 
0.13000 0.000579110000 
0.13050 0.000564882000 
0.13100 0.000550750000 
0.13150 0.000537794000 
0.13200 0.000524840000 
0.13250 0.000511884000 
0.13300 0.000499270000 
0.13350 0.000487468000 
0.13400 0.000475664000 
0.13450 0.000463862000 
0.13500 0.000452588000 
0.13550 0.000441832000 
0.13600 0.000431076000 
0.13650 0.000420320000 
0.13700 0.000410242000 
0.13750 0.000400442000 
0.13800 0.000390644000 
0.13850 0.000380844000 
0.13900 0.000371826000 
0.13950 0.000362892000 
0.14000 0.000353960000 
0.14050 0.000345094000 
0.14100 0.000336954000 
0.14150 0.000328814000 
0.14200 0.000320674000 
0.14250 0.000312722000 
0.14300 0.000305300000 
0.14350 0.000297878000 
0.14400 0.000290456000 
0.14450 0.000283314000 
0.14500 0.000276548000 
0.14550 0.000269780000 
0.14600 0.000263014000 
0.14650 0.000256594000 
0.14700 0.000250424000 
0.14750 0.000244256000 
0.14800 0.000238086000 
0.14850 0.000232316000 
0.14900 0.000226696000 
0.14950 0.000221076000 
0.15000 0.000215456000 
0.15050 0.000210262000 
0.15100 0.000205140000 
0.15150 0.000200018000 
0.15200 0.000194895400 
0.15250 0.000190219400 
0.15300 0.000185551400 
0.15350 0.000180883600 
0.15400 0.000176254600 
0.15450 0.000172005600 
0.15500 0.000167756600 
0.15550 0.000163507600 
0.15600 0.000159331200 
0.15650 0.000155461600 
0.15700 0.000151592000 
0.15750 0.000147722400 
0.15800 0.000143948200 
0.15850 0.000140422200 
0.15900 0.000136896200 
0.15950 0.000133370200 
0.16000 0.000129956600 
0.16050 0.000126751000 
0.16100 0.000123545400 
0.16150 0.000120339800 
0.16200 0.000117253400 
0.16250 0.000114337800 
0.16300 0.000111422200 
0.16350 0.000108506400 
0.16400 0.000105712000 
0.16450 0.000103061400 
0.16500 0.000100410800 
0.16550 0.000097760200 
0.16600 0.000095229800 
0.16650 0.000092824200 
0.16700 0.000090418800 
0.16750 0.000088013200 
0.16800 0.000085718800 
0.16850 0.000083532000 
0.16900 0.000081345200 
0.16950 0.000079158600 
0.17000 0.000077076600 
0.17050 0.000075094800 
0.17100 0.000073113000 
0.17150 0.000071131200 
0.17200 0.000069240600 
0.17250 0.000067441200 
0.17300 0.000065642000 
0.17350 0.000063842600 
0.17400 0.000062123400 
0.17450 0.000060493000 
0.17500 0.000058862800 
0.17550 0.000057232400 
0.17600 0.000055670000 
0.17650 0.000054196000 
0.17700 0.000052722200 
0.17750 0.000051248200 
0.17800 0.000049827600 
0.17850 0.000048494200 
0.17900 0.000047161000 
0.17950 0.000045827800 
0.18000 0.000044533400 
0.18050 0.000043326400 
0.18100 0.000042119600 
0.18150 0.000040912600 
0.18200 0.000039732000 
0.18250 0.000038642200 
0.18300 0.000037552400 
0.18350 0.000036462600 
0.18400 0.000035386400 
0.18450 0.000034405000 
0.18500 0.000033423600 
0.18550 0.000032442200 
0.18600 0.000031462200 
0.18650 0.000030576200 
0.18700 0.000029690200 
0.18750 0.000028804000 
0.18800 0.000027918000 
0.18850 0.000027112200 
0.18900 0.000026316000 
0.18950 0.000025519800 
0.19000 0.000024723800 
0.19050 0.000023987200 
0.19100 0.000023269800 
0.19150 0.000022552400 
0.19200 0.000021835000 
0.19250 0.000021162600 
0.19300 0.000020518200 
0.19350 0.000019873720 
0.19400 0.000019229320 
0.19450 0.000018615600 
0.19500 0.000018037480 
0.19550 0.000017459360 
0.19600 0.000016881240 
0.19650 0.000016321440 
0.19700 0.000015803460 
0.19750 0.000015285460 
0.19800 0.000014767480 
0.19850 0.000014257240 
0.19900 0.000013793780 
0.19950 0.000013330300 
0.20000 0.000012866840 
0.20050 0.000012403380 
0.20100 0.000011987160 
0.20150 0.000011572020 
0.20200 0.000011156880 
0.20250 0.000010741740 
0.20300 0.000010363940 
0.20350 0.000009994680 
0.20400 0.000009625400 
0.20450 0.000009256140 
0.20500 0.000008912760 
0.20550 0.000008583040 
0.20600 0.000008253320 
0.20650 0.000007923600 
0.20700 0.000007612800 
0.20750 0.000007320720 
0.20800 0.000007028620 
0.20850 0.000006736540 
0.20900 0.000006456160 
0.20950 0.000006196420 
0.21000 0.000005936680 
0.21050 0.000005676920 
0.21100 0.000005424140 
0.21150 0.000005193780 
0.21200 0.000004963400 
0.21250 0.000004733040 
0.21300 0.000004506400 
0.21350 0.000004304120 
0.21400 0.000004101840 
0.21450 0.000003899560 
0.21500 0.000003698600 
0.21550 0.000003520420 
0.21600 0.000003342240 
0.21650 0.000003164080 
0.21700 0.000002986120 
0.21750 0.000002831100 
0.21800 0.000002676100 
0.21850 0.000002521080 
0.21900 0.000002366120 
0.21950 0.000002231060 
0.22000 0.000002096000 
0.22050 0.000001960954 
0.22100 0.000001826656 
0.22150 0.000001709996 
0.22200 0.000001593338 
0.22250 0.000001476678 
0.22300 0.000001362408 
0.22350 0.000001263642 
0.22400 0.000001164878 
0.22450 0.000001066112 
0.22500 0.000000971900 
0.22550 0.000000888940 
0.22600 0.000000805978 
0.22650 0.000000723018 
0.22700 0.000000647938 
0.22750 0.000000580308 
0.22800 0.000000512678 
0.22850 0.000000445050 
0.22900 0.000000389500 
0.22950 0.000000336574 
0.23000 0.000000283646 
0.23050 0.000000233884 
0.23100 0.000000195239 
0.23150 0.000000156594 
0.23200 0.000000117949 
0.23250 0.000000090036 
0.23300 0.000000066181 
0.23350 0.000000042325 
