0.00000 41.109000000000 
0.00050 36.272400000000 
0.00100 31.436000000000 
0.00150 26.599400000000 
0.00200 21.762800000000 
0.00250 18.549020000000 
0.00300 15.819260000000 
0.00350 13.630640000000 
0.00400 11.942460000000 
0.00450 10.364260000000 
0.00500 9.258640000000 
0.00550 8.153020000000 
0.00600 7.323020000000 
0.00650 6.568460000000 
0.00700 5.884100000000 
0.00750 5.352440000000 
0.00800 4.820780000000 
0.00850 4.404660000000 
0.00900 4.020300000000 
0.00950 3.655900000000 
0.01000 3.372020000000 
0.01050 3.088160000000 
0.01100 2.843880000000 
0.01150 2.630380000000 
0.01200 2.416880000000 
0.01250 2.247780000000 
0.01300 2.084680000000 
0.01350 1.927376000000 
0.01400 1.801066000000 
0.01450 1.674754000000 
0.01500 1.559260000000 
0.01550 1.460256000000 
0.01600 1.361252000000 
0.01650 1.274588000000 
0.01700 1.196154000000 
0.01750 1.117722000000 
0.01800 1.051406000000 
0.01850 0.988674000000 
0.01900 0.925942000000 
0.01950 0.874300000000 
0.02000 0.823694000000 
0.02050 0.773376000000 
0.02100 0.732234000000 
0.02150 0.691094000000 
0.02200 0.650858000000 
0.02250 0.617176000000 
0.02300 0.583496000000 
0.02350 0.550936000000 
0.02400 0.523186000000 
0.02450 0.495436000000 
0.02500 0.468804000000 
0.02550 0.445808000000 
0.02600 0.422812000000 
0.02650 0.400816000000 
0.02700 0.381658000000 
0.02750 0.362500000000 
0.02800 0.344176000000 
0.02850 0.328138000000 
0.02900 0.312100000000 
0.02950 0.296714000000 
0.03000 0.283226000000 
0.03050 0.269740000000 
0.03100 0.256730000000 
0.03150 0.245342000000 
0.03200 0.233954000000 
0.03250 0.222882000000 
0.03300 0.213230000000 
0.03350 0.203578000000 
0.03400 0.194098600000 
0.03450 0.185889400000 
0.03500 0.177680400000 
0.03550 0.169522200000 
0.03600 0.162517400000 
0.03650 0.155512600000 
0.03700 0.148508000000 
0.03750 0.142462000000 
0.03800 0.136467000000 
0.03850 0.130472000000 
0.03900 0.125192400000 
0.03950 0.120047200000 
0.04000 0.114902000000 
0.04050 0.110273200000 
0.04100 0.105846000000 
0.04150 0.101418800000 
0.04200 0.097345400000 
0.04250 0.093526800000 
0.04300 0.089708000000 
0.04350 0.086111400000 
0.04400 0.082810200000 
0.04450 0.079509000000 
0.04500 0.076323200000 
0.04550 0.073463400000 
0.04600 0.070603400000 
0.04650 0.067773600000 
0.04700 0.065291000000 
0.04750 0.062808400000 
0.04800 0.060325800000 
0.04850 0.058128800000 
0.04900 0.055969800000 
0.04950 0.053810600000 
0.05000 0.051838200000 
0.05050 0.049957200000 
0.05100 0.048076000000 
0.05150 0.046301600000 
0.05200 0.044660000000 
0.05250 0.043018400000 
0.05300 0.041418800000 
0.05350 0.039983800000 
0.05400 0.038549000000 
0.05450 0.037114000000 
0.05500 0.035848400000 
0.05550 0.034592200000 
0.05600 0.033336000000 
0.05650 0.032184400000 
0.05700 0.031083000000 
0.05750 0.029981800000 
0.05800 0.028932600000 
0.05850 0.027965800000 
0.05900 0.026999000000 
0.05950 0.026042000000 
0.06000 0.025192200000 
0.06050 0.024342200000 
0.06100 0.023492200000 
0.06150 0.022720400000 
0.06200 0.021972200000 
0.06250 0.021224000000 
0.06300 0.020514400000 
0.06350 0.019854960000 
0.06400 0.019195600000 
0.06450 0.018542780000 
0.06500 0.017960940000 
0.06550 0.017379100000 
0.06600 0.016797260000 
0.06650 0.016264240000 
0.06700 0.015750200000 
0.06750 0.015236180000 
0.06800 0.014742360000 
0.06850 0.014287720000 
0.06900 0.013833060000 
0.06950 0.013378400000 
0.07000 0.012972980000 
0.07050 0.012570380000 
0.07100 0.012167800000 
0.07150 0.011789700000 
0.07200 0.011432820000 
0.07250 0.011075960000 
0.07300 0.010723520000 
0.07350 0.010406820000 
0.07400 0.010090140000 
0.07450 0.009773440000 
0.07500 0.009480440000 
0.07550 0.009199100000 
0.07600 0.008917760000 
0.07650 0.008643140000 
0.07700 0.008392940000 
0.07750 0.008142760000 
0.07800 0.007892560000 
0.07850 0.007662860000 
0.07900 0.007440140000 
0.07950 0.007217440000 
0.08000 0.007001080000 
0.08050 0.006802600000 
0.08100 0.006604140000 
0.08150 0.006405680000 
0.08200 0.006223600000 
0.08250 0.006046560000 
0.08300 0.005869520000 
0.08350 0.005697280000 
0.08400 0.005539200000 
0.08450 0.005381120000 
0.08500 0.005223060000 
0.08550 0.005077200000 
0.08600 0.004935920000 
0.08650 0.004794640000 
0.08700 0.004656180000 
0.08750 0.004529800000 
0.08800 0.004403420000 
0.08850 0.004277040000 
0.08900 0.004159080000 
0.08950 0.004045900000 
0.09000 0.003932720000 
0.09050 0.003820400000 
0.09100 0.003718980000 
0.09150 0.003617540000 
0.09200 0.003516100000 
0.09250 0.003419860000 
0.09300 0.003328860000 
0.09350 0.003237860000 
0.09400 0.003146840000 
0.09450 0.003064300000 
0.09500 0.002982580000 
0.09550 0.002900880000 
0.09600 0.002821720000 
0.09650 0.002748280000 
0.09700 0.002674840000 
0.09750 0.002601400000 
0.09800 0.002533120000 
0.09850 0.002467060000 
0.09900 0.002401000000 
0.09950 0.002335440000 
0.10000 0.002275980000 
0.10050 0.002216500000 
0.10100 0.002157040000 
0.10150 0.002100180000 
0.10200 0.002046600000 
0.10250 0.001993008000 
0.10300 0.001939426000 
0.10350 0.001890048000 
0.10400 0.001841730000 
0.10450 0.001793412000 
0.10500 0.001745778000 
0.10550 0.001702172000 
0.10600 0.001658566000 
0.10650 0.001614960000 
0.10700 0.001573390000 
0.10750 0.001534008000 
0.10800 0.001494624000 
0.10850 0.001455240000 
0.10900 0.001418924000 
0.10950 0.001383328000 
0.11000 0.001347732000 
0.11050 0.001312570000 
0.11100 0.001280368000 
0.11150 0.001248166000 
0.11200 0.001215964000 
0.11250 0.001185102000 
0.11300 0.001155960000 
0.11350 0.001126820000 
0.11400 0.001097678000 
0.11450 0.001070564000 
0.11500 0.001044164000 
0.11550 0.001017766000 
0.11600 0.000991444000 
0.11650 0.000967520000 
0.11700 0.000943596000 
0.11750 0.000919670000 
0.11800 0.000896446000 
0.11850 0.000874746000 
0.11900 0.000853044000 
0.11950 0.000831344000 
0.12000 0.000810834000 
0.12050 0.000791150000 
0.12100 0.000771466000 
0.12150 0.000751780000 
0.12200 0.000733650000 
0.12250 0.000715776000 
0.12300 0.000697900000 
0.12350 0.000680220000 
0.12400 0.000663980000 
0.12450 0.000647740000 
0.12500 0.000631500000 
0.12550 0.000615808000 
0.12600 0.000601052000 
0.12650 0.000586294000 
0.12700 0.000571538000 
0.12750 0.000557604000 
0.12800 0.000544190000 
0.12850 0.000530776000 
0.12900 0.000517362000 
0.12950 0.000504976000 
0.13000 0.000492772000 
0.13050 0.000480570000 
0.13100 0.000468452000 
0.13150 0.000457350000 
0.13200 0.000446250000 
0.13250 0.000435148000 
0.13300 0.000424342000 
0.13350 0.000414238000 
0.13400 0.000404132000 
0.13450 0.000394028000 
0.13500 0.000384380000 
0.13550 0.000375180000 
0.13600 0.000365980000 
0.13650 0.000356778000 
0.13700 0.000348162000 
0.13750 0.000339786000 
0.13800 0.000331412000 
0.13850 0.000323036000 
0.13900 0.000315334000 
0.13950 0.000307704000 
0.14000 0.000300076000 
0.14050 0.000292506000 
0.14100 0.000285560000 
0.14150 0.000278614000 
0.14200 0.000271668000 
0.14250 0.000264884000 
0.14300 0.000258556000 
0.14350 0.000252228000 
0.14400 0.000245900000 
0.14450 0.000239812000 
0.14500 0.000234048000 
0.14550 0.000228282000 
0.14600 0.000222518000 
0.14650 0.000217052000 
0.14700 0.000211800000 
0.14750 0.000206548000 
0.14800 0.000201296000 
0.14850 0.000196386600 
0.14900 0.000191606200 
0.14950 0.000186825800 
0.15000 0.000182045200 
0.15050 0.000177631400 
0.15100 0.000173277800 
0.15150 0.000168924000 
0.15200 0.000164570200 
0.15250 0.000160598800 
0.15300 0.000156634400 
0.15350 0.000152670000 
0.15400 0.000148738800 
0.15450 0.000145132800 
0.15500 0.000141526800 
0.15550 0.000137920800 
0.15600 0.000134376800 
0.15650 0.000131095200 
0.15700 0.000127813600 
0.15750 0.000124532000 
0.15800 0.000121332000 
0.15850 0.000118344000 
0.15900 0.000115356000 
0.15950 0.000112368000 
0.16000 0.000109476000 
0.16050 0.000106761400 
0.16100 0.000104047000 
0.16150 0.000101332400 
0.16200 0.000098719400 
0.16250 0.000096252200 
0.16300 0.000093784800 
0.16350 0.000091317600 
0.16400 0.000088953600 
0.16450 0.000086712200 
0.16500 0.000084470800 
0.16550 0.000082229400 
0.16600 0.000080090200 
0.16650 0.000078057400 
0.16700 0.000076024600 
0.16750 0.000073991800 
0.16800 0.000072053400 
0.16850 0.000070206800 
0.16900 0.000068360200 
0.16950 0.000066513400 
0.17000 0.000064755800 
0.17050 0.000063083400 
0.17100 0.000061410800 
0.17150 0.000059738400 
0.17200 0.000058143400 
0.17250 0.000056625800 
0.17300 0.000055108400 
0.17350 0.000053590800 
0.17400 0.000052141400 
0.17450 0.000050767400 
0.17500 0.000049393200 
0.17550 0.000048019200 
0.17600 0.000046702600 
0.17650 0.000045461000 
0.17700 0.000044219600 
0.17750 0.000042978200 
0.17800 0.000041781800 
0.17850 0.000040659400 
0.17900 0.000039537200 
0.17950 0.000038414800 
0.18000 0.000037325400 
0.18050 0.000036310000 
0.18100 0.000035294800 
0.18150 0.000034279400 
0.18200 0.000033286200 
0.18250 0.000032370000 
0.18300 0.000031453800 
0.18350 0.000030537600 
0.18400 0.000029632800 
0.18450 0.000028808200 
0.18500 0.000027983600 
0.18550 0.000027158800 
0.18600 0.000026335400 
0.18650 0.000025591400 
0.18700 0.000024847200 
0.18750 0.000024103200 
0.18800 0.000023359000 
0.18850 0.000022682600 
0.18900 0.000022014400 
0.18950 0.000021346200 
0.19000 0.000020678000 
0.19050 0.000020060200 
0.19100 0.000019458460 
0.19150 0.000018856680 
0.19200 0.000018254900 
0.19250 0.000017690940 
0.19300 0.000017150700 
0.19350 0.000016610460 
0.19400 0.000016070220 
0.19450 0.000015555820 
0.19500 0.000015071400 
0.19550 0.000014586980 
0.19600 0.000014102580 
0.19650 0.000013633580 
0.19700 0.000013199780 
0.19750 0.000012765980 
0.19800 0.000012332200 
0.19850 0.000011904920 
0.19900 0.000011516980 
0.19950 0.000011129040 
0.20000 0.000010741100 
0.20050 0.000010353160 
0.20100 0.000010004960 
0.20150 0.000009657660 
0.20200 0.000009310360 
0.20250 0.000008963060 
0.20300 0.000008647120 
0.20350 0.000008338340 
0.20400 0.000008029560 
0.20450 0.000007720780 
0.20500 0.000007433740 
0.20550 0.000007158180 
0.20600 0.000006882620 
0.20650 0.000006607060 
0.20700 0.000006347360 
0.20750 0.000006103360 
0.20800 0.000005859360 
0.20850 0.000005615360 
0.20900 0.000005381180 
0.20950 0.000005164300 
0.21000 0.000004947440 
0.21050 0.000004730560 
0.21100 0.000004519520 
0.21150 0.000004327260 
0.21200 0.000004135020 
0.21250 0.000003942760 
0.21300 0.000003753640 
0.21350 0.000003584900 
0.21400 0.000003416160 
0.21450 0.000003247420 
0.21500 0.000003079800 
0.21550 0.000002931240 
0.21600 0.000002782680 
0.21650 0.000002634120 
0.21700 0.000002485740 
0.21750 0.000002356560 
0.21800 0.000002227360 
0.21850 0.000002098180 
0.21900 0.000001969026 
0.21950 0.000001856522 
0.22000 0.000001744018 
0.22050 0.000001631514 
0.22100 0.000001519642 
0.22150 0.000001422506 
0.22200 0.000001325368 
0.22250 0.000001228230 
0.22300 0.000001133086 
0.22350 0.000001050882 
0.22400 0.000000968680 
0.22450 0.000000886476 
0.22500 0.000000808070 
0.22550 0.000000739052 
0.22600 0.000000670032 
0.22650 0.000000601012 
0.22700 0.000000538562 
0.22750 0.000000482320 
0.22800 0.000000426078 
0.22850 0.000000369838 
0.22900 0.000000323656 
0.22950 0.000000279660 
0.23000 0.000000235664 
0.23050 0.000000194301 
0.23100 0.000000162190 
0.23150 0.000000130078 
0.23200 0.000000097966 
0.23250 0.000000074778 
0.23300 0.000000054963 
0.23350 0.000000035149 
