0.00000 39.155400000000 
0.00050 34.509200000000 
0.00100 29.862800000000 
0.00150 25.216400000000 
0.00200 20.570000000000 
0.00250 17.494900000000 
0.00300 14.888460000000 
0.00350 12.802740000000 
0.00400 11.198600000000 
0.00450 9.699800000000 
0.00500 8.653580000000 
0.00550 7.607340000000 
0.00600 6.823980000000 
0.00650 6.112560000000 
0.00700 5.467880000000 
0.00750 4.968300000000 
0.00800 4.468720000000 
0.00850 4.078580000000 
0.00900 3.718520000000 
0.00950 3.377320000000 
0.01000 3.112160000000 
0.01050 2.847020000000 
0.01100 2.619140000000 
0.01150 2.420280000000 
0.01200 2.221400000000 
0.01250 2.064220000000 
0.01300 1.912688000000 
0.01350 1.766582000000 
0.01400 1.649518000000 
0.01450 1.532452000000 
0.01500 1.425498000000 
0.01550 1.333958000000 
0.01600 1.242420000000 
0.01650 1.162390000000 
0.01700 1.090036000000 
0.01750 1.017684000000 
0.01800 0.956608000000 
0.01850 0.898868000000 
0.01900 0.841126000000 
0.01950 0.793684000000 
0.02000 0.747204000000 
0.02050 0.700990000000 
0.02100 0.663282000000 
0.02150 0.625574000000 
0.02200 0.588702000000 
0.02250 0.557896000000 
0.02300 0.527088000000 
0.02350 0.497314000000 
0.02400 0.471982000000 
0.02450 0.446650000000 
0.02500 0.422346000000 
0.02550 0.401394000000 
0.02600 0.380442000000 
0.02650 0.360408000000 
0.02700 0.342986000000 
0.02750 0.325564000000 
0.02800 0.308906000000 
0.02850 0.294348000000 
0.02900 0.279790000000 
0.02950 0.265830000000 
0.03000 0.253610000000 
0.03050 0.241390000000 
0.03100 0.229604000000 
0.03150 0.219304000000 
0.03200 0.209004000000 
0.03250 0.198992400000 
0.03300 0.190277800000 
0.03350 0.181563200000 
0.03400 0.173005800000 
0.03450 0.165606400000 
0.03500 0.158207000000 
0.03550 0.150854000000 
0.03600 0.144550800000 
0.03650 0.138247600000 
0.03700 0.131944600000 
0.03750 0.126512600000 
0.03800 0.121127000000 
0.03850 0.115741200000 
0.03900 0.111004600000 
0.03950 0.106390000000 
0.04000 0.101775400000 
0.04050 0.097628200000 
0.04100 0.093663800000 
0.04150 0.089699400000 
0.04200 0.086055000000 
0.04250 0.082641000000 
0.04300 0.079227000000 
0.04350 0.076013200000 
0.04400 0.073066400000 
0.04450 0.070119600000 
0.04500 0.067276800000 
0.04550 0.064727800000 
0.04600 0.062178800000 
0.04650 0.059656800000 
0.04700 0.057447400000 
0.04750 0.055238000000 
0.04800 0.053028600000 
0.04850 0.051076000000 
0.04900 0.049157400000 
0.04950 0.047238800000 
0.05000 0.045487800000 
0.05050 0.043818600000 
0.05100 0.042149400000 
0.05150 0.040575800000 
0.05200 0.039121400000 
0.05250 0.037666800000 
0.05300 0.036249800000 
0.05350 0.034980200000 
0.05400 0.033710600000 
0.05450 0.032441200000 
0.05500 0.031322800000 
0.05550 0.030212800000 
0.05600 0.029103000000 
0.05650 0.028086400000 
0.05700 0.027114800000 
0.05750 0.026143200000 
0.05800 0.025217800000 
0.05850 0.024366000000 
0.05900 0.023514200000 
0.05950 0.022671000000 
0.06000 0.021923200000 
0.06050 0.021175400000 
0.06100 0.020427600000 
0.06150 0.019749000000 
0.06200 0.019091580000 
0.06250 0.018434160000 
0.06300 0.017810860000 
0.06350 0.017232220000 
0.06400 0.016653600000 
0.06450 0.016080760000 
0.06500 0.015570820000 
0.06550 0.015060880000 
0.06600 0.014550940000 
0.06650 0.014084220000 
0.06700 0.013634300000 
0.06750 0.013184380000 
0.06800 0.012752320000 
0.06850 0.012354860000 
0.06900 0.011957420000 
0.06950 0.011559980000 
0.07000 0.011205980000 
0.07050 0.010854500000 
0.07100 0.010503000000 
0.07150 0.010173100000 
0.07200 0.009861900000 
0.07250 0.009550720000 
0.07300 0.009243440000 
0.07350 0.008967620000 
0.07400 0.008691820000 
0.07450 0.008416000000 
0.07500 0.008161020000 
0.07550 0.007916300000 
0.07600 0.007671580000 
0.07650 0.007432740000 
0.07700 0.007215380000 
0.07750 0.006998000000 
0.07800 0.006780640000 
0.07850 0.006581240000 
0.07900 0.006387960000 
0.07950 0.006194700000 
0.08000 0.006007000000 
0.08050 0.005834980000 
0.08100 0.005662940000 
0.08150 0.005490920000 
0.08200 0.005333240000 
0.08250 0.005179960000 
0.08300 0.005026700000 
0.08350 0.004877620000 
0.08400 0.004740920000 
0.08450 0.004604220000 
0.08500 0.004467540000 
0.08550 0.004341500000 
0.08600 0.004219460000 
0.08650 0.004097440000 
0.08700 0.003977860000 
0.08750 0.003868820000 
0.08800 0.003759760000 
0.08850 0.003650720000 
0.08900 0.003549020000 
0.08950 0.003451480000 
0.09000 0.003353940000 
0.09050 0.003257140000 
0.09100 0.003169820000 
0.09150 0.003082500000 
0.09200 0.002995160000 
0.09250 0.002912340000 
0.09300 0.002834080000 
0.09350 0.002755840000 
0.09400 0.002677580000 
0.09450 0.002606640000 
0.09500 0.002536460000 
0.09550 0.002466260000 
0.09600 0.002398300000 
0.09650 0.002335280000 
0.09700 0.002272260000 
0.09750 0.002209240000 
0.09800 0.002150680000 
0.09850 0.002094040000 
0.09900 0.002037420000 
0.09950 0.001981232000 
0.10000 0.001930308000 
0.10050 0.001879386000 
0.10100 0.001828462000 
0.10150 0.001779788000 
0.10200 0.001733952000 
0.10250 0.001688118000 
0.10300 0.001642282000 
0.10350 0.001600076000 
0.10400 0.001558786000 
0.10450 0.001517496000 
0.10500 0.001476796000 
0.10550 0.001439570000 
0.10600 0.001402346000 
0.10650 0.001365120000 
0.10700 0.001329650000 
0.10750 0.001296062000 
0.10800 0.001262474000 
0.10850 0.001228888000 
0.10900 0.001197942000 
0.10950 0.001167614000 
0.11000 0.001137288000 
0.11050 0.001107336000 
0.11100 0.001079928000 
0.11150 0.001052518000 
0.11200 0.001025110000 
0.11250 0.000998854000 
0.11300 0.000974076000 
0.11350 0.000949298000 
0.11400 0.000924518000 
0.11450 0.000901478000 
0.11500 0.000879054000 
0.11550 0.000856628000 
0.11600 0.000834270000 
0.11650 0.000813966000 
0.11700 0.000793662000 
0.11750 0.000773358000 
0.11800 0.000753656000 
0.11850 0.000735256000 
0.11900 0.000716858000 
0.11950 0.000698458000 
0.12000 0.000681078000 
0.12050 0.000664406000 
0.12100 0.000647732000 
0.12150 0.000631058000 
0.12200 0.000615712000 
0.12250 0.000600584000 
0.12300 0.000585458000 
0.12350 0.000570496000 
0.12400 0.000556766000 
0.12450 0.000543036000 
0.12500 0.000529304000 
0.12550 0.000516042000 
0.12600 0.000503578000 
0.12650 0.000491112000 
0.12700 0.000478648000 
0.12750 0.000466884000 
0.12800 0.000455564000 
0.12850 0.000444242000 
0.12900 0.000432922000 
0.12950 0.000422476000 
0.13000 0.000412186000 
0.13050 0.000401898000 
0.13100 0.000391680000 
0.13150 0.000382328000 
0.13200 0.000372976000 
0.13250 0.000363624000 
0.13300 0.000354524000 
0.13350 0.000346018000 
0.13400 0.000337512000 
0.13450 0.000329008000 
0.13500 0.000320890000 
0.13550 0.000313152000 
0.13600 0.000305416000 
0.13650 0.000297678000 
0.13700 0.000290436000 
0.13750 0.000283398000 
0.13800 0.000276362000 
0.13850 0.000269324000 
0.13900 0.000262858000 
0.13950 0.000256452000 
0.14000 0.000250048000 
0.14050 0.000243692000 
0.14100 0.000237866000 
0.14150 0.000232040000 
0.14200 0.000226214000 
0.14250 0.000220524000 
0.14300 0.000215220000 
0.14350 0.000209916000 
0.14400 0.000204612000 
0.14450 0.000199511600 
0.14500 0.000194684000 
0.14550 0.000189856200 
0.14600 0.000185028600 
0.14650 0.000180452600 
0.14700 0.000176058200 
0.14750 0.000171663800 
0.14800 0.000167269400 
0.14850 0.000163163400 
0.14900 0.000159166400 
0.14950 0.000155169600 
0.15000 0.000151172600 
0.15050 0.000147484600 
0.15100 0.000143847400 
0.15150 0.000140210000 
0.15200 0.000136572600 
0.15250 0.000133257200 
0.15300 0.000129947800 
0.15350 0.000126638400 
0.15400 0.000123356800 
0.15450 0.000120348800 
0.15500 0.000117340800 
0.15550 0.000114333000 
0.15600 0.000111377000 
0.15650 0.000108641800 
0.15700 0.000105906400 
0.15750 0.000103171200 
0.15800 0.000100504400 
0.15850 0.000098015800 
0.15900 0.000095527000 
0.15950 0.000093038400 
0.16000 0.000090630200 
0.16050 0.000088371000 
0.16100 0.000086111600 
0.16150 0.000083852400 
0.16200 0.000081678400 
0.16250 0.000079626400 
0.16300 0.000077574200 
0.16350 0.000075522200 
0.16400 0.000073556800 
0.16450 0.000071694000 
0.16500 0.000069831200 
0.16550 0.000067968400 
0.16600 0.000066191000 
0.16650 0.000064502800 
0.16700 0.000062814600 
0.16750 0.000061126200 
0.16800 0.000059517000 
0.16850 0.000057984400 
0.16900 0.000056451800 
0.16950 0.000054919200 
0.17000 0.000053461000 
0.17050 0.000052073800 
0.17100 0.000050686600 
0.17150 0.000049299600 
0.17200 0.000047977200 
0.17250 0.000046719400 
0.17300 0.000045461800 
0.17350 0.000044204000 
0.17400 0.000043003000 
0.17450 0.000041865000 
0.17500 0.000040726800 
0.17550 0.000039588800 
0.17600 0.000038498600 
0.17650 0.000037471000 
0.17700 0.000036443400 
0.17750 0.000035415800 
0.17800 0.000034425600 
0.17850 0.000033497200 
0.17900 0.000032568800 
0.17950 0.000031640400 
0.18000 0.000030739400 
0.18050 0.000029900200 
0.18100 0.000029060800 
0.18150 0.000028221400 
0.18200 0.000027400600 
0.18250 0.000026643600 
0.18300 0.000025886600 
0.18350 0.000025129600 
0.18400 0.000024382200 
0.18450 0.000023701200 
0.18500 0.000023020400 
0.18550 0.000022339400 
0.18600 0.000021659600 
0.18650 0.000021045600 
0.18700 0.000020431600 
0.18750 0.000019817580 
0.18800 0.000019203560 
0.18850 0.000018645700 
0.18900 0.000018094620 
0.18950 0.000017543520 
0.19000 0.000016992440 
0.19050 0.000016483120 
0.19100 0.000015987120 
0.19150 0.000015491120 
0.19200 0.000014995120 
0.19250 0.000014530440 
0.19300 0.000014085400 
0.19350 0.000013640380 
0.19400 0.000013195340 
0.19450 0.000012771700 
0.19500 0.000012372880 
0.19550 0.000011974060 
0.19600 0.000011575220 
0.19650 0.000011189160 
0.19700 0.000010832200 
0.19750 0.000010475240 
0.19800 0.000010118300 
0.19850 0.000009766720 
0.19900 0.000009447680 
0.19950 0.000009128620 
0.20000 0.000008809580 
0.20050 0.000008490520 
0.20100 0.000008204300 
0.20150 0.000007918820 
0.20200 0.000007633360 
0.20250 0.000007347880 
0.20300 0.000007088280 
0.20350 0.000006834600 
0.20400 0.000006580920 
0.20450 0.000006327240 
0.20500 0.000006091480 
0.20550 0.000005865220 
0.20600 0.000005638940 
0.20650 0.000005412660 
0.20700 0.000005199460 
0.20750 0.000004999200 
0.20800 0.000004798940 
0.20850 0.000004598680 
0.20900 0.000004406500 
0.20950 0.000004228600 
0.21000 0.000004050680 
0.21050 0.000003872780 
0.21100 0.000003699680 
0.21150 0.000003542040 
0.21200 0.000003384420 
0.21250 0.000003226780 
0.21300 0.000003071720 
0.21350 0.000002933440 
0.21400 0.000002795140 
0.21450 0.000002656860 
0.21500 0.000002519480 
0.21550 0.000002397780 
0.21600 0.000002276100 
0.21650 0.000002154400 
0.21700 0.000002032860 
0.21750 0.000001927082 
0.21800 0.000001821302 
0.21850 0.000001715522 
0.21900 0.000001609776 
0.21950 0.000001517702 
0.22000 0.000001425628 
0.22050 0.000001333554 
0.22100 0.000001242000 
0.22150 0.000001162538 
0.22200 0.000001083076 
0.22250 0.000001003614 
0.22300 0.000000925788 
0.22350 0.000000858572 
0.22400 0.000000791354 
0.22450 0.000000724138 
0.22500 0.000000660034 
0.22550 0.000000603624 
0.22600 0.000000547212 
0.22650 0.000000490800 
0.22700 0.000000439768 
0.22750 0.000000393820 
0.22800 0.000000347872 
0.22850 0.000000301924 
0.22900 0.000000264208 
0.22950 0.000000228280 
0.23000 0.000000192350 
0.23050 0.000000158574 
0.23100 0.000000132361 
0.23150 0.000000106148 
0.23200 0.000000079936 
0.23250 0.000000061012 
0.23300 0.000000044843 
0.23350 0.000000028675 
