0.00000 150.334400000000 
0.00050 129.718800000000 
0.00100 109.103400000000 
0.00150 88.488000000000 
0.00200 67.872400000000 
0.00250 54.676800000000 
0.00300 43.694800000000 
0.00350 35.232000000000 
0.00400 29.099200000000 
0.00450 23.450800000000 
0.00500 19.884100000000 
0.00550 16.317320000000 
0.00600 13.865820000000 
0.00650 11.719500000000 
0.00700 9.830520000000 
0.00750 8.501120000000 
0.00800 7.171720000000 
0.00850 6.222980000000 
0.00900 5.378880000000 
0.00950 4.593680000000 
0.01000 4.046060000000 
0.01050 3.498440000000 
0.01100 3.055240000000 
0.01150 2.693180000000 
0.01200 2.331120000000 
0.01250 2.073580000000 
0.01300 1.830174000000 
0.01350 1.598938000000 
0.01400 1.432826000000 
0.01450 1.266716000000 
0.01500 1.120892000000 
0.01550 1.006004000000 
0.01600 0.891116000000 
0.01650 0.796898000000 
0.01700 0.716470000000 
0.01750 0.636042000000 
0.01800 0.573752000000 
0.01850 0.516826000000 
0.01900 0.459902000000 
0.01950 0.417818000000 
0.02000 0.377122000000 
0.02050 0.336770000000 
0.02100 0.307410000000 
0.02150 0.278050000000 
0.02200 0.249658000000 
0.02250 0.228300000000 
0.02300 0.206940000000 
0.02350 0.186655600000 
0.02400 0.170996200000 
0.02450 0.155336800000 
0.02500 0.140639000000 
0.02550 0.129076600000 
0.02600 0.117514400000 
0.02650 0.106725400000 
0.02700 0.098131800000 
0.02750 0.089538400000 
0.02800 0.081524000000 
0.02850 0.075098000000 
0.02900 0.068672200000 
0.02950 0.062653600000 
0.03000 0.057821200000 
0.03050 0.052988800000 
0.03100 0.048424000000 
0.03150 0.044770800000 
0.03200 0.041117600000 
0.03250 0.037623400000 
0.03300 0.034848200000 
0.03350 0.032072800000 
0.03400 0.029376000000 
0.03450 0.027257800000 
0.03500 0.025139600000 
0.03550 0.023042400000 
0.03600 0.021418800000 
0.03650 0.019795100000 
0.03700 0.018171480000 
0.03750 0.016903060000 
0.03800 0.015653500000 
0.03850 0.014403940000 
0.03900 0.013393600000 
0.03950 0.012428240000 
0.04000 0.011462880000 
0.04050 0.010653460000 
0.04100 0.009904980000 
0.04150 0.009156500000 
0.04200 0.008504640000 
0.04250 0.007922340000 
0.04300 0.007340040000 
0.04350 0.006812580000 
0.04400 0.006358100000 
0.04450 0.005903620000 
0.04500 0.005474980000 
0.04550 0.005119180000 
0.04600 0.004763380000 
0.04650 0.004413680000 
0.04700 0.004134320000 
0.04750 0.003854960000 
0.04800 0.003575580000 
0.04850 0.003348700000 
0.04900 0.003128740000 
0.04950 0.002908780000 
0.05000 0.002719920000 
0.05050 0.002546280000 
0.05100 0.002372640000 
0.05150 0.002215100000 
0.05200 0.002077660000 
0.05250 0.001940232000 
0.05300 0.001808572000 
0.05350 0.001699530000 
0.05400 0.001590490000 
0.05450 0.001481450000 
0.05500 0.001393540000 
0.05550 0.001306822000 
0.05600 0.001220104000 
0.05650 0.001145256000 
0.05700 0.001076134000 
0.05750 0.001007012000 
0.05800 0.000943274000 
0.05850 0.000888056000 
0.05900 0.000832840000 
0.05950 0.000778552000 
0.06000 0.000734348000 
0.06050 0.000690144000 
0.06100 0.000645938000 
0.06150 0.000608436000 
0.06200 0.000572974000 
0.06250 0.000537512000 
0.06300 0.000505062000 
0.06350 0.000476556000 
0.06400 0.000448050000 
0.06450 0.000420012000 
0.06500 0.000397054000 
0.06550 0.000374094000 
0.06600 0.000351136000 
0.06650 0.000331366000 
0.06700 0.000312840000 
0.06750 0.000294312000 
0.06800 0.000276994000 
0.06850 0.000262014000 
0.06900 0.000247036000 
0.06950 0.000232056000 
0.07000 0.000219768000 
0.07050 0.000207636000 
0.07100 0.000195503600 
0.07150 0.000184596000 
0.07200 0.000174751400 
0.07250 0.000164906800 
0.07300 0.000155265200 
0.07350 0.000147262800 
0.07400 0.000139260600 
0.07450 0.000131258200 
0.07500 0.000124251800 
0.07550 0.000117735800 
0.07600 0.000111219600 
0.07650 0.000104962200 
0.07700 0.000099647200 
0.07750 0.000094332400 
0.07800 0.000089017400 
0.07850 0.000084428000 
0.07900 0.000080085400 
0.07950 0.000075743000 
0.08000 0.000071607400 
0.08050 0.000068053600 
0.08100 0.000064499800 
0.08150 0.000060946000 
0.08200 0.000057882200 
0.08250 0.000054969000 
0.08300 0.000052056000 
0.08350 0.000049274800 
0.08400 0.000046883200 
0.08450 0.000044491400 
0.08500 0.000042099800 
0.08550 0.000040017400 
0.08600 0.000038050800 
0.08650 0.000036084000 
0.08700 0.000034183000 
0.08750 0.000032563200 
0.08800 0.000030943600 
0.08850 0.000029323800 
0.08900 0.000027885200 
0.08950 0.000026549200 
0.09000 0.000025213200 
0.09050 0.000023894200 
0.09100 0.000022790600 
0.09150 0.000021687000 
0.09200 0.000020583400 
0.09250 0.000019574580 
0.09300 0.000018661600 
0.09350 0.000017748600 
0.09400 0.000016835620 
0.09450 0.000016064900 
0.09500 0.000015308520 
0.09550 0.000014552120 
0.09600 0.000013835480 
0.09650 0.000013207920 
0.09700 0.000012580380 
0.09750 0.000011952820 
0.09800 0.000011399300 
0.09850 0.000010877900 
0.09900 0.000010356520 
0.09950 0.000009841700 
0.10000 0.000009407940 
0.10050 0.000008974160 
0.10100 0.000008540380 
0.10150 0.000008138620 
0.10200 0.000007777260 
0.10250 0.000007415880 
0.10300 0.000007054520 
0.10350 0.000006741000 
0.10400 0.000006439560 
0.10450 0.000006138120 
0.10500 0.000005843900 
0.10550 0.000005592120 
0.10600 0.000005340320 
0.10650 0.000005088540 
0.10700 0.000004856640 
0.10750 0.000004646080 
0.10800 0.000004435500 
0.10850 0.000004224940 
0.10900 0.000004042120 
0.10950 0.000003865800 
0.11000 0.000003689480 
0.11050 0.000003516820 
0.11100 0.000003369000 
0.11150 0.000003221180 
0.11200 0.000003073360 
0.11250 0.000002935960 
0.11300 0.000002811880 
0.11350 0.000002687820 
0.11400 0.000002563760 
0.11450 0.000002454320 
0.11500 0.000002350080 
0.11550 0.000002245820 
0.11600 0.000002142080 
0.11650 0.000002054380 
0.11700 0.000001966688 
0.11750 0.000001878990 
0.11800 0.000001795656 
0.11850 0.000001721802 
0.11900 0.000001647946 
0.11950 0.000001574092 
0.12000 0.000001507092 
0.12050 0.000001444834 
0.12100 0.000001382576 
0.12150 0.000001320318 
0.12200 0.000001266408 
0.12250 0.000001213870 
0.12300 0.000001161334 
0.12350 0.000001109762 
0.12400 0.000001065386 
0.12450 0.000001021008 
0.12500 0.000000976632 
0.12550 0.000000934792 
0.12600 0.000000897274 
0.12650 0.000000859756 
0.12700 0.000000822236 
0.12750 0.000000788258 
0.12800 0.000000756510 
0.12850 0.000000724762 
0.12900 0.000000693012 
0.12950 0.000000665390 
0.13000 0.000000638500 
0.13050 0.000000611610 
0.13100 0.000000585034 
0.13150 0.000000562240 
0.13200 0.000000539448 
0.13250 0.000000516654 
0.13300 0.000000494884 
0.13350 0.000000475548 
0.13400 0.000000456212 
0.13450 0.000000436876 
0.13500 0.000000419020 
0.13550 0.000000402604 
0.13600 0.000000386188 
0.13650 0.000000369774 
0.13700 0.000000355108 
0.13750 0.000000341162 
0.13800 0.000000327216 
0.13850 0.000000313272 
0.13900 0.000000301210 
0.13950 0.000000289354 
0.14000 0.000000277498 
0.14050 0.000000265796 
0.14100 0.000000255710 
0.14150 0.000000245626 
0.14200 0.000000235540 
0.14250 0.000000225848 
0.14300 0.000000217262 
0.14350 0.000000208678 
0.14400 0.000000200094 
0.14450 0.000000192052 
0.14500 0.000000184742 
0.14550 0.000000177431 
0.14600 0.000000170120 
0.14650 0.000000163437 
0.14700 0.000000157207 
0.14750 0.000000150977 
0.14800 0.000000144747 
0.14850 0.000000139185 
0.14900 0.000000133874 
0.14950 0.000000128563 
0.15000 0.000000123253 
0.15050 0.000000118613 
0.15100 0.000000114084 
0.15150 0.000000109554 
0.15200 0.000000105025 
0.15250 0.000000101148 
0.15300 0.000000097283 
0.15350 0.000000093418 
0.15400 0.000000089606 
0.15450 0.000000086307 
0.15500 0.000000083008 
0.15550 0.000000079710 
0.15600 0.000000076503 
0.15650 0.000000073687 
0.15700 0.000000070870 
0.15750 0.000000068053 
0.15800 0.000000065351 
0.15850 0.000000062945 
0.15900 0.000000060539 
0.15950 0.000000058132 
0.16000 0.000000055849 
0.16050 0.000000053794 
0.16100 0.000000051739 
0.16150 0.000000049683 
0.16200 0.000000047751 
0.16250 0.000000045994 
0.16300 0.000000044237 
0.16350 0.000000042481 
0.16400 0.000000040841 
0.16450 0.000000039340 
0.16500 0.000000037838 
0.16550 0.000000036337 
0.16600 0.000000034942 
0.16650 0.000000033659 
0.16700 0.000000032375 
0.16750 0.000000031092 
0.16800 0.000000029903 
0.16850 0.000000028805 
0.16900 0.000000027708 
0.16950 0.000000026610 
0.17000 0.000000025594 
0.17050 0.000000024655 
0.17100 0.000000023717 
0.17150 0.000000022779 
0.17200 0.000000021908 
0.17250 0.000000021105 
0.17300 0.000000020302 
0.17350 0.000000019500 
0.17400 0.000000018752 
0.17450 0.000000018065 
0.17500 0.000000017378 
0.17550 0.000000016692 
0.17600 0.000000016048 
0.17650 0.000000015461 
0.17700 0.000000014874 
0.17750 0.000000014287 
0.17800 0.000000013732 
0.17850 0.000000013230 
0.17900 0.000000012727 
0.17950 0.000000012225 
0.18000 0.000000011745 
0.18050 0.000000011315 
0.18100 0.000000010886 
0.18150 0.000000010456 
0.18200 0.000000010040 
0.18250 0.000000009672 
0.18300 0.000000009305 
0.18350 0.000000008937 
0.18400 0.000000008576 
0.18450 0.000000008262 
0.18500 0.000000007948 
0.18550 0.000000007634 
0.18600 0.000000007320 
0.18650 0.000000007051 
0.18700 0.000000006782 
0.18750 0.000000006514 
0.18800 0.000000006245 
0.18850 0.000000006011 
0.18900 0.000000005781 
0.18950 0.000000005551 
0.19000 0.000000005321 
0.19050 0.000000005117 
0.19100 0.000000004920 
0.19150 0.000000004724 
0.19200 0.000000004527 
0.19250 0.000000004348 
0.19300 0.000000004180 
0.19350 0.000000004012 
0.19400 0.000000003844 
0.19450 0.000000003688 
0.19500 0.000000003544 
0.19550 0.000000003401 
0.19600 0.000000003257 
0.19650 0.000000003120 
0.19700 0.000000002997 
0.19750 0.000000002875 
0.19800 0.000000002752 
0.19850 0.000000002632 
0.19900 0.000000002528 
0.19950 0.000000002423 
0.20000 0.000000002318 
0.20050 0.000000002214 
0.20100 0.000000002124 
0.20150 0.000000002035 
0.20200 0.000000001945 
0.20250 0.000000001856 
0.20300 0.000000001777 
0.20350 0.000000001701 
0.20400 0.000000001625 
0.20450 0.000000001549 
0.20500 0.000000001480 
0.20550 0.000000001415 
0.20600 0.000000001351 
0.20650 0.000000001286 
0.20700 0.000000001226 
0.20750 0.000000001171 
0.20800 0.000000001115 
0.20850 0.000000001060 
0.20900 0.000000001008 
0.20950 0.000000000961 
0.21000 0.000000000914 
0.21050 0.000000000867 
0.21100 0.000000000822 
0.21150 0.000000000782 
0.21200 0.000000000743 
0.21250 0.000000000703 
0.21300 0.000000000664 
0.21350 0.000000000630 
0.21400 0.000000000596 
0.21450 0.000000000563 
0.21500 0.000000000529 
0.21550 0.000000000501 
0.21600 0.000000000473 
0.21650 0.000000000444 
0.21700 0.000000000416 
0.21750 0.000000000392 
0.21800 0.000000000368 
0.21850 0.000000000344 
0.21900 0.000000000321 
0.21950 0.000000000301 
0.22000 0.000000000281 
0.22050 0.000000000261 
0.22100 0.000000000241 
0.22150 0.000000000225 
0.22200 0.000000000208 
0.22250 0.000000000191 
0.22300 0.000000000175 
0.22350 0.000000000162 
0.22400 0.000000000148 
0.22450 0.000000000135 
0.22500 0.000000000122 
0.22550 0.000000000111 
0.22600 0.000000000100 
0.22650 0.000000000089 
0.22700 0.000000000079 
0.22750 0.000000000071 
0.22800 0.000000000062 
0.22850 0.000000000053 
0.22900 0.000000000046 
0.22950 0.000000000040 
0.23000 0.000000000033 
0.23050 0.000000000027 
0.23100 0.000000000023 
0.23150 0.000000000018 
0.23200 0.000000000014 
0.23250 0.000000000010 
0.23300 0.000000000008 
0.23350 0.000000000005 
