0.00000 37.066600000000 
0.00050 32.629000000000 
0.00100 28.191400000000 
0.00150 23.753800000000 
0.00200 19.316180000000 
0.00250 16.391420000000 
0.00300 13.918000000000 
0.00350 11.942740000000 
0.00400 10.428220000000 
0.00450 9.013960000000 
0.00500 8.030480000000 
0.00550 7.046980000000 
0.00600 6.312640000000 
0.00650 5.646480000000 
0.00700 5.043320000000 
0.00750 4.577160000000 
0.00800 4.111020000000 
0.00850 3.747840000000 
0.00900 3.412960000000 
0.00950 3.095780000000 
0.01000 2.849920000000 
0.01050 2.604060000000 
0.01100 2.393080000000 
0.01150 2.209220000000 
0.01200 2.025340000000 
0.01250 1.880364000000 
0.01300 1.740644000000 
0.01350 1.605974000000 
0.01400 1.498316000000 
0.01450 1.390660000000 
0.01500 1.292386000000 
0.01550 1.208416000000 
0.01600 1.124444000000 
0.01650 1.051128000000 
0.01700 0.984916000000 
0.01750 0.918706000000 
0.01800 0.862910000000 
0.01850 0.810194000000 
0.01900 0.757478000000 
0.01950 0.714250000000 
0.02000 0.671912000000 
0.02050 0.629816000000 
0.02100 0.595544000000 
0.02150 0.561270000000 
0.02200 0.527764000000 
0.02250 0.499822000000 
0.02300 0.471880000000 
0.02350 0.444886000000 
0.02400 0.421958000000 
0.02450 0.399030000000 
0.02500 0.377042000000 
0.02550 0.358116000000 
0.02600 0.339192000000 
0.02650 0.321104000000 
0.02700 0.305400000000 
0.02750 0.289694000000 
0.02800 0.274684000000 
0.02850 0.261586000000 
0.02900 0.248488000000 
0.02950 0.235932000000 
0.03000 0.224960000000 
0.03050 0.213986000000 
0.03100 0.203408000000 
0.03150 0.194175000000 
0.03200 0.184943000000 
0.03250 0.175971200000 
0.03300 0.168174600000 
0.03350 0.160377800000 
0.03400 0.152723200000 
0.03450 0.146115000000 
0.03500 0.139506800000 
0.03550 0.132940400000 
0.03600 0.127321200000 
0.03650 0.121702000000 
0.03700 0.116082800000 
0.03750 0.111248200000 
0.03800 0.106455200000 
0.03850 0.101662400000 
0.03900 0.097453000000 
0.03950 0.093353200000 
0.04000 0.089253400000 
0.04050 0.085573200000 
0.04100 0.082057200000 
0.04150 0.078541000000 
0.04200 0.075311600000 
0.04250 0.072288600000 
0.04300 0.069265600000 
0.04350 0.066421800000 
0.04400 0.063816800000 
0.04450 0.061211800000 
0.04500 0.058699800000 
0.04550 0.056450000000 
0.04600 0.054200200000 
0.04650 0.051974600000 
0.04700 0.050027600000 
0.04750 0.048080800000 
0.04800 0.046133800000 
0.04850 0.044415600000 
0.04900 0.042727600000 
0.04950 0.041039400000 
0.05000 0.039500400000 
0.05050 0.038034000000 
0.05100 0.036567800000 
0.05150 0.035186200000 
0.05200 0.033910400000 
0.05250 0.032634600000 
0.05300 0.031392200000 
0.05350 0.030280200000 
0.05400 0.029168400000 
0.05450 0.028056400000 
0.05500 0.027078200000 
0.05550 0.026107600000 
0.05600 0.025137000000 
0.05650 0.024248800000 
0.05700 0.023400400000 
0.05750 0.022551800000 
0.05800 0.021744200000 
0.05850 0.021001400000 
0.05900 0.020258600000 
0.05950 0.019523600000 
0.06000 0.018872400000 
0.06050 0.018221200000 
0.06100 0.017570020000 
0.06150 0.016979800000 
0.06200 0.016408140000 
0.06250 0.015836500000 
0.06300 0.015294820000 
0.06350 0.014792380000 
0.06400 0.014289940000 
0.06450 0.013792560000 
0.06500 0.013350380000 
0.06550 0.012908200000 
0.06600 0.012466020000 
0.06650 0.012061680000 
0.06700 0.011672060000 
0.06750 0.011282440000 
0.06800 0.010908440000 
0.06850 0.010564720000 
0.06900 0.010221000000 
0.06950 0.009877300000 
0.07000 0.009571540000 
0.07050 0.009267960000 
0.07100 0.008964380000 
0.07150 0.008679640000 
0.07200 0.008411220000 
0.07250 0.008142820000 
0.07300 0.007877800000 
0.07350 0.007640200000 
0.07400 0.007402620000 
0.07450 0.007165020000 
0.07500 0.006945540000 
0.07550 0.006735000000 
0.07600 0.006524460000 
0.07650 0.006319040000 
0.07700 0.006132260000 
0.07750 0.005945480000 
0.07800 0.005758700000 
0.07850 0.005587520000 
0.07900 0.005421660000 
0.07950 0.005255800000 
0.08000 0.005094760000 
0.08050 0.004947320000 
0.08100 0.004799880000 
0.08150 0.004652440000 
0.08200 0.004517400000 
0.08250 0.004386180000 
0.08300 0.004254960000 
0.08350 0.004127380000 
0.08400 0.004010500000 
0.08450 0.003893620000 
0.08500 0.003776740000 
0.08550 0.003669060000 
0.08600 0.003564840000 
0.08650 0.003460620000 
0.08700 0.003358520000 
0.08750 0.003265500000 
0.08800 0.003172480000 
0.08850 0.003079480000 
0.08900 0.002992780000 
0.08950 0.002909660000 
0.09000 0.002826560000 
0.09050 0.002744100000 
0.09100 0.002669780000 
0.09150 0.002595460000 
0.09200 0.002521140000 
0.09250 0.002450700000 
0.09300 0.002384160000 
0.09350 0.002317640000 
0.09400 0.002251120000 
0.09450 0.002190880000 
0.09500 0.002131280000 
0.09550 0.002071680000 
0.09600 0.002013980000 
0.09650 0.001960534000 
0.09700 0.001907082000 
0.09750 0.001853630000 
0.09800 0.001804000000 
0.09850 0.001756028000 
0.09900 0.001708056000 
0.09950 0.001660450000 
0.10000 0.001617354000 
0.10050 0.001574258000 
0.10100 0.001531164000 
0.10150 0.001489990000 
0.10200 0.001451242000 
0.10250 0.001412494000 
0.10300 0.001373746000 
0.10350 0.001338096000 
0.10400 0.001303228000 
0.10450 0.001268360000 
0.10500 0.001233996000 
0.10550 0.001202594000 
0.10600 0.001171192000 
0.10650 0.001139790000 
0.10700 0.001109882000 
0.10750 0.001081580000 
0.10800 0.001053276000 
0.10850 0.001024974000 
0.10900 0.000998918000 
0.10950 0.000973388000 
0.11000 0.000947860000 
0.11050 0.000922650000 
0.11100 0.000899602000 
0.11150 0.000876554000 
0.11200 0.000853506000 
0.11250 0.000831436000 
0.11300 0.000810620000 
0.11350 0.000789804000 
0.11400 0.000768990000 
0.11450 0.000749648000 
0.11500 0.000730830000 
0.11550 0.000712010000 
0.11600 0.000693248000 
0.11650 0.000676226000 
0.11700 0.000659204000 
0.11750 0.000642182000 
0.11800 0.000625668000 
0.11850 0.000610260000 
0.11900 0.000594850000 
0.11950 0.000579440000 
0.12000 0.000564892000 
0.12050 0.000550942000 
0.12100 0.000536990000 
0.12150 0.000523040000 
0.12200 0.000510210000 
0.12250 0.000497566000 
0.12300 0.000484922000 
0.12350 0.000472418000 
0.12400 0.000460952000 
0.12450 0.000449486000 
0.12500 0.000438020000 
0.12550 0.000426950000 
0.12600 0.000416550000 
0.12650 0.000406150000 
0.12700 0.000395752000 
0.12750 0.000385944000 
0.12800 0.000376508000 
0.12850 0.000367072000 
0.12900 0.000357636000 
0.12950 0.000348938000 
0.13000 0.000340370000 
0.13050 0.000331802000 
0.13100 0.000323294000 
0.13150 0.000315514000 
0.13200 0.000307734000 
0.13250 0.000299954000 
0.13300 0.000292384000 
0.13350 0.000285316000 
0.13400 0.000278246000 
0.13450 0.000271176000 
0.13500 0.000264434000 
0.13550 0.000258008000 
0.13600 0.000251584000 
0.13650 0.000245158000 
0.13700 0.000239148000 
0.13750 0.000233310000 
0.13800 0.000227472000 
0.13850 0.000221632000 
0.13900 0.000216272000 
0.13950 0.000210962000 
0.14000 0.000205654000 
0.14050 0.000200386000 
0.14100 0.000195561400 
0.14150 0.000190736000 
0.14200 0.000185910600 
0.14250 0.000181199200 
0.14300 0.000176810600 
0.14350 0.000172422200 
0.14400 0.000168033600 
0.14450 0.000163814400 
0.14500 0.000159823200 
0.14550 0.000155831800 
0.14600 0.000151840600 
0.14650 0.000148059200 
0.14700 0.000144429400 
0.14750 0.000140799400 
0.14800 0.000137169400 
0.14850 0.000133779800 
0.14900 0.000130480800 
0.14950 0.000127181800 
0.15000 0.000123883000 
0.15050 0.000120841200 
0.15100 0.000117841600 
0.15150 0.000114842000 
0.15200 0.000111842400 
0.15250 0.000109110600 
0.15300 0.000106383600 
0.15350 0.000103656600 
0.15400 0.000100953000 
0.15450 0.000098476400 
0.15500 0.000095999800 
0.15550 0.000093523200 
0.15600 0.000091089800 
0.15650 0.000088839600 
0.15700 0.000086589200 
0.15750 0.000084339000 
0.15800 0.000082145400 
0.15850 0.000080099800 
0.15900 0.000078054000 
0.15950 0.000076008200 
0.16000 0.000074029200 
0.16050 0.000072173400 
0.16100 0.000070317600 
0.16150 0.000068461800 
0.16200 0.000066676600 
0.16250 0.000064992400 
0.16300 0.000063308200 
0.16350 0.000061624000 
0.16400 0.000060011200 
0.16450 0.000058483400 
0.16500 0.000056955600 
0.16550 0.000055427800 
0.16600 0.000053970600 
0.16650 0.000052587000 
0.16700 0.000051203400 
0.16750 0.000049819600 
0.16800 0.000048501200 
0.16850 0.000047246200 
0.16900 0.000045991000 
0.16950 0.000044735800 
0.17000 0.000043542000 
0.17050 0.000042406800 
0.17100 0.000041271600 
0.17150 0.000040136400 
0.17200 0.000039054600 
0.17250 0.000038026000 
0.17300 0.000036997400 
0.17350 0.000035969000 
0.17400 0.000034987000 
0.17450 0.000034057000 
0.17500 0.000033127000 
0.17550 0.000032196800 
0.17600 0.000031306200 
0.17650 0.000030466800 
0.17700 0.000029627600 
0.17750 0.000028788400 
0.17800 0.000027980000 
0.17850 0.000027222200 
0.17900 0.000026464600 
0.17950 0.000025706800 
0.18000 0.000024971600 
0.18050 0.000024287200 
0.18100 0.000023602600 
0.18150 0.000022918000 
0.18200 0.000022248600 
0.18250 0.000021631600 
0.18300 0.000021014600 
0.18350 0.000020397600 
0.18400 0.000019788440 
0.18450 0.000019233820 
0.18500 0.000018679180 
0.18550 0.000018124560 
0.18600 0.000017570740 
0.18650 0.000017070920 
0.18700 0.000016571100 
0.18750 0.000016071260 
0.18800 0.000015571440 
0.18850 0.000015117540 
0.18900 0.000014669200 
0.18950 0.000014220860 
0.19000 0.000013772520 
0.19050 0.000013358360 
0.19100 0.000012955080 
0.19150 0.000012551800 
0.19200 0.000012148520 
0.19250 0.000011770840 
0.19300 0.000011409220 
0.19350 0.000011047600 
0.19400 0.000010685980 
0.19450 0.000010341820 
0.19500 0.000010017940 
0.19550 0.000009694040 
0.19600 0.000009370160 
0.19650 0.000009056680 
0.19700 0.000008766960 
0.19750 0.000008477240 
0.19800 0.000008187520 
0.19850 0.000007902200 
0.19900 0.000007643380 
0.19950 0.000007384580 
0.20000 0.000007125760 
0.20050 0.000006866960 
0.20100 0.000006634900 
0.20150 0.000006403460 
0.20200 0.000006172020 
0.20250 0.000005940580 
0.20300 0.000005730200 
0.20350 0.000005524640 
0.20400 0.000005319080 
0.20450 0.000005113520 
0.20500 0.000004922560 
0.20550 0.000004739300 
0.20600 0.000004556060 
0.20650 0.000004372800 
0.20700 0.000004200180 
0.20750 0.000004038080 
0.20800 0.000003875980 
0.20850 0.000003713860 
0.20900 0.000003558340 
0.20950 0.000003414400 
0.21000 0.000003270480 
0.21050 0.000003126540 
0.21100 0.000002986520 
0.21150 0.000002859060 
0.21200 0.000002731600 
0.21250 0.000002604140 
0.21300 0.000002478760 
0.21350 0.000002366980 
0.21400 0.000002255220 
0.21450 0.000002143460 
0.21500 0.000002032420 
0.21550 0.000001934126 
0.21600 0.000001835822 
0.21650 0.000001737518 
0.21700 0.000001639338 
0.21750 0.000001553928 
0.21800 0.000001468518 
0.21850 0.000001383108 
0.21900 0.000001297726 
0.21950 0.000001223418 
0.22000 0.000001149112 
0.22050 0.000001074804 
0.22100 0.000001000918 
0.22150 0.000000936820 
0.22200 0.000000872722 
0.22250 0.000000808624 
0.22300 0.000000745848 
0.22350 0.000000691652 
0.22400 0.000000637456 
0.22450 0.000000583260 
0.22500 0.000000531580 
0.22550 0.000000486118 
0.22600 0.000000440654 
0.22650 0.000000395192 
0.22700 0.000000354072 
0.22750 0.000000317058 
0.22800 0.000000280044 
0.22850 0.000000243030 
0.22900 0.000000212658 
0.22950 0.000000183728 
0.23000 0.000000154797 
0.23050 0.000000127602 
0.23100 0.000000106504 
0.23150 0.000000085406 
0.23200 0.000000064308 
0.23250 0.000000049081 
0.23300 0.000000036073 
0.23350 0.000000023065 
