0.00000 35.170800000000 
0.00050 30.923200000000 
0.00100 26.675400000000 
0.00150 22.427800000000 
0.00200 18.180000000000 
0.00250 15.391960000000 
0.00300 13.039380000000 
0.00350 11.164440000000 
0.00400 9.731200000000 
0.00450 8.393620000000 
0.00500 7.467000000000 
0.00550 6.540380000000 
0.00600 5.850420000000 
0.00650 5.225240000000 
0.00700 4.659680000000 
0.00750 4.223780000000 
0.00800 3.787880000000 
0.00850 3.449100000000 
0.00900 3.137020000000 
0.00950 2.841540000000 
0.01000 2.613140000000 
0.01050 2.384740000000 
0.01100 2.189020000000 
0.01150 2.018700000000 
0.01200 1.848402000000 
0.01250 1.714446000000 
0.01300 1.585406000000 
0.01350 1.461072000000 
0.01400 1.361918000000 
0.01450 1.262764000000 
0.01500 1.172334000000 
0.01550 1.095200000000 
0.01600 1.018068000000 
0.01650 0.950814000000 
0.01700 0.890152000000 
0.01750 0.829490000000 
0.01800 0.778462000000 
0.01850 0.730284000000 
0.01900 0.682106000000 
0.01950 0.642688000000 
0.02000 0.604088000000 
0.02050 0.565712000000 
0.02100 0.534540000000 
0.02150 0.503368000000 
0.02200 0.472898000000 
0.02250 0.447544000000 
0.02300 0.422188000000 
0.02350 0.397702000000 
0.02400 0.376944000000 
0.02450 0.356184000000 
0.02500 0.336286000000 
0.02550 0.319190000000 
0.02600 0.302094000000 
0.02650 0.285762000000 
0.02700 0.271606000000 
0.02750 0.257448000000 
0.02800 0.243926000000 
0.02850 0.232144000000 
0.02900 0.220362000000 
0.02950 0.209074000000 
0.03000 0.199224800000 
0.03050 0.189374800000 
0.03100 0.179883400000 
0.03150 0.171613600000 
0.03200 0.163344000000 
0.03250 0.155310000000 
0.03300 0.148340000000 
0.03350 0.141370000000 
0.03400 0.134528600000 
0.03450 0.128632800000 
0.03500 0.122737200000 
0.03550 0.116879200000 
0.03600 0.111875600000 
0.03650 0.106872000000 
0.03700 0.101868600000 
0.03750 0.097571400000 
0.03800 0.093311800000 
0.03850 0.089052200000 
0.03900 0.085317000000 
0.03950 0.081680400000 
0.04000 0.078043800000 
0.04050 0.074783600000 
0.04100 0.071670600000 
0.04150 0.068557400000 
0.04200 0.065701000000 
0.04250 0.063029400000 
0.04300 0.060357800000 
0.04350 0.057846600000 
0.04400 0.055548600000 
0.04450 0.053250400000 
0.04500 0.051035400000 
0.04550 0.049054400000 
0.04600 0.047073200000 
0.04650 0.045113800000 
0.04700 0.043402400000 
0.04750 0.041691000000 
0.04800 0.039979600000 
0.04850 0.038471600000 
0.04900 0.036990400000 
0.04950 0.035509200000 
0.05000 0.034160000000 
0.05050 0.032875600000 
0.05100 0.031591200000 
0.05150 0.030382000000 
0.05200 0.029266200000 
0.05250 0.028150600000 
0.05300 0.027064400000 
0.05350 0.026093600000 
0.05400 0.025123000000 
0.05450 0.024152200000 
0.05500 0.023299600000 
0.05550 0.022453800000 
0.05600 0.021607800000 
0.05650 0.020834400000 
0.05700 0.020096200000 
0.05750 0.019357800000 
0.05800 0.018655500000 
0.05850 0.018010200000 
0.05900 0.017364900000 
0.05950 0.016726380000 
0.06000 0.016161580000 
0.06050 0.015596760000 
0.06100 0.015031940000 
0.06150 0.014520600000 
0.06200 0.014025580000 
0.06250 0.013530540000 
0.06300 0.013061740000 
0.06350 0.012627320000 
0.06400 0.012192880000 
0.06450 0.011762880000 
0.06500 0.011381140000 
0.06550 0.010999400000 
0.06600 0.010617660000 
0.06650 0.010268960000 
0.06700 0.009933100000 
0.06750 0.009597240000 
0.06800 0.009275020000 
0.06850 0.008979180000 
0.06900 0.008683340000 
0.06950 0.008387500000 
0.07000 0.008124700000 
0.07050 0.007863800000 
0.07100 0.007602920000 
0.07150 0.007358380000 
0.07200 0.007128040000 
0.07250 0.006897700000 
0.07300 0.006670300000 
0.07350 0.006466700000 
0.07400 0.006263100000 
0.07450 0.006059500000 
0.07500 0.005871620000 
0.07550 0.005691460000 
0.07600 0.005511280000 
0.07650 0.005335560000 
0.07700 0.005175960000 
0.07750 0.005016380000 
0.07800 0.004856780000 
0.07850 0.004710660000 
0.07900 0.004569140000 
0.07950 0.004427600000 
0.08000 0.004290240000 
0.08050 0.004164620000 
0.08100 0.004038980000 
0.08150 0.003913340000 
0.08200 0.003798400000 
0.08250 0.003686740000 
0.08300 0.003575100000 
0.08350 0.003466560000 
0.08400 0.003367240000 
0.08450 0.003267920000 
0.08500 0.003168600000 
0.08550 0.003077180000 
0.08600 0.002988740000 
0.08650 0.002900300000 
0.08700 0.002813680000 
0.08750 0.002734840000 
0.08800 0.002656020000 
0.08850 0.002577180000 
0.08900 0.002503780000 
0.08950 0.002433440000 
0.09000 0.002363100000 
0.09050 0.002293300000 
0.09100 0.002230480000 
0.09150 0.002167660000 
0.09200 0.002104840000 
0.09250 0.002045340000 
0.09300 0.001989182000 
0.09350 0.001933024000 
0.09400 0.001876866000 
0.09450 0.001826080000 
0.09500 0.001775832000 
0.09550 0.001725586000 
0.09600 0.001676956000 
0.09650 0.001631948000 
0.09700 0.001586942000 
0.09750 0.001541934000 
0.09800 0.001500180000 
0.09850 0.001459838000 
0.09900 0.001419496000 
0.09950 0.001379464000 
0.10000 0.001343266000 
0.10050 0.001307070000 
0.10100 0.001270874000 
0.10150 0.001236308000 
0.10200 0.001203804000 
0.10250 0.001171298000 
0.10300 0.001138794000 
0.10350 0.001108916000 
0.10400 0.001079702000 
0.10450 0.001050486000 
0.10500 0.001021700000 
0.10550 0.000995420000 
0.10600 0.000969142000 
0.10650 0.000942862000 
0.10700 0.000917848000 
0.10750 0.000894192000 
0.10800 0.000870534000 
0.10850 0.000846878000 
0.10900 0.000825120000 
0.10950 0.000803806000 
0.11000 0.000782494000 
0.11050 0.000761450000 
0.11100 0.000742230000 
0.11150 0.000723010000 
0.11200 0.000703792000 
0.11250 0.000685398000 
0.11300 0.000668060000 
0.11350 0.000650722000 
0.11400 0.000633384000 
0.11450 0.000617290000 
0.11500 0.000601634000 
0.11550 0.000585976000 
0.11600 0.000570368000 
0.11650 0.000556222000 
0.11700 0.000542076000 
0.11750 0.000527932000 
0.11800 0.000514214000 
0.11850 0.000501424000 
0.11900 0.000488632000 
0.11950 0.000475842000 
0.12000 0.000463774000 
0.12050 0.000452206000 
0.12100 0.000440640000 
0.12150 0.000429072000 
0.12200 0.000418446000 
0.12250 0.000407974000 
0.12300 0.000397502000 
0.12350 0.000387146000 
0.12400 0.000377660000 
0.12450 0.000368174000 
0.12500 0.000358690000 
0.12550 0.000349534000 
0.12600 0.000340940000 
0.12650 0.000332346000 
0.12700 0.000323752000 
0.12750 0.000315652000 
0.12800 0.000307862000 
0.12850 0.000300072000 
0.12900 0.000292284000 
0.12950 0.000285108000 
0.13000 0.000278044000 
0.13050 0.000270978000 
0.13100 0.000263962000 
0.13150 0.000257554000 
0.13200 0.000251146000 
0.13250 0.000244736000 
0.13300 0.000238502000 
0.13350 0.000232686000 
0.13400 0.000226868000 
0.13450 0.000221050000 
0.13500 0.000215504000 
0.13550 0.000210224000 
0.13600 0.000204942000 
0.13650 0.000199659400 
0.13700 0.000194722800 
0.13750 0.000189928000 
0.13800 0.000185133200 
0.13850 0.000180338600 
0.13900 0.000175940200 
0.13950 0.000171584800 
0.14000 0.000167229600 
0.14050 0.000162908800 
0.14100 0.000158954000 
0.14150 0.000154999400 
0.14200 0.000151044600 
0.14250 0.000147184200 
0.14300 0.000143591200 
0.14350 0.000139998200 
0.14400 0.000136405000 
0.14450 0.000132951800 
0.14500 0.000129687200 
0.14550 0.000126422600 
0.14600 0.000123158000 
0.14650 0.000120066800 
0.14700 0.000117100600 
0.14750 0.000114134400 
0.14800 0.000111168200 
0.14850 0.000108400000 
0.14900 0.000105707000 
0.14950 0.000103013800 
0.15000 0.000100320600 
0.15050 0.000097839400 
0.15100 0.000095392800 
0.15150 0.000092946400 
0.15200 0.000090499800 
0.15250 0.000088273800 
0.15300 0.000086051600 
0.15350 0.000083829600 
0.15400 0.000081626600 
0.15450 0.000079610400 
0.15500 0.000077594200 
0.15550 0.000075577800 
0.15600 0.000073597200 
0.15650 0.000071766800 
0.15700 0.000069936600 
0.15750 0.000068106200 
0.15800 0.000066322600 
0.15850 0.000064660000 
0.15900 0.000062997600 
0.15950 0.000061335200 
0.16000 0.000059727400 
0.16050 0.000058220600 
0.16100 0.000056714000 
0.16150 0.000055207200 
0.16200 0.000053758200 
0.16250 0.000052391800 
0.16300 0.000051025600 
0.16350 0.000049659200 
0.16400 0.000048351400 
0.16450 0.000047113200 
0.16500 0.000045874800 
0.16550 0.000044636400 
0.16600 0.000043455800 
0.16650 0.000042335200 
0.16700 0.000041214600 
0.16750 0.000040094000 
0.16800 0.000039026800 
0.16850 0.000038011000 
0.16900 0.000036995400 
0.16950 0.000035979800 
0.17000 0.000035014200 
0.17050 0.000034096400 
0.17100 0.000033178400 
0.17150 0.000032260600 
0.17200 0.000031386200 
0.17250 0.000030555200 
0.17300 0.000029724400 
0.17350 0.000028893400 
0.17400 0.000028100400 
0.17450 0.000027349600 
0.17500 0.000026598800 
0.17550 0.000025848000 
0.17600 0.000025129200 
0.17650 0.000024452400 
0.17700 0.000023775400 
0.17750 0.000023098400 
0.17800 0.000022446400 
0.17850 0.000021835800 
0.17900 0.000021225000 
0.17950 0.000020614400 
0.18000 0.000020021800 
0.18050 0.000019470540 
0.18100 0.000018919200 
0.18150 0.000018367860 
0.18200 0.000017828760 
0.18250 0.000017332200 
0.18300 0.000016835640 
0.18350 0.000016339100 
0.18400 0.000015848880 
0.18450 0.000015402820 
0.18500 0.000014956760 
0.18550 0.000014510700 
0.18600 0.000014065320 
0.18650 0.000013663620 
0.18700 0.000013261940 
0.18750 0.000012860240 
0.18800 0.000012458560 
0.18850 0.000012094000 
0.18900 0.000011733940 
0.18950 0.000011373860 
0.19000 0.000011013800 
0.19050 0.000010681340 
0.19100 0.000010357700 
0.19150 0.000010034040 
0.19200 0.000009710400 
0.19250 0.000009407400 
0.19300 0.000009117380 
0.19350 0.000008827360 
0.19400 0.000008537340 
0.19450 0.000008261400 
0.19500 0.000008001800 
0.19550 0.000007742220 
0.19600 0.000007482640 
0.19650 0.000007231440 
0.19700 0.000006999380 
0.19750 0.000006767320 
0.19800 0.000006535260 
0.19850 0.000006306740 
0.19900 0.000006099580 
0.19950 0.000005892420 
0.20000 0.000005685260 
0.20050 0.000005478080 
0.20100 0.000005292460 
0.20150 0.000005107320 
0.20200 0.000004922180 
0.20250 0.000004737040 
0.20300 0.000004568840 
0.20350 0.000004404500 
0.20400 0.000004240160 
0.20450 0.000004075820 
0.20500 0.000003923220 
0.20550 0.000003776800 
0.20600 0.000003630400 
0.20650 0.000003483980 
0.20700 0.000003346100 
0.20750 0.000003216660 
0.20800 0.000003087220 
0.20850 0.000002957780 
0.20900 0.000002833620 
0.20950 0.000002718760 
0.21000 0.000002603900 
0.21050 0.000002489040 
0.21100 0.000002377320 
0.21150 0.000002275660 
0.21200 0.000002174000 
0.21250 0.000002072340 
0.21300 0.000001972358 
0.21350 0.000001883268 
0.21400 0.000001794176 
0.21450 0.000001705084 
0.21500 0.000001616588 
0.21550 0.000001538274 
0.21600 0.000001459960 
0.21650 0.000001381648 
0.21700 0.000001303432 
0.21750 0.000001235426 
0.21800 0.000001167420 
0.21850 0.000001099414 
0.21900 0.000001031430 
0.21950 0.000000972296 
0.22000 0.000000913164 
0.22050 0.000000854032 
0.22100 0.000000795234 
0.22150 0.000000744254 
0.22200 0.000000693274 
0.22250 0.000000642294 
0.22300 0.000000592368 
0.22350 0.000000549284 
0.22400 0.000000506200 
0.22450 0.000000463118 
0.22500 0.000000422040 
0.22550 0.000000385918 
0.22600 0.000000349796 
0.22650 0.000000313674 
0.22700 0.000000281012 
0.22750 0.000000251618 
0.22800 0.000000222224 
0.22850 0.000000192829 
0.22900 0.000000168719 
0.22950 0.000000145755 
0.23000 0.000000122792 
0.23050 0.000000101208 
0.23100 0.000000084469 
0.23150 0.000000067731 
0.23200 0.000000050993 
0.23250 0.000000038916 
0.23300 0.000000028601 
0.23350 0.000000018285 
