0.00000 33.537800000000 
0.00050 29.446400000000 
0.00100 25.355000000000 
0.00150 21.263800000000 
0.00200 17.172460000000 
0.00250 14.499780000000 
0.00300 12.250360000000 
0.00350 10.461820000000 
0.00400 9.099520000000 
0.00450 7.829000000000 
0.00500 6.952760000000 
0.00550 6.076520000000 
0.00600 5.426240000000 
0.00650 4.837780000000 
0.00700 4.306000000000 
0.00750 3.897460000000 
0.00800 3.488920000000 
0.00850 3.172320000000 
0.00900 2.880980000000 
0.00950 2.605320000000 
0.01000 2.392920000000 
0.01050 2.180500000000 
0.01100 1.998806000000 
0.01150 1.840990000000 
0.01200 1.683176000000 
0.01250 1.559404000000 
0.01300 1.440238000000 
0.01350 1.325466000000 
0.01400 1.234202000000 
0.01450 1.142938000000 
0.01500 1.059792000000 
0.01550 0.989022000000 
0.01600 0.918252000000 
0.01650 0.856650000000 
0.01700 0.801164000000 
0.01750 0.745676000000 
0.01800 0.699106000000 
0.01850 0.655170000000 
0.01900 0.611236000000 
0.01950 0.575382000000 
0.02000 0.540284000000 
0.02050 0.505392000000 
0.02100 0.477128000000 
0.02150 0.448864000000 
0.02200 0.421246000000 
0.02250 0.398322000000 
0.02300 0.375396000000 
0.02350 0.353264000000 
0.02400 0.334546000000 
0.02450 0.315828000000 
0.02500 0.297896000000 
0.02550 0.282520000000 
0.02600 0.267146000000 
0.02650 0.252468000000 
0.02700 0.239768000000 
0.02750 0.227070000000 
0.02800 0.214948000000 
0.02850 0.204406000000 
0.02900 0.193866000000 
0.02950 0.183772600000 
0.03000 0.174982000000 
0.03050 0.166191600000 
0.03100 0.157725000000 
0.03150 0.150363200000 
0.03200 0.143001200000 
0.03250 0.135851800000 
0.03300 0.129661800000 
0.03350 0.123472000000 
0.03400 0.117397800000 
0.03450 0.112174600000 
0.03500 0.106951200000 
0.03550 0.101761800000 
0.03600 0.097339200000 
0.03650 0.092916800000 
0.03700 0.088494200000 
0.03750 0.084704400000 
0.03800 0.080948200000 
0.03850 0.077192000000 
0.03900 0.073904400000 
0.03950 0.070704800000 
0.04000 0.067505400000 
0.04050 0.064641400000 
0.04100 0.061908600000 
0.04150 0.059175800000 
0.04200 0.056671400000 
0.04250 0.054331400000 
0.04300 0.051991200000 
0.04350 0.049793600000 
0.04400 0.047785000000 
0.04450 0.045776600000 
0.04500 0.043841800000 
0.04550 0.042114000000 
0.04600 0.040386400000 
0.04650 0.038677600000 
0.04700 0.037188400000 
0.04750 0.035699000000 
0.04800 0.034209800000 
0.04850 0.032899800000 
0.04900 0.031613400000 
0.04950 0.030327000000 
0.05000 0.029157200000 
0.05050 0.028044000000 
0.05100 0.026931000000 
0.05150 0.025883800000 
0.05200 0.024918800000 
0.05250 0.023954000000 
0.05300 0.023015000000 
0.05350 0.022177000000 
0.05400 0.021339200000 
0.05450 0.020501400000 
0.05500 0.019766880000 
0.05550 0.019038200000 
0.05600 0.018309500000 
0.05650 0.017644200000 
0.05700 0.017009480000 
0.05750 0.016374740000 
0.05800 0.015771400000 
0.05850 0.015217700000 
0.05900 0.014664000000 
0.05950 0.014116240000 
0.06000 0.013632540000 
0.06050 0.013148840000 
0.06100 0.012665140000 
0.06150 0.012227860000 
0.06200 0.011804720000 
0.06250 0.011381580000 
0.06300 0.010981180000 
0.06350 0.010610540000 
0.06400 0.010239900000 
0.06450 0.009873080000 
0.06500 0.009548000000 
0.06550 0.009222920000 
0.06600 0.008897820000 
0.06650 0.008601260000 
0.06700 0.008315780000 
0.06750 0.008030300000 
0.06800 0.007756540000 
0.06850 0.007505520000 
0.06900 0.007254520000 
0.06950 0.007003500000 
0.07000 0.006780880000 
0.07050 0.006559920000 
0.07100 0.006338940000 
0.07150 0.006132020000 
0.07200 0.005937260000 
0.07250 0.005742520000 
0.07300 0.005550300000 
0.07350 0.005378460000 
0.07400 0.005206620000 
0.07450 0.005034780000 
0.07500 0.004876380000 
0.07550 0.004724580000 
0.07600 0.004572780000 
0.07650 0.004424780000 
0.07700 0.004290540000 
0.07750 0.004156300000 
0.07800 0.004022080000 
0.07850 0.003899320000 
0.07900 0.003780480000 
0.07950 0.003661640000 
0.08000 0.003546360000 
0.08050 0.003441040000 
0.08100 0.003335720000 
0.08150 0.003230400000 
0.08200 0.003134160000 
0.08250 0.003040720000 
0.08300 0.002947280000 
0.08350 0.002856480000 
0.08400 0.002773500000 
0.08450 0.002690520000 
0.08500 0.002607540000 
0.08550 0.002531240000 
0.08600 0.002457480000 
0.08650 0.002383700000 
0.08700 0.002311460000 
0.08750 0.002245800000 
0.08800 0.002180140000 
0.08850 0.002114500000 
0.08900 0.002053420000 
0.08950 0.001994924000 
0.09000 0.001936436000 
0.09050 0.001878412000 
0.09100 0.001826260000 
0.09150 0.001774108000 
0.09200 0.001721956000 
0.09250 0.001672588000 
0.09300 0.001626036000 
0.09350 0.001579486000 
0.09400 0.001532936000 
0.09450 0.001490896000 
0.09500 0.001449310000 
0.09550 0.001407722000 
0.09600 0.001367492000 
0.09650 0.001330300000 
0.09700 0.001293108000 
0.09750 0.001255914000 
0.09800 0.001221444000 
0.09850 0.001188156000 
0.09900 0.001154868000 
0.09950 0.001121840000 
0.10000 0.001092018000 
0.10050 0.001062196000 
0.10100 0.001032372000 
0.10150 0.001003912000 
0.10200 0.000977170000 
0.10250 0.000950430000 
0.10300 0.000923688000 
0.10350 0.000899138000 
0.10400 0.000875138000 
0.10450 0.000851140000 
0.10500 0.000827496000 
0.10550 0.000805940000 
0.10600 0.000784384000 
0.10650 0.000762828000 
0.10700 0.000742322000 
0.10750 0.000722944000 
0.10800 0.000703568000 
0.10850 0.000684190000 
0.10900 0.000666388000 
0.10950 0.000648954000 
0.11000 0.000631522000 
0.11050 0.000614312000 
0.11100 0.000598614000 
0.11150 0.000582916000 
0.11200 0.000567220000 
0.11250 0.000552204000 
0.11300 0.000538062000 
0.11350 0.000523920000 
0.11400 0.000509780000 
0.11450 0.000496664000 
0.11500 0.000483912000 
0.11550 0.000471160000 
0.11600 0.000458448000 
0.11650 0.000446942000 
0.11700 0.000435436000 
0.11750 0.000423930000 
0.11800 0.000412776000 
0.11850 0.000402388000 
0.11900 0.000391998000 
0.11950 0.000381608000 
0.12000 0.000371814000 
0.12050 0.000362430000 
0.12100 0.000353046000 
0.12150 0.000343662000 
0.12200 0.000335052000 
0.12250 0.000326568000 
0.12300 0.000318086000 
0.12350 0.000309698000 
0.12400 0.000302024000 
0.12450 0.000294350000 
0.12500 0.000286674000 
0.12550 0.000279272000 
0.12600 0.000272328000 
0.12650 0.000265384000 
0.12700 0.000258440000 
0.12750 0.000251900000 
0.12800 0.000245614000 
0.12850 0.000239330000 
0.12900 0.000233044000 
0.12950 0.000227260000 
0.13000 0.000221566000 
0.13050 0.000215872000 
0.13100 0.000210220000 
0.13150 0.000205062000 
0.13200 0.000199902800 
0.13250 0.000194744400 
0.13300 0.000189728600 
0.13350 0.000185052400 
0.13400 0.000180376200 
0.13450 0.000175699800 
0.13500 0.000171244200 
0.13550 0.000167003800 
0.13600 0.000162763200 
0.13650 0.000158522600 
0.13700 0.000154562400 
0.13750 0.000150717600 
0.13800 0.000146872800 
0.13850 0.000143028000 
0.13900 0.000139505000 
0.13950 0.000136016800 
0.14000 0.000132528600 
0.14050 0.000129068400 
0.14100 0.000125904800 
0.14150 0.000122741200 
0.14200 0.000119577600 
0.14250 0.000116490400 
0.14300 0.000113619600 
0.14350 0.000110748800 
0.14400 0.000107878000 
0.14450 0.000105120200 
0.14500 0.000102515000 
0.14550 0.000099909600 
0.14600 0.000097304200 
0.14650 0.000094838800 
0.14700 0.000092474400 
0.14750 0.000090110000 
0.14800 0.000087745600 
0.14850 0.000085541000 
0.14900 0.000083396600 
0.14950 0.000081252200 
0.15000 0.000079107800 
0.15050 0.000077134200 
0.15100 0.000075188400 
0.15150 0.000073242800 
0.15200 0.000071297000 
0.15250 0.000069528400 
0.15300 0.000067763200 
0.15350 0.000065998000 
0.15400 0.000064248000 
0.15450 0.000062648000 
0.15500 0.000061048000 
0.15550 0.000059448000 
0.15600 0.000057876400 
0.15650 0.000056425600 
0.15700 0.000054974600 
0.15750 0.000053523800 
0.15800 0.000052110200 
0.15850 0.000050794000 
0.15900 0.000049477600 
0.15950 0.000048161200 
0.16000 0.000046888600 
0.16050 0.000045696800 
0.16100 0.000044504800 
0.16150 0.000043313000 
0.16200 0.000042167200 
0.16250 0.000041087600 
0.16300 0.000040008000 
0.16350 0.000038928400 
0.16400 0.000037895400 
0.16450 0.000036918000 
0.16500 0.000035940400 
0.16550 0.000034963000 
0.16600 0.000034031400 
0.16650 0.000033147800 
0.16700 0.000032264000 
0.16750 0.000031380400 
0.16800 0.000030539000 
0.16850 0.000029739000 
0.16900 0.000028939000 
0.16950 0.000028138800 
0.17000 0.000027378400 
0.17050 0.000026656000 
0.17100 0.000025933600 
0.17150 0.000025211200 
0.17200 0.000024523400 
0.17250 0.000023870000 
0.17300 0.000023216800 
0.17350 0.000022563400 
0.17400 0.000021940200 
0.17450 0.000021350400 
0.17500 0.000020760800 
0.17550 0.000020171000 
0.17600 0.000019606540 
0.17650 0.000019075260 
0.17700 0.000018543980 
0.17750 0.000018012700 
0.17800 0.000017501220 
0.17850 0.000017022360 
0.17900 0.000016543520 
0.17950 0.000016064660 
0.18000 0.000015600240 
0.18050 0.000015168340 
0.18100 0.000014736440 
0.18150 0.000014304540 
0.18200 0.000013882320 
0.18250 0.000013493680 
0.18300 0.000013105040 
0.18350 0.000012716400 
0.18400 0.000012332760 
0.18450 0.000011983940 
0.18500 0.000011635120 
0.18550 0.000011286280 
0.18600 0.000010937980 
0.18650 0.000010624140 
0.18700 0.000010310280 
0.18750 0.000009996440 
0.18800 0.000009682580 
0.18850 0.000009397940 
0.18900 0.000009116840 
0.18950 0.000008835740 
0.19000 0.000008554640 
0.19050 0.000008295240 
0.19100 0.000008042800 
0.19150 0.000007790340 
0.19200 0.000007537880 
0.19250 0.000007301640 
0.19300 0.000007075600 
0.19350 0.000006849560 
0.19400 0.000006623500 
0.19450 0.000006408520 
0.19500 0.000006206340 
0.19550 0.000006004180 
0.19600 0.000005802020 
0.19650 0.000005606420 
0.19700 0.000005425840 
0.19750 0.000005245260 
0.19800 0.000005064680 
0.19850 0.000004886880 
0.19900 0.000004725780 
0.19950 0.000004564700 
0.20000 0.000004403600 
0.20050 0.000004242520 
0.20100 0.000004098280 
0.20150 0.000003954420 
0.20200 0.000003810580 
0.20250 0.000003666740 
0.20300 0.000003536120 
0.20350 0.000003408520 
0.20400 0.000003280920 
0.20450 0.000003153320 
0.20500 0.000003034880 
0.20550 0.000002921280 
0.20600 0.000002807700 
0.20650 0.000002694100 
0.20700 0.000002587160 
0.20750 0.000002486800 
0.20800 0.000002386440 
0.20850 0.000002286080 
0.20900 0.000002189840 
0.20950 0.000002100860 
0.21000 0.000002011860 
0.21050 0.000001922876 
0.21100 0.000001836326 
0.21150 0.000001757622 
0.21200 0.000001678918 
0.21250 0.000001600214 
0.21300 0.000001522812 
0.21350 0.000001453882 
0.21400 0.000001384950 
0.21450 0.000001316020 
0.21500 0.000001247552 
0.21550 0.000001187002 
0.21600 0.000001126452 
0.21650 0.000001065902 
0.21700 0.000001005428 
0.21750 0.000000952882 
0.21800 0.000000900334 
0.21850 0.000000847788 
0.21900 0.000000795256 
0.21950 0.000000749596 
0.22000 0.000000703936 
0.22050 0.000000658276 
0.22100 0.000000612874 
0.22150 0.000000573536 
0.22200 0.000000534196 
0.22250 0.000000494856 
0.22300 0.000000456332 
0.22350 0.000000423106 
0.22400 0.000000389880 
0.22450 0.000000356654 
0.22500 0.000000324980 
0.22550 0.000000297140 
0.22600 0.000000269300 
0.22650 0.000000241460 
0.22700 0.000000216294 
0.22750 0.000000193653 
0.22800 0.000000171012 
0.22850 0.000000148371 
0.22900 0.000000129809 
0.22950 0.000000112131 
0.23000 0.000000094454 
0.23050 0.000000077840 
0.23100 0.000000064963 
0.23150 0.000000052085 
0.23200 0.000000039208 
0.23250 0.000000029919 
0.23300 0.000000021987 
0.23350 0.000000014056 
