0.00000 31.828800000000 
0.00050 27.903600000000 
0.00100 23.978600000000 
0.00150 20.053400000000 
0.00200 16.128160000000 
0.00250 13.577660000000 
0.00300 11.437260000000 
0.00350 9.739880000000 
0.00400 8.452180000000 
0.00450 7.252140000000 
0.00500 6.428600000000 
0.00550 5.605080000000 
0.00600 4.996120000000 
0.00650 4.445880000000 
0.00700 3.949200000000 
0.00750 3.568960000000 
0.00800 3.188740000000 
0.00850 2.894980000000 
0.00900 2.625000000000 
0.00950 2.369720000000 
0.01000 2.173660000000 
0.01050 1.977626000000 
0.01100 1.810244000000 
0.01150 1.665146000000 
0.01200 1.520050000000 
0.01250 1.406604000000 
0.01300 1.297440000000 
0.01350 1.192346000000 
0.01400 1.109034000000 
0.01450 1.025720000000 
0.01500 0.949904000000 
0.01550 0.885514000000 
0.01600 0.821126000000 
0.01650 0.765178000000 
0.01700 0.714856000000 
0.01750 0.664536000000 
0.01800 0.622396000000 
0.01850 0.582676000000 
0.01900 0.542954000000 
0.01950 0.510628000000 
0.02000 0.478992000000 
0.02050 0.447544000000 
0.02100 0.422144000000 
0.02150 0.396744000000 
0.02200 0.371930000000 
0.02250 0.351386000000 
0.02300 0.330842000000 
0.02350 0.311018000000 
0.02400 0.294290000000 
0.02450 0.277564000000 
0.02500 0.261546000000 
0.02550 0.247844000000 
0.02600 0.234140000000 
0.02650 0.221068000000 
0.02700 0.209780000000 
0.02750 0.198493000000 
0.02800 0.187724600000 
0.02850 0.178379600000 
0.02900 0.169034600000 
0.02950 0.160091400000 
0.03000 0.152318200000 
0.03050 0.144544800000 
0.03100 0.137061800000 
0.03150 0.130567800000 
0.03200 0.124074000000 
0.03250 0.117770000000 
0.03300 0.112323400000 
0.03350 0.106877000000 
0.03400 0.101533400000 
0.03450 0.096948400000 
0.03500 0.092363400000 
0.03550 0.087808400000 
0.03600 0.083935600000 
0.03650 0.080062600000 
0.03700 0.076189800000 
0.03750 0.072878200000 
0.03800 0.069596400000 
0.03850 0.066314600000 
0.03900 0.063447600000 
0.03950 0.060658600000 
0.04000 0.057869400000 
0.04050 0.055376800000 
0.04100 0.053000000000 
0.04150 0.050623200000 
0.04200 0.048447600000 
0.04250 0.046417000000 
0.04300 0.044386200000 
0.04350 0.042480600000 
0.04400 0.040741400000 
0.04450 0.039002400000 
0.04500 0.037327600000 
0.04550 0.035834800000 
0.04600 0.034342000000 
0.04650 0.032865800000 
0.04700 0.031581800000 
0.04750 0.030297600000 
0.04800 0.029013600000 
0.04850 0.027886000000 
0.04900 0.026779200000 
0.04950 0.025672400000 
0.05000 0.024667000000 
0.05050 0.023711400000 
0.05100 0.022755600000 
0.05150 0.021857200000 
0.05200 0.021030400000 
0.05250 0.020203600000 
0.05300 0.019399100000 
0.05350 0.018682580000 
0.05400 0.017966060000 
0.05450 0.017249540000 
0.05500 0.016622540000 
0.05550 0.016000620000 
0.05600 0.015378680000 
0.05650 0.014811540000 
0.05700 0.014270860000 
0.05750 0.013730180000 
0.05800 0.013216560000 
0.05850 0.012745820000 
0.05900 0.012275060000 
0.05950 0.011809400000 
0.06000 0.011398940000 
0.06050 0.010988480000 
0.06100 0.010578020000 
0.06150 0.010207460000 
0.06200 0.009849080000 
0.06250 0.009490680000 
0.06300 0.009151800000 
0.06350 0.008838440000 
0.06400 0.008525100000 
0.06450 0.008215020000 
0.06500 0.007940700000 
0.06550 0.007666360000 
0.06600 0.007392040000 
0.06650 0.007142080000 
0.06700 0.006901600000 
0.06750 0.006661120000 
0.06800 0.006430660000 
0.06850 0.006219600000 
0.06900 0.006008540000 
0.06950 0.005797480000 
0.07000 0.005610600000 
0.07050 0.005425120000 
0.07100 0.005239660000 
0.07150 0.005066120000 
0.07200 0.004902940000 
0.07250 0.004739760000 
0.07300 0.004578720000 
0.07350 0.004435000000 
0.07400 0.004291260000 
0.07450 0.004147520000 
0.07500 0.004015180000 
0.07550 0.003888420000 
0.07600 0.003761680000 
0.07650 0.003638120000 
0.07700 0.003526220000 
0.07750 0.003414320000 
0.07800 0.003302420000 
0.07850 0.003200220000 
0.07900 0.003101320000 
0.07950 0.003002420000 
0.08000 0.002906520000 
0.08050 0.002819020000 
0.08100 0.002731520000 
0.08150 0.002644000000 
0.08200 0.002564140000 
0.08250 0.002486640000 
0.08300 0.002409140000 
0.08350 0.002333840000 
0.08400 0.002265120000 
0.08450 0.002196400000 
0.08500 0.002127680000 
0.08550 0.002064560000 
0.08600 0.002003560000 
0.08650 0.001942568000 
0.08700 0.001882854000 
0.08750 0.001828656000 
0.08800 0.001774460000 
0.08850 0.001720264000 
0.08900 0.001669886000 
0.08950 0.001621678000 
0.09000 0.001573470000 
0.09050 0.001525650000 
0.09100 0.001482732000 
0.09150 0.001439814000 
0.09200 0.001396896000 
0.09250 0.001356298000 
0.09300 0.001318048000 
0.09350 0.001279798000 
0.09400 0.001241548000 
0.09450 0.001207052000 
0.09500 0.001172932000 
0.09550 0.001138814000 
0.09600 0.001105820000 
0.09650 0.001075352000 
0.09700 0.001044884000 
0.09750 0.001014416000 
0.09800 0.000986206000 
0.09850 0.000958978000 
0.09900 0.000931748000 
0.09950 0.000904734000 
0.10000 0.000880376000 
0.10050 0.000856018000 
0.10100 0.000831660000 
0.10150 0.000808428000 
0.10200 0.000786618000 
0.10250 0.000764808000 
0.10300 0.000742998000 
0.10350 0.000722998000 
0.10400 0.000703452000 
0.10450 0.000683908000 
0.10500 0.000664656000 
0.10550 0.000647124000 
0.10600 0.000629594000 
0.10650 0.000612064000 
0.10700 0.000595400000 
0.10750 0.000579664000 
0.10800 0.000563928000 
0.10850 0.000548192000 
0.10900 0.000533750000 
0.10950 0.000519614000 
0.11000 0.000505476000 
0.11050 0.000491522000 
0.11100 0.000478810000 
0.11150 0.000466098000 
0.11200 0.000453386000 
0.11250 0.000441234000 
0.11300 0.000429798000 
0.11350 0.000418362000 
0.11400 0.000406926000 
0.11450 0.000396330000 
0.11500 0.000386032000 
0.11550 0.000375732000 
0.11600 0.000365466000 
0.11650 0.000356186000 
0.11700 0.000346908000 
0.11750 0.000337628000 
0.11800 0.000328636000 
0.11850 0.000320268000 
0.11900 0.000311900000 
0.11950 0.000303532000 
0.12000 0.000295650000 
0.12050 0.000288102000 
0.12100 0.000280554000 
0.12150 0.000273006000 
0.12200 0.000266088000 
0.12250 0.000259274000 
0.12300 0.000252460000 
0.12350 0.000245722000 
0.12400 0.000239566000 
0.12450 0.000233410000 
0.12500 0.000227252000 
0.12550 0.000221316000 
0.12600 0.000215752000 
0.12650 0.000210190000 
0.12700 0.000204626000 
0.12750 0.000199390000 
0.12800 0.000194360400 
0.12850 0.000189330800 
0.12900 0.000184301200 
0.12950 0.000179678400 
0.13000 0.000175128000 
0.13050 0.000170577600 
0.13100 0.000166060200 
0.13150 0.000161943000 
0.13200 0.000157825800 
0.13250 0.000153708600 
0.13300 0.000149706400 
0.13350 0.000145978600 
0.13400 0.000142250800 
0.13450 0.000138523000 
0.13500 0.000134973200 
0.13550 0.000131596800 
0.13600 0.000128220600 
0.13650 0.000124844200 
0.13700 0.000121693800 
0.13750 0.000118636200 
0.13800 0.000115578800 
0.13850 0.000112521200 
0.13900 0.000109722400 
0.13950 0.000106951800 
0.14000 0.000104181400 
0.14050 0.000101433200 
0.14100 0.000098923400 
0.14150 0.000096413600 
0.14200 0.000093903800 
0.14250 0.000091455200 
0.14300 0.000089180400 
0.14350 0.000086905600 
0.14400 0.000084630600 
0.14450 0.000082446400 
0.14500 0.000080384200 
0.14550 0.000078322200 
0.14600 0.000076260200 
0.14650 0.000074310000 
0.14700 0.000072440800 
0.14750 0.000070571600 
0.14800 0.000068702400 
0.14850 0.000066960600 
0.14900 0.000065267200 
0.14950 0.000063574000 
0.15000 0.000061880600 
0.15050 0.000060323400 
0.15100 0.000058788600 
0.15150 0.000057253800 
0.15200 0.000055719000 
0.15250 0.000054325400 
0.15300 0.000052934600 
0.15350 0.000051543600 
0.15400 0.000050165000 
0.15450 0.000048905600 
0.15500 0.000047646200 
0.15550 0.000046386800 
0.15600 0.000045150200 
0.15650 0.000044009400 
0.15700 0.000042868600 
0.15750 0.000041727800 
0.15800 0.000040616800 
0.15850 0.000039583000 
0.15900 0.000038549000 
0.15950 0.000037515200 
0.16000 0.000036516000 
0.16050 0.000035581000 
0.16100 0.000034645800 
0.16150 0.000033710600 
0.16200 0.000032812000 
0.16250 0.000031966000 
0.16300 0.000031119800 
0.16350 0.000030273600 
0.16400 0.000029464400 
0.16450 0.000028699000 
0.16500 0.000027933600 
0.16550 0.000027168200 
0.16600 0.000026439200 
0.16650 0.000025747800 
0.16700 0.000025056600 
0.16750 0.000024365400 
0.16800 0.000023707600 
0.16850 0.000023082400 
0.16900 0.000022457200 
0.16950 0.000021832000 
0.17000 0.000021238000 
0.17050 0.000020674000 
0.17100 0.000020110200 
0.17150 0.000019546140 
0.17200 0.000019009380 
0.17250 0.000018499820 
0.17300 0.000017990260 
0.17350 0.000017480700 
0.17400 0.000016994860 
0.17450 0.000016535300 
0.17500 0.000016075760 
0.17550 0.000015616220 
0.17600 0.000015176560 
0.17650 0.000014762960 
0.17700 0.000014349360 
0.17750 0.000013935740 
0.17800 0.000013537660 
0.17850 0.000013165200 
0.17900 0.000012792740 
0.17950 0.000012420280 
0.18000 0.000012059140 
0.18050 0.000011723520 
0.18100 0.000011387880 
0.18150 0.000011052260 
0.18200 0.000010724200 
0.18250 0.000010422440 
0.18300 0.000010120700 
0.18350 0.000009818940 
0.18400 0.000009521100 
0.18450 0.000009250480 
0.18500 0.000008979880 
0.18550 0.000008709260 
0.18600 0.000008439060 
0.18650 0.000008195780 
0.18700 0.000007952520 
0.18750 0.000007709240 
0.18800 0.000007465980 
0.18850 0.000007245500 
0.18900 0.000007027780 
0.18950 0.000006810060 
0.19000 0.000006592360 
0.19050 0.000006391580 
0.19100 0.000006196220 
0.19150 0.000006000860 
0.19200 0.000005805500 
0.19250 0.000005622780 
0.19300 0.000005447980 
0.19350 0.000005273200 
0.19400 0.000005098420 
0.19450 0.000004932220 
0.19500 0.000004776020 
0.19550 0.000004619820 
0.19600 0.000004463640 
0.19650 0.000004312540 
0.19700 0.000004173120 
0.19750 0.000004033720 
0.19800 0.000003894300 
0.19850 0.000003757020 
0.19900 0.000003632760 
0.19950 0.000003508480 
0.20000 0.000003384200 
0.20050 0.000003259940 
0.20100 0.000003148740 
0.20150 0.000003037860 
0.20200 0.000002926960 
0.20250 0.000002816080 
0.20300 0.000002715440 
0.20350 0.000002617140 
0.20400 0.000002518860 
0.20450 0.000002420560 
0.20500 0.000002329380 
0.20550 0.000002241940 
0.20600 0.000002154500 
0.20650 0.000002067060 
0.20700 0.000001984760 
0.20750 0.000001907560 
0.20800 0.000001830362 
0.20850 0.000001753164 
0.20900 0.000001679146 
0.20950 0.000001610740 
0.21000 0.000001542336 
0.21050 0.000001473930 
0.21100 0.000001407410 
0.21150 0.000001346952 
0.21200 0.000001286496 
0.21250 0.000001226040 
0.21300 0.000001166586 
0.21350 0.000001113672 
0.21400 0.000001060756 
0.21450 0.000001007840 
0.21500 0.000000955282 
0.21550 0.000000908832 
0.21600 0.000000862382 
0.21650 0.000000815930 
0.21700 0.000000769540 
0.21750 0.000000729254 
0.21800 0.000000688968 
0.21850 0.000000648682 
0.21900 0.000000608408 
0.21950 0.000000573424 
0.22000 0.000000538442 
0.22050 0.000000503458 
0.22100 0.000000468674 
0.22150 0.000000438554 
0.22200 0.000000408432 
0.22250 0.000000378310 
0.22300 0.000000348816 
0.22350 0.000000323392 
0.22400 0.000000297966 
0.22450 0.000000272542 
0.22500 0.000000248308 
0.22550 0.000000227016 
0.22600 0.000000205726 
0.22650 0.000000184436 
0.22700 0.000000165195 
0.22750 0.000000147891 
0.22800 0.000000130587 
0.22850 0.000000113282 
0.22900 0.000000099102 
0.22950 0.000000085599 
0.23000 0.000000072096 
0.23050 0.000000059407 
0.23100 0.000000049576 
0.23150 0.000000039745 
0.23200 0.000000029914 
0.23250 0.000000022825 
0.23300 0.000000016773 
0.23350 0.000000010721 
