0.00000 30.293200000000 
0.00050 26.516800000000 
0.00100 22.740200000000 
0.00150 18.963780000000 
0.00200 15.187280000000 
0.00250 12.746780000000 
0.00300 10.704880000000 
0.00350 9.089920000000 
0.00400 7.869820000000 
0.00450 6.733620000000 
0.00500 5.957860000000 
0.00550 5.182120000000 
0.00600 4.610620000000 
0.00650 4.095000000000 
0.00700 3.630100000000 
0.00750 3.275480000000 
0.00800 2.920860000000 
0.00850 2.647780000000 
0.00900 2.397080000000 
0.00950 2.160180000000 
0.01000 1.978888000000 
0.01050 1.797596000000 
0.01100 1.643100000000 
0.01150 1.509438000000 
0.01200 1.375776000000 
0.01250 1.271598000000 
0.01300 1.171404000000 
0.01350 1.074990000000 
0.01400 0.998792000000 
0.01450 0.922592000000 
0.01500 0.853328000000 
0.01550 0.794634000000 
0.01600 0.735942000000 
0.01650 0.685030000000 
0.01700 0.639308000000 
0.01750 0.593586000000 
0.01800 0.555384000000 
0.01850 0.519404000000 
0.01900 0.483426000000 
0.01950 0.454224000000 
0.02000 0.425654000000 
0.02050 0.397258000000 
0.02100 0.374386000000 
0.02150 0.351514000000 
0.02200 0.329178000000 
0.02250 0.310732000000 
0.02300 0.292286000000 
0.02350 0.274494000000 
0.02400 0.259516000000 
0.02450 0.244538000000 
0.02500 0.230204000000 
0.02550 0.217966000000 
0.02600 0.205730000000 
0.02650 0.194062600000 
0.02700 0.184009600000 
0.02750 0.173956600000 
0.02800 0.164371400000 
0.02850 0.156069600000 
0.02900 0.147767800000 
0.02950 0.139827200000 
0.03000 0.132939000000 
0.03050 0.126050800000 
0.03100 0.119422800000 
0.03150 0.113682600000 
0.03200 0.107942200000 
0.03250 0.102371800000 
0.03300 0.097568800000 
0.03350 0.092766000000 
0.03400 0.088055000000 
0.03450 0.084021400000 
0.03500 0.079987600000 
0.03550 0.075980800000 
0.03600 0.072581600000 
0.03650 0.069182400000 
0.03700 0.065783000000 
0.03750 0.062882800000 
0.03800 0.060008800000 
0.03850 0.057135000000 
0.03900 0.054629000000 
0.03950 0.052192000000 
0.04000 0.049755200000 
0.04050 0.047580600000 
0.04100 0.045508400000 
0.04150 0.043436400000 
0.04200 0.041541800000 
0.04250 0.039775400000 
0.04300 0.038008800000 
0.04350 0.036352400000 
0.04400 0.034842800000 
0.04450 0.033333000000 
0.04500 0.031880000000 
0.04550 0.030587000000 
0.04600 0.029293800000 
0.04650 0.028015200000 
0.04700 0.026905200000 
0.04750 0.025795200000 
0.04800 0.024685200000 
0.04850 0.023712200000 
0.04900 0.022757400000 
0.04950 0.021802600000 
0.05000 0.020936400000 
0.05050 0.020113600000 
0.05100 0.019290700000 
0.05150 0.018517860000 
0.05200 0.017807420000 
0.05250 0.017096960000 
0.05300 0.016406040000 
0.05350 0.015791580000 
0.05400 0.015177140000 
0.05450 0.014562680000 
0.05500 0.014025960000 
0.05550 0.013493660000 
0.05600 0.012961340000 
0.05650 0.012476520000 
0.05700 0.012014620000 
0.05750 0.011552740000 
0.05800 0.011114260000 
0.05850 0.010712860000 
0.05900 0.010311480000 
0.05950 0.009914480000 
0.06000 0.009565140000 
0.06050 0.009215800000 
0.06100 0.008866460000 
0.06150 0.008551520000 
0.06200 0.008247040000 
0.06250 0.007942580000 
0.06300 0.007654880000 
0.06350 0.007389160000 
0.06400 0.007123440000 
0.06450 0.006860540000 
0.06500 0.006628340000 
0.06550 0.006396120000 
0.06600 0.006163900000 
0.06650 0.005952560000 
0.06700 0.005749360000 
0.06750 0.005546160000 
0.06800 0.005351540000 
0.06850 0.005173500000 
0.06900 0.004995460000 
0.06950 0.004817420000 
0.07000 0.004660040000 
0.07050 0.004503860000 
0.07100 0.004347680000 
0.07150 0.004201680000 
0.07200 0.004064500000 
0.07250 0.003927320000 
0.07300 0.003791980000 
0.07350 0.003671360000 
0.07400 0.003550720000 
0.07450 0.003430100000 
0.07500 0.003319140000 
0.07550 0.003212940000 
0.07600 0.003106760000 
0.07650 0.003003280000 
0.07700 0.002909680000 
0.07750 0.002816080000 
0.07800 0.002722480000 
0.07850 0.002637080000 
0.07900 0.002554500000 
0.07950 0.002471900000 
0.08000 0.002391840000 
0.08050 0.002318880000 
0.08100 0.002245920000 
0.08150 0.002172960000 
0.08200 0.002106460000 
0.08250 0.002041940000 
0.08300 0.001977418000 
0.08350 0.001914768000 
0.08400 0.001857650000 
0.08450 0.001800532000 
0.08500 0.001743414000 
0.08550 0.001691022000 
0.08600 0.001640402000 
0.08650 0.001589780000 
0.08700 0.001540240000 
0.08750 0.001495334000 
0.08800 0.001450428000 
0.08850 0.001405522000 
0.08900 0.001363820000 
0.08950 0.001323936000 
0.09000 0.001284054000 
0.09050 0.001244498000 
0.09100 0.001209044000 
0.09150 0.001173590000 
0.09200 0.001138136000 
0.09250 0.001104624000 
0.09300 0.001073074000 
0.09350 0.001041524000 
0.09400 0.001009976000 
0.09450 0.000981558000 
0.09500 0.000953458000 
0.09550 0.000925356000 
0.09600 0.000898194000 
0.09650 0.000873138000 
0.09700 0.000848080000 
0.09750 0.000823022000 
0.09800 0.000799846000 
0.09850 0.000777484000 
0.09900 0.000755122000 
0.09950 0.000732940000 
0.10000 0.000712966000 
0.10050 0.000692990000 
0.10100 0.000673016000 
0.10150 0.000653976000 
0.10200 0.000636116000 
0.10250 0.000618256000 
0.10300 0.000600396000 
0.10350 0.000584036000 
0.10400 0.000568054000 
0.10450 0.000552070000 
0.10500 0.000536330000 
0.10550 0.000522016000 
0.10600 0.000507700000 
0.10650 0.000493386000 
0.10700 0.000479786000 
0.10750 0.000466954000 
0.10800 0.000454120000 
0.10850 0.000441288000 
0.10900 0.000429524000 
0.10950 0.000418012000 
0.11000 0.000406500000 
0.11050 0.000395138000 
0.11100 0.000384800000 
0.11150 0.000374462000 
0.11200 0.000364124000 
0.11250 0.000354246000 
0.11300 0.000344958000 
0.11350 0.000335670000 
0.11400 0.000326382000 
0.11450 0.000317784000 
0.11500 0.000309430000 
0.11550 0.000301078000 
0.11600 0.000292750000 
0.11650 0.000285234000 
0.11700 0.000277718000 
0.11750 0.000270202000 
0.11800 0.000262920000 
0.11850 0.000256152000 
0.11900 0.000249382000 
0.11950 0.000242612000 
0.12000 0.000236240000 
0.12050 0.000230142000 
0.12100 0.000224044000 
0.12150 0.000217946000 
0.12200 0.000212362000 
0.12250 0.000206864000 
0.12300 0.000201366000 
0.12350 0.000195930000 
0.12400 0.000190968600 
0.12450 0.000186007200 
0.12500 0.000181046000 
0.12550 0.000176263600 
0.12600 0.000171785800 
0.12650 0.000167308000 
0.12700 0.000162830200 
0.12750 0.000158619200 
0.12800 0.000154576000 
0.12850 0.000150532800 
0.12900 0.000146489600 
0.12950 0.000142777400 
0.13000 0.000139123800 
0.13050 0.000135470400 
0.13100 0.000131843800 
0.13150 0.000128542200 
0.13200 0.000125240400 
0.13250 0.000121938800 
0.13300 0.000118730600 
0.13350 0.000115744800 
0.13400 0.000112759000 
0.13450 0.000109773200 
0.13500 0.000106931600 
0.13550 0.000104230600 
0.13600 0.000101529600 
0.13650 0.000098828600 
0.13700 0.000096310400 
0.13750 0.000093867200 
0.13800 0.000091424000 
0.13850 0.000088980800 
0.13900 0.000086746800 
0.13950 0.000084535600 
0.14000 0.000082324400 
0.14050 0.000080131200 
0.14100 0.000078130400 
0.14150 0.000076129600 
0.14200 0.000074128800 
0.14250 0.000072177400 
0.14300 0.000070365800 
0.14350 0.000068554400 
0.14400 0.000066742800 
0.14450 0.000065004400 
0.14500 0.000063364200 
0.14550 0.000061724000 
0.14600 0.000060083800 
0.14650 0.000058533800 
0.14700 0.000057048600 
0.14750 0.000055563400 
0.14800 0.000054078400 
0.14850 0.000052695600 
0.14900 0.000051351600 
0.14950 0.000050007800 
0.15000 0.000048663800 
0.15050 0.000047429000 
0.15100 0.000046212200 
0.15150 0.000044995600 
0.15200 0.000043778800 
0.15250 0.000042675200 
0.15300 0.000041573600 
0.15350 0.000040472200 
0.15400 0.000039380400 
0.15450 0.000038384000 
0.15500 0.000037387800 
0.15550 0.000036391400 
0.15600 0.000035413400 
0.15650 0.000034511800 
0.15700 0.000033610200 
0.15750 0.000032708800 
0.15800 0.000031830800 
0.15850 0.000031014600 
0.15900 0.000030198600 
0.15950 0.000029382400 
0.16000 0.000028593800 
0.16050 0.000027856200 
0.16100 0.000027118800 
0.16150 0.000026381200 
0.16200 0.000025672800 
0.16250 0.000025006200 
0.16300 0.000024339400 
0.16350 0.000023672800 
0.16400 0.000023035400 
0.16450 0.000022433000 
0.16500 0.000021830600 
0.16550 0.000021228000 
0.16600 0.000020654400 
0.16650 0.000020111000 
0.16700 0.000019567340 
0.16750 0.000019023760 
0.16800 0.000018506780 
0.16850 0.000018015600 
0.16900 0.000017524420 
0.16950 0.000017033240 
0.17000 0.000016566880 
0.17050 0.000016124220 
0.17100 0.000015681560 
0.17150 0.000015238900 
0.17200 0.000014817780 
0.17250 0.000014418220 
0.17300 0.000014018660 
0.17350 0.000013619100 
0.17400 0.000013238280 
0.17450 0.000012878240 
0.17500 0.000012518220 
0.17550 0.000012158200 
0.17600 0.000011813880 
0.17650 0.000011490120 
0.17700 0.000011166380 
0.17750 0.000010842620 
0.17800 0.000010531120 
0.17850 0.000010239820 
0.17900 0.000009948540 
0.17950 0.000009657240 
0.18000 0.000009374880 
0.18050 0.000009112620 
0.18100 0.000008850360 
0.18150 0.000008588120 
0.18200 0.000008331820 
0.18250 0.000008096240 
0.18300 0.000007860640 
0.18350 0.000007625060 
0.18400 0.000007392560 
0.18450 0.000007181460 
0.18500 0.000006970340 
0.18550 0.000006759240 
0.18600 0.000006548460 
0.18650 0.000006358840 
0.18700 0.000006169220 
0.18750 0.000005979600 
0.18800 0.000005790000 
0.18850 0.000005618260 
0.18900 0.000005448700 
0.18950 0.000005279140 
0.19000 0.000005109560 
0.19050 0.000004953300 
0.19100 0.000004801260 
0.19150 0.000004649220 
0.19200 0.000004497200 
0.19250 0.000004355060 
0.19300 0.000004219140 
0.19350 0.000004083240 
0.19400 0.000003947320 
0.19450 0.000003818120 
0.19500 0.000003696760 
0.19550 0.000003575380 
0.19600 0.000003454020 
0.19650 0.000003336640 
0.19700 0.000003228400 
0.19750 0.000003120140 
0.19800 0.000003011900 
0.19850 0.000002905320 
0.19900 0.000002808900 
0.19950 0.000002712480 
0.20000 0.000002616060 
0.20050 0.000002519640 
0.20100 0.000002433440 
0.20150 0.000002347460 
0.20200 0.000002261480 
0.20250 0.000002175520 
0.20300 0.000002097540 
0.20350 0.000002021380 
0.20400 0.000001945218 
0.20450 0.000001869062 
0.20500 0.000001798442 
0.20550 0.000001730744 
0.20600 0.000001663044 
0.20650 0.000001595346 
0.20700 0.000001531652 
0.20750 0.000001471920 
0.20800 0.000001412190 
0.20850 0.000001352458 
0.20900 0.000001295204 
0.20950 0.000001242312 
0.21000 0.000001189422 
0.21050 0.000001136532 
0.21100 0.000001085106 
0.21150 0.000001038392 
0.21200 0.000000991680 
0.21250 0.000000944968 
0.21300 0.000000899034 
0.21350 0.000000858172 
0.21400 0.000000817312 
0.21450 0.000000776450 
0.21500 0.000000735868 
0.21550 0.000000700022 
0.21600 0.000000664176 
0.21650 0.000000628332 
0.21700 0.000000592532 
0.21750 0.000000561462 
0.21800 0.000000530392 
0.21850 0.000000499324 
0.21900 0.000000468264 
0.21950 0.000000441300 
0.22000 0.000000414338 
0.22050 0.000000387376 
0.22100 0.000000360568 
0.22150 0.000000337366 
0.22200 0.000000314164 
0.22250 0.000000290962 
0.22300 0.000000268246 
0.22350 0.000000248674 
0.22400 0.000000229100 
0.22450 0.000000209528 
0.22500 0.000000190875 
0.22550 0.000000174495 
0.22600 0.000000158116 
0.22650 0.000000141736 
0.22700 0.000000126936 
0.22750 0.000000113630 
0.22800 0.000000100325 
0.22850 0.000000087019 
0.22900 0.000000076120 
0.22950 0.000000065743 
0.23000 0.000000055366 
0.23050 0.000000045615 
0.23100 0.000000038065 
0.23150 0.000000030514 
0.23200 0.000000022963 
0.23250 0.000000017520 
0.23300 0.000000012874 
0.23350 0.000000008228 
