0.00000 28.760800000000 
0.00050 25.133400000000 
0.00100 21.505800000000 
0.00150 17.878240000000 
0.00200 14.250720000000 
0.00250 11.920180000000 
0.00300 9.976600000000 
0.00350 8.443880000000 
0.00400 7.291140000000 
0.00450 6.218560000000 
0.00500 5.490380000000 
0.00550 4.762200000000 
0.00600 4.227960000000 
0.00650 3.746780000000 
0.00700 3.313480000000 
0.00750 2.984320000000 
0.00800 2.655160000000 
0.00850 2.402600000000 
0.00900 2.171080000000 
0.00950 1.952436000000 
0.01000 1.785796000000 
0.01050 1.619156000000 
0.01100 1.477458000000 
0.01150 1.355152000000 
0.01200 1.232848000000 
0.01250 1.137866000000 
0.01300 1.046580000000 
0.01350 0.958784000000 
0.01400 0.889646000000 
0.01450 0.820508000000 
0.01500 0.757746000000 
0.01550 0.704704000000 
0.01600 0.651662000000 
0.01650 0.605748000000 
0.01700 0.564588000000 
0.01750 0.523428000000 
0.01800 0.489132000000 
0.01850 0.456864000000 
0.01900 0.424596000000 
0.01950 0.398492000000 
0.02000 0.372962000000 
0.02050 0.347590000000 
0.02100 0.327224000000 
0.02150 0.306860000000 
0.02200 0.286978000000 
0.02250 0.270610000000 
0.02300 0.254242000000 
0.02350 0.238464000000 
0.02400 0.225218000000 
0.02450 0.211974000000 
0.02500 0.199305200000 
0.02550 0.188520200000 
0.02600 0.177735200000 
0.02650 0.167459000000 
0.02700 0.158627200000 
0.02750 0.149795400000 
0.02800 0.141380800000 
0.02850 0.134110600000 
0.02900 0.126840400000 
0.02950 0.119891600000 
0.03000 0.113878200000 
0.03050 0.107865000000 
0.03100 0.102082400000 
0.03150 0.097086600000 
0.03200 0.092090800000 
0.03250 0.087245200000 
0.03300 0.083077600000 
0.03350 0.078910200000 
0.03400 0.074824000000 
0.03450 0.071334400000 
0.03500 0.067845000000 
0.03550 0.064379000000 
0.03600 0.061447000000 
0.03650 0.058514800000 
0.03700 0.055582800000 
0.03750 0.053087800000 
0.03800 0.050616000000 
0.03850 0.048144200000 
0.03900 0.045993800000 
0.03950 0.043903800000 
0.04000 0.041813800000 
0.04050 0.039952400000 
0.04100 0.038180200000 
0.04150 0.036408000000 
0.04200 0.034790200000 
0.04250 0.033283600000 
0.04300 0.031777000000 
0.04350 0.030365800000 
0.04400 0.029081600000 
0.04450 0.027797600000 
0.04500 0.026562400000 
0.04550 0.025465400000 
0.04600 0.024368600000 
0.04650 0.023284200000 
0.04700 0.022345000000 
0.04750 0.021405800000 
0.04800 0.020466800000 
0.04850 0.019645460000 
0.04900 0.018839740000 
0.04950 0.018034040000 
0.05000 0.017304320000 
0.05050 0.016611740000 
0.05100 0.015919180000 
0.05150 0.015269380000 
0.05200 0.014672960000 
0.05250 0.014076520000 
0.05300 0.013496740000 
0.05350 0.012982180000 
0.05400 0.012467640000 
0.05450 0.011953080000 
0.05500 0.011504680000 
0.05550 0.011060020000 
0.05600 0.010615360000 
0.05650 0.010211020000 
0.05700 0.009826120000 
0.05750 0.009441240000 
0.05800 0.009076180000 
0.05850 0.008742520000 
0.05900 0.008408840000 
0.05950 0.008078900000 
0.06000 0.007789200000 
0.06050 0.007499500000 
0.06100 0.007209800000 
0.06150 0.006949080000 
0.06200 0.006697200000 
0.06250 0.006445300000 
0.06300 0.006207520000 
0.06350 0.005988200000 
0.06400 0.005768880000 
0.06450 0.005551920000 
0.06500 0.005360700000 
0.06550 0.005169480000 
0.06600 0.004978260000 
0.06650 0.004804520000 
0.06700 0.004637560000 
0.06750 0.004470620000 
0.06800 0.004310820000 
0.06850 0.004164880000 
0.06900 0.004018940000 
0.06950 0.003873000000 
0.07000 0.003744260000 
0.07050 0.003616520000 
0.07100 0.003488780000 
0.07150 0.003369500000 
0.07200 0.003257560000 
0.07250 0.003145620000 
0.07300 0.003035180000 
0.07350 0.002936960000 
0.07400 0.002838740000 
0.07450 0.002740520000 
0.07500 0.002650280000 
0.07550 0.002564000000 
0.07600 0.002477720000 
0.07650 0.002393660000 
0.07700 0.002317780000 
0.07750 0.002241880000 
0.07800 0.002166000000 
0.07850 0.002096880000 
0.07900 0.002030060000 
0.07950 0.001963230000 
0.08000 0.001898486000 
0.08050 0.001839582000 
0.08100 0.001780680000 
0.08150 0.001721776000 
0.08200 0.001668164000 
0.08250 0.001616180000 
0.08300 0.001564198000 
0.08350 0.001513746000 
0.08400 0.001467822000 
0.08450 0.001421898000 
0.08500 0.001375974000 
0.08550 0.001333910000 
0.08600 0.001293292000 
0.08650 0.001252676000 
0.08700 0.001212938000 
0.08750 0.001176980000 
0.08800 0.001141020000 
0.08850 0.001105062000 
0.08900 0.001071708000 
0.08950 0.001039836000 
0.09000 0.001007962000 
0.09050 0.000976354000 
0.09100 0.000948078000 
0.09150 0.000919800000 
0.09200 0.000891524000 
0.09250 0.000864820000 
0.09300 0.000839706000 
0.09350 0.000814592000 
0.09400 0.000789478000 
0.09450 0.000766898000 
0.09500 0.000744572000 
0.09550 0.000722246000 
0.09600 0.000700680000 
0.09650 0.000680810000 
0.09700 0.000660942000 
0.09750 0.000641074000 
0.09800 0.000622718000 
0.09850 0.000605022000 
0.09900 0.000587324000 
0.09950 0.000569772000 
0.10000 0.000553992000 
0.10050 0.000538214000 
0.10100 0.000522436000 
0.10150 0.000507408000 
0.10200 0.000493326000 
0.10250 0.000479244000 
0.10300 0.000465164000 
0.10350 0.000452282000 
0.10400 0.000439704000 
0.10450 0.000427126000 
0.10500 0.000414742000 
0.10550 0.000403498000 
0.10600 0.000392254000 
0.10650 0.000381008000 
0.10700 0.000370334000 
0.10750 0.000360272000 
0.10800 0.000350210000 
0.10850 0.000340148000 
0.10900 0.000330938000 
0.10950 0.000321928000 
0.11000 0.000312918000 
0.11050 0.000304026000 
0.11100 0.000295950000 
0.11150 0.000287874000 
0.11200 0.000279796000 
0.11250 0.000272084000 
0.11300 0.000264840000 
0.11350 0.000257598000 
0.11400 0.000250354000 
0.11450 0.000243658000 
0.11500 0.000237154000 
0.11550 0.000230652000 
0.11600 0.000224170000 
0.11650 0.000218328000 
0.11700 0.000212486000 
0.11750 0.000206646000 
0.11800 0.000200990000 
0.11850 0.000195738600 
0.11900 0.000190487200 
0.11950 0.000185235600 
0.12000 0.000180296600 
0.12050 0.000175574000 
0.12100 0.000170851200 
0.12150 0.000166128600 
0.12200 0.000161810600 
0.12250 0.000157559200 
0.12300 0.000153307800 
0.12350 0.000149106400 
0.12400 0.000145277200 
0.12450 0.000141447800 
0.12500 0.000137618600 
0.12550 0.000133929400 
0.12600 0.000130479200 
0.12650 0.000127028800 
0.12700 0.000123578400 
0.12750 0.000120336800 
0.12800 0.000117226400 
0.12850 0.000114116200 
0.12900 0.000111005800 
0.12950 0.000108154000 
0.13000 0.000105348000 
0.13050 0.000102542200 
0.13100 0.000099757200 
0.13150 0.000097225600 
0.13200 0.000094694000 
0.13250 0.000092162400 
0.13300 0.000089703600 
0.13350 0.000087417800 
0.13400 0.000085132200 
0.13450 0.000082846400 
0.13500 0.000080672800 
0.13550 0.000078608400 
0.13600 0.000076544200 
0.13650 0.000074479800 
0.13700 0.000072557000 
0.13750 0.000070692800 
0.13800 0.000068828400 
0.13850 0.000066964000 
0.13900 0.000065261600 
0.13950 0.000063576800 
0.14000 0.000061892200 
0.14050 0.000060221400 
0.14100 0.000058699200 
0.14150 0.000057177200 
0.14200 0.000055655000 
0.14250 0.000054171000 
0.14300 0.000052795000 
0.14350 0.000051419200 
0.14400 0.000050043200 
0.14450 0.000048723400 
0.14500 0.000047479600 
0.14550 0.000046235600 
0.14600 0.000044991600 
0.14650 0.000043817000 
0.14700 0.000042692400 
0.14750 0.000041567800 
0.14800 0.000040443000 
0.14850 0.000039397000 
0.14900 0.000038380800 
0.14950 0.000037364600 
0.15000 0.000036348200 
0.15050 0.000035415800 
0.15100 0.000034497000 
0.15150 0.000033578200 
0.15200 0.000032659600 
0.15250 0.000031827400 
0.15300 0.000030997000 
0.15350 0.000030166400 
0.15400 0.000029343400 
0.15450 0.000028593200 
0.15500 0.000027843000 
0.15550 0.000027093000 
0.15600 0.000026356600 
0.15650 0.000025678800 
0.15700 0.000025001000 
0.15750 0.000024323200 
0.15800 0.000023663400 
0.15850 0.000023050600 
0.15900 0.000022437800 
0.15950 0.000021825000 
0.16000 0.000021233200 
0.16050 0.000020680200 
0.16100 0.000020127200 
0.16150 0.000019574320 
0.16200 0.000019043440 
0.16250 0.000018544240 
0.16300 0.000018045020 
0.16350 0.000017545820 
0.16400 0.000017068880 
0.16450 0.000016618400 
0.16500 0.000016167900 
0.16550 0.000015717420 
0.16600 0.000015288740 
0.16650 0.000014882780 
0.16700 0.000014476820 
0.16750 0.000014070860 
0.16800 0.000013685020 
0.16850 0.000013318680 
0.16900 0.000012952340 
0.16950 0.000012586000 
0.17000 0.000012238380 
0.17050 0.000011908640 
0.17100 0.000011578880 
0.17150 0.000011249140 
0.17200 0.000010935640 
0.17250 0.000010638380 
0.17300 0.000010341120 
0.17350 0.000010043860 
0.17400 0.000009760700 
0.17450 0.000009493180 
0.17500 0.000009225660 
0.17550 0.000008958160 
0.17600 0.000008702440 
0.17650 0.000008462140 
0.17700 0.000008221860 
0.17750 0.000007981580 
0.17800 0.000007750480 
0.17850 0.000007534560 
0.17900 0.000007318620 
0.17950 0.000007102680 
0.18000 0.000006893440 
0.18050 0.000006699260 
0.18100 0.000006505080 
0.18150 0.000006310920 
0.18200 0.000006121200 
0.18250 0.000005946960 
0.18300 0.000005772740 
0.18350 0.000005598500 
0.18400 0.000005426580 
0.18450 0.000005270620 
0.18500 0.000005114660 
0.18550 0.000004958720 
0.18600 0.000004803000 
0.18650 0.000004663080 
0.18700 0.000004523160 
0.18750 0.000004383240 
0.18800 0.000004243320 
0.18850 0.000004116720 
0.18900 0.000003991720 
0.18950 0.000003866720 
0.19000 0.000003741740 
0.19050 0.000003626640 
0.19100 0.000003514680 
0.19150 0.000003402740 
0.19200 0.000003290800 
0.19250 0.000003186200 
0.19300 0.000003086240 
0.19350 0.000002986260 
0.19400 0.000002886280 
0.19450 0.000002791300 
0.19500 0.000002702120 
0.19550 0.000002612940 
0.19600 0.000002523760 
0.19650 0.000002437540 
0.19700 0.000002358080 
0.19750 0.000002278620 
0.19800 0.000002199160 
0.19850 0.000002120940 
0.19900 0.000002050220 
0.19950 0.000001979516 
0.20000 0.000001908808 
0.20050 0.000001838098 
0.20100 0.000001774942 
0.20150 0.000001711960 
0.20200 0.000001648976 
0.20250 0.000001585994 
0.20300 0.000001528908 
0.20350 0.000001473168 
0.20400 0.000001417428 
0.20450 0.000001361688 
0.20500 0.000001310032 
0.20550 0.000001260530 
0.20600 0.000001211028 
0.20650 0.000001161528 
0.20700 0.000001114974 
0.20750 0.000001071336 
0.20800 0.000001027700 
0.20850 0.000000984064 
0.20900 0.000000942248 
0.20950 0.000000903646 
0.21000 0.000000865044 
0.21050 0.000000826440 
0.21100 0.000000788914 
0.21150 0.000000754852 
0.21200 0.000000720788 
0.21250 0.000000686726 
0.21300 0.000000653236 
0.21350 0.000000623466 
0.21400 0.000000593694 
0.21450 0.000000563924 
0.21500 0.000000534358 
0.21550 0.000000508266 
0.21600 0.000000482172 
0.21650 0.000000456080 
0.21700 0.000000430020 
0.21750 0.000000407422 
0.21800 0.000000384826 
0.21850 0.000000362228 
0.21900 0.000000339638 
0.21950 0.000000320044 
0.22000 0.000000300450 
0.22050 0.000000280856 
0.22100 0.000000261374 
0.22150 0.000000244528 
0.22200 0.000000227682 
0.22250 0.000000210836 
0.22300 0.000000194342 
0.22350 0.000000180142 
0.22400 0.000000165942 
0.22450 0.000000151741 
0.22500 0.000000138211 
0.22550 0.000000126337 
0.22600 0.000000114462 
0.22650 0.000000102588 
0.22700 0.000000091863 
0.22750 0.000000082225 
0.22800 0.000000072587 
0.22850 0.000000062949 
0.22900 0.000000055058 
0.22950 0.000000047547 
0.23000 0.000000040036 
0.23050 0.000000032979 
0.23100 0.000000027518 
0.23150 0.000000022057 
0.23200 0.000000016595 
0.23250 0.000000012660 
0.23300 0.000000009302 
0.23350 0.000000005945 
