0.00000 27.147200000000 
0.00050 23.679800000000 
0.00100 20.212400000000 
0.00150 16.745040000000 
0.00200 13.277680000000 
0.00250 11.064340000000 
0.00300 9.225140000000 
0.00350 7.779380000000 
0.00400 6.697500000000 
0.00450 5.691760000000 
0.00500 5.013260000000 
0.00550 4.334740000000 
0.00600 3.839220000000 
0.00650 3.393780000000 
0.00700 2.993240000000 
0.00750 2.690360000000 
0.00800 2.387480000000 
0.00850 2.156000000000 
0.00900 1.944160000000 
0.00950 1.744268000000 
0.01000 1.592602000000 
0.01050 1.440936000000 
0.01100 1.312288000000 
0.01150 1.201536000000 
0.01200 1.090786000000 
0.01250 1.005130000000 
0.01300 0.922868000000 
0.01350 0.843796000000 
0.01400 0.781782000000 
0.01450 0.719770000000 
0.01500 0.663560000000 
0.01550 0.616198000000 
0.01600 0.568838000000 
0.01650 0.527936000000 
0.01700 0.491344000000 
0.01750 0.454754000000 
0.01800 0.424356000000 
0.01850 0.395792000000 
0.01900 0.367228000000 
0.01950 0.344202000000 
0.02000 0.321696000000 
0.02050 0.299330000000 
0.02100 0.281448000000 
0.02150 0.263566000000 
0.02200 0.246116000000 
0.02250 0.231802000000 
0.02300 0.217486000000 
0.02350 0.203694000000 
0.02400 0.192154000000 
0.02450 0.180614200000 
0.02500 0.169585600000 
0.02550 0.160224600000 
0.02600 0.150863400000 
0.02650 0.141951400000 
0.02700 0.134313800000 
0.02750 0.126676400000 
0.02800 0.119405600000 
0.02850 0.113141400000 
0.02900 0.106877000000 
0.02950 0.100894400000 
0.03000 0.095731400000 
0.03050 0.090568400000 
0.03100 0.085607000000 
0.03150 0.081332600000 
0.03200 0.077058200000 
0.03250 0.072914600000 
0.03300 0.069361400000 
0.03350 0.065808000000 
0.03400 0.062325000000 
0.03450 0.059359800000 
0.03500 0.056394400000 
0.03550 0.053449600000 
0.03600 0.050966200000 
0.03650 0.048483000000 
0.03700 0.045999600000 
0.03750 0.043893000000 
0.03800 0.041806600000 
0.03850 0.039720000000 
0.03900 0.037909400000 
0.03950 0.036150800000 
0.04000 0.034392200000 
0.04050 0.032829400000 
0.04100 0.031343000000 
0.04150 0.029856600000 
0.04200 0.028501800000 
0.04250 0.027242000000 
0.04300 0.025982400000 
0.04350 0.024803800000 
0.04400 0.023733400000 
0.04450 0.022663200000 
0.04500 0.021634400000 
0.04550 0.020722800000 
0.04600 0.019811240000 
0.04650 0.018910340000 
0.04700 0.018132280000 
0.04750 0.017354200000 
0.04800 0.016576140000 
0.04850 0.015897480000 
0.04900 0.015231940000 
0.04950 0.014566420000 
0.05000 0.013964780000 
0.05050 0.013394380000 
0.05100 0.012824000000 
0.05150 0.012289460000 
0.05200 0.011799680000 
0.05250 0.011309880000 
0.05300 0.010834000000 
0.05350 0.010412680000 
0.05400 0.009991340000 
0.05450 0.009570000000 
0.05500 0.009203800000 
0.05550 0.008840720000 
0.05600 0.008477640000 
0.05650 0.008148080000 
0.05700 0.007834700000 
0.05750 0.007521300000 
0.05800 0.007224340000 
0.05850 0.006953420000 
0.05900 0.006682480000 
0.05950 0.006414620000 
0.06000 0.006180040000 
0.06050 0.005945440000 
0.06100 0.005710860000 
0.06150 0.005500160000 
0.06200 0.005296740000 
0.06250 0.005093320000 
0.06300 0.004901500000 
0.06350 0.004724840000 
0.06400 0.004548200000 
0.06450 0.004373500000 
0.06500 0.004219900000 
0.06550 0.004066280000 
0.06600 0.003912680000 
0.06650 0.003773360000 
0.06700 0.003639600000 
0.06750 0.003505860000 
0.06800 0.003377920000 
0.06850 0.003261300000 
0.06900 0.003144680000 
0.06950 0.003028060000 
0.07000 0.002925440000 
0.07050 0.002823620000 
0.07100 0.002721800000 
0.07150 0.002626840000 
0.07200 0.002537840000 
0.07250 0.002448840000 
0.07300 0.002361060000 
0.07350 0.002283160000 
0.07400 0.002205260000 
0.07450 0.002127360000 
0.07500 0.002055920000 
0.07550 0.001987662000 
0.07600 0.001919400000 
0.07650 0.001852942000 
0.07700 0.001793052000 
0.07750 0.001733164000 
0.07800 0.001673276000 
0.07850 0.001618822000 
0.07900 0.001566216000 
0.07950 0.001513612000 
0.08000 0.001462672000 
0.08050 0.001416412000 
0.08100 0.001370154000 
0.08150 0.001323894000 
0.08200 0.001281864000 
0.08250 0.001241136000 
0.08300 0.001200410000 
0.08350 0.001160904000 
0.08400 0.001125008000 
0.08450 0.001089112000 
0.08500 0.001053216000 
0.08550 0.001020392000 
0.08600 0.000988718000 
0.08650 0.000957044000 
0.08700 0.000926070000 
0.08750 0.000898094000 
0.08800 0.000870118000 
0.08850 0.000842142000 
0.08900 0.000816228000 
0.08950 0.000791488000 
0.09000 0.000766748000 
0.09050 0.000742218000 
0.09100 0.000720318000 
0.09150 0.000698418000 
0.09200 0.000676520000 
0.09250 0.000655860000 
0.09300 0.000636454000 
0.09350 0.000617048000 
0.09400 0.000597642000 
0.09450 0.000580230000 
0.09500 0.000563016000 
0.09550 0.000545804000 
0.09600 0.000529186000 
0.09650 0.000513902000 
0.09700 0.000498616000 
0.09750 0.000483332000 
0.09800 0.000469232000 
0.09850 0.000455648000 
0.09900 0.000442064000 
0.09950 0.000428592000 
0.10000 0.000416506000 
0.10050 0.000404420000 
0.10100 0.000392334000 
0.10150 0.000380834000 
0.10200 0.000370072000 
0.10250 0.000359310000 
0.10300 0.000348548000 
0.10350 0.000338720000 
0.10400 0.000329126000 
0.10450 0.000319534000 
0.10500 0.000310092000 
0.10550 0.000301534000 
0.10600 0.000292976000 
0.10650 0.000284418000 
0.10700 0.000276302000 
0.10750 0.000268660000 
0.10800 0.000261018000 
0.10850 0.000253378000 
0.10900 0.000246394000 
0.10950 0.000239564000 
0.11000 0.000232736000 
0.11050 0.000226000000 
0.11100 0.000219890000 
0.11150 0.000213782000 
0.11200 0.000207674000 
0.11250 0.000201846000 
0.11300 0.000196378200 
0.11350 0.000190911000 
0.11400 0.000185443600 
0.11450 0.000180396800 
0.11500 0.000175498400 
0.11550 0.000170600200 
0.11600 0.000165717600 
0.11650 0.000161326600 
0.11700 0.000156935400 
0.11750 0.000152544200 
0.11800 0.000148295200 
0.11850 0.000144355400 
0.11900 0.000140415400 
0.11950 0.000136475400 
0.12000 0.000132774200 
0.12050 0.000129237800 
0.12100 0.000125701600 
0.12150 0.000122165400 
0.12200 0.000118937600 
0.12250 0.000115760600 
0.12300 0.000112583400 
0.12350 0.000109444400 
0.12400 0.000106588200 
0.12450 0.000103732200 
0.12500 0.000100876000 
0.12550 0.000098126400 
0.12600 0.000095557800 
0.12650 0.000092989400 
0.12700 0.000090420800 
0.12750 0.000088010400 
0.12800 0.000085699400 
0.12850 0.000083388400 
0.12900 0.000081077200 
0.12950 0.000078961600 
0.13000 0.000076880800 
0.13050 0.000074800000 
0.13100 0.000072735000 
0.13150 0.000070861000 
0.13200 0.000068987000 
0.13250 0.000067113000 
0.13300 0.000065293800 
0.13350 0.000063605000 
0.13400 0.000061916200 
0.13450 0.000060227400 
0.13500 0.000058622800 
0.13550 0.000057100400 
0.13600 0.000055577800 
0.13650 0.000054055400 
0.13700 0.000052639200 
0.13750 0.000051266800 
0.13800 0.000049894200 
0.13850 0.000048521800 
0.13900 0.000047270600 
0.13950 0.000046032600 
0.14000 0.000044794600 
0.14050 0.000043567000 
0.14100 0.000042450400 
0.14150 0.000041333800 
0.14200 0.000040217400 
0.14250 0.000039129200 
0.14300 0.000038121600 
0.14350 0.000037114200 
0.14400 0.000036106600 
0.14450 0.000035141000 
0.14500 0.000034231600 
0.14550 0.000033322400 
0.14600 0.000032413000 
0.14650 0.000031555200 
0.14700 0.000030734600 
0.14750 0.000029913800 
0.14800 0.000029093200 
0.14850 0.000028330800 
0.14900 0.000027590400 
0.14950 0.000026850200 
0.15000 0.000026109800 
0.15050 0.000025431400 
0.15100 0.000024763400 
0.15150 0.000024095200 
0.15200 0.000023427000 
0.15250 0.000022822800 
0.15300 0.000022219800 
0.15350 0.000021616800 
0.15400 0.000021019400 
0.15450 0.000020475600 
0.15500 0.000019931800 
0.15550 0.000019388040 
0.15600 0.000018854460 
0.15650 0.000018363920 
0.15700 0.000017873380 
0.15750 0.000017382820 
0.15800 0.000016905540 
0.15850 0.000016462800 
0.15900 0.000016020040 
0.15950 0.000015577280 
0.16000 0.000015149920 
0.16050 0.000014751000 
0.16100 0.000014352060 
0.16150 0.000013953140 
0.16200 0.000013570380 
0.16250 0.000013210800 
0.16300 0.000012851220 
0.16350 0.000012491660 
0.16400 0.000012148340 
0.16450 0.000011824360 
0.16500 0.000011500380 
0.16550 0.000011176380 
0.16600 0.000010868300 
0.16650 0.000010576760 
0.16700 0.000010285240 
0.16750 0.000009993700 
0.16800 0.000009716820 
0.16850 0.000009454140 
0.16900 0.000009191460 
0.16950 0.000008928780 
0.17000 0.000008679680 
0.17050 0.000008443580 
0.17100 0.000008207480 
0.17150 0.000007971380 
0.17200 0.000007747060 
0.17250 0.000007534520 
0.17300 0.000007322000 
0.17350 0.000007109460 
0.17400 0.000006907140 
0.17450 0.000006716140 
0.17500 0.000006525140 
0.17550 0.000006334160 
0.17600 0.000006151680 
0.17650 0.000005980360 
0.17700 0.000005809040 
0.17750 0.000005637720 
0.17800 0.000005473040 
0.17850 0.000005319280 
0.17900 0.000005165540 
0.17950 0.000005011780 
0.18000 0.000004862860 
0.18050 0.000004724780 
0.18100 0.000004586720 
0.18150 0.000004448660 
0.18200 0.000004313800 
0.18250 0.000004190080 
0.18300 0.000004066360 
0.18350 0.000003942640 
0.18400 0.000003820580 
0.18450 0.000003709960 
0.18500 0.000003599360 
0.18550 0.000003488760 
0.18600 0.000003378320 
0.18650 0.000003279220 
0.18700 0.000003180120 
0.18750 0.000003081020 
0.18800 0.000002981920 
0.18850 0.000002892340 
0.18900 0.000002803920 
0.18950 0.000002715500 
0.19000 0.000002627080 
0.19050 0.000002545740 
0.19100 0.000002466640 
0.19150 0.000002387540 
0.19200 0.000002308460 
0.19250 0.000002234620 
0.19300 0.000002164060 
0.19350 0.000002093520 
0.19400 0.000002022960 
0.19450 0.000001955976 
0.19500 0.000001893116 
0.19550 0.000001830258 
0.19600 0.000001767398 
0.19650 0.000001706646 
0.19700 0.000001650704 
0.19750 0.000001594762 
0.19800 0.000001538820 
0.19850 0.000001483760 
0.19900 0.000001434038 
0.19950 0.000001384314 
0.20000 0.000001334590 
0.20050 0.000001284866 
0.20100 0.000001240504 
0.20150 0.000001196266 
0.20200 0.000001152026 
0.20250 0.000001107786 
0.20300 0.000001067722 
0.20350 0.000001028612 
0.20400 0.000000989502 
0.20450 0.000000950392 
0.20500 0.000000914172 
0.20550 0.000000879478 
0.20600 0.000000844784 
0.20650 0.000000810090 
0.20700 0.000000777478 
0.20750 0.000000746926 
0.20800 0.000000716374 
0.20850 0.000000685820 
0.20900 0.000000656554 
0.20950 0.000000629556 
0.21000 0.000000602558 
0.21050 0.000000575558 
0.21100 0.000000549318 
0.21150 0.000000525520 
0.21200 0.000000501722 
0.21250 0.000000477924 
0.21300 0.000000454528 
0.21350 0.000000433750 
0.21400 0.000000412970 
0.21450 0.000000392192 
0.21500 0.000000371556 
0.21550 0.000000353362 
0.21600 0.000000335168 
0.21650 0.000000316976 
0.21700 0.000000298804 
0.21750 0.000000283064 
0.21800 0.000000267322 
0.21850 0.000000251580 
0.21900 0.000000235844 
0.21950 0.000000222208 
0.22000 0.000000208572 
0.22050 0.000000194936 
0.22100 0.000000181379 
0.22150 0.000000169667 
0.22200 0.000000157954 
0.22250 0.000000146242 
0.22300 0.000000134776 
0.22350 0.000000124912 
0.22400 0.000000115049 
0.22450 0.000000105185 
0.22500 0.000000095788 
0.22550 0.000000087548 
0.22600 0.000000079307 
0.22650 0.000000071067 
0.22700 0.000000063627 
0.22750 0.000000056944 
0.22800 0.000000050261 
0.22850 0.000000043579 
0.22900 0.000000038111 
0.22950 0.000000032908 
0.23000 0.000000027705 
0.23050 0.000000022817 
0.23100 0.000000019037 
0.23150 0.000000015256 
0.23200 0.000000011476 
0.23250 0.000000008754 
0.23300 0.000000006432 
0.23350 0.000000004109 
