0.00000 25.552800000000 
0.00050 22.249800000000 
0.00100 18.946740000000 
0.00150 15.643680000000 
0.00200 12.340620000000 
0.00250 10.245320000000 
0.00300 8.510380000000 
0.00350 7.150840000000 
0.00400 6.138480000000 
0.00450 5.198260000000 
0.00500 4.567840000000 
0.00550 3.937420000000 
0.00600 3.479100000000 
0.00650 3.067880000000 
0.00700 2.698640000000 
0.00750 2.420680000000 
0.00800 2.142720000000 
0.00850 1.931138000000 
0.00900 1.737804000000 
0.00950 1.555520000000 
0.01000 1.417830000000 
0.01050 1.280138000000 
0.01100 1.163626000000 
0.01150 1.063580000000 
0.01200 0.963532000000 
0.01250 0.886468000000 
0.01300 0.812512000000 
0.01350 0.741464000000 
0.01400 0.685968000000 
0.01450 0.630472000000 
0.01500 0.580244000000 
0.01550 0.538048000000 
0.01600 0.495852000000 
0.01650 0.459496000000 
0.01700 0.427034000000 
0.01750 0.394574000000 
0.01800 0.367690000000 
0.01850 0.342454000000 
0.01900 0.317220000000 
0.01950 0.296954000000 
0.02000 0.277152000000 
0.02050 0.257474000000 
0.02100 0.241804000000 
0.02150 0.226132000000 
0.02200 0.210846000000 
0.02250 0.198348200000 
0.02300 0.185851000000 
0.02350 0.173818200000 
0.02400 0.163782000000 
0.02450 0.153746000000 
0.02500 0.144161600000 
0.02550 0.136050600000 
0.02600 0.127939400000 
0.02650 0.120223600000 
0.02700 0.113629800000 
0.02750 0.107036000000 
0.02800 0.100764200000 
0.02850 0.095375200000 
0.02900 0.089986400000 
0.02950 0.084843600000 
0.03000 0.080417600000 
0.03050 0.075991400000 
0.03100 0.071741200000 
0.03150 0.068089400000 
0.03200 0.064437800000 
0.03250 0.060899600000 
0.03300 0.057874200000 
0.03350 0.054848800000 
0.03400 0.051884200000 
0.03450 0.049367800000 
0.03500 0.046851400000 
0.03550 0.044352800000 
0.03600 0.042252200000 
0.03650 0.040151800000 
0.03700 0.038051200000 
0.03750 0.036274800000 
0.03800 0.034515600000 
0.03850 0.032756400000 
0.03900 0.031234000000 
0.03950 0.029756000000 
0.04000 0.028278000000 
0.04050 0.026967200000 
0.04100 0.025721800000 
0.04150 0.024476400000 
0.04200 0.023343400000 
0.04250 0.022291200000 
0.04300 0.021239000000 
0.04350 0.020255800000 
0.04400 0.019364620000 
0.04450 0.018473360000 
0.04500 0.017617320000 
0.04550 0.016860540000 
0.04600 0.016103760000 
0.04650 0.015356000000 
0.04700 0.014711980000 
0.04750 0.014067940000 
0.04800 0.013423900000 
0.04850 0.012863580000 
0.04900 0.012314300000 
0.04950 0.011765040000 
0.05000 0.011269420000 
0.05050 0.010800020000 
0.05100 0.010330620000 
0.05150 0.009891260000 
0.05200 0.009489340000 
0.05250 0.009087420000 
0.05300 0.008697120000 
0.05350 0.008352360000 
0.05400 0.008007580000 
0.05450 0.007662820000 
0.05500 0.007363960000 
0.05550 0.007067680000 
0.05600 0.006771420000 
0.05650 0.006502960000 
0.05700 0.006247940000 
0.05750 0.005992920000 
0.05800 0.005751500000 
0.05850 0.005531640000 
0.05900 0.005311760000 
0.05950 0.005094420000 
0.06000 0.004904560000 
0.06050 0.004714680000 
0.06100 0.004524820000 
0.06150 0.004354620000 
0.06200 0.004190420000 
0.06250 0.004026220000 
0.06300 0.003871540000 
0.06350 0.003729320000 
0.06400 0.003587100000 
0.06450 0.003446480000 
0.06500 0.003323140000 
0.06550 0.003199780000 
0.06600 0.003076440000 
0.06650 0.002964780000 
0.06700 0.002857640000 
0.06750 0.002750520000 
0.06800 0.002648140000 
0.06850 0.002554960000 
0.06900 0.002461780000 
0.06950 0.002368620000 
0.07000 0.002286820000 
0.07050 0.002205680000 
0.07100 0.002124540000 
0.07150 0.002048960000 
0.07200 0.001978220000 
0.07250 0.001907470000 
0.07300 0.001837710000 
0.07350 0.001775940000 
0.07400 0.001714170000 
0.07450 0.001652400000 
0.07500 0.001595840000 
0.07550 0.001541842000 
0.07600 0.001487846000 
0.07650 0.001435300000 
0.07700 0.001388040000 
0.07750 0.001340782000 
0.07800 0.001293522000 
0.07850 0.001250624000 
0.07900 0.001209212000 
0.07950 0.001167800000 
0.08000 0.001127720000 
0.08050 0.001091390000 
0.08100 0.001055058000 
0.08150 0.001018726000 
0.08200 0.000985774000 
0.08250 0.000953862000 
0.08300 0.000921952000 
0.08350 0.000891014000 
0.08400 0.000862952000 
0.08450 0.000834892000 
0.08500 0.000806830000 
0.08550 0.000781212000 
0.08600 0.000756510000 
0.08650 0.000731806000 
0.08700 0.000707658000 
0.08750 0.000685888000 
0.08800 0.000664118000 
0.08850 0.000642348000 
0.08900 0.000622210000 
0.08950 0.000603002000 
0.09000 0.000583794000 
0.09050 0.000564750000 
0.09100 0.000547786000 
0.09150 0.000530822000 
0.09200 0.000513856000 
0.09250 0.000497868000 
0.09300 0.000482868000 
0.09350 0.000467868000 
0.09400 0.000452868000 
0.09450 0.000439434000 
0.09500 0.000426158000 
0.09550 0.000412884000 
0.09600 0.000400074000 
0.09650 0.000388310000 
0.09700 0.000376548000 
0.09750 0.000364784000 
0.09800 0.000353950000 
0.09850 0.000343518000 
0.09900 0.000333086000 
0.09950 0.000322742000 
0.10000 0.000313480000 
0.10050 0.000304218000 
0.10100 0.000294958000 
0.10150 0.000286152000 
0.10200 0.000277922000 
0.10250 0.000269692000 
0.10300 0.000261462000 
0.10350 0.000253960000 
0.10400 0.000246640000 
0.10450 0.000239320000 
0.10500 0.000232116000 
0.10550 0.000225600000 
0.10600 0.000219082000 
0.10650 0.000212566000 
0.10700 0.000206392000 
0.10750 0.000200584000 
0.10800 0.000194776800 
0.10850 0.000188969800 
0.10900 0.000183671400 
0.10950 0.000178492400 
0.11000 0.000173313400 
0.11050 0.000168205800 
0.11100 0.000163582600 
0.11150 0.000158959200 
0.11200 0.000154336000 
0.11250 0.000149928800 
0.11300 0.000145799200 
0.11350 0.000141669600 
0.11400 0.000137540000 
0.11450 0.000133733200 
0.11500 0.000130040800 
0.11550 0.000126348400 
0.11600 0.000122668000 
0.11650 0.000119364400 
0.11700 0.000116060600 
0.11750 0.000112757000 
0.11800 0.000109562200 
0.11850 0.000106603800 
0.11900 0.000103645400 
0.11950 0.000100687200 
0.12000 0.000097911000 
0.12050 0.000095260800 
0.12100 0.000092610600 
0.12150 0.000089960600 
0.12200 0.000087545400 
0.12250 0.000085169000 
0.12300 0.000082792800 
0.12350 0.000080445200 
0.12400 0.000078313000 
0.12450 0.000076180800 
0.12500 0.000074048600 
0.12550 0.000071997200 
0.12600 0.000070083200 
0.12650 0.000068169400 
0.12700 0.000066255400 
0.12750 0.000064461200 
0.12800 0.000062742400 
0.12850 0.000061023600 
0.12900 0.000059304800 
0.12950 0.000057733800 
0.13000 0.000056189000 
0.13050 0.000054644200 
0.13100 0.000053111400 
0.13150 0.000051722800 
0.13200 0.000050334000 
0.13250 0.000048945400 
0.13300 0.000047598000 
0.13350 0.000046349000 
0.13400 0.000045099800 
0.13450 0.000043850600 
0.13500 0.000042664800 
0.13550 0.000041540800 
0.13600 0.000040416800 
0.13650 0.000039292600 
0.13700 0.000038248400 
0.13750 0.000037236800 
0.13800 0.000036225200 
0.13850 0.000035213600 
0.13900 0.000034293000 
0.13950 0.000033382200 
0.14000 0.000032471400 
0.14050 0.000031568400 
0.14100 0.000030748400 
0.14150 0.000029928200 
0.14200 0.000029108200 
0.14250 0.000028309400 
0.14300 0.000027570800 
0.14350 0.000026832000 
0.14400 0.000026093400 
0.14450 0.000025385800 
0.14500 0.000024720400 
0.14550 0.000024054800 
0.14600 0.000023389400 
0.14650 0.000022762200 
0.14700 0.000022162400 
0.14750 0.000021562800 
0.14800 0.000020963200 
0.14850 0.000020406800 
0.14900 0.000019866760 
0.14950 0.000019326720 
0.15000 0.000018786680 
0.15050 0.000018292560 
0.15100 0.000017805960 
0.15150 0.000017319380 
0.15200 0.000016832780 
0.15250 0.000016393500 
0.15300 0.000015955080 
0.15350 0.000015516680 
0.15400 0.000015082320 
0.15450 0.000014687600 
0.15500 0.000014292900 
0.15550 0.000013898180 
0.15600 0.000013510960 
0.15650 0.000013155440 
0.15700 0.000012799920 
0.15750 0.000012444400 
0.15800 0.000012098640 
0.15850 0.000011778260 
0.15900 0.000011457900 
0.15950 0.000011137520 
0.16000 0.000010828440 
0.16050 0.000010540220 
0.16100 0.000010252000 
0.16150 0.000009963780 
0.16200 0.000009687420 
0.16250 0.000009428020 
0.16300 0.000009168620 
0.16350 0.000008909240 
0.16400 0.000008661740 
0.16450 0.000008428380 
0.16500 0.000008195020 
0.16550 0.000007961640 
0.16600 0.000007739880 
0.16650 0.000007530180 
0.16700 0.000007320500 
0.16750 0.000007110820 
0.16800 0.000006911820 
0.16850 0.000006723160 
0.16900 0.000006534500 
0.16950 0.000006345860 
0.17000 0.000006167080 
0.17050 0.000005997760 
0.17100 0.000005828440 
0.17150 0.000005659100 
0.17200 0.000005498340 
0.17250 0.000005346140 
0.17300 0.000005193940 
0.17350 0.000005041740 
0.17400 0.000004896940 
0.17450 0.000004760360 
0.17500 0.000004623760 
0.17550 0.000004487180 
0.17600 0.000004356760 
0.17650 0.000004234400 
0.17700 0.000004112040 
0.17750 0.000003989680 
0.17800 0.000003872120 
0.17850 0.000003762460 
0.17900 0.000003652800 
0.17950 0.000003543140 
0.18000 0.000003436960 
0.18050 0.000003338640 
0.18100 0.000003240300 
0.18150 0.000003141960 
0.18200 0.000003045920 
0.18250 0.000002957920 
0.18300 0.000002869920 
0.18350 0.000002781900 
0.18400 0.000002695080 
0.18450 0.000002616500 
0.18500 0.000002537920 
0.18550 0.000002459340 
0.18600 0.000002380880 
0.18650 0.000002310580 
0.18700 0.000002240260 
0.18750 0.000002169940 
0.18800 0.000002099620 
0.18850 0.000002036140 
0.18900 0.000001973466 
0.18950 0.000001910800 
0.19000 0.000001848134 
0.19050 0.000001790536 
0.19100 0.000001734552 
0.19150 0.000001678570 
0.19200 0.000001622586 
0.19250 0.000001570356 
0.19300 0.000001520480 
0.19350 0.000001470604 
0.19400 0.000001420726 
0.19450 0.000001373390 
0.19500 0.000001329002 
0.19550 0.000001284612 
0.19600 0.000001240224 
0.19650 0.000001197336 
0.19700 0.000001157878 
0.19750 0.000001118418 
0.19800 0.000001078960 
0.19850 0.000001040128 
0.19900 0.000001005096 
0.19950 0.000000970062 
0.20000 0.000000935028 
0.20050 0.000000899994 
0.20100 0.000000868774 
0.20150 0.000000837640 
0.20200 0.000000806506 
0.20250 0.000000775372 
0.20300 0.000000747198 
0.20350 0.000000719704 
0.20400 0.000000692208 
0.20450 0.000000664712 
0.20500 0.000000639266 
0.20550 0.000000614902 
0.20600 0.000000590536 
0.20650 0.000000566172 
0.20700 0.000000543280 
0.20750 0.000000521846 
0.20800 0.000000500412 
0.20850 0.000000478978 
0.20900 0.000000458454 
0.20950 0.000000439532 
0.21000 0.000000420610 
0.21050 0.000000401690 
0.21100 0.000000383304 
0.21150 0.000000366644 
0.21200 0.000000349984 
0.21250 0.000000333322 
0.21300 0.000000316944 
0.21350 0.000000302412 
0.21400 0.000000287878 
0.21450 0.000000273346 
0.21500 0.000000258912 
0.21550 0.000000246200 
0.21600 0.000000233488 
0.21650 0.000000220776 
0.21700 0.000000208080 
0.21750 0.000000197091 
0.21800 0.000000186102 
0.21850 0.000000175113 
0.21900 0.000000164127 
0.21950 0.000000154618 
0.22000 0.000000145108 
0.22050 0.000000135598 
0.22100 0.000000126144 
0.22150 0.000000117984 
0.22200 0.000000109823 
0.22250 0.000000101662 
0.22300 0.000000093675 
0.22350 0.000000086808 
0.22400 0.000000079941 
0.22450 0.000000073075 
0.22500 0.000000066535 
0.22550 0.000000060804 
0.22600 0.000000055072 
0.22650 0.000000049341 
0.22700 0.000000044169 
0.22750 0.000000039525 
0.22800 0.000000034881 
0.22850 0.000000030237 
0.22900 0.000000026441 
0.22950 0.000000022828 
0.23000 0.000000019215 
0.23050 0.000000015822 
0.23100 0.000000013199 
0.23150 0.000000010577 
0.23200 0.000000007955 
0.23250 0.000000006067 
0.23300 0.000000004457 
0.23350 0.000000002847 
