0.00000 24.223200000000 
0.00050 21.055400000000 
0.00100 17.887460000000 
0.00150 14.719580000000 
0.00200 11.551700000000 
0.00250 9.554800000000 
0.00300 7.907260000000 
0.00350 6.620260000000 
0.00400 5.666700000000 
0.00450 4.781860000000 
0.00500 4.192260000000 
0.00550 3.602640000000 
0.00600 3.175920000000 
0.00650 2.793780000000 
0.00700 2.451120000000 
0.00750 2.194340000000 
0.00800 1.937544000000 
0.00850 1.742842000000 
0.00900 1.565208000000 
0.00950 1.397858000000 
0.01000 1.272000000000 
0.01050 1.146142000000 
0.01100 1.039894000000 
0.01150 0.948894000000 
0.01200 0.857892000000 
0.01250 0.788072000000 
0.01300 0.721116000000 
0.01350 0.656830000000 
0.01400 0.606812000000 
0.01450 0.556794000000 
0.01500 0.511590000000 
0.01550 0.473722000000 
0.01600 0.435856000000 
0.01650 0.403302000000 
0.01700 0.374294000000 
0.01750 0.345284000000 
0.01800 0.321330000000 
0.01850 0.298870000000 
0.01900 0.276410000000 
0.01950 0.258434000000 
0.02000 0.240880000000 
0.02050 0.223436000000 
0.02100 0.209596000000 
0.02150 0.195756200000 
0.02200 0.182260400000 
0.02250 0.171264400000 
0.02300 0.160268400000 
0.02350 0.149687200000 
0.02400 0.140888800000 
0.02450 0.132090400000 
0.02500 0.123694200000 
0.02550 0.116608600000 
0.02600 0.109523200000 
0.02650 0.102788200000 
0.02700 0.097048400000 
0.02750 0.091308600000 
0.02800 0.085853200000 
0.02850 0.081178000000 
0.02900 0.076503000000 
0.02950 0.072044800000 
0.03000 0.068218000000 
0.03050 0.064391200000 
0.03100 0.060718600000 
0.03150 0.057571600000 
0.03200 0.054424800000 
0.03250 0.051377200000 
0.03300 0.048778400000 
0.03350 0.046179600000 
0.03400 0.043633800000 
0.03450 0.041479200000 
0.03500 0.039324600000 
0.03550 0.037185200000 
0.03600 0.035392400000 
0.03650 0.033599400000 
0.03700 0.031806600000 
0.03750 0.030294600000 
0.03800 0.028797600000 
0.03850 0.027300600000 
0.03900 0.026008400000 
0.03950 0.024754400000 
0.04000 0.023500600000 
0.04050 0.022391000000 
0.04100 0.021337600000 
0.04150 0.020284200000 
0.04200 0.019327420000 
0.04250 0.018440080000 
0.04300 0.017552740000 
0.04350 0.016724580000 
0.04400 0.015975140000 
0.04450 0.015225700000 
0.04500 0.014506360000 
0.04550 0.013871840000 
0.04600 0.013237320000 
0.04650 0.012610480000 
0.04700 0.012072020000 
0.04750 0.011533560000 
0.04800 0.010995080000 
0.04850 0.010527740000 
0.04900 0.010069800000 
0.04950 0.009611840000 
0.05000 0.009199340000 
0.05050 0.008809080000 
0.05100 0.008418800000 
0.05150 0.008053900000 
0.05200 0.007720640000 
0.05250 0.007387380000 
0.05300 0.007063920000 
0.05350 0.006778820000 
0.05400 0.006493720000 
0.05450 0.006208620000 
0.05500 0.005962080000 
0.05550 0.005717740000 
0.05600 0.005473400000 
0.05650 0.005252380000 
0.05700 0.005042600000 
0.05750 0.004832820000 
0.05800 0.004634420000 
0.05850 0.004454040000 
0.05900 0.004273640000 
0.05950 0.004095360000 
0.06000 0.003940000000 
0.06050 0.003784620000 
0.06100 0.003629260000 
0.06150 0.003490240000 
0.06200 0.003356200000 
0.06250 0.003222180000 
0.06300 0.003096040000 
0.06350 0.002980260000 
0.06400 0.002864480000 
0.06450 0.002750000000 
0.06500 0.002649820000 
0.06550 0.002549640000 
0.06600 0.002449460000 
0.06650 0.002358920000 
0.06700 0.002272120000 
0.06750 0.002185340000 
0.06800 0.002102440000 
0.06850 0.002027140000 
0.06900 0.001951846000 
0.06950 0.001876546000 
0.07000 0.001810588000 
0.07050 0.001745170000 
0.07100 0.001679752000 
0.07150 0.001618892000 
0.07200 0.001561986000 
0.07250 0.001505080000 
0.07300 0.001448982000 
0.07350 0.001399416000 
0.07400 0.001349850000 
0.07450 0.001300284000 
0.07500 0.001254966000 
0.07550 0.001211738000 
0.07600 0.001168510000 
0.07650 0.001126462000 
0.07700 0.001088716000 
0.07750 0.001050970000 
0.07800 0.001013224000 
0.07850 0.000979016000 
0.07900 0.000946016000 
0.07950 0.000913016000 
0.08000 0.000881094000 
0.08050 0.000852208000 
0.08100 0.000823322000 
0.08150 0.000794436000 
0.08200 0.000768280000 
0.08250 0.000742966000 
0.08300 0.000717650000 
0.08350 0.000693120000 
0.08400 0.000670910000 
0.08450 0.000648698000 
0.08500 0.000626488000 
0.08550 0.000606242000 
0.08600 0.000586732000 
0.08650 0.000567222000 
0.08700 0.000548156000 
0.08750 0.000531000000 
0.08800 0.000513844000 
0.08850 0.000496688000 
0.08900 0.000480840000 
0.08950 0.000465736000 
0.09000 0.000450632000 
0.09050 0.000435660000 
0.09100 0.000422348000 
0.09150 0.000409036000 
0.09200 0.000395724000 
0.09250 0.000383192000 
0.09300 0.000371446000 
0.09350 0.000359702000 
0.09400 0.000347956000 
0.09450 0.000337458000 
0.09500 0.000327086000 
0.09550 0.000316712000 
0.09600 0.000306710000 
0.09650 0.000297538000 
0.09700 0.000288366000 
0.09750 0.000279194000 
0.09800 0.000270758000 
0.09850 0.000262640000 
0.09900 0.000254524000 
0.09950 0.000246476000 
0.10000 0.000239284000 
0.10050 0.000232094000 
0.10100 0.000224902000 
0.10150 0.000218070000 
0.10200 0.000211692000 
0.10250 0.000205316000 
0.10300 0.000198938200 
0.10350 0.000193132800 
0.10400 0.000187471800 
0.10450 0.000181810800 
0.10500 0.000176241600 
0.10550 0.000171211800 
0.10600 0.000166182200 
0.10650 0.000161152400 
0.10700 0.000156391200 
0.10750 0.000151918200 
0.10800 0.000147445000 
0.10850 0.000142972000 
0.10900 0.000138897200 
0.10950 0.000134915800 
0.11000 0.000130934400 
0.11050 0.000127008800 
0.11100 0.000123461600 
0.11150 0.000119914400 
0.11200 0.000116367200 
0.11250 0.000112988600 
0.11300 0.000109826200 
0.11350 0.000106663800 
0.11400 0.000103501600 
0.11450 0.000100590600 
0.11500 0.000097768400 
0.11550 0.000094946200 
0.11600 0.000092133600 
0.11650 0.000089613400 
0.11700 0.000087093200 
0.11750 0.000084573200 
0.11800 0.000082137400 
0.11850 0.000079884800 
0.11900 0.000077632400 
0.11950 0.000075380000 
0.12000 0.000073268400 
0.12050 0.000071254400 
0.12100 0.000069240400 
0.12150 0.000067226200 
0.12200 0.000065393800 
0.12250 0.000063591200 
0.12300 0.000061788600 
0.12350 0.000060008200 
0.12400 0.000058393800 
0.12450 0.000056779400 
0.12500 0.000055165000 
0.12550 0.000053612800 
0.12600 0.000052166400 
0.12650 0.000050719800 
0.12700 0.000049273400 
0.12750 0.000047918800 
0.12800 0.000046622000 
0.12850 0.000045325400 
0.12900 0.000044028600 
0.12950 0.000042845200 
0.13000 0.000041682000 
0.13050 0.000040518600 
0.13100 0.000039364600 
0.13150 0.000038320600 
0.13200 0.000037276800 
0.13250 0.000036233000 
0.13300 0.000035220600 
0.13350 0.000034283200 
0.13400 0.000033346000 
0.13450 0.000032408600 
0.13500 0.000031519600 
0.13550 0.000030677600 
0.13600 0.000029835600 
0.13650 0.000028993600 
0.13700 0.000028212200 
0.13750 0.000027455800 
0.13800 0.000026699400 
0.13850 0.000025943000 
0.13900 0.000025255600 
0.13950 0.000024575600 
0.14000 0.000023895800 
0.14050 0.000023221800 
0.14100 0.000022610600 
0.14150 0.000021999600 
0.14200 0.000021388400 
0.14250 0.000020793400 
0.14300 0.000020243800 
0.14350 0.000019694260 
0.14400 0.000019144700 
0.14450 0.000018618680 
0.14500 0.000018124380 
0.14550 0.000017630080 
0.14600 0.000017135780 
0.14650 0.000016670340 
0.14700 0.000016225700 
0.14750 0.000015781080 
0.14800 0.000015336440 
0.14850 0.000014924320 
0.14900 0.000014524520 
0.14950 0.000014124720 
0.15000 0.000013724920 
0.15050 0.000013359620 
0.15100 0.000012999960 
0.15150 0.000012640320 
0.15200 0.000012280660 
0.15250 0.000011956480 
0.15300 0.000011632960 
0.15350 0.000011309440 
0.15400 0.000010988940 
0.15450 0.000010698120 
0.15500 0.000010407280 
0.15550 0.000010116460 
0.15600 0.000009831220 
0.15650 0.000009569680 
0.15700 0.000009308140 
0.15750 0.000009046600 
0.15800 0.000008792340 
0.15850 0.000008557020 
0.15900 0.000008321700 
0.15950 0.000008086380 
0.16000 0.000007859460 
0.16050 0.000007648080 
0.16100 0.000007436700 
0.16150 0.000007225300 
0.16200 0.000007022720 
0.16250 0.000006832760 
0.16300 0.000006642800 
0.16350 0.000006452840 
0.16400 0.000006271700 
0.16450 0.000006101060 
0.16500 0.000005930400 
0.16550 0.000005759740 
0.16600 0.000005597680 
0.16650 0.000005444560 
0.16700 0.000005291440 
0.16750 0.000005138340 
0.16800 0.000004993120 
0.16850 0.000004855560 
0.16900 0.000004718000 
0.16950 0.000004580440 
0.17000 0.000004450180 
0.17050 0.000004326880 
0.17100 0.000004203580 
0.17150 0.000004080280 
0.17200 0.000003963300 
0.17250 0.000003852620 
0.17300 0.000003741960 
0.17350 0.000003631280 
0.17400 0.000003526060 
0.17450 0.000003426880 
0.17500 0.000003327700 
0.17550 0.000003228520 
0.17600 0.000003133860 
0.17650 0.000003045120 
0.17700 0.000002956380 
0.17750 0.000002867660 
0.17800 0.000002782440 
0.17850 0.000002703020 
0.17900 0.000002623600 
0.17950 0.000002544180 
0.18000 0.000002467300 
0.18050 0.000002396180 
0.18100 0.000002325060 
0.18150 0.000002253920 
0.18200 0.000002184480 
0.18250 0.000002120920 
0.18300 0.000002057340 
0.18350 0.000001993766 
0.18400 0.000001931058 
0.18450 0.000001874362 
0.18500 0.000001817666 
0.18550 0.000001760970 
0.18600 0.000001704364 
0.18650 0.000001653696 
0.18700 0.000001603026 
0.18750 0.000001552356 
0.18800 0.000001501688 
0.18850 0.000001455982 
0.18900 0.000001410880 
0.18950 0.000001365776 
0.19000 0.000001320672 
0.19050 0.000001279252 
0.19100 0.000001239008 
0.19150 0.000001198762 
0.19200 0.000001158518 
0.19250 0.000001120996 
0.19300 0.000001085182 
0.19350 0.000001049370 
0.19400 0.000001013556 
0.19450 0.000000979582 
0.19500 0.000000947746 
0.19550 0.000000915908 
0.19600 0.000000884072 
0.19650 0.000000853322 
0.19700 0.000000825052 
0.19750 0.000000796782 
0.19800 0.000000768512 
0.19850 0.000000740698 
0.19900 0.000000715626 
0.19950 0.000000690554 
0.20000 0.000000665482 
0.20050 0.000000640410 
0.20100 0.000000618092 
0.20150 0.000000595836 
0.20200 0.000000573580 
0.20250 0.000000551324 
0.20300 0.000000531200 
0.20350 0.000000511566 
0.20400 0.000000491930 
0.20450 0.000000472294 
0.20500 0.000000454136 
0.20550 0.000000436754 
0.20600 0.000000419374 
0.20650 0.000000401994 
0.20700 0.000000385672 
0.20750 0.000000370396 
0.20800 0.000000355122 
0.20850 0.000000339846 
0.20900 0.000000325224 
0.20950 0.000000311754 
0.21000 0.000000298284 
0.21050 0.000000284814 
0.21100 0.000000271728 
0.21150 0.000000259878 
0.21200 0.000000248030 
0.21250 0.000000236180 
0.21300 0.000000224534 
0.21350 0.000000214208 
0.21400 0.000000203882 
0.21450 0.000000193555 
0.21500 0.000000183301 
0.21550 0.000000174277 
0.21600 0.000000165253 
0.21650 0.000000156230 
0.21700 0.000000147218 
0.21750 0.000000139424 
0.21800 0.000000131631 
0.21850 0.000000123838 
0.21900 0.000000116047 
0.21950 0.000000109309 
0.22000 0.000000102571 
0.22050 0.000000095833 
0.22100 0.000000089135 
0.22150 0.000000083358 
0.22200 0.000000077582 
0.22250 0.000000071805 
0.22300 0.000000066151 
0.22350 0.000000061295 
0.22400 0.000000056438 
0.22450 0.000000051581 
0.22500 0.000000046957 
0.22550 0.000000042907 
0.22600 0.000000038857 
0.22650 0.000000034807 
0.22700 0.000000031154 
0.22750 0.000000027875 
0.22800 0.000000024596 
0.22850 0.000000021317 
0.22900 0.000000018638 
0.22950 0.000000016090 
0.23000 0.000000013541 
0.23050 0.000000011148 
0.23100 0.000000009299 
0.23150 0.000000007451 
0.23200 0.000000005602 
0.23250 0.000000004272 
0.23300 0.000000003138 
0.23350 0.000000002005 
