0.00000 23.091800000000 
0.00050 20.039800000000 
0.00100 16.987960000000 
0.00150 13.936080000000 
0.00200 10.884200000000 
0.00250 8.971600000000 
0.00300 7.398940000000 
0.00350 6.173980000000 
0.00400 5.270620000000 
0.00450 4.433060000000 
0.00500 3.878180000000 
0.00550 3.323300000000 
0.00600 2.923380000000 
0.00650 2.565880000000 
0.00700 2.245720000000 
0.00750 2.006800000000 
0.00800 1.767878000000 
0.00850 1.587380000000 
0.00900 1.422946000000 
0.00950 1.268142000000 
0.01000 1.152192000000 
0.01050 1.036244000000 
0.01100 0.938574000000 
0.01150 0.855118000000 
0.01200 0.771662000000 
0.01250 0.707864000000 
0.01300 0.646726000000 
0.01350 0.588052000000 
0.01400 0.542568000000 
0.01450 0.497086000000 
0.01500 0.456034000000 
0.01550 0.421736000000 
0.01600 0.387440000000 
0.01650 0.358016000000 
0.01700 0.331844000000 
0.01750 0.305670000000 
0.01800 0.284116000000 
0.01850 0.263926000000 
0.01900 0.243738000000 
0.01950 0.227634000000 
0.02000 0.211910000000 
0.02050 0.196289000000 
0.02100 0.183937200000 
0.02150 0.171585600000 
0.02200 0.159545000000 
0.02250 0.149765200000 
0.02300 0.139985200000 
0.02350 0.130579000000 
0.02400 0.122779800000 
0.02450 0.114980800000 
0.02500 0.107542800000 
0.02550 0.101282600000 
0.02600 0.095022200000 
0.02650 0.089076000000 
0.02700 0.084020800000 
0.02750 0.078965600000 
0.02800 0.074164400000 
0.02850 0.070060000000 
0.02900 0.065955600000 
0.02950 0.062044200000 
0.03000 0.058694800000 
0.03050 0.055345400000 
0.03100 0.052132800000 
0.03150 0.049386800000 
0.03200 0.046640800000 
0.03250 0.043982600000 
0.03300 0.041721600000 
0.03350 0.039460600000 
0.03400 0.037246600000 
0.03450 0.035377400000 
0.03500 0.033508200000 
0.03550 0.031652600000 
0.03600 0.030101800000 
0.03650 0.028551000000 
0.03700 0.027000000000 
0.03750 0.025695800000 
0.03800 0.024404400000 
0.03850 0.023113200000 
0.03900 0.022001000000 
0.03950 0.020922600000 
0.04000 0.019844020000 
0.04050 0.018891280000 
0.04100 0.017987720000 
0.04150 0.017084160000 
0.04200 0.016264580000 
0.04250 0.015505460000 
0.04300 0.014746340000 
0.04350 0.014038580000 
0.04400 0.013399140000 
0.04450 0.012759700000 
0.04500 0.012146320000 
0.04550 0.011606360000 
0.04600 0.011066380000 
0.04650 0.010533040000 
0.04700 0.010076000000 
0.04750 0.009618960000 
0.04800 0.009161940000 
0.04850 0.008766120000 
0.04900 0.008378420000 
0.04950 0.007990720000 
0.05000 0.007642060000 
0.05050 0.007312480000 
0.05100 0.006982880000 
0.05150 0.006675040000 
0.05200 0.006394320000 
0.05250 0.006113580000 
0.05300 0.005841220000 
0.05350 0.005601660000 
0.05400 0.005362080000 
0.05450 0.005122500000 
0.05500 0.004915820000 
0.05550 0.004710980000 
0.05600 0.004506160000 
0.05650 0.004321160000 
0.05700 0.004145740000 
0.05750 0.003970300000 
0.05800 0.003804540000 
0.05850 0.003654040000 
0.05900 0.003503540000 
0.05950 0.003354840000 
0.06000 0.003225520000 
0.06050 0.003096200000 
0.06100 0.002966880000 
0.06150 0.002851380000 
0.06200 0.002740080000 
0.06250 0.002628780000 
0.06300 0.002524140000 
0.06350 0.002428200000 
0.06400 0.002332280000 
0.06450 0.002237440000 
0.06500 0.002154640000 
0.06550 0.002071820000 
0.06600 0.001989018000 
0.06650 0.001914292000 
0.06700 0.001842708000 
0.06750 0.001771124000 
0.06800 0.001702812000 
0.06850 0.001640844000 
0.06900 0.001578876000 
0.06950 0.001516910000 
0.07000 0.001462742000 
0.07050 0.001409026000 
0.07100 0.001355310000 
0.07150 0.001305390000 
0.07200 0.001258764000 
0.07250 0.001212138000 
0.07300 0.001166184000 
0.07350 0.001125660000 
0.07400 0.001085136000 
0.07450 0.001044612000 
0.07500 0.001007610000 
0.07550 0.000972344000 
0.07600 0.000937076000 
0.07650 0.000902786000 
0.07700 0.000872056000 
0.07750 0.000841326000 
0.07800 0.000810596000 
0.07850 0.000782790000 
0.07900 0.000755978000 
0.07950 0.000729168000 
0.08000 0.000703246000 
0.08050 0.000679828000 
0.08100 0.000656408000 
0.08150 0.000632990000 
0.08200 0.000611816000 
0.08250 0.000591334000 
0.08300 0.000570852000 
0.08350 0.000551014000 
0.08400 0.000533080000 
0.08450 0.000515146000 
0.08500 0.000497212000 
0.08550 0.000480888000 
0.08600 0.000465166000 
0.08650 0.000449444000 
0.08700 0.000434086000 
0.08750 0.000420288000 
0.08800 0.000406492000 
0.08850 0.000392694000 
0.08900 0.000379964000 
0.08950 0.000367840000 
0.09000 0.000355718000 
0.09050 0.000343702000 
0.09100 0.000333038000 
0.09150 0.000322374000 
0.09200 0.000311710000 
0.09250 0.000301680000 
0.09300 0.000292290000 
0.09350 0.000282900000 
0.09400 0.000273510000 
0.09450 0.000265130000 
0.09500 0.000256854000 
0.09550 0.000248576000 
0.09600 0.000240598000 
0.09650 0.000233294000 
0.09700 0.000225988000 
0.09750 0.000218684000 
0.09800 0.000211972000 
0.09850 0.000205520000 
0.09900 0.000199067400 
0.09950 0.000192670600 
0.10000 0.000186964400 
0.10050 0.000181258400 
0.10100 0.000175552200 
0.10150 0.000170135800 
0.10200 0.000165084800 
0.10250 0.000160034000 
0.10300 0.000154983200 
0.10350 0.000150392000 
0.10400 0.000145916800 
0.10450 0.000141441600 
0.10500 0.000137040000 
0.10550 0.000133071000 
0.10600 0.000129102000 
0.10650 0.000125133200 
0.10700 0.000121379200 
0.10750 0.000117856000 
0.10800 0.000114332800 
0.10850 0.000110809400 
0.10900 0.000107604400 
0.10950 0.000104474200 
0.11000 0.000101343800 
0.11050 0.000098257800 
0.11100 0.000095473800 
0.11150 0.000092689800 
0.11200 0.000089905800 
0.11250 0.000087256000 
0.11300 0.000084778400 
0.11350 0.000082300800 
0.11400 0.000079823200 
0.11450 0.000077545600 
0.11500 0.000075338400 
0.11550 0.000073131200 
0.11600 0.000070931600 
0.11650 0.000068964000 
0.11700 0.000066996400 
0.11750 0.000065029000 
0.11800 0.000063128200 
0.11850 0.000061372600 
0.11900 0.000059617200 
0.11950 0.000057861600 
0.12000 0.000056217600 
0.12050 0.000054650600 
0.12100 0.000053083400 
0.12150 0.000051516400 
0.12200 0.000050092800 
0.12250 0.000048692600 
0.12300 0.000047292400 
0.12350 0.000045910000 
0.12400 0.000044658000 
0.12450 0.000043406200 
0.12500 0.000042154400 
0.12550 0.000040951400 
0.12600 0.000039831600 
0.12650 0.000038712000 
0.12700 0.000037592200 
0.12750 0.000036544600 
0.12800 0.000035542400 
0.12850 0.000034540200 
0.12900 0.000033538200 
0.12950 0.000032624800 
0.13000 0.000031727200 
0.13050 0.000030829600 
0.13100 0.000029939200 
0.13150 0.000029135000 
0.13200 0.000028331000 
0.13250 0.000027526800 
0.13300 0.000026747400 
0.13350 0.000026026400 
0.13400 0.000025305600 
0.13450 0.000024584800 
0.13500 0.000023901400 
0.13550 0.000023255000 
0.13600 0.000022608400 
0.13650 0.000021961800 
0.13700 0.000021362600 
0.13750 0.000020782600 
0.13800 0.000020202800 
0.13850 0.000019622880 
0.13900 0.000019096620 
0.13950 0.000018576180 
0.14000 0.000018055740 
0.14050 0.000017539900 
0.14100 0.000017072840 
0.14150 0.000016605800 
0.14200 0.000016138740 
0.14250 0.000015684140 
0.14300 0.000015264780 
0.14350 0.000014845400 
0.14400 0.000014426040 
0.14450 0.000014024880 
0.14500 0.000013648260 
0.14550 0.000013271640 
0.14600 0.000012895040 
0.14650 0.000012540700 
0.14700 0.000012202420 
0.14750 0.000011864160 
0.14800 0.000011525880 
0.14850 0.000011212700 
0.14900 0.000010908980 
0.14950 0.000010605260 
0.15000 0.000010301560 
0.15050 0.000010024400 
0.15100 0.000009751580 
0.15150 0.000009478760 
0.15200 0.000009205960 
0.15250 0.000008960400 
0.15300 0.000008715360 
0.15350 0.000008470320 
0.15400 0.000008227580 
0.15450 0.000008007620 
0.15500 0.000007787640 
0.15550 0.000007567660 
0.15600 0.000007351980 
0.15650 0.000007154440 
0.15700 0.000006956900 
0.15750 0.000006759360 
0.15800 0.000006567380 
0.15850 0.000006389900 
0.15900 0.000006212420 
0.15950 0.000006034960 
0.16000 0.000005863880 
0.16050 0.000005704660 
0.16100 0.000005545460 
0.16150 0.000005386240 
0.16200 0.000005233740 
0.16250 0.000005090840 
0.16300 0.000004947960 
0.16350 0.000004805080 
0.16400 0.000004668920 
0.16450 0.000004540740 
0.16500 0.000004412540 
0.16550 0.000004284360 
0.16600 0.000004162700 
0.16650 0.000004047840 
0.16700 0.000003932960 
0.16750 0.000003818100 
0.16800 0.000003709220 
0.16850 0.000003606180 
0.16900 0.000003503120 
0.16950 0.000003400060 
0.17000 0.000003302520 
0.17050 0.000003210260 
0.17100 0.000003118000 
0.17150 0.000003025760 
0.17200 0.000002938280 
0.17250 0.000002855580 
0.17300 0.000002772880 
0.17350 0.000002690160 
0.17400 0.000002611580 
0.17450 0.000002537560 
0.17500 0.000002463520 
0.17550 0.000002389500 
0.17600 0.000002318900 
0.17650 0.000002252740 
0.17700 0.000002186600 
0.17750 0.000002120460 
0.17800 0.000002056960 
0.17850 0.000001997818 
0.17900 0.000001938684 
0.17950 0.000001879550 
0.18000 0.000001822336 
0.18050 0.000001769442 
0.18100 0.000001716546 
0.18150 0.000001663652 
0.18200 0.000001612024 
0.18250 0.000001564802 
0.18300 0.000001517580 
0.18350 0.000001470358 
0.18400 0.000001423784 
0.18450 0.000001381716 
0.18500 0.000001339648 
0.18550 0.000001297582 
0.18600 0.000001255582 
0.18650 0.000001218030 
0.18700 0.000001180478 
0.18750 0.000001142926 
0.18800 0.000001105372 
0.18850 0.000001071532 
0.18900 0.000001038140 
0.18950 0.000001004748 
0.19000 0.000000971356 
0.19050 0.000000940718 
0.19100 0.000000910956 
0.19150 0.000000881194 
0.19200 0.000000851432 
0.19250 0.000000823702 
0.19300 0.000000797246 
0.19350 0.000000770790 
0.19400 0.000000744334 
0.19450 0.000000719248 
0.19500 0.000000695754 
0.19550 0.000000672258 
0.19600 0.000000648764 
0.19650 0.000000626078 
0.19700 0.000000605238 
0.19750 0.000000584398 
0.19800 0.000000563556 
0.19850 0.000000543054 
0.19900 0.000000524590 
0.19950 0.000000506124 
0.20000 0.000000487660 
0.20050 0.000000469196 
0.20100 0.000000452774 
0.20150 0.000000436400 
0.20200 0.000000420026 
0.20250 0.000000403652 
0.20300 0.000000388858 
0.20350 0.000000374426 
0.20400 0.000000359994 
0.20450 0.000000345560 
0.20500 0.000000332220 
0.20550 0.000000319458 
0.20600 0.000000306696 
0.20650 0.000000293932 
0.20700 0.000000281952 
0.20750 0.000000270746 
0.20800 0.000000259538 
0.20850 0.000000248332 
0.20900 0.000000237608 
0.20950 0.000000227734 
0.21000 0.000000217862 
0.21050 0.000000207988 
0.21100 0.000000198399 
0.21150 0.000000189722 
0.21200 0.000000181045 
0.21250 0.000000172368 
0.21300 0.000000163841 
0.21350 0.000000156285 
0.21400 0.000000148730 
0.21450 0.000000141175 
0.21500 0.000000133672 
0.21550 0.000000127076 
0.21600 0.000000120480 
0.21650 0.000000113883 
0.21700 0.000000107295 
0.21750 0.000000101603 
0.21800 0.000000095911 
0.21850 0.000000090218 
0.21900 0.000000084528 
0.21950 0.000000079611 
0.22000 0.000000074694 
0.22050 0.000000069776 
0.22100 0.000000064888 
0.22150 0.000000060676 
0.22200 0.000000056464 
0.22250 0.000000052252 
0.22300 0.000000048130 
0.22350 0.000000044591 
0.22400 0.000000041053 
0.22450 0.000000037514 
0.22500 0.000000034146 
0.22550 0.000000031197 
0.22600 0.000000028249 
0.22650 0.000000025301 
0.22700 0.000000022642 
0.22750 0.000000020257 
0.22800 0.000000017871 
0.22850 0.000000015486 
0.22900 0.000000013539 
0.22950 0.000000011686 
0.23000 0.000000009834 
0.23050 0.000000008094 
0.23100 0.000000006751 
0.23150 0.000000005409 
0.23200 0.000000004066 
0.23250 0.000000003100 
0.23300 0.000000002277 
0.23350 0.000000001454 
