0.00000 151.090600000000 
0.00050 130.371400000000 
0.00100 109.652200000000 
0.00150 88.933200000000 
0.00200 68.214000000000 
0.00250 54.951800000000 
0.00300 43.914600000000 
0.00350 35.409400000000 
0.00400 29.245600000000 
0.00450 23.568800000000 
0.00500 19.984140000000 
0.00550 16.399420000000 
0.00600 13.935580000000 
0.00650 11.778460000000 
0.00700 9.879980000000 
0.00750 8.543880000000 
0.00800 7.207800000000 
0.00850 6.254280000000 
0.00900 5.405940000000 
0.00950 4.616780000000 
0.01000 4.066420000000 
0.01050 3.516040000000 
0.01100 3.070600000000 
0.01150 2.706720000000 
0.01200 2.342860000000 
0.01250 2.084020000000 
0.01300 1.839380000000 
0.01350 1.606982000000 
0.01400 1.440034000000 
0.01450 1.273088000000 
0.01500 1.126532000000 
0.01550 1.011066000000 
0.01600 0.895598000000 
0.01650 0.800908000000 
0.01700 0.720074000000 
0.01750 0.639242000000 
0.01800 0.576640000000 
0.01850 0.519428000000 
0.01900 0.462214000000 
0.01950 0.419920000000 
0.02000 0.379020000000 
0.02050 0.338464000000 
0.02100 0.308956000000 
0.02150 0.279448000000 
0.02200 0.250914000000 
0.02250 0.229448000000 
0.02300 0.207980000000 
0.02350 0.187594600000 
0.02400 0.171856400000 
0.02450 0.156118200000 
0.02500 0.141346400000 
0.02550 0.129726000000 
0.02600 0.118105600000 
0.02650 0.107262200000 
0.02700 0.098625600000 
0.02750 0.089988800000 
0.02800 0.081934200000 
0.02850 0.075475800000 
0.02900 0.069017600000 
0.02950 0.062968800000 
0.03000 0.058112200000 
0.03050 0.053255400000 
0.03100 0.048667600000 
0.03150 0.044996000000 
0.03200 0.041324400000 
0.03250 0.037812800000 
0.03300 0.035023400000 
0.03350 0.032234000000 
0.03400 0.029523800000 
0.03450 0.027395000000 
0.03500 0.025266000000 
0.03550 0.023158200000 
0.03600 0.021526400000 
0.03650 0.019894680000 
0.03700 0.018262900000 
0.03750 0.016988100000 
0.03800 0.015732240000 
0.03850 0.014476400000 
0.03900 0.013460980000 
0.03950 0.012490780000 
0.04000 0.011520560000 
0.04050 0.010707060000 
0.04100 0.009954820000 
0.04150 0.009202580000 
0.04200 0.008547440000 
0.04250 0.007962200000 
0.04300 0.007376960000 
0.04350 0.006846860000 
0.04400 0.006390080000 
0.04450 0.005933320000 
0.04500 0.005502520000 
0.04550 0.005144940000 
0.04600 0.004787340000 
0.04650 0.004435880000 
0.04700 0.004155120000 
0.04750 0.003874340000 
0.04800 0.003593580000 
0.04850 0.003365540000 
0.04900 0.003144480000 
0.04950 0.002923400000 
0.05000 0.002733600000 
0.05050 0.002559080000 
0.05100 0.002384560000 
0.05150 0.002226240000 
0.05200 0.002088120000 
0.05250 0.001949992000 
0.05300 0.001817670000 
0.05350 0.001708080000 
0.05400 0.001598492000 
0.05450 0.001488904000 
0.05500 0.001400550000 
0.05550 0.001313396000 
0.05600 0.001226242000 
0.05650 0.001151018000 
0.05700 0.001081548000 
0.05750 0.001012078000 
0.05800 0.000948020000 
0.05850 0.000892524000 
0.05900 0.000837030000 
0.05950 0.000782470000 
0.06000 0.000738042000 
0.06050 0.000693616000 
0.06100 0.000649188000 
0.06150 0.000611496000 
0.06200 0.000575856000 
0.06250 0.000540216000 
0.06300 0.000507602000 
0.06350 0.000478954000 
0.06400 0.000450304000 
0.06450 0.000422126000 
0.06500 0.000399050000 
0.06550 0.000375976000 
0.06600 0.000352902000 
0.06650 0.000333034000 
0.06700 0.000314414000 
0.06750 0.000295794000 
0.06800 0.000278386000 
0.06850 0.000263332000 
0.06900 0.000248278000 
0.06950 0.000233224000 
0.07000 0.000220874000 
0.07050 0.000208680000 
0.07100 0.000196487200 
0.07150 0.000185524600 
0.07200 0.000175630600 
0.07250 0.000165736400 
0.07300 0.000156046400 
0.07350 0.000148003800 
0.07400 0.000139961200 
0.07450 0.000131918600 
0.07500 0.000124877000 
0.07550 0.000118328000 
0.07600 0.000111779200 
0.07650 0.000105490200 
0.07700 0.000100148600 
0.07750 0.000094807000 
0.07800 0.000089465200 
0.07850 0.000084852600 
0.07900 0.000080488400 
0.07950 0.000076124000 
0.08000 0.000071967600 
0.08050 0.000068396000 
0.08100 0.000064824400 
0.08150 0.000061252600 
0.08200 0.000058173200 
0.08250 0.000055245600 
0.08300 0.000052318000 
0.08350 0.000049522600 
0.08400 0.000047119000 
0.08450 0.000044715400 
0.08500 0.000042311600 
0.08550 0.000040218600 
0.08600 0.000038242200 
0.08650 0.000036265600 
0.08700 0.000034355000 
0.08750 0.000032727200 
0.08800 0.000031099200 
0.08850 0.000029471400 
0.08900 0.000028025400 
0.08950 0.000026682600 
0.09000 0.000025340000 
0.09050 0.000024014400 
0.09100 0.000022905400 
0.09150 0.000021796200 
0.09200 0.000020687000 
0.09250 0.000019673060 
0.09300 0.000018755480 
0.09350 0.000017837900 
0.09400 0.000016920300 
0.09450 0.000016145720 
0.09500 0.000015385520 
0.09550 0.000014625320 
0.09600 0.000013905080 
0.09650 0.000013274380 
0.09700 0.000012643660 
0.09750 0.000012012960 
0.09800 0.000011456640 
0.09850 0.000010932640 
0.09900 0.000010408620 
0.09950 0.000009891220 
0.10000 0.000009455260 
0.10050 0.000009019300 
0.10100 0.000008583360 
0.10150 0.000008179560 
0.10200 0.000007816380 
0.10250 0.000007453200 
0.10300 0.000007090000 
0.10350 0.000006774920 
0.10400 0.000006471960 
0.10450 0.000006169000 
0.10500 0.000005873300 
0.10550 0.000005620240 
0.10600 0.000005367200 
0.10650 0.000005114140 
0.10700 0.000004881080 
0.10750 0.000004669440 
0.10800 0.000004457820 
0.10850 0.000004246200 
0.10900 0.000004062440 
0.10950 0.000003885240 
0.11000 0.000003708040 
0.11050 0.000003534520 
0.11100 0.000003385940 
0.11150 0.000003237380 
0.11200 0.000003088820 
0.11250 0.000002950720 
0.11300 0.000002826040 
0.11350 0.000002701340 
0.11400 0.000002576660 
0.11450 0.000002466680 
0.11500 0.000002361900 
0.11550 0.000002257120 
0.11600 0.000002152860 
0.11650 0.000002064720 
0.11700 0.000001976582 
0.11750 0.000001888442 
0.11800 0.000001804688 
0.11850 0.000001730464 
0.11900 0.000001656238 
0.11950 0.000001582012 
0.12000 0.000001514674 
0.12050 0.000001452102 
0.12100 0.000001389532 
0.12150 0.000001326960 
0.12200 0.000001272778 
0.12250 0.000001219978 
0.12300 0.000001167176 
0.12350 0.000001115346 
0.12400 0.000001070746 
0.12450 0.000001026146 
0.12500 0.000000981546 
0.12550 0.000000939496 
0.12600 0.000000901788 
0.12650 0.000000864080 
0.12700 0.000000826374 
0.12750 0.000000792224 
0.12800 0.000000760316 
0.12850 0.000000728408 
0.12900 0.000000696498 
0.12950 0.000000668738 
0.13000 0.000000641712 
0.13050 0.000000614686 
0.13100 0.000000587976 
0.13150 0.000000565070 
0.13200 0.000000542162 
0.13250 0.000000519254 
0.13300 0.000000497374 
0.13350 0.000000477940 
0.13400 0.000000458508 
0.13450 0.000000439074 
0.13500 0.000000421128 
0.13550 0.000000404630 
0.13600 0.000000388132 
0.13650 0.000000371634 
0.13700 0.000000356894 
0.13750 0.000000342878 
0.13800 0.000000328864 
0.13850 0.000000314848 
0.13900 0.000000302726 
0.13950 0.000000290810 
0.14000 0.000000278896 
0.14050 0.000000267132 
0.14100 0.000000256998 
0.14150 0.000000246862 
0.14200 0.000000236726 
0.14250 0.000000226984 
0.14300 0.000000218356 
0.14350 0.000000209728 
0.14400 0.000000201100 
0.14450 0.000000193019 
0.14500 0.000000185671 
0.14550 0.000000178323 
0.14600 0.000000170975 
0.14650 0.000000164259 
0.14700 0.000000157998 
0.14750 0.000000151737 
0.14800 0.000000145476 
0.14850 0.000000139885 
0.14900 0.000000134547 
0.14950 0.000000129210 
0.15000 0.000000123873 
0.15050 0.000000119210 
0.15100 0.000000114658 
0.15150 0.000000110105 
0.15200 0.000000105553 
0.15250 0.000000101657 
0.15300 0.000000097772 
0.15350 0.000000093888 
0.15400 0.000000090056 
0.15450 0.000000086741 
0.15500 0.000000083426 
0.15550 0.000000080111 
0.15600 0.000000076888 
0.15650 0.000000074057 
0.15700 0.000000071227 
0.15750 0.000000068396 
0.15800 0.000000065680 
0.15850 0.000000063261 
0.15900 0.000000060843 
0.15950 0.000000058425 
0.16000 0.000000056130 
0.16050 0.000000054065 
0.16100 0.000000051999 
0.16150 0.000000049933 
0.16200 0.000000047991 
0.16250 0.000000046225 
0.16300 0.000000044460 
0.16350 0.000000042695 
0.16400 0.000000041046 
0.16450 0.000000039537 
0.16500 0.000000038028 
0.16550 0.000000036519 
0.16600 0.000000035118 
0.16650 0.000000033828 
0.16700 0.000000032538 
0.16750 0.000000031248 
0.16800 0.000000030053 
0.16850 0.000000028950 
0.16900 0.000000027847 
0.16950 0.000000026744 
0.17000 0.000000025723 
0.17050 0.000000024779 
0.17100 0.000000023836 
0.17150 0.000000022893 
0.17200 0.000000022018 
0.17250 0.000000021211 
0.17300 0.000000020404 
0.17350 0.000000019598 
0.17400 0.000000018846 
0.17450 0.000000018156 
0.17500 0.000000017466 
0.17550 0.000000016776 
0.17600 0.000000016129 
0.17650 0.000000015539 
0.17700 0.000000014949 
0.17750 0.000000014359 
0.17800 0.000000013801 
0.17850 0.000000013296 
0.17900 0.000000012791 
0.17950 0.000000012287 
0.18000 0.000000011804 
0.18050 0.000000011372 
0.18100 0.000000010940 
0.18150 0.000000010508 
0.18200 0.000000010091 
0.18250 0.000000009721 
0.18300 0.000000009352 
0.18350 0.000000008982 
0.18400 0.000000008619 
0.18450 0.000000008304 
0.18500 0.000000007988 
0.18550 0.000000007672 
0.18600 0.000000007357 
0.18650 0.000000007087 
0.18700 0.000000006817 
0.18750 0.000000006546 
0.18800 0.000000006276 
0.18850 0.000000006041 
0.18900 0.000000005810 
0.18950 0.000000005579 
0.19000 0.000000005348 
0.19050 0.000000005143 
0.19100 0.000000004945 
0.19150 0.000000004748 
0.19200 0.000000004550 
0.19250 0.000000004370 
0.19300 0.000000004201 
0.19350 0.000000004033 
0.19400 0.000000003864 
0.19450 0.000000003706 
0.19500 0.000000003562 
0.19550 0.000000003418 
0.19600 0.000000003274 
0.19650 0.000000003136 
0.19700 0.000000003013 
0.19750 0.000000002889 
0.19800 0.000000002766 
0.19850 0.000000002646 
0.19900 0.000000002540 
0.19950 0.000000002435 
0.20000 0.000000002330 
0.20050 0.000000002225 
0.20100 0.000000002135 
0.20150 0.000000002045 
0.20200 0.000000001955 
0.20250 0.000000001865 
0.20300 0.000000001786 
0.20350 0.000000001710 
0.20400 0.000000001633 
0.20450 0.000000001557 
0.20500 0.000000001488 
0.20550 0.000000001423 
0.20600 0.000000001357 
0.20650 0.000000001292 
0.20700 0.000000001232 
0.20750 0.000000001176 
0.20800 0.000000001121 
0.20850 0.000000001066 
0.20900 0.000000001013 
0.20950 0.000000000966 
0.21000 0.000000000919 
0.21050 0.000000000872 
0.21100 0.000000000826 
0.21150 0.000000000786 
0.21200 0.000000000746 
0.21250 0.000000000706 
0.21300 0.000000000667 
0.21350 0.000000000633 
0.21400 0.000000000599 
0.21450 0.000000000566 
0.21500 0.000000000532 
0.21550 0.000000000504 
0.21600 0.000000000475 
0.21650 0.000000000446 
0.21700 0.000000000418 
0.21750 0.000000000394 
0.21800 0.000000000370 
0.21850 0.000000000346 
0.21900 0.000000000322 
0.21950 0.000000000302 
0.22000 0.000000000282 
0.22050 0.000000000262 
0.22100 0.000000000242 
0.22150 0.000000000226 
0.22200 0.000000000209 
0.22250 0.000000000192 
0.22300 0.000000000176 
0.22350 0.000000000163 
0.22400 0.000000000149 
0.22450 0.000000000135 
0.22500 0.000000000122 
0.22550 0.000000000111 
0.22600 0.000000000100 
0.22650 0.000000000089 
0.22700 0.000000000080 
0.22750 0.000000000071 
0.22800 0.000000000062 
0.22850 0.000000000054 
0.22900 0.000000000047 
0.22950 0.000000000040 
0.23000 0.000000000034 
0.23050 0.000000000028 
0.23100 0.000000000023 
0.23150 0.000000000018 
0.23200 0.000000000014 
0.23250 0.000000000010 
0.23300 0.000000000008 
0.23350 0.000000000005 
