0.00000 21.882200000000 
0.00050 18.954180000000 
0.00100 16.026200000000 
0.00150 13.098220000000 
0.00200 10.170240000000 
0.00250 8.347980000000 
0.00300 6.855620000000 
0.00350 5.697280000000 
0.00400 4.847820000000 
0.00450 4.061040000000 
0.00500 3.543440000000 
0.00550 3.025840000000 
0.00600 2.654700000000 
0.00650 2.323620000000 
0.00700 2.027600000000 
0.00750 1.807822000000 
0.00800 1.588040000000 
0.00850 1.422744000000 
0.00900 1.272430000000 
0.00950 1.131040000000 
0.01000 1.025670000000 
0.01050 0.920302000000 
0.01100 0.831784000000 
0.01150 0.756366000000 
0.01200 0.680950000000 
0.01250 0.623558000000 
0.01300 0.568606000000 
0.01350 0.515902000000 
0.01400 0.475230000000 
0.01450 0.434558000000 
0.01500 0.397910000000 
0.01550 0.367392000000 
0.01600 0.336876000000 
0.01650 0.310764000000 
0.01700 0.287586000000 
0.01750 0.264410000000 
0.01800 0.245388000000 
0.01850 0.227594000000 
0.01900 0.209800000000 
0.01950 0.195662000000 
0.02000 0.181866600000 
0.02050 0.168161800000 
0.02100 0.157372200000 
0.02150 0.146582400000 
0.02200 0.136069000000 
0.02250 0.127562600000 
0.02300 0.119056200000 
0.02350 0.110880000000 
0.02400 0.104125000000 
0.02450 0.097370000000 
0.02500 0.090932800000 
0.02550 0.085533000000 
0.02600 0.080133000000 
0.02650 0.075008400000 
0.02700 0.070665600000 
0.02750 0.066322600000 
0.02800 0.062201600000 
0.02850 0.058689400000 
0.02900 0.055177200000 
0.02950 0.051833000000 
0.03000 0.048978000000 
0.03050 0.046123000000 
0.03100 0.043386600000 
0.03150 0.041054800000 
0.03200 0.038723200000 
0.03250 0.036467400000 
0.03300 0.034554600000 
0.03350 0.032641800000 
0.03400 0.030769400000 
0.03450 0.029194000000 
0.03500 0.027618600000 
0.03550 0.026054800000 
0.03600 0.024752400000 
0.03650 0.023450000000 
0.03700 0.022147600000 
0.03750 0.021056000000 
0.03800 0.019975460000 
0.03850 0.018894960000 
0.03900 0.017966960000 
0.03950 0.017067640000 
0.04000 0.016168300000 
0.04050 0.015375760000 
0.04100 0.014624940000 
0.04150 0.013874120000 
0.04200 0.013194340000 
0.04250 0.012565700000 
0.04300 0.011937080000 
0.04350 0.011351740000 
0.04400 0.010824000000 
0.04450 0.010296260000 
0.04500 0.009790420000 
0.04550 0.009346260000 
0.04600 0.008902100000 
0.04650 0.008463500000 
0.04700 0.008088780000 
0.04750 0.007714080000 
0.04800 0.007339380000 
0.04850 0.007015780000 
0.04900 0.006698960000 
0.04950 0.006382140000 
0.05000 0.006097780000 
0.05050 0.005829320000 
0.05100 0.005560860000 
0.05150 0.005310420000 
0.05200 0.005082480000 
0.05250 0.004854520000 
0.05300 0.004633500000 
0.05350 0.004439580000 
0.05400 0.004245660000 
0.05450 0.004051740000 
0.05500 0.003884920000 
0.05550 0.003719640000 
0.05600 0.003554360000 
0.05650 0.003405380000 
0.05700 0.003264240000 
0.05750 0.003123120000 
0.05800 0.002989920000 
0.05850 0.002869220000 
0.05900 0.002748520000 
0.05950 0.002629280000 
0.06000 0.002525860000 
0.06050 0.002422460000 
0.06100 0.002319060000 
0.06150 0.002226900000 
0.06200 0.002138160000 
0.06250 0.002049440000 
0.06300 0.001966110000 
0.06350 0.001889854000 
0.06400 0.001813598000 
0.06450 0.001738236000 
0.06500 0.001672602000 
0.06550 0.001606970000 
0.06600 0.001541336000 
0.06650 0.001482224000 
0.06700 0.001425650000 
0.06750 0.001369076000 
0.06800 0.001315136000 
0.06850 0.001266302000 
0.06900 0.001217468000 
0.06950 0.001168634000 
0.07000 0.001126060000 
0.07050 0.001083846000 
0.07100 0.001041634000 
0.07150 0.001002460000 
0.07200 0.000965920000 
0.07250 0.000929382000 
0.07300 0.000893380000 
0.07350 0.000861712000 
0.07400 0.000830042000 
0.07450 0.000798372000 
0.07500 0.000769508000 
0.07550 0.000742022000 
0.07600 0.000714536000 
0.07650 0.000687828000 
0.07700 0.000663942000 
0.07750 0.000640058000 
0.07800 0.000616174000 
0.07850 0.000594602000 
0.07900 0.000573820000 
0.07950 0.000553038000 
0.08000 0.000532958000 
0.08050 0.000514854000 
0.08100 0.000496748000 
0.08150 0.000478644000 
0.08200 0.000462306000 
0.08250 0.000446514000 
0.08300 0.000430722000 
0.08350 0.000415434000 
0.08400 0.000401642000 
0.08450 0.000387850000 
0.08500 0.000374060000 
0.08550 0.000361528000 
0.08600 0.000349470000 
0.08650 0.000337410000 
0.08700 0.000325636000 
0.08750 0.000315080000 
0.08800 0.000304524000 
0.08850 0.000293968000 
0.08900 0.000284244000 
0.08950 0.000274992000 
0.09000 0.000265740000 
0.09050 0.000256572000 
0.09100 0.000248456000 
0.09150 0.000240338000 
0.09200 0.000232222000 
0.09250 0.000224596000 
0.09300 0.000217466000 
0.09350 0.000210336000 
0.09400 0.000203206000 
0.09450 0.000196858000 
0.09500 0.000190588800 
0.09550 0.000184319400 
0.09600 0.000178281600 
0.09650 0.000172762600 
0.09700 0.000167243600 
0.09750 0.000161724600 
0.09800 0.000156662800 
0.09850 0.000151799400 
0.09900 0.000146936000 
0.09950 0.000142115600 
0.10000 0.000137825600 
0.10050 0.000133535400 
0.10100 0.000129245200 
0.10150 0.000125176800 
0.10200 0.000121388600 
0.10250 0.000117600200 
0.10300 0.000113811800 
0.10350 0.000110374600 
0.10400 0.000107026200 
0.10450 0.000103677600 
0.10500 0.000100385000 
0.10550 0.000097422200 
0.10600 0.000094459600 
0.10650 0.000091496800 
0.10700 0.000088697600 
0.10750 0.000086073800 
0.10800 0.000083449800 
0.10850 0.000080826000 
0.10900 0.000078443600 
0.10950 0.000076117800 
0.11000 0.000073792000 
0.11050 0.000071499800 
0.11100 0.000069436200 
0.11150 0.000067372400 
0.11200 0.000065308800 
0.11250 0.000063346400 
0.11300 0.000061514000 
0.11350 0.000059681800 
0.11400 0.000057849400 
0.11450 0.000056167600 
0.11500 0.000054539000 
0.11550 0.000052910400 
0.11600 0.000051287400 
0.11650 0.000049838800 
0.11700 0.000048390400 
0.11750 0.000046941800 
0.11800 0.000045543400 
0.11850 0.000044253800 
0.11900 0.000042964400 
0.11950 0.000041674800 
0.12000 0.000040468600 
0.12050 0.000039320200 
0.12100 0.000038171600 
0.12150 0.000037023200 
0.12200 0.000035981600 
0.12250 0.000034957800 
0.12300 0.000033933800 
0.12350 0.000032923000 
0.12400 0.000032009400 
0.12450 0.000031096000 
0.12500 0.000030182600 
0.12550 0.000029305400 
0.12600 0.000028490200 
0.12650 0.000027674800 
0.12700 0.000026859600 
0.12750 0.000026097800 
0.12800 0.000025369600 
0.12850 0.000024641600 
0.12900 0.000023913400 
0.12950 0.000023251000 
0.13000 0.000022600400 
0.13050 0.000021949600 
0.13100 0.000021304200 
0.13150 0.000020722400 
0.13200 0.000020140800 
0.13250 0.000019559000 
0.13300 0.000018995400 
0.13350 0.000018474980 
0.13400 0.000017954560 
0.13450 0.000017434140 
0.13500 0.000016941400 
0.13550 0.000016475640 
0.13600 0.000016009880 
0.13650 0.000015544120 
0.13700 0.000015112980 
0.13750 0.000014696080 
0.13800 0.000014279180 
0.13850 0.000013862280 
0.13900 0.000013484620 
0.13950 0.000013111240 
0.14000 0.000012737840 
0.14050 0.000012367820 
0.14100 0.000012033400 
0.14150 0.000011699000 
0.14200 0.000011364600 
0.14250 0.000011039260 
0.14300 0.000010739600 
0.14350 0.000010439940 
0.14400 0.000010140280 
0.14450 0.000009853860 
0.14500 0.000009585280 
0.14550 0.000009316700 
0.14600 0.000009048120 
0.14650 0.000008795720 
0.14700 0.000008554960 
0.14750 0.000008314200 
0.14800 0.000008073460 
0.14850 0.000007850860 
0.14900 0.000007635120 
0.14950 0.000007419360 
0.15000 0.000007203620 
0.15050 0.000007007060 
0.15100 0.000006813660 
0.15150 0.000006620240 
0.15200 0.000006426820 
0.15250 0.000006253060 
0.15300 0.000006079660 
0.15350 0.000005906260 
0.15400 0.000005734520 
0.15450 0.000005579160 
0.15500 0.000005423800 
0.15550 0.000005268420 
0.15600 0.000005116140 
0.15650 0.000004976880 
0.15700 0.000004837600 
0.15750 0.000004698340 
0.15800 0.000004563080 
0.15850 0.000004438180 
0.15900 0.000004313300 
0.15950 0.000004188420 
0.16000 0.000004068100 
0.16050 0.000003956280 
0.16100 0.000003844440 
0.16150 0.000003732600 
0.16200 0.000003625560 
0.16250 0.000003525380 
0.16300 0.000003425200 
0.16350 0.000003325020 
0.16400 0.000003229620 
0.16450 0.000003139900 
0.16500 0.000003050180 
0.16550 0.000002960460 
0.16600 0.000002875380 
0.16650 0.000002795120 
0.16700 0.000002714860 
0.16750 0.000002634600 
0.16800 0.000002558580 
0.16850 0.000002486700 
0.16900 0.000002414820 
0.16950 0.000002342940 
0.17000 0.000002274980 
0.17050 0.000002210720 
0.17100 0.000002146480 
0.17150 0.000002082240 
0.17200 0.000002021380 
0.17250 0.000001963888 
0.17300 0.000001906398 
0.17350 0.000001848908 
0.17400 0.000001794316 
0.17450 0.000001742942 
0.17500 0.000001691568 
0.17550 0.000001640194 
0.17600 0.000001591220 
0.17650 0.000001545384 
0.17700 0.000001499550 
0.17750 0.000001453716 
0.17800 0.000001409740 
0.17850 0.000001368830 
0.17900 0.000001327920 
0.17950 0.000001287010 
0.18000 0.000001247444 
0.18050 0.000001210910 
0.18100 0.000001174374 
0.18150 0.000001137838 
0.18200 0.000001102190 
0.18250 0.000001069624 
0.18300 0.000001037056 
0.18350 0.000001004488 
0.18400 0.000000972374 
0.18450 0.000000943404 
0.18500 0.000000914434 
0.18550 0.000000885466 
0.18600 0.000000856542 
0.18650 0.000000830722 
0.18700 0.000000804900 
0.18750 0.000000779080 
0.18800 0.000000753258 
0.18850 0.000000730018 
0.18900 0.000000707090 
0.18950 0.000000684162 
0.19000 0.000000661234 
0.19050 0.000000640220 
0.19100 0.000000619814 
0.19150 0.000000599410 
0.19200 0.000000579004 
0.19250 0.000000560008 
0.19300 0.000000541894 
0.19350 0.000000523780 
0.19400 0.000000505666 
0.19450 0.000000488500 
0.19500 0.000000472438 
0.19550 0.000000456374 
0.19600 0.000000440310 
0.19650 0.000000424806 
0.19700 0.000000410576 
0.19750 0.000000396346 
0.19800 0.000000382116 
0.19850 0.000000368118 
0.19900 0.000000355528 
0.19950 0.000000342936 
0.20000 0.000000330346 
0.20050 0.000000317754 
0.20100 0.000000306572 
0.20150 0.000000295422 
0.20200 0.000000284272 
0.20250 0.000000273120 
0.20300 0.000000263056 
0.20350 0.000000253240 
0.20400 0.000000243424 
0.20450 0.000000233608 
0.20500 0.000000224542 
0.20550 0.000000215874 
0.20600 0.000000207204 
0.20650 0.000000198535 
0.20700 0.000000190401 
0.20750 0.000000182798 
0.20800 0.000000175195 
0.20850 0.000000167592 
0.20900 0.000000160319 
0.20950 0.000000153629 
0.21000 0.000000146939 
0.21050 0.000000140249 
0.21100 0.000000133752 
0.21150 0.000000127880 
0.21200 0.000000122008 
0.21250 0.000000116136 
0.21300 0.000000110365 
0.21350 0.000000105258 
0.21400 0.000000100150 
0.21450 0.000000095043 
0.21500 0.000000089971 
0.21550 0.000000085517 
0.21600 0.000000081063 
0.21650 0.000000076609 
0.21700 0.000000072161 
0.21750 0.000000068322 
0.21800 0.000000064483 
0.21850 0.000000060643 
0.21900 0.000000056805 
0.21950 0.000000053492 
0.22000 0.000000050180 
0.22050 0.000000046867 
0.22100 0.000000043574 
0.22150 0.000000040739 
0.22200 0.000000037905 
0.22250 0.000000035070 
0.22300 0.000000032296 
0.22350 0.000000029917 
0.22400 0.000000027539 
0.22450 0.000000025160 
0.22500 0.000000022896 
0.22550 0.000000020916 
0.22600 0.000000018936 
0.22650 0.000000016956 
0.22700 0.000000015171 
0.22750 0.000000013571 
0.22800 0.000000011971 
0.22850 0.000000010371 
0.22900 0.000000009065 
0.22950 0.000000007824 
0.23000 0.000000006582 
0.23050 0.000000005416 
0.23100 0.000000004517 
0.23150 0.000000003619 
0.23200 0.000000002720 
0.23250 0.000000002073 
0.23300 0.000000001523 
0.23350 0.000000000972 
