0.00000 20.488200000000 
0.00050 17.695580000000 
0.00100 14.902960000000 
0.00150 12.110340000000 
0.00200 9.317720000000 
0.00250 7.598440000000 
0.00300 6.199400000000 
0.00350 5.119320000000 
0.00400 4.334240000000 
0.00450 3.608160000000 
0.00500 3.135660000000 
0.00550 2.663180000000 
0.00600 2.327020000000 
0.00650 2.028180000000 
0.00700 1.761626000000 
0.00750 1.565280000000 
0.00800 1.368932000000 
0.00850 1.222274000000 
0.00900 1.089278000000 
0.00950 0.964344000000 
0.01000 0.871960000000 
0.01050 0.779576000000 
0.01100 0.702286000000 
0.01150 0.636732000000 
0.01200 0.571178000000 
0.01250 0.521638000000 
0.01300 0.474266000000 
0.01350 0.428874000000 
0.01400 0.394090000000 
0.01450 0.359306000000 
0.01500 0.328040000000 
0.01550 0.302138000000 
0.01600 0.276238000000 
0.01650 0.254162000000 
0.01700 0.234636000000 
0.01750 0.215108000000 
0.01800 0.199165000000 
0.01850 0.184280400000 
0.01900 0.169395800000 
0.01950 0.157643200000 
0.02000 0.146183400000 
0.02050 0.134801000000 
0.02100 0.125898600000 
0.02150 0.116996200000 
0.02200 0.108327200000 
0.02250 0.101355000000 
0.02300 0.094382600000 
0.02350 0.087687800000 
0.02400 0.082186600000 
0.02450 0.076685400000 
0.02500 0.071449600000 
0.02550 0.067079600000 
0.02600 0.062709600000 
0.02650 0.058568000000 
0.02700 0.055075200000 
0.02750 0.051582200000 
0.02800 0.048272400000 
0.02850 0.045464600000 
0.02900 0.042656800000 
0.02950 0.039986800000 
0.03000 0.037717800000 
0.03050 0.035449000000 
0.03100 0.033276800000 
0.03150 0.031434400000 
0.03200 0.029592200000 
0.03250 0.027811400000 
0.03300 0.026308800000 
0.03350 0.024806200000 
0.03400 0.023336000000 
0.03450 0.022105400000 
0.03500 0.020874800000 
0.03550 0.019653380000 
0.03600 0.018641580000 
0.03650 0.017629780000 
0.03700 0.016617980000 
0.03750 0.015774220000 
0.03800 0.014939380000 
0.03850 0.014104520000 
0.03900 0.013390640000 
0.03950 0.012699500000 
0.04000 0.012008340000 
0.04050 0.011401440000 
0.04100 0.010827460000 
0.04150 0.010253480000 
0.04200 0.009735260000 
0.04250 0.009257200000 
0.04300 0.008779120000 
0.04350 0.008334860000 
0.04400 0.007935560000 
0.04450 0.007536280000 
0.04500 0.007154000000 
0.04550 0.006819640000 
0.04600 0.006485300000 
0.04650 0.006155240000 
0.04700 0.005874560000 
0.04750 0.005593900000 
0.04800 0.005313240000 
0.04850 0.005071880000 
0.04900 0.004835740000 
0.04950 0.004599580000 
0.05000 0.004388300000 
0.05050 0.004189160000 
0.05100 0.003990040000 
0.05150 0.003804640000 
0.05200 0.003636380000 
0.05250 0.003468120000 
0.05300 0.003305080000 
0.05350 0.003162620000 
0.05400 0.003020140000 
0.05450 0.002877680000 
0.05500 0.002755660000 
0.05550 0.002634800000 
0.05600 0.002513940000 
0.05650 0.002405300000 
0.05700 0.002302580000 
0.05750 0.002199860000 
0.05800 0.002103060000 
0.05850 0.002015600000 
0.05900 0.001928150000 
0.05950 0.001841784000 
0.06000 0.001767198000 
0.06050 0.001692614000 
0.06100 0.001618028000 
0.06150 0.001551776000 
0.06200 0.001488060000 
0.06250 0.001424346000 
0.06300 0.001364614000 
0.06350 0.001310100000 
0.06400 0.001255584000 
0.06450 0.001201726000 
0.06500 0.001155008000 
0.06550 0.001108290000 
0.06600 0.001061574000 
0.06650 0.001019624000 
0.06700 0.000979530000 
0.06750 0.000939434000 
0.06800 0.000901258000 
0.06850 0.000866796000 
0.06900 0.000832334000 
0.06950 0.000797872000 
0.07000 0.000767946000 
0.07050 0.000738282000 
0.07100 0.000708620000 
0.07150 0.000681148000 
0.07200 0.000655580000 
0.07250 0.000630010000 
0.07300 0.000604828000 
0.07350 0.000582758000 
0.07400 0.000560688000 
0.07450 0.000538618000 
0.07500 0.000518556000 
0.07550 0.000499480000 
0.07600 0.000480404000 
0.07650 0.000461882000 
0.07700 0.000445372000 
0.07750 0.000428862000 
0.07800 0.000412354000 
0.07850 0.000397486000 
0.07900 0.000383180000 
0.07950 0.000368872000 
0.08000 0.000355062000 
0.08050 0.000342646000 
0.08100 0.000330232000 
0.08150 0.000317816000 
0.08200 0.000306646000 
0.08250 0.000295860000 
0.08300 0.000285074000 
0.08350 0.000274642000 
0.08400 0.000265260000 
0.08450 0.000255876000 
0.08500 0.000246494000 
0.08550 0.000237990000 
0.08600 0.000229818000 
0.08650 0.000221646000 
0.08700 0.000213670000 
0.08750 0.000206544000 
0.08800 0.000199417800 
0.08850 0.000192291200 
0.08900 0.000185741200 
0.08950 0.000179519200 
0.09000 0.000173297000 
0.09050 0.000167132400 
0.09100 0.000161693800 
0.09150 0.000156255200 
0.09200 0.000150816600 
0.09250 0.000145715600 
0.09300 0.000140956200 
0.09350 0.000136196800 
0.09400 0.000131437400 
0.09450 0.000127214000 
0.09500 0.000123044600 
0.09550 0.000118875000 
0.09600 0.000114863600 
0.09650 0.000111206400 
0.09700 0.000107549400 
0.09750 0.000103892200 
0.09800 0.000100546200 
0.09850 0.000097335400 
0.09900 0.000094124400 
0.09950 0.000090942600 
0.10000 0.000088120400 
0.10050 0.000085298000 
0.10100 0.000082475800 
0.10150 0.000079803200 
0.10200 0.000077320000 
0.10250 0.000074836600 
0.10300 0.000072353400 
0.10350 0.000070106600 
0.10400 0.000067919200 
0.10450 0.000065732000 
0.10500 0.000063582400 
0.10550 0.000061654000 
0.10600 0.000059725600 
0.10650 0.000057797200 
0.10700 0.000055978000 
0.10750 0.000054276000 
0.10800 0.000052574200 
0.10850 0.000050872200 
0.10900 0.000049331200 
0.10950 0.000047827800 
0.11000 0.000046324400 
0.11050 0.000044843400 
0.11100 0.000043514000 
0.11150 0.000042184600 
0.11200 0.000040855400 
0.11250 0.000039593000 
0.11300 0.000038416600 
0.11350 0.000037240200 
0.11400 0.000036064000 
0.11450 0.000034986800 
0.11500 0.000033944800 
0.11550 0.000032902800 
0.11600 0.000031864600 
0.11650 0.000030940800 
0.11700 0.000030017200 
0.11750 0.000029093400 
0.11800 0.000028202600 
0.11850 0.000027383000 
0.11900 0.000026563400 
0.11950 0.000025743800 
0.12000 0.000024978600 
0.12050 0.000024251000 
0.12100 0.000023523600 
0.12150 0.000022796000 
0.12200 0.000022138000 
0.12250 0.000021491400 
0.12300 0.000020845000 
0.12350 0.000020207000 
0.12400 0.000019632040 
0.12450 0.000019057140 
0.12500 0.000018482260 
0.12550 0.000017930840 
0.12600 0.000017419360 
0.12650 0.000016907880 
0.12700 0.000016396400 
0.12750 0.000015919380 
0.12800 0.000015464060 
0.12850 0.000015008740 
0.12900 0.000014553400 
0.12950 0.000014140260 
0.13000 0.000013734620 
0.13050 0.000013328980 
0.13100 0.000012926720 
0.13150 0.000012565200 
0.13200 0.000012203700 
0.13250 0.000011842180 
0.13300 0.000011492240 
0.13350 0.000011169840 
0.13400 0.000010847440 
0.13450 0.000010525040 
0.13500 0.000010220240 
0.13550 0.000009932580 
0.13600 0.000009644920 
0.13650 0.000009357260 
0.13700 0.000009091560 
0.13750 0.000008834860 
0.13800 0.000008578160 
0.13850 0.000008321460 
0.13900 0.000008089560 
0.13950 0.000007860340 
0.14000 0.000007631140 
0.14050 0.000007404040 
0.14100 0.000007199360 
0.14150 0.000006994700 
0.14200 0.000006790020 
0.14250 0.000006591040 
0.14300 0.000006408180 
0.14350 0.000006225320 
0.14400 0.000006042460 
0.14450 0.000005867880 
0.14500 0.000005704460 
0.14550 0.000005541060 
0.14600 0.000005377640 
0.14650 0.000005224320 
0.14700 0.000005078260 
0.14750 0.000004932200 
0.14800 0.000004786140 
0.14850 0.000004651360 
0.14900 0.000004520840 
0.14950 0.000004390320 
0.15000 0.000004259820 
0.15050 0.000004141180 
0.15100 0.000004024520 
0.15150 0.000003907840 
0.15200 0.000003791160 
0.15250 0.000003686620 
0.15300 0.000003582320 
0.15350 0.000003478020 
0.15400 0.000003374740 
0.15450 0.000003281520 
0.15500 0.000003188320 
0.15550 0.000003095120 
0.15600 0.000003003800 
0.15650 0.000002920480 
0.15700 0.000002837160 
0.15750 0.000002753840 
0.15800 0.000002672980 
0.15850 0.000002598460 
0.15900 0.000002523960 
0.15950 0.000002449440 
0.16000 0.000002377740 
0.16050 0.000002311180 
0.16100 0.000002244640 
0.16150 0.000002178080 
0.16200 0.000002114460 
0.16250 0.000002055000 
0.16300 0.000001995536 
0.16350 0.000001936078 
0.16400 0.000001879522 
0.16450 0.000001826412 
0.16500 0.000001773302 
0.16550 0.000001720192 
0.16600 0.000001669882 
0.16650 0.000001622492 
0.16700 0.000001575100 
0.16750 0.000001527710 
0.16800 0.000001482886 
0.16850 0.000001440550 
0.16900 0.000001398216 
0.16950 0.000001355880 
0.17000 0.000001315892 
0.17050 0.000001278148 
0.17100 0.000001240404 
0.17150 0.000001202658 
0.17200 0.000001166940 
0.17250 0.000001133246 
0.17300 0.000001099554 
0.17350 0.000001065860 
0.17400 0.000001033900 
0.17450 0.000001003862 
0.17500 0.000000973826 
0.17550 0.000000943788 
0.17600 0.000000915182 
0.17650 0.000000888446 
0.17700 0.000000861710 
0.17750 0.000000834972 
0.17800 0.000000809342 
0.17850 0.000000785534 
0.17900 0.000000761726 
0.17950 0.000000737916 
0.18000 0.000000714906 
0.18050 0.000000693694 
0.18100 0.000000672482 
0.18150 0.000000651268 
0.18200 0.000000630580 
0.18250 0.000000611714 
0.18300 0.000000592848 
0.18350 0.000000573980 
0.18400 0.000000555380 
0.18450 0.000000538634 
0.18500 0.000000521888 
0.18550 0.000000505142 
0.18600 0.000000488424 
0.18650 0.000000473530 
0.18700 0.000000458636 
0.18750 0.000000443744 
0.18800 0.000000428850 
0.18850 0.000000415470 
0.18900 0.000000402272 
0.18950 0.000000389076 
0.19000 0.000000375878 
0.19050 0.000000363802 
0.19100 0.000000352082 
0.19150 0.000000340362 
0.19200 0.000000328642 
0.19250 0.000000317744 
0.19300 0.000000307360 
0.19350 0.000000296978 
0.19400 0.000000286596 
0.19450 0.000000276764 
0.19500 0.000000267576 
0.19550 0.000000258386 
0.19600 0.000000249198 
0.19650 0.000000240334 
0.19700 0.000000232208 
0.19750 0.000000224084 
0.19800 0.000000215960 
0.19850 0.000000207972 
0.19900 0.000000200796 
0.19950 0.000000193623 
0.20000 0.000000186448 
0.20050 0.000000179274 
0.20100 0.000000172914 
0.20150 0.000000166572 
0.20200 0.000000160231 
0.20250 0.000000153890 
0.20300 0.000000148174 
0.20350 0.000000142602 
0.20400 0.000000137029 
0.20450 0.000000131457 
0.20500 0.000000126317 
0.20550 0.000000121404 
0.20600 0.000000116492 
0.20650 0.000000111580 
0.20700 0.000000106976 
0.20750 0.000000102675 
0.20800 0.000000098374 
0.20850 0.000000094074 
0.20900 0.000000089962 
0.20950 0.000000086185 
0.21000 0.000000082408 
0.21050 0.000000078631 
0.21100 0.000000074964 
0.21150 0.000000071654 
0.21200 0.000000068345 
0.21250 0.000000065035 
0.21300 0.000000061784 
0.21350 0.000000058910 
0.21400 0.000000056036 
0.21450 0.000000053162 
0.21500 0.000000050308 
0.21550 0.000000047806 
0.21600 0.000000045305 
0.21650 0.000000042803 
0.21700 0.000000040304 
0.21750 0.000000038151 
0.21800 0.000000035998 
0.21850 0.000000033844 
0.21900 0.000000031692 
0.21950 0.000000029837 
0.22000 0.000000027982 
0.22050 0.000000026127 
0.22100 0.000000024283 
0.22150 0.000000022699 
0.22200 0.000000021114 
0.22250 0.000000019530 
0.22300 0.000000017979 
0.22350 0.000000016651 
0.22400 0.000000015324 
0.22450 0.000000013996 
0.22500 0.000000012733 
0.22550 0.000000011629 
0.22600 0.000000010526 
0.22650 0.000000009422 
0.22700 0.000000008428 
0.22750 0.000000007538 
0.22800 0.000000006647 
0.22850 0.000000005757 
0.22900 0.000000005031 
0.22950 0.000000004341 
0.23000 0.000000003651 
0.23050 0.000000003003 
0.23100 0.000000002505 
0.23150 0.000000002006 
0.23200 0.000000001507 
0.23250 0.000000001149 
0.23300 0.000000000844 
0.23350 0.000000000538 
