0.00000 18.881380000000 
0.00050 16.262580000000 
0.00100 13.643760000000 
0.00150 11.024960000000 
0.00200 8.406140000000 
0.00250 6.811020000000 
0.00300 5.521300000000 
0.00350 4.530840000000 
0.00400 3.817160000000 
0.00450 3.158120000000 
0.00500 2.733840000000 
0.00550 2.309560000000 
0.00600 2.010000000000 
0.00650 1.744596000000 
0.00700 1.508416000000 
0.00750 1.335798000000 
0.00800 1.163178000000 
0.00850 1.035108000000 
0.00900 0.919288000000 
0.00950 0.810632000000 
0.01000 0.730892000000 
0.01050 0.651154000000 
0.01100 0.584714000000 
0.01150 0.528610000000 
0.01200 0.472508000000 
0.01250 0.430400000000 
0.01300 0.390182000000 
0.01350 0.351686000000 
0.01400 0.322386000000 
0.01450 0.293084000000 
0.01500 0.266812000000 
0.01550 0.245158000000 
0.01600 0.223504000000 
0.01650 0.205116000000 
0.01700 0.188909400000 
0.01750 0.172702000000 
0.01800 0.159534800000 
0.01850 0.147266600000 
0.01900 0.134998400000 
0.01950 0.125370200000 
0.02000 0.115988800000 
0.02050 0.106672200000 
0.02100 0.099432600000 
0.02150 0.092193000000 
0.02200 0.085147600000 
0.02250 0.079514200000 
0.02300 0.073880600000 
0.02350 0.068476600000 
0.02400 0.064059800000 
0.02450 0.059642800000 
0.02500 0.055444200000 
0.02550 0.051957000000 
0.02600 0.048470000000 
0.02650 0.045169600000 
0.02700 0.042399200000 
0.02750 0.039628800000 
0.02800 0.037007000000 
0.02850 0.034793200000 
0.02900 0.032579400000 
0.02950 0.030476800000 
0.03000 0.028698200000 
0.03050 0.026919600000 
0.03100 0.025218800000 
0.03150 0.023782800000 
0.03200 0.022346800000 
0.03250 0.020960000000 
0.03300 0.019795300000 
0.03350 0.018630640000 
0.03400 0.017491800000 
0.03450 0.016543180000 
0.03500 0.015594540000 
0.03550 0.014653220000 
0.03600 0.013877500000 
0.03650 0.013101780000 
0.03700 0.012326060000 
0.03750 0.011682400000 
0.03800 0.011045760000 
0.03850 0.010409100000 
0.03900 0.009867020000 
0.03950 0.009342700000 
0.04000 0.008818400000 
0.04050 0.008359620000 
0.04100 0.007926440000 
0.04150 0.007493260000 
0.04200 0.007103220000 
0.04250 0.006744260000 
0.04300 0.006385300000 
0.04350 0.006052360000 
0.04400 0.005754040000 
0.04450 0.005455740000 
0.04500 0.005170460000 
0.04550 0.004921900000 
0.04600 0.004673340000 
0.04650 0.004428060000 
0.04700 0.004220420000 
0.04750 0.004012780000 
0.04800 0.003805160000 
0.04850 0.003627360000 
0.04900 0.003453500000 
0.04950 0.003279640000 
0.05000 0.003124560000 
0.05050 0.002978640000 
0.05100 0.002832740000 
0.05150 0.002697140000 
0.05200 0.002574440000 
0.05250 0.002451720000 
0.05300 0.002332920000 
0.05350 0.002229500000 
0.05400 0.002126080000 
0.05450 0.002022660000 
0.05500 0.001934464000 
0.05550 0.001847130000 
0.05600 0.001759796000 
0.05650 0.001681532000 
0.05700 0.001607642000 
0.05750 0.001533754000 
0.05800 0.001464226000 
0.05850 0.001401598000 
0.05900 0.001338972000 
0.05950 0.001277144000 
0.06000 0.001223968000 
0.06050 0.001170792000 
0.06100 0.001117618000 
0.06150 0.001070534000 
0.06200 0.001025308000 
0.06250 0.000980080000 
0.06300 0.000937754000 
0.06350 0.000899224000 
0.06400 0.000860694000 
0.06450 0.000822640000 
0.06500 0.000789762000 
0.06550 0.000756884000 
0.06600 0.000724008000 
0.06650 0.000694572000 
0.06700 0.000666474000 
0.06750 0.000638376000 
0.06800 0.000611656000 
0.06850 0.000587606000 
0.06900 0.000563558000 
0.06950 0.000539508000 
0.07000 0.000518706000 
0.07050 0.000498090000 
0.07100 0.000477476000 
0.07150 0.000458424000 
0.07200 0.000440726000 
0.07250 0.000423030000 
0.07300 0.000405608000 
0.07350 0.000390394000 
0.07400 0.000375180000 
0.07450 0.000359968000 
0.07500 0.000346174000 
0.07550 0.000333076000 
0.07600 0.000319980000 
0.07650 0.000307274000 
0.07700 0.000295984000 
0.07750 0.000284694000 
0.07800 0.000273404000 
0.07850 0.000263266000 
0.07900 0.000253522000 
0.07950 0.000243776000 
0.08000 0.000234378000 
0.08050 0.000225954000 
0.08100 0.000217532000 
0.08150 0.000209108000 
0.08200 0.000201552000 
0.08250 0.000194260800 
0.08300 0.000186970800 
0.08350 0.000179926400 
0.08400 0.000173608800 
0.08450 0.000167291400 
0.08500 0.000160973800 
0.08550 0.000155264400 
0.08600 0.000149782800 
0.08650 0.000144301200 
0.08700 0.000138955600 
0.08750 0.000134193400 
0.08800 0.000129431400 
0.08850 0.000124669200 
0.08900 0.000120302200 
0.08950 0.000116160000 
0.09000 0.000112017800 
0.09050 0.000107914800 
0.09100 0.000104307400 
0.09150 0.000100700000 
0.09200 0.000097092600 
0.09250 0.000093715000 
0.09300 0.000090569600 
0.09350 0.000087424400 
0.09400 0.000084279200 
0.09450 0.000081497000 
0.09500 0.000078751600 
0.09550 0.000076006000 
0.09600 0.000073367400 
0.09650 0.000070967800 
0.09700 0.000068568400 
0.09750 0.000066169000 
0.09800 0.000063979000 
0.09850 0.000061879800 
0.09900 0.000059780600 
0.09950 0.000057700800 
0.10000 0.000055862200 
0.10050 0.000054023600 
0.10100 0.000052185000 
0.10150 0.000050446600 
0.10200 0.000048834400 
0.10250 0.000047222200 
0.10300 0.000045610200 
0.10350 0.000044155600 
0.10400 0.000042740600 
0.10450 0.000041325600 
0.10500 0.000039935600 
0.10550 0.000038692200 
0.10600 0.000037449000 
0.10650 0.000036205800 
0.10700 0.000035034800 
0.10750 0.000033941200 
0.10800 0.000032847800 
0.10850 0.000031754400 
0.10900 0.000030766800 
0.10950 0.000029804200 
0.11000 0.000028841600 
0.11050 0.000027893600 
0.11100 0.000027045200 
0.11150 0.000026197000 
0.11200 0.000025348600 
0.11250 0.000024544000 
0.11300 0.000023795800 
0.11350 0.000023047600 
0.11400 0.000022299400 
0.11450 0.000021616000 
0.11500 0.000020955400 
0.11550 0.000020294800 
0.11600 0.000019636720 
0.11650 0.000019053080 
0.11700 0.000018469420 
0.11750 0.000017885780 
0.11800 0.000017323400 
0.11850 0.000016807260 
0.11900 0.000016291100 
0.11950 0.000015774940 
0.12000 0.000015293900 
0.12050 0.000014837160 
0.12100 0.000014380420 
0.12150 0.000013923680 
0.12200 0.000013511740 
0.12250 0.000013107180 
0.12300 0.000012702640 
0.12350 0.000012303520 
0.12400 0.000011944920 
0.12450 0.000011586320 
0.12500 0.000011227740 
0.12550 0.000010884140 
0.12600 0.000010566120 
0.12650 0.000010248080 
0.12700 0.000009930040 
0.12750 0.000009633980 
0.12800 0.000009351740 
0.12850 0.000009069500 
0.12900 0.000008787260 
0.12950 0.000008531840 
0.13000 0.000008281180 
0.13050 0.000008030520 
0.13100 0.000007782000 
0.13150 0.000007559300 
0.13200 0.000007336580 
0.13250 0.000007113880 
0.13300 0.000006898480 
0.13350 0.000006700480 
0.13400 0.000006502480 
0.13450 0.000006304460 
0.13500 0.000006117540 
0.13550 0.000005941420 
0.13600 0.000005765280 
0.13650 0.000005589160 
0.13700 0.000005426780 
0.13750 0.000005270080 
0.13800 0.000005113380 
0.13850 0.000004956660 
0.13900 0.000004815460 
0.13950 0.000004675960 
0.14000 0.000004536440 
0.14050 0.000004398260 
0.14100 0.000004274040 
0.14150 0.000004149840 
0.14200 0.000004025620 
0.14250 0.000003904940 
0.14300 0.000003794300 
0.14350 0.000003683640 
0.14400 0.000003572980 
0.14450 0.000003467460 
0.14500 0.000003368860 
0.14550 0.000003270280 
0.14600 0.000003171680 
0.14650 0.000003079300 
0.14700 0.000002991420 
0.14750 0.000002903560 
0.14800 0.000002815680 
0.14850 0.000002734740 
0.14900 0.000002656440 
0.14950 0.000002578140 
0.15000 0.000002499840 
0.15050 0.000002428840 
0.15100 0.000002359020 
0.15150 0.000002289220 
0.15200 0.000002219420 
0.15250 0.000002157040 
0.15300 0.000002094800 
0.15350 0.000002032580 
0.15400 0.000001970966 
0.15450 0.000001915506 
0.15500 0.000001860044 
0.15550 0.000001804584 
0.15600 0.000001750276 
0.15650 0.000001700832 
0.15700 0.000001651390 
0.15750 0.000001601946 
0.15800 0.000001553988 
0.15850 0.000001509890 
0.15900 0.000001465794 
0.15950 0.000001421696 
0.16000 0.000001379288 
0.16050 0.000001340006 
0.16100 0.000001300722 
0.16150 0.000001261438 
0.16200 0.000001223912 
0.16250 0.000001188906 
0.16300 0.000001153898 
0.16350 0.000001118890 
0.16400 0.000001085628 
0.16450 0.000001054438 
0.16500 0.000001023250 
0.16550 0.000000992060 
0.16600 0.000000962548 
0.16650 0.000000934786 
0.16700 0.000000907022 
0.16750 0.000000879260 
0.16800 0.000000853034 
0.16850 0.000000828296 
0.16900 0.000000803558 
0.16950 0.000000778820 
0.17000 0.000000755480 
0.17050 0.000000733478 
0.17100 0.000000711474 
0.17150 0.000000689472 
0.17200 0.000000668674 
0.17250 0.000000649082 
0.17300 0.000000629488 
0.17350 0.000000609896 
0.17400 0.000000591330 
0.17450 0.000000573904 
0.17500 0.000000556478 
0.17550 0.000000539054 
0.17600 0.000000522472 
0.17650 0.000000506998 
0.17700 0.000000491522 
0.17750 0.000000476046 
0.17800 0.000000461222 
0.17850 0.000000447474 
0.17900 0.000000433724 
0.17950 0.000000419976 
0.18000 0.000000406696 
0.18050 0.000000394474 
0.18100 0.000000382252 
0.18150 0.000000370030 
0.18200 0.000000358116 
0.18250 0.000000347270 
0.18300 0.000000336424 
0.18350 0.000000325578 
0.18400 0.000000314888 
0.18450 0.000000305280 
0.18500 0.000000295674 
0.18550 0.000000286066 
0.18600 0.000000276476 
0.18650 0.000000267950 
0.18700 0.000000259426 
0.18750 0.000000250900 
0.18800 0.000000242374 
0.18850 0.000000234730 
0.18900 0.000000227190 
0.18950 0.000000219652 
0.19000 0.000000212112 
0.19050 0.000000205224 
0.19100 0.000000198543 
0.19150 0.000000191862 
0.19200 0.000000185181 
0.19250 0.000000178976 
0.19300 0.000000173069 
0.19350 0.000000167162 
0.19400 0.000000161256 
0.19450 0.000000155668 
0.19500 0.000000150451 
0.19550 0.000000145233 
0.19600 0.000000140016 
0.19650 0.000000134986 
0.19700 0.000000130382 
0.19750 0.000000125778 
0.19800 0.000000121174 
0.19850 0.000000116648 
0.19900 0.000000112590 
0.19950 0.000000108532 
0.20000 0.000000104474 
0.20050 0.000000100417 
0.20100 0.000000096826 
0.20150 0.000000093246 
0.20200 0.000000089667 
0.20250 0.000000086087 
0.20300 0.000000082865 
0.20350 0.000000079725 
0.20400 0.000000076585 
0.20450 0.000000073444 
0.20500 0.000000070551 
0.20550 0.000000067788 
0.20600 0.000000065025 
0.20650 0.000000062263 
0.20700 0.000000059674 
0.20750 0.000000057260 
0.20800 0.000000054845 
0.20850 0.000000052430 
0.20900 0.000000050123 
0.20950 0.000000048006 
0.21000 0.000000045888 
0.21050 0.000000043771 
0.21100 0.000000041717 
0.21150 0.000000039865 
0.21200 0.000000038013 
0.21250 0.000000036161 
0.21300 0.000000034342 
0.21350 0.000000032737 
0.21400 0.000000031131 
0.21450 0.000000029526 
0.21500 0.000000027932 
0.21550 0.000000026536 
0.21600 0.000000025141 
0.21650 0.000000023746 
0.21700 0.000000022352 
0.21750 0.000000021153 
0.21800 0.000000019954 
0.21850 0.000000018755 
0.21900 0.000000017557 
0.21950 0.000000016526 
0.22000 0.000000015494 
0.22050 0.000000014463 
0.22100 0.000000013438 
0.22150 0.000000012559 
0.22200 0.000000011679 
0.22250 0.000000010800 
0.22300 0.000000009939 
0.22350 0.000000009203 
0.22400 0.000000008467 
0.22450 0.000000007731 
0.22500 0.000000007032 
0.22550 0.000000006421 
0.22600 0.000000005810 
0.22650 0.000000005199 
0.22700 0.000000004650 
0.22750 0.000000004158 
0.22800 0.000000003665 
0.22850 0.000000003173 
0.22900 0.000000002773 
0.22950 0.000000002392 
0.23000 0.000000002011 
0.23050 0.000000001654 
0.23100 0.000000001379 
0.23150 0.000000001104 
0.23200 0.000000000829 
0.23250 0.000000000632 
0.23300 0.000000000464 
0.23350 0.000000000296 
