0.00000 16.857360000000 
0.00050 14.479920000000 
0.00100 12.102480000000 
0.00150 9.725040000000 
0.00200 7.347600000000 
0.00250 5.914940000000 
0.00300 4.764160000000 
0.00350 3.885020000000 
0.00400 3.257120000000 
0.00450 2.678140000000 
0.00500 2.309400000000 
0.00550 1.940640000000 
0.00600 1.682284000000 
0.00650 1.454136000000 
0.00700 1.251586000000 
0.00750 1.104696000000 
0.00800 0.957806000000 
0.00850 0.849550000000 
0.00900 0.751914000000 
0.00950 0.660438000000 
0.01000 0.593814000000 
0.01050 0.527188000000 
0.01100 0.471894000000 
0.01150 0.425410000000 
0.01200 0.378926000000 
0.01250 0.344272000000 
0.01300 0.311216000000 
0.01350 0.279602000000 
0.01400 0.255704000000 
0.01450 0.231804000000 
0.01500 0.210428000000 
0.01550 0.192895000000 
0.01600 0.175362800000 
0.01650 0.160532000000 
0.01700 0.147503200000 
0.01750 0.134474400000 
0.01800 0.123942200000 
0.01850 0.114147800000 
0.01900 0.104353600000 
0.01950 0.096713000000 
0.02000 0.089273600000 
0.02050 0.081886800000 
0.02100 0.076183000000 
0.02150 0.070479400000 
0.02200 0.064932400000 
0.02250 0.060522200000 
0.02300 0.056112200000 
0.02350 0.051885800000 
0.02400 0.048449400000 
0.02450 0.045013000000 
0.02500 0.041750400000 
0.02550 0.039054000000 
0.02600 0.036357400000 
0.02650 0.033808600000 
0.02700 0.031679000000 
0.02750 0.029549400000 
0.02800 0.027536800000 
0.02850 0.025844800000 
0.02900 0.024153000000 
0.02950 0.022548000000 
0.03000 0.021196400000 
0.03050 0.019844960000 
0.03100 0.018553860000 
0.03150 0.017468760000 
0.03200 0.016383680000 
0.03250 0.015336620000 
0.03300 0.014461380000 
0.03350 0.013586140000 
0.03400 0.012730760000 
0.03450 0.012021720000 
0.03500 0.011312660000 
0.03550 0.010609200000 
0.03600 0.010032480000 
0.03650 0.009455740000 
0.03700 0.008879020000 
0.03750 0.008402800000 
0.03800 0.007931940000 
0.03850 0.007461080000 
0.03900 0.007061820000 
0.03950 0.006676040000 
0.04000 0.006290240000 
0.04050 0.005953840000 
0.04100 0.005636720000 
0.04150 0.005319600000 
0.04200 0.005034820000 
0.04250 0.004773340000 
0.04300 0.004511860000 
0.04350 0.004269800000 
0.04400 0.004053580000 
0.04450 0.003837360000 
0.04500 0.003630800000 
0.04550 0.003451500000 
0.04600 0.003272220000 
0.04650 0.003095340000 
0.04700 0.002946280000 
0.04750 0.002797240000 
0.04800 0.002648180000 
0.04850 0.002521060000 
0.04900 0.002396840000 
0.04950 0.002272620000 
0.05000 0.002162140000 
0.05050 0.002058380000 
0.05100 0.001954620000 
0.05150 0.001858374000 
0.05200 0.001771508000 
0.05250 0.001684640000 
0.05300 0.001600618000 
0.05350 0.001527740000 
0.05400 0.001454864000 
0.05450 0.001381986000 
0.05500 0.001320100000 
0.05550 0.001258836000 
0.05600 0.001197572000 
0.05650 0.001142824000 
0.05700 0.001091222000 
0.05750 0.001039620000 
0.05800 0.000991136000 
0.05850 0.000947592000 
0.05900 0.000904046000 
0.05950 0.000861070000 
0.06000 0.000824256000 
0.06050 0.000787442000 
0.06100 0.000750630000 
0.06150 0.000718136000 
0.06200 0.000686960000 
0.06250 0.000655784000 
0.06300 0.000626656000 
0.06350 0.000600208000 
0.06400 0.000573760000 
0.06450 0.000547648000 
0.06500 0.000525176000 
0.06550 0.000502702000 
0.06600 0.000480230000 
0.06650 0.000460168000 
0.06700 0.000441042000 
0.06750 0.000421916000 
0.06800 0.000403750000 
0.06850 0.000387448000 
0.06900 0.000371144000 
0.06950 0.000354842000 
0.07000 0.000340792000 
0.07050 0.000326874000 
0.07100 0.000312956000 
0.07150 0.000300120000 
0.07200 0.000288220000 
0.07250 0.000276320000 
0.07300 0.000264608000 
0.07350 0.000254420000 
0.07400 0.000244230000 
0.07450 0.000234042000 
0.07500 0.000224826000 
0.07550 0.000216090000 
0.07600 0.000207352000 
0.07650 0.000198881600 
0.07700 0.000191379600 
0.07750 0.000183877600 
0.07800 0.000176375600 
0.07850 0.000169657600 
0.07900 0.000163207000 
0.07950 0.000156756200 
0.08000 0.000150540600 
0.08050 0.000144986200 
0.08100 0.000139432000 
0.08150 0.000133877600 
0.08200 0.000128908400 
0.08250 0.000124119400 
0.08300 0.000119330600 
0.08350 0.000114707000 
0.08400 0.000110572600 
0.08450 0.000106438200 
0.08500 0.000102303800 
0.08550 0.000098577200 
0.08600 0.000095003200 
0.08650 0.000091429200 
0.08700 0.000087946000 
0.08750 0.000084852600 
0.08800 0.000081759200 
0.08850 0.000078665800 
0.08900 0.000075835400 
0.08950 0.000073154400 
0.09000 0.000070473400 
0.09050 0.000067818600 
0.09100 0.000065492200 
0.09150 0.000063166000 
0.09200 0.000060839800 
0.09250 0.000058665200 
0.09300 0.000056644200 
0.09350 0.000054623200 
0.09400 0.000052602200 
0.09450 0.000050820400 
0.09500 0.000049062600 
0.09550 0.000047304800 
0.09600 0.000045617000 
0.09650 0.000044086200 
0.09700 0.000042555400 
0.09750 0.000041024600 
0.09800 0.000039630600 
0.09850 0.000038296000 
0.09900 0.000036961400 
0.09950 0.000035639400 
0.10000 0.000034474600 
0.10050 0.000033309800 
0.10100 0.000032145000 
0.10150 0.000031045000 
0.10200 0.000030027200 
0.10250 0.000029009400 
0.10300 0.000027991600 
0.10350 0.000027075600 
0.10400 0.000026185400 
0.10450 0.000025295000 
0.10500 0.000024420800 
0.10550 0.000023641200 
0.10600 0.000022861600 
0.10650 0.000022082000 
0.10700 0.000021348800 
0.10750 0.000020665400 
0.10800 0.000019982100 
0.10850 0.000019298740 
0.10900 0.000018683220 
0.10950 0.000018083620 
0.11000 0.000017484000 
0.11050 0.000016893780 
0.11100 0.000016367120 
0.11150 0.000015840480 
0.11200 0.000015313820 
0.11250 0.000014815080 
0.11300 0.000014352100 
0.11350 0.000013889140 
0.11400 0.000013426180 
0.11450 0.000013004280 
0.11500 0.000012596880 
0.11550 0.000012189480 
0.11600 0.000011783600 
0.11650 0.000011424820 
0.11700 0.000011066020 
0.11750 0.000010707220 
0.11800 0.000010361840 
0.11850 0.000010045560 
0.11900 0.000009729280 
0.11950 0.000009413000 
0.12000 0.000009118760 
0.12050 0.000008839760 
0.12100 0.000008560780 
0.12150 0.000008281780 
0.12200 0.000008030840 
0.12250 0.000007784520 
0.12300 0.000007538180 
0.12350 0.000007295260 
0.12400 0.000007077600 
0.12450 0.000006859940 
0.12500 0.000006642280 
0.12550 0.000006433960 
0.12600 0.000006241520 
0.12650 0.000006049100 
0.12700 0.000005856660 
0.12750 0.000005677840 
0.12800 0.000005507580 
0.12850 0.000005337320 
0.12900 0.000005167080 
0.12950 0.000005013400 
0.13000 0.000004862660 
0.13050 0.000004711920 
0.13100 0.000004562500 
0.13150 0.000004428980 
0.13200 0.000004295440 
0.13250 0.000004161920 
0.13300 0.000004032880 
0.13350 0.000003914540 
0.13400 0.000003796180 
0.13450 0.000003677820 
0.13500 0.000003566240 
0.13550 0.000003461280 
0.13600 0.000003356320 
0.13650 0.000003251360 
0.13700 0.000003154780 
0.13750 0.000003061680 
0.13800 0.000002968560 
0.13850 0.000002875440 
0.13900 0.000002791760 
0.13950 0.000002709120 
0.14000 0.000002626460 
0.14050 0.000002544600 
0.14100 0.000002471240 
0.14150 0.000002397860 
0.14200 0.000002324480 
0.14250 0.000002253240 
0.14300 0.000002188060 
0.14350 0.000002122880 
0.14400 0.000002057700 
0.14450 0.000001995626 
0.14500 0.000001937714 
0.14550 0.000001879802 
0.14600 0.000001821890 
0.14650 0.000001767722 
0.14700 0.000001716256 
0.14750 0.000001664788 
0.14800 0.000001613320 
0.14850 0.000001566012 
0.14900 0.000001520276 
0.14950 0.000001474542 
0.15000 0.000001428806 
0.15050 0.000001387434 
0.15100 0.000001346774 
0.15150 0.000001306116 
0.15200 0.000001265456 
0.15250 0.000001229226 
0.15300 0.000001193076 
0.15350 0.000001156926 
0.15400 0.000001121150 
0.15450 0.000001089020 
0.15500 0.000001056892 
0.15550 0.000001024762 
0.15600 0.000000993316 
0.15650 0.000000964750 
0.15700 0.000000936184 
0.15750 0.000000907618 
0.15800 0.000000879928 
0.15850 0.000000854518 
0.15900 0.000000829108 
0.15950 0.000000803698 
0.16000 0.000000779284 
0.16050 0.000000756706 
0.16100 0.000000734128 
0.16150 0.000000711550 
0.16200 0.000000690004 
0.16250 0.000000669936 
0.16300 0.000000649868 
0.16350 0.000000629798 
0.16400 0.000000610752 
0.16450 0.000000592918 
0.16500 0.000000575082 
0.16550 0.000000557248 
0.16600 0.000000540392 
0.16650 0.000000524556 
0.16700 0.000000508720 
0.16750 0.000000492884 
0.16800 0.000000477942 
0.16850 0.000000463868 
0.16900 0.000000449792 
0.16950 0.000000435716 
0.17000 0.000000422452 
0.17050 0.000000409962 
0.17100 0.000000397474 
0.17150 0.000000384984 
0.17200 0.000000373192 
0.17250 0.000000362098 
0.17300 0.000000351004 
0.17350 0.000000339910 
0.17400 0.000000329408 
0.17450 0.000000319564 
0.17500 0.000000309720 
0.17550 0.000000299876 
0.17600 0.000000290518 
0.17650 0.000000281796 
0.17700 0.000000273074 
0.17750 0.000000264352 
0.17800 0.000000256002 
0.17850 0.000000248270 
0.17900 0.000000240538 
0.17950 0.000000232808 
0.18000 0.000000225344 
0.18050 0.000000218486 
0.18100 0.000000211630 
0.18150 0.000000204772 
0.18200 0.000000198090 
0.18250 0.000000192018 
0.18300 0.000000185946 
0.18350 0.000000179874 
0.18400 0.000000173891 
0.18450 0.000000168524 
0.18500 0.000000163157 
0.18550 0.000000157790 
0.18600 0.000000152432 
0.18650 0.000000147680 
0.18700 0.000000142927 
0.18750 0.000000138175 
0.18800 0.000000133423 
0.18850 0.000000129168 
0.18900 0.000000124974 
0.18950 0.000000120780 
0.19000 0.000000116586 
0.19050 0.000000112760 
0.19100 0.000000109051 
0.19150 0.000000105342 
0.19200 0.000000101633 
0.19250 0.000000098192 
0.19300 0.000000094920 
0.19350 0.000000091647 
0.19400 0.000000088375 
0.19450 0.000000085281 
0.19500 0.000000082396 
0.19550 0.000000079511 
0.19600 0.000000076627 
0.19650 0.000000073846 
0.19700 0.000000071306 
0.19750 0.000000068765 
0.19800 0.000000066224 
0.19850 0.000000063727 
0.19900 0.000000061492 
0.19950 0.000000059256 
0.20000 0.000000057021 
0.20050 0.000000054786 
0.20100 0.000000052812 
0.20150 0.000000050843 
0.20200 0.000000048875 
0.20250 0.000000046907 
0.20300 0.000000045138 
0.20350 0.000000043415 
0.20400 0.000000041691 
0.20450 0.000000039968 
0.20500 0.000000038382 
0.20550 0.000000036868 
0.20600 0.000000035355 
0.20650 0.000000033841 
0.20700 0.000000032425 
0.20750 0.000000031104 
0.20800 0.000000029783 
0.20850 0.000000028463 
0.20900 0.000000027202 
0.20950 0.000000026046 
0.21000 0.000000024890 
0.21050 0.000000023734 
0.21100 0.000000022613 
0.21150 0.000000021604 
0.21200 0.000000020594 
0.21250 0.000000019585 
0.21300 0.000000018594 
0.21350 0.000000017720 
0.21400 0.000000016847 
0.21450 0.000000015973 
0.21500 0.000000015106 
0.21550 0.000000014348 
0.21600 0.000000013590 
0.21650 0.000000012832 
0.21700 0.000000012075 
0.21750 0.000000011425 
0.21800 0.000000010775 
0.21850 0.000000010124 
0.21900 0.000000009474 
0.21950 0.000000008916 
0.22000 0.000000008357 
0.22050 0.000000007799 
0.22100 0.000000007244 
0.22150 0.000000006769 
0.22200 0.000000006293 
0.22250 0.000000005817 
0.22300 0.000000005352 
0.22350 0.000000004955 
0.22400 0.000000004558 
0.22450 0.000000004160 
0.22500 0.000000003783 
0.22550 0.000000003453 
0.22600 0.000000003124 
0.22650 0.000000002795 
0.22700 0.000000002499 
0.22750 0.000000002234 
0.22800 0.000000001969 
0.22850 0.000000001704 
0.22900 0.000000001489 
0.22950 0.000000001284 
0.23000 0.000000001079 
0.23050 0.000000000887 
0.23100 0.000000000740 
0.23150 0.000000000592 
0.23200 0.000000000445 
0.23250 0.000000000339 
0.23300 0.000000000249 
0.23350 0.000000000159 
