0.00000 15.224200000000 
0.00050 13.040760000000 
0.00100 10.857320000000 
0.00150 8.673880000000 
0.00200 6.490440000000 
0.00250 5.189240000000 
0.00300 4.151240000000 
0.00350 3.362600000000 
0.00400 2.804580000000 
0.00450 2.290840000000 
0.00500 1.967342000000 
0.00550 1.643852000000 
0.00600 1.419036000000 
0.00650 1.221220000000 
0.00700 1.046026000000 
0.00750 0.920028000000 
0.00800 0.794028000000 
0.00850 0.701824000000 
0.00900 0.618912000000 
0.00950 0.541332000000 
0.01000 0.485286000000 
0.01050 0.429238000000 
0.01100 0.382918000000 
0.01150 0.344164000000 
0.01200 0.305408000000 
0.01250 0.276720000000 
0.01300 0.249396000000 
0.01350 0.223288000000 
0.01400 0.203692000000 
0.01450 0.184097800000 
0.01500 0.166615200000 
0.01550 0.152353000000 
0.01600 0.138091000000 
0.01650 0.126074800000 
0.01700 0.115556400000 
0.01750 0.105038200000 
0.01800 0.096580000000 
0.01850 0.088731200000 
0.01900 0.080882200000 
0.01950 0.074797800000 
0.02000 0.068878400000 
0.02050 0.063001800000 
0.02100 0.058494800000 
0.02150 0.053988000000 
0.02200 0.049607600000 
0.02250 0.046146400000 
0.02300 0.042685200000 
0.02350 0.039371400000 
0.02400 0.036692200000 
0.02450 0.034013000000 
0.02500 0.031472400000 
0.02550 0.029383400000 
0.02600 0.027294600000 
0.02650 0.025322800000 
0.02700 0.023683400000 
0.02750 0.022044200000 
0.02800 0.020497000000 
0.02850 0.019202540000 
0.02900 0.017908140000 
0.02950 0.016681900000 
0.03000 0.015654160000 
0.03050 0.014626420000 
0.03100 0.013645740000 
0.03150 0.012825500000 
0.03200 0.012005260000 
0.03250 0.011214460000 
0.03300 0.010556700000 
0.03350 0.009898920000 
0.03400 0.009256460000 
0.03450 0.008726640000 
0.03500 0.008196820000 
0.03550 0.007671280000 
0.03600 0.007242760000 
0.03650 0.006814220000 
0.03700 0.006385700000 
0.03750 0.006033700000 
0.03800 0.005685760000 
0.03850 0.005337840000 
0.03900 0.005044140000 
0.03950 0.004760620000 
0.04000 0.004477100000 
0.04050 0.004230780000 
0.04100 0.003998980000 
0.04150 0.003767180000 
0.04200 0.003559620000 
0.04250 0.003369500000 
0.04300 0.003179380000 
0.04350 0.003003720000 
0.04400 0.002847320000 
0.04450 0.002690940000 
0.04500 0.002541700000 
0.04550 0.002412680000 
0.04600 0.002283660000 
0.04650 0.002156440000 
0.04700 0.002049720000 
0.04750 0.001943006000 
0.04800 0.001836292000 
0.04850 0.001745676000 
0.04900 0.001657186000 
0.04950 0.001568696000 
0.05000 0.001490240000 
0.05050 0.001416688000 
0.05100 0.001343134000 
0.05150 0.001275046000 
0.05200 0.001213770000 
0.05250 0.001152494000 
0.05300 0.001093274000 
0.05350 0.001042114000 
0.05400 0.000990954000 
0.05450 0.000939794000 
0.05500 0.000896542000 
0.05550 0.000853740000 
0.05600 0.000810936000 
0.05650 0.000772800000 
0.05700 0.000736916000 
0.05750 0.000701032000 
0.05800 0.000667372000 
0.05850 0.000637232000 
0.05900 0.000607092000 
0.05950 0.000577354000 
0.06000 0.000551990000 
0.06050 0.000526626000 
0.06100 0.000501262000 
0.06150 0.000478950000 
0.06200 0.000457568000 
0.06250 0.000436186000 
0.06300 0.000416242000 
0.06350 0.000398184000 
0.06400 0.000380126000 
0.06450 0.000362304000 
0.06500 0.000347028000 
0.06550 0.000331752000 
0.06600 0.000316476000 
0.06650 0.000302878000 
0.06700 0.000289936000 
0.06750 0.000276992000 
0.06800 0.000264714000 
0.06850 0.000253728000 
0.06900 0.000242744000 
0.06950 0.000231758000 
0.07000 0.000222330000 
0.07050 0.000212992000 
0.07100 0.000203654000 
0.07150 0.000195058600 
0.07200 0.000187108600 
0.07250 0.000179158600 
0.07300 0.000171337800 
0.07350 0.000164559600 
0.07400 0.000157781200 
0.07450 0.000151002800 
0.07500 0.000144888200 
0.07550 0.000139100200 
0.07600 0.000133312200 
0.07650 0.000127704800 
0.07700 0.000122755400 
0.07750 0.000117805800 
0.07800 0.000112856400 
0.07850 0.000108437200 
0.07900 0.000104198800 
0.07950 0.000099960400 
0.08000 0.000095880200 
0.08050 0.000092245600 
0.08100 0.000088610800 
0.08150 0.000084976200 
0.08200 0.000081734000 
0.08250 0.000078612800 
0.08300 0.000075491600 
0.08350 0.000072480800 
0.08400 0.000069797000 
0.08450 0.000067113000 
0.08500 0.000064429200 
0.08550 0.000062016600 
0.08600 0.000059705600 
0.08650 0.000057394600 
0.08700 0.000055144000 
0.08750 0.000053151600 
0.08800 0.000051159200 
0.08850 0.000049166800 
0.08900 0.000047348000 
0.08950 0.000045628000 
0.09000 0.000043907800 
0.09050 0.000042205000 
0.09100 0.000040718200 
0.09150 0.000039231400 
0.09200 0.000037744800 
0.09250 0.000036357400 
0.09300 0.000035070600 
0.09350 0.000033784000 
0.09400 0.000032497200 
0.09450 0.000031366600 
0.09500 0.000030251600 
0.09550 0.000029136600 
0.09600 0.000028067200 
0.09650 0.000027100000 
0.09700 0.000026132600 
0.09750 0.000025165400 
0.09800 0.000024286600 
0.09850 0.000023446400 
0.09900 0.000022606200 
0.09950 0.000021774400 
0.10000 0.000021043600 
0.10050 0.000020313000 
0.10100 0.000019582440 
0.10150 0.000018893600 
0.10200 0.000018257540 
0.10250 0.000017621460 
0.10300 0.000016985400 
0.10350 0.000016414580 
0.10400 0.000015860200 
0.10450 0.000015305840 
0.10500 0.000014761740 
0.10550 0.000014278060 
0.10600 0.000013794380 
0.10650 0.000013310680 
0.10700 0.000012856540 
0.10750 0.000012434080 
0.10800 0.000012011620 
0.10850 0.000011589160 
0.10900 0.000011209700 
0.10950 0.000010840340 
0.11000 0.000010470980 
0.11050 0.000010107520 
0.11100 0.000009784240 
0.11150 0.000009460960 
0.11200 0.000009137680 
0.11250 0.000008831960 
0.11300 0.000008548760 
0.11350 0.000008265560 
0.11400 0.000007982360 
0.11450 0.000007724920 
0.11500 0.000007476580 
0.11550 0.000007228240 
0.11600 0.000006980840 
0.11650 0.000006762880 
0.11700 0.000006544920 
0.11750 0.000006326960 
0.11800 0.000006117340 
0.11850 0.000005925860 
0.11900 0.000005734380 
0.11950 0.000005542900 
0.12000 0.000005365100 
0.12050 0.000005196780 
0.12100 0.000005028440 
0.12150 0.000004860100 
0.12200 0.000004709120 
0.12250 0.000004561000 
0.12300 0.000004412880 
0.12350 0.000004266840 
0.12400 0.000004136400 
0.12450 0.000004005940 
0.12500 0.000003875500 
0.12550 0.000003750780 
0.12600 0.000003635840 
0.12650 0.000003520880 
0.12700 0.000003405940 
0.12750 0.000003299320 
0.12800 0.000003197960 
0.12850 0.000003096600 
0.12900 0.000002995220 
0.12950 0.000002903980 
0.13000 0.000002814520 
0.13050 0.000002725060 
0.13100 0.000002636420 
0.13150 0.000002557440 
0.13200 0.000002478440 
0.13250 0.000002399460 
0.13300 0.000002323200 
0.13350 0.000002253420 
0.13400 0.000002183640 
0.13450 0.000002113840 
0.13500 0.000002048160 
0.13550 0.000001986472 
0.13600 0.000001924778 
0.13650 0.000001863086 
0.13700 0.000001806452 
0.13750 0.000001751896 
0.13800 0.000001697340 
0.13850 0.000001642784 
0.13900 0.000001593894 
0.13950 0.000001545620 
0.14000 0.000001497346 
0.14050 0.000001449550 
0.14100 0.000001406826 
0.14150 0.000001364100 
0.14200 0.000001321376 
0.14250 0.000001279928 
0.14300 0.000001242094 
0.14350 0.000001204260 
0.14400 0.000001166426 
0.14450 0.000001130432 
0.14500 0.000001096918 
0.14550 0.000001063406 
0.14600 0.000001029892 
0.14650 0.000000998596 
0.14700 0.000000968902 
0.14750 0.000000939208 
0.14800 0.000000909512 
0.14850 0.000000882274 
0.14900 0.000000855966 
0.14950 0.000000829656 
0.15000 0.000000803348 
0.15050 0.000000779606 
0.15100 0.000000756286 
0.15150 0.000000732966 
0.15200 0.000000709648 
0.15250 0.000000688926 
0.15300 0.000000668252 
0.15350 0.000000647580 
0.15400 0.000000627124 
0.15450 0.000000608804 
0.15500 0.000000590482 
0.15550 0.000000572162 
0.15600 0.000000554238 
0.15650 0.000000537994 
0.15700 0.000000521752 
0.15750 0.000000505508 
0.15800 0.000000489776 
0.15850 0.000000475368 
0.15900 0.000000460962 
0.15950 0.000000446554 
0.16000 0.000000432724 
0.16050 0.000000419958 
0.16100 0.000000407192 
0.16150 0.000000394426 
0.16200 0.000000382256 
0.16250 0.000000370940 
0.16300 0.000000359624 
0.16350 0.000000348308 
0.16400 0.000000337580 
0.16450 0.000000327550 
0.16500 0.000000317522 
0.16550 0.000000307492 
0.16600 0.000000298024 
0.16650 0.000000289144 
0.16700 0.000000280262 
0.16750 0.000000271380 
0.16800 0.000000263010 
0.16850 0.000000255138 
0.16900 0.000000247264 
0.16950 0.000000239390 
0.17000 0.000000231980 
0.17050 0.000000225012 
0.17100 0.000000218044 
0.17150 0.000000211076 
0.17200 0.000000204506 
0.17250 0.000000198331 
0.17300 0.000000192158 
0.17350 0.000000185984 
0.17400 0.000000180146 
0.17450 0.000000174682 
0.17500 0.000000169218 
0.17550 0.000000163754 
0.17600 0.000000158565 
0.17650 0.000000153735 
0.17700 0.000000148905 
0.17750 0.000000144076 
0.17800 0.000000139457 
0.17850 0.000000135186 
0.17900 0.000000130915 
0.17950 0.000000126644 
0.18000 0.000000122525 
0.18050 0.000000118746 
0.18100 0.000000114968 
0.18150 0.000000111189 
0.18200 0.000000107509 
0.18250 0.000000104171 
0.18300 0.000000100833 
0.18350 0.000000097495 
0.18400 0.000000094207 
0.18450 0.000000091263 
0.18500 0.000000088320 
0.18550 0.000000085376 
0.18600 0.000000082437 
0.18650 0.000000079837 
0.18700 0.000000077237 
0.18750 0.000000074636 
0.18800 0.000000072036 
0.18850 0.000000069712 
0.18900 0.000000067422 
0.18950 0.000000065132 
0.19000 0.000000062842 
0.19050 0.000000060756 
0.19100 0.000000058736 
0.19150 0.000000056715 
0.19200 0.000000054695 
0.19250 0.000000052823 
0.19300 0.000000051044 
0.19350 0.000000049265 
0.19400 0.000000047486 
0.19450 0.000000045806 
0.19500 0.000000044241 
0.19550 0.000000042676 
0.19600 0.000000041111 
0.19650 0.000000039604 
0.19700 0.000000038228 
0.19750 0.000000036853 
0.19800 0.000000035477 
0.19850 0.000000034126 
0.19900 0.000000032918 
0.19950 0.000000031711 
0.20000 0.000000030503 
0.20050 0.000000029295 
0.20100 0.000000028231 
0.20150 0.000000027170 
0.20200 0.000000026109 
0.20250 0.000000025048 
0.20300 0.000000024096 
0.20350 0.000000023168 
0.20400 0.000000022241 
0.20450 0.000000021313 
0.20500 0.000000020461 
0.20550 0.000000019648 
0.20600 0.000000018835 
0.20650 0.000000018022 
0.20700 0.000000017262 
0.20750 0.000000016554 
0.20800 0.000000015846 
0.20850 0.000000015138 
0.20900 0.000000014463 
0.20950 0.000000013844 
0.21000 0.000000013226 
0.21050 0.000000012607 
0.21100 0.000000012008 
0.21150 0.000000011469 
0.21200 0.000000010930 
0.21250 0.000000010391 
0.21300 0.000000009861 
0.21350 0.000000009396 
0.21400 0.000000008930 
0.21450 0.000000008464 
0.21500 0.000000008002 
0.21550 0.000000007598 
0.21600 0.000000007195 
0.21650 0.000000006792 
0.21700 0.000000006389 
0.21750 0.000000006043 
0.21800 0.000000005698 
0.21850 0.000000005352 
0.21900 0.000000005007 
0.21950 0.000000004711 
0.22000 0.000000004414 
0.22050 0.000000004118 
0.22100 0.000000003824 
0.22150 0.000000003572 
0.22200 0.000000003320 
0.22250 0.000000003068 
0.22300 0.000000002822 
0.22350 0.000000002612 
0.22400 0.000000002402 
0.22450 0.000000002192 
0.22500 0.000000001992 
0.22550 0.000000001819 
0.22600 0.000000001645 
0.22650 0.000000001471 
0.22700 0.000000001315 
0.22750 0.000000001175 
0.22800 0.000000001035 
0.22850 0.000000000896 
0.22900 0.000000000782 
0.22950 0.000000000675 
0.23000 0.000000000567 
0.23050 0.000000000466 
0.23100 0.000000000388 
0.23150 0.000000000311 
0.23200 0.000000000233 
0.23250 0.000000000178 
0.23300 0.000000000130 
0.23350 0.000000000083 
