0.00000 13.590180000000 
0.00050 11.600240000000 
0.00100 9.610280000000 
0.00150 7.620340000000 
0.00200 5.630400000000 
0.00250 4.461500000000 
0.00300 3.537560000000 
0.00350 2.840520000000 
0.00400 2.353320000000 
0.00450 1.905672000000 
0.00500 1.627964000000 
0.00550 1.350254000000 
0.00600 1.159264000000 
0.00650 0.992004000000 
0.00700 0.844336000000 
0.00750 0.739278000000 
0.00800 0.634218000000 
0.00850 0.558038000000 
0.00900 0.489798000000 
0.00950 0.426060000000 
0.01000 0.380492000000 
0.01050 0.334926000000 
0.01100 0.297472000000 
0.01150 0.266328000000 
0.01200 0.235182000000 
0.01250 0.212342000000 
0.01300 0.190625200000 
0.01350 0.169901400000 
0.01400 0.154492400000 
0.01450 0.139083400000 
0.01500 0.125380800000 
0.01550 0.114279400000 
0.01600 0.103178200000 
0.01650 0.093873200000 
0.01700 0.085766600000 
0.01750 0.077659800000 
0.01800 0.071185200000 
0.01850 0.065193200000 
0.01900 0.059201400000 
0.01950 0.054594600000 
0.02000 0.050117600000 
0.02050 0.045673600000 
0.02100 0.042295400000 
0.02150 0.038917200000 
0.02200 0.035636600000 
0.02250 0.033065000000 
0.02300 0.030493200000 
0.02350 0.028034200000 
0.02400 0.026060600000 
0.02450 0.024087000000 
0.02500 0.022218400000 
0.02550 0.020692400000 
0.02600 0.019166440000 
0.02650 0.017728580000 
0.02700 0.016540780000 
0.02750 0.015352980000 
0.02800 0.014233960000 
0.02850 0.013303600000 
0.02900 0.012373260000 
0.02950 0.011493380000 
0.03000 0.010760480000 
0.03050 0.010027560000 
0.03100 0.009329240000 
0.03150 0.008748820000 
0.03200 0.008168380000 
0.03250 0.007609440000 
0.03300 0.007147500000 
0.03350 0.006685560000 
0.03400 0.006234700000 
0.03450 0.005865380000 
0.03500 0.005496060000 
0.03550 0.005129820000 
0.03600 0.004833300000 
0.03650 0.004536760000 
0.03700 0.004240240000 
0.03750 0.003998320000 
0.03800 0.003759280000 
0.03850 0.003520260000 
0.03900 0.003319660000 
0.03950 0.003126260000 
0.04000 0.002932860000 
0.04050 0.002765640000 
0.04100 0.002608620000 
0.04150 0.002451600000 
0.04200 0.002311520000 
0.04250 0.002183620000 
0.04300 0.002055740000 
0.04350 0.001937876000 
0.04400 0.001833380000 
0.04450 0.001728882000 
0.04500 0.001629328000 
0.04550 0.001543702000 
0.04600 0.001458076000 
0.04650 0.001373670000 
0.04700 0.001303312000 
0.04750 0.001232956000 
0.04800 0.001162598000 
0.04850 0.001103190000 
0.04900 0.001045228000 
0.04950 0.000987268000 
0.05000 0.000936084000 
0.05050 0.000888218000 
0.05100 0.000840350000 
0.05150 0.000796150000 
0.05200 0.000756524000 
0.05250 0.000716900000 
0.05300 0.000678648000 
0.05350 0.000645772000 
0.05400 0.000612896000 
0.05450 0.000580020000 
0.05500 0.000552388000 
0.05550 0.000525052000 
0.05600 0.000497718000 
0.05650 0.000473458000 
0.05700 0.000450682000 
0.05750 0.000427906000 
0.05800 0.000406588000 
0.05850 0.000387572000 
0.05900 0.000368558000 
0.05950 0.000349806000 
0.06000 0.000333902000 
0.06050 0.000317996000 
0.06100 0.000302092000 
0.06150 0.000288160000 
0.06200 0.000274832000 
0.06250 0.000261502000 
0.06300 0.000249100000 
0.06350 0.000237908000 
0.06400 0.000226718000 
0.06450 0.000215678000 
0.06500 0.000206266000 
0.06550 0.000196854200 
0.06600 0.000187442600 
0.06650 0.000179098200 
0.06700 0.000171169200 
0.06750 0.000163240200 
0.06800 0.000155732400 
0.06850 0.000149041200 
0.06900 0.000142350000 
0.06950 0.000135659000 
0.07000 0.000129946600 
0.07050 0.000124291000 
0.07100 0.000118635200 
0.07150 0.000113444000 
0.07200 0.000108655800 
0.07250 0.000103867600 
0.07300 0.000099159800 
0.07350 0.000095099600 
0.07400 0.000091039600 
0.07450 0.000086979600 
0.07500 0.000083330000 
0.07550 0.000079882000 
0.07600 0.000076434200 
0.07650 0.000073097400 
0.07700 0.000070165000 
0.07750 0.000067232600 
0.07800 0.000064300200 
0.07850 0.000061692200 
0.07900 0.000059194400 
0.07950 0.000056696800 
0.08000 0.000054295400 
0.08050 0.000052165000 
0.08100 0.000050034400 
0.08150 0.000047904000 
0.08200 0.000046011000 
0.08250 0.000044191000 
0.08300 0.000042371200 
0.08350 0.000040617800 
0.08400 0.000039061200 
0.08450 0.000037504400 
0.08500 0.000035947800 
0.08550 0.000034553400 
0.08600 0.000033220000 
0.08650 0.000031886600 
0.08700 0.000030589000 
0.08750 0.000029445200 
0.08800 0.000028301600 
0.08850 0.000027157800 
0.08900 0.000026117000 
0.08950 0.000025134600 
0.09000 0.000024152200 
0.09050 0.000023180000 
0.09100 0.000022335200 
0.09150 0.000021490400 
0.09200 0.000020645600 
0.09250 0.000019859040 
0.09300 0.000019131540 
0.09350 0.000018404040 
0.09400 0.000017676540 
0.09450 0.000017040140 
0.09500 0.000016412880 
0.09550 0.000015785640 
0.09600 0.000015184840 
0.09650 0.000014643340 
0.09700 0.000014101840 
0.09750 0.000013560340 
0.09800 0.000013070060 
0.09850 0.000012602020 
0.09900 0.000012133980 
0.09950 0.000011670680 
0.10000 0.000011265640 
0.10050 0.000010860620 
0.10100 0.000010455600 
0.10150 0.000010074480 
0.10200 0.000009723580 
0.10250 0.000009372660 
0.10300 0.000009021760 
0.10350 0.000008708020 
0.10400 0.000008403640 
0.10450 0.000008099280 
0.10500 0.000007800720 
0.10550 0.000007536420 
0.10600 0.000007272120 
0.10650 0.000007007820 
0.10700 0.000006760180 
0.10750 0.000006530420 
0.10800 0.000006300660 
0.10850 0.000006070900 
0.10900 0.000005865300 
0.10950 0.000005665360 
0.11000 0.000005465420 
0.11050 0.000005268780 
0.11100 0.000005094600 
0.11150 0.000004920420 
0.11200 0.000004746240 
0.11250 0.000004581820 
0.11300 0.000004429940 
0.11350 0.000004278060 
0.11400 0.000004126180 
0.11450 0.000003988560 
0.11500 0.000003855980 
0.11550 0.000003723400 
0.11600 0.000003591360 
0.11650 0.000003475520 
0.11700 0.000003359680 
0.11750 0.000003243860 
0.11800 0.000003132620 
0.11850 0.000003031320 
0.11900 0.000002930020 
0.11950 0.000002828720 
0.12000 0.000002734900 
0.12050 0.000002646240 
0.12100 0.000002557600 
0.12150 0.000002468940 
0.12200 0.000002389720 
0.12250 0.000002312060 
0.12300 0.000002234400 
0.12350 0.000002157860 
0.12400 0.000002089780 
0.12450 0.000002021680 
0.12500 0.000001953594 
0.12550 0.000001888592 
0.12600 0.000001828854 
0.12650 0.000001769114 
0.12700 0.000001709376 
0.12750 0.000001654108 
0.12800 0.000001601658 
0.12850 0.000001549208 
0.12900 0.000001496758 
0.12950 0.000001449712 
0.13000 0.000001403626 
0.13050 0.000001357540 
0.13100 0.000001311880 
0.13150 0.000001271362 
0.13200 0.000001230846 
0.13250 0.000001190328 
0.13300 0.000001151252 
0.13350 0.000001115606 
0.13400 0.000001079960 
0.13450 0.000001044314 
0.13500 0.000001010830 
0.13550 0.000000979450 
0.13600 0.000000948072 
0.13650 0.000000916694 
0.13700 0.000000887968 
0.13750 0.000000860336 
0.13800 0.000000832702 
0.13850 0.000000805070 
0.13900 0.000000780398 
0.13950 0.000000756048 
0.14000 0.000000731700 
0.14050 0.000000707598 
0.14100 0.000000686136 
0.14150 0.000000664676 
0.14200 0.000000643214 
0.14250 0.000000622412 
0.14300 0.000000603486 
0.14350 0.000000584558 
0.14400 0.000000565632 
0.14450 0.000000547654 
0.14500 0.000000530956 
0.14550 0.000000514258 
0.14600 0.000000497560 
0.14650 0.000000482002 
0.14700 0.000000467266 
0.14750 0.000000452530 
0.14800 0.000000437794 
0.14850 0.000000424316 
0.14900 0.000000411312 
0.14950 0.000000398308 
0.15000 0.000000385304 
0.15050 0.000000373608 
0.15100 0.000000362128 
0.15150 0.000000350646 
0.15200 0.000000339164 
0.15250 0.000000329002 
0.15300 0.000000318864 
0.15350 0.000000308726 
0.15400 0.000000298698 
0.15450 0.000000289746 
0.15500 0.000000280796 
0.15550 0.000000271846 
0.15600 0.000000263096 
0.15650 0.000000255190 
0.15700 0.000000247286 
0.15750 0.000000239380 
0.15800 0.000000231730 
0.15850 0.000000224746 
0.15900 0.000000217762 
0.15950 0.000000210776 
0.16000 0.000000204080 
0.16050 0.000000197913 
0.16100 0.000000191746 
0.16150 0.000000185580 
0.16200 0.000000179710 
0.16250 0.000000174264 
0.16300 0.000000168818 
0.16350 0.000000163372 
0.16400 0.000000158218 
0.16450 0.000000153409 
0.16500 0.000000148600 
0.16550 0.000000143791 
0.16600 0.000000139258 
0.16650 0.000000135015 
0.16700 0.000000130771 
0.16750 0.000000126527 
0.16800 0.000000122535 
0.16850 0.000000118787 
0.16900 0.000000115038 
0.16950 0.000000111290 
0.17000 0.000000107768 
0.17050 0.000000104462 
0.17100 0.000000101156 
0.17150 0.000000097850 
0.17200 0.000000094737 
0.17250 0.000000091818 
0.17300 0.000000088899 
0.17350 0.000000085980 
0.17400 0.000000083224 
0.17450 0.000000080650 
0.17500 0.000000078075 
0.17550 0.000000075500 
0.17600 0.000000073058 
0.17650 0.000000070790 
0.17700 0.000000068522 
0.17750 0.000000066253 
0.17800 0.000000064087 
0.17850 0.000000062087 
0.17900 0.000000060088 
0.17950 0.000000058089 
0.18000 0.000000056162 
0.18050 0.000000054399 
0.18100 0.000000052636 
0.18150 0.000000050873 
0.18200 0.000000049157 
0.18250 0.000000047605 
0.18300 0.000000046052 
0.18350 0.000000044500 
0.18400 0.000000042971 
0.18450 0.000000041606 
0.18500 0.000000040241 
0.18550 0.000000038876 
0.18600 0.000000037514 
0.18650 0.000000036312 
0.18700 0.000000035110 
0.18750 0.000000033908 
0.18800 0.000000032706 
0.18850 0.000000031634 
0.18900 0.000000030579 
0.18950 0.000000029524 
0.19000 0.000000028468 
0.19050 0.000000027509 
0.19100 0.000000026581 
0.19150 0.000000025652 
0.19200 0.000000024724 
0.19250 0.000000023865 
0.19300 0.000000023050 
0.19350 0.000000022235 
0.19400 0.000000021420 
0.19450 0.000000020651 
0.19500 0.000000019936 
0.19550 0.000000019221 
0.19600 0.000000018506 
0.19650 0.000000017818 
0.19700 0.000000017192 
0.19750 0.000000016565 
0.19800 0.000000015938 
0.19850 0.000000015323 
0.19900 0.000000014774 
0.19950 0.000000014226 
0.20000 0.000000013677 
0.20050 0.000000013128 
0.20100 0.000000012646 
0.20150 0.000000012165 
0.20200 0.000000011685 
0.20250 0.000000011204 
0.20300 0.000000010773 
0.20350 0.000000010354 
0.20400 0.000000009935 
0.20450 0.000000009516 
0.20500 0.000000009131 
0.20550 0.000000008765 
0.20600 0.000000008398 
0.20650 0.000000008032 
0.20700 0.000000007690 
0.20750 0.000000007372 
0.20800 0.000000007053 
0.20850 0.000000006735 
0.20900 0.000000006431 
0.20950 0.000000006154 
0.21000 0.000000005877 
0.21050 0.000000005599 
0.21100 0.000000005331 
0.21150 0.000000005089 
0.21200 0.000000004848 
0.21250 0.000000004607 
0.21300 0.000000004370 
0.21350 0.000000004163 
0.21400 0.000000003955 
0.21450 0.000000003747 
0.21500 0.000000003541 
0.21550 0.000000003361 
0.21600 0.000000003181 
0.21650 0.000000003002 
0.21700 0.000000002822 
0.21750 0.000000002669 
0.21800 0.000000002515 
0.21850 0.000000002362 
0.21900 0.000000002208 
0.21950 0.000000002077 
0.22000 0.000000001946 
0.22050 0.000000001814 
0.22100 0.000000001684 
0.22150 0.000000001573 
0.22200 0.000000001461 
0.22250 0.000000001350 
0.22300 0.000000001241 
0.22350 0.000000001148 
0.22400 0.000000001056 
0.22450 0.000000000963 
0.22500 0.000000000875 
0.22550 0.000000000798 
0.22600 0.000000000722 
0.22650 0.000000000645 
0.22700 0.000000000576 
0.22750 0.000000000515 
0.22800 0.000000000454 
0.22850 0.000000000392 
0.22900 0.000000000343 
0.22950 0.000000000295 
0.23000 0.000000000248 
0.23050 0.000000000204 
0.23100 0.000000000170 
0.23150 0.000000000136 
0.23200 0.000000000102 
0.23250 0.000000000078 
0.23300 0.000000000057 
0.23350 0.000000000036 
