0.00000 11.772460000000 
0.00050 10.011060000000 
0.00100 8.249680000000 
0.00150 6.488280000000 
0.00200 4.726900000000 
0.00250 3.708520000000 
0.00300 2.911840000000 
0.00350 2.315420000000 
0.00400 1.904232000000 
0.00450 1.527240000000 
0.00500 1.297186000000 
0.00550 1.067132000000 
0.00600 0.910726000000 
0.00650 0.774474000000 
0.00700 0.654596000000 
0.00750 0.570322000000 
0.00800 0.486048000000 
0.00850 0.425550000000 
0.00900 0.371590000000 
0.00950 0.321286000000 
0.01000 0.285738000000 
0.01050 0.250188000000 
0.01100 0.221142000000 
0.01150 0.197151800000 
0.01200 0.173162200000 
0.01250 0.155747400000 
0.01300 0.139221400000 
0.01350 0.123473200000 
0.01400 0.111883400000 
0.01450 0.100293600000 
0.01500 0.090023800000 
0.01550 0.081767000000 
0.01600 0.073510200000 
0.01650 0.066628200000 
0.01700 0.060663200000 
0.01750 0.054698400000 
0.01800 0.049969800000 
0.01850 0.045606800000 
0.01900 0.041243600000 
0.01950 0.037919200000 
0.02000 0.034692000000 
0.02050 0.031489400000 
0.02100 0.029078200000 
0.02150 0.026667000000 
0.02200 0.024327400000 
0.02250 0.022509200000 
0.02300 0.020691200000 
0.02350 0.018955160000 
0.02400 0.017572740000 
0.02450 0.016190340000 
0.02500 0.014883820000 
0.02550 0.013824700000 
0.02600 0.012765580000 
0.02650 0.011769500000 
0.02700 0.010952400000 
0.02750 0.010135280000 
0.02800 0.009366980000 
0.02850 0.008732520000 
0.02900 0.008098060000 
0.02950 0.007499100000 
0.03000 0.007003540000 
0.03050 0.006507980000 
0.03100 0.006036540000 
0.03150 0.005647340000 
0.03200 0.005258160000 
0.03250 0.004883820000 
0.03300 0.004576600000 
0.03350 0.004269400000 
0.03400 0.003969800000 
0.03450 0.003726160000 
0.03500 0.003482500000 
0.03550 0.003240960000 
0.03600 0.003046880000 
0.03650 0.002852820000 
0.03700 0.002658740000 
0.03750 0.002501540000 
0.03800 0.002346320000 
0.03850 0.002191100000 
0.03900 0.002061620000 
0.03950 0.001936984000 
0.04000 0.001812350000 
0.04050 0.001705122000 
0.04100 0.001604694000 
0.04150 0.001504266000 
0.04200 0.001415018000 
0.04250 0.001333822000 
0.04300 0.001252624000 
0.04350 0.001178008000 
0.04400 0.001112150000 
0.04450 0.001046292000 
0.04500 0.000983650000 
0.04550 0.000930074000 
0.04600 0.000876496000 
0.04650 0.000823708000 
0.04700 0.000779998000 
0.04750 0.000736288000 
0.04800 0.000692576000 
0.04850 0.000655890000 
0.04900 0.000620134000 
0.04950 0.000584376000 
0.05000 0.000552938000 
0.05050 0.000523612000 
0.05100 0.000494286000 
0.05150 0.000467280000 
0.05200 0.000443170000 
0.05250 0.000419058000 
0.05300 0.000395810000 
0.05350 0.000375940000 
0.05400 0.000356072000 
0.05450 0.000336202000 
0.05500 0.000319606000 
0.05550 0.000303196000 
0.05600 0.000286784000 
0.05650 0.000272280000 
0.05700 0.000258696000 
0.05750 0.000245114000 
0.05800 0.000232426000 
0.05850 0.000221160000 
0.05900 0.000209894000 
0.05950 0.000198787400 
0.06000 0.000189423600 
0.06050 0.000180059800 
0.06100 0.000170696000 
0.06150 0.000162532800 
0.06200 0.000154735400 
0.06250 0.000146938000 
0.06300 0.000139700000 
0.06350 0.000133194800 
0.06400 0.000126689600 
0.06450 0.000120274200 
0.06500 0.000114837000 
0.06550 0.000109400000 
0.06600 0.000103962800 
0.06650 0.000099162600 
0.06700 0.000094610000 
0.06750 0.000090057600 
0.06800 0.000085754800 
0.06850 0.000081936600 
0.06900 0.000078118200 
0.06950 0.000074299800 
0.07000 0.000071058400 
0.07050 0.000067850200 
0.07100 0.000064642200 
0.07150 0.000061706200 
0.07200 0.000059006400 
0.07250 0.000056306600 
0.07300 0.000053653600 
0.07350 0.000051378000 
0.07400 0.000049102200 
0.07450 0.000046826400 
0.07500 0.000044788400 
0.07550 0.000042867000 
0.07600 0.000040945800 
0.07650 0.000039088400 
0.07700 0.000037463800 
0.07750 0.000035839200 
0.07800 0.000034214600 
0.07850 0.000032775600 
0.07900 0.000031399800 
0.07950 0.000030024000 
0.08000 0.000028702800 
0.08050 0.000027536000 
0.08100 0.000026369200 
0.08150 0.000025202200 
0.08200 0.000024169800 
0.08250 0.000023178600 
0.08300 0.000022187400 
0.08350 0.000021233800 
0.08400 0.000020390600 
0.08450 0.000019547520 
0.08500 0.000018704440 
0.08550 0.000017952220 
0.08600 0.000017234040 
0.08650 0.000016515860 
0.08700 0.000015817640 
0.08750 0.000015205020 
0.08800 0.000014592380 
0.08850 0.000013979760 
0.08900 0.000013424060 
0.08950 0.000012900760 
0.09000 0.000012377440 
0.09050 0.000011859680 
0.09100 0.000011412040 
0.09150 0.000010964420 
0.09200 0.000010516780 
0.09250 0.000010101080 
0.09300 0.000009717680 
0.09350 0.000009334280 
0.09400 0.000008950880 
0.09450 0.000008617080 
0.09500 0.000008288260 
0.09550 0.000007959440 
0.09600 0.000007644960 
0.09650 0.000007362580 
0.09700 0.000007080220 
0.09750 0.000006797840 
0.09800 0.000006543060 
0.09850 0.000006300280 
0.09900 0.000006057500 
0.09950 0.000005817240 
0.10000 0.000005608220 
0.10050 0.000005399220 
0.10100 0.000005190200 
0.10150 0.000004993940 
0.10200 0.000004813800 
0.10250 0.000004633640 
0.10300 0.000004453480 
0.10350 0.000004293060 
0.10400 0.000004137580 
0.10450 0.000003982120 
0.10500 0.000003829740 
0.10550 0.000003695420 
0.10600 0.000003561100 
0.10650 0.000003426800 
0.10700 0.000003301240 
0.10750 0.000003185060 
0.10800 0.000003068880 
0.10850 0.000002952720 
0.10900 0.000002849160 
0.10950 0.000002748580 
0.11000 0.000002647980 
0.11050 0.000002549120 
0.11100 0.000002461920 
0.11150 0.000002374720 
0.11200 0.000002287520 
0.11250 0.000002205380 
0.11300 0.000002129720 
0.11350 0.000002054060 
0.11400 0.000001978400 
0.11450 0.000001910084 
0.11500 0.000001844366 
0.11550 0.000001778646 
0.11600 0.000001713194 
0.11650 0.000001656054 
0.11700 0.000001598914 
0.11750 0.000001541776 
0.11800 0.000001486972 
0.11850 0.000001437244 
0.11900 0.000001387514 
0.11950 0.000001337786 
0.12000 0.000001291848 
0.12050 0.000001248534 
0.12100 0.000001205220 
0.12150 0.000001161906 
0.12200 0.000001123358 
0.12250 0.000001085594 
0.12300 0.000001047830 
0.12350 0.000001010634 
0.12400 0.000000977682 
0.12450 0.000000944728 
0.12500 0.000000911776 
0.12550 0.000000880368 
0.12600 0.000000851592 
0.12650 0.000000822816 
0.12700 0.000000794040 
0.12750 0.000000767490 
0.12800 0.000000742342 
0.12850 0.000000717194 
0.12900 0.000000692046 
0.12950 0.000000669576 
0.13000 0.000000647582 
0.13050 0.000000625588 
0.13100 0.000000603804 
0.13150 0.000000584556 
0.13200 0.000000565308 
0.13250 0.000000546060 
0.13300 0.000000527520 
0.13350 0.000000510662 
0.13400 0.000000493806 
0.13450 0.000000476950 
0.13500 0.000000461148 
0.13550 0.000000446376 
0.13600 0.000000431604 
0.13650 0.000000416832 
0.13700 0.000000403352 
0.13750 0.000000390402 
0.13800 0.000000377450 
0.13850 0.000000364500 
0.13900 0.000000352984 
0.13950 0.000000341624 
0.14000 0.000000330262 
0.14050 0.000000319022 
0.14100 0.000000309052 
0.14150 0.000000299082 
0.14200 0.000000289112 
0.14250 0.000000279460 
0.14300 0.000000270706 
0.14350 0.000000261954 
0.14400 0.000000253200 
0.14450 0.000000244900 
0.14500 0.000000237210 
0.14550 0.000000229520 
0.14600 0.000000221832 
0.14650 0.000000214684 
0.14700 0.000000207928 
0.14750 0.000000201172 
0.14800 0.000000194415 
0.14850 0.000000188253 
0.14900 0.000000182316 
0.14950 0.000000176379 
0.15000 0.000000170441 
0.15050 0.000000165121 
0.15100 0.000000159901 
0.15150 0.000000154681 
0.15200 0.000000149461 
0.15250 0.000000144860 
0.15300 0.000000140270 
0.15350 0.000000135680 
0.15400 0.000000131141 
0.15450 0.000000127105 
0.15500 0.000000123069 
0.15550 0.000000119034 
0.15600 0.000000115091 
0.15650 0.000000111541 
0.15700 0.000000107991 
0.15750 0.000000104442 
0.15800 0.000000101010 
0.15850 0.000000097887 
0.15900 0.000000094763 
0.15950 0.000000091639 
0.16000 0.000000088648 
0.16050 0.000000085901 
0.16100 0.000000083154 
0.16150 0.000000080407 
0.16200 0.000000077796 
0.16250 0.000000075380 
0.16300 0.000000072964 
0.16350 0.000000070547 
0.16400 0.000000068264 
0.16450 0.000000066139 
0.16500 0.000000064013 
0.16550 0.000000061888 
0.16600 0.000000059888 
0.16650 0.000000058020 
0.16700 0.000000056151 
0.16750 0.000000054283 
0.16800 0.000000052528 
0.16850 0.000000050884 
0.16900 0.000000049240 
0.16950 0.000000047596 
0.17000 0.000000046054 
0.17050 0.000000044610 
0.17100 0.000000043165 
0.17150 0.000000041720 
0.17200 0.000000040363 
0.17250 0.000000039092 
0.17300 0.000000037821 
0.17350 0.000000036550 
0.17400 0.000000035353 
0.17450 0.000000034236 
0.17500 0.000000033119 
0.17550 0.000000032002 
0.17600 0.000000030944 
0.17650 0.000000029964 
0.17700 0.000000028984 
0.17750 0.000000028003 
0.17800 0.000000027068 
0.17850 0.000000026207 
0.17900 0.000000025345 
0.17950 0.000000024484 
0.18000 0.000000023655 
0.18050 0.000000022899 
0.18100 0.000000022142 
0.18150 0.000000021385 
0.18200 0.000000020649 
0.18250 0.000000019985 
0.18300 0.000000019321 
0.18350 0.000000018657 
0.18400 0.000000018004 
0.18450 0.000000017422 
0.18500 0.000000016840 
0.18550 0.000000016258 
0.18600 0.000000015677 
0.18650 0.000000015166 
0.18700 0.000000014655 
0.18750 0.000000014145 
0.18800 0.000000013634 
0.18850 0.000000013180 
0.18900 0.000000012733 
0.18950 0.000000012286 
0.19000 0.000000011839 
0.19050 0.000000011434 
0.19100 0.000000011042 
0.19150 0.000000010650 
0.19200 0.000000010258 
0.19250 0.000000009896 
0.19300 0.000000009553 
0.19350 0.000000009210 
0.19400 0.000000008867 
0.19450 0.000000008544 
0.19500 0.000000008244 
0.19550 0.000000007944 
0.19600 0.000000007644 
0.19650 0.000000007355 
0.19700 0.000000007093 
0.19750 0.000000006831 
0.19800 0.000000006569 
0.19850 0.000000006312 
0.19900 0.000000006083 
0.19950 0.000000005854 
0.20000 0.000000005625 
0.20050 0.000000005396 
0.20100 0.000000005196 
0.20150 0.000000004996 
0.20200 0.000000004796 
0.20250 0.000000004596 
0.20300 0.000000004417 
0.20350 0.000000004243 
0.20400 0.000000004070 
0.20450 0.000000003896 
0.20500 0.000000003737 
0.20550 0.000000003585 
0.20600 0.000000003434 
0.20650 0.000000003282 
0.20700 0.000000003141 
0.20750 0.000000003009 
0.20800 0.000000002878 
0.20850 0.000000002747 
0.20900 0.000000002622 
0.20950 0.000000002508 
0.21000 0.000000002394 
0.21050 0.000000002279 
0.21100 0.000000002169 
0.21150 0.000000002070 
0.21200 0.000000001971 
0.21250 0.000000001872 
0.21300 0.000000001775 
0.21350 0.000000001690 
0.21400 0.000000001605 
0.21450 0.000000001520 
0.21500 0.000000001435 
0.21550 0.000000001362 
0.21600 0.000000001289 
0.21650 0.000000001216 
0.21700 0.000000001142 
0.21750 0.000000001080 
0.21800 0.000000001017 
0.21850 0.000000000955 
0.21900 0.000000000892 
0.21950 0.000000000839 
0.22000 0.000000000786 
0.22050 0.000000000732 
0.22100 0.000000000679 
0.22150 0.000000000634 
0.22200 0.000000000589 
0.22250 0.000000000544 
0.22300 0.000000000500 
0.22350 0.000000000462 
0.22400 0.000000000425 
0.22450 0.000000000387 
0.22500 0.000000000352 
0.22550 0.000000000321 
0.22600 0.000000000290 
0.22650 0.000000000259 
0.22700 0.000000000231 
0.22750 0.000000000207 
0.22800 0.000000000182 
0.22850 0.000000000157 
0.22900 0.000000000137 
0.22950 0.000000000118 
0.23000 0.000000000099 
0.23050 0.000000000082 
0.23100 0.000000000068 
0.23150 0.000000000054 
0.23200 0.000000000041 
0.23250 0.000000000031 
0.23300 0.000000000023 
0.23350 0.000000000015 
