0.00000 10.363680000000 
0.00050 8.783780000000 
0.00100 7.203880000000 
0.00150 5.624000000000 
0.00200 4.044100000000 
0.00250 3.143860000000 
0.00300 2.446380000000 
0.00350 1.927884000000 
0.00400 1.574926000000 
0.00450 1.251958000000 
0.00500 1.057838000000 
0.00550 0.863718000000 
0.00600 0.733118000000 
0.00650 0.619902000000 
0.00700 0.520598000000 
0.00750 0.451552000000 
0.00800 0.382504000000 
0.00850 0.333390000000 
0.00900 0.289754000000 
0.00950 0.249144000000 
0.01000 0.220748000000 
0.01050 0.192351600000 
0.01100 0.169275000000 
0.01150 0.150333800000 
0.01200 0.131392800000 
0.01250 0.117769600000 
0.01300 0.104865400000 
0.01350 0.092583200000 
0.01400 0.083628600000 
0.01450 0.074674200000 
0.01500 0.066765200000 
0.01550 0.060450400000 
0.01600 0.054135400000 
0.01650 0.048898800000 
0.01700 0.044381400000 
0.01750 0.039864000000 
0.01800 0.036307000000 
0.01850 0.033034000000 
0.01900 0.029760800000 
0.01950 0.027287200000 
0.02000 0.024888400000 
0.02050 0.022508200000 
0.02100 0.020731800000 
0.02150 0.018955480000 
0.02200 0.017233340000 
0.02250 0.015905460000 
0.02300 0.014577600000 
0.02350 0.013311360000 
0.02400 0.012310260000 
0.02450 0.011309160000 
0.02500 0.010364480000 
0.02550 0.009603800000 
0.02600 0.008843120000 
0.02650 0.008128960000 
0.02700 0.007546820000 
0.02750 0.006964680000 
0.02800 0.006418240000 
0.02850 0.005969800000 
0.02900 0.005521340000 
0.02950 0.005098680000 
0.03000 0.004751100000 
0.03050 0.004403520000 
0.03100 0.004073340000 
0.03150 0.003802420000 
0.03200 0.003531520000 
0.03250 0.003271240000 
0.03300 0.003059000000 
0.03350 0.002846740000 
0.03400 0.002639880000 
0.03450 0.002472780000 
0.03500 0.002305680000 
0.03550 0.002140040000 
0.03600 0.002007880000 
0.03650 0.001875728000 
0.03700 0.001743570000 
0.03750 0.001637238000 
0.03800 0.001532280000 
0.03850 0.001427320000 
0.03900 0.001340266000 
0.03950 0.001256578000 
0.04000 0.001172890000 
0.04050 0.001101220000 
0.04100 0.001034244000 
0.04150 0.000967270000 
0.04200 0.000907964000 
0.04250 0.000854178000 
0.04300 0.000800392000 
0.04350 0.000751090000 
0.04400 0.000707754000 
0.04450 0.000664418000 
0.04500 0.000623258000 
0.04550 0.000588234000 
0.04600 0.000553210000 
0.04650 0.000518716000 
0.04700 0.000490324000 
0.04750 0.000461934000 
0.04800 0.000433544000 
0.04850 0.000409846000 
0.04900 0.000386768000 
0.04950 0.000363692000 
0.05000 0.000343480000 
0.05050 0.000324672000 
0.05100 0.000305864000 
0.05150 0.000288588000 
0.05200 0.000273220000 
0.05250 0.000257852000 
0.05300 0.000243050000 
0.05350 0.000230464000 
0.05400 0.000217878000 
0.05450 0.000205290000 
0.05500 0.000194837000 
0.05550 0.000184504000 
0.05600 0.000174171200 
0.05650 0.000165073200 
0.05700 0.000156571600 
0.05750 0.000148069800 
0.05800 0.000140145600 
0.05850 0.000133135400 
0.05900 0.000126125400 
0.05950 0.000119218200 
0.06000 0.000113426200 
0.06050 0.000107634000 
0.06100 0.000101841800 
0.06150 0.000096813800 
0.06200 0.000092018400 
0.06250 0.000087223000 
0.06300 0.000082781600 
0.06350 0.000078803800 
0.06400 0.000074826000 
0.06450 0.000070904600 
0.06500 0.000067598600 
0.06550 0.000064292600 
0.06600 0.000060986600 
0.06650 0.000058079000 
0.06700 0.000055326400 
0.06750 0.000052573800 
0.06800 0.000049976600 
0.06850 0.000047680600 
0.06900 0.000045384600 
0.06950 0.000043088800 
0.07000 0.000041149600 
0.07050 0.000039231200 
0.07100 0.000037312800 
0.07150 0.000035561800 
0.07200 0.000033956000 
0.07250 0.000032350200 
0.07300 0.000030773200 
0.07350 0.000029426800 
0.07400 0.000028080600 
0.07450 0.000026734400 
0.07500 0.000025532600 
0.07550 0.000024402200 
0.07600 0.000023271600 
0.07650 0.000022179800 
0.07700 0.000021228800 
0.07750 0.000020278000 
0.07800 0.000019326980 
0.07850 0.000018487820 
0.07900 0.000017686720 
0.07950 0.000016885620 
0.08000 0.000016117340 
0.08050 0.000015441400 
0.08100 0.000014765460 
0.08150 0.000014089520 
0.08200 0.000013493660 
0.08250 0.000012922460 
0.08300 0.000012351280 
0.08350 0.000011802260 
0.08400 0.000011318860 
0.08450 0.000010835460 
0.08500 0.000010352060 
0.08550 0.000009922280 
0.08600 0.000009512560 
0.08650 0.000009102860 
0.08700 0.000008704860 
0.08750 0.000008357120 
0.08800 0.000008009360 
0.08850 0.000007661620 
0.08900 0.000007347120 
0.08950 0.000007051540 
0.09000 0.000006755960 
0.09050 0.000006463620 
0.09100 0.000006212020 
0.09150 0.000005960440 
0.09200 0.000005708840 
0.09250 0.000005475720 
0.09300 0.000005261280 
0.09350 0.000005046840 
0.09400 0.000004832400 
0.09450 0.000004646520 
0.09500 0.000004463500 
0.09550 0.000004280480 
0.09600 0.000004105660 
0.09650 0.000003949260 
0.09700 0.000003792840 
0.09750 0.000003636420 
0.09800 0.000003495740 
0.09850 0.000003361900 
0.09900 0.000003228060 
0.09950 0.000003095640 
0.10000 0.000002980960 
0.10050 0.000002866280 
0.10100 0.000002751600 
0.10150 0.000002644120 
0.10200 0.000002545720 
0.10250 0.000002447340 
0.10300 0.000002348960 
0.10350 0.000002261660 
0.10400 0.000002177160 
0.10450 0.000002092640 
0.10500 0.000002009860 
0.10550 0.000001937192 
0.10600 0.000001864522 
0.10650 0.000001791850 
0.10700 0.000001724054 
0.10750 0.000001661486 
0.10800 0.000001598918 
0.10850 0.000001536352 
0.10900 0.000001480782 
0.10950 0.000001426852 
0.11000 0.000001372924 
0.11050 0.000001319946 
0.11100 0.000001273410 
0.11150 0.000001226874 
0.11200 0.000001180338 
0.11250 0.000001136578 
0.11300 0.000001096382 
0.11350 0.000001056184 
0.11400 0.000001015986 
0.11450 0.000000979806 
0.11500 0.000000945046 
0.11550 0.000000910286 
0.11600 0.000000875672 
0.11650 0.000000845584 
0.11700 0.000000815496 
0.11750 0.000000785408 
0.11800 0.000000756586 
0.11850 0.000000730516 
0.11900 0.000000704446 
0.11950 0.000000678376 
0.12000 0.000000654350 
0.12050 0.000000631742 
0.12100 0.000000609134 
0.12150 0.000000586526 
0.12200 0.000000566478 
0.12250 0.000000546852 
0.12300 0.000000527226 
0.12350 0.000000507906 
0.12400 0.000000490854 
0.12450 0.000000473802 
0.12500 0.000000456752 
0.12550 0.000000440524 
0.12600 0.000000425698 
0.12650 0.000000410870 
0.12700 0.000000396044 
0.12750 0.000000382400 
0.12800 0.000000369498 
0.12850 0.000000356596 
0.12900 0.000000343694 
0.12950 0.000000332206 
0.13000 0.000000320970 
0.13050 0.000000309734 
0.13100 0.000000298608 
0.13150 0.000000288816 
0.13200 0.000000279024 
0.13250 0.000000269232 
0.13300 0.000000259810 
0.13350 0.000000251272 
0.13400 0.000000242732 
0.13450 0.000000234192 
0.13500 0.000000226202 
0.13550 0.000000218750 
0.13600 0.000000211298 
0.13650 0.000000203846 
0.13700 0.000000197063 
0.13750 0.000000190556 
0.13800 0.000000184049 
0.13850 0.000000177542 
0.13900 0.000000171777 
0.13950 0.000000166092 
0.14000 0.000000160407 
0.14050 0.000000154784 
0.14100 0.000000149816 
0.14150 0.000000144847 
0.14200 0.000000139879 
0.14250 0.000000135073 
0.14300 0.000000130728 
0.14350 0.000000126383 
0.14400 0.000000122038 
0.14450 0.000000117924 
0.14500 0.000000114123 
0.14550 0.000000110321 
0.14600 0.000000106520 
0.14650 0.000000102994 
0.14700 0.000000099667 
0.14750 0.000000096339 
0.14800 0.000000093012 
0.14850 0.000000089986 
0.14900 0.000000087074 
0.14950 0.000000084161 
0.15000 0.000000081249 
0.15050 0.000000078648 
0.15100 0.000000076097 
0.15150 0.000000073547 
0.15200 0.000000070996 
0.15250 0.000000068756 
0.15300 0.000000066522 
0.15350 0.000000064288 
0.15400 0.000000062079 
0.15450 0.000000060122 
0.15500 0.000000058165 
0.15550 0.000000056208 
0.15600 0.000000054298 
0.15650 0.000000052583 
0.15700 0.000000050868 
0.15750 0.000000049153 
0.15800 0.000000047497 
0.15850 0.000000045994 
0.15900 0.000000044490 
0.15950 0.000000042987 
0.16000 0.000000041549 
0.16050 0.000000040232 
0.16100 0.000000038915 
0.16150 0.000000037598 
0.16200 0.000000036347 
0.16250 0.000000035193 
0.16300 0.000000034038 
0.16350 0.000000032884 
0.16400 0.000000031795 
0.16450 0.000000030783 
0.16500 0.000000029771 
0.16550 0.000000028759 
0.16600 0.000000027809 
0.16650 0.000000026923 
0.16700 0.000000026036 
0.16750 0.000000025150 
0.16800 0.000000024319 
0.16850 0.000000023542 
0.16900 0.000000022765 
0.16950 0.000000021988 
0.17000 0.000000021260 
0.17050 0.000000020579 
0.17100 0.000000019899 
0.17150 0.000000019218 
0.17200 0.000000018579 
0.17250 0.000000017983 
0.17300 0.000000017386 
0.17350 0.000000016790 
0.17400 0.000000016228 
0.17450 0.000000015706 
0.17500 0.000000015183 
0.17550 0.000000014661 
0.17600 0.000000014166 
0.17650 0.000000013709 
0.17700 0.000000013252 
0.17750 0.000000012795 
0.17800 0.000000012359 
0.17850 0.000000011959 
0.17900 0.000000011558 
0.17950 0.000000011158 
0.18000 0.000000010773 
0.18050 0.000000010423 
0.18100 0.000000010072 
0.18150 0.000000009721 
0.18200 0.000000009381 
0.18250 0.000000009074 
0.18300 0.000000008767 
0.18350 0.000000008461 
0.18400 0.000000008159 
0.18450 0.000000007891 
0.18500 0.000000007623 
0.18550 0.000000007355 
0.18600 0.000000007087 
0.18650 0.000000006853 
0.18700 0.000000006619 
0.18750 0.000000006384 
0.18800 0.000000006150 
0.18850 0.000000005942 
0.18900 0.000000005737 
0.18950 0.000000005533 
0.19000 0.000000005328 
0.19050 0.000000005143 
0.19100 0.000000004964 
0.19150 0.000000004785 
0.19200 0.000000004606 
0.19250 0.000000004442 
0.19300 0.000000004286 
0.19350 0.000000004129 
0.19400 0.000000003973 
0.19450 0.000000003827 
0.19500 0.000000003690 
0.19550 0.000000003554 
0.19600 0.000000003418 
0.19650 0.000000003288 
0.19700 0.000000003169 
0.19750 0.000000003050 
0.19800 0.000000002932 
0.19850 0.000000002815 
0.19900 0.000000002712 
0.19950 0.000000002609 
0.20000 0.000000002506 
0.20050 0.000000002402 
0.20100 0.000000002312 
0.20150 0.000000002222 
0.20200 0.000000002132 
0.20250 0.000000002042 
0.20300 0.000000001962 
0.20350 0.000000001884 
0.20400 0.000000001806 
0.20450 0.000000001728 
0.20500 0.000000001657 
0.20550 0.000000001589 
0.20600 0.000000001521 
0.20650 0.000000001453 
0.20700 0.000000001390 
0.20750 0.000000001331 
0.20800 0.000000001273 
0.20850 0.000000001214 
0.20900 0.000000001158 
0.20950 0.000000001107 
0.21000 0.000000001056 
0.21050 0.000000001006 
0.21100 0.000000000956 
0.21150 0.000000000913 
0.21200 0.000000000869 
0.21250 0.000000000825 
0.21300 0.000000000782 
0.21350 0.000000000744 
0.21400 0.000000000706 
0.21450 0.000000000668 
0.21500 0.000000000631 
0.21550 0.000000000599 
0.21600 0.000000000566 
0.21650 0.000000000534 
0.21700 0.000000000501 
0.21750 0.000000000474 
0.21800 0.000000000446 
0.21850 0.000000000419 
0.21900 0.000000000391 
0.21950 0.000000000367 
0.22000 0.000000000344 
0.22050 0.000000000321 
0.22100 0.000000000297 
0.22150 0.000000000277 
0.22200 0.000000000258 
0.22250 0.000000000238 
0.22300 0.000000000218 
0.22350 0.000000000202 
0.22400 0.000000000185 
0.22450 0.000000000169 
0.22500 0.000000000153 
0.22550 0.000000000140 
0.22600 0.000000000126 
0.22650 0.000000000113 
0.22700 0.000000000101 
0.22750 0.000000000090 
0.22800 0.000000000079 
0.22850 0.000000000068 
0.22900 0.000000000060 
0.22950 0.000000000051 
0.23000 0.000000000043 
0.23050 0.000000000035 
0.23100 0.000000000030 
0.23150 0.000000000024 
0.23200 0.000000000018 
0.23250 0.000000000013 
0.23300 0.000000000010 
0.23350 0.000000000006 
