0.00000 9.028800000000 
0.00050 7.620600000000 
0.00100 6.212380000000 
0.00150 4.804180000000 
0.00200 3.395980000000 
0.00250 2.608700000000 
0.00300 2.006660000000 
0.00350 1.563134000000 
0.00400 1.266184000000 
0.00450 0.995136000000 
0.00500 0.835370000000 
0.00550 0.675602000000 
0.00600 0.569534000000 
0.00650 0.478158000000 
0.00700 0.398324000000 
0.00750 0.343582000000 
0.00800 0.288840000000 
0.00850 0.250344000000 
0.00900 0.216314000000 
0.00950 0.184712200000 
0.01000 0.162905800000 
0.01050 0.141099200000 
0.01100 0.123495800000 
0.01150 0.109160000000 
0.01200 0.094824200000 
0.01250 0.084631200000 
0.01300 0.074998200000 
0.01350 0.065843400000 
0.01400 0.059246200000 
0.01450 0.052649000000 
0.01500 0.046845200000 
0.01550 0.042251000000 
0.01600 0.037656800000 
0.01650 0.033870800000 
0.01700 0.030624000000 
0.01750 0.027377200000 
0.01800 0.024841600000 
0.01850 0.022516400000 
0.01900 0.020191200000 
0.01950 0.018451480000 
0.02000 0.016766520000 
0.02050 0.015095160000 
0.02100 0.013861000000 
0.02150 0.012626840000 
0.02200 0.011431560000 
0.02250 0.010518800000 
0.02300 0.009606040000 
0.02350 0.008736980000 
0.02400 0.008055920000 
0.02450 0.007374860000 
0.02500 0.006733400000 
0.02550 0.006221100000 
0.02600 0.005708820000 
0.02650 0.005228840000 
0.02700 0.004840620000 
0.02750 0.004452420000 
0.02800 0.004088780000 
0.02850 0.003792580000 
0.02900 0.003496380000 
0.02950 0.003217780000 
0.03000 0.002990360000 
0.03050 0.002762940000 
0.03100 0.002547280000 
0.03150 0.002371640000 
0.03200 0.002196020000 
0.03250 0.002027500000 
0.03300 0.001891146000 
0.03350 0.001754780000 
0.03400 0.001622000000 
0.03450 0.001515588000 
0.03500 0.001409174000 
0.03550 0.001303734000 
0.03600 0.001220306000 
0.03650 0.001136878000 
0.03700 0.001053450000 
0.03750 0.000986862000 
0.03800 0.000921166000 
0.03850 0.000855472000 
0.03900 0.000801354000 
0.03950 0.000749410000 
0.04000 0.000697468000 
0.04050 0.000653228000 
0.04100 0.000612002000 
0.04150 0.000570774000 
0.04200 0.000534422000 
0.04250 0.000501582000 
0.04300 0.000468740000 
0.04350 0.000438728000 
0.04400 0.000412478000 
0.04450 0.000386228000 
0.04500 0.000361340000 
0.04550 0.000340292000 
0.04600 0.000319242000 
0.04650 0.000298524000 
0.04700 0.000281594000 
0.04750 0.000264664000 
0.04800 0.000247734000 
0.04850 0.000233694000 
0.04900 0.000220038000 
0.04950 0.000206380000 
0.05000 0.000194476800 
0.05050 0.000183430200 
0.05100 0.000172383600 
0.05150 0.000162265800 
0.05200 0.000153306800 
0.05250 0.000144348000 
0.05300 0.000135729400 
0.05350 0.000128445400 
0.05400 0.000121161200 
0.05450 0.000113877000 
0.05500 0.000107868200 
0.05550 0.000101931600 
0.05600 0.000095994800 
0.05650 0.000090791200 
0.05700 0.000085941400 
0.05750 0.000081091800 
0.05800 0.000076582200 
0.05850 0.000072611600 
0.05900 0.000068640800 
0.05950 0.000064730400 
0.06000 0.000061472400 
0.06050 0.000058214400 
0.06100 0.000054956400 
0.06150 0.000052142400 
0.06200 0.000049463600 
0.06250 0.000046784800 
0.06300 0.000044310200 
0.06350 0.000042103200 
0.06400 0.000039896200 
0.06450 0.000037721600 
0.06500 0.000035899600 
0.06550 0.000034077600 
0.06600 0.000032255800 
0.06650 0.000030660600 
0.06700 0.000029153800 
0.06750 0.000027646800 
0.06800 0.000026227800 
0.06850 0.000024979200 
0.06900 0.000023730600 
0.06950 0.000022481800 
0.07000 0.000021433800 
0.07050 0.000020397200 
0.07100 0.000019360580 
0.07150 0.000018417460 
0.07200 0.000017555440 
0.07250 0.000016693420 
0.07300 0.000015847260 
0.07350 0.000015129140 
0.07400 0.000014411020 
0.07450 0.000013692900 
0.07500 0.000013054440 
0.07550 0.000012455200 
0.07600 0.000011855940 
0.07650 0.000011277860 
0.07700 0.000010776960 
0.07750 0.000010276040 
0.07800 0.000009775140 
0.07850 0.000009335060 
0.07900 0.000008915660 
0.07950 0.000008496280 
0.08000 0.000008094660 
0.08050 0.000007742960 
0.08100 0.000007391280 
0.08150 0.000007039580 
0.08200 0.000006730940 
0.08250 0.000006435540 
0.08300 0.000006140140 
0.08350 0.000005856620 
0.08400 0.000005608120 
0.08450 0.000005359620 
0.08500 0.000005111140 
0.08550 0.000004891120 
0.08600 0.000004681760 
0.08650 0.000004472400 
0.08700 0.000004269240 
0.08750 0.000004092580 
0.08800 0.000003915940 
0.08850 0.000003739300 
0.08900 0.000003580100 
0.08950 0.000003430820 
0.09000 0.000003281560 
0.09050 0.000003133980 
0.09100 0.000003007660 
0.09150 0.000002881340 
0.09200 0.000002755020 
0.09250 0.000002638280 
0.09300 0.000002531240 
0.09350 0.000002424180 
0.09400 0.000002317140 
0.09450 0.000002224820 
0.09500 0.000002133980 
0.09550 0.000002043120 
0.09600 0.000001956496 
0.09650 0.000001879298 
0.09700 0.000001802100 
0.09750 0.000001724902 
0.09800 0.000001655728 
0.09850 0.000001590038 
0.09900 0.000001524348 
0.09950 0.000001459386 
0.10000 0.000001403414 
0.10050 0.000001347442 
0.10100 0.000001291470 
0.10150 0.000001239132 
0.10200 0.000001191380 
0.10250 0.000001143628 
0.10300 0.000001095874 
0.10350 0.000001053682 
0.10400 0.000001012890 
0.10450 0.000000972098 
0.10500 0.000000932166 
0.10550 0.000000897276 
0.10600 0.000000862388 
0.10650 0.000000827500 
0.10700 0.000000795028 
0.10750 0.000000765154 
0.10800 0.000000735278 
0.10850 0.000000705402 
0.10900 0.000000678978 
0.10950 0.000000653366 
0.11000 0.000000627752 
0.11050 0.000000602604 
0.11100 0.000000580620 
0.11150 0.000000558636 
0.11200 0.000000536652 
0.11250 0.000000516022 
0.11300 0.000000497132 
0.11350 0.000000478242 
0.11400 0.000000459352 
0.11450 0.000000442414 
0.11500 0.000000426164 
0.11550 0.000000409914 
0.11600 0.000000393736 
0.11650 0.000000379742 
0.11700 0.000000365750 
0.11750 0.000000351758 
0.11800 0.000000338374 
0.11850 0.000000326314 
0.11900 0.000000314252 
0.11950 0.000000302192 
0.12000 0.000000291108 
0.12050 0.000000280702 
0.12100 0.000000270296 
0.12150 0.000000259890 
0.12200 0.000000250702 
0.12250 0.000000241714 
0.12300 0.000000232726 
0.12350 0.000000223884 
0.12400 0.000000216114 
0.12450 0.000000208346 
0.12500 0.000000200576 
0.12550 0.000000193196 
0.12600 0.000000186474 
0.12650 0.000000179753 
0.12700 0.000000173032 
0.12750 0.000000166863 
0.12800 0.000000161044 
0.12850 0.000000155224 
0.12900 0.000000149404 
0.12950 0.000000144244 
0.13000 0.000000139200 
0.13050 0.000000134157 
0.13100 0.000000129165 
0.13150 0.000000124791 
0.13200 0.000000120417 
0.13250 0.000000116044 
0.13300 0.000000111841 
0.13350 0.000000108045 
0.13400 0.000000104250 
0.13450 0.000000100454 
0.13500 0.000000096911 
0.13550 0.000000093615 
0.13600 0.000000090318 
0.13650 0.000000087022 
0.13700 0.000000084031 
0.13750 0.000000081167 
0.13800 0.000000078303 
0.13850 0.000000075438 
0.13900 0.000000072911 
0.13950 0.000000070421 
0.14000 0.000000067930 
0.14050 0.000000065467 
0.14100 0.000000063301 
0.14150 0.000000061134 
0.14200 0.000000058968 
0.14250 0.000000056874 
0.14300 0.000000054989 
0.14350 0.000000053103 
0.14400 0.000000051217 
0.14450 0.000000049435 
0.14500 0.000000047793 
0.14550 0.000000046151 
0.14600 0.000000044508 
0.14650 0.000000042989 
0.14700 0.000000041558 
0.14750 0.000000040128 
0.14800 0.000000038697 
0.14850 0.000000037400 
0.14900 0.000000036153 
0.14950 0.000000034907 
0.15000 0.000000033660 
0.15050 0.000000032551 
0.15100 0.000000031464 
0.15150 0.000000030377 
0.15200 0.000000029290 
0.15250 0.000000028340 
0.15300 0.000000027392 
0.15350 0.000000026444 
0.15400 0.000000025508 
0.15450 0.000000024681 
0.15500 0.000000023855 
0.15550 0.000000023028 
0.15600 0.000000022222 
0.15650 0.000000021501 
0.15700 0.000000020780 
0.15750 0.000000020059 
0.15800 0.000000019363 
0.15850 0.000000018734 
0.15900 0.000000018105 
0.15950 0.000000017475 
0.16000 0.000000016874 
0.16050 0.000000016325 
0.16100 0.000000015776 
0.16150 0.000000015227 
0.16200 0.000000014707 
0.16250 0.000000014227 
0.16300 0.000000013748 
0.16350 0.000000013269 
0.16400 0.000000012818 
0.16450 0.000000012399 
0.16500 0.000000011981 
0.16550 0.000000011563 
0.16600 0.000000011171 
0.16650 0.000000010806 
0.16700 0.000000010441 
0.16750 0.000000010076 
0.16800 0.000000009735 
0.16850 0.000000009416 
0.16900 0.000000009098 
0.16950 0.000000008779 
0.17000 0.000000008481 
0.17050 0.000000008203 
0.17100 0.000000007925 
0.17150 0.000000007648 
0.17200 0.000000007387 
0.17250 0.000000007145 
0.17300 0.000000006902 
0.17350 0.000000006659 
0.17400 0.000000006432 
0.17450 0.000000006220 
0.17500 0.000000006008 
0.17550 0.000000005797 
0.17600 0.000000005597 
0.17650 0.000000005412 
0.17700 0.000000005228 
0.17750 0.000000005043 
0.17800 0.000000004867 
0.17850 0.000000004707 
0.17900 0.000000004546 
0.17950 0.000000004385 
0.18000 0.000000004230 
0.18050 0.000000004090 
0.18100 0.000000003949 
0.18150 0.000000003809 
0.18200 0.000000003673 
0.18250 0.000000003550 
0.18300 0.000000003428 
0.18350 0.000000003305 
0.18400 0.000000003185 
0.18450 0.000000003078 
0.18500 0.000000002972 
0.18550 0.000000002865 
0.18600 0.000000002759 
0.18650 0.000000002666 
0.18700 0.000000002573 
0.18750 0.000000002480 
0.18800 0.000000002388 
0.18850 0.000000002306 
0.18900 0.000000002225 
0.18950 0.000000002144 
0.19000 0.000000002063 
0.19050 0.000000001990 
0.19100 0.000000001920 
0.19150 0.000000001850 
0.19200 0.000000001779 
0.19250 0.000000001714 
0.19300 0.000000001653 
0.19350 0.000000001592 
0.19400 0.000000001531 
0.19450 0.000000001473 
0.19500 0.000000001420 
0.19550 0.000000001367 
0.19600 0.000000001314 
0.19650 0.000000001263 
0.19700 0.000000001217 
0.19750 0.000000001170 
0.19800 0.000000001124 
0.19850 0.000000001079 
0.19900 0.000000001039 
0.19950 0.000000000999 
0.20000 0.000000000959 
0.20050 0.000000000918 
0.20100 0.000000000884 
0.20150 0.000000000849 
0.20200 0.000000000814 
0.20250 0.000000000779 
0.20300 0.000000000748 
0.20350 0.000000000718 
0.20400 0.000000000688 
0.20450 0.000000000658 
0.20500 0.000000000630 
0.20550 0.000000000604 
0.20600 0.000000000578 
0.20650 0.000000000552 
0.20700 0.000000000528 
0.20750 0.000000000505 
0.20800 0.000000000483 
0.20850 0.000000000460 
0.20900 0.000000000439 
0.20950 0.000000000419 
0.21000 0.000000000400 
0.21050 0.000000000381 
0.21100 0.000000000362 
0.21150 0.000000000345 
0.21200 0.000000000328 
0.21250 0.000000000311 
0.21300 0.000000000295 
0.21350 0.000000000281 
0.21400 0.000000000266 
0.21450 0.000000000252 
0.21500 0.000000000238 
0.21550 0.000000000225 
0.21600 0.000000000213 
0.21650 0.000000000201 
0.21700 0.000000000188 
0.21750 0.000000000178 
0.21800 0.000000000168 
0.21850 0.000000000157 
0.21900 0.000000000147 
0.21950 0.000000000138 
0.22000 0.000000000129 
0.22050 0.000000000120 
0.22100 0.000000000111 
0.22150 0.000000000104 
0.22200 0.000000000096 
0.22250 0.000000000089 
0.22300 0.000000000082 
0.22350 0.000000000075 
0.22400 0.000000000069 
0.22450 0.000000000063 
0.22500 0.000000000057 
0.22550 0.000000000052 
0.22600 0.000000000047 
0.22650 0.000000000042 
0.22700 0.000000000038 
0.22750 0.000000000034 
0.22800 0.000000000030 
0.22850 0.000000000025 
0.22900 0.000000000022 
0.22950 0.000000000019 
0.23000 0.000000000016 
0.23050 0.000000000013 
0.23100 0.000000000011 
0.23150 0.000000000009 
0.23200 0.000000000007 
0.23250 0.000000000005 
0.23300 0.000000000004 
0.23350 0.000000000002 
