0.00000 2.361620000000 
0.00050 1.984840000000 
0.00100 1.608066000000 
0.00150 1.231292000000 
0.00200 0.854518000000 
0.00250 0.648170000000 
0.00300 0.492668000000 
0.00350 0.379172000000 
0.00400 0.304526000000 
0.00450 0.236560000000 
0.00500 0.197303600000 
0.00550 0.158046600000 
0.00600 0.132332200000 
0.00650 0.110323600000 
0.00700 0.091168400000 
0.00750 0.078217400000 
0.00800 0.065266400000 
0.00850 0.056261400000 
0.00900 0.048341400000 
0.00950 0.041001600000 
0.01000 0.036002600000 
0.01050 0.031003800000 
0.01100 0.026994400000 
0.01150 0.023754400000 
0.01200 0.020514200000 
0.01250 0.018235840000 
0.01300 0.016087460000 
0.01350 0.014048640000 
0.01400 0.012595760000 
0.01450 0.011142900000 
0.01500 0.009869520000 
0.01550 0.008869860000 
0.01600 0.007870180000 
0.01650 0.007051200000 
0.01700 0.006352740000 
0.01750 0.005654260000 
0.01800 0.005113060000 
0.01850 0.004618340000 
0.01900 0.004123620000 
0.01950 0.003756900000 
0.02000 0.003402180000 
0.02050 0.003050380000 
0.02100 0.002793180000 
0.02150 0.002536000000 
0.02200 0.002287140000 
0.02250 0.002098780000 
0.02300 0.001910424000 
0.02350 0.001731342000 
0.02400 0.001592134000 
0.02450 0.001452926000 
0.02500 0.001322040000 
0.02550 0.001218290000 
0.02600 0.001114540000 
0.02650 0.001017520000 
0.02700 0.000939600000 
0.02750 0.000861682000 
0.02800 0.000788836000 
0.02850 0.000729902000 
0.02900 0.000670968000 
0.02950 0.000615630000 
0.03000 0.000570764000 
0.03050 0.000525900000 
0.03100 0.000483416000 
0.03150 0.000449052000 
0.03200 0.000414690000 
0.03250 0.000381760000 
0.03300 0.000355294000 
0.03350 0.000328828000 
0.03400 0.000303076000 
0.03450 0.000282586000 
0.03500 0.000262096000 
0.03550 0.000241798000 
0.03600 0.000225856000 
0.03650 0.000209916000 
0.03700 0.000193974000 
0.03750 0.000181340200 
0.03800 0.000168882000 
0.03850 0.000156423800 
0.03900 0.000146221800 
0.03950 0.000136444000 
0.04000 0.000126666200 
0.04050 0.000118379000 
0.04100 0.000110674400 
0.04150 0.000102969800 
0.04200 0.000096201600 
0.04250 0.000090107600 
0.04300 0.000084013600 
0.04350 0.000078459000 
0.04400 0.000073622000 
0.04450 0.000068785000 
0.04500 0.000064205800 
0.04550 0.000060353600 
0.04600 0.000056501200 
0.04650 0.000052711000 
0.04700 0.000049633200 
0.04750 0.000046555600 
0.04800 0.000043477800 
0.04850 0.000040940200 
0.04900 0.000038473800 
0.04950 0.000036007600 
0.05000 0.000033866400 
0.05050 0.000031884400 
0.05100 0.000029902400 
0.05150 0.000028091600 
0.05200 0.000026494200 
0.05250 0.000024897000 
0.05300 0.000023362200 
0.05350 0.000022071600 
0.05400 0.000020781000 
0.05450 0.000019490560 
0.05500 0.000018432120 
0.05550 0.000017386800 
0.05600 0.000016341460 
0.05650 0.000015428720 
0.05700 0.000014579940 
0.05750 0.000013731180 
0.05800 0.000012943580 
0.05850 0.000012252820 
0.05900 0.000011562040 
0.05950 0.000010882040 
0.06000 0.000010318580 
0.06050 0.000009755120 
0.06100 0.000009191680 
0.06150 0.000008707060 
0.06200 0.000008246460 
0.06250 0.000007785860 
0.06300 0.000007361320 
0.06350 0.000006984020 
0.06400 0.000006606700 
0.06450 0.000006235080 
0.06500 0.000005925360 
0.06550 0.000005615640 
0.06600 0.000005305900 
0.06650 0.000005035760 
0.06700 0.000004781020 
0.06750 0.000004526280 
0.06800 0.000004286780 
0.06850 0.000004076840 
0.06900 0.000003866920 
0.06950 0.000003656980 
0.07000 0.000003481660 
0.07050 0.000003308320 
0.07100 0.000003135000 
0.07150 0.000002977700 
0.07200 0.000002834320 
0.07250 0.000002690940 
0.07300 0.000002550280 
0.07350 0.000002431460 
0.07400 0.000002312660 
0.07450 0.000002193840 
0.07500 0.000002088560 
0.07550 0.000001989928 
0.07600 0.000001891298 
0.07650 0.000001796246 
0.07700 0.000001714226 
0.07750 0.000001632208 
0.07800 0.000001550188 
0.07850 0.000001478388 
0.07900 0.000001410066 
0.07950 0.000001341744 
0.08000 0.000001276390 
0.08050 0.000001219384 
0.08100 0.000001162378 
0.08150 0.000001105370 
0.08200 0.000001055522 
0.08250 0.000001007878 
0.08300 0.000000960234 
0.08350 0.000000914552 
0.08400 0.000000874670 
0.08450 0.000000834788 
0.08500 0.000000794906 
0.08550 0.000000759712 
0.08600 0.000000726272 
0.08650 0.000000692834 
0.08700 0.000000660410 
0.08750 0.000000632330 
0.08800 0.000000604252 
0.08850 0.000000576172 
0.08900 0.000000550940 
0.08950 0.000000527324 
0.09000 0.000000503710 
0.09050 0.000000480368 
0.09100 0.000000460478 
0.09150 0.000000440588 
0.09200 0.000000420698 
0.09250 0.000000402356 
0.09300 0.000000385578 
0.09350 0.000000368800 
0.09400 0.000000352024 
0.09450 0.000000337612 
0.09500 0.000000323440 
0.09550 0.000000309268 
0.09600 0.000000295770 
0.09650 0.000000283780 
0.09700 0.000000271792 
0.09750 0.000000259804 
0.09800 0.000000249092 
0.09850 0.000000238936 
0.09900 0.000000228780 
0.09950 0.000000218740 
0.10000 0.000000210126 
0.10050 0.000000201512 
0.10100 0.000000192897 
0.10150 0.000000184855 
0.10200 0.000000177538 
0.10250 0.000000170221 
0.10300 0.000000162903 
0.10350 0.000000156460 
0.10400 0.000000150237 
0.10450 0.000000144013 
0.10500 0.000000137924 
0.10550 0.000000132624 
0.10600 0.000000127325 
0.10650 0.000000122025 
0.10700 0.000000117102 
0.10750 0.000000112583 
0.10800 0.000000108064 
0.10850 0.000000103546 
0.10900 0.000000099562 
0.10950 0.000000095705 
0.11000 0.000000091847 
0.11050 0.000000088062 
0.11100 0.000000084764 
0.11150 0.000000081467 
0.11200 0.000000078170 
0.11250 0.000000075082 
0.11300 0.000000072260 
0.11350 0.000000069439 
0.11400 0.000000066618 
0.11450 0.000000064095 
0.11500 0.000000061678 
0.11550 0.000000059262 
0.11600 0.000000056856 
0.11650 0.000000054783 
0.11700 0.000000052710 
0.11750 0.000000050638 
0.11800 0.000000048658 
0.11850 0.000000046878 
0.11900 0.000000045099 
0.11950 0.000000043320 
0.12000 0.000000041688 
0.12050 0.000000040159 
0.12100 0.000000038630 
0.12150 0.000000037101 
0.12200 0.000000035756 
0.12250 0.000000034441 
0.12300 0.000000033125 
0.12350 0.000000031832 
0.12400 0.000000030699 
0.12450 0.000000029567 
0.12500 0.000000028435 
0.12550 0.000000027360 
0.12600 0.000000026384 
0.12650 0.000000025408 
0.12700 0.000000024432 
0.12750 0.000000023539 
0.12800 0.000000022697 
0.12850 0.000000021855 
0.12900 0.000000021014 
0.12950 0.000000020270 
0.13000 0.000000019543 
0.13050 0.000000018816 
0.13100 0.000000018097 
0.13150 0.000000017470 
0.13200 0.000000016842 
0.13250 0.000000016214 
0.13300 0.000000015612 
0.13350 0.000000015069 
0.13400 0.000000014526 
0.13450 0.000000013984 
0.13500 0.000000013478 
0.13550 0.000000013008 
0.13600 0.000000012539 
0.13650 0.000000012069 
0.13700 0.000000011644 
0.13750 0.000000011238 
0.13800 0.000000010831 
0.13850 0.000000010425 
0.13900 0.000000010067 
0.13950 0.000000009715 
0.14000 0.000000009363 
0.14050 0.000000009015 
0.14100 0.000000008710 
0.14150 0.000000008405 
0.14200 0.000000008099 
0.14250 0.000000007805 
0.14300 0.000000007540 
0.14350 0.000000007275 
0.14400 0.000000007011 
0.14450 0.000000006761 
0.14500 0.000000006531 
0.14550 0.000000006301 
0.14600 0.000000006072 
0.14650 0.000000005860 
0.14700 0.000000005660 
0.14750 0.000000005461 
0.14800 0.000000005261 
0.14850 0.000000005081 
0.14900 0.000000004908 
0.14950 0.000000004735 
0.15000 0.000000004562 
0.15050 0.000000004408 
0.15100 0.000000004258 
0.15150 0.000000004107 
0.15200 0.000000003957 
0.15250 0.000000003826 
0.15300 0.000000003695 
0.15350 0.000000003564 
0.15400 0.000000003435 
0.15450 0.000000003322 
0.15500 0.000000003208 
0.15550 0.000000003094 
0.15600 0.000000002984 
0.15650 0.000000002885 
0.15700 0.000000002786 
0.15750 0.000000002687 
0.15800 0.000000002592 
0.15850 0.000000002506 
0.15900 0.000000002420 
0.15950 0.000000002334 
0.16000 0.000000002252 
0.16050 0.000000002178 
0.16100 0.000000002103 
0.16150 0.000000002028 
0.16200 0.000000001957 
0.16250 0.000000001892 
0.16300 0.000000001827 
0.16350 0.000000001762 
0.16400 0.000000001701 
0.16450 0.000000001645 
0.16500 0.000000001588 
0.16550 0.000000001532 
0.16600 0.000000001479 
0.16650 0.000000001429 
0.16700 0.000000001380 
0.16750 0.000000001331 
0.16800 0.000000001285 
0.16850 0.000000001242 
0.16900 0.000000001199 
0.16950 0.000000001157 
0.17000 0.000000001117 
0.17050 0.000000001079 
0.17100 0.000000001042 
0.17150 0.000000001005 
0.17200 0.000000000970 
0.17250 0.000000000938 
0.17300 0.000000000905 
0.17350 0.000000000873 
0.17400 0.000000000843 
0.17450 0.000000000814 
0.17500 0.000000000786 
0.17550 0.000000000758 
0.17600 0.000000000731 
0.17650 0.000000000707 
0.17700 0.000000000682 
0.17750 0.000000000658 
0.17800 0.000000000635 
0.17850 0.000000000613 
0.17900 0.000000000592 
0.17950 0.000000000571 
0.18000 0.000000000550 
0.18050 0.000000000532 
0.18100 0.000000000513 
0.18150 0.000000000495 
0.18200 0.000000000477 
0.18250 0.000000000461 
0.18300 0.000000000444 
0.18350 0.000000000428 
0.18400 0.000000000413 
0.18450 0.000000000399 
0.18500 0.000000000385 
0.18550 0.000000000371 
0.18600 0.000000000357 
0.18650 0.000000000344 
0.18700 0.000000000332 
0.18750 0.000000000320 
0.18800 0.000000000308 
0.18850 0.000000000297 
0.18900 0.000000000287 
0.18950 0.000000000276 
0.19000 0.000000000266 
0.19050 0.000000000256 
0.19100 0.000000000247 
0.19150 0.000000000238 
0.19200 0.000000000229 
0.19250 0.000000000220 
0.19300 0.000000000212 
0.19350 0.000000000204 
0.19400 0.000000000196 
0.19450 0.000000000189 
0.19500 0.000000000182 
0.19550 0.000000000175 
0.19600 0.000000000168 
0.19650 0.000000000162 
0.19700 0.000000000156 
0.19750 0.000000000150 
0.19800 0.000000000144 
0.19850 0.000000000138 
0.19900 0.000000000133 
0.19950 0.000000000127 
0.20000 0.000000000122 
0.20050 0.000000000117 
0.20100 0.000000000113 
0.20150 0.000000000108 
0.20200 0.000000000104 
0.20250 0.000000000099 
0.20300 0.000000000095 
0.20350 0.000000000091 
0.20400 0.000000000087 
0.20450 0.000000000084 
0.20500 0.000000000080 
0.20550 0.000000000077 
0.20600 0.000000000073 
0.20650 0.000000000070 
0.20700 0.000000000067 
0.20750 0.000000000064 
0.20800 0.000000000061 
0.20850 0.000000000058 
0.20900 0.000000000056 
0.20950 0.000000000053 
0.21000 0.000000000051 
0.21050 0.000000000048 
0.21100 0.000000000046 
0.21150 0.000000000044 
0.21200 0.000000000041 
0.21250 0.000000000039 
0.21300 0.000000000037 
0.21350 0.000000000035 
0.21400 0.000000000034 
0.21450 0.000000000032 
0.21500 0.000000000030 
0.21550 0.000000000028 
0.21600 0.000000000027 
0.21650 0.000000000025 
0.21700 0.000000000024 
0.21750 0.000000000022 
0.21800 0.000000000021 
0.21850 0.000000000020 
0.21900 0.000000000018 
0.21950 0.000000000017 
0.22000 0.000000000016 
0.22050 0.000000000015 
0.22100 0.000000000014 
0.22150 0.000000000013 
0.22200 0.000000000012 
0.22250 0.000000000011 
0.22300 0.000000000010 
0.22350 0.000000000009 
0.22400 0.000000000009 
0.22450 0.000000000008 
0.22500 0.000000000007 
0.22550 0.000000000007 
0.22600 0.000000000006 
0.22650 0.000000000005 
0.22700 0.000000000005 
0.22750 0.000000000004 
0.22800 0.000000000004 
0.22850 0.000000000003 
0.22900 0.000000000003 
0.22950 0.000000000002 
0.23000 0.000000000002 
0.23050 0.000000000002 
0.23100 0.000000000001 
0.23150 0.000000000001 
0.23200 0.000000000001 
0.23250 0.000000000001 
0.23300 0.000000000000 
0.23350 0.000000000000 
