0.00000 137.281800000000 
0.00050 118.456200000000 
0.00100 99.630600000000 
0.00150 80.805200000000 
0.00200 61.979600000000 
0.00250 49.929600000000 
0.00300 39.901000000000 
0.00350 32.173000000000 
0.00400 26.572800000000 
0.00450 21.414800000000 
0.00500 18.157700000000 
0.00550 14.900600000000 
0.00600 12.661940000000 
0.00650 10.701960000000 
0.00700 8.977000000000 
0.00750 7.763020000000 
0.00800 6.549040000000 
0.00850 5.682680000000 
0.00900 4.911880000000 
0.00950 4.194840000000 
0.01000 3.694760000000 
0.01050 3.194700000000 
0.01100 2.789960000000 
0.01150 2.459340000000 
0.01200 2.128740000000 
0.01250 1.893550000000 
0.01300 1.671272000000 
0.01350 1.460112000000 
0.01400 1.308424000000 
0.01450 1.156734000000 
0.01500 1.023574000000 
0.01550 0.918660000000 
0.01600 0.813746000000 
0.01650 0.727710000000 
0.01700 0.654264000000 
0.01750 0.580818000000 
0.01800 0.523938000000 
0.01850 0.471954000000 
0.01900 0.419970000000 
0.01950 0.381542000000 
0.02000 0.344380000000 
0.02050 0.307530000000 
0.02100 0.280720000000 
0.02150 0.253908000000 
0.02200 0.227982000000 
0.02250 0.208478000000 
0.02300 0.188972400000 
0.02350 0.170449400000 
0.02400 0.156149600000 
0.02450 0.141849800000 
0.02500 0.128428200000 
0.02550 0.117869800000 
0.02600 0.107311400000 
0.02650 0.097459000000 
0.02700 0.089611800000 
0.02750 0.081764400000 
0.02800 0.074445800000 
0.02850 0.068577800000 
0.02900 0.062709800000 
0.02950 0.057213800000 
0.03000 0.052801000000 
0.03050 0.048388200000 
0.03100 0.044219600000 
0.03150 0.040883600000 
0.03200 0.037547600000 
0.03250 0.034356800000 
0.03300 0.031822400000 
0.03350 0.029288000000 
0.03400 0.026825400000 
0.03450 0.024891200000 
0.03500 0.022956800000 
0.03550 0.021041800000 
0.03600 0.019559060000 
0.03650 0.018076420000 
0.03700 0.016593760000 
0.03750 0.015435480000 
0.03800 0.014294400000 
0.03850 0.013153340000 
0.03900 0.012230720000 
0.03950 0.011349180000 
0.04000 0.010467640000 
0.04050 0.009728500000 
0.04100 0.009045000000 
0.04150 0.008361500000 
0.04200 0.007766240000 
0.04250 0.007234500000 
0.04300 0.006702760000 
0.04350 0.006221080000 
0.04400 0.005806060000 
0.04450 0.005391040000 
0.04500 0.004999620000 
0.04550 0.004674720000 
0.04600 0.004349800000 
0.04650 0.004030480000 
0.04700 0.003775360000 
0.04750 0.003520260000 
0.04800 0.003265140000 
0.04850 0.003057940000 
0.04900 0.002857080000 
0.04950 0.002656220000 
0.05000 0.002483760000 
0.05050 0.002325200000 
0.05100 0.002166640000 
0.05150 0.002022780000 
0.05200 0.001897276000 
0.05250 0.001771774000 
0.05300 0.001651544000 
0.05350 0.001551972000 
0.05400 0.001452398000 
0.05450 0.001352826000 
0.05500 0.001272548000 
0.05550 0.001193358000 
0.05600 0.001114170000 
0.05650 0.001045820000 
0.05700 0.000982700000 
0.05750 0.000919580000 
0.05800 0.000861376000 
0.05850 0.000810952000 
0.05900 0.000760530000 
0.05950 0.000710956000 
0.06000 0.000670590000 
0.06050 0.000630222000 
0.06100 0.000589856000 
0.06150 0.000555608000 
0.06200 0.000523226000 
0.06250 0.000490842000 
0.06300 0.000461210000 
0.06350 0.000435180000 
0.06400 0.000409150000 
0.06450 0.000383546000 
0.06500 0.000362580000 
0.06550 0.000341614000 
0.06600 0.000320648000 
0.06650 0.000302596000 
0.06700 0.000285678000 
0.06750 0.000268760000 
0.06800 0.000252944000 
0.06850 0.000239266000 
0.06900 0.000225586000 
0.06950 0.000211908000 
0.07000 0.000200688000 
0.07050 0.000189608400 
0.07100 0.000178529400 
0.07150 0.000168568800 
0.07200 0.000159578800 
0.07250 0.000150589000 
0.07300 0.000141784600 
0.07350 0.000134477000 
0.07400 0.000127169400 
0.07450 0.000119861800 
0.07500 0.000113463800 
0.07550 0.000107513600 
0.07600 0.000101563200 
0.07650 0.000095849000 
0.07700 0.000090995600 
0.07750 0.000086142000 
0.07800 0.000081288600 
0.07850 0.000077097600 
0.07900 0.000073132200 
0.07950 0.000069166800 
0.08000 0.000065390200 
0.08050 0.000062145000 
0.08100 0.000058899800 
0.08150 0.000055654600 
0.08200 0.000052856600 
0.08250 0.000050196400 
0.08300 0.000047536400 
0.08350 0.000044996600 
0.08400 0.000042812600 
0.08450 0.000040628600 
0.08500 0.000038444600 
0.08550 0.000036543000 
0.08600 0.000034747000 
0.08650 0.000032951200 
0.08700 0.000031215000 
0.08750 0.000029736000 
0.08800 0.000028257000 
0.08850 0.000026777800 
0.08900 0.000025464000 
0.08950 0.000024244000 
0.09000 0.000023024000 
0.09050 0.000021819600 
0.09100 0.000020811800 
0.09150 0.000019804100 
0.09200 0.000018796320 
0.09250 0.000017875060 
0.09300 0.000017041320 
0.09350 0.000016207600 
0.09400 0.000015373880 
0.09450 0.000014670100 
0.09500 0.000013979380 
0.09550 0.000013288660 
0.09600 0.000012634240 
0.09650 0.000012061160 
0.09700 0.000011488100 
0.09750 0.000010915040 
0.09800 0.000010409560 
0.09850 0.000009933460 
0.09900 0.000009457340 
0.09950 0.000008987220 
0.10000 0.000008591100 
0.10050 0.000008195000 
0.10100 0.000007798880 
0.10150 0.000007432000 
0.10200 0.000007102000 
0.10250 0.000006772020 
0.10300 0.000006442020 
0.10350 0.000006155740 
0.10400 0.000005880460 
0.10450 0.000005605180 
0.10500 0.000005336500 
0.10550 0.000005106580 
0.10600 0.000004876660 
0.10650 0.000004646740 
0.10700 0.000004434980 
0.10750 0.000004242680 
0.10800 0.000004050400 
0.10850 0.000003858120 
0.10900 0.000003691160 
0.10950 0.000003530160 
0.11000 0.000003369140 
0.11050 0.000003211480 
0.11100 0.000003076500 
0.11150 0.000002941500 
0.11200 0.000002806520 
0.11250 0.000002681040 
0.11300 0.000002567740 
0.11350 0.000002454460 
0.11400 0.000002341160 
0.11450 0.000002241240 
0.11500 0.000002146040 
0.11550 0.000002050840 
0.11600 0.000001956104 
0.11650 0.000001876018 
0.11700 0.000001795934 
0.11750 0.000001715850 
0.11800 0.000001639750 
0.11850 0.000001572308 
0.11900 0.000001504866 
0.11950 0.000001437424 
0.12000 0.000001376242 
0.12050 0.000001319388 
0.12100 0.000001262536 
0.12150 0.000001205684 
0.12200 0.000001156454 
0.12250 0.000001108478 
0.12300 0.000001060502 
0.12350 0.000001013408 
0.12400 0.000000972884 
0.12450 0.000000932362 
0.12500 0.000000891838 
0.12550 0.000000853630 
0.12600 0.000000819370 
0.12650 0.000000785108 
0.12700 0.000000750848 
0.12750 0.000000719820 
0.12800 0.000000690828 
0.12850 0.000000661834 
0.12900 0.000000632842 
0.12950 0.000000607618 
0.13000 0.000000583062 
0.13050 0.000000558508 
0.13100 0.000000534238 
0.13150 0.000000513426 
0.13200 0.000000492612 
0.13250 0.000000471798 
0.13300 0.000000451916 
0.13350 0.000000434260 
0.13400 0.000000416602 
0.13450 0.000000398946 
0.13500 0.000000382640 
0.13550 0.000000367648 
0.13600 0.000000352658 
0.13650 0.000000337668 
0.13700 0.000000324276 
0.13750 0.000000311542 
0.13800 0.000000298806 
0.13850 0.000000286072 
0.13900 0.000000275058 
0.13950 0.000000264232 
0.14000 0.000000253406 
0.14050 0.000000242718 
0.14100 0.000000233508 
0.14150 0.000000224300 
0.14200 0.000000215090 
0.14250 0.000000206238 
0.14300 0.000000198399 
0.14350 0.000000190560 
0.14400 0.000000182721 
0.14450 0.000000175378 
0.14500 0.000000168702 
0.14550 0.000000162025 
0.14600 0.000000155349 
0.14650 0.000000149247 
0.14700 0.000000143558 
0.14750 0.000000137869 
0.14800 0.000000132180 
0.14850 0.000000127100 
0.14900 0.000000122250 
0.14950 0.000000117401 
0.15000 0.000000112551 
0.15050 0.000000108315 
0.15100 0.000000104179 
0.15150 0.000000100042 
0.15200 0.000000095906 
0.15250 0.000000092366 
0.15300 0.000000088836 
0.15350 0.000000085307 
0.15400 0.000000081826 
0.15450 0.000000078813 
0.15500 0.000000075801 
0.15550 0.000000072789 
0.15600 0.000000069861 
0.15650 0.000000067289 
0.15700 0.000000064717 
0.15750 0.000000062145 
0.15800 0.000000059677 
0.15850 0.000000057480 
0.15900 0.000000055282 
0.15950 0.000000053085 
0.16000 0.000000051000 
0.16050 0.000000049123 
0.16100 0.000000047246 
0.16150 0.000000045369 
0.16200 0.000000043605 
0.16250 0.000000042001 
0.16300 0.000000040397 
0.16350 0.000000038793 
0.16400 0.000000037295 
0.16450 0.000000035924 
0.16500 0.000000034553 
0.16550 0.000000033182 
0.16600 0.000000031908 
0.16650 0.000000030736 
0.16700 0.000000029564 
0.16750 0.000000028392 
0.16800 0.000000027307 
0.16850 0.000000026304 
0.16900 0.000000025302 
0.16950 0.000000024300 
0.17000 0.000000023372 
0.17050 0.000000022515 
0.17100 0.000000021658 
0.17150 0.000000020801 
0.17200 0.000000020006 
0.17250 0.000000019273 
0.17300 0.000000018540 
0.17350 0.000000017807 
0.17400 0.000000017124 
0.17450 0.000000016497 
0.17500 0.000000015870 
0.17550 0.000000015242 
0.17600 0.000000014655 
0.17650 0.000000014119 
0.17700 0.000000013583 
0.17750 0.000000013046 
0.17800 0.000000012539 
0.17850 0.000000012081 
0.17900 0.000000011622 
0.17950 0.000000011164 
0.18000 0.000000010725 
0.18050 0.000000010333 
0.18100 0.000000009941 
0.18150 0.000000009548 
0.18200 0.000000009168 
0.18250 0.000000008833 
0.18300 0.000000008497 
0.18350 0.000000008161 
0.18400 0.000000007832 
0.18450 0.000000007545 
0.18500 0.000000007258 
0.18550 0.000000006971 
0.18600 0.000000006685 
0.18650 0.000000006439 
0.18700 0.000000006194 
0.18750 0.000000005948 
0.18800 0.000000005702 
0.18850 0.000000005489 
0.18900 0.000000005279 
0.18950 0.000000005069 
0.19000 0.000000004859 
0.19050 0.000000004673 
0.19100 0.000000004493 
0.19150 0.000000004314 
0.19200 0.000000004134 
0.19250 0.000000003971 
0.19300 0.000000003817 
0.19350 0.000000003664 
0.19400 0.000000003511 
0.19450 0.000000003368 
0.19500 0.000000003236 
0.19550 0.000000003105 
0.19600 0.000000002974 
0.19650 0.000000002849 
0.19700 0.000000002737 
0.19750 0.000000002625 
0.19800 0.000000002513 
0.19850 0.000000002404 
0.19900 0.000000002308 
0.19950 0.000000002213 
0.20000 0.000000002117 
0.20050 0.000000002022 
0.20100 0.000000001940 
0.20150 0.000000001858 
0.20200 0.000000001776 
0.20250 0.000000001695 
0.20300 0.000000001623 
0.20350 0.000000001554 
0.20400 0.000000001484 
0.20450 0.000000001415 
0.20500 0.000000001352 
0.20550 0.000000001293 
0.20600 0.000000001233 
0.20650 0.000000001174 
0.20700 0.000000001119 
0.20750 0.000000001069 
0.20800 0.000000001019 
0.20850 0.000000000968 
0.20900 0.000000000921 
0.20950 0.000000000878 
0.21000 0.000000000835 
0.21050 0.000000000792 
0.21100 0.000000000751 
0.21150 0.000000000714 
0.21200 0.000000000678 
0.21250 0.000000000642 
0.21300 0.000000000606 
0.21350 0.000000000575 
0.21400 0.000000000545 
0.21450 0.000000000514 
0.21500 0.000000000483 
0.21550 0.000000000458 
0.21600 0.000000000432 
0.21650 0.000000000406 
0.21700 0.000000000380 
0.21750 0.000000000358 
0.21800 0.000000000336 
0.21850 0.000000000315 
0.21900 0.000000000293 
0.21950 0.000000000275 
0.22000 0.000000000256 
0.22050 0.000000000238 
0.22100 0.000000000220 
0.22150 0.000000000205 
0.22200 0.000000000190 
0.22250 0.000000000175 
0.22300 0.000000000160 
0.22350 0.000000000148 
0.22400 0.000000000135 
0.22450 0.000000000123 
0.22500 0.000000000111 
0.22550 0.000000000101 
0.22600 0.000000000091 
0.22650 0.000000000081 
0.22700 0.000000000072 
0.22750 0.000000000064 
0.22800 0.000000000057 
0.22850 0.000000000049 
0.22900 0.000000000042 
0.22950 0.000000000037 
0.23000 0.000000000031 
0.23050 0.000000000025 
0.23100 0.000000000021 
0.23150 0.000000000017 
0.23200 0.000000000012 
0.23250 0.000000000009 
0.23300 0.000000000007 
0.23350 0.000000000004 
