0.00000 151.871000000000 
0.00050 131.044800000000 
0.00100 110.218600000000 
0.00150 89.392400000000 
0.00200 68.566200000000 
0.00250 55.235600000000 
0.00300 44.141400000000 
0.00350 35.592200000000 
0.00400 29.396600000000 
0.00450 23.690600000000 
0.00500 20.087400000000 
0.00550 16.484100000000 
0.00600 14.007540000000 
0.00650 11.839280000000 
0.00700 9.931000000000 
0.00750 8.588020000000 
0.00800 7.245020000000 
0.00850 6.286580000000 
0.00900 5.433860000000 
0.00950 4.640620000000 
0.01000 4.087420000000 
0.01050 3.534200000000 
0.01100 3.086460000000 
0.01150 2.720700000000 
0.01200 2.354960000000 
0.01250 2.094780000000 
0.01300 1.848880000000 
0.01350 1.615282000000 
0.01400 1.447472000000 
0.01450 1.279664000000 
0.01500 1.132350000000 
0.01550 1.016288000000 
0.01600 0.900224000000 
0.01650 0.805044000000 
0.01700 0.723794000000 
0.01750 0.642542000000 
0.01800 0.579618000000 
0.01850 0.522110000000 
0.01900 0.464602000000 
0.01950 0.422088000000 
0.02000 0.380978000000 
0.02050 0.340212000000 
0.02100 0.310552000000 
0.02150 0.280892000000 
0.02200 0.252210000000 
0.02250 0.230632000000 
0.02300 0.209054000000 
0.02350 0.188563400000 
0.02400 0.172744000000 
0.02450 0.156924600000 
0.02500 0.142076400000 
0.02550 0.130396000000 
0.02600 0.118715600000 
0.02650 0.107816200000 
0.02700 0.099135000000 
0.02750 0.090453600000 
0.02800 0.082357200000 
0.02850 0.075865600000 
0.02900 0.069374000000 
0.02950 0.063294000000 
0.03000 0.058412200000 
0.03050 0.053530600000 
0.03100 0.048919000000 
0.03150 0.045228400000 
0.03200 0.041537800000 
0.03250 0.038008000000 
0.03300 0.035204400000 
0.03350 0.032400600000 
0.03400 0.029676200000 
0.03450 0.027536400000 
0.03500 0.025396600000 
0.03550 0.023277800000 
0.03600 0.021637600000 
0.03650 0.019997440000 
0.03700 0.018357220000 
0.03750 0.017075840000 
0.03800 0.015813500000 
0.03850 0.014551160000 
0.03900 0.013530520000 
0.03950 0.012555280000 
0.04000 0.011580060000 
0.04050 0.010762360000 
0.04100 0.010006240000 
0.04150 0.009250100000 
0.04200 0.008591580000 
0.04250 0.008003320000 
0.04300 0.007415060000 
0.04350 0.006882220000 
0.04400 0.006423080000 
0.04450 0.005963960000 
0.04500 0.005530940000 
0.04550 0.005171500000 
0.04600 0.004812060000 
0.04650 0.004458800000 
0.04700 0.004176580000 
0.04750 0.003894360000 
0.04800 0.003612140000 
0.04850 0.003382920000 
0.04900 0.003160720000 
0.04950 0.002938500000 
0.05000 0.002747720000 
0.05050 0.002572300000 
0.05100 0.002396880000 
0.05150 0.002237740000 
0.05200 0.002098900000 
0.05250 0.001960064000 
0.05300 0.001827058000 
0.05350 0.001716902000 
0.05400 0.001606748000 
0.05450 0.001496592000 
0.05500 0.001407784000 
0.05550 0.001320180000 
0.05600 0.001232576000 
0.05650 0.001156962000 
0.05700 0.001087134000 
0.05750 0.001017306000 
0.05800 0.000952916000 
0.05850 0.000897134000 
0.05900 0.000841352000 
0.05950 0.000786510000 
0.06000 0.000741854000 
0.06050 0.000697198000 
0.06100 0.000652540000 
0.06150 0.000614654000 
0.06200 0.000578830000 
0.06250 0.000543006000 
0.06300 0.000510224000 
0.06350 0.000481428000 
0.06400 0.000452630000 
0.06450 0.000424306000 
0.06500 0.000401112000 
0.06550 0.000377918000 
0.06600 0.000354724000 
0.06650 0.000334754000 
0.06700 0.000316038000 
0.06750 0.000297320000 
0.06800 0.000279824000 
0.06850 0.000264692000 
0.06900 0.000249560000 
0.06950 0.000234428000 
0.07000 0.000222014000 
0.07050 0.000209758000 
0.07100 0.000197502000 
0.07150 0.000186482800 
0.07200 0.000176537600 
0.07250 0.000166592400 
0.07300 0.000156852200 
0.07350 0.000148768200 
0.07400 0.000140684000 
0.07450 0.000132599800 
0.07500 0.000125521800 
0.07550 0.000118939200 
0.07600 0.000112356600 
0.07650 0.000106035000 
0.07700 0.000100665800 
0.07750 0.000095296600 
0.07800 0.000089927400 
0.07850 0.000085291000 
0.07900 0.000080904000 
0.07950 0.000076517200 
0.08000 0.000072339400 
0.08050 0.000068749200 
0.08100 0.000065159200 
0.08150 0.000061569000 
0.08200 0.000058473800 
0.08250 0.000055531000 
0.08300 0.000052588200 
0.08350 0.000049778400 
0.08400 0.000047362400 
0.08450 0.000044946200 
0.08500 0.000042530200 
0.08550 0.000040426400 
0.08600 0.000038439600 
0.08650 0.000036452800 
0.08700 0.000034532400 
0.08750 0.000032896200 
0.08800 0.000031259800 
0.08850 0.000029623600 
0.08900 0.000028170200 
0.08950 0.000026820400 
0.09000 0.000025470800 
0.09050 0.000024138400 
0.09100 0.000023023600 
0.09150 0.000021908800 
0.09200 0.000020793800 
0.09250 0.000019774660 
0.09300 0.000018852340 
0.09350 0.000017930020 
0.09400 0.000017007700 
0.09450 0.000016229120 
0.09500 0.000015464980 
0.09550 0.000014700860 
0.09600 0.000013976900 
0.09650 0.000013342940 
0.09700 0.000012708960 
0.09750 0.000012075000 
0.09800 0.000011515820 
0.09850 0.000010989100 
0.09900 0.000010462380 
0.09950 0.000009942300 
0.10000 0.000009504100 
0.10050 0.000009065900 
0.10100 0.000008627680 
0.10150 0.000008221800 
0.10200 0.000007856740 
0.10250 0.000007491680 
0.10300 0.000007126620 
0.10350 0.000006809920 
0.10400 0.000006505380 
0.10450 0.000006200860 
0.10500 0.000005903620 
0.10550 0.000005649280 
0.10600 0.000005394920 
0.10650 0.000005140560 
0.10700 0.000004906280 
0.10750 0.000004693560 
0.10800 0.000004480840 
0.10850 0.000004268120 
0.10900 0.000004083420 
0.10950 0.000003905300 
0.11000 0.000003727180 
0.11050 0.000003552760 
0.11100 0.000003403440 
0.11150 0.000003254100 
0.11200 0.000003104780 
0.11250 0.000002965960 
0.11300 0.000002840620 
0.11350 0.000002715300 
0.11400 0.000002589960 
0.11450 0.000002479420 
0.11500 0.000002374100 
0.11550 0.000002268780 
0.11600 0.000002163980 
0.11650 0.000002075380 
0.11700 0.000001986792 
0.11750 0.000001898196 
0.11800 0.000001814010 
0.11850 0.000001739400 
0.11900 0.000001664792 
0.11950 0.000001590182 
0.12000 0.000001522498 
0.12050 0.000001459602 
0.12100 0.000001396708 
0.12150 0.000001333814 
0.12200 0.000001279352 
0.12250 0.000001226278 
0.12300 0.000001173204 
0.12350 0.000001121106 
0.12400 0.000001076276 
0.12450 0.000001031444 
0.12500 0.000000986614 
0.12550 0.000000944348 
0.12600 0.000000906446 
0.12650 0.000000868544 
0.12700 0.000000830642 
0.12750 0.000000796316 
0.12800 0.000000764242 
0.12850 0.000000732170 
0.12900 0.000000700096 
0.12950 0.000000672190 
0.13000 0.000000645026 
0.13050 0.000000617862 
0.13100 0.000000591014 
0.13150 0.000000567988 
0.13200 0.000000544962 
0.13250 0.000000521936 
0.13300 0.000000499942 
0.13350 0.000000480410 
0.13400 0.000000460876 
0.13450 0.000000441342 
0.13500 0.000000423302 
0.13550 0.000000406720 
0.13600 0.000000390136 
0.13650 0.000000373554 
0.13700 0.000000358738 
0.13750 0.000000344650 
0.13800 0.000000330562 
0.13850 0.000000316474 
0.13900 0.000000304290 
0.13950 0.000000292312 
0.14000 0.000000280336 
0.14050 0.000000268512 
0.14100 0.000000258324 
0.14150 0.000000248136 
0.14200 0.000000237948 
0.14250 0.000000228156 
0.14300 0.000000219484 
0.14350 0.000000210812 
0.14400 0.000000202140 
0.14450 0.000000194016 
0.14500 0.000000186630 
0.14550 0.000000179244 
0.14600 0.000000171858 
0.14650 0.000000165107 
0.14700 0.000000158814 
0.14750 0.000000152520 
0.14800 0.000000146227 
0.14850 0.000000140607 
0.14900 0.000000135242 
0.14950 0.000000129877 
0.15000 0.000000124512 
0.15050 0.000000119826 
0.15100 0.000000115250 
0.15150 0.000000110674 
0.15200 0.000000106098 
0.15250 0.000000102182 
0.15300 0.000000098277 
0.15350 0.000000094373 
0.15400 0.000000090521 
0.15450 0.000000087189 
0.15500 0.000000083857 
0.15550 0.000000080524 
0.15600 0.000000077285 
0.15650 0.000000074440 
0.15700 0.000000071594 
0.15750 0.000000068749 
0.15800 0.000000066019 
0.15850 0.000000063588 
0.15900 0.000000061157 
0.15950 0.000000058727 
0.16000 0.000000056420 
0.16050 0.000000054344 
0.16100 0.000000052267 
0.16150 0.000000050191 
0.16200 0.000000048239 
0.16250 0.000000046464 
0.16300 0.000000044690 
0.16350 0.000000042915 
0.16400 0.000000041258 
0.16450 0.000000039742 
0.16500 0.000000038225 
0.16550 0.000000036708 
0.16600 0.000000035299 
0.16650 0.000000034003 
0.16700 0.000000032706 
0.16750 0.000000031410 
0.16800 0.000000030208 
0.16850 0.000000029100 
0.16900 0.000000027991 
0.16950 0.000000026882 
0.17000 0.000000025855 
0.17050 0.000000024907 
0.17100 0.000000023959 
0.17150 0.000000023011 
0.17200 0.000000022132 
0.17250 0.000000021321 
0.17300 0.000000020510 
0.17350 0.000000019699 
0.17400 0.000000018943 
0.17450 0.000000018250 
0.17500 0.000000017556 
0.17550 0.000000016862 
0.17600 0.000000016212 
0.17650 0.000000015619 
0.17700 0.000000015026 
0.17750 0.000000014433 
0.17800 0.000000013872 
0.17850 0.000000013365 
0.17900 0.000000012857 
0.17950 0.000000012350 
0.18000 0.000000011865 
0.18050 0.000000011431 
0.18100 0.000000010997 
0.18150 0.000000010563 
0.18200 0.000000010143 
0.18250 0.000000009771 
0.18300 0.000000009400 
0.18350 0.000000009029 
0.18400 0.000000008664 
0.18450 0.000000008347 
0.18500 0.000000008029 
0.18550 0.000000007712 
0.18600 0.000000007395 
0.18650 0.000000007123 
0.18700 0.000000006852 
0.18750 0.000000006580 
0.18800 0.000000006308 
0.18850 0.000000006072 
0.18900 0.000000005840 
0.18950 0.000000005608 
0.19000 0.000000005376 
0.19050 0.000000005169 
0.19100 0.000000004971 
0.19150 0.000000004772 
0.19200 0.000000004574 
0.19250 0.000000004393 
0.19300 0.000000004223 
0.19350 0.000000004053 
0.19400 0.000000003884 
0.19450 0.000000003725 
0.19500 0.000000003580 
0.19550 0.000000003435 
0.19600 0.000000003290 
0.19650 0.000000003152 
0.19700 0.000000003028 
0.19750 0.000000002904 
0.19800 0.000000002780 
0.19850 0.000000002659 
0.19900 0.000000002554 
0.19950 0.000000002448 
0.20000 0.000000002342 
0.20050 0.000000002236 
0.20100 0.000000002146 
0.20150 0.000000002055 
0.20200 0.000000001965 
0.20250 0.000000001875 
0.20300 0.000000001796 
0.20350 0.000000001719 
0.20400 0.000000001642 
0.20450 0.000000001565 
0.20500 0.000000001495 
0.20550 0.000000001430 
0.20600 0.000000001364 
0.20650 0.000000001299 
0.20700 0.000000001238 
0.20750 0.000000001183 
0.20800 0.000000001127 
0.20850 0.000000001071 
0.20900 0.000000001018 
0.20950 0.000000000971 
0.21000 0.000000000924 
0.21050 0.000000000876 
0.21100 0.000000000831 
0.21150 0.000000000790 
0.21200 0.000000000750 
0.21250 0.000000000710 
0.21300 0.000000000670 
0.21350 0.000000000636 
0.21400 0.000000000603 
0.21450 0.000000000569 
0.21500 0.000000000535 
0.21550 0.000000000506 
0.21600 0.000000000477 
0.21650 0.000000000449 
0.21700 0.000000000420 
0.21750 0.000000000396 
0.21800 0.000000000372 
0.21850 0.000000000348 
0.21900 0.000000000324 
0.21950 0.000000000304 
0.22000 0.000000000284 
0.22050 0.000000000264 
0.22100 0.000000000244 
0.22150 0.000000000227 
0.22200 0.000000000210 
0.22250 0.000000000193 
0.22300 0.000000000177 
0.22350 0.000000000163 
0.22400 0.000000000150 
0.22450 0.000000000136 
0.22500 0.000000000123 
0.22550 0.000000000112 
0.22600 0.000000000101 
0.22650 0.000000000090 
0.22700 0.000000000080 
0.22750 0.000000000071 
0.22800 0.000000000063 
0.22850 0.000000000054 
0.22900 0.000000000047 
0.22950 0.000000000040 
0.23000 0.000000000034 
0.23050 0.000000000028 
0.23100 0.000000000023 
0.23150 0.000000000018 
0.23200 0.000000000014 
0.23250 0.000000000010 
0.23300 0.000000000008 
0.23350 0.000000000005 
