0.00000 152.674200000000 
0.00050 131.738000000000 
0.00100 110.801600000000 
0.00150 89.865200000000 
0.00200 68.929000000000 
0.00250 55.527800000000 
0.00300 44.374800000000 
0.00350 35.780400000000 
0.00400 29.552200000000 
0.00450 23.816000000000 
0.00500 20.193600000000 
0.00550 16.571300000000 
0.00600 14.081640000000 
0.00650 11.901900000000 
0.00700 9.983540000000 
0.00750 8.633440000000 
0.00800 7.283340000000 
0.00850 6.319840000000 
0.00900 5.462600000000 
0.00950 4.665180000000 
0.01000 4.109040000000 
0.01050 3.552900000000 
0.01100 3.102780000000 
0.01150 2.735100000000 
0.01200 2.367420000000 
0.01250 2.105860000000 
0.01300 1.858660000000 
0.01350 1.623824000000 
0.01400 1.455128000000 
0.01450 1.286432000000 
0.01500 1.138340000000 
0.01550 1.021662000000 
0.01600 0.904986000000 
0.01650 0.809302000000 
0.01700 0.727622000000 
0.01750 0.645942000000 
0.01800 0.582684000000 
0.01850 0.524872000000 
0.01900 0.467060000000 
0.01950 0.424322000000 
0.02000 0.382992000000 
0.02050 0.342010000000 
0.02100 0.312194000000 
0.02150 0.282378000000 
0.02200 0.253544000000 
0.02250 0.231852000000 
0.02300 0.210160000000 
0.02350 0.189560800000 
0.02400 0.173657600000 
0.02450 0.157754600000 
0.02500 0.142828000000 
0.02550 0.131085600000 
0.02600 0.119343400000 
0.02650 0.108386400000 
0.02700 0.099659200000 
0.02750 0.090932000000 
0.02800 0.082793000000 
0.02850 0.076267000000 
0.02900 0.069741000000 
0.02950 0.063628800000 
0.03000 0.058721200000 
0.03050 0.053813600000 
0.03100 0.049177600000 
0.03150 0.045467600000 
0.03200 0.041757600000 
0.03250 0.038209000000 
0.03300 0.035390600000 
0.03350 0.032572000000 
0.03400 0.029833200000 
0.03450 0.027682000000 
0.03500 0.025531000000 
0.03550 0.023401000000 
0.03600 0.021752000000 
0.03650 0.020103200000 
0.03700 0.018454320000 
0.03750 0.017166160000 
0.03800 0.015897140000 
0.03850 0.014628120000 
0.03900 0.013602080000 
0.03950 0.012621700000 
0.04000 0.011641300000 
0.04050 0.010819280000 
0.04100 0.010059160000 
0.04150 0.009299020000 
0.04200 0.008637020000 
0.04250 0.008045660000 
0.04300 0.007454280000 
0.04350 0.006918620000 
0.04400 0.006457060000 
0.04450 0.005995500000 
0.04500 0.005560200000 
0.04550 0.005198860000 
0.04600 0.004837520000 
0.04650 0.004482380000 
0.04700 0.004198660000 
0.04750 0.003914960000 
0.04800 0.003631240000 
0.04850 0.003400820000 
0.04900 0.003177440000 
0.04950 0.002954060000 
0.05000 0.002762260000 
0.05050 0.002585900000 
0.05100 0.002409560000 
0.05150 0.002249580000 
0.05200 0.002110000000 
0.05250 0.001970432000 
0.05300 0.001836722000 
0.05350 0.001725984000 
0.05400 0.001615246000 
0.05450 0.001504508000 
0.05500 0.001415230000 
0.05550 0.001327162000 
0.05600 0.001239096000 
0.05650 0.001163082000 
0.05700 0.001092884000 
0.05750 0.001022686000 
0.05800 0.000957956000 
0.05850 0.000901880000 
0.05900 0.000845802000 
0.05950 0.000790670000 
0.06000 0.000745778000 
0.06050 0.000700886000 
0.06100 0.000655992000 
0.06150 0.000617906000 
0.06200 0.000581892000 
0.06250 0.000545878000 
0.06300 0.000512924000 
0.06350 0.000483974000 
0.06400 0.000455024000 
0.06450 0.000426550000 
0.06500 0.000403234000 
0.06550 0.000379916000 
0.06600 0.000356600000 
0.06650 0.000336524000 
0.06700 0.000317710000 
0.06750 0.000298894000 
0.06800 0.000281304000 
0.06850 0.000266092000 
0.06900 0.000250880000 
0.06950 0.000235668000 
0.07000 0.000223190000 
0.07050 0.000210868000 
0.07100 0.000198546600 
0.07150 0.000187469200 
0.07200 0.000177471400 
0.07250 0.000167473600 
0.07300 0.000157681800 
0.07350 0.000149555000 
0.07400 0.000141428000 
0.07450 0.000133301200 
0.07500 0.000126185800 
0.07550 0.000119568400 
0.07600 0.000112950800 
0.07650 0.000106596000 
0.07700 0.000101198200 
0.07750 0.000095800600 
0.07800 0.000090403000 
0.07850 0.000085742000 
0.07900 0.000081332000 
0.07950 0.000076922000 
0.08000 0.000072722000 
0.08050 0.000069112800 
0.08100 0.000065503800 
0.08150 0.000061894600 
0.08200 0.000058783000 
0.08250 0.000055824600 
0.08300 0.000052866200 
0.08350 0.000050041800 
0.08400 0.000047612800 
0.08450 0.000045184000 
0.08500 0.000042755200 
0.08550 0.000040640200 
0.08600 0.000038643000 
0.08650 0.000036645600 
0.08700 0.000034715000 
0.08750 0.000033070200 
0.08800 0.000031425200 
0.08850 0.000029780400 
0.08900 0.000028319200 
0.08950 0.000026962400 
0.09000 0.000025605600 
0.09050 0.000024266200 
0.09100 0.000023145400 
0.09150 0.000022024600 
0.09200 0.000020903800 
0.09250 0.000019879260 
0.09300 0.000018952060 
0.09350 0.000018024860 
0.09400 0.000017097660 
0.09450 0.000016314960 
0.09500 0.000015546780 
0.09550 0.000014778620 
0.09600 0.000014050820 
0.09650 0.000013413500 
0.09700 0.000012776180 
0.09750 0.000012138860 
0.09800 0.000011576720 
0.09850 0.000011047220 
0.09900 0.000010517720 
0.09950 0.000009994880 
0.10000 0.000009554360 
0.10050 0.000009113840 
0.10100 0.000008673320 
0.10150 0.000008265300 
0.10200 0.000007898300 
0.10250 0.000007531320 
0.10300 0.000007164320 
0.10350 0.000006845940 
0.10400 0.000006539800 
0.10450 0.000006233660 
0.10500 0.000005934860 
0.10550 0.000005679160 
0.10600 0.000005423440 
0.10650 0.000005167740 
0.10700 0.000004932240 
0.10750 0.000004718380 
0.10800 0.000004504540 
0.10850 0.000004290700 
0.10900 0.000004105020 
0.10950 0.000003925960 
0.11000 0.000003746900 
0.11050 0.000003571560 
0.11100 0.000003421440 
0.11150 0.000003271320 
0.11200 0.000003121200 
0.11250 0.000002981660 
0.11300 0.000002855660 
0.11350 0.000002729660 
0.11400 0.000002603660 
0.11450 0.000002492520 
0.11500 0.000002386660 
0.11550 0.000002280780 
0.11600 0.000002175420 
0.11650 0.000002086360 
0.11700 0.000001997300 
0.11750 0.000001908236 
0.11800 0.000001823604 
0.11850 0.000001748600 
0.11900 0.000001673598 
0.11950 0.000001598594 
0.12000 0.000001530550 
0.12050 0.000001467322 
0.12100 0.000001404096 
0.12150 0.000001340868 
0.12200 0.000001286118 
0.12250 0.000001232764 
0.12300 0.000001179410 
0.12350 0.000001127036 
0.12400 0.000001081968 
0.12450 0.000001036900 
0.12500 0.000000991834 
0.12550 0.000000949342 
0.12600 0.000000911240 
0.12650 0.000000873138 
0.12700 0.000000835034 
0.12750 0.000000800528 
0.12800 0.000000768284 
0.12850 0.000000736042 
0.12900 0.000000703800 
0.12950 0.000000675746 
0.13000 0.000000648438 
0.13050 0.000000621130 
0.13100 0.000000594140 
0.13150 0.000000570992 
0.13200 0.000000547844 
0.13250 0.000000524696 
0.13300 0.000000502588 
0.13350 0.000000482950 
0.13400 0.000000463314 
0.13450 0.000000443676 
0.13500 0.000000425542 
0.13550 0.000000408870 
0.13600 0.000000392200 
0.13650 0.000000375528 
0.13700 0.000000360636 
0.13750 0.000000346472 
0.13800 0.000000332310 
0.13850 0.000000318148 
0.13900 0.000000305898 
0.13950 0.000000293858 
0.14000 0.000000281818 
0.14050 0.000000269932 
0.14100 0.000000259690 
0.14150 0.000000249448 
0.14200 0.000000239206 
0.14250 0.000000229362 
0.14300 0.000000220644 
0.14350 0.000000211926 
0.14400 0.000000203208 
0.14450 0.000000195042 
0.14500 0.000000187617 
0.14550 0.000000180192 
0.14600 0.000000172767 
0.14650 0.000000165981 
0.14700 0.000000159654 
0.14750 0.000000153327 
0.14800 0.000000147000 
0.14850 0.000000141351 
0.14900 0.000000135958 
0.14950 0.000000130564 
0.15000 0.000000125171 
0.15050 0.000000120459 
0.15100 0.000000115859 
0.15150 0.000000111259 
0.15200 0.000000106659 
0.15250 0.000000102722 
0.15300 0.000000098797 
0.15350 0.000000094872 
0.15400 0.000000091000 
0.15450 0.000000087650 
0.15500 0.000000084300 
0.15550 0.000000080950 
0.15600 0.000000077694 
0.15650 0.000000074834 
0.15700 0.000000071973 
0.15750 0.000000069113 
0.15800 0.000000066368 
0.15850 0.000000063924 
0.15900 0.000000061481 
0.15950 0.000000059037 
0.16000 0.000000056719 
0.16050 0.000000054631 
0.16100 0.000000052544 
0.16150 0.000000050456 
0.16200 0.000000048494 
0.16250 0.000000046710 
0.16300 0.000000044926 
0.16350 0.000000043142 
0.16400 0.000000041477 
0.16450 0.000000039952 
0.16500 0.000000038427 
0.16550 0.000000036902 
0.16600 0.000000035486 
0.16650 0.000000034182 
0.16700 0.000000032879 
0.16750 0.000000031576 
0.16800 0.000000030368 
0.16850 0.000000029254 
0.16900 0.000000028139 
0.16950 0.000000027024 
0.17000 0.000000025992 
0.17050 0.000000025039 
0.17100 0.000000024086 
0.17150 0.000000023133 
0.17200 0.000000022249 
0.17250 0.000000021434 
0.17300 0.000000020618 
0.17350 0.000000019803 
0.17400 0.000000019044 
0.17450 0.000000018346 
0.17500 0.000000017649 
0.17550 0.000000016952 
0.17600 0.000000016298 
0.17650 0.000000015702 
0.17700 0.000000015105 
0.17750 0.000000014509 
0.17800 0.000000013945 
0.17850 0.000000013435 
0.17900 0.000000012925 
0.17950 0.000000012415 
0.18000 0.000000011928 
0.18050 0.000000011492 
0.18100 0.000000011055 
0.18150 0.000000010619 
0.18200 0.000000010196 
0.18250 0.000000009823 
0.18300 0.000000009450 
0.18350 0.000000009076 
0.18400 0.000000008710 
0.18450 0.000000008391 
0.18500 0.000000008072 
0.18550 0.000000007753 
0.18600 0.000000007434 
0.18650 0.000000007161 
0.18700 0.000000006888 
0.18750 0.000000006615 
0.18800 0.000000006342 
0.18850 0.000000006104 
0.18900 0.000000005871 
0.18950 0.000000005638 
0.19000 0.000000005404 
0.19050 0.000000005197 
0.19100 0.000000004997 
0.19150 0.000000004797 
0.19200 0.000000004598 
0.19250 0.000000004416 
0.19300 0.000000004245 
0.19350 0.000000004075 
0.19400 0.000000003904 
0.19450 0.000000003745 
0.19500 0.000000003599 
0.19550 0.000000003454 
0.19600 0.000000003308 
0.19650 0.000000003169 
0.19700 0.000000003044 
0.19750 0.000000002920 
0.19800 0.000000002795 
0.19850 0.000000002673 
0.19900 0.000000002567 
0.19950 0.000000002461 
0.20000 0.000000002354 
0.20050 0.000000002248 
0.20100 0.000000002157 
0.20150 0.000000002066 
0.20200 0.000000001976 
0.20250 0.000000001885 
0.20300 0.000000001805 
0.20350 0.000000001728 
0.20400 0.000000001650 
0.20450 0.000000001573 
0.20500 0.000000001503 
0.20550 0.000000001437 
0.20600 0.000000001372 
0.20650 0.000000001306 
0.20700 0.000000001245 
0.20750 0.000000001189 
0.20800 0.000000001133 
0.20850 0.000000001077 
0.20900 0.000000001024 
0.20950 0.000000000976 
0.21000 0.000000000929 
0.21050 0.000000000881 
0.21100 0.000000000835 
0.21150 0.000000000795 
0.21200 0.000000000754 
0.21250 0.000000000714 
0.21300 0.000000000674 
0.21350 0.000000000640 
0.21400 0.000000000606 
0.21450 0.000000000572 
0.21500 0.000000000538 
0.21550 0.000000000509 
0.21600 0.000000000480 
0.21650 0.000000000451 
0.21700 0.000000000422 
0.21750 0.000000000398 
0.21800 0.000000000374 
0.21850 0.000000000350 
0.21900 0.000000000326 
0.21950 0.000000000305 
0.22000 0.000000000285 
0.22050 0.000000000265 
0.22100 0.000000000245 
0.22150 0.000000000228 
0.22200 0.000000000211 
0.22250 0.000000000194 
0.22300 0.000000000178 
0.22350 0.000000000164 
0.22400 0.000000000150 
0.22450 0.000000000137 
0.22500 0.000000000124 
0.22550 0.000000000113 
0.22600 0.000000000102 
0.22650 0.000000000090 
0.22700 0.000000000080 
0.22750 0.000000000072 
0.22800 0.000000000063 
0.22850 0.000000000054 
0.22900 0.000000000047 
0.22950 0.000000000041 
0.23000 0.000000000034 
0.23050 0.000000000028 
0.23100 0.000000000023 
0.23150 0.000000000018 
0.23200 0.000000000014 
0.23250 0.000000000010 
0.23300 0.000000000008 
0.23350 0.000000000005 
