0.00000 153.503000000000 
0.00050 132.453000000000 
0.00100 111.403000000000 
0.00150 90.353000000000 
0.00200 69.303000000000 
0.00250 55.829200000000 
0.00300 44.615800000000 
0.00350 35.974600000000 
0.00400 29.712600000000 
0.00450 23.945200000000 
0.00500 20.303200000000 
0.00550 16.661260000000 
0.00600 14.158080000000 
0.00650 11.966520000000 
0.00700 10.037720000000 
0.00750 8.680300000000 
0.00800 7.322880000000 
0.00850 6.354140000000 
0.00900 5.492260000000 
0.00950 4.690500000000 
0.01000 4.131340000000 
0.01050 3.572180000000 
0.01100 3.119620000000 
0.01150 2.749940000000 
0.01200 2.380260000000 
0.01250 2.117300000000 
0.01300 1.868750000000 
0.01350 1.632640000000 
0.01400 1.463028000000 
0.01450 1.293414000000 
0.01500 1.144518000000 
0.01550 1.027208000000 
0.01600 0.909898000000 
0.01650 0.813696000000 
0.01700 0.731572000000 
0.01750 0.649448000000 
0.01800 0.585846000000 
0.01850 0.527720000000 
0.01900 0.469594000000 
0.01950 0.426624000000 
0.02000 0.385072000000 
0.02050 0.343868000000 
0.02100 0.313890000000 
0.02150 0.283910000000 
0.02200 0.254920000000 
0.02250 0.233112000000 
0.02300 0.211302000000 
0.02350 0.190589800000 
0.02400 0.174600400000 
0.02450 0.158610800000 
0.02500 0.143603200000 
0.02550 0.131797200000 
0.02600 0.119991200000 
0.02650 0.108974800000 
0.02700 0.100200200000 
0.02750 0.091425600000 
0.02800 0.083242400000 
0.02850 0.076681000000 
0.02900 0.070119600000 
0.02950 0.063974200000 
0.03000 0.059040000000 
0.03050 0.054105800000 
0.03100 0.049444600000 
0.03150 0.045714400000 
0.03200 0.041984200000 
0.03250 0.038416600000 
0.03300 0.035582600000 
0.03350 0.032748800000 
0.03400 0.029995200000 
0.03450 0.027832400000 
0.03500 0.025669400000 
0.03550 0.023528000000 
0.03600 0.021870200000 
0.03650 0.020212400000 
0.03700 0.018554500000 
0.03750 0.017259340000 
0.03800 0.015983440000 
0.03850 0.014707540000 
0.03900 0.013675920000 
0.03950 0.012690200000 
0.04000 0.011704500000 
0.04050 0.010878020000 
0.04100 0.010113760000 
0.04150 0.009349500000 
0.04200 0.008683900000 
0.04250 0.008089320000 
0.04300 0.007494760000 
0.04350 0.006956180000 
0.04400 0.006492120000 
0.04450 0.006028060000 
0.04500 0.005590380000 
0.04550 0.005227080000 
0.04600 0.004863780000 
0.04650 0.004506720000 
0.04700 0.004221460000 
0.04750 0.003936200000 
0.04800 0.003650960000 
0.04850 0.003419280000 
0.04900 0.003194680000 
0.04950 0.002970080000 
0.05000 0.002777260000 
0.05050 0.002599940000 
0.05100 0.002422640000 
0.05150 0.002261780000 
0.05200 0.002121460000 
0.05250 0.001981128000 
0.05300 0.001846692000 
0.05350 0.001735352000 
0.05400 0.001624014000 
0.05450 0.001512676000 
0.05500 0.001422912000 
0.05550 0.001334366000 
0.05600 0.001245822000 
0.05650 0.001169394000 
0.05700 0.001098816000 
0.05750 0.001028238000 
0.05800 0.000963156000 
0.05850 0.000906776000 
0.05900 0.000850394000 
0.05950 0.000794962000 
0.06000 0.000749826000 
0.06050 0.000704690000 
0.06100 0.000659554000 
0.06150 0.000621260000 
0.06200 0.000585050000 
0.06250 0.000548840000 
0.06300 0.000515708000 
0.06350 0.000486602000 
0.06400 0.000457494000 
0.06450 0.000428866000 
0.06500 0.000405422000 
0.06550 0.000381980000 
0.06600 0.000358536000 
0.06650 0.000338352000 
0.06700 0.000319434000 
0.06750 0.000300516000 
0.06800 0.000282832000 
0.06850 0.000267536000 
0.06900 0.000252242000 
0.06950 0.000236948000 
0.07000 0.000224400000 
0.07050 0.000212012000 
0.07100 0.000199624400 
0.07150 0.000188486800 
0.07200 0.000178434800 
0.07250 0.000168382600 
0.07300 0.000158537800 
0.07350 0.000150366800 
0.07400 0.000142195800 
0.07450 0.000134024800 
0.07500 0.000126870800 
0.07550 0.000120217400 
0.07600 0.000113564000 
0.07650 0.000107174600 
0.07700 0.000101747600 
0.07750 0.000096320600 
0.07800 0.000090893800 
0.07850 0.000086207400 
0.07900 0.000081773400 
0.07950 0.000077339400 
0.08000 0.000073116600 
0.08050 0.000069488000 
0.08100 0.000065859400 
0.08150 0.000062230600 
0.08200 0.000059102200 
0.08250 0.000056127600 
0.08300 0.000053153200 
0.08350 0.000050313400 
0.08400 0.000047871400 
0.08450 0.000045429200 
0.08500 0.000042987200 
0.08550 0.000040860800 
0.08600 0.000038852800 
0.08650 0.000036844600 
0.08700 0.000034903400 
0.08750 0.000033249600 
0.08800 0.000031595800 
0.08850 0.000029942000 
0.08900 0.000028472800 
0.08950 0.000027108800 
0.09000 0.000025744600 
0.09050 0.000024397800 
0.09100 0.000023271000 
0.09150 0.000022144200 
0.09200 0.000021017200 
0.09250 0.000019987180 
0.09300 0.000019054940 
0.09350 0.000018122700 
0.09400 0.000017190460 
0.09450 0.000016403520 
0.09500 0.000015631180 
0.09550 0.000014858840 
0.09600 0.000014127100 
0.09650 0.000013486320 
0.09700 0.000012845540 
0.09750 0.000012204760 
0.09800 0.000011639560 
0.09850 0.000011107180 
0.09900 0.000010574820 
0.09950 0.000010049140 
0.10000 0.000009606220 
0.10050 0.000009163320 
0.10100 0.000008720400 
0.10150 0.000008310160 
0.10200 0.000007941180 
0.10250 0.000007572200 
0.10300 0.000007203200 
0.10350 0.000006883100 
0.10400 0.000006575300 
0.10450 0.000006267500 
0.10500 0.000005967080 
0.10550 0.000005709980 
0.10600 0.000005452880 
0.10650 0.000005195800 
0.10700 0.000004959020 
0.10750 0.000004744000 
0.10800 0.000004529000 
0.10850 0.000004313980 
0.10900 0.000004127300 
0.10950 0.000003947280 
0.11000 0.000003767240 
0.11050 0.000003590940 
0.11100 0.000003440020 
0.11150 0.000003289080 
0.11200 0.000003138140 
0.11250 0.000002997840 
0.11300 0.000002871160 
0.11350 0.000002744480 
0.11400 0.000002617800 
0.11450 0.000002506060 
0.11500 0.000002399600 
0.11550 0.000002293160 
0.11600 0.000002187240 
0.11650 0.000002097680 
0.11700 0.000002008140 
0.11750 0.000001918594 
0.11800 0.000001833504 
0.11850 0.000001758092 
0.11900 0.000001682682 
0.11950 0.000001607270 
0.12000 0.000001538858 
0.12050 0.000001475288 
0.12100 0.000001411718 
0.12150 0.000001348146 
0.12200 0.000001293100 
0.12250 0.000001239456 
0.12300 0.000001185812 
0.12350 0.000001133154 
0.12400 0.000001087842 
0.12450 0.000001042530 
0.12500 0.000000997216 
0.12550 0.000000954496 
0.12600 0.000000916186 
0.12650 0.000000877876 
0.12700 0.000000839568 
0.12750 0.000000804874 
0.12800 0.000000772456 
0.12850 0.000000740038 
0.12900 0.000000707620 
0.12950 0.000000679414 
0.13000 0.000000651958 
0.13050 0.000000624502 
0.13100 0.000000597364 
0.13150 0.000000574092 
0.13200 0.000000550818 
0.13250 0.000000527544 
0.13300 0.000000505316 
0.13350 0.000000485572 
0.13400 0.000000465828 
0.13450 0.000000446084 
0.13500 0.000000427852 
0.13550 0.000000411090 
0.13600 0.000000394328 
0.13650 0.000000377568 
0.13700 0.000000362592 
0.13750 0.000000348354 
0.13800 0.000000334114 
0.13850 0.000000319874 
0.13900 0.000000307560 
0.13950 0.000000295454 
0.14000 0.000000283348 
0.14050 0.000000271398 
0.14100 0.000000261100 
0.14150 0.000000250802 
0.14200 0.000000240506 
0.14250 0.000000230608 
0.14300 0.000000221842 
0.14350 0.000000213078 
0.14400 0.000000204312 
0.14450 0.000000196100 
0.14500 0.000000188635 
0.14550 0.000000181170 
0.14600 0.000000173705 
0.14650 0.000000166882 
0.14700 0.000000160521 
0.14750 0.000000154159 
0.14800 0.000000147798 
0.14850 0.000000142118 
0.14900 0.000000136696 
0.14950 0.000000131273 
0.15000 0.000000125850 
0.15050 0.000000121113 
0.15100 0.000000116488 
0.15150 0.000000111863 
0.15200 0.000000107238 
0.15250 0.000000103280 
0.15300 0.000000099333 
0.15350 0.000000095387 
0.15400 0.000000091494 
0.15450 0.000000088126 
0.15500 0.000000084758 
0.15550 0.000000081390 
0.15600 0.000000078116 
0.15650 0.000000075240 
0.15700 0.000000072364 
0.15750 0.000000069488 
0.15800 0.000000066728 
0.15850 0.000000064271 
0.15900 0.000000061815 
0.15950 0.000000059358 
0.16000 0.000000057027 
0.16050 0.000000054928 
0.16100 0.000000052829 
0.16150 0.000000050730 
0.16200 0.000000048757 
0.16250 0.000000046963 
0.16300 0.000000045170 
0.16350 0.000000043376 
0.16400 0.000000041702 
0.16450 0.000000040169 
0.16500 0.000000038636 
0.16550 0.000000037102 
0.16600 0.000000035678 
0.16650 0.000000034368 
0.16700 0.000000033058 
0.16750 0.000000031747 
0.16800 0.000000030533 
0.16850 0.000000029412 
0.16900 0.000000028292 
0.16950 0.000000027171 
0.17000 0.000000026133 
0.17050 0.000000025175 
0.17100 0.000000024217 
0.17150 0.000000023259 
0.17200 0.000000022370 
0.17250 0.000000021550 
0.17300 0.000000020730 
0.17350 0.000000019911 
0.17400 0.000000019147 
0.17450 0.000000018446 
0.17500 0.000000017745 
0.17550 0.000000017044 
0.17600 0.000000016386 
0.17650 0.000000015787 
0.17700 0.000000015187 
0.17750 0.000000014588 
0.17800 0.000000014021 
0.17850 0.000000013508 
0.17900 0.000000012996 
0.17950 0.000000012483 
0.18000 0.000000011993 
0.18050 0.000000011554 
0.18100 0.000000011115 
0.18150 0.000000010676 
0.18200 0.000000010252 
0.18250 0.000000009876 
0.18300 0.000000009501 
0.18350 0.000000009126 
0.18400 0.000000008757 
0.18450 0.000000008436 
0.18500 0.000000008115 
0.18550 0.000000007795 
0.18600 0.000000007474 
0.18650 0.000000007200 
0.18700 0.000000006925 
0.18750 0.000000006651 
0.18800 0.000000006376 
0.18850 0.000000006137 
0.18900 0.000000005903 
0.18950 0.000000005668 
0.19000 0.000000005434 
0.19050 0.000000005225 
0.19100 0.000000005024 
0.19150 0.000000004823 
0.19200 0.000000004623 
0.19250 0.000000004440 
0.19300 0.000000004268 
0.19350 0.000000004097 
0.19400 0.000000003925 
0.19450 0.000000003765 
0.19500 0.000000003619 
0.19550 0.000000003472 
0.19600 0.000000003326 
0.19650 0.000000003186 
0.19700 0.000000003061 
0.19750 0.000000002935 
0.19800 0.000000002810 
0.19850 0.000000002688 
0.19900 0.000000002581 
0.19950 0.000000002474 
0.20000 0.000000002367 
0.20050 0.000000002260 
0.20100 0.000000002169 
0.20150 0.000000002078 
0.20200 0.000000001986 
0.20250 0.000000001895 
0.20300 0.000000001815 
0.20350 0.000000001737 
0.20400 0.000000001659 
0.20450 0.000000001582 
0.20500 0.000000001512 
0.20550 0.000000001445 
0.20600 0.000000001379 
0.20650 0.000000001313 
0.20700 0.000000001252 
0.20750 0.000000001195 
0.20800 0.000000001139 
0.20850 0.000000001083 
0.20900 0.000000001029 
0.20950 0.000000000982 
0.21000 0.000000000934 
0.21050 0.000000000886 
0.21100 0.000000000840 
0.21150 0.000000000799 
0.21200 0.000000000758 
0.21250 0.000000000718 
0.21300 0.000000000678 
0.21350 0.000000000643 
0.21400 0.000000000609 
0.21450 0.000000000575 
0.21500 0.000000000541 
0.21550 0.000000000512 
0.21600 0.000000000483 
0.21650 0.000000000454 
0.21700 0.000000000425 
0.21750 0.000000000400 
0.21800 0.000000000376 
0.21850 0.000000000352 
0.21900 0.000000000327 
0.21950 0.000000000307 
0.22000 0.000000000287 
0.22050 0.000000000266 
0.22100 0.000000000246 
0.22150 0.000000000229 
0.22200 0.000000000212 
0.22250 0.000000000195 
0.22300 0.000000000179 
0.22350 0.000000000165 
0.22400 0.000000000151 
0.22450 0.000000000137 
0.22500 0.000000000124 
0.22550 0.000000000113 
0.22600 0.000000000102 
0.22650 0.000000000091 
0.22700 0.000000000081 
0.22750 0.000000000072 
0.22800 0.000000000063 
0.22850 0.000000000055 
0.22900 0.000000000047 
0.22950 0.000000000041 
0.23000 0.000000000034 
0.23050 0.000000000028 
0.23100 0.000000000023 
0.23150 0.000000000019 
0.23200 0.000000000014 
0.23250 0.000000000011 
0.23300 0.000000000008 
0.23350 0.000000000005 
