0.00000 154.357200000000 
0.00050 133.190000000000 
0.00100 112.023000000000 
0.00150 90.855800000000 
0.00200 69.688600000000 
0.00250 56.140000000000 
0.00300 44.864000000000 
0.00350 36.174800000000 
0.00400 29.877800000000 
0.00450 24.078400000000 
0.00500 20.416200000000 
0.00550 16.753960000000 
0.00600 14.236860000000 
0.00650 12.033100000000 
0.00700 10.093580000000 
0.00750 8.728600000000 
0.00800 7.363620000000 
0.00850 6.389500000000 
0.00900 5.522820000000 
0.00950 4.716600000000 
0.01000 4.154340000000 
0.01050 3.592060000000 
0.01100 3.136980000000 
0.01150 2.765240000000 
0.01200 2.393500000000 
0.01250 2.129080000000 
0.01300 1.879148000000 
0.01350 1.641724000000 
0.01400 1.471168000000 
0.01450 1.300612000000 
0.01500 1.150886000000 
0.01550 1.032924000000 
0.01600 0.914962000000 
0.01650 0.818224000000 
0.01700 0.735642000000 
0.01750 0.653062000000 
0.01800 0.589106000000 
0.01850 0.530656000000 
0.01900 0.472208000000 
0.01950 0.428998000000 
0.02000 0.387214000000 
0.02050 0.345780000000 
0.02100 0.315636000000 
0.02150 0.285490000000 
0.02200 0.256340000000 
0.02250 0.234408000000 
0.02300 0.212478000000 
0.02350 0.191650200000 
0.02400 0.175571800000 
0.02450 0.159493400000 
0.02500 0.144402400000 
0.02550 0.132530600000 
0.02600 0.120659000000 
0.02650 0.109581200000 
0.02700 0.100757800000 
0.02750 0.091934400000 
0.02800 0.083705600000 
0.02850 0.077107600000 
0.02900 0.070509800000 
0.02950 0.064330200000 
0.03000 0.059368400000 
0.03050 0.054406800000 
0.03100 0.049719800000 
0.03150 0.045968800000 
0.03200 0.042217800000 
0.03250 0.038630200000 
0.03300 0.035780600000 
0.03350 0.032931000000 
0.03400 0.030162000000 
0.03450 0.027987200000 
0.03500 0.025812400000 
0.03550 0.023659000000 
0.03600 0.021991800000 
0.03650 0.020324800000 
0.03700 0.018657740000 
0.03750 0.017355380000 
0.03800 0.016072380000 
0.03850 0.014789380000 
0.03900 0.013752000000 
0.03950 0.012760820000 
0.04000 0.011769620000 
0.04050 0.010938540000 
0.04100 0.010170040000 
0.04150 0.009401520000 
0.04200 0.008732220000 
0.04250 0.008134340000 
0.04300 0.007536460000 
0.04350 0.006994880000 
0.04400 0.006528240000 
0.04450 0.006061600000 
0.04500 0.005621480000 
0.04550 0.005256160000 
0.04600 0.004890840000 
0.04650 0.004531780000 
0.04700 0.004244940000 
0.04750 0.003958100000 
0.04800 0.003671260000 
0.04850 0.003438300000 
0.04900 0.003212460000 
0.04950 0.002986620000 
0.05000 0.002792700000 
0.05050 0.002614420000 
0.05100 0.002436120000 
0.05150 0.002274380000 
0.05200 0.002133260000 
0.05250 0.001992150000 
0.05300 0.001856966000 
0.05350 0.001745008000 
0.05400 0.001633050000 
0.05450 0.001521092000 
0.05500 0.001430828000 
0.05550 0.001341792000 
0.05600 0.001252754000 
0.05650 0.001175902000 
0.05700 0.001104930000 
0.05750 0.001033960000 
0.05800 0.000968516000 
0.05850 0.000911820000 
0.05900 0.000855126000 
0.05950 0.000799386000 
0.06000 0.000753998000 
0.06050 0.000708610000 
0.06100 0.000663224000 
0.06150 0.000624716000 
0.06200 0.000588306000 
0.06250 0.000551894000 
0.06300 0.000518576000 
0.06350 0.000489308000 
0.06400 0.000460040000 
0.06450 0.000431252000 
0.06500 0.000407678000 
0.06550 0.000384104000 
0.06600 0.000360532000 
0.06650 0.000340234000 
0.06700 0.000321212000 
0.06750 0.000302188000 
0.06800 0.000284406000 
0.06850 0.000269026000 
0.06900 0.000253646000 
0.06950 0.000238266000 
0.07000 0.000225650000 
0.07050 0.000213192000 
0.07100 0.000200736000 
0.07150 0.000189535600 
0.07200 0.000179427600 
0.07250 0.000169319600 
0.07300 0.000159420000 
0.07350 0.000151203400 
0.07400 0.000142987000 
0.07450 0.000134770600 
0.07500 0.000127576800 
0.07550 0.000120886200 
0.07600 0.000114195800 
0.07650 0.000107771000 
0.07700 0.000102313800 
0.07750 0.000096856600 
0.07800 0.000091399400 
0.07850 0.000086687200 
0.07900 0.000082228400 
0.07950 0.000077769800 
0.08000 0.000073523600 
0.08050 0.000069874600 
0.08100 0.000066225800 
0.08150 0.000062577000 
0.08200 0.000059431000 
0.08250 0.000056440000 
0.08300 0.000053449000 
0.08350 0.000050593400 
0.08400 0.000048137600 
0.08450 0.000045682000 
0.08500 0.000043226400 
0.08550 0.000041088200 
0.08600 0.000039069000 
0.08650 0.000037049600 
0.08700 0.000035097600 
0.08750 0.000033434600 
0.08800 0.000031771600 
0.08850 0.000030108600 
0.08900 0.000028631200 
0.08950 0.000027259600 
0.09000 0.000025887800 
0.09050 0.000024533600 
0.09100 0.000023400600 
0.09150 0.000022267400 
0.09200 0.000021134200 
0.09250 0.000020098400 
0.09300 0.000019160960 
0.09350 0.000018223540 
0.09400 0.000017286120 
0.09450 0.000016494800 
0.09500 0.000015718160 
0.09550 0.000014941520 
0.09600 0.000014205700 
0.09650 0.000013561360 
0.09700 0.000012917020 
0.09750 0.000012272660 
0.09800 0.000011704320 
0.09850 0.000011169000 
0.09900 0.000010633660 
0.09950 0.000010105060 
0.10000 0.000009659680 
0.10050 0.000009214300 
0.10100 0.000008768920 
0.10150 0.000008356400 
0.10200 0.000007985360 
0.10250 0.000007614320 
0.10300 0.000007243280 
0.10350 0.000006921400 
0.10400 0.000006611880 
0.10450 0.000006302360 
0.10500 0.000006000280 
0.10550 0.000005741760 
0.10600 0.000005483240 
0.10650 0.000005224700 
0.10700 0.000004986600 
0.10750 0.000004770400 
0.10800 0.000004554200 
0.10850 0.000004338000 
0.10900 0.000004150280 
0.10950 0.000003969240 
0.11000 0.000003788200 
0.11050 0.000003610920 
0.11100 0.000003459160 
0.11150 0.000003307380 
0.11200 0.000003155600 
0.11250 0.000003014520 
0.11300 0.000002887140 
0.11350 0.000002759740 
0.11400 0.000002632360 
0.11450 0.000002520000 
0.11500 0.000002412960 
0.11550 0.000002305920 
0.11600 0.000002199400 
0.11650 0.000002109360 
0.11700 0.000002019320 
0.11750 0.000001929270 
0.11800 0.000001843706 
0.11850 0.000001767874 
0.11900 0.000001692044 
0.11950 0.000001616214 
0.12000 0.000001547420 
0.12050 0.000001483496 
0.12100 0.000001419572 
0.12150 0.000001355648 
0.12200 0.000001300296 
0.12250 0.000001246352 
0.12300 0.000001192410 
0.12350 0.000001139458 
0.12400 0.000001093894 
0.12450 0.000001048330 
0.12500 0.000001002766 
0.12550 0.000000959806 
0.12600 0.000000921284 
0.12650 0.000000882762 
0.12700 0.000000844240 
0.12750 0.000000809352 
0.12800 0.000000776754 
0.12850 0.000000744156 
0.12900 0.000000711556 
0.12950 0.000000683194 
0.13000 0.000000655586 
0.13050 0.000000627976 
0.13100 0.000000600688 
0.13150 0.000000577286 
0.13200 0.000000553882 
0.13250 0.000000530480 
0.13300 0.000000508126 
0.13350 0.000000488274 
0.13400 0.000000468420 
0.13450 0.000000448568 
0.13500 0.000000430232 
0.13550 0.000000413378 
0.13600 0.000000396522 
0.13650 0.000000379668 
0.13700 0.000000364610 
0.13750 0.000000350292 
0.13800 0.000000335972 
0.13850 0.000000321654 
0.13900 0.000000309270 
0.13950 0.000000297098 
0.14000 0.000000284924 
0.14050 0.000000272908 
0.14100 0.000000262554 
0.14150 0.000000252198 
0.14200 0.000000241844 
0.14250 0.000000231890 
0.14300 0.000000223076 
0.14350 0.000000214262 
0.14400 0.000000205448 
0.14450 0.000000197192 
0.14500 0.000000189685 
0.14550 0.000000182178 
0.14600 0.000000174672 
0.14650 0.000000167810 
0.14700 0.000000161414 
0.14750 0.000000155017 
0.14800 0.000000148621 
0.14850 0.000000142909 
0.14900 0.000000137456 
0.14950 0.000000132003 
0.15000 0.000000126551 
0.15050 0.000000121787 
0.15100 0.000000117136 
0.15150 0.000000112486 
0.15200 0.000000107835 
0.15250 0.000000103854 
0.15300 0.000000099886 
0.15350 0.000000095918 
0.15400 0.000000092003 
0.15450 0.000000088616 
0.15500 0.000000085230 
0.15550 0.000000081843 
0.15600 0.000000078550 
0.15650 0.000000075658 
0.15700 0.000000072767 
0.15750 0.000000069875 
0.15800 0.000000067100 
0.15850 0.000000064629 
0.15900 0.000000062159 
0.15950 0.000000059688 
0.16000 0.000000057344 
0.16050 0.000000055233 
0.16100 0.000000053123 
0.16150 0.000000051013 
0.16200 0.000000049028 
0.16250 0.000000047225 
0.16300 0.000000045421 
0.16350 0.000000043618 
0.16400 0.000000041934 
0.16450 0.000000040392 
0.16500 0.000000038851 
0.16550 0.000000037309 
0.16600 0.000000035877 
0.16650 0.000000034559 
0.16700 0.000000033242 
0.16750 0.000000031924 
0.16800 0.000000030703 
0.16850 0.000000029576 
0.16900 0.000000028449 
0.16950 0.000000027322 
0.17000 0.000000026279 
0.17050 0.000000025315 
0.17100 0.000000024352 
0.17150 0.000000023388 
0.17200 0.000000022494 
0.17250 0.000000021670 
0.17300 0.000000020846 
0.17350 0.000000020021 
0.17400 0.000000019254 
0.17450 0.000000018548 
0.17500 0.000000017843 
0.17550 0.000000017138 
0.17600 0.000000016478 
0.17650 0.000000015875 
0.17700 0.000000015272 
0.17750 0.000000014669 
0.17800 0.000000014099 
0.17850 0.000000013584 
0.17900 0.000000013068 
0.17950 0.000000012552 
0.18000 0.000000012059 
0.18050 0.000000011618 
0.18100 0.000000011177 
0.18150 0.000000010736 
0.18200 0.000000010309 
0.18250 0.000000009931 
0.18300 0.000000009554 
0.18350 0.000000009176 
0.18400 0.000000008806 
0.18450 0.000000008483 
0.18500 0.000000008161 
0.18550 0.000000007838 
0.18600 0.000000007516 
0.18650 0.000000007240 
0.18700 0.000000006964 
0.18750 0.000000006688 
0.18800 0.000000006412 
0.18850 0.000000006172 
0.18900 0.000000005936 
0.18950 0.000000005700 
0.19000 0.000000005464 
0.19050 0.000000005254 
0.19100 0.000000005052 
0.19150 0.000000004850 
0.19200 0.000000004648 
0.19250 0.000000004465 
0.19300 0.000000004292 
0.19350 0.000000004120 
0.19400 0.000000003947 
0.19450 0.000000003786 
0.19500 0.000000003639 
0.19550 0.000000003492 
0.19600 0.000000003344 
0.19650 0.000000003204 
0.19700 0.000000003078 
0.19750 0.000000002952 
0.19800 0.000000002826 
0.19850 0.000000002703 
0.19900 0.000000002595 
0.19950 0.000000002488 
0.20000 0.000000002380 
0.20050 0.000000002273 
0.20100 0.000000002181 
0.20150 0.000000002089 
0.20200 0.000000001997 
0.20250 0.000000001906 
0.20300 0.000000001825 
0.20350 0.000000001747 
0.20400 0.000000001669 
0.20450 0.000000001591 
0.20500 0.000000001520 
0.20550 0.000000001453 
0.20600 0.000000001387 
0.20650 0.000000001320 
0.20700 0.000000001258 
0.20750 0.000000001202 
0.20800 0.000000001145 
0.20850 0.000000001089 
0.20900 0.000000001035 
0.20950 0.000000000987 
0.21000 0.000000000939 
0.21050 0.000000000891 
0.21100 0.000000000844 
0.21150 0.000000000803 
0.21200 0.000000000762 
0.21250 0.000000000721 
0.21300 0.000000000681 
0.21350 0.000000000647 
0.21400 0.000000000612 
0.21450 0.000000000578 
0.21500 0.000000000544 
0.21550 0.000000000514 
0.21600 0.000000000485 
0.21650 0.000000000456 
0.21700 0.000000000427 
0.21750 0.000000000403 
0.21800 0.000000000378 
0.21850 0.000000000354 
0.21900 0.000000000329 
0.21950 0.000000000309 
0.22000 0.000000000288 
0.22050 0.000000000268 
0.22100 0.000000000248 
0.22150 0.000000000231 
0.22200 0.000000000214 
0.22250 0.000000000196 
0.22300 0.000000000180 
0.22350 0.000000000166 
0.22400 0.000000000152 
0.22450 0.000000000138 
0.22500 0.000000000125 
0.22550 0.000000000114 
0.22600 0.000000000103 
0.22650 0.000000000091 
0.22700 0.000000000081 
0.22750 0.000000000073 
0.22800 0.000000000064 
0.22850 0.000000000055 
0.22900 0.000000000048 
0.22950 0.000000000041 
0.23000 0.000000000034 
0.23050 0.000000000028 
0.23100 0.000000000023 
0.23150 0.000000000019 
0.23200 0.000000000014 
0.23250 0.000000000011 
0.23300 0.000000000008 
0.23350 0.000000000005 
