0.00000 155.237600000000 
0.00050 133.949600000000 
0.00100 112.661800000000 
0.00150 91.374000000000 
0.00200 70.086200000000 
0.00250 56.460200000000 
0.00300 45.120000000000 
0.00350 36.381200000000 
0.00400 30.048400000000 
0.00450 24.215800000000 
0.00500 20.532600000000 
0.00550 16.849520000000 
0.00600 14.318060000000 
0.00650 12.101740000000 
0.00700 10.151140000000 
0.00750 8.778380000000 
0.00800 7.405620000000 
0.00850 6.425940000000 
0.00900 5.554320000000 
0.00950 4.743500000000 
0.01000 4.178020000000 
0.01050 3.612560000000 
0.01100 3.154880000000 
0.01150 2.781020000000 
0.01200 2.407160000000 
0.01250 2.141220000000 
0.01300 1.889866000000 
0.01350 1.651088000000 
0.01400 1.479558000000 
0.01450 1.308030000000 
0.01500 1.157452000000 
0.01550 1.038816000000 
0.01600 0.920180000000 
0.01650 0.822890000000 
0.01700 0.739838000000 
0.01750 0.656786000000 
0.01800 0.592466000000 
0.01850 0.533684000000 
0.01900 0.474902000000 
0.01950 0.431444000000 
0.02000 0.389422000000 
0.02050 0.347752000000 
0.02100 0.317436000000 
0.02150 0.287118000000 
0.02200 0.257802000000 
0.02250 0.235746000000 
0.02300 0.213690000000 
0.02350 0.192743400000 
0.02400 0.176573200000 
0.02450 0.160403200000 
0.02500 0.145226000000 
0.02550 0.133286600000 
0.02600 0.121347000000 
0.02650 0.110206200000 
0.02700 0.101332400000 
0.02750 0.092458800000 
0.02800 0.084183000000 
0.02850 0.077547400000 
0.02900 0.070912000000 
0.02950 0.064697000000 
0.03000 0.059707200000 
0.03050 0.054717200000 
0.03100 0.050003400000 
0.03150 0.046231000000 
0.03200 0.042458600000 
0.03250 0.038850600000 
0.03300 0.035984800000 
0.03350 0.033118800000 
0.03400 0.030334200000 
0.03450 0.028146800000 
0.03500 0.025959600000 
0.03550 0.023793800000 
0.03600 0.022117200000 
0.03650 0.020440800000 
0.03700 0.018764140000 
0.03750 0.017454360000 
0.03800 0.016164040000 
0.03850 0.014873720000 
0.03900 0.013830440000 
0.03950 0.012833600000 
0.04000 0.011836760000 
0.04050 0.011000940000 
0.04100 0.010228040000 
0.04150 0.009455140000 
0.04200 0.008782020000 
0.04250 0.008180740000 
0.04300 0.007579440000 
0.04350 0.007034780000 
0.04400 0.006565460000 
0.04450 0.006096160000 
0.04500 0.005653540000 
0.04550 0.005286140000 
0.04600 0.004918740000 
0.04650 0.004557640000 
0.04700 0.004269160000 
0.04750 0.003980680000 
0.04800 0.003692200000 
0.04850 0.003457920000 
0.04900 0.003230780000 
0.04950 0.003003640000 
0.05000 0.002808640000 
0.05050 0.002629320000 
0.05100 0.002450020000 
0.05150 0.002287340000 
0.05200 0.002145420000 
0.05250 0.002003520000 
0.05300 0.001867558000 
0.05350 0.001754962000 
0.05400 0.001642364000 
0.05450 0.001529768000 
0.05500 0.001438990000 
0.05550 0.001349444000 
0.05600 0.001259898000 
0.05650 0.001182608000 
0.05700 0.001111232000 
0.05750 0.001039856000 
0.05800 0.000974040000 
0.05850 0.000917022000 
0.05900 0.000860002000 
0.05950 0.000803946000 
0.06000 0.000758298000 
0.06050 0.000712652000 
0.06100 0.000667006000 
0.06150 0.000628280000 
0.06200 0.000591660000 
0.06250 0.000555042000 
0.06300 0.000521534000 
0.06350 0.000492100000 
0.06400 0.000462664000 
0.06450 0.000433710000 
0.06500 0.000410004000 
0.06550 0.000386296000 
0.06600 0.000362588000 
0.06650 0.000342174000 
0.06700 0.000323044000 
0.06750 0.000303912000 
0.06800 0.000286028000 
0.06850 0.000270560000 
0.06900 0.000255092000 
0.06950 0.000239624000 
0.07000 0.000226936000 
0.07050 0.000214408000 
0.07100 0.000201880000 
0.07150 0.000190616600 
0.07200 0.000180451000 
0.07250 0.000170285200 
0.07300 0.000160329200 
0.07350 0.000152065800 
0.07400 0.000143802600 
0.07450 0.000135539200 
0.07500 0.000128304400 
0.07550 0.000121575800 
0.07600 0.000114847200 
0.07650 0.000108385600 
0.07700 0.000102897400 
0.07750 0.000097409000 
0.07800 0.000091920800 
0.07850 0.000087181600 
0.07900 0.000082697400 
0.07950 0.000078213400 
0.08000 0.000073942800 
0.08050 0.000070273200 
0.08100 0.000066603600 
0.08150 0.000062933800 
0.08200 0.000059770000 
0.08250 0.000056761800 
0.08300 0.000053753800 
0.08350 0.000050881800 
0.08400 0.000048412200 
0.08450 0.000045942600 
0.08500 0.000043473000 
0.08550 0.000041322600 
0.08600 0.000039291800 
0.08650 0.000037261000 
0.08700 0.000035297800 
0.08750 0.000033625400 
0.08800 0.000031952800 
0.08850 0.000030280400 
0.08900 0.000028794600 
0.08950 0.000027415000 
0.09000 0.000026035400 
0.09050 0.000024673600 
0.09100 0.000023534000 
0.09150 0.000022394400 
0.09200 0.000021254800 
0.09250 0.000020213000 
0.09300 0.000019270240 
0.09350 0.000018327480 
0.09400 0.000017384700 
0.09450 0.000016588880 
0.09500 0.000015807800 
0.09550 0.000015026740 
0.09600 0.000014286740 
0.09650 0.000013638700 
0.09700 0.000012990680 
0.09750 0.000012342660 
0.09800 0.000011771080 
0.09850 0.000011232700 
0.09900 0.000010694300 
0.09950 0.000010162700 
0.10000 0.000009714780 
0.10050 0.000009266860 
0.10100 0.000008818940 
0.10150 0.000008404060 
0.10200 0.000008030900 
0.10250 0.000007657760 
0.10300 0.000007284600 
0.10350 0.000006960860 
0.10400 0.000006649600 
0.10450 0.000006338320 
0.10500 0.000006034500 
0.10550 0.000005774500 
0.10600 0.000005514500 
0.10650 0.000005254500 
0.10700 0.000005015040 
0.10750 0.000004797600 
0.10800 0.000004580180 
0.10850 0.000004362740 
0.10900 0.000004173940 
0.10950 0.000003991880 
0.11000 0.000003809800 
0.11050 0.000003631520 
0.11100 0.000003478880 
0.11150 0.000003326240 
0.11200 0.000003173600 
0.11250 0.000003031720 
0.11300 0.000002903600 
0.11350 0.000002775480 
0.11400 0.000002647380 
0.11450 0.000002534380 
0.11500 0.000002426720 
0.11550 0.000002319080 
0.11600 0.000002211960 
0.11650 0.000002121400 
0.11700 0.000002030840 
0.11750 0.000001940274 
0.11800 0.000001854220 
0.11850 0.000001777958 
0.11900 0.000001701696 
0.11950 0.000001625432 
0.12000 0.000001556246 
0.12050 0.000001491958 
0.12100 0.000001427670 
0.12150 0.000001363380 
0.12200 0.000001307712 
0.12250 0.000001253462 
0.12300 0.000001199210 
0.12350 0.000001145958 
0.12400 0.000001100134 
0.12450 0.000001054310 
0.12500 0.000001008484 
0.12550 0.000000965282 
0.12600 0.000000926538 
0.12650 0.000000887796 
0.12700 0.000000849054 
0.12750 0.000000813968 
0.12800 0.000000781184 
0.12850 0.000000748400 
0.12900 0.000000715616 
0.12950 0.000000687092 
0.13000 0.000000659324 
0.13050 0.000000631558 
0.13100 0.000000604114 
0.13150 0.000000580578 
0.13200 0.000000557042 
0.13250 0.000000533506 
0.13300 0.000000511026 
0.13350 0.000000491058 
0.13400 0.000000471092 
0.13450 0.000000451126 
0.13500 0.000000432686 
0.13550 0.000000415736 
0.13600 0.000000398784 
0.13650 0.000000381834 
0.13700 0.000000366690 
0.13750 0.000000352290 
0.13800 0.000000337890 
0.13850 0.000000323488 
0.13900 0.000000311034 
0.13950 0.000000298792 
0.14000 0.000000286550 
0.14050 0.000000274464 
0.14100 0.000000264050 
0.14150 0.000000253636 
0.14200 0.000000243222 
0.14250 0.000000233214 
0.14300 0.000000224348 
0.14350 0.000000215484 
0.14400 0.000000206620 
0.14450 0.000000198316 
0.14500 0.000000190767 
0.14550 0.000000183218 
0.14600 0.000000175668 
0.14650 0.000000168767 
0.14700 0.000000162334 
0.14750 0.000000155901 
0.14800 0.000000149468 
0.14850 0.000000143724 
0.14900 0.000000138240 
0.14950 0.000000132756 
0.15000 0.000000127272 
0.15050 0.000000122482 
0.15100 0.000000117805 
0.15150 0.000000113127 
0.15200 0.000000108450 
0.15250 0.000000104447 
0.15300 0.000000100456 
0.15350 0.000000096465 
0.15400 0.000000092528 
0.15450 0.000000089122 
0.15500 0.000000085716 
0.15550 0.000000082309 
0.15600 0.000000078998 
0.15650 0.000000076090 
0.15700 0.000000073182 
0.15750 0.000000070273 
0.15800 0.000000067482 
0.15850 0.000000064998 
0.15900 0.000000062513 
0.15950 0.000000060028 
0.16000 0.000000057671 
0.16050 0.000000055548 
0.16100 0.000000053426 
0.16150 0.000000051304 
0.16200 0.000000049308 
0.16250 0.000000047494 
0.16300 0.000000045680 
0.16350 0.000000043866 
0.16400 0.000000042173 
0.16450 0.000000040623 
0.16500 0.000000039072 
0.16550 0.000000037522 
0.16600 0.000000036082 
0.16650 0.000000034756 
0.16700 0.000000033431 
0.16750 0.000000032106 
0.16800 0.000000030878 
0.16850 0.000000029745 
0.16900 0.000000028611 
0.16950 0.000000027478 
0.17000 0.000000026428 
0.17050 0.000000025459 
0.17100 0.000000024491 
0.17150 0.000000023522 
0.17200 0.000000022623 
0.17250 0.000000021794 
0.17300 0.000000020964 
0.17350 0.000000020135 
0.17400 0.000000019363 
0.17450 0.000000018654 
0.17500 0.000000017945 
0.17550 0.000000017236 
0.17600 0.000000016572 
0.17650 0.000000015965 
0.17700 0.000000015359 
0.17750 0.000000014753 
0.17800 0.000000014180 
0.17850 0.000000013661 
0.17900 0.000000013142 
0.17950 0.000000012624 
0.18000 0.000000012128 
0.18050 0.000000011684 
0.18100 0.000000011241 
0.18150 0.000000010797 
0.18200 0.000000010367 
0.18250 0.000000009988 
0.18300 0.000000009608 
0.18350 0.000000009229 
0.18400 0.000000008856 
0.18450 0.000000008532 
0.18500 0.000000008207 
0.18550 0.000000007883 
0.18600 0.000000007559 
0.18650 0.000000007281 
0.18700 0.000000007004 
0.18750 0.000000006726 
0.18800 0.000000006448 
0.18850 0.000000006207 
0.18900 0.000000005970 
0.18950 0.000000005732 
0.19000 0.000000005495 
0.19050 0.000000005284 
0.19100 0.000000005081 
0.19150 0.000000004878 
0.19200 0.000000004675 
0.19250 0.000000004490 
0.19300 0.000000004317 
0.19350 0.000000004143 
0.19400 0.000000003970 
0.19450 0.000000003808 
0.19500 0.000000003660 
0.19550 0.000000003512 
0.19600 0.000000003363 
0.19650 0.000000003222 
0.19700 0.000000003095 
0.19750 0.000000002969 
0.19800 0.000000002842 
0.19850 0.000000002718 
0.19900 0.000000002610 
0.19950 0.000000002502 
0.20000 0.000000002394 
0.20050 0.000000002286 
0.20100 0.000000002193 
0.20150 0.000000002101 
0.20200 0.000000002009 
0.20250 0.000000001916 
0.20300 0.000000001835 
0.20350 0.000000001757 
0.20400 0.000000001678 
0.20450 0.000000001600 
0.20500 0.000000001529 
0.20550 0.000000001462 
0.20600 0.000000001395 
0.20650 0.000000001328 
0.20700 0.000000001266 
0.20750 0.000000001209 
0.20800 0.000000001152 
0.20850 0.000000001095 
0.20900 0.000000001041 
0.20950 0.000000000993 
0.21000 0.000000000944 
0.21050 0.000000000896 
0.21100 0.000000000849 
0.21150 0.000000000808 
0.21200 0.000000000767 
0.21250 0.000000000726 
0.21300 0.000000000685 
0.21350 0.000000000651 
0.21400 0.000000000616 
0.21450 0.000000000581 
0.21500 0.000000000547 
0.21550 0.000000000517 
0.21600 0.000000000488 
0.21650 0.000000000459 
0.21700 0.000000000429 
0.21750 0.000000000405 
0.21800 0.000000000380 
0.21850 0.000000000356 
0.21900 0.000000000331 
0.21950 0.000000000311 
0.22000 0.000000000290 
0.22050 0.000000000269 
0.22100 0.000000000249 
0.22150 0.000000000232 
0.22200 0.000000000215 
0.22250 0.000000000198 
0.22300 0.000000000181 
0.22350 0.000000000167 
0.22400 0.000000000153 
0.22450 0.000000000139 
0.22500 0.000000000126 
0.22550 0.000000000115 
0.22600 0.000000000103 
0.22650 0.000000000092 
0.22700 0.000000000082 
0.22750 0.000000000073 
0.22800 0.000000000064 
0.22850 0.000000000055 
0.22900 0.000000000048 
0.22950 0.000000000041 
0.23000 0.000000000035 
0.23050 0.000000000028 
0.23100 0.000000000024 
0.23150 0.000000000019 
0.23200 0.000000000014 
0.23250 0.000000000011 
0.23300 0.000000000008 
0.23350 0.000000000005 
