0.00000 156.145400000000 
0.00050 134.733000000000 
0.00100 113.320600000000 
0.00150 91.908400000000 
0.00200 70.496000000000 
0.00250 56.790200000000 
0.00300 45.383800000000 
0.00350 36.594000000000 
0.00400 30.224000000000 
0.00450 24.357400000000 
0.00500 20.652800000000 
0.00550 16.948040000000 
0.00600 14.401780000000 
0.00650 12.172500000000 
0.00700 10.210500000000 
0.00750 8.829720000000 
0.00800 7.448920000000 
0.00850 6.463520000000 
0.00900 5.586800000000 
0.00950 4.771240000000 
0.01000 4.202460000000 
0.01050 3.633680000000 
0.01100 3.173320000000 
0.01150 2.797280000000 
0.01200 2.421240000000 
0.01250 2.153740000000 
0.01300 1.900916000000 
0.01350 1.660742000000 
0.01400 1.488210000000 
0.01450 1.315678000000 
0.01500 1.164220000000 
0.01550 1.044890000000 
0.01600 0.925560000000 
0.01650 0.827702000000 
0.01700 0.744164000000 
0.01750 0.660628000000 
0.01800 0.595930000000 
0.01850 0.536804000000 
0.01900 0.477678000000 
0.01950 0.433968000000 
0.02000 0.391700000000 
0.02050 0.349786000000 
0.02100 0.319292000000 
0.02150 0.288798000000 
0.02200 0.259308000000 
0.02250 0.237124000000 
0.02300 0.214938000000 
0.02350 0.193870400000 
0.02400 0.177605800000 
0.02450 0.161341200000 
0.02500 0.146075200000 
0.02550 0.134066000000 
0.02600 0.122056600000 
0.02650 0.110850600000 
0.02700 0.101925000000 
0.02750 0.092999400000 
0.02800 0.084675200000 
0.02850 0.078000800000 
0.02900 0.071326600000 
0.02950 0.065075400000 
0.03000 0.060056200000 
0.03050 0.055037000000 
0.03100 0.050295800000 
0.03150 0.046501200000 
0.03200 0.042706800000 
0.03250 0.039077800000 
0.03300 0.036195200000 
0.03350 0.033312400000 
0.03400 0.030511400000 
0.03450 0.028311400000 
0.03500 0.026111400000 
0.03550 0.023933000000 
0.03600 0.022246600000 
0.03650 0.020560200000 
0.03700 0.018873880000 
0.03750 0.017556440000 
0.03800 0.016258560000 
0.03850 0.014960700000 
0.03900 0.013911320000 
0.03950 0.012908640000 
0.04000 0.011905980000 
0.04050 0.011065260000 
0.04100 0.010287860000 
0.04150 0.009510440000 
0.04200 0.008833380000 
0.04250 0.008228580000 
0.04300 0.007623760000 
0.04350 0.007075920000 
0.04400 0.006603860000 
0.04450 0.006131820000 
0.04500 0.005686600000 
0.04550 0.005317060000 
0.04600 0.004947500000 
0.04650 0.004584280000 
0.04700 0.004294120000 
0.04750 0.004003960000 
0.04800 0.003713800000 
0.04850 0.003478140000 
0.04900 0.003249680000 
0.04950 0.003021220000 
0.05000 0.002825060000 
0.05050 0.002644700000 
0.05100 0.002464340000 
0.05150 0.002300720000 
0.05200 0.002157980000 
0.05250 0.002015220000 
0.05300 0.001878478000 
0.05350 0.001765224000 
0.05400 0.001651968000 
0.05450 0.001538714000 
0.05500 0.001447404000 
0.05550 0.001357336000 
0.05600 0.001267266000 
0.05650 0.001189524000 
0.05700 0.001117730000 
0.05750 0.001045938000 
0.05800 0.000979736000 
0.05850 0.000922384000 
0.05900 0.000865032000 
0.05950 0.000808646000 
0.06000 0.000762734000 
0.06050 0.000716820000 
0.06100 0.000670906000 
0.06150 0.000631954000 
0.06200 0.000595120000 
0.06250 0.000558288000 
0.06300 0.000524584000 
0.06350 0.000494978000 
0.06400 0.000465370000 
0.06450 0.000436248000 
0.06500 0.000412400000 
0.06550 0.000388554000 
0.06600 0.000364708000 
0.06650 0.000344176000 
0.06700 0.000324932000 
0.06750 0.000305688000 
0.06800 0.000287700000 
0.06850 0.000272142000 
0.06900 0.000256584000 
0.06950 0.000241026000 
0.07000 0.000228264000 
0.07050 0.000215662000 
0.07100 0.000203060000 
0.07150 0.000191731400 
0.07200 0.000181506200 
0.07250 0.000171281000 
0.07300 0.000161266800 
0.07350 0.000152955200 
0.07400 0.000144643400 
0.07450 0.000136331800 
0.07500 0.000129054600 
0.07550 0.000122286600 
0.07600 0.000115518800 
0.07650 0.000109019400 
0.07700 0.000103499000 
0.07750 0.000097978600 
0.07800 0.000092458200 
0.07850 0.000087691400 
0.07900 0.000083181000 
0.07950 0.000078670800 
0.08000 0.000074375200 
0.08050 0.000070684200 
0.08100 0.000066993000 
0.08150 0.000063301800 
0.08200 0.000060119400 
0.08250 0.000057093800 
0.08300 0.000054068200 
0.08350 0.000051179400 
0.08400 0.000048695400 
0.08450 0.000046211200 
0.08500 0.000043727200 
0.08550 0.000041564200 
0.08600 0.000039521600 
0.08650 0.000037478800 
0.08700 0.000035504200 
0.08750 0.000033822000 
0.08800 0.000032139600 
0.08850 0.000030457400 
0.08900 0.000028963000 
0.08950 0.000027575400 
0.09000 0.000026187800 
0.09050 0.000024817800 
0.09100 0.000023671600 
0.09150 0.000022525400 
0.09200 0.000021379000 
0.09250 0.000020331200 
0.09300 0.000019382940 
0.09350 0.000018434660 
0.09400 0.000017486360 
0.09450 0.000016685880 
0.09500 0.000015900240 
0.09550 0.000015114600 
0.09600 0.000014370280 
0.09650 0.000013718460 
0.09700 0.000013066660 
0.09750 0.000012414840 
0.09800 0.000011839920 
0.09850 0.000011298380 
0.09900 0.000010756840 
0.09950 0.000010222120 
0.10000 0.000009771580 
0.10050 0.000009321040 
0.10100 0.000008870500 
0.10150 0.000008453200 
0.10200 0.000008077880 
0.10250 0.000007702540 
0.10300 0.000007327200 
0.10350 0.000007001580 
0.10400 0.000006688480 
0.10450 0.000006375380 
0.10500 0.000006069780 
0.10550 0.000005808260 
0.10600 0.000005546760 
0.10650 0.000005285240 
0.10700 0.000005044380 
0.10750 0.000004825660 
0.10800 0.000004606960 
0.10850 0.000004388240 
0.10900 0.000004198360 
0.10950 0.000004015220 
0.11000 0.000003832080 
0.11050 0.000003652760 
0.11100 0.000003499220 
0.11150 0.000003345700 
0.11200 0.000003192160 
0.11250 0.000003049440 
0.11300 0.000002920580 
0.11350 0.000002791720 
0.11400 0.000002662860 
0.11450 0.000002549200 
0.11500 0.000002440920 
0.11550 0.000002332640 
0.11600 0.000002224880 
0.11650 0.000002133800 
0.11700 0.000002042700 
0.11750 0.000001951620 
0.11800 0.000001865064 
0.11850 0.000001788354 
0.11900 0.000001711646 
0.11950 0.000001634938 
0.12000 0.000001565348 
0.12050 0.000001500682 
0.12100 0.000001436018 
0.12150 0.000001371352 
0.12200 0.000001315358 
0.12250 0.000001260790 
0.12300 0.000001206224 
0.12350 0.000001152658 
0.12400 0.000001106566 
0.12450 0.000001060474 
0.12500 0.000001014382 
0.12550 0.000000970926 
0.12600 0.000000931956 
0.12650 0.000000892988 
0.12700 0.000000854020 
0.12750 0.000000818728 
0.12800 0.000000785752 
0.12850 0.000000752776 
0.12900 0.000000719800 
0.12950 0.000000691110 
0.13000 0.000000663180 
0.13050 0.000000635250 
0.13100 0.000000607648 
0.13150 0.000000583974 
0.13200 0.000000560300 
0.13250 0.000000536626 
0.13300 0.000000514014 
0.13350 0.000000493930 
0.13400 0.000000473846 
0.13450 0.000000453764 
0.13500 0.000000435216 
0.13550 0.000000418166 
0.13600 0.000000401116 
0.13650 0.000000384066 
0.13700 0.000000368834 
0.13750 0.000000354350 
0.13800 0.000000339866 
0.13850 0.000000325380 
0.13900 0.000000312854 
0.13950 0.000000300540 
0.14000 0.000000288226 
0.14050 0.000000276070 
0.14100 0.000000265594 
0.14150 0.000000255120 
0.14200 0.000000244646 
0.14250 0.000000234576 
0.14300 0.000000225660 
0.14350 0.000000216744 
0.14400 0.000000207828 
0.14450 0.000000199476 
0.14500 0.000000191882 
0.14550 0.000000184289 
0.14600 0.000000176695 
0.14650 0.000000169754 
0.14700 0.000000163284 
0.14750 0.000000156813 
0.14800 0.000000150342 
0.14850 0.000000144565 
0.14900 0.000000139049 
0.14950 0.000000133533 
0.15000 0.000000128017 
0.15050 0.000000123198 
0.15100 0.000000118493 
0.15150 0.000000113789 
0.15200 0.000000109084 
0.15250 0.000000105057 
0.15300 0.000000101043 
0.15350 0.000000097029 
0.15400 0.000000093069 
0.15450 0.000000089643 
0.15500 0.000000086217 
0.15550 0.000000082791 
0.15600 0.000000079460 
0.15650 0.000000076535 
0.15700 0.000000073609 
0.15750 0.000000070684 
0.15800 0.000000067877 
0.15850 0.000000065378 
0.15900 0.000000062879 
0.15950 0.000000060379 
0.16000 0.000000058008 
0.16050 0.000000055873 
0.16100 0.000000053738 
0.16150 0.000000051604 
0.16200 0.000000049596 
0.16250 0.000000047772 
0.16300 0.000000045947 
0.16350 0.000000044123 
0.16400 0.000000042420 
0.16450 0.000000040860 
0.16500 0.000000039301 
0.16550 0.000000037741 
0.16600 0.000000036293 
0.16650 0.000000034960 
0.16700 0.000000033627 
0.16750 0.000000032294 
0.16800 0.000000031059 
0.16850 0.000000029919 
0.16900 0.000000028779 
0.16950 0.000000027639 
0.17000 0.000000026583 
0.17050 0.000000025608 
0.17100 0.000000024634 
0.17150 0.000000023659 
0.17200 0.000000022755 
0.17250 0.000000021921 
0.17300 0.000000021087 
0.17350 0.000000020253 
0.17400 0.000000019477 
0.17450 0.000000018763 
0.17500 0.000000018050 
0.17550 0.000000017337 
0.17600 0.000000016668 
0.17650 0.000000016059 
0.17700 0.000000015449 
0.17750 0.000000014839 
0.17800 0.000000014263 
0.17850 0.000000013741 
0.17900 0.000000013219 
0.17950 0.000000012698 
0.18000 0.000000012199 
0.18050 0.000000011753 
0.18100 0.000000011306 
0.18150 0.000000010860 
0.18200 0.000000010428 
0.18250 0.000000010046 
0.18300 0.000000009664 
0.18350 0.000000009283 
0.18400 0.000000008908 
0.18450 0.000000008581 
0.18500 0.000000008255 
0.18550 0.000000007929 
0.18600 0.000000007603 
0.18650 0.000000007324 
0.18700 0.000000007045 
0.18750 0.000000006765 
0.18800 0.000000006486 
0.18850 0.000000006243 
0.18900 0.000000006004 
0.18950 0.000000005766 
0.19000 0.000000005527 
0.19050 0.000000005315 
0.19100 0.000000005111 
0.19150 0.000000004906 
0.19200 0.000000004702 
0.19250 0.000000004516 
0.19300 0.000000004342 
0.19350 0.000000004167 
0.19400 0.000000003993 
0.19450 0.000000003830 
0.19500 0.000000003681 
0.19550 0.000000003532 
0.19600 0.000000003383 
0.19650 0.000000003241 
0.19700 0.000000003113 
0.19750 0.000000002986 
0.19800 0.000000002859 
0.19850 0.000000002734 
0.19900 0.000000002625 
0.19950 0.000000002517 
0.20000 0.000000002408 
0.20050 0.000000002299 
0.20100 0.000000002206 
0.20150 0.000000002113 
0.20200 0.000000002021 
0.20250 0.000000001928 
0.20300 0.000000001846 
0.20350 0.000000001767 
0.20400 0.000000001688 
0.20450 0.000000001609 
0.20500 0.000000001538 
0.20550 0.000000001470 
0.20600 0.000000001403 
0.20650 0.000000001335 
0.20700 0.000000001273 
0.20750 0.000000001216 
0.20800 0.000000001159 
0.20850 0.000000001101 
0.20900 0.000000001047 
0.20950 0.000000000998 
0.21000 0.000000000950 
0.21050 0.000000000901 
0.21100 0.000000000854 
0.21150 0.000000000813 
0.21200 0.000000000771 
0.21250 0.000000000730 
0.21300 0.000000000689 
0.21350 0.000000000654 
0.21400 0.000000000619 
0.21450 0.000000000585 
0.21500 0.000000000550 
0.21550 0.000000000520 
0.21600 0.000000000491 
0.21650 0.000000000461 
0.21700 0.000000000432 
0.21750 0.000000000407 
0.21800 0.000000000382 
0.21850 0.000000000358 
0.21900 0.000000000333 
0.21950 0.000000000312 
0.22000 0.000000000292 
0.22050 0.000000000271 
0.22100 0.000000000250 
0.22150 0.000000000233 
0.22200 0.000000000216 
0.22250 0.000000000199 
0.22300 0.000000000182 
0.22350 0.000000000168 
0.22400 0.000000000154 
0.22450 0.000000000140 
0.22500 0.000000000127 
0.22550 0.000000000115 
0.22600 0.000000000104 
0.22650 0.000000000092 
0.22700 0.000000000082 
0.22750 0.000000000073 
0.22800 0.000000000064 
0.22850 0.000000000055 
0.22900 0.000000000048 
0.22950 0.000000000042 
0.23000 0.000000000035 
0.23050 0.000000000028 
0.23100 0.000000000024 
0.23150 0.000000000019 
0.23200 0.000000000014 
0.23250 0.000000000011 
0.23300 0.000000000008 
0.23350 0.000000000005 
