0.00000 157.080800000000 
0.00050 135.540200000000 
0.00100 113.999600000000 
0.00150 92.459000000000 
0.00200 70.918400000000 
0.00250 57.130600000000 
0.00300 45.655600000000 
0.00350 36.813200000000 
0.00400 30.405000000000 
0.00450 24.503200000000 
0.00500 20.776400000000 
0.00550 17.049580000000 
0.00600 14.488060000000 
0.00650 12.245420000000 
0.00700 10.271680000000 
0.00750 8.882620000000 
0.00800 7.493560000000 
0.00850 6.502240000000 
0.00900 5.620280000000 
0.00950 4.799820000000 
0.01000 4.227640000000 
0.01050 3.655440000000 
0.01100 3.192340000000 
0.01150 2.814040000000 
0.01200 2.435740000000 
0.01250 2.166640000000 
0.01300 1.912304000000 
0.01350 1.670692000000 
0.01400 1.497126000000 
0.01450 1.323562000000 
0.01500 1.171194000000 
0.01550 1.051150000000 
0.01600 0.931106000000 
0.01650 0.832660000000 
0.01700 0.748622000000 
0.01750 0.664584000000 
0.01800 0.599500000000 
0.01850 0.540020000000 
0.01900 0.480540000000 
0.01950 0.436568000000 
0.02000 0.394046000000 
0.02050 0.351882000000 
0.02100 0.321206000000 
0.02150 0.290528000000 
0.02200 0.260862000000 
0.02250 0.238544000000 
0.02300 0.216226000000 
0.02350 0.195032000000 
0.02400 0.178669800000 
0.02450 0.162307800000 
0.02500 0.146950400000 
0.02550 0.134869200000 
0.02600 0.122788000000 
0.02650 0.111514800000 
0.02700 0.102535600000 
0.02750 0.093556600000 
0.02800 0.085182600000 
0.02850 0.078468200000 
0.02900 0.071754000000 
0.02950 0.065465200000 
0.03000 0.060416000000 
0.03050 0.055366800000 
0.03100 0.050597000000 
0.03150 0.046779800000 
0.03200 0.042962800000 
0.03250 0.039311800000 
0.03300 0.036412000000 
0.03350 0.033512000000 
0.03400 0.030694200000 
0.03450 0.028481000000 
0.03500 0.026267800000 
0.03550 0.024076400000 
0.03600 0.022380000000 
0.03650 0.020683400000 
0.03700 0.018986960000 
0.03750 0.017661620000 
0.03800 0.016355980000 
0.03850 0.015050340000 
0.03900 0.013994660000 
0.03950 0.012985980000 
0.04000 0.011977300000 
0.04050 0.011131560000 
0.04100 0.010349480000 
0.04150 0.009567420000 
0.04200 0.008886300000 
0.04250 0.008277860000 
0.04300 0.007669440000 
0.04350 0.007118300000 
0.04400 0.006643420000 
0.04450 0.006168560000 
0.04500 0.005720680000 
0.04550 0.005348900000 
0.04600 0.004977140000 
0.04650 0.004611760000 
0.04700 0.004319860000 
0.04750 0.004027940000 
0.04800 0.003736040000 
0.04850 0.003498960000 
0.04900 0.003269140000 
0.04950 0.003039320000 
0.05000 0.002841980000 
0.05050 0.002660540000 
0.05100 0.002479100000 
0.05150 0.002314500000 
0.05200 0.002170900000 
0.05250 0.002027300000 
0.05300 0.001889734000 
0.05350 0.001775800000 
0.05400 0.001661866000 
0.05450 0.001547932000 
0.05500 0.001456076000 
0.05550 0.001365468000 
0.05600 0.001274858000 
0.05650 0.001196650000 
0.05700 0.001124428000 
0.05750 0.001052204000 
0.05800 0.000985606000 
0.05850 0.000927910000 
0.05900 0.000870214000 
0.05950 0.000813492000 
0.06000 0.000767302000 
0.06050 0.000721114000 
0.06100 0.000674926000 
0.06150 0.000635740000 
0.06200 0.000598686000 
0.06250 0.000561632000 
0.06300 0.000527728000 
0.06350 0.000497942000 
0.06400 0.000468158000 
0.06450 0.000438860000 
0.06500 0.000414872000 
0.06550 0.000390882000 
0.06600 0.000366892000 
0.06650 0.000346238000 
0.06700 0.000326878000 
0.06750 0.000307520000 
0.06800 0.000289424000 
0.06850 0.000273772000 
0.06900 0.000258122000 
0.06950 0.000242470000 
0.07000 0.000229630000 
0.07050 0.000216954000 
0.07100 0.000204278000 
0.07150 0.000192880000 
0.07200 0.000182593600 
0.07250 0.000172307200 
0.07300 0.000162233000 
0.07350 0.000153871400 
0.07400 0.000145510000 
0.07450 0.000137148600 
0.07500 0.000129827800 
0.07550 0.000123019400 
0.07600 0.000116210800 
0.07650 0.000109672600 
0.07700 0.000104119200 
0.07750 0.000098565600 
0.07800 0.000093012200 
0.07850 0.000088216800 
0.07900 0.000083679400 
0.07950 0.000079142000 
0.08000 0.000074820800 
0.08050 0.000071107600 
0.08100 0.000067394400 
0.08150 0.000063681200 
0.08200 0.000060479600 
0.08250 0.000057435800 
0.08300 0.000054392200 
0.08350 0.000051486000 
0.08400 0.000048987000 
0.08450 0.000046488000 
0.08500 0.000043989200 
0.08550 0.000041813200 
0.08600 0.000039758200 
0.08650 0.000037703400 
0.08700 0.000035717000 
0.08750 0.000034024600 
0.08800 0.000032332200 
0.08850 0.000030639800 
0.08900 0.000029136400 
0.08950 0.000027740600 
0.09000 0.000026344600 
0.09050 0.000024966600 
0.09100 0.000023813400 
0.09150 0.000022660200 
0.09200 0.000021507200 
0.09250 0.000020453000 
0.09300 0.000019499060 
0.09350 0.000018545100 
0.09400 0.000017591140 
0.09450 0.000016785840 
0.09500 0.000015995500 
0.09550 0.000015205160 
0.09600 0.000014456360 
0.09650 0.000013800660 
0.09700 0.000013144940 
0.09750 0.000012489220 
0.09800 0.000011910860 
0.09850 0.000011366080 
0.09900 0.000010821280 
0.09950 0.000010283360 
0.10000 0.000009830120 
0.10050 0.000009376880 
0.10100 0.000008923660 
0.10150 0.000008503840 
0.10200 0.000008126260 
0.10250 0.000007748680 
0.10300 0.000007371100 
0.10350 0.000007043520 
0.10400 0.000006728540 
0.10450 0.000006413580 
0.10500 0.000006106140 
0.10550 0.000005843060 
0.10600 0.000005579980 
0.10650 0.000005316900 
0.10700 0.000005074600 
0.10750 0.000004854580 
0.10800 0.000004634560 
0.10850 0.000004414540 
0.10900 0.000004223500 
0.10950 0.000004039280 
0.11000 0.000003855040 
0.11050 0.000003674640 
0.11100 0.000003520180 
0.11150 0.000003365740 
0.11200 0.000003211280 
0.11250 0.000003067700 
0.11300 0.000002938080 
0.11350 0.000002808440 
0.11400 0.000002678800 
0.11450 0.000002564460 
0.11500 0.000002455540 
0.11550 0.000002346600 
0.11600 0.000002238220 
0.11650 0.000002146580 
0.11700 0.000002054940 
0.11750 0.000001963312 
0.11800 0.000001876238 
0.11850 0.000001799070 
0.11900 0.000001721900 
0.11950 0.000001644732 
0.12000 0.000001574726 
0.12050 0.000001509674 
0.12100 0.000001444620 
0.12150 0.000001379568 
0.12200 0.000001323240 
0.12250 0.000001268344 
0.12300 0.000001213450 
0.12350 0.000001159564 
0.12400 0.000001113196 
0.12450 0.000001066828 
0.12500 0.000001020460 
0.12550 0.000000976742 
0.12600 0.000000937540 
0.12650 0.000000898338 
0.12700 0.000000859136 
0.12750 0.000000823632 
0.12800 0.000000790460 
0.12850 0.000000757286 
0.12900 0.000000724112 
0.12950 0.000000695250 
0.13000 0.000000667154 
0.13050 0.000000639056 
0.13100 0.000000611288 
0.13150 0.000000587472 
0.13200 0.000000563656 
0.13250 0.000000539840 
0.13300 0.000000517092 
0.13350 0.000000496890 
0.13400 0.000000476686 
0.13450 0.000000456482 
0.13500 0.000000437824 
0.13550 0.000000420672 
0.13600 0.000000403520 
0.13650 0.000000386368 
0.13700 0.000000371044 
0.13750 0.000000356472 
0.13800 0.000000341902 
0.13850 0.000000327330 
0.13900 0.000000314728 
0.13950 0.000000302340 
0.14000 0.000000289952 
0.14050 0.000000277724 
0.14100 0.000000267186 
0.14150 0.000000256648 
0.14200 0.000000246110 
0.14250 0.000000235982 
0.14300 0.000000227012 
0.14350 0.000000218044 
0.14400 0.000000209074 
0.14450 0.000000200672 
0.14500 0.000000193032 
0.14550 0.000000185393 
0.14600 0.000000177754 
0.14650 0.000000170771 
0.14700 0.000000164262 
0.14750 0.000000157753 
0.14800 0.000000151243 
0.14850 0.000000145431 
0.14900 0.000000139882 
0.14950 0.000000134333 
0.15000 0.000000128784 
0.15050 0.000000123936 
0.15100 0.000000119203 
0.15150 0.000000114471 
0.15200 0.000000109738 
0.15250 0.000000105687 
0.15300 0.000000101649 
0.15350 0.000000097610 
0.15400 0.000000093627 
0.15450 0.000000090180 
0.15500 0.000000086733 
0.15550 0.000000083287 
0.15600 0.000000079937 
0.15650 0.000000076993 
0.15700 0.000000074050 
0.15750 0.000000071107 
0.15800 0.000000068284 
0.15850 0.000000065769 
0.15900 0.000000063255 
0.15950 0.000000060741 
0.16000 0.000000058356 
0.16050 0.000000056208 
0.16100 0.000000054060 
0.16150 0.000000051913 
0.16200 0.000000049893 
0.16250 0.000000048058 
0.16300 0.000000046223 
0.16350 0.000000044387 
0.16400 0.000000042674 
0.16450 0.000000041105 
0.16500 0.000000039536 
0.16550 0.000000037967 
0.16600 0.000000036510 
0.16650 0.000000035169 
0.16700 0.000000033828 
0.16750 0.000000032487 
0.16800 0.000000031245 
0.16850 0.000000030098 
0.16900 0.000000028951 
0.16950 0.000000027804 
0.17000 0.000000026742 
0.17050 0.000000025762 
0.17100 0.000000024781 
0.17150 0.000000023801 
0.17200 0.000000022891 
0.17250 0.000000022052 
0.17300 0.000000021213 
0.17350 0.000000020375 
0.17400 0.000000019593 
0.17450 0.000000018876 
0.17500 0.000000018158 
0.17550 0.000000017441 
0.17600 0.000000016768 
0.17650 0.000000016155 
0.17700 0.000000015541 
0.17750 0.000000014928 
0.17800 0.000000014348 
0.17850 0.000000013823 
0.17900 0.000000013298 
0.17950 0.000000012774 
0.18000 0.000000012272 
0.18050 0.000000011823 
0.18100 0.000000011374 
0.18150 0.000000010925 
0.18200 0.000000010491 
0.18250 0.000000010106 
0.18300 0.000000009722 
0.18350 0.000000009338 
0.18400 0.000000008961 
0.18450 0.000000008633 
0.18500 0.000000008305 
0.18550 0.000000007976 
0.18600 0.000000007649 
0.18650 0.000000007368 
0.18700 0.000000007087 
0.18750 0.000000006806 
0.18800 0.000000006525 
0.18850 0.000000006280 
0.18900 0.000000006040 
0.18950 0.000000005800 
0.19000 0.000000005560 
0.19050 0.000000005347 
0.19100 0.000000005141 
0.19150 0.000000004936 
0.19200 0.000000004730 
0.19250 0.000000004543 
0.19300 0.000000004368 
0.19350 0.000000004192 
0.19400 0.000000004017 
0.19450 0.000000003853 
0.19500 0.000000003703 
0.19550 0.000000003553 
0.19600 0.000000003403 
0.19650 0.000000003260 
0.19700 0.000000003132 
0.19750 0.000000003004 
0.19800 0.000000002876 
0.19850 0.000000002750 
0.19900 0.000000002641 
0.19950 0.000000002532 
0.20000 0.000000002422 
0.20050 0.000000002313 
0.20100 0.000000002219 
0.20150 0.000000002126 
0.20200 0.000000002033 
0.20250 0.000000001939 
0.20300 0.000000001857 
0.20350 0.000000001778 
0.20400 0.000000001698 
0.20450 0.000000001619 
0.20500 0.000000001547 
0.20550 0.000000001479 
0.20600 0.000000001411 
0.20650 0.000000001343 
0.20700 0.000000001281 
0.20750 0.000000001223 
0.20800 0.000000001165 
0.20850 0.000000001108 
0.20900 0.000000001053 
0.20950 0.000000001004 
0.21000 0.000000000955 
0.21050 0.000000000906 
0.21100 0.000000000859 
0.21150 0.000000000818 
0.21200 0.000000000776 
0.21250 0.000000000734 
0.21300 0.000000000693 
0.21350 0.000000000658 
0.21400 0.000000000623 
0.21450 0.000000000588 
0.21500 0.000000000553 
0.21550 0.000000000524 
0.21600 0.000000000494 
0.21650 0.000000000464 
0.21700 0.000000000434 
0.21750 0.000000000410 
0.21800 0.000000000385 
0.21850 0.000000000360 
0.21900 0.000000000335 
0.21950 0.000000000314 
0.22000 0.000000000293 
0.22050 0.000000000273 
0.22100 0.000000000252 
0.22150 0.000000000235 
0.22200 0.000000000217 
0.22250 0.000000000200 
0.22300 0.000000000183 
0.22350 0.000000000169 
0.22400 0.000000000155 
0.22450 0.000000000141 
0.22500 0.000000000127 
0.22550 0.000000000116 
0.22600 0.000000000104 
0.22650 0.000000000093 
0.22700 0.000000000083 
0.22750 0.000000000074 
0.22800 0.000000000065 
0.22850 0.000000000056 
0.22900 0.000000000049 
0.22950 0.000000000042 
0.23000 0.000000000035 
0.23050 0.000000000029 
0.23100 0.000000000024 
0.23150 0.000000000019 
0.23200 0.000000000014 
0.23250 0.000000000011 
0.23300 0.000000000008 
0.23350 0.000000000005 
