0.00000 158.045200000000 
0.00050 136.372400000000 
0.00100 114.699400000000 
0.00150 93.026600000000 
0.00200 71.353800000000 
0.00250 57.481200000000 
0.00300 45.936000000000 
0.00350 37.039200000000 
0.00400 30.591800000000 
0.00450 24.653800000000 
0.00500 20.904000000000 
0.00550 17.154260000000 
0.00600 14.577020000000 
0.00650 12.320600000000 
0.00700 10.334740000000 
0.00750 8.937160000000 
0.00800 7.539560000000 
0.00850 6.542160000000 
0.00900 5.654780000000 
0.00950 4.829300000000 
0.01000 4.253600000000 
0.01050 3.677900000000 
0.01100 3.211940000000 
0.01150 2.831320000000 
0.01200 2.450700000000 
0.01250 2.179940000000 
0.01300 1.924046000000 
0.01350 1.680950000000 
0.01400 1.506318000000 
0.01450 1.331688000000 
0.01500 1.178386000000 
0.01550 1.057604000000 
0.01600 0.936822000000 
0.01650 0.837774000000 
0.01700 0.753220000000 
0.01750 0.668666000000 
0.01800 0.603182000000 
0.01850 0.543336000000 
0.01900 0.483490000000 
0.01950 0.439248000000 
0.02000 0.396466000000 
0.02050 0.354042000000 
0.02100 0.323178000000 
0.02150 0.292312000000 
0.02200 0.262464000000 
0.02250 0.240008000000 
0.02300 0.217554000000 
0.02350 0.196229400000 
0.02400 0.179766800000 
0.02450 0.163304200000 
0.02500 0.147852600000 
0.02550 0.135697200000 
0.02600 0.123541800000 
0.02650 0.112199400000 
0.02700 0.103165200000 
0.02750 0.094131000000 
0.02800 0.085705600000 
0.02850 0.078950000000 
0.02900 0.072194400000 
0.02950 0.065867200000 
0.03000 0.060787000000 
0.03050 0.055706800000 
0.03100 0.050907600000 
0.03150 0.047067200000 
0.03200 0.043226600000 
0.03250 0.039553200000 
0.03300 0.036635600000 
0.03350 0.033717800000 
0.03400 0.030882800000 
0.03450 0.028656000000 
0.03500 0.026429000000 
0.03550 0.024224200000 
0.03600 0.022517400000 
0.03650 0.020810400000 
0.03700 0.019103520000 
0.03750 0.017770060000 
0.03800 0.016456400000 
0.03850 0.015142740000 
0.03900 0.014080580000 
0.03950 0.013065720000 
0.04000 0.012050840000 
0.04050 0.011199900000 
0.04100 0.010413040000 
0.04150 0.009626160000 
0.04200 0.008940860000 
0.04250 0.008328700000 
0.04300 0.007716520000 
0.04350 0.007162000000 
0.04400 0.006684220000 
0.04450 0.006206420000 
0.04500 0.005755800000 
0.04550 0.005381740000 
0.04600 0.005007700000 
0.04650 0.004640060000 
0.04700 0.004346380000 
0.04750 0.004052680000 
0.04800 0.003758980000 
0.04850 0.003520460000 
0.04900 0.003289220000 
0.04950 0.003057980000 
0.05000 0.002859440000 
0.05050 0.002676880000 
0.05100 0.002494320000 
0.05150 0.002328720000 
0.05200 0.002184240000 
0.05250 0.002039740000 
0.05300 0.001901336000 
0.05350 0.001786702000 
0.05400 0.001672070000 
0.05450 0.001557436000 
0.05500 0.001465016000 
0.05550 0.001373850000 
0.05600 0.001282686000 
0.05650 0.001203998000 
0.05700 0.001131330000 
0.05750 0.001058664000 
0.05800 0.000991656000 
0.05850 0.000933606000 
0.05900 0.000875558000 
0.05950 0.000818486000 
0.06000 0.000772014000 
0.06050 0.000725542000 
0.06100 0.000679070000 
0.06150 0.000639642000 
0.06200 0.000602362000 
0.06250 0.000565082000 
0.06300 0.000530968000 
0.06350 0.000501000000 
0.06400 0.000471032000 
0.06450 0.000441556000 
0.06500 0.000417418000 
0.06550 0.000393282000 
0.06600 0.000369146000 
0.06650 0.000348364000 
0.06700 0.000328886000 
0.06750 0.000309408000 
0.06800 0.000291200000 
0.06850 0.000275454000 
0.06900 0.000259706000 
0.06950 0.000243958000 
0.07000 0.000231040000 
0.07050 0.000218286000 
0.07100 0.000205532000 
0.07150 0.000194064200 
0.07200 0.000183714600 
0.07250 0.000173365200 
0.07300 0.000163229000 
0.07350 0.000154816200 
0.07400 0.000146403400 
0.07450 0.000137990600 
0.07500 0.000130625000 
0.07550 0.000123774600 
0.07600 0.000116924400 
0.07650 0.000110346000 
0.07700 0.000104758400 
0.07750 0.000099170800 
0.07800 0.000093583200 
0.07850 0.000088758400 
0.07900 0.000084193200 
0.07950 0.000079628000 
0.08000 0.000075280200 
0.08050 0.000071544200 
0.08100 0.000067808200 
0.08150 0.000064072200 
0.08200 0.000060851000 
0.08250 0.000057788600 
0.08300 0.000054726000 
0.08350 0.000051802200 
0.08400 0.000049287800 
0.08450 0.000046773600 
0.08500 0.000044259200 
0.08550 0.000042070000 
0.08600 0.000040002400 
0.08650 0.000037934800 
0.08700 0.000035936200 
0.08750 0.000034233600 
0.08800 0.000032530800 
0.08850 0.000030828000 
0.08900 0.000029315400 
0.08950 0.000027910800 
0.09000 0.000026506400 
0.09050 0.000025119800 
0.09100 0.000023959600 
0.09150 0.000022799400 
0.09200 0.000021639200 
0.09250 0.000020578600 
0.09300 0.000019618780 
0.09350 0.000018658960 
0.09400 0.000017699140 
0.09450 0.000016888900 
0.09500 0.000016093720 
0.09550 0.000015298520 
0.09600 0.000014545120 
0.09650 0.000013885380 
0.09700 0.000013225640 
0.09750 0.000012565900 
0.09800 0.000011983980 
0.09850 0.000011435860 
0.09900 0.000010887720 
0.09950 0.000010346500 
0.10000 0.000009890480 
0.10050 0.000009434460 
0.10100 0.000008978440 
0.10150 0.000008556060 
0.10200 0.000008176160 
0.10250 0.000007796260 
0.10300 0.000007416360 
0.10350 0.000007086760 
0.10400 0.000006769860 
0.10450 0.000006452960 
0.10500 0.000006143640 
0.10550 0.000005878940 
0.10600 0.000005614240 
0.10650 0.000005349540 
0.10700 0.000005105740 
0.10750 0.000004884380 
0.10800 0.000004663000 
0.10850 0.000004441640 
0.10900 0.000004249440 
0.10950 0.000004064080 
0.11000 0.000003878720 
0.11050 0.000003697200 
0.11100 0.000003541800 
0.11150 0.000003386400 
0.11200 0.000003231000 
0.11250 0.000003086540 
0.11300 0.000002956120 
0.11350 0.000002825680 
0.11400 0.000002695260 
0.11450 0.000002580220 
0.11500 0.000002470620 
0.11550 0.000002361020 
0.11600 0.000002251960 
0.11650 0.000002159760 
0.11700 0.000002067560 
0.11750 0.000001975366 
0.11800 0.000001887758 
0.11850 0.000001810116 
0.11900 0.000001732472 
0.11950 0.000001654830 
0.12000 0.000001584394 
0.12050 0.000001518942 
0.12100 0.000001453490 
0.12150 0.000001388040 
0.12200 0.000001331364 
0.12250 0.000001276132 
0.12300 0.000001220900 
0.12350 0.000001166684 
0.12400 0.000001120030 
0.12450 0.000001073378 
0.12500 0.000001026724 
0.12550 0.000000982740 
0.12600 0.000000943296 
0.12650 0.000000903854 
0.12700 0.000000864410 
0.12750 0.000000828690 
0.12800 0.000000795312 
0.12850 0.000000761936 
0.12900 0.000000728558 
0.12950 0.000000699518 
0.13000 0.000000671250 
0.13050 0.000000642980 
0.13100 0.000000615042 
0.13150 0.000000591080 
0.13200 0.000000567116 
0.13250 0.000000543154 
0.13300 0.000000520268 
0.13350 0.000000499940 
0.13400 0.000000479612 
0.13450 0.000000459284 
0.13500 0.000000440512 
0.13550 0.000000423254 
0.13600 0.000000405998 
0.13650 0.000000388740 
0.13700 0.000000373322 
0.13750 0.000000358662 
0.13800 0.000000344000 
0.13850 0.000000329340 
0.13900 0.000000316660 
0.13950 0.000000304196 
0.14000 0.000000291732 
0.14050 0.000000279428 
0.14100 0.000000268826 
0.14150 0.000000258224 
0.14200 0.000000247622 
0.14250 0.000000237432 
0.14300 0.000000228406 
0.14350 0.000000219382 
0.14400 0.000000210358 
0.14450 0.000000201904 
0.14500 0.000000194217 
0.14550 0.000000186531 
0.14600 0.000000178845 
0.14650 0.000000171820 
0.14700 0.000000165270 
0.14750 0.000000158721 
0.14800 0.000000152172 
0.14850 0.000000146324 
0.14900 0.000000140740 
0.14950 0.000000135157 
0.15000 0.000000129574 
0.15050 0.000000124697 
0.15100 0.000000119935 
0.15150 0.000000115173 
0.15200 0.000000110412 
0.15250 0.000000106336 
0.15300 0.000000102273 
0.15350 0.000000098210 
0.15400 0.000000094202 
0.15450 0.000000090734 
0.15500 0.000000087266 
0.15550 0.000000083798 
0.15600 0.000000080427 
0.15650 0.000000077466 
0.15700 0.000000074505 
0.15750 0.000000071544 
0.15800 0.000000068703 
0.15850 0.000000066173 
0.15900 0.000000063644 
0.15950 0.000000061114 
0.16000 0.000000058714 
0.16050 0.000000056553 
0.16100 0.000000054392 
0.16150 0.000000052231 
0.16200 0.000000050200 
0.16250 0.000000048353 
0.16300 0.000000046506 
0.16350 0.000000044660 
0.16400 0.000000042936 
0.16450 0.000000041357 
0.16500 0.000000039779 
0.16550 0.000000038200 
0.16600 0.000000036734 
0.16650 0.000000035385 
0.16700 0.000000034036 
0.16750 0.000000032687 
0.16800 0.000000031437 
0.16850 0.000000030283 
0.16900 0.000000029129 
0.16950 0.000000027975 
0.17000 0.000000026906 
0.17050 0.000000025920 
0.17100 0.000000024933 
0.17150 0.000000023947 
0.17200 0.000000023032 
0.17250 0.000000022188 
0.17300 0.000000021344 
0.17350 0.000000020500 
0.17400 0.000000019714 
0.17450 0.000000018992 
0.17500 0.000000018270 
0.17550 0.000000017548 
0.17600 0.000000016871 
0.17650 0.000000016254 
0.17700 0.000000015637 
0.17750 0.000000015020 
0.17800 0.000000014436 
0.17850 0.000000013908 
0.17900 0.000000013380 
0.17950 0.000000012852 
0.18000 0.000000012348 
0.18050 0.000000011896 
0.18100 0.000000011444 
0.18150 0.000000010992 
0.18200 0.000000010555 
0.18250 0.000000010169 
0.18300 0.000000009782 
0.18350 0.000000009396 
0.18400 0.000000009016 
0.18450 0.000000008686 
0.18500 0.000000008356 
0.18550 0.000000008025 
0.18600 0.000000007696 
0.18650 0.000000007413 
0.18700 0.000000007130 
0.18750 0.000000006848 
0.18800 0.000000006565 
0.18850 0.000000006319 
0.18900 0.000000006077 
0.18950 0.000000005836 
0.19000 0.000000005594 
0.19050 0.000000005379 
0.19100 0.000000005173 
0.19150 0.000000004966 
0.19200 0.000000004760 
0.19250 0.000000004571 
0.19300 0.000000004395 
0.19350 0.000000004218 
0.19400 0.000000004042 
0.19450 0.000000003877 
0.19500 0.000000003726 
0.19550 0.000000003575 
0.19600 0.000000003424 
0.19650 0.000000003280 
0.19700 0.000000003151 
0.19750 0.000000003022 
0.19800 0.000000002893 
0.19850 0.000000002767 
0.19900 0.000000002657 
0.19950 0.000000002547 
0.20000 0.000000002437 
0.20050 0.000000002327 
0.20100 0.000000002233 
0.20150 0.000000002139 
0.20200 0.000000002045 
0.20250 0.000000001951 
0.20300 0.000000001869 
0.20350 0.000000001789 
0.20400 0.000000001709 
0.20450 0.000000001629 
0.20500 0.000000001556 
0.20550 0.000000001488 
0.20600 0.000000001420 
0.20650 0.000000001352 
0.20700 0.000000001289 
0.20750 0.000000001231 
0.20800 0.000000001173 
0.20850 0.000000001115 
0.20900 0.000000001060 
0.20950 0.000000001011 
0.21000 0.000000000961 
0.21050 0.000000000912 
0.21100 0.000000000864 
0.21150 0.000000000823 
0.21200 0.000000000781 
0.21250 0.000000000739 
0.21300 0.000000000698 
0.21350 0.000000000662 
0.21400 0.000000000627 
0.21450 0.000000000592 
0.21500 0.000000000557 
0.21550 0.000000000527 
0.21600 0.000000000497 
0.21650 0.000000000467 
0.21700 0.000000000437 
0.21750 0.000000000412 
0.21800 0.000000000387 
0.21850 0.000000000362 
0.21900 0.000000000337 
0.21950 0.000000000316 
0.22000 0.000000000295 
0.22050 0.000000000274 
0.22100 0.000000000253 
0.22150 0.000000000236 
0.22200 0.000000000219 
0.22250 0.000000000201 
0.22300 0.000000000184 
0.22350 0.000000000170 
0.22400 0.000000000156 
0.22450 0.000000000142 
0.22500 0.000000000128 
0.22550 0.000000000117 
0.22600 0.000000000105 
0.22650 0.000000000094 
0.22700 0.000000000083 
0.22750 0.000000000074 
0.22800 0.000000000065 
0.22850 0.000000000056 
0.22900 0.000000000049 
0.22950 0.000000000042 
0.23000 0.000000000035 
0.23050 0.000000000029 
0.23100 0.000000000024 
0.23150 0.000000000019 
0.23200 0.000000000014 
0.23250 0.000000000011 
0.23300 0.000000000008 
0.23350 0.000000000005 
