0.00000 159.039600000000 
0.00050 137.230400000000 
0.00100 115.421200000000 
0.00150 93.612000000000 
0.00200 71.802800000000 
0.00250 57.843000000000 
0.00300 46.225000000000 
0.00350 37.272200000000 
0.00400 30.784200000000 
0.00450 24.808800000000 
0.00500 21.035600000000 
0.00550 17.262200000000 
0.00600 14.668740000000 
0.00650 12.398140000000 
0.00700 10.399780000000 
0.00750 8.993380000000 
0.00800 7.587000000000 
0.00850 6.583320000000 
0.00900 5.690360000000 
0.00950 4.859680000000 
0.01000 4.280360000000 
0.01050 3.701040000000 
0.01100 3.232160000000 
0.01150 2.849140000000 
0.01200 2.466120000000 
0.01250 2.193660000000 
0.01300 1.936152000000 
0.01350 1.691526000000 
0.01400 1.515796000000 
0.01450 1.340066000000 
0.01500 1.185800000000 
0.01550 1.064258000000 
0.01600 0.942718000000 
0.01650 0.843044000000 
0.01700 0.757958000000 
0.01750 0.672872000000 
0.01800 0.606976000000 
0.01850 0.546754000000 
0.01900 0.486532000000 
0.01950 0.442012000000 
0.02000 0.398960000000 
0.02050 0.356270000000 
0.02100 0.325210000000 
0.02150 0.294152000000 
0.02200 0.264116000000 
0.02250 0.241520000000 
0.02300 0.218922000000 
0.02350 0.197464200000 
0.02400 0.180898000000 
0.02450 0.164331800000 
0.02500 0.148782800000 
0.02550 0.136551000000 
0.02600 0.124319200000 
0.02650 0.112905400000 
0.02700 0.103814400000 
0.02750 0.094723400000 
0.02800 0.086244800000 
0.02850 0.079446800000 
0.02900 0.072648800000 
0.02950 0.066281600000 
0.03000 0.061169400000 
0.03050 0.056057200000 
0.03100 0.051228000000 
0.03150 0.047363200000 
0.03200 0.043498600000 
0.03250 0.039802200000 
0.03300 0.036866000000 
0.03350 0.033930000000 
0.03400 0.031077000000 
0.03450 0.028836200000 
0.03500 0.026595400000 
0.03550 0.024376600000 
0.03600 0.022659000000 
0.03650 0.020941400000 
0.03700 0.019223740000 
0.03750 0.017881860000 
0.03800 0.016559940000 
0.03850 0.015238020000 
0.03900 0.014169180000 
0.03950 0.013147920000 
0.04000 0.012126660000 
0.04050 0.011270380000 
0.04100 0.010478560000 
0.04150 0.009686740000 
0.04200 0.008997120000 
0.04250 0.008381100000 
0.04300 0.007765080000 
0.04350 0.007207080000 
0.04400 0.006726280000 
0.04450 0.006245480000 
0.04500 0.005792020000 
0.04550 0.005415620000 
0.04600 0.005039200000 
0.04650 0.004669260000 
0.04700 0.004373720000 
0.04750 0.004078180000 
0.04800 0.003782640000 
0.04850 0.003542600000 
0.04900 0.003309900000 
0.04950 0.003077220000 
0.05000 0.002877420000 
0.05050 0.002693720000 
0.05100 0.002510020000 
0.05150 0.002343360000 
0.05200 0.002197980000 
0.05250 0.002052580000 
0.05300 0.001913300000 
0.05350 0.001797946000 
0.05400 0.001682590000 
0.05450 0.001567236000 
0.05500 0.001474234000 
0.05550 0.001382496000 
0.05600 0.001290756000 
0.05650 0.001211574000 
0.05700 0.001138450000 
0.05750 0.001065326000 
0.05800 0.000997896000 
0.05850 0.000939482000 
0.05900 0.000881066000 
0.05950 0.000823636000 
0.06000 0.000776872000 
0.06050 0.000730108000 
0.06100 0.000683342000 
0.06150 0.000643668000 
0.06200 0.000606152000 
0.06250 0.000568636000 
0.06300 0.000534308000 
0.06350 0.000504152000 
0.06400 0.000473996000 
0.06450 0.000444334000 
0.06500 0.000420046000 
0.06550 0.000395756000 
0.06600 0.000371468000 
0.06650 0.000350556000 
0.06700 0.000330956000 
0.06750 0.000311356000 
0.06800 0.000293032000 
0.06850 0.000277186000 
0.06900 0.000261340000 
0.06950 0.000245494000 
0.07000 0.000232494000 
0.07050 0.000219660000 
0.07100 0.000206824000 
0.07150 0.000195285400 
0.07200 0.000184870600 
0.07250 0.000174456000 
0.07300 0.000164256000 
0.07350 0.000155790400 
0.07400 0.000147324600 
0.07450 0.000138859000 
0.07500 0.000131446800 
0.07550 0.000124553400 
0.07600 0.000117660000 
0.07650 0.000111040200 
0.07700 0.000105417600 
0.07750 0.000099794800 
0.07800 0.000094172200 
0.07850 0.000089316800 
0.07900 0.000084723000 
0.07950 0.000080129000 
0.08000 0.000075754000 
0.08050 0.000071994400 
0.08100 0.000068234800 
0.08150 0.000064475200 
0.08200 0.000061233800 
0.08250 0.000058152200 
0.08300 0.000055070400 
0.08350 0.000052128200 
0.08400 0.000049598000 
0.08450 0.000047067800 
0.08500 0.000044537600 
0.08550 0.000042334600 
0.08600 0.000040254200 
0.08650 0.000038173600 
0.08700 0.000036162400 
0.08750 0.000034449000 
0.08800 0.000032735400 
0.08850 0.000031022000 
0.08900 0.000029499800 
0.08950 0.000028086400 
0.09000 0.000026673200 
0.09050 0.000025277800 
0.09100 0.000024110400 
0.09150 0.000022942800 
0.09200 0.000021775400 
0.09250 0.000020708000 
0.09300 0.000019742220 
0.09350 0.000018776360 
0.09400 0.000017810500 
0.09450 0.000016995180 
0.09500 0.000016194980 
0.09550 0.000015394780 
0.09600 0.000014636640 
0.09650 0.000013972760 
0.09700 0.000013308860 
0.09750 0.000012644960 
0.09800 0.000012059380 
0.09850 0.000011507820 
0.09900 0.000010956240 
0.09950 0.000010411600 
0.10000 0.000009952720 
0.10050 0.000009493820 
0.10100 0.000009034940 
0.10150 0.000008609900 
0.10200 0.000008227600 
0.10250 0.000007845320 
0.10300 0.000007463020 
0.10350 0.000007131360 
0.10400 0.000006812460 
0.10450 0.000006493560 
0.10500 0.000006182300 
0.10550 0.000005915940 
0.10600 0.000005649560 
0.10650 0.000005383200 
0.10700 0.000005137880 
0.10750 0.000004915120 
0.10800 0.000004692360 
0.10850 0.000004469580 
0.10900 0.000004276180 
0.10950 0.000004089640 
0.11000 0.000003903120 
0.11050 0.000003720460 
0.11100 0.000003564080 
0.11150 0.000003407720 
0.11200 0.000003251340 
0.11250 0.000003105960 
0.11300 0.000002974720 
0.11350 0.000002843460 
0.11400 0.000002712220 
0.11450 0.000002596440 
0.11500 0.000002486160 
0.11550 0.000002375880 
0.11600 0.000002266120 
0.11650 0.000002173360 
0.11700 0.000002080580 
0.11750 0.000001987796 
0.11800 0.000001899636 
0.11850 0.000001821504 
0.11900 0.000001743374 
0.11950 0.000001665244 
0.12000 0.000001594364 
0.12050 0.000001528500 
0.12100 0.000001462636 
0.12150 0.000001396774 
0.12200 0.000001339740 
0.12250 0.000001284162 
0.12300 0.000001228582 
0.12350 0.000001174026 
0.12400 0.000001127078 
0.12450 0.000001080132 
0.12500 0.000001033186 
0.12550 0.000000988924 
0.12600 0.000000949232 
0.12650 0.000000909542 
0.12700 0.000000869850 
0.12750 0.000000833904 
0.12800 0.000000800316 
0.12850 0.000000766730 
0.12900 0.000000733142 
0.12950 0.000000703920 
0.13000 0.000000675474 
0.13050 0.000000647026 
0.13100 0.000000618912 
0.13150 0.000000594798 
0.13200 0.000000570686 
0.13250 0.000000546572 
0.13300 0.000000523542 
0.13350 0.000000503086 
0.13400 0.000000482630 
0.13450 0.000000462174 
0.13500 0.000000443284 
0.13550 0.000000425918 
0.13600 0.000000408552 
0.13650 0.000000391186 
0.13700 0.000000375672 
0.13750 0.000000360918 
0.13800 0.000000346164 
0.13850 0.000000331412 
0.13900 0.000000318652 
0.13950 0.000000306110 
0.14000 0.000000293568 
0.14050 0.000000281188 
0.14100 0.000000270518 
0.14150 0.000000259850 
0.14200 0.000000249180 
0.14250 0.000000238926 
0.14300 0.000000229844 
0.14350 0.000000220762 
0.14400 0.000000211682 
0.14450 0.000000203174 
0.14500 0.000000195439 
0.14550 0.000000187705 
0.14600 0.000000179971 
0.14650 0.000000172901 
0.14700 0.000000166310 
0.14750 0.000000159720 
0.14800 0.000000153129 
0.14850 0.000000147244 
0.14900 0.000000141626 
0.14950 0.000000136008 
0.15000 0.000000130390 
0.15050 0.000000125482 
0.15100 0.000000120690 
0.15150 0.000000115898 
0.15200 0.000000111106 
0.15250 0.000000107005 
0.15300 0.000000102916 
0.15350 0.000000098827 
0.15400 0.000000094794 
0.15450 0.000000091305 
0.15500 0.000000087815 
0.15550 0.000000084325 
0.15600 0.000000080933 
0.15650 0.000000077954 
0.15700 0.000000074974 
0.15750 0.000000071994 
0.15800 0.000000069135 
0.15850 0.000000066590 
0.15900 0.000000064044 
0.15950 0.000000061499 
0.16000 0.000000059083 
0.16050 0.000000056909 
0.16100 0.000000054735 
0.16150 0.000000052560 
0.16200 0.000000050516 
0.16250 0.000000048657 
0.16300 0.000000046799 
0.16350 0.000000044941 
0.16400 0.000000043206 
0.16450 0.000000041618 
0.16500 0.000000040029 
0.16550 0.000000038441 
0.16600 0.000000036965 
0.16650 0.000000035608 
0.16700 0.000000034250 
0.16750 0.000000032892 
0.16800 0.000000031634 
0.16850 0.000000030473 
0.16900 0.000000029312 
0.16950 0.000000028151 
0.17000 0.000000027076 
0.17050 0.000000026083 
0.17100 0.000000025090 
0.17150 0.000000024098 
0.17200 0.000000023177 
0.17250 0.000000022327 
0.17300 0.000000021478 
0.17350 0.000000020629 
0.17400 0.000000019838 
0.17450 0.000000019111 
0.17500 0.000000018385 
0.17550 0.000000017658 
0.17600 0.000000016977 
0.17650 0.000000016356 
0.17700 0.000000015735 
0.17750 0.000000015114 
0.17800 0.000000014527 
0.17850 0.000000013996 
0.17900 0.000000013464 
0.17950 0.000000012933 
0.18000 0.000000012425 
0.18050 0.000000011971 
0.18100 0.000000011516 
0.18150 0.000000011061 
0.18200 0.000000010621 
0.18250 0.000000010233 
0.18300 0.000000009844 
0.18350 0.000000009455 
0.18400 0.000000009073 
0.18450 0.000000008741 
0.18500 0.000000008408 
0.18550 0.000000008076 
0.18600 0.000000007744 
0.18650 0.000000007460 
0.18700 0.000000007175 
0.18750 0.000000006891 
0.18800 0.000000006606 
0.18850 0.000000006359 
0.18900 0.000000006116 
0.18950 0.000000005873 
0.19000 0.000000005630 
0.19050 0.000000005413 
0.19100 0.000000005205 
0.19150 0.000000004997 
0.19200 0.000000004789 
0.19250 0.000000004600 
0.19300 0.000000004422 
0.19350 0.000000004245 
0.19400 0.000000004067 
0.19450 0.000000003901 
0.19500 0.000000003749 
0.19550 0.000000003598 
0.19600 0.000000003446 
0.19650 0.000000003301 
0.19700 0.000000003171 
0.19750 0.000000003041 
0.19800 0.000000002912 
0.19850 0.000000002785 
0.19900 0.000000002674 
0.19950 0.000000002563 
0.20000 0.000000002453 
0.20050 0.000000002342 
0.20100 0.000000002247 
0.20150 0.000000002153 
0.20200 0.000000002058 
0.20250 0.000000001963 
0.20300 0.000000001880 
0.20350 0.000000001800 
0.20400 0.000000001719 
0.20450 0.000000001639 
0.20500 0.000000001566 
0.20550 0.000000001497 
0.20600 0.000000001429 
0.20650 0.000000001360 
0.20700 0.000000001297 
0.20750 0.000000001238 
0.20800 0.000000001180 
0.20850 0.000000001122 
0.20900 0.000000001067 
0.20950 0.000000001017 
0.21000 0.000000000967 
0.21050 0.000000000918 
0.21100 0.000000000870 
0.21150 0.000000000828 
0.21200 0.000000000786 
0.21250 0.000000000743 
0.21300 0.000000000702 
0.21350 0.000000000667 
0.21400 0.000000000631 
0.21450 0.000000000595 
0.21500 0.000000000560 
0.21550 0.000000000530 
0.21600 0.000000000500 
0.21650 0.000000000470 
0.21700 0.000000000440 
0.21750 0.000000000415 
0.21800 0.000000000390 
0.21850 0.000000000364 
0.21900 0.000000000339 
0.21950 0.000000000318 
0.22000 0.000000000297 
0.22050 0.000000000276 
0.22100 0.000000000255 
0.22150 0.000000000238 
0.22200 0.000000000220 
0.22250 0.000000000202 
0.22300 0.000000000185 
0.22350 0.000000000171 
0.22400 0.000000000157 
0.22450 0.000000000142 
0.22500 0.000000000129 
0.22550 0.000000000117 
0.22600 0.000000000106 
0.22650 0.000000000094 
0.22700 0.000000000084 
0.22750 0.000000000075 
0.22800 0.000000000066 
0.22850 0.000000000056 
0.22900 0.000000000049 
0.22950 0.000000000042 
0.23000 0.000000000035 
0.23050 0.000000000029 
0.23100 0.000000000024 
0.23150 0.000000000019 
0.23200 0.000000000014 
0.23250 0.000000000011 
0.23300 0.000000000008 
0.23350 0.000000000005 
