0.00000 160.064200000000 
0.00050 138.114400000000 
0.00100 116.164800000000 
0.00150 94.215000000000 
0.00200 72.265200000000 
0.00250 58.215600000000 
0.00300 46.522800000000 
0.00350 37.512400000000 
0.00400 30.982600000000 
0.00450 24.968600000000 
0.00500 21.171000000000 
0.00550 17.373400000000 
0.00600 14.763240000000 
0.00650 12.478000000000 
0.00700 10.466760000000 
0.00750 9.051320000000 
0.00800 7.635880000000 
0.00850 6.625740000000 
0.00900 5.727020000000 
0.00950 4.890980000000 
0.01000 4.307920000000 
0.01050 3.724880000000 
0.01100 3.252980000000 
0.01150 2.867480000000 
0.01200 2.482000000000 
0.01250 2.207800000000 
0.01300 1.948626000000 
0.01350 1.702424000000 
0.01400 1.525562000000 
0.01450 1.348700000000 
0.01500 1.193438000000 
0.01550 1.071114000000 
0.01600 0.948790000000 
0.01650 0.848476000000 
0.01700 0.762842000000 
0.01750 0.677208000000 
0.01800 0.610886000000 
0.01850 0.550276000000 
0.01900 0.489666000000 
0.01950 0.444860000000 
0.02000 0.401530000000 
0.02050 0.358566000000 
0.02100 0.327306000000 
0.02150 0.296046000000 
0.02200 0.265816000000 
0.02250 0.243074000000 
0.02300 0.220334000000 
0.02350 0.198736200000 
0.02400 0.182063200000 
0.02450 0.165390400000 
0.02500 0.149741400000 
0.02550 0.137430600000 
0.02600 0.125120000000 
0.02650 0.113632800000 
0.02700 0.104483200000 
0.02750 0.095333600000 
0.02800 0.086800400000 
0.02850 0.079958600000 
0.02900 0.073116800000 
0.02950 0.066708600000 
0.03000 0.061563600000 
0.03050 0.056418400000 
0.03100 0.051558000000 
0.03150 0.047668400000 
0.03200 0.043778800000 
0.03250 0.040058600000 
0.03300 0.037103600000 
0.03350 0.034148600000 
0.03400 0.031277200000 
0.03450 0.029022000000 
0.03500 0.026766600000 
0.03550 0.024533600000 
0.03600 0.022805000000 
0.03650 0.021076200000 
0.03700 0.019347560000 
0.03750 0.017997060000 
0.03800 0.016666620000 
0.03850 0.015336180000 
0.03900 0.014260460000 
0.03950 0.013232620000 
0.04000 0.012204780000 
0.04050 0.011342980000 
0.04100 0.010546060000 
0.04150 0.009749140000 
0.04200 0.009055080000 
0.04250 0.008435080000 
0.04300 0.007815100000 
0.04350 0.007253500000 
0.04400 0.006769600000 
0.04450 0.006285700000 
0.04500 0.005829340000 
0.04550 0.005450500000 
0.04600 0.005071660000 
0.04650 0.004699340000 
0.04700 0.004401900000 
0.04750 0.004104460000 
0.04800 0.003807000000 
0.04850 0.003565420000 
0.04900 0.003331240000 
0.04950 0.003097040000 
0.05000 0.002895960000 
0.05050 0.002711080000 
0.05100 0.002526200000 
0.05150 0.002358460000 
0.05200 0.002212140000 
0.05250 0.002065800000 
0.05300 0.001925624000 
0.05350 0.001809528000 
0.05400 0.001693430000 
0.05450 0.001577332000 
0.05500 0.001483732000 
0.05550 0.001391402000 
0.05600 0.001299072000 
0.05650 0.001219378000 
0.05700 0.001145784000 
0.05750 0.001072188000 
0.05800 0.001004324000 
0.05850 0.000945534000 
0.05900 0.000886742000 
0.05950 0.000828942000 
0.06000 0.000781876000 
0.06050 0.000734810000 
0.06100 0.000687744000 
0.06150 0.000647814000 
0.06200 0.000610056000 
0.06250 0.000572300000 
0.06300 0.000537750000 
0.06350 0.000507400000 
0.06400 0.000477050000 
0.06450 0.000447196000 
0.06500 0.000422752000 
0.06550 0.000398306000 
0.06600 0.000373862000 
0.06650 0.000352814000 
0.06700 0.000333088000 
0.06750 0.000313360000 
0.06800 0.000294920000 
0.06850 0.000278972000 
0.06900 0.000263024000 
0.06950 0.000247076000 
0.07000 0.000233992000 
0.07050 0.000221074000 
0.07100 0.000208156000 
0.07150 0.000196543400 
0.07200 0.000186061600 
0.07250 0.000175579800 
0.07300 0.000165314200 
0.07350 0.000156794000 
0.07400 0.000148273600 
0.07450 0.000139753400 
0.07500 0.000132293600 
0.07550 0.000125355800 
0.07600 0.000118418000 
0.07650 0.000111755600 
0.07700 0.000106096600 
0.07750 0.000100437800 
0.07800 0.000094778800 
0.07850 0.000089892200 
0.07900 0.000085268800 
0.07950 0.000080645200 
0.08000 0.000076242000 
0.08050 0.000072458200 
0.08100 0.000068674400 
0.08150 0.000064890600 
0.08200 0.000061628400 
0.08250 0.000058526800 
0.08300 0.000055425200 
0.08350 0.000052464000 
0.08400 0.000049917400 
0.08450 0.000047371000 
0.08500 0.000044824600 
0.08550 0.000042607400 
0.08600 0.000040513400 
0.08650 0.000038419400 
0.08700 0.000036395400 
0.08750 0.000034670800 
0.08800 0.000032946400 
0.08850 0.000031221800 
0.08900 0.000029689800 
0.08950 0.000028267400 
0.09000 0.000026845000 
0.09050 0.000025440800 
0.09100 0.000024265600 
0.09150 0.000023090600 
0.09200 0.000021915600 
0.09250 0.000020841400 
0.09300 0.000019869400 
0.09350 0.000018897320 
0.09400 0.000017925240 
0.09450 0.000017104660 
0.09500 0.000016299300 
0.09550 0.000015493960 
0.09600 0.000014730940 
0.09650 0.000014062760 
0.09700 0.000013394600 
0.09750 0.000012726420 
0.09800 0.000012137080 
0.09850 0.000011581940 
0.09900 0.000011026820 
0.09950 0.000010478680 
0.10000 0.000010016820 
0.10050 0.000009554980 
0.10100 0.000009093140 
0.10150 0.000008665360 
0.10200 0.000008280600 
0.10250 0.000007895860 
0.10300 0.000007511100 
0.10350 0.000007177300 
0.10400 0.000006856340 
0.10450 0.000006535380 
0.10500 0.000006222120 
0.10550 0.000005954040 
0.10600 0.000005685960 
0.10650 0.000005417880 
0.10700 0.000005170980 
0.10750 0.000004946780 
0.10800 0.000004722580 
0.10850 0.000004498380 
0.10900 0.000004303720 
0.10950 0.000004116000 
0.11000 0.000003928260 
0.11050 0.000003744440 
0.11100 0.000003587040 
0.11150 0.000003429660 
0.11200 0.000003272280 
0.11250 0.000003125980 
0.11300 0.000002993880 
0.11350 0.000002861780 
0.11400 0.000002729680 
0.11450 0.000002613180 
0.11500 0.000002502180 
0.11550 0.000002391180 
0.11600 0.000002280720 
0.11650 0.000002187360 
0.11700 0.000002093980 
0.11750 0.000002000600 
0.11800 0.000001911872 
0.11850 0.000001833238 
0.11900 0.000001754604 
0.11950 0.000001675970 
0.12000 0.000001604634 
0.12050 0.000001538346 
0.12100 0.000001472058 
0.12150 0.000001405770 
0.12200 0.000001348372 
0.12250 0.000001292434 
0.12300 0.000001236496 
0.12350 0.000001181588 
0.12400 0.000001134338 
0.12450 0.000001087090 
0.12500 0.000001039842 
0.12550 0.000000995294 
0.12600 0.000000955348 
0.12650 0.000000915400 
0.12700 0.000000875454 
0.12750 0.000000839276 
0.12800 0.000000805472 
0.12850 0.000000771668 
0.12900 0.000000737866 
0.12950 0.000000708454 
0.13000 0.000000679824 
0.13050 0.000000651194 
0.13100 0.000000622898 
0.13150 0.000000598630 
0.13200 0.000000574362 
0.13250 0.000000550094 
0.13300 0.000000526914 
0.13350 0.000000506326 
0.13400 0.000000485740 
0.13450 0.000000465152 
0.13500 0.000000446140 
0.13550 0.000000428662 
0.13600 0.000000411184 
0.13650 0.000000393706 
0.13700 0.000000378092 
0.13750 0.000000363244 
0.13800 0.000000348394 
0.13850 0.000000333546 
0.13900 0.000000320706 
0.13950 0.000000308082 
0.14000 0.000000295460 
0.14050 0.000000282998 
0.14100 0.000000272260 
0.14150 0.000000261522 
0.14200 0.000000250786 
0.14250 0.000000240464 
0.14300 0.000000231324 
0.14350 0.000000222184 
0.14400 0.000000213044 
0.14450 0.000000204482 
0.14500 0.000000196698 
0.14550 0.000000188914 
0.14600 0.000000181130 
0.14650 0.000000174015 
0.14700 0.000000167382 
0.14750 0.000000160749 
0.14800 0.000000154116 
0.14850 0.000000148193 
0.14900 0.000000142538 
0.14950 0.000000136884 
0.15000 0.000000131230 
0.15050 0.000000126290 
0.15100 0.000000121467 
0.15150 0.000000116645 
0.15200 0.000000111822 
0.15250 0.000000107694 
0.15300 0.000000103579 
0.15350 0.000000099464 
0.15400 0.000000095405 
0.15450 0.000000091893 
0.15500 0.000000088381 
0.15550 0.000000084869 
0.15600 0.000000081455 
0.15650 0.000000078456 
0.15700 0.000000075457 
0.15750 0.000000072458 
0.15800 0.000000069580 
0.15850 0.000000067019 
0.15900 0.000000064457 
0.15950 0.000000061895 
0.16000 0.000000059464 
0.16050 0.000000057276 
0.16100 0.000000055087 
0.16150 0.000000052899 
0.16200 0.000000050841 
0.16250 0.000000048971 
0.16300 0.000000047101 
0.16350 0.000000045230 
0.16400 0.000000043484 
0.16450 0.000000041886 
0.16500 0.000000040287 
0.16550 0.000000038688 
0.16600 0.000000037203 
0.16650 0.000000035837 
0.16700 0.000000034471 
0.16750 0.000000033104 
0.16800 0.000000031838 
0.16850 0.000000030670 
0.16900 0.000000029501 
0.16950 0.000000028332 
0.17000 0.000000027250 
0.17050 0.000000026251 
0.17100 0.000000025252 
0.17150 0.000000024253 
0.17200 0.000000023326 
0.17250 0.000000022471 
0.17300 0.000000021616 
0.17350 0.000000020762 
0.17400 0.000000019965 
0.17450 0.000000019234 
0.17500 0.000000018503 
0.17550 0.000000017772 
0.17600 0.000000017087 
0.17650 0.000000016462 
0.17700 0.000000015837 
0.17750 0.000000015211 
0.17800 0.000000014620 
0.17850 0.000000014086 
0.17900 0.000000013551 
0.17950 0.000000013016 
0.18000 0.000000012505 
0.18050 0.000000012048 
0.18100 0.000000011590 
0.18150 0.000000011133 
0.18200 0.000000010690 
0.18250 0.000000010298 
0.18300 0.000000009907 
0.18350 0.000000009516 
0.18400 0.000000009131 
0.18450 0.000000008797 
0.18500 0.000000008462 
0.18550 0.000000008128 
0.18600 0.000000007794 
0.18650 0.000000007508 
0.18700 0.000000007221 
0.18750 0.000000006935 
0.18800 0.000000006649 
0.18850 0.000000006400 
0.18900 0.000000006155 
0.18950 0.000000005911 
0.19000 0.000000005666 
0.19050 0.000000005448 
0.19100 0.000000005239 
0.19150 0.000000005030 
0.19200 0.000000004820 
0.19250 0.000000004630 
0.19300 0.000000004451 
0.19350 0.000000004272 
0.19400 0.000000004093 
0.19450 0.000000003926 
0.19500 0.000000003774 
0.19550 0.000000003621 
0.19600 0.000000003468 
0.19650 0.000000003322 
0.19700 0.000000003191 
0.19750 0.000000003061 
0.19800 0.000000002930 
0.19850 0.000000002803 
0.19900 0.000000002691 
0.19950 0.000000002580 
0.20000 0.000000002468 
0.20050 0.000000002357 
0.20100 0.000000002262 
0.20150 0.000000002166 
0.20200 0.000000002071 
0.20250 0.000000001976 
0.20300 0.000000001892 
0.20350 0.000000001811 
0.20400 0.000000001730 
0.20450 0.000000001649 
0.20500 0.000000001576 
0.20550 0.000000001507 
0.20600 0.000000001438 
0.20650 0.000000001369 
0.20700 0.000000001305 
0.20750 0.000000001246 
0.20800 0.000000001188 
0.20850 0.000000001129 
0.20900 0.000000001073 
0.20950 0.000000001023 
0.21000 0.000000000974 
0.21050 0.000000000924 
0.21100 0.000000000875 
0.21150 0.000000000833 
0.21200 0.000000000791 
0.21250 0.000000000748 
0.21300 0.000000000707 
0.21350 0.000000000671 
0.21400 0.000000000635 
0.21450 0.000000000599 
0.21500 0.000000000564 
0.21550 0.000000000533 
0.21600 0.000000000503 
0.21650 0.000000000473 
0.21700 0.000000000443 
0.21750 0.000000000417 
0.21800 0.000000000392 
0.21850 0.000000000367 
0.21900 0.000000000341 
0.21950 0.000000000320 
0.22000 0.000000000299 
0.22050 0.000000000278 
0.22100 0.000000000257 
0.22150 0.000000000239 
0.22200 0.000000000221 
0.22250 0.000000000204 
0.22300 0.000000000187 
0.22350 0.000000000172 
0.22400 0.000000000158 
0.22450 0.000000000143 
0.22500 0.000000000130 
0.22550 0.000000000118 
0.22600 0.000000000106 
0.22650 0.000000000095 
0.22700 0.000000000084 
0.22750 0.000000000075 
0.22800 0.000000000066 
0.22850 0.000000000057 
0.22900 0.000000000050 
0.22950 0.000000000043 
0.23000 0.000000000036 
0.23050 0.000000000029 
0.23100 0.000000000024 
0.23150 0.000000000019 
0.23200 0.000000000014 
0.23250 0.000000000011 
0.23300 0.000000000008 
0.23350 0.000000000005 
