0.00000 137.635800000000 
0.00050 118.761600000000 
0.00100 99.887600000000 
0.00150 81.013400000000 
0.00200 62.139400000000 
0.00250 50.058400000000 
0.00300 40.004000000000 
0.00350 32.256000000000 
0.00400 26.641200000000 
0.00450 21.470000000000 
0.00500 18.204520000000 
0.00550 14.939020000000 
0.00600 12.694580000000 
0.00650 10.729560000000 
0.00700 9.000140000000 
0.00750 7.783040000000 
0.00800 6.565920000000 
0.00850 5.697320000000 
0.00900 4.924540000000 
0.00950 4.205660000000 
0.01000 3.704300000000 
0.01050 3.202940000000 
0.01100 2.797160000000 
0.01150 2.465700000000 
0.01200 2.134220000000 
0.01250 1.898432000000 
0.01300 1.675580000000 
0.01350 1.463878000000 
0.01400 1.311798000000 
0.01450 1.159718000000 
0.01500 1.026212000000 
0.01550 0.921028000000 
0.01600 0.815844000000 
0.01650 0.729586000000 
0.01700 0.655950000000 
0.01750 0.582316000000 
0.01800 0.525288000000 
0.01850 0.473172000000 
0.01900 0.421054000000 
0.01950 0.382526000000 
0.02000 0.345268000000 
0.02050 0.308322000000 
0.02100 0.281444000000 
0.02150 0.254564000000 
0.02200 0.228570000000 
0.02250 0.209014000000 
0.02300 0.189459600000 
0.02350 0.170889000000 
0.02400 0.156552200000 
0.02450 0.142215600000 
0.02500 0.128759400000 
0.02550 0.118173600000 
0.02600 0.107588000000 
0.02650 0.097710400000 
0.02700 0.089842800000 
0.02750 0.081975200000 
0.02800 0.074637800000 
0.02850 0.068754600000 
0.02900 0.062871600000 
0.02950 0.057361400000 
0.03000 0.052937200000 
0.03050 0.048513000000 
0.03100 0.044333600000 
0.03150 0.040989000000 
0.03200 0.037644400000 
0.03250 0.034445400000 
0.03300 0.031904600000 
0.03350 0.029363600000 
0.03400 0.026894600000 
0.03450 0.024955400000 
0.03500 0.023016000000 
0.03550 0.021096000000 
0.03600 0.019609500000 
0.03650 0.018123020000 
0.03700 0.016636560000 
0.03750 0.015475280000 
0.03800 0.014331260000 
0.03850 0.013187260000 
0.03900 0.012262260000 
0.03950 0.011378440000 
0.04000 0.010494640000 
0.04050 0.009753580000 
0.04100 0.009068320000 
0.04150 0.008383060000 
0.04200 0.007786260000 
0.04250 0.007253160000 
0.04300 0.006720040000 
0.04350 0.006237120000 
0.04400 0.005821040000 
0.04450 0.005404940000 
0.04500 0.005012520000 
0.04550 0.004686760000 
0.04600 0.004361020000 
0.04650 0.004040860000 
0.04700 0.003785100000 
0.04750 0.003529320000 
0.04800 0.003273560000 
0.04850 0.003065840000 
0.04900 0.002864460000 
0.04950 0.002663080000 
0.05000 0.002490180000 
0.05050 0.002331200000 
0.05100 0.002172220000 
0.05150 0.002028000000 
0.05200 0.001902168000 
0.05250 0.001776342000 
0.05300 0.001655804000 
0.05350 0.001555974000 
0.05400 0.001456144000 
0.05450 0.001356314000 
0.05500 0.001275828000 
0.05550 0.001196436000 
0.05600 0.001117044000 
0.05650 0.001048518000 
0.05700 0.000985234000 
0.05750 0.000921952000 
0.05800 0.000863598000 
0.05850 0.000813044000 
0.05900 0.000762490000 
0.05950 0.000712790000 
0.06000 0.000672318000 
0.06050 0.000631848000 
0.06100 0.000591376000 
0.06150 0.000557042000 
0.06200 0.000524574000 
0.06250 0.000492108000 
0.06300 0.000462400000 
0.06350 0.000436302000 
0.06400 0.000410204000 
0.06450 0.000384534000 
0.06500 0.000363514000 
0.06550 0.000342494000 
0.06600 0.000321476000 
0.06650 0.000303376000 
0.06700 0.000286414000 
0.06750 0.000269452000 
0.06800 0.000253596000 
0.06850 0.000239882000 
0.06900 0.000226168000 
0.06950 0.000212454000 
0.07000 0.000201204000 
0.07050 0.000190097400 
0.07100 0.000178989600 
0.07150 0.000169003400 
0.07200 0.000159990400 
0.07250 0.000150977200 
0.07300 0.000142150200 
0.07350 0.000134823800 
0.07400 0.000127497400 
0.07450 0.000120171000 
0.07500 0.000113756400 
0.07550 0.000107790800 
0.07600 0.000101825000 
0.07650 0.000096096200 
0.07700 0.000091230200 
0.07750 0.000086364200 
0.07800 0.000081498200 
0.07850 0.000077296400 
0.07900 0.000073320800 
0.07950 0.000069345000 
0.08000 0.000065558800 
0.08050 0.000062305200 
0.08100 0.000059051600 
0.08150 0.000055798000 
0.08200 0.000052992800 
0.08250 0.000050325800 
0.08300 0.000047659000 
0.08350 0.000045112600 
0.08400 0.000042923000 
0.08450 0.000040733400 
0.08500 0.000038543800 
0.08550 0.000036637200 
0.08600 0.000034836600 
0.08650 0.000033036000 
0.08700 0.000031295600 
0.08750 0.000029812800 
0.08800 0.000028329800 
0.08850 0.000026847000 
0.08900 0.000025529600 
0.08950 0.000024306600 
0.09000 0.000023083400 
0.09050 0.000021876000 
0.09100 0.000020865600 
0.09150 0.000019855160 
0.09200 0.000018844780 
0.09250 0.000017921140 
0.09300 0.000017085280 
0.09350 0.000016249400 
0.09400 0.000015413520 
0.09450 0.000014707920 
0.09500 0.000014015420 
0.09550 0.000013322920 
0.09600 0.000012666820 
0.09650 0.000012092260 
0.09700 0.000011517720 
0.09750 0.000010943180 
0.09800 0.000010436400 
0.09850 0.000009959060 
0.09900 0.000009481720 
0.09950 0.000009010380 
0.10000 0.000008613260 
0.10050 0.000008216120 
0.10100 0.000007819000 
0.10150 0.000007451160 
0.10200 0.000007120320 
0.10250 0.000006789480 
0.10300 0.000006458620 
0.10350 0.000006171600 
0.10400 0.000005895620 
0.10450 0.000005619640 
0.10500 0.000005350260 
0.10550 0.000005119760 
0.10600 0.000004889240 
0.10650 0.000004658720 
0.10700 0.000004446400 
0.10750 0.000004253620 
0.10800 0.000004060840 
0.10850 0.000003868060 
0.10900 0.000003700680 
0.10950 0.000003539260 
0.11000 0.000003377820 
0.11050 0.000003219760 
0.11100 0.000003084420 
0.11150 0.000002949100 
0.11200 0.000002813760 
0.11250 0.000002687960 
0.11300 0.000002574360 
0.11350 0.000002460780 
0.11400 0.000002347200 
0.11450 0.000002247020 
0.11500 0.000002151560 
0.11550 0.000002056120 
0.11600 0.000001961148 
0.11650 0.000001880856 
0.11700 0.000001800564 
0.11750 0.000001720274 
0.11800 0.000001643978 
0.11850 0.000001576362 
0.11900 0.000001508746 
0.11950 0.000001441132 
0.12000 0.000001379790 
0.12050 0.000001322790 
0.12100 0.000001265792 
0.12150 0.000001208792 
0.12200 0.000001159436 
0.12250 0.000001111336 
0.12300 0.000001063236 
0.12350 0.000001016022 
0.12400 0.000000975394 
0.12450 0.000000934766 
0.12500 0.000000894136 
0.12550 0.000000855832 
0.12600 0.000000821482 
0.12650 0.000000787132 
0.12700 0.000000752784 
0.12750 0.000000721676 
0.12800 0.000000692608 
0.12850 0.000000663542 
0.12900 0.000000634474 
0.12950 0.000000609184 
0.13000 0.000000584566 
0.13050 0.000000559948 
0.13100 0.000000535616 
0.13150 0.000000514748 
0.13200 0.000000493882 
0.13250 0.000000473014 
0.13300 0.000000453082 
0.13350 0.000000435380 
0.13400 0.000000417676 
0.13450 0.000000399974 
0.13500 0.000000383626 
0.13550 0.000000368596 
0.13600 0.000000353568 
0.13650 0.000000338540 
0.13700 0.000000325112 
0.13750 0.000000312344 
0.13800 0.000000299578 
0.13850 0.000000286810 
0.13900 0.000000275768 
0.13950 0.000000264914 
0.14000 0.000000254058 
0.14050 0.000000243344 
0.14100 0.000000234112 
0.14150 0.000000224878 
0.14200 0.000000215644 
0.14250 0.000000206770 
0.14300 0.000000198911 
0.14350 0.000000191052 
0.14400 0.000000183193 
0.14450 0.000000175830 
0.14500 0.000000169137 
0.14550 0.000000162443 
0.14600 0.000000155750 
0.14650 0.000000149631 
0.14700 0.000000143928 
0.14750 0.000000138224 
0.14800 0.000000132521 
0.14850 0.000000127428 
0.14900 0.000000122566 
0.14950 0.000000117704 
0.15000 0.000000112842 
0.15050 0.000000108594 
0.15100 0.000000104447 
0.15150 0.000000100300 
0.15200 0.000000096153 
0.15250 0.000000092604 
0.15300 0.000000089065 
0.15350 0.000000085527 
0.15400 0.000000082037 
0.15450 0.000000079017 
0.15500 0.000000075997 
0.15550 0.000000072977 
0.15600 0.000000070041 
0.15650 0.000000067462 
0.15700 0.000000064884 
0.15750 0.000000062305 
0.15800 0.000000059831 
0.15850 0.000000057628 
0.15900 0.000000055425 
0.15950 0.000000053222 
0.16000 0.000000051132 
0.16050 0.000000049250 
0.16100 0.000000047368 
0.16150 0.000000045486 
0.16200 0.000000043717 
0.16250 0.000000042109 
0.16300 0.000000040501 
0.16350 0.000000038893 
0.16400 0.000000037391 
0.16450 0.000000036017 
0.16500 0.000000034642 
0.16550 0.000000033267 
0.16600 0.000000031990 
0.16650 0.000000030815 
0.16700 0.000000029641 
0.16750 0.000000028466 
0.16800 0.000000027377 
0.16850 0.000000026372 
0.16900 0.000000025367 
0.16950 0.000000024362 
0.17000 0.000000023432 
0.17050 0.000000022573 
0.17100 0.000000021714 
0.17150 0.000000020854 
0.17200 0.000000020057 
0.17250 0.000000019322 
0.17300 0.000000018587 
0.17350 0.000000017852 
0.17400 0.000000017168 
0.17450 0.000000016539 
0.17500 0.000000015910 
0.17550 0.000000015282 
0.17600 0.000000014693 
0.17650 0.000000014155 
0.17700 0.000000013618 
0.17750 0.000000013080 
0.17800 0.000000012572 
0.17850 0.000000012112 
0.17900 0.000000011652 
0.17950 0.000000011192 
0.18000 0.000000010753 
0.18050 0.000000010360 
0.18100 0.000000009966 
0.18150 0.000000009573 
0.18200 0.000000009192 
0.18250 0.000000008855 
0.18300 0.000000008519 
0.18350 0.000000008182 
0.18400 0.000000007852 
0.18450 0.000000007564 
0.18500 0.000000007277 
0.18550 0.000000006989 
0.18600 0.000000006702 
0.18650 0.000000006456 
0.18700 0.000000006210 
0.18750 0.000000005963 
0.18800 0.000000005717 
0.18850 0.000000005503 
0.18900 0.000000005293 
0.18950 0.000000005082 
0.19000 0.000000004872 
0.19050 0.000000004685 
0.19100 0.000000004505 
0.19150 0.000000004325 
0.19200 0.000000004145 
0.19250 0.000000003981 
0.19300 0.000000003827 
0.19350 0.000000003673 
0.19400 0.000000003520 
0.19450 0.000000003376 
0.19500 0.000000003245 
0.19550 0.000000003113 
0.19600 0.000000002982 
0.19650 0.000000002856 
0.19700 0.000000002744 
0.19750 0.000000002632 
0.19800 0.000000002520 
0.19850 0.000000002410 
0.19900 0.000000002314 
0.19950 0.000000002218 
0.20000 0.000000002123 
0.20050 0.000000002027 
0.20100 0.000000001945 
0.20150 0.000000001863 
0.20200 0.000000001781 
0.20250 0.000000001699 
0.20300 0.000000001627 
0.20350 0.000000001558 
0.20400 0.000000001488 
0.20450 0.000000001418 
0.20500 0.000000001355 
0.20550 0.000000001296 
0.20600 0.000000001236 
0.20650 0.000000001177 
0.20700 0.000000001122 
0.20750 0.000000001072 
0.20800 0.000000001021 
0.20850 0.000000000971 
0.20900 0.000000000923 
0.20950 0.000000000880 
0.21000 0.000000000837 
0.21050 0.000000000794 
0.21100 0.000000000753 
0.21150 0.000000000716 
0.21200 0.000000000680 
0.21250 0.000000000643 
0.21300 0.000000000608 
0.21350 0.000000000577 
0.21400 0.000000000546 
0.21450 0.000000000515 
0.21500 0.000000000485 
0.21550 0.000000000459 
0.21600 0.000000000433 
0.21650 0.000000000407 
0.21700 0.000000000381 
0.21750 0.000000000359 
0.21800 0.000000000337 
0.21850 0.000000000315 
0.21900 0.000000000294 
0.21950 0.000000000275 
0.22000 0.000000000257 
0.22050 0.000000000239 
0.22100 0.000000000221 
0.22150 0.000000000206 
0.22200 0.000000000190 
0.22250 0.000000000175 
0.22300 0.000000000160 
0.22350 0.000000000148 
0.22400 0.000000000136 
0.22450 0.000000000123 
0.22500 0.000000000112 
0.22550 0.000000000102 
0.22600 0.000000000092 
0.22650 0.000000000081 
0.22700 0.000000000073 
0.22750 0.000000000065 
0.22800 0.000000000057 
0.22850 0.000000000049 
0.22900 0.000000000043 
0.22950 0.000000000037 
0.23000 0.000000000031 
0.23050 0.000000000025 
0.23100 0.000000000021 
0.23150 0.000000000017 
0.23200 0.000000000012 
0.23250 0.000000000009 
0.23300 0.000000000007 
0.23350 0.000000000004 
