0.00000 161.120200000000 
0.00050 139.025600000000 
0.00100 116.931200000000 
0.00150 94.836600000000 
0.00200 72.742000000000 
0.00250 58.599600000000 
0.00300 46.829800000000 
0.00350 37.759800000000 
0.00400 31.187000000000 
0.00450 25.133400000000 
0.00500 21.310800000000 
0.00550 17.488020000000 
0.00600 14.860640000000 
0.00650 12.560320000000 
0.00700 10.535820000000 
0.00750 9.111040000000 
0.00800 7.686260000000 
0.00850 6.669440000000 
0.00900 5.764800000000 
0.00950 4.923260000000 
0.01000 4.336340000000 
0.01050 3.749440000000 
0.01100 3.274440000000 
0.01150 2.886400000000 
0.01200 2.498380000000 
0.01250 2.222360000000 
0.01300 1.961480000000 
0.01350 1.713654000000 
0.01400 1.535626000000 
0.01450 1.357596000000 
0.01500 1.201312000000 
0.01550 1.078180000000 
0.01600 0.955050000000 
0.01650 0.854072000000 
0.01700 0.767874000000 
0.01750 0.681674000000 
0.01800 0.614918000000 
0.01850 0.553908000000 
0.01900 0.492898000000 
0.01950 0.447794000000 
0.02000 0.404180000000 
0.02050 0.360930000000 
0.02100 0.329464000000 
0.02150 0.297998000000 
0.02200 0.267570000000 
0.02250 0.244678000000 
0.02300 0.221786000000 
0.02350 0.200048000000 
0.02400 0.183264400000 
0.02450 0.166481600000 
0.02500 0.150729200000 
0.02550 0.138337400000 
0.02600 0.125945400000 
0.02650 0.114382400000 
0.02700 0.105172400000 
0.02750 0.095962400000 
0.02800 0.087373000000 
0.02850 0.080486000000 
0.02900 0.073599200000 
0.02950 0.067148800000 
0.03000 0.061969600000 
0.03050 0.056790600000 
0.03100 0.051898200000 
0.03150 0.047982800000 
0.03200 0.044067600000 
0.03250 0.040322800000 
0.03300 0.037348400000 
0.03350 0.034373800000 
0.03400 0.031483600000 
0.03450 0.029213400000 
0.03500 0.026943200000 
0.03550 0.024695600000 
0.03600 0.022955400000 
0.03650 0.021215400000 
0.03700 0.019475200000 
0.03750 0.018115780000 
0.03800 0.016776580000 
0.03850 0.015437360000 
0.03900 0.014354540000 
0.03950 0.013319920000 
0.04000 0.012285300000 
0.04050 0.011417820000 
0.04100 0.010615620000 
0.04150 0.009813440000 
0.04200 0.009114820000 
0.04250 0.008490740000 
0.04300 0.007866660000 
0.04350 0.007301360000 
0.04400 0.006814260000 
0.04450 0.006327180000 
0.04500 0.005867780000 
0.04550 0.005486460000 
0.04600 0.005105120000 
0.04650 0.004730340000 
0.04700 0.004430940000 
0.04750 0.004131520000 
0.04800 0.003832120000 
0.04850 0.003588940000 
0.04900 0.003353200000 
0.04950 0.003117460000 
0.05000 0.002915060000 
0.05050 0.002728960000 
0.05100 0.002542860000 
0.05150 0.002374020000 
0.05200 0.002226720000 
0.05250 0.002079440000 
0.05300 0.001938328000 
0.05350 0.001821464000 
0.05400 0.001704602000 
0.05450 0.001587738000 
0.05500 0.001493520000 
0.05550 0.001400580000 
0.05600 0.001307642000 
0.05650 0.001227422000 
0.05700 0.001153342000 
0.05750 0.001079262000 
0.05800 0.001010950000 
0.05850 0.000951772000 
0.05900 0.000892592000 
0.05950 0.000834410000 
0.06000 0.000787034000 
0.06050 0.000739658000 
0.06100 0.000692282000 
0.06150 0.000652088000 
0.06200 0.000614082000 
0.06250 0.000576076000 
0.06300 0.000541298000 
0.06350 0.000510748000 
0.06400 0.000480196000 
0.06450 0.000450146000 
0.06500 0.000425540000 
0.06550 0.000400934000 
0.06600 0.000376328000 
0.06650 0.000355142000 
0.06700 0.000335284000 
0.06750 0.000315428000 
0.06800 0.000296866000 
0.06850 0.000280812000 
0.06900 0.000264758000 
0.06950 0.000248706000 
0.07000 0.000235536000 
0.07050 0.000222534000 
0.07100 0.000209530000 
0.07150 0.000197840000 
0.07200 0.000187289000 
0.07250 0.000176738200 
0.07300 0.000166404800 
0.07350 0.000157828400 
0.07400 0.000149251800 
0.07450 0.000140675400 
0.07500 0.000133166400 
0.07550 0.000126182800 
0.07600 0.000119199200 
0.07650 0.000112492800 
0.07700 0.000106796600 
0.07750 0.000101100400 
0.07800 0.000095404000 
0.07850 0.000090485200 
0.07900 0.000085831200 
0.07950 0.000081177200 
0.08000 0.000076745000 
0.08050 0.000072936200 
0.08100 0.000069127400 
0.08150 0.000065318800 
0.08200 0.000062034800 
0.08250 0.000058912800 
0.08300 0.000055790800 
0.08350 0.000052810000 
0.08400 0.000050246800 
0.08450 0.000047683600 
0.08500 0.000045120400 
0.08550 0.000042888400 
0.08600 0.000040780600 
0.08650 0.000038673000 
0.08700 0.000036635400 
0.08750 0.000034899600 
0.08800 0.000033163600 
0.08850 0.000031427800 
0.08900 0.000029885800 
0.08950 0.000028454000 
0.09000 0.000027022000 
0.09050 0.000025608600 
0.09100 0.000024425800 
0.09150 0.000023243000 
0.09200 0.000022060200 
0.09250 0.000020979000 
0.09300 0.000020000400 
0.09350 0.000019021980 
0.09400 0.000018043500 
0.09450 0.000017217500 
0.09500 0.000016406840 
0.09550 0.000015596160 
0.09600 0.000014828120 
0.09650 0.000014155540 
0.09700 0.000013482960 
0.09750 0.000012810380 
0.09800 0.000012217140 
0.09850 0.000011658360 
0.09900 0.000011099560 
0.09950 0.000010547800 
0.10000 0.000010082920 
0.10050 0.000009618020 
0.10100 0.000009153120 
0.10150 0.000008722520 
0.10200 0.000008335240 
0.10250 0.000007947940 
0.10300 0.000007560640 
0.10350 0.000007224640 
0.10400 0.000006901580 
0.10450 0.000006578500 
0.10500 0.000006263180 
0.10550 0.000005993320 
0.10600 0.000005723480 
0.10650 0.000005453620 
0.10700 0.000005205080 
0.10750 0.000004979420 
0.10800 0.000004753740 
0.10850 0.000004528060 
0.10900 0.000004332120 
0.10950 0.000004143140 
0.11000 0.000003954180 
0.11050 0.000003769140 
0.11100 0.000003610720 
0.11150 0.000003452300 
0.11200 0.000003293860 
0.11250 0.000003146600 
0.11300 0.000003013620 
0.11350 0.000002880660 
0.11400 0.000002747700 
0.11450 0.000002630420 
0.11500 0.000002518680 
0.11550 0.000002406960 
0.11600 0.000002295780 
0.11650 0.000002201780 
0.11700 0.000002107800 
0.11750 0.000002013800 
0.11800 0.000001924486 
0.11850 0.000001845332 
0.11900 0.000001766180 
0.11950 0.000001687028 
0.12000 0.000001615220 
0.12050 0.000001548494 
0.12100 0.000001481770 
0.12150 0.000001415044 
0.12200 0.000001357266 
0.12250 0.000001300960 
0.12300 0.000001244654 
0.12350 0.000001189384 
0.12400 0.000001141822 
0.12450 0.000001094262 
0.12500 0.000001046702 
0.12550 0.000001001860 
0.12600 0.000000961650 
0.12650 0.000000921440 
0.12700 0.000000881228 
0.12750 0.000000844812 
0.12800 0.000000810786 
0.12850 0.000000776760 
0.12900 0.000000742734 
0.12950 0.000000713128 
0.13000 0.000000684310 
0.13050 0.000000655490 
0.13100 0.000000627008 
0.13150 0.000000602580 
0.13200 0.000000578150 
0.13250 0.000000553722 
0.13300 0.000000530390 
0.13350 0.000000509668 
0.13400 0.000000488944 
0.13450 0.000000468220 
0.13500 0.000000449082 
0.13550 0.000000431490 
0.13600 0.000000413896 
0.13650 0.000000396304 
0.13700 0.000000380586 
0.13750 0.000000365640 
0.13800 0.000000350694 
0.13850 0.000000335748 
0.13900 0.000000322822 
0.13950 0.000000310114 
0.14000 0.000000297408 
0.14050 0.000000284866 
0.14100 0.000000274056 
0.14150 0.000000263248 
0.14200 0.000000252440 
0.14250 0.000000242050 
0.14300 0.000000232850 
0.14350 0.000000223650 
0.14400 0.000000214450 
0.14450 0.000000205832 
0.14500 0.000000197996 
0.14550 0.000000190160 
0.14600 0.000000182325 
0.14650 0.000000175163 
0.14700 0.000000168486 
0.14750 0.000000161809 
0.14800 0.000000155132 
0.14850 0.000000149170 
0.14900 0.000000143479 
0.14950 0.000000137787 
0.15000 0.000000132095 
0.15050 0.000000127123 
0.15100 0.000000122269 
0.15150 0.000000117414 
0.15200 0.000000112560 
0.15250 0.000000108405 
0.15300 0.000000104262 
0.15350 0.000000100120 
0.15400 0.000000096034 
0.15450 0.000000092499 
0.15500 0.000000088964 
0.15550 0.000000085429 
0.15600 0.000000081992 
0.15650 0.000000078973 
0.15700 0.000000075955 
0.15750 0.000000072936 
0.15800 0.000000070039 
0.15850 0.000000067461 
0.15900 0.000000064882 
0.15950 0.000000062303 
0.16000 0.000000059856 
0.16050 0.000000057653 
0.16100 0.000000055451 
0.16150 0.000000053248 
0.16200 0.000000051176 
0.16250 0.000000049294 
0.16300 0.000000047411 
0.16350 0.000000045529 
0.16400 0.000000043771 
0.16450 0.000000042162 
0.16500 0.000000040553 
0.16550 0.000000038944 
0.16600 0.000000037449 
0.16650 0.000000036073 
0.16700 0.000000034698 
0.16750 0.000000033323 
0.16800 0.000000032048 
0.16850 0.000000030872 
0.16900 0.000000029695 
0.16950 0.000000028519 
0.17000 0.000000027430 
0.17050 0.000000026424 
0.17100 0.000000025419 
0.17150 0.000000024413 
0.17200 0.000000023480 
0.17250 0.000000022619 
0.17300 0.000000021759 
0.17350 0.000000020899 
0.17400 0.000000020097 
0.17450 0.000000019361 
0.17500 0.000000018625 
0.17550 0.000000017889 
0.17600 0.000000017200 
0.17650 0.000000016570 
0.17700 0.000000015941 
0.17750 0.000000015312 
0.17800 0.000000014717 
0.17850 0.000000014179 
0.17900 0.000000013640 
0.17950 0.000000013102 
0.18000 0.000000012588 
0.18050 0.000000012127 
0.18100 0.000000011667 
0.18150 0.000000011206 
0.18200 0.000000010760 
0.18250 0.000000010366 
0.18300 0.000000009972 
0.18350 0.000000009578 
0.18400 0.000000009192 
0.18450 0.000000008855 
0.18500 0.000000008518 
0.18550 0.000000008181 
0.18600 0.000000007845 
0.18650 0.000000007557 
0.18700 0.000000007269 
0.18750 0.000000006981 
0.18800 0.000000006693 
0.18850 0.000000006442 
0.18900 0.000000006196 
0.18950 0.000000005949 
0.19000 0.000000005703 
0.19050 0.000000005484 
0.19100 0.000000005273 
0.19150 0.000000005063 
0.19200 0.000000004852 
0.19250 0.000000004660 
0.19300 0.000000004480 
0.19350 0.000000004300 
0.19400 0.000000004120 
0.19450 0.000000003952 
0.19500 0.000000003798 
0.19550 0.000000003645 
0.19600 0.000000003491 
0.19650 0.000000003344 
0.19700 0.000000003213 
0.19750 0.000000003081 
0.19800 0.000000002950 
0.19850 0.000000002821 
0.19900 0.000000002709 
0.19950 0.000000002597 
0.20000 0.000000002485 
0.20050 0.000000002373 
0.20100 0.000000002276 
0.20150 0.000000002181 
0.20200 0.000000002085 
0.20250 0.000000001989 
0.20300 0.000000001905 
0.20350 0.000000001823 
0.20400 0.000000001742 
0.20450 0.000000001660 
0.20500 0.000000001587 
0.20550 0.000000001517 
0.20600 0.000000001447 
0.20650 0.000000001378 
0.20700 0.000000001314 
0.20750 0.000000001255 
0.20800 0.000000001195 
0.20850 0.000000001136 
0.20900 0.000000001081 
0.20950 0.000000001030 
0.21000 0.000000000980 
0.21050 0.000000000930 
0.21100 0.000000000881 
0.21150 0.000000000839 
0.21200 0.000000000796 
0.21250 0.000000000753 
0.21300 0.000000000711 
0.21350 0.000000000675 
0.21400 0.000000000639 
0.21450 0.000000000603 
0.21500 0.000000000567 
0.21550 0.000000000537 
0.21600 0.000000000507 
0.21650 0.000000000476 
0.21700 0.000000000446 
0.21750 0.000000000420 
0.21800 0.000000000395 
0.21850 0.000000000369 
0.21900 0.000000000344 
0.21950 0.000000000322 
0.22000 0.000000000301 
0.22050 0.000000000280 
0.22100 0.000000000258 
0.22150 0.000000000241 
0.22200 0.000000000223 
0.22250 0.000000000205 
0.22300 0.000000000188 
0.22350 0.000000000173 
0.22400 0.000000000159 
0.22450 0.000000000144 
0.22500 0.000000000131 
0.22550 0.000000000119 
0.22600 0.000000000107 
0.22650 0.000000000095 
0.22700 0.000000000085 
0.22750 0.000000000076 
0.22800 0.000000000066 
0.22850 0.000000000057 
0.22900 0.000000000050 
0.22950 0.000000000043 
0.23000 0.000000000036 
0.23050 0.000000000029 
0.23100 0.000000000024 
0.23150 0.000000000019 
0.23200 0.000000000015 
0.23250 0.000000000011 
0.23300 0.000000000008 
0.23350 0.000000000005 
