0.00000 162.210000000000 
0.00050 139.966000000000 
0.00100 117.722000000000 
0.00150 95.478000000000 
0.00200 73.234000000000 
0.00250 58.996000000000 
0.00300 47.146400000000 
0.00350 38.015200000000 
0.00400 31.398000000000 
0.00450 25.303400000000 
0.00500 21.454800000000 
0.00550 17.606300000000 
0.00600 14.961140000000 
0.00650 12.645280000000 
0.00700 10.607080000000 
0.00750 9.172660000000 
0.00800 7.738240000000 
0.00850 6.714560000000 
0.00900 5.803800000000 
0.00950 4.956540000000 
0.01000 4.365680000000 
0.01050 3.774800000000 
0.01100 3.296580000000 
0.01150 2.905920000000 
0.01200 2.515280000000 
0.01250 2.237380000000 
0.01300 1.974748000000 
0.01350 1.725244000000 
0.01400 1.546012000000 
0.01450 1.366780000000 
0.01500 1.209438000000 
0.01550 1.085474000000 
0.01600 0.961510000000 
0.01650 0.859850000000 
0.01700 0.773068000000 
0.01750 0.686286000000 
0.01800 0.619076000000 
0.01850 0.557654000000 
0.01900 0.496230000000 
0.01950 0.450824000000 
0.02000 0.406912000000 
0.02050 0.363372000000 
0.02100 0.331694000000 
0.02150 0.300014000000 
0.02200 0.269380000000 
0.02250 0.246334000000 
0.02300 0.223286000000 
0.02350 0.201400000000 
0.02400 0.184504000000 
0.02450 0.167607600000 
0.02500 0.151748600000 
0.02550 0.139273000000 
0.02600 0.126797400000 
0.02650 0.115156000000 
0.02700 0.105883800000 
0.02750 0.096611400000 
0.02800 0.087964000000 
0.02850 0.081030400000 
0.02900 0.074096800000 
0.02950 0.067603000000 
0.03000 0.062388800000 
0.03050 0.057174800000 
0.03100 0.052249200000 
0.03150 0.048307400000 
0.03200 0.044365600000 
0.03250 0.040595600000 
0.03300 0.037601000000 
0.03350 0.034606400000 
0.03400 0.031696600000 
0.03450 0.029411000000 
0.03500 0.027125400000 
0.03550 0.024862600000 
0.03600 0.023110600000 
0.03650 0.021358800000 
0.03700 0.019606920000 
0.03750 0.018238320000 
0.03800 0.016890040000 
0.03850 0.015541760000 
0.03900 0.014451640000 
0.03950 0.013410020000 
0.04000 0.012368400000 
0.04050 0.011495040000 
0.04100 0.010687420000 
0.04150 0.009879820000 
0.04200 0.009176460000 
0.04250 0.008548160000 
0.04300 0.007919860000 
0.04350 0.007350740000 
0.04400 0.006860360000 
0.04450 0.006369980000 
0.04500 0.005907480000 
0.04550 0.005523560000 
0.04600 0.005139660000 
0.04650 0.004762340000 
0.04700 0.004460900000 
0.04750 0.004159480000 
0.04800 0.003858040000 
0.04850 0.003613220000 
0.04900 0.003375880000 
0.04950 0.003138560000 
0.05000 0.002934780000 
0.05050 0.002747420000 
0.05100 0.002560060000 
0.05150 0.002390080000 
0.05200 0.002241780000 
0.05250 0.002093500000 
0.05300 0.001951438000 
0.05350 0.001833784000 
0.05400 0.001716130000 
0.05450 0.001598476000 
0.05500 0.001503622000 
0.05550 0.001410054000 
0.05600 0.001316486000 
0.05650 0.001235724000 
0.05700 0.001161142000 
0.05750 0.001086562000 
0.05800 0.001017788000 
0.05850 0.000958208000 
0.05900 0.000898630000 
0.05950 0.000840054000 
0.06000 0.000792358000 
0.06050 0.000744660000 
0.06100 0.000696964000 
0.06150 0.000656498000 
0.06200 0.000618236000 
0.06250 0.000579972000 
0.06300 0.000544960000 
0.06350 0.000514202000 
0.06400 0.000483444000 
0.06450 0.000453190000 
0.06500 0.000428418000 
0.06550 0.000403646000 
0.06600 0.000378874000 
0.06650 0.000357544000 
0.06700 0.000337552000 
0.06750 0.000317562000 
0.06800 0.000298874000 
0.06850 0.000282712000 
0.06900 0.000266550000 
0.06950 0.000250388000 
0.07000 0.000237130000 
0.07050 0.000224038000 
0.07100 0.000210948000 
0.07150 0.000199178200 
0.07200 0.000188555800 
0.07250 0.000177933600 
0.07300 0.000167530400 
0.07350 0.000158895800 
0.07400 0.000150261400 
0.07450 0.000141626800 
0.07500 0.000134067000 
0.07550 0.000127036200 
0.07600 0.000120005400 
0.07650 0.000113253600 
0.07700 0.000107518800 
0.07750 0.000101784200 
0.07800 0.000096049400 
0.07850 0.000091097200 
0.07900 0.000086411800 
0.07950 0.000081726400 
0.08000 0.000077264000 
0.08050 0.000073429400 
0.08100 0.000069595000 
0.08150 0.000065760400 
0.08200 0.000062454400 
0.08250 0.000059311400 
0.08300 0.000056168200 
0.08350 0.000053167200 
0.08400 0.000050586600 
0.08450 0.000048006000 
0.08500 0.000045425400 
0.08550 0.000043178600 
0.08600 0.000041056600 
0.08650 0.000038934400 
0.08700 0.000036883200 
0.08750 0.000035135600 
0.08800 0.000033388000 
0.08850 0.000031640400 
0.08900 0.000030087800 
0.08950 0.000028646400 
0.09000 0.000027204800 
0.09050 0.000025781800 
0.09100 0.000024591000 
0.09150 0.000023400200 
0.09200 0.000022209400 
0.09250 0.000021120800 
0.09300 0.000020135800 
0.09350 0.000019150640 
0.09400 0.000018165540 
0.09450 0.000017333960 
0.09500 0.000016517800 
0.09550 0.000015701660 
0.09600 0.000014928420 
0.09650 0.000014251280 
0.09700 0.000013574160 
0.09750 0.000012897020 
0.09800 0.000012299780 
0.09850 0.000011737200 
0.09900 0.000011174640 
0.09950 0.000010619140 
0.10000 0.000010151100 
0.10050 0.000009683080 
0.10100 0.000009215040 
0.10150 0.000008781520 
0.10200 0.000008391620 
0.10250 0.000008001700 
0.10300 0.000007611780 
0.10350 0.000007273520 
0.10400 0.000006948260 
0.10450 0.000006623000 
0.10500 0.000006305540 
0.10550 0.000006033860 
0.10600 0.000005762180 
0.10650 0.000005490520 
0.10700 0.000005240300 
0.10750 0.000005013080 
0.10800 0.000004785880 
0.10850 0.000004558680 
0.10900 0.000004361420 
0.10950 0.000004171160 
0.11000 0.000003980920 
0.11050 0.000003794620 
0.11100 0.000003635140 
0.11150 0.000003475640 
0.11200 0.000003316140 
0.11250 0.000003167880 
0.11300 0.000003034020 
0.11350 0.000002900140 
0.11400 0.000002766280 
0.11450 0.000002648200 
0.11500 0.000002535720 
0.11550 0.000002423240 
0.11600 0.000002311300 
0.11650 0.000002216680 
0.11700 0.000002122040 
0.11750 0.000002027420 
0.11800 0.000001937502 
0.11850 0.000001857814 
0.11900 0.000001778126 
0.11950 0.000001698438 
0.12000 0.000001626144 
0.12050 0.000001558968 
0.12100 0.000001491792 
0.12150 0.000001424616 
0.12200 0.000001366446 
0.12250 0.000001309760 
0.12300 0.000001253072 
0.12350 0.000001197428 
0.12400 0.000001149546 
0.12450 0.000001101662 
0.12500 0.000001053780 
0.12550 0.000001008636 
0.12600 0.000000968154 
0.12650 0.000000927672 
0.12700 0.000000887190 
0.12750 0.000000850526 
0.12800 0.000000816270 
0.12850 0.000000782014 
0.12900 0.000000747756 
0.12950 0.000000717952 
0.13000 0.000000688938 
0.13050 0.000000659924 
0.13100 0.000000631248 
0.13150 0.000000606654 
0.13200 0.000000582062 
0.13250 0.000000557468 
0.13300 0.000000533978 
0.13350 0.000000513114 
0.13400 0.000000492250 
0.13450 0.000000471388 
0.13500 0.000000452120 
0.13550 0.000000434408 
0.13600 0.000000416696 
0.13650 0.000000398984 
0.13700 0.000000383160 
0.13750 0.000000368112 
0.13800 0.000000353066 
0.13850 0.000000338018 
0.13900 0.000000325004 
0.13950 0.000000312212 
0.14000 0.000000299420 
0.14050 0.000000286792 
0.14100 0.000000275910 
0.14150 0.000000265028 
0.14200 0.000000254148 
0.14250 0.000000243688 
0.14300 0.000000234426 
0.14350 0.000000225164 
0.14400 0.000000215900 
0.14450 0.000000207224 
0.14500 0.000000199335 
0.14550 0.000000191447 
0.14600 0.000000183558 
0.14650 0.000000176347 
0.14700 0.000000169626 
0.14750 0.000000162904 
0.14800 0.000000156182 
0.14850 0.000000150179 
0.14900 0.000000144449 
0.14950 0.000000138719 
0.15000 0.000000132989 
0.15050 0.000000127983 
0.15100 0.000000123096 
0.15150 0.000000118208 
0.15200 0.000000113321 
0.15250 0.000000109138 
0.15300 0.000000104968 
0.15350 0.000000100797 
0.15400 0.000000096684 
0.15450 0.000000093125 
0.15500 0.000000089566 
0.15550 0.000000086006 
0.15600 0.000000082547 
0.15650 0.000000079508 
0.15700 0.000000076468 
0.15750 0.000000073429 
0.15800 0.000000070513 
0.15850 0.000000067917 
0.15900 0.000000065321 
0.15950 0.000000062725 
0.16000 0.000000060261 
0.16050 0.000000058043 
0.16100 0.000000055826 
0.16150 0.000000053608 
0.16200 0.000000051523 
0.16250 0.000000049627 
0.16300 0.000000047732 
0.16350 0.000000045837 
0.16400 0.000000044067 
0.16450 0.000000042447 
0.16500 0.000000040827 
0.16550 0.000000039207 
0.16600 0.000000037702 
0.16650 0.000000036317 
0.16700 0.000000034933 
0.16750 0.000000033548 
0.16800 0.000000032265 
0.16850 0.000000031081 
0.16900 0.000000029896 
0.16950 0.000000028712 
0.17000 0.000000027616 
0.17050 0.000000026603 
0.17100 0.000000025590 
0.17150 0.000000024578 
0.17200 0.000000023639 
0.17250 0.000000022772 
0.17300 0.000000021906 
0.17350 0.000000021040 
0.17400 0.000000020233 
0.17450 0.000000019492 
0.17500 0.000000018751 
0.17550 0.000000018010 
0.17600 0.000000017316 
0.17650 0.000000016682 
0.17700 0.000000016049 
0.17750 0.000000015415 
0.17800 0.000000014816 
0.17850 0.000000014275 
0.17900 0.000000013733 
0.17950 0.000000013191 
0.18000 0.000000012673 
0.18050 0.000000012209 
0.18100 0.000000011746 
0.18150 0.000000011282 
0.18200 0.000000010833 
0.18250 0.000000010436 
0.18300 0.000000010040 
0.18350 0.000000009643 
0.18400 0.000000009254 
0.18450 0.000000008915 
0.18500 0.000000008576 
0.18550 0.000000008237 
0.18600 0.000000007898 
0.18650 0.000000007608 
0.18700 0.000000007318 
0.18750 0.000000007028 
0.18800 0.000000006738 
0.18850 0.000000006485 
0.18900 0.000000006238 
0.18950 0.000000005990 
0.19000 0.000000005742 
0.19050 0.000000005521 
0.19100 0.000000005309 
0.19150 0.000000005097 
0.19200 0.000000004885 
0.19250 0.000000004692 
0.19300 0.000000004511 
0.19350 0.000000004329 
0.19400 0.000000004148 
0.19450 0.000000003979 
0.19500 0.000000003824 
0.19550 0.000000003669 
0.19600 0.000000003514 
0.19650 0.000000003366 
0.19700 0.000000003234 
0.19750 0.000000003102 
0.19800 0.000000002970 
0.19850 0.000000002840 
0.19900 0.000000002727 
0.19950 0.000000002614 
0.20000 0.000000002502 
0.20050 0.000000002389 
0.20100 0.000000002292 
0.20150 0.000000002195 
0.20200 0.000000002099 
0.20250 0.000000002003 
0.20300 0.000000001918 
0.20350 0.000000001836 
0.20400 0.000000001754 
0.20450 0.000000001671 
0.20500 0.000000001597 
0.20550 0.000000001527 
0.20600 0.000000001457 
0.20650 0.000000001387 
0.20700 0.000000001322 
0.20750 0.000000001263 
0.20800 0.000000001204 
0.20850 0.000000001144 
0.20900 0.000000001088 
0.20950 0.000000001037 
0.21000 0.000000000987 
0.21050 0.000000000936 
0.21100 0.000000000887 
0.21150 0.000000000844 
0.21200 0.000000000801 
0.21250 0.000000000758 
0.21300 0.000000000716 
0.21350 0.000000000680 
0.21400 0.000000000644 
0.21450 0.000000000607 
0.21500 0.000000000571 
0.21550 0.000000000541 
0.21600 0.000000000510 
0.21650 0.000000000479 
0.21700 0.000000000449 
0.21750 0.000000000423 
0.21800 0.000000000397 
0.21850 0.000000000372 
0.21900 0.000000000346 
0.21950 0.000000000324 
0.22000 0.000000000303 
0.22050 0.000000000281 
0.22100 0.000000000260 
0.22150 0.000000000242 
0.22200 0.000000000224 
0.22250 0.000000000206 
0.22300 0.000000000189 
0.22350 0.000000000174 
0.22400 0.000000000160 
0.22450 0.000000000145 
0.22500 0.000000000131 
0.22550 0.000000000120 
0.22600 0.000000000108 
0.22650 0.000000000096 
0.22700 0.000000000086 
0.22750 0.000000000076 
0.22800 0.000000000067 
0.22850 0.000000000058 
0.22900 0.000000000050 
0.22950 0.000000000043 
0.23000 0.000000000036 
0.23050 0.000000000030 
0.23100 0.000000000025 
0.23150 0.000000000020 
0.23200 0.000000000015 
0.23250 0.000000000011 
0.23300 0.000000000008 
0.23350 0.000000000005 
