0.00000 163.331800000000 
0.00050 140.934000000000 
0.00100 118.536000000000 
0.00150 96.138200000000 
0.00200 73.740400000000 
0.00250 59.404000000000 
0.00300 47.472400000000 
0.00350 38.278200000000 
0.00400 31.615000000000 
0.00450 25.478400000000 
0.00500 21.603200000000 
0.00550 17.728060000000 
0.00600 15.064600000000 
0.00650 12.732720000000 
0.00700 10.680440000000 
0.00750 9.236100000000 
0.00800 7.791760000000 
0.00850 6.761000000000 
0.00900 5.843920000000 
0.00950 4.990820000000 
0.01000 4.395860000000 
0.01050 3.800920000000 
0.01100 3.319380000000 
0.01150 2.926020000000 
0.01200 2.532660000000 
0.01250 2.252860000000 
0.01300 1.988404000000 
0.01350 1.737176000000 
0.01400 1.556704000000 
0.01450 1.376232000000 
0.01500 1.217802000000 
0.01550 1.092980000000 
0.01600 0.968158000000 
0.01650 0.865796000000 
0.01700 0.778414000000 
0.01750 0.691032000000 
0.01800 0.623358000000 
0.01850 0.561510000000 
0.01900 0.499662000000 
0.01950 0.453940000000 
0.02000 0.409726000000 
0.02050 0.365884000000 
0.02100 0.333988000000 
0.02150 0.302090000000 
0.02200 0.271244000000 
0.02250 0.248036000000 
0.02300 0.224830000000 
0.02350 0.202794000000 
0.02400 0.185779800000 
0.02450 0.168766600000 
0.02500 0.152798000000 
0.02550 0.140236200000 
0.02600 0.127674200000 
0.02650 0.115952400000 
0.02700 0.106616000000 
0.02750 0.097279600000 
0.02800 0.088572200000 
0.02850 0.081590800000 
0.02900 0.074609400000 
0.02950 0.068070400000 
0.03000 0.062820200000 
0.03050 0.057570200000 
0.03100 0.052610600000 
0.03150 0.048641400000 
0.03200 0.044672400000 
0.03250 0.040876200000 
0.03300 0.037861000000 
0.03350 0.034845600000 
0.03400 0.031915800000 
0.03450 0.029614400000 
0.03500 0.027313000000 
0.03550 0.025034400000 
0.03600 0.023270600000 
0.03650 0.021506600000 
0.03700 0.019742520000 
0.03750 0.018364440000 
0.03800 0.017006840000 
0.03850 0.015649240000 
0.03900 0.014551580000 
0.03950 0.013502760000 
0.04000 0.012453920000 
0.04050 0.011574540000 
0.04100 0.010761340000 
0.04150 0.009948140000 
0.04200 0.009239920000 
0.04250 0.008607280000 
0.04300 0.007974640000 
0.04350 0.007401580000 
0.04400 0.006907800000 
0.04450 0.006414020000 
0.04500 0.005948320000 
0.04550 0.005561760000 
0.04600 0.005175200000 
0.04650 0.004795280000 
0.04700 0.004491760000 
0.04750 0.004188240000 
0.04800 0.003884720000 
0.04850 0.003638200000 
0.04900 0.003399240000 
0.04950 0.003160260000 
0.05000 0.002955080000 
0.05050 0.002766420000 
0.05100 0.002577760000 
0.05150 0.002406600000 
0.05200 0.002257300000 
0.05250 0.002107980000 
0.05300 0.001964934000 
0.05350 0.001846466000 
0.05400 0.001727998000 
0.05450 0.001609532000 
0.05500 0.001514020000 
0.05550 0.001419806000 
0.05600 0.001325590000 
0.05650 0.001244270000 
0.05700 0.001169172000 
0.05750 0.001094076000 
0.05800 0.001024826000 
0.05850 0.000964836000 
0.05900 0.000904844000 
0.05950 0.000845864000 
0.06000 0.000797838000 
0.06050 0.000749810000 
0.06100 0.000701784000 
0.06150 0.000661038000 
0.06200 0.000622510000 
0.06250 0.000583982000 
0.06300 0.000548728000 
0.06350 0.000517758000 
0.06400 0.000486788000 
0.06450 0.000456324000 
0.06500 0.000431382000 
0.06550 0.000406438000 
0.06600 0.000381494000 
0.06650 0.000360016000 
0.06700 0.000339886000 
0.06750 0.000319758000 
0.06800 0.000300940000 
0.06850 0.000284666000 
0.06900 0.000268394000 
0.06950 0.000252120000 
0.07000 0.000238768000 
0.07050 0.000225588000 
0.07100 0.000212406000 
0.07150 0.000200556000 
0.07200 0.000189859800 
0.07250 0.000179164000 
0.07300 0.000168688800 
0.07350 0.000159994600 
0.07400 0.000151300400 
0.07450 0.000142606400 
0.07500 0.000134994200 
0.07550 0.000127914800 
0.07600 0.000120835400 
0.07650 0.000114036800 
0.07700 0.000108262400 
0.07750 0.000102488000 
0.07800 0.000096713600 
0.07850 0.000091727200 
0.07900 0.000087009400 
0.07950 0.000082291400 
0.08000 0.000077798400 
0.08050 0.000073937200 
0.08100 0.000070076200 
0.08150 0.000066215200 
0.08200 0.000062886400 
0.08250 0.000059721400 
0.08300 0.000056556600 
0.08350 0.000053534800 
0.08400 0.000050936400 
0.08450 0.000048338000 
0.08500 0.000045739600 
0.08550 0.000043477200 
0.08600 0.000041340400 
0.08650 0.000039203800 
0.08700 0.000037138400 
0.08750 0.000035378600 
0.08800 0.000033618800 
0.08850 0.000031859200 
0.08900 0.000030296000 
0.08950 0.000028844400 
0.09000 0.000027393000 
0.09050 0.000025960000 
0.09100 0.000024761000 
0.09150 0.000023562000 
0.09200 0.000022363000 
0.09250 0.000021267000 
0.09300 0.000020275000 
0.09350 0.000019283080 
0.09400 0.000018291160 
0.09450 0.000017453820 
0.09500 0.000016632040 
0.09550 0.000015810240 
0.09600 0.000015031640 
0.09650 0.000014349840 
0.09700 0.000013668020 
0.09750 0.000012986220 
0.09800 0.000012384840 
0.09850 0.000011818380 
0.09900 0.000011251920 
0.09950 0.000010692580 
0.10000 0.000010221300 
0.10050 0.000009750040 
0.10100 0.000009278760 
0.10150 0.000008842260 
0.10200 0.000008449640 
0.10250 0.000008057040 
0.10300 0.000007664420 
0.10350 0.000007323820 
0.10400 0.000006996300 
0.10450 0.000006668800 
0.10500 0.000006349140 
0.10550 0.000006075580 
0.10600 0.000005802040 
0.10650 0.000005528480 
0.10700 0.000005276540 
0.10750 0.000005047760 
0.10800 0.000004818980 
0.10850 0.000004590200 
0.10900 0.000004391580 
0.10950 0.000004200020 
0.11000 0.000004008460 
0.11050 0.000003820860 
0.11100 0.000003660280 
0.11150 0.000003499680 
0.11200 0.000003339080 
0.11250 0.000003189780 
0.11300 0.000003055000 
0.11350 0.000002920200 
0.11400 0.000002785400 
0.11450 0.000002666520 
0.11500 0.000002553260 
0.11550 0.000002439980 
0.11600 0.000002327280 
0.11650 0.000002232000 
0.11700 0.000002136720 
0.11750 0.000002041440 
0.11800 0.000001950902 
0.11850 0.000001870662 
0.11900 0.000001790422 
0.11950 0.000001710184 
0.12000 0.000001637390 
0.12050 0.000001569750 
0.12100 0.000001502108 
0.12150 0.000001434468 
0.12200 0.000001375896 
0.12250 0.000001318818 
0.12300 0.000001261738 
0.12350 0.000001205708 
0.12400 0.000001157494 
0.12450 0.000001109282 
0.12500 0.000001061068 
0.12550 0.000001015612 
0.12600 0.000000974850 
0.12650 0.000000934086 
0.12700 0.000000893324 
0.12750 0.000000856408 
0.12800 0.000000821916 
0.12850 0.000000787422 
0.12900 0.000000752928 
0.12950 0.000000722916 
0.13000 0.000000693702 
0.13050 0.000000664488 
0.13100 0.000000635614 
0.13150 0.000000610850 
0.13200 0.000000586086 
0.13250 0.000000561324 
0.13300 0.000000537670 
0.13350 0.000000516662 
0.13400 0.000000495656 
0.13450 0.000000474648 
0.13500 0.000000455246 
0.13550 0.000000437412 
0.13600 0.000000419578 
0.13650 0.000000401742 
0.13700 0.000000385810 
0.13750 0.000000370658 
0.13800 0.000000355506 
0.13850 0.000000340356 
0.13900 0.000000327252 
0.13950 0.000000314372 
0.14000 0.000000301490 
0.14050 0.000000288776 
0.14100 0.000000277818 
0.14150 0.000000266862 
0.14200 0.000000255904 
0.14250 0.000000245374 
0.14300 0.000000236046 
0.14350 0.000000226720 
0.14400 0.000000217394 
0.14450 0.000000208656 
0.14500 0.000000200714 
0.14550 0.000000192771 
0.14600 0.000000184828 
0.14650 0.000000177567 
0.14700 0.000000170799 
0.14750 0.000000164030 
0.14800 0.000000157262 
0.14850 0.000000151218 
0.14900 0.000000145448 
0.14950 0.000000139678 
0.15000 0.000000133909 
0.15050 0.000000128868 
0.15100 0.000000123947 
0.15150 0.000000119026 
0.15200 0.000000114105 
0.15250 0.000000109893 
0.15300 0.000000105694 
0.15350 0.000000101495 
0.15400 0.000000097353 
0.15450 0.000000093769 
0.15500 0.000000090185 
0.15550 0.000000086601 
0.15600 0.000000083118 
0.15650 0.000000080057 
0.15700 0.000000076997 
0.15750 0.000000073937 
0.15800 0.000000071001 
0.15850 0.000000068387 
0.15900 0.000000065773 
0.15950 0.000000063158 
0.16000 0.000000060678 
0.16050 0.000000058445 
0.16100 0.000000056212 
0.16150 0.000000053979 
0.16200 0.000000051879 
0.16250 0.000000049970 
0.16300 0.000000048062 
0.16350 0.000000046154 
0.16400 0.000000044372 
0.16450 0.000000042741 
0.16500 0.000000041109 
0.16550 0.000000039478 
0.16600 0.000000037963 
0.16650 0.000000036569 
0.16700 0.000000035174 
0.16750 0.000000033780 
0.16800 0.000000032488 
0.16850 0.000000031296 
0.16900 0.000000030103 
0.16950 0.000000028911 
0.17000 0.000000027806 
0.17050 0.000000026787 
0.17100 0.000000025767 
0.17150 0.000000024748 
0.17200 0.000000023802 
0.17250 0.000000022930 
0.17300 0.000000022058 
0.17350 0.000000021185 
0.17400 0.000000020373 
0.17450 0.000000019627 
0.17500 0.000000018881 
0.17550 0.000000018135 
0.17600 0.000000017436 
0.17650 0.000000016798 
0.17700 0.000000016160 
0.17750 0.000000015522 
0.17800 0.000000014919 
0.17850 0.000000014373 
0.17900 0.000000013828 
0.17950 0.000000013282 
0.18000 0.000000012761 
0.18050 0.000000012294 
0.18100 0.000000011827 
0.18150 0.000000011360 
0.18200 0.000000010908 
0.18250 0.000000010509 
0.18300 0.000000010109 
0.18350 0.000000009710 
0.18400 0.000000009318 
0.18450 0.000000008976 
0.18500 0.000000008635 
0.18550 0.000000008294 
0.18600 0.000000007953 
0.18650 0.000000007661 
0.18700 0.000000007369 
0.18750 0.000000007077 
0.18800 0.000000006785 
0.18850 0.000000006530 
0.18900 0.000000006281 
0.18950 0.000000006031 
0.19000 0.000000005782 
0.19050 0.000000005559 
0.19100 0.000000005346 
0.19150 0.000000005132 
0.19200 0.000000004919 
0.19250 0.000000004724 
0.19300 0.000000004542 
0.19350 0.000000004359 
0.19400 0.000000004177 
0.19450 0.000000004007 
0.19500 0.000000003851 
0.19550 0.000000003695 
0.19600 0.000000003539 
0.19650 0.000000003390 
0.19700 0.000000003257 
0.19750 0.000000003123 
0.19800 0.000000002990 
0.19850 0.000000002860 
0.19900 0.000000002746 
0.19950 0.000000002633 
0.20000 0.000000002519 
0.20050 0.000000002405 
0.20100 0.000000002308 
0.20150 0.000000002211 
0.20200 0.000000002113 
0.20250 0.000000002016 
0.20300 0.000000001931 
0.20350 0.000000001848 
0.20400 0.000000001766 
0.20450 0.000000001683 
0.20500 0.000000001608 
0.20550 0.000000001538 
0.20600 0.000000001467 
0.20650 0.000000001397 
0.20700 0.000000001332 
0.20750 0.000000001272 
0.20800 0.000000001212 
0.20850 0.000000001152 
0.20900 0.000000001095 
0.20950 0.000000001044 
0.21000 0.000000000993 
0.21050 0.000000000942 
0.21100 0.000000000893 
0.21150 0.000000000850 
0.21200 0.000000000807 
0.21250 0.000000000763 
0.21300 0.000000000721 
0.21350 0.000000000685 
0.21400 0.000000000648 
0.21450 0.000000000611 
0.21500 0.000000000575 
0.21550 0.000000000544 
0.21600 0.000000000513 
0.21650 0.000000000483 
0.21700 0.000000000452 
0.21750 0.000000000426 
0.21800 0.000000000400 
0.21850 0.000000000374 
0.21900 0.000000000348 
0.21950 0.000000000327 
0.22000 0.000000000305 
0.22050 0.000000000283 
0.22100 0.000000000262 
0.22150 0.000000000244 
0.22200 0.000000000226 
0.22250 0.000000000208 
0.22300 0.000000000190 
0.22350 0.000000000176 
0.22400 0.000000000161 
0.22450 0.000000000146 
0.22500 0.000000000132 
0.22550 0.000000000120 
0.22600 0.000000000109 
0.22650 0.000000000097 
0.22700 0.000000000086 
0.22750 0.000000000077 
0.22800 0.000000000067 
0.22850 0.000000000058 
0.22900 0.000000000051 
0.22950 0.000000000043 
0.23000 0.000000000036 
0.23050 0.000000000030 
0.23100 0.000000000025 
0.23150 0.000000000020 
0.23200 0.000000000015 
0.23250 0.000000000011 
0.23300 0.000000000008 
0.23350 0.000000000005 
