0.00000 164.488800000000 
0.00050 141.932200000000 
0.00100 119.375800000000 
0.00150 96.819400000000 
0.00200 74.262800000000 
0.00250 59.824800000000 
0.00300 47.808800000000 
0.00350 38.549200000000 
0.00400 31.839000000000 
0.00450 25.658800000000 
0.00500 21.756200000000 
0.00550 17.853640000000 
0.00600 15.171320000000 
0.00650 12.822920000000 
0.00700 10.756100000000 
0.00750 9.301520000000 
0.00800 7.846960000000 
0.00850 6.808880000000 
0.00900 5.885320000000 
0.00950 5.026180000000 
0.01000 4.427020000000 
0.01050 3.827840000000 
0.01100 3.342900000000 
0.01150 2.946760000000 
0.01200 2.550620000000 
0.01250 2.268820000000 
0.01300 2.002480000000 
0.01350 1.749482000000 
0.01400 1.567732000000 
0.01450 1.385980000000 
0.01500 1.226428000000 
0.01550 1.100722000000 
0.01600 0.975016000000 
0.01650 0.871930000000 
0.01700 0.783928000000 
0.01750 0.695926000000 
0.01800 0.627774000000 
0.01850 0.565488000000 
0.01900 0.503202000000 
0.01950 0.457156000000 
0.02000 0.412630000000 
0.02050 0.368476000000 
0.02100 0.336354000000 
0.02150 0.304230000000 
0.02200 0.273164000000 
0.02250 0.249794000000 
0.02300 0.226424000000 
0.02350 0.204230000000 
0.02400 0.187096000000 
0.02450 0.169962200000 
0.02500 0.153880600000 
0.02550 0.141229600000 
0.02600 0.128578600000 
0.02650 0.116773800000 
0.02700 0.107371400000 
0.02750 0.097968800000 
0.02800 0.089199800000 
0.02850 0.082168800000 
0.02900 0.075137800000 
0.02950 0.068552600000 
0.03000 0.063265200000 
0.03050 0.057978000000 
0.03100 0.052983200000 
0.03150 0.048986000000 
0.03200 0.044988800000 
0.03250 0.041165800000 
0.03300 0.038129200000 
0.03350 0.035092400000 
0.03400 0.032141800000 
0.03450 0.029824200000 
0.03500 0.027506600000 
0.03550 0.025211800000 
0.03600 0.023435400000 
0.03650 0.021658800000 
0.03700 0.019882380000 
0.03750 0.018494540000 
0.03800 0.017127320000 
0.03850 0.015760100000 
0.03900 0.014654660000 
0.03950 0.013598400000 
0.04000 0.012542160000 
0.04050 0.011656520000 
0.04100 0.010837580000 
0.04150 0.010018620000 
0.04200 0.009305380000 
0.04250 0.008668260000 
0.04300 0.008031120000 
0.04350 0.007454000000 
0.04400 0.006956740000 
0.04450 0.006459460000 
0.04500 0.005990460000 
0.04550 0.005601160000 
0.04600 0.005211860000 
0.04650 0.004829240000 
0.04700 0.004523580000 
0.04750 0.004217900000 
0.04800 0.003912240000 
0.04850 0.003663980000 
0.04900 0.003423320000 
0.04950 0.003182640000 
0.05000 0.002976020000 
0.05050 0.002786020000 
0.05100 0.002596020000 
0.05150 0.002423660000 
0.05200 0.002273280000 
0.05250 0.002122920000 
0.05300 0.001978854000 
0.05350 0.001859546000 
0.05400 0.001740240000 
0.05450 0.001620934000 
0.05500 0.001524746000 
0.05550 0.001429864000 
0.05600 0.001334982000 
0.05650 0.001253084000 
0.05700 0.001177456000 
0.05750 0.001101826000 
0.05800 0.001032086000 
0.05850 0.000971670000 
0.05900 0.000911254000 
0.05950 0.000851856000 
0.06000 0.000803490000 
0.06050 0.000755122000 
0.06100 0.000706756000 
0.06150 0.000665722000 
0.06200 0.000626920000 
0.06250 0.000588120000 
0.06300 0.000552616000 
0.06350 0.000521426000 
0.06400 0.000490236000 
0.06450 0.000459558000 
0.06500 0.000434436000 
0.06550 0.000409316000 
0.06600 0.000384196000 
0.06650 0.000362566000 
0.06700 0.000342294000 
0.06750 0.000322024000 
0.06800 0.000303072000 
0.06850 0.000286684000 
0.06900 0.000270294000 
0.06950 0.000253906000 
0.07000 0.000240460000 
0.07050 0.000227186000 
0.07100 0.000213910000 
0.07150 0.000201976000 
0.07200 0.000191204800 
0.07250 0.000180433200 
0.07300 0.000169883800 
0.07350 0.000161128200 
0.07400 0.000152372400 
0.07450 0.000143616600 
0.07500 0.000135950600 
0.07550 0.000128821000 
0.07600 0.000121691400 
0.07650 0.000114844800 
0.07700 0.000109029400 
0.07750 0.000103214000 
0.07800 0.000097398600 
0.07850 0.000092377000 
0.07900 0.000087625800 
0.07950 0.000082874400 
0.08000 0.000078349400 
0.08050 0.000074461000 
0.08100 0.000070572800 
0.08150 0.000066684400 
0.08200 0.000063331800 
0.08250 0.000060144600 
0.08300 0.000056957200 
0.08350 0.000053914200 
0.08400 0.000051297400 
0.08450 0.000048680400 
0.08500 0.000046063600 
0.08550 0.000043785200 
0.08600 0.000041633400 
0.08650 0.000039481400 
0.08700 0.000037401400 
0.08750 0.000035629200 
0.08800 0.000033857000 
0.08850 0.000032084800 
0.08900 0.000030510600 
0.08950 0.000029048800 
0.09000 0.000027587000 
0.09050 0.000026144000 
0.09100 0.000024936400 
0.09150 0.000023729000 
0.09200 0.000022521400 
0.09250 0.000021417600 
0.09300 0.000020418600 
0.09350 0.000019419680 
0.09400 0.000018420740 
0.09450 0.000017577480 
0.09500 0.000016749860 
0.09550 0.000015922240 
0.09600 0.000015138140 
0.09650 0.000014451500 
0.09700 0.000013764860 
0.09750 0.000013078220 
0.09800 0.000012472580 
0.09850 0.000011902100 
0.09900 0.000011331620 
0.09950 0.000010768340 
0.10000 0.000010293720 
0.10050 0.000009819100 
0.10100 0.000009344500 
0.10150 0.000008904900 
0.10200 0.000008509500 
0.10250 0.000008114120 
0.10300 0.000007718720 
0.10350 0.000007375700 
0.10400 0.000007045860 
0.10450 0.000006716040 
0.10500 0.000006394120 
0.10550 0.000006118620 
0.10600 0.000005843140 
0.10650 0.000005567640 
0.10700 0.000005313920 
0.10750 0.000005083520 
0.10800 0.000004853120 
0.10850 0.000004622720 
0.10900 0.000004422680 
0.10950 0.000004229760 
0.11000 0.000004036840 
0.11050 0.000003847940 
0.11100 0.000003686200 
0.11150 0.000003524460 
0.11200 0.000003362740 
0.11250 0.000003212380 
0.11300 0.000003076640 
0.11350 0.000002940880 
0.11400 0.000002805140 
0.11450 0.000002685400 
0.11500 0.000002571340 
0.11550 0.000002457280 
0.11600 0.000002343780 
0.11650 0.000002247820 
0.11700 0.000002151860 
0.11750 0.000002055900 
0.11800 0.000001964722 
0.11850 0.000001883914 
0.11900 0.000001803106 
0.11950 0.000001722298 
0.12000 0.000001648990 
0.12050 0.000001580870 
0.12100 0.000001512750 
0.12150 0.000001444630 
0.12200 0.000001385644 
0.12250 0.000001328160 
0.12300 0.000001270676 
0.12350 0.000001214250 
0.12400 0.000001165694 
0.12450 0.000001117140 
0.12500 0.000001068584 
0.12550 0.000001022806 
0.12600 0.000000981756 
0.12650 0.000000940704 
0.12700 0.000000899652 
0.12750 0.000000862476 
0.12800 0.000000827738 
0.12850 0.000000793000 
0.12900 0.000000758262 
0.12950 0.000000728038 
0.13000 0.000000698616 
0.13050 0.000000669194 
0.13100 0.000000640116 
0.13150 0.000000615178 
0.13200 0.000000590238 
0.13250 0.000000565300 
0.13300 0.000000541480 
0.13350 0.000000520322 
0.13400 0.000000499166 
0.13450 0.000000478010 
0.13500 0.000000458472 
0.13550 0.000000440510 
0.13600 0.000000422550 
0.13650 0.000000404588 
0.13700 0.000000388542 
0.13750 0.000000373284 
0.13800 0.000000358026 
0.13850 0.000000342766 
0.13900 0.000000329570 
0.13950 0.000000316598 
0.14000 0.000000303626 
0.14050 0.000000290822 
0.14100 0.000000279786 
0.14150 0.000000268752 
0.14200 0.000000257718 
0.14250 0.000000247112 
0.14300 0.000000237718 
0.14350 0.000000228326 
0.14400 0.000000218934 
0.14450 0.000000210134 
0.14500 0.000000202136 
0.14550 0.000000194136 
0.14600 0.000000186137 
0.14650 0.000000178825 
0.14700 0.000000172009 
0.14750 0.000000165192 
0.14800 0.000000158376 
0.14850 0.000000152289 
0.14900 0.000000146479 
0.14950 0.000000140668 
0.15000 0.000000134857 
0.15050 0.000000129781 
0.15100 0.000000124825 
0.15150 0.000000119869 
0.15200 0.000000114913 
0.15250 0.000000110671 
0.15300 0.000000106442 
0.15350 0.000000102214 
0.15400 0.000000098042 
0.15450 0.000000094433 
0.15500 0.000000090824 
0.15550 0.000000087215 
0.15600 0.000000083706 
0.15650 0.000000080625 
0.15700 0.000000077543 
0.15750 0.000000074461 
0.15800 0.000000071504 
0.15850 0.000000068871 
0.15900 0.000000066238 
0.15950 0.000000063606 
0.16000 0.000000061108 
0.16050 0.000000058859 
0.16100 0.000000056610 
0.16150 0.000000054361 
0.16200 0.000000052246 
0.16250 0.000000050324 
0.16300 0.000000048402 
0.16350 0.000000046481 
0.16400 0.000000044686 
0.16450 0.000000043043 
0.16500 0.000000041401 
0.16550 0.000000039758 
0.16600 0.000000038232 
0.16650 0.000000036828 
0.16700 0.000000035423 
0.16750 0.000000034019 
0.16800 0.000000032718 
0.16850 0.000000031517 
0.16900 0.000000030316 
0.16950 0.000000029115 
0.17000 0.000000028003 
0.17050 0.000000026977 
0.17100 0.000000025950 
0.17150 0.000000024923 
0.17200 0.000000023971 
0.17250 0.000000023092 
0.17300 0.000000022214 
0.17350 0.000000021335 
0.17400 0.000000020517 
0.17450 0.000000019766 
0.17500 0.000000019015 
0.17550 0.000000018263 
0.17600 0.000000017559 
0.17650 0.000000016917 
0.17700 0.000000016274 
0.17750 0.000000015632 
0.17800 0.000000015025 
0.17850 0.000000014475 
0.17900 0.000000013926 
0.17950 0.000000013376 
0.18000 0.000000012851 
0.18050 0.000000012381 
0.18100 0.000000011911 
0.18150 0.000000011440 
0.18200 0.000000010985 
0.18250 0.000000010583 
0.18300 0.000000010181 
0.18350 0.000000009779 
0.18400 0.000000009384 
0.18450 0.000000009040 
0.18500 0.000000008696 
0.18550 0.000000008352 
0.18600 0.000000008009 
0.18650 0.000000007715 
0.18700 0.000000007421 
0.18750 0.000000007127 
0.18800 0.000000006833 
0.18850 0.000000006577 
0.18900 0.000000006325 
0.18950 0.000000006074 
0.19000 0.000000005823 
0.19050 0.000000005599 
0.19100 0.000000005384 
0.19150 0.000000005169 
0.19200 0.000000004954 
0.19250 0.000000004758 
0.19300 0.000000004574 
0.19350 0.000000004390 
0.19400 0.000000004206 
0.19450 0.000000004035 
0.19500 0.000000003878 
0.19550 0.000000003721 
0.19600 0.000000003564 
0.19650 0.000000003414 
0.19700 0.000000003280 
0.19750 0.000000003146 
0.19800 0.000000003011 
0.19850 0.000000002880 
0.19900 0.000000002766 
0.19950 0.000000002651 
0.20000 0.000000002537 
0.20050 0.000000002422 
0.20100 0.000000002324 
0.20150 0.000000002226 
0.20200 0.000000002128 
0.20250 0.000000002031 
0.20300 0.000000001945 
0.20350 0.000000001861 
0.20400 0.000000001778 
0.20450 0.000000001695 
0.20500 0.000000001620 
0.20550 0.000000001549 
0.20600 0.000000001478 
0.20650 0.000000001407 
0.20700 0.000000001341 
0.20750 0.000000001281 
0.20800 0.000000001220 
0.20850 0.000000001160 
0.20900 0.000000001103 
0.20950 0.000000001052 
0.21000 0.000000001000 
0.21050 0.000000000949 
0.21100 0.000000000900 
0.21150 0.000000000856 
0.21200 0.000000000812 
0.21250 0.000000000769 
0.21300 0.000000000726 
0.21350 0.000000000689 
0.21400 0.000000000653 
0.21450 0.000000000616 
0.21500 0.000000000579 
0.21550 0.000000000548 
0.21600 0.000000000517 
0.21650 0.000000000486 
0.21700 0.000000000455 
0.21750 0.000000000429 
0.21800 0.000000000403 
0.21850 0.000000000377 
0.21900 0.000000000351 
0.21950 0.000000000329 
0.22000 0.000000000307 
0.22050 0.000000000285 
0.22100 0.000000000264 
0.22150 0.000000000246 
0.22200 0.000000000228 
0.22250 0.000000000209 
0.22300 0.000000000192 
0.22350 0.000000000177 
0.22400 0.000000000162 
0.22450 0.000000000147 
0.22500 0.000000000133 
0.22550 0.000000000121 
0.22600 0.000000000109 
0.22650 0.000000000097 
0.22700 0.000000000087 
0.22750 0.000000000077 
0.22800 0.000000000068 
0.22850 0.000000000058 
0.22900 0.000000000051 
0.22950 0.000000000044 
0.23000 0.000000000037 
0.23050 0.000000000030 
0.23100 0.000000000025 
0.23150 0.000000000020 
0.23200 0.000000000015 
0.23250 0.000000000011 
0.23300 0.000000000008 
0.23350 0.000000000005 
