0.00000 165.681400000000 
0.00050 142.961400000000 
0.00100 120.241400000000 
0.00150 97.521400000000 
0.00200 74.801400000000 
0.00250 60.258600000000 
0.00300 48.155400000000 
0.00350 38.828800000000 
0.00400 32.069800000000 
0.00450 25.845000000000 
0.00500 21.914000000000 
0.00550 17.983100000000 
0.00600 15.281320000000 
0.00650 12.915900000000 
0.00700 10.834080000000 
0.00750 9.368960000000 
0.00800 7.903840000000 
0.00850 6.858260000000 
0.00900 5.928000000000 
0.00950 5.062620000000 
0.01000 4.459100000000 
0.01050 3.855600000000 
0.01100 3.367120000000 
0.01150 2.968120000000 
0.01200 2.569100000000 
0.01250 2.285260000000 
0.01300 2.017000000000 
0.01350 1.762166000000 
0.01400 1.579098000000 
0.01450 1.396030000000 
0.01500 1.235320000000 
0.01550 1.108704000000 
0.01600 0.982086000000 
0.01650 0.878250000000 
0.01700 0.789612000000 
0.01750 0.700972000000 
0.01800 0.632324000000 
0.01850 0.569588000000 
0.01900 0.506850000000 
0.01950 0.460472000000 
0.02000 0.415622000000 
0.02050 0.371148000000 
0.02100 0.338792000000 
0.02150 0.306436000000 
0.02200 0.275146000000 
0.02250 0.251606000000 
0.02300 0.228066000000 
0.02350 0.205710000000 
0.02400 0.188452400000 
0.02450 0.171194400000 
0.02500 0.154996200000 
0.02550 0.142253600000 
0.02600 0.129511000000 
0.02650 0.117620400000 
0.02700 0.108149800000 
0.02750 0.098679000000 
0.02800 0.089846400000 
0.02850 0.082764600000 
0.02900 0.075682600000 
0.02950 0.069049600000 
0.03000 0.063724000000 
0.03050 0.058398200000 
0.03100 0.053367400000 
0.03150 0.049341200000 
0.03200 0.045315000000 
0.03250 0.041464400000 
0.03300 0.038405600000 
0.03350 0.035347000000 
0.03400 0.032374800000 
0.03450 0.030040400000 
0.03500 0.027706000000 
0.03550 0.025394600000 
0.03600 0.023605200000 
0.03650 0.021816000000 
0.03700 0.020026600000 
0.03750 0.018628640000 
0.03800 0.017251500000 
0.03850 0.015874380000 
0.03900 0.014760900000 
0.03950 0.013697000000 
0.04000 0.012633080000 
0.04050 0.011741040000 
0.04100 0.010916140000 
0.04150 0.010091260000 
0.04200 0.009372860000 
0.04250 0.008731100000 
0.04300 0.008089360000 
0.04350 0.007508040000 
0.04400 0.007007180000 
0.04450 0.006506300000 
0.04500 0.006033900000 
0.04550 0.005641780000 
0.04600 0.005249640000 
0.04650 0.004864260000 
0.04700 0.004556380000 
0.04750 0.004248480000 
0.04800 0.003940600000 
0.04850 0.003690540000 
0.04900 0.003448140000 
0.04950 0.003205720000 
0.05000 0.002997580000 
0.05050 0.002806220000 
0.05100 0.002614840000 
0.05150 0.002441220000 
0.05200 0.002289760000 
0.05250 0.002138300000 
0.05300 0.001993200000 
0.05350 0.001873030000 
0.05400 0.001752858000 
0.05450 0.001632686000 
0.05500 0.001535800000 
0.05550 0.001440230000 
0.05600 0.001344660000 
0.05650 0.001262170000 
0.05700 0.001185992000 
0.05750 0.001109814000 
0.05800 0.001039570000 
0.05850 0.000978716000 
0.05900 0.000917860000 
0.05950 0.000858032000 
0.06000 0.000809314000 
0.06050 0.000760598000 
0.06100 0.000711880000 
0.06150 0.000670548000 
0.06200 0.000631466000 
0.06250 0.000592384000 
0.06300 0.000556622000 
0.06350 0.000525206000 
0.06400 0.000493790000 
0.06450 0.000462890000 
0.06500 0.000437586000 
0.06550 0.000412284000 
0.06600 0.000386982000 
0.06650 0.000365194000 
0.06700 0.000344776000 
0.06750 0.000324358000 
0.06800 0.000305270000 
0.06850 0.000288762000 
0.06900 0.000272254000 
0.06950 0.000255746000 
0.07000 0.000242204000 
0.07050 0.000228832000 
0.07100 0.000215462000 
0.07150 0.000203440000 
0.07200 0.000192591000 
0.07250 0.000181741400 
0.07300 0.000171115600 
0.07350 0.000162296400 
0.07400 0.000153477000 
0.07450 0.000144657800 
0.07500 0.000136936200 
0.07550 0.000129755000 
0.07600 0.000122573600 
0.07650 0.000115677400 
0.07700 0.000109819800 
0.07750 0.000103962400 
0.07800 0.000098104800 
0.07850 0.000093046800 
0.07900 0.000088261000 
0.07950 0.000083475400 
0.08000 0.000078917400 
0.08050 0.000075001000 
0.08100 0.000071084400 
0.08150 0.000067167800 
0.08200 0.000063791000 
0.08250 0.000060580600 
0.08300 0.000057370200 
0.08350 0.000054305000 
0.08400 0.000051669200 
0.08450 0.000049033400 
0.08500 0.000046397600 
0.08550 0.000044102600 
0.08600 0.000041935200 
0.08650 0.000039767800 
0.08700 0.000037672600 
0.08750 0.000035887600 
0.08800 0.000034102600 
0.08850 0.000032317400 
0.08900 0.000030731800 
0.08950 0.000029259400 
0.09000 0.000027787000 
0.09050 0.000026333600 
0.09100 0.000025117200 
0.09150 0.000023901000 
0.09200 0.000022684800 
0.09250 0.000021572800 
0.09300 0.000020566600 
0.09350 0.000019560480 
0.09400 0.000018554300 
0.09450 0.000017704920 
0.09500 0.000016871300 
0.09550 0.000016037680 
0.09600 0.000015247900 
0.09650 0.000014556280 
0.09700 0.000013864660 
0.09750 0.000013173040 
0.09800 0.000012563000 
0.09850 0.000011988400 
0.09900 0.000011413780 
0.09950 0.000010846400 
0.10000 0.000010368360 
0.10050 0.000009890300 
0.10100 0.000009412240 
0.10150 0.000008969460 
0.10200 0.000008571200 
0.10250 0.000008172940 
0.10300 0.000007774680 
0.10350 0.000007429180 
0.10400 0.000007096960 
0.10450 0.000006764740 
0.10500 0.000006440480 
0.10550 0.000006162980 
0.10600 0.000005885500 
0.10650 0.000005608020 
0.10700 0.000005352440 
0.10750 0.000005120380 
0.10800 0.000004888300 
0.10850 0.000004656240 
0.10900 0.000004454760 
0.10950 0.000004260440 
0.11000 0.000004066120 
0.11050 0.000003875840 
0.11100 0.000003712920 
0.11150 0.000003550020 
0.11200 0.000003387120 
0.11250 0.000003235680 
0.11300 0.000003098940 
0.11350 0.000002962200 
0.11400 0.000002825480 
0.11450 0.000002704880 
0.11500 0.000002589980 
0.11550 0.000002475080 
0.11600 0.000002360760 
0.11650 0.000002264120 
0.11700 0.000002167460 
0.11750 0.000002070800 
0.11800 0.000001978966 
0.11850 0.000001897572 
0.11900 0.000001816180 
0.11950 0.000001734786 
0.12000 0.000001660946 
0.12050 0.000001592332 
0.12100 0.000001523718 
0.12150 0.000001455104 
0.12200 0.000001395690 
0.12250 0.000001337790 
0.12300 0.000001279890 
0.12350 0.000001223054 
0.12400 0.000001174146 
0.12450 0.000001125240 
0.12500 0.000001076332 
0.12550 0.000001030222 
0.12600 0.000000988874 
0.12650 0.000000947524 
0.12700 0.000000906176 
0.12750 0.000000868728 
0.12800 0.000000833738 
0.12850 0.000000798750 
0.12900 0.000000763760 
0.12950 0.000000733316 
0.13000 0.000000703682 
0.13050 0.000000674046 
0.13100 0.000000644758 
0.13150 0.000000619638 
0.13200 0.000000594518 
0.13250 0.000000569398 
0.13300 0.000000545406 
0.13350 0.000000524096 
0.13400 0.000000502786 
0.13450 0.000000481476 
0.13500 0.000000461796 
0.13550 0.000000443704 
0.13600 0.000000425614 
0.13650 0.000000407522 
0.13700 0.000000391360 
0.13750 0.000000375990 
0.13800 0.000000360622 
0.13850 0.000000345252 
0.13900 0.000000331960 
0.13950 0.000000318894 
0.14000 0.000000305828 
0.14050 0.000000292930 
0.14100 0.000000281816 
0.14150 0.000000270700 
0.14200 0.000000259586 
0.14250 0.000000248902 
0.14300 0.000000239442 
0.14350 0.000000229982 
0.14400 0.000000220522 
0.14450 0.000000211658 
0.14500 0.000000203602 
0.14550 0.000000195544 
0.14600 0.000000187486 
0.14650 0.000000180121 
0.14700 0.000000173256 
0.14750 0.000000166390 
0.14800 0.000000159524 
0.14850 0.000000153393 
0.14900 0.000000147541 
0.14950 0.000000141688 
0.15000 0.000000135835 
0.15050 0.000000130722 
0.15100 0.000000125730 
0.15150 0.000000120738 
0.15200 0.000000115746 
0.15250 0.000000111473 
0.15300 0.000000107214 
0.15350 0.000000102955 
0.15400 0.000000098753 
0.15450 0.000000095118 
0.15500 0.000000091482 
0.15550 0.000000087847 
0.15600 0.000000084313 
0.15650 0.000000081209 
0.15700 0.000000078105 
0.15750 0.000000075001 
0.15800 0.000000072022 
0.15850 0.000000069370 
0.15900 0.000000066719 
0.15950 0.000000064067 
0.16000 0.000000061551 
0.16050 0.000000059286 
0.16100 0.000000057020 
0.16150 0.000000054755 
0.16200 0.000000052625 
0.16250 0.000000050689 
0.16300 0.000000048753 
0.16350 0.000000046818 
0.16400 0.000000045010 
0.16450 0.000000043356 
0.16500 0.000000041701 
0.16550 0.000000040046 
0.16600 0.000000038509 
0.16650 0.000000037095 
0.16700 0.000000035680 
0.16750 0.000000034266 
0.16800 0.000000032955 
0.16850 0.000000031746 
0.16900 0.000000030536 
0.16950 0.000000029326 
0.17000 0.000000028207 
0.17050 0.000000027172 
0.17100 0.000000026138 
0.17150 0.000000025104 
0.17200 0.000000024144 
0.17250 0.000000023260 
0.17300 0.000000022375 
0.17350 0.000000021490 
0.17400 0.000000020666 
0.17450 0.000000019909 
0.17500 0.000000019152 
0.17550 0.000000018396 
0.17600 0.000000017686 
0.17650 0.000000017039 
0.17700 0.000000016392 
0.17750 0.000000015745 
0.17800 0.000000015134 
0.17850 0.000000014580 
0.17900 0.000000014027 
0.17950 0.000000013473 
0.18000 0.000000012944 
0.18050 0.000000012471 
0.18100 0.000000011997 
0.18150 0.000000011523 
0.18200 0.000000011065 
0.18250 0.000000010660 
0.18300 0.000000010255 
0.18350 0.000000009850 
0.18400 0.000000009452 
0.18450 0.000000009106 
0.18500 0.000000008759 
0.18550 0.000000008413 
0.18600 0.000000008067 
0.18650 0.000000007771 
0.18700 0.000000007475 
0.18750 0.000000007178 
0.18800 0.000000006882 
0.18850 0.000000006624 
0.18900 0.000000006371 
0.18950 0.000000006118 
0.19000 0.000000005865 
0.19050 0.000000005639 
0.19100 0.000000005423 
0.19150 0.000000005206 
0.19200 0.000000004989 
0.19250 0.000000004792 
0.19300 0.000000004607 
0.19350 0.000000004422 
0.19400 0.000000004237 
0.19450 0.000000004064 
0.19500 0.000000003906 
0.19550 0.000000003748 
0.19600 0.000000003590 
0.19650 0.000000003439 
0.19700 0.000000003303 
0.19750 0.000000003168 
0.19800 0.000000003033 
0.19850 0.000000002901 
0.19900 0.000000002786 
0.19950 0.000000002670 
0.20000 0.000000002555 
0.20050 0.000000002440 
0.20100 0.000000002341 
0.20150 0.000000002242 
0.20200 0.000000002144 
0.20250 0.000000002045 
0.20300 0.000000001959 
0.20350 0.000000001875 
0.20400 0.000000001791 
0.20450 0.000000001707 
0.20500 0.000000001631 
0.20550 0.000000001560 
0.20600 0.000000001488 
0.20650 0.000000001417 
0.20700 0.000000001351 
0.20750 0.000000001290 
0.20800 0.000000001229 
0.20850 0.000000001169 
0.20900 0.000000001111 
0.20950 0.000000001059 
0.21000 0.000000001008 
0.21050 0.000000000956 
0.21100 0.000000000906 
0.21150 0.000000000862 
0.21200 0.000000000818 
0.21250 0.000000000774 
0.21300 0.000000000731 
0.21350 0.000000000694 
0.21400 0.000000000657 
0.21450 0.000000000620 
0.21500 0.000000000584 
0.21550 0.000000000552 
0.21600 0.000000000521 
0.21650 0.000000000490 
0.21700 0.000000000458 
0.21750 0.000000000432 
0.21800 0.000000000406 
0.21850 0.000000000380 
0.21900 0.000000000353 
0.21950 0.000000000331 
0.22000 0.000000000309 
0.22050 0.000000000287 
0.22100 0.000000000266 
0.22150 0.000000000247 
0.22200 0.000000000229 
0.22250 0.000000000211 
0.22300 0.000000000193 
0.22350 0.000000000178 
0.22400 0.000000000163 
0.22450 0.000000000148 
0.22500 0.000000000134 
0.22550 0.000000000122 
0.22600 0.000000000110 
0.22650 0.000000000098 
0.22700 0.000000000087 
0.22750 0.000000000078 
0.22800 0.000000000068 
0.22850 0.000000000059 
0.22900 0.000000000051 
0.22950 0.000000000044 
0.23000 0.000000000037 
0.23050 0.000000000030 
0.23100 0.000000000025 
0.23150 0.000000000020 
0.23200 0.000000000015 
0.23250 0.000000000011 
0.23300 0.000000000008 
0.23350 0.000000000005 
