0.00000 166.911200000000 
0.00050 144.022600000000 
0.00100 121.134000000000 
0.00150 98.245200000000 
0.00200 75.356600000000 
0.00250 60.705800000000 
0.00300 48.512800000000 
0.00350 39.117000000000 
0.00400 32.308000000000 
0.00450 26.036800000000 
0.00500 22.076600000000 
0.00550 18.116580000000 
0.00600 15.394760000000 
0.00650 13.011760000000 
0.00700 10.914500000000 
0.00750 9.438520000000 
0.00800 7.962520000000 
0.00850 6.909160000000 
0.00900 5.972000000000 
0.00950 5.100200000000 
0.01000 4.492200000000 
0.01050 3.884220000000 
0.01100 3.392120000000 
0.01150 2.990140000000 
0.01200 2.588180000000 
0.01250 2.302240000000 
0.01300 2.031980000000 
0.01350 1.775248000000 
0.01400 1.590820000000 
0.01450 1.406392000000 
0.01500 1.244490000000 
0.01550 1.116934000000 
0.01600 0.989376000000 
0.01650 0.884770000000 
0.01700 0.795474000000 
0.01750 0.706176000000 
0.01800 0.637018000000 
0.01850 0.573816000000 
0.01900 0.510614000000 
0.01950 0.463890000000 
0.02000 0.418706000000 
0.02050 0.373904000000 
0.02100 0.341306000000 
0.02150 0.308710000000 
0.02200 0.277188000000 
0.02250 0.253472000000 
0.02300 0.229758000000 
0.02350 0.207238000000 
0.02400 0.189851400000 
0.02450 0.172465200000 
0.02500 0.156146800000 
0.02550 0.143309600000 
0.02600 0.130472200000 
0.02650 0.118493600000 
0.02700 0.108952600000 
0.02750 0.099411600000 
0.02800 0.090513400000 
0.02850 0.083379000000 
0.02900 0.076244400000 
0.02950 0.069562200000 
0.03000 0.064197000000 
0.03050 0.058831800000 
0.03100 0.053763600000 
0.03150 0.049707400000 
0.03200 0.045651400000 
0.03250 0.041772200000 
0.03300 0.038690800000 
0.03350 0.035609400000 
0.03400 0.032615200000 
0.03450 0.030263400000 
0.03500 0.027911600000 
0.03550 0.025583200000 
0.03600 0.023780400000 
0.03650 0.021977800000 
0.03700 0.020175200000 
0.03750 0.018766920000 
0.03800 0.017379560000 
0.03850 0.015992220000 
0.03900 0.014870480000 
0.03950 0.013798680000 
0.04000 0.012726860000 
0.04050 0.011828200000 
0.04100 0.010997180000 
0.04150 0.010166160000 
0.04200 0.009442420000 
0.04250 0.008795920000 
0.04300 0.008149400000 
0.04350 0.007563780000 
0.04400 0.007059180000 
0.04450 0.006554600000 
0.04500 0.006078700000 
0.04550 0.005683660000 
0.04600 0.005288620000 
0.04650 0.004900360000 
0.04700 0.004590200000 
0.04750 0.004280020000 
0.04800 0.003969860000 
0.04850 0.003717940000 
0.04900 0.003473740000 
0.04950 0.003229520000 
0.05000 0.003019840000 
0.05050 0.002827040000 
0.05100 0.002634260000 
0.05150 0.002459360000 
0.05200 0.002306760000 
0.05250 0.002154180000 
0.05300 0.002008000000 
0.05350 0.001886934000 
0.05400 0.001765870000 
0.05450 0.001644806000 
0.05500 0.001547200000 
0.05550 0.001450922000 
0.05600 0.001354642000 
0.05650 0.001271540000 
0.05700 0.001194796000 
0.05750 0.001118052000 
0.05800 0.001047286000 
0.05850 0.000985980000 
0.05900 0.000924674000 
0.05950 0.000864402000 
0.06000 0.000815322000 
0.06050 0.000766244000 
0.06100 0.000717164000 
0.06150 0.000675526000 
0.06200 0.000636154000 
0.06250 0.000596782000 
0.06300 0.000560754000 
0.06350 0.000529104000 
0.06400 0.000497456000 
0.06450 0.000466326000 
0.06500 0.000440836000 
0.06550 0.000415344000 
0.06600 0.000389854000 
0.06650 0.000367906000 
0.06700 0.000347336000 
0.06750 0.000326766000 
0.06800 0.000307536000 
0.06850 0.000290906000 
0.06900 0.000274276000 
0.06950 0.000257644000 
0.07000 0.000244002000 
0.07050 0.000230532000 
0.07100 0.000217062000 
0.07150 0.000204950000 
0.07200 0.000194020800 
0.07250 0.000183090600 
0.07300 0.000172385800 
0.07350 0.000163501000 
0.07400 0.000154616400 
0.07450 0.000145731600 
0.07500 0.000137952800 
0.07550 0.000130718200 
0.07600 0.000123483600 
0.07650 0.000116536200 
0.07700 0.000110635200 
0.07750 0.000104734200 
0.07800 0.000098833200 
0.07850 0.000093737600 
0.07900 0.000088916200 
0.07950 0.000084095000 
0.08000 0.000079503400 
0.08050 0.000075557600 
0.08100 0.000071612000 
0.08150 0.000067666400 
0.08200 0.000064264600 
0.08250 0.000061030400 
0.08300 0.000057796000 
0.08350 0.000054708200 
0.08400 0.000052052800 
0.08450 0.000049397400 
0.08500 0.000046742000 
0.08550 0.000044430000 
0.08600 0.000042246400 
0.08650 0.000040063000 
0.08700 0.000037952200 
0.08750 0.000036154000 
0.08800 0.000034355600 
0.08850 0.000032557400 
0.08900 0.000030960000 
0.08950 0.000029476600 
0.09000 0.000027993400 
0.09050 0.000026529000 
0.09100 0.000025303800 
0.09150 0.000024078400 
0.09200 0.000022853200 
0.09250 0.000021733000 
0.09300 0.000020719400 
0.09350 0.000019705680 
0.09400 0.000018692020 
0.09450 0.000017836340 
0.09500 0.000016996540 
0.09550 0.000016156740 
0.09600 0.000015361080 
0.09650 0.000014664320 
0.09700 0.000013967580 
0.09750 0.000013270820 
0.09800 0.000012656260 
0.09850 0.000012077380 
0.09900 0.000011498500 
0.09950 0.000010926920 
0.10000 0.000010445320 
0.10050 0.000009963720 
0.10100 0.000009482120 
0.10150 0.000009036040 
0.10200 0.000008634820 
0.10250 0.000008233620 
0.10300 0.000007832400 
0.10350 0.000007484320 
0.10400 0.000007149640 
0.10450 0.000006814960 
0.10500 0.000006488280 
0.10550 0.000006208740 
0.10600 0.000005929180 
0.10650 0.000005649640 
0.10700 0.000005392180 
0.10750 0.000005158380 
0.10800 0.000004924600 
0.10850 0.000004690800 
0.10900 0.000004487820 
0.10950 0.000004292060 
0.11000 0.000004096300 
0.11050 0.000003904600 
0.11100 0.000003740500 
0.11150 0.000003576380 
0.11200 0.000003412260 
0.11250 0.000003259700 
0.11300 0.000003121940 
0.11350 0.000002984200 
0.11400 0.000002846460 
0.11450 0.000002724960 
0.11500 0.000002609220 
0.11550 0.000002493460 
0.11600 0.000002378280 
0.11650 0.000002280920 
0.11700 0.000002183540 
0.11750 0.000002086180 
0.11800 0.000001993656 
0.11850 0.000001911658 
0.11900 0.000001829662 
0.11950 0.000001747664 
0.12000 0.000001673274 
0.12050 0.000001604152 
0.12100 0.000001535028 
0.12150 0.000001465906 
0.12200 0.000001406050 
0.12250 0.000001347720 
0.12300 0.000001289390 
0.12350 0.000001232132 
0.12400 0.000001182862 
0.12450 0.000001133592 
0.12500 0.000001084322 
0.12550 0.000001037870 
0.12600 0.000000996214 
0.12650 0.000000954558 
0.12700 0.000000912902 
0.12750 0.000000875178 
0.12800 0.000000839928 
0.12850 0.000000804678 
0.12900 0.000000769428 
0.12950 0.000000738760 
0.13000 0.000000708906 
0.13050 0.000000679050 
0.13100 0.000000649544 
0.13150 0.000000624238 
0.13200 0.000000598932 
0.13250 0.000000573624 
0.13300 0.000000549454 
0.13350 0.000000527986 
0.13400 0.000000506518 
0.13450 0.000000485050 
0.13500 0.000000465224 
0.13550 0.000000446998 
0.13600 0.000000428772 
0.13650 0.000000410548 
0.13700 0.000000394264 
0.13750 0.000000378782 
0.13800 0.000000363298 
0.13850 0.000000347814 
0.13900 0.000000334424 
0.13950 0.000000321262 
0.14000 0.000000308098 
0.14050 0.000000295104 
0.14100 0.000000283908 
0.14150 0.000000272710 
0.14200 0.000000261514 
0.14250 0.000000250750 
0.14300 0.000000241220 
0.14350 0.000000231688 
0.14400 0.000000222158 
0.14450 0.000000213230 
0.14500 0.000000205112 
0.14550 0.000000196995 
0.14600 0.000000188878 
0.14650 0.000000181458 
0.14700 0.000000174542 
0.14750 0.000000167625 
0.14800 0.000000160708 
0.14850 0.000000154532 
0.14900 0.000000148636 
0.14950 0.000000142740 
0.15000 0.000000136843 
0.15050 0.000000131692 
0.15100 0.000000126663 
0.15150 0.000000121634 
0.15200 0.000000116605 
0.15250 0.000000112301 
0.15300 0.000000108010 
0.15350 0.000000103719 
0.15400 0.000000099486 
0.15450 0.000000095824 
0.15500 0.000000092161 
0.15550 0.000000088499 
0.15600 0.000000084939 
0.15650 0.000000081812 
0.15700 0.000000078685 
0.15750 0.000000075558 
0.15800 0.000000072557 
0.15850 0.000000069885 
0.15900 0.000000067214 
0.15950 0.000000064543 
0.16000 0.000000062008 
0.16050 0.000000059726 
0.16100 0.000000057444 
0.16150 0.000000055162 
0.16200 0.000000053016 
0.16250 0.000000051066 
0.16300 0.000000049115 
0.16350 0.000000047165 
0.16400 0.000000045344 
0.16450 0.000000043677 
0.16500 0.000000042010 
0.16550 0.000000040343 
0.16600 0.000000038795 
0.16650 0.000000037370 
0.16700 0.000000035945 
0.16750 0.000000034520 
0.16800 0.000000033200 
0.16850 0.000000031981 
0.16900 0.000000030763 
0.16950 0.000000029544 
0.17000 0.000000028416 
0.17050 0.000000027374 
0.17100 0.000000026332 
0.17150 0.000000025290 
0.17200 0.000000024324 
0.17250 0.000000023432 
0.17300 0.000000022541 
0.17350 0.000000021650 
0.17400 0.000000020819 
0.17450 0.000000020057 
0.17500 0.000000019295 
0.17550 0.000000018532 
0.17600 0.000000017818 
0.17650 0.000000017166 
0.17700 0.000000016514 
0.17750 0.000000015862 
0.17800 0.000000015246 
0.17850 0.000000014688 
0.17900 0.000000014131 
0.17950 0.000000013573 
0.18000 0.000000013040 
0.18050 0.000000012563 
0.18100 0.000000012086 
0.18150 0.000000011609 
0.18200 0.000000011147 
0.18250 0.000000010739 
0.18300 0.000000010331 
0.18350 0.000000009923 
0.18400 0.000000009522 
0.18450 0.000000009173 
0.18500 0.000000008824 
0.18550 0.000000008475 
0.18600 0.000000008127 
0.18650 0.000000007829 
0.18700 0.000000007530 
0.18750 0.000000007232 
0.18800 0.000000006933 
0.18850 0.000000006673 
0.18900 0.000000006418 
0.18950 0.000000006163 
0.19000 0.000000005908 
0.19050 0.000000005681 
0.19100 0.000000005463 
0.19150 0.000000005245 
0.19200 0.000000005027 
0.19250 0.000000004828 
0.19300 0.000000004641 
0.19350 0.000000004455 
0.19400 0.000000004268 
0.19450 0.000000004094 
0.19500 0.000000003935 
0.19550 0.000000003776 
0.19600 0.000000003616 
0.19650 0.000000003464 
0.19700 0.000000003328 
0.19750 0.000000003192 
0.19800 0.000000003056 
0.19850 0.000000002923 
0.19900 0.000000002806 
0.19950 0.000000002690 
0.20000 0.000000002574 
0.20050 0.000000002458 
0.20100 0.000000002358 
0.20150 0.000000002259 
0.20200 0.000000002160 
0.20250 0.000000002061 
0.20300 0.000000001973 
0.20350 0.000000001889 
0.20400 0.000000001804 
0.20450 0.000000001720 
0.20500 0.000000001644 
0.20550 0.000000001572 
0.20600 0.000000001499 
0.20650 0.000000001427 
0.20700 0.000000001361 
0.20750 0.000000001300 
0.20800 0.000000001238 
0.20850 0.000000001177 
0.20900 0.000000001119 
0.20950 0.000000001067 
0.21000 0.000000001015 
0.21050 0.000000000963 
0.21100 0.000000000913 
0.21150 0.000000000869 
0.21200 0.000000000824 
0.21250 0.000000000780 
0.21300 0.000000000737 
0.21350 0.000000000700 
0.21400 0.000000000662 
0.21450 0.000000000625 
0.21500 0.000000000588 
0.21550 0.000000000556 
0.21600 0.000000000525 
0.21650 0.000000000493 
0.21700 0.000000000462 
0.21750 0.000000000435 
0.21800 0.000000000409 
0.21850 0.000000000382 
0.21900 0.000000000356 
0.21950 0.000000000334 
0.22000 0.000000000312 
0.22050 0.000000000290 
0.22100 0.000000000268 
0.22150 0.000000000249 
0.22200 0.000000000231 
0.22250 0.000000000212 
0.22300 0.000000000195 
0.22350 0.000000000180 
0.22400 0.000000000165 
0.22450 0.000000000149 
0.22500 0.000000000135 
0.22550 0.000000000123 
0.22600 0.000000000111 
0.22650 0.000000000099 
0.22700 0.000000000088 
0.22750 0.000000000078 
0.22800 0.000000000069 
0.22850 0.000000000059 
0.22900 0.000000000052 
0.22950 0.000000000044 
0.23000 0.000000000037 
0.23050 0.000000000030 
0.23100 0.000000000025 
0.23150 0.000000000020 
0.23200 0.000000000015 
0.23250 0.000000000011 
0.23300 0.000000000008 
0.23350 0.000000000005 
