0.00000 168.178800000000 
0.00050 145.116400000000 
0.00100 122.053800000000 
0.00150 98.991400000000 
0.00200 75.928800000000 
0.00250 61.166800000000 
0.00300 48.881200000000 
0.00350 39.414000000000 
0.00400 32.553200000000 
0.00450 26.234400000000 
0.00500 22.244400000000 
0.00550 18.254160000000 
0.00600 15.511660000000 
0.00650 13.110580000000 
0.00700 10.997380000000 
0.00750 9.510180000000 
0.00800 8.022980000000 
0.00850 6.961640000000 
0.00900 6.017360000000 
0.00950 5.138940000000 
0.01000 4.526320000000 
0.01050 3.913700000000 
0.01100 3.417880000000 
0.01150 3.012860000000 
0.01200 2.607820000000 
0.01250 2.319720000000 
0.01300 2.047420000000 
0.01350 1.788728000000 
0.01400 1.602900000000 
0.01450 1.417072000000 
0.01500 1.253942000000 
0.01550 1.125416000000 
0.01600 0.996890000000 
0.01650 0.891490000000 
0.01700 0.801514000000 
0.01750 0.711538000000 
0.01800 0.641856000000 
0.01850 0.578174000000 
0.01900 0.514490000000 
0.01950 0.467412000000 
0.02000 0.421886000000 
0.02050 0.376744000000 
0.02100 0.343898000000 
0.02150 0.311054000000 
0.02200 0.279292000000 
0.02250 0.255398000000 
0.02300 0.231504000000 
0.02350 0.208812000000 
0.02400 0.191293200000 
0.02450 0.173775000000 
0.02500 0.157332600000 
0.02550 0.144397800000 
0.02600 0.131463200000 
0.02650 0.119393400000 
0.02700 0.109780000000 
0.02750 0.100166600000 
0.02800 0.091200800000 
0.02850 0.084012200000 
0.02900 0.076823400000 
0.02950 0.070090600000 
0.03000 0.064684600000 
0.03050 0.059278600000 
0.03100 0.054171800000 
0.03150 0.050085000000 
0.03200 0.045998200000 
0.03250 0.042089400000 
0.03300 0.038984600000 
0.03350 0.035879800000 
0.03400 0.032862800000 
0.03450 0.030493200000 
0.03500 0.028123600000 
0.03550 0.025777400000 
0.03600 0.023961000000 
0.03650 0.022144800000 
0.03700 0.020328400000 
0.03750 0.018909440000 
0.03800 0.017511540000 
0.03850 0.016113660000 
0.03900 0.014983400000 
0.03950 0.013903460000 
0.04000 0.012823520000 
0.04050 0.011918020000 
0.04100 0.011080700000 
0.04150 0.010243380000 
0.04200 0.009514140000 
0.04250 0.008862720000 
0.04300 0.008211300000 
0.04350 0.007621220000 
0.04400 0.007112800000 
0.04450 0.006604360000 
0.04500 0.006124860000 
0.04550 0.005726820000 
0.04600 0.005328780000 
0.04650 0.004937580000 
0.04700 0.004625060000 
0.04750 0.004312520000 
0.04800 0.004000000000 
0.04850 0.003746180000 
0.04900 0.003500120000 
0.04950 0.003254040000 
0.05000 0.003042780000 
0.05050 0.002848520000 
0.05100 0.002654260000 
0.05150 0.002478020000 
0.05200 0.002324280000 
0.05250 0.002170540000 
0.05300 0.002023240000 
0.05350 0.001901262000 
0.05400 0.001779280000 
0.05450 0.001657296000 
0.05500 0.001558950000 
0.05550 0.001461940000 
0.05600 0.001364930000 
0.05650 0.001281196000 
0.05700 0.001203870000 
0.05750 0.001126544000 
0.05800 0.001055240000 
0.05850 0.000993468000 
0.05900 0.000931696000 
0.05950 0.000870966000 
0.06000 0.000821514000 
0.06050 0.000772062000 
0.06100 0.000722610000 
0.06150 0.000680656000 
0.06200 0.000640984000 
0.06250 0.000601314000 
0.06300 0.000565012000 
0.06350 0.000533122000 
0.06400 0.000501234000 
0.06450 0.000469866000 
0.06500 0.000444182000 
0.06550 0.000418498000 
0.06600 0.000392814000 
0.06650 0.000370700000 
0.06700 0.000349974000 
0.06750 0.000329248000 
0.06800 0.000309872000 
0.06850 0.000293114000 
0.06900 0.000276358000 
0.06950 0.000259602000 
0.07000 0.000245854000 
0.07050 0.000232282000 
0.07100 0.000218710000 
0.07150 0.000206508000 
0.07200 0.000195494200 
0.07250 0.000184481000 
0.07300 0.000173695000 
0.07350 0.000164742800 
0.07400 0.000155790600 
0.07450 0.000146838400 
0.07500 0.000139000400 
0.07550 0.000131710800 
0.07600 0.000124421200 
0.07650 0.000117421000 
0.07700 0.000111475200 
0.07750 0.000105529400 
0.07800 0.000099583600 
0.07850 0.000094449400 
0.07900 0.000089591400 
0.07950 0.000084733600 
0.08000 0.000080107000 
0.08050 0.000076131400 
0.08100 0.000072155800 
0.08150 0.000068180200 
0.08200 0.000064752600 
0.08250 0.000061493800 
0.08300 0.000058235000 
0.08350 0.000055123600 
0.08400 0.000052448000 
0.08450 0.000049772600 
0.08500 0.000047097000 
0.08550 0.000044767400 
0.08600 0.000042567200 
0.08650 0.000040367200 
0.08700 0.000038240400 
0.08750 0.000036428600 
0.08800 0.000034616600 
0.08850 0.000032804600 
0.08900 0.000031195000 
0.08950 0.000029700400 
0.09000 0.000028206000 
0.09050 0.000026730400 
0.09100 0.000025495800 
0.09150 0.000024261200 
0.09200 0.000023026600 
0.09250 0.000021898000 
0.09300 0.000020876600 
0.09350 0.000019855340 
0.09400 0.000018833980 
0.09450 0.000017971800 
0.09500 0.000017125620 
0.09550 0.000016279440 
0.09600 0.000015477740 
0.09650 0.000014775680 
0.09700 0.000014073640 
0.09750 0.000013371600 
0.09800 0.000012752380 
0.09850 0.000012169100 
0.09900 0.000011585820 
0.09950 0.000011009900 
0.10000 0.000010524640 
0.10050 0.000010039380 
0.10100 0.000009554120 
0.10150 0.000009104660 
0.10200 0.000008700400 
0.10250 0.000008296140 
0.10300 0.000007891880 
0.10350 0.000007541160 
0.10400 0.000007203940 
0.10450 0.000006866700 
0.10500 0.000006537560 
0.10550 0.000006255880 
0.10600 0.000005974220 
0.10650 0.000005692540 
0.10700 0.000005433120 
0.10750 0.000005197560 
0.10800 0.000004962000 
0.10850 0.000004726420 
0.10900 0.000004521900 
0.10950 0.000004324660 
0.11000 0.000004127400 
0.11050 0.000003934260 
0.11100 0.000003768900 
0.11150 0.000003603540 
0.11200 0.000003438180 
0.11250 0.000003284440 
0.11300 0.000003145660 
0.11350 0.000003006860 
0.11400 0.000002868060 
0.11450 0.000002745660 
0.11500 0.000002629020 
0.11550 0.000002512400 
0.11600 0.000002396340 
0.11650 0.000002298240 
0.11700 0.000002200140 
0.11750 0.000002102020 
0.11800 0.000002008800 
0.11850 0.000001926176 
0.11900 0.000001843556 
0.11950 0.000001760936 
0.12000 0.000001685982 
0.12050 0.000001616334 
0.12100 0.000001546686 
0.12150 0.000001477038 
0.12200 0.000001416728 
0.12250 0.000001357954 
0.12300 0.000001299182 
0.12350 0.000001241490 
0.12400 0.000001191846 
0.12450 0.000001142200 
0.12500 0.000001092556 
0.12550 0.000001045752 
0.12600 0.000001003780 
0.12650 0.000000961808 
0.12700 0.000000919836 
0.12750 0.000000881824 
0.12800 0.000000846306 
0.12850 0.000000810790 
0.12900 0.000000775272 
0.12950 0.000000744370 
0.13000 0.000000714288 
0.13050 0.000000684206 
0.13100 0.000000654476 
0.13150 0.000000628978 
0.13200 0.000000603480 
0.13250 0.000000577982 
0.13300 0.000000553626 
0.13350 0.000000531996 
0.13400 0.000000510364 
0.13450 0.000000488734 
0.13500 0.000000468756 
0.13550 0.000000450392 
0.13600 0.000000432028 
0.13650 0.000000413664 
0.13700 0.000000397258 
0.13750 0.000000381658 
0.13800 0.000000366058 
0.13850 0.000000350456 
0.13900 0.000000336964 
0.13950 0.000000323700 
0.14000 0.000000310438 
0.14050 0.000000297346 
0.14100 0.000000286064 
0.14150 0.000000274782 
0.14200 0.000000263498 
0.14250 0.000000252654 
0.14300 0.000000243052 
0.14350 0.000000233448 
0.14400 0.000000223846 
0.14450 0.000000214848 
0.14500 0.000000206670 
0.14550 0.000000198491 
0.14600 0.000000190313 
0.14650 0.000000182836 
0.14700 0.000000175867 
0.14750 0.000000168898 
0.14800 0.000000161929 
0.14850 0.000000155706 
0.14900 0.000000149765 
0.14950 0.000000143823 
0.15000 0.000000137882 
0.15050 0.000000132692 
0.15100 0.000000127625 
0.15150 0.000000122558 
0.15200 0.000000117491 
0.15250 0.000000113154 
0.15300 0.000000108830 
0.15350 0.000000104507 
0.15400 0.000000100242 
0.15450 0.000000096551 
0.15500 0.000000092861 
0.15550 0.000000089171 
0.15600 0.000000085584 
0.15650 0.000000082433 
0.15700 0.000000079282 
0.15750 0.000000076131 
0.15800 0.000000073108 
0.15850 0.000000070416 
0.15900 0.000000067724 
0.15950 0.000000065033 
0.16000 0.000000062479 
0.16050 0.000000060179 
0.16100 0.000000057880 
0.16150 0.000000055580 
0.16200 0.000000053418 
0.16250 0.000000051453 
0.16300 0.000000049488 
0.16350 0.000000047523 
0.16400 0.000000045689 
0.16450 0.000000044009 
0.16500 0.000000042329 
0.16550 0.000000040650 
0.16600 0.000000039089 
0.16650 0.000000037654 
0.16700 0.000000036218 
0.16750 0.000000034782 
0.16800 0.000000033452 
0.16850 0.000000032224 
0.16900 0.000000030996 
0.16950 0.000000029769 
0.17000 0.000000028632 
0.17050 0.000000027582 
0.17100 0.000000026532 
0.17150 0.000000025482 
0.17200 0.000000024508 
0.17250 0.000000023610 
0.17300 0.000000022712 
0.17350 0.000000021814 
0.17400 0.000000020978 
0.17450 0.000000020209 
0.17500 0.000000019441 
0.17550 0.000000018673 
0.17600 0.000000017953 
0.17650 0.000000017296 
0.17700 0.000000016639 
0.17750 0.000000015983 
0.17800 0.000000015362 
0.17850 0.000000014800 
0.17900 0.000000014238 
0.17950 0.000000013676 
0.18000 0.000000013139 
0.18050 0.000000012659 
0.18100 0.000000012178 
0.18150 0.000000011697 
0.18200 0.000000011232 
0.18250 0.000000010821 
0.18300 0.000000010409 
0.18350 0.000000009998 
0.18400 0.000000009594 
0.18450 0.000000009243 
0.18500 0.000000008891 
0.18550 0.000000008540 
0.18600 0.000000008189 
0.18650 0.000000007888 
0.18700 0.000000007587 
0.18750 0.000000007287 
0.18800 0.000000006986 
0.18850 0.000000006724 
0.18900 0.000000006467 
0.18950 0.000000006210 
0.19000 0.000000005953 
0.19050 0.000000005724 
0.19100 0.000000005504 
0.19150 0.000000005285 
0.19200 0.000000005065 
0.19250 0.000000004864 
0.19300 0.000000004677 
0.19350 0.000000004489 
0.19400 0.000000004301 
0.19450 0.000000004125 
0.19500 0.000000003965 
0.19550 0.000000003804 
0.19600 0.000000003644 
0.19650 0.000000003490 
0.19700 0.000000003353 
0.19750 0.000000003216 
0.19800 0.000000003079 
0.19850 0.000000002945 
0.19900 0.000000002828 
0.19950 0.000000002711 
0.20000 0.000000002594 
0.20050 0.000000002477 
0.20100 0.000000002376 
0.20150 0.000000002276 
0.20200 0.000000002176 
0.20250 0.000000002076 
0.20300 0.000000001988 
0.20350 0.000000001903 
0.20400 0.000000001818 
0.20450 0.000000001733 
0.20500 0.000000001656 
0.20550 0.000000001583 
0.20600 0.000000001511 
0.20650 0.000000001438 
0.20700 0.000000001371 
0.20750 0.000000001309 
0.20800 0.000000001248 
0.20850 0.000000001186 
0.20900 0.000000001128 
0.20950 0.000000001075 
0.21000 0.000000001023 
0.21050 0.000000000970 
0.21100 0.000000000920 
0.21150 0.000000000875 
0.21200 0.000000000831 
0.21250 0.000000000786 
0.21300 0.000000000742 
0.21350 0.000000000705 
0.21400 0.000000000667 
0.21450 0.000000000630 
0.21500 0.000000000592 
0.21550 0.000000000561 
0.21600 0.000000000529 
0.21650 0.000000000497 
0.21700 0.000000000465 
0.21750 0.000000000439 
0.21800 0.000000000412 
0.21850 0.000000000385 
0.21900 0.000000000359 
0.21950 0.000000000336 
0.22000 0.000000000314 
0.22050 0.000000000292 
0.22100 0.000000000270 
0.22150 0.000000000251 
0.22200 0.000000000233 
0.22250 0.000000000214 
0.22300 0.000000000196 
0.22350 0.000000000181 
0.22400 0.000000000166 
0.22450 0.000000000151 
0.22500 0.000000000136 
0.22550 0.000000000124 
0.22600 0.000000000112 
0.22650 0.000000000100 
0.22700 0.000000000089 
0.22750 0.000000000079 
0.22800 0.000000000069 
0.22850 0.000000000060 
0.22900 0.000000000052 
0.22950 0.000000000045 
0.23000 0.000000000037 
0.23050 0.000000000031 
0.23100 0.000000000025 
0.23150 0.000000000020 
0.23200 0.000000000015 
0.23250 0.000000000012 
0.23300 0.000000000008 
0.23350 0.000000000005 
