0.00000 169.485600000000 
0.00050 146.244000000000 
0.00100 123.002200000000 
0.00150 99.760600000000 
0.00200 76.518800000000 
0.00250 61.642200000000 
0.00300 49.261200000000 
0.00350 39.720400000000 
0.00400 32.806200000000 
0.00450 26.438400000000 
0.00500 22.417200000000 
0.00550 18.396020000000 
0.00600 15.632200000000 
0.00650 13.212460000000 
0.00700 11.082840000000 
0.00750 9.584100000000 
0.00800 8.085340000000 
0.00850 7.015720000000 
0.00900 6.064120000000 
0.00950 5.178880000000 
0.01000 4.561500000000 
0.01050 3.944120000000 
0.01100 3.444440000000 
0.01150 3.036260000000 
0.01200 2.628100000000 
0.01250 2.337740000000 
0.01300 2.063320000000 
0.01350 1.802630000000 
0.01400 1.615356000000 
0.01450 1.428084000000 
0.01500 1.263686000000 
0.01550 1.134162000000 
0.01600 1.004636000000 
0.01650 0.898418000000 
0.01700 0.807742000000 
0.01750 0.717068000000 
0.01800 0.646844000000 
0.01850 0.582666000000 
0.01900 0.518488000000 
0.01950 0.471044000000 
0.02000 0.425164000000 
0.02050 0.379670000000 
0.02100 0.346572000000 
0.02150 0.313472000000 
0.02200 0.281462000000 
0.02250 0.257382000000 
0.02300 0.233302000000 
0.02350 0.210434000000 
0.02400 0.192779600000 
0.02450 0.175125400000 
0.02500 0.158555200000 
0.02550 0.145520000000 
0.02600 0.132484800000 
0.02650 0.120321200000 
0.02700 0.110633000000 
0.02750 0.100945000000 
0.02800 0.091909400000 
0.02850 0.084665000000 
0.02900 0.077420400000 
0.02950 0.070635200000 
0.03000 0.065187200000 
0.03050 0.059739200000 
0.03100 0.054592800000 
0.03150 0.050474200000 
0.03200 0.046355600000 
0.03250 0.042416400000 
0.03300 0.039287400000 
0.03350 0.036158600000 
0.03400 0.033118200000 
0.03450 0.030730200000 
0.03500 0.028342200000 
0.03550 0.025977800000 
0.03600 0.024147200000 
0.03650 0.022316800000 
0.03700 0.020486400000 
0.03750 0.019056380000 
0.03800 0.017647620000 
0.03850 0.016238880000 
0.03900 0.015099840000 
0.03950 0.014011500000 
0.04000 0.012923160000 
0.04050 0.012010640000 
0.04100 0.011166800000 
0.04150 0.010322980000 
0.04200 0.009588060000 
0.04250 0.008931580000 
0.04300 0.008275100000 
0.04350 0.007680440000 
0.04400 0.007168060000 
0.04450 0.006655700000 
0.04500 0.006172440000 
0.04550 0.005771320000 
0.04600 0.005370180000 
0.04650 0.004975940000 
0.04700 0.004661000000 
0.04750 0.004346040000 
0.04800 0.004031080000 
0.04850 0.003775280000 
0.04900 0.003527300000 
0.04950 0.003279340000 
0.05000 0.003066420000 
0.05050 0.002870660000 
0.05100 0.002674880000 
0.05150 0.002497280000 
0.05200 0.002342340000 
0.05250 0.002187400000 
0.05300 0.002038960000 
0.05350 0.001916038000 
0.05400 0.001793106000 
0.05450 0.001670176000 
0.05500 0.001571064000 
0.05550 0.001473300000 
0.05600 0.001375536000 
0.05650 0.001291152000 
0.05700 0.001213224000 
0.05750 0.001135298000 
0.05800 0.001063440000 
0.05850 0.001001188000 
0.05900 0.000938936000 
0.05950 0.000877734000 
0.06000 0.000827898000 
0.06050 0.000778062000 
0.06100 0.000728226000 
0.06150 0.000685944000 
0.06200 0.000645966000 
0.06250 0.000605986000 
0.06300 0.000569402000 
0.06350 0.000537266000 
0.06400 0.000505128000 
0.06450 0.000473518000 
0.06500 0.000447634000 
0.06550 0.000421750000 
0.06600 0.000395868000 
0.06650 0.000373580000 
0.06700 0.000352692000 
0.06750 0.000331806000 
0.06800 0.000312280000 
0.06850 0.000295392000 
0.06900 0.000278506000 
0.06950 0.000261618000 
0.07000 0.000247766000 
0.07050 0.000234088000 
0.07100 0.000220410000 
0.07150 0.000208112000 
0.07200 0.000197013200 
0.07250 0.000185914600 
0.07300 0.000175044800 
0.07350 0.000166023000 
0.07400 0.000157001200 
0.07450 0.000147979400 
0.07500 0.000140080600 
0.07550 0.000132734400 
0.07600 0.000125388200 
0.07650 0.000118333600 
0.07700 0.000112341600 
0.07750 0.000106349600 
0.07800 0.000100357600 
0.07850 0.000095183400 
0.07900 0.000090287800 
0.07950 0.000085392000 
0.08000 0.000080729600 
0.08050 0.000076723000 
0.08100 0.000072716600 
0.08150 0.000068710200 
0.08200 0.000065255800 
0.08250 0.000061971600 
0.08300 0.000058687600 
0.08350 0.000055552000 
0.08400 0.000052855600 
0.08450 0.000050159400 
0.08500 0.000047463000 
0.08550 0.000045115200 
0.08600 0.000042898000 
0.08650 0.000040680800 
0.08700 0.000038537600 
0.08750 0.000036711600 
0.08800 0.000034885600 
0.08850 0.000033059600 
0.08900 0.000031437400 
0.08950 0.000029931200 
0.09000 0.000028425200 
0.09050 0.000026938200 
0.09100 0.000025694000 
0.09150 0.000024449800 
0.09200 0.000023205600 
0.09250 0.000022068200 
0.09300 0.000021039000 
0.09350 0.000020009600 
0.09400 0.000018980340 
0.09450 0.000018111440 
0.09500 0.000017258700 
0.09550 0.000016405940 
0.09600 0.000015598000 
0.09650 0.000014890520 
0.09700 0.000014183020 
0.09750 0.000013475520 
0.09800 0.000012851480 
0.09850 0.000012263660 
0.09900 0.000011675860 
0.09950 0.000011095460 
0.10000 0.000010606420 
0.10050 0.000010117400 
0.10100 0.000009628360 
0.10150 0.000009175420 
0.10200 0.000008768000 
0.10250 0.000008360600 
0.10300 0.000007953200 
0.10350 0.000007599760 
0.10400 0.000007259920 
0.10450 0.000006920060 
0.10500 0.000006588360 
0.10550 0.000006304500 
0.10600 0.000006020640 
0.10650 0.000005736780 
0.10700 0.000005475340 
0.10750 0.000005237940 
0.10800 0.000005000560 
0.10850 0.000004763160 
0.10900 0.000004557040 
0.10950 0.000004358260 
0.11000 0.000004159480 
0.11050 0.000003964840 
0.11100 0.000003798180 
0.11150 0.000003631540 
0.11200 0.000003464880 
0.11250 0.000003309960 
0.11300 0.000003170100 
0.11350 0.000003030220 
0.11400 0.000002890360 
0.11450 0.000002766980 
0.11500 0.000002649460 
0.11550 0.000002531920 
0.11600 0.000002414980 
0.11650 0.000002316100 
0.11700 0.000002217220 
0.11750 0.000002118360 
0.11800 0.000002024400 
0.11850 0.000001941144 
0.11900 0.000001857882 
0.11950 0.000001774620 
0.12000 0.000001699084 
0.12050 0.000001628894 
0.12100 0.000001558704 
0.12150 0.000001488516 
0.12200 0.000001427738 
0.12250 0.000001368508 
0.12300 0.000001309278 
0.12350 0.000001251138 
0.12400 0.000001201106 
0.12450 0.000001151076 
0.12500 0.000001101046 
0.12550 0.000001053878 
0.12600 0.000001011580 
0.12650 0.000000969282 
0.12700 0.000000926984 
0.12750 0.000000888676 
0.12800 0.000000852884 
0.12850 0.000000817090 
0.12900 0.000000781296 
0.12950 0.000000750154 
0.13000 0.000000719840 
0.13050 0.000000689524 
0.13100 0.000000659562 
0.13150 0.000000633866 
0.13200 0.000000608170 
0.13250 0.000000582472 
0.13300 0.000000557928 
0.13350 0.000000536130 
0.13400 0.000000514330 
0.13450 0.000000492532 
0.13500 0.000000472400 
0.13550 0.000000453892 
0.13600 0.000000435386 
0.13650 0.000000416880 
0.13700 0.000000400346 
0.13750 0.000000384624 
0.13800 0.000000368902 
0.13850 0.000000353180 
0.13900 0.000000339582 
0.13950 0.000000326216 
0.14000 0.000000312850 
0.14050 0.000000299656 
0.14100 0.000000288286 
0.14150 0.000000276916 
0.14200 0.000000265546 
0.14250 0.000000254618 
0.14300 0.000000244940 
0.14350 0.000000235262 
0.14400 0.000000225584 
0.14450 0.000000216518 
0.14500 0.000000208276 
0.14550 0.000000200034 
0.14600 0.000000191791 
0.14650 0.000000184257 
0.14700 0.000000177234 
0.14750 0.000000170210 
0.14800 0.000000163187 
0.14850 0.000000156916 
0.14900 0.000000150928 
0.14950 0.000000144941 
0.15000 0.000000138954 
0.15050 0.000000133724 
0.15100 0.000000128617 
0.15150 0.000000123510 
0.15200 0.000000118404 
0.15250 0.000000114033 
0.15300 0.000000109676 
0.15350 0.000000105319 
0.15400 0.000000101021 
0.15450 0.000000097302 
0.15500 0.000000093583 
0.15550 0.000000089864 
0.15600 0.000000086249 
0.15650 0.000000083074 
0.15700 0.000000079898 
0.15750 0.000000076723 
0.15800 0.000000073676 
0.15850 0.000000070963 
0.15900 0.000000068251 
0.15950 0.000000065538 
0.16000 0.000000062964 
0.16050 0.000000060647 
0.16100 0.000000058330 
0.16150 0.000000056012 
0.16200 0.000000053834 
0.16250 0.000000051853 
0.16300 0.000000049873 
0.16350 0.000000047893 
0.16400 0.000000046044 
0.16450 0.000000044351 
0.16500 0.000000042658 
0.16550 0.000000040966 
0.16600 0.000000039393 
0.16650 0.000000037946 
0.16700 0.000000036500 
0.16750 0.000000035053 
0.16800 0.000000033712 
0.16850 0.000000032475 
0.16900 0.000000031237 
0.16950 0.000000030000 
0.17000 0.000000028854 
0.17050 0.000000027796 
0.17100 0.000000026738 
0.17150 0.000000025680 
0.17200 0.000000024699 
0.17250 0.000000023794 
0.17300 0.000000022889 
0.17350 0.000000021984 
0.17400 0.000000021141 
0.17450 0.000000020366 
0.17500 0.000000019592 
0.17550 0.000000018818 
0.17600 0.000000018093 
0.17650 0.000000017431 
0.17700 0.000000016769 
0.17750 0.000000016107 
0.17800 0.000000015481 
0.17850 0.000000014915 
0.17900 0.000000014349 
0.17950 0.000000013783 
0.18000 0.000000013241 
0.18050 0.000000012757 
0.18100 0.000000012272 
0.18150 0.000000011788 
0.18200 0.000000011319 
0.18250 0.000000010905 
0.18300 0.000000010490 
0.18350 0.000000010076 
0.18400 0.000000009669 
0.18450 0.000000009315 
0.18500 0.000000008960 
0.18550 0.000000008606 
0.18600 0.000000008253 
0.18650 0.000000007950 
0.18700 0.000000007646 
0.18750 0.000000007343 
0.18800 0.000000007040 
0.18850 0.000000006776 
0.18900 0.000000006517 
0.18950 0.000000006258 
0.19000 0.000000005999 
0.19050 0.000000005769 
0.19100 0.000000005547 
0.19150 0.000000005326 
0.19200 0.000000005104 
0.19250 0.000000004902 
0.19300 0.000000004713 
0.19350 0.000000004524 
0.19400 0.000000004334 
0.19450 0.000000004158 
0.19500 0.000000003996 
0.19550 0.000000003834 
0.19600 0.000000003672 
0.19650 0.000000003518 
0.19700 0.000000003379 
0.19750 0.000000003241 
0.19800 0.000000003103 
0.19850 0.000000002968 
0.19900 0.000000002850 
0.19950 0.000000002732 
0.20000 0.000000002614 
0.20050 0.000000002496 
0.20100 0.000000002395 
0.20150 0.000000002294 
0.20200 0.000000002193 
0.20250 0.000000002092 
0.20300 0.000000002004 
0.20350 0.000000001918 
0.20400 0.000000001832 
0.20450 0.000000001746 
0.20500 0.000000001669 
0.20550 0.000000001596 
0.20600 0.000000001523 
0.20650 0.000000001449 
0.20700 0.000000001382 
0.20750 0.000000001320 
0.20800 0.000000001258 
0.20850 0.000000001195 
0.20900 0.000000001137 
0.20950 0.000000001084 
0.21000 0.000000001031 
0.21050 0.000000000978 
0.21100 0.000000000927 
0.21150 0.000000000882 
0.21200 0.000000000837 
0.21250 0.000000000792 
0.21300 0.000000000748 
0.21350 0.000000000710 
0.21400 0.000000000672 
0.21450 0.000000000634 
0.21500 0.000000000597 
0.21550 0.000000000565 
0.21600 0.000000000533 
0.21650 0.000000000501 
0.21700 0.000000000469 
0.21750 0.000000000442 
0.21800 0.000000000415 
0.21850 0.000000000388 
0.21900 0.000000000361 
0.21950 0.000000000339 
0.22000 0.000000000317 
0.22050 0.000000000294 
0.22100 0.000000000272 
0.22150 0.000000000253 
0.22200 0.000000000234 
0.22250 0.000000000216 
0.22300 0.000000000198 
0.22350 0.000000000182 
0.22400 0.000000000167 
0.22450 0.000000000152 
0.22500 0.000000000137 
0.22550 0.000000000125 
0.22600 0.000000000113 
0.22650 0.000000000100 
0.22700 0.000000000089 
0.22750 0.000000000080 
0.22800 0.000000000070 
0.22850 0.000000000060 
0.22900 0.000000000052 
0.22950 0.000000000045 
0.23000 0.000000000038 
0.23050 0.000000000031 
0.23100 0.000000000026 
0.23150 0.000000000020 
0.23200 0.000000000015 
0.23250 0.000000000012 
0.23300 0.000000000009 
0.23350 0.000000000005 
