0.00000 170.831800000000 
0.00050 147.405600000000 
0.00100 123.979200000000 
0.00150 100.553000000000 
0.00200 77.126600000000 
0.00250 62.131800000000 
0.00300 49.652400000000 
0.00350 40.035800000000 
0.00400 33.066800000000 
0.00450 26.648400000000 
0.00500 22.595200000000 
0.00550 18.542140000000 
0.00600 15.756380000000 
0.00650 13.317400000000 
0.00700 11.170880000000 
0.00750 9.660220000000 
0.00800 8.149560000000 
0.00850 7.071460000000 
0.00900 6.112280000000 
0.00950 5.220000000000 
0.01000 4.597720000000 
0.01050 3.975460000000 
0.01100 3.471800000000 
0.01150 3.060380000000 
0.01200 2.648960000000 
0.01250 2.356320000000 
0.01300 2.079720000000 
0.01350 1.816948000000 
0.01400 1.628188000000 
0.01450 1.439428000000 
0.01500 1.273722000000 
0.01550 1.143170000000 
0.01600 1.012616000000 
0.01650 0.905554000000 
0.01700 0.814158000000 
0.01750 0.722764000000 
0.01800 0.651982000000 
0.01850 0.587294000000 
0.01900 0.522608000000 
0.01950 0.474786000000 
0.02000 0.428542000000 
0.02050 0.382686000000 
0.02100 0.349324000000 
0.02150 0.315962000000 
0.02200 0.283698000000 
0.02250 0.259426000000 
0.02300 0.235156000000 
0.02350 0.212106000000 
0.02400 0.194310800000 
0.02450 0.176516400000 
0.02500 0.159814600000 
0.02550 0.146675800000 
0.02600 0.133537000000 
0.02650 0.121277000000 
0.02700 0.111511800000 
0.02750 0.101746600000 
0.02800 0.092639600000 
0.02850 0.085337400000 
0.02900 0.078035400000 
0.02950 0.071196200000 
0.03000 0.065705000000 
0.03050 0.060213800000 
0.03100 0.055026400000 
0.03150 0.050875000000 
0.03200 0.046723800000 
0.03250 0.042753400000 
0.03300 0.039599600000 
0.03350 0.036445800000 
0.03400 0.033381400000 
0.03450 0.030974400000 
0.03500 0.028567400000 
0.03550 0.026184000000 
0.03600 0.024339000000 
0.03650 0.022494000000 
0.03700 0.020649000000 
0.03750 0.019207740000 
0.03800 0.017787800000 
0.03850 0.016367860000 
0.03900 0.015219780000 
0.03950 0.014122800000 
0.04000 0.013025820000 
0.04050 0.012106040000 
0.04100 0.011255500000 
0.04150 0.010404960000 
0.04200 0.009664220000 
0.04250 0.009002520000 
0.04300 0.008340820000 
0.04350 0.007741460000 
0.04400 0.007225000000 
0.04450 0.006708560000 
0.04500 0.006221480000 
0.04550 0.005817160000 
0.04600 0.005412840000 
0.04650 0.005015480000 
0.04700 0.004698020000 
0.04750 0.004380560000 
0.04800 0.004063100000 
0.04850 0.003805280000 
0.04900 0.003555320000 
0.04950 0.003305380000 
0.05000 0.003090780000 
0.05050 0.002893460000 
0.05100 0.002696140000 
0.05150 0.002517120000 
0.05200 0.002360940000 
0.05250 0.002204780000 
0.05300 0.002055160000 
0.05350 0.001931256000 
0.05400 0.001807348000 
0.05450 0.001683440000 
0.05500 0.001583544000 
0.05550 0.001485002000 
0.05600 0.001386462000 
0.05650 0.001301408000 
0.05700 0.001222862000 
0.05750 0.001144316000 
0.05800 0.001071886000 
0.05850 0.001009140000 
0.05900 0.000946394000 
0.05950 0.000884706000 
0.06000 0.000834474000 
0.06050 0.000784242000 
0.06100 0.000734010000 
0.06150 0.000691394000 
0.06200 0.000651096000 
0.06250 0.000610800000 
0.06300 0.000573926000 
0.06350 0.000541534000 
0.06400 0.000509140000 
0.06450 0.000477280000 
0.06500 0.000451190000 
0.06550 0.000425100000 
0.06600 0.000399012000 
0.06650 0.000376548000 
0.06700 0.000355494000 
0.06750 0.000334442000 
0.06800 0.000314760000 
0.06850 0.000297738000 
0.06900 0.000280718000 
0.06950 0.000263696000 
0.07000 0.000249734000 
0.07050 0.000235946000 
0.07100 0.000222160000 
0.07150 0.000209766000 
0.07200 0.000198578200 
0.07250 0.000187391200 
0.07300 0.000176435000 
0.07350 0.000167341600 
0.07400 0.000158248200 
0.07450 0.000149154800 
0.07500 0.000141193200 
0.07550 0.000133788600 
0.07600 0.000126384000 
0.07650 0.000119273400 
0.07700 0.000113233800 
0.07750 0.000107194200 
0.07800 0.000101154600 
0.07850 0.000095939400 
0.07900 0.000091004800 
0.07950 0.000086070400 
0.08000 0.000081370800 
0.08050 0.000077332400 
0.08100 0.000073294200 
0.08150 0.000069255800 
0.08200 0.000065774200 
0.08250 0.000062463800 
0.08300 0.000059153600 
0.08350 0.000055993200 
0.08400 0.000053275400 
0.08450 0.000050557800 
0.08500 0.000047840000 
0.08550 0.000045473600 
0.08600 0.000043238800 
0.08650 0.000041004000 
0.08700 0.000038843800 
0.08750 0.000037003200 
0.08800 0.000035162600 
0.08850 0.000033322200 
0.08900 0.000031687200 
0.08950 0.000030169000 
0.09000 0.000028650800 
0.09050 0.000027152200 
0.09100 0.000025898000 
0.09150 0.000024644000 
0.09200 0.000023390000 
0.09250 0.000022243600 
0.09300 0.000021206000 
0.09350 0.000020168600 
0.09400 0.000019131080 
0.09450 0.000018255300 
0.09500 0.000017395780 
0.09550 0.000016536240 
0.09600 0.000015721900 
0.09650 0.000015008780 
0.09700 0.000014295660 
0.09750 0.000013582540 
0.09800 0.000012953540 
0.09850 0.000012361080 
0.09900 0.000011768600 
0.09950 0.000011183580 
0.10000 0.000010690680 
0.10050 0.000010197760 
0.10100 0.000009704840 
0.10150 0.000009248280 
0.10200 0.000008837660 
0.10250 0.000008427020 
0.10300 0.000008016380 
0.10350 0.000007660120 
0.10400 0.000007317580 
0.10450 0.000006975020 
0.10500 0.000006640700 
0.10550 0.000006354580 
0.10600 0.000006068460 
0.10650 0.000005782340 
0.10700 0.000005518820 
0.10750 0.000005279560 
0.10800 0.000005040280 
0.10850 0.000004801000 
0.10900 0.000004593240 
0.10950 0.000004392880 
0.11000 0.000004192520 
0.11050 0.000003996320 
0.11100 0.000003828360 
0.11150 0.000003660380 
0.11200 0.000003492400 
0.11250 0.000003336260 
0.11300 0.000003195280 
0.11350 0.000003054300 
0.11400 0.000002913320 
0.11450 0.000002788960 
0.11500 0.000002670500 
0.11550 0.000002552040 
0.11600 0.000002434160 
0.11650 0.000002334500 
0.11700 0.000002234840 
0.11750 0.000002135180 
0.11800 0.000002040480 
0.11850 0.000001956562 
0.11900 0.000001872638 
0.11950 0.000001788714 
0.12000 0.000001712580 
0.12050 0.000001641832 
0.12100 0.000001571086 
0.12150 0.000001500338 
0.12200 0.000001439078 
0.12250 0.000001379378 
0.12300 0.000001319678 
0.12350 0.000001261074 
0.12400 0.000001210648 
0.12450 0.000001160220 
0.12500 0.000001109792 
0.12550 0.000001062248 
0.12600 0.000001019614 
0.12650 0.000000976980 
0.12700 0.000000934346 
0.12750 0.000000895734 
0.12800 0.000000859658 
0.12850 0.000000823580 
0.12900 0.000000787502 
0.12950 0.000000756114 
0.13000 0.000000725556 
0.13050 0.000000695000 
0.13100 0.000000664800 
0.13150 0.000000638900 
0.13200 0.000000613000 
0.13250 0.000000587098 
0.13300 0.000000562360 
0.13350 0.000000540388 
0.13400 0.000000518416 
0.13450 0.000000496444 
0.13500 0.000000476152 
0.13550 0.000000457498 
0.13600 0.000000438844 
0.13650 0.000000420190 
0.13700 0.000000403526 
0.13750 0.000000387678 
0.13800 0.000000371832 
0.13850 0.000000355984 
0.13900 0.000000342280 
0.13950 0.000000328808 
0.14000 0.000000315334 
0.14050 0.000000302036 
0.14100 0.000000290576 
0.14150 0.000000279116 
0.14200 0.000000267656 
0.14250 0.000000256640 
0.14300 0.000000246886 
0.14350 0.000000237132 
0.14400 0.000000227376 
0.14450 0.000000218238 
0.14500 0.000000209930 
0.14550 0.000000201622 
0.14600 0.000000193315 
0.14650 0.000000185721 
0.14700 0.000000178642 
0.14750 0.000000171562 
0.14800 0.000000164483 
0.14850 0.000000158162 
0.14900 0.000000152127 
0.14950 0.000000146092 
0.15000 0.000000140058 
0.15050 0.000000134786 
0.15100 0.000000129639 
0.15150 0.000000124491 
0.15200 0.000000119344 
0.15250 0.000000114939 
0.15300 0.000000110547 
0.15350 0.000000106155 
0.15400 0.000000101823 
0.15450 0.000000098075 
0.15500 0.000000094326 
0.15550 0.000000090578 
0.15600 0.000000086934 
0.15650 0.000000083734 
0.15700 0.000000080533 
0.15750 0.000000077332 
0.15800 0.000000074261 
0.15850 0.000000071527 
0.15900 0.000000068793 
0.15950 0.000000066059 
0.16000 0.000000063464 
0.16050 0.000000061129 
0.16100 0.000000058793 
0.16150 0.000000056457 
0.16200 0.000000054261 
0.16250 0.000000052265 
0.16300 0.000000050269 
0.16350 0.000000048273 
0.16400 0.000000046409 
0.16450 0.000000044703 
0.16500 0.000000042997 
0.16550 0.000000041291 
0.16600 0.000000039706 
0.16650 0.000000038248 
0.16700 0.000000036789 
0.16750 0.000000035331 
0.16800 0.000000033980 
0.16850 0.000000032733 
0.16900 0.000000031485 
0.16950 0.000000030238 
0.17000 0.000000029083 
0.17050 0.000000028017 
0.17100 0.000000026951 
0.17150 0.000000025884 
0.17200 0.000000024895 
0.17250 0.000000023983 
0.17300 0.000000023070 
0.17350 0.000000022158 
0.17400 0.000000021308 
0.17450 0.000000020528 
0.17500 0.000000019748 
0.17550 0.000000018968 
0.17600 0.000000018236 
0.17650 0.000000017569 
0.17700 0.000000016902 
0.17750 0.000000016235 
0.17800 0.000000015604 
0.17850 0.000000015033 
0.17900 0.000000014463 
0.17950 0.000000013892 
0.18000 0.000000013347 
0.18050 0.000000012858 
0.18100 0.000000012370 
0.18150 0.000000011881 
0.18200 0.000000011409 
0.18250 0.000000010991 
0.18300 0.000000010573 
0.18350 0.000000010156 
0.18400 0.000000009746 
0.18450 0.000000009389 
0.18500 0.000000009032 
0.18550 0.000000008675 
0.18600 0.000000008318 
0.18650 0.000000008013 
0.18700 0.000000007707 
0.18750 0.000000007402 
0.18800 0.000000007096 
0.18850 0.000000006830 
0.18900 0.000000006569 
0.18950 0.000000006308 
0.19000 0.000000006047 
0.19050 0.000000005815 
0.19100 0.000000005591 
0.19150 0.000000005368 
0.19200 0.000000005145 
0.19250 0.000000004941 
0.19300 0.000000004750 
0.19350 0.000000004559 
0.19400 0.000000004369 
0.19450 0.000000004191 
0.19500 0.000000004027 
0.19550 0.000000003864 
0.19600 0.000000003701 
0.19650 0.000000003545 
0.19700 0.000000003406 
0.19750 0.000000003267 
0.19800 0.000000003128 
0.19850 0.000000002991 
0.19900 0.000000002872 
0.19950 0.000000002753 
0.20000 0.000000002635 
0.20050 0.000000002516 
0.20100 0.000000002414 
0.20150 0.000000002312 
0.20200 0.000000002211 
0.20250 0.000000002109 
0.20300 0.000000002020 
0.20350 0.000000001933 
0.20400 0.000000001847 
0.20450 0.000000001760 
0.20500 0.000000001682 
0.20550 0.000000001608 
0.20600 0.000000001535 
0.20650 0.000000001461 
0.20700 0.000000001393 
0.20750 0.000000001330 
0.20800 0.000000001268 
0.20850 0.000000001205 
0.20900 0.000000001146 
0.20950 0.000000001092 
0.21000 0.000000001039 
0.21050 0.000000000986 
0.21100 0.000000000934 
0.21150 0.000000000889 
0.21200 0.000000000844 
0.21250 0.000000000799 
0.21300 0.000000000754 
0.21350 0.000000000716 
0.21400 0.000000000678 
0.21450 0.000000000640 
0.21500 0.000000000602 
0.21550 0.000000000569 
0.21600 0.000000000537 
0.21650 0.000000000505 
0.21700 0.000000000473 
0.21750 0.000000000445 
0.21800 0.000000000418 
0.21850 0.000000000391 
0.21900 0.000000000364 
0.21950 0.000000000342 
0.22000 0.000000000319 
0.22050 0.000000000296 
0.22100 0.000000000274 
0.22150 0.000000000255 
0.22200 0.000000000236 
0.22250 0.000000000217 
0.22300 0.000000000199 
0.22350 0.000000000184 
0.22400 0.000000000168 
0.22450 0.000000000153 
0.22500 0.000000000138 
0.22550 0.000000000126 
0.22600 0.000000000114 
0.22650 0.000000000101 
0.22700 0.000000000090 
0.22750 0.000000000080 
0.22800 0.000000000070 
0.22850 0.000000000061 
0.22900 0.000000000053 
0.22950 0.000000000045 
0.23000 0.000000000038 
0.23050 0.000000000031 
0.23100 0.000000000026 
0.23150 0.000000000021 
0.23200 0.000000000015 
0.23250 0.000000000012 
0.23300 0.000000000009 
0.23350 0.000000000005 
