0.00000 172.221200000000 
0.00050 148.604400000000 
0.00100 124.987400000000 
0.00150 101.370600000000 
0.00200 77.753800000000 
0.00250 62.637000000000 
0.00300 50.056200000000 
0.00350 40.361400000000 
0.00400 33.335800000000 
0.00450 26.865000000000 
0.00500 22.779000000000 
0.00550 18.692920000000 
0.00600 15.884500000000 
0.00650 13.425700000000 
0.00700 11.261720000000 
0.00750 9.738780000000 
0.00800 8.215820000000 
0.00850 7.128960000000 
0.00900 6.161980000000 
0.00950 5.262460000000 
0.01000 4.635120000000 
0.01050 4.007780000000 
0.01100 3.500040000000 
0.01150 3.085280000000 
0.01200 2.670520000000 
0.01250 2.375480000000 
0.01300 2.096620000000 
0.01350 1.831722000000 
0.01400 1.641428000000 
0.01450 1.451134000000 
0.01500 1.284080000000 
0.01550 1.152466000000 
0.01600 1.020850000000 
0.01650 0.912918000000 
0.01700 0.820780000000 
0.01750 0.728642000000 
0.01800 0.657284000000 
0.01850 0.592070000000 
0.01900 0.526858000000 
0.01950 0.478646000000 
0.02000 0.432026000000 
0.02050 0.385798000000 
0.02100 0.352164000000 
0.02150 0.318530000000 
0.02200 0.286006000000 
0.02250 0.261536000000 
0.02300 0.237068000000 
0.02350 0.213830000000 
0.02400 0.195891000000 
0.02450 0.177951800000 
0.02500 0.161114200000 
0.02550 0.147868600000 
0.02600 0.134623000000 
0.02650 0.122263200000 
0.02700 0.112418600000 
0.02750 0.102574200000 
0.02800 0.093392800000 
0.02850 0.086031400000 
0.02900 0.078670000000 
0.02950 0.071775200000 
0.03000 0.066239200000 
0.03050 0.060703400000 
0.03100 0.055473800000 
0.03150 0.051288800000 
0.03200 0.047103800000 
0.03250 0.043101000000 
0.03300 0.039921600000 
0.03350 0.036742200000 
0.03400 0.033652800000 
0.03450 0.031226200000 
0.03500 0.028799600000 
0.03550 0.026397000000 
0.03600 0.024537000000 
0.03650 0.022677000000 
0.03700 0.020817000000 
0.03750 0.019363940000 
0.03800 0.017932460000 
0.03850 0.016500960000 
0.03900 0.015343540000 
0.03950 0.014237640000 
0.04000 0.013131740000 
0.04050 0.012204480000 
0.04100 0.011347020000 
0.04150 0.010489580000 
0.04200 0.009742820000 
0.04250 0.009075740000 
0.04300 0.008408660000 
0.04350 0.007804400000 
0.04400 0.007283760000 
0.04450 0.006763120000 
0.04500 0.006272060000 
0.04550 0.005864460000 
0.04600 0.005456860000 
0.04650 0.005056260000 
0.04700 0.004736220000 
0.04750 0.004416180000 
0.04800 0.004096140000 
0.04850 0.003836220000 
0.04900 0.003584240000 
0.04950 0.003332260000 
0.05000 0.003115900000 
0.05050 0.002916980000 
0.05100 0.002718060000 
0.05150 0.002537580000 
0.05200 0.002380140000 
0.05250 0.002222700000 
0.05300 0.002071880000 
0.05350 0.001946962000 
0.05400 0.001822046000 
0.05450 0.001697130000 
0.05500 0.001596420000 
0.05550 0.001497078000 
0.05600 0.001397736000 
0.05650 0.001311990000 
0.05700 0.001232806000 
0.05750 0.001153620000 
0.05800 0.001080604000 
0.05850 0.001017346000 
0.05900 0.000954090000 
0.05950 0.000891900000 
0.06000 0.000841260000 
0.06050 0.000790620000 
0.06100 0.000739978000 
0.06150 0.000697016000 
0.06200 0.000656390000 
0.06250 0.000615766000 
0.06300 0.000578592000 
0.06350 0.000545936000 
0.06400 0.000513282000 
0.06450 0.000481160000 
0.06500 0.000454860000 
0.06550 0.000428558000 
0.06600 0.000402256000 
0.06650 0.000379610000 
0.06700 0.000358386000 
0.06750 0.000337160000 
0.06800 0.000317320000 
0.06850 0.000300160000 
0.06900 0.000283000000 
0.06950 0.000265840000 
0.07000 0.000251764000 
0.07050 0.000237866000 
0.07100 0.000223966000 
0.07150 0.000211470000 
0.07200 0.000200192000 
0.07250 0.000188915200 
0.07300 0.000177869800 
0.07350 0.000168702400 
0.07400 0.000159535000 
0.07450 0.000150367800 
0.07500 0.000142341400 
0.07550 0.000134876600 
0.07600 0.000127411800 
0.07650 0.000120243400 
0.07700 0.000114154600 
0.07750 0.000108066000 
0.07800 0.000101977200 
0.07850 0.000096719600 
0.07900 0.000091745000 
0.07950 0.000086770200 
0.08000 0.000082032600 
0.08050 0.000077961400 
0.08100 0.000073890200 
0.08150 0.000069819000 
0.08200 0.000066309000 
0.08250 0.000062971800 
0.08300 0.000059634800 
0.08350 0.000056448600 
0.08400 0.000053708800 
0.08450 0.000050968800 
0.08500 0.000048229000 
0.08550 0.000045843400 
0.08600 0.000043590400 
0.08650 0.000041337400 
0.08700 0.000039159600 
0.08750 0.000037304000 
0.08800 0.000035448600 
0.08850 0.000033593000 
0.08900 0.000031944800 
0.08950 0.000030414400 
0.09000 0.000028883800 
0.09050 0.000027373000 
0.09100 0.000026108600 
0.09150 0.000024844400 
0.09200 0.000023580200 
0.09250 0.000022424400 
0.09300 0.000021378400 
0.09350 0.000020332600 
0.09400 0.000019286660 
0.09450 0.000018403760 
0.09500 0.000017537240 
0.09550 0.000016670720 
0.09600 0.000015849760 
0.09650 0.000015130840 
0.09700 0.000014411920 
0.09750 0.000013693000 
0.09800 0.000013058880 
0.09850 0.000012461600 
0.09900 0.000011864300 
0.09950 0.000011274540 
0.10000 0.000010777600 
0.10050 0.000010280680 
0.10100 0.000009783760 
0.10150 0.000009323500 
0.10200 0.000008909520 
0.10250 0.000008495540 
0.10300 0.000008081560 
0.10350 0.000007722420 
0.10400 0.000007377080 
0.10450 0.000007031760 
0.10500 0.000006694700 
0.10550 0.000006406260 
0.10600 0.000006117820 
0.10650 0.000005829380 
0.10700 0.000005563700 
0.10750 0.000005322480 
0.10800 0.000005081260 
0.10850 0.000004840040 
0.10900 0.000004630600 
0.10950 0.000004428600 
0.11000 0.000004226620 
0.11050 0.000004028820 
0.11100 0.000003859480 
0.11150 0.000003690140 
0.11200 0.000003520820 
0.11250 0.000003363400 
0.11300 0.000003221260 
0.11350 0.000003079140 
0.11400 0.000002937000 
0.11450 0.000002811640 
0.11500 0.000002692220 
0.11550 0.000002572780 
0.11600 0.000002453940 
0.11650 0.000002353480 
0.11700 0.000002253020 
0.11750 0.000002152540 
0.11800 0.000002057080 
0.11850 0.000001972474 
0.11900 0.000001887868 
0.11950 0.000001803260 
0.12000 0.000001726506 
0.12050 0.000001655184 
0.12100 0.000001583862 
0.12150 0.000001512540 
0.12200 0.000001450780 
0.12250 0.000001390594 
0.12300 0.000001330408 
0.12350 0.000001271330 
0.12400 0.000001220492 
0.12450 0.000001169654 
0.12500 0.000001118818 
0.12550 0.000001070886 
0.12600 0.000001027906 
0.12650 0.000000984924 
0.12700 0.000000941944 
0.12750 0.000000903020 
0.12800 0.000000866648 
0.12850 0.000000830278 
0.12900 0.000000793906 
0.12950 0.000000762262 
0.13000 0.000000731458 
0.13050 0.000000700652 
0.13100 0.000000670208 
0.13150 0.000000644096 
0.13200 0.000000617984 
0.13250 0.000000591874 
0.13300 0.000000566934 
0.13350 0.000000544782 
0.13400 0.000000522632 
0.13450 0.000000500480 
0.13500 0.000000480024 
0.13550 0.000000461218 
0.13600 0.000000442414 
0.13650 0.000000423608 
0.13700 0.000000406808 
0.13750 0.000000390832 
0.13800 0.000000374856 
0.13850 0.000000358880 
0.13900 0.000000345062 
0.13950 0.000000331482 
0.14000 0.000000317900 
0.14050 0.000000304492 
0.14100 0.000000292938 
0.14150 0.000000281386 
0.14200 0.000000269832 
0.14250 0.000000258728 
0.14300 0.000000248894 
0.14350 0.000000239060 
0.14400 0.000000229226 
0.14450 0.000000220012 
0.14500 0.000000211638 
0.14550 0.000000203262 
0.14600 0.000000194887 
0.14650 0.000000187231 
0.14700 0.000000180094 
0.14750 0.000000172958 
0.14800 0.000000165821 
0.14850 0.000000159448 
0.14900 0.000000153364 
0.14950 0.000000147280 
0.15000 0.000000141197 
0.15050 0.000000135882 
0.15100 0.000000130693 
0.15150 0.000000125504 
0.15200 0.000000120315 
0.15250 0.000000115874 
0.15300 0.000000111446 
0.15350 0.000000107018 
0.15400 0.000000102651 
0.15450 0.000000098872 
0.15500 0.000000095093 
0.15550 0.000000091314 
0.15600 0.000000087641 
0.15650 0.000000084415 
0.15700 0.000000081188 
0.15750 0.000000077961 
0.15800 0.000000074865 
0.15850 0.000000072109 
0.15900 0.000000069352 
0.15950 0.000000066596 
0.16000 0.000000063980 
0.16050 0.000000061626 
0.16100 0.000000059271 
0.16150 0.000000056916 
0.16200 0.000000054702 
0.16250 0.000000052690 
0.16300 0.000000050678 
0.16350 0.000000048666 
0.16400 0.000000046787 
0.16450 0.000000045067 
0.16500 0.000000043347 
0.16550 0.000000041627 
0.16600 0.000000040029 
0.16650 0.000000038559 
0.16700 0.000000037089 
0.16750 0.000000035618 
0.16800 0.000000034256 
0.16850 0.000000032999 
0.16900 0.000000031741 
0.16950 0.000000030484 
0.17000 0.000000029320 
0.17050 0.000000028245 
0.17100 0.000000027170 
0.17150 0.000000026095 
0.17200 0.000000025097 
0.17250 0.000000024178 
0.17300 0.000000023258 
0.17350 0.000000022338 
0.17400 0.000000021482 
0.17450 0.000000020695 
0.17500 0.000000019908 
0.17550 0.000000019122 
0.17600 0.000000018385 
0.17650 0.000000017712 
0.17700 0.000000017039 
0.17750 0.000000016367 
0.17800 0.000000015731 
0.17850 0.000000015156 
0.17900 0.000000014580 
0.17950 0.000000014005 
0.18000 0.000000013455 
0.18050 0.000000012963 
0.18100 0.000000012470 
0.18150 0.000000011978 
0.18200 0.000000011502 
0.18250 0.000000011081 
0.18300 0.000000010659 
0.18350 0.000000010238 
0.18400 0.000000009825 
0.18450 0.000000009465 
0.18500 0.000000009105 
0.18550 0.000000008745 
0.18600 0.000000008386 
0.18650 0.000000008078 
0.18700 0.000000007770 
0.18750 0.000000007462 
0.18800 0.000000007154 
0.18850 0.000000006886 
0.18900 0.000000006623 
0.18950 0.000000006359 
0.19000 0.000000006096 
0.19050 0.000000005862 
0.19100 0.000000005637 
0.19150 0.000000005412 
0.19200 0.000000005186 
0.19250 0.000000004981 
0.19300 0.000000004789 
0.19350 0.000000004597 
0.19400 0.000000004404 
0.19450 0.000000004225 
0.19500 0.000000004060 
0.19550 0.000000003896 
0.19600 0.000000003731 
0.19650 0.000000003574 
0.19700 0.000000003434 
0.19750 0.000000003293 
0.19800 0.000000003153 
0.19850 0.000000003016 
0.19900 0.000000002896 
0.19950 0.000000002776 
0.20000 0.000000002656 
0.20050 0.000000002536 
0.20100 0.000000002433 
0.20150 0.000000002331 
0.20200 0.000000002229 
0.20250 0.000000002126 
0.20300 0.000000002036 
0.20350 0.000000001949 
0.20400 0.000000001862 
0.20450 0.000000001775 
0.20500 0.000000001696 
0.20550 0.000000001622 
0.20600 0.000000001547 
0.20650 0.000000001473 
0.20700 0.000000001404 
0.20750 0.000000001341 
0.20800 0.000000001278 
0.20850 0.000000001215 
0.20900 0.000000001155 
0.20950 0.000000001101 
0.21000 0.000000001047 
0.21050 0.000000000994 
0.21100 0.000000000942 
0.21150 0.000000000896 
0.21200 0.000000000851 
0.21250 0.000000000805 
0.21300 0.000000000760 
0.21350 0.000000000722 
0.21400 0.000000000683 
0.21450 0.000000000645 
0.21500 0.000000000607 
0.21550 0.000000000574 
0.21600 0.000000000541 
0.21650 0.000000000509 
0.21700 0.000000000476 
0.21750 0.000000000449 
0.21800 0.000000000422 
0.21850 0.000000000395 
0.21900 0.000000000367 
0.21950 0.000000000344 
0.22000 0.000000000322 
0.22050 0.000000000299 
0.22100 0.000000000276 
0.22150 0.000000000257 
0.22200 0.000000000238 
0.22250 0.000000000219 
0.22300 0.000000000201 
0.22350 0.000000000185 
0.22400 0.000000000170 
0.22450 0.000000000154 
0.22500 0.000000000140 
0.22550 0.000000000127 
0.22600 0.000000000115 
0.22650 0.000000000102 
0.22700 0.000000000091 
0.22750 0.000000000081 
0.22800 0.000000000071 
0.22850 0.000000000061 
0.22900 0.000000000053 
0.22950 0.000000000046 
0.23000 0.000000000038 
0.23050 0.000000000031 
0.23100 0.000000000026 
0.23150 0.000000000021 
0.23200 0.000000000016 
0.23250 0.000000000012 
0.23300 0.000000000009 
0.23350 0.000000000005 
