0.00000 138.001000000000 
0.00050 119.076800000000 
0.00100 100.152600000000 
0.00150 81.228400000000 
0.00200 62.304200000000 
0.00250 50.191200000000 
0.00300 40.110200000000 
0.00350 32.341600000000 
0.00400 26.712000000000 
0.00450 21.527000000000 
0.00500 18.252840000000 
0.00550 14.978660000000 
0.00600 12.728280000000 
0.00650 10.758040000000 
0.00700 9.024040000000 
0.00750 7.803700000000 
0.00800 6.583360000000 
0.00850 5.712440000000 
0.00900 4.937600000000 
0.00950 4.216820000000 
0.01000 3.714120000000 
0.01050 3.211440000000 
0.01100 2.804580000000 
0.01150 2.472240000000 
0.01200 2.139880000000 
0.01250 1.903470000000 
0.01300 1.680028000000 
0.01350 1.467762000000 
0.01400 1.315278000000 
0.01450 1.162796000000 
0.01500 1.028936000000 
0.01550 0.923472000000 
0.01600 0.818010000000 
0.01650 0.731522000000 
0.01700 0.657692000000 
0.01750 0.583862000000 
0.01800 0.526682000000 
0.01850 0.474426000000 
0.01900 0.422172000000 
0.01950 0.383540000000 
0.02000 0.346184000000 
0.02050 0.309140000000 
0.02100 0.282190000000 
0.02150 0.255240000000 
0.02200 0.229176000000 
0.02250 0.209570000000 
0.02300 0.189962400000 
0.02350 0.171342400000 
0.02400 0.156967800000 
0.02450 0.142593000000 
0.02500 0.129101000000 
0.02550 0.118487200000 
0.02600 0.107873600000 
0.02650 0.097969600000 
0.02700 0.090081200000 
0.02750 0.082192800000 
0.02800 0.074835800000 
0.02850 0.068937000000 
0.02900 0.063038400000 
0.02950 0.057513600000 
0.03000 0.053077600000 
0.03050 0.048641800000 
0.03100 0.044451200000 
0.03150 0.041097800000 
0.03200 0.037744200000 
0.03250 0.034536800000 
0.03300 0.031989200000 
0.03350 0.029441600000 
0.03400 0.026966000000 
0.03450 0.025021600000 
0.03500 0.023077200000 
0.03550 0.021152000000 
0.03600 0.019661540000 
0.03650 0.018171120000 
0.03700 0.016680700000 
0.03750 0.015516360000 
0.03800 0.014369300000 
0.03850 0.013222240000 
0.03900 0.012294800000 
0.03950 0.011408640000 
0.04000 0.010522480000 
0.04050 0.009779460000 
0.04100 0.009092400000 
0.04150 0.008405320000 
0.04200 0.007806940000 
0.04250 0.007272400000 
0.04300 0.006737860000 
0.04350 0.006253680000 
0.04400 0.005836480000 
0.04450 0.005419280000 
0.04500 0.005025820000 
0.04550 0.004699200000 
0.04600 0.004372580000 
0.04650 0.004051580000 
0.04700 0.003795140000 
0.04750 0.003538700000 
0.04800 0.003282240000 
0.04850 0.003073960000 
0.04900 0.002872060000 
0.04950 0.002670140000 
0.05000 0.002496780000 
0.05050 0.002337380000 
0.05100 0.002177980000 
0.05150 0.002033380000 
0.05200 0.001907216000 
0.05250 0.001781056000 
0.05300 0.001660198000 
0.05350 0.001560102000 
0.05400 0.001460008000 
0.05450 0.001359914000 
0.05500 0.001279214000 
0.05550 0.001199612000 
0.05600 0.001120008000 
0.05650 0.001051300000 
0.05700 0.000987848000 
0.05750 0.000924398000 
0.05800 0.000865890000 
0.05850 0.000815202000 
0.05900 0.000764514000 
0.05950 0.000714680000 
0.06000 0.000674102000 
0.06050 0.000633524000 
0.06100 0.000592946000 
0.06150 0.000558520000 
0.06200 0.000525966000 
0.06250 0.000493414000 
0.06300 0.000463628000 
0.06350 0.000437460000 
0.06400 0.000411294000 
0.06450 0.000385554000 
0.06500 0.000364480000 
0.06550 0.000343404000 
0.06600 0.000322328000 
0.06650 0.000304182000 
0.06700 0.000287174000 
0.06750 0.000270168000 
0.06800 0.000254268000 
0.06850 0.000240518000 
0.06900 0.000226768000 
0.06950 0.000213018000 
0.07000 0.000201738000 
0.07050 0.000190601800 
0.07100 0.000179464600 
0.07150 0.000169452000 
0.07200 0.000160415000 
0.07250 0.000151378000 
0.07300 0.000142527400 
0.07350 0.000135181600 
0.07400 0.000127835800 
0.07450 0.000120489800 
0.07500 0.000114058400 
0.07550 0.000108076800 
0.07600 0.000102095400 
0.07650 0.000096351200 
0.07700 0.000091472400 
0.07750 0.000086593400 
0.07800 0.000081714600 
0.07850 0.000077501600 
0.07900 0.000073515400 
0.07950 0.000069529200 
0.08000 0.000065732800 
0.08050 0.000062470600 
0.08100 0.000059208400 
0.08150 0.000055946200 
0.08200 0.000053133400 
0.08250 0.000050459400 
0.08300 0.000047785400 
0.08350 0.000045232400 
0.08400 0.000043036800 
0.08450 0.000040841400 
0.08500 0.000038646000 
0.08550 0.000036734400 
0.08600 0.000034929000 
0.08650 0.000033123800 
0.08700 0.000031378600 
0.08750 0.000029891800 
0.08800 0.000028405000 
0.08850 0.000026918200 
0.08900 0.000025597400 
0.08950 0.000024371000 
0.09000 0.000023144600 
0.09050 0.000021934000 
0.09100 0.000020921000 
0.09150 0.000019907860 
0.09200 0.000018894800 
0.09250 0.000017968700 
0.09300 0.000017130620 
0.09350 0.000016292520 
0.09400 0.000015454440 
0.09450 0.000014746960 
0.09500 0.000014052620 
0.09550 0.000013358280 
0.09600 0.000012700440 
0.09650 0.000012124360 
0.09700 0.000011548300 
0.09750 0.000010972220 
0.09800 0.000010464100 
0.09850 0.000009985500 
0.09900 0.000009506880 
0.09950 0.000009034300 
0.10000 0.000008636120 
0.10050 0.000008237920 
0.10100 0.000007839740 
0.10150 0.000007470940 
0.10200 0.000007139220 
0.10250 0.000006807500 
0.10300 0.000006475760 
0.10350 0.000006187980 
0.10400 0.000005911260 
0.10450 0.000005634560 
0.10500 0.000005364460 
0.10550 0.000005133340 
0.10600 0.000004902220 
0.10650 0.000004671080 
0.10700 0.000004458200 
0.10750 0.000004264920 
0.10800 0.000004071620 
0.10850 0.000003878320 
0.10900 0.000003710500 
0.10950 0.000003548640 
0.11000 0.000003386800 
0.11050 0.000003228300 
0.11100 0.000003092620 
0.11150 0.000002956920 
0.11200 0.000002821240 
0.11250 0.000002695100 
0.11300 0.000002581200 
0.11350 0.000002467320 
0.11400 0.000002353420 
0.11450 0.000002252980 
0.11500 0.000002157280 
0.11550 0.000002061580 
0.11600 0.000001966352 
0.11650 0.000001885848 
0.11700 0.000001805344 
0.11750 0.000001724838 
0.11800 0.000001648340 
0.11850 0.000001580546 
0.11900 0.000001512750 
0.11950 0.000001444956 
0.12000 0.000001383452 
0.12050 0.000001326302 
0.12100 0.000001269150 
0.12150 0.000001212000 
0.12200 0.000001162512 
0.12250 0.000001114286 
0.12300 0.000001066058 
0.12350 0.000001018718 
0.12400 0.000000977982 
0.12450 0.000000937246 
0.12500 0.000000896510 
0.12550 0.000000858104 
0.12600 0.000000823662 
0.12650 0.000000789222 
0.12700 0.000000754782 
0.12750 0.000000723590 
0.12800 0.000000694446 
0.12850 0.000000665302 
0.12900 0.000000636158 
0.12950 0.000000610802 
0.13000 0.000000586118 
0.13050 0.000000561434 
0.13100 0.000000537038 
0.13150 0.000000516114 
0.13200 0.000000495192 
0.13250 0.000000474268 
0.13300 0.000000454284 
0.13350 0.000000436534 
0.13400 0.000000418786 
0.13450 0.000000401036 
0.13500 0.000000384644 
0.13550 0.000000369576 
0.13600 0.000000354506 
0.13650 0.000000339438 
0.13700 0.000000325976 
0.13750 0.000000313174 
0.13800 0.000000300372 
0.13850 0.000000287570 
0.13900 0.000000276500 
0.13950 0.000000265616 
0.14000 0.000000254734 
0.14050 0.000000243990 
0.14100 0.000000234732 
0.14150 0.000000225474 
0.14200 0.000000216218 
0.14250 0.000000207318 
0.14300 0.000000199439 
0.14350 0.000000191559 
0.14400 0.000000183679 
0.14450 0.000000176297 
0.14500 0.000000169585 
0.14550 0.000000162874 
0.14600 0.000000156163 
0.14650 0.000000150029 
0.14700 0.000000144310 
0.14750 0.000000138591 
0.14800 0.000000132872 
0.14850 0.000000127766 
0.14900 0.000000122891 
0.14950 0.000000118016 
0.15000 0.000000113141 
0.15050 0.000000108882 
0.15100 0.000000104724 
0.15150 0.000000100566 
0.15200 0.000000096409 
0.15250 0.000000092850 
0.15300 0.000000089302 
0.15350 0.000000085754 
0.15400 0.000000082254 
0.15450 0.000000079226 
0.15500 0.000000076198 
0.15550 0.000000073170 
0.15600 0.000000070227 
0.15650 0.000000067642 
0.15700 0.000000065056 
0.15750 0.000000062470 
0.15800 0.000000059990 
0.15850 0.000000057781 
0.15900 0.000000055572 
0.15950 0.000000053363 
0.16000 0.000000051268 
0.16050 0.000000049381 
0.16100 0.000000047494 
0.16150 0.000000045607 
0.16200 0.000000043833 
0.16250 0.000000042221 
0.16300 0.000000040608 
0.16350 0.000000038996 
0.16400 0.000000037490 
0.16450 0.000000036112 
0.16500 0.000000034734 
0.16550 0.000000033356 
0.16600 0.000000032075 
0.16650 0.000000030897 
0.16700 0.000000029719 
0.16750 0.000000028541 
0.16800 0.000000027450 
0.16850 0.000000026442 
0.16900 0.000000025434 
0.16950 0.000000024427 
0.17000 0.000000023494 
0.17050 0.000000022633 
0.17100 0.000000021771 
0.17150 0.000000020910 
0.17200 0.000000020111 
0.17250 0.000000019374 
0.17300 0.000000018637 
0.17350 0.000000017900 
0.17400 0.000000017213 
0.17450 0.000000016583 
0.17500 0.000000015953 
0.17550 0.000000015322 
0.17600 0.000000014732 
0.17650 0.000000014193 
0.17700 0.000000013654 
0.17750 0.000000013115 
0.17800 0.000000012605 
0.17850 0.000000012144 
0.17900 0.000000011683 
0.17950 0.000000011222 
0.18000 0.000000010782 
0.18050 0.000000010387 
0.18100 0.000000009993 
0.18150 0.000000009598 
0.18200 0.000000009216 
0.18250 0.000000008879 
0.18300 0.000000008541 
0.18350 0.000000008204 
0.18400 0.000000007873 
0.18450 0.000000007584 
0.18500 0.000000007296 
0.18550 0.000000007007 
0.18600 0.000000006720 
0.18650 0.000000006473 
0.18700 0.000000006226 
0.18750 0.000000005979 
0.18800 0.000000005732 
0.18850 0.000000005518 
0.18900 0.000000005307 
0.18950 0.000000005096 
0.19000 0.000000004885 
0.19050 0.000000004697 
0.19100 0.000000004517 
0.19150 0.000000004336 
0.19200 0.000000004156 
0.19250 0.000000003992 
0.19300 0.000000003837 
0.19350 0.000000003683 
0.19400 0.000000003529 
0.19450 0.000000003385 
0.19500 0.000000003253 
0.19550 0.000000003122 
0.19600 0.000000002990 
0.19650 0.000000002864 
0.19700 0.000000002752 
0.19750 0.000000002639 
0.19800 0.000000002527 
0.19850 0.000000002416 
0.19900 0.000000002320 
0.19950 0.000000002224 
0.20000 0.000000002128 
0.20050 0.000000002032 
0.20100 0.000000001950 
0.20150 0.000000001868 
0.20200 0.000000001786 
0.20250 0.000000001704 
0.20300 0.000000001632 
0.20350 0.000000001562 
0.20400 0.000000001492 
0.20450 0.000000001422 
0.20500 0.000000001359 
0.20550 0.000000001299 
0.20600 0.000000001240 
0.20650 0.000000001180 
0.20700 0.000000001125 
0.20750 0.000000001075 
0.20800 0.000000001024 
0.20850 0.000000000973 
0.20900 0.000000000925 
0.20950 0.000000000882 
0.21000 0.000000000839 
0.21050 0.000000000796 
0.21100 0.000000000755 
0.21150 0.000000000718 
0.21200 0.000000000682 
0.21250 0.000000000645 
0.21300 0.000000000609 
0.21350 0.000000000578 
0.21400 0.000000000547 
0.21450 0.000000000517 
0.21500 0.000000000486 
0.21550 0.000000000460 
0.21600 0.000000000434 
0.21650 0.000000000408 
0.21700 0.000000000382 
0.21750 0.000000000360 
0.21800 0.000000000338 
0.21850 0.000000000316 
0.21900 0.000000000294 
0.21950 0.000000000276 
0.22000 0.000000000258 
0.22050 0.000000000239 
0.22100 0.000000000221 
0.22150 0.000000000206 
0.22200 0.000000000191 
0.22250 0.000000000176 
0.22300 0.000000000161 
0.22350 0.000000000148 
0.22400 0.000000000136 
0.22450 0.000000000124 
0.22500 0.000000000112 
0.22550 0.000000000102 
0.22600 0.000000000092 
0.22650 0.000000000082 
0.22700 0.000000000073 
0.22750 0.000000000065 
0.22800 0.000000000057 
0.22850 0.000000000049 
0.22900 0.000000000043 
0.22950 0.000000000037 
0.23000 0.000000000031 
0.23050 0.000000000025 
0.23100 0.000000000021 
0.23150 0.000000000017 
0.23200 0.000000000012 
0.23250 0.000000000009 
0.23300 0.000000000007 
0.23350 0.000000000004 
