0.00000 173.659000000000 
0.00050 149.845000000000 
0.00100 126.031000000000 
0.00150 102.217000000000 
0.00200 78.403000000000 
0.00250 63.160000000000 
0.00300 50.474200000000 
0.00350 40.698400000000 
0.00400 33.614000000000 
0.00450 27.089400000000 
0.00500 22.969200000000 
0.00550 18.849000000000 
0.00600 16.017140000000 
0.00650 13.537800000000 
0.00700 11.355740000000 
0.00750 9.820080000000 
0.00800 8.284420000000 
0.00850 7.188480000000 
0.00900 6.213440000000 
0.00950 5.306400000000 
0.01000 4.673820000000 
0.01050 4.041240000000 
0.01100 3.529260000000 
0.01150 3.111040000000 
0.01200 2.692800000000 
0.01250 2.395300000000 
0.01300 2.114120000000 
0.01350 1.847016000000 
0.01400 1.655132000000 
0.01450 1.463250000000 
0.01500 1.294802000000 
0.01550 1.162088000000 
0.01600 1.029374000000 
0.01650 0.920540000000 
0.01700 0.827632000000 
0.01750 0.734726000000 
0.01800 0.662772000000 
0.01850 0.597014000000 
0.01900 0.531256000000 
0.01950 0.482644000000 
0.02000 0.435634000000 
0.02050 0.389020000000 
0.02100 0.355104000000 
0.02150 0.321190000000 
0.02200 0.288394000000 
0.02250 0.263720000000 
0.02300 0.239046000000 
0.02350 0.215616000000 
0.02400 0.197526600000 
0.02450 0.179437600000 
0.02500 0.162459400000 
0.02550 0.149103200000 
0.02600 0.135747000000 
0.02650 0.123284000000 
0.02700 0.113357200000 
0.02750 0.103430600000 
0.02800 0.094172600000 
0.02850 0.086749800000 
0.02900 0.079326800000 
0.02950 0.072374400000 
0.03000 0.066792400000 
0.03050 0.061210200000 
0.03100 0.055937000000 
0.03150 0.051717000000 
0.03200 0.047497000000 
0.03250 0.043460800000 
0.03300 0.040254800000 
0.03350 0.037049000000 
0.03400 0.033933800000 
0.03450 0.031487000000 
0.03500 0.029040000000 
0.03550 0.026617400000 
0.03600 0.024741800000 
0.03650 0.022866400000 
0.03700 0.020990800000 
0.03750 0.019525620000 
0.03800 0.018082180000 
0.03850 0.016638740000 
0.03900 0.015471660000 
0.03950 0.014356520000 
0.04000 0.013241380000 
0.04050 0.012306380000 
0.04100 0.011441780000 
0.04150 0.010577160000 
0.04200 0.009824160000 
0.04250 0.009151520000 
0.04300 0.008478860000 
0.04350 0.007869560000 
0.04400 0.007344580000 
0.04450 0.006819580000 
0.04500 0.006324440000 
0.04550 0.005913420000 
0.04600 0.005502420000 
0.04650 0.005098480000 
0.04700 0.004775760000 
0.04750 0.004453060000 
0.04800 0.004130340000 
0.04850 0.003868240000 
0.04900 0.003614160000 
0.04950 0.003360080000 
0.05000 0.003141920000 
0.05050 0.002941340000 
0.05100 0.002740760000 
0.05150 0.002558780000 
0.05200 0.002400020000 
0.05250 0.002241260000 
0.05300 0.002089180000 
0.05350 0.001963216000 
0.05400 0.001837258000 
0.05450 0.001711300000 
0.05500 0.001609750000 
0.05550 0.001509578000 
0.05600 0.001409406000 
0.05650 0.001322944000 
0.05700 0.001243098000 
0.05750 0.001163252000 
0.05800 0.001089626000 
0.05850 0.001025842000 
0.05900 0.000962056000 
0.05950 0.000899348000 
0.06000 0.000848284000 
0.06050 0.000797220000 
0.06100 0.000746158000 
0.06150 0.000702836000 
0.06200 0.000661872000 
0.06250 0.000620908000 
0.06300 0.000583424000 
0.06350 0.000550496000 
0.06400 0.000517566000 
0.06450 0.000485178000 
0.06500 0.000458656000 
0.06550 0.000432136000 
0.06600 0.000405614000 
0.06650 0.000382780000 
0.06700 0.000361378000 
0.06750 0.000339976000 
0.06800 0.000319970000 
0.06850 0.000302666000 
0.06900 0.000285364000 
0.06950 0.000268060000 
0.07000 0.000253866000 
0.07050 0.000239852000 
0.07100 0.000225836000 
0.07150 0.000213236000 
0.07200 0.000201864000 
0.07250 0.000190492400 
0.07300 0.000179355000 
0.07350 0.000170111000 
0.07400 0.000160867200 
0.07450 0.000151623200 
0.07500 0.000143529800 
0.07550 0.000136002800 
0.07600 0.000128475600 
0.07650 0.000121247400 
0.07700 0.000115107800 
0.07750 0.000108968200 
0.07800 0.000102828600 
0.07850 0.000097527200 
0.07900 0.000092511000 
0.07950 0.000087494800 
0.08000 0.000082717400 
0.08050 0.000078612200 
0.08100 0.000074507200 
0.08150 0.000070402000 
0.08200 0.000066862600 
0.08250 0.000063497600 
0.08300 0.000060132600 
0.08350 0.000056919800 
0.08400 0.000054157200 
0.08450 0.000051394400 
0.08500 0.000048631800 
0.08550 0.000046226200 
0.08600 0.000043954400 
0.08650 0.000041682600 
0.08700 0.000039486600 
0.08750 0.000037615600 
0.08800 0.000035744600 
0.08850 0.000033873600 
0.08900 0.000032211600 
0.08950 0.000030668200 
0.09000 0.000029125000 
0.09050 0.000027601600 
0.09100 0.000026326600 
0.09150 0.000025051800 
0.09200 0.000023777000 
0.09250 0.000022611600 
0.09300 0.000021557000 
0.09350 0.000020502400 
0.09400 0.000019447700 
0.09450 0.000018557420 
0.09500 0.000017683660 
0.09550 0.000016809920 
0.09600 0.000015982080 
0.09650 0.000015257160 
0.09700 0.000014532240 
0.09750 0.000013807320 
0.09800 0.000013167920 
0.09850 0.000012565640 
0.09900 0.000011963360 
0.09950 0.000011368660 
0.10000 0.000010867600 
0.10050 0.000010366520 
0.10100 0.000009865460 
0.10150 0.000009401340 
0.10200 0.000008983900 
0.10250 0.000008566480 
0.10300 0.000008149040 
0.10350 0.000007786900 
0.10400 0.000007438680 
0.10450 0.000007090460 
0.10500 0.000006750580 
0.10550 0.000006459740 
0.10600 0.000006168900 
0.10650 0.000005878040 
0.10700 0.000005610160 
0.10750 0.000005366920 
0.10800 0.000005123680 
0.10850 0.000004880440 
0.10900 0.000004669260 
0.10950 0.000004465580 
0.11000 0.000004261900 
0.11050 0.000004062460 
0.11100 0.000003891700 
0.11150 0.000003720960 
0.11200 0.000003550200 
0.11250 0.000003391480 
0.11300 0.000003248160 
0.11350 0.000003104840 
0.11400 0.000002961520 
0.11450 0.000002835120 
0.11500 0.000002714700 
0.11550 0.000002594260 
0.11600 0.000002474440 
0.11650 0.000002373140 
0.11700 0.000002271820 
0.11750 0.000002170520 
0.11800 0.000002074260 
0.11850 0.000001988942 
0.11900 0.000001903630 
0.11950 0.000001818318 
0.12000 0.000001740922 
0.12050 0.000001669004 
0.12100 0.000001597086 
0.12150 0.000001525168 
0.12200 0.000001462894 
0.12250 0.000001402206 
0.12300 0.000001341516 
0.12350 0.000001281944 
0.12400 0.000001230682 
0.12450 0.000001179420 
0.12500 0.000001128158 
0.12550 0.000001079828 
0.12600 0.000001036488 
0.12650 0.000000993148 
0.12700 0.000000949808 
0.12750 0.000000910558 
0.12800 0.000000873884 
0.12850 0.000000837210 
0.12900 0.000000800534 
0.12950 0.000000768626 
0.13000 0.000000737564 
0.13050 0.000000706502 
0.13100 0.000000675804 
0.13150 0.000000649474 
0.13200 0.000000623144 
0.13250 0.000000596816 
0.13300 0.000000571666 
0.13350 0.000000549330 
0.13400 0.000000526996 
0.13450 0.000000504660 
0.13500 0.000000484032 
0.13550 0.000000465070 
0.13600 0.000000446108 
0.13650 0.000000427144 
0.13700 0.000000410204 
0.13750 0.000000394094 
0.13800 0.000000377986 
0.13850 0.000000361876 
0.13900 0.000000347944 
0.13950 0.000000334248 
0.14000 0.000000320554 
0.14050 0.000000307034 
0.14100 0.000000295384 
0.14150 0.000000283736 
0.14200 0.000000272086 
0.14250 0.000000260888 
0.14300 0.000000250972 
0.14350 0.000000241056 
0.14400 0.000000231140 
0.14450 0.000000221850 
0.14500 0.000000213404 
0.14550 0.000000204960 
0.14600 0.000000196514 
0.14650 0.000000188794 
0.14700 0.000000181598 
0.14750 0.000000174402 
0.14800 0.000000167205 
0.14850 0.000000160779 
0.14900 0.000000154645 
0.14950 0.000000148510 
0.15000 0.000000142376 
0.15050 0.000000137016 
0.15100 0.000000131784 
0.15150 0.000000126552 
0.15200 0.000000121319 
0.15250 0.000000116841 
0.15300 0.000000112376 
0.15350 0.000000107912 
0.15400 0.000000103508 
0.15450 0.000000099698 
0.15500 0.000000095887 
0.15550 0.000000092077 
0.15600 0.000000088373 
0.15650 0.000000085119 
0.15700 0.000000081866 
0.15750 0.000000078612 
0.15800 0.000000075490 
0.15850 0.000000072711 
0.15900 0.000000069931 
0.15950 0.000000067152 
0.16000 0.000000064515 
0.16050 0.000000062140 
0.16100 0.000000059766 
0.16150 0.000000057392 
0.16200 0.000000055159 
0.16250 0.000000053130 
0.16300 0.000000051101 
0.16350 0.000000049072 
0.16400 0.000000047178 
0.16450 0.000000045443 
0.16500 0.000000043709 
0.16550 0.000000041974 
0.16600 0.000000040363 
0.16650 0.000000038881 
0.16700 0.000000037398 
0.16750 0.000000035916 
0.16800 0.000000034542 
0.16850 0.000000033274 
0.16900 0.000000032006 
0.16950 0.000000030739 
0.17000 0.000000029565 
0.17050 0.000000028481 
0.17100 0.000000027397 
0.17150 0.000000026313 
0.17200 0.000000025307 
0.17250 0.000000024380 
0.17300 0.000000023452 
0.17350 0.000000022525 
0.17400 0.000000021661 
0.17450 0.000000020868 
0.17500 0.000000020075 
0.17550 0.000000019281 
0.17600 0.000000018538 
0.17650 0.000000017860 
0.17700 0.000000017182 
0.17750 0.000000016503 
0.17800 0.000000015862 
0.17850 0.000000015282 
0.17900 0.000000014702 
0.17950 0.000000014122 
0.18000 0.000000013567 
0.18050 0.000000013071 
0.18100 0.000000012575 
0.18150 0.000000012078 
0.18200 0.000000011598 
0.18250 0.000000011173 
0.18300 0.000000010748 
0.18350 0.000000010324 
0.18400 0.000000009907 
0.18450 0.000000009544 
0.18500 0.000000009181 
0.18550 0.000000008818 
0.18600 0.000000008456 
0.18650 0.000000008145 
0.18700 0.000000007835 
0.18750 0.000000007524 
0.18800 0.000000007214 
0.18850 0.000000006943 
0.18900 0.000000006678 
0.18950 0.000000006413 
0.19000 0.000000006147 
0.19050 0.000000005911 
0.19100 0.000000005684 
0.19150 0.000000005457 
0.19200 0.000000005230 
0.19250 0.000000005023 
0.19300 0.000000004829 
0.19350 0.000000004635 
0.19400 0.000000004441 
0.19450 0.000000004260 
0.19500 0.000000004094 
0.19550 0.000000003928 
0.19600 0.000000003763 
0.19650 0.000000003604 
0.19700 0.000000003463 
0.19750 0.000000003321 
0.19800 0.000000003179 
0.19850 0.000000003041 
0.19900 0.000000002920 
0.19950 0.000000002799 
0.20000 0.000000002678 
0.20050 0.000000002557 
0.20100 0.000000002454 
0.20150 0.000000002350 
0.20200 0.000000002247 
0.20250 0.000000002144 
0.20300 0.000000002053 
0.20350 0.000000001965 
0.20400 0.000000001877 
0.20450 0.000000001789 
0.20500 0.000000001710 
0.20550 0.000000001635 
0.20600 0.000000001560 
0.20650 0.000000001485 
0.20700 0.000000001416 
0.20750 0.000000001352 
0.20800 0.000000001289 
0.20850 0.000000001225 
0.20900 0.000000001165 
0.20950 0.000000001110 
0.21000 0.000000001056 
0.21050 0.000000001002 
0.21100 0.000000000950 
0.21150 0.000000000904 
0.21200 0.000000000858 
0.21250 0.000000000812 
0.21300 0.000000000767 
0.21350 0.000000000728 
0.21400 0.000000000689 
0.21450 0.000000000650 
0.21500 0.000000000612 
0.21550 0.000000000579 
0.21600 0.000000000546 
0.21650 0.000000000513 
0.21700 0.000000000480 
0.21750 0.000000000453 
0.21800 0.000000000425 
0.21850 0.000000000398 
0.21900 0.000000000370 
0.21950 0.000000000347 
0.22000 0.000000000324 
0.22050 0.000000000301 
0.22100 0.000000000278 
0.22150 0.000000000259 
0.22200 0.000000000240 
0.22250 0.000000000221 
0.22300 0.000000000202 
0.22350 0.000000000187 
0.22400 0.000000000171 
0.22450 0.000000000156 
0.22500 0.000000000141 
0.22550 0.000000000128 
0.22600 0.000000000115 
0.22650 0.000000000103 
0.22700 0.000000000092 
0.22750 0.000000000082 
0.22800 0.000000000072 
0.22850 0.000000000062 
0.22900 0.000000000054 
0.22950 0.000000000046 
0.23000 0.000000000039 
0.23050 0.000000000032 
0.23100 0.000000000026 
0.23150 0.000000000021 
0.23200 0.000000000016 
0.23250 0.000000000012 
0.23300 0.000000000009 
0.23350 0.000000000006 
