0.00000 175.424800000000 
0.00050 151.368600000000 
0.00100 127.312400000000 
0.00150 103.256400000000 
0.00200 79.200200000000 
0.00250 63.802200000000 
0.00300 50.987400000000 
0.00350 41.112200000000 
0.00400 33.955800000000 
0.00450 27.364800000000 
0.00500 23.202800000000 
0.00550 19.040640000000 
0.00600 16.179980000000 
0.00650 13.675440000000 
0.00700 11.471200000000 
0.00750 9.919940000000 
0.00800 8.368660000000 
0.00850 7.261580000000 
0.00900 6.276600000000 
0.00950 5.360340000000 
0.01000 4.721340000000 
0.01050 4.082340000000 
0.01100 3.565140000000 
0.01150 3.142660000000 
0.01200 2.720180000000 
0.01250 2.419660000000 
0.01300 2.135620000000 
0.01350 1.865796000000 
0.01400 1.671962000000 
0.01450 1.478128000000 
0.01500 1.307968000000 
0.01550 1.173904000000 
0.01600 1.039840000000 
0.01650 0.929900000000 
0.01700 0.836048000000 
0.01750 0.742196000000 
0.01800 0.669510000000 
0.01850 0.603084000000 
0.01900 0.536658000000 
0.01950 0.487550000000 
0.02000 0.440062000000 
0.02050 0.392976000000 
0.02100 0.358716000000 
0.02150 0.324456000000 
0.02200 0.291326000000 
0.02250 0.266402000000 
0.02300 0.241478000000 
0.02350 0.217808000000 
0.02400 0.199535000000 
0.02450 0.181262000000 
0.02500 0.164111200000 
0.02550 0.150619200000 
0.02600 0.137127200000 
0.02650 0.124537600000 
0.02700 0.114509800000 
0.02750 0.104482200000 
0.02800 0.095130200000 
0.02850 0.087631800000 
0.02900 0.080133400000 
0.02950 0.073110400000 
0.03000 0.067471400000 
0.03050 0.061832600000 
0.03100 0.056505800000 
0.03150 0.052242800000 
0.03200 0.047980000000 
0.03250 0.043902800000 
0.03300 0.040664200000 
0.03350 0.037425600000 
0.03400 0.034278800000 
0.03450 0.031807000000 
0.03500 0.029335400000 
0.03550 0.026888000000 
0.03600 0.024993400000 
0.03650 0.023098800000 
0.03700 0.021204200000 
0.03750 0.019724140000 
0.03800 0.018266020000 
0.03850 0.016807920000 
0.03900 0.015628960000 
0.03950 0.014502500000 
0.04000 0.013376020000 
0.04050 0.012431500000 
0.04100 0.011558100000 
0.04150 0.010684700000 
0.04200 0.009924040000 
0.04250 0.009244560000 
0.04300 0.008565080000 
0.04350 0.007949580000 
0.04400 0.007419240000 
0.04450 0.006888920000 
0.04500 0.006388740000 
0.04550 0.005973560000 
0.04600 0.005558360000 
0.04650 0.005150320000 
0.04700 0.004824320000 
0.04750 0.004498340000 
0.04800 0.004172340000 
0.04850 0.003907580000 
0.04900 0.003650920000 
0.04950 0.003394240000 
0.05000 0.003173860000 
0.05050 0.002971240000 
0.05100 0.002768620000 
0.05150 0.002584800000 
0.05200 0.002424420000 
0.05250 0.002264060000 
0.05300 0.002110420000 
0.05350 0.001983178000 
0.05400 0.001855940000 
0.05450 0.001728700000 
0.05500 0.001626118000 
0.05550 0.001524926000 
0.05600 0.001423736000 
0.05650 0.001336396000 
0.05700 0.001255738000 
0.05750 0.001175080000 
0.05800 0.001100704000 
0.05850 0.001036272000 
0.05900 0.000971838000 
0.05950 0.000908492000 
0.06000 0.000856908000 
0.06050 0.000805326000 
0.06100 0.000753744000 
0.06150 0.000709982000 
0.06200 0.000668600000 
0.06250 0.000627220000 
0.06300 0.000589356000 
0.06350 0.000556092000 
0.06400 0.000522830000 
0.06450 0.000490112000 
0.06500 0.000463320000 
0.06550 0.000436530000 
0.06600 0.000409738000 
0.06650 0.000386672000 
0.06700 0.000365052000 
0.06750 0.000343432000 
0.06800 0.000323222000 
0.06850 0.000305744000 
0.06900 0.000288264000 
0.06950 0.000270786000 
0.07000 0.000256448000 
0.07050 0.000242290000 
0.07100 0.000228132000 
0.07150 0.000215404000 
0.07200 0.000203916000 
0.07250 0.000192429200 
0.07300 0.000181178600 
0.07350 0.000171840600 
0.07400 0.000162502800 
0.07450 0.000153164800 
0.07500 0.000144989200 
0.07550 0.000137385600 
0.07600 0.000129782000 
0.07650 0.000122480200 
0.07700 0.000116278200 
0.07750 0.000110076200 
0.07800 0.000103874200 
0.07850 0.000098518800 
0.07900 0.000093451600 
0.07950 0.000088384400 
0.08000 0.000083558400 
0.08050 0.000079411600 
0.08100 0.000075264800 
0.08150 0.000071117800 
0.08200 0.000067542400 
0.08250 0.000064143200 
0.08300 0.000060744000 
0.08350 0.000057498600 
0.08400 0.000054707800 
0.08450 0.000051917000 
0.08500 0.000049126200 
0.08550 0.000046696200 
0.08600 0.000044401200 
0.08650 0.000042106400 
0.08700 0.000039888000 
0.08750 0.000037998000 
0.08800 0.000036108000 
0.08850 0.000034218000 
0.08900 0.000032539000 
0.08950 0.000030980200 
0.09000 0.000029421200 
0.09050 0.000027882200 
0.09100 0.000026594400 
0.09150 0.000025306600 
0.09200 0.000024018800 
0.09250 0.000022841600 
0.09300 0.000021776200 
0.09350 0.000020710800 
0.09400 0.000019645440 
0.09450 0.000018746100 
0.09500 0.000017863460 
0.09550 0.000016980820 
0.09600 0.000016144580 
0.09650 0.000015412300 
0.09700 0.000014680000 
0.09750 0.000013947720 
0.09800 0.000013301800 
0.09850 0.000012693400 
0.09900 0.000012085000 
0.09950 0.000011484260 
0.10000 0.000010978100 
0.10050 0.000010471920 
0.10100 0.000009965760 
0.10150 0.000009496940 
0.10200 0.000009075260 
0.10250 0.000008653580 
0.10300 0.000008231900 
0.10350 0.000007866060 
0.10400 0.000007514320 
0.10450 0.000007162560 
0.10500 0.000006819220 
0.10550 0.000006525420 
0.10600 0.000006231620 
0.10650 0.000005937800 
0.10700 0.000005667200 
0.10750 0.000005421500 
0.10800 0.000005175780 
0.10850 0.000004930060 
0.10900 0.000004716720 
0.10950 0.000004510980 
0.11000 0.000004305240 
0.11050 0.000004103760 
0.11100 0.000003931280 
0.11150 0.000003758800 
0.11200 0.000003586300 
0.11250 0.000003425960 
0.11300 0.000003281180 
0.11350 0.000003136420 
0.11400 0.000002991640 
0.11450 0.000002863940 
0.11500 0.000002742300 
0.11550 0.000002620640 
0.11600 0.000002499600 
0.11650 0.000002397260 
0.11700 0.000002294920 
0.11750 0.000002192580 
0.11800 0.000002095340 
0.11850 0.000002009160 
0.11900 0.000001922984 
0.11950 0.000001836804 
0.12000 0.000001758622 
0.12050 0.000001685974 
0.12100 0.000001613324 
0.12150 0.000001540676 
0.12200 0.000001477768 
0.12250 0.000001416462 
0.12300 0.000001355156 
0.12350 0.000001294978 
0.12400 0.000001243196 
0.12450 0.000001191412 
0.12500 0.000001139630 
0.12550 0.000001090808 
0.12600 0.000001047026 
0.12650 0.000001003246 
0.12700 0.000000959466 
0.12750 0.000000919818 
0.12800 0.000000882770 
0.12850 0.000000845722 
0.12900 0.000000808674 
0.12950 0.000000776442 
0.13000 0.000000745064 
0.13050 0.000000713686 
0.13100 0.000000682674 
0.13150 0.000000656078 
0.13200 0.000000629480 
0.13250 0.000000602884 
0.13300 0.000000577480 
0.13350 0.000000554916 
0.13400 0.000000532354 
0.13450 0.000000509790 
0.13500 0.000000488954 
0.13550 0.000000469798 
0.13600 0.000000450642 
0.13650 0.000000431488 
0.13700 0.000000414374 
0.13750 0.000000398102 
0.13800 0.000000381828 
0.13850 0.000000365556 
0.13900 0.000000351482 
0.13950 0.000000337648 
0.14000 0.000000323812 
0.14050 0.000000310156 
0.14100 0.000000298388 
0.14150 0.000000286620 
0.14200 0.000000274852 
0.14250 0.000000263540 
0.14300 0.000000253524 
0.14350 0.000000243506 
0.14400 0.000000233490 
0.14450 0.000000224106 
0.14500 0.000000215574 
0.14550 0.000000207044 
0.14600 0.000000198512 
0.14650 0.000000190714 
0.14700 0.000000183444 
0.14750 0.000000176175 
0.14800 0.000000168905 
0.14850 0.000000162414 
0.14900 0.000000156217 
0.14950 0.000000150020 
0.15000 0.000000143823 
0.15050 0.000000138409 
0.15100 0.000000133124 
0.15150 0.000000127838 
0.15200 0.000000122553 
0.15250 0.000000118029 
0.15300 0.000000113519 
0.15350 0.000000109009 
0.15400 0.000000104560 
0.15450 0.000000100711 
0.15500 0.000000096862 
0.15550 0.000000093013 
0.15600 0.000000089272 
0.15650 0.000000085985 
0.15700 0.000000082698 
0.15750 0.000000079411 
0.15800 0.000000076258 
0.15850 0.000000073450 
0.15900 0.000000070642 
0.15950 0.000000067835 
0.16000 0.000000065171 
0.16050 0.000000062772 
0.16100 0.000000060374 
0.16150 0.000000057975 
0.16200 0.000000055720 
0.16250 0.000000053670 
0.16300 0.000000051621 
0.16350 0.000000049571 
0.16400 0.000000047657 
0.16450 0.000000045905 
0.16500 0.000000044153 
0.16550 0.000000042401 
0.16600 0.000000040774 
0.16650 0.000000039276 
0.16700 0.000000037779 
0.16750 0.000000036281 
0.16800 0.000000034894 
0.16850 0.000000033613 
0.16900 0.000000032332 
0.16950 0.000000031051 
0.17000 0.000000029865 
0.17050 0.000000028770 
0.17100 0.000000027675 
0.17150 0.000000026580 
0.17200 0.000000025564 
0.17250 0.000000024628 
0.17300 0.000000023691 
0.17350 0.000000022754 
0.17400 0.000000021881 
0.17450 0.000000021080 
0.17500 0.000000020279 
0.17550 0.000000019478 
0.17600 0.000000018727 
0.17650 0.000000018041 
0.17700 0.000000017356 
0.17750 0.000000016671 
0.17800 0.000000016024 
0.17850 0.000000015438 
0.17900 0.000000014851 
0.17950 0.000000014265 
0.18000 0.000000013705 
0.18050 0.000000013204 
0.18100 0.000000012702 
0.18150 0.000000012201 
0.18200 0.000000011716 
0.18250 0.000000011287 
0.18300 0.000000010858 
0.18350 0.000000010429 
0.18400 0.000000010008 
0.18450 0.000000009641 
0.18500 0.000000009274 
0.18550 0.000000008908 
0.18600 0.000000008542 
0.18650 0.000000008228 
0.18700 0.000000007914 
0.18750 0.000000007601 
0.18800 0.000000007287 
0.18850 0.000000007014 
0.18900 0.000000006746 
0.18950 0.000000006478 
0.19000 0.000000006210 
0.19050 0.000000005971 
0.19100 0.000000005742 
0.19150 0.000000005512 
0.19200 0.000000005283 
0.19250 0.000000005074 
0.19300 0.000000004878 
0.19350 0.000000004682 
0.19400 0.000000004486 
0.19450 0.000000004303 
0.19500 0.000000004136 
0.19550 0.000000003968 
0.19600 0.000000003801 
0.19650 0.000000003641 
0.19700 0.000000003498 
0.19750 0.000000003355 
0.19800 0.000000003212 
0.19850 0.000000003072 
0.19900 0.000000002950 
0.19950 0.000000002827 
0.20000 0.000000002705 
0.20050 0.000000002583 
0.20100 0.000000002479 
0.20150 0.000000002374 
0.20200 0.000000002270 
0.20250 0.000000002166 
0.20300 0.000000002074 
0.20350 0.000000001985 
0.20400 0.000000001896 
0.20450 0.000000001808 
0.20500 0.000000001727 
0.20550 0.000000001652 
0.20600 0.000000001576 
0.20650 0.000000001500 
0.20700 0.000000001430 
0.20750 0.000000001366 
0.20800 0.000000001302 
0.20850 0.000000001237 
0.20900 0.000000001176 
0.20950 0.000000001122 
0.21000 0.000000001067 
0.21050 0.000000001012 
0.21100 0.000000000959 
0.21150 0.000000000913 
0.21200 0.000000000866 
0.21250 0.000000000820 
0.21300 0.000000000774 
0.21350 0.000000000735 
0.21400 0.000000000696 
0.21450 0.000000000657 
0.21500 0.000000000618 
0.21550 0.000000000585 
0.21600 0.000000000551 
0.21650 0.000000000518 
0.21700 0.000000000485 
0.21750 0.000000000457 
0.21800 0.000000000430 
0.21850 0.000000000402 
0.21900 0.000000000374 
0.21950 0.000000000351 
0.22000 0.000000000328 
0.22050 0.000000000304 
0.22100 0.000000000281 
0.22150 0.000000000262 
0.22200 0.000000000243 
0.22250 0.000000000223 
0.22300 0.000000000204 
0.22350 0.000000000189 
0.22400 0.000000000173 
0.22450 0.000000000157 
0.22500 0.000000000142 
0.22550 0.000000000129 
0.22600 0.000000000117 
0.22650 0.000000000104 
0.22700 0.000000000092 
0.22750 0.000000000082 
0.22800 0.000000000072 
0.22850 0.000000000062 
0.22900 0.000000000054 
0.22950 0.000000000047 
0.23000 0.000000000039 
0.23050 0.000000000032 
0.23100 0.000000000027 
0.23150 0.000000000021 
0.23200 0.000000000016 
0.23250 0.000000000012 
0.23300 0.000000000009 
0.23350 0.000000000006 
