0.00000 177.244000000000 
0.00050 152.938400000000 
0.00100 128.632800000000 
0.00150 104.327200000000 
0.00200 80.021600000000 
0.00250 64.463800000000 
0.00300 51.516200000000 
0.00350 41.538600000000 
0.00400 34.308000000000 
0.00450 27.648600000000 
0.00500 23.443400000000 
0.00550 19.238100000000 
0.00600 16.347780000000 
0.00650 13.817280000000 
0.00700 11.590180000000 
0.00750 10.022800000000 
0.00800 8.455440000000 
0.00850 7.336880000000 
0.00900 6.341700000000 
0.00950 5.415940000000 
0.01000 4.770300000000 
0.01050 4.124660000000 
0.01100 3.602120000000 
0.01150 3.175260000000 
0.01200 2.748400000000 
0.01250 2.444760000000 
0.01300 2.157780000000 
0.01350 1.885146000000 
0.01400 1.689300000000 
0.01450 1.493456000000 
0.01500 1.321532000000 
0.01550 1.186078000000 
0.01600 1.050624000000 
0.01650 0.939542000000 
0.01700 0.844718000000 
0.01750 0.749892000000 
0.01800 0.676454000000 
0.01850 0.609338000000 
0.01900 0.542224000000 
0.01950 0.492606000000 
0.02000 0.444626000000 
0.02050 0.397050000000 
0.02100 0.362436000000 
0.02150 0.327820000000 
0.02200 0.294348000000 
0.02250 0.269164000000 
0.02300 0.243982000000 
0.02350 0.220066000000 
0.02400 0.201604000000 
0.02450 0.183141800000 
0.02500 0.165813200000 
0.02550 0.152181200000 
0.02600 0.138549200000 
0.02650 0.125829000000 
0.02700 0.115697400000 
0.02750 0.105565800000 
0.02800 0.096116800000 
0.02850 0.088540600000 
0.02900 0.080964400000 
0.02950 0.073868600000 
0.03000 0.068171200000 
0.03050 0.062473800000 
0.03100 0.057091800000 
0.03150 0.052784600000 
0.03200 0.048477600000 
0.03250 0.044358000000 
0.03300 0.041085800000 
0.03350 0.037813800000 
0.03400 0.034634200000 
0.03450 0.032137000000 
0.03500 0.029639600000 
0.03550 0.027166800000 
0.03600 0.025252600000 
0.03650 0.023338400000 
0.03700 0.021424200000 
0.03750 0.019928700000 
0.03800 0.018455460000 
0.03850 0.016982220000 
0.03900 0.015791040000 
0.03950 0.014652900000 
0.04000 0.013514740000 
0.04050 0.012560420000 
0.04100 0.011677960000 
0.04150 0.010795520000 
0.04200 0.010026960000 
0.04250 0.009340440000 
0.04300 0.008653900000 
0.04350 0.008032020000 
0.04400 0.007496200000 
0.04450 0.006960360000 
0.04500 0.006455000000 
0.04550 0.006035500000 
0.04600 0.005616020000 
0.04650 0.005203720000 
0.04700 0.004874360000 
0.04750 0.004544980000 
0.04800 0.004215620000 
0.04850 0.003948100000 
0.04900 0.003688780000 
0.04950 0.003429440000 
0.05000 0.003206780000 
0.05050 0.003002060000 
0.05100 0.002797320000 
0.05150 0.002611600000 
0.05200 0.002449560000 
0.05250 0.002287540000 
0.05300 0.002132300000 
0.05350 0.002003740000 
0.05400 0.001875186000 
0.05450 0.001746628000 
0.05500 0.001642980000 
0.05550 0.001540742000 
0.05600 0.001438502000 
0.05650 0.001350254000 
0.05700 0.001268760000 
0.05750 0.001187266000 
0.05800 0.001112120000 
0.05850 0.001047018000 
0.05900 0.000981916000 
0.05950 0.000917912000 
0.06000 0.000865796000 
0.06050 0.000813678000 
0.06100 0.000761560000 
0.06150 0.000717344000 
0.06200 0.000675534000 
0.06250 0.000633726000 
0.06300 0.000595468000 
0.06350 0.000561860000 
0.06400 0.000528252000 
0.06450 0.000495194000 
0.06500 0.000468126000 
0.06550 0.000441056000 
0.06600 0.000413988000 
0.06650 0.000390682000 
0.06700 0.000368838000 
0.06750 0.000346994000 
0.06800 0.000326574000 
0.06850 0.000308914000 
0.06900 0.000291254000 
0.06950 0.000273594000 
0.07000 0.000259106000 
0.07050 0.000244802000 
0.07100 0.000230498000 
0.07150 0.000217638000 
0.07200 0.000206032000 
0.07250 0.000194424800 
0.07300 0.000183057400 
0.07350 0.000173622800 
0.07400 0.000164188000 
0.07450 0.000154753200 
0.07500 0.000146492800 
0.07550 0.000138810400 
0.07600 0.000131127800 
0.07650 0.000123750400 
0.07700 0.000117484000 
0.07750 0.000111217800 
0.07800 0.000104951400 
0.07850 0.000099540400 
0.07900 0.000094420600 
0.07950 0.000089301000 
0.08000 0.000084425000 
0.08050 0.000080235200 
0.08100 0.000076045200 
0.08150 0.000071855400 
0.08200 0.000068243000 
0.08250 0.000064808400 
0.08300 0.000061374000 
0.08350 0.000058094800 
0.08400 0.000055275200 
0.08450 0.000052455400 
0.08500 0.000049635600 
0.08550 0.000047180400 
0.08600 0.000044861800 
0.08650 0.000042543000 
0.08700 0.000040301600 
0.08750 0.000038392000 
0.08800 0.000036482400 
0.08850 0.000034572800 
0.08900 0.000032876600 
0.08950 0.000031301400 
0.09000 0.000029726200 
0.09050 0.000028171200 
0.09100 0.000026870200 
0.09150 0.000025569000 
0.09200 0.000024267800 
0.09250 0.000023078400 
0.09300 0.000022002000 
0.09350 0.000020925600 
0.09400 0.000019849160 
0.09450 0.000018940500 
0.09500 0.000018048720 
0.09550 0.000017156920 
0.09600 0.000016312020 
0.09650 0.000015572140 
0.09700 0.000014832240 
0.09750 0.000014092360 
0.09800 0.000013439760 
0.09850 0.000012825040 
0.09900 0.000012210340 
0.09950 0.000011603360 
0.10000 0.000011091940 
0.10050 0.000010580520 
0.10100 0.000010069100 
0.10150 0.000009595420 
0.10200 0.000009169360 
0.10250 0.000008743320 
0.10300 0.000008317260 
0.10350 0.000007947640 
0.10400 0.000007592240 
0.10450 0.000007236840 
0.10500 0.000006889940 
0.10550 0.000006593100 
0.10600 0.000006296240 
0.10650 0.000005999380 
0.10700 0.000005725980 
0.10750 0.000005477720 
0.10800 0.000005229460 
0.10850 0.000004981200 
0.10900 0.000004765640 
0.10950 0.000004557760 
0.11000 0.000004349880 
0.11050 0.000004146320 
0.11100 0.000003972040 
0.11150 0.000003797780 
0.11200 0.000003623500 
0.11250 0.000003461480 
0.11300 0.000003315220 
0.11350 0.000003168940 
0.11400 0.000003022660 
0.11450 0.000002893640 
0.11500 0.000002770740 
0.11550 0.000002647820 
0.11600 0.000002525520 
0.11650 0.000002422120 
0.11700 0.000002318720 
0.11750 0.000002215320 
0.11800 0.000002117080 
0.11850 0.000002030000 
0.11900 0.000001942928 
0.11950 0.000001855854 
0.12000 0.000001776860 
0.12050 0.000001703458 
0.12100 0.000001630056 
0.12150 0.000001556654 
0.12200 0.000001493092 
0.12250 0.000001431152 
0.12300 0.000001369210 
0.12350 0.000001308408 
0.12400 0.000001256088 
0.12450 0.000001203768 
0.12500 0.000001151448 
0.12550 0.000001102120 
0.12600 0.000001057886 
0.12650 0.000001013650 
0.12700 0.000000969416 
0.12750 0.000000929356 
0.12800 0.000000891924 
0.12850 0.000000854492 
0.12900 0.000000817060 
0.12950 0.000000784494 
0.13000 0.000000752790 
0.13050 0.000000721088 
0.13100 0.000000689754 
0.13150 0.000000662882 
0.13200 0.000000636008 
0.13250 0.000000609136 
0.13300 0.000000583468 
0.13350 0.000000560672 
0.13400 0.000000537874 
0.13450 0.000000515078 
0.13500 0.000000494024 
0.13550 0.000000474670 
0.13600 0.000000455316 
0.13650 0.000000435962 
0.13700 0.000000418672 
0.13750 0.000000402230 
0.13800 0.000000385788 
0.13850 0.000000369346 
0.13900 0.000000355126 
0.13950 0.000000341148 
0.14000 0.000000327170 
0.14050 0.000000313372 
0.14100 0.000000301482 
0.14150 0.000000289592 
0.14200 0.000000277702 
0.14250 0.000000266274 
0.14300 0.000000256152 
0.14350 0.000000246032 
0.14400 0.000000235912 
0.14450 0.000000226430 
0.14500 0.000000217810 
0.14550 0.000000209190 
0.14600 0.000000200570 
0.14650 0.000000192692 
0.14700 0.000000185347 
0.14750 0.000000178002 
0.14800 0.000000170657 
0.14850 0.000000164098 
0.14900 0.000000157837 
0.14950 0.000000151576 
0.15000 0.000000145315 
0.15050 0.000000139845 
0.15100 0.000000134504 
0.15150 0.000000129164 
0.15200 0.000000123824 
0.15250 0.000000119253 
0.15300 0.000000114696 
0.15350 0.000000110140 
0.15400 0.000000105645 
0.15450 0.000000101756 
0.15500 0.000000097867 
0.15550 0.000000093978 
0.15600 0.000000090197 
0.15650 0.000000086877 
0.15700 0.000000083556 
0.15750 0.000000080235 
0.15800 0.000000077049 
0.15850 0.000000074212 
0.15900 0.000000071375 
0.15950 0.000000068538 
0.16000 0.000000065846 
0.16050 0.000000063423 
0.16100 0.000000061000 
0.16150 0.000000058576 
0.16200 0.000000056298 
0.16250 0.000000054227 
0.16300 0.000000052156 
0.16350 0.000000050085 
0.16400 0.000000048151 
0.16450 0.000000046381 
0.16500 0.000000044611 
0.16550 0.000000042841 
0.16600 0.000000041196 
0.16650 0.000000039683 
0.16700 0.000000038170 
0.16750 0.000000036657 
0.16800 0.000000035255 
0.16850 0.000000033961 
0.16900 0.000000032667 
0.16950 0.000000031373 
0.17000 0.000000030175 
0.17050 0.000000029069 
0.17100 0.000000027962 
0.17150 0.000000026856 
0.17200 0.000000025829 
0.17250 0.000000024883 
0.17300 0.000000023936 
0.17350 0.000000022990 
0.17400 0.000000022108 
0.17450 0.000000021299 
0.17500 0.000000020489 
0.17550 0.000000019680 
0.17600 0.000000018921 
0.17650 0.000000018229 
0.17700 0.000000017536 
0.17750 0.000000016844 
0.17800 0.000000016190 
0.17850 0.000000015598 
0.17900 0.000000015006 
0.17950 0.000000014413 
0.18000 0.000000013848 
0.18050 0.000000013341 
0.18100 0.000000012834 
0.18150 0.000000012327 
0.18200 0.000000011837 
0.18250 0.000000011404 
0.18300 0.000000010970 
0.18350 0.000000010537 
0.18400 0.000000010111 
0.18450 0.000000009741 
0.18500 0.000000009371 
0.18550 0.000000009000 
0.18600 0.000000008630 
0.18650 0.000000008313 
0.18700 0.000000007996 
0.18750 0.000000007679 
0.18800 0.000000007362 
0.18850 0.000000007087 
0.18900 0.000000006816 
0.18950 0.000000006545 
0.19000 0.000000006274 
0.19050 0.000000006033 
0.19100 0.000000005801 
0.19150 0.000000005569 
0.19200 0.000000005338 
0.19250 0.000000005127 
0.19300 0.000000004929 
0.19350 0.000000004731 
0.19400 0.000000004533 
0.19450 0.000000004348 
0.19500 0.000000004179 
0.19550 0.000000004009 
0.19600 0.000000003840 
0.19650 0.000000003679 
0.19700 0.000000003534 
0.19750 0.000000003389 
0.19800 0.000000003245 
0.19850 0.000000003103 
0.19900 0.000000002980 
0.19950 0.000000002857 
0.20000 0.000000002733 
0.20050 0.000000002610 
0.20100 0.000000002504 
0.20150 0.000000002399 
0.20200 0.000000002293 
0.20250 0.000000002188 
0.20300 0.000000002096 
0.20350 0.000000002006 
0.20400 0.000000001916 
0.20450 0.000000001826 
0.20500 0.000000001745 
0.20550 0.000000001669 
0.20600 0.000000001592 
0.20650 0.000000001516 
0.20700 0.000000001445 
0.20750 0.000000001380 
0.20800 0.000000001315 
0.20850 0.000000001250 
0.20900 0.000000001189 
0.20950 0.000000001133 
0.21000 0.000000001078 
0.21050 0.000000001023 
0.21100 0.000000000969 
0.21150 0.000000000922 
0.21200 0.000000000875 
0.21250 0.000000000828 
0.21300 0.000000000782 
0.21350 0.000000000743 
0.21400 0.000000000703 
0.21450 0.000000000664 
0.21500 0.000000000624 
0.21550 0.000000000591 
0.21600 0.000000000557 
0.21650 0.000000000524 
0.21700 0.000000000490 
0.21750 0.000000000462 
0.21800 0.000000000434 
0.21850 0.000000000406 
0.21900 0.000000000378 
0.21950 0.000000000355 
0.22000 0.000000000331 
0.22050 0.000000000308 
0.22100 0.000000000284 
0.22150 0.000000000265 
0.22200 0.000000000245 
0.22250 0.000000000226 
0.22300 0.000000000207 
0.22350 0.000000000191 
0.22400 0.000000000175 
0.22450 0.000000000159 
0.22500 0.000000000144 
0.22550 0.000000000131 
0.22600 0.000000000118 
0.22650 0.000000000105 
0.22700 0.000000000093 
0.22750 0.000000000083 
0.22800 0.000000000073 
0.22850 0.000000000063 
0.22900 0.000000000055 
0.22950 0.000000000047 
0.23000 0.000000000039 
0.23050 0.000000000032 
0.23100 0.000000000027 
0.23150 0.000000000021 
0.23200 0.000000000016 
0.23250 0.000000000012 
0.23300 0.000000000009 
0.23350 0.000000000006 
