0.00000 179.118800000000 
0.00050 154.556200000000 
0.00100 129.993400000000 
0.00150 105.430800000000 
0.00200 80.868000000000 
0.00250 65.145800000000 
0.00300 52.061000000000 
0.00350 41.978000000000 
0.00400 34.670800000000 
0.00450 27.941000000000 
0.00500 23.691400000000 
0.00550 19.441600000000 
0.00600 16.520700000000 
0.00650 13.963420000000 
0.00700 11.712780000000 
0.00750 10.128820000000 
0.00800 8.544880000000 
0.00850 7.414480000000 
0.00900 6.408780000000 
0.00950 5.473220000000 
0.01000 4.820760000000 
0.01050 4.168300000000 
0.01100 3.640220000000 
0.01150 3.208840000000 
0.01200 2.777460000000 
0.01250 2.470620000000 
0.01300 2.180600000000 
0.01350 1.905086000000 
0.01400 1.707170000000 
0.01450 1.509254000000 
0.01500 1.335510000000 
0.01550 1.198624000000 
0.01600 1.061738000000 
0.01650 0.949482000000 
0.01700 0.853652000000 
0.01750 0.757824000000 
0.01800 0.683610000000 
0.01850 0.615784000000 
0.01900 0.547958000000 
0.01950 0.497818000000 
0.02000 0.449330000000 
0.02050 0.401250000000 
0.02100 0.366270000000 
0.02150 0.331288000000 
0.02200 0.297460000000 
0.02250 0.272012000000 
0.02300 0.246562000000 
0.02350 0.222394000000 
0.02400 0.203736000000 
0.02450 0.185079200000 
0.02500 0.167567000000 
0.02550 0.153791000000 
0.02600 0.140014800000 
0.02650 0.127160000000 
0.02700 0.116921200000 
0.02750 0.106682400000 
0.02800 0.097133400000 
0.02850 0.089477200000 
0.02900 0.081820800000 
0.02950 0.074650000000 
0.03000 0.068892200000 
0.03050 0.063134600000 
0.03100 0.057695600000 
0.03150 0.053343000000 
0.03200 0.048990400000 
0.03250 0.044827200000 
0.03300 0.041520400000 
0.03350 0.038213800000 
0.03400 0.035000600000 
0.03450 0.032476800000 
0.03500 0.029953000000 
0.03550 0.027454200000 
0.03600 0.025519800000 
0.03650 0.023585200000 
0.03700 0.021650800000 
0.03750 0.020139400000 
0.03800 0.018650680000 
0.03850 0.017161860000 
0.03900 0.015958080000 
0.03950 0.014807880000 
0.04000 0.013657680000 
0.04050 0.012693280000 
0.04100 0.011801500000 
0.04150 0.010909700000 
0.04200 0.010133040000 
0.04250 0.009439240000 
0.04300 0.008745440000 
0.04350 0.008116980000 
0.04400 0.007575480000 
0.04450 0.007033980000 
0.04500 0.006523280000 
0.04550 0.006099340000 
0.04600 0.005675420000 
0.04650 0.005258760000 
0.04700 0.004925920000 
0.04750 0.004593060000 
0.04800 0.004260200000 
0.04850 0.003989860000 
0.04900 0.003727800000 
0.04950 0.003465720000 
0.05000 0.003240700000 
0.05050 0.003033820000 
0.05100 0.002826920000 
0.05150 0.002639220000 
0.05200 0.002475480000 
0.05250 0.002311720000 
0.05300 0.002154860000 
0.05350 0.002024940000 
0.05400 0.001895022000 
0.05450 0.001765104000 
0.05500 0.001660360000 
0.05550 0.001557040000 
0.05600 0.001453718000 
0.05650 0.001364538000 
0.05700 0.001282182000 
0.05750 0.001199826000 
0.05800 0.001123884000 
0.05850 0.001058094000 
0.05900 0.000992304000 
0.05950 0.000927622000 
0.06000 0.000874954000 
0.06050 0.000822284000 
0.06100 0.000769616000 
0.06150 0.000724932000 
0.06200 0.000682680000 
0.06250 0.000640428000 
0.06300 0.000601766000 
0.06350 0.000567802000 
0.06400 0.000533840000 
0.06450 0.000500432000 
0.06500 0.000473078000 
0.06550 0.000445722000 
0.06600 0.000418368000 
0.06650 0.000394814000 
0.06700 0.000372740000 
0.06750 0.000350664000 
0.06800 0.000330028000 
0.06850 0.000312182000 
0.06900 0.000294336000 
0.06950 0.000276488000 
0.07000 0.000261848000 
0.07050 0.000247392000 
0.07100 0.000232936000 
0.07150 0.000219940000 
0.07200 0.000208212000 
0.07250 0.000196481400 
0.07300 0.000184993800 
0.07350 0.000175459200 
0.07400 0.000165924800 
0.07450 0.000156390200 
0.07500 0.000148042400 
0.07550 0.000140278600 
0.07600 0.000132515000 
0.07650 0.000125059400 
0.07700 0.000118726800 
0.07750 0.000112394200 
0.07800 0.000106061600 
0.07850 0.000100593400 
0.07900 0.000095419400 
0.07950 0.000090245600 
0.08000 0.000085318000 
0.08050 0.000081083800 
0.08100 0.000076849600 
0.08150 0.000072615400 
0.08200 0.000068964800 
0.08250 0.000065494000 
0.08300 0.000062023200 
0.08350 0.000058709400 
0.08400 0.000055859800 
0.08450 0.000053010200 
0.08500 0.000050160600 
0.08550 0.000047679600 
0.08600 0.000045336200 
0.08650 0.000042993000 
0.08700 0.000040728000 
0.08750 0.000038798200 
0.08800 0.000036868400 
0.08850 0.000034938600 
0.08900 0.000033224200 
0.08950 0.000031632400 
0.09000 0.000030040800 
0.09050 0.000028469200 
0.09100 0.000027154400 
0.09150 0.000025839400 
0.09200 0.000024524600 
0.09250 0.000023322600 
0.09300 0.000022234800 
0.09350 0.000021147000 
0.09400 0.000020059200 
0.09450 0.000019140860 
0.09500 0.000018239640 
0.09550 0.000017338420 
0.09600 0.000016484560 
0.09650 0.000015736860 
0.09700 0.000014989140 
0.09750 0.000014241420 
0.09800 0.000013581920 
0.09850 0.000012960700 
0.09900 0.000012339480 
0.09950 0.000011726100 
0.10000 0.000011209280 
0.10050 0.000010692440 
0.10100 0.000010175620 
0.10150 0.000009696920 
0.10200 0.000009266360 
0.10250 0.000008835800 
0.10300 0.000008405240 
0.10350 0.000008031720 
0.10400 0.000007672540 
0.10450 0.000007313380 
0.10500 0.000006962820 
0.10550 0.000006662840 
0.10600 0.000006362840 
0.10650 0.000006062840 
0.10700 0.000005786540 
0.10750 0.000005535660 
0.10800 0.000005284780 
0.10850 0.000005033880 
0.10900 0.000004816060 
0.10950 0.000004605980 
0.11000 0.000004395900 
0.11050 0.000004190180 
0.11100 0.000004014060 
0.11150 0.000003837940 
0.11200 0.000003661820 
0.11250 0.000003498100 
0.11300 0.000003350280 
0.11350 0.000003202460 
0.11400 0.000003054640 
0.11450 0.000002924260 
0.11500 0.000002800040 
0.11550 0.000002675840 
0.11600 0.000002552240 
0.11650 0.000002447740 
0.11700 0.000002343260 
0.11750 0.000002238760 
0.11800 0.000002139460 
0.11850 0.000002051480 
0.11900 0.000001963480 
0.11950 0.000001875484 
0.12000 0.000001795656 
0.12050 0.000001721476 
0.12100 0.000001647298 
0.12150 0.000001573120 
0.12200 0.000001508886 
0.12250 0.000001446290 
0.12300 0.000001383694 
0.12350 0.000001322248 
0.12400 0.000001269374 
0.12450 0.000001216502 
0.12500 0.000001163628 
0.12550 0.000001113778 
0.12600 0.000001069076 
0.12650 0.000001024372 
0.12700 0.000000979670 
0.12750 0.000000939186 
0.12800 0.000000901358 
0.12850 0.000000863532 
0.12900 0.000000825704 
0.12950 0.000000792792 
0.13000 0.000000760754 
0.13050 0.000000728714 
0.13100 0.000000697050 
0.13150 0.000000669894 
0.13200 0.000000642736 
0.13250 0.000000615578 
0.13300 0.000000589640 
0.13350 0.000000566602 
0.13400 0.000000543564 
0.13450 0.000000520526 
0.13500 0.000000499250 
0.13550 0.000000479692 
0.13600 0.000000460132 
0.13650 0.000000440574 
0.13700 0.000000423100 
0.13750 0.000000406484 
0.13800 0.000000389870 
0.13850 0.000000373254 
0.13900 0.000000358884 
0.13950 0.000000344758 
0.14000 0.000000330632 
0.14050 0.000000316688 
0.14100 0.000000304672 
0.14150 0.000000292656 
0.14200 0.000000280640 
0.14250 0.000000269090 
0.14300 0.000000258862 
0.14350 0.000000248634 
0.14400 0.000000238406 
0.14450 0.000000228824 
0.14500 0.000000220114 
0.14550 0.000000211404 
0.14600 0.000000202692 
0.14650 0.000000194730 
0.14700 0.000000187307 
0.14750 0.000000179885 
0.14800 0.000000172462 
0.14850 0.000000165834 
0.14900 0.000000159507 
0.14950 0.000000153179 
0.15000 0.000000146852 
0.15050 0.000000141324 
0.15100 0.000000135927 
0.15150 0.000000130530 
0.15200 0.000000125134 
0.15250 0.000000120514 
0.15300 0.000000115910 
0.15350 0.000000111305 
0.15400 0.000000106762 
0.15450 0.000000102832 
0.15500 0.000000098902 
0.15550 0.000000094972 
0.15600 0.000000091151 
0.15650 0.000000087796 
0.15700 0.000000084440 
0.15750 0.000000081084 
0.15800 0.000000077864 
0.15850 0.000000074997 
0.15900 0.000000072130 
0.15950 0.000000069263 
0.16000 0.000000066543 
0.16050 0.000000064094 
0.16100 0.000000061645 
0.16150 0.000000059196 
0.16200 0.000000056893 
0.16250 0.000000054800 
0.16300 0.000000052708 
0.16350 0.000000050615 
0.16400 0.000000048661 
0.16450 0.000000046872 
0.16500 0.000000045083 
0.16550 0.000000043294 
0.16600 0.000000041632 
0.16650 0.000000040103 
0.16700 0.000000038574 
0.16750 0.000000037045 
0.16800 0.000000035628 
0.16850 0.000000034321 
0.16900 0.000000033013 
0.16950 0.000000031705 
0.17000 0.000000030494 
0.17050 0.000000029376 
0.17100 0.000000028258 
0.17150 0.000000027140 
0.17200 0.000000026103 
0.17250 0.000000025146 
0.17300 0.000000024190 
0.17350 0.000000023233 
0.17400 0.000000022342 
0.17450 0.000000021524 
0.17500 0.000000020706 
0.17550 0.000000019888 
0.17600 0.000000019121 
0.17650 0.000000018421 
0.17700 0.000000017722 
0.17750 0.000000017022 
0.17800 0.000000016361 
0.17850 0.000000015763 
0.17900 0.000000015164 
0.17950 0.000000014566 
0.18000 0.000000013994 
0.18050 0.000000013482 
0.18100 0.000000012970 
0.18150 0.000000012458 
0.18200 0.000000011962 
0.18250 0.000000011524 
0.18300 0.000000011086 
0.18350 0.000000010648 
0.18400 0.000000010218 
0.18450 0.000000009844 
0.18500 0.000000009470 
0.18550 0.000000009095 
0.18600 0.000000008722 
0.18650 0.000000008401 
0.18700 0.000000008081 
0.18750 0.000000007761 
0.18800 0.000000007440 
0.18850 0.000000007162 
0.18900 0.000000006888 
0.18950 0.000000006614 
0.19000 0.000000006340 
0.19050 0.000000006097 
0.19100 0.000000005863 
0.19150 0.000000005628 
0.19200 0.000000005394 
0.19250 0.000000005181 
0.19300 0.000000004981 
0.19350 0.000000004781 
0.19400 0.000000004580 
0.19450 0.000000004394 
0.19500 0.000000004223 
0.19550 0.000000004052 
0.19600 0.000000003881 
0.19650 0.000000003717 
0.19700 0.000000003571 
0.19750 0.000000003425 
0.19800 0.000000003279 
0.19850 0.000000003136 
0.19900 0.000000003012 
0.19950 0.000000002887 
0.20000 0.000000002762 
0.20050 0.000000002638 
0.20100 0.000000002531 
0.20150 0.000000002424 
0.20200 0.000000002318 
0.20250 0.000000002211 
0.20300 0.000000002118 
0.20350 0.000000002027 
0.20400 0.000000001936 
0.20450 0.000000001846 
0.20500 0.000000001764 
0.20550 0.000000001686 
0.20600 0.000000001609 
0.20650 0.000000001532 
0.20700 0.000000001460 
0.20750 0.000000001395 
0.20800 0.000000001329 
0.20850 0.000000001263 
0.20900 0.000000001201 
0.20950 0.000000001145 
0.21000 0.000000001089 
0.21050 0.000000001034 
0.21100 0.000000000980 
0.21150 0.000000000932 
0.21200 0.000000000885 
0.21250 0.000000000837 
0.21300 0.000000000791 
0.21350 0.000000000751 
0.21400 0.000000000711 
0.21450 0.000000000671 
0.21500 0.000000000631 
0.21550 0.000000000597 
0.21600 0.000000000563 
0.21650 0.000000000529 
0.21700 0.000000000495 
0.21750 0.000000000467 
0.21800 0.000000000439 
0.21850 0.000000000410 
0.21900 0.000000000382 
0.21950 0.000000000358 
0.22000 0.000000000335 
0.22050 0.000000000311 
0.22100 0.000000000287 
0.22150 0.000000000267 
0.22200 0.000000000248 
0.22250 0.000000000228 
0.22300 0.000000000209 
0.22350 0.000000000193 
0.22400 0.000000000177 
0.22450 0.000000000160 
0.22500 0.000000000145 
0.22550 0.000000000132 
0.22600 0.000000000119 
0.22650 0.000000000106 
0.22700 0.000000000094 
0.22750 0.000000000084 
0.22800 0.000000000074 
0.22850 0.000000000064 
0.22900 0.000000000055 
0.22950 0.000000000048 
0.23000 0.000000000040 
0.23050 0.000000000033 
0.23100 0.000000000027 
0.23150 0.000000000022 
0.23200 0.000000000016 
0.23250 0.000000000012 
0.23300 0.000000000009 
0.23350 0.000000000006 
