0.00000 181.052800000000 
0.00050 156.225000000000 
0.00100 131.397000000000 
0.00150 106.569200000000 
0.00200 81.741200000000 
0.00250 65.849200000000 
0.00300 52.623200000000 
0.00350 42.431200000000 
0.00400 35.045200000000 
0.00450 28.242800000000 
0.00500 23.947200000000 
0.00550 19.651520000000 
0.00600 16.699080000000 
0.00650 14.114200000000 
0.00700 11.839240000000 
0.00750 10.238200000000 
0.00800 8.637140000000 
0.00850 7.494540000000 
0.00900 6.477980000000 
0.00950 5.532320000000 
0.01000 4.872820000000 
0.01050 4.213300000000 
0.01100 3.679520000000 
0.01150 3.243500000000 
0.01200 2.807460000000 
0.01250 2.497300000000 
0.01300 2.204140000000 
0.01350 1.925656000000 
0.01400 1.725602000000 
0.01450 1.525550000000 
0.01500 1.349930000000 
0.01550 1.211566000000 
0.01600 1.073202000000 
0.01650 0.959732000000 
0.01700 0.862870000000 
0.01750 0.766008000000 
0.01800 0.690990000000 
0.01850 0.622432000000 
0.01900 0.553876000000 
0.01950 0.503192000000 
0.02000 0.454182000000 
0.02050 0.405582000000 
0.02100 0.370224000000 
0.02150 0.334866000000 
0.02200 0.300672000000 
0.02250 0.274948000000 
0.02300 0.249224000000 
0.02350 0.224796000000 
0.02400 0.205936000000 
0.02450 0.187077400000 
0.02500 0.169376400000 
0.02550 0.155451400000 
0.02600 0.141526600000 
0.02650 0.128533000000 
0.02700 0.118183600000 
0.02750 0.107834200000 
0.02800 0.098182200000 
0.02850 0.090443200000 
0.02900 0.082704200000 
0.02950 0.075456000000 
0.03000 0.069636200000 
0.03050 0.063816400000 
0.03100 0.058318600000 
0.03150 0.053919000000 
0.03200 0.049519200000 
0.03250 0.045311200000 
0.03300 0.041968800000 
0.03350 0.038626400000 
0.03400 0.035378600000 
0.03450 0.032827600000 
0.03500 0.030276600000 
0.03550 0.027750600000 
0.03600 0.025795400000 
0.03650 0.023840000000 
0.03700 0.021884600000 
0.03750 0.020357000000 
0.03800 0.018852060000 
0.03850 0.017347160000 
0.03900 0.016130380000 
0.03950 0.014967780000 
0.04000 0.013805160000 
0.04050 0.012830340000 
0.04100 0.011928920000 
0.04150 0.011027500000 
0.04200 0.010242440000 
0.04250 0.009541160000 
0.04300 0.008839860000 
0.04350 0.008204620000 
0.04400 0.007657280000 
0.04450 0.007109940000 
0.04500 0.006593700000 
0.04550 0.006165200000 
0.04600 0.005736700000 
0.04650 0.005315560000 
0.04700 0.004979100000 
0.04750 0.004642660000 
0.04800 0.004306200000 
0.04850 0.004032940000 
0.04900 0.003768040000 
0.04950 0.003503140000 
0.05000 0.003275700000 
0.05050 0.003066560000 
0.05100 0.002857440000 
0.05150 0.002667720000 
0.05200 0.002502200000 
0.05250 0.002336680000 
0.05300 0.002178120000 
0.05350 0.002046800000 
0.05400 0.001915482000 
0.05450 0.001784162000 
0.05500 0.001678288000 
0.05550 0.001573850000 
0.05600 0.001469414000 
0.05650 0.001379272000 
0.05700 0.001296026000 
0.05750 0.001212780000 
0.05800 0.001136018000 
0.05850 0.001069518000 
0.05900 0.001003018000 
0.05950 0.000937638000 
0.06000 0.000884400000 
0.06050 0.000831164000 
0.06100 0.000777926000 
0.06150 0.000732760000 
0.06200 0.000690052000 
0.06250 0.000647344000 
0.06300 0.000608264000 
0.06350 0.000573934000 
0.06400 0.000539604000 
0.06450 0.000505836000 
0.06500 0.000478184000 
0.06550 0.000450534000 
0.06600 0.000422884000 
0.06650 0.000399076000 
0.06700 0.000376764000 
0.06750 0.000354450000 
0.06800 0.000333592000 
0.06850 0.000315552000 
0.06900 0.000297514000 
0.06950 0.000279474000 
0.07000 0.000264674000 
0.07050 0.000250064000 
0.07100 0.000235452000 
0.07150 0.000222316000 
0.07200 0.000210460000 
0.07250 0.000198603000 
0.07300 0.000186991200 
0.07350 0.000177353800 
0.07400 0.000167716200 
0.07450 0.000158078800 
0.07500 0.000149640800 
0.07550 0.000141793200 
0.07600 0.000133945800 
0.07650 0.000126409600 
0.07700 0.000120008600 
0.07750 0.000113607800 
0.07800 0.000107206800 
0.07850 0.000101679400 
0.07900 0.000096449800 
0.07950 0.000091220000 
0.08000 0.000086239200 
0.08050 0.000081959400 
0.08100 0.000077679400 
0.08150 0.000073399400 
0.08200 0.000069709400 
0.08250 0.000066201200 
0.08300 0.000062692800 
0.08350 0.000059343400 
0.08400 0.000056463000 
0.08450 0.000053582600 
0.08500 0.000050702200 
0.08550 0.000048194400 
0.08600 0.000045825800 
0.08650 0.000043457200 
0.08700 0.000041167800 
0.08750 0.000039217000 
0.08800 0.000037266400 
0.08850 0.000035315800 
0.08900 0.000033583000 
0.08950 0.000031974000 
0.09000 0.000030365000 
0.09050 0.000028776600 
0.09100 0.000027447600 
0.09150 0.000026118400 
0.09200 0.000024789400 
0.09250 0.000023574400 
0.09300 0.000022474800 
0.09350 0.000021375200 
0.09400 0.000020275800 
0.09450 0.000019347520 
0.09500 0.000018436580 
0.09550 0.000017525620 
0.09600 0.000016662560 
0.09650 0.000015906760 
0.09700 0.000015150980 
0.09750 0.000014395200 
0.09800 0.000013728560 
0.09850 0.000013100640 
0.09900 0.000012472720 
0.09950 0.000011852700 
0.10000 0.000011330300 
0.10050 0.000010807900 
0.10100 0.000010285480 
0.10150 0.000009801620 
0.10200 0.000009366420 
0.10250 0.000008931200 
0.10300 0.000008496000 
0.10350 0.000008118440 
0.10400 0.000007755400 
0.10450 0.000007392340 
0.10500 0.000007038000 
0.10550 0.000006734780 
0.10600 0.000006431540 
0.10650 0.000006128320 
0.10700 0.000005849020 
0.10750 0.000005595420 
0.10800 0.000005341840 
0.10850 0.000005088240 
0.10900 0.000004868060 
0.10950 0.000004655700 
0.11000 0.000004443360 
0.11050 0.000004235420 
0.11100 0.000004057400 
0.11150 0.000003879380 
0.11200 0.000003701360 
0.11250 0.000003535880 
0.11300 0.000003386460 
0.11350 0.000003237040 
0.11400 0.000003087620 
0.11450 0.000002955840 
0.11500 0.000002830280 
0.11550 0.000002704720 
0.11600 0.000002579780 
0.11650 0.000002474180 
0.11700 0.000002368560 
0.11750 0.000002262940 
0.11800 0.000002162560 
0.11850 0.000002073620 
0.11900 0.000001984680 
0.11950 0.000001895734 
0.12000 0.000001815044 
0.12050 0.000001740064 
0.12100 0.000001665084 
0.12150 0.000001590104 
0.12200 0.000001525178 
0.12250 0.000001461906 
0.12300 0.000001398634 
0.12350 0.000001336526 
0.12400 0.000001283080 
0.12450 0.000001229636 
0.12500 0.000001176192 
0.12550 0.000001125804 
0.12600 0.000001080618 
0.12650 0.000001035434 
0.12700 0.000000990248 
0.12750 0.000000949328 
0.12800 0.000000911092 
0.12850 0.000000872856 
0.12900 0.000000834618 
0.12950 0.000000801352 
0.13000 0.000000768968 
0.13050 0.000000736582 
0.13100 0.000000704576 
0.13150 0.000000677126 
0.13200 0.000000649676 
0.13250 0.000000622226 
0.13300 0.000000596006 
0.13350 0.000000572720 
0.13400 0.000000549432 
0.13450 0.000000526146 
0.13500 0.000000504640 
0.13550 0.000000484870 
0.13600 0.000000465100 
0.13650 0.000000445330 
0.13700 0.000000427670 
0.13750 0.000000410874 
0.13800 0.000000394078 
0.13850 0.000000377284 
0.13900 0.000000362758 
0.13950 0.000000348480 
0.14000 0.000000334202 
0.14050 0.000000320106 
0.14100 0.000000307962 
0.14150 0.000000295816 
0.14200 0.000000283670 
0.14250 0.000000271996 
0.14300 0.000000261658 
0.14350 0.000000251318 
0.14400 0.000000240980 
0.14450 0.000000231296 
0.14500 0.000000222490 
0.14550 0.000000213686 
0.14600 0.000000204880 
0.14650 0.000000196833 
0.14700 0.000000189330 
0.14750 0.000000181827 
0.14800 0.000000174324 
0.14850 0.000000167625 
0.14900 0.000000161229 
0.14950 0.000000154833 
0.15000 0.000000148437 
0.15050 0.000000142850 
0.15100 0.000000137395 
0.15150 0.000000131940 
0.15200 0.000000126485 
0.15250 0.000000121816 
0.15300 0.000000117161 
0.15350 0.000000112506 
0.15400 0.000000107915 
0.15450 0.000000103942 
0.15500 0.000000099970 
0.15550 0.000000095997 
0.15600 0.000000092136 
0.15650 0.000000088743 
0.15700 0.000000085351 
0.15750 0.000000081959 
0.15800 0.000000078704 
0.15850 0.000000075807 
0.15900 0.000000072909 
0.15950 0.000000070011 
0.16000 0.000000067261 
0.16050 0.000000064786 
0.16100 0.000000062311 
0.16150 0.000000059835 
0.16200 0.000000057508 
0.16250 0.000000055392 
0.16300 0.000000053277 
0.16350 0.000000051161 
0.16400 0.000000049186 
0.16450 0.000000047378 
0.16500 0.000000045570 
0.16550 0.000000043761 
0.16600 0.000000042082 
0.16650 0.000000040536 
0.16700 0.000000038991 
0.16750 0.000000037445 
0.16800 0.000000036013 
0.16850 0.000000034691 
0.16900 0.000000033369 
0.16950 0.000000032047 
0.17000 0.000000030823 
0.17050 0.000000029693 
0.17100 0.000000028563 
0.17150 0.000000027433 
0.17200 0.000000026385 
0.17250 0.000000025418 
0.17300 0.000000024451 
0.17350 0.000000023484 
0.17400 0.000000022583 
0.17450 0.000000021756 
0.17500 0.000000020929 
0.17550 0.000000020102 
0.17600 0.000000019327 
0.17650 0.000000018620 
0.17700 0.000000017913 
0.17750 0.000000017206 
0.17800 0.000000016538 
0.17850 0.000000015933 
0.17900 0.000000015328 
0.17950 0.000000014723 
0.18000 0.000000014145 
0.18050 0.000000013628 
0.18100 0.000000013110 
0.18150 0.000000012592 
0.18200 0.000000012092 
0.18250 0.000000011649 
0.18300 0.000000011206 
0.18350 0.000000010763 
0.18400 0.000000010329 
0.18450 0.000000009950 
0.18500 0.000000009572 
0.18550 0.000000009194 
0.18600 0.000000008816 
0.18650 0.000000008492 
0.18700 0.000000008168 
0.18750 0.000000007844 
0.18800 0.000000007521 
0.18850 0.000000007239 
0.18900 0.000000006962 
0.18950 0.000000006686 
0.19000 0.000000006409 
0.19050 0.000000006162 
0.19100 0.000000005926 
0.19150 0.000000005689 
0.19200 0.000000005452 
0.19250 0.000000005237 
0.19300 0.000000005035 
0.19350 0.000000004832 
0.19400 0.000000004630 
0.19450 0.000000004441 
0.19500 0.000000004268 
0.19550 0.000000004096 
0.19600 0.000000003923 
0.19650 0.000000003758 
0.19700 0.000000003610 
0.19750 0.000000003462 
0.19800 0.000000003315 
0.19850 0.000000003170 
0.19900 0.000000003044 
0.19950 0.000000002918 
0.20000 0.000000002792 
0.20050 0.000000002666 
0.20100 0.000000002558 
0.20150 0.000000002450 
0.20200 0.000000002343 
0.20250 0.000000002235 
0.20300 0.000000002141 
0.20350 0.000000002049 
0.20400 0.000000001957 
0.20450 0.000000001866 
0.20500 0.000000001783 
0.20550 0.000000001705 
0.20600 0.000000001627 
0.20650 0.000000001548 
0.20700 0.000000001476 
0.20750 0.000000001410 
0.20800 0.000000001343 
0.20850 0.000000001277 
0.20900 0.000000001214 
0.20950 0.000000001158 
0.21000 0.000000001101 
0.21050 0.000000001045 
0.21100 0.000000000990 
0.21150 0.000000000942 
0.21200 0.000000000894 
0.21250 0.000000000846 
0.21300 0.000000000799 
0.21350 0.000000000759 
0.21400 0.000000000718 
0.21450 0.000000000678 
0.21500 0.000000000638 
0.21550 0.000000000603 
0.21600 0.000000000569 
0.21650 0.000000000535 
0.21700 0.000000000501 
0.21750 0.000000000472 
0.21800 0.000000000443 
0.21850 0.000000000415 
0.21900 0.000000000386 
0.21950 0.000000000362 
0.22000 0.000000000338 
0.22050 0.000000000314 
0.22100 0.000000000290 
0.22150 0.000000000270 
0.22200 0.000000000250 
0.22250 0.000000000230 
0.22300 0.000000000211 
0.22350 0.000000000195 
0.22400 0.000000000178 
0.22450 0.000000000162 
0.22500 0.000000000147 
0.22550 0.000000000134 
0.22600 0.000000000120 
0.22650 0.000000000107 
0.22700 0.000000000095 
0.22750 0.000000000085 
0.22800 0.000000000075 
0.22850 0.000000000064 
0.22900 0.000000000056 
0.22950 0.000000000048 
0.23000 0.000000000040 
0.23050 0.000000000033 
0.23100 0.000000000027 
0.23150 0.000000000022 
0.23200 0.000000000016 
0.23250 0.000000000012 
0.23300 0.000000000009 
0.23350 0.000000000006 
