0.00000 183.045200000000 
0.00050 157.944200000000 
0.00100 132.843000000000 
0.00150 107.741800000000 
0.00200 82.640800000000 
0.00250 66.573800000000 
0.00300 53.202200000000 
0.00350 42.898200000000 
0.00400 35.430800000000 
0.00450 28.553600000000 
0.00500 24.210600000000 
0.00550 19.867780000000 
0.00600 16.882860000000 
0.00650 14.269520000000 
0.00700 11.969520000000 
0.00750 10.350860000000 
0.00800 8.732200000000 
0.00850 7.577020000000 
0.00900 6.549260000000 
0.00950 5.593200000000 
0.01000 4.926440000000 
0.01050 4.259660000000 
0.01100 3.720020000000 
0.01150 3.279180000000 
0.01200 2.838360000000 
0.01250 2.524780000000 
0.01300 2.228400000000 
0.01350 1.946848000000 
0.01400 1.744592000000 
0.01450 1.542338000000 
0.01500 1.364786000000 
0.01550 1.224898000000 
0.01600 1.085012000000 
0.01650 0.970294000000 
0.01700 0.872366000000 
0.01750 0.774436000000 
0.01800 0.698594000000 
0.01850 0.629282000000 
0.01900 0.559970000000 
0.01950 0.508730000000 
0.02000 0.459180000000 
0.02050 0.410046000000 
0.02100 0.374298000000 
0.02150 0.338550000000 
0.02200 0.303982000000 
0.02250 0.277974000000 
0.02300 0.251968000000 
0.02350 0.227270000000 
0.02400 0.208202000000 
0.02450 0.189136200000 
0.02500 0.171240200000 
0.02550 0.157162200000 
0.02600 0.143084000000 
0.02650 0.129947400000 
0.02700 0.119484200000 
0.02750 0.109021000000 
0.02800 0.099262600000 
0.02850 0.091438600000 
0.02900 0.083614400000 
0.02950 0.076286200000 
0.03000 0.070402400000 
0.03050 0.064518600000 
0.03100 0.058960400000 
0.03150 0.054512400000 
0.03200 0.050064200000 
0.03250 0.045810000000 
0.03300 0.042430600000 
0.03350 0.039051400000 
0.03400 0.035767800000 
0.03450 0.033188800000 
0.03500 0.030609600000 
0.03550 0.028056000000 
0.03600 0.026079200000 
0.03650 0.024102200000 
0.03700 0.022125400000 
0.03750 0.020581000000 
0.03800 0.019059520000 
0.03850 0.017538060000 
0.03900 0.016307900000 
0.03950 0.015132480000 
0.04000 0.013957080000 
0.04050 0.012971540000 
0.04100 0.012060200000 
0.04150 0.011148860000 
0.04200 0.010355160000 
0.04250 0.009646140000 
0.04300 0.008937140000 
0.04350 0.008294920000 
0.04400 0.007741540000 
0.04450 0.007188180000 
0.04500 0.006666280000 
0.04550 0.006233040000 
0.04600 0.005799820000 
0.04650 0.005374040000 
0.04700 0.005033900000 
0.04750 0.004693740000 
0.04800 0.004353600000 
0.04850 0.004077320000 
0.04900 0.003809500000 
0.04950 0.003541700000 
0.05000 0.003311740000 
0.05050 0.003100320000 
0.05100 0.002888880000 
0.05150 0.002697080000 
0.05200 0.002529740000 
0.05250 0.002362400000 
0.05300 0.002202100000 
0.05350 0.002069320000 
0.05400 0.001936562000 
0.05450 0.001803796000 
0.05500 0.001696756000 
0.05550 0.001591170000 
0.05600 0.001485584000 
0.05650 0.001394450000 
0.05700 0.001310288000 
0.05750 0.001226126000 
0.05800 0.001148520000 
0.05850 0.001081288000 
0.05900 0.001014056000 
0.05950 0.000947956000 
0.06000 0.000894134000 
0.06050 0.000840310000 
0.06100 0.000786486000 
0.06150 0.000740824000 
0.06200 0.000697646000 
0.06250 0.000654468000 
0.06300 0.000614958000 
0.06350 0.000580250000 
0.06400 0.000545542000 
0.06450 0.000511402000 
0.06500 0.000483448000 
0.06550 0.000455492000 
0.06600 0.000427538000 
0.06650 0.000403468000 
0.06700 0.000380910000 
0.06750 0.000358352000 
0.06800 0.000337264000 
0.06850 0.000319026000 
0.06900 0.000300788000 
0.06950 0.000282548000 
0.07000 0.000267588000 
0.07050 0.000252816000 
0.07100 0.000238042000 
0.07150 0.000224762000 
0.07200 0.000212776000 
0.07250 0.000200788000 
0.07300 0.000189049000 
0.07350 0.000179305400 
0.07400 0.000169562000 
0.07450 0.000159818400 
0.07500 0.000151287600 
0.07550 0.000143353600 
0.07600 0.000135419800 
0.07650 0.000127800800 
0.07700 0.000121329400 
0.07750 0.000114858000 
0.07800 0.000108386600 
0.07850 0.000102798400 
0.07900 0.000097511000 
0.07950 0.000092223800 
0.08000 0.000087188200 
0.08050 0.000082861200 
0.08100 0.000078534200 
0.08150 0.000074207200 
0.08200 0.000070476600 
0.08250 0.000066929600 
0.08300 0.000063382800 
0.08350 0.000059996400 
0.08400 0.000057084400 
0.08450 0.000054172200 
0.08500 0.000051260200 
0.08550 0.000048724600 
0.08600 0.000046330000 
0.08650 0.000043935600 
0.08700 0.000041620800 
0.08750 0.000039648600 
0.08800 0.000037676600 
0.08850 0.000035704400 
0.08900 0.000033952600 
0.08950 0.000032325800 
0.09000 0.000030699200 
0.09050 0.000029093400 
0.09100 0.000027749600 
0.09150 0.000026405800 
0.09200 0.000025062200 
0.09250 0.000023833800 
0.09300 0.000022722200 
0.09350 0.000021610400 
0.09400 0.000020498800 
0.09450 0.000019560440 
0.09500 0.000018639460 
0.09550 0.000017718480 
0.09600 0.000016845920 
0.09650 0.000016081820 
0.09700 0.000015317720 
0.09750 0.000014553600 
0.09800 0.000013879640 
0.09850 0.000013244820 
0.09900 0.000012609980 
0.09950 0.000011983140 
0.10000 0.000011454980 
0.10050 0.000010926840 
0.10100 0.000010398680 
0.10150 0.000009909480 
0.10200 0.000009469480 
0.10250 0.000009029500 
0.10300 0.000008589500 
0.10350 0.000008207780 
0.10400 0.000007840740 
0.10450 0.000007473700 
0.10500 0.000007115460 
0.10550 0.000006808880 
0.10600 0.000006502320 
0.10650 0.000006195740 
0.10700 0.000005913400 
0.10750 0.000005657000 
0.10800 0.000005400620 
0.10850 0.000005144240 
0.10900 0.000004921620 
0.10950 0.000004706940 
0.11000 0.000004492260 
0.11050 0.000004282040 
0.11100 0.000004102060 
0.11150 0.000003922080 
0.11200 0.000003742100 
0.11250 0.000003574780 
0.11300 0.000003423720 
0.11350 0.000003272660 
0.11400 0.000003121600 
0.11450 0.000002988360 
0.11500 0.000002861420 
0.11550 0.000002734480 
0.11600 0.000002608180 
0.11650 0.000002501400 
0.11700 0.000002394620 
0.11750 0.000002287840 
0.11800 0.000002186360 
0.11850 0.000002096440 
0.11900 0.000002006520 
0.11950 0.000001916596 
0.12000 0.000001835018 
0.12050 0.000001759212 
0.12100 0.000001683408 
0.12150 0.000001607602 
0.12200 0.000001541962 
0.12250 0.000001477994 
0.12300 0.000001414026 
0.12350 0.000001351234 
0.12400 0.000001297200 
0.12450 0.000001243168 
0.12500 0.000001189136 
0.12550 0.000001138192 
0.12600 0.000001092510 
0.12650 0.000001046828 
0.12700 0.000001001146 
0.12750 0.000000959774 
0.12800 0.000000921118 
0.12850 0.000000882460 
0.12900 0.000000843804 
0.12950 0.000000810170 
0.13000 0.000000777430 
0.13050 0.000000744688 
0.13100 0.000000712330 
0.13150 0.000000684578 
0.13200 0.000000656826 
0.13250 0.000000629072 
0.13300 0.000000602566 
0.13350 0.000000579022 
0.13400 0.000000555478 
0.13450 0.000000531936 
0.13500 0.000000510194 
0.13550 0.000000490206 
0.13600 0.000000470218 
0.13650 0.000000450232 
0.13700 0.000000432376 
0.13750 0.000000415396 
0.13800 0.000000398416 
0.13850 0.000000381436 
0.13900 0.000000366750 
0.13950 0.000000352314 
0.14000 0.000000337880 
0.14050 0.000000323630 
0.14100 0.000000311350 
0.14150 0.000000299070 
0.14200 0.000000286792 
0.14250 0.000000274988 
0.14300 0.000000264536 
0.14350 0.000000254084 
0.14400 0.000000243632 
0.14450 0.000000233840 
0.14500 0.000000224940 
0.14550 0.000000216038 
0.14600 0.000000207136 
0.14650 0.000000198999 
0.14700 0.000000191413 
0.14750 0.000000183828 
0.14800 0.000000176243 
0.14850 0.000000169469 
0.14900 0.000000163003 
0.14950 0.000000156537 
0.15000 0.000000150071 
0.15050 0.000000144422 
0.15100 0.000000138907 
0.15150 0.000000133392 
0.15200 0.000000127877 
0.15250 0.000000123156 
0.15300 0.000000118450 
0.15350 0.000000113745 
0.15400 0.000000109103 
0.15450 0.000000105086 
0.15500 0.000000101070 
0.15550 0.000000097054 
0.15600 0.000000093150 
0.15650 0.000000089720 
0.15700 0.000000086291 
0.15750 0.000000082861 
0.15800 0.000000079570 
0.15850 0.000000076641 
0.15900 0.000000073711 
0.15950 0.000000070781 
0.16000 0.000000068002 
0.16050 0.000000065499 
0.16100 0.000000062996 
0.16150 0.000000060494 
0.16200 0.000000058140 
0.16250 0.000000056002 
0.16300 0.000000053863 
0.16350 0.000000051724 
0.16400 0.000000049727 
0.16450 0.000000047899 
0.16500 0.000000046071 
0.16550 0.000000044243 
0.16600 0.000000042545 
0.16650 0.000000040982 
0.16700 0.000000039420 
0.16750 0.000000037857 
0.16800 0.000000036409 
0.16850 0.000000035073 
0.16900 0.000000033736 
0.16950 0.000000032400 
0.17000 0.000000031163 
0.17050 0.000000030020 
0.17100 0.000000028877 
0.17150 0.000000027735 
0.17200 0.000000026675 
0.17250 0.000000025697 
0.17300 0.000000024720 
0.17350 0.000000023742 
0.17400 0.000000022832 
0.17450 0.000000021996 
0.17500 0.000000021160 
0.17550 0.000000020324 
0.17600 0.000000019540 
0.17650 0.000000018825 
0.17700 0.000000018110 
0.17750 0.000000017395 
0.17800 0.000000016720 
0.17850 0.000000016108 
0.17900 0.000000015497 
0.17950 0.000000014885 
0.18000 0.000000014301 
0.18050 0.000000013778 
0.18100 0.000000013254 
0.18150 0.000000012731 
0.18200 0.000000012225 
0.18250 0.000000011777 
0.18300 0.000000011329 
0.18350 0.000000010882 
0.18400 0.000000010442 
0.18450 0.000000010060 
0.18500 0.000000009677 
0.18550 0.000000009295 
0.18600 0.000000008913 
0.18650 0.000000008586 
0.18700 0.000000008258 
0.18750 0.000000007931 
0.18800 0.000000007603 
0.18850 0.000000007319 
0.18900 0.000000007039 
0.18950 0.000000006759 
0.19000 0.000000006479 
0.19050 0.000000006230 
0.19100 0.000000005991 
0.19150 0.000000005752 
0.19200 0.000000005512 
0.19250 0.000000005294 
0.19300 0.000000005090 
0.19350 0.000000004885 
0.19400 0.000000004681 
0.19450 0.000000004490 
0.19500 0.000000004315 
0.19550 0.000000004141 
0.19600 0.000000003966 
0.19650 0.000000003799 
0.19700 0.000000003650 
0.19750 0.000000003500 
0.19800 0.000000003351 
0.19850 0.000000003205 
0.19900 0.000000003078 
0.19950 0.000000002950 
0.20000 0.000000002823 
0.20050 0.000000002695 
0.20100 0.000000002586 
0.20150 0.000000002477 
0.20200 0.000000002369 
0.20250 0.000000002260 
0.20300 0.000000002164 
0.20350 0.000000002071 
0.20400 0.000000001979 
0.20450 0.000000001886 
0.20500 0.000000001802 
0.20550 0.000000001723 
0.20600 0.000000001644 
0.20650 0.000000001565 
0.20700 0.000000001492 
0.20750 0.000000001425 
0.20800 0.000000001358 
0.20850 0.000000001291 
0.20900 0.000000001228 
0.20950 0.000000001170 
0.21000 0.000000001113 
0.21050 0.000000001056 
0.21100 0.000000001001 
0.21150 0.000000000953 
0.21200 0.000000000904 
0.21250 0.000000000856 
0.21300 0.000000000808 
0.21350 0.000000000767 
0.21400 0.000000000726 
0.21450 0.000000000685 
0.21500 0.000000000645 
0.21550 0.000000000610 
0.21600 0.000000000575 
0.21650 0.000000000541 
0.21700 0.000000000506 
0.21750 0.000000000477 
0.21800 0.000000000448 
0.21850 0.000000000419 
0.21900 0.000000000390 
0.21950 0.000000000366 
0.22000 0.000000000342 
0.22050 0.000000000318 
0.22100 0.000000000294 
0.22150 0.000000000273 
0.22200 0.000000000253 
0.22250 0.000000000233 
0.22300 0.000000000213 
0.22350 0.000000000197 
0.22400 0.000000000180 
0.22450 0.000000000164 
0.22500 0.000000000148 
0.22550 0.000000000135 
0.22600 0.000000000122 
0.22650 0.000000000108 
0.22700 0.000000000096 
0.22750 0.000000000086 
0.22800 0.000000000076 
0.22850 0.000000000065 
0.22900 0.000000000057 
0.22950 0.000000000049 
0.23000 0.000000000041 
0.23050 0.000000000033 
0.23100 0.000000000028 
0.23150 0.000000000022 
0.23200 0.000000000017 
0.23250 0.000000000013 
0.23300 0.000000000009 
0.23350 0.000000000006 
