0.00000 185.099600000000 
0.00050 159.716800000000 
0.00100 134.333800000000 
0.00150 108.951000000000 
0.00200 83.568200000000 
0.00250 67.321000000000 
0.00300 53.799400000000 
0.00350 43.379600000000 
0.00400 35.828400000000 
0.00450 28.874000000000 
0.00500 24.482400000000 
0.00550 20.090800000000 
0.00600 17.072320000000 
0.00650 14.429660000000 
0.00700 12.103860000000 
0.00750 10.467020000000 
0.00800 8.830200000000 
0.00850 7.662060000000 
0.00900 6.622760000000 
0.00950 5.655980000000 
0.01000 4.981720000000 
0.01050 4.307480000000 
0.01100 3.761760000000 
0.01150 3.315980000000 
0.01200 2.870200000000 
0.01250 2.553100000000 
0.01300 2.253400000000 
0.01350 1.968696000000 
0.01400 1.764172000000 
0.01450 1.559646000000 
0.01500 1.380102000000 
0.01550 1.238646000000 
0.01600 1.097188000000 
0.01650 0.981184000000 
0.01700 0.882156000000 
0.01750 0.783128000000 
0.01800 0.706434000000 
0.01850 0.636344000000 
0.01900 0.566254000000 
0.01950 0.514440000000 
0.02000 0.464332000000 
0.02050 0.414648000000 
0.02100 0.378498000000 
0.02150 0.342350000000 
0.02200 0.307392000000 
0.02250 0.281094000000 
0.02300 0.254794000000 
0.02350 0.229820000000 
0.02400 0.210540000000 
0.02450 0.191258800000 
0.02500 0.173162000000 
0.02550 0.158926000000 
0.02600 0.144689800000 
0.02650 0.131405800000 
0.02700 0.120825200000 
0.02750 0.110244400000 
0.02800 0.100376600000 
0.02850 0.092464800000 
0.02900 0.084552800000 
0.02950 0.077142400000 
0.03000 0.071192600000 
0.03050 0.065242600000 
0.03100 0.059622200000 
0.03150 0.055124200000 
0.03200 0.050626000000 
0.03250 0.046324000000 
0.03300 0.042906800000 
0.03350 0.039489600000 
0.03400 0.036169200000 
0.03450 0.033561200000 
0.03500 0.030953200000 
0.03550 0.028371000000 
0.03600 0.026371800000 
0.03650 0.024372800000 
0.03700 0.022373600000 
0.03750 0.020812000000 
0.03800 0.019273420000 
0.03850 0.017734880000 
0.03900 0.016490920000 
0.03950 0.015302320000 
0.04000 0.014113720000 
0.04050 0.013117120000 
0.04100 0.012195540000 
0.04150 0.011273980000 
0.04200 0.010471360000 
0.04250 0.009754400000 
0.04300 0.009037440000 
0.04350 0.008388000000 
0.04400 0.007828420000 
0.04450 0.007268840000 
0.04500 0.006741080000 
0.04550 0.006303000000 
0.04600 0.005864920000 
0.04650 0.005434360000 
0.04700 0.005090380000 
0.04750 0.004746420000 
0.04800 0.004402460000 
0.04850 0.004123080000 
0.04900 0.003852260000 
0.04950 0.003581440000 
0.05000 0.003348920000 
0.05050 0.003135100000 
0.05100 0.002921300000 
0.05150 0.002727340000 
0.05200 0.002558140000 
0.05250 0.002388920000 
0.05300 0.002226800000 
0.05350 0.002092560000 
0.05400 0.001958296000 
0.05450 0.001824040000 
0.05500 0.001715798000 
0.05550 0.001609028000 
0.05600 0.001502258000 
0.05650 0.001410098000 
0.05700 0.001324992000 
0.05750 0.001239886000 
0.05800 0.001161410000 
0.05850 0.001093422000 
0.05900 0.001025436000 
0.05950 0.000958596000 
0.06000 0.000904168000 
0.06050 0.000849740000 
0.06100 0.000795314000 
0.06150 0.000749138000 
0.06200 0.000705474000 
0.06250 0.000661812000 
0.06300 0.000621858000 
0.06350 0.000586762000 
0.06400 0.000551664000 
0.06450 0.000517142000 
0.06500 0.000488872000 
0.06550 0.000460604000 
0.06600 0.000432336000 
0.06650 0.000407996000 
0.06700 0.000385184000 
0.06750 0.000362374000 
0.06800 0.000341048000 
0.06850 0.000322606000 
0.06900 0.000304162000 
0.06950 0.000285720000 
0.07000 0.000270590000 
0.07050 0.000255652000 
0.07100 0.000240714000 
0.07150 0.000227284000 
0.07200 0.000215164000 
0.07250 0.000203042000 
0.07300 0.000191170600 
0.07350 0.000181317800 
0.07400 0.000171464800 
0.07450 0.000161612000 
0.07500 0.000152985400 
0.07550 0.000144962400 
0.07600 0.000136939600 
0.07650 0.000129235000 
0.07700 0.000122691000 
0.07750 0.000116147000 
0.07800 0.000109603000 
0.07850 0.000103952200 
0.07900 0.000098605400 
0.07950 0.000093258800 
0.08000 0.000088166800 
0.08050 0.000083791200 
0.08100 0.000079415600 
0.08150 0.000075040000 
0.08200 0.000071267400 
0.08250 0.000067680800 
0.08300 0.000064094200 
0.08350 0.000060669600 
0.08400 0.000057725000 
0.08450 0.000054780200 
0.08500 0.000051835600 
0.08550 0.000049271400 
0.08600 0.000046850000 
0.08650 0.000044428600 
0.08700 0.000042087800 
0.08750 0.000040093600 
0.08800 0.000038099400 
0.08850 0.000036105200 
0.08900 0.000034333600 
0.08950 0.000032688600 
0.09000 0.000031043800 
0.09050 0.000029419800 
0.09100 0.000028061000 
0.09150 0.000026702200 
0.09200 0.000025343400 
0.09250 0.000024101200 
0.09300 0.000022977200 
0.09350 0.000021853000 
0.09400 0.000020728800 
0.09450 0.000019779960 
0.09500 0.000018848640 
0.09550 0.000017917340 
0.09600 0.000017034980 
0.09650 0.000016262300 
0.09700 0.000015489620 
0.09750 0.000014716940 
0.09800 0.000014035420 
0.09850 0.000013393460 
0.09900 0.000012751500 
0.09950 0.000012117620 
0.10000 0.000011583540 
0.10050 0.000011049460 
0.10100 0.000010515380 
0.10150 0.000010020700 
0.10200 0.000009575760 
0.10250 0.000009130820 
0.10300 0.000008685900 
0.10350 0.000008299880 
0.10400 0.000007928740 
0.10450 0.000007557580 
0.10500 0.000007195320 
0.10550 0.000006885300 
0.10600 0.000006575300 
0.10650 0.000006265280 
0.10700 0.000005979760 
0.10750 0.000005720500 
0.10800 0.000005461220 
0.10850 0.000005201960 
0.10900 0.000004976860 
0.10950 0.000004759760 
0.11000 0.000004542680 
0.11050 0.000004330100 
0.11100 0.000004148100 
0.11150 0.000003966100 
0.11200 0.000003784100 
0.11250 0.000003614900 
0.11300 0.000003462140 
0.11350 0.000003309380 
0.11400 0.000003156620 
0.11450 0.000003021900 
0.11500 0.000002893540 
0.11550 0.000002765180 
0.11600 0.000002637460 
0.11650 0.000002529480 
0.11700 0.000002421500 
0.11750 0.000002313520 
0.11800 0.000002210900 
0.11850 0.000002119980 
0.11900 0.000002029040 
0.11950 0.000001938106 
0.12000 0.000001855612 
0.12050 0.000001778956 
0.12100 0.000001702300 
0.12150 0.000001625644 
0.12200 0.000001559268 
0.12250 0.000001494582 
0.12300 0.000001429894 
0.12350 0.000001366398 
0.12400 0.000001311758 
0.12450 0.000001257120 
0.12500 0.000001202480 
0.12550 0.000001150966 
0.12600 0.000001104772 
0.12650 0.000001058576 
0.12700 0.000001012382 
0.12750 0.000000970546 
0.12800 0.000000931454 
0.12850 0.000000892364 
0.12900 0.000000853274 
0.12950 0.000000819262 
0.13000 0.000000786154 
0.13050 0.000000753046 
0.13100 0.000000720324 
0.13150 0.000000692260 
0.13200 0.000000664196 
0.13250 0.000000636132 
0.13300 0.000000609328 
0.13350 0.000000585520 
0.13400 0.000000561712 
0.13450 0.000000537906 
0.13500 0.000000515920 
0.13550 0.000000495708 
0.13600 0.000000475496 
0.13650 0.000000455284 
0.13700 0.000000437228 
0.13750 0.000000420058 
0.13800 0.000000402886 
0.13850 0.000000385716 
0.13900 0.000000370866 
0.13950 0.000000356268 
0.14000 0.000000341672 
0.14050 0.000000327262 
0.14100 0.000000314844 
0.14150 0.000000302428 
0.14200 0.000000290010 
0.14250 0.000000278074 
0.14300 0.000000267506 
0.14350 0.000000256936 
0.14400 0.000000246366 
0.14450 0.000000236466 
0.14500 0.000000227464 
0.14550 0.000000218462 
0.14600 0.000000209460 
0.14650 0.000000201232 
0.14700 0.000000193562 
0.14750 0.000000185891 
0.14800 0.000000178221 
0.14850 0.000000171371 
0.14900 0.000000164833 
0.14950 0.000000158294 
0.15000 0.000000151755 
0.15050 0.000000146043 
0.15100 0.000000140466 
0.15150 0.000000134889 
0.15200 0.000000129312 
0.15250 0.000000124538 
0.15300 0.000000119780 
0.15350 0.000000115021 
0.15400 0.000000110327 
0.15450 0.000000106266 
0.15500 0.000000102204 
0.15550 0.000000098143 
0.15600 0.000000094195 
0.15650 0.000000090727 
0.15700 0.000000087259 
0.15750 0.000000083791 
0.15800 0.000000080463 
0.15850 0.000000077501 
0.15900 0.000000074538 
0.15950 0.000000071576 
0.16000 0.000000068765 
0.16050 0.000000066234 
0.16100 0.000000063703 
0.16150 0.000000061172 
0.16200 0.000000058793 
0.16250 0.000000056630 
0.16300 0.000000054467 
0.16350 0.000000052305 
0.16400 0.000000050286 
0.16450 0.000000048437 
0.16500 0.000000046588 
0.16550 0.000000044740 
0.16600 0.000000043022 
0.16650 0.000000041442 
0.16700 0.000000039862 
0.16750 0.000000038282 
0.16800 0.000000036818 
0.16850 0.000000035466 
0.16900 0.000000034115 
0.16950 0.000000032764 
0.17000 0.000000031512 
0.17050 0.000000030357 
0.17100 0.000000029202 
0.17150 0.000000028046 
0.17200 0.000000026974 
0.17250 0.000000025986 
0.17300 0.000000024997 
0.17350 0.000000024009 
0.17400 0.000000023088 
0.17450 0.000000022243 
0.17500 0.000000021397 
0.17550 0.000000020552 
0.17600 0.000000019759 
0.17650 0.000000019036 
0.17700 0.000000018314 
0.17750 0.000000017591 
0.17800 0.000000016907 
0.17850 0.000000016289 
0.17900 0.000000015671 
0.17950 0.000000015052 
0.18000 0.000000014461 
0.18050 0.000000013932 
0.18100 0.000000013403 
0.18150 0.000000012874 
0.18200 0.000000012362 
0.18250 0.000000011909 
0.18300 0.000000011457 
0.18350 0.000000011004 
0.18400 0.000000010560 
0.18450 0.000000010173 
0.18500 0.000000009786 
0.18550 0.000000009399 
0.18600 0.000000009013 
0.18650 0.000000008682 
0.18700 0.000000008351 
0.18750 0.000000008020 
0.18800 0.000000007689 
0.18850 0.000000007401 
0.18900 0.000000007118 
0.18950 0.000000006835 
0.19000 0.000000006552 
0.19050 0.000000006300 
0.19100 0.000000006058 
0.19150 0.000000005816 
0.19200 0.000000005574 
0.19250 0.000000005354 
0.19300 0.000000005147 
0.19350 0.000000004940 
0.19400 0.000000004733 
0.19450 0.000000004541 
0.19500 0.000000004364 
0.19550 0.000000004187 
0.19600 0.000000004010 
0.19650 0.000000003842 
0.19700 0.000000003691 
0.19750 0.000000003540 
0.19800 0.000000003389 
0.19850 0.000000003241 
0.19900 0.000000003112 
0.19950 0.000000002983 
0.20000 0.000000002855 
0.20050 0.000000002726 
0.20100 0.000000002615 
0.20150 0.000000002505 
0.20200 0.000000002395 
0.20250 0.000000002285 
0.20300 0.000000002188 
0.20350 0.000000002095 
0.20400 0.000000002001 
0.20450 0.000000001907 
0.20500 0.000000001823 
0.20550 0.000000001743 
0.20600 0.000000001663 
0.20650 0.000000001583 
0.20700 0.000000001509 
0.20750 0.000000001441 
0.20800 0.000000001373 
0.20850 0.000000001306 
0.20900 0.000000001241 
0.20950 0.000000001184 
0.21000 0.000000001126 
0.21050 0.000000001068 
0.21100 0.000000001012 
0.21150 0.000000000963 
0.21200 0.000000000914 
0.21250 0.000000000865 
0.21300 0.000000000817 
0.21350 0.000000000776 
0.21400 0.000000000734 
0.21450 0.000000000693 
0.21500 0.000000000652 
0.21550 0.000000000617 
0.21600 0.000000000582 
0.21650 0.000000000547 
0.21700 0.000000000512 
0.21750 0.000000000483 
0.21800 0.000000000453 
0.21850 0.000000000424 
0.21900 0.000000000395 
0.21950 0.000000000370 
0.22000 0.000000000346 
0.22050 0.000000000321 
0.22100 0.000000000297 
0.22150 0.000000000276 
0.22200 0.000000000256 
0.22250 0.000000000236 
0.22300 0.000000000216 
0.22350 0.000000000199 
0.22400 0.000000000182 
0.22450 0.000000000166 
0.22500 0.000000000150 
0.22550 0.000000000137 
0.22600 0.000000000123 
0.22650 0.000000000110 
0.22700 0.000000000098 
0.22750 0.000000000087 
0.22800 0.000000000076 
0.22850 0.000000000066 
0.22900 0.000000000057 
0.22950 0.000000000049 
0.23000 0.000000000041 
0.23050 0.000000000034 
0.23100 0.000000000028 
0.23150 0.000000000022 
0.23200 0.000000000017 
0.23250 0.000000000013 
0.23300 0.000000000009 
0.23350 0.000000000006 
