0.00000 187.217800000000 
0.00050 161.544400000000 
0.00100 135.871200000000 
0.00150 110.197800000000 
0.00200 84.524400000000 
0.00250 68.091400000000 
0.00300 54.415000000000 
0.00350 43.876000000000 
0.00400 36.238400000000 
0.00450 29.204400000000 
0.00500 24.762600000000 
0.00550 20.320600000000 
0.00600 17.267700000000 
0.00650 14.594780000000 
0.00700 12.242360000000 
0.00750 10.586800000000 
0.00800 8.931240000000 
0.00850 7.749740000000 
0.00900 6.698560000000 
0.00950 5.720700000000 
0.01000 5.038740000000 
0.01050 4.356760000000 
0.01100 3.804820000000 
0.01150 3.353940000000 
0.01200 2.903060000000 
0.01250 2.582320000000 
0.01300 2.279200000000 
0.01350 1.991224000000 
0.01400 1.784360000000 
0.01450 1.577494000000 
0.01500 1.395896000000 
0.01550 1.252820000000 
0.01600 1.109744000000 
0.01650 0.992412000000 
0.01700 0.892250000000 
0.01750 0.792090000000 
0.01800 0.714518000000 
0.01850 0.643626000000 
0.01900 0.572734000000 
0.01950 0.520326000000 
0.02000 0.469646000000 
0.02050 0.419392000000 
0.02100 0.382830000000 
0.02150 0.346268000000 
0.02200 0.310910000000 
0.02250 0.284310000000 
0.02300 0.257710000000 
0.02350 0.232450000000 
0.02400 0.212948000000 
0.02450 0.193447400000 
0.02500 0.175143600000 
0.02550 0.160744600000 
0.02600 0.146345600000 
0.02650 0.132909600000 
0.02700 0.122207800000 
0.02750 0.111506000000 
0.02800 0.101525400000 
0.02850 0.093522800000 
0.02900 0.085520400000 
0.02950 0.078025200000 
0.03000 0.072007200000 
0.03050 0.065989400000 
0.03100 0.060304400000 
0.03150 0.055755000000 
0.03200 0.051205400000 
0.03250 0.046854200000 
0.03300 0.043397800000 
0.03350 0.039941600000 
0.03400 0.036583200000 
0.03450 0.033945400000 
0.03500 0.031307400000 
0.03550 0.028695600000 
0.03600 0.026673600000 
0.03650 0.024651600000 
0.03700 0.022629800000 
0.03750 0.021050200000 
0.03800 0.019493960000 
0.03850 0.017937840000 
0.03900 0.016679640000 
0.03950 0.015477420000 
0.04000 0.014275220000 
0.04050 0.013267220000 
0.04100 0.012335100000 
0.04150 0.011402980000 
0.04200 0.010591200000 
0.04250 0.009866040000 
0.04300 0.009140860000 
0.04350 0.008484000000 
0.04400 0.007918020000 
0.04450 0.007352020000 
0.04500 0.006818220000 
0.04550 0.006375120000 
0.04600 0.005932040000 
0.04650 0.005496540000 
0.04700 0.005148640000 
0.04750 0.004800740000 
0.04800 0.004452840000 
0.04850 0.004170260000 
0.04900 0.003896340000 
0.04950 0.003622420000 
0.05000 0.003387240000 
0.05050 0.003170980000 
0.05100 0.002954740000 
0.05150 0.002758560000 
0.05200 0.002587400000 
0.05250 0.002416260000 
0.05300 0.002252300000 
0.05350 0.002116500000 
0.05400 0.001980706000 
0.05450 0.001844914000 
0.05500 0.001735434000 
0.05550 0.001627440000 
0.05600 0.001519448000 
0.05650 0.001426236000 
0.05700 0.001340156000 
0.05750 0.001254076000 
0.05800 0.001174700000 
0.05850 0.001105936000 
0.05900 0.001037170000 
0.05950 0.000969564000 
0.06000 0.000914514000 
0.06050 0.000859464000 
0.06100 0.000804414000 
0.06150 0.000757710000 
0.06200 0.000713548000 
0.06250 0.000669386000 
0.06300 0.000628976000 
0.06350 0.000593476000 
0.06400 0.000557976000 
0.06450 0.000523060000 
0.06500 0.000494468000 
0.06550 0.000465876000 
0.06600 0.000437284000 
0.06650 0.000412666000 
0.06700 0.000389592000 
0.06750 0.000366520000 
0.06800 0.000344952000 
0.06850 0.000326298000 
0.06900 0.000307644000 
0.06950 0.000288990000 
0.07000 0.000273688000 
0.07050 0.000258578000 
0.07100 0.000243470000 
0.07150 0.000229886000 
0.07200 0.000217626000 
0.07250 0.000205366000 
0.07300 0.000193358400 
0.07350 0.000183392800 
0.07400 0.000173427000 
0.07450 0.000163461400 
0.07500 0.000154736200 
0.07550 0.000146621400 
0.07600 0.000138506600 
0.07650 0.000130714000 
0.07700 0.000124095000 
0.07750 0.000117476200 
0.07800 0.000110857200 
0.07850 0.000105141600 
0.07900 0.000099733800 
0.07950 0.000094326000 
0.08000 0.000089175800 
0.08050 0.000084750000 
0.08100 0.000080324400 
0.08150 0.000075898800 
0.08200 0.000072083000 
0.08250 0.000068455400 
0.08300 0.000064827600 
0.08350 0.000061364000 
0.08400 0.000058385600 
0.08450 0.000055407200 
0.08500 0.000052428800 
0.08550 0.000049835400 
0.08600 0.000047386200 
0.08650 0.000044937000 
0.08700 0.000042569600 
0.08750 0.000040552400 
0.08800 0.000038535400 
0.08850 0.000036518400 
0.08900 0.000034726600 
0.08950 0.000033062800 
0.09000 0.000031399000 
0.09050 0.000029756600 
0.09100 0.000028382200 
0.09150 0.000027007800 
0.09200 0.000025633400 
0.09250 0.000024377000 
0.09300 0.000023240000 
0.09350 0.000022103000 
0.09400 0.000020966200 
0.09450 0.000020006400 
0.09500 0.000019064340 
0.09550 0.000018122380 
0.09600 0.000017229920 
0.09650 0.000016448400 
0.09700 0.000015666880 
0.09750 0.000014885360 
0.09800 0.000014196020 
0.09850 0.000013546720 
0.09900 0.000012897420 
0.09950 0.000012256300 
0.10000 0.000011716100 
0.10050 0.000011175900 
0.10100 0.000010635720 
0.10150 0.000010135360 
0.10200 0.000009685340 
0.10250 0.000009235320 
0.10300 0.000008785280 
0.10350 0.000008394860 
0.10400 0.000008019460 
0.10450 0.000007644060 
0.10500 0.000007277660 
0.10550 0.000006964100 
0.10600 0.000006650540 
0.10650 0.000006336980 
0.10700 0.000006048180 
0.10750 0.000005785960 
0.10800 0.000005523720 
0.10850 0.000005261500 
0.10900 0.000005033820 
0.10950 0.000004814240 
0.11000 0.000004594660 
0.11050 0.000004379640 
0.11100 0.000004195560 
0.11150 0.000004011480 
0.11200 0.000003827400 
0.11250 0.000003656260 
0.11300 0.000003501760 
0.11350 0.000003347260 
0.11400 0.000003192760 
0.11450 0.000003056480 
0.11500 0.000002926640 
0.11550 0.000002796820 
0.11600 0.000002667640 
0.11650 0.000002558420 
0.11700 0.000002449200 
0.11750 0.000002339980 
0.11800 0.000002236200 
0.11850 0.000002144240 
0.11900 0.000002052260 
0.11950 0.000001960284 
0.12000 0.000001876846 
0.12050 0.000001799314 
0.12100 0.000001721780 
0.12150 0.000001644248 
0.12200 0.000001577112 
0.12250 0.000001511684 
0.12300 0.000001446258 
0.12350 0.000001382034 
0.12400 0.000001326770 
0.12450 0.000001271506 
0.12500 0.000001216242 
0.12550 0.000001164138 
0.12600 0.000001117414 
0.12650 0.000001070690 
0.12700 0.000001023966 
0.12750 0.000000981652 
0.12800 0.000000942114 
0.12850 0.000000902576 
0.12900 0.000000863038 
0.12950 0.000000828638 
0.13000 0.000000795150 
0.13050 0.000000761664 
0.13100 0.000000728568 
0.13150 0.000000700182 
0.13200 0.000000671798 
0.13250 0.000000643412 
0.13300 0.000000616300 
0.13350 0.000000592220 
0.13400 0.000000568140 
0.13450 0.000000544062 
0.13500 0.000000521824 
0.13550 0.000000501380 
0.13600 0.000000480938 
0.13650 0.000000460494 
0.13700 0.000000442232 
0.13750 0.000000424864 
0.13800 0.000000407498 
0.13850 0.000000390130 
0.13900 0.000000375110 
0.13950 0.000000360346 
0.14000 0.000000345582 
0.14050 0.000000331006 
0.14100 0.000000318448 
0.14150 0.000000305888 
0.14200 0.000000293328 
0.14250 0.000000281258 
0.14300 0.000000270566 
0.14350 0.000000259876 
0.14400 0.000000249186 
0.14450 0.000000239172 
0.14500 0.000000230066 
0.14550 0.000000220962 
0.14600 0.000000211858 
0.14650 0.000000203534 
0.14700 0.000000195777 
0.14750 0.000000188018 
0.14800 0.000000180260 
0.14850 0.000000173332 
0.14900 0.000000166719 
0.14950 0.000000160105 
0.15000 0.000000153492 
0.15050 0.000000147714 
0.15100 0.000000142073 
0.15150 0.000000136432 
0.15200 0.000000130792 
0.15250 0.000000125964 
0.15300 0.000000121150 
0.15350 0.000000116337 
0.15400 0.000000111590 
0.15450 0.000000107482 
0.15500 0.000000103374 
0.15550 0.000000099266 
0.15600 0.000000095273 
0.15650 0.000000091765 
0.15700 0.000000088258 
0.15750 0.000000084750 
0.15800 0.000000081384 
0.15850 0.000000078388 
0.15900 0.000000075391 
0.15950 0.000000072395 
0.16000 0.000000069552 
0.16050 0.000000066992 
0.16100 0.000000064432 
0.16150 0.000000061872 
0.16200 0.000000059466 
0.16250 0.000000057278 
0.16300 0.000000055091 
0.16350 0.000000052903 
0.16400 0.000000050861 
0.16450 0.000000048991 
0.16500 0.000000047121 
0.16550 0.000000045251 
0.16600 0.000000043515 
0.16650 0.000000041916 
0.16700 0.000000040318 
0.16750 0.000000038720 
0.16800 0.000000037239 
0.16850 0.000000035872 
0.16900 0.000000034505 
0.16950 0.000000033139 
0.17000 0.000000031873 
0.17050 0.000000030704 
0.17100 0.000000029536 
0.17150 0.000000028367 
0.17200 0.000000027283 
0.17250 0.000000026283 
0.17300 0.000000025283 
0.17350 0.000000024284 
0.17400 0.000000023352 
0.17450 0.000000022497 
0.17500 0.000000021642 
0.17550 0.000000020787 
0.17600 0.000000019985 
0.17650 0.000000019254 
0.17700 0.000000018523 
0.17750 0.000000017792 
0.17800 0.000000017101 
0.17850 0.000000016475 
0.17900 0.000000015850 
0.17950 0.000000015224 
0.18000 0.000000014627 
0.18050 0.000000014092 
0.18100 0.000000013556 
0.18150 0.000000013021 
0.18200 0.000000012503 
0.18250 0.000000012045 
0.18300 0.000000011588 
0.18350 0.000000011130 
0.18400 0.000000010680 
0.18450 0.000000010289 
0.18500 0.000000009898 
0.18550 0.000000009507 
0.18600 0.000000009116 
0.18650 0.000000008781 
0.18700 0.000000008446 
0.18750 0.000000008112 
0.18800 0.000000007777 
0.18850 0.000000007485 
0.18900 0.000000007199 
0.18950 0.000000006913 
0.19000 0.000000006627 
0.19050 0.000000006372 
0.19100 0.000000006128 
0.19150 0.000000005883 
0.19200 0.000000005638 
0.19250 0.000000005415 
0.19300 0.000000005206 
0.19350 0.000000004997 
0.19400 0.000000004788 
0.19450 0.000000004592 
0.19500 0.000000004414 
0.19550 0.000000004235 
0.19600 0.000000004056 
0.19650 0.000000003886 
0.19700 0.000000003733 
0.19750 0.000000003580 
0.19800 0.000000003428 
0.19850 0.000000003278 
0.19900 0.000000003148 
0.19950 0.000000003017 
0.20000 0.000000002887 
0.20050 0.000000002757 
0.20100 0.000000002645 
0.20150 0.000000002534 
0.20200 0.000000002423 
0.20250 0.000000002311 
0.20300 0.000000002213 
0.20350 0.000000002119 
0.20400 0.000000002024 
0.20450 0.000000001929 
0.20500 0.000000001844 
0.20550 0.000000001763 
0.20600 0.000000001682 
0.20650 0.000000001601 
0.20700 0.000000001526 
0.20750 0.000000001458 
0.20800 0.000000001389 
0.20850 0.000000001320 
0.20900 0.000000001256 
0.20950 0.000000001197 
0.21000 0.000000001139 
0.21050 0.000000001080 
0.21100 0.000000001024 
0.21150 0.000000000974 
0.21200 0.000000000925 
0.21250 0.000000000875 
0.21300 0.000000000827 
0.21350 0.000000000785 
0.21400 0.000000000743 
0.21450 0.000000000701 
0.21500 0.000000000659 
0.21550 0.000000000624 
0.21600 0.000000000589 
0.21650 0.000000000553 
0.21700 0.000000000518 
0.21750 0.000000000488 
0.21800 0.000000000459 
0.21850 0.000000000429 
0.21900 0.000000000399 
0.21950 0.000000000374 
0.22000 0.000000000350 
0.22050 0.000000000325 
0.22100 0.000000000300 
0.22150 0.000000000280 
0.22200 0.000000000259 
0.22250 0.000000000238 
0.22300 0.000000000218 
0.22350 0.000000000201 
0.22400 0.000000000185 
0.22450 0.000000000168 
0.22500 0.000000000152 
0.22550 0.000000000138 
0.22600 0.000000000124 
0.22650 0.000000000111 
0.22700 0.000000000099 
0.22750 0.000000000088 
0.22800 0.000000000077 
0.22850 0.000000000066 
0.22900 0.000000000058 
0.22950 0.000000000050 
0.23000 0.000000000042 
0.23050 0.000000000034 
0.23100 0.000000000028 
0.23150 0.000000000023 
0.23200 0.000000000017 
0.23250 0.000000000013 
0.23300 0.000000000009 
0.23350 0.000000000006 
