0.00000 189.400800000000 
0.00050 163.428000000000 
0.00100 137.455400000000 
0.00150 111.482800000000 
0.00200 85.510000000000 
0.00250 68.885400000000 
0.00300 55.049400000000 
0.00350 44.387600000000 
0.00400 36.661000000000 
0.00450 29.545000000000 
0.00500 25.051200000000 
0.00550 20.557600000000 
0.00600 17.469040000000 
0.00650 14.764960000000 
0.00700 12.385120000000 
0.00750 10.710240000000 
0.00800 9.035380000000 
0.00850 7.840100000000 
0.00900 6.776660000000 
0.00950 5.787400000000 
0.01000 5.097480000000 
0.01050 4.407560000000 
0.01100 3.849180000000 
0.01150 3.393040000000 
0.01200 2.936900000000 
0.01250 2.612440000000 
0.01300 2.305760000000 
0.01350 2.014440000000 
0.01400 1.805166000000 
0.01450 1.595888000000 
0.01500 1.412172000000 
0.01550 1.267428000000 
0.01600 1.122684000000 
0.01650 1.003984000000 
0.01700 0.902654000000 
0.01750 0.801326000000 
0.01800 0.722850000000 
0.01850 0.651132000000 
0.01900 0.579412000000 
0.01950 0.526394000000 
0.02000 0.475122000000 
0.02050 0.424284000000 
0.02100 0.387294000000 
0.02150 0.350306000000 
0.02200 0.314536000000 
0.02250 0.287626000000 
0.02300 0.260716000000 
0.02350 0.235160000000 
0.02400 0.215432000000 
0.02450 0.195703200000 
0.02500 0.177185800000 
0.02550 0.162619000000 
0.02600 0.148052000000 
0.02650 0.134459400000 
0.02700 0.123632800000 
0.02750 0.112806200000 
0.02800 0.102709200000 
0.02850 0.094613400000 
0.02900 0.086517600000 
0.02950 0.078935000000 
0.03000 0.072846800000 
0.03050 0.066758800000 
0.03100 0.061007600000 
0.03150 0.056405000000 
0.03200 0.051802600000 
0.03250 0.047400400000 
0.03300 0.043903800000 
0.03350 0.040407200000 
0.03400 0.037009800000 
0.03450 0.034341200000 
0.03500 0.031672400000 
0.03550 0.029030200000 
0.03600 0.026984600000 
0.03650 0.024939200000 
0.03700 0.022893600000 
0.03750 0.021295600000 
0.03800 0.019721280000 
0.03850 0.018147000000 
0.03900 0.016874120000 
0.03950 0.015657900000 
0.04000 0.014441680000 
0.04050 0.013421920000 
0.04100 0.012478940000 
0.04150 0.011535960000 
0.04200 0.010714700000 
0.04250 0.009981080000 
0.04300 0.009247460000 
0.04350 0.008582920000 
0.04400 0.008010340000 
0.04450 0.007437760000 
0.04500 0.006897720000 
0.04550 0.006449460000 
0.04600 0.006001200000 
0.04650 0.005560640000 
0.04700 0.005208680000 
0.04750 0.004856720000 
0.04800 0.004504760000 
0.04850 0.004218900000 
0.04900 0.003941780000 
0.04950 0.003664660000 
0.05000 0.003426740000 
0.05050 0.003207960000 
0.05100 0.002989200000 
0.05150 0.002790720000 
0.05200 0.002617580000 
0.05250 0.002444420000 
0.05300 0.002278560000 
0.05350 0.002141180000 
0.05400 0.002003800000 
0.05450 0.001866426000 
0.05500 0.001755670000 
0.05550 0.001646418000 
0.05600 0.001537166000 
0.05650 0.001442866000 
0.05700 0.001355782000 
0.05750 0.001268698000 
0.05800 0.001188398000 
0.05850 0.001118830000 
0.05900 0.001049264000 
0.05950 0.000980870000 
0.06000 0.000925178000 
0.06050 0.000869486000 
0.06100 0.000813794000 
0.06150 0.000766546000 
0.06200 0.000721868000 
0.06250 0.000677192000 
0.06300 0.000636310000 
0.06350 0.000600396000 
0.06400 0.000564482000 
0.06450 0.000529158000 
0.06500 0.000500232000 
0.06550 0.000471308000 
0.06600 0.000442382000 
0.06650 0.000417478000 
0.06700 0.000394136000 
0.06750 0.000370794000 
0.06800 0.000348974000 
0.06850 0.000330102000 
0.06900 0.000311230000 
0.06950 0.000292360000 
0.07000 0.000276878000 
0.07050 0.000261594000 
0.07100 0.000246308000 
0.07150 0.000232566000 
0.07200 0.000220162000 
0.07250 0.000207760000 
0.07300 0.000195613000 
0.07350 0.000185531200 
0.07400 0.000175449200 
0.07450 0.000165367400 
0.07500 0.000156540400 
0.07550 0.000148331000 
0.07600 0.000140121600 
0.07650 0.000132238200 
0.07700 0.000125542000 
0.07750 0.000118846000 
0.07800 0.000112149800 
0.07850 0.000106367600 
0.07900 0.000100896800 
0.07950 0.000095425800 
0.08000 0.000090215600 
0.08050 0.000085738200 
0.08100 0.000081261000 
0.08150 0.000076783800 
0.08200 0.000072923600 
0.08250 0.000069253600 
0.08300 0.000065583400 
0.08350 0.000062079400 
0.08400 0.000059066400 
0.08450 0.000056053200 
0.08500 0.000053040000 
0.08550 0.000050416400 
0.08600 0.000047938800 
0.08650 0.000045461000 
0.08700 0.000043065800 
0.08750 0.000041025400 
0.08800 0.000038984800 
0.08850 0.000036944200 
0.08900 0.000035131400 
0.08950 0.000033448200 
0.09000 0.000031765200 
0.09050 0.000030103600 
0.09100 0.000028713200 
0.09150 0.000027322800 
0.09200 0.000025932400 
0.09250 0.000024661400 
0.09300 0.000023511000 
0.09350 0.000022360800 
0.09400 0.000021210600 
0.09450 0.000020239600 
0.09500 0.000019286640 
0.09550 0.000018333680 
0.09600 0.000017430820 
0.09650 0.000016640180 
0.09700 0.000015849560 
0.09750 0.000015058920 
0.09800 0.000014361560 
0.09850 0.000013704680 
0.09900 0.000013047800 
0.09950 0.000012399200 
0.10000 0.000011852720 
0.10050 0.000011306220 
0.10100 0.000010759720 
0.10150 0.000010253540 
0.10200 0.000009798280 
0.10250 0.000009343000 
0.10300 0.000008887720 
0.10350 0.000008492760 
0.10400 0.000008112980 
0.10450 0.000007733200 
0.10500 0.000007362520 
0.10550 0.000007045300 
0.10600 0.000006728080 
0.10650 0.000006410880 
0.10700 0.000006118700 
0.10750 0.000005853420 
0.10800 0.000005588140 
0.10850 0.000005322840 
0.10900 0.000005092500 
0.10950 0.000004870380 
0.11000 0.000004648240 
0.11050 0.000004430720 
0.11100 0.000004244480 
0.11150 0.000004058260 
0.11200 0.000003872020 
0.11250 0.000003698900 
0.11300 0.000003542600 
0.11350 0.000003386280 
0.11400 0.000003229980 
0.11450 0.000003092120 
0.11500 0.000002960780 
0.11550 0.000002829440 
0.11600 0.000002698740 
0.11650 0.000002588240 
0.11700 0.000002477760 
0.11750 0.000002367280 
0.11800 0.000002262280 
0.11850 0.000002169240 
0.11900 0.000002076180 
0.11950 0.000001983142 
0.12000 0.000001898732 
0.12050 0.000001820294 
0.12100 0.000001741858 
0.12150 0.000001663420 
0.12200 0.000001595500 
0.12250 0.000001529312 
0.12300 0.000001463122 
0.12350 0.000001398150 
0.12400 0.000001342240 
0.12450 0.000001286332 
0.12500 0.000001230424 
0.12550 0.000001177712 
0.12600 0.000001130442 
0.12650 0.000001083174 
0.12700 0.000001035906 
0.12750 0.000000993098 
0.12800 0.000000953100 
0.12850 0.000000913100 
0.12900 0.000000873102 
0.12950 0.000000838300 
0.13000 0.000000804422 
0.13050 0.000000770546 
0.13100 0.000000737062 
0.13150 0.000000708346 
0.13200 0.000000679630 
0.13250 0.000000650914 
0.13300 0.000000623486 
0.13350 0.000000599126 
0.13400 0.000000574766 
0.13450 0.000000550406 
0.13500 0.000000527908 
0.13550 0.000000507226 
0.13600 0.000000486546 
0.13650 0.000000465864 
0.13700 0.000000447388 
0.13750 0.000000429818 
0.13800 0.000000412248 
0.13850 0.000000394680 
0.13900 0.000000379484 
0.13950 0.000000364548 
0.14000 0.000000349610 
0.14050 0.000000334866 
0.14100 0.000000322160 
0.14150 0.000000309454 
0.14200 0.000000296750 
0.14250 0.000000284536 
0.14300 0.000000273722 
0.14350 0.000000262906 
0.14400 0.000000252092 
0.14450 0.000000241960 
0.14500 0.000000232750 
0.14550 0.000000223538 
0.14600 0.000000214328 
0.14650 0.000000205908 
0.14700 0.000000198059 
0.14750 0.000000190211 
0.14800 0.000000182362 
0.14850 0.000000175354 
0.14900 0.000000168663 
0.14950 0.000000161972 
0.15000 0.000000155281 
0.15050 0.000000149436 
0.15100 0.000000143730 
0.15150 0.000000138023 
0.15200 0.000000132317 
0.15250 0.000000127432 
0.15300 0.000000122563 
0.15350 0.000000117694 
0.15400 0.000000112891 
0.15450 0.000000108735 
0.15500 0.000000104579 
0.15550 0.000000100423 
0.15600 0.000000096384 
0.15650 0.000000092835 
0.15700 0.000000089287 
0.15750 0.000000085738 
0.15800 0.000000082333 
0.15850 0.000000079302 
0.15900 0.000000076270 
0.15950 0.000000073239 
0.16000 0.000000070363 
0.16050 0.000000067773 
0.16100 0.000000065184 
0.16150 0.000000062594 
0.16200 0.000000060159 
0.16250 0.000000057946 
0.16300 0.000000055733 
0.16350 0.000000053520 
0.16400 0.000000051454 
0.16450 0.000000049562 
0.16500 0.000000047671 
0.16550 0.000000045779 
0.16600 0.000000044022 
0.16650 0.000000042405 
0.16700 0.000000040788 
0.16750 0.000000039172 
0.16800 0.000000037673 
0.16850 0.000000036291 
0.16900 0.000000034908 
0.16950 0.000000033525 
0.17000 0.000000032245 
0.17050 0.000000031062 
0.17100 0.000000029880 
0.17150 0.000000028698 
0.17200 0.000000027601 
0.17250 0.000000026590 
0.17300 0.000000025578 
0.17350 0.000000024567 
0.17400 0.000000023625 
0.17450 0.000000022760 
0.17500 0.000000021894 
0.17550 0.000000021029 
0.17600 0.000000020219 
0.17650 0.000000019479 
0.17700 0.000000018739 
0.17750 0.000000017999 
0.17800 0.000000017300 
0.17850 0.000000016667 
0.17900 0.000000016035 
0.17950 0.000000015402 
0.18000 0.000000014797 
0.18050 0.000000014256 
0.18100 0.000000013714 
0.18150 0.000000013173 
0.18200 0.000000012649 
0.18250 0.000000012186 
0.18300 0.000000011723 
0.18350 0.000000011260 
0.18400 0.000000010805 
0.18450 0.000000010409 
0.18500 0.000000010013 
0.18550 0.000000009617 
0.18600 0.000000009222 
0.18650 0.000000008884 
0.18700 0.000000008545 
0.18750 0.000000008206 
0.18800 0.000000007867 
0.18850 0.000000007573 
0.18900 0.000000007283 
0.18950 0.000000006994 
0.19000 0.000000006704 
0.19050 0.000000006447 
0.19100 0.000000006199 
0.19150 0.000000005951 
0.19200 0.000000005704 
0.19250 0.000000005478 
0.19300 0.000000005267 
0.19350 0.000000005055 
0.19400 0.000000004843 
0.19450 0.000000004646 
0.19500 0.000000004465 
0.19550 0.000000004284 
0.19600 0.000000004104 
0.19650 0.000000003931 
0.19700 0.000000003776 
0.19750 0.000000003622 
0.19800 0.000000003468 
0.19850 0.000000003316 
0.19900 0.000000003185 
0.19950 0.000000003053 
0.20000 0.000000002921 
0.20050 0.000000002789 
0.20100 0.000000002676 
0.20150 0.000000002563 
0.20200 0.000000002451 
0.20250 0.000000002338 
0.20300 0.000000002239 
0.20350 0.000000002143 
0.20400 0.000000002048 
0.20450 0.000000001952 
0.20500 0.000000001865 
0.20550 0.000000001783 
0.20600 0.000000001702 
0.20650 0.000000001620 
0.20700 0.000000001544 
0.20750 0.000000001475 
0.20800 0.000000001405 
0.20850 0.000000001336 
0.20900 0.000000001270 
0.20950 0.000000001211 
0.21000 0.000000001152 
0.21050 0.000000001093 
0.21100 0.000000001036 
0.21150 0.000000000986 
0.21200 0.000000000936 
0.21250 0.000000000885 
0.21300 0.000000000836 
0.21350 0.000000000794 
0.21400 0.000000000751 
0.21450 0.000000000709 
0.21500 0.000000000667 
0.21550 0.000000000631 
0.21600 0.000000000595 
0.21650 0.000000000560 
0.21700 0.000000000524 
0.21750 0.000000000494 
0.21800 0.000000000464 
0.21850 0.000000000434 
0.21900 0.000000000404 
0.21950 0.000000000379 
0.22000 0.000000000354 
0.22050 0.000000000329 
0.22100 0.000000000304 
0.22150 0.000000000283 
0.22200 0.000000000262 
0.22250 0.000000000241 
0.22300 0.000000000221 
0.22350 0.000000000204 
0.22400 0.000000000187 
0.22450 0.000000000170 
0.22500 0.000000000154 
0.22550 0.000000000140 
0.22600 0.000000000126 
0.22650 0.000000000112 
0.22700 0.000000000100 
0.22750 0.000000000089 
0.22800 0.000000000078 
0.22850 0.000000000067 
0.22900 0.000000000059 
0.22950 0.000000000050 
0.23000 0.000000000042 
0.23050 0.000000000034 
0.23100 0.000000000029 
0.23150 0.000000000023 
0.23200 0.000000000017 
0.23250 0.000000000013 
0.23300 0.000000000010 
0.23350 0.000000000006 
