0.00000 191.651000000000 
0.00050 165.369800000000 
0.00100 139.088600000000 
0.00150 112.807200000000 
0.00200 86.526000000000 
0.00250 69.703800000000 
0.00300 55.703600000000 
0.00350 44.915000000000 
0.00400 37.096600000000 
0.00450 29.896000000000 
0.00500 25.348800000000 
0.00550 20.801800000000 
0.00600 17.676580000000 
0.00650 14.940380000000 
0.00700 12.532260000000 
0.00750 10.837500000000 
0.00800 9.142740000000 
0.00850 7.933240000000 
0.00900 6.857180000000 
0.00950 5.856160000000 
0.01000 5.158040000000 
0.01050 4.459940000000 
0.01100 3.894900000000 
0.01150 3.433360000000 
0.01200 2.971800000000 
0.01250 2.643480000000 
0.01300 2.333160000000 
0.01350 2.038380000000 
0.01400 1.826614000000 
0.01450 1.614850000000 
0.01500 1.428950000000 
0.01550 1.282486000000 
0.01600 1.136022000000 
0.01650 1.015912000000 
0.01700 0.913380000000 
0.01750 0.810846000000 
0.01800 0.731438000000 
0.01850 0.658868000000 
0.01900 0.586296000000 
0.01950 0.532648000000 
0.02000 0.480768000000 
0.02050 0.429324000000 
0.02100 0.391896000000 
0.02150 0.354468000000 
0.02200 0.318272000000 
0.02250 0.291042000000 
0.02300 0.263814000000 
0.02350 0.237954000000 
0.02400 0.217992000000 
0.02450 0.198028200000 
0.02500 0.179291000000 
0.02550 0.164551000000 
0.02600 0.149811000000 
0.02650 0.136056800000 
0.02700 0.125101600000 
0.02750 0.114146400000 
0.02800 0.103929400000 
0.02850 0.095737400000 
0.02900 0.087545400000 
0.02950 0.079872800000 
0.03000 0.073712400000 
0.03050 0.067552000000 
0.03100 0.061732400000 
0.03150 0.057075200000 
0.03200 0.052418000000 
0.03250 0.047963600000 
0.03300 0.044425400000 
0.03350 0.040887400000 
0.03400 0.037449400000 
0.03450 0.034749200000 
0.03500 0.032048800000 
0.03550 0.029375200000 
0.03600 0.027305200000 
0.03650 0.025235400000 
0.03700 0.023165600000 
0.03750 0.021548600000 
0.03800 0.019955580000 
0.03850 0.018362600000 
0.03900 0.017074600000 
0.03950 0.015843920000 
0.04000 0.014613260000 
0.04050 0.013581380000 
0.04100 0.012627200000 
0.04150 0.011673000000 
0.04200 0.010842000000 
0.04250 0.010099660000 
0.04300 0.009357320000 
0.04350 0.008684900000 
0.04400 0.008105500000 
0.04450 0.007526120000 
0.04500 0.006979680000 
0.04550 0.006526100000 
0.04600 0.006072500000 
0.04650 0.005626700000 
0.04700 0.005270560000 
0.04750 0.004914420000 
0.04800 0.004558280000 
0.04850 0.004269020000 
0.04900 0.003988620000 
0.04950 0.003708200000 
0.05000 0.003467440000 
0.05050 0.003246080000 
0.05100 0.003024700000 
0.05150 0.002823880000 
0.05200 0.002648680000 
0.05250 0.002473460000 
0.05300 0.002305620000 
0.05350 0.002166620000 
0.05400 0.002027600000 
0.05450 0.001888600000 
0.05500 0.001776528000 
0.05550 0.001665978000 
0.05600 0.001555428000 
0.05650 0.001460008000 
0.05700 0.001371890000 
0.05750 0.001283772000 
0.05800 0.001202516000 
0.05850 0.001132124000 
0.05900 0.001061730000 
0.05950 0.000992524000 
0.06000 0.000936170000 
0.06050 0.000879816000 
0.06100 0.000823462000 
0.06150 0.000775652000 
0.06200 0.000730444000 
0.06250 0.000685236000 
0.06300 0.000643870000 
0.06350 0.000607530000 
0.06400 0.000571190000 
0.06450 0.000535444000 
0.06500 0.000506176000 
0.06550 0.000476908000 
0.06600 0.000447638000 
0.06650 0.000422438000 
0.06700 0.000398818000 
0.06750 0.000375200000 
0.06800 0.000353120000 
0.06850 0.000334024000 
0.06900 0.000314928000 
0.06950 0.000295832000 
0.07000 0.000280168000 
0.07050 0.000264702000 
0.07100 0.000249234000 
0.07150 0.000235328000 
0.07200 0.000222778000 
0.07250 0.000210228000 
0.07300 0.000197937000 
0.07350 0.000187735400 
0.07400 0.000177533800 
0.07450 0.000167332200 
0.07500 0.000158400200 
0.07550 0.000150093400 
0.07600 0.000141786400 
0.07650 0.000133809200 
0.07700 0.000127033600 
0.07750 0.000120258000 
0.07800 0.000113482200 
0.07850 0.000107631400 
0.07900 0.000102095600 
0.07950 0.000096559600 
0.08000 0.000091287400 
0.08050 0.000086757000 
0.08100 0.000082226400 
0.08150 0.000077696000 
0.08200 0.000073790000 
0.08250 0.000070076400 
0.08300 0.000066362600 
0.08350 0.000062817000 
0.08400 0.000059768200 
0.08450 0.000056719200 
0.08500 0.000053670200 
0.08550 0.000051015400 
0.08600 0.000048508200 
0.08650 0.000046001200 
0.08700 0.000043577600 
0.08750 0.000041512800 
0.08800 0.000039447800 
0.08850 0.000037383000 
0.08900 0.000035548800 
0.08950 0.000033845600 
0.09000 0.000032142600 
0.09050 0.000030461200 
0.09100 0.000029054200 
0.09150 0.000027647400 
0.09200 0.000026240400 
0.09250 0.000024954400 
0.09300 0.000023790400 
0.09350 0.000022626400 
0.09400 0.000021462600 
0.09450 0.000020480000 
0.09500 0.000019515780 
0.09550 0.000018551500 
0.09600 0.000017637920 
0.09650 0.000016837880 
0.09700 0.000016037860 
0.09750 0.000015237840 
0.09800 0.000014532180 
0.09850 0.000013867500 
0.09900 0.000013202820 
0.09950 0.000012546520 
0.10000 0.000011993540 
0.10050 0.000011440540 
0.10100 0.000010887560 
0.10150 0.000010375380 
0.10200 0.000009914680 
0.10250 0.000009454000 
0.10300 0.000008993320 
0.10350 0.000008593660 
0.10400 0.000008209360 
0.10450 0.000007825080 
0.10500 0.000007449980 
0.10550 0.000007129000 
0.10600 0.000006808020 
0.10650 0.000006487040 
0.10700 0.000006191400 
0.10750 0.000005922960 
0.10800 0.000005654520 
0.10850 0.000005386080 
0.10900 0.000005153020 
0.10950 0.000004928240 
0.11000 0.000004703460 
0.11050 0.000004483360 
0.11100 0.000004294920 
0.11150 0.000004106460 
0.11200 0.000003918020 
0.11250 0.000003742840 
0.11300 0.000003584680 
0.11350 0.000003426520 
0.11400 0.000003268360 
0.11450 0.000003128860 
0.11500 0.000002995960 
0.11550 0.000002863040 
0.11600 0.000002730800 
0.11650 0.000002619000 
0.11700 0.000002507200 
0.11750 0.000002395400 
0.11800 0.000002289160 
0.11850 0.000002195000 
0.11900 0.000002100860 
0.11950 0.000002006700 
0.12000 0.000001921290 
0.12050 0.000001841920 
0.12100 0.000001762552 
0.12150 0.000001683184 
0.12200 0.000001614456 
0.12250 0.000001547480 
0.12300 0.000001480504 
0.12350 0.000001414760 
0.12400 0.000001358188 
0.12450 0.000001301614 
0.12500 0.000001245042 
0.12550 0.000001191704 
0.12600 0.000001143874 
0.12650 0.000001096044 
0.12700 0.000001048214 
0.12750 0.000001004898 
0.12800 0.000000964424 
0.12850 0.000000923948 
0.12900 0.000000883474 
0.12950 0.000000848260 
0.13000 0.000000813980 
0.13050 0.000000779700 
0.13100 0.000000745820 
0.13150 0.000000716762 
0.13200 0.000000687706 
0.13250 0.000000658648 
0.13300 0.000000630894 
0.13350 0.000000606244 
0.13400 0.000000581594 
0.13450 0.000000556944 
0.13500 0.000000534180 
0.13550 0.000000513252 
0.13600 0.000000492326 
0.13650 0.000000471398 
0.13700 0.000000452704 
0.13750 0.000000434924 
0.13800 0.000000417146 
0.13850 0.000000399368 
0.13900 0.000000383992 
0.13950 0.000000368878 
0.14000 0.000000353764 
0.14050 0.000000338844 
0.14100 0.000000325988 
0.14150 0.000000313132 
0.14200 0.000000300274 
0.14250 0.000000287918 
0.14300 0.000000276974 
0.14350 0.000000266030 
0.14400 0.000000255086 
0.14450 0.000000244834 
0.14500 0.000000235514 
0.14550 0.000000226194 
0.14600 0.000000216874 
0.14650 0.000000208354 
0.14700 0.000000200412 
0.14750 0.000000192471 
0.14800 0.000000184529 
0.14850 0.000000177437 
0.14900 0.000000170667 
0.14950 0.000000163897 
0.15000 0.000000157126 
0.15050 0.000000151212 
0.15100 0.000000145437 
0.15150 0.000000139663 
0.15200 0.000000133889 
0.15250 0.000000128946 
0.15300 0.000000124019 
0.15350 0.000000119092 
0.15400 0.000000114232 
0.15450 0.000000110027 
0.15500 0.000000105822 
0.15550 0.000000101616 
0.15600 0.000000097529 
0.15650 0.000000093938 
0.15700 0.000000090347 
0.15750 0.000000086757 
0.15800 0.000000083311 
0.15850 0.000000080244 
0.15900 0.000000077177 
0.15950 0.000000074109 
0.16000 0.000000071199 
0.16050 0.000000068578 
0.16100 0.000000065958 
0.16150 0.000000063338 
0.16200 0.000000060874 
0.16250 0.000000058635 
0.16300 0.000000056395 
0.16350 0.000000054156 
0.16400 0.000000052065 
0.16450 0.000000050151 
0.16500 0.000000048237 
0.16550 0.000000046323 
0.16600 0.000000044545 
0.16650 0.000000042909 
0.16700 0.000000041273 
0.16750 0.000000039637 
0.16800 0.000000038121 
0.16850 0.000000036722 
0.16900 0.000000035323 
0.16950 0.000000033923 
0.17000 0.000000032628 
0.17050 0.000000031431 
0.17100 0.000000030235 
0.17150 0.000000029039 
0.17200 0.000000027929 
0.17250 0.000000026906 
0.17300 0.000000025882 
0.17350 0.000000024859 
0.17400 0.000000023905 
0.17450 0.000000023030 
0.17500 0.000000022155 
0.17550 0.000000021279 
0.17600 0.000000020459 
0.17650 0.000000019710 
0.17700 0.000000018962 
0.17750 0.000000018213 
0.17800 0.000000017506 
0.17850 0.000000016865 
0.17900 0.000000016225 
0.17950 0.000000015585 
0.18000 0.000000014973 
0.18050 0.000000014425 
0.18100 0.000000013877 
0.18150 0.000000013329 
0.18200 0.000000012799 
0.18250 0.000000012331 
0.18300 0.000000011862 
0.18350 0.000000011393 
0.18400 0.000000010933 
0.18450 0.000000010533 
0.18500 0.000000010132 
0.18550 0.000000009732 
0.18600 0.000000009332 
0.18650 0.000000008989 
0.18700 0.000000008646 
0.18750 0.000000008304 
0.18800 0.000000007961 
0.18850 0.000000007663 
0.18900 0.000000007370 
0.18950 0.000000007077 
0.19000 0.000000006784 
0.19050 0.000000006523 
0.19100 0.000000006273 
0.19150 0.000000006022 
0.19200 0.000000005772 
0.19250 0.000000005543 
0.19300 0.000000005329 
0.19350 0.000000005115 
0.19400 0.000000004901 
0.19450 0.000000004701 
0.19500 0.000000004518 
0.19550 0.000000004335 
0.19600 0.000000004152 
0.19650 0.000000003978 
0.19700 0.000000003821 
0.19750 0.000000003665 
0.19800 0.000000003509 
0.19850 0.000000003356 
0.19900 0.000000003222 
0.19950 0.000000003089 
0.20000 0.000000002956 
0.20050 0.000000002822 
0.20100 0.000000002708 
0.20150 0.000000002594 
0.20200 0.000000002480 
0.20250 0.000000002366 
0.20300 0.000000002266 
0.20350 0.000000002169 
0.20400 0.000000002072 
0.20450 0.000000001975 
0.20500 0.000000001887 
0.20550 0.000000001804 
0.20600 0.000000001722 
0.20650 0.000000001639 
0.20700 0.000000001563 
0.20750 0.000000001492 
0.20800 0.000000001422 
0.20850 0.000000001352 
0.20900 0.000000001285 
0.20950 0.000000001225 
0.21000 0.000000001166 
0.21050 0.000000001106 
0.21100 0.000000001048 
0.21150 0.000000000997 
0.21200 0.000000000947 
0.21250 0.000000000896 
0.21300 0.000000000846 
0.21350 0.000000000803 
0.21400 0.000000000760 
0.21450 0.000000000717 
0.21500 0.000000000675 
0.21550 0.000000000639 
0.21600 0.000000000603 
0.21650 0.000000000566 
0.21700 0.000000000530 
0.21750 0.000000000500 
0.21800 0.000000000469 
0.21850 0.000000000439 
0.21900 0.000000000409 
0.21950 0.000000000383 
0.22000 0.000000000358 
0.22050 0.000000000333 
0.22100 0.000000000307 
0.22150 0.000000000286 
0.22200 0.000000000265 
0.22250 0.000000000244 
0.22300 0.000000000223 
0.22350 0.000000000206 
0.22400 0.000000000189 
0.22450 0.000000000172 
0.22500 0.000000000155 
0.22550 0.000000000141 
0.22600 0.000000000127 
0.22650 0.000000000113 
0.22700 0.000000000101 
0.22750 0.000000000090 
0.22800 0.000000000079 
0.22850 0.000000000068 
0.22900 0.000000000059 
0.22950 0.000000000051 
0.23000 0.000000000043 
0.23050 0.000000000035 
0.23100 0.000000000029 
0.23150 0.000000000023 
0.23200 0.000000000017 
0.23250 0.000000000013 
0.23300 0.000000000010 
0.23350 0.000000000006 
