0.00000 138.377200000000 
0.00050 119.401400000000 
0.00100 100.425800000000 
0.00150 81.450000000000 
0.00200 62.474200000000 
0.00250 50.328000000000 
0.00300 40.219400000000 
0.00350 32.429800000000 
0.00400 26.784800000000 
0.00450 21.585600000000 
0.00500 18.302600000000 
0.00550 15.019500000000 
0.00600 12.762980000000 
0.00650 10.787360000000 
0.00700 9.048640000000 
0.00750 7.824960000000 
0.00800 6.601300000000 
0.00850 5.728020000000 
0.00900 4.951060000000 
0.00950 4.228300000000 
0.01000 3.724260000000 
0.01050 3.220200000000 
0.01100 2.812240000000 
0.01150 2.478980000000 
0.01200 2.145720000000 
0.01250 1.908660000000 
0.01300 1.684608000000 
0.01350 1.471764000000 
0.01400 1.318864000000 
0.01450 1.165966000000 
0.01500 1.031740000000 
0.01550 0.925990000000 
0.01600 0.820240000000 
0.01650 0.733516000000 
0.01700 0.659484000000 
0.01750 0.585454000000 
0.01800 0.528118000000 
0.01850 0.475720000000 
0.01900 0.423322000000 
0.01950 0.384586000000 
0.02000 0.347128000000 
0.02050 0.309984000000 
0.02100 0.282960000000 
0.02150 0.255934000000 
0.02200 0.229802000000 
0.02250 0.210140000000 
0.02300 0.190480400000 
0.02350 0.171809600000 
0.02400 0.157395600000 
0.02450 0.142981800000 
0.02500 0.129453000000 
0.02550 0.118810400000 
0.02600 0.108167600000 
0.02650 0.098236800000 
0.02700 0.090326800000 
0.02750 0.082416800000 
0.02800 0.075039800000 
0.02850 0.069125000000 
0.02900 0.063210200000 
0.02950 0.057670400000 
0.03000 0.053222400000 
0.03050 0.048774400000 
0.03100 0.044572400000 
0.03150 0.041209800000 
0.03200 0.037847200000 
0.03250 0.034631000000 
0.03300 0.032076400000 
0.03350 0.029521800000 
0.03400 0.027039600000 
0.03450 0.025089800000 
0.03500 0.023140000000 
0.03550 0.021209600000 
0.03600 0.019715140000 
0.03650 0.018220660000 
0.03700 0.016726180000 
0.03750 0.015558660000 
0.03800 0.014408480000 
0.03850 0.013258300000 
0.03900 0.012328320000 
0.03950 0.011439740000 
0.04000 0.010551180000 
0.04050 0.009806120000 
0.04100 0.009117180000 
0.04150 0.008428240000 
0.04200 0.007828220000 
0.04250 0.007292220000 
0.04300 0.006756240000 
0.04350 0.006270740000 
0.04400 0.005852400000 
0.04450 0.005434060000 
0.04500 0.005039520000 
0.04550 0.004712020000 
0.04600 0.004384520000 
0.04650 0.004062640000 
0.04700 0.003805480000 
0.04750 0.003548340000 
0.04800 0.003291200000 
0.04850 0.003082340000 
0.04900 0.002879880000 
0.04950 0.002677420000 
0.05000 0.002503580000 
0.05050 0.002343760000 
0.05100 0.002183920000 
0.05150 0.002038920000 
0.05200 0.001912416000 
0.05250 0.001785912000 
0.05300 0.001664724000 
0.05350 0.001564356000 
0.05400 0.001463988000 
0.05450 0.001363620000 
0.05500 0.001282702000 
0.05550 0.001202882000 
0.05600 0.001123062000 
0.05650 0.001054166000 
0.05700 0.000990542000 
0.05750 0.000926918000 
0.05800 0.000868250000 
0.05850 0.000817424000 
0.05900 0.000766598000 
0.05950 0.000716630000 
0.06000 0.000675940000 
0.06050 0.000635252000 
0.06100 0.000594562000 
0.06150 0.000560042000 
0.06200 0.000527400000 
0.06250 0.000494760000 
0.06300 0.000464892000 
0.06350 0.000438652000 
0.06400 0.000412414000 
0.06450 0.000386606000 
0.06500 0.000365472000 
0.06550 0.000344340000 
0.06600 0.000323208000 
0.06650 0.000305012000 
0.06700 0.000287958000 
0.06750 0.000270904000 
0.06800 0.000254962000 
0.06850 0.000241174000 
0.06900 0.000227386000 
0.06950 0.000213600000 
0.07000 0.000202288000 
0.07050 0.000191121400 
0.07100 0.000179954000 
0.07150 0.000169913800 
0.07200 0.000160852200 
0.07250 0.000151790600 
0.07300 0.000142916000 
0.07350 0.000135550000 
0.07400 0.000128184200 
0.07450 0.000120818400 
0.07500 0.000114369200 
0.07550 0.000108371400 
0.07600 0.000102373600 
0.07650 0.000096613800 
0.07700 0.000091721600 
0.07750 0.000086829400 
0.07800 0.000081937200 
0.07850 0.000077712800 
0.07900 0.000073715800 
0.07950 0.000069718600 
0.08000 0.000065912000 
0.08050 0.000062640800 
0.08100 0.000059369800 
0.08150 0.000056098600 
0.08200 0.000053278400 
0.08250 0.000050597000 
0.08300 0.000047915600 
0.08350 0.000045355600 
0.08400 0.000043154200 
0.08450 0.000040952800 
0.08500 0.000038751400 
0.08550 0.000036834600 
0.08600 0.000035024200 
0.08650 0.000033214000 
0.08700 0.000031464200 
0.08750 0.000029973400 
0.08800 0.000028482400 
0.08850 0.000026991600 
0.08900 0.000025667200 
0.08950 0.000024437600 
0.09000 0.000023207800 
0.09050 0.000021993800 
0.09100 0.000020978000 
0.09150 0.000019962140 
0.09200 0.000018946300 
0.09250 0.000018017700 
0.09300 0.000017177320 
0.09350 0.000016336940 
0.09400 0.000015496560 
0.09450 0.000014787160 
0.09500 0.000014090920 
0.09550 0.000013394700 
0.09600 0.000012735060 
0.09650 0.000012157420 
0.09700 0.000011579780 
0.09750 0.000011002140 
0.09800 0.000010492640 
0.09850 0.000010012720 
0.09900 0.000009532800 
0.09950 0.000009058920 
0.10000 0.000008659660 
0.10050 0.000008260380 
0.10100 0.000007861120 
0.10150 0.000007491300 
0.10200 0.000007158680 
0.10250 0.000006826060 
0.10300 0.000006493420 
0.10350 0.000006204860 
0.10400 0.000005927380 
0.10450 0.000005649920 
0.10500 0.000005379100 
0.10550 0.000005147340 
0.10600 0.000004915580 
0.10650 0.000004683820 
0.10700 0.000004470360 
0.10750 0.000004276540 
0.10800 0.000004082720 
0.10850 0.000003888900 
0.10900 0.000003720620 
0.10950 0.000003558320 
0.11000 0.000003396020 
0.11050 0.000003237100 
0.11100 0.000003101040 
0.11150 0.000002964980 
0.11200 0.000002828920 
0.11250 0.000002702440 
0.11300 0.000002588240 
0.11350 0.000002474040 
0.11400 0.000002359840 
0.11450 0.000002259120 
0.11500 0.000002163160 
0.11550 0.000002067200 
0.11600 0.000001971712 
0.11650 0.000001890988 
0.11700 0.000001810266 
0.11750 0.000001729542 
0.11800 0.000001652834 
0.11850 0.000001584854 
0.11900 0.000001516874 
0.11950 0.000001448894 
0.12000 0.000001387224 
0.12050 0.000001329918 
0.12100 0.000001272610 
0.12150 0.000001215304 
0.12200 0.000001165682 
0.12250 0.000001117324 
0.12300 0.000001068964 
0.12350 0.000001021496 
0.12400 0.000000980648 
0.12450 0.000000939802 
0.12500 0.000000898954 
0.12550 0.000000860442 
0.12600 0.000000825908 
0.12650 0.000000791374 
0.12700 0.000000756838 
0.12750 0.000000725564 
0.12800 0.000000696340 
0.12850 0.000000667116 
0.12900 0.000000637892 
0.12950 0.000000612466 
0.13000 0.000000587716 
0.13050 0.000000562964 
0.13100 0.000000538502 
0.13150 0.000000517522 
0.13200 0.000000496542 
0.13250 0.000000475562 
0.13300 0.000000455522 
0.13350 0.000000437724 
0.13400 0.000000419928 
0.13450 0.000000402130 
0.13500 0.000000385692 
0.13550 0.000000370582 
0.13600 0.000000355472 
0.13650 0.000000340362 
0.13700 0.000000326864 
0.13750 0.000000314028 
0.13800 0.000000301192 
0.13850 0.000000288354 
0.13900 0.000000277254 
0.13950 0.000000266340 
0.14000 0.000000255428 
0.14050 0.000000244656 
0.14100 0.000000235372 
0.14150 0.000000226090 
0.14200 0.000000216806 
0.14250 0.000000207884 
0.14300 0.000000199983 
0.14350 0.000000192081 
0.14400 0.000000184180 
0.14450 0.000000176777 
0.14500 0.000000170048 
0.14550 0.000000163318 
0.14600 0.000000156589 
0.14650 0.000000150438 
0.14700 0.000000144703 
0.14750 0.000000138969 
0.14800 0.000000133235 
0.14850 0.000000128114 
0.14900 0.000000123226 
0.14950 0.000000118338 
0.15000 0.000000113449 
0.15050 0.000000109179 
0.15100 0.000000105010 
0.15150 0.000000100841 
0.15200 0.000000096671 
0.15250 0.000000093103 
0.15300 0.000000089545 
0.15350 0.000000085988 
0.15400 0.000000082479 
0.15450 0.000000079442 
0.15500 0.000000076406 
0.15550 0.000000073370 
0.15600 0.000000070419 
0.15650 0.000000067826 
0.15700 0.000000065233 
0.15750 0.000000062641 
0.15800 0.000000060153 
0.15850 0.000000057938 
0.15900 0.000000055724 
0.15950 0.000000053509 
0.16000 0.000000051407 
0.16050 0.000000049515 
0.16100 0.000000047623 
0.16150 0.000000045731 
0.16200 0.000000043953 
0.16250 0.000000042336 
0.16300 0.000000040719 
0.16350 0.000000039102 
0.16400 0.000000037593 
0.16450 0.000000036211 
0.16500 0.000000034829 
0.16550 0.000000033447 
0.16600 0.000000032163 
0.16650 0.000000030981 
0.16700 0.000000029800 
0.16750 0.000000028619 
0.16800 0.000000027524 
0.16850 0.000000026514 
0.16900 0.000000025504 
0.16950 0.000000024494 
0.17000 0.000000023558 
0.17050 0.000000022694 
0.17100 0.000000021831 
0.17150 0.000000020967 
0.17200 0.000000020165 
0.17250 0.000000019427 
0.17300 0.000000018688 
0.17350 0.000000017949 
0.17400 0.000000017260 
0.17450 0.000000016628 
0.17500 0.000000015996 
0.17550 0.000000015364 
0.17600 0.000000014772 
0.17650 0.000000014231 
0.17700 0.000000013691 
0.17750 0.000000013150 
0.17800 0.000000012640 
0.17850 0.000000012177 
0.17900 0.000000011715 
0.17950 0.000000011253 
0.18000 0.000000010811 
0.18050 0.000000010415 
0.18100 0.000000010020 
0.18150 0.000000009624 
0.18200 0.000000009241 
0.18250 0.000000008903 
0.18300 0.000000008565 
0.18350 0.000000008226 
0.18400 0.000000007894 
0.18450 0.000000007605 
0.18500 0.000000007316 
0.18550 0.000000007027 
0.18600 0.000000006738 
0.18650 0.000000006490 
0.18700 0.000000006243 
0.18750 0.000000005995 
0.18800 0.000000005748 
0.18850 0.000000005533 
0.18900 0.000000005321 
0.18950 0.000000005110 
0.19000 0.000000004898 
0.19050 0.000000004710 
0.19100 0.000000004529 
0.19150 0.000000004348 
0.19200 0.000000004167 
0.19250 0.000000004002 
0.19300 0.000000003848 
0.19350 0.000000003693 
0.19400 0.000000003539 
0.19450 0.000000003394 
0.19500 0.000000003262 
0.19550 0.000000003130 
0.19600 0.000000002998 
0.19650 0.000000002872 
0.19700 0.000000002759 
0.19750 0.000000002646 
0.19800 0.000000002533 
0.19850 0.000000002423 
0.19900 0.000000002327 
0.19950 0.000000002230 
0.20000 0.000000002134 
0.20050 0.000000002038 
0.20100 0.000000001955 
0.20150 0.000000001873 
0.20200 0.000000001791 
0.20250 0.000000001708 
0.20300 0.000000001636 
0.20350 0.000000001566 
0.20400 0.000000001496 
0.20450 0.000000001426 
0.20500 0.000000001363 
0.20550 0.000000001303 
0.20600 0.000000001243 
0.20650 0.000000001183 
0.20700 0.000000001128 
0.20750 0.000000001077 
0.20800 0.000000001027 
0.20850 0.000000000976 
0.20900 0.000000000928 
0.20950 0.000000000885 
0.21000 0.000000000842 
0.21050 0.000000000798 
0.21100 0.000000000757 
0.21150 0.000000000720 
0.21200 0.000000000683 
0.21250 0.000000000647 
0.21300 0.000000000611 
0.21350 0.000000000580 
0.21400 0.000000000549 
0.21450 0.000000000518 
0.21500 0.000000000487 
0.21550 0.000000000461 
0.21600 0.000000000435 
0.21650 0.000000000409 
0.21700 0.000000000383 
0.21750 0.000000000361 
0.21800 0.000000000339 
0.21850 0.000000000317 
0.21900 0.000000000295 
0.21950 0.000000000277 
0.22000 0.000000000258 
0.22050 0.000000000240 
0.22100 0.000000000222 
0.22150 0.000000000207 
0.22200 0.000000000191 
0.22250 0.000000000176 
0.22300 0.000000000161 
0.22350 0.000000000149 
0.22400 0.000000000136 
0.22450 0.000000000124 
0.22500 0.000000000112 
0.22550 0.000000000102 
0.22600 0.000000000092 
0.22650 0.000000000082 
0.22700 0.000000000073 
0.22750 0.000000000065 
0.22800 0.000000000057 
0.22850 0.000000000049 
0.22900 0.000000000043 
0.22950 0.000000000037 
0.23000 0.000000000031 
0.23050 0.000000000025 
0.23100 0.000000000021 
0.23150 0.000000000017 
0.23200 0.000000000012 
0.23250 0.000000000009 
0.23300 0.000000000007 
0.23350 0.000000000004 
