0.00000 193.971400000000 
0.00050 167.371800000000 
0.00100 140.772400000000 
0.00150 114.173000000000 
0.00200 87.573600000000 
0.00250 70.547600000000 
0.00300 56.378000000000 
0.00350 45.458800000000 
0.00400 37.545800000000 
0.00450 30.258000000000 
0.00500 25.655800000000 
0.00550 21.053600000000 
0.00600 17.890600000000 
0.00650 15.121280000000 
0.00700 12.683980000000 
0.00750 10.968700000000 
0.00800 9.253420000000 
0.00850 8.029300000000 
0.00900 6.940200000000 
0.00950 5.927060000000 
0.01000 5.220500000000 
0.01050 4.513940000000 
0.01100 3.942060000000 
0.01150 3.474920000000 
0.01200 3.007780000000 
0.01250 2.675480000000 
0.01300 2.361420000000 
0.01350 2.063060000000 
0.01400 1.848728000000 
0.01450 1.634400000000 
0.01500 1.446250000000 
0.01550 1.298014000000 
0.01600 1.149776000000 
0.01650 1.028212000000 
0.01700 0.924438000000 
0.01750 0.820664000000 
0.01800 0.740294000000 
0.01850 0.666844000000 
0.01900 0.593396000000 
0.01950 0.539096000000 
0.02000 0.486588000000 
0.02050 0.434522000000 
0.02100 0.396640000000 
0.02150 0.358758000000 
0.02200 0.322126000000 
0.02250 0.294566000000 
0.02300 0.267008000000 
0.02350 0.240836000000 
0.02400 0.220630000000 
0.02450 0.200426000000 
0.02500 0.181461600000 
0.02550 0.166543200000 
0.02600 0.151624800000 
0.02650 0.137704200000 
0.02700 0.126616200000 
0.02750 0.115528400000 
0.02800 0.105187600000 
0.02850 0.096896600000 
0.02900 0.088605400000 
0.02950 0.080839800000 
0.03000 0.074604800000 
0.03050 0.068369800000 
0.03100 0.062479800000 
0.03150 0.057766200000 
0.03200 0.053052600000 
0.03250 0.048544400000 
0.03300 0.044963400000 
0.03350 0.041382400000 
0.03400 0.037902800000 
0.03450 0.035169800000 
0.03500 0.032436800000 
0.03550 0.029730800000 
0.03600 0.027635800000 
0.03650 0.025541000000 
0.03700 0.023446000000 
0.03750 0.021809400000 
0.03800 0.020197200000 
0.03850 0.018584920000 
0.03900 0.017281320000 
0.03950 0.016035760000 
0.04000 0.014790180000 
0.04050 0.013745820000 
0.04100 0.012780080000 
0.04150 0.011814340000 
0.04200 0.010973260000 
0.04250 0.010221940000 
0.04300 0.009470600000 
0.04350 0.008790040000 
0.04400 0.008203640000 
0.04450 0.007617240000 
0.04500 0.007064180000 
0.04550 0.006605100000 
0.04600 0.006146020000 
0.04650 0.005694820000 
0.04700 0.005334380000 
0.04750 0.004973920000 
0.04800 0.004613460000 
0.04850 0.004320700000 
0.04900 0.004036900000 
0.04950 0.003753100000 
0.05000 0.003509420000 
0.05050 0.003285380000 
0.05100 0.003061320000 
0.05150 0.002858060000 
0.05200 0.002680740000 
0.05250 0.002503420000 
0.05300 0.002333540000 
0.05350 0.002192840000 
0.05400 0.002052160000 
0.05450 0.001911466000 
0.05500 0.001798036000 
0.05550 0.001686148000 
0.05600 0.001574260000 
0.05650 0.001477684000 
0.05700 0.001388500000 
0.05750 0.001299314000 
0.05800 0.001217076000 
0.05850 0.001145830000 
0.05900 0.001074584000 
0.05950 0.001004540000 
0.06000 0.000947504000 
0.06050 0.000890468000 
0.06100 0.000833432000 
0.06150 0.000785044000 
0.06200 0.000739288000 
0.06250 0.000693532000 
0.06300 0.000651664000 
0.06350 0.000614884000 
0.06400 0.000578104000 
0.06450 0.000541928000 
0.06500 0.000512304000 
0.06550 0.000482682000 
0.06600 0.000453058000 
0.06650 0.000427552000 
0.06700 0.000403646000 
0.06750 0.000379742000 
0.06800 0.000357394000 
0.06850 0.000338068000 
0.06900 0.000318742000 
0.06950 0.000299414000 
0.07000 0.000283560000 
0.07050 0.000267906000 
0.07100 0.000252252000 
0.07150 0.000238178000 
0.07200 0.000225476000 
0.07250 0.000212774000 
0.07300 0.000200334000 
0.07350 0.000190008400 
0.07400 0.000179683200 
0.07450 0.000169358000 
0.07500 0.000160318000 
0.07550 0.000151910400 
0.07600 0.000143503000 
0.07650 0.000135429200 
0.07700 0.000128571600 
0.07750 0.000121713800 
0.07800 0.000114856200 
0.07850 0.000108934600 
0.07900 0.000103331600 
0.07950 0.000097728600 
0.08000 0.000092392600 
0.08050 0.000087807200 
0.08100 0.000083222000 
0.08150 0.000078636600 
0.08200 0.000074683400 
0.08250 0.000070924800 
0.08300 0.000067166200 
0.08350 0.000063577600 
0.08400 0.000060491800 
0.08450 0.000057405800 
0.08500 0.000054320000 
0.08550 0.000051633000 
0.08600 0.000049095600 
0.08650 0.000046558000 
0.08700 0.000044105200 
0.08750 0.000042015400 
0.08800 0.000039925400 
0.08850 0.000037835600 
0.08900 0.000035979200 
0.08950 0.000034255400 
0.09000 0.000032531600 
0.09050 0.000030830000 
0.09100 0.000029406000 
0.09150 0.000027982000 
0.09200 0.000026558200 
0.09250 0.000025256400 
0.09300 0.000024078400 
0.09350 0.000022900400 
0.09400 0.000021722400 
0.09450 0.000020728000 
0.09500 0.000019752060 
0.09550 0.000018776100 
0.09600 0.000017851460 
0.09650 0.000017041740 
0.09700 0.000016232040 
0.09750 0.000015422320 
0.09800 0.000014708120 
0.09850 0.000014035400 
0.09900 0.000013362680 
0.09950 0.000012698420 
0.10000 0.000012138740 
0.10050 0.000011579060 
0.10100 0.000011019380 
0.10150 0.000010500980 
0.10200 0.000010034720 
0.10250 0.000009568460 
0.10300 0.000009102200 
0.10350 0.000008697700 
0.10400 0.000008308760 
0.10450 0.000007919800 
0.10500 0.000007540180 
0.10550 0.000007215320 
0.10600 0.000006890440 
0.10650 0.000006565580 
0.10700 0.000006266360 
0.10750 0.000005994680 
0.10800 0.000005722980 
0.10850 0.000005451300 
0.10900 0.000005215400 
0.10950 0.000004987900 
0.11000 0.000004760400 
0.11050 0.000004537640 
0.11100 0.000004346900 
0.11150 0.000004156180 
0.11200 0.000003965460 
0.11250 0.000003788160 
0.11300 0.000003628080 
0.11350 0.000003468000 
0.11400 0.000003307920 
0.11450 0.000003166740 
0.11500 0.000003032220 
0.11550 0.000002897700 
0.11600 0.000002763860 
0.11650 0.000002650700 
0.11700 0.000002537560 
0.11750 0.000002424400 
0.11800 0.000002316880 
0.11850 0.000002221580 
0.11900 0.000002126300 
0.11950 0.000002031000 
0.12000 0.000001944550 
0.12050 0.000001864220 
0.12100 0.000001783892 
0.12150 0.000001703562 
0.12200 0.000001634002 
0.12250 0.000001566216 
0.12300 0.000001498430 
0.12350 0.000001431890 
0.12400 0.000001374632 
0.12450 0.000001317374 
0.12500 0.000001260116 
0.12550 0.000001206132 
0.12600 0.000001157722 
0.12650 0.000001109314 
0.12700 0.000001060904 
0.12750 0.000001017064 
0.12800 0.000000976100 
0.12850 0.000000935134 
0.12900 0.000000894170 
0.12950 0.000000858530 
0.13000 0.000000823834 
0.13050 0.000000789140 
0.13100 0.000000754850 
0.13150 0.000000725440 
0.13200 0.000000696032 
0.13250 0.000000666622 
0.13300 0.000000638532 
0.13350 0.000000613584 
0.13400 0.000000588636 
0.13450 0.000000563688 
0.13500 0.000000540648 
0.13550 0.000000519466 
0.13600 0.000000498286 
0.13650 0.000000477106 
0.13700 0.000000458184 
0.13750 0.000000440190 
0.13800 0.000000422196 
0.13850 0.000000404204 
0.13900 0.000000388642 
0.13950 0.000000373344 
0.14000 0.000000358048 
0.14050 0.000000342948 
0.14100 0.000000329934 
0.14150 0.000000316922 
0.14200 0.000000303910 
0.14250 0.000000291402 
0.14300 0.000000280328 
0.14350 0.000000269252 
0.14400 0.000000258176 
0.14450 0.000000247798 
0.14500 0.000000238366 
0.14550 0.000000228932 
0.14600 0.000000219500 
0.14650 0.000000210876 
0.14700 0.000000202838 
0.14750 0.000000194801 
0.14800 0.000000186763 
0.14850 0.000000179585 
0.14900 0.000000172733 
0.14950 0.000000165881 
0.15000 0.000000159029 
0.15050 0.000000153043 
0.15100 0.000000147198 
0.15150 0.000000141354 
0.15200 0.000000135510 
0.15250 0.000000130507 
0.15300 0.000000125521 
0.15350 0.000000120534 
0.15400 0.000000115615 
0.15450 0.000000111359 
0.15500 0.000000107103 
0.15550 0.000000102847 
0.15600 0.000000098710 
0.15650 0.000000095075 
0.15700 0.000000091441 
0.15750 0.000000087807 
0.15800 0.000000084320 
0.15850 0.000000081215 
0.15900 0.000000078111 
0.15950 0.000000075006 
0.16000 0.000000072061 
0.16050 0.000000069409 
0.16100 0.000000066756 
0.16150 0.000000064104 
0.16200 0.000000061611 
0.16250 0.000000059344 
0.16300 0.000000057078 
0.16350 0.000000054812 
0.16400 0.000000052696 
0.16450 0.000000050758 
0.16500 0.000000048821 
0.16550 0.000000046884 
0.16600 0.000000045084 
0.16650 0.000000043429 
0.16700 0.000000041773 
0.16750 0.000000040117 
0.16800 0.000000038583 
0.16850 0.000000037166 
0.16900 0.000000035750 
0.16950 0.000000034334 
0.17000 0.000000033023 
0.17050 0.000000031812 
0.17100 0.000000030601 
0.17150 0.000000029390 
0.17200 0.000000028267 
0.17250 0.000000027231 
0.17300 0.000000026195 
0.17350 0.000000025160 
0.17400 0.000000024195 
0.17450 0.000000023309 
0.17500 0.000000022423 
0.17550 0.000000021537 
0.17600 0.000000020706 
0.17650 0.000000019949 
0.17700 0.000000019191 
0.17750 0.000000018434 
0.17800 0.000000017718 
0.17850 0.000000017070 
0.17900 0.000000016422 
0.17950 0.000000015774 
0.18000 0.000000015154 
0.18050 0.000000014600 
0.18100 0.000000014045 
0.18150 0.000000013491 
0.18200 0.000000012954 
0.18250 0.000000012480 
0.18300 0.000000012006 
0.18350 0.000000011531 
0.18400 0.000000011066 
0.18450 0.000000010660 
0.18500 0.000000010255 
0.18550 0.000000009849 
0.18600 0.000000009445 
0.18650 0.000000009098 
0.18700 0.000000008751 
0.18750 0.000000008404 
0.18800 0.000000008057 
0.18850 0.000000007755 
0.18900 0.000000007459 
0.18950 0.000000007163 
0.19000 0.000000006866 
0.19050 0.000000006602 
0.19100 0.000000006349 
0.19150 0.000000006095 
0.19200 0.000000005841 
0.19250 0.000000005610 
0.19300 0.000000005394 
0.19350 0.000000005177 
0.19400 0.000000004960 
0.19450 0.000000004758 
0.19500 0.000000004573 
0.19550 0.000000004388 
0.19600 0.000000004203 
0.19650 0.000000004026 
0.19700 0.000000003868 
0.19750 0.000000003709 
0.19800 0.000000003551 
0.19850 0.000000003396 
0.19900 0.000000003261 
0.19950 0.000000003126 
0.20000 0.000000002991 
0.20050 0.000000002856 
0.20100 0.000000002741 
0.20150 0.000000002625 
0.20200 0.000000002510 
0.20250 0.000000002395 
0.20300 0.000000002293 
0.20350 0.000000002195 
0.20400 0.000000002097 
0.20450 0.000000001999 
0.20500 0.000000001910 
0.20550 0.000000001826 
0.20600 0.000000001743 
0.20650 0.000000001659 
0.20700 0.000000001581 
0.20750 0.000000001510 
0.20800 0.000000001439 
0.20850 0.000000001368 
0.20900 0.000000001301 
0.20950 0.000000001240 
0.21000 0.000000001180 
0.21050 0.000000001119 
0.21100 0.000000001061 
0.21150 0.000000001009 
0.21200 0.000000000958 
0.21250 0.000000000907 
0.21300 0.000000000856 
0.21350 0.000000000813 
0.21400 0.000000000770 
0.21450 0.000000000726 
0.21500 0.000000000683 
0.21550 0.000000000646 
0.21600 0.000000000610 
0.21650 0.000000000573 
0.21700 0.000000000537 
0.21750 0.000000000506 
0.21800 0.000000000475 
0.21850 0.000000000444 
0.21900 0.000000000414 
0.21950 0.000000000388 
0.22000 0.000000000362 
0.22050 0.000000000337 
0.22100 0.000000000311 
0.22150 0.000000000290 
0.22200 0.000000000268 
0.22250 0.000000000247 
0.22300 0.000000000226 
0.22350 0.000000000209 
0.22400 0.000000000191 
0.22450 0.000000000174 
0.22500 0.000000000157 
0.22550 0.000000000143 
0.22600 0.000000000129 
0.22650 0.000000000115 
0.22700 0.000000000102 
0.22750 0.000000000091 
0.22800 0.000000000080 
0.22850 0.000000000069 
0.22900 0.000000000060 
0.22950 0.000000000052 
0.23000 0.000000000043 
0.23050 0.000000000035 
0.23100 0.000000000029 
0.23150 0.000000000023 
0.23200 0.000000000018 
0.23250 0.000000000013 
0.23300 0.000000000010 
0.23350 0.000000000006 
