0.00000 196.361800000000 
0.00050 169.434600000000 
0.00100 142.507400000000 
0.00150 115.580000000000 
0.00200 88.652800000000 
0.00250 71.417000000000 
0.00300 57.072800000000 
0.00350 46.019000000000 
0.00400 38.008400000000 
0.00450 30.630800000000 
0.00500 25.972000000000 
0.00550 21.313200000000 
0.00600 18.111080000000 
0.00650 15.307620000000 
0.00700 12.840300000000 
0.00750 11.103880000000 
0.00800 9.367460000000 
0.00850 8.128240000000 
0.00900 7.025720000000 
0.00950 6.000100000000 
0.01000 5.284840000000 
0.01050 4.569560000000 
0.01100 3.990640000000 
0.01150 3.517740000000 
0.01200 3.044840000000 
0.01250 2.708440000000 
0.01300 2.390520000000 
0.01350 2.088480000000 
0.01400 1.871512000000 
0.01450 1.654542000000 
0.01500 1.464074000000 
0.01550 1.314010000000 
0.01600 1.163946000000 
0.01650 1.040884000000 
0.01700 0.935830000000 
0.01750 0.830776000000 
0.01800 0.749418000000 
0.01850 0.675062000000 
0.01900 0.600708000000 
0.01950 0.545740000000 
0.02000 0.492584000000 
0.02050 0.439876000000 
0.02100 0.401528000000 
0.02150 0.363180000000 
0.02200 0.326096000000 
0.02250 0.298196000000 
0.02300 0.270298000000 
0.02350 0.243804000000 
0.02400 0.223350000000 
0.02450 0.202896000000 
0.02500 0.183698000000 
0.02550 0.168595600000 
0.02600 0.153493400000 
0.02650 0.139401200000 
0.02700 0.128176600000 
0.02750 0.116952200000 
0.02800 0.106484000000 
0.02850 0.098090600000 
0.02900 0.089697400000 
0.02950 0.081836200000 
0.03000 0.075524200000 
0.03050 0.069212400000 
0.03100 0.063249800000 
0.03150 0.058478000000 
0.03200 0.053706400000 
0.03250 0.049142600000 
0.03300 0.045517400000 
0.03350 0.041892400000 
0.03400 0.038370000000 
0.03450 0.035603200000 
0.03500 0.032836600000 
0.03550 0.030097200000 
0.03600 0.027976400000 
0.03650 0.025855800000 
0.03700 0.023735000000 
0.03750 0.022078200000 
0.03800 0.020446000000 
0.03850 0.018813940000 
0.03900 0.017494300000 
0.03950 0.016233380000 
0.04000 0.014972460000 
0.04050 0.013915220000 
0.04100 0.012937580000 
0.04150 0.011959940000 
0.04200 0.011108500000 
0.04250 0.010347900000 
0.04300 0.009587320000 
0.04350 0.008898360000 
0.04400 0.008304740000 
0.04450 0.007711120000 
0.04500 0.007151240000 
0.04550 0.006686500000 
0.04600 0.006221760000 
0.04650 0.005765000000 
0.04700 0.005400120000 
0.04750 0.005035220000 
0.04800 0.004670320000 
0.04850 0.004373960000 
0.04900 0.004086660000 
0.04950 0.003799340000 
0.05000 0.003552680000 
0.05050 0.003325860000 
0.05100 0.003099060000 
0.05150 0.002893300000 
0.05200 0.002713780000 
0.05250 0.002534260000 
0.05300 0.002362300000 
0.05350 0.002219880000 
0.05400 0.002077440000 
0.05450 0.001935022000 
0.05500 0.001820196000 
0.05550 0.001706928000 
0.05600 0.001593660000 
0.05650 0.001495896000 
0.05700 0.001405612000 
0.05750 0.001315326000 
0.05800 0.001232074000 
0.05850 0.001159950000 
0.05900 0.001087828000 
0.05950 0.001016920000 
0.06000 0.000959182000 
0.06050 0.000901442000 
0.06100 0.000843704000 
0.06150 0.000794718000 
0.06200 0.000748398000 
0.06250 0.000702080000 
0.06300 0.000659696000 
0.06350 0.000622462000 
0.06400 0.000585230000 
0.06450 0.000548606000 
0.06500 0.000518618000 
0.06550 0.000488630000 
0.06600 0.000458642000 
0.06650 0.000432820000 
0.06700 0.000408622000 
0.06750 0.000384422000 
0.06800 0.000361800000 
0.06850 0.000342234000 
0.06900 0.000322670000 
0.06950 0.000303104000 
0.07000 0.000287054000 
0.07050 0.000271208000 
0.07100 0.000255360000 
0.07150 0.000241114000 
0.07200 0.000228254000 
0.07250 0.000215396000 
0.07300 0.000202802000 
0.07350 0.000192350000 
0.07400 0.000181897600 
0.07450 0.000171445200 
0.07500 0.000162293800 
0.07550 0.000153782600 
0.07600 0.000145271600 
0.07650 0.000137098200 
0.07700 0.000130156000 
0.07750 0.000123213800 
0.07800 0.000116271600 
0.07850 0.000110277000 
0.07900 0.000104605000 
0.07950 0.000098933000 
0.08000 0.000093531200 
0.08050 0.000088889400 
0.08100 0.000084247600 
0.08150 0.000079605800 
0.08200 0.000075603800 
0.08250 0.000071798800 
0.08300 0.000067993800 
0.08350 0.000064361000 
0.08400 0.000061237200 
0.08450 0.000058113400 
0.08500 0.000054989400 
0.08550 0.000052269400 
0.08600 0.000049700600 
0.08650 0.000047131800 
0.08700 0.000044648600 
0.08750 0.000042533200 
0.08800 0.000040417600 
0.08850 0.000038302000 
0.08900 0.000036422600 
0.08950 0.000034677600 
0.09000 0.000032932600 
0.09050 0.000031209800 
0.09100 0.000029768400 
0.09150 0.000028327000 
0.09200 0.000026885400 
0.09250 0.000025567600 
0.09300 0.000024375200 
0.09350 0.000023182600 
0.09400 0.000021990200 
0.09450 0.000020983400 
0.09500 0.000019995480 
0.09550 0.000019007500 
0.09600 0.000018071460 
0.09650 0.000017251760 
0.09700 0.000016432080 
0.09750 0.000015612380 
0.09800 0.000014889380 
0.09850 0.000014208360 
0.09900 0.000013527360 
0.09950 0.000012854920 
0.10000 0.000012288340 
0.10050 0.000011721760 
0.10100 0.000011155180 
0.10150 0.000010630400 
0.10200 0.000010158400 
0.10250 0.000009686380 
0.10300 0.000009214380 
0.10350 0.000008804880 
0.10400 0.000008411140 
0.10450 0.000008017420 
0.10500 0.000007633100 
0.10550 0.000007304240 
0.10600 0.000006975360 
0.10650 0.000006646500 
0.10700 0.000006343580 
0.10750 0.000006068560 
0.10800 0.000005793520 
0.10850 0.000005518480 
0.10900 0.000005279680 
0.10950 0.000005049380 
0.11000 0.000004819080 
0.11050 0.000004593560 
0.11100 0.000004400480 
0.11150 0.000004207400 
0.11200 0.000004014340 
0.11250 0.000003834840 
0.11300 0.000003672800 
0.11350 0.000003510740 
0.11400 0.000003348700 
0.11450 0.000003205760 
0.11500 0.000003069600 
0.11550 0.000002933420 
0.11600 0.000002797920 
0.11650 0.000002683380 
0.11700 0.000002568820 
0.11750 0.000002454280 
0.11800 0.000002345420 
0.11850 0.000002248960 
0.11900 0.000002152500 
0.11950 0.000002056020 
0.12000 0.000001968514 
0.12050 0.000001887196 
0.12100 0.000001805876 
0.12150 0.000001724556 
0.12200 0.000001654140 
0.12250 0.000001585518 
0.12300 0.000001516896 
0.12350 0.000001449536 
0.12400 0.000001391572 
0.12450 0.000001333608 
0.12500 0.000001275644 
0.12550 0.000001220996 
0.12600 0.000001171990 
0.12650 0.000001122984 
0.12700 0.000001073978 
0.12750 0.000001029598 
0.12800 0.000000988128 
0.12850 0.000000946660 
0.12900 0.000000905190 
0.12950 0.000000869110 
0.13000 0.000000833988 
0.13050 0.000000798864 
0.13100 0.000000764152 
0.13150 0.000000734380 
0.13200 0.000000704610 
0.13250 0.000000674838 
0.13300 0.000000646402 
0.13350 0.000000621146 
0.13400 0.000000595890 
0.13450 0.000000570634 
0.13500 0.000000547310 
0.13550 0.000000525868 
0.13600 0.000000504428 
0.13650 0.000000482986 
0.13700 0.000000463830 
0.13750 0.000000445616 
0.13800 0.000000427400 
0.13850 0.000000409184 
0.13900 0.000000393432 
0.13950 0.000000377946 
0.14000 0.000000362460 
0.14050 0.000000347174 
0.14100 0.000000334000 
0.14150 0.000000320828 
0.14200 0.000000307656 
0.14250 0.000000294994 
0.14300 0.000000283782 
0.14350 0.000000272570 
0.14400 0.000000261356 
0.14450 0.000000250852 
0.14500 0.000000241304 
0.14550 0.000000231754 
0.14600 0.000000222204 
0.14650 0.000000213476 
0.14700 0.000000205338 
0.14750 0.000000197202 
0.14800 0.000000189064 
0.14850 0.000000181798 
0.14900 0.000000174862 
0.14950 0.000000167925 
0.15000 0.000000160988 
0.15050 0.000000154929 
0.15100 0.000000149012 
0.15150 0.000000143096 
0.15200 0.000000137180 
0.15250 0.000000132116 
0.15300 0.000000127068 
0.15350 0.000000122019 
0.15400 0.000000117040 
0.15450 0.000000112731 
0.15500 0.000000108423 
0.15550 0.000000104114 
0.15600 0.000000099926 
0.15650 0.000000096247 
0.15700 0.000000092568 
0.15750 0.000000088889 
0.15800 0.000000085359 
0.15850 0.000000082216 
0.15900 0.000000079074 
0.15950 0.000000075931 
0.16000 0.000000072949 
0.16050 0.000000070264 
0.16100 0.000000067579 
0.16150 0.000000064894 
0.16200 0.000000062370 
0.16250 0.000000060076 
0.16300 0.000000057781 
0.16350 0.000000055487 
0.16400 0.000000053345 
0.16450 0.000000051384 
0.16500 0.000000049423 
0.16550 0.000000047462 
0.16600 0.000000045640 
0.16650 0.000000043964 
0.16700 0.000000042287 
0.16750 0.000000040611 
0.16800 0.000000039058 
0.16850 0.000000037624 
0.16900 0.000000036191 
0.16950 0.000000034757 
0.17000 0.000000033430 
0.17050 0.000000032204 
0.17100 0.000000030978 
0.17150 0.000000029753 
0.17200 0.000000028615 
0.17250 0.000000027567 
0.17300 0.000000026518 
0.17350 0.000000025470 
0.17400 0.000000024493 
0.17450 0.000000023596 
0.17500 0.000000022699 
0.17550 0.000000021802 
0.17600 0.000000020962 
0.17650 0.000000020195 
0.17700 0.000000019428 
0.17750 0.000000018661 
0.17800 0.000000017936 
0.17850 0.000000017280 
0.17900 0.000000016624 
0.17950 0.000000015968 
0.18000 0.000000015341 
0.18050 0.000000014780 
0.18100 0.000000014218 
0.18150 0.000000013657 
0.18200 0.000000013114 
0.18250 0.000000012634 
0.18300 0.000000012154 
0.18350 0.000000011673 
0.18400 0.000000011202 
0.18450 0.000000010792 
0.18500 0.000000010381 
0.18550 0.000000009971 
0.18600 0.000000009561 
0.18650 0.000000009210 
0.18700 0.000000008859 
0.18750 0.000000008508 
0.18800 0.000000008157 
0.18850 0.000000007851 
0.18900 0.000000007551 
0.18950 0.000000007251 
0.19000 0.000000006951 
0.19050 0.000000006684 
0.19100 0.000000006427 
0.19150 0.000000006170 
0.19200 0.000000005913 
0.19250 0.000000005680 
0.19300 0.000000005460 
0.19350 0.000000005241 
0.19400 0.000000005021 
0.19450 0.000000004817 
0.19500 0.000000004629 
0.19550 0.000000004442 
0.19600 0.000000004254 
0.19650 0.000000004075 
0.19700 0.000000003915 
0.19750 0.000000003755 
0.19800 0.000000003595 
0.19850 0.000000003438 
0.19900 0.000000003302 
0.19950 0.000000003165 
0.20000 0.000000003028 
0.20050 0.000000002892 
0.20100 0.000000002774 
0.20150 0.000000002658 
0.20200 0.000000002541 
0.20250 0.000000002424 
0.20300 0.000000002322 
0.20350 0.000000002222 
0.20400 0.000000002123 
0.20450 0.000000002023 
0.20500 0.000000001934 
0.20550 0.000000001849 
0.20600 0.000000001764 
0.20650 0.000000001679 
0.20700 0.000000001601 
0.20750 0.000000001529 
0.20800 0.000000001457 
0.20850 0.000000001385 
0.20900 0.000000001317 
0.20950 0.000000001256 
0.21000 0.000000001194 
0.21050 0.000000001133 
0.21100 0.000000001074 
0.21150 0.000000001022 
0.21200 0.000000000970 
0.21250 0.000000000918 
0.21300 0.000000000867 
0.21350 0.000000000823 
0.21400 0.000000000779 
0.21450 0.000000000735 
0.21500 0.000000000692 
0.21550 0.000000000654 
0.21600 0.000000000617 
0.21650 0.000000000580 
0.21700 0.000000000543 
0.21750 0.000000000512 
0.21800 0.000000000481 
0.21850 0.000000000450 
0.21900 0.000000000419 
0.21950 0.000000000393 
0.22000 0.000000000367 
0.22050 0.000000000341 
0.22100 0.000000000315 
0.22150 0.000000000293 
0.22200 0.000000000272 
0.22250 0.000000000250 
0.22300 0.000000000229 
0.22350 0.000000000211 
0.22400 0.000000000194 
0.22450 0.000000000176 
0.22500 0.000000000159 
0.22550 0.000000000145 
0.22600 0.000000000131 
0.22650 0.000000000116 
0.22700 0.000000000104 
0.22750 0.000000000092 
0.22800 0.000000000081 
0.22850 0.000000000070 
0.22900 0.000000000061 
0.22950 0.000000000052 
0.23000 0.000000000044 
0.23050 0.000000000036 
0.23100 0.000000000030 
0.23150 0.000000000024 
0.23200 0.000000000018 
0.23250 0.000000000013 
0.23300 0.000000000010 
0.23350 0.000000000006 
