0.00000 198.826400000000 
0.00050 171.561200000000 
0.00100 144.296000000000 
0.00150 117.030800000000 
0.00200 89.765600000000 
0.00250 72.313400000000 
0.00300 57.789000000000 
0.00350 46.596600000000 
0.00400 38.485600000000 
0.00450 31.015200000000 
0.00500 26.298000000000 
0.00550 21.580600000000 
0.00600 18.338400000000 
0.00650 15.499760000000 
0.00700 13.001480000000 
0.00750 11.243260000000 
0.00800 9.485040000000 
0.00850 8.230260000000 
0.00900 7.113920000000 
0.00950 6.075420000000 
0.01000 5.351160000000 
0.01050 4.626920000000 
0.01100 4.040740000000 
0.01150 3.561900000000 
0.01200 3.083060000000 
0.01250 2.742440000000 
0.01300 2.420520000000 
0.01350 2.114700000000 
0.01400 1.895002000000 
0.01450 1.675310000000 
0.01500 1.482450000000 
0.01550 1.330504000000 
0.01600 1.178556000000 
0.01650 1.053948000000 
0.01700 0.947576000000 
0.01750 0.841204000000 
0.01800 0.758824000000 
0.01850 0.683536000000 
0.01900 0.608248000000 
0.01950 0.552590000000 
0.02000 0.498768000000 
0.02050 0.445398000000 
0.02100 0.406568000000 
0.02150 0.367738000000 
0.02200 0.330188000000 
0.02250 0.301940000000 
0.02300 0.273690000000 
0.02350 0.246864000000 
0.02400 0.226152000000 
0.02450 0.205442000000 
0.02500 0.186003800000 
0.02550 0.170711800000 
0.02600 0.155420000000 
0.02650 0.141150800000 
0.02700 0.129785400000 
0.02750 0.118420200000 
0.02800 0.107820600000 
0.02850 0.099321800000 
0.02900 0.090823200000 
0.02950 0.082863200000 
0.03000 0.076472200000 
0.03050 0.070081000000 
0.03100 0.064043600000 
0.03150 0.059212000000 
0.03200 0.054380600000 
0.03250 0.049759400000 
0.03300 0.046088800000 
0.03350 0.042418200000 
0.03400 0.038851600000 
0.03450 0.036050200000 
0.03500 0.033248600000 
0.03550 0.030475000000 
0.03600 0.028327600000 
0.03650 0.026180200000 
0.03700 0.024033000000 
0.03750 0.022355400000 
0.03800 0.020702800000 
0.03850 0.019050100000 
0.03900 0.017713880000 
0.03950 0.016437120000 
0.04000 0.015160380000 
0.04050 0.014089880000 
0.04100 0.013099960000 
0.04150 0.012110040000 
0.04200 0.011247920000 
0.04250 0.010477780000 
0.04300 0.009707660000 
0.04350 0.009010060000 
0.04400 0.008408980000 
0.04450 0.007807900000 
0.04500 0.007241000000 
0.04550 0.006770420000 
0.04600 0.006299860000 
0.04650 0.005837360000 
0.04700 0.005467900000 
0.04750 0.005098420000 
0.04800 0.004728940000 
0.04850 0.004428860000 
0.04900 0.004137940000 
0.04950 0.003847040000 
0.05000 0.003597260000 
0.05050 0.003367600000 
0.05100 0.003137960000 
0.05150 0.002929600000 
0.05200 0.002747840000 
0.05250 0.002566080000 
0.05300 0.002391940000 
0.05350 0.002247740000 
0.05400 0.002103520000 
0.05450 0.001959310000 
0.05500 0.001843042000 
0.05550 0.001728352000 
0.05600 0.001613664000 
0.05650 0.001514672000 
0.05700 0.001423254000 
0.05750 0.001331836000 
0.05800 0.001247540000 
0.05850 0.001174510000 
0.05900 0.001101482000 
0.05950 0.001029684000 
0.06000 0.000971220000 
0.06050 0.000912758000 
0.06100 0.000854294000 
0.06150 0.000804694000 
0.06200 0.000757792000 
0.06250 0.000710892000 
0.06300 0.000667976000 
0.06350 0.000630276000 
0.06400 0.000592574000 
0.06450 0.000555492000 
0.06500 0.000525128000 
0.06550 0.000494762000 
0.06600 0.000464398000 
0.06650 0.000438254000 
0.06700 0.000413750000 
0.06750 0.000389246000 
0.06800 0.000366340000 
0.06850 0.000346530000 
0.06900 0.000326720000 
0.06950 0.000306908000 
0.07000 0.000290658000 
0.07050 0.000274612000 
0.07100 0.000258566000 
0.07150 0.000244140000 
0.07200 0.000231120000 
0.07250 0.000218100000 
0.07300 0.000205348000 
0.07350 0.000194764200 
0.07400 0.000184180600 
0.07450 0.000173597000 
0.07500 0.000164330800 
0.07550 0.000155712800 
0.07600 0.000147095000 
0.07650 0.000138819000 
0.07700 0.000131789800 
0.07750 0.000124760400 
0.07800 0.000117731000 
0.07850 0.000111661200 
0.07900 0.000105918000 
0.07950 0.000100174800 
0.08000 0.000094705200 
0.08050 0.000090005200 
0.08100 0.000085305000 
0.08150 0.000080605000 
0.08200 0.000076552600 
0.08250 0.000072700000 
0.08300 0.000068847400 
0.08350 0.000065169000 
0.08400 0.000062005800 
0.08450 0.000058842800 
0.08500 0.000055679600 
0.08550 0.000052925400 
0.08600 0.000050324400 
0.08650 0.000047723400 
0.08700 0.000045209200 
0.08750 0.000043067000 
0.08800 0.000040924800 
0.08850 0.000038782600 
0.08900 0.000036879800 
0.08950 0.000035112800 
0.09000 0.000033346000 
0.09050 0.000031601600 
0.09100 0.000030142000 
0.09150 0.000028682400 
0.09200 0.000027222800 
0.09250 0.000025888600 
0.09300 0.000024681200 
0.09350 0.000023473600 
0.09400 0.000022266200 
0.09450 0.000021246800 
0.09500 0.000020246400 
0.09550 0.000019246080 
0.09600 0.000018298280 
0.09650 0.000017468300 
0.09700 0.000016638320 
0.09750 0.000015808340 
0.09800 0.000015076280 
0.09850 0.000014386700 
0.09900 0.000013697140 
0.09950 0.000013016260 
0.10000 0.000012442580 
0.10050 0.000011868880 
0.10100 0.000011295200 
0.10150 0.000010763820 
0.10200 0.000010285900 
0.10250 0.000009807960 
0.10300 0.000009330040 
0.10350 0.000008915400 
0.10400 0.000008516720 
0.10450 0.000008118040 
0.10500 0.000007728920 
0.10550 0.000007395920 
0.10600 0.000007062920 
0.10650 0.000006729920 
0.10700 0.000006423220 
0.10750 0.000006144720 
0.10800 0.000005866240 
0.10850 0.000005587740 
0.10900 0.000005345940 
0.10950 0.000005112760 
0.11000 0.000004879560 
0.11050 0.000004651200 
0.11100 0.000004455720 
0.11150 0.000004260220 
0.11200 0.000004064720 
0.11250 0.000003882980 
0.11300 0.000003718900 
0.11350 0.000003554800 
0.11400 0.000003390720 
0.11450 0.000003246000 
0.11500 0.000003108120 
0.11550 0.000002970240 
0.11600 0.000002833040 
0.11650 0.000002717060 
0.11700 0.000002601060 
0.11750 0.000002485080 
0.11800 0.000002374860 
0.11850 0.000002277180 
0.11900 0.000002179520 
0.11950 0.000002081840 
0.12000 0.000001993224 
0.12050 0.000001910882 
0.12100 0.000001828542 
0.12150 0.000001746202 
0.12200 0.000001674902 
0.12250 0.000001605418 
0.12300 0.000001535936 
0.12350 0.000001467730 
0.12400 0.000001409038 
0.12450 0.000001350348 
0.12500 0.000001291656 
0.12550 0.000001236322 
0.12600 0.000001186700 
0.12650 0.000001137080 
0.12700 0.000001087460 
0.12750 0.000001042520 
0.12800 0.000001000532 
0.12850 0.000000958542 
0.12900 0.000000916552 
0.12950 0.000000880020 
0.13000 0.000000844456 
0.13050 0.000000808892 
0.13100 0.000000773744 
0.13150 0.000000743598 
0.13200 0.000000713454 
0.13250 0.000000683308 
0.13300 0.000000654516 
0.13350 0.000000628942 
0.13400 0.000000603370 
0.13450 0.000000577796 
0.13500 0.000000554180 
0.13550 0.000000532470 
0.13600 0.000000510758 
0.13650 0.000000489048 
0.13700 0.000000469652 
0.13750 0.000000451208 
0.13800 0.000000432764 
0.13850 0.000000414320 
0.13900 0.000000398370 
0.13950 0.000000382690 
0.14000 0.000000367010 
0.14050 0.000000351532 
0.14100 0.000000338194 
0.14150 0.000000324856 
0.14200 0.000000311518 
0.14250 0.000000298696 
0.14300 0.000000287344 
0.14350 0.000000275990 
0.14400 0.000000264638 
0.14450 0.000000254002 
0.14500 0.000000244332 
0.14550 0.000000234662 
0.14600 0.000000224994 
0.14650 0.000000216156 
0.14700 0.000000207916 
0.14750 0.000000199677 
0.14800 0.000000191437 
0.14850 0.000000184080 
0.14900 0.000000177057 
0.14950 0.000000170033 
0.15000 0.000000163009 
0.15050 0.000000156873 
0.15100 0.000000150883 
0.15150 0.000000144892 
0.15200 0.000000138902 
0.15250 0.000000133774 
0.15300 0.000000128663 
0.15350 0.000000123551 
0.15400 0.000000118509 
0.15450 0.000000114146 
0.15500 0.000000109784 
0.15550 0.000000105421 
0.15600 0.000000101180 
0.15650 0.000000097455 
0.15700 0.000000093730 
0.15750 0.000000090005 
0.15800 0.000000086431 
0.15850 0.000000083248 
0.15900 0.000000080066 
0.15950 0.000000076884 
0.16000 0.000000073864 
0.16050 0.000000071146 
0.16100 0.000000068427 
0.16150 0.000000065709 
0.16200 0.000000063153 
0.16250 0.000000060830 
0.16300 0.000000058507 
0.16350 0.000000056184 
0.16400 0.000000054015 
0.16450 0.000000052029 
0.16500 0.000000050043 
0.16550 0.000000048057 
0.16600 0.000000046213 
0.16650 0.000000044516 
0.16700 0.000000042818 
0.16750 0.000000041121 
0.16800 0.000000039548 
0.16850 0.000000038097 
0.16900 0.000000036645 
0.16950 0.000000035193 
0.17000 0.000000033849 
0.17050 0.000000032608 
0.17100 0.000000031367 
0.17150 0.000000030126 
0.17200 0.000000028975 
0.17250 0.000000027913 
0.17300 0.000000026851 
0.17350 0.000000025789 
0.17400 0.000000024800 
0.17450 0.000000023892 
0.17500 0.000000022984 
0.17550 0.000000022076 
0.17600 0.000000021225 
0.17650 0.000000020448 
0.17700 0.000000019672 
0.17750 0.000000018895 
0.17800 0.000000018161 
0.17850 0.000000017497 
0.17900 0.000000016833 
0.17950 0.000000016168 
0.18000 0.000000015534 
0.18050 0.000000014965 
0.18100 0.000000014397 
0.18150 0.000000013829 
0.18200 0.000000013279 
0.18250 0.000000012792 
0.18300 0.000000012306 
0.18350 0.000000011820 
0.18400 0.000000011343 
0.18450 0.000000010927 
0.18500 0.000000010512 
0.18550 0.000000010096 
0.18600 0.000000009681 
0.18650 0.000000009326 
0.18700 0.000000008970 
0.18750 0.000000008615 
0.18800 0.000000008259 
0.18850 0.000000007950 
0.18900 0.000000007646 
0.18950 0.000000007342 
0.19000 0.000000007038 
0.19050 0.000000006767 
0.19100 0.000000006508 
0.19150 0.000000006248 
0.19200 0.000000005988 
0.19250 0.000000005751 
0.19300 0.000000005529 
0.19350 0.000000005307 
0.19400 0.000000005084 
0.19450 0.000000004877 
0.19500 0.000000004687 
0.19550 0.000000004498 
0.19600 0.000000004308 
0.19650 0.000000004126 
0.19700 0.000000003964 
0.19750 0.000000003802 
0.19800 0.000000003640 
0.19850 0.000000003481 
0.19900 0.000000003343 
0.19950 0.000000003205 
0.20000 0.000000003066 
0.20050 0.000000002928 
0.20100 0.000000002809 
0.20150 0.000000002691 
0.20200 0.000000002573 
0.20250 0.000000002455 
0.20300 0.000000002351 
0.20350 0.000000002250 
0.20400 0.000000002149 
0.20450 0.000000002049 
0.20500 0.000000001958 
0.20550 0.000000001872 
0.20600 0.000000001786 
0.20650 0.000000001700 
0.20700 0.000000001621 
0.20750 0.000000001548 
0.20800 0.000000001475 
0.20850 0.000000001402 
0.20900 0.000000001333 
0.20950 0.000000001271 
0.21000 0.000000001209 
0.21050 0.000000001147 
0.21100 0.000000001087 
0.21150 0.000000001035 
0.21200 0.000000000982 
0.21250 0.000000000929 
0.21300 0.000000000878 
0.21350 0.000000000833 
0.21400 0.000000000789 
0.21450 0.000000000744 
0.21500 0.000000000700 
0.21550 0.000000000663 
0.21600 0.000000000625 
0.21650 0.000000000587 
0.21700 0.000000000550 
0.21750 0.000000000518 
0.21800 0.000000000487 
0.21850 0.000000000456 
0.21900 0.000000000424 
0.21950 0.000000000398 
0.22000 0.000000000371 
0.22050 0.000000000345 
0.22100 0.000000000319 
0.22150 0.000000000297 
0.22200 0.000000000275 
0.22250 0.000000000253 
0.22300 0.000000000232 
0.22350 0.000000000214 
0.22400 0.000000000196 
0.22450 0.000000000178 
0.22500 0.000000000161 
0.22550 0.000000000147 
0.22600 0.000000000132 
0.22650 0.000000000118 
0.22700 0.000000000105 
0.22750 0.000000000093 
0.22800 0.000000000082 
0.22850 0.000000000071 
0.22900 0.000000000061 
0.22950 0.000000000053 
0.23000 0.000000000044 
0.23050 0.000000000036 
0.23100 0.000000000030 
0.23150 0.000000000024 
0.23200 0.000000000018 
0.23250 0.000000000014 
0.23300 0.000000000010 
0.23350 0.000000000006 
