0.00000 201.418000000000 
0.00050 173.797200000000 
0.00100 146.176600000000 
0.00150 118.556000000000 
0.00200 90.935400000000 
0.00250 73.256000000000 
0.00300 58.542200000000 
0.00350 47.203800000000 
0.00400 38.987200000000 
0.00450 31.419400000000 
0.00500 26.640800000000 
0.00550 21.862000000000 
0.00600 18.577400000000 
0.00650 15.701760000000 
0.00700 13.170920000000 
0.00750 11.389780000000 
0.00800 9.608660000000 
0.00850 8.337540000000 
0.00900 7.206620000000 
0.00950 6.154600000000 
0.01000 5.420900000000 
0.01050 4.687220000000 
0.01100 4.093400000000 
0.01150 3.608320000000 
0.01200 3.123240000000 
0.01250 2.778180000000 
0.01300 2.452060000000 
0.01350 2.142260000000 
0.01400 1.919700000000 
0.01450 1.697144000000 
0.01500 1.501772000000 
0.01550 1.347844000000 
0.01600 1.193916000000 
0.01650 1.067684000000 
0.01700 0.959926000000 
0.01750 0.852168000000 
0.01800 0.768714000000 
0.01850 0.692444000000 
0.01900 0.616176000000 
0.01950 0.559792000000 
0.02000 0.505268000000 
0.02050 0.451202000000 
0.02100 0.411868000000 
0.02150 0.372532000000 
0.02200 0.334492000000 
0.02250 0.305874000000 
0.02300 0.277258000000 
0.02350 0.250080000000 
0.02400 0.229100000000 
0.02450 0.208120000000 
0.02500 0.188428000000 
0.02550 0.172936800000 
0.02600 0.157445600000 
0.02650 0.142990400000 
0.02700 0.131477000000 
0.02750 0.119963600000 
0.02800 0.109225800000 
0.02850 0.100616400000 
0.02900 0.092006800000 
0.02950 0.083943200000 
0.03000 0.077468800000 
0.03050 0.070994400000 
0.03100 0.064878400000 
0.03150 0.059983800000 
0.03200 0.055089200000 
0.03250 0.050408000000 
0.03300 0.046689400000 
0.03350 0.042971000000 
0.03400 0.039358000000 
0.03450 0.036520000000 
0.03500 0.033682000000 
0.03550 0.030872000000 
0.03600 0.028696800000 
0.03650 0.026521400000 
0.03700 0.024346200000 
0.03750 0.022646800000 
0.03800 0.020972600000 
0.03850 0.019298380000 
0.03900 0.017944740000 
0.03950 0.016651360000 
0.04000 0.015357960000 
0.04050 0.014273500000 
0.04100 0.013270700000 
0.04150 0.012267880000 
0.04200 0.011394520000 
0.04250 0.010614340000 
0.04300 0.009834180000 
0.04350 0.009127480000 
0.04400 0.008518580000 
0.04450 0.007909660000 
0.04500 0.007335380000 
0.04550 0.006858660000 
0.04600 0.006381960000 
0.04650 0.005913440000 
0.04700 0.005539160000 
0.04750 0.005164860000 
0.04800 0.004790560000 
0.04850 0.004486580000 
0.04900 0.004191880000 
0.04950 0.003897180000 
0.05000 0.003644140000 
0.05050 0.003411500000 
0.05100 0.003178840000 
0.05150 0.002967780000 
0.05200 0.002783660000 
0.05250 0.002599520000 
0.05300 0.002423120000 
0.05350 0.002277020000 
0.05400 0.002130940000 
0.05450 0.001984846000 
0.05500 0.001867062000 
0.05550 0.001750878000 
0.05600 0.001634694000 
0.05650 0.001534412000 
0.05700 0.001441804000 
0.05750 0.001349194000 
0.05800 0.001263798000 
0.05850 0.001189818000 
0.05900 0.001115838000 
0.05950 0.001043104000 
0.06000 0.000983878000 
0.06050 0.000924654000 
0.06100 0.000865428000 
0.06150 0.000815180000 
0.06200 0.000767668000 
0.06250 0.000720158000 
0.06300 0.000676682000 
0.06350 0.000638490000 
0.06400 0.000600298000 
0.06450 0.000562732000 
0.06500 0.000531972000 
0.06550 0.000501212000 
0.06600 0.000470450000 
0.06650 0.000443966000 
0.06700 0.000419142000 
0.06750 0.000394320000 
0.06800 0.000371114000 
0.06850 0.000351046000 
0.06900 0.000330978000 
0.06950 0.000310908000 
0.07000 0.000294446000 
0.07050 0.000278190000 
0.07100 0.000261936000 
0.07150 0.000247322000 
0.07200 0.000234132000 
0.07250 0.000220942000 
0.07300 0.000208024000 
0.07350 0.000197302600 
0.07400 0.000186581200 
0.07450 0.000175859600 
0.07500 0.000166472600 
0.07550 0.000157742200 
0.07600 0.000149012000 
0.07650 0.000140628200 
0.07700 0.000133507400 
0.07750 0.000126386400 
0.07800 0.000119265400 
0.07850 0.000113116400 
0.07900 0.000107298400 
0.07950 0.000101480400 
0.08000 0.000095939400 
0.08050 0.000091178200 
0.08100 0.000086416800 
0.08150 0.000081655400 
0.08200 0.000077550400 
0.08250 0.000073647400 
0.08300 0.000069744600 
0.08350 0.000066018200 
0.08400 0.000062814000 
0.08450 0.000059609600 
0.08500 0.000056405400 
0.08550 0.000053615200 
0.08600 0.000050980400 
0.08650 0.000048345400 
0.08700 0.000045798400 
0.08750 0.000043628200 
0.08800 0.000041458200 
0.08850 0.000039288200 
0.08900 0.000037360400 
0.08950 0.000035570400 
0.09000 0.000033780600 
0.09050 0.000032013400 
0.09100 0.000030534800 
0.09150 0.000029056200 
0.09200 0.000027577600 
0.09250 0.000026226000 
0.09300 0.000025002800 
0.09350 0.000023779600 
0.09400 0.000022556400 
0.09450 0.000021523800 
0.09500 0.000020510400 
0.09550 0.000019496920 
0.09600 0.000018536760 
0.09650 0.000017695960 
0.09700 0.000016855180 
0.09750 0.000016014380 
0.09800 0.000015272760 
0.09850 0.000014574220 
0.09900 0.000013875660 
0.09950 0.000013185900 
0.10000 0.000012604740 
0.10050 0.000012023580 
0.10100 0.000011442400 
0.10150 0.000010904120 
0.10200 0.000010419960 
0.10250 0.000009935800 
0.10300 0.000009451640 
0.10350 0.000009031600 
0.10400 0.000008627720 
0.10450 0.000008223840 
0.10500 0.000007829640 
0.10550 0.000007492300 
0.10600 0.000007154960 
0.10650 0.000006817620 
0.10700 0.000006506920 
0.10750 0.000006224800 
0.10800 0.000005942680 
0.10850 0.000005660560 
0.10900 0.000005415620 
0.10950 0.000005179380 
0.11000 0.000004943160 
0.11050 0.000004711820 
0.11100 0.000004513780 
0.11150 0.000004315740 
0.11200 0.000004117700 
0.11250 0.000003933580 
0.11300 0.000003767360 
0.11350 0.000003601140 
0.11400 0.000003434920 
0.11450 0.000003288300 
0.11500 0.000003148620 
0.11550 0.000003008960 
0.11600 0.000002869960 
0.11650 0.000002752460 
0.11700 0.000002634960 
0.11750 0.000002517460 
0.11800 0.000002405820 
0.11850 0.000002306860 
0.11900 0.000002207920 
0.11950 0.000002108960 
0.12000 0.000002019200 
0.12050 0.000001935788 
0.12100 0.000001852374 
0.12150 0.000001768960 
0.12200 0.000001696732 
0.12250 0.000001626342 
0.12300 0.000001555954 
0.12350 0.000001486858 
0.12400 0.000001427402 
0.12450 0.000001367946 
0.12500 0.000001308490 
0.12550 0.000001252434 
0.12600 0.000001202166 
0.12650 0.000001151900 
0.12700 0.000001101632 
0.12750 0.000001056108 
0.12800 0.000001013572 
0.12850 0.000000971034 
0.12900 0.000000928498 
0.12950 0.000000891488 
0.13000 0.000000855462 
0.13050 0.000000819434 
0.13100 0.000000783828 
0.13150 0.000000753290 
0.13200 0.000000722752 
0.13250 0.000000692214 
0.13300 0.000000663046 
0.13350 0.000000637140 
0.13400 0.000000611234 
0.13450 0.000000585326 
0.13500 0.000000561402 
0.13550 0.000000539408 
0.13600 0.000000517416 
0.13650 0.000000495422 
0.13700 0.000000475774 
0.13750 0.000000457090 
0.13800 0.000000438404 
0.13850 0.000000419720 
0.13900 0.000000403562 
0.13950 0.000000387678 
0.14000 0.000000371792 
0.14050 0.000000356112 
0.14100 0.000000342600 
0.14150 0.000000329090 
0.14200 0.000000315578 
0.14250 0.000000302590 
0.14300 0.000000291088 
0.14350 0.000000279588 
0.14400 0.000000268086 
0.14450 0.000000257312 
0.14500 0.000000247516 
0.14550 0.000000237722 
0.14600 0.000000227926 
0.14650 0.000000218972 
0.14700 0.000000210626 
0.14750 0.000000202280 
0.14800 0.000000193932 
0.14850 0.000000186479 
0.14900 0.000000179364 
0.14950 0.000000172249 
0.15000 0.000000165134 
0.15050 0.000000158918 
0.15100 0.000000152849 
0.15150 0.000000146781 
0.15200 0.000000140712 
0.15250 0.000000135518 
0.15300 0.000000130339 
0.15350 0.000000125161 
0.15400 0.000000120053 
0.15450 0.000000115634 
0.15500 0.000000111214 
0.15550 0.000000106795 
0.15600 0.000000102499 
0.15650 0.000000098725 
0.15700 0.000000094952 
0.15750 0.000000091178 
0.15800 0.000000087557 
0.15850 0.000000084333 
0.15900 0.000000081110 
0.15950 0.000000077886 
0.16000 0.000000074827 
0.16050 0.000000072073 
0.16100 0.000000069319 
0.16150 0.000000066565 
0.16200 0.000000063976 
0.16250 0.000000061623 
0.16300 0.000000059269 
0.16350 0.000000056916 
0.16400 0.000000054719 
0.16450 0.000000052707 
0.16500 0.000000050695 
0.16550 0.000000048684 
0.16600 0.000000046815 
0.16650 0.000000045096 
0.16700 0.000000043376 
0.16750 0.000000041657 
0.16800 0.000000040064 
0.16850 0.000000038593 
0.16900 0.000000037123 
0.16950 0.000000035652 
0.17000 0.000000034290 
0.17050 0.000000033033 
0.17100 0.000000031776 
0.17150 0.000000030519 
0.17200 0.000000029352 
0.17250 0.000000028277 
0.17300 0.000000027201 
0.17350 0.000000026125 
0.17400 0.000000025124 
0.17450 0.000000024204 
0.17500 0.000000023284 
0.17550 0.000000022364 
0.17600 0.000000021501 
0.17650 0.000000020715 
0.17700 0.000000019928 
0.17750 0.000000019141 
0.17800 0.000000018398 
0.17850 0.000000017725 
0.17900 0.000000017052 
0.17950 0.000000016379 
0.18000 0.000000015736 
0.18050 0.000000015160 
0.18100 0.000000014585 
0.18150 0.000000014009 
0.18200 0.000000013452 
0.18250 0.000000012959 
0.18300 0.000000012467 
0.18350 0.000000011974 
0.18400 0.000000011491 
0.18450 0.000000011070 
0.18500 0.000000010649 
0.18550 0.000000010228 
0.18600 0.000000009808 
0.18650 0.000000009447 
0.18700 0.000000009087 
0.18750 0.000000008727 
0.18800 0.000000008367 
0.18850 0.000000008053 
0.18900 0.000000007745 
0.18950 0.000000007438 
0.19000 0.000000007130 
0.19050 0.000000006856 
0.19100 0.000000006592 
0.19150 0.000000006329 
0.19200 0.000000006066 
0.19250 0.000000005826 
0.19300 0.000000005601 
0.19350 0.000000005376 
0.19400 0.000000005151 
0.19450 0.000000004941 
0.19500 0.000000004749 
0.19550 0.000000004556 
0.19600 0.000000004364 
0.19650 0.000000004180 
0.19700 0.000000004016 
0.19750 0.000000003852 
0.19800 0.000000003688 
0.19850 0.000000003527 
0.19900 0.000000003387 
0.19950 0.000000003246 
0.20000 0.000000003106 
0.20050 0.000000002966 
0.20100 0.000000002846 
0.20150 0.000000002726 
0.20200 0.000000002606 
0.20250 0.000000002487 
0.20300 0.000000002381 
0.20350 0.000000002279 
0.20400 0.000000002177 
0.20450 0.000000002076 
0.20500 0.000000001983 
0.20550 0.000000001896 
0.20600 0.000000001809 
0.20650 0.000000001723 
0.20700 0.000000001642 
0.20750 0.000000001568 
0.20800 0.000000001494 
0.20850 0.000000001421 
0.20900 0.000000001351 
0.20950 0.000000001288 
0.21000 0.000000001225 
0.21050 0.000000001162 
0.21100 0.000000001102 
0.21150 0.000000001048 
0.21200 0.000000000995 
0.21250 0.000000000941 
0.21300 0.000000000889 
0.21350 0.000000000844 
0.21400 0.000000000799 
0.21450 0.000000000754 
0.21500 0.000000000709 
0.21550 0.000000000671 
0.21600 0.000000000633 
0.21650 0.000000000595 
0.21700 0.000000000557 
0.21750 0.000000000525 
0.21800 0.000000000493 
0.21850 0.000000000461 
0.21900 0.000000000430 
0.21950 0.000000000403 
0.22000 0.000000000376 
0.22050 0.000000000349 
0.22100 0.000000000323 
0.22150 0.000000000301 
0.22200 0.000000000279 
0.22250 0.000000000256 
0.22300 0.000000000235 
0.22350 0.000000000217 
0.22400 0.000000000199 
0.22450 0.000000000180 
0.22500 0.000000000163 
0.22550 0.000000000149 
0.22600 0.000000000134 
0.22650 0.000000000119 
0.22700 0.000000000106 
0.22750 0.000000000095 
0.22800 0.000000000083 
0.22850 0.000000000072 
0.22900 0.000000000062 
0.22950 0.000000000054 
0.23000 0.000000000045 
0.23050 0.000000000037 
0.23100 0.000000000031 
0.23150 0.000000000024 
0.23200 0.000000000018 
0.23250 0.000000000014 
0.23300 0.000000000010 
0.23350 0.000000000006 
