0.00000 205.972000000000 
0.00050 177.727600000000 
0.00100 149.482400000000 
0.00150 121.237200000000 
0.00200 92.992000000000 
0.00250 74.912600000000 
0.00300 59.866200000000 
0.00350 48.271400000000 
0.00400 39.868800000000 
0.00450 32.130000000000 
0.00500 27.243200000000 
0.00550 22.356400000000 
0.00600 18.997540000000 
0.00650 16.056860000000 
0.00700 13.468780000000 
0.00750 11.647380000000 
0.00800 9.825960000000 
0.00850 8.526100000000 
0.00900 7.369600000000 
0.00950 6.293780000000 
0.01000 5.543500000000 
0.01050 4.793220000000 
0.01100 4.185980000000 
0.01150 3.689920000000 
0.01200 3.193880000000 
0.01250 2.841020000000 
0.01300 2.507520000000 
0.01350 2.190700000000 
0.01400 1.963114000000 
0.01450 1.735526000000 
0.01500 1.535734000000 
0.01550 1.378326000000 
0.01600 1.220916000000 
0.01650 1.091830000000 
0.01700 0.981636000000 
0.01750 0.871440000000 
0.01800 0.786098000000 
0.01850 0.708104000000 
0.01900 0.630110000000 
0.01950 0.572452000000 
0.02000 0.516694000000 
0.02050 0.461408000000 
0.02100 0.421182000000 
0.02150 0.380956000000 
0.02200 0.342056000000 
0.02250 0.312792000000 
0.02300 0.283528000000 
0.02350 0.255736000000 
0.02400 0.234282000000 
0.02450 0.212826000000 
0.02500 0.192689200000 
0.02550 0.176847800000 
0.02600 0.161006200000 
0.02650 0.146224200000 
0.02700 0.134450400000 
0.02750 0.122676600000 
0.02800 0.111696000000 
0.02850 0.102891800000 
0.02900 0.094087600000 
0.02950 0.085841600000 
0.03000 0.079220800000 
0.03050 0.072600000000 
0.03100 0.066345600000 
0.03150 0.061340400000 
0.03200 0.056335200000 
0.03250 0.051548000000 
0.03300 0.047745400000 
0.03350 0.043942800000 
0.03400 0.040248000000 
0.03450 0.037345800000 
0.03500 0.034443800000 
0.03550 0.031570200000 
0.03600 0.029345800000 
0.03650 0.027121200000 
0.03700 0.024896800000 
0.03750 0.023158800000 
0.03800 0.021446800000 
0.03850 0.019734820000 
0.03900 0.018350560000 
0.03950 0.017027940000 
0.04000 0.015705300000 
0.04050 0.014596300000 
0.04100 0.013570820000 
0.04150 0.012545320000 
0.04200 0.011652200000 
0.04250 0.010854400000 
0.04300 0.010056580000 
0.04350 0.009333900000 
0.04400 0.008711220000 
0.04450 0.008088540000 
0.04500 0.007501260000 
0.04550 0.007013780000 
0.04600 0.006526300000 
0.04650 0.006047180000 
0.04700 0.005664420000 
0.04750 0.005281660000 
0.04800 0.004898900000 
0.04850 0.004588040000 
0.04900 0.004286680000 
0.04950 0.003985320000 
0.05000 0.003726560000 
0.05050 0.003488660000 
0.05100 0.003250740000 
0.05150 0.003034900000 
0.05200 0.002846600000 
0.05250 0.002658300000 
0.05300 0.002477920000 
0.05350 0.002328520000 
0.05400 0.002179120000 
0.05450 0.002029740000 
0.05500 0.001909286000 
0.05550 0.001790476000 
0.05600 0.001671664000 
0.05650 0.001569114000 
0.05700 0.001474410000 
0.05750 0.001379706000 
0.05800 0.001292380000 
0.05850 0.001216726000 
0.05900 0.001141072000 
0.05950 0.001066694000 
0.06000 0.001006130000 
0.06050 0.000945564000 
0.06100 0.000885000000 
0.06150 0.000833616000 
0.06200 0.000785030000 
0.06250 0.000736444000 
0.06300 0.000691984000 
0.06350 0.000652930000 
0.06400 0.000613874000 
0.06450 0.000575458000 
0.06500 0.000544002000 
0.06550 0.000512546000 
0.06600 0.000481090000 
0.06650 0.000454006000 
0.06700 0.000428622000 
0.06750 0.000403238000 
0.06800 0.000379508000 
0.06850 0.000358986000 
0.06900 0.000338462000 
0.06950 0.000317940000 
0.07000 0.000301104000 
0.07050 0.000284482000 
0.07100 0.000267860000 
0.07150 0.000252914000 
0.07200 0.000239426000 
0.07250 0.000225938000 
0.07300 0.000212728000 
0.07350 0.000201764000 
0.07400 0.000190800800 
0.07450 0.000179836800 
0.07500 0.000170237400 
0.07550 0.000161309600 
0.07600 0.000152382000 
0.07650 0.000143808600 
0.07700 0.000136526600 
0.07750 0.000129244600 
0.07800 0.000121962600 
0.07850 0.000115674600 
0.07900 0.000109725000 
0.07950 0.000103775400 
0.08000 0.000098109200 
0.08050 0.000093240200 
0.08100 0.000088371200 
0.08150 0.000083502200 
0.08200 0.000079304200 
0.08250 0.000075313000 
0.08300 0.000071321800 
0.08350 0.000067511400 
0.08400 0.000064234600 
0.08450 0.000060957800 
0.08500 0.000057681000 
0.08550 0.000054827800 
0.08600 0.000052133200 
0.08650 0.000049438800 
0.08700 0.000046834000 
0.08750 0.000044615000 
0.08800 0.000042395800 
0.08850 0.000040176600 
0.08900 0.000038205400 
0.08950 0.000036375000 
0.09000 0.000034544600 
0.09050 0.000032737400 
0.09100 0.000031225400 
0.09150 0.000029713400 
0.09200 0.000028201400 
0.09250 0.000026819200 
0.09300 0.000025568200 
0.09350 0.000024317400 
0.09400 0.000023066400 
0.09450 0.000022010600 
0.09500 0.000020974200 
0.09550 0.000019937840 
0.09600 0.000018955980 
0.09650 0.000018096160 
0.09700 0.000017236360 
0.09750 0.000016376540 
0.09800 0.000015618160 
0.09850 0.000014903820 
0.09900 0.000014189460 
0.09950 0.000013484100 
0.10000 0.000012889800 
0.10050 0.000012295480 
0.10100 0.000011701180 
0.10150 0.000011150720 
0.10200 0.000010655600 
0.10250 0.000010160500 
0.10300 0.000009665380 
0.10350 0.000009235840 
0.10400 0.000008822840 
0.10450 0.000008409840 
0.10500 0.000008006720 
0.10550 0.000007661740 
0.10600 0.000007316780 
0.10650 0.000006971800 
0.10700 0.000006654080 
0.10750 0.000006365580 
0.10800 0.000006077080 
0.10850 0.000005788580 
0.10900 0.000005538100 
0.10950 0.000005296520 
0.11000 0.000005054940 
0.11050 0.000004818380 
0.11100 0.000004615860 
0.11150 0.000004413340 
0.11200 0.000004210820 
0.11250 0.000004022540 
0.11300 0.000003852560 
0.11350 0.000003682580 
0.11400 0.000003512600 
0.11450 0.000003362680 
0.11500 0.000003219840 
0.11550 0.000003077000 
0.11600 0.000002934880 
0.11650 0.000002814720 
0.11700 0.000002694560 
0.11750 0.000002574400 
0.11800 0.000002460220 
0.11850 0.000002359040 
0.11900 0.000002257860 
0.11950 0.000002156660 
0.12000 0.000002064860 
0.12050 0.000001979566 
0.12100 0.000001894266 
0.12150 0.000001808966 
0.12200 0.000001735104 
0.12250 0.000001663122 
0.12300 0.000001591142 
0.12350 0.000001520484 
0.12400 0.000001459684 
0.12450 0.000001398882 
0.12500 0.000001338082 
0.12550 0.000001280758 
0.12600 0.000001229354 
0.12650 0.000001177950 
0.12700 0.000001126546 
0.12750 0.000001079992 
0.12800 0.000001036494 
0.12850 0.000000992994 
0.12900 0.000000949496 
0.12950 0.000000911650 
0.13000 0.000000874808 
0.13050 0.000000837966 
0.13100 0.000000801554 
0.13150 0.000000770326 
0.13200 0.000000739096 
0.13250 0.000000707868 
0.13300 0.000000678040 
0.13350 0.000000651548 
0.13400 0.000000625056 
0.13450 0.000000598564 
0.13500 0.000000574098 
0.13550 0.000000551608 
0.13600 0.000000529118 
0.13650 0.000000506626 
0.13700 0.000000486534 
0.13750 0.000000467426 
0.13800 0.000000448320 
0.13850 0.000000429212 
0.13900 0.000000412688 
0.13950 0.000000396444 
0.14000 0.000000380202 
0.14050 0.000000364166 
0.14100 0.000000350348 
0.14150 0.000000336532 
0.14200 0.000000322714 
0.14250 0.000000309432 
0.14300 0.000000297672 
0.14350 0.000000285910 
0.14400 0.000000274150 
0.14450 0.000000263130 
0.14500 0.000000253114 
0.14550 0.000000243098 
0.14600 0.000000233080 
0.14650 0.000000223924 
0.14700 0.000000215390 
0.14750 0.000000206854 
0.14800 0.000000198318 
0.14850 0.000000190697 
0.14900 0.000000183420 
0.14950 0.000000176144 
0.15000 0.000000168868 
0.15050 0.000000162512 
0.15100 0.000000156306 
0.15150 0.000000150100 
0.15200 0.000000143894 
0.15250 0.000000138582 
0.15300 0.000000133287 
0.15350 0.000000127992 
0.15400 0.000000122768 
0.15450 0.000000118249 
0.15500 0.000000113730 
0.15550 0.000000109210 
0.15600 0.000000104817 
0.15650 0.000000100958 
0.15700 0.000000097099 
0.15750 0.000000093240 
0.15800 0.000000089537 
0.15850 0.000000086240 
0.15900 0.000000082944 
0.15950 0.000000079647 
0.16000 0.000000076519 
0.16050 0.000000073703 
0.16100 0.000000070887 
0.16150 0.000000068071 
0.16200 0.000000065423 
0.16250 0.000000063016 
0.16300 0.000000060610 
0.16350 0.000000058203 
0.16400 0.000000055956 
0.16450 0.000000053899 
0.16500 0.000000051842 
0.16550 0.000000049785 
0.16600 0.000000047874 
0.16650 0.000000046116 
0.16700 0.000000044357 
0.16750 0.000000042599 
0.16800 0.000000040970 
0.16850 0.000000039466 
0.16900 0.000000037962 
0.16950 0.000000036458 
0.17000 0.000000035066 
0.17050 0.000000033780 
0.17100 0.000000032495 
0.17150 0.000000031209 
0.17200 0.000000030016 
0.17250 0.000000028916 
0.17300 0.000000027816 
0.17350 0.000000026716 
0.17400 0.000000025692 
0.17450 0.000000024751 
0.17500 0.000000023810 
0.17550 0.000000022869 
0.17600 0.000000021988 
0.17650 0.000000021183 
0.17700 0.000000020379 
0.17750 0.000000019574 
0.17800 0.000000018814 
0.17850 0.000000018126 
0.17900 0.000000017438 
0.17950 0.000000016750 
0.18000 0.000000016092 
0.18050 0.000000015503 
0.18100 0.000000014914 
0.18150 0.000000014326 
0.18200 0.000000013756 
0.18250 0.000000013252 
0.18300 0.000000012748 
0.18350 0.000000012245 
0.18400 0.000000011750 
0.18450 0.000000011320 
0.18500 0.000000010889 
0.18550 0.000000010459 
0.18600 0.000000010029 
0.18650 0.000000009661 
0.18700 0.000000009293 
0.18750 0.000000008924 
0.18800 0.000000008556 
0.18850 0.000000008235 
0.18900 0.000000007920 
0.18950 0.000000007606 
0.19000 0.000000007291 
0.19050 0.000000007011 
0.19100 0.000000006741 
0.19150 0.000000006472 
0.19200 0.000000006203 
0.19250 0.000000005958 
0.19300 0.000000005727 
0.19350 0.000000005497 
0.19400 0.000000005267 
0.19450 0.000000005053 
0.19500 0.000000004856 
0.19550 0.000000004659 
0.19600 0.000000004463 
0.19650 0.000000004275 
0.19700 0.000000004107 
0.19750 0.000000003939 
0.19800 0.000000003771 
0.19850 0.000000003606 
0.19900 0.000000003463 
0.19950 0.000000003320 
0.20000 0.000000003176 
0.20050 0.000000003033 
0.20100 0.000000002910 
0.20150 0.000000002788 
0.20200 0.000000002665 
0.20250 0.000000002543 
0.20300 0.000000002435 
0.20350 0.000000002331 
0.20400 0.000000002227 
0.20450 0.000000002122 
0.20500 0.000000002028 
0.20550 0.000000001939 
0.20600 0.000000001850 
0.20650 0.000000001761 
0.20700 0.000000001679 
0.20750 0.000000001604 
0.20800 0.000000001528 
0.20850 0.000000001453 
0.20900 0.000000001381 
0.20950 0.000000001317 
0.21000 0.000000001253 
0.21050 0.000000001189 
0.21100 0.000000001127 
0.21150 0.000000001072 
0.21200 0.000000001017 
0.21250 0.000000000963 
0.21300 0.000000000909 
0.21350 0.000000000863 
0.21400 0.000000000817 
0.21450 0.000000000771 
0.21500 0.000000000725 
0.21550 0.000000000686 
0.21600 0.000000000648 
0.21650 0.000000000609 
0.21700 0.000000000570 
0.21750 0.000000000537 
0.21800 0.000000000504 
0.21850 0.000000000472 
0.21900 0.000000000439 
0.21950 0.000000000412 
0.22000 0.000000000385 
0.22050 0.000000000357 
0.22100 0.000000000330 
0.22150 0.000000000308 
0.22200 0.000000000285 
0.22250 0.000000000262 
0.22300 0.000000000240 
0.22350 0.000000000222 
0.22400 0.000000000203 
0.22450 0.000000000184 
0.22500 0.000000000167 
0.22550 0.000000000152 
0.22600 0.000000000137 
0.22650 0.000000000122 
0.22700 0.000000000109 
0.22750 0.000000000097 
0.22800 0.000000000085 
0.22850 0.000000000073 
0.22900 0.000000000064 
0.22950 0.000000000055 
0.23000 0.000000000046 
0.23050 0.000000000037 
0.23100 0.000000000031 
0.23150 0.000000000025 
0.23200 0.000000000019 
0.23250 0.000000000014 
0.23300 0.000000000010 
0.23350 0.000000000007 
