0.00000 210.668000000000 
0.00050 181.779400000000 
0.00100 152.890400000000 
0.00150 124.001200000000 
0.00200 95.112000000000 
0.00250 76.620400000000 
0.00300 61.231000000000 
0.00350 49.372000000000 
0.00400 40.777800000000 
0.00450 32.862600000000 
0.00500 27.864200000000 
0.00550 22.866000000000 
0.00600 19.430640000000 
0.00650 16.422920000000 
0.00700 13.775840000000 
0.00750 11.912900000000 
0.00800 10.049960000000 
0.00850 8.720460000000 
0.00900 7.537620000000 
0.00950 6.437280000000 
0.01000 5.669880000000 
0.01050 4.902500000000 
0.01100 4.281400000000 
0.01150 3.774040000000 
0.01200 3.266680000000 
0.01250 2.905780000000 
0.01300 2.564680000000 
0.01350 2.240640000000 
0.01400 2.007860000000 
0.01450 1.775092000000 
0.01500 1.570746000000 
0.01550 1.409748000000 
0.01600 1.248750000000 
0.01650 1.116722000000 
0.01700 1.004014000000 
0.01750 0.891306000000 
0.01800 0.804020000000 
0.01850 0.724248000000 
0.01900 0.644476000000 
0.01950 0.585502000000 
0.02000 0.528474000000 
0.02050 0.471926000000 
0.02100 0.430784000000 
0.02150 0.389640000000 
0.02200 0.349854000000 
0.02250 0.319924000000 
0.02300 0.289992000000 
0.02350 0.261566000000 
0.02400 0.239622000000 
0.02450 0.217678000000 
0.02500 0.197082200000 
0.02550 0.180879400000 
0.02600 0.164676800000 
0.02650 0.149557800000 
0.02700 0.137515600000 
0.02750 0.125473200000 
0.02800 0.114242400000 
0.02850 0.105237600000 
0.02900 0.096232600000 
0.02950 0.087798600000 
0.03000 0.081026800000 
0.03050 0.074255200000 
0.03100 0.067858200000 
0.03150 0.062738800000 
0.03200 0.057619400000 
0.03250 0.052723000000 
0.03300 0.048833800000 
0.03350 0.044944600000 
0.03400 0.041165600000 
0.03450 0.038197200000 
0.03500 0.035229000000 
0.03550 0.032290000000 
0.03600 0.030014800000 
0.03650 0.027739600000 
0.03700 0.025464400000 
0.03750 0.023686800000 
0.03800 0.021935800000 
0.03850 0.020184800000 
0.03900 0.018768920000 
0.03950 0.017416120000 
0.04000 0.016063340000 
0.04050 0.014929060000 
0.04100 0.013880200000 
0.04150 0.012831320000 
0.04200 0.011917840000 
0.04250 0.011101840000 
0.04300 0.010285840000 
0.04350 0.009546700000 
0.04400 0.008909820000 
0.04450 0.008272940000 
0.04500 0.007672280000 
0.04550 0.007173680000 
0.04600 0.006675080000 
0.04650 0.006185040000 
0.04700 0.005793560000 
0.04750 0.005402080000 
0.04800 0.005010600000 
0.04850 0.004692640000 
0.04900 0.004384400000 
0.04950 0.004076160000 
0.05000 0.003811520000 
0.05050 0.003568180000 
0.05100 0.003324840000 
0.05150 0.003104100000 
0.05200 0.002911500000 
0.05250 0.002718920000 
0.05300 0.002534420000 
0.05350 0.002381620000 
0.05400 0.002228800000 
0.05450 0.002076000000 
0.05500 0.001952814000 
0.05550 0.001831294000 
0.05600 0.001709774000 
0.05650 0.001604886000 
0.05700 0.001508024000 
0.05750 0.001411162000 
0.05800 0.001321842000 
0.05850 0.001244464000 
0.05900 0.001167086000 
0.05950 0.001091012000 
0.06000 0.001029066000 
0.06050 0.000967122000 
0.06100 0.000905176000 
0.06150 0.000852620000 
0.06200 0.000802926000 
0.06250 0.000753234000 
0.06300 0.000707760000 
0.06350 0.000667814000 
0.06400 0.000627868000 
0.06450 0.000588578000 
0.06500 0.000556404000 
0.06550 0.000524230000 
0.06600 0.000492058000 
0.06650 0.000464356000 
0.06700 0.000438392000 
0.06750 0.000412430000 
0.06800 0.000388160000 
0.06850 0.000367170000 
0.06900 0.000346178000 
0.06950 0.000325188000 
0.07000 0.000307970000 
0.07050 0.000290968000 
0.07100 0.000273966000 
0.07150 0.000258680000 
0.07200 0.000244886000 
0.07250 0.000231090000 
0.07300 0.000217578000 
0.07350 0.000206364000 
0.07400 0.000195150600 
0.07450 0.000183936600 
0.07500 0.000174118400 
0.07550 0.000164987200 
0.07600 0.000155856000 
0.07650 0.000147087200 
0.07700 0.000139639200 
0.07750 0.000132191200 
0.07800 0.000124743200 
0.07850 0.000118311800 
0.07900 0.000112226400 
0.07950 0.000106141200 
0.08000 0.000100345800 
0.08050 0.000095365800 
0.08100 0.000090385800 
0.08150 0.000085405800 
0.08200 0.000081112200 
0.08250 0.000077030000 
0.08300 0.000072947800 
0.08350 0.000069050400 
0.08400 0.000065699000 
0.08450 0.000062347400 
0.08500 0.000058996000 
0.08550 0.000056077800 
0.08600 0.000053321800 
0.08650 0.000050565800 
0.08700 0.000047901800 
0.08750 0.000045632000 
0.08800 0.000043362400 
0.08850 0.000041092600 
0.08900 0.000039076400 
0.08950 0.000037204200 
0.09000 0.000035332000 
0.09050 0.000033483800 
0.09100 0.000031937400 
0.09150 0.000030390800 
0.09200 0.000028844200 
0.09250 0.000027430600 
0.09300 0.000026151200 
0.09350 0.000024871800 
0.09400 0.000023592400 
0.09450 0.000022512400 
0.09500 0.000021452400 
0.09550 0.000020392400 
0.09600 0.000019388140 
0.09650 0.000018508720 
0.09700 0.000017629300 
0.09750 0.000016749900 
0.09800 0.000015974220 
0.09850 0.000015243580 
0.09900 0.000014512960 
0.09950 0.000013791520 
0.10000 0.000013183660 
0.10050 0.000012575800 
0.10100 0.000011967940 
0.10150 0.000011404920 
0.10200 0.000010898520 
0.10250 0.000010392140 
0.10300 0.000009885740 
0.10350 0.000009446400 
0.10400 0.000009023980 
0.10450 0.000008601560 
0.10500 0.000008189240 
0.10550 0.000007836420 
0.10600 0.000007483580 
0.10650 0.000007130760 
0.10700 0.000006805780 
0.10750 0.000006510700 
0.10800 0.000006215620 
0.10850 0.000005920540 
0.10900 0.000005664340 
0.10950 0.000005417260 
0.11000 0.000005170180 
0.11050 0.000004928240 
0.11100 0.000004721100 
0.11150 0.000004513960 
0.11200 0.000004306820 
0.11250 0.000004114260 
0.11300 0.000003940400 
0.11350 0.000003766540 
0.11400 0.000003592680 
0.11450 0.000003439340 
0.11500 0.000003293240 
0.11550 0.000003147140 
0.11600 0.000003001780 
0.11650 0.000002878880 
0.11700 0.000002755980 
0.11750 0.000002633100 
0.11800 0.000002516320 
0.11850 0.000002412820 
0.11900 0.000002309320 
0.11950 0.000002205820 
0.12000 0.000002111940 
0.12050 0.000002024700 
0.12100 0.000001937450 
0.12150 0.000001850206 
0.12200 0.000001774660 
0.12250 0.000001701038 
0.12300 0.000001627416 
0.12350 0.000001555148 
0.12400 0.000001492962 
0.12450 0.000001430774 
0.12500 0.000001368588 
0.12550 0.000001309956 
0.12600 0.000001257380 
0.12650 0.000001204804 
0.12700 0.000001152228 
0.12750 0.000001104614 
0.12800 0.000001060124 
0.12850 0.000001015632 
0.12900 0.000000971142 
0.12950 0.000000932434 
0.13000 0.000000894752 
0.13050 0.000000857070 
0.13100 0.000000819828 
0.13150 0.000000787888 
0.13200 0.000000755946 
0.13250 0.000000724006 
0.13300 0.000000693498 
0.13350 0.000000666402 
0.13400 0.000000639306 
0.13450 0.000000612210 
0.13500 0.000000587186 
0.13550 0.000000564184 
0.13600 0.000000541180 
0.13650 0.000000518176 
0.13700 0.000000497626 
0.13750 0.000000478082 
0.13800 0.000000458540 
0.13850 0.000000438998 
0.13900 0.000000422096 
0.13950 0.000000405482 
0.14000 0.000000388868 
0.14050 0.000000372468 
0.14100 0.000000358336 
0.14150 0.000000344204 
0.14200 0.000000330072 
0.14250 0.000000316488 
0.14300 0.000000304458 
0.14350 0.000000292428 
0.14400 0.000000280400 
0.14450 0.000000269130 
0.14500 0.000000258884 
0.14550 0.000000248640 
0.14600 0.000000238394 
0.14650 0.000000229030 
0.14700 0.000000220300 
0.14750 0.000000211570 
0.14800 0.000000202840 
0.14850 0.000000195044 
0.14900 0.000000187602 
0.14950 0.000000180160 
0.15000 0.000000172718 
0.15050 0.000000166217 
0.15100 0.000000159869 
0.15150 0.000000153522 
0.15200 0.000000147175 
0.15250 0.000000141742 
0.15300 0.000000136326 
0.15350 0.000000130910 
0.15400 0.000000125567 
0.15450 0.000000120945 
0.15500 0.000000116322 
0.15550 0.000000111700 
0.15600 0.000000107207 
0.15650 0.000000103260 
0.15700 0.000000099313 
0.15750 0.000000095366 
0.15800 0.000000091578 
0.15850 0.000000088207 
0.15900 0.000000084835 
0.15950 0.000000081463 
0.16000 0.000000078264 
0.16050 0.000000075383 
0.16100 0.000000072503 
0.16150 0.000000069623 
0.16200 0.000000066914 
0.16250 0.000000064453 
0.16300 0.000000061991 
0.16350 0.000000059530 
0.16400 0.000000057232 
0.16450 0.000000055128 
0.16500 0.000000053024 
0.16550 0.000000050920 
0.16600 0.000000048965 
0.16650 0.000000047167 
0.16700 0.000000045369 
0.16750 0.000000043570 
0.16800 0.000000041904 
0.16850 0.000000040366 
0.16900 0.000000038828 
0.16950 0.000000037289 
0.17000 0.000000035865 
0.17050 0.000000034550 
0.17100 0.000000033235 
0.17150 0.000000031920 
0.17200 0.000000030700 
0.17250 0.000000029575 
0.17300 0.000000028450 
0.17350 0.000000027325 
0.17400 0.000000026277 
0.17450 0.000000025315 
0.17500 0.000000024353 
0.17550 0.000000023391 
0.17600 0.000000022489 
0.17650 0.000000021666 
0.17700 0.000000020843 
0.17750 0.000000020021 
0.17800 0.000000019243 
0.17850 0.000000018539 
0.17900 0.000000017835 
0.17950 0.000000017131 
0.18000 0.000000016459 
0.18050 0.000000015857 
0.18100 0.000000015254 
0.18150 0.000000014652 
0.18200 0.000000014069 
0.18250 0.000000013554 
0.18300 0.000000013039 
0.18350 0.000000012524 
0.18400 0.000000012018 
0.18450 0.000000011578 
0.18500 0.000000011138 
0.18550 0.000000010697 
0.18600 0.000000010258 
0.18650 0.000000009881 
0.18700 0.000000009504 
0.18750 0.000000009128 
0.18800 0.000000008751 
0.18850 0.000000008423 
0.18900 0.000000008101 
0.18950 0.000000007779 
0.19000 0.000000007457 
0.19050 0.000000007171 
0.19100 0.000000006895 
0.19150 0.000000006620 
0.19200 0.000000006344 
0.19250 0.000000006093 
0.19300 0.000000005858 
0.19350 0.000000005623 
0.19400 0.000000005387 
0.19450 0.000000005168 
0.19500 0.000000004967 
0.19550 0.000000004766 
0.19600 0.000000004564 
0.19650 0.000000004372 
0.19700 0.000000004200 
0.19750 0.000000004029 
0.19800 0.000000003857 
0.19850 0.000000003689 
0.19900 0.000000003542 
0.19950 0.000000003395 
0.20000 0.000000003249 
0.20050 0.000000003102 
0.20100 0.000000002977 
0.20150 0.000000002851 
0.20200 0.000000002726 
0.20250 0.000000002601 
0.20300 0.000000002491 
0.20350 0.000000002384 
0.20400 0.000000002277 
0.20450 0.000000002171 
0.20500 0.000000002074 
0.20550 0.000000001984 
0.20600 0.000000001893 
0.20650 0.000000001802 
0.20700 0.000000001718 
0.20750 0.000000001640 
0.20800 0.000000001563 
0.20850 0.000000001486 
0.20900 0.000000001413 
0.20950 0.000000001347 
0.21000 0.000000001281 
0.21050 0.000000001216 
0.21100 0.000000001152 
0.21150 0.000000001096 
0.21200 0.000000001041 
0.21250 0.000000000985 
0.21300 0.000000000930 
0.21350 0.000000000883 
0.21400 0.000000000836 
0.21450 0.000000000789 
0.21500 0.000000000742 
0.21550 0.000000000702 
0.21600 0.000000000662 
0.21650 0.000000000622 
0.21700 0.000000000583 
0.21750 0.000000000549 
0.21800 0.000000000516 
0.21850 0.000000000483 
0.21900 0.000000000449 
0.21950 0.000000000421 
0.22000 0.000000000393 
0.22050 0.000000000366 
0.22100 0.000000000338 
0.22150 0.000000000315 
0.22200 0.000000000291 
0.22250 0.000000000268 
0.22300 0.000000000246 
0.22350 0.000000000227 
0.22400 0.000000000208 
0.22450 0.000000000189 
0.22500 0.000000000171 
0.22550 0.000000000155 
0.22600 0.000000000140 
0.22650 0.000000000125 
0.22700 0.000000000111 
0.22750 0.000000000099 
0.22800 0.000000000087 
0.22850 0.000000000075 
0.22900 0.000000000065 
0.22950 0.000000000056 
0.23000 0.000000000047 
0.23050 0.000000000038 
0.23100 0.000000000032 
0.23150 0.000000000025 
0.23200 0.000000000019 
0.23250 0.000000000014 
0.23300 0.000000000011 
0.23350 0.000000000007 
