0.00000 215.508000000000 
0.00050 185.955400000000 
0.00100 156.402600000000 
0.00150 126.849800000000 
0.00200 97.297000000000 
0.00250 78.380600000000 
0.00300 62.637600000000 
0.00350 50.506000000000 
0.00400 41.714400000000 
0.00450 33.617400000000 
0.00500 28.504400000000 
0.00550 23.391400000000 
0.00600 19.877000000000 
0.00650 16.800200000000 
0.00700 14.092300000000 
0.00750 12.186580000000 
0.00800 10.280840000000 
0.00850 8.920800000000 
0.00900 7.710780000000 
0.00950 6.585160000000 
0.01000 5.800140000000 
0.01050 5.015120000000 
0.01100 4.379760000000 
0.01150 3.860740000000 
0.01200 3.341740000000 
0.01250 2.972540000000 
0.01300 2.623600000000 
0.01350 2.292120000000 
0.01400 2.054000000000 
0.01450 1.815870000000 
0.01500 1.606830000000 
0.01550 1.442134000000 
0.01600 1.277438000000 
0.01650 1.142376000000 
0.01700 1.027078000000 
0.01750 0.911782000000 
0.01800 0.822490000000 
0.01850 0.740884000000 
0.01900 0.659280000000 
0.01950 0.598952000000 
0.02000 0.540614000000 
0.02050 0.482768000000 
0.02100 0.440680000000 
0.02150 0.398592000000 
0.02200 0.357892000000 
0.02250 0.327272000000 
0.02300 0.296654000000 
0.02350 0.267576000000 
0.02400 0.245128000000 
0.02450 0.222680000000 
0.02500 0.201610000000 
0.02550 0.185034800000 
0.02600 0.168459800000 
0.02650 0.152993600000 
0.02700 0.140674600000 
0.02750 0.128355600000 
0.02800 0.116866800000 
0.02850 0.107655000000 
0.02900 0.098443400000 
0.02950 0.089815600000 
0.03000 0.082888200000 
0.03050 0.075961000000 
0.03100 0.069417000000 
0.03150 0.064180000000 
0.03200 0.058943000000 
0.03250 0.053934200000 
0.03300 0.049955600000 
0.03350 0.045977200000 
0.03400 0.042111200000 
0.03450 0.039074800000 
0.03500 0.036038200000 
0.03550 0.033031800000 
0.03600 0.030704200000 
0.03650 0.028376800000 
0.03700 0.026049200000 
0.03750 0.024231000000 
0.03800 0.022439600000 
0.03850 0.020648400000 
0.03900 0.019200080000 
0.03950 0.017816220000 
0.04000 0.016432340000 
0.04050 0.015272020000 
0.04100 0.014199060000 
0.04150 0.013126100000 
0.04200 0.012191620000 
0.04250 0.011356880000 
0.04300 0.010522140000 
0.04350 0.009766000000 
0.04400 0.009114500000 
0.04450 0.008462980000 
0.04500 0.007848520000 
0.04550 0.007338480000 
0.04600 0.006828420000 
0.04650 0.006327120000 
0.04700 0.005926660000 
0.04750 0.005526180000 
0.04800 0.005125700000 
0.04850 0.004800440000 
0.04900 0.004485120000 
0.04950 0.004169800000 
0.05000 0.003899080000 
0.05050 0.003650160000 
0.05100 0.003401220000 
0.05150 0.003175400000 
0.05200 0.002978380000 
0.05250 0.002781380000 
0.05300 0.002592640000 
0.05350 0.002436320000 
0.05400 0.002280000000 
0.05450 0.002123700000 
0.05500 0.001997674000 
0.05550 0.001873362000 
0.05600 0.001749052000 
0.05650 0.001641754000 
0.05700 0.001542666000 
0.05750 0.001443578000 
0.05800 0.001352208000 
0.05850 0.001273052000 
0.05900 0.001193896000 
0.05950 0.001116076000 
0.06000 0.001052706000 
0.06050 0.000989338000 
0.06100 0.000925970000 
0.06150 0.000872208000 
0.06200 0.000821372000 
0.06250 0.000770536000 
0.06300 0.000724020000 
0.06350 0.000683156000 
0.06400 0.000642292000 
0.06450 0.000602098000 
0.06500 0.000569186000 
0.06550 0.000536274000 
0.06600 0.000503362000 
0.06650 0.000475024000 
0.06700 0.000448464000 
0.06750 0.000421904000 
0.06800 0.000397076000 
0.06850 0.000375604000 
0.06900 0.000354132000 
0.06950 0.000332658000 
0.07000 0.000315044000 
0.07050 0.000297652000 
0.07100 0.000280260000 
0.07150 0.000264624000 
0.07200 0.000250510000 
0.07250 0.000236398000 
0.07300 0.000222576000 
0.07350 0.000211106000 
0.07400 0.000199633600 
0.07450 0.000188162000 
0.07500 0.000178118200 
0.07550 0.000168777200 
0.07600 0.000159436200 
0.07650 0.000150466000 
0.07700 0.000142847000 
0.07750 0.000135227800 
0.07800 0.000127608800 
0.07850 0.000121029600 
0.07900 0.000114804600 
0.07950 0.000108579600 
0.08000 0.000102651000 
0.08050 0.000097556600 
0.08100 0.000092462200 
0.08150 0.000087367800 
0.08200 0.000082975400 
0.08250 0.000078799600 
0.08300 0.000074623600 
0.08350 0.000070636600 
0.08400 0.000067208200 
0.08450 0.000063779600 
0.08500 0.000060351200 
0.08550 0.000057366000 
0.08600 0.000054546600 
0.08650 0.000051727400 
0.08700 0.000049002200 
0.08750 0.000046680400 
0.08800 0.000044358400 
0.08850 0.000042036600 
0.08900 0.000039974000 
0.08950 0.000038058800 
0.09000 0.000036143800 
0.09050 0.000034253000 
0.09100 0.000032671000 
0.09150 0.000031089000 
0.09200 0.000029507000 
0.09250 0.000028060600 
0.09300 0.000026751800 
0.09350 0.000025443000 
0.09400 0.000024134200 
0.09450 0.000023029400 
0.09500 0.000021945200 
0.09550 0.000020860800 
0.09600 0.000019833520 
0.09650 0.000018933900 
0.09700 0.000018034300 
0.09750 0.000017134680 
0.09800 0.000016341180 
0.09850 0.000015593760 
0.09900 0.000014846340 
0.09950 0.000014108340 
0.10000 0.000013486520 
0.10050 0.000012864700 
0.10100 0.000012242860 
0.10150 0.000011666920 
0.10200 0.000011148900 
0.10250 0.000010630860 
0.10300 0.000010112840 
0.10350 0.000009663420 
0.10400 0.000009231280 
0.10450 0.000008799160 
0.10500 0.000008377380 
0.10550 0.000008016440 
0.10600 0.000007655500 
0.10650 0.000007294560 
0.10700 0.000006962120 
0.10750 0.000006660260 
0.10800 0.000006358420 
0.10850 0.000006056560 
0.10900 0.000005794480 
0.10950 0.000005541720 
0.11000 0.000005288960 
0.11050 0.000005041440 
0.11100 0.000004829560 
0.11150 0.000004617660 
0.11200 0.000004405760 
0.11250 0.000004208760 
0.11300 0.000004030920 
0.11350 0.000003853060 
0.11400 0.000003675200 
0.11450 0.000003518340 
0.11500 0.000003368900 
0.11550 0.000003219440 
0.11600 0.000003070740 
0.11650 0.000002945020 
0.11700 0.000002819300 
0.11750 0.000002693580 
0.11800 0.000002574120 
0.11850 0.000002468240 
0.11900 0.000002362380 
0.11950 0.000002256500 
0.12000 0.000002160460 
0.12050 0.000002071200 
0.12100 0.000001981958 
0.12150 0.000001892710 
0.12200 0.000001815428 
0.12250 0.000001740114 
0.12300 0.000001664802 
0.12350 0.000001590874 
0.12400 0.000001527258 
0.12450 0.000001463642 
0.12500 0.000001400028 
0.12550 0.000001340050 
0.12600 0.000001286266 
0.12650 0.000001232482 
0.12700 0.000001178698 
0.12750 0.000001129990 
0.12800 0.000001084476 
0.12850 0.000001038964 
0.12900 0.000000993452 
0.12950 0.000000953854 
0.13000 0.000000915306 
0.13050 0.000000876758 
0.13100 0.000000838660 
0.13150 0.000000805986 
0.13200 0.000000773312 
0.13250 0.000000740638 
0.13300 0.000000709430 
0.13350 0.000000681712 
0.13400 0.000000653992 
0.13450 0.000000626274 
0.13500 0.000000600676 
0.13550 0.000000577144 
0.13600 0.000000553612 
0.13650 0.000000530080 
0.13700 0.000000509056 
0.13750 0.000000489066 
0.13800 0.000000469074 
0.13850 0.000000449082 
0.13900 0.000000431794 
0.13950 0.000000414798 
0.14000 0.000000397802 
0.14050 0.000000381026 
0.14100 0.000000366568 
0.14150 0.000000352110 
0.14200 0.000000337654 
0.14250 0.000000323758 
0.14300 0.000000311452 
0.14350 0.000000299146 
0.14400 0.000000286840 
0.14450 0.000000275312 
0.14500 0.000000264832 
0.14550 0.000000254352 
0.14600 0.000000243870 
0.14650 0.000000234290 
0.14700 0.000000225360 
0.14750 0.000000216430 
0.14800 0.000000207500 
0.14850 0.000000199525 
0.14900 0.000000191912 
0.14950 0.000000184299 
0.15000 0.000000176686 
0.15050 0.000000170035 
0.15100 0.000000163542 
0.15150 0.000000157049 
0.15200 0.000000150556 
0.15250 0.000000144998 
0.15300 0.000000139457 
0.15350 0.000000133917 
0.15400 0.000000128452 
0.15450 0.000000123723 
0.15500 0.000000118995 
0.15550 0.000000114266 
0.15600 0.000000109669 
0.15650 0.000000105632 
0.15700 0.000000101594 
0.15750 0.000000097556 
0.15800 0.000000093682 
0.15850 0.000000090233 
0.15900 0.000000086784 
0.15950 0.000000083334 
0.16000 0.000000080062 
0.16050 0.000000077115 
0.16100 0.000000074169 
0.16150 0.000000071222 
0.16200 0.000000068452 
0.16250 0.000000065934 
0.16300 0.000000063415 
0.16350 0.000000060897 
0.16400 0.000000058547 
0.16450 0.000000056394 
0.16500 0.000000054242 
0.16550 0.000000052089 
0.16600 0.000000050090 
0.16650 0.000000048250 
0.16700 0.000000046411 
0.16750 0.000000044571 
0.16800 0.000000042866 
0.16850 0.000000041293 
0.16900 0.000000039720 
0.16950 0.000000038146 
0.17000 0.000000036689 
0.17050 0.000000035344 
0.17100 0.000000033999 
0.17150 0.000000032654 
0.17200 0.000000031406 
0.17250 0.000000030255 
0.17300 0.000000029104 
0.17350 0.000000027953 
0.17400 0.000000026881 
0.17450 0.000000025897 
0.17500 0.000000024912 
0.17550 0.000000023928 
0.17600 0.000000023005 
0.17650 0.000000022164 
0.17700 0.000000021322 
0.17750 0.000000020480 
0.17800 0.000000019685 
0.17850 0.000000018965 
0.17900 0.000000018245 
0.17950 0.000000017525 
0.18000 0.000000016837 
0.18050 0.000000016221 
0.18100 0.000000015605 
0.18150 0.000000014989 
0.18200 0.000000014393 
0.18250 0.000000013866 
0.18300 0.000000013339 
0.18350 0.000000012812 
0.18400 0.000000012294 
0.18450 0.000000011844 
0.18500 0.000000011394 
0.18550 0.000000010943 
0.18600 0.000000010494 
0.18650 0.000000010108 
0.18700 0.000000009723 
0.18750 0.000000009337 
0.18800 0.000000008952 
0.18850 0.000000008616 
0.18900 0.000000008287 
0.18950 0.000000007958 
0.19000 0.000000007628 
0.19050 0.000000007335 
0.19100 0.000000007054 
0.19150 0.000000006772 
0.19200 0.000000006490 
0.19250 0.000000006233 
0.19300 0.000000005993 
0.19350 0.000000005752 
0.19400 0.000000005511 
0.19450 0.000000005286 
0.19500 0.000000005081 
0.19550 0.000000004875 
0.19600 0.000000004669 
0.19650 0.000000004473 
0.19700 0.000000004297 
0.19750 0.000000004121 
0.19800 0.000000003946 
0.19850 0.000000003773 
0.19900 0.000000003623 
0.19950 0.000000003473 
0.20000 0.000000003323 
0.20050 0.000000003174 
0.20100 0.000000003045 
0.20150 0.000000002917 
0.20200 0.000000002789 
0.20250 0.000000002661 
0.20300 0.000000002548 
0.20350 0.000000002439 
0.20400 0.000000002330 
0.20450 0.000000002221 
0.20500 0.000000002122 
0.20550 0.000000002029 
0.20600 0.000000001936 
0.20650 0.000000001843 
0.20700 0.000000001757 
0.20750 0.000000001678 
0.20800 0.000000001599 
0.20850 0.000000001520 
0.20900 0.000000001445 
0.20950 0.000000001378 
0.21000 0.000000001311 
0.21050 0.000000001244 
0.21100 0.000000001179 
0.21150 0.000000001122 
0.21200 0.000000001064 
0.21250 0.000000001007 
0.21300 0.000000000951 
0.21350 0.000000000903 
0.21400 0.000000000855 
0.21450 0.000000000807 
0.21500 0.000000000759 
0.21550 0.000000000718 
0.21600 0.000000000678 
0.21650 0.000000000637 
0.21700 0.000000000596 
0.21750 0.000000000562 
0.21800 0.000000000528 
0.21850 0.000000000494 
0.21900 0.000000000460 
0.21950 0.000000000431 
0.22000 0.000000000403 
0.22050 0.000000000374 
0.22100 0.000000000346 
0.22150 0.000000000322 
0.22200 0.000000000298 
0.22250 0.000000000274 
0.22300 0.000000000251 
0.22350 0.000000000232 
0.22400 0.000000000212 
0.22450 0.000000000193 
0.22500 0.000000000175 
0.22550 0.000000000159 
0.22600 0.000000000143 
0.22650 0.000000000128 
0.22700 0.000000000114 
0.22750 0.000000000101 
0.22800 0.000000000089 
0.22850 0.000000000077 
0.22900 0.000000000067 
0.22950 0.000000000057 
0.23000 0.000000000048 
0.23050 0.000000000039 
0.23100 0.000000000033 
0.23150 0.000000000026 
0.23200 0.000000000019 
0.23250 0.000000000015 
0.23300 0.000000000011 
0.23350 0.000000000007 
