0.00000 220.498000000000 
0.00050 190.260600000000 
0.00100 160.023600000000 
0.00150 129.786600000000 
0.00200 99.549600000000 
0.00250 80.195200000000 
0.00300 64.087800000000 
0.00350 51.675400000000 
0.00400 42.680200000000 
0.00450 34.395800000000 
0.00500 29.164400000000 
0.00550 23.932800000000 
0.00600 20.337200000000 
0.00650 17.189160000000 
0.00700 14.418580000000 
0.00750 12.468720000000 
0.00800 10.518860000000 
0.00850 9.127320000000 
0.00900 7.889300000000 
0.00950 6.737620000000 
0.01000 5.934420000000 
0.01050 5.131220000000 
0.01100 4.481160000000 
0.01150 3.950120000000 
0.01200 3.419100000000 
0.01250 3.041360000000 
0.01300 2.684340000000 
0.01350 2.345180000000 
0.01400 2.101540000000 
0.01450 1.857910000000 
0.01500 1.644030000000 
0.01550 1.475522000000 
0.01600 1.307012000000 
0.01650 1.168824000000 
0.01700 1.050858000000 
0.01750 0.932892000000 
0.01800 0.841532000000 
0.01850 0.758038000000 
0.01900 0.674544000000 
0.01950 0.612820000000 
0.02000 0.553130000000 
0.02050 0.493944000000 
0.02100 0.450882000000 
0.02150 0.407820000000 
0.02200 0.366178000000 
0.02250 0.334850000000 
0.02300 0.303522000000 
0.02350 0.273770000000 
0.02400 0.250802000000 
0.02450 0.227834000000 
0.02500 0.206278000000 
0.02550 0.189318600000 
0.02600 0.172360000000 
0.02650 0.156535600000 
0.02700 0.143931600000 
0.02750 0.131327400000 
0.02800 0.119572400000 
0.02850 0.110147400000 
0.02900 0.100722600000 
0.02950 0.091895000000 
0.03000 0.084807200000 
0.03050 0.077719600000 
0.03100 0.071024200000 
0.03150 0.065666000000 
0.03200 0.060307800000 
0.03250 0.055183000000 
0.03300 0.051112200000 
0.03350 0.047041600000 
0.03400 0.043086200000 
0.03450 0.039979400000 
0.03500 0.036872600000 
0.03550 0.033796600000 
0.03600 0.031415200000 
0.03650 0.029033800000 
0.03700 0.026652400000 
0.03750 0.024792000000 
0.03800 0.022959200000 
0.03850 0.021126400000 
0.03900 0.019644600000 
0.03950 0.018228700000 
0.04000 0.016812800000 
0.04050 0.015625600000 
0.04100 0.014527800000 
0.04150 0.013429980000 
0.04200 0.012473900000 
0.04250 0.011619820000 
0.04300 0.010765740000 
0.04350 0.009992120000 
0.04400 0.009325520000 
0.04450 0.008658920000 
0.04500 0.008030240000 
0.04550 0.007508380000 
0.04600 0.006986520000 
0.04650 0.006473620000 
0.04700 0.006063860000 
0.04750 0.005654120000 
0.04800 0.005244360000 
0.04850 0.004911580000 
0.04900 0.004588960000 
0.04950 0.004266340000 
0.05000 0.003989340000 
0.05050 0.003734660000 
0.05100 0.003479980000 
0.05150 0.003248920000 
0.05200 0.003047340000 
0.05250 0.002845760000 
0.05300 0.002652660000 
0.05350 0.002492720000 
0.05400 0.002332800000 
0.05450 0.002172860000 
0.05500 0.002043920000 
0.05550 0.001916736000 
0.05600 0.001789546000 
0.05650 0.001679764000 
0.05700 0.001578382000 
0.05750 0.001477000000 
0.05800 0.001383514000 
0.05850 0.001302526000 
0.05900 0.001221538000 
0.05950 0.001141916000 
0.06000 0.001077080000 
0.06050 0.001012244000 
0.06100 0.000947408000 
0.06150 0.000892400000 
0.06200 0.000840388000 
0.06250 0.000788376000 
0.06300 0.000740782000 
0.06350 0.000698972000 
0.06400 0.000657162000 
0.06450 0.000616038000 
0.06500 0.000582364000 
0.06550 0.000548690000 
0.06600 0.000515016000 
0.06650 0.000486020000 
0.06700 0.000458846000 
0.06750 0.000431672000 
0.06800 0.000406270000 
0.06850 0.000384300000 
0.06900 0.000362330000 
0.06950 0.000340360000 
0.07000 0.000322338000 
0.07050 0.000304544000 
0.07100 0.000286748000 
0.07150 0.000270750000 
0.07200 0.000256310000 
0.07250 0.000241872000 
0.07300 0.000227730000 
0.07350 0.000215992000 
0.07400 0.000204256000 
0.07450 0.000192518400 
0.07500 0.000182242000 
0.07550 0.000172684800 
0.07600 0.000163127600 
0.07650 0.000153949600 
0.07700 0.000146154200 
0.07750 0.000138358800 
0.07800 0.000130563200 
0.07850 0.000123831800 
0.07900 0.000117462600 
0.07950 0.000111093400 
0.08000 0.000105027600 
0.08050 0.000099815200 
0.08100 0.000094603000 
0.08150 0.000089390600 
0.08200 0.000084896600 
0.08250 0.000080624000 
0.08300 0.000076351400 
0.08350 0.000072272000 
0.08400 0.000068764200 
0.08450 0.000065256400 
0.08500 0.000061748400 
0.08550 0.000058694000 
0.08600 0.000055809600 
0.08650 0.000052925000 
0.08700 0.000050136600 
0.08750 0.000047761000 
0.08800 0.000045385400 
0.08850 0.000043009800 
0.08900 0.000040899400 
0.08950 0.000038940000 
0.09000 0.000036980600 
0.09050 0.000035046000 
0.09100 0.000033427400 
0.09150 0.000031808800 
0.09200 0.000030190000 
0.09250 0.000028710400 
0.09300 0.000027371200 
0.09350 0.000026032200 
0.09400 0.000024693000 
0.09450 0.000023562600 
0.09500 0.000022453200 
0.09550 0.000021343800 
0.09600 0.000020292800 
0.09650 0.000019372260 
0.09700 0.000018451820 
0.09750 0.000017531380 
0.09800 0.000016719520 
0.09850 0.000015954800 
0.09900 0.000015190080 
0.09950 0.000014434980 
0.10000 0.000013798760 
0.10050 0.000013162540 
0.10100 0.000012526320 
0.10150 0.000011937040 
0.10200 0.000011407020 
0.10250 0.000010876980 
0.10300 0.000010346960 
0.10350 0.000009887140 
0.10400 0.000009445000 
0.10450 0.000009002880 
0.10500 0.000008571340 
0.10550 0.000008202040 
0.10600 0.000007832740 
0.10650 0.000007463440 
0.10700 0.000007123320 
0.10750 0.000006814460 
0.10800 0.000006505620 
0.10850 0.000006196780 
0.10900 0.000005928620 
0.10950 0.000005670020 
0.11000 0.000005411400 
0.11050 0.000005158180 
0.11100 0.000004941360 
0.11150 0.000004724560 
0.11200 0.000004507760 
0.11250 0.000004306200 
0.11300 0.000004124240 
0.11350 0.000003942260 
0.11400 0.000003760300 
0.11450 0.000003599800 
0.11500 0.000003446900 
0.11550 0.000003293980 
0.11600 0.000003141840 
0.11650 0.000003013200 
0.11700 0.000002884580 
0.11750 0.000002755940 
0.11800 0.000002633720 
0.11850 0.000002525400 
0.11900 0.000002417060 
0.11950 0.000002308740 
0.12000 0.000002210480 
0.12050 0.000002119160 
0.12100 0.000002027840 
0.12150 0.000001936530 
0.12200 0.000001857458 
0.12250 0.000001780402 
0.12300 0.000001703346 
0.12350 0.000001627706 
0.12400 0.000001562618 
0.12450 0.000001497528 
0.12500 0.000001432440 
0.12550 0.000001371074 
0.12600 0.000001316046 
0.12650 0.000001261016 
0.12700 0.000001205988 
0.12750 0.000001156150 
0.12800 0.000001109584 
0.12850 0.000001063018 
0.12900 0.000001016452 
0.12950 0.000000975938 
0.13000 0.000000936498 
0.13050 0.000000897058 
0.13100 0.000000858078 
0.13150 0.000000824648 
0.13200 0.000000791216 
0.13250 0.000000757786 
0.13300 0.000000725854 
0.13350 0.000000697494 
0.13400 0.000000669134 
0.13450 0.000000640774 
0.13500 0.000000614582 
0.13550 0.000000590506 
0.13600 0.000000566430 
0.13650 0.000000542352 
0.13700 0.000000520842 
0.13750 0.000000500388 
0.13800 0.000000479934 
0.13850 0.000000459480 
0.13900 0.000000441790 
0.13950 0.000000424400 
0.14000 0.000000407012 
0.14050 0.000000389846 
0.14100 0.000000375054 
0.14150 0.000000360262 
0.14200 0.000000345472 
0.14250 0.000000331254 
0.14300 0.000000318662 
0.14350 0.000000306072 
0.14400 0.000000293482 
0.14450 0.000000281686 
0.14500 0.000000270964 
0.14550 0.000000260240 
0.14600 0.000000249516 
0.14650 0.000000239716 
0.14700 0.000000230578 
0.14750 0.000000221440 
0.14800 0.000000212304 
0.14850 0.000000204144 
0.14900 0.000000196355 
0.14950 0.000000188566 
0.15000 0.000000180776 
0.15050 0.000000173972 
0.15100 0.000000167328 
0.15150 0.000000160685 
0.15200 0.000000154041 
0.15250 0.000000148355 
0.15300 0.000000142686 
0.15350 0.000000137018 
0.15400 0.000000131426 
0.15450 0.000000126588 
0.15500 0.000000121750 
0.15550 0.000000116911 
0.15600 0.000000112209 
0.15650 0.000000108077 
0.15700 0.000000103946 
0.15750 0.000000099815 
0.15800 0.000000095851 
0.15850 0.000000092322 
0.15900 0.000000088793 
0.15950 0.000000085264 
0.16000 0.000000081915 
0.16050 0.000000078900 
0.16100 0.000000075886 
0.16150 0.000000072871 
0.16200 0.000000070036 
0.16250 0.000000067460 
0.16300 0.000000064884 
0.16350 0.000000062307 
0.16400 0.000000059902 
0.16450 0.000000057700 
0.16500 0.000000055498 
0.16550 0.000000053295 
0.16600 0.000000051250 
0.16650 0.000000049368 
0.16700 0.000000047485 
0.16750 0.000000045603 
0.16800 0.000000043859 
0.16850 0.000000042249 
0.16900 0.000000040639 
0.16950 0.000000039029 
0.17000 0.000000037539 
0.17050 0.000000036162 
0.17100 0.000000034786 
0.17150 0.000000033410 
0.17200 0.000000032133 
0.17250 0.000000030955 
0.17300 0.000000029778 
0.17350 0.000000028600 
0.17400 0.000000027503 
0.17450 0.000000026496 
0.17500 0.000000025489 
0.17550 0.000000024482 
0.17600 0.000000023538 
0.17650 0.000000022677 
0.17700 0.000000021816 
0.17750 0.000000020955 
0.17800 0.000000020141 
0.17850 0.000000019404 
0.17900 0.000000018667 
0.17950 0.000000017931 
0.18000 0.000000017227 
0.18050 0.000000016596 
0.18100 0.000000015966 
0.18150 0.000000015336 
0.18200 0.000000014726 
0.18250 0.000000014187 
0.18300 0.000000013647 
0.18350 0.000000013108 
0.18400 0.000000012579 
0.18450 0.000000012118 
0.18500 0.000000011657 
0.18550 0.000000011196 
0.18600 0.000000010737 
0.18650 0.000000010342 
0.18700 0.000000009948 
0.18750 0.000000009553 
0.18800 0.000000009159 
0.18850 0.000000008816 
0.18900 0.000000008479 
0.18950 0.000000008142 
0.19000 0.000000007805 
0.19050 0.000000007505 
0.19100 0.000000007217 
0.19150 0.000000006929 
0.19200 0.000000006640 
0.19250 0.000000006378 
0.19300 0.000000006131 
0.19350 0.000000005885 
0.19400 0.000000005639 
0.19450 0.000000005409 
0.19500 0.000000005198 
0.19550 0.000000004988 
0.19600 0.000000004777 
0.19650 0.000000004576 
0.19700 0.000000004396 
0.19750 0.000000004217 
0.19800 0.000000004037 
0.19850 0.000000003861 
0.19900 0.000000003707 
0.19950 0.000000003554 
0.20000 0.000000003400 
0.20050 0.000000003247 
0.20100 0.000000003115 
0.20150 0.000000002984 
0.20200 0.000000002853 
0.20250 0.000000002722 
0.20300 0.000000002607 
0.20350 0.000000002495 
0.20400 0.000000002384 
0.20450 0.000000002272 
0.20500 0.000000002171 
0.20550 0.000000002076 
0.20600 0.000000001981 
0.20650 0.000000001886 
0.20700 0.000000001798 
0.20750 0.000000001717 
0.20800 0.000000001636 
0.20850 0.000000001555 
0.20900 0.000000001479 
0.20950 0.000000001410 
0.21000 0.000000001341 
0.21050 0.000000001272 
0.21100 0.000000001206 
0.21150 0.000000001148 
0.21200 0.000000001089 
0.21250 0.000000001031 
0.21300 0.000000000973 
0.21350 0.000000000924 
0.21400 0.000000000875 
0.21450 0.000000000825 
0.21500 0.000000000777 
0.21550 0.000000000735 
0.21600 0.000000000693 
0.21650 0.000000000652 
0.21700 0.000000000610 
0.21750 0.000000000575 
0.21800 0.000000000540 
0.21850 0.000000000505 
0.21900 0.000000000470 
0.21950 0.000000000441 
0.22000 0.000000000412 
0.22050 0.000000000383 
0.22100 0.000000000354 
0.22150 0.000000000329 
0.22200 0.000000000305 
0.22250 0.000000000281 
0.22300 0.000000000257 
0.22350 0.000000000237 
0.22400 0.000000000217 
0.22450 0.000000000197 
0.22500 0.000000000179 
0.22550 0.000000000163 
0.22600 0.000000000147 
0.22650 0.000000000131 
0.22700 0.000000000116 
0.22750 0.000000000104 
0.22800 0.000000000091 
0.22850 0.000000000078 
0.22900 0.000000000068 
0.22950 0.000000000059 
0.23000 0.000000000049 
0.23050 0.000000000040 
0.23100 0.000000000033 
0.23150 0.000000000027 
0.23200 0.000000000020 
0.23250 0.000000000015 
0.23300 0.000000000011 
0.23350 0.000000000007 
