0.00000 225.640000000000 
0.00050 194.698400000000 
0.00100 163.756200000000 
0.00150 132.813800000000 
0.00200 101.871600000000 
0.00250 82.065800000000 
0.00300 65.582600000000 
0.00350 52.880800000000 
0.00400 43.675800000000 
0.00450 35.198000000000 
0.00500 29.844600000000 
0.00550 24.491200000000 
0.00600 20.811600000000 
0.00650 17.590100000000 
0.00700 14.754880000000 
0.00750 12.759560000000 
0.00800 10.764220000000 
0.00850 9.340220000000 
0.00900 8.073320000000 
0.00950 6.894760000000 
0.01000 6.072840000000 
0.01050 5.250920000000 
0.01100 4.585680000000 
0.01150 4.042260000000 
0.01200 3.498860000000 
0.01250 3.112300000000 
0.01300 2.746960000000 
0.01350 2.399880000000 
0.01400 2.150560000000 
0.01450 1.901246000000 
0.01500 1.682378000000 
0.01550 1.509938000000 
0.01600 1.337500000000 
0.01650 1.196086000000 
0.01700 1.075370000000 
0.01750 0.954652000000 
0.01800 0.861160000000 
0.01850 0.775720000000 
0.01900 0.690278000000 
0.01950 0.627114000000 
0.02000 0.566032000000 
0.02050 0.505466000000 
0.02100 0.461400000000 
0.02150 0.417332000000 
0.02200 0.374718000000 
0.02250 0.342660000000 
0.02300 0.310602000000 
0.02350 0.280156000000 
0.02400 0.256652000000 
0.02450 0.233150000000 
0.02500 0.211088000000 
0.02550 0.193734600000 
0.02600 0.176380400000 
0.02650 0.160186800000 
0.02700 0.147288800000 
0.02750 0.134390600000 
0.02800 0.122361600000 
0.02850 0.112716800000 
0.02900 0.103071800000 
0.02950 0.094038400000 
0.03000 0.086785400000 
0.03050 0.079532400000 
0.03100 0.072680800000 
0.03150 0.067197600000 
0.03200 0.061714400000 
0.03250 0.056470000000 
0.03300 0.052304400000 
0.03350 0.048138800000 
0.03400 0.044091200000 
0.03450 0.040912000000 
0.03500 0.037732800000 
0.03550 0.034584800000 
0.03600 0.032148000000 
0.03650 0.029711000000 
0.03700 0.027274000000 
0.03750 0.025370200000 
0.03800 0.023494800000 
0.03850 0.021619200000 
0.03900 0.020102800000 
0.03950 0.018653880000 
0.04000 0.017204960000 
0.04050 0.015990080000 
0.04100 0.014866660000 
0.04150 0.013743240000 
0.04200 0.012764840000 
0.04250 0.011890860000 
0.04300 0.011016860000 
0.04350 0.010225180000 
0.04400 0.009543040000 
0.04450 0.008860900000 
0.04500 0.008217540000 
0.04550 0.007683500000 
0.04600 0.007149480000 
0.04650 0.006624620000 
0.04700 0.006205300000 
0.04750 0.005786000000 
0.04800 0.005366700000 
0.04850 0.005026140000 
0.04900 0.004696000000 
0.04950 0.004365860000 
0.05000 0.004082400000 
0.05050 0.003821780000 
0.05100 0.003561140000 
0.05150 0.003324700000 
0.05200 0.003118420000 
0.05250 0.002912140000 
0.05300 0.002714540000 
0.05350 0.002550880000 
0.05400 0.002387200000 
0.05450 0.002223540000 
0.05500 0.002091600000 
0.05550 0.001961444000 
0.05600 0.001831288000 
0.05650 0.001718944000 
0.05700 0.001615198000 
0.05750 0.001511452000 
0.05800 0.001415786000 
0.05850 0.001332908000 
0.05900 0.001250030000 
0.05950 0.001168550000 
0.06000 0.001102202000 
0.06050 0.001035854000 
0.06100 0.000969506000 
0.06150 0.000913216000 
0.06200 0.000859990000 
0.06250 0.000806766000 
0.06300 0.000758060000 
0.06350 0.000715276000 
0.06400 0.000672492000 
0.06450 0.000630408000 
0.06500 0.000595948000 
0.06550 0.000561488000 
0.06600 0.000527028000 
0.06650 0.000497358000 
0.06700 0.000469550000 
0.06750 0.000441742000 
0.06800 0.000415746000 
0.06850 0.000393264000 
0.06900 0.000370782000 
0.06950 0.000348300000 
0.07000 0.000329856000 
0.07050 0.000311646000 
0.07100 0.000293436000 
0.07150 0.000277066000 
0.07200 0.000262288000 
0.07250 0.000247512000 
0.07300 0.000233042000 
0.07350 0.000221030000 
0.07400 0.000209020000 
0.07450 0.000197008800 
0.07500 0.000186493000 
0.07550 0.000176712800 
0.07600 0.000166932600 
0.07650 0.000157540600 
0.07700 0.000149563200 
0.07750 0.000141586000 
0.07800 0.000133608600 
0.07850 0.000126720200 
0.07900 0.000120202400 
0.07950 0.000113684600 
0.08000 0.000107477400 
0.08050 0.000102143400 
0.08100 0.000096809600 
0.08150 0.000091475600 
0.08200 0.000086876800 
0.08250 0.000082504600 
0.08300 0.000078132200 
0.08350 0.000073957800 
0.08400 0.000070368200 
0.08450 0.000066778400 
0.08500 0.000063188800 
0.08550 0.000060063200 
0.08600 0.000057111400 
0.08650 0.000054159600 
0.08700 0.000051306200 
0.08750 0.000048875200 
0.08800 0.000046444000 
0.08850 0.000044013000 
0.08900 0.000041853400 
0.08950 0.000039848200 
0.09000 0.000037843000 
0.09050 0.000035863600 
0.09100 0.000034207000 
0.09150 0.000032550600 
0.09200 0.000030894200 
0.09250 0.000029380000 
0.09300 0.000028009600 
0.09350 0.000026639400 
0.09400 0.000025269000 
0.09450 0.000024112200 
0.09500 0.000022977000 
0.09550 0.000021841600 
0.09600 0.000020766000 
0.09650 0.000019824120 
0.09700 0.000018882220 
0.09750 0.000017940300 
0.09800 0.000017109500 
0.09850 0.000016326940 
0.09900 0.000015544380 
0.09950 0.000014771680 
0.10000 0.000014120620 
0.10050 0.000013469560 
0.10100 0.000012818500 
0.10150 0.000012215460 
0.10200 0.000011673080 
0.10250 0.000011130700 
0.10300 0.000010588320 
0.10350 0.000010117760 
0.10400 0.000009665320 
0.10450 0.000009212860 
0.10500 0.000008771260 
0.10550 0.000008393340 
0.10600 0.000008015440 
0.10650 0.000007637540 
0.10700 0.000007289460 
0.10750 0.000006973420 
0.10800 0.000006657360 
0.10850 0.000006341320 
0.10900 0.000006066920 
0.10950 0.000005802280 
0.11000 0.000005537620 
0.11050 0.000005278480 
0.11100 0.000005056620 
0.11150 0.000004834760 
0.11200 0.000004612900 
0.11250 0.000004406660 
0.11300 0.000004220440 
0.11350 0.000004034220 
0.11400 0.000003848000 
0.11450 0.000003683760 
0.11500 0.000003527280 
0.11550 0.000003370820 
0.11600 0.000003215120 
0.11650 0.000003083480 
0.11700 0.000002951860 
0.11750 0.000002820220 
0.11800 0.000002695140 
0.11850 0.000002584300 
0.11900 0.000002473440 
0.11950 0.000002362600 
0.12000 0.000002262040 
0.12050 0.000002168580 
0.12100 0.000002075140 
0.12150 0.000001981700 
0.12200 0.000001900784 
0.12250 0.000001821930 
0.12300 0.000001743076 
0.12350 0.000001665672 
0.12400 0.000001599066 
0.12450 0.000001532458 
0.12500 0.000001465852 
0.12550 0.000001403056 
0.12600 0.000001346742 
0.12650 0.000001290430 
0.12700 0.000001234116 
0.12750 0.000001183118 
0.12800 0.000001135466 
0.12850 0.000001087814 
0.12900 0.000001040160 
0.12950 0.000000998700 
0.13000 0.000000958342 
0.13050 0.000000917982 
0.13100 0.000000878092 
0.13150 0.000000843882 
0.13200 0.000000809672 
0.13250 0.000000775460 
0.13300 0.000000742786 
0.13350 0.000000713764 
0.13400 0.000000684742 
0.13450 0.000000655720 
0.13500 0.000000628918 
0.13550 0.000000604280 
0.13600 0.000000579642 
0.13650 0.000000555002 
0.13700 0.000000532992 
0.13750 0.000000512060 
0.13800 0.000000491128 
0.13850 0.000000470198 
0.13900 0.000000452094 
0.13950 0.000000434300 
0.14000 0.000000416506 
0.14050 0.000000398940 
0.14100 0.000000383802 
0.14150 0.000000368666 
0.14200 0.000000353530 
0.14250 0.000000338980 
0.14300 0.000000326096 
0.14350 0.000000313212 
0.14400 0.000000300326 
0.14450 0.000000288256 
0.14500 0.000000277284 
0.14550 0.000000266310 
0.14600 0.000000255338 
0.14650 0.000000245306 
0.14700 0.000000235956 
0.14750 0.000000226606 
0.14800 0.000000217256 
0.14850 0.000000208906 
0.14900 0.000000200934 
0.14950 0.000000192964 
0.15000 0.000000184993 
0.15050 0.000000178030 
0.15100 0.000000171231 
0.15150 0.000000164433 
0.15200 0.000000157634 
0.15250 0.000000151815 
0.15300 0.000000146014 
0.15350 0.000000140213 
0.15400 0.000000134491 
0.15450 0.000000129540 
0.15500 0.000000124589 
0.15550 0.000000119638 
0.15600 0.000000114826 
0.15650 0.000000110598 
0.15700 0.000000106371 
0.15750 0.000000102143 
0.15800 0.000000098087 
0.15850 0.000000094475 
0.15900 0.000000090864 
0.15950 0.000000087253 
0.16000 0.000000083826 
0.16050 0.000000080741 
0.16100 0.000000077656 
0.16150 0.000000074571 
0.16200 0.000000071670 
0.16250 0.000000069034 
0.16300 0.000000066397 
0.16350 0.000000063761 
0.16400 0.000000061299 
0.16450 0.000000059046 
0.16500 0.000000056792 
0.16550 0.000000054539 
0.16600 0.000000052445 
0.16650 0.000000050519 
0.16700 0.000000048593 
0.16750 0.000000046667 
0.16800 0.000000044882 
0.16850 0.000000043235 
0.16900 0.000000041587 
0.16950 0.000000039940 
0.17000 0.000000038414 
0.17050 0.000000037006 
0.17100 0.000000035597 
0.17150 0.000000034189 
0.17200 0.000000032882 
0.17250 0.000000031677 
0.17300 0.000000030472 
0.17350 0.000000029267 
0.17400 0.000000028145 
0.17450 0.000000027114 
0.17500 0.000000026084 
0.17550 0.000000025053 
0.17600 0.000000024087 
0.17650 0.000000023206 
0.17700 0.000000022325 
0.17750 0.000000021443 
0.17800 0.000000020610 
0.17850 0.000000019857 
0.17900 0.000000019103 
0.17950 0.000000018349 
0.18000 0.000000017629 
0.18050 0.000000016984 
0.18100 0.000000016339 
0.18150 0.000000015694 
0.18200 0.000000015069 
0.18250 0.000000014518 
0.18300 0.000000013966 
0.18350 0.000000013414 
0.18400 0.000000012872 
0.18450 0.000000012401 
0.18500 0.000000011929 
0.18550 0.000000011458 
0.18600 0.000000010987 
0.18650 0.000000010583 
0.18700 0.000000010180 
0.18750 0.000000009776 
0.18800 0.000000009373 
0.18850 0.000000009022 
0.18900 0.000000008677 
0.18950 0.000000008332 
0.19000 0.000000007987 
0.19050 0.000000007680 
0.19100 0.000000007385 
0.19150 0.000000007090 
0.19200 0.000000006795 
0.19250 0.000000006526 
0.19300 0.000000006274 
0.19350 0.000000006022 
0.19400 0.000000005770 
0.19450 0.000000005535 
0.19500 0.000000005320 
0.19550 0.000000005104 
0.19600 0.000000004889 
0.19650 0.000000004683 
0.19700 0.000000004499 
0.19750 0.000000004315 
0.19800 0.000000004131 
0.19850 0.000000003951 
0.19900 0.000000003794 
0.19950 0.000000003637 
0.20000 0.000000003480 
0.20050 0.000000003323 
0.20100 0.000000003188 
0.20150 0.000000003054 
0.20200 0.000000002920 
0.20250 0.000000002786 
0.20300 0.000000002668 
0.20350 0.000000002554 
0.20400 0.000000002439 
0.20450 0.000000002325 
0.20500 0.000000002222 
0.20550 0.000000002124 
0.20600 0.000000002027 
0.20650 0.000000001930 
0.20700 0.000000001840 
0.20750 0.000000001757 
0.20800 0.000000001674 
0.20850 0.000000001591 
0.20900 0.000000001513 
0.20950 0.000000001443 
0.21000 0.000000001372 
0.21050 0.000000001302 
0.21100 0.000000001234 
0.21150 0.000000001174 
0.21200 0.000000001115 
0.21250 0.000000001055 
0.21300 0.000000000996 
0.21350 0.000000000946 
0.21400 0.000000000895 
0.21450 0.000000000845 
0.21500 0.000000000795 
0.21550 0.000000000752 
0.21600 0.000000000709 
0.21650 0.000000000667 
0.21700 0.000000000624 
0.21750 0.000000000588 
0.21800 0.000000000553 
0.21850 0.000000000517 
0.21900 0.000000000481 
0.21950 0.000000000451 
0.22000 0.000000000421 
0.22050 0.000000000392 
0.22100 0.000000000362 
0.22150 0.000000000337 
0.22200 0.000000000312 
0.22250 0.000000000287 
0.22300 0.000000000263 
0.22350 0.000000000243 
0.22400 0.000000000222 
0.22450 0.000000000202 
0.22500 0.000000000183 
0.22550 0.000000000166 
0.22600 0.000000000150 
0.22650 0.000000000134 
0.22700 0.000000000119 
0.22750 0.000000000106 
0.22800 0.000000000093 
0.22850 0.000000000080 
0.22900 0.000000000070 
0.22950 0.000000000060 
0.23000 0.000000000050 
0.23050 0.000000000041 
0.23100 0.000000000034 
0.23150 0.000000000027 
0.23200 0.000000000020 
0.23250 0.000000000015 
0.23300 0.000000000011 
0.23350 0.000000000007 
