0.00000 230.942000000000 
0.00050 199.272800000000 
0.00100 167.603600000000 
0.00150 135.934200000000 
0.00200 104.265000000000 
0.00250 83.994000000000 
0.00300 67.123400000000 
0.00350 54.123200000000 
0.00400 44.702000000000 
0.00450 36.025000000000 
0.00500 30.545800000000 
0.00550 25.066400000000 
0.00600 21.300600000000 
0.00650 18.003360000000 
0.00700 15.101540000000 
0.00750 13.059320000000 
0.00800 11.017120000000 
0.00850 9.559660000000 
0.00900 8.263000000000 
0.00950 7.056760000000 
0.01000 6.215520000000 
0.01050 5.374280000000 
0.01100 4.693420000000 
0.01150 4.137240000000 
0.01200 3.581060000000 
0.01250 3.185420000000 
0.01300 2.811500000000 
0.01350 2.456280000000 
0.01400 2.201100000000 
0.01450 1.945916000000 
0.01500 1.721904000000 
0.01550 1.545414000000 
0.01600 1.368922000000 
0.01650 1.224188000000 
0.01700 1.100634000000 
0.01750 0.977080000000 
0.01800 0.881392000000 
0.01850 0.793944000000 
0.01900 0.706496000000 
0.01950 0.641848000000 
0.02000 0.579332000000 
0.02050 0.517342000000 
0.02100 0.472240000000 
0.02150 0.427138000000 
0.02200 0.383522000000 
0.02250 0.350710000000 
0.02300 0.317898000000 
0.02350 0.286738000000 
0.02400 0.262682000000 
0.02450 0.238626000000 
0.02500 0.216048000000 
0.02550 0.198286200000 
0.02600 0.180524200000 
0.02650 0.163950400000 
0.02700 0.150749200000 
0.02750 0.137548000000 
0.02800 0.125236400000 
0.02850 0.115364800000 
0.02900 0.105493400000 
0.02950 0.096247800000 
0.03000 0.088824400000 
0.03050 0.081401000000 
0.03100 0.074388400000 
0.03150 0.068776400000 
0.03200 0.063164400000 
0.03250 0.057796800000 
0.03300 0.053533400000 
0.03350 0.049269800000 
0.03400 0.045127200000 
0.03450 0.041873200000 
0.03500 0.038619200000 
0.03550 0.035397400000 
0.03600 0.032903200000 
0.03650 0.030409000000 
0.03700 0.027914800000 
0.03750 0.025966400000 
0.03800 0.024046800000 
0.03850 0.022127200000 
0.03900 0.020575200000 
0.03950 0.019092140000 
0.04000 0.017609180000 
0.04050 0.016365740000 
0.04100 0.015215940000 
0.04150 0.014066140000 
0.04200 0.013064740000 
0.04250 0.012170220000 
0.04300 0.011275700000 
0.04350 0.010465420000 
0.04400 0.009767240000 
0.04450 0.009069080000 
0.04500 0.008410600000 
0.04550 0.007864020000 
0.04600 0.007317440000 
0.04650 0.006780260000 
0.04700 0.006351100000 
0.04750 0.005921940000 
0.04800 0.005492780000 
0.04850 0.005144220000 
0.04900 0.004806320000 
0.04950 0.004468440000 
0.05000 0.004178320000 
0.05050 0.003911560000 
0.05100 0.003644820000 
0.05150 0.003402820000 
0.05200 0.003191680000 
0.05250 0.002980560000 
0.05300 0.002778300000 
0.05350 0.002610800000 
0.05400 0.002443300000 
0.05450 0.002275780000 
0.05500 0.002140740000 
0.05550 0.002007520000 
0.05600 0.001874312000 
0.05650 0.001759330000 
0.05700 0.001653146000 
0.05750 0.001546962000 
0.05800 0.001449048000 
0.05850 0.001364224000 
0.05900 0.001279400000 
0.05950 0.001196004000 
0.06000 0.001128098000 
0.06050 0.001060190000 
0.06100 0.000992284000 
0.06150 0.000934672000 
0.06200 0.000880196000 
0.06250 0.000825720000 
0.06300 0.000775870000 
0.06350 0.000732080000 
0.06400 0.000688290000 
0.06450 0.000645218000 
0.06500 0.000609948000 
0.06550 0.000574680000 
0.06600 0.000539410000 
0.06650 0.000509042000 
0.06700 0.000480582000 
0.06750 0.000452120000 
0.06800 0.000425514000 
0.06850 0.000402504000 
0.06900 0.000379492000 
0.06950 0.000356482000 
0.07000 0.000337606000 
0.07050 0.000318968000 
0.07100 0.000300330000 
0.07150 0.000283574000 
0.07200 0.000268452000 
0.07250 0.000253328000 
0.07300 0.000238516000 
0.07350 0.000226224000 
0.07400 0.000213930000 
0.07450 0.000201638000 
0.07500 0.000190874400 
0.07550 0.000180864400 
0.07600 0.000170854400 
0.07650 0.000161241800 
0.07700 0.000153077200 
0.07750 0.000144912400 
0.07800 0.000136747600 
0.07850 0.000129697200 
0.07900 0.000123026400 
0.07950 0.000116355600 
0.08000 0.000110002600 
0.08050 0.000104543200 
0.08100 0.000099084000 
0.08150 0.000093624800 
0.08200 0.000088917800 
0.08250 0.000084442800 
0.08300 0.000079968000 
0.08350 0.000075695400 
0.08400 0.000072021400 
0.08450 0.000068347400 
0.08500 0.000064673400 
0.08550 0.000061474200 
0.08600 0.000058453200 
0.08650 0.000055432000 
0.08700 0.000052511600 
0.08750 0.000050023400 
0.08800 0.000047535200 
0.08850 0.000045047000 
0.08900 0.000042836800 
0.08950 0.000040784400 
0.09000 0.000038732200 
0.09050 0.000036706000 
0.09100 0.000035010800 
0.09150 0.000033315400 
0.09200 0.000031620000 
0.09250 0.000030070200 
0.09300 0.000028667800 
0.09350 0.000027265200 
0.09400 0.000025862600 
0.09450 0.000024678800 
0.09500 0.000023516800 
0.09550 0.000022354800 
0.09600 0.000021254000 
0.09650 0.000020289800 
0.09700 0.000019325840 
0.09750 0.000018361800 
0.09800 0.000017511480 
0.09850 0.000016710520 
0.09900 0.000015909580 
0.09950 0.000015118720 
0.10000 0.000014452360 
0.10050 0.000013786020 
0.10100 0.000013119660 
0.10150 0.000012502460 
0.10200 0.000011947340 
0.10250 0.000011392200 
0.10300 0.000010837080 
0.10350 0.000010355460 
0.10400 0.000009892400 
0.10450 0.000009429320 
0.10500 0.000008977340 
0.10550 0.000008590540 
0.10600 0.000008203760 
0.10650 0.000007816960 
0.10700 0.000007460720 
0.10750 0.000007137260 
0.10800 0.000006813780 
0.10850 0.000006490300 
0.10900 0.000006209440 
0.10950 0.000005938600 
0.11000 0.000005667740 
0.11050 0.000005402500 
0.11100 0.000005175420 
0.11150 0.000004948340 
0.11200 0.000004721280 
0.11250 0.000004510180 
0.11300 0.000004319600 
0.11350 0.000004129000 
0.11400 0.000003938420 
0.11450 0.000003770320 
0.11500 0.000003610160 
0.11550 0.000003450000 
0.11600 0.000003290660 
0.11650 0.000003155920 
0.11700 0.000003021200 
0.11750 0.000002886480 
0.11800 0.000002758460 
0.11850 0.000002645020 
0.11900 0.000002531560 
0.11950 0.000002418100 
0.12000 0.000002315180 
0.12050 0.000002219540 
0.12100 0.000002123900 
0.12150 0.000002028260 
0.12200 0.000001945442 
0.12250 0.000001864736 
0.12300 0.000001784028 
0.12350 0.000001704806 
0.12400 0.000001636634 
0.12450 0.000001568462 
0.12500 0.000001500292 
0.12550 0.000001436018 
0.12600 0.000001378382 
0.12650 0.000001320748 
0.12700 0.000001263112 
0.12750 0.000001210914 
0.12800 0.000001162142 
0.12850 0.000001113370 
0.12900 0.000001064598 
0.12950 0.000001022164 
0.13000 0.000000980856 
0.13050 0.000000939548 
0.13100 0.000000898722 
0.13150 0.000000863708 
0.13200 0.000000828694 
0.13250 0.000000793680 
0.13300 0.000000760236 
0.13350 0.000000730532 
0.13400 0.000000700828 
0.13450 0.000000671126 
0.13500 0.000000643694 
0.13550 0.000000618476 
0.13600 0.000000593260 
0.13650 0.000000568042 
0.13700 0.000000545514 
0.13750 0.000000524090 
0.13800 0.000000502668 
0.13850 0.000000481244 
0.13900 0.000000462716 
0.13950 0.000000444504 
0.14000 0.000000426292 
0.14050 0.000000408312 
0.14100 0.000000392820 
0.14150 0.000000377328 
0.14200 0.000000361836 
0.14250 0.000000346944 
0.14300 0.000000333756 
0.14350 0.000000320570 
0.14400 0.000000307382 
0.14450 0.000000295030 
0.14500 0.000000283798 
0.14550 0.000000272566 
0.14600 0.000000261336 
0.14650 0.000000251070 
0.14700 0.000000241500 
0.14750 0.000000231930 
0.14800 0.000000222360 
0.14850 0.000000213814 
0.14900 0.000000205656 
0.14950 0.000000197497 
0.15000 0.000000189339 
0.15050 0.000000182212 
0.15100 0.000000175254 
0.15150 0.000000168296 
0.15200 0.000000161338 
0.15250 0.000000155382 
0.15300 0.000000149445 
0.15350 0.000000143508 
0.15400 0.000000137651 
0.15450 0.000000132584 
0.15500 0.000000127516 
0.15550 0.000000122449 
0.15600 0.000000117524 
0.15650 0.000000113197 
0.15700 0.000000108870 
0.15750 0.000000104543 
0.15800 0.000000100391 
0.15850 0.000000096695 
0.15900 0.000000092999 
0.15950 0.000000089302 
0.16000 0.000000085795 
0.16050 0.000000082638 
0.16100 0.000000079480 
0.16150 0.000000076323 
0.16200 0.000000073354 
0.16250 0.000000070655 
0.16300 0.000000067957 
0.16350 0.000000065259 
0.16400 0.000000062739 
0.16450 0.000000060433 
0.16500 0.000000058126 
0.16550 0.000000055820 
0.16600 0.000000053677 
0.16650 0.000000051706 
0.16700 0.000000049734 
0.16750 0.000000047763 
0.16800 0.000000045936 
0.16850 0.000000044250 
0.16900 0.000000042564 
0.16950 0.000000040878 
0.17000 0.000000039317 
0.17050 0.000000037875 
0.17100 0.000000036434 
0.17150 0.000000034992 
0.17200 0.000000033655 
0.17250 0.000000032422 
0.17300 0.000000031188 
0.17350 0.000000029955 
0.17400 0.000000028806 
0.17450 0.000000027751 
0.17500 0.000000026697 
0.17550 0.000000025642 
0.17600 0.000000024653 
0.17650 0.000000023751 
0.17700 0.000000022849 
0.17750 0.000000021947 
0.17800 0.000000021095 
0.17850 0.000000020323 
0.17900 0.000000019552 
0.17950 0.000000018780 
0.18000 0.000000018043 
0.18050 0.000000017383 
0.18100 0.000000016722 
0.18150 0.000000016062 
0.18200 0.000000015423 
0.18250 0.000000014859 
0.18300 0.000000014294 
0.18350 0.000000013729 
0.18400 0.000000013175 
0.18450 0.000000012692 
0.18500 0.000000012209 
0.18550 0.000000011727 
0.18600 0.000000011245 
0.18650 0.000000010832 
0.18700 0.000000010419 
0.18750 0.000000010006 
0.18800 0.000000009593 
0.18850 0.000000009234 
0.18900 0.000000008881 
0.18950 0.000000008528 
0.19000 0.000000008175 
0.19050 0.000000007861 
0.19100 0.000000007559 
0.19150 0.000000007257 
0.19200 0.000000006955 
0.19250 0.000000006680 
0.19300 0.000000006422 
0.19350 0.000000006164 
0.19400 0.000000005906 
0.19450 0.000000005665 
0.19500 0.000000005445 
0.19550 0.000000005224 
0.19600 0.000000005004 
0.19650 0.000000004793 
0.19700 0.000000004605 
0.19750 0.000000004416 
0.19800 0.000000004228 
0.19850 0.000000004044 
0.19900 0.000000003883 
0.19950 0.000000003722 
0.20000 0.000000003562 
0.20050 0.000000003401 
0.20100 0.000000003263 
0.20150 0.000000003126 
0.20200 0.000000002988 
0.20250 0.000000002851 
0.20300 0.000000002730 
0.20350 0.000000002614 
0.20400 0.000000002497 
0.20450 0.000000002380 
0.20500 0.000000002274 
0.20550 0.000000002174 
0.20600 0.000000002075 
0.20650 0.000000001975 
0.20700 0.000000001883 
0.20750 0.000000001798 
0.20800 0.000000001714 
0.20850 0.000000001629 
0.20900 0.000000001549 
0.20950 0.000000001477 
0.21000 0.000000001405 
0.21050 0.000000001333 
0.21100 0.000000001263 
0.21150 0.000000001202 
0.21200 0.000000001141 
0.21250 0.000000001079 
0.21300 0.000000001020 
0.21350 0.000000000968 
0.21400 0.000000000916 
0.21450 0.000000000865 
0.21500 0.000000000813 
0.21550 0.000000000770 
0.21600 0.000000000726 
0.21650 0.000000000682 
0.21700 0.000000000639 
0.21750 0.000000000602 
0.21800 0.000000000566 
0.21850 0.000000000529 
0.21900 0.000000000493 
0.21950 0.000000000462 
0.22000 0.000000000431 
0.22050 0.000000000401 
0.22100 0.000000000370 
0.22150 0.000000000345 
0.22200 0.000000000319 
0.22250 0.000000000294 
0.22300 0.000000000269 
0.22350 0.000000000248 
0.22400 0.000000000228 
0.22450 0.000000000207 
0.22500 0.000000000187 
0.22550 0.000000000170 
0.22600 0.000000000154 
0.22650 0.000000000137 
0.22700 0.000000000122 
0.22750 0.000000000109 
0.22800 0.000000000095 
0.22850 0.000000000082 
0.22900 0.000000000071 
0.22950 0.000000000061 
0.23000 0.000000000051 
0.23050 0.000000000042 
0.23100 0.000000000035 
0.23150 0.000000000028 
0.23200 0.000000000021 
0.23250 0.000000000016 
0.23300 0.000000000012 
0.23350 0.000000000007 
