0.00000 138.765200000000 
0.00050 119.736200000000 
0.00100 100.707200000000 
0.00150 81.678200000000 
0.00200 62.649200000000 
0.00250 50.469200000000 
0.00300 40.332200000000 
0.00350 32.520800000000 
0.00400 26.859800000000 
0.00450 21.646200000000 
0.00500 18.353900000000 
0.00550 15.061600000000 
0.00600 12.798760000000 
0.00650 10.817620000000 
0.00700 9.074000000000 
0.00750 7.846900000000 
0.00800 6.619800000000 
0.00850 5.744080000000 
0.00900 4.964960000000 
0.00950 4.240160000000 
0.01000 3.734700000000 
0.01050 3.229220000000 
0.01100 2.820120000000 
0.01150 2.485920000000 
0.01200 2.151740000000 
0.01250 1.914010000000 
0.01300 1.689330000000 
0.01350 1.475890000000 
0.01400 1.322562000000 
0.01450 1.169234000000 
0.01500 1.034634000000 
0.01550 0.928586000000 
0.01600 0.822540000000 
0.01650 0.735572000000 
0.01700 0.661334000000 
0.01750 0.587094000000 
0.01800 0.529600000000 
0.01850 0.477054000000 
0.01900 0.424510000000 
0.01950 0.385664000000 
0.02000 0.348100000000 
0.02050 0.310852000000 
0.02100 0.283752000000 
0.02150 0.256652000000 
0.02200 0.230446000000 
0.02250 0.210730000000 
0.02300 0.191014400000 
0.02350 0.172291200000 
0.02400 0.157837000000 
0.02450 0.143382600000 
0.02500 0.129816000000 
0.02550 0.119143400000 
0.02600 0.108471000000 
0.02650 0.098512200000 
0.02700 0.090580000000 
0.02750 0.082648000000 
0.02800 0.075250200000 
0.02850 0.069318800000 
0.02900 0.063387400000 
0.02950 0.057832000000 
0.03000 0.053371600000 
0.03050 0.048911000000 
0.03100 0.044697400000 
0.03150 0.041325400000 
0.03200 0.037953400000 
0.03250 0.034728200000 
0.03300 0.032166400000 
0.03350 0.029604600000 
0.03400 0.027115400000 
0.03450 0.025160200000 
0.03500 0.023205000000 
0.03550 0.021269000000 
0.03600 0.019770420000 
0.03650 0.018271740000 
0.03700 0.016773080000 
0.03750 0.015602280000 
0.03800 0.014448880000 
0.03850 0.013295460000 
0.03900 0.012362900000 
0.03950 0.011471820000 
0.04000 0.010580760000 
0.04050 0.009833620000 
0.04100 0.009142740000 
0.04150 0.008451860000 
0.04200 0.007850160000 
0.04250 0.007312680000 
0.04300 0.006775180000 
0.04350 0.006288320000 
0.04400 0.005868800000 
0.04450 0.005449300000 
0.04500 0.005053640000 
0.04550 0.004725220000 
0.04600 0.004396800000 
0.04650 0.004074020000 
0.04700 0.003816160000 
0.04750 0.003558300000 
0.04800 0.003300420000 
0.04850 0.003091000000 
0.04900 0.002887960000 
0.04950 0.002684920000 
0.05000 0.002510600000 
0.05050 0.002350320000 
0.05100 0.002190040000 
0.05150 0.002044640000 
0.05200 0.001917776000 
0.05250 0.001790920000 
0.05300 0.001669390000 
0.05350 0.001568742000 
0.05400 0.001468092000 
0.05450 0.001367444000 
0.05500 0.001286298000 
0.05550 0.001206254000 
0.05600 0.001126210000 
0.05650 0.001057122000 
0.05700 0.000993320000 
0.05750 0.000929518000 
0.05800 0.000870684000 
0.05850 0.000819716000 
0.05900 0.000768748000 
0.05950 0.000718638000 
0.06000 0.000677836000 
0.06050 0.000637032000 
0.06100 0.000596230000 
0.06150 0.000561612000 
0.06200 0.000528880000 
0.06250 0.000496146000 
0.06300 0.000466194000 
0.06350 0.000439882000 
0.06400 0.000413570000 
0.06450 0.000387690000 
0.06500 0.000366498000 
0.06550 0.000345306000 
0.06600 0.000324114000 
0.06650 0.000305866000 
0.06700 0.000288764000 
0.06750 0.000271664000 
0.06800 0.000255676000 
0.06850 0.000241850000 
0.06900 0.000228024000 
0.06950 0.000214198000 
0.07000 0.000202856000 
0.07050 0.000191657200 
0.07100 0.000180458400 
0.07150 0.000170390200 
0.07200 0.000161303200 
0.07250 0.000152216200 
0.07300 0.000143316600 
0.07350 0.000135930200 
0.07400 0.000128543600 
0.07450 0.000121157000 
0.07500 0.000114690000 
0.07550 0.000108675400 
0.07600 0.000102660600 
0.07650 0.000096884800 
0.07700 0.000091978800 
0.07750 0.000087073000 
0.07800 0.000082167000 
0.07850 0.000077930800 
0.07900 0.000073922400 
0.07950 0.000069914200 
0.08000 0.000066096800 
0.08050 0.000062816400 
0.08100 0.000059536200 
0.08150 0.000056256000 
0.08200 0.000053427800 
0.08250 0.000050738800 
0.08300 0.000048050000 
0.08350 0.000045482800 
0.08400 0.000043275200 
0.08450 0.000041067600 
0.08500 0.000038860000 
0.08550 0.000036937800 
0.08600 0.000035122400 
0.08650 0.000033307200 
0.08700 0.000031552400 
0.08750 0.000030057400 
0.08800 0.000028562400 
0.08850 0.000027067200 
0.08900 0.000025739200 
0.08950 0.000024506000 
0.09000 0.000023272800 
0.09050 0.000022055400 
0.09100 0.000021036800 
0.09150 0.000020018200 
0.09200 0.000018999420 
0.09250 0.000018068200 
0.09300 0.000017225480 
0.09350 0.000016382740 
0.09400 0.000015540020 
0.09450 0.000014828620 
0.09500 0.000014130440 
0.09550 0.000013432240 
0.09600 0.000012770760 
0.09650 0.000012191500 
0.09700 0.000011612240 
0.09750 0.000011032980 
0.09800 0.000010522060 
0.09850 0.000010040780 
0.09900 0.000009559520 
0.09950 0.000009084320 
0.10000 0.000008683940 
0.10050 0.000008283540 
0.10100 0.000007883160 
0.10150 0.000007512300 
0.10200 0.000007178740 
0.10250 0.000006845180 
0.10300 0.000006511640 
0.10350 0.000006222240 
0.10400 0.000005944000 
0.10450 0.000005665760 
0.10500 0.000005394180 
0.10550 0.000005161760 
0.10600 0.000004929360 
0.10650 0.000004696960 
0.10700 0.000004482900 
0.10750 0.000004288540 
0.10800 0.000004094160 
0.10850 0.000003899800 
0.10900 0.000003731040 
0.10950 0.000003568300 
0.11000 0.000003405540 
0.11050 0.000003246180 
0.11100 0.000003109740 
0.11150 0.000002973300 
0.11200 0.000002836860 
0.11250 0.000002710020 
0.11300 0.000002595500 
0.11350 0.000002480980 
0.11400 0.000002366460 
0.11450 0.000002265460 
0.11500 0.000002169220 
0.11550 0.000002073000 
0.11600 0.000001977240 
0.11650 0.000001896290 
0.11700 0.000001815340 
0.11750 0.000001734390 
0.11800 0.000001657468 
0.11850 0.000001589298 
0.11900 0.000001521128 
0.11950 0.000001452958 
0.12000 0.000001391112 
0.12050 0.000001333646 
0.12100 0.000001276178 
0.12150 0.000001218712 
0.12200 0.000001168950 
0.12250 0.000001120456 
0.12300 0.000001071962 
0.12350 0.000001024360 
0.12400 0.000000983398 
0.12450 0.000000942436 
0.12500 0.000000901474 
0.12550 0.000000862854 
0.12600 0.000000828224 
0.12650 0.000000793592 
0.12700 0.000000758960 
0.12750 0.000000727598 
0.12800 0.000000698292 
0.12850 0.000000668986 
0.12900 0.000000639682 
0.12950 0.000000614184 
0.13000 0.000000589364 
0.13050 0.000000564542 
0.13100 0.000000540012 
0.13150 0.000000518974 
0.13200 0.000000497934 
0.13250 0.000000476896 
0.13300 0.000000456800 
0.13350 0.000000438952 
0.13400 0.000000421104 
0.13450 0.000000403256 
0.13500 0.000000386774 
0.13550 0.000000371622 
0.13600 0.000000356470 
0.13650 0.000000341318 
0.13700 0.000000327780 
0.13750 0.000000314908 
0.13800 0.000000302036 
0.13850 0.000000289164 
0.13900 0.000000278030 
0.13950 0.000000267088 
0.14000 0.000000256144 
0.14050 0.000000245342 
0.14100 0.000000236032 
0.14150 0.000000226724 
0.14200 0.000000217414 
0.14250 0.000000208466 
0.14300 0.000000200544 
0.14350 0.000000192620 
0.14400 0.000000184696 
0.14450 0.000000177273 
0.14500 0.000000170525 
0.14550 0.000000163776 
0.14600 0.000000157028 
0.14650 0.000000150859 
0.14700 0.000000145109 
0.14750 0.000000139359 
0.14800 0.000000133608 
0.14850 0.000000128473 
0.14900 0.000000123572 
0.14950 0.000000118670 
0.15000 0.000000113768 
0.15050 0.000000109485 
0.15100 0.000000105304 
0.15150 0.000000101123 
0.15200 0.000000096942 
0.15250 0.000000093364 
0.15300 0.000000089796 
0.15350 0.000000086229 
0.15400 0.000000082710 
0.15450 0.000000079665 
0.15500 0.000000076620 
0.15550 0.000000073576 
0.15600 0.000000070616 
0.15650 0.000000068016 
0.15700 0.000000065416 
0.15750 0.000000062816 
0.15800 0.000000060322 
0.15850 0.000000058101 
0.15900 0.000000055880 
0.15950 0.000000053659 
0.16000 0.000000051551 
0.16050 0.000000049654 
0.16100 0.000000047757 
0.16150 0.000000045860 
0.16200 0.000000044076 
0.16250 0.000000042454 
0.16300 0.000000040833 
0.16350 0.000000039212 
0.16400 0.000000037698 
0.16450 0.000000036312 
0.16500 0.000000034926 
0.16550 0.000000033540 
0.16600 0.000000032253 
0.16650 0.000000031068 
0.16700 0.000000029884 
0.16750 0.000000028699 
0.16800 0.000000027602 
0.16850 0.000000026588 
0.16900 0.000000025575 
0.16950 0.000000024562 
0.17000 0.000000023624 
0.17050 0.000000022758 
0.17100 0.000000021892 
0.17150 0.000000021026 
0.17200 0.000000020222 
0.17250 0.000000019481 
0.17300 0.000000018740 
0.17350 0.000000017999 
0.17400 0.000000017309 
0.17450 0.000000016675 
0.17500 0.000000016041 
0.17550 0.000000015407 
0.17600 0.000000014813 
0.17650 0.000000014271 
0.17700 0.000000013729 
0.17750 0.000000013187 
0.17800 0.000000012675 
0.17850 0.000000012211 
0.17900 0.000000011748 
0.17950 0.000000011284 
0.18000 0.000000010841 
0.18050 0.000000010445 
0.18100 0.000000010048 
0.18150 0.000000009651 
0.18200 0.000000009267 
0.18250 0.000000008928 
0.18300 0.000000008589 
0.18350 0.000000008249 
0.18400 0.000000007916 
0.18450 0.000000007626 
0.18500 0.000000007336 
0.18550 0.000000007046 
0.18600 0.000000006757 
0.18650 0.000000006509 
0.18700 0.000000006260 
0.18750 0.000000006012 
0.18800 0.000000005764 
0.18850 0.000000005548 
0.18900 0.000000005336 
0.18950 0.000000005124 
0.19000 0.000000004912 
0.19050 0.000000004723 
0.19100 0.000000004542 
0.19150 0.000000004360 
0.19200 0.000000004179 
0.19250 0.000000004014 
0.19300 0.000000003859 
0.19350 0.000000003704 
0.19400 0.000000003549 
0.19450 0.000000003404 
0.19500 0.000000003271 
0.19550 0.000000003139 
0.19600 0.000000003006 
0.19650 0.000000002880 
0.19700 0.000000002767 
0.19750 0.000000002654 
0.19800 0.000000002541 
0.19850 0.000000002430 
0.19900 0.000000002333 
0.19950 0.000000002237 
0.20000 0.000000002140 
0.20050 0.000000002043 
0.20100 0.000000001961 
0.20150 0.000000001878 
0.20200 0.000000001796 
0.20250 0.000000001713 
0.20300 0.000000001641 
0.20350 0.000000001570 
0.20400 0.000000001500 
0.20450 0.000000001430 
0.20500 0.000000001366 
0.20550 0.000000001307 
0.20600 0.000000001247 
0.20650 0.000000001187 
0.20700 0.000000001131 
0.20750 0.000000001080 
0.20800 0.000000001030 
0.20850 0.000000000979 
0.20900 0.000000000931 
0.20950 0.000000000887 
0.21000 0.000000000844 
0.21050 0.000000000801 
0.21100 0.000000000759 
0.21150 0.000000000722 
0.21200 0.000000000685 
0.21250 0.000000000649 
0.21300 0.000000000613 
0.21350 0.000000000582 
0.21400 0.000000000551 
0.21450 0.000000000519 
0.21500 0.000000000489 
0.21550 0.000000000462 
0.21600 0.000000000436 
0.21650 0.000000000410 
0.21700 0.000000000384 
0.21750 0.000000000362 
0.21800 0.000000000340 
0.21850 0.000000000318 
0.21900 0.000000000296 
0.21950 0.000000000278 
0.22000 0.000000000259 
0.22050 0.000000000241 
0.22100 0.000000000223 
0.22150 0.000000000207 
0.22200 0.000000000192 
0.22250 0.000000000177 
0.22300 0.000000000162 
0.22350 0.000000000149 
0.22400 0.000000000137 
0.22450 0.000000000124 
0.22500 0.000000000112 
0.22550 0.000000000102 
0.22600 0.000000000092 
0.22650 0.000000000082 
0.22700 0.000000000073 
0.22750 0.000000000065 
0.22800 0.000000000057 
0.22850 0.000000000049 
0.22900 0.000000000043 
0.22950 0.000000000037 
0.23000 0.000000000031 
0.23050 0.000000000025 
0.23100 0.000000000021 
0.23150 0.000000000017 
0.23200 0.000000000013 
0.23250 0.000000000010 
0.23300 0.000000000007 
0.23350 0.000000000004 
