0.00000 236.408000000000 
0.00050 203.990000000000 
0.00100 171.570200000000 
0.00150 139.151400000000 
0.00200 106.732600000000 
0.00250 85.981800000000 
0.00300 68.712200000000 
0.00350 55.404000000000 
0.00400 45.760000000000 
0.00450 36.877600000000 
0.00500 31.268800000000 
0.00550 25.659800000000 
0.00600 21.804600000000 
0.00650 18.429460000000 
0.00700 15.458960000000 
0.00750 13.368400000000 
0.00800 11.277860000000 
0.00850 9.785920000000 
0.00900 8.458560000000 
0.00950 7.223760000000 
0.01000 6.362620000000 
0.01050 5.501480000000 
0.01100 4.804500000000 
0.01150 4.235160000000 
0.01200 3.665800000000 
0.01250 3.260820000000 
0.01300 2.878040000000 
0.01350 2.514400000000 
0.01400 2.253180000000 
0.01450 1.991970000000 
0.01500 1.762658000000 
0.01550 1.581990000000 
0.01600 1.401322000000 
0.01650 1.253160000000 
0.01700 1.126684000000 
0.01750 1.000206000000 
0.01800 0.902254000000 
0.01850 0.812734000000 
0.01900 0.723216000000 
0.01950 0.657038000000 
0.02000 0.593042000000 
0.02050 0.529586000000 
0.02100 0.483416000000 
0.02150 0.437246000000 
0.02200 0.392600000000 
0.02250 0.359012000000 
0.02300 0.325422000000 
0.02350 0.293524000000 
0.02400 0.268900000000 
0.02450 0.244274000000 
0.02500 0.221162000000 
0.02550 0.202980000000 
0.02600 0.184796800000 
0.02650 0.167830600000 
0.02700 0.154317000000 
0.02750 0.140803400000 
0.02800 0.128200400000 
0.02850 0.118095200000 
0.02900 0.107990200000 
0.02950 0.098525800000 
0.03000 0.090926600000 
0.03050 0.083327600000 
0.03100 0.076149000000 
0.03150 0.070404200000 
0.03200 0.064659200000 
0.03250 0.059164800000 
0.03300 0.054800400000 
0.03350 0.050436000000 
0.03400 0.046195200000 
0.03450 0.042864200000 
0.03500 0.039533200000 
0.03550 0.036235200000 
0.03600 0.033682000000 
0.03650 0.031128800000 
0.03700 0.028575600000 
0.03750 0.026580800000 
0.03800 0.024615800000 
0.03850 0.022650800000 
0.03900 0.021062000000 
0.03950 0.019544000000 
0.04000 0.018025940000 
0.04050 0.016753080000 
0.04100 0.015576060000 
0.04150 0.014399040000 
0.04200 0.013373960000 
0.04250 0.012458260000 
0.04300 0.011542560000 
0.04350 0.010713100000 
0.04400 0.009998420000 
0.04450 0.009283720000 
0.04500 0.008609660000 
0.04550 0.008050140000 
0.04600 0.007490620000 
0.04650 0.006940720000 
0.04700 0.006501400000 
0.04750 0.006062100000 
0.04800 0.005622780000 
0.04850 0.005265980000 
0.04900 0.004920080000 
0.04950 0.004574180000 
0.05000 0.004277200000 
0.05050 0.004004140000 
0.05100 0.003731080000 
0.05150 0.003483340000 
0.05200 0.003267220000 
0.05250 0.003051100000 
0.05300 0.002844060000 
0.05350 0.002672600000 
0.05400 0.002501120000 
0.05450 0.002329660000 
0.05500 0.002191400000 
0.05550 0.002055040000 
0.05600 0.001918672000 
0.05650 0.001800968000 
0.05700 0.001692272000 
0.05750 0.001583574000 
0.05800 0.001483344000 
0.05850 0.001396512000 
0.05900 0.001309680000 
0.05950 0.001224310000 
0.06000 0.001154796000 
0.06050 0.001085282000 
0.06100 0.001015768000 
0.06150 0.000956792000 
0.06200 0.000901028000 
0.06250 0.000845262000 
0.06300 0.000794234000 
0.06350 0.000749408000 
0.06400 0.000704582000 
0.06450 0.000660490000 
0.06500 0.000624384000 
0.06550 0.000588280000 
0.06600 0.000552176000 
0.06650 0.000521090000 
0.06700 0.000491956000 
0.06750 0.000462820000 
0.06800 0.000435584000 
0.06850 0.000412030000 
0.06900 0.000388474000 
0.06950 0.000364920000 
0.07000 0.000345596000 
0.07050 0.000326518000 
0.07100 0.000307438000 
0.07150 0.000290286000 
0.07200 0.000274804000 
0.07250 0.000259324000 
0.07300 0.000244162000 
0.07350 0.000231578000 
0.07400 0.000218994000 
0.07450 0.000206410000 
0.07500 0.000195392000 
0.07550 0.000185145000 
0.07600 0.000174898200 
0.07650 0.000165058000 
0.07700 0.000156700000 
0.07750 0.000148342200 
0.07800 0.000139984200 
0.07850 0.000132767000 
0.07900 0.000125938200 
0.07950 0.000119109400 
0.08000 0.000112606000 
0.08050 0.000107017600 
0.08100 0.000101429000 
0.08150 0.000095840600 
0.08200 0.000091022400 
0.08250 0.000086441400 
0.08300 0.000081860600 
0.08350 0.000077487000 
0.08400 0.000073726000 
0.08450 0.000069965000 
0.08500 0.000066204000 
0.08550 0.000062929200 
0.08600 0.000059836600 
0.08650 0.000056743800 
0.08700 0.000053754400 
0.08750 0.000051207400 
0.08800 0.000048660200 
0.08850 0.000046113200 
0.08900 0.000043850600 
0.08950 0.000041749800 
0.09000 0.000039648800 
0.09050 0.000037574800 
0.09100 0.000035839400 
0.09150 0.000034104000 
0.09200 0.000032368400 
0.09250 0.000030782000 
0.09300 0.000029346200 
0.09350 0.000027910600 
0.09400 0.000026474800 
0.09450 0.000025262800 
0.09500 0.000024073400 
0.09550 0.000022883800 
0.09600 0.000021757000 
0.09650 0.000020770000 
0.09700 0.000019783240 
0.09750 0.000018796380 
0.09800 0.000017925920 
0.09850 0.000017106020 
0.09900 0.000016286120 
0.09950 0.000015476540 
0.10000 0.000014794420 
0.10050 0.000014112300 
0.10100 0.000013430160 
0.10150 0.000012798360 
0.10200 0.000012230100 
0.10250 0.000011661820 
0.10300 0.000011093560 
0.10350 0.000010600560 
0.10400 0.000010126520 
0.10450 0.000009652480 
0.10500 0.000009189800 
0.10550 0.000008793860 
0.10600 0.000008397920 
0.10650 0.000008001980 
0.10700 0.000007637300 
0.10750 0.000007306180 
0.10800 0.000006975040 
0.10850 0.000006643920 
0.10900 0.000006356420 
0.10950 0.000006079140 
0.11000 0.000005801880 
0.11050 0.000005530360 
0.11100 0.000005297920 
0.11150 0.000005065460 
0.11200 0.000004833020 
0.11250 0.000004616920 
0.11300 0.000004421820 
0.11350 0.000004226720 
0.11400 0.000004031620 
0.11450 0.000003859540 
0.11500 0.000003695600 
0.11550 0.000003531660 
0.11600 0.000003368540 
0.11650 0.000003230620 
0.11700 0.000003092720 
0.11750 0.000002954800 
0.11800 0.000002823760 
0.11850 0.000002707620 
0.11900 0.000002591480 
0.11950 0.000002475340 
0.12000 0.000002369980 
0.12050 0.000002272080 
0.12100 0.000002174160 
0.12150 0.000002076260 
0.12200 0.000001991486 
0.12250 0.000001908868 
0.12300 0.000001826252 
0.12350 0.000001745154 
0.12400 0.000001675370 
0.12450 0.000001605584 
0.12500 0.000001535800 
0.12550 0.000001470006 
0.12600 0.000001411006 
0.12650 0.000001352006 
0.12700 0.000001293006 
0.12750 0.000001239574 
0.12800 0.000001189648 
0.12850 0.000001139722 
0.12900 0.000001089794 
0.12950 0.000001046356 
0.13000 0.000001004072 
0.13050 0.000000961786 
0.13100 0.000000919994 
0.13150 0.000000884150 
0.13200 0.000000848308 
0.13250 0.000000812464 
0.13300 0.000000778230 
0.13350 0.000000747822 
0.13400 0.000000717416 
0.13450 0.000000687010 
0.13500 0.000000658928 
0.13550 0.000000633114 
0.13600 0.000000607300 
0.13650 0.000000581486 
0.13700 0.000000558424 
0.13750 0.000000536494 
0.13800 0.000000514564 
0.13850 0.000000492634 
0.13900 0.000000473668 
0.13950 0.000000455024 
0.14000 0.000000436380 
0.14050 0.000000417976 
0.14100 0.000000402118 
0.14150 0.000000386258 
0.14200 0.000000370398 
0.14250 0.000000355156 
0.14300 0.000000341656 
0.14350 0.000000328156 
0.14400 0.000000314658 
0.14450 0.000000302012 
0.14500 0.000000290514 
0.14550 0.000000279018 
0.14600 0.000000267522 
0.14650 0.000000257012 
0.14700 0.000000247216 
0.14750 0.000000237418 
0.14800 0.000000227622 
0.14850 0.000000218874 
0.14900 0.000000210524 
0.14950 0.000000202172 
0.15000 0.000000193821 
0.15050 0.000000186525 
0.15100 0.000000179402 
0.15150 0.000000172279 
0.15200 0.000000165156 
0.15250 0.000000159060 
0.15300 0.000000152982 
0.15350 0.000000146904 
0.15400 0.000000140909 
0.15450 0.000000135722 
0.15500 0.000000130534 
0.15550 0.000000125347 
0.15600 0.000000120305 
0.15650 0.000000115876 
0.15700 0.000000111447 
0.15750 0.000000107017 
0.15800 0.000000102767 
0.15850 0.000000098984 
0.15900 0.000000095200 
0.15950 0.000000091416 
0.16000 0.000000087826 
0.16050 0.000000084594 
0.16100 0.000000081361 
0.16150 0.000000078129 
0.16200 0.000000075090 
0.16250 0.000000072328 
0.16300 0.000000069565 
0.16350 0.000000066803 
0.16400 0.000000064224 
0.16450 0.000000061863 
0.16500 0.000000059502 
0.16550 0.000000057141 
0.16600 0.000000054948 
0.16650 0.000000052930 
0.16700 0.000000050912 
0.16750 0.000000048893 
0.16800 0.000000047024 
0.16850 0.000000045298 
0.16900 0.000000043571 
0.16950 0.000000041845 
0.17000 0.000000040247 
0.17050 0.000000038772 
0.17100 0.000000037296 
0.17150 0.000000035820 
0.17200 0.000000034451 
0.17250 0.000000033189 
0.17300 0.000000031926 
0.17350 0.000000030664 
0.17400 0.000000029488 
0.17450 0.000000028408 
0.17500 0.000000027328 
0.17550 0.000000026249 
0.17600 0.000000025237 
0.17650 0.000000024313 
0.17700 0.000000023390 
0.17750 0.000000022467 
0.17800 0.000000021594 
0.17850 0.000000020804 
0.17900 0.000000020014 
0.17950 0.000000019225 
0.18000 0.000000018470 
0.18050 0.000000017794 
0.18100 0.000000017118 
0.18150 0.000000016442 
0.18200 0.000000015788 
0.18250 0.000000015210 
0.18300 0.000000014632 
0.18350 0.000000014054 
0.18400 0.000000013487 
0.18450 0.000000012993 
0.18500 0.000000012498 
0.18550 0.000000012004 
0.18600 0.000000011511 
0.18650 0.000000011088 
0.18700 0.000000010666 
0.18750 0.000000010243 
0.18800 0.000000009820 
0.18850 0.000000009452 
0.18900 0.000000009091 
0.18950 0.000000008730 
0.19000 0.000000008368 
0.19050 0.000000008047 
0.19100 0.000000007738 
0.19150 0.000000007428 
0.19200 0.000000007119 
0.19250 0.000000006838 
0.19300 0.000000006574 
0.19350 0.000000006310 
0.19400 0.000000006045 
0.19450 0.000000005799 
0.19500 0.000000005573 
0.19550 0.000000005348 
0.19600 0.000000005122 
0.19650 0.000000004906 
0.19700 0.000000004714 
0.19750 0.000000004521 
0.19800 0.000000004328 
0.19850 0.000000004139 
0.19900 0.000000003975 
0.19950 0.000000003810 
0.20000 0.000000003646 
0.20050 0.000000003481 
0.20100 0.000000003340 
0.20150 0.000000003200 
0.20200 0.000000003059 
0.20250 0.000000002919 
0.20300 0.000000002795 
0.20350 0.000000002675 
0.20400 0.000000002556 
0.20450 0.000000002436 
0.20500 0.000000002328 
0.20550 0.000000002226 
0.20600 0.000000002124 
0.20650 0.000000002022 
0.20700 0.000000001927 
0.20750 0.000000001841 
0.20800 0.000000001754 
0.20850 0.000000001667 
0.20900 0.000000001585 
0.20950 0.000000001512 
0.21000 0.000000001438 
0.21050 0.000000001364 
0.21100 0.000000001293 
0.21150 0.000000001230 
0.21200 0.000000001168 
0.21250 0.000000001105 
0.21300 0.000000001044 
0.21350 0.000000000991 
0.21400 0.000000000938 
0.21450 0.000000000885 
0.21500 0.000000000833 
0.21550 0.000000000788 
0.21600 0.000000000743 
0.21650 0.000000000699 
0.21700 0.000000000654 
0.21750 0.000000000616 
0.21800 0.000000000579 
0.21850 0.000000000542 
0.21900 0.000000000504 
0.21950 0.000000000473 
0.22000 0.000000000442 
0.22050 0.000000000410 
0.22100 0.000000000379 
0.22150 0.000000000353 
0.22200 0.000000000327 
0.22250 0.000000000301 
0.22300 0.000000000276 
0.22350 0.000000000254 
0.22400 0.000000000233 
0.22450 0.000000000212 
0.22500 0.000000000192 
0.22550 0.000000000174 
0.22600 0.000000000157 
0.22650 0.000000000140 
0.22700 0.000000000125 
0.22750 0.000000000111 
0.22800 0.000000000098 
0.22850 0.000000000084 
0.22900 0.000000000073 
0.22950 0.000000000063 
0.23000 0.000000000053 
0.23050 0.000000000043 
0.23100 0.000000000036 
0.23150 0.000000000029 
0.23200 0.000000000021 
0.23250 0.000000000016 
0.23300 0.000000000012 
0.23350 0.000000000008 
