0.00000 242.040000000000 
0.00050 208.848000000000 
0.00100 175.657800000000 
0.00150 142.466600000000 
0.00200 109.275400000000 
0.00250 88.030200000000 
0.00300 70.349200000000 
0.00350 56.724000000000 
0.00400 46.850000000000 
0.00450 37.756200000000 
0.00500 32.013600000000 
0.00550 26.271000000000 
0.00600 22.324200000000 
0.00650 18.868520000000 
0.00700 15.827260000000 
0.00750 13.686900000000 
0.00800 11.546540000000 
0.00850 10.019060000000 
0.00900 8.660080000000 
0.00950 7.395860000000 
0.01000 6.514200000000 
0.01050 5.632540000000 
0.01100 4.918960000000 
0.01150 4.336060000000 
0.01200 3.753140000000 
0.01250 3.338500000000 
0.01300 2.946600000000 
0.01350 2.574300000000 
0.01400 2.306860000000 
0.01450 2.039420000000 
0.01500 1.804650000000 
0.01550 1.619678000000 
0.01600 1.434706000000 
0.01650 1.283016000000 
0.01700 1.153526000000 
0.01750 1.024034000000 
0.01800 0.923748000000 
0.01850 0.832098000000 
0.01900 0.740446000000 
0.01950 0.672692000000 
0.02000 0.607172000000 
0.02050 0.542202000000 
0.02100 0.494934000000 
0.02150 0.447664000000 
0.02200 0.401954000000 
0.02250 0.367564000000 
0.02300 0.333176000000 
0.02350 0.300518000000 
0.02400 0.275306000000 
0.02450 0.250094000000 
0.02500 0.226430000000 
0.02550 0.207814000000 
0.02600 0.189199400000 
0.02650 0.171829000000 
0.02700 0.157993400000 
0.02750 0.144158000000 
0.02800 0.131254600000 
0.02850 0.120908800000 
0.02900 0.110563000000 
0.02950 0.100873000000 
0.03000 0.093092800000 
0.03050 0.085312800000 
0.03100 0.077963200000 
0.03150 0.072081400000 
0.03200 0.066199800000 
0.03250 0.060574200000 
0.03300 0.056105800000 
0.03350 0.051637400000 
0.03400 0.047295800000 
0.03450 0.043885400000 
0.03500 0.040475000000 
0.03550 0.037098400000 
0.03600 0.034484400000 
0.03650 0.031870400000 
0.03700 0.029256200000 
0.03750 0.027214200000 
0.03800 0.025202400000 
0.03850 0.023190600000 
0.03900 0.021563800000 
0.03950 0.020009600000 
0.04000 0.018455380000 
0.04050 0.017152200000 
0.04100 0.015947140000 
0.04150 0.014742080000 
0.04200 0.013692580000 
0.04250 0.012755060000 
0.04300 0.011817560000 
0.04350 0.010968340000 
0.04400 0.010236620000 
0.04450 0.009504900000 
0.04500 0.008814780000 
0.04550 0.008241940000 
0.04600 0.007669080000 
0.04650 0.007106080000 
0.04700 0.006656300000 
0.04750 0.006206520000 
0.04800 0.005756740000 
0.04850 0.005391440000 
0.04900 0.005037300000 
0.04950 0.004683160000 
0.05000 0.004379100000 
0.05050 0.004099540000 
0.05100 0.003819960000 
0.05150 0.003566340000 
0.05200 0.003345060000 
0.05250 0.003123800000 
0.05300 0.002911820000 
0.05350 0.002736260000 
0.05400 0.002560700000 
0.05450 0.002385160000 
0.05500 0.002243620000 
0.05550 0.002104000000 
0.05600 0.001964382000 
0.05650 0.001843874000 
0.05700 0.001732588000 
0.05750 0.001621302000 
0.05800 0.001518682000 
0.05850 0.001429782000 
0.05900 0.001340880000 
0.05950 0.001253478000 
0.06000 0.001182308000 
0.06050 0.001111138000 
0.06100 0.001039968000 
0.06150 0.000979588000 
0.06200 0.000922494000 
0.06250 0.000865400000 
0.06300 0.000813156000 
0.06350 0.000767262000 
0.06400 0.000721366000 
0.06450 0.000676224000 
0.06500 0.000639260000 
0.06550 0.000602296000 
0.06600 0.000565332000 
0.06650 0.000533504000 
0.06700 0.000503676000 
0.06750 0.000473846000 
0.06800 0.000445962000 
0.06850 0.000421846000 
0.06900 0.000397730000 
0.06950 0.000373614000 
0.07000 0.000353830000 
0.07050 0.000334296000 
0.07100 0.000314764000 
0.07150 0.000297202000 
0.07200 0.000281352000 
0.07250 0.000265502000 
0.07300 0.000249978000 
0.07350 0.000237094000 
0.07400 0.000224212000 
0.07450 0.000211328000 
0.07500 0.000200046000 
0.07550 0.000189556000 
0.07600 0.000179065000 
0.07650 0.000168990400 
0.07700 0.000160433400 
0.07750 0.000151876200 
0.07800 0.000143319200 
0.07850 0.000135930000 
0.07900 0.000128938600 
0.07950 0.000121947200 
0.08000 0.000115288800 
0.08050 0.000109567200 
0.08100 0.000103845600 
0.08150 0.000098123800 
0.08200 0.000093190800 
0.08250 0.000088500800 
0.08300 0.000083810800 
0.08350 0.000079333000 
0.08400 0.000075482400 
0.08450 0.000071631800 
0.08500 0.000067781200 
0.08550 0.000064428400 
0.08600 0.000061262000 
0.08650 0.000058095800 
0.08700 0.000055035000 
0.08750 0.000052427200 
0.08800 0.000049819600 
0.08850 0.000047211800 
0.08900 0.000044895400 
0.08950 0.000042744400 
0.09000 0.000040593400 
0.09050 0.000038470000 
0.09100 0.000036693200 
0.09150 0.000034916400 
0.09200 0.000033139600 
0.09250 0.000031515400 
0.09300 0.000030045400 
0.09350 0.000028575400 
0.09400 0.000027105600 
0.09450 0.000025864600 
0.09500 0.000024646800 
0.09550 0.000023429000 
0.09600 0.000022275200 
0.09650 0.000021265000 
0.09700 0.000020254600 
0.09750 0.000019244180 
0.09800 0.000018353000 
0.09850 0.000017513560 
0.09900 0.000016674120 
0.09950 0.000015845260 
0.10000 0.000015146880 
0.10050 0.000014448500 
0.10100 0.000013750120 
0.10150 0.000013103260 
0.10200 0.000012521460 
0.10250 0.000011939660 
0.10300 0.000011357860 
0.10350 0.000010853100 
0.10400 0.000010367780 
0.10450 0.000009882440 
0.10500 0.000009408740 
0.10550 0.000009003360 
0.10600 0.000008597980 
0.10650 0.000008192620 
0.10700 0.000007819260 
0.10750 0.000007480240 
0.10800 0.000007141220 
0.10850 0.000006802200 
0.10900 0.000006507840 
0.10950 0.000006223980 
0.11000 0.000005940100 
0.11050 0.000005662120 
0.11100 0.000005424140 
0.11150 0.000005186140 
0.11200 0.000004948160 
0.11250 0.000004726920 
0.11300 0.000004527180 
0.11350 0.000004327420 
0.11400 0.000004127680 
0.11450 0.000003951500 
0.11500 0.000003783640 
0.11550 0.000003615800 
0.11600 0.000003448780 
0.11650 0.000003307580 
0.11700 0.000003166400 
0.11750 0.000003025200 
0.11800 0.000002891020 
0.11850 0.000002772120 
0.11900 0.000002653220 
0.11950 0.000002534300 
0.12000 0.000002426440 
0.12050 0.000002326200 
0.12100 0.000002225960 
0.12150 0.000002125720 
0.12200 0.000002038940 
0.12250 0.000001954346 
0.12300 0.000001869760 
0.12350 0.000001786730 
0.12400 0.000001715284 
0.12450 0.000001643836 
0.12500 0.000001572388 
0.12550 0.000001505028 
0.12600 0.000001444622 
0.12650 0.000001384216 
0.12700 0.000001323810 
0.12750 0.000001269106 
0.12800 0.000001217990 
0.12850 0.000001166874 
0.12900 0.000001115758 
0.12950 0.000001071286 
0.13000 0.000001027992 
0.13050 0.000000984698 
0.13100 0.000000941912 
0.13150 0.000000905214 
0.13200 0.000000868518 
0.13250 0.000000831820 
0.13300 0.000000796770 
0.13350 0.000000765638 
0.13400 0.000000734508 
0.13450 0.000000703376 
0.13500 0.000000674626 
0.13550 0.000000648198 
0.13600 0.000000621768 
0.13650 0.000000595340 
0.13700 0.000000571728 
0.13750 0.000000549276 
0.13800 0.000000526822 
0.13850 0.000000504370 
0.13900 0.000000484952 
0.13950 0.000000465864 
0.14000 0.000000446776 
0.14050 0.000000427934 
0.14100 0.000000411698 
0.14150 0.000000395460 
0.14200 0.000000379224 
0.14250 0.000000363616 
0.14300 0.000000349796 
0.14350 0.000000335976 
0.14400 0.000000322154 
0.14450 0.000000309206 
0.14500 0.000000297436 
0.14550 0.000000285666 
0.14600 0.000000273894 
0.14650 0.000000263136 
0.14700 0.000000253106 
0.14750 0.000000243076 
0.14800 0.000000233046 
0.14850 0.000000224088 
0.14900 0.000000215538 
0.14950 0.000000206988 
0.15000 0.000000198438 
0.15050 0.000000190969 
0.15100 0.000000183676 
0.15150 0.000000176383 
0.15200 0.000000169091 
0.15250 0.000000162849 
0.15300 0.000000156626 
0.15350 0.000000150404 
0.15400 0.000000144266 
0.15450 0.000000138955 
0.15500 0.000000133644 
0.15550 0.000000128334 
0.15600 0.000000123171 
0.15650 0.000000118636 
0.15700 0.000000114102 
0.15750 0.000000109567 
0.15800 0.000000105216 
0.15850 0.000000101342 
0.15900 0.000000097468 
0.15950 0.000000093594 
0.16000 0.000000089918 
0.16050 0.000000086609 
0.16100 0.000000083300 
0.16150 0.000000079990 
0.16200 0.000000076879 
0.16250 0.000000074051 
0.16300 0.000000071223 
0.16350 0.000000068395 
0.16400 0.000000065754 
0.16450 0.000000063337 
0.16500 0.000000060920 
0.16550 0.000000058502 
0.16600 0.000000056257 
0.16650 0.000000054191 
0.16700 0.000000052124 
0.16750 0.000000050058 
0.16800 0.000000048144 
0.16850 0.000000046377 
0.16900 0.000000044610 
0.16950 0.000000042842 
0.17000 0.000000041206 
0.17050 0.000000039695 
0.17100 0.000000038185 
0.17150 0.000000036674 
0.17200 0.000000035272 
0.17250 0.000000033980 
0.17300 0.000000032687 
0.17350 0.000000031394 
0.17400 0.000000030191 
0.17450 0.000000029085 
0.17500 0.000000027979 
0.17550 0.000000026874 
0.17600 0.000000025838 
0.17650 0.000000024892 
0.17700 0.000000023947 
0.17750 0.000000023002 
0.17800 0.000000022108 
0.17850 0.000000021300 
0.17900 0.000000020491 
0.17950 0.000000019683 
0.18000 0.000000018910 
0.18050 0.000000018218 
0.18100 0.000000017526 
0.18150 0.000000016834 
0.18200 0.000000016165 
0.18250 0.000000015573 
0.18300 0.000000014981 
0.18350 0.000000014389 
0.18400 0.000000013808 
0.18450 0.000000013302 
0.18500 0.000000012796 
0.18550 0.000000012290 
0.18600 0.000000011786 
0.18650 0.000000011353 
0.18700 0.000000010920 
0.18750 0.000000010487 
0.18800 0.000000010054 
0.18850 0.000000009677 
0.18900 0.000000009307 
0.18950 0.000000008938 
0.19000 0.000000008568 
0.19050 0.000000008238 
0.19100 0.000000007922 
0.19150 0.000000007605 
0.19200 0.000000007289 
0.19250 0.000000007001 
0.19300 0.000000006730 
0.19350 0.000000006460 
0.19400 0.000000006190 
0.19450 0.000000005937 
0.19500 0.000000005706 
0.19550 0.000000005475 
0.19600 0.000000005244 
0.19650 0.000000005023 
0.19700 0.000000004826 
0.19750 0.000000004629 
0.19800 0.000000004431 
0.19850 0.000000004238 
0.19900 0.000000004070 
0.19950 0.000000003901 
0.20000 0.000000003733 
0.20050 0.000000003564 
0.20100 0.000000003420 
0.20150 0.000000003276 
0.20200 0.000000003132 
0.20250 0.000000002988 
0.20300 0.000000002862 
0.20350 0.000000002739 
0.20400 0.000000002617 
0.20450 0.000000002494 
0.20500 0.000000002383 
0.20550 0.000000002279 
0.20600 0.000000002174 
0.20650 0.000000002070 
0.20700 0.000000001973 
0.20750 0.000000001885 
0.20800 0.000000001796 
0.20850 0.000000001707 
0.20900 0.000000001623 
0.20950 0.000000001548 
0.21000 0.000000001472 
0.21050 0.000000001397 
0.21100 0.000000001324 
0.21150 0.000000001260 
0.21200 0.000000001196 
0.21250 0.000000001131 
0.21300 0.000000001069 
0.21350 0.000000001014 
0.21400 0.000000000960 
0.21450 0.000000000906 
0.21500 0.000000000852 
0.21550 0.000000000807 
0.21600 0.000000000761 
0.21650 0.000000000715 
0.21700 0.000000000669 
0.21750 0.000000000631 
0.21800 0.000000000593 
0.21850 0.000000000555 
0.21900 0.000000000516 
0.21950 0.000000000484 
0.22000 0.000000000452 
0.22050 0.000000000420 
0.22100 0.000000000388 
0.22150 0.000000000361 
0.22200 0.000000000335 
0.22250 0.000000000308 
0.22300 0.000000000282 
0.22350 0.000000000260 
0.22400 0.000000000239 
0.22450 0.000000000217 
0.22500 0.000000000196 
0.22550 0.000000000179 
0.22600 0.000000000161 
0.22650 0.000000000143 
0.22700 0.000000000128 
0.22750 0.000000000114 
0.22800 0.000000000100 
0.22850 0.000000000086 
0.22900 0.000000000075 
0.22950 0.000000000064 
0.23000 0.000000000054 
0.23050 0.000000000044 
0.23100 0.000000000037 
0.23150 0.000000000029 
0.23200 0.000000000022 
0.23250 0.000000000017 
0.23300 0.000000000012 
0.23350 0.000000000008 
