0.00000 247.848000000000 
0.00050 213.860000000000 
0.00100 179.873200000000 
0.00150 145.885400000000 
0.00200 111.897800000000 
0.00250 90.142800000000 
0.00300 72.037400000000 
0.00350 58.085200000000 
0.00400 47.974400000000 
0.00450 38.662200000000 
0.00500 32.781800000000 
0.00550 26.901600000000 
0.00600 22.859800000000 
0.00650 19.321320000000 
0.00700 16.207060000000 
0.00750 14.015360000000 
0.00800 11.823640000000 
0.00850 10.259500000000 
0.00900 8.867900000000 
0.00950 7.573360000000 
0.01000 6.670540000000 
0.01050 5.767720000000 
0.01100 5.037000000000 
0.01150 4.440100000000 
0.01200 3.843200000000 
0.01250 3.418620000000 
0.01300 3.017320000000 
0.01350 2.636080000000 
0.01400 2.362220000000 
0.01450 2.088360000000 
0.01500 1.847958000000 
0.01550 1.658548000000 
0.01600 1.469136000000 
0.01650 1.313806000000 
0.01700 1.181208000000 
0.01750 1.048608000000 
0.01800 0.945916000000 
0.01850 0.852066000000 
0.01900 0.758216000000 
0.01950 0.688834000000 
0.02000 0.621742000000 
0.02050 0.555214000000 
0.02100 0.506810000000 
0.02150 0.458406000000 
0.02200 0.411598000000 
0.02250 0.376384000000 
0.02300 0.341170000000 
0.02350 0.307730000000 
0.02400 0.281912000000 
0.02450 0.256096000000 
0.02500 0.231864000000 
0.02550 0.212802000000 
0.02600 0.193739800000 
0.02650 0.175952600000 
0.02700 0.161785000000 
0.02750 0.147617400000 
0.02800 0.134404400000 
0.02850 0.123810400000 
0.02900 0.113216200000 
0.02950 0.103293800000 
0.03000 0.095326800000 
0.03050 0.087360000000 
0.03100 0.079834000000 
0.03150 0.073811200000 
0.03200 0.067788400000 
0.03250 0.062027800000 
0.03300 0.057452200000 
0.03350 0.052876600000 
0.03400 0.048430600000 
0.03450 0.044938600000 
0.03500 0.041446400000 
0.03550 0.037988600000 
0.03600 0.035312000000 
0.03650 0.032635200000 
0.03700 0.029958400000 
0.03750 0.027867200000 
0.03800 0.025807200000 
0.03850 0.023747000000 
0.03900 0.022081400000 
0.03950 0.020489800000 
0.04000 0.018898260000 
0.04050 0.017563820000 
0.04100 0.016329840000 
0.04150 0.015095860000 
0.04200 0.014021160000 
0.04250 0.013061160000 
0.04300 0.012101140000 
0.04350 0.011231540000 
0.04400 0.010482260000 
0.04450 0.009732980000 
0.04500 0.009026320000 
0.04550 0.008439720000 
0.04600 0.007853120000 
0.04650 0.007276600000 
0.04700 0.006816040000 
0.04750 0.006355460000 
0.04800 0.005894880000 
0.04850 0.005520820000 
0.04900 0.005158180000 
0.04950 0.004795540000 
0.05000 0.004484200000 
0.05050 0.004197920000 
0.05100 0.003911640000 
0.05150 0.003651920000 
0.05200 0.003425340000 
0.05250 0.003198760000 
0.05300 0.002981700000 
0.05350 0.002801920000 
0.05400 0.002622160000 
0.05450 0.002442400000 
0.05500 0.002297460000 
0.05550 0.002154480000 
0.05600 0.002011520000 
0.05650 0.001888124000 
0.05700 0.001774166000 
0.05750 0.001660210000 
0.05800 0.001555128000 
0.05850 0.001464094000 
0.05900 0.001373058000 
0.05950 0.001283560000 
0.06000 0.001210682000 
0.06050 0.001137804000 
0.06100 0.001064926000 
0.06150 0.001003096000 
0.06200 0.000944632000 
0.06250 0.000886168000 
0.06300 0.000832670000 
0.06350 0.000785674000 
0.06400 0.000738678000 
0.06450 0.000692452000 
0.06500 0.000654600000 
0.06550 0.000616750000 
0.06600 0.000578898000 
0.06650 0.000546308000 
0.06700 0.000515762000 
0.06750 0.000485218000 
0.06800 0.000456664000 
0.06850 0.000431970000 
0.06900 0.000407274000 
0.06950 0.000382580000 
0.07000 0.000362322000 
0.07050 0.000342318000 
0.07100 0.000322316000 
0.07150 0.000304334000 
0.07200 0.000288104000 
0.07250 0.000271874000 
0.07300 0.000255978000 
0.07350 0.000242784000 
0.07400 0.000229592000 
0.07450 0.000216398000 
0.07500 0.000204848000 
0.07550 0.000194104800 
0.07600 0.000183362000 
0.07650 0.000173045800 
0.07700 0.000164283400 
0.07750 0.000155520800 
0.07800 0.000146758400 
0.07850 0.000139192000 
0.07900 0.000132032800 
0.07950 0.000124873600 
0.08000 0.000118055400 
0.08050 0.000112196400 
0.08100 0.000106337600 
0.08150 0.000100478600 
0.08200 0.000095427200 
0.08250 0.000090624600 
0.08300 0.000085822000 
0.08350 0.000081236800 
0.08400 0.000077293800 
0.08450 0.000073350800 
0.08500 0.000069407800 
0.08550 0.000065974600 
0.08600 0.000062732200 
0.08650 0.000059490000 
0.08700 0.000056355800 
0.08750 0.000053685400 
0.08800 0.000051015000 
0.08850 0.000048344800 
0.08900 0.000045972800 
0.08950 0.000043770200 
0.09000 0.000041567600 
0.09050 0.000039393200 
0.09100 0.000037573800 
0.09150 0.000035754400 
0.09200 0.000033934800 
0.09250 0.000032271600 
0.09300 0.000030766400 
0.09350 0.000029261200 
0.09400 0.000027756000 
0.09450 0.000026485400 
0.09500 0.000025238400 
0.09550 0.000023991400 
0.09600 0.000022809800 
0.09650 0.000021775200 
0.09700 0.000020740600 
0.09750 0.000019706000 
0.09800 0.000018793420 
0.09850 0.000017933840 
0.09900 0.000017074260 
0.09950 0.000016225500 
0.10000 0.000015510380 
0.10050 0.000014795240 
0.10100 0.000014080100 
0.10150 0.000013417720 
0.10200 0.000012821940 
0.10250 0.000012226180 
0.10300 0.000011630420 
0.10350 0.000011113560 
0.10400 0.000010616580 
0.10450 0.000010119600 
0.10500 0.000009634520 
0.10550 0.000009219420 
0.10600 0.000008804320 
0.10650 0.000008389220 
0.10700 0.000008006900 
0.10750 0.000007659740 
0.10800 0.000007312580 
0.10850 0.000006965440 
0.10900 0.000006664020 
0.10950 0.000006373340 
0.11000 0.000006082640 
0.11050 0.000005798000 
0.11100 0.000005554300 
0.11150 0.000005310600 
0.11200 0.000005066900 
0.11250 0.000004840360 
0.11300 0.000004635820 
0.11350 0.000004431260 
0.11400 0.000004226720 
0.11450 0.000004046320 
0.11500 0.000003874440 
0.11550 0.000003702580 
0.11600 0.000003531540 
0.11650 0.000003386960 
0.11700 0.000003242380 
0.11750 0.000003097800 
0.11800 0.000002960400 
0.11850 0.000002838640 
0.11900 0.000002716880 
0.11950 0.000002595120 
0.12000 0.000002484660 
0.12050 0.000002382020 
0.12100 0.000002279380 
0.12150 0.000002176740 
0.12200 0.000002087860 
0.12250 0.000002001240 
0.12300 0.000001914630 
0.12350 0.000001829608 
0.12400 0.000001756446 
0.12450 0.000001683284 
0.12500 0.000001610122 
0.12550 0.000001541144 
0.12600 0.000001479290 
0.12650 0.000001417434 
0.12700 0.000001355580 
0.12750 0.000001299562 
0.12800 0.000001247218 
0.12850 0.000001194876 
0.12900 0.000001142534 
0.12950 0.000001096994 
0.13000 0.000001052662 
0.13050 0.000001008330 
0.13100 0.000000964514 
0.13150 0.000000926938 
0.13200 0.000000889360 
0.13250 0.000000851782 
0.13300 0.000000815890 
0.13350 0.000000784012 
0.13400 0.000000752134 
0.13450 0.000000720256 
0.13500 0.000000690816 
0.13550 0.000000663752 
0.13600 0.000000636690 
0.13650 0.000000609626 
0.13700 0.000000585448 
0.13750 0.000000562456 
0.13800 0.000000539466 
0.13850 0.000000516474 
0.13900 0.000000496590 
0.13950 0.000000477044 
0.14000 0.000000457498 
0.14050 0.000000438204 
0.14100 0.000000421576 
0.14150 0.000000404950 
0.14200 0.000000388324 
0.14250 0.000000372342 
0.14300 0.000000358190 
0.14350 0.000000344038 
0.14400 0.000000329886 
0.14450 0.000000316626 
0.14500 0.000000304574 
0.14550 0.000000292520 
0.14600 0.000000280468 
0.14650 0.000000269450 
0.14700 0.000000259180 
0.14750 0.000000248908 
0.14800 0.000000238638 
0.14850 0.000000229466 
0.14900 0.000000220710 
0.14950 0.000000211956 
0.15000 0.000000203200 
0.15050 0.000000195551 
0.15100 0.000000188084 
0.15150 0.000000180616 
0.15200 0.000000173149 
0.15250 0.000000166757 
0.15300 0.000000160385 
0.15350 0.000000154013 
0.15400 0.000000147728 
0.15450 0.000000142290 
0.15500 0.000000136851 
0.15550 0.000000131413 
0.15600 0.000000126127 
0.15650 0.000000121483 
0.15700 0.000000116840 
0.15750 0.000000112196 
0.15800 0.000000107741 
0.15850 0.000000103774 
0.15900 0.000000099807 
0.15950 0.000000095840 
0.16000 0.000000092076 
0.16050 0.000000088687 
0.16100 0.000000085299 
0.16150 0.000000081910 
0.16200 0.000000078724 
0.16250 0.000000075828 
0.16300 0.000000072932 
0.16350 0.000000070036 
0.16400 0.000000067332 
0.16450 0.000000064857 
0.16500 0.000000062382 
0.16550 0.000000059906 
0.16600 0.000000057607 
0.16650 0.000000055491 
0.16700 0.000000053375 
0.16750 0.000000051260 
0.16800 0.000000049299 
0.16850 0.000000047490 
0.16900 0.000000045680 
0.16950 0.000000043870 
0.17000 0.000000042195 
0.17050 0.000000040648 
0.17100 0.000000039101 
0.17150 0.000000037554 
0.17200 0.000000036119 
0.17250 0.000000034795 
0.17300 0.000000033471 
0.17350 0.000000032148 
0.17400 0.000000030915 
0.17450 0.000000029783 
0.17500 0.000000028651 
0.17550 0.000000027519 
0.17600 0.000000026458 
0.17650 0.000000025490 
0.17700 0.000000024522 
0.17750 0.000000023554 
0.17800 0.000000022639 
0.17850 0.000000021811 
0.17900 0.000000020983 
0.17950 0.000000020155 
0.18000 0.000000019364 
0.18050 0.000000018655 
0.18100 0.000000017947 
0.18150 0.000000017238 
0.18200 0.000000016552 
0.18250 0.000000015946 
0.18300 0.000000015340 
0.18350 0.000000014734 
0.18400 0.000000014139 
0.18450 0.000000013621 
0.18500 0.000000013103 
0.18550 0.000000012585 
0.18600 0.000000012068 
0.18650 0.000000011625 
0.18700 0.000000011182 
0.18750 0.000000010739 
0.18800 0.000000010295 
0.18850 0.000000009910 
0.18900 0.000000009531 
0.18950 0.000000009152 
0.19000 0.000000008773 
0.19050 0.000000008436 
0.19100 0.000000008112 
0.19150 0.000000007788 
0.19200 0.000000007464 
0.19250 0.000000007169 
0.19300 0.000000006892 
0.19350 0.000000006615 
0.19400 0.000000006338 
0.19450 0.000000006080 
0.19500 0.000000005843 
0.19550 0.000000005607 
0.19600 0.000000005370 
0.19650 0.000000005144 
0.19700 0.000000004942 
0.19750 0.000000004740 
0.19800 0.000000004538 
0.19850 0.000000004340 
0.19900 0.000000004167 
0.19950 0.000000003995 
0.20000 0.000000003822 
0.20050 0.000000003650 
0.20100 0.000000003502 
0.20150 0.000000003354 
0.20200 0.000000003207 
0.20250 0.000000003060 
0.20300 0.000000002930 
0.20350 0.000000002805 
0.20400 0.000000002679 
0.20450 0.000000002554 
0.20500 0.000000002441 
0.20550 0.000000002334 
0.20600 0.000000002227 
0.20650 0.000000002120 
0.20700 0.000000002021 
0.20750 0.000000001930 
0.20800 0.000000001839 
0.20850 0.000000001748 
0.20900 0.000000001662 
0.20950 0.000000001585 
0.21000 0.000000001507 
0.21050 0.000000001430 
0.21100 0.000000001356 
0.21150 0.000000001290 
0.21200 0.000000001224 
0.21250 0.000000001158 
0.21300 0.000000001094 
0.21350 0.000000001039 
0.21400 0.000000000983 
0.21450 0.000000000928 
0.21500 0.000000000873 
0.21550 0.000000000826 
0.21600 0.000000000779 
0.21650 0.000000000732 
0.21700 0.000000000686 
0.21750 0.000000000646 
0.21800 0.000000000607 
0.21850 0.000000000568 
0.21900 0.000000000529 
0.21950 0.000000000496 
0.22000 0.000000000463 
0.22050 0.000000000430 
0.22100 0.000000000397 
0.22150 0.000000000370 
0.22200 0.000000000343 
0.22250 0.000000000316 
0.22300 0.000000000289 
0.22350 0.000000000267 
0.22400 0.000000000244 
0.22450 0.000000000222 
0.22500 0.000000000201 
0.22550 0.000000000183 
0.22600 0.000000000165 
0.22650 0.000000000147 
0.22700 0.000000000131 
0.22750 0.000000000116 
0.22800 0.000000000102 
0.22850 0.000000000088 
0.22900 0.000000000077 
0.22950 0.000000000066 
0.23000 0.000000000055 
0.23050 0.000000000045 
0.23100 0.000000000038 
0.23150 0.000000000030 
0.23200 0.000000000022 
0.23250 0.000000000017 
0.23300 0.000000000012 
0.23350 0.000000000008 
