0.00000 253.834000000000 
0.00050 219.026000000000 
0.00100 184.217400000000 
0.00150 149.408800000000 
0.00200 114.600400000000 
0.00250 92.320000000000 
0.00300 73.777200000000 
0.00350 59.488200000000 
0.00400 49.133000000000 
0.00450 39.596000000000 
0.00500 33.573600000000 
0.00550 27.551200000000 
0.00600 23.412000000000 
0.00650 19.787960000000 
0.00700 16.598500000000 
0.00750 14.353840000000 
0.00800 12.109200000000 
0.00850 10.507280000000 
0.00900 9.082060000000 
0.00950 7.756260000000 
0.01000 6.831640000000 
0.01050 5.907020000000 
0.01100 5.158660000000 
0.01150 4.547340000000 
0.01200 3.936020000000 
0.01250 3.501180000000 
0.01300 3.090180000000 
0.01350 2.699760000000 
0.01400 2.419280000000 
0.01450 2.138800000000 
0.01500 1.892590000000 
0.01550 1.698604000000 
0.01600 1.504618000000 
0.01650 1.345536000000 
0.01700 1.209736000000 
0.01750 1.073934000000 
0.01800 0.968762000000 
0.01850 0.872644000000 
0.01900 0.776528000000 
0.01950 0.705470000000 
0.02000 0.636758000000 
0.02050 0.568624000000 
0.02100 0.519050000000 
0.02150 0.469478000000 
0.02200 0.421540000000 
0.02250 0.385476000000 
0.02300 0.349410000000 
0.02350 0.315162000000 
0.02400 0.288722000000 
0.02450 0.262280000000 
0.02500 0.237464000000 
0.02550 0.217942000000 
0.02600 0.198419000000 
0.02650 0.180202000000 
0.02700 0.165692400000 
0.02750 0.151182600000 
0.02800 0.137650400000 
0.02850 0.126800600000 
0.02900 0.115950600000 
0.02950 0.105788400000 
0.03000 0.097629200000 
0.03050 0.089470000000 
0.03100 0.081762200000 
0.03150 0.075593800000 
0.03200 0.069425600000 
0.03250 0.063526000000 
0.03300 0.058839800000 
0.03350 0.054153800000 
0.03400 0.049600400000 
0.03450 0.046023800000 
0.03500 0.042447400000 
0.03550 0.038906200000 
0.03600 0.036164800000 
0.03650 0.033423400000 
0.03700 0.030682000000 
0.03750 0.028540200000 
0.03800 0.026430400000 
0.03850 0.024320600000 
0.03900 0.022614600000 
0.03950 0.020984600000 
0.04000 0.019354700000 
0.04050 0.017988020000 
0.04100 0.016724240000 
0.04150 0.015460440000 
0.04200 0.014359800000 
0.04250 0.013376600000 
0.04300 0.012393400000 
0.04350 0.011502800000 
0.04400 0.010735440000 
0.04450 0.009968060000 
0.04500 0.009244320000 
0.04550 0.008643560000 
0.04600 0.008042800000 
0.04650 0.007452360000 
0.04700 0.006980660000 
0.04750 0.006508960000 
0.04800 0.006037260000 
0.04850 0.005654160000 
0.04900 0.005282760000 
0.04950 0.004911360000 
0.05000 0.004592500000 
0.05050 0.004299300000 
0.05100 0.004006100000 
0.05150 0.003740120000 
0.05200 0.003508060000 
0.05250 0.003276020000 
0.05300 0.003053720000 
0.05350 0.002869600000 
0.05400 0.002685480000 
0.05450 0.002501380000 
0.05500 0.002352940000 
0.05550 0.002206520000 
0.05600 0.002060100000 
0.05650 0.001933724000 
0.05700 0.001817016000 
0.05750 0.001700306000 
0.05800 0.001592686000 
0.05850 0.001499454000 
0.05900 0.001406220000 
0.05950 0.001314560000 
0.06000 0.001239922000 
0.06050 0.001165284000 
0.06100 0.001090644000 
0.06150 0.001027322000 
0.06200 0.000967446000 
0.06250 0.000907570000 
0.06300 0.000852780000 
0.06350 0.000804650000 
0.06400 0.000756518000 
0.06450 0.000709176000 
0.06500 0.000670410000 
0.06550 0.000631646000 
0.06600 0.000592880000 
0.06650 0.000559502000 
0.06700 0.000528220000 
0.06750 0.000496936000 
0.06800 0.000467694000 
0.06850 0.000442402000 
0.06900 0.000417110000 
0.06950 0.000391820000 
0.07000 0.000371072000 
0.07050 0.000350586000 
0.07100 0.000330102000 
0.07150 0.000311684000 
0.07200 0.000295062000 
0.07250 0.000278440000 
0.07300 0.000262160000 
0.07350 0.000248648000 
0.07400 0.000235136000 
0.07450 0.000221624000 
0.07500 0.000209796000 
0.07550 0.000198792800 
0.07600 0.000187790600 
0.07650 0.000177225200 
0.07700 0.000168251000 
0.07750 0.000159277000 
0.07800 0.000150302800 
0.07850 0.000142553600 
0.07900 0.000135221600 
0.07950 0.000127889400 
0.08000 0.000120906600 
0.08050 0.000114906200 
0.08100 0.000108905800 
0.08150 0.000102905400 
0.08200 0.000097732000 
0.08250 0.000092813400 
0.08300 0.000087894800 
0.08350 0.000083198800 
0.08400 0.000079160600 
0.08450 0.000075122400 
0.08500 0.000071084200 
0.08550 0.000067568000 
0.08600 0.000064247400 
0.08650 0.000060926600 
0.08700 0.000057716800 
0.08750 0.000054982000 
0.08800 0.000052247200 
0.08850 0.000049512400 
0.08900 0.000047083000 
0.08950 0.000044827200 
0.09000 0.000042571600 
0.09050 0.000040344600 
0.09100 0.000038481200 
0.09150 0.000036617800 
0.09200 0.000034754400 
0.09250 0.000033051000 
0.09300 0.000031509400 
0.09350 0.000029968000 
0.09400 0.000028426400 
0.09450 0.000027125000 
0.09500 0.000025848000 
0.09550 0.000024570800 
0.09600 0.000023360800 
0.09650 0.000022301200 
0.09700 0.000021241600 
0.09750 0.000020182000 
0.09800 0.000019247320 
0.09850 0.000018366980 
0.09900 0.000017486640 
0.09950 0.000016617380 
0.10000 0.000015884980 
0.10050 0.000015152560 
0.10100 0.000014420160 
0.10150 0.000013741780 
0.10200 0.000013131620 
0.10250 0.000012521460 
0.10300 0.000011911320 
0.10350 0.000011381960 
0.10400 0.000010872980 
0.10450 0.000010364000 
0.10500 0.000009867220 
0.10550 0.000009442080 
0.10600 0.000009016960 
0.10650 0.000008591840 
0.10700 0.000008200280 
0.10750 0.000007844740 
0.10800 0.000007489200 
0.10850 0.000007133660 
0.10900 0.000006824960 
0.10950 0.000006527260 
0.11000 0.000006229560 
0.11050 0.000005938020 
0.11100 0.000005688440 
0.11150 0.000005438860 
0.11200 0.000005189280 
0.11250 0.000004957260 
0.11300 0.000004747780 
0.11350 0.000004538300 
0.11400 0.000004328800 
0.11450 0.000004144040 
0.11500 0.000003968020 
0.11550 0.000003792000 
0.11600 0.000003616840 
0.11650 0.000003468760 
0.11700 0.000003320680 
0.11750 0.000003172600 
0.11800 0.000003031900 
0.11850 0.000002907200 
0.11900 0.000002782500 
0.11950 0.000002657800 
0.12000 0.000002544680 
0.12050 0.000002439560 
0.12100 0.000002334440 
0.12150 0.000002229320 
0.12200 0.000002138280 
0.12250 0.000002049580 
0.12300 0.000001960872 
0.12350 0.000001873796 
0.12400 0.000001798868 
0.12450 0.000001723938 
0.12500 0.000001649010 
0.12550 0.000001578366 
0.12600 0.000001515016 
0.12650 0.000001451668 
0.12700 0.000001388318 
0.12750 0.000001330948 
0.12800 0.000001277342 
0.12850 0.000001223734 
0.12900 0.000001170128 
0.12950 0.000001123488 
0.13000 0.000001078084 
0.13050 0.000001032682 
0.13100 0.000000987810 
0.13150 0.000000949324 
0.13200 0.000000910840 
0.13250 0.000000872354 
0.13300 0.000000835596 
0.13350 0.000000802948 
0.13400 0.000000770300 
0.13450 0.000000737652 
0.13500 0.000000707500 
0.13550 0.000000679784 
0.13600 0.000000652066 
0.13650 0.000000624350 
0.13700 0.000000599588 
0.13750 0.000000576042 
0.13800 0.000000552494 
0.13850 0.000000528948 
0.13900 0.000000508584 
0.13950 0.000000488566 
0.14000 0.000000468548 
0.14050 0.000000448786 
0.14100 0.000000431758 
0.14150 0.000000414730 
0.14200 0.000000397702 
0.14250 0.000000381336 
0.14300 0.000000366840 
0.14350 0.000000352346 
0.14400 0.000000337852 
0.14450 0.000000324274 
0.14500 0.000000311930 
0.14550 0.000000299586 
0.14600 0.000000287242 
0.14650 0.000000275958 
0.14700 0.000000265438 
0.14750 0.000000254920 
0.14800 0.000000244402 
0.14850 0.000000235008 
0.14900 0.000000226042 
0.14950 0.000000217074 
0.15000 0.000000208108 
0.15050 0.000000200274 
0.15100 0.000000192626 
0.15150 0.000000184978 
0.15200 0.000000177331 
0.15250 0.000000170784 
0.15300 0.000000164259 
0.15350 0.000000157733 
0.15400 0.000000151296 
0.15450 0.000000145726 
0.15500 0.000000140157 
0.15550 0.000000134587 
0.15600 0.000000129173 
0.15650 0.000000124417 
0.15700 0.000000119662 
0.15750 0.000000114906 
0.15800 0.000000110343 
0.15850 0.000000106280 
0.15900 0.000000102217 
0.15950 0.000000098155 
0.16000 0.000000094300 
0.16050 0.000000090829 
0.16100 0.000000087359 
0.16150 0.000000083888 
0.16200 0.000000080625 
0.16250 0.000000077659 
0.16300 0.000000074693 
0.16350 0.000000071727 
0.16400 0.000000068959 
0.16450 0.000000066423 
0.16500 0.000000063888 
0.16550 0.000000061353 
0.16600 0.000000058998 
0.16650 0.000000056831 
0.16700 0.000000054664 
0.16750 0.000000052498 
0.16800 0.000000050490 
0.16850 0.000000048637 
0.16900 0.000000046783 
0.16950 0.000000044930 
0.17000 0.000000043214 
0.17050 0.000000041630 
0.17100 0.000000040045 
0.17150 0.000000038461 
0.17200 0.000000036991 
0.17250 0.000000035635 
0.17300 0.000000034280 
0.17350 0.000000032924 
0.17400 0.000000031662 
0.17450 0.000000030502 
0.17500 0.000000029343 
0.17550 0.000000028183 
0.17600 0.000000027097 
0.17650 0.000000026105 
0.17700 0.000000025114 
0.17750 0.000000024123 
0.17800 0.000000023186 
0.17850 0.000000022338 
0.17900 0.000000021490 
0.17950 0.000000020642 
0.18000 0.000000019831 
0.18050 0.000000019106 
0.18100 0.000000018380 
0.18150 0.000000017654 
0.18200 0.000000016952 
0.18250 0.000000016331 
0.18300 0.000000015711 
0.18350 0.000000015090 
0.18400 0.000000014481 
0.18450 0.000000013950 
0.18500 0.000000013420 
0.18550 0.000000012889 
0.18600 0.000000012360 
0.18650 0.000000011906 
0.18700 0.000000011452 
0.18750 0.000000010998 
0.18800 0.000000010544 
0.18850 0.000000010149 
0.18900 0.000000009761 
0.18950 0.000000009373 
0.19000 0.000000008985 
0.19050 0.000000008640 
0.19100 0.000000008308 
0.19150 0.000000007976 
0.19200 0.000000007644 
0.19250 0.000000007342 
0.19300 0.000000007058 
0.19350 0.000000006775 
0.19400 0.000000006491 
0.19450 0.000000006227 
0.19500 0.000000005984 
0.19550 0.000000005742 
0.19600 0.000000005500 
0.19650 0.000000005268 
0.19700 0.000000005061 
0.19750 0.000000004854 
0.19800 0.000000004647 
0.19850 0.000000004445 
0.19900 0.000000004268 
0.19950 0.000000004091 
0.20000 0.000000003915 
0.20050 0.000000003738 
0.20100 0.000000003586 
0.20150 0.000000003435 
0.20200 0.000000003285 
0.20250 0.000000003134 
0.20300 0.000000003001 
0.20350 0.000000002873 
0.20400 0.000000002744 
0.20450 0.000000002616 
0.20500 0.000000002500 
0.20550 0.000000002390 
0.20600 0.000000002280 
0.20650 0.000000002171 
0.20700 0.000000002070 
0.20750 0.000000001976 
0.20800 0.000000001883 
0.20850 0.000000001790 
0.20900 0.000000001702 
0.20950 0.000000001623 
0.21000 0.000000001544 
0.21050 0.000000001465 
0.21100 0.000000001388 
0.21150 0.000000001321 
0.21200 0.000000001254 
0.21250 0.000000001186 
0.21300 0.000000001121 
0.21350 0.000000001064 
0.21400 0.000000001007 
0.21450 0.000000000950 
0.21500 0.000000000894 
0.21550 0.000000000846 
0.21600 0.000000000798 
0.21650 0.000000000750 
0.21700 0.000000000702 
0.21750 0.000000000662 
0.21800 0.000000000622 
0.21850 0.000000000582 
0.21900 0.000000000541 
0.21950 0.000000000508 
0.22000 0.000000000474 
0.22050 0.000000000440 
0.22100 0.000000000407 
0.22150 0.000000000379 
0.22200 0.000000000351 
0.22250 0.000000000323 
0.22300 0.000000000296 
0.22350 0.000000000273 
0.22400 0.000000000250 
0.22450 0.000000000227 
0.22500 0.000000000206 
0.22550 0.000000000187 
0.22600 0.000000000169 
0.22650 0.000000000150 
0.22700 0.000000000134 
0.22750 0.000000000119 
0.22800 0.000000000105 
0.22850 0.000000000090 
0.22900 0.000000000079 
0.22950 0.000000000068 
0.23000 0.000000000057 
0.23050 0.000000000046 
0.23100 0.000000000038 
0.23150 0.000000000031 
0.23200 0.000000000023 
0.23250 0.000000000017 
0.23300 0.000000000013 
0.23350 0.000000000008 
