0.00000 260.004000000000 
0.00050 224.350000000000 
0.00100 188.695000000000 
0.00150 153.040400000000 
0.00200 117.385800000000 
0.00250 94.563800000000 
0.00300 75.570400000000 
0.00350 60.934000000000 
0.00400 50.327200000000 
0.00450 40.558400000000 
0.00500 34.389600000000 
0.00550 28.221000000000 
0.00600 23.981000000000 
0.00650 20.269000000000 
0.00700 17.001940000000 
0.00750 14.702740000000 
0.00800 12.403520000000 
0.00850 10.762680000000 
0.00900 9.302820000000 
0.00950 7.944780000000 
0.01000 6.997680000000 
0.01050 6.050580000000 
0.01100 5.284040000000 
0.01150 4.657880000000 
0.01200 4.031700000000 
0.01250 3.586280000000 
0.01300 3.165300000000 
0.01350 2.765380000000 
0.01400 2.478080000000 
0.01450 2.190800000000 
0.01500 1.938590000000 
0.01550 1.739890000000 
0.01600 1.541190000000 
0.01650 1.378242000000 
0.01700 1.239140000000 
0.01750 1.100038000000 
0.01800 0.992308000000 
0.01850 0.893856000000 
0.01900 0.795402000000 
0.01950 0.722618000000 
0.02000 0.652236000000 
0.02050 0.582444000000 
0.02100 0.531666000000 
0.02150 0.480890000000 
0.02200 0.431786000000 
0.02250 0.394844000000 
0.02300 0.357904000000 
0.02350 0.322822000000 
0.02400 0.295738000000 
0.02450 0.268656000000 
0.02500 0.243236000000 
0.02550 0.223238000000 
0.02600 0.203242000000 
0.02650 0.184582000000 
0.02700 0.169719600000 
0.02750 0.154857200000 
0.02800 0.140996200000 
0.02850 0.129882600000 
0.02900 0.118769000000 
0.02950 0.108359800000 
0.03000 0.100002200000 
0.03050 0.091644600000 
0.03100 0.083749400000 
0.03150 0.077431200000 
0.03200 0.071113000000 
0.03250 0.065070000000 
0.03300 0.060270000000 
0.03350 0.055470000000 
0.03400 0.050806000000 
0.03450 0.047142600000 
0.03500 0.043479000000 
0.03550 0.039851800000 
0.03600 0.037043800000 
0.03650 0.034235800000 
0.03700 0.031427600000 
0.03750 0.029234000000 
0.03800 0.027072800000 
0.03850 0.024911600000 
0.03900 0.023164400000 
0.03950 0.021494800000 
0.04000 0.019825140000 
0.04050 0.018425240000 
0.04100 0.017130740000 
0.04150 0.015836240000 
0.04200 0.014708840000 
0.04250 0.013701740000 
0.04300 0.012694640000 
0.04350 0.011782400000 
0.04400 0.010996360000 
0.04450 0.010210340000 
0.04500 0.009469020000 
0.04550 0.008853640000 
0.04600 0.008238280000 
0.04650 0.007633480000 
0.04700 0.007150320000 
0.04750 0.006667160000 
0.04800 0.006184000000 
0.04850 0.005791580000 
0.04900 0.005411160000 
0.04950 0.005030740000 
0.05000 0.004704120000 
0.05050 0.004403800000 
0.05100 0.004103480000 
0.05150 0.003831020000 
0.05200 0.003593340000 
0.05250 0.003355640000 
0.05300 0.003127940000 
0.05350 0.002939340000 
0.05400 0.002750760000 
0.05450 0.002562180000 
0.05500 0.002410140000 
0.05550 0.002260160000 
0.05600 0.002110180000 
0.05650 0.001980726000 
0.05700 0.001861180000 
0.05750 0.001741634000 
0.05800 0.001631398000 
0.05850 0.001535900000 
0.05900 0.001440400000 
0.05950 0.001346512000 
0.06000 0.001270060000 
0.06050 0.001193606000 
0.06100 0.001117154000 
0.06150 0.001052292000 
0.06200 0.000990960000 
0.06250 0.000929630000 
0.06300 0.000873508000 
0.06350 0.000824208000 
0.06400 0.000774906000 
0.06450 0.000726414000 
0.06500 0.000686706000 
0.06550 0.000646998000 
0.06600 0.000607290000 
0.06650 0.000573102000 
0.06700 0.000541058000 
0.06750 0.000509016000 
0.06800 0.000479062000 
0.06850 0.000453154000 
0.06900 0.000427248000 
0.06950 0.000401342000 
0.07000 0.000380092000 
0.07050 0.000359108000 
0.07100 0.000338124000 
0.07150 0.000319260000 
0.07200 0.000302234000 
0.07250 0.000285208000 
0.07300 0.000268532000 
0.07350 0.000254692000 
0.07400 0.000240852000 
0.07450 0.000227012000 
0.07500 0.000214894000 
0.07550 0.000203624000 
0.07600 0.000192355000 
0.07650 0.000181532800 
0.07700 0.000172340600 
0.07750 0.000163148400 
0.07800 0.000153956200 
0.07850 0.000146018600 
0.07900 0.000138508200 
0.07950 0.000130998000 
0.08000 0.000123845400 
0.08050 0.000117699200 
0.08100 0.000111552800 
0.08150 0.000105406600 
0.08200 0.000100107400 
0.08250 0.000095069400 
0.08300 0.000090031200 
0.08350 0.000085221000 
0.08400 0.000081084600 
0.08450 0.000076948200 
0.08500 0.000072812000 
0.08550 0.000069210200 
0.08600 0.000065809000 
0.08650 0.000062407600 
0.08700 0.000059119600 
0.08750 0.000056318400 
0.08800 0.000053517200 
0.08850 0.000050715800 
0.08900 0.000048227400 
0.08950 0.000045916800 
0.09000 0.000043606200 
0.09050 0.000041325200 
0.09100 0.000039416600 
0.09150 0.000037507800 
0.09200 0.000035599200 
0.09250 0.000033854400 
0.09300 0.000032275400 
0.09350 0.000030696400 
0.09400 0.000029117200 
0.09450 0.000027784400 
0.09500 0.000026476200 
0.09550 0.000025168000 
0.09600 0.000023928600 
0.09650 0.000022843200 
0.09700 0.000021757800 
0.09750 0.000020672400 
0.09800 0.000019715140 
0.09850 0.000018813400 
0.09900 0.000017911680 
0.09950 0.000017021280 
0.10000 0.000016271080 
0.10050 0.000015520860 
0.10100 0.000014770660 
0.10150 0.000014075780 
0.10200 0.000013450800 
0.10250 0.000012825820 
0.10300 0.000012200820 
0.10350 0.000011658620 
0.10400 0.000011137260 
0.10450 0.000010615920 
0.10500 0.000010107060 
0.10550 0.000009671600 
0.10600 0.000009236120 
0.10650 0.000008800660 
0.10700 0.000008399600 
0.10750 0.000008035420 
0.10800 0.000007671240 
0.10850 0.000007307060 
0.10900 0.000006990860 
0.10950 0.000006685920 
0.11000 0.000006380960 
0.11050 0.000006082360 
0.11100 0.000005826700 
0.11150 0.000005571060 
0.11200 0.000005315400 
0.11250 0.000005077740 
0.11300 0.000004863180 
0.11350 0.000004648600 
0.11400 0.000004434020 
0.11450 0.000004244780 
0.11500 0.000004064460 
0.11550 0.000003884160 
0.11600 0.000003704760 
0.11650 0.000003553080 
0.11700 0.000003401400 
0.11750 0.000003249720 
0.11800 0.000003105600 
0.11850 0.000002977860 
0.11900 0.000002850140 
0.11950 0.000002722400 
0.12000 0.000002606520 
0.12050 0.000002498840 
0.12100 0.000002391180 
0.12150 0.000002283500 
0.12200 0.000002190260 
0.12250 0.000002099400 
0.12300 0.000002008540 
0.12350 0.000001919340 
0.12400 0.000001842590 
0.12450 0.000001765840 
0.12500 0.000001689090 
0.12550 0.000001616730 
0.12600 0.000001551840 
0.12650 0.000001486952 
0.12700 0.000001422064 
0.12750 0.000001363298 
0.12800 0.000001308388 
0.12850 0.000001253478 
0.12900 0.000001198570 
0.12950 0.000001150796 
0.13000 0.000001104290 
0.13050 0.000001057782 
0.13100 0.000001011820 
0.13150 0.000000972398 
0.13200 0.000000932978 
0.13250 0.000000893558 
0.13300 0.000000855906 
0.13350 0.000000822464 
0.13400 0.000000789022 
0.13450 0.000000755580 
0.13500 0.000000724698 
0.13550 0.000000696306 
0.13600 0.000000667916 
0.13650 0.000000639526 
0.13700 0.000000614162 
0.13750 0.000000590042 
0.13800 0.000000565924 
0.13850 0.000000541804 
0.13900 0.000000520946 
0.13950 0.000000500440 
0.14000 0.000000479936 
0.14050 0.000000459696 
0.14100 0.000000442254 
0.14150 0.000000424812 
0.14200 0.000000407368 
0.14250 0.000000390604 
0.14300 0.000000375758 
0.14350 0.000000360910 
0.14400 0.000000346064 
0.14450 0.000000332156 
0.14500 0.000000319512 
0.14550 0.000000306868 
0.14600 0.000000294222 
0.14650 0.000000282664 
0.14700 0.000000271890 
0.14750 0.000000261116 
0.14800 0.000000250342 
0.14850 0.000000240720 
0.14900 0.000000231536 
0.14950 0.000000222350 
0.15000 0.000000213166 
0.15050 0.000000205142 
0.15100 0.000000197308 
0.15150 0.000000189475 
0.15200 0.000000181641 
0.15250 0.000000174936 
0.15300 0.000000168251 
0.15350 0.000000161567 
0.15400 0.000000154973 
0.15450 0.000000149268 
0.15500 0.000000143563 
0.15550 0.000000137858 
0.15600 0.000000132313 
0.15650 0.000000127442 
0.15700 0.000000122570 
0.15750 0.000000117699 
0.15800 0.000000113025 
0.15850 0.000000108863 
0.15900 0.000000104702 
0.15950 0.000000100540 
0.16000 0.000000096592 
0.16050 0.000000093037 
0.16100 0.000000089482 
0.16150 0.000000085927 
0.16200 0.000000082585 
0.16250 0.000000079547 
0.16300 0.000000076509 
0.16350 0.000000073471 
0.16400 0.000000070635 
0.16450 0.000000068038 
0.16500 0.000000065441 
0.16550 0.000000062844 
0.16600 0.000000060432 
0.16650 0.000000058213 
0.16700 0.000000055993 
0.16750 0.000000053774 
0.16800 0.000000051717 
0.16850 0.000000049819 
0.16900 0.000000047920 
0.16950 0.000000046022 
0.17000 0.000000044265 
0.17050 0.000000042642 
0.17100 0.000000041019 
0.17150 0.000000039396 
0.17200 0.000000037890 
0.17250 0.000000036501 
0.17300 0.000000035113 
0.17350 0.000000033725 
0.17400 0.000000032431 
0.17450 0.000000031244 
0.17500 0.000000030056 
0.17550 0.000000028868 
0.17600 0.000000027755 
0.17650 0.000000026740 
0.17700 0.000000025725 
0.17750 0.000000024709 
0.17800 0.000000023749 
0.17850 0.000000022881 
0.17900 0.000000022012 
0.17950 0.000000021143 
0.18000 0.000000020313 
0.18050 0.000000019570 
0.18100 0.000000018827 
0.18150 0.000000018084 
0.18200 0.000000017364 
0.18250 0.000000016728 
0.18300 0.000000016093 
0.18350 0.000000015457 
0.18400 0.000000014833 
0.18450 0.000000014289 
0.18500 0.000000013746 
0.18550 0.000000013202 
0.18600 0.000000012660 
0.18650 0.000000012195 
0.18700 0.000000011730 
0.18750 0.000000011265 
0.18800 0.000000010800 
0.18850 0.000000010396 
0.18900 0.000000009998 
0.18950 0.000000009601 
0.19000 0.000000009204 
0.19050 0.000000008850 
0.19100 0.000000008510 
0.19150 0.000000008170 
0.19200 0.000000007830 
0.19250 0.000000007520 
0.19300 0.000000007230 
0.19350 0.000000006939 
0.19400 0.000000006649 
0.19450 0.000000006378 
0.19500 0.000000006130 
0.19550 0.000000005882 
0.19600 0.000000005633 
0.19650 0.000000005396 
0.19700 0.000000005184 
0.19750 0.000000004972 
0.19800 0.000000004760 
0.19850 0.000000004553 
0.19900 0.000000004372 
0.19950 0.000000004191 
0.20000 0.000000004010 
0.20050 0.000000003829 
0.20100 0.000000003674 
0.20150 0.000000003519 
0.20200 0.000000003364 
0.20250 0.000000003210 
0.20300 0.000000003074 
0.20350 0.000000002942 
0.20400 0.000000002811 
0.20450 0.000000002679 
0.20500 0.000000002560 
0.20550 0.000000002448 
0.20600 0.000000002336 
0.20650 0.000000002224 
0.20700 0.000000002120 
0.20750 0.000000002024 
0.20800 0.000000001929 
0.20850 0.000000001834 
0.20900 0.000000001744 
0.20950 0.000000001663 
0.21000 0.000000001581 
0.21050 0.000000001500 
0.21100 0.000000001422 
0.21150 0.000000001353 
0.21200 0.000000001284 
0.21250 0.000000001215 
0.21300 0.000000001148 
0.21350 0.000000001090 
0.21400 0.000000001032 
0.21450 0.000000000973 
0.21500 0.000000000916 
0.21550 0.000000000867 
0.21600 0.000000000817 
0.21650 0.000000000768 
0.21700 0.000000000719 
0.21750 0.000000000678 
0.21800 0.000000000637 
0.21850 0.000000000596 
0.21900 0.000000000555 
0.21950 0.000000000520 
0.22000 0.000000000486 
0.22050 0.000000000451 
0.22100 0.000000000417 
0.22150 0.000000000388 
0.22200 0.000000000360 
0.22250 0.000000000331 
0.22300 0.000000000303 
0.22350 0.000000000280 
0.22400 0.000000000256 
0.22450 0.000000000233 
0.22500 0.000000000211 
0.22550 0.000000000192 
0.22600 0.000000000173 
0.22650 0.000000000154 
0.22700 0.000000000137 
0.22750 0.000000000122 
0.22800 0.000000000107 
0.22850 0.000000000092 
0.22900 0.000000000080 
0.22950 0.000000000069 
0.23000 0.000000000058 
0.23050 0.000000000047 
0.23100 0.000000000039 
0.23150 0.000000000031 
0.23200 0.000000000023 
0.23250 0.000000000018 
0.23300 0.000000000013 
0.23350 0.000000000008 
