0.00000 266.652000000000 
0.00050 230.086000000000 
0.00100 193.519400000000 
0.00150 156.953200000000 
0.00200 120.387000000000 
0.00250 96.981600000000 
0.00300 77.502600000000 
0.00350 62.492000000000 
0.00400 51.614000000000 
0.00450 41.595400000000 
0.00500 35.269000000000 
0.00550 28.942400000000 
0.00600 24.594200000000 
0.00650 20.787200000000 
0.00700 17.436640000000 
0.00750 15.078640000000 
0.00800 12.720640000000 
0.00850 11.037840000000 
0.00900 9.540660000000 
0.00950 8.147920000000 
0.01000 7.176600000000 
0.01050 6.205280000000 
0.01100 5.419140000000 
0.01150 4.776960000000 
0.01200 4.134780000000 
0.01250 3.677960000000 
0.01300 3.246220000000 
0.01350 2.836080000000 
0.01400 2.541440000000 
0.01450 2.246800000000 
0.01500 1.988156000000 
0.01550 1.784374000000 
0.01600 1.580594000000 
0.01650 1.413478000000 
0.01700 1.270820000000 
0.01750 1.128162000000 
0.01800 1.017680000000 
0.01850 0.916708000000 
0.01900 0.815738000000 
0.01950 0.741094000000 
0.02000 0.668912000000 
0.02050 0.597336000000 
0.02100 0.545260000000 
0.02150 0.493184000000 
0.02200 0.442826000000 
0.02250 0.404940000000 
0.02300 0.367054000000 
0.02350 0.331076000000 
0.02400 0.303300000000 
0.02450 0.275524000000 
0.02500 0.249454000000 
0.02550 0.228946000000 
0.02600 0.208438000000 
0.02650 0.189301400000 
0.02700 0.174059000000 
0.02750 0.158816600000 
0.02800 0.144601200000 
0.02850 0.133203400000 
0.02900 0.121805600000 
0.02950 0.111130200000 
0.03000 0.102559000000 
0.03050 0.093987600000 
0.03100 0.085890800000 
0.03150 0.079411000000 
0.03200 0.072931200000 
0.03250 0.066733800000 
0.03300 0.061811000000 
0.03350 0.056888200000 
0.03400 0.052105000000 
0.03450 0.048347800000 
0.03500 0.044590800000 
0.03550 0.040870800000 
0.03600 0.037991000000 
0.03650 0.035111000000 
0.03700 0.032231200000 
0.03750 0.029981400000 
0.03800 0.027765000000 
0.03850 0.025548600000 
0.03900 0.023756600000 
0.03950 0.022044200000 
0.04000 0.020332000000 
0.04050 0.018896320000 
0.04100 0.017568720000 
0.04150 0.016241120000 
0.04200 0.015084900000 
0.04250 0.014052060000 
0.04300 0.013019220000 
0.04350 0.012083640000 
0.04400 0.011277520000 
0.04450 0.010471400000 
0.04500 0.009711100000 
0.04550 0.009080000000 
0.04600 0.008448920000 
0.04650 0.007828660000 
0.04700 0.007333140000 
0.04750 0.006837620000 
0.04800 0.006342100000 
0.04850 0.005939660000 
0.04900 0.005549520000 
0.04950 0.005159360000 
0.05000 0.004824400000 
0.05050 0.004516400000 
0.05100 0.004208400000 
0.05150 0.003928980000 
0.05200 0.003685200000 
0.05250 0.003441440000 
0.05300 0.003207900000 
0.05350 0.003014500000 
0.05400 0.002821100000 
0.05450 0.002627680000 
0.05500 0.002471760000 
0.05550 0.002317940000 
0.05600 0.002164120000 
0.05650 0.002031360000 
0.05700 0.001908766000 
0.05750 0.001786162000 
0.05800 0.001673110000 
0.05850 0.001575168000 
0.05900 0.001477228000 
0.05950 0.001380938000 
0.06000 0.001302532000 
0.06050 0.001224124000 
0.06100 0.001145716000 
0.06150 0.001079196000 
0.06200 0.001016296000 
0.06250 0.000953398000 
0.06300 0.000895840000 
0.06350 0.000845280000 
0.06400 0.000794718000 
0.06450 0.000744986000 
0.06500 0.000704264000 
0.06550 0.000663540000 
0.06600 0.000622818000 
0.06650 0.000587754000 
0.06700 0.000554892000 
0.06750 0.000522030000 
0.06800 0.000491310000 
0.06850 0.000464740000 
0.06900 0.000438172000 
0.06950 0.000411604000 
0.07000 0.000389808000 
0.07050 0.000368290000 
0.07100 0.000346770000 
0.07150 0.000327422000 
0.07200 0.000309960000 
0.07250 0.000292500000 
0.07300 0.000275398000 
0.07350 0.000261204000 
0.07400 0.000247010000 
0.07450 0.000232816000 
0.07500 0.000220388000 
0.07550 0.000208830000 
0.07600 0.000197273000 
0.07650 0.000186174000 
0.07700 0.000176746800 
0.07750 0.000167319600 
0.07800 0.000157892400 
0.07850 0.000149751800 
0.07900 0.000142049600 
0.07950 0.000134347200 
0.08000 0.000127011800 
0.08050 0.000120708400 
0.08100 0.000114405000 
0.08150 0.000108101600 
0.08200 0.000102667000 
0.08250 0.000097500000 
0.08300 0.000092333000 
0.08350 0.000087399800 
0.08400 0.000083157800 
0.08450 0.000078915600 
0.08500 0.000074673600 
0.08550 0.000070979800 
0.08600 0.000067491400 
0.08650 0.000064003200 
0.08700 0.000060631200 
0.08750 0.000057758400 
0.08800 0.000054885400 
0.08850 0.000052012600 
0.08900 0.000049460400 
0.08950 0.000047090800 
0.09000 0.000044721200 
0.09050 0.000042381800 
0.09100 0.000040424400 
0.09150 0.000038466800 
0.09200 0.000036509400 
0.09250 0.000034720000 
0.09300 0.000033100600 
0.09350 0.000031481200 
0.09400 0.000029861800 
0.09450 0.000028494800 
0.09500 0.000027153000 
0.09550 0.000025811400 
0.09600 0.000024540400 
0.09650 0.000023427200 
0.09700 0.000022314200 
0.09750 0.000021201000 
0.09800 0.000020219200 
0.09850 0.000019294420 
0.09900 0.000018369620 
0.09950 0.000017456480 
0.10000 0.000016687080 
0.10050 0.000015917700 
0.10100 0.000015148300 
0.10150 0.000014435660 
0.10200 0.000013794700 
0.10250 0.000013153740 
0.10300 0.000012512760 
0.10350 0.000011956700 
0.10400 0.000011422020 
0.10450 0.000010887340 
0.10500 0.000010365460 
0.10550 0.000009918860 
0.10600 0.000009472280 
0.10650 0.000009025680 
0.10700 0.000008614340 
0.10750 0.000008240860 
0.10800 0.000007867360 
0.10850 0.000007493880 
0.10900 0.000007169600 
0.10950 0.000006856860 
0.11000 0.000006544120 
0.11050 0.000006237860 
0.11100 0.000005975680 
0.11150 0.000005713500 
0.11200 0.000005451300 
0.11250 0.000005207580 
0.11300 0.000004987520 
0.11350 0.000004767460 
0.11400 0.000004547400 
0.11450 0.000004353300 
0.11500 0.000004168380 
0.11550 0.000003983480 
0.11600 0.000003799480 
0.11650 0.000003643920 
0.11700 0.000003488360 
0.11750 0.000003332820 
0.11800 0.000003185000 
0.11850 0.000003054000 
0.11900 0.000002923000 
0.11950 0.000002792000 
0.12000 0.000002673160 
0.12050 0.000002562740 
0.12100 0.000002452300 
0.12150 0.000002341880 
0.12200 0.000002246260 
0.12250 0.000002153080 
0.12300 0.000002059880 
0.12350 0.000001968412 
0.12400 0.000001889700 
0.12450 0.000001810988 
0.12500 0.000001732276 
0.12550 0.000001658064 
0.12600 0.000001591516 
0.12650 0.000001524970 
0.12700 0.000001458422 
0.12750 0.000001398154 
0.12800 0.000001341840 
0.12850 0.000001285526 
0.12900 0.000001229214 
0.12950 0.000001180218 
0.13000 0.000001132522 
0.13050 0.000001084828 
0.13100 0.000001037688 
0.13150 0.000000997260 
0.13200 0.000000956832 
0.13250 0.000000916404 
0.13300 0.000000877788 
0.13350 0.000000843492 
0.13400 0.000000809196 
0.13450 0.000000774898 
0.13500 0.000000743226 
0.13550 0.000000714110 
0.13600 0.000000684992 
0.13650 0.000000655876 
0.13700 0.000000629864 
0.13750 0.000000605128 
0.13800 0.000000580392 
0.13850 0.000000555656 
0.13900 0.000000534264 
0.13950 0.000000513236 
0.14000 0.000000492206 
0.14050 0.000000471448 
0.14100 0.000000453560 
0.14150 0.000000435672 
0.14200 0.000000417784 
0.14250 0.000000400590 
0.14300 0.000000385364 
0.14350 0.000000370138 
0.14400 0.000000354912 
0.14450 0.000000340648 
0.14500 0.000000327680 
0.14550 0.000000314712 
0.14600 0.000000301746 
0.14650 0.000000289892 
0.14700 0.000000278842 
0.14750 0.000000267792 
0.14800 0.000000256742 
0.14850 0.000000246876 
0.14900 0.000000237456 
0.14950 0.000000228036 
0.15000 0.000000218616 
0.15050 0.000000210388 
0.15100 0.000000202352 
0.15150 0.000000194319 
0.15200 0.000000186285 
0.15250 0.000000179408 
0.15300 0.000000172553 
0.15350 0.000000165698 
0.15400 0.000000158936 
0.15450 0.000000153085 
0.15500 0.000000147234 
0.15550 0.000000141383 
0.15600 0.000000135696 
0.15650 0.000000130700 
0.15700 0.000000125704 
0.15750 0.000000120708 
0.15800 0.000000115914 
0.15850 0.000000111647 
0.15900 0.000000107379 
0.15950 0.000000103111 
0.16000 0.000000099061 
0.16050 0.000000095416 
0.16100 0.000000091770 
0.16150 0.000000088124 
0.16200 0.000000084696 
0.16250 0.000000081581 
0.16300 0.000000078465 
0.16350 0.000000075349 
0.16400 0.000000072441 
0.16450 0.000000069777 
0.16500 0.000000067114 
0.16550 0.000000064451 
0.16600 0.000000061977 
0.16650 0.000000059701 
0.16700 0.000000057425 
0.16750 0.000000055148 
0.16800 0.000000053039 
0.16850 0.000000051093 
0.16900 0.000000049146 
0.16950 0.000000047199 
0.17000 0.000000045396 
0.17050 0.000000043732 
0.17100 0.000000042067 
0.17150 0.000000040403 
0.17200 0.000000038859 
0.17250 0.000000037435 
0.17300 0.000000036011 
0.17350 0.000000034587 
0.17400 0.000000033260 
0.17450 0.000000032042 
0.17500 0.000000030824 
0.17550 0.000000029607 
0.17600 0.000000028465 
0.17650 0.000000027424 
0.17700 0.000000026382 
0.17750 0.000000025341 
0.17800 0.000000024356 
0.17850 0.000000023466 
0.17900 0.000000022575 
0.17950 0.000000021684 
0.18000 0.000000020833 
0.18050 0.000000020070 
0.18100 0.000000019308 
0.18150 0.000000018546 
0.18200 0.000000017808 
0.18250 0.000000017156 
0.18300 0.000000016504 
0.18350 0.000000015852 
0.18400 0.000000015212 
0.18450 0.000000014655 
0.18500 0.000000014097 
0.18550 0.000000013540 
0.18600 0.000000012984 
0.18650 0.000000012507 
0.18700 0.000000012030 
0.18750 0.000000011553 
0.18800 0.000000011076 
0.18850 0.000000010661 
0.18900 0.000000010254 
0.18950 0.000000009846 
0.19000 0.000000009439 
0.19050 0.000000009076 
0.19100 0.000000008727 
0.19150 0.000000008379 
0.19200 0.000000008030 
0.19250 0.000000007713 
0.19300 0.000000007415 
0.19350 0.000000007117 
0.19400 0.000000006819 
0.19450 0.000000006541 
0.19500 0.000000006286 
0.19550 0.000000006032 
0.19600 0.000000005777 
0.19650 0.000000005534 
0.19700 0.000000005317 
0.19750 0.000000005099 
0.19800 0.000000004882 
0.19850 0.000000004669 
0.19900 0.000000004483 
0.19950 0.000000004298 
0.20000 0.000000004112 
0.20050 0.000000003927 
0.20100 0.000000003767 
0.20150 0.000000003609 
0.20200 0.000000003450 
0.20250 0.000000003292 
0.20300 0.000000003153 
0.20350 0.000000003018 
0.20400 0.000000002883 
0.20450 0.000000002748 
0.20500 0.000000002626 
0.20550 0.000000002511 
0.20600 0.000000002395 
0.20650 0.000000002280 
0.20700 0.000000002174 
0.20750 0.000000002076 
0.20800 0.000000001978 
0.20850 0.000000001881 
0.20900 0.000000001788 
0.20950 0.000000001705 
0.21000 0.000000001622 
0.21050 0.000000001539 
0.21100 0.000000001458 
0.21150 0.000000001388 
0.21200 0.000000001317 
0.21250 0.000000001246 
0.21300 0.000000001177 
0.21350 0.000000001118 
0.21400 0.000000001058 
0.21450 0.000000000998 
0.21500 0.000000000939 
0.21550 0.000000000889 
0.21600 0.000000000838 
0.21650 0.000000000788 
0.21700 0.000000000738 
0.21750 0.000000000695 
0.21800 0.000000000653 
0.21850 0.000000000611 
0.21900 0.000000000569 
0.21950 0.000000000533 
0.22000 0.000000000498 
0.22050 0.000000000463 
0.22100 0.000000000428 
0.22150 0.000000000398 
0.22200 0.000000000369 
0.22250 0.000000000339 
0.22300 0.000000000311 
0.22350 0.000000000287 
0.22400 0.000000000263 
0.22450 0.000000000239 
0.22500 0.000000000216 
0.22550 0.000000000197 
0.22600 0.000000000177 
0.22650 0.000000000158 
0.22700 0.000000000141 
0.22750 0.000000000125 
0.22800 0.000000000110 
0.22850 0.000000000095 
0.22900 0.000000000082 
0.22950 0.000000000071 
0.23000 0.000000000059 
0.23050 0.000000000049 
0.23100 0.000000000040 
0.23150 0.000000000032 
0.23200 0.000000000024 
0.23250 0.000000000018 
0.23300 0.000000000013 
0.23350 0.000000000009 
