0.00000 275.376000000000 
0.00050 237.614000000000 
0.00100 199.851000000000 
0.00150 162.088400000000 
0.00200 124.326000000000 
0.00250 100.154600000000 
0.00300 80.038200000000 
0.00350 64.536600000000 
0.00400 53.302800000000 
0.00450 42.956400000000 
0.00500 36.422800000000 
0.00550 29.889400000000 
0.00600 25.398800000000 
0.00650 21.467200000000 
0.00700 18.007140000000 
0.00750 15.572000000000 
0.00800 13.136840000000 
0.00850 11.398980000000 
0.00900 9.852820000000 
0.00950 8.414500000000 
0.01000 7.411400000000 
0.01050 6.408320000000 
0.01100 5.596440000000 
0.01150 4.933260000000 
0.01200 4.270060000000 
0.01250 3.798300000000 
0.01300 3.352440000000 
0.01350 2.928860000000 
0.01400 2.624600000000 
0.01450 2.320320000000 
0.01500 2.053200000000 
0.01550 1.842756000000 
0.01600 1.632308000000 
0.01650 1.459726000000 
0.01700 1.312400000000 
0.01750 1.165074000000 
0.01800 1.050976000000 
0.01850 0.946702000000 
0.01900 0.842428000000 
0.01950 0.765340000000 
0.02000 0.690796000000 
0.02050 0.616880000000 
0.02100 0.563100000000 
0.02150 0.509320000000 
0.02200 0.457314000000 
0.02250 0.418188000000 
0.02300 0.379064000000 
0.02350 0.341908000000 
0.02400 0.313224000000 
0.02450 0.284540000000 
0.02500 0.257616000000 
0.02550 0.236438000000 
0.02600 0.215258000000 
0.02650 0.195495000000 
0.02700 0.179753800000 
0.02750 0.164012800000 
0.02800 0.149332200000 
0.02850 0.137561600000 
0.02900 0.125790800000 
0.02950 0.114766200000 
0.03000 0.105914600000 
0.03050 0.097062800000 
0.03100 0.088701000000 
0.03150 0.082009200000 
0.03200 0.075317400000 
0.03250 0.068917200000 
0.03300 0.063833400000 
0.03350 0.058749600000 
0.03400 0.053809800000 
0.03450 0.049929800000 
0.03500 0.046049600000 
0.03550 0.042208000000 
0.03600 0.039234000000 
0.03650 0.036259800000 
0.03700 0.033285800000 
0.03750 0.030962400000 
0.03800 0.028673400000 
0.03850 0.026384600000 
0.03900 0.024533800000 
0.03950 0.022765600000 
0.04000 0.020997200000 
0.04050 0.019514580000 
0.04100 0.018143540000 
0.04150 0.016772500000 
0.04200 0.015578460000 
0.04250 0.014511820000 
0.04300 0.013445180000 
0.04350 0.012479000000 
0.04400 0.011646500000 
0.04450 0.010814000000 
0.04500 0.010028840000 
0.04550 0.009377100000 
0.04600 0.008725340000 
0.04650 0.008084800000 
0.04700 0.007573060000 
0.04750 0.007061340000 
0.04800 0.006549620000 
0.04850 0.006134000000 
0.04900 0.005731080000 
0.04950 0.005328180000 
0.05000 0.004982240000 
0.05050 0.004664160000 
0.05100 0.004346080000 
0.05150 0.004057520000 
0.05200 0.003805780000 
0.05250 0.003554040000 
0.05300 0.003312860000 
0.05350 0.003113120000 
0.05400 0.002913400000 
0.05450 0.002713660000 
0.05500 0.002552620000 
0.05550 0.002393780000 
0.05600 0.002234940000 
0.05650 0.002097840000 
0.05700 0.001971218000 
0.05750 0.001844604000 
0.05800 0.001727850000 
0.05850 0.001626706000 
0.05900 0.001525560000 
0.05950 0.001426120000 
0.06000 0.001345148000 
0.06050 0.001264176000 
0.06100 0.001183202000 
0.06150 0.001114506000 
0.06200 0.001049548000 
0.06250 0.000984590000 
0.06300 0.000925152000 
0.06350 0.000872936000 
0.06400 0.000820720000 
0.06450 0.000769360000 
0.06500 0.000727306000 
0.06550 0.000685250000 
0.06600 0.000643194000 
0.06650 0.000606984000 
0.06700 0.000573046000 
0.06750 0.000539110000 
0.06800 0.000507384000 
0.06850 0.000479946000 
0.06900 0.000452508000 
0.06950 0.000425072000 
0.07000 0.000402562000 
0.07050 0.000380340000 
0.07100 0.000358116000 
0.07150 0.000338136000 
0.07200 0.000320102000 
0.07250 0.000302070000 
0.07300 0.000284408000 
0.07350 0.000269750000 
0.07400 0.000255092000 
0.07450 0.000240434000 
0.07500 0.000227600000 
0.07550 0.000215664000 
0.07600 0.000203728000 
0.07650 0.000192265400 
0.07700 0.000182529800 
0.07750 0.000172794000 
0.07800 0.000163058400 
0.07850 0.000154651600 
0.07900 0.000146697200 
0.07950 0.000138742800 
0.08000 0.000131167400 
0.08050 0.000124657800 
0.08100 0.000118148200 
0.08150 0.000111638400 
0.08200 0.000106026000 
0.08250 0.000100690000 
0.08300 0.000095354000 
0.08350 0.000090259400 
0.08400 0.000085878600 
0.08450 0.000081497600 
0.08500 0.000077116600 
0.08550 0.000073302200 
0.08600 0.000069699600 
0.08650 0.000066097200 
0.08700 0.000062615000 
0.08750 0.000059648000 
0.08800 0.000056681200 
0.08850 0.000053714200 
0.08900 0.000051078800 
0.08950 0.000048631600 
0.09000 0.000046184400 
0.09050 0.000043768400 
0.09100 0.000041747000 
0.09150 0.000039725400 
0.09200 0.000037703800 
0.09250 0.000035856000 
0.09300 0.000034183600 
0.09350 0.000032511200 
0.09400 0.000030838800 
0.09450 0.000029427000 
0.09500 0.000028041400 
0.09550 0.000026656000 
0.09600 0.000025343200 
0.09650 0.000024193800 
0.09700 0.000023044200 
0.09750 0.000021894600 
0.09800 0.000020880800 
0.09850 0.000019925700 
0.09900 0.000018970640 
0.09950 0.000018027620 
0.10000 0.000017233060 
0.10050 0.000016438500 
0.10100 0.000015643920 
0.10150 0.000014907980 
0.10200 0.000014246040 
0.10250 0.000013584100 
0.10300 0.000012922160 
0.10350 0.000012347900 
0.10400 0.000011795720 
0.10450 0.000011243540 
0.10500 0.000010704600 
0.10550 0.000010243400 
0.10600 0.000009782180 
0.10650 0.000009320980 
0.10700 0.000008896200 
0.10750 0.000008510480 
0.10800 0.000008124780 
0.10850 0.000007739060 
0.10900 0.000007404160 
0.10950 0.000007081200 
0.11000 0.000006758220 
0.11050 0.000006441960 
0.11100 0.000006171200 
0.11150 0.000005900420 
0.11200 0.000005629660 
0.11250 0.000005377960 
0.11300 0.000005150700 
0.11350 0.000004923440 
0.11400 0.000004696180 
0.11450 0.000004495740 
0.11500 0.000004304760 
0.11550 0.000004113800 
0.11600 0.000003923780 
0.11650 0.000003763140 
0.11700 0.000003602500 
0.11750 0.000003441860 
0.11800 0.000003289200 
0.11850 0.000003153920 
0.11900 0.000003018640 
0.11950 0.000002883360 
0.12000 0.000002760620 
0.12050 0.000002646580 
0.12100 0.000002532540 
0.12150 0.000002418500 
0.12200 0.000002319760 
0.12250 0.000002223520 
0.12300 0.000002127280 
0.12350 0.000002032820 
0.12400 0.000001951528 
0.12450 0.000001870240 
0.12500 0.000001788954 
0.12550 0.000001712314 
0.12600 0.000001643588 
0.12650 0.000001574864 
0.12700 0.000001506138 
0.12750 0.000001443900 
0.12800 0.000001385744 
0.12850 0.000001327588 
0.12900 0.000001269430 
0.12950 0.000001218832 
0.13000 0.000001169576 
0.13050 0.000001120322 
0.13100 0.000001071640 
0.13150 0.000001029888 
0.13200 0.000000988138 
0.13250 0.000000946386 
0.13300 0.000000906508 
0.13350 0.000000871090 
0.13400 0.000000835670 
0.13450 0.000000800252 
0.13500 0.000000767544 
0.13550 0.000000737474 
0.13600 0.000000707404 
0.13650 0.000000677336 
0.13700 0.000000650472 
0.13750 0.000000624928 
0.13800 0.000000599382 
0.13850 0.000000573838 
0.13900 0.000000551744 
0.13950 0.000000530028 
0.14000 0.000000508310 
0.14050 0.000000486874 
0.14100 0.000000468400 
0.14150 0.000000449926 
0.14200 0.000000431454 
0.14250 0.000000413698 
0.14300 0.000000397974 
0.14350 0.000000382248 
0.14400 0.000000366524 
0.14450 0.000000351794 
0.14500 0.000000338402 
0.14550 0.000000325010 
0.14600 0.000000311618 
0.14650 0.000000299376 
0.14700 0.000000287966 
0.14750 0.000000276554 
0.14800 0.000000265142 
0.14850 0.000000254952 
0.14900 0.000000245224 
0.14950 0.000000235496 
0.15000 0.000000225768 
0.15050 0.000000217270 
0.15100 0.000000208974 
0.15150 0.000000200676 
0.15200 0.000000192380 
0.15250 0.000000185278 
0.15300 0.000000178199 
0.15350 0.000000171119 
0.15400 0.000000164136 
0.15450 0.000000158093 
0.15500 0.000000152051 
0.15550 0.000000146009 
0.15600 0.000000140136 
0.15650 0.000000134976 
0.15700 0.000000129817 
0.15750 0.000000124658 
0.15800 0.000000119707 
0.15850 0.000000115299 
0.15900 0.000000110892 
0.15950 0.000000106485 
0.16000 0.000000102303 
0.16050 0.000000098538 
0.16100 0.000000094772 
0.16150 0.000000091007 
0.16200 0.000000087467 
0.16250 0.000000084250 
0.16300 0.000000081032 
0.16350 0.000000077815 
0.16400 0.000000074811 
0.16450 0.000000072060 
0.16500 0.000000069310 
0.16550 0.000000066560 
0.16600 0.000000064005 
0.16650 0.000000061654 
0.16700 0.000000059304 
0.16750 0.000000056953 
0.16800 0.000000054775 
0.16850 0.000000052764 
0.16900 0.000000050754 
0.16950 0.000000048743 
0.17000 0.000000046882 
0.17050 0.000000045163 
0.17100 0.000000043444 
0.17150 0.000000041725 
0.17200 0.000000040130 
0.17250 0.000000038660 
0.17300 0.000000037189 
0.17350 0.000000035718 
0.17400 0.000000034349 
0.17450 0.000000033091 
0.17500 0.000000031833 
0.17550 0.000000030575 
0.17600 0.000000029396 
0.17650 0.000000028321 
0.17700 0.000000027245 
0.17750 0.000000026170 
0.17800 0.000000025153 
0.17850 0.000000024233 
0.17900 0.000000023313 
0.17950 0.000000022393 
0.18000 0.000000021514 
0.18050 0.000000020727 
0.18100 0.000000019940 
0.18150 0.000000019153 
0.18200 0.000000018391 
0.18250 0.000000017717 
0.18300 0.000000017044 
0.18350 0.000000016371 
0.18400 0.000000015710 
0.18450 0.000000015134 
0.18500 0.000000014559 
0.18550 0.000000013983 
0.18600 0.000000013409 
0.18650 0.000000012916 
0.18700 0.000000012424 
0.18750 0.000000011931 
0.18800 0.000000011439 
0.18850 0.000000011010 
0.18900 0.000000010589 
0.18950 0.000000010169 
0.19000 0.000000009748 
0.19050 0.000000009373 
0.19100 0.000000009013 
0.19150 0.000000008653 
0.19200 0.000000008293 
0.19250 0.000000007965 
0.19300 0.000000007657 
0.19350 0.000000007350 
0.19400 0.000000007042 
0.19450 0.000000006755 
0.19500 0.000000006492 
0.19550 0.000000006229 
0.19600 0.000000005966 
0.19650 0.000000005715 
0.19700 0.000000005491 
0.19750 0.000000005266 
0.19800 0.000000005042 
0.19850 0.000000004822 
0.19900 0.000000004630 
0.19950 0.000000004438 
0.20000 0.000000004247 
0.20050 0.000000004055 
0.20100 0.000000003891 
0.20150 0.000000003727 
0.20200 0.000000003563 
0.20250 0.000000003400 
0.20300 0.000000003256 
0.20350 0.000000003116 
0.20400 0.000000002977 
0.20450 0.000000002838 
0.20500 0.000000002712 
0.20550 0.000000002593 
0.20600 0.000000002474 
0.20650 0.000000002355 
0.20700 0.000000002245 
0.20750 0.000000002144 
0.20800 0.000000002043 
0.20850 0.000000001942 
0.20900 0.000000001847 
0.20950 0.000000001761 
0.21000 0.000000001675 
0.21050 0.000000001589 
0.21100 0.000000001506 
0.21150 0.000000001433 
0.21200 0.000000001360 
0.21250 0.000000001287 
0.21300 0.000000001216 
0.21350 0.000000001154 
0.21400 0.000000001093 
0.21450 0.000000001031 
0.21500 0.000000000970 
0.21550 0.000000000918 
0.21600 0.000000000866 
0.21650 0.000000000814 
0.21700 0.000000000762 
0.21750 0.000000000718 
0.21800 0.000000000674 
0.21850 0.000000000631 
0.21900 0.000000000587 
0.21950 0.000000000551 
0.22000 0.000000000514 
0.22050 0.000000000478 
0.22100 0.000000000442 
0.22150 0.000000000411 
0.22200 0.000000000381 
0.22250 0.000000000351 
0.22300 0.000000000321 
0.22350 0.000000000296 
0.22400 0.000000000271 
0.22450 0.000000000247 
0.22500 0.000000000223 
0.22550 0.000000000203 
0.22600 0.000000000183 
0.22650 0.000000000163 
0.22700 0.000000000145 
0.22750 0.000000000129 
0.22800 0.000000000114 
0.22850 0.000000000098 
0.22900 0.000000000085 
0.22950 0.000000000073 
0.23000 0.000000000061 
0.23050 0.000000000050 
0.23100 0.000000000042 
0.23150 0.000000000033 
0.23200 0.000000000025 
0.23250 0.000000000019 
0.23300 0.000000000014 
0.23350 0.000000000009 
