0.00000 284.370000000000 
0.00050 245.374000000000 
0.00100 206.378000000000 
0.00150 167.382400000000 
0.00200 128.386400000000 
0.00250 103.425800000000 
0.00300 82.652400000000 
0.00350 66.644400000000 
0.00400 55.043600000000 
0.00450 44.359400000000 
0.00500 37.612400000000 
0.00550 30.865600000000 
0.00600 26.228400000000 
0.00650 22.168400000000 
0.00700 18.595260000000 
0.00750 16.080580000000 
0.00800 13.565900000000 
0.00850 11.771280000000 
0.00900 10.174620000000 
0.00950 8.689320000000 
0.01000 7.653460000000 
0.01050 6.617620000000 
0.01100 5.779220000000 
0.01150 5.094380000000 
0.01200 4.409520000000 
0.01250 3.922360000000 
0.01300 3.461920000000 
0.01350 3.024520000000 
0.01400 2.710320000000 
0.01450 2.396100000000 
0.01500 2.120260000000 
0.01550 1.902942000000 
0.01600 1.685620000000 
0.01650 1.507400000000 
0.01700 1.355264000000 
0.01750 1.203126000000 
0.01800 1.085302000000 
0.01850 0.977622000000 
0.01900 0.869942000000 
0.01950 0.790338000000 
0.02000 0.713358000000 
0.02050 0.637028000000 
0.02100 0.581492000000 
0.02150 0.525954000000 
0.02200 0.472250000000 
0.02250 0.431846000000 
0.02300 0.391444000000 
0.02350 0.353074000000 
0.02400 0.323454000000 
0.02450 0.293832000000 
0.02500 0.266030000000 
0.02550 0.244160000000 
0.02600 0.222288000000 
0.02650 0.201880000000 
0.02700 0.185624600000 
0.02750 0.169369400000 
0.02800 0.154209400000 
0.02850 0.142054400000 
0.02900 0.129899200000 
0.02950 0.118514600000 
0.03000 0.109373800000 
0.03050 0.100233000000 
0.03100 0.091598000000 
0.03150 0.084687600000 
0.03200 0.077777200000 
0.03250 0.071168000000 
0.03300 0.065918200000 
0.03350 0.060668200000 
0.03400 0.055567200000 
0.03450 0.051560400000 
0.03500 0.047553600000 
0.03550 0.043586600000 
0.03600 0.040515200000 
0.03650 0.037444000000 
0.03700 0.034372800000 
0.03750 0.031973600000 
0.03800 0.029610000000 
0.03850 0.027246200000 
0.03900 0.025335200000 
0.03950 0.023509000000 
0.04000 0.021683000000 
0.04050 0.020152000000 
0.04100 0.018736120000 
0.04150 0.017320300000 
0.04200 0.016087260000 
0.04250 0.014985780000 
0.04300 0.013884300000 
0.04350 0.012886560000 
0.04400 0.012026880000 
0.04450 0.011167180000 
0.04500 0.010356380000 
0.04550 0.009683360000 
0.04600 0.009010320000 
0.04650 0.008348840000 
0.04700 0.007820400000 
0.04750 0.007291960000 
0.04800 0.006763520000 
0.04850 0.006334340000 
0.04900 0.005918260000 
0.04950 0.005502200000 
0.05000 0.005144960000 
0.05050 0.004816500000 
0.05100 0.004488040000 
0.05150 0.004190040000 
0.05200 0.003930080000 
0.05250 0.003670120000 
0.05300 0.003421060000 
0.05350 0.003214800000 
0.05400 0.003008540000 
0.05450 0.002802280000 
0.05500 0.002636000000 
0.05550 0.002471960000 
0.05600 0.002307940000 
0.05650 0.002166340000 
0.05700 0.002035600000 
0.05750 0.001904848000 
0.05800 0.001784282000 
0.05850 0.001679834000 
0.05900 0.001575386000 
0.05950 0.001472698000 
0.06000 0.001389080000 
0.06050 0.001305464000 
0.06100 0.001221846000 
0.06150 0.001150906000 
0.06200 0.001083826000 
0.06250 0.001016748000 
0.06300 0.000955368000 
0.06350 0.000901446000 
0.06400 0.000847526000 
0.06450 0.000794488000 
0.06500 0.000751060000 
0.06550 0.000707630000 
0.06600 0.000664202000 
0.06650 0.000626808000 
0.06700 0.000591762000 
0.06750 0.000556716000 
0.06800 0.000523956000 
0.06850 0.000495622000 
0.06900 0.000467288000 
0.06950 0.000438954000 
0.07000 0.000415710000 
0.07050 0.000392762000 
0.07100 0.000369812000 
0.07150 0.000349178000 
0.07200 0.000330556000 
0.07250 0.000311934000 
0.07300 0.000293698000 
0.07350 0.000278560000 
0.07400 0.000263422000 
0.07450 0.000248286000 
0.07500 0.000235032000 
0.07550 0.000222708000 
0.07600 0.000210382000 
0.07650 0.000198544800 
0.07700 0.000188491200 
0.07750 0.000178437600 
0.07800 0.000168384000 
0.07850 0.000159702600 
0.07900 0.000151488400 
0.07950 0.000143274200 
0.08000 0.000135451400 
0.08050 0.000128729200 
0.08100 0.000122006800 
0.08150 0.000115284600 
0.08200 0.000109488800 
0.08250 0.000103978600 
0.08300 0.000098468400 
0.08350 0.000093207400 
0.08400 0.000088683400 
0.08450 0.000084159400 
0.08500 0.000079635400 
0.08550 0.000075696200 
0.08600 0.000071976200 
0.08650 0.000068256000 
0.08700 0.000064660000 
0.08750 0.000061596200 
0.08800 0.000058532400 
0.08850 0.000055468600 
0.08900 0.000052747000 
0.08950 0.000050219800 
0.09000 0.000047692800 
0.09050 0.000045198000 
0.09100 0.000043110400 
0.09150 0.000041022800 
0.09200 0.000038935400 
0.09250 0.000037027000 
0.09300 0.000035300000 
0.09350 0.000033573000 
0.09400 0.000031846000 
0.09450 0.000030388200 
0.09500 0.000028957400 
0.09550 0.000027526600 
0.09600 0.000026171000 
0.09650 0.000024984000 
0.09700 0.000023796800 
0.09750 0.000022609800 
0.09800 0.000021562800 
0.09850 0.000020576400 
0.09900 0.000019590240 
0.09950 0.000018616420 
0.10000 0.000017795900 
0.10050 0.000016975380 
0.10100 0.000016154860 
0.10150 0.000015394880 
0.10200 0.000014711320 
0.10250 0.000014027760 
0.10300 0.000013344220 
0.10350 0.000012751180 
0.10400 0.000012180980 
0.10450 0.000011610760 
0.10500 0.000011054220 
0.10550 0.000010577940 
0.10600 0.000010101680 
0.10650 0.000009625400 
0.10700 0.000009186740 
0.10750 0.000008788440 
0.10800 0.000008390120 
0.10850 0.000007991820 
0.10900 0.000007646000 
0.10950 0.000007312480 
0.11000 0.000006978940 
0.11050 0.000006652360 
0.11100 0.000006372740 
0.11150 0.000006093140 
0.11200 0.000005813540 
0.11250 0.000005553600 
0.11300 0.000005318920 
0.11350 0.000005084240 
0.11400 0.000004849560 
0.11450 0.000004642560 
0.11500 0.000004445360 
0.11550 0.000004248160 
0.11600 0.000004051940 
0.11650 0.000003886040 
0.11700 0.000003720160 
0.11750 0.000003554260 
0.11800 0.000003396640 
0.11850 0.000003256940 
0.11900 0.000003117220 
0.11950 0.000002977520 
0.12000 0.000002850800 
0.12050 0.000002733020 
0.12100 0.000002615260 
0.12150 0.000002497500 
0.12200 0.000002395520 
0.12250 0.000002296140 
0.12300 0.000002196760 
0.12350 0.000002099200 
0.12400 0.000002015260 
0.12450 0.000001931324 
0.12500 0.000001847382 
0.12550 0.000001768238 
0.12600 0.000001697270 
0.12650 0.000001626300 
0.12700 0.000001555330 
0.12750 0.000001491058 
0.12800 0.000001431002 
0.12850 0.000001370946 
0.12900 0.000001310892 
0.12950 0.000001258640 
0.13000 0.000001207776 
0.13050 0.000001156912 
0.13100 0.000001106640 
0.13150 0.000001063526 
0.13200 0.000001020410 
0.13250 0.000000977296 
0.13300 0.000000936116 
0.13350 0.000000899540 
0.13400 0.000000862964 
0.13450 0.000000826388 
0.13500 0.000000792612 
0.13550 0.000000761560 
0.13600 0.000000730508 
0.13650 0.000000699458 
0.13700 0.000000671716 
0.13750 0.000000645338 
0.13800 0.000000618958 
0.13850 0.000000592578 
0.13900 0.000000569764 
0.13950 0.000000547338 
0.14000 0.000000524912 
0.14050 0.000000502774 
0.14100 0.000000483698 
0.14150 0.000000464622 
0.14200 0.000000445544 
0.14250 0.000000427208 
0.14300 0.000000410970 
0.14350 0.000000394734 
0.14400 0.000000378496 
0.14450 0.000000363284 
0.14500 0.000000349454 
0.14550 0.000000335624 
0.14600 0.000000321796 
0.14650 0.000000309154 
0.14700 0.000000297370 
0.14750 0.000000285586 
0.14800 0.000000273802 
0.14850 0.000000263280 
0.14900 0.000000253234 
0.14950 0.000000243188 
0.15000 0.000000233142 
0.15050 0.000000224366 
0.15100 0.000000215798 
0.15150 0.000000207230 
0.15200 0.000000198663 
0.15250 0.000000191329 
0.15300 0.000000184019 
0.15350 0.000000176708 
0.15400 0.000000169496 
0.15450 0.000000163257 
0.15500 0.000000157017 
0.15550 0.000000150778 
0.15600 0.000000144712 
0.15650 0.000000139385 
0.15700 0.000000134057 
0.15750 0.000000128729 
0.15800 0.000000123617 
0.15850 0.000000119065 
0.15900 0.000000114514 
0.15950 0.000000109962 
0.16000 0.000000105644 
0.16050 0.000000101756 
0.16100 0.000000097868 
0.16150 0.000000093980 
0.16200 0.000000090324 
0.16250 0.000000087001 
0.16300 0.000000083679 
0.16350 0.000000080356 
0.16400 0.000000077254 
0.16450 0.000000074414 
0.16500 0.000000071574 
0.16550 0.000000068734 
0.16600 0.000000066096 
0.16650 0.000000063668 
0.16700 0.000000061240 
0.16750 0.000000058813 
0.16800 0.000000056564 
0.16850 0.000000054487 
0.16900 0.000000052411 
0.16950 0.000000050335 
0.17000 0.000000048413 
0.17050 0.000000046638 
0.17100 0.000000044863 
0.17150 0.000000043088 
0.17200 0.000000041441 
0.17250 0.000000039922 
0.17300 0.000000038404 
0.17350 0.000000036885 
0.17400 0.000000035470 
0.17450 0.000000034172 
0.17500 0.000000032873 
0.17550 0.000000031574 
0.17600 0.000000030356 
0.17650 0.000000029246 
0.17700 0.000000028135 
0.17750 0.000000027025 
0.17800 0.000000025975 
0.17850 0.000000025025 
0.17900 0.000000024075 
0.17950 0.000000023125 
0.18000 0.000000022217 
0.18050 0.000000021404 
0.18100 0.000000020591 
0.18150 0.000000019778 
0.18200 0.000000018992 
0.18250 0.000000018296 
0.18300 0.000000017601 
0.18350 0.000000016905 
0.18400 0.000000016223 
0.18450 0.000000015628 
0.18500 0.000000015034 
0.18550 0.000000014440 
0.18600 0.000000013847 
0.18650 0.000000013338 
0.18700 0.000000012829 
0.18750 0.000000012321 
0.18800 0.000000011812 
0.18850 0.000000011370 
0.18900 0.000000010935 
0.18950 0.000000010501 
0.19000 0.000000010066 
0.19050 0.000000009679 
0.19100 0.000000009307 
0.19150 0.000000008936 
0.19200 0.000000008564 
0.19250 0.000000008225 
0.19300 0.000000007907 
0.19350 0.000000007590 
0.19400 0.000000007272 
0.19450 0.000000006976 
0.19500 0.000000006704 
0.19550 0.000000006433 
0.19600 0.000000006161 
0.19650 0.000000005902 
0.19700 0.000000005670 
0.19750 0.000000005438 
0.19800 0.000000005206 
0.19850 0.000000004979 
0.19900 0.000000004781 
0.19950 0.000000004583 
0.20000 0.000000004385 
0.20050 0.000000004188 
0.20100 0.000000004018 
0.20150 0.000000003849 
0.20200 0.000000003680 
0.20250 0.000000003511 
0.20300 0.000000003362 
0.20350 0.000000003218 
0.20400 0.000000003074 
0.20450 0.000000002930 
0.20500 0.000000002800 
0.20550 0.000000002677 
0.20600 0.000000002555 
0.20650 0.000000002432 
0.20700 0.000000002318 
0.20750 0.000000002214 
0.20800 0.000000002110 
0.20850 0.000000002006 
0.20900 0.000000001907 
0.20950 0.000000001818 
0.21000 0.000000001730 
0.21050 0.000000001641 
0.21100 0.000000001555 
0.21150 0.000000001480 
0.21200 0.000000001405 
0.21250 0.000000001329 
0.21300 0.000000001255 
0.21350 0.000000001192 
0.21400 0.000000001128 
0.21450 0.000000001065 
0.21500 0.000000001002 
0.21550 0.000000000948 
0.21600 0.000000000894 
0.21650 0.000000000840 
0.21700 0.000000000787 
0.21750 0.000000000742 
0.21800 0.000000000697 
0.21850 0.000000000652 
0.21900 0.000000000607 
0.21950 0.000000000569 
0.22000 0.000000000531 
0.22050 0.000000000493 
0.22100 0.000000000456 
0.22150 0.000000000425 
0.22200 0.000000000393 
0.22250 0.000000000362 
0.22300 0.000000000331 
0.22350 0.000000000306 
0.22400 0.000000000280 
0.22450 0.000000000255 
0.22500 0.000000000230 
0.22550 0.000000000210 
0.22600 0.000000000189 
0.22650 0.000000000168 
0.22700 0.000000000150 
0.22750 0.000000000134 
0.22800 0.000000000117 
0.22850 0.000000000101 
0.22900 0.000000000088 
0.22950 0.000000000076 
0.23000 0.000000000063 
0.23050 0.000000000052 
0.23100 0.000000000043 
0.23150 0.000000000034 
0.23200 0.000000000026 
0.23250 0.000000000019 
0.23300 0.000000000014 
0.23350 0.000000000009 
