0.00000 293.640000000000 
0.00050 253.374000000000 
0.00100 213.106000000000 
0.00150 172.839000000000 
0.00200 132.571800000000 
0.00250 106.797400000000 
0.00300 85.346800000000 
0.00350 68.817000000000 
0.00400 56.838000000000 
0.00450 45.805400000000 
0.00500 38.838600000000 
0.00550 31.871800000000 
0.00600 27.083400000000 
0.00650 22.891000000000 
0.00700 19.201440000000 
0.00750 16.604800000000 
0.00800 14.008140000000 
0.00850 12.155020000000 
0.00900 10.506300000000 
0.00950 8.972580000000 
0.01000 7.902960000000 
0.01050 6.833340000000 
0.01100 5.967620000000 
0.01150 5.260440000000 
0.01200 4.553280000000 
0.01250 4.050220000000 
0.01300 3.574780000000 
0.01350 3.123120000000 
0.01400 2.798660000000 
0.01450 2.474200000000 
0.01500 2.189380000000 
0.01550 1.964976000000 
0.01600 1.740570000000 
0.01650 1.556542000000 
0.01700 1.399444000000 
0.01750 1.242348000000 
0.01800 1.120682000000 
0.01850 1.009492000000 
0.01900 0.898302000000 
0.01950 0.816102000000 
0.02000 0.736614000000 
0.02050 0.657794000000 
0.02100 0.600448000000 
0.02150 0.543100000000 
0.02200 0.487644000000 
0.02250 0.445924000000 
0.02300 0.404204000000 
0.02350 0.364584000000 
0.02400 0.333998000000 
0.02450 0.303412000000 
0.02500 0.274702000000 
0.02550 0.252118000000 
0.02600 0.229534000000 
0.02650 0.208462000000 
0.02700 0.191676000000 
0.02750 0.174890800000 
0.02800 0.159236600000 
0.02850 0.146685200000 
0.02900 0.134133800000 
0.02950 0.122378000000 
0.03000 0.112939200000 
0.03050 0.103500400000 
0.03100 0.094584000000 
0.03150 0.087448400000 
0.03200 0.080312800000 
0.03250 0.073488000000 
0.03300 0.068067000000 
0.03350 0.062646000000 
0.03400 0.057378600000 
0.03450 0.053241200000 
0.03500 0.049103800000 
0.03550 0.045007400000 
0.03600 0.041836000000 
0.03650 0.038664800000 
0.03700 0.035493400000 
0.03750 0.033015800000 
0.03800 0.030575200000 
0.03850 0.028134400000 
0.03900 0.026161000000 
0.03950 0.024275400000 
0.04000 0.022389800000 
0.04050 0.020808800000 
0.04100 0.019346900000 
0.04150 0.017884940000 
0.04200 0.016611680000 
0.04250 0.015474300000 
0.04300 0.014336920000 
0.04350 0.013306660000 
0.04400 0.012418940000 
0.04450 0.011531240000 
0.04500 0.010694000000 
0.04550 0.009999020000 
0.04600 0.009304040000 
0.04650 0.008621020000 
0.04700 0.008075340000 
0.04750 0.007529680000 
0.04800 0.006984000000 
0.04850 0.006540820000 
0.04900 0.006111200000 
0.04950 0.005681560000 
0.05000 0.005312680000 
0.05050 0.004973500000 
0.05100 0.004634340000 
0.05150 0.004326640000 
0.05200 0.004058200000 
0.05250 0.003789760000 
0.05300 0.003532580000 
0.05350 0.003319600000 
0.05400 0.003106620000 
0.05450 0.002893640000 
0.05500 0.002721920000 
0.05550 0.002552540000 
0.05600 0.002383160000 
0.05650 0.002236960000 
0.05700 0.002101960000 
0.05750 0.001966946000 
0.05800 0.001842450000 
0.05850 0.001734596000 
0.05900 0.001626742000 
0.05950 0.001520706000 
0.06000 0.001434364000 
0.06050 0.001348020000 
0.06100 0.001261678000 
0.06150 0.001188424000 
0.06200 0.001119158000 
0.06250 0.001049894000 
0.06300 0.000986512000 
0.06350 0.000930832000 
0.06400 0.000875154000 
0.06450 0.000820388000 
0.06500 0.000775544000 
0.06550 0.000730698000 
0.06600 0.000685854000 
0.06650 0.000647242000 
0.06700 0.000611054000 
0.06750 0.000574866000 
0.06800 0.000541036000 
0.06850 0.000511778000 
0.06900 0.000482522000 
0.06950 0.000453264000 
0.07000 0.000429262000 
0.07050 0.000405564000 
0.07100 0.000381868000 
0.07150 0.000360562000 
0.07200 0.000341332000 
0.07250 0.000322104000 
0.07300 0.000303272000 
0.07350 0.000287640000 
0.07400 0.000272010000 
0.07450 0.000256380000 
0.07500 0.000242694000 
0.07550 0.000229968000 
0.07600 0.000217240000 
0.07650 0.000205018000 
0.07700 0.000194636000 
0.07750 0.000184254600 
0.07800 0.000173873200 
0.07850 0.000164908800 
0.07900 0.000156426800 
0.07950 0.000147945000 
0.08000 0.000139867000 
0.08050 0.000132925600 
0.08100 0.000125984200 
0.08150 0.000119042800 
0.08200 0.000113058200 
0.08250 0.000107368200 
0.08300 0.000101678400 
0.08350 0.000096245800 
0.08400 0.000091574400 
0.08450 0.000086902800 
0.08500 0.000082231400 
0.08550 0.000078163800 
0.08600 0.000074322400 
0.08650 0.000070481200 
0.08700 0.000066767800 
0.08750 0.000063604200 
0.08800 0.000060440600 
0.08850 0.000057276800 
0.08900 0.000054466600 
0.08950 0.000051857000 
0.09000 0.000049247600 
0.09050 0.000046671400 
0.09100 0.000044515800 
0.09150 0.000042360200 
0.09200 0.000040204600 
0.09250 0.000038234000 
0.09300 0.000036450800 
0.09350 0.000034667400 
0.09400 0.000032884200 
0.09450 0.000031378800 
0.09500 0.000029901400 
0.09550 0.000028423800 
0.09600 0.000027024200 
0.09650 0.000025798400 
0.09700 0.000024572600 
0.09750 0.000023346800 
0.09800 0.000022265600 
0.09850 0.000021247200 
0.09900 0.000020228800 
0.09950 0.000019223300 
0.10000 0.000018376020 
0.10050 0.000017528760 
0.10100 0.000016681500 
0.10150 0.000015896740 
0.10200 0.000015190900 
0.10250 0.000014485060 
0.10300 0.000013779220 
0.10350 0.000013166860 
0.10400 0.000012578060 
0.10450 0.000011989260 
0.10500 0.000011414580 
0.10550 0.000010922780 
0.10600 0.000010430980 
0.10650 0.000009939180 
0.10700 0.000009486240 
0.10750 0.000009074940 
0.10800 0.000008663640 
0.10850 0.000008252340 
0.10900 0.000007895240 
0.10950 0.000007550860 
0.11000 0.000007206460 
0.11050 0.000006869220 
0.11100 0.000006580500 
0.11150 0.000006291780 
0.11200 0.000006003040 
0.11250 0.000005734640 
0.11300 0.000005492320 
0.11350 0.000005249980 
0.11400 0.000005007640 
0.11450 0.000004793920 
0.11500 0.000004590280 
0.11550 0.000004386640 
0.11600 0.000004184020 
0.11650 0.000004012720 
0.11700 0.000003841440 
0.11750 0.000003670140 
0.11800 0.000003507360 
0.11850 0.000003363100 
0.11900 0.000003218840 
0.11950 0.000003074600 
0.12000 0.000002943720 
0.12050 0.000002822120 
0.12100 0.000002700520 
0.12150 0.000002578900 
0.12200 0.000002473600 
0.12250 0.000002371000 
0.12300 0.000002268380 
0.12350 0.000002167640 
0.12400 0.000002080960 
0.12450 0.000001994284 
0.12500 0.000001907604 
0.12550 0.000001825882 
0.12600 0.000001752598 
0.12650 0.000001679316 
0.12700 0.000001606032 
0.12750 0.000001539664 
0.12800 0.000001477652 
0.12850 0.000001415638 
0.12900 0.000001353626 
0.12950 0.000001299672 
0.13000 0.000001247148 
0.13050 0.000001194626 
0.13100 0.000001142716 
0.13150 0.000001098196 
0.13200 0.000001053676 
0.13250 0.000001009156 
0.13300 0.000000966632 
0.13350 0.000000928864 
0.13400 0.000000891096 
0.13450 0.000000853328 
0.13500 0.000000818450 
0.13550 0.000000786386 
0.13600 0.000000754322 
0.13650 0.000000722260 
0.13700 0.000000693614 
0.13750 0.000000666376 
0.13800 0.000000639136 
0.13850 0.000000611896 
0.13900 0.000000588338 
0.13950 0.000000565182 
0.14000 0.000000542024 
0.14050 0.000000519164 
0.14100 0.000000499466 
0.14150 0.000000479768 
0.14200 0.000000460070 
0.14250 0.000000441136 
0.14300 0.000000424368 
0.14350 0.000000407602 
0.14400 0.000000390834 
0.14450 0.000000375126 
0.14500 0.000000360846 
0.14550 0.000000346566 
0.14600 0.000000332286 
0.14650 0.000000319232 
0.14700 0.000000307064 
0.14750 0.000000294896 
0.14800 0.000000282728 
0.14850 0.000000271862 
0.14900 0.000000261488 
0.14950 0.000000251116 
0.15000 0.000000240742 
0.15050 0.000000231680 
0.15100 0.000000222834 
0.15150 0.000000213986 
0.15200 0.000000205140 
0.15250 0.000000197567 
0.15300 0.000000190017 
0.15350 0.000000182468 
0.15400 0.000000175022 
0.15450 0.000000168579 
0.15500 0.000000162136 
0.15550 0.000000155693 
0.15600 0.000000149430 
0.15650 0.000000143928 
0.15700 0.000000138427 
0.15750 0.000000132925 
0.15800 0.000000127646 
0.15850 0.000000122947 
0.15900 0.000000118247 
0.15950 0.000000113547 
0.16000 0.000000109088 
0.16050 0.000000105073 
0.16100 0.000000101058 
0.16150 0.000000097043 
0.16200 0.000000093269 
0.16250 0.000000089838 
0.16300 0.000000086407 
0.16350 0.000000082976 
0.16400 0.000000079773 
0.16450 0.000000076840 
0.16500 0.000000073907 
0.16550 0.000000070974 
0.16600 0.000000068250 
0.16650 0.000000065744 
0.16700 0.000000063237 
0.16750 0.000000060730 
0.16800 0.000000058408 
0.16850 0.000000056264 
0.16900 0.000000054120 
0.16950 0.000000051976 
0.17000 0.000000049991 
0.17050 0.000000048158 
0.17100 0.000000046325 
0.17150 0.000000044492 
0.17200 0.000000042792 
0.17250 0.000000041224 
0.17300 0.000000039655 
0.17350 0.000000038087 
0.17400 0.000000036627 
0.17450 0.000000035286 
0.17500 0.000000033944 
0.17550 0.000000032603 
0.17600 0.000000031346 
0.17650 0.000000030199 
0.17700 0.000000029052 
0.17750 0.000000027906 
0.17800 0.000000026821 
0.17850 0.000000025841 
0.17900 0.000000024860 
0.17950 0.000000023879 
0.18000 0.000000022941 
0.18050 0.000000022102 
0.18100 0.000000021262 
0.18150 0.000000020423 
0.18200 0.000000019611 
0.18250 0.000000018893 
0.18300 0.000000018175 
0.18350 0.000000017457 
0.18400 0.000000016752 
0.18450 0.000000016138 
0.18500 0.000000015524 
0.18550 0.000000014910 
0.18600 0.000000014298 
0.18650 0.000000013773 
0.18700 0.000000013248 
0.18750 0.000000012723 
0.18800 0.000000012197 
0.18850 0.000000011740 
0.18900 0.000000011292 
0.18950 0.000000010843 
0.19000 0.000000010394 
0.19050 0.000000009995 
0.19100 0.000000009611 
0.19150 0.000000009227 
0.19200 0.000000008843 
0.19250 0.000000008493 
0.19300 0.000000008165 
0.19350 0.000000007837 
0.19400 0.000000007509 
0.19450 0.000000007203 
0.19500 0.000000006923 
0.19550 0.000000006642 
0.19600 0.000000006362 
0.19650 0.000000006094 
0.19700 0.000000005855 
0.19750 0.000000005615 
0.19800 0.000000005376 
0.19850 0.000000005142 
0.19900 0.000000004937 
0.19950 0.000000004733 
0.20000 0.000000004528 
0.20050 0.000000004324 
0.20100 0.000000004149 
0.20150 0.000000003974 
0.20200 0.000000003800 
0.20250 0.000000003625 
0.20300 0.000000003472 
0.20350 0.000000003323 
0.20400 0.000000003174 
0.20450 0.000000003026 
0.20500 0.000000002892 
0.20550 0.000000002765 
0.20600 0.000000002638 
0.20650 0.000000002511 
0.20700 0.000000002394 
0.20750 0.000000002286 
0.20800 0.000000002179 
0.20850 0.000000002071 
0.20900 0.000000001969 
0.20950 0.000000001878 
0.21000 0.000000001786 
0.21050 0.000000001694 
0.21100 0.000000001606 
0.21150 0.000000001528 
0.21200 0.000000001450 
0.21250 0.000000001373 
0.21300 0.000000001296 
0.21350 0.000000001231 
0.21400 0.000000001165 
0.21450 0.000000001099 
0.21500 0.000000001034 
0.21550 0.000000000979 
0.21600 0.000000000923 
0.21650 0.000000000868 
0.21700 0.000000000812 
0.21750 0.000000000766 
0.21800 0.000000000719 
0.21850 0.000000000673 
0.21900 0.000000000626 
0.21950 0.000000000587 
0.22000 0.000000000548 
0.22050 0.000000000510 
0.22100 0.000000000471 
0.22150 0.000000000439 
0.22200 0.000000000406 
0.22250 0.000000000374 
0.22300 0.000000000342 
0.22350 0.000000000316 
0.22400 0.000000000289 
0.22450 0.000000000263 
0.22500 0.000000000238 
0.22550 0.000000000217 
0.22600 0.000000000195 
0.22650 0.000000000174 
0.22700 0.000000000155 
0.22750 0.000000000138 
0.22800 0.000000000121 
0.22850 0.000000000104 
0.22900 0.000000000091 
0.22950 0.000000000078 
0.23000 0.000000000065 
0.23050 0.000000000053 
0.23100 0.000000000044 
0.23150 0.000000000035 
0.23200 0.000000000026 
0.23250 0.000000000020 
0.23300 0.000000000015 
0.23350 0.000000000009 
