0.00000 303.196000000000 
0.00050 261.618000000000 
0.00100 220.040000000000 
0.00150 178.463200000000 
0.00200 136.885800000000 
0.00250 110.272600000000 
0.00300 88.124000000000 
0.00350 71.056400000000 
0.00400 58.687600000000 
0.00450 47.296000000000 
0.00500 40.102400000000 
0.00550 32.909000000000 
0.00600 27.964800000000 
0.00650 23.636000000000 
0.00700 19.826280000000 
0.00750 17.145120000000 
0.00800 14.463980000000 
0.00850 12.550540000000 
0.00900 10.848180000000 
0.00950 9.264560000000 
0.01000 8.160140000000 
0.01050 7.055700000000 
0.01100 6.161820000000 
0.01150 5.431620000000 
0.01200 4.701440000000 
0.01250 4.182020000000 
0.01300 3.691100000000 
0.01350 3.224760000000 
0.01400 2.889740000000 
0.01450 2.554720000000 
0.01500 2.260620000000 
0.01550 2.028920000000 
0.01600 1.797210000000 
0.01650 1.607192000000 
0.01700 1.444984000000 
0.01750 1.282774000000 
0.01800 1.157150000000 
0.01850 1.042342000000 
0.01900 0.927532000000 
0.01950 0.842658000000 
0.02000 0.760584000000 
0.02050 0.679198000000 
0.02100 0.619986000000 
0.02150 0.560774000000 
0.02200 0.503514000000 
0.02250 0.460436000000 
0.02300 0.417358000000 
0.02350 0.376448000000 
0.02400 0.344866000000 
0.02450 0.313284000000 
0.02500 0.283642000000 
0.02550 0.260322000000 
0.02600 0.237004000000 
0.02650 0.215244000000 
0.02700 0.197913200000 
0.02750 0.180581800000 
0.02800 0.164418400000 
0.02850 0.151458400000 
0.02900 0.138498600000 
0.02950 0.126360400000 
0.03000 0.116614400000 
0.03050 0.106868400000 
0.03100 0.097661800000 
0.03150 0.090294000000 
0.03200 0.082926200000 
0.03250 0.075879400000 
0.03300 0.070282000000 
0.03350 0.064684600000 
0.03400 0.059245800000 
0.03450 0.054973800000 
0.03500 0.050701800000 
0.03550 0.046472000000 
0.03600 0.043197400000 
0.03650 0.039923000000 
0.03700 0.036648400000 
0.03750 0.034090200000 
0.03800 0.031570200000 
0.03850 0.029050000000 
0.03900 0.027012400000 
0.03950 0.025065400000 
0.04000 0.023118400000 
0.04050 0.021486000000 
0.04100 0.019976460000 
0.04150 0.018466920000 
0.04200 0.017152240000 
0.04250 0.015977860000 
0.04300 0.014803460000 
0.04350 0.013739660000 
0.04400 0.012823060000 
0.04450 0.011906460000 
0.04500 0.011041980000 
0.04550 0.010324400000 
0.04600 0.009606820000 
0.04650 0.008901560000 
0.04700 0.008338120000 
0.04750 0.007774700000 
0.04800 0.007211280000 
0.04850 0.006753680000 
0.04900 0.006310060000 
0.04950 0.005866440000 
0.05000 0.005485560000 
0.05050 0.005135360000 
0.05100 0.004785140000 
0.05150 0.004467440000 
0.05200 0.004190260000 
0.05250 0.003913080000 
0.05300 0.003647540000 
0.05350 0.003427620000 
0.05400 0.003207720000 
0.05450 0.002987800000 
0.05500 0.002810500000 
0.05550 0.002635600000 
0.05600 0.002460720000 
0.05650 0.002309760000 
0.05700 0.002170360000 
0.05750 0.002030960000 
0.05800 0.001902404000 
0.05850 0.001791040000 
0.05900 0.001679678000 
0.05950 0.001570192000 
0.06000 0.001481040000 
0.06050 0.001391886000 
0.06100 0.001302734000 
0.06150 0.001227098000 
0.06200 0.001155578000 
0.06250 0.001084058000 
0.06300 0.001018614000 
0.06350 0.000961124000 
0.06400 0.000903632000 
0.06450 0.000847084000 
0.06500 0.000800780000 
0.06550 0.000754476000 
0.06600 0.000708172000 
0.06650 0.000668304000 
0.06700 0.000630938000 
0.06750 0.000593572000 
0.06800 0.000558642000 
0.06850 0.000528432000 
0.06900 0.000498222000 
0.06950 0.000468014000 
0.07000 0.000443232000 
0.07050 0.000418762000 
0.07100 0.000394294000 
0.07150 0.000372294000 
0.07200 0.000352440000 
0.07250 0.000332586000 
0.07300 0.000313140000 
0.07350 0.000297002000 
0.07400 0.000280862000 
0.07450 0.000264722000 
0.07500 0.000250592000 
0.07550 0.000237450000 
0.07600 0.000224308000 
0.07650 0.000211688000 
0.07700 0.000200970000 
0.07750 0.000190250400 
0.07800 0.000179531200 
0.07850 0.000170275000 
0.07900 0.000161517000 
0.07950 0.000152759200 
0.08000 0.000144418400 
0.08050 0.000137251200 
0.08100 0.000130083800 
0.08150 0.000122916600 
0.08200 0.000116737200 
0.08250 0.000110862000 
0.08300 0.000104987000 
0.08350 0.000099377800 
0.08400 0.000094554200 
0.08450 0.000089730800 
0.08500 0.000084907200 
0.08550 0.000080707400 
0.08600 0.000076741000 
0.08650 0.000072774600 
0.08700 0.000068940600 
0.08750 0.000065674000 
0.08800 0.000062407400 
0.08850 0.000059140600 
0.08900 0.000056239000 
0.08950 0.000053544600 
0.09000 0.000050850200 
0.09050 0.000048190200 
0.09100 0.000045964400 
0.09150 0.000043738600 
0.09200 0.000041512800 
0.09250 0.000039478200 
0.09300 0.000037636800 
0.09350 0.000035795600 
0.09400 0.000033954200 
0.09450 0.000032399800 
0.09500 0.000030874400 
0.09550 0.000029348800 
0.09600 0.000027903600 
0.09650 0.000026637800 
0.09700 0.000025372200 
0.09750 0.000024106600 
0.09800 0.000022990200 
0.09850 0.000021938600 
0.09900 0.000020887200 
0.09950 0.000019848840 
0.10000 0.000018974000 
0.10050 0.000018099160 
0.10100 0.000017224340 
0.10150 0.000016414040 
0.10200 0.000015685220 
0.10250 0.000014956420 
0.10300 0.000014227620 
0.10350 0.000013595320 
0.10400 0.000012987360 
0.10450 0.000012379420 
0.10500 0.000011786020 
0.10550 0.000011278220 
0.10600 0.000010770420 
0.10650 0.000010262620 
0.10700 0.000009794920 
0.10750 0.000009370240 
0.10800 0.000008945560 
0.10850 0.000008520880 
0.10900 0.000008152160 
0.10950 0.000007796560 
0.11000 0.000007440960 
0.11050 0.000007092740 
0.11100 0.000006794640 
0.11150 0.000006496520 
0.11200 0.000006198400 
0.11250 0.000005921260 
0.11300 0.000005671040 
0.11350 0.000005420820 
0.11400 0.000005170600 
0.11450 0.000004949900 
0.11500 0.000004739660 
0.11550 0.000004529400 
0.11600 0.000004320180 
0.11650 0.000004143300 
0.11700 0.000003966440 
0.11750 0.000003789560 
0.11800 0.000003621500 
0.11850 0.000003472540 
0.11900 0.000003323600 
0.11950 0.000003174640 
0.12000 0.000003039520 
0.12050 0.000002913960 
0.12100 0.000002788400 
0.12150 0.000002662820 
0.12200 0.000002554100 
0.12250 0.000002448140 
0.12300 0.000002342180 
0.12350 0.000002238180 
0.12400 0.000002148680 
0.12450 0.000002059180 
0.12500 0.000001969680 
0.12550 0.000001885298 
0.12600 0.000001809630 
0.12650 0.000001733962 
0.12700 0.000001658294 
0.12750 0.000001589766 
0.12800 0.000001525736 
0.12850 0.000001461704 
0.12900 0.000001397674 
0.12950 0.000001341964 
0.13000 0.000001287732 
0.13050 0.000001233500 
0.13100 0.000001179902 
0.13150 0.000001133932 
0.13200 0.000001087964 
0.13250 0.000001041994 
0.13300 0.000000998088 
0.13350 0.000000959090 
0.13400 0.000000920094 
0.13450 0.000000881096 
0.13500 0.000000845084 
0.13550 0.000000811976 
0.13600 0.000000778870 
0.13650 0.000000745762 
0.13700 0.000000716186 
0.13750 0.000000688060 
0.13800 0.000000659934 
0.13850 0.000000631808 
0.13900 0.000000607484 
0.13950 0.000000583574 
0.14000 0.000000559662 
0.14050 0.000000536060 
0.14100 0.000000515720 
0.14150 0.000000495380 
0.14200 0.000000475040 
0.14250 0.000000455490 
0.14300 0.000000438178 
0.14350 0.000000420864 
0.14400 0.000000403552 
0.14450 0.000000387334 
0.14500 0.000000372588 
0.14550 0.000000357844 
0.14600 0.000000343098 
0.14650 0.000000329620 
0.14700 0.000000317056 
0.14750 0.000000304492 
0.14800 0.000000291928 
0.14850 0.000000280708 
0.14900 0.000000269998 
0.14950 0.000000259288 
0.15000 0.000000248576 
0.15050 0.000000239220 
0.15100 0.000000230084 
0.15150 0.000000220950 
0.15200 0.000000211814 
0.15250 0.000000203996 
0.15300 0.000000196201 
0.15350 0.000000188406 
0.15400 0.000000180717 
0.15450 0.000000174065 
0.15500 0.000000167412 
0.15550 0.000000160759 
0.15600 0.000000154293 
0.15650 0.000000148612 
0.15700 0.000000142931 
0.15750 0.000000137251 
0.15800 0.000000131800 
0.15850 0.000000126947 
0.15900 0.000000122095 
0.15950 0.000000117242 
0.16000 0.000000112638 
0.16050 0.000000108492 
0.16100 0.000000104347 
0.16150 0.000000100201 
0.16200 0.000000096304 
0.16250 0.000000092761 
0.16300 0.000000089218 
0.16350 0.000000085676 
0.16400 0.000000082368 
0.16450 0.000000079340 
0.16500 0.000000076312 
0.16550 0.000000073284 
0.16600 0.000000070471 
0.16650 0.000000067883 
0.16700 0.000000065295 
0.16750 0.000000062706 
0.16800 0.000000060308 
0.16850 0.000000058095 
0.16900 0.000000055881 
0.16950 0.000000053667 
0.17000 0.000000051618 
0.17050 0.000000049725 
0.17100 0.000000047833 
0.17150 0.000000045940 
0.17200 0.000000044184 
0.17250 0.000000042565 
0.17300 0.000000040946 
0.17350 0.000000039327 
0.17400 0.000000037819 
0.17450 0.000000036434 
0.17500 0.000000035049 
0.17550 0.000000033664 
0.17600 0.000000032366 
0.17650 0.000000031182 
0.17700 0.000000029998 
0.17750 0.000000028814 
0.17800 0.000000027694 
0.17850 0.000000026681 
0.17900 0.000000025669 
0.17950 0.000000024656 
0.18000 0.000000023688 
0.18050 0.000000022821 
0.18100 0.000000021954 
0.18150 0.000000021088 
0.18200 0.000000020249 
0.18250 0.000000019507 
0.18300 0.000000018766 
0.18350 0.000000018025 
0.18400 0.000000017297 
0.18450 0.000000016663 
0.18500 0.000000016029 
0.18550 0.000000015396 
0.18600 0.000000014763 
0.18650 0.000000014221 
0.18700 0.000000013679 
0.18750 0.000000013137 
0.18800 0.000000012594 
0.18850 0.000000012122 
0.18900 0.000000011659 
0.18950 0.000000011196 
0.19000 0.000000010732 
0.19050 0.000000010320 
0.19100 0.000000009923 
0.19150 0.000000009527 
0.19200 0.000000009131 
0.19250 0.000000008770 
0.19300 0.000000008431 
0.19350 0.000000008092 
0.19400 0.000000007753 
0.19450 0.000000007437 
0.19500 0.000000007148 
0.19550 0.000000006859 
0.19600 0.000000006569 
0.19650 0.000000006293 
0.19700 0.000000006045 
0.19750 0.000000005798 
0.19800 0.000000005551 
0.19850 0.000000005309 
0.19900 0.000000005098 
0.19950 0.000000004887 
0.20000 0.000000004676 
0.20050 0.000000004465 
0.20100 0.000000004284 
0.20150 0.000000004104 
0.20200 0.000000003923 
0.20250 0.000000003743 
0.20300 0.000000003585 
0.20350 0.000000003431 
0.20400 0.000000003278 
0.20450 0.000000003124 
0.20500 0.000000002986 
0.20550 0.000000002855 
0.20600 0.000000002724 
0.20650 0.000000002593 
0.20700 0.000000002472 
0.20750 0.000000002361 
0.20800 0.000000002250 
0.20850 0.000000002138 
0.20900 0.000000002033 
0.20950 0.000000001939 
0.21000 0.000000001844 
0.21050 0.000000001750 
0.21100 0.000000001658 
0.21150 0.000000001578 
0.21200 0.000000001498 
0.21250 0.000000001417 
0.21300 0.000000001339 
0.21350 0.000000001271 
0.21400 0.000000001203 
0.21450 0.000000001135 
0.21500 0.000000001068 
0.21550 0.000000001010 
0.21600 0.000000000953 
0.21650 0.000000000896 
0.21700 0.000000000839 
0.21750 0.000000000791 
0.21800 0.000000000743 
0.21850 0.000000000695 
0.21900 0.000000000647 
0.21950 0.000000000606 
0.22000 0.000000000566 
0.22050 0.000000000526 
0.22100 0.000000000486 
0.22150 0.000000000453 
0.22200 0.000000000419 
0.22250 0.000000000386 
0.22300 0.000000000353 
0.22350 0.000000000326 
0.22400 0.000000000299 
0.22450 0.000000000272 
0.22500 0.000000000246 
0.22550 0.000000000224 
0.22600 0.000000000202 
0.22650 0.000000000179 
0.22700 0.000000000160 
0.22750 0.000000000142 
0.22800 0.000000000125 
0.22850 0.000000000108 
0.22900 0.000000000094 
0.22950 0.000000000081 
0.23000 0.000000000067 
0.23050 0.000000000055 
0.23100 0.000000000046 
0.23150 0.000000000037 
0.23200 0.000000000027 
0.23250 0.000000000021 
0.23300 0.000000000015 
0.23350 0.000000000010 
