0.00000 139.165000000000 
0.00050 120.081200000000 
0.00100 100.997400000000 
0.00150 81.913600000000 
0.00200 62.829800000000 
0.00250 50.614600000000 
0.00300 40.448400000000 
0.00350 32.614400000000 
0.00400 26.937200000000 
0.00450 21.708600000000 
0.00500 18.406800000000 
0.00550 15.105000000000 
0.00600 12.835640000000 
0.00650 10.848780000000 
0.00700 9.100140000000 
0.00750 7.869520000000 
0.00800 6.638880000000 
0.00850 5.760620000000 
0.00900 4.979260000000 
0.00950 4.252380000000 
0.01000 3.745460000000 
0.01050 3.238520000000 
0.01100 2.828240000000 
0.01150 2.493080000000 
0.01200 2.157940000000 
0.01250 1.919526000000 
0.01300 1.694198000000 
0.01350 1.480142000000 
0.01400 1.326372000000 
0.01450 1.172604000000 
0.01500 1.037614000000 
0.01550 0.931262000000 
0.01600 0.824910000000 
0.01650 0.737692000000 
0.01700 0.663240000000 
0.01750 0.588786000000 
0.01800 0.531124000000 
0.01850 0.478428000000 
0.01900 0.425732000000 
0.01950 0.386776000000 
0.02000 0.349104000000 
0.02050 0.311748000000 
0.02100 0.284570000000 
0.02150 0.257392000000 
0.02200 0.231110000000 
0.02250 0.211338000000 
0.02300 0.191564800000 
0.02350 0.172787600000 
0.02400 0.158291800000 
0.02450 0.143795800000 
0.02500 0.130190000000 
0.02550 0.119486800000 
0.02600 0.108783400000 
0.02650 0.098796000000 
0.02700 0.090841000000 
0.02750 0.082886000000 
0.02800 0.075467000000 
0.02850 0.069518600000 
0.02900 0.063570000000 
0.02950 0.057998600000 
0.03000 0.053525400000 
0.03050 0.049052000000 
0.03100 0.044826200000 
0.03150 0.041444400000 
0.03200 0.038062600000 
0.03250 0.034828200000 
0.03300 0.032259000000 
0.03350 0.029689800000 
0.03400 0.027193400000 
0.03450 0.025232600000 
0.03500 0.023271800000 
0.03550 0.021330400000 
0.03600 0.019827380000 
0.03650 0.018324400000 
0.03700 0.016821400000 
0.03750 0.015647220000 
0.03800 0.014490500000 
0.03850 0.013333780000 
0.03900 0.012398520000 
0.03950 0.011504880000 
0.04000 0.010611240000 
0.04050 0.009861960000 
0.04100 0.009169080000 
0.04150 0.008476220000 
0.04200 0.007872780000 
0.04250 0.007333740000 
0.04300 0.006794700000 
0.04350 0.006306420000 
0.04400 0.005885720000 
0.04450 0.005465000000 
0.04500 0.005068200000 
0.04550 0.004738840000 
0.04600 0.004409480000 
0.04650 0.004085760000 
0.04700 0.003827160000 
0.04750 0.003568540000 
0.04800 0.003309940000 
0.04850 0.003099900000 
0.04900 0.002896280000 
0.04950 0.002692660000 
0.05000 0.002517840000 
0.05050 0.002357100000 
0.05100 0.002196360000 
0.05150 0.002050520000 
0.05200 0.001923302000 
0.05250 0.001796080000 
0.05300 0.001674200000 
0.05350 0.001573262000 
0.05400 0.001472322000 
0.05450 0.001371384000 
0.05500 0.001290004000 
0.05550 0.001209730000 
0.05600 0.001129456000 
0.05650 0.001060168000 
0.05700 0.000996182000 
0.05750 0.000932196000 
0.05800 0.000873192000 
0.05850 0.000822078000 
0.05900 0.000770962000 
0.05950 0.000720710000 
0.06000 0.000679788000 
0.06050 0.000638868000 
0.06100 0.000597948000 
0.06150 0.000563230000 
0.06200 0.000530404000 
0.06250 0.000497576000 
0.06300 0.000467538000 
0.06350 0.000441150000 
0.06400 0.000414762000 
0.06450 0.000388806000 
0.06500 0.000367554000 
0.06550 0.000346300000 
0.06600 0.000325048000 
0.06650 0.000306748000 
0.06700 0.000289596000 
0.06750 0.000272446000 
0.06800 0.000256414000 
0.06850 0.000242548000 
0.06900 0.000228682000 
0.06950 0.000214816000 
0.07000 0.000203440000 
0.07050 0.000192209600 
0.07100 0.000180978400 
0.07150 0.000170881200 
0.07200 0.000161768000 
0.07250 0.000152654800 
0.07300 0.000143729600 
0.07350 0.000136321800 
0.07400 0.000128914000 
0.07450 0.000121506200 
0.07500 0.000115020400 
0.07550 0.000108988400 
0.07600 0.000102956400 
0.07650 0.000097164000 
0.07700 0.000092243800 
0.07750 0.000087323800 
0.07800 0.000082403800 
0.07850 0.000078155200 
0.07900 0.000074135400 
0.07950 0.000070115600 
0.08000 0.000066287200 
0.08050 0.000062997400 
0.08100 0.000059707800 
0.08150 0.000056418000 
0.08200 0.000053581600 
0.08250 0.000050885000 
0.08300 0.000048188400 
0.08350 0.000045613800 
0.08400 0.000043399800 
0.08450 0.000041186000 
0.08500 0.000038972000 
0.08550 0.000037044200 
0.08600 0.000035223600 
0.08650 0.000033403200 
0.08700 0.000031643400 
0.08750 0.000030144000 
0.08800 0.000028644600 
0.08850 0.000027145200 
0.08900 0.000025813400 
0.08950 0.000024576600 
0.09000 0.000023340000 
0.09050 0.000022119000 
0.09100 0.000021097400 
0.09150 0.000020075800 
0.09200 0.000019054160 
0.09250 0.000018120260 
0.09300 0.000017275100 
0.09350 0.000016429940 
0.09400 0.000015584780 
0.09450 0.000014871340 
0.09500 0.000014171140 
0.09550 0.000013470940 
0.09600 0.000012807560 
0.09650 0.000012226620 
0.09700 0.000011645700 
0.09750 0.000011064760 
0.09800 0.000010552360 
0.09850 0.000010069720 
0.09900 0.000009587080 
0.09950 0.000009110500 
0.10000 0.000008708960 
0.10050 0.000008307420 
0.10100 0.000007905860 
0.10150 0.000007533940 
0.10200 0.000007199420 
0.10250 0.000006864920 
0.10300 0.000006530400 
0.10350 0.000006240180 
0.10400 0.000005961120 
0.10450 0.000005682080 
0.10500 0.000005409720 
0.10550 0.000005176640 
0.10600 0.000004943560 
0.10650 0.000004710480 
0.10700 0.000004495820 
0.10750 0.000004300880 
0.10800 0.000004105960 
0.10850 0.000003911040 
0.10900 0.000003741800 
0.10950 0.000003578580 
0.11000 0.000003415360 
0.11050 0.000003255540 
0.11100 0.000003118700 
0.11150 0.000002981860 
0.11200 0.000002845020 
0.11250 0.000002717820 
0.11300 0.000002602980 
0.11350 0.000002488120 
0.11400 0.000002373280 
0.11450 0.000002271980 
0.11500 0.000002175480 
0.11550 0.000002078960 
0.11600 0.000001982938 
0.11650 0.000001901754 
0.11700 0.000001820570 
0.11750 0.000001739388 
0.11800 0.000001662244 
0.11850 0.000001593878 
0.11900 0.000001525510 
0.11950 0.000001457144 
0.12000 0.000001395120 
0.12050 0.000001337488 
0.12100 0.000001279856 
0.12150 0.000001222222 
0.12200 0.000001172318 
0.12250 0.000001123684 
0.12300 0.000001075050 
0.12350 0.000001027312 
0.12400 0.000000986232 
0.12450 0.000000945152 
0.12500 0.000000904072 
0.12550 0.000000865340 
0.12600 0.000000830610 
0.12650 0.000000795878 
0.12700 0.000000761148 
0.12750 0.000000729694 
0.12800 0.000000700304 
0.12850 0.000000670914 
0.12900 0.000000641524 
0.12950 0.000000615954 
0.13000 0.000000591062 
0.13050 0.000000566170 
0.13100 0.000000541568 
0.13150 0.000000520468 
0.13200 0.000000499368 
0.13250 0.000000478270 
0.13300 0.000000458116 
0.13350 0.000000440216 
0.13400 0.000000422318 
0.13450 0.000000404418 
0.13500 0.000000387888 
0.13550 0.000000372692 
0.13600 0.000000357496 
0.13650 0.000000342300 
0.13700 0.000000328724 
0.13750 0.000000315816 
0.13800 0.000000302906 
0.13850 0.000000289996 
0.13900 0.000000278832 
0.13950 0.000000267856 
0.14000 0.000000256882 
0.14050 0.000000246048 
0.14100 0.000000236712 
0.14150 0.000000227376 
0.14200 0.000000218040 
0.14250 0.000000209068 
0.14300 0.000000201122 
0.14350 0.000000193175 
0.14400 0.000000185228 
0.14450 0.000000177784 
0.14500 0.000000171016 
0.14550 0.000000164248 
0.14600 0.000000157480 
0.14650 0.000000151294 
0.14700 0.000000145527 
0.14750 0.000000139760 
0.14800 0.000000133993 
0.14850 0.000000128844 
0.14900 0.000000123928 
0.14950 0.000000119011 
0.15000 0.000000114095 
0.15050 0.000000109801 
0.15100 0.000000105608 
0.15150 0.000000101415 
0.15200 0.000000097222 
0.15250 0.000000093633 
0.15300 0.000000090055 
0.15350 0.000000086477 
0.15400 0.000000082948 
0.15450 0.000000079895 
0.15500 0.000000076841 
0.15550 0.000000073788 
0.15600 0.000000070819 
0.15650 0.000000068212 
0.15700 0.000000065605 
0.15750 0.000000062997 
0.15800 0.000000060496 
0.15850 0.000000058268 
0.15900 0.000000056041 
0.15950 0.000000053813 
0.16000 0.000000051700 
0.16050 0.000000049797 
0.16100 0.000000047895 
0.16150 0.000000045992 
0.16200 0.000000044203 
0.16250 0.000000042577 
0.16300 0.000000040951 
0.16350 0.000000039325 
0.16400 0.000000037807 
0.16450 0.000000036417 
0.16500 0.000000035027 
0.16550 0.000000033637 
0.16600 0.000000032346 
0.16650 0.000000031158 
0.16700 0.000000029970 
0.16750 0.000000028782 
0.16800 0.000000027681 
0.16850 0.000000026665 
0.16900 0.000000025649 
0.16950 0.000000024633 
0.17000 0.000000023692 
0.17050 0.000000022824 
0.17100 0.000000021955 
0.17150 0.000000021086 
0.17200 0.000000020280 
0.17250 0.000000019537 
0.17300 0.000000018794 
0.17350 0.000000018051 
0.17400 0.000000017359 
0.17450 0.000000016723 
0.17500 0.000000016087 
0.17550 0.000000015452 
0.17600 0.000000014856 
0.17650 0.000000014312 
0.17700 0.000000013769 
0.17750 0.000000013225 
0.17800 0.000000012712 
0.17850 0.000000012247 
0.17900 0.000000011782 
0.17950 0.000000011317 
0.18000 0.000000010873 
0.18050 0.000000010475 
0.18100 0.000000010077 
0.18150 0.000000009679 
0.18200 0.000000009294 
0.18250 0.000000008954 
0.18300 0.000000008613 
0.18350 0.000000008273 
0.18400 0.000000007939 
0.18450 0.000000007648 
0.18500 0.000000007357 
0.18550 0.000000007067 
0.18600 0.000000006776 
0.18650 0.000000006527 
0.18700 0.000000006278 
0.18750 0.000000006030 
0.18800 0.000000005781 
0.18850 0.000000005564 
0.18900 0.000000005351 
0.18950 0.000000005139 
0.19000 0.000000004926 
0.19050 0.000000004737 
0.19100 0.000000004555 
0.19150 0.000000004373 
0.19200 0.000000004191 
0.19250 0.000000004025 
0.19300 0.000000003870 
0.19350 0.000000003714 
0.19400 0.000000003559 
0.19450 0.000000003414 
0.19500 0.000000003281 
0.19550 0.000000003148 
0.19600 0.000000003015 
0.19650 0.000000002888 
0.19700 0.000000002775 
0.19750 0.000000002661 
0.19800 0.000000002548 
0.19850 0.000000002437 
0.19900 0.000000002340 
0.19950 0.000000002243 
0.20000 0.000000002146 
0.20050 0.000000002049 
0.20100 0.000000001966 
0.20150 0.000000001884 
0.20200 0.000000001801 
0.20250 0.000000001718 
0.20300 0.000000001645 
0.20350 0.000000001575 
0.20400 0.000000001504 
0.20450 0.000000001434 
0.20500 0.000000001370 
0.20550 0.000000001310 
0.20600 0.000000001250 
0.20650 0.000000001190 
0.20700 0.000000001135 
0.20750 0.000000001084 
0.20800 0.000000001033 
0.20850 0.000000000982 
0.20900 0.000000000933 
0.20950 0.000000000890 
0.21000 0.000000000846 
0.21050 0.000000000803 
0.21100 0.000000000761 
0.21150 0.000000000724 
0.21200 0.000000000687 
0.21250 0.000000000650 
0.21300 0.000000000614 
0.21350 0.000000000583 
0.21400 0.000000000552 
0.21450 0.000000000521 
0.21500 0.000000000490 
0.21550 0.000000000464 
0.21600 0.000000000438 
0.21650 0.000000000411 
0.21700 0.000000000385 
0.21750 0.000000000363 
0.21800 0.000000000341 
0.21850 0.000000000319 
0.21900 0.000000000297 
0.21950 0.000000000278 
0.22000 0.000000000260 
0.22050 0.000000000241 
0.22100 0.000000000223 
0.22150 0.000000000208 
0.22200 0.000000000192 
0.22250 0.000000000177 
0.22300 0.000000000162 
0.22350 0.000000000150 
0.22400 0.000000000137 
0.22450 0.000000000125 
0.22500 0.000000000113 
0.22550 0.000000000103 
0.22600 0.000000000093 
0.22650 0.000000000082 
0.22700 0.000000000073 
0.22750 0.000000000065 
0.22800 0.000000000057 
0.22850 0.000000000049 
0.22900 0.000000000043 
0.22950 0.000000000037 
0.23000 0.000000000031 
0.23050 0.000000000025 
0.23100 0.000000000021 
0.23150 0.000000000017 
0.23200 0.000000000013 
0.23250 0.000000000010 
0.23300 0.000000000007 
0.23350 0.000000000004 
