0.00000 313.046000000000 
0.00050 270.118000000000 
0.00100 227.190000000000 
0.00150 184.261200000000 
0.00200 141.333000000000 
0.00250 113.855200000000 
0.00300 90.987000000000 
0.00350 73.364800000000 
0.00400 60.594200000000 
0.00450 48.832600000000 
0.00500 41.405400000000 
0.00550 33.978000000000 
0.00600 28.873200000000 
0.00650 24.403800000000 
0.00700 20.470400000000 
0.00750 17.702160000000 
0.00800 14.933900000000 
0.00850 12.958300000000 
0.00900 11.200640000000 
0.00950 9.565560000000 
0.01000 8.425240000000 
0.01050 7.284940000000 
0.01100 6.362000000000 
0.01150 5.608100000000 
0.01200 4.854180000000 
0.01250 4.317900000000 
0.01300 3.811020000000 
0.01350 3.329520000000 
0.01400 2.983620000000 
0.01450 2.637720000000 
0.01500 2.334080000000 
0.01550 2.094840000000 
0.01600 1.855598000000 
0.01650 1.659408000000 
0.01700 1.491928000000 
0.01750 1.324450000000 
0.01800 1.194744000000 
0.01850 1.076206000000 
0.01900 0.957668000000 
0.01950 0.870036000000 
0.02000 0.785294000000 
0.02050 0.701266000000 
0.02100 0.640128000000 
0.02150 0.578992000000 
0.02200 0.519872000000 
0.02250 0.475394000000 
0.02300 0.430918000000 
0.02350 0.388678000000 
0.02400 0.356070000000 
0.02450 0.323462000000 
0.02500 0.292856000000 
0.02550 0.268780000000 
0.02600 0.244704000000 
0.02650 0.222238000000 
0.02700 0.204344000000 
0.02750 0.186448800000 
0.02800 0.169760000000 
0.02850 0.156379200000 
0.02900 0.142998200000 
0.02950 0.130465600000 
0.03000 0.120403000000 
0.03050 0.110340400000 
0.03100 0.100834800000 
0.03150 0.093227600000 
0.03200 0.085620400000 
0.03250 0.078344600000 
0.03300 0.072565400000 
0.03350 0.066786200000 
0.03400 0.061170600000 
0.03450 0.056759800000 
0.03500 0.052349000000 
0.03550 0.047981800000 
0.03600 0.044600800000 
0.03650 0.041220000000 
0.03700 0.037839000000 
0.03750 0.035197800000 
0.03800 0.032595800000 
0.03850 0.029993800000 
0.03900 0.027890000000 
0.03950 0.025879800000 
0.04000 0.023869600000 
0.04050 0.022184000000 
0.04100 0.020625400000 
0.04150 0.019066880000 
0.04200 0.017709500000 
0.04250 0.016496940000 
0.04300 0.015284400000 
0.04350 0.014186060000 
0.04400 0.013239680000 
0.04450 0.012293300000 
0.04500 0.011400720000 
0.04550 0.010659820000 
0.04600 0.009918920000 
0.04650 0.009190760000 
0.04700 0.008609020000 
0.04750 0.008027300000 
0.04800 0.007445560000 
0.04850 0.006973080000 
0.04900 0.006515060000 
0.04950 0.006057040000 
0.05000 0.005663780000 
0.05050 0.005302200000 
0.05100 0.004940600000 
0.05150 0.004612580000 
0.05200 0.004326380000 
0.05250 0.004040200000 
0.05300 0.003766040000 
0.05350 0.003538980000 
0.05400 0.003311920000 
0.05450 0.003084880000 
0.05500 0.002901820000 
0.05550 0.002721240000 
0.05600 0.002540660000 
0.05650 0.002384800000 
0.05700 0.002240860000 
0.05750 0.002096940000 
0.05800 0.001964210000 
0.05850 0.001849230000 
0.05900 0.001734248000 
0.05950 0.001621206000 
0.06000 0.001529156000 
0.06050 0.001437108000 
0.06100 0.001345058000 
0.06150 0.001266964000 
0.06200 0.001193120000 
0.06250 0.001119278000 
0.06300 0.001051706000 
0.06350 0.000992348000 
0.06400 0.000932990000 
0.06450 0.000874604000 
0.06500 0.000826796000 
0.06550 0.000778988000 
0.06600 0.000731180000 
0.06650 0.000690016000 
0.06700 0.000651436000 
0.06750 0.000612856000 
0.06800 0.000576792000 
0.06850 0.000545600000 
0.06900 0.000514410000 
0.06950 0.000483218000 
0.07000 0.000457632000 
0.07050 0.000432368000 
0.07100 0.000407104000 
0.07150 0.000384390000 
0.07200 0.000363890000 
0.07250 0.000343390000 
0.07300 0.000323314000 
0.07350 0.000306650000 
0.07400 0.000289986000 
0.07450 0.000273324000 
0.07500 0.000258734000 
0.07550 0.000245164000 
0.07600 0.000231596000 
0.07650 0.000218566000 
0.07700 0.000207498000 
0.07750 0.000196431400 
0.07800 0.000185363800 
0.07850 0.000175807000 
0.07900 0.000166764600 
0.07950 0.000157722200 
0.08000 0.000149110400 
0.08050 0.000141710200 
0.08100 0.000134310200 
0.08150 0.000126910000 
0.08200 0.000120529800 
0.08250 0.000114463800 
0.08300 0.000108398000 
0.08350 0.000102606400 
0.08400 0.000097626200 
0.08450 0.000092646000 
0.08500 0.000087665800 
0.08550 0.000083329400 
0.08600 0.000079234200 
0.08650 0.000075139000 
0.08700 0.000071180400 
0.08750 0.000067807600 
0.08800 0.000064434800 
0.08850 0.000061062000 
0.08900 0.000058066000 
0.08950 0.000055284000 
0.09000 0.000052502200 
0.09050 0.000049755800 
0.09100 0.000047457800 
0.09150 0.000045159600 
0.09200 0.000042861600 
0.09250 0.000040760800 
0.09300 0.000038859600 
0.09350 0.000036958400 
0.09400 0.000035057400 
0.09450 0.000033452400 
0.09500 0.000031877400 
0.09550 0.000030302400 
0.09600 0.000028810000 
0.09650 0.000027503200 
0.09700 0.000026196600 
0.09750 0.000024889800 
0.09800 0.000023737200 
0.09850 0.000022651400 
0.09900 0.000021565800 
0.09950 0.000020493600 
0.10000 0.000019590440 
0.10050 0.000018687180 
0.10100 0.000017783920 
0.10150 0.000016947300 
0.10200 0.000016194820 
0.10250 0.000015442340 
0.10300 0.000014689840 
0.10350 0.000014037020 
0.10400 0.000013409320 
0.10450 0.000012781600 
0.10500 0.000012168940 
0.10550 0.000011644640 
0.10600 0.000011120340 
0.10650 0.000010596040 
0.10700 0.000010113140 
0.10750 0.000009674660 
0.10800 0.000009236200 
0.10850 0.000008797720 
0.10900 0.000008417020 
0.10950 0.000008049860 
0.11000 0.000007682720 
0.11050 0.000007323180 
0.11100 0.000007015380 
0.11150 0.000006707580 
0.11200 0.000006399780 
0.11250 0.000006113640 
0.11300 0.000005855280 
0.11350 0.000005596940 
0.11400 0.000005338580 
0.11450 0.000005110720 
0.11500 0.000004893640 
0.11550 0.000004676540 
0.11600 0.000004460540 
0.11650 0.000004277920 
0.11700 0.000004095300 
0.11750 0.000003912680 
0.11800 0.000003739160 
0.11850 0.000003585360 
0.11900 0.000003431580 
0.11950 0.000003277780 
0.12000 0.000003138260 
0.12050 0.000003008620 
0.12100 0.000002878980 
0.12150 0.000002749340 
0.12200 0.000002637080 
0.12250 0.000002527680 
0.12300 0.000002418280 
0.12350 0.000002310900 
0.12400 0.000002218480 
0.12450 0.000002126080 
0.12500 0.000002033680 
0.12550 0.000001946548 
0.12600 0.000001868422 
0.12650 0.000001790296 
0.12700 0.000001712170 
0.12750 0.000001641416 
0.12800 0.000001575304 
0.12850 0.000001509194 
0.12900 0.000001443082 
0.12950 0.000001385562 
0.13000 0.000001329568 
0.13050 0.000001273574 
0.13100 0.000001218234 
0.13150 0.000001170772 
0.13200 0.000001123310 
0.13250 0.000001075848 
0.13300 0.000001030514 
0.13350 0.000000990250 
0.13400 0.000000949986 
0.13450 0.000000909722 
0.13500 0.000000872538 
0.13550 0.000000838356 
0.13600 0.000000804174 
0.13650 0.000000769992 
0.13700 0.000000739454 
0.13750 0.000000710414 
0.13800 0.000000681374 
0.13850 0.000000652334 
0.13900 0.000000627220 
0.13950 0.000000602532 
0.14000 0.000000577846 
0.14050 0.000000553474 
0.14100 0.000000532474 
0.14150 0.000000511474 
0.14200 0.000000490474 
0.14250 0.000000470288 
0.14300 0.000000452414 
0.14350 0.000000434538 
0.14400 0.000000416662 
0.14450 0.000000399918 
0.14500 0.000000384694 
0.14550 0.000000369470 
0.14600 0.000000354246 
0.14650 0.000000340330 
0.14700 0.000000327358 
0.14750 0.000000314384 
0.14800 0.000000301412 
0.14850 0.000000289828 
0.14900 0.000000278770 
0.14950 0.000000267712 
0.15000 0.000000256652 
0.15050 0.000000246992 
0.15100 0.000000237560 
0.15150 0.000000228128 
0.15200 0.000000218696 
0.15250 0.000000210624 
0.15300 0.000000202576 
0.15350 0.000000194527 
0.15400 0.000000186588 
0.15450 0.000000179720 
0.15500 0.000000172851 
0.15550 0.000000165982 
0.15600 0.000000159305 
0.15650 0.000000153440 
0.15700 0.000000147575 
0.15750 0.000000141710 
0.15800 0.000000136082 
0.15850 0.000000131072 
0.15900 0.000000126061 
0.15950 0.000000121051 
0.16000 0.000000116297 
0.16050 0.000000112017 
0.16100 0.000000107737 
0.16150 0.000000103457 
0.16200 0.000000099432 
0.16250 0.000000095775 
0.16300 0.000000092117 
0.16350 0.000000088459 
0.16400 0.000000085044 
0.16450 0.000000081918 
0.16500 0.000000078791 
0.16550 0.000000075665 
0.16600 0.000000072761 
0.16650 0.000000070088 
0.16700 0.000000067416 
0.16750 0.000000064744 
0.16800 0.000000062268 
0.16850 0.000000059982 
0.16900 0.000000057696 
0.16950 0.000000055411 
0.17000 0.000000053295 
0.17050 0.000000051341 
0.17100 0.000000049387 
0.17150 0.000000047433 
0.17200 0.000000045620 
0.17250 0.000000043948 
0.17300 0.000000042276 
0.17350 0.000000040604 
0.17400 0.000000039047 
0.17450 0.000000037617 
0.17500 0.000000036188 
0.17550 0.000000034758 
0.17600 0.000000033418 
0.17650 0.000000032195 
0.17700 0.000000030972 
0.17750 0.000000029750 
0.17800 0.000000028594 
0.17850 0.000000027548 
0.17900 0.000000026503 
0.17950 0.000000025457 
0.18000 0.000000024457 
0.18050 0.000000023562 
0.18100 0.000000022668 
0.18150 0.000000021773 
0.18200 0.000000020907 
0.18250 0.000000020141 
0.18300 0.000000019376 
0.18350 0.000000018610 
0.18400 0.000000017859 
0.18450 0.000000017204 
0.18500 0.000000016550 
0.18550 0.000000015896 
0.18600 0.000000015243 
0.18650 0.000000014683 
0.18700 0.000000014123 
0.18750 0.000000013563 
0.18800 0.000000013003 
0.18850 0.000000012516 
0.18900 0.000000012038 
0.18950 0.000000011560 
0.19000 0.000000011081 
0.19050 0.000000010655 
0.19100 0.000000010246 
0.19150 0.000000009837 
0.19200 0.000000009427 
0.19250 0.000000009055 
0.19300 0.000000008705 
0.19350 0.000000008355 
0.19400 0.000000008005 
0.19450 0.000000007679 
0.19500 0.000000007380 
0.19550 0.000000007081 
0.19600 0.000000006783 
0.19650 0.000000006497 
0.19700 0.000000006242 
0.19750 0.000000005986 
0.19800 0.000000005731 
0.19850 0.000000005481 
0.19900 0.000000005263 
0.19950 0.000000005046 
0.20000 0.000000004828 
0.20050 0.000000004610 
0.20100 0.000000004423 
0.20150 0.000000004237 
0.20200 0.000000004051 
0.20250 0.000000003865 
0.20300 0.000000003701 
0.20350 0.000000003543 
0.20400 0.000000003384 
0.20450 0.000000003226 
0.20500 0.000000003083 
0.20550 0.000000002947 
0.20600 0.000000002812 
0.20650 0.000000002677 
0.20700 0.000000002552 
0.20750 0.000000002437 
0.20800 0.000000002323 
0.20850 0.000000002208 
0.20900 0.000000002099 
0.20950 0.000000002002 
0.21000 0.000000001904 
0.21050 0.000000001806 
0.21100 0.000000001712 
0.21150 0.000000001629 
0.21200 0.000000001546 
0.21250 0.000000001463 
0.21300 0.000000001382 
0.21350 0.000000001312 
0.21400 0.000000001242 
0.21450 0.000000001172 
0.21500 0.000000001103 
0.21550 0.000000001043 
0.21600 0.000000000984 
0.21650 0.000000000925 
0.21700 0.000000000866 
0.21750 0.000000000816 
0.21800 0.000000000767 
0.21850 0.000000000717 
0.21900 0.000000000668 
0.21950 0.000000000626 
0.22000 0.000000000585 
0.22050 0.000000000543 
0.22100 0.000000000502 
0.22150 0.000000000467 
0.22200 0.000000000433 
0.22250 0.000000000399 
0.22300 0.000000000365 
0.22350 0.000000000337 
0.22400 0.000000000309 
0.22450 0.000000000280 
0.22500 0.000000000254 
0.22550 0.000000000231 
0.22600 0.000000000208 
0.22650 0.000000000185 
0.22700 0.000000000165 
0.22750 0.000000000147 
0.22800 0.000000000129 
0.22850 0.000000000111 
0.22900 0.000000000097 
0.22950 0.000000000083 
0.23000 0.000000000070 
0.23050 0.000000000057 
0.23100 0.000000000047 
0.23150 0.000000000038 
0.23200 0.000000000028 
0.23250 0.000000000021 
0.23300 0.000000000016 
0.23350 0.000000000010 
