0.00000 323.202000000000 
0.00050 278.882000000000 
0.00100 234.560000000000 
0.00150 190.239200000000 
0.00200 145.918200000000 
0.00250 117.549000000000 
0.00300 93.939000000000 
0.00350 75.745000000000 
0.00400 62.560000000000 
0.00450 50.416800000000 
0.00500 42.748600000000 
0.00550 35.080400000000 
0.00600 29.810000000000 
0.00650 25.195600000000 
0.00700 21.134600000000 
0.00750 18.276460000000 
0.00800 15.418380000000 
0.00850 13.378700000000 
0.00900 11.564000000000 
0.00950 9.875880000000 
0.01000 8.698580000000 
0.01050 7.521280000000 
0.01100 6.568400000000 
0.01150 5.790040000000 
0.01200 5.011660000000 
0.01250 4.457980000000 
0.01300 3.934660000000 
0.01350 3.437540000000 
0.01400 3.080420000000 
0.01450 2.723300000000 
0.01500 2.409800000000 
0.01550 2.162800000000 
0.01600 1.915800000000 
0.01650 1.713244000000 
0.01700 1.540330000000 
0.01750 1.367418000000 
0.01800 1.233504000000 
0.01850 1.111120000000 
0.01900 0.988736000000 
0.01950 0.898262000000 
0.02000 0.810770000000 
0.02050 0.724016000000 
0.02100 0.660896000000 
0.02150 0.597776000000 
0.02200 0.536738000000 
0.02250 0.490818000000 
0.02300 0.444898000000 
0.02350 0.401288000000 
0.02400 0.367622000000 
0.02450 0.333956000000 
0.02500 0.302358000000 
0.02550 0.277500000000 
0.02600 0.252642000000 
0.02650 0.229448000000 
0.02700 0.210972000000 
0.02750 0.192497600000 
0.02800 0.175267400000 
0.02850 0.161452400000 
0.02900 0.147637400000 
0.02950 0.134698200000 
0.03000 0.124309200000 
0.03050 0.113920200000 
0.03100 0.104106000000 
0.03150 0.096252000000 
0.03200 0.088398200000 
0.03250 0.080886400000 
0.03300 0.074919600000 
0.03350 0.068952800000 
0.03400 0.063155200000 
0.03450 0.058601200000 
0.03500 0.054047400000 
0.03550 0.049538400000 
0.03600 0.046047800000 
0.03650 0.042557200000 
0.03700 0.039066600000 
0.03750 0.036339600000 
0.03800 0.033653200000 
0.03850 0.030966800000 
0.03900 0.028794800000 
0.03950 0.026719400000 
0.04000 0.024644000000 
0.04050 0.022903800000 
0.04100 0.021294600000 
0.04150 0.019685460000 
0.04200 0.018284040000 
0.04250 0.017032160000 
0.04300 0.015780260000 
0.04350 0.014646280000 
0.04400 0.013669200000 
0.04450 0.012692120000 
0.04500 0.011770600000 
0.04550 0.011005660000 
0.04600 0.010240720000 
0.04650 0.009488920000 
0.04700 0.008888320000 
0.04750 0.008287720000 
0.04800 0.007687120000 
0.04850 0.007199320000 
0.04900 0.006726420000 
0.04950 0.006253540000 
0.05000 0.005847520000 
0.05050 0.005474200000 
0.05100 0.005100900000 
0.05150 0.004762220000 
0.05200 0.004466740000 
0.05250 0.004171280000 
0.05300 0.003888220000 
0.05350 0.003653800000 
0.05400 0.003419380000 
0.05450 0.003184960000 
0.05500 0.002995960000 
0.05550 0.002809520000 
0.05600 0.002623080000 
0.05650 0.002462180000 
0.05700 0.002313560000 
0.05750 0.002164960000 
0.05800 0.002027940000 
0.05850 0.001909224000 
0.05900 0.001790512000 
0.05950 0.001673802000 
0.06000 0.001578766000 
0.06050 0.001483730000 
0.06100 0.001388696000 
0.06150 0.001308068000 
0.06200 0.001231828000 
0.06250 0.001155590000 
0.06300 0.001085826000 
0.06350 0.001024542000 
0.06400 0.000963260000 
0.06450 0.000902980000 
0.06500 0.000853620000 
0.06550 0.000804260000 
0.06600 0.000754902000 
0.06650 0.000712402000 
0.06700 0.000672570000 
0.06750 0.000632740000 
0.06800 0.000595504000 
0.06850 0.000563302000 
0.06900 0.000531098000 
0.06950 0.000498896000 
0.07000 0.000472478000 
0.07050 0.000446394000 
0.07100 0.000420310000 
0.07150 0.000396860000 
0.07200 0.000375696000 
0.07250 0.000354532000 
0.07300 0.000333802000 
0.07350 0.000316598000 
0.07400 0.000299394000 
0.07450 0.000282190000 
0.07500 0.000267128000 
0.07550 0.000253118000 
0.07600 0.000239110000 
0.07650 0.000225658000 
0.07700 0.000214230000 
0.07750 0.000202804000 
0.07800 0.000191377600 
0.07850 0.000181510600 
0.07900 0.000172174800 
0.07950 0.000162839000 
0.08000 0.000153947800 
0.08050 0.000146307600 
0.08100 0.000138667400 
0.08150 0.000131027200 
0.08200 0.000124440000 
0.08250 0.000118177400 
0.08300 0.000111914600 
0.08350 0.000105935200 
0.08400 0.000100793400 
0.08450 0.000095651600 
0.08500 0.000090510000 
0.08550 0.000086032800 
0.08600 0.000081804800 
0.08650 0.000077576600 
0.08700 0.000073489600 
0.08750 0.000070007400 
0.08800 0.000066525200 
0.08850 0.000063043200 
0.08900 0.000059949800 
0.08950 0.000057077600 
0.09000 0.000054205400 
0.09050 0.000051370000 
0.09100 0.000048997400 
0.09150 0.000046624800 
0.09200 0.000044252200 
0.09250 0.000042083200 
0.09300 0.000040120400 
0.09350 0.000038157600 
0.09400 0.000036194600 
0.09450 0.000034537800 
0.09500 0.000032911600 
0.09550 0.000031285400 
0.09600 0.000029744800 
0.09650 0.000028395600 
0.09700 0.000027046400 
0.09750 0.000025697200 
0.09800 0.000024507200 
0.09850 0.000023386200 
0.09900 0.000022265400 
0.09950 0.000021158600 
0.10000 0.000020226000 
0.10050 0.000019293440 
0.10100 0.000018360880 
0.10150 0.000017497120 
0.10200 0.000016720220 
0.10250 0.000015943320 
0.10300 0.000015166420 
0.10350 0.000014492420 
0.10400 0.000013844340 
0.10450 0.000013196260 
0.10500 0.000012563720 
0.10550 0.000012022420 
0.10600 0.000011481100 
0.10650 0.000010939800 
0.10700 0.000010441240 
0.10750 0.000009988540 
0.10800 0.000009535840 
0.10850 0.000009083140 
0.10900 0.000008690080 
0.10950 0.000008311020 
0.11000 0.000007931960 
0.11050 0.000007560760 
0.11100 0.000007242980 
0.11150 0.000006925180 
0.11200 0.000006607400 
0.11250 0.000006311980 
0.11300 0.000006045240 
0.11350 0.000005778520 
0.11400 0.000005511780 
0.11450 0.000005276520 
0.11500 0.000005052400 
0.11550 0.000004828260 
0.11600 0.000004605240 
0.11650 0.000004416700 
0.11700 0.000004228160 
0.11750 0.000004039620 
0.11800 0.000003860460 
0.11850 0.000003701680 
0.11900 0.000003542900 
0.11950 0.000003384120 
0.12000 0.000003240080 
0.12050 0.000003106240 
0.12100 0.000002972380 
0.12150 0.000002838540 
0.12200 0.000002722640 
0.12250 0.000002609680 
0.12300 0.000002496740 
0.12350 0.000002385860 
0.12400 0.000002290460 
0.12450 0.000002195060 
0.12500 0.000002099640 
0.12550 0.000002009700 
0.12600 0.000001929038 
0.12650 0.000001848378 
0.12700 0.000001767718 
0.12750 0.000001694668 
0.12800 0.000001626412 
0.12850 0.000001558156 
0.12900 0.000001489900 
0.12950 0.000001430514 
0.13000 0.000001372704 
0.13050 0.000001314892 
0.13100 0.000001257758 
0.13150 0.000001208754 
0.13200 0.000001159752 
0.13250 0.000001110750 
0.13300 0.000001063946 
0.13350 0.000001022376 
0.13400 0.000000980806 
0.13450 0.000000939236 
0.13500 0.000000900846 
0.13550 0.000000865554 
0.13600 0.000000830262 
0.13650 0.000000794972 
0.13700 0.000000763442 
0.13750 0.000000733462 
0.13800 0.000000703480 
0.13850 0.000000673498 
0.13900 0.000000647568 
0.13950 0.000000622080 
0.14000 0.000000596592 
0.14050 0.000000571430 
0.14100 0.000000549750 
0.14150 0.000000528068 
0.14200 0.000000506386 
0.14250 0.000000485546 
0.14300 0.000000467090 
0.14350 0.000000448636 
0.14400 0.000000430180 
0.14450 0.000000412892 
0.14500 0.000000397174 
0.14550 0.000000381456 
0.14600 0.000000365738 
0.14650 0.000000351370 
0.14700 0.000000337978 
0.14750 0.000000324584 
0.14800 0.000000311190 
0.14850 0.000000299232 
0.14900 0.000000287814 
0.14950 0.000000276396 
0.15000 0.000000264980 
0.15050 0.000000255006 
0.15100 0.000000245268 
0.15150 0.000000235530 
0.15200 0.000000225792 
0.15250 0.000000217456 
0.15300 0.000000209148 
0.15350 0.000000200838 
0.15400 0.000000192642 
0.15450 0.000000185550 
0.15500 0.000000178459 
0.15550 0.000000171367 
0.15600 0.000000164474 
0.15650 0.000000158418 
0.15700 0.000000152363 
0.15750 0.000000146307 
0.15800 0.000000140497 
0.15850 0.000000135324 
0.15900 0.000000130151 
0.15950 0.000000124978 
0.16000 0.000000120070 
0.16050 0.000000115651 
0.16100 0.000000111232 
0.16150 0.000000106813 
0.16200 0.000000102658 
0.16250 0.000000098882 
0.16300 0.000000095105 
0.16350 0.000000091329 
0.16400 0.000000087803 
0.16450 0.000000084576 
0.16500 0.000000081348 
0.16550 0.000000078120 
0.16600 0.000000075121 
0.16650 0.000000072362 
0.16700 0.000000069603 
0.16750 0.000000066844 
0.16800 0.000000064288 
0.16850 0.000000061928 
0.16900 0.000000059568 
0.16950 0.000000057208 
0.17000 0.000000055024 
0.17050 0.000000053006 
0.17100 0.000000050989 
0.17150 0.000000048971 
0.17200 0.000000047100 
0.17250 0.000000045374 
0.17300 0.000000043648 
0.17350 0.000000041922 
0.17400 0.000000040314 
0.17450 0.000000038838 
0.17500 0.000000037362 
0.17550 0.000000035885 
0.17600 0.000000034502 
0.17650 0.000000033240 
0.17700 0.000000031977 
0.17750 0.000000030715 
0.17800 0.000000029522 
0.17850 0.000000028442 
0.17900 0.000000027362 
0.17950 0.000000026283 
0.18000 0.000000025251 
0.18050 0.000000024327 
0.18100 0.000000023403 
0.18150 0.000000022479 
0.18200 0.000000021585 
0.18250 0.000000020795 
0.18300 0.000000020004 
0.18350 0.000000019214 
0.18400 0.000000018438 
0.18450 0.000000017763 
0.18500 0.000000017087 
0.18550 0.000000016412 
0.18600 0.000000015738 
0.18650 0.000000015159 
0.18700 0.000000014581 
0.18750 0.000000014003 
0.18800 0.000000013425 
0.18850 0.000000012922 
0.18900 0.000000012428 
0.18950 0.000000011935 
0.19000 0.000000011441 
0.19050 0.000000011001 
0.19100 0.000000010578 
0.19150 0.000000010156 
0.19200 0.000000009733 
0.19250 0.000000009348 
0.19300 0.000000008987 
0.19350 0.000000008626 
0.19400 0.000000008265 
0.19450 0.000000007928 
0.19500 0.000000007620 
0.19550 0.000000007311 
0.19600 0.000000007003 
0.19650 0.000000006708 
0.19700 0.000000006444 
0.19750 0.000000006181 
0.19800 0.000000005917 
0.19850 0.000000005659 
0.19900 0.000000005434 
0.19950 0.000000005209 
0.20000 0.000000004984 
0.20050 0.000000004759 
0.20100 0.000000004566 
0.20150 0.000000004374 
0.20200 0.000000004182 
0.20250 0.000000003990 
0.20300 0.000000003821 
0.20350 0.000000003658 
0.20400 0.000000003494 
0.20450 0.000000003330 
0.20500 0.000000003183 
0.20550 0.000000003043 
0.20600 0.000000002904 
0.20650 0.000000002764 
0.20700 0.000000002635 
0.20750 0.000000002517 
0.20800 0.000000002398 
0.20850 0.000000002280 
0.20900 0.000000002167 
0.20950 0.000000002067 
0.21000 0.000000001966 
0.21050 0.000000001865 
0.21100 0.000000001768 
0.21150 0.000000001682 
0.21200 0.000000001596 
0.21250 0.000000001511 
0.21300 0.000000001427 
0.21350 0.000000001355 
0.21400 0.000000001282 
0.21450 0.000000001210 
0.21500 0.000000001138 
0.21550 0.000000001077 
0.21600 0.000000001016 
0.21650 0.000000000955 
0.21700 0.000000000894 
0.21750 0.000000000843 
0.21800 0.000000000792 
0.21850 0.000000000740 
0.21900 0.000000000689 
0.21950 0.000000000646 
0.22000 0.000000000604 
0.22050 0.000000000561 
0.22100 0.000000000518 
0.22150 0.000000000483 
0.22200 0.000000000447 
0.22250 0.000000000411 
0.22300 0.000000000377 
0.22350 0.000000000348 
0.22400 0.000000000319 
0.22450 0.000000000289 
0.22500 0.000000000262 
0.22550 0.000000000238 
0.22600 0.000000000215 
0.22650 0.000000000191 
0.22700 0.000000000170 
0.22750 0.000000000152 
0.22800 0.000000000133 
0.22850 0.000000000115 
0.22900 0.000000000100 
0.22950 0.000000000086 
0.23000 0.000000000072 
0.23050 0.000000000059 
0.23100 0.000000000049 
0.23150 0.000000000039 
0.23200 0.000000000029 
0.23250 0.000000000022 
0.23300 0.000000000016 
0.23350 0.000000000010 
