0.00000 336.578000000000 
0.00050 290.422000000000 
0.00100 244.268000000000 
0.00150 198.112200000000 
0.00200 151.957000000000 
0.00250 122.413800000000 
0.00300 97.826600000000 
0.00350 78.879800000000 
0.00400 65.149200000000 
0.00450 52.503200000000 
0.00500 44.517800000000 
0.00550 36.532200000000 
0.00600 31.043600000000 
0.00650 26.238400000000 
0.00700 22.009200000000 
0.00750 19.032820000000 
0.00800 16.056480000000 
0.00850 13.932380000000 
0.00900 12.042580000000 
0.00950 10.284600000000 
0.01000 9.058560000000 
0.01050 7.832540000000 
0.01100 6.840240000000 
0.01150 6.029660000000 
0.01200 5.219080000000 
0.01250 4.642460000000 
0.01300 4.097500000000 
0.01350 3.579800000000 
0.01400 3.207900000000 
0.01450 2.836000000000 
0.01500 2.509520000000 
0.01550 2.252300000000 
0.01600 1.995084000000 
0.01650 1.784146000000 
0.01700 1.604078000000 
0.01750 1.424008000000 
0.01800 1.284552000000 
0.01850 1.157104000000 
0.01900 1.029654000000 
0.01950 0.935436000000 
0.02000 0.844324000000 
0.02050 0.753980000000 
0.02100 0.688248000000 
0.02150 0.622516000000 
0.02200 0.558950000000 
0.02250 0.511130000000 
0.02300 0.463310000000 
0.02350 0.417896000000 
0.02400 0.382836000000 
0.02450 0.347778000000 
0.02500 0.314872000000 
0.02550 0.288984000000 
0.02600 0.263098000000 
0.02650 0.238944000000 
0.02700 0.219704000000 
0.02750 0.200464000000 
0.02800 0.182521000000 
0.02850 0.168134200000 
0.02900 0.153747400000 
0.02950 0.140272800000 
0.03000 0.129453800000 
0.03050 0.118634800000 
0.03100 0.108414400000 
0.03150 0.100235400000 
0.03200 0.092056400000 
0.03250 0.084233800000 
0.03300 0.078020000000 
0.03350 0.071806400000 
0.03400 0.065768800000 
0.03450 0.061026400000 
0.03500 0.056284000000 
0.03550 0.051588600000 
0.03600 0.047953600000 
0.03650 0.044318400000 
0.03700 0.040683400000 
0.03750 0.037843600000 
0.03800 0.035046000000 
0.03850 0.032248400000 
0.03900 0.029986400000 
0.03950 0.027825200000 
0.04000 0.025663800000 
0.04050 0.023851600000 
0.04100 0.022175800000 
0.04150 0.020500200000 
0.04200 0.019040720000 
0.04250 0.017737020000 
0.04300 0.016433340000 
0.04350 0.015252420000 
0.04400 0.014234900000 
0.04450 0.013217380000 
0.04500 0.012257720000 
0.04550 0.011461120000 
0.04600 0.010664520000 
0.04650 0.009881620000 
0.04700 0.009256160000 
0.04750 0.008630700000 
0.04800 0.008005240000 
0.04850 0.007497260000 
0.04900 0.007004800000 
0.04950 0.006512340000 
0.05000 0.006089520000 
0.05050 0.005700760000 
0.05100 0.005312000000 
0.05150 0.004959300000 
0.05200 0.004651600000 
0.05250 0.004343900000 
0.05300 0.004049140000 
0.05350 0.003805020000 
0.05400 0.003560880000 
0.05450 0.003316760000 
0.05500 0.003119940000 
0.05550 0.002925800000 
0.05600 0.002731640000 
0.05650 0.002564060000 
0.05700 0.002409320000 
0.05750 0.002254560000 
0.05800 0.002111860000 
0.05850 0.001988236000 
0.05900 0.001864612000 
0.05950 0.001743072000 
0.06000 0.001644104000 
0.06050 0.001545134000 
0.06100 0.001446166000 
0.06150 0.001362202000 
0.06200 0.001282808000 
0.06250 0.001203414000 
0.06300 0.001130764000 
0.06350 0.001066944000 
0.06400 0.001003124000 
0.06450 0.000940348000 
0.06500 0.000888946000 
0.06550 0.000837546000 
0.06600 0.000786144000 
0.06650 0.000741884000 
0.06700 0.000700404000 
0.06750 0.000658926000 
0.06800 0.000620148000 
0.06850 0.000586614000 
0.06900 0.000553078000 
0.06950 0.000519542000 
0.07000 0.000492032000 
0.07050 0.000464868000 
0.07100 0.000437706000 
0.07150 0.000413284000 
0.07200 0.000391244000 
0.07250 0.000369204000 
0.07300 0.000347618000 
0.07350 0.000329702000 
0.07400 0.000311784000 
0.07450 0.000293868000 
0.07500 0.000278182000 
0.07550 0.000263594000 
0.07600 0.000249006000 
0.07650 0.000234996000 
0.07700 0.000223096000 
0.07750 0.000211198000 
0.07800 0.000199297600 
0.07850 0.000189022400 
0.07900 0.000179300200 
0.07950 0.000169578000 
0.08000 0.000160319000 
0.08050 0.000152362600 
0.08100 0.000144406200 
0.08150 0.000136449800 
0.08200 0.000129590000 
0.08250 0.000123068000 
0.08300 0.000116546200 
0.08350 0.000110319400 
0.08400 0.000104964800 
0.08450 0.000099610200 
0.08500 0.000094255600 
0.08550 0.000089593400 
0.08600 0.000085190200 
0.08650 0.000080787200 
0.08700 0.000076531000 
0.08750 0.000072904600 
0.08800 0.000069278400 
0.08850 0.000065652200 
0.08900 0.000062430800 
0.08950 0.000059439800 
0.09000 0.000056448800 
0.09050 0.000053496000 
0.09100 0.000051025000 
0.09150 0.000048554200 
0.09200 0.000046083400 
0.09250 0.000043824800 
0.09300 0.000041780800 
0.09350 0.000039736600 
0.09400 0.000037692600 
0.09450 0.000035967200 
0.09500 0.000034273600 
0.09550 0.000032580200 
0.09600 0.000030975800 
0.09650 0.000029570800 
0.09700 0.000028165800 
0.09750 0.000026760800 
0.09800 0.000025521400 
0.09850 0.000024354200 
0.09900 0.000023186800 
0.09950 0.000022034200 
0.10000 0.000021063000 
0.10050 0.000020092000 
0.10100 0.000019120740 
0.10150 0.000018221240 
0.10200 0.000017412180 
0.10250 0.000016603140 
0.10300 0.000015794080 
0.10350 0.000015092180 
0.10400 0.000014417280 
0.10450 0.000013742400 
0.10500 0.000013083680 
0.10550 0.000012519960 
0.10600 0.000011956260 
0.10650 0.000011392540 
0.10700 0.000010873360 
0.10750 0.000010401920 
0.10800 0.000009930480 
0.10850 0.000009459040 
0.10900 0.000009049720 
0.10950 0.000008654980 
0.11000 0.000008260220 
0.11050 0.000007873660 
0.11100 0.000007542720 
0.11150 0.000007211780 
0.11200 0.000006880840 
0.11250 0.000006573200 
0.11300 0.000006295420 
0.11350 0.000006017660 
0.11400 0.000005739880 
0.11450 0.000005494900 
0.11500 0.000005261500 
0.11550 0.000005028080 
0.11600 0.000004795840 
0.11650 0.000004599480 
0.11700 0.000004403140 
0.11750 0.000004206800 
0.11800 0.000004020220 
0.11850 0.000003854880 
0.11900 0.000003689520 
0.11950 0.000003524180 
0.12000 0.000003374180 
0.12050 0.000003234780 
0.12100 0.000003095400 
0.12150 0.000002956000 
0.12200 0.000002835320 
0.12250 0.000002717680 
0.12300 0.000002600060 
0.12350 0.000002484600 
0.12400 0.000002385260 
0.12450 0.000002285900 
0.12500 0.000002186540 
0.12550 0.000002092880 
0.12600 0.000002008880 
0.12650 0.000001924872 
0.12700 0.000001840874 
0.12750 0.000001764802 
0.12800 0.000001693720 
0.12850 0.000001622640 
0.12900 0.000001551558 
0.12950 0.000001489716 
0.13000 0.000001429512 
0.13050 0.000001369310 
0.13100 0.000001309810 
0.13150 0.000001258778 
0.13200 0.000001207748 
0.13250 0.000001156718 
0.13300 0.000001107978 
0.13350 0.000001064686 
0.13400 0.000001021396 
0.13450 0.000000978106 
0.13500 0.000000938128 
0.13550 0.000000901376 
0.13600 0.000000864624 
0.13650 0.000000827872 
0.13700 0.000000795038 
0.13750 0.000000763816 
0.13800 0.000000732594 
0.13850 0.000000701370 
0.13900 0.000000674368 
0.13950 0.000000647826 
0.14000 0.000000621282 
0.14050 0.000000595080 
0.14100 0.000000572500 
0.14150 0.000000549922 
0.14200 0.000000527342 
0.14250 0.000000505640 
0.14300 0.000000486422 
0.14350 0.000000467202 
0.14400 0.000000447984 
0.14450 0.000000429978 
0.14500 0.000000413610 
0.14550 0.000000397242 
0.14600 0.000000380874 
0.14650 0.000000365912 
0.14700 0.000000351964 
0.14750 0.000000338018 
0.14800 0.000000324070 
0.14850 0.000000311614 
0.14900 0.000000299726 
0.14950 0.000000287836 
0.15000 0.000000275946 
0.15050 0.000000265558 
0.15100 0.000000255418 
0.15150 0.000000245276 
0.15200 0.000000235136 
0.15250 0.000000226456 
0.15300 0.000000217802 
0.15350 0.000000209150 
0.15400 0.000000200614 
0.15450 0.000000193229 
0.15500 0.000000185844 
0.15550 0.000000178459 
0.15600 0.000000171280 
0.15650 0.000000164974 
0.15700 0.000000158668 
0.15750 0.000000152362 
0.15800 0.000000146311 
0.15850 0.000000140924 
0.15900 0.000000135537 
0.15950 0.000000130150 
0.16000 0.000000125039 
0.16050 0.000000120437 
0.16100 0.000000115835 
0.16150 0.000000111234 
0.16200 0.000000106907 
0.16250 0.000000102974 
0.16300 0.000000099041 
0.16350 0.000000095109 
0.16400 0.000000091437 
0.16450 0.000000088076 
0.16500 0.000000084714 
0.16550 0.000000081353 
0.16600 0.000000078230 
0.16650 0.000000075357 
0.16700 0.000000072484 
0.16750 0.000000069610 
0.16800 0.000000066948 
0.16850 0.000000064491 
0.16900 0.000000062033 
0.16950 0.000000059576 
0.17000 0.000000057301 
0.17050 0.000000055200 
0.17100 0.000000053099 
0.17150 0.000000050998 
0.17200 0.000000049049 
0.17250 0.000000047251 
0.17300 0.000000045454 
0.17350 0.000000043657 
0.17400 0.000000041983 
0.17450 0.000000040445 
0.17500 0.000000038908 
0.17550 0.000000037370 
0.17600 0.000000035930 
0.17650 0.000000034615 
0.17700 0.000000033301 
0.17750 0.000000031986 
0.17800 0.000000030743 
0.17850 0.000000029619 
0.17900 0.000000028495 
0.17950 0.000000027370 
0.18000 0.000000026296 
0.18050 0.000000025334 
0.18100 0.000000024371 
0.18150 0.000000023409 
0.18200 0.000000022478 
0.18250 0.000000021655 
0.18300 0.000000020832 
0.18350 0.000000020009 
0.18400 0.000000019201 
0.18450 0.000000018498 
0.18500 0.000000017794 
0.18550 0.000000017091 
0.18600 0.000000016389 
0.18650 0.000000015787 
0.18700 0.000000015185 
0.18750 0.000000014583 
0.18800 0.000000013981 
0.18850 0.000000013457 
0.18900 0.000000012943 
0.18950 0.000000012428 
0.19000 0.000000011914 
0.19050 0.000000011456 
0.19100 0.000000011016 
0.19150 0.000000010576 
0.19200 0.000000010136 
0.19250 0.000000009735 
0.19300 0.000000009359 
0.19350 0.000000008983 
0.19400 0.000000008607 
0.19450 0.000000008256 
0.19500 0.000000007935 
0.19550 0.000000007614 
0.19600 0.000000007292 
0.19650 0.000000006985 
0.19700 0.000000006711 
0.19750 0.000000006436 
0.19800 0.000000006162 
0.19850 0.000000005893 
0.19900 0.000000005659 
0.19950 0.000000005425 
0.20000 0.000000005191 
0.20050 0.000000004956 
0.20100 0.000000004755 
0.20150 0.000000004555 
0.20200 0.000000004355 
0.20250 0.000000004155 
0.20300 0.000000003979 
0.20350 0.000000003809 
0.20400 0.000000003639 
0.20450 0.000000003468 
0.20500 0.000000003314 
0.20550 0.000000003169 
0.20600 0.000000003024 
0.20650 0.000000002878 
0.20700 0.000000002744 
0.20750 0.000000002621 
0.20800 0.000000002497 
0.20850 0.000000002374 
0.20900 0.000000002257 
0.20950 0.000000002152 
0.21000 0.000000002047 
0.21050 0.000000001942 
0.21100 0.000000001841 
0.21150 0.000000001752 
0.21200 0.000000001662 
0.21250 0.000000001573 
0.21300 0.000000001486 
0.21350 0.000000001411 
0.21400 0.000000001335 
0.21450 0.000000001260 
0.21500 0.000000001185 
0.21550 0.000000001122 
0.21600 0.000000001058 
0.21650 0.000000000994 
0.21700 0.000000000931 
0.21750 0.000000000878 
0.21800 0.000000000824 
0.21850 0.000000000771 
0.21900 0.000000000718 
0.21950 0.000000000673 
0.22000 0.000000000629 
0.22050 0.000000000584 
0.22100 0.000000000540 
0.22150 0.000000000503 
0.22200 0.000000000466 
0.22250 0.000000000428 
0.22300 0.000000000392 
0.22350 0.000000000362 
0.22400 0.000000000332 
0.22450 0.000000000301 
0.22500 0.000000000273 
0.22550 0.000000000248 
0.22600 0.000000000224 
0.22650 0.000000000199 
0.22700 0.000000000177 
0.22750 0.000000000158 
0.22800 0.000000000139 
0.22850 0.000000000120 
0.22900 0.000000000104 
0.22950 0.000000000090 
0.23000 0.000000000075 
0.23050 0.000000000061 
0.23100 0.000000000051 
0.23150 0.000000000041 
0.23200 0.000000000030 
0.23250 0.000000000023 
0.23300 0.000000000017 
0.23350 0.000000000011 
