0.00000 355.026000000000 
0.00050 306.340000000000 
0.00100 257.656000000000 
0.00150 208.970000000000 
0.00200 160.286000000000 
0.00250 129.123400000000 
0.00300 103.188400000000 
0.00350 83.203200000000 
0.00400 68.720000000000 
0.00450 55.381000000000 
0.00500 46.957800000000 
0.00550 38.534600000000 
0.00600 32.745200000000 
0.00650 27.676400000000 
0.00700 23.215600000000 
0.00750 20.076000000000 
0.00800 16.936540000000 
0.00850 14.696020000000 
0.00900 12.702640000000 
0.00950 10.848300000000 
0.01000 9.555080000000 
0.01050 8.261840000000 
0.01100 7.215160000000 
0.01150 6.360140000000 
0.01200 5.505140000000 
0.01250 4.896920000000 
0.01300 4.322100000000 
0.01350 3.776000000000 
0.01400 3.383720000000 
0.01450 2.991440000000 
0.01500 2.647080000000 
0.01550 2.375760000000 
0.01600 2.104440000000 
0.01650 1.881936000000 
0.01700 1.691998000000 
0.01750 1.502060000000 
0.01800 1.354960000000 
0.01850 1.220526000000 
0.01900 1.086090000000 
0.01950 0.986708000000 
0.02000 0.890602000000 
0.02050 0.795306000000 
0.02100 0.725970000000 
0.02150 0.656636000000 
0.02200 0.589586000000 
0.02250 0.539146000000 
0.02300 0.488704000000 
0.02350 0.440800000000 
0.02400 0.403820000000 
0.02450 0.366840000000 
0.02500 0.332130000000 
0.02550 0.304824000000 
0.02600 0.277518000000 
0.02650 0.252040000000 
0.02700 0.231746000000 
0.02750 0.211452000000 
0.02800 0.192525000000 
0.02850 0.177349600000 
0.02900 0.162174400000 
0.02950 0.147961200000 
0.03000 0.136549200000 
0.03050 0.125137200000 
0.03100 0.114356800000 
0.03150 0.105729400000 
0.03200 0.097102200000 
0.03250 0.088850600000 
0.03300 0.082296400000 
0.03350 0.075742200000 
0.03400 0.069373600000 
0.03450 0.064371400000 
0.03500 0.059369000000 
0.03550 0.054416200000 
0.03600 0.050581800000 
0.03650 0.046747600000 
0.03700 0.042913400000 
0.03750 0.039917800000 
0.03800 0.036967000000 
0.03850 0.034016000000 
0.03900 0.031630000000 
0.03950 0.029350200000 
0.04000 0.027070400000 
0.04050 0.025159000000 
0.04100 0.023391400000 
0.04150 0.021623800000 
0.04200 0.020084400000 
0.04250 0.018709200000 
0.04300 0.017334060000 
0.04350 0.016088420000 
0.04400 0.015015120000 
0.04450 0.013941840000 
0.04500 0.012929580000 
0.04550 0.012089320000 
0.04600 0.011249060000 
0.04650 0.010423240000 
0.04700 0.009763500000 
0.04750 0.009103760000 
0.04800 0.008444020000 
0.04850 0.007908180000 
0.04900 0.007388740000 
0.04950 0.006869300000 
0.05000 0.006423300000 
0.05050 0.006013220000 
0.05100 0.005603140000 
0.05150 0.005231120000 
0.05200 0.004906560000 
0.05250 0.004582000000 
0.05300 0.004271080000 
0.05350 0.004013560000 
0.05400 0.003756060000 
0.05450 0.003498560000 
0.05500 0.003290940000 
0.05550 0.003086160000 
0.05600 0.002881360000 
0.05650 0.002704600000 
0.05700 0.002541380000 
0.05750 0.002378140000 
0.05800 0.002227620000 
0.05850 0.002097220000 
0.05900 0.001966812000 
0.05950 0.001838610000 
0.06000 0.001734218000 
0.06050 0.001629824000 
0.06100 0.001525432000 
0.06150 0.001436864000 
0.06200 0.001353118000 
0.06250 0.001269374000 
0.06300 0.001192742000 
0.06350 0.001125424000 
0.06400 0.001058106000 
0.06450 0.000991890000 
0.06500 0.000937670000 
0.06550 0.000883452000 
0.06600 0.000829232000 
0.06650 0.000782548000 
0.06700 0.000738794000 
0.06750 0.000695042000 
0.06800 0.000654140000 
0.06850 0.000618766000 
0.06900 0.000583392000 
0.06950 0.000548018000 
0.07000 0.000519000000 
0.07050 0.000490348000 
0.07100 0.000461696000 
0.07150 0.000435938000 
0.07200 0.000412688000 
0.07250 0.000389440000 
0.07300 0.000366670000 
0.07350 0.000347772000 
0.07400 0.000328874000 
0.07450 0.000309976000 
0.07500 0.000293430000 
0.07550 0.000278042000 
0.07600 0.000262654000 
0.07650 0.000247876000 
0.07700 0.000235324000 
0.07750 0.000222772000 
0.07800 0.000210222000 
0.07850 0.000199382800 
0.07900 0.000189127800 
0.07950 0.000178872800 
0.08000 0.000169106200 
0.08050 0.000160713600 
0.08100 0.000152321200 
0.08150 0.000143928600 
0.08200 0.000136692800 
0.08250 0.000129813600 
0.08300 0.000122934200 
0.08350 0.000116366000 
0.08400 0.000110718000 
0.08450 0.000105070000 
0.08500 0.000099421800 
0.08550 0.000094504000 
0.08600 0.000089859600 
0.08650 0.000085215200 
0.08700 0.000080725600 
0.08750 0.000076900600 
0.08800 0.000073075600 
0.08850 0.000069250600 
0.08900 0.000065852800 
0.08950 0.000062697800 
0.09000 0.000059542800 
0.09050 0.000056428000 
0.09100 0.000053821800 
0.09150 0.000051215600 
0.09200 0.000048609400 
0.09250 0.000046226800 
0.09300 0.000044070800 
0.09350 0.000041914600 
0.09400 0.000039758600 
0.09450 0.000037938400 
0.09500 0.000036152200 
0.09550 0.000034366000 
0.09600 0.000032673600 
0.09650 0.000031191600 
0.09700 0.000029709400 
0.09750 0.000028227400 
0.09800 0.000026920200 
0.09850 0.000025689000 
0.09900 0.000024457800 
0.09950 0.000023242000 
0.10000 0.000022217600 
0.10050 0.000021193200 
0.10100 0.000020168800 
0.10150 0.000019219960 
0.10200 0.000018366560 
0.10250 0.000017513160 
0.10300 0.000016659760 
0.10350 0.000015919400 
0.10400 0.000015207500 
0.10450 0.000014495620 
0.10500 0.000013800800 
0.10550 0.000013206180 
0.10600 0.000012611580 
0.10650 0.000012016980 
0.10700 0.000011469320 
0.10750 0.000010972040 
0.10800 0.000010474780 
0.10850 0.000009977500 
0.10900 0.000009545740 
0.10950 0.000009129360 
0.11000 0.000008712960 
0.11050 0.000008305220 
0.11100 0.000007956140 
0.11150 0.000007607060 
0.11200 0.000007257980 
0.11250 0.000006933480 
0.11300 0.000006640480 
0.11350 0.000006347480 
0.11400 0.000006054500 
0.11450 0.000005796080 
0.11500 0.000005549880 
0.11550 0.000005303680 
0.11600 0.000005058700 
0.11650 0.000004851580 
0.11700 0.000004644480 
0.11750 0.000004437380 
0.11800 0.000004240580 
0.11850 0.000004066160 
0.11900 0.000003891740 
0.11950 0.000003717340 
0.12000 0.000003559120 
0.12050 0.000003412080 
0.12100 0.000003265060 
0.12150 0.000003118020 
0.12200 0.000002990720 
0.12250 0.000002866640 
0.12300 0.000002742580 
0.12350 0.000002620780 
0.12400 0.000002515980 
0.12450 0.000002411180 
0.12500 0.000002306380 
0.12550 0.000002207580 
0.12600 0.000002118980 
0.12650 0.000002030380 
0.12700 0.000001941774 
0.12750 0.000001861532 
0.12800 0.000001786554 
0.12850 0.000001711578 
0.12900 0.000001636600 
0.12950 0.000001571368 
0.13000 0.000001507864 
0.13050 0.000001444362 
0.13100 0.000001381600 
0.13150 0.000001327774 
0.13200 0.000001273946 
0.13250 0.000001220118 
0.13300 0.000001168706 
0.13350 0.000001123042 
0.13400 0.000001077380 
0.13450 0.000001031716 
0.13500 0.000000989546 
0.13550 0.000000950780 
0.13600 0.000000912014 
0.13650 0.000000873248 
0.13700 0.000000838614 
0.13750 0.000000805680 
0.13800 0.000000772746 
0.13850 0.000000739814 
0.13900 0.000000711330 
0.13950 0.000000683332 
0.14000 0.000000655334 
0.14050 0.000000627696 
0.14100 0.000000603880 
0.14150 0.000000580064 
0.14200 0.000000556246 
0.14250 0.000000533354 
0.14300 0.000000513082 
0.14350 0.000000492810 
0.14400 0.000000472538 
0.14450 0.000000453546 
0.14500 0.000000436280 
0.14550 0.000000419016 
0.14600 0.000000401750 
0.14650 0.000000385968 
0.14700 0.000000371256 
0.14750 0.000000356544 
0.14800 0.000000341832 
0.14850 0.000000328694 
0.14900 0.000000316154 
0.14950 0.000000303612 
0.15000 0.000000291070 
0.15050 0.000000280114 
0.15100 0.000000269418 
0.15150 0.000000258720 
0.15200 0.000000248024 
0.15250 0.000000238868 
0.15300 0.000000229740 
0.15350 0.000000220614 
0.15400 0.000000211610 
0.15450 0.000000203820 
0.15500 0.000000196030 
0.15550 0.000000188240 
0.15600 0.000000180668 
0.15650 0.000000174017 
0.15700 0.000000167365 
0.15750 0.000000160713 
0.15800 0.000000154331 
0.15850 0.000000148649 
0.15900 0.000000142966 
0.15950 0.000000137284 
0.16000 0.000000131893 
0.16050 0.000000127038 
0.16100 0.000000122184 
0.16150 0.000000117330 
0.16200 0.000000112766 
0.16250 0.000000108618 
0.16300 0.000000104470 
0.16350 0.000000100322 
0.16400 0.000000096449 
0.16450 0.000000092903 
0.16500 0.000000089357 
0.16550 0.000000085812 
0.16600 0.000000082518 
0.16650 0.000000079487 
0.16700 0.000000076457 
0.16750 0.000000073426 
0.16800 0.000000070618 
0.16850 0.000000068026 
0.16900 0.000000065434 
0.16950 0.000000062841 
0.17000 0.000000060442 
0.17050 0.000000058225 
0.17100 0.000000056009 
0.17150 0.000000053793 
0.17200 0.000000051737 
0.17250 0.000000049841 
0.17300 0.000000047945 
0.17350 0.000000046050 
0.17400 0.000000044284 
0.17450 0.000000042662 
0.17500 0.000000041040 
0.17550 0.000000039419 
0.17600 0.000000037899 
0.17650 0.000000036512 
0.17700 0.000000035126 
0.17750 0.000000033739 
0.17800 0.000000032429 
0.17850 0.000000031243 
0.17900 0.000000030057 
0.17950 0.000000028871 
0.18000 0.000000027737 
0.18050 0.000000026722 
0.18100 0.000000025707 
0.18150 0.000000024692 
0.18200 0.000000023710 
0.18250 0.000000022842 
0.18300 0.000000021974 
0.18350 0.000000021106 
0.18400 0.000000020254 
0.18450 0.000000019512 
0.18500 0.000000018770 
0.18550 0.000000018028 
0.18600 0.000000017287 
0.18650 0.000000016652 
0.18700 0.000000016017 
0.18750 0.000000015382 
0.18800 0.000000014747 
0.18850 0.000000014195 
0.18900 0.000000013652 
0.18950 0.000000013110 
0.19000 0.000000012567 
0.19050 0.000000012084 
0.19100 0.000000011620 
0.19150 0.000000011156 
0.19200 0.000000010692 
0.19250 0.000000010269 
0.19300 0.000000009872 
0.19350 0.000000009475 
0.19400 0.000000009079 
0.19450 0.000000008709 
0.19500 0.000000008370 
0.19550 0.000000008031 
0.19600 0.000000007692 
0.19650 0.000000007368 
0.19700 0.000000007079 
0.19750 0.000000006789 
0.19800 0.000000006500 
0.19850 0.000000006216 
0.19900 0.000000005969 
0.19950 0.000000005722 
0.20000 0.000000005475 
0.20050 0.000000005228 
0.20100 0.000000005016 
0.20150 0.000000004805 
0.20200 0.000000004594 
0.20250 0.000000004383 
0.20300 0.000000004197 
0.20350 0.000000004018 
0.20400 0.000000003838 
0.20450 0.000000003658 
0.20500 0.000000003496 
0.20550 0.000000003343 
0.20600 0.000000003189 
0.20650 0.000000003036 
0.20700 0.000000002894 
0.20750 0.000000002764 
0.20800 0.000000002634 
0.20850 0.000000002504 
0.20900 0.000000002381 
0.20950 0.000000002270 
0.21000 0.000000002159 
0.21050 0.000000002049 
0.21100 0.000000001942 
0.21150 0.000000001848 
0.21200 0.000000001754 
0.21250 0.000000001659 
0.21300 0.000000001567 
0.21350 0.000000001488 
0.21400 0.000000001408 
0.21450 0.000000001329 
0.21500 0.000000001250 
0.21550 0.000000001183 
0.21600 0.000000001116 
0.21650 0.000000001049 
0.21700 0.000000000982 
0.21750 0.000000000926 
0.21800 0.000000000870 
0.21850 0.000000000813 
0.21900 0.000000000757 
0.21950 0.000000000710 
0.22000 0.000000000663 
0.22050 0.000000000616 
0.22100 0.000000000569 
0.22150 0.000000000530 
0.22200 0.000000000491 
0.22250 0.000000000452 
0.22300 0.000000000414 
0.22350 0.000000000382 
0.22400 0.000000000350 
0.22450 0.000000000318 
0.22500 0.000000000288 
0.22550 0.000000000262 
0.22600 0.000000000236 
0.22650 0.000000000210 
0.22700 0.000000000187 
0.22750 0.000000000167 
0.22800 0.000000000146 
0.22850 0.000000000126 
0.22900 0.000000000110 
0.22950 0.000000000094 
0.23000 0.000000000079 
0.23050 0.000000000065 
0.23100 0.000000000054 
0.23150 0.000000000043 
0.23200 0.000000000032 
0.23250 0.000000000024 
0.23300 0.000000000018 
0.23350 0.000000000011 
