0.00000 374.044000000000 
0.00050 322.750000000000 
0.00100 271.458000000000 
0.00150 220.164000000000 
0.00200 168.871800000000 
0.00250 136.040000000000 
0.00300 108.715800000000 
0.00350 87.660000000000 
0.00400 72.401000000000 
0.00450 58.347600000000 
0.00500 49.473200000000 
0.00550 40.598800000000 
0.00600 34.499200000000 
0.00650 29.159000000000 
0.00700 24.459000000000 
0.00750 21.151400000000 
0.00800 17.843760000000 
0.00850 15.483220000000 
0.00900 13.383080000000 
0.00950 11.429400000000 
0.01000 10.066900000000 
0.01050 8.704400000000 
0.01100 7.601640000000 
0.01150 6.700840000000 
0.01200 5.800020000000 
0.01250 5.159240000000 
0.01300 4.553600000000 
0.01350 3.978280000000 
0.01400 3.564980000000 
0.01450 3.151680000000 
0.01500 2.788860000000 
0.01550 2.503020000000 
0.01600 2.217160000000 
0.01650 1.982744000000 
0.01700 1.782632000000 
0.01750 1.582518000000 
0.01800 1.427540000000 
0.01850 1.285904000000 
0.01900 1.144268000000 
0.01950 1.039562000000 
0.02000 0.938308000000 
0.02050 0.837906000000 
0.02100 0.764858000000 
0.02150 0.691810000000 
0.02200 0.621168000000 
0.02250 0.568026000000 
0.02300 0.514882000000 
0.02350 0.464412000000 
0.02400 0.425452000000 
0.02450 0.386490000000 
0.02500 0.349920000000 
0.02550 0.321152000000 
0.02600 0.292384000000 
0.02650 0.265540000000 
0.02700 0.244160000000 
0.02750 0.222778000000 
0.02800 0.202838000000 
0.02850 0.186849600000 
0.02900 0.170861400000 
0.02950 0.155886800000 
0.03000 0.143863600000 
0.03050 0.131840200000 
0.03100 0.120482400000 
0.03150 0.111393000000 
0.03200 0.102303600000 
0.03250 0.093610000000 
0.03300 0.086704800000 
0.03350 0.079799400000 
0.03400 0.073089600000 
0.03450 0.067819400000 
0.03500 0.062549200000 
0.03550 0.057331000000 
0.03600 0.053291400000 
0.03650 0.049251600000 
0.03700 0.045212000000 
0.03750 0.042056000000 
0.03800 0.038947000000 
0.03850 0.035838000000 
0.03900 0.033324200000 
0.03950 0.030922400000 
0.04000 0.028520600000 
0.04050 0.026506600000 
0.04100 0.024644400000 
0.04150 0.022782000000 
0.04200 0.021160200000 
0.04250 0.019711380000 
0.04300 0.018262560000 
0.04350 0.016950200000 
0.04400 0.015819420000 
0.04450 0.014688640000 
0.04500 0.013622160000 
0.04550 0.012736900000 
0.04600 0.011851620000 
0.04650 0.010981560000 
0.04700 0.010286480000 
0.04750 0.009591400000 
0.04800 0.008896320000 
0.04850 0.008331800000 
0.04900 0.007784520000 
0.04950 0.007237260000 
0.05000 0.006767360000 
0.05050 0.006335320000 
0.05100 0.005903280000 
0.05150 0.005511340000 
0.05200 0.005169380000 
0.05250 0.004827440000 
0.05300 0.004499860000 
0.05350 0.004228560000 
0.05400 0.003957260000 
0.05450 0.003685960000 
0.05500 0.003467220000 
0.05550 0.003251460000 
0.05600 0.003035720000 
0.05650 0.002849480000 
0.05700 0.002677500000 
0.05750 0.002505520000 
0.05800 0.002346940000 
0.05850 0.002209560000 
0.05900 0.002072160000 
0.05950 0.001937098000 
0.06000 0.001827112000 
0.06050 0.001717128000 
0.06100 0.001607142000 
0.06150 0.001513832000 
0.06200 0.001425600000 
0.06250 0.001337368000 
0.06300 0.001256632000 
0.06350 0.001185708000 
0.06400 0.001114784000 
0.06450 0.001045022000 
0.06500 0.000987898000 
0.06550 0.000930774000 
0.06600 0.000873650000 
0.06650 0.000824466000 
0.06700 0.000778368000 
0.06750 0.000732272000 
0.06800 0.000689180000 
0.06850 0.000651910000 
0.06900 0.000614642000 
0.06950 0.000577374000 
0.07000 0.000546800000 
0.07050 0.000516614000 
0.07100 0.000486428000 
0.07150 0.000459288000 
0.07200 0.000434794000 
0.07250 0.000410300000 
0.07300 0.000386312000 
0.07350 0.000366400000 
0.07400 0.000346490000 
0.07450 0.000326580000 
0.07500 0.000309148000 
0.07550 0.000292936000 
0.07600 0.000276722000 
0.07650 0.000261154000 
0.07700 0.000247930000 
0.07750 0.000234706000 
0.07800 0.000221482000 
0.07850 0.000210062000 
0.07900 0.000199258600 
0.07950 0.000188454200 
0.08000 0.000178164400 
0.08050 0.000169322400 
0.08100 0.000160480400 
0.08150 0.000151638400 
0.08200 0.000144015000 
0.08250 0.000136767200 
0.08300 0.000129519200 
0.08350 0.000122599200 
0.08400 0.000116648600 
0.08450 0.000110698200 
0.08500 0.000104747600 
0.08550 0.000099566200 
0.08600 0.000094673000 
0.08650 0.000089779800 
0.08700 0.000085049800 
0.08750 0.000081019800 
0.08800 0.000076990000 
0.08850 0.000072960000 
0.08900 0.000069380200 
0.08950 0.000066056200 
0.09000 0.000062732200 
0.09050 0.000059450600 
0.09100 0.000056704800 
0.09150 0.000053959000 
0.09200 0.000051213200 
0.09250 0.000048703000 
0.09300 0.000046431400 
0.09350 0.000044159800 
0.09400 0.000041888200 
0.09450 0.000039970600 
0.09500 0.000038088800 
0.09550 0.000036206800 
0.09600 0.000034423800 
0.09650 0.000032862400 
0.09700 0.000031301000 
0.09750 0.000029739600 
0.09800 0.000028362200 
0.09850 0.000027065000 
0.09900 0.000025767800 
0.09950 0.000024486800 
0.10000 0.000023407600 
0.10050 0.000022328400 
0.10100 0.000021249200 
0.10150 0.000020249400 
0.10200 0.000019350380 
0.10250 0.000018451280 
0.10300 0.000017552160 
0.10350 0.000016772140 
0.10400 0.000016022120 
0.10450 0.000015272100 
0.10500 0.000014540040 
0.10550 0.000013913600 
0.10600 0.000013287140 
0.10650 0.000012660680 
0.10700 0.000012083700 
0.10750 0.000011559780 
0.10800 0.000011035860 
0.10850 0.000010511960 
0.10900 0.000010057080 
0.10950 0.000009618380 
0.11000 0.000009179680 
0.11050 0.000008750100 
0.11100 0.000008382320 
0.11150 0.000008014540 
0.11200 0.000007646760 
0.11250 0.000007304880 
0.11300 0.000006996180 
0.11350 0.000006687500 
0.11400 0.000006378800 
0.11450 0.000006106540 
0.11500 0.000005847160 
0.11550 0.000005587780 
0.11600 0.000005329680 
0.11650 0.000005111460 
0.11700 0.000004893260 
0.11750 0.000004675060 
0.11800 0.000004467720 
0.11850 0.000004283960 
0.11900 0.000004100220 
0.11950 0.000003916460 
0.12000 0.000003749760 
0.12050 0.000003594860 
0.12100 0.000003439960 
0.12150 0.000003285040 
0.12200 0.000003150920 
0.12250 0.000003020200 
0.12300 0.000002889480 
0.12350 0.000002761180 
0.12400 0.000002650760 
0.12450 0.000002540340 
0.12500 0.000002429940 
0.12550 0.000002325840 
0.12600 0.000002232480 
0.12650 0.000002139140 
0.12700 0.000002045780 
0.12750 0.000001961246 
0.12800 0.000001882254 
0.12850 0.000001803260 
0.12900 0.000001724266 
0.12950 0.000001655540 
0.13000 0.000001588634 
0.13050 0.000001521730 
0.13100 0.000001455608 
0.13150 0.000001398896 
0.13200 0.000001342186 
0.13250 0.000001285476 
0.13300 0.000001231310 
0.13350 0.000001183200 
0.13400 0.000001135090 
0.13450 0.000001086982 
0.13500 0.000001042552 
0.13550 0.000001001710 
0.13600 0.000000960866 
0.13650 0.000000920024 
0.13700 0.000000883536 
0.13750 0.000000848838 
0.13800 0.000000814140 
0.13850 0.000000779442 
0.13900 0.000000749434 
0.13950 0.000000719936 
0.14000 0.000000690438 
0.14050 0.000000661320 
0.14100 0.000000636228 
0.14150 0.000000611134 
0.14200 0.000000586042 
0.14250 0.000000561924 
0.14300 0.000000540566 
0.14350 0.000000519208 
0.14400 0.000000497850 
0.14450 0.000000477840 
0.14500 0.000000459650 
0.14550 0.000000441460 
0.14600 0.000000423270 
0.14650 0.000000406642 
0.14700 0.000000391142 
0.14750 0.000000375642 
0.14800 0.000000360142 
0.14850 0.000000346302 
0.14900 0.000000333088 
0.14950 0.000000319874 
0.15000 0.000000306662 
0.15050 0.000000295118 
0.15100 0.000000283848 
0.15150 0.000000272578 
0.15200 0.000000261310 
0.15250 0.000000251662 
0.15300 0.000000242046 
0.15350 0.000000232430 
0.15400 0.000000222946 
0.15450 0.000000214738 
0.15500 0.000000206530 
0.15550 0.000000198324 
0.15600 0.000000190346 
0.15650 0.000000183338 
0.15700 0.000000176330 
0.15750 0.000000169322 
0.15800 0.000000162598 
0.15850 0.000000156611 
0.15900 0.000000150625 
0.15950 0.000000144638 
0.16000 0.000000138957 
0.16050 0.000000133843 
0.16100 0.000000128729 
0.16150 0.000000123615 
0.16200 0.000000118807 
0.16250 0.000000114436 
0.16300 0.000000110066 
0.16350 0.000000105696 
0.16400 0.000000101615 
0.16450 0.000000097880 
0.16500 0.000000094144 
0.16550 0.000000090408 
0.16600 0.000000086938 
0.16650 0.000000083745 
0.16700 0.000000080552 
0.16750 0.000000077359 
0.16800 0.000000074400 
0.16850 0.000000071670 
0.16900 0.000000068939 
0.16950 0.000000066208 
0.17000 0.000000063679 
0.17050 0.000000061344 
0.17100 0.000000059010 
0.17150 0.000000056675 
0.17200 0.000000054509 
0.17250 0.000000052511 
0.17300 0.000000050514 
0.17350 0.000000048516 
0.17400 0.000000046656 
0.17450 0.000000044947 
0.17500 0.000000043239 
0.17550 0.000000041530 
0.17600 0.000000039929 
0.17650 0.000000038468 
0.17700 0.000000037007 
0.17750 0.000000035547 
0.17800 0.000000034166 
0.17850 0.000000032916 
0.17900 0.000000031667 
0.17950 0.000000030417 
0.18000 0.000000029223 
0.18050 0.000000028154 
0.18100 0.000000027084 
0.18150 0.000000026015 
0.18200 0.000000024980 
0.18250 0.000000024066 
0.18300 0.000000023151 
0.18350 0.000000022236 
0.18400 0.000000021338 
0.18450 0.000000020557 
0.18500 0.000000019775 
0.18550 0.000000018993 
0.18600 0.000000018213 
0.18650 0.000000017544 
0.18700 0.000000016875 
0.18750 0.000000016206 
0.18800 0.000000015537 
0.18850 0.000000014955 
0.18900 0.000000014383 
0.18950 0.000000013812 
0.19000 0.000000013240 
0.19050 0.000000012731 
0.19100 0.000000012242 
0.19150 0.000000011753 
0.19200 0.000000011264 
0.19250 0.000000010819 
0.19300 0.000000010401 
0.19350 0.000000009983 
0.19400 0.000000009565 
0.19450 0.000000009175 
0.19500 0.000000008818 
0.19550 0.000000008461 
0.19600 0.000000008104 
0.19650 0.000000007763 
0.19700 0.000000007458 
0.19750 0.000000007153 
0.19800 0.000000006848 
0.19850 0.000000006549 
0.19900 0.000000006289 
0.19950 0.000000006029 
0.20000 0.000000005768 
0.20050 0.000000005508 
0.20100 0.000000005285 
0.20150 0.000000005062 
0.20200 0.000000004840 
0.20250 0.000000004618 
0.20300 0.000000004422 
0.20350 0.000000004233 
0.20400 0.000000004044 
0.20450 0.000000003854 
0.20500 0.000000003683 
0.20550 0.000000003522 
0.20600 0.000000003360 
0.20650 0.000000003199 
0.20700 0.000000003050 
0.20750 0.000000002912 
0.20800 0.000000002775 
0.20850 0.000000002638 
0.20900 0.000000002508 
0.20950 0.000000002392 
0.21000 0.000000002275 
0.21050 0.000000002158 
0.21100 0.000000002046 
0.21150 0.000000001947 
0.21200 0.000000001848 
0.21250 0.000000001748 
0.21300 0.000000001651 
0.21350 0.000000001568 
0.21400 0.000000001484 
0.21450 0.000000001400 
0.21500 0.000000001317 
0.21550 0.000000001247 
0.21600 0.000000001176 
0.21650 0.000000001105 
0.21700 0.000000001035 
0.21750 0.000000000975 
0.21800 0.000000000916 
0.21850 0.000000000857 
0.21900 0.000000000798 
0.21950 0.000000000748 
0.22000 0.000000000699 
0.22050 0.000000000649 
0.22100 0.000000000600 
0.22150 0.000000000559 
0.22200 0.000000000517 
0.22250 0.000000000476 
0.22300 0.000000000436 
0.22350 0.000000000402 
0.22400 0.000000000369 
0.22450 0.000000000335 
0.22500 0.000000000303 
0.22550 0.000000000276 
0.22600 0.000000000249 
0.22650 0.000000000221 
0.22700 0.000000000197 
0.22750 0.000000000176 
0.22800 0.000000000154 
0.22850 0.000000000133 
0.22900 0.000000000116 
0.22950 0.000000000099 
0.23000 0.000000000083 
0.23050 0.000000000068 
0.23100 0.000000000057 
0.23150 0.000000000045 
0.23200 0.000000000034 
0.23250 0.000000000026 
0.23300 0.000000000019 
0.23350 0.000000000012 
