0.00000 393.648000000000 
0.00050 339.666000000000 
0.00100 285.686000000000 
0.00150 231.704000000000 
0.00200 177.723000000000 
0.00250 143.170200000000 
0.00300 114.414000000000 
0.00350 92.254600000000 
0.00400 76.195800000000 
0.00450 61.405800000000 
0.00500 52.066200000000 
0.00550 42.726600000000 
0.00600 36.307400000000 
0.00650 30.687200000000 
0.00700 25.741000000000 
0.00750 22.260000000000 
0.00800 18.779020000000 
0.00850 16.294740000000 
0.00900 14.084520000000 
0.00950 12.028460000000 
0.01000 10.594540000000 
0.01050 9.160620000000 
0.01100 8.000080000000 
0.01150 7.052040000000 
0.01200 6.104020000000 
0.01250 5.429640000000 
0.01300 4.792280000000 
0.01350 4.186780000000 
0.01400 3.751840000000 
0.01450 3.316880000000 
0.01500 2.935040000000 
0.01550 2.634200000000 
0.01600 2.333380000000 
0.01650 2.086660000000 
0.01700 1.876064000000 
0.01750 1.665464000000 
0.01800 1.502362000000 
0.01850 1.353302000000 
0.01900 1.204244000000 
0.01950 1.094048000000 
0.02000 0.987488000000 
0.02050 0.881824000000 
0.02100 0.804946000000 
0.02150 0.728070000000 
0.02200 0.653726000000 
0.02250 0.597798000000 
0.02300 0.541868000000 
0.02350 0.488754000000 
0.02400 0.447750000000 
0.02450 0.406746000000 
0.02500 0.368260000000 
0.02550 0.337984000000 
0.02600 0.307710000000 
0.02650 0.279458000000 
0.02700 0.256956000000 
0.02750 0.234454000000 
0.02800 0.213470000000 
0.02850 0.196643000000 
0.02900 0.179816800000 
0.02950 0.164057400000 
0.03000 0.151404000000 
0.03050 0.138750400000 
0.03100 0.126797200000 
0.03150 0.117231400000 
0.03200 0.107665600000 
0.03250 0.098516400000 
0.03300 0.091249200000 
0.03350 0.083982000000 
0.03400 0.076920600000 
0.03450 0.071374000000 
0.03500 0.065827600000 
0.03550 0.060336000000 
0.03600 0.056084600000 
0.03650 0.051833200000 
0.03700 0.047581800000 
0.03750 0.044260400000 
0.03800 0.040988400000 
0.03850 0.037716400000 
0.03900 0.035071000000 
0.03950 0.032543200000 
0.04000 0.030015400000 
0.04050 0.027896000000 
0.04100 0.025936000000 
0.04150 0.023976200000 
0.04200 0.022269200000 
0.04250 0.020744600000 
0.04300 0.019219760000 
0.04350 0.017838620000 
0.04400 0.016648560000 
0.04450 0.015458520000 
0.04500 0.014336140000 
0.04550 0.013404480000 
0.04600 0.012472800000 
0.04650 0.011557140000 
0.04700 0.010825640000 
0.04750 0.010094120000 
0.04800 0.009362620000 
0.04850 0.008768500000 
0.04900 0.008192540000 
0.04950 0.007616580000 
0.05000 0.007122060000 
0.05050 0.006667380000 
0.05100 0.006212700000 
0.05150 0.005800200000 
0.05200 0.005440340000 
0.05250 0.005080460000 
0.05300 0.004735720000 
0.05350 0.004450200000 
0.05400 0.004164680000 
0.05450 0.003879160000 
0.05500 0.003648960000 
0.05550 0.003421880000 
0.05600 0.003194820000 
0.05650 0.002998840000 
0.05700 0.002817840000 
0.05750 0.002636840000 
0.05800 0.002469940000 
0.05850 0.002325360000 
0.05900 0.002180780000 
0.05950 0.002038620000 
0.06000 0.001922878000 
0.06050 0.001807128000 
0.06100 0.001691378000 
0.06150 0.001593176000 
0.06200 0.001500320000 
0.06250 0.001407464000 
0.06300 0.001322496000 
0.06350 0.001247854000 
0.06400 0.001173214000 
0.06450 0.001099794000 
0.06500 0.001039676000 
0.06550 0.000979560000 
0.06600 0.000919442000 
0.06650 0.000867678000 
0.06700 0.000819166000 
0.06750 0.000770652000 
0.06800 0.000725302000 
0.06850 0.000686080000 
0.06900 0.000646858000 
0.06950 0.000607636000 
0.07000 0.000575460000 
0.07050 0.000543692000 
0.07100 0.000511922000 
0.07150 0.000483362000 
0.07200 0.000457584000 
0.07250 0.000431806000 
0.07300 0.000406560000 
0.07350 0.000385606000 
0.07400 0.000364652000 
0.07450 0.000343698000 
0.07500 0.000325352000 
0.07550 0.000308290000 
0.07600 0.000291226000 
0.07650 0.000274842000 
0.07700 0.000260924000 
0.07750 0.000247008000 
0.07800 0.000233090000 
0.07850 0.000221074000 
0.07900 0.000209702000 
0.07950 0.000198331800 
0.08000 0.000187502600 
0.08050 0.000178197200 
0.08100 0.000168891800 
0.08150 0.000159586200 
0.08200 0.000151563200 
0.08250 0.000143935600 
0.08300 0.000136307800 
0.08350 0.000129025200 
0.08400 0.000122762600 
0.08450 0.000116500200 
0.08500 0.000110237600 
0.08550 0.000104784800 
0.08600 0.000099635200 
0.08650 0.000094485400 
0.08700 0.000089507600 
0.08750 0.000085266400 
0.08800 0.000081025200 
0.08850 0.000076784200 
0.08900 0.000073016600 
0.08950 0.000069518400 
0.09000 0.000066020200 
0.09050 0.000062566600 
0.09100 0.000059677000 
0.09150 0.000056787200 
0.09200 0.000053897400 
0.09250 0.000051255800 
0.09300 0.000048865000 
0.09350 0.000046474400 
0.09400 0.000044083800 
0.09450 0.000042065600 
0.09500 0.000040085000 
0.09550 0.000038104400 
0.09600 0.000036228000 
0.09650 0.000034584800 
0.09700 0.000032941400 
0.09750 0.000031298200 
0.09800 0.000029848800 
0.09850 0.000028483600 
0.09900 0.000027118400 
0.09950 0.000025770400 
0.10000 0.000024634600 
0.10050 0.000023498600 
0.10100 0.000022362800 
0.10150 0.000021310800 
0.10200 0.000020364600 
0.10250 0.000019418360 
0.10300 0.000018472120 
0.10350 0.000017651220 
0.10400 0.000016861880 
0.10450 0.000016072560 
0.10500 0.000015302140 
0.10550 0.000014642840 
0.10600 0.000013983560 
0.10650 0.000013324260 
0.10700 0.000012717040 
0.10750 0.000012165660 
0.10800 0.000011614300 
0.10850 0.000011062920 
0.10900 0.000010584200 
0.10950 0.000010122500 
0.11000 0.000009660820 
0.11050 0.000009208720 
0.11100 0.000008821660 
0.11150 0.000008434620 
0.11200 0.000008047560 
0.11250 0.000007687740 
0.11300 0.000007362880 
0.11350 0.000007038000 
0.11400 0.000006713140 
0.11450 0.000006426620 
0.11500 0.000006153620 
0.11550 0.000005880640 
0.11600 0.000005609020 
0.11650 0.000005379380 
0.11700 0.000005149740 
0.11750 0.000004920100 
0.11800 0.000004701900 
0.11850 0.000004508500 
0.11900 0.000004315120 
0.11950 0.000004121740 
0.12000 0.000003946300 
0.12050 0.000003783280 
0.12100 0.000003620260 
0.12150 0.000003457220 
0.12200 0.000003316060 
0.12250 0.000003178500 
0.12300 0.000003040940 
0.12350 0.000002905900 
0.12400 0.000002789700 
0.12450 0.000002673500 
0.12500 0.000002557300 
0.12550 0.000002447740 
0.12600 0.000002349500 
0.12650 0.000002251260 
0.12700 0.000002153020 
0.12750 0.000002064040 
0.12800 0.000001980908 
0.12850 0.000001897774 
0.12900 0.000001814640 
0.12950 0.000001742312 
0.13000 0.000001671900 
0.13050 0.000001601490 
0.13100 0.000001531900 
0.13150 0.000001472218 
0.13200 0.000001412534 
0.13250 0.000001352852 
0.13300 0.000001295846 
0.13350 0.000001245216 
0.13400 0.000001194584 
0.13450 0.000001143954 
0.13500 0.000001097196 
0.13550 0.000001054212 
0.13600 0.000001011228 
0.13650 0.000000968246 
0.13700 0.000000929844 
0.13750 0.000000893328 
0.13800 0.000000856812 
0.13850 0.000000820296 
0.13900 0.000000788714 
0.13950 0.000000757670 
0.14000 0.000000726626 
0.14050 0.000000695982 
0.14100 0.000000669574 
0.14150 0.000000643166 
0.14200 0.000000616760 
0.14250 0.000000591376 
0.14300 0.000000568900 
0.14350 0.000000546422 
0.14400 0.000000523944 
0.14450 0.000000502886 
0.14500 0.000000483742 
0.14550 0.000000464598 
0.14600 0.000000445456 
0.14650 0.000000427956 
0.14700 0.000000411644 
0.14750 0.000000395332 
0.14800 0.000000379018 
0.14850 0.000000364452 
0.14900 0.000000350546 
0.14950 0.000000336640 
0.15000 0.000000322734 
0.15050 0.000000310586 
0.15100 0.000000298726 
0.15150 0.000000286866 
0.15200 0.000000275006 
0.15250 0.000000264854 
0.15300 0.000000254734 
0.15350 0.000000244614 
0.15400 0.000000234630 
0.15450 0.000000225994 
0.15500 0.000000217356 
0.15550 0.000000208718 
0.15600 0.000000200322 
0.15650 0.000000192947 
0.15700 0.000000185572 
0.15750 0.000000178197 
0.15800 0.000000171120 
0.15850 0.000000164820 
0.15900 0.000000158519 
0.15950 0.000000152219 
0.16000 0.000000146241 
0.16050 0.000000140859 
0.16100 0.000000135476 
0.16150 0.000000130094 
0.16200 0.000000125034 
0.16250 0.000000120434 
0.16300 0.000000115835 
0.16350 0.000000111235 
0.16400 0.000000106941 
0.16450 0.000000103010 
0.16500 0.000000099078 
0.16550 0.000000095147 
0.16600 0.000000091495 
0.16650 0.000000088134 
0.16700 0.000000084774 
0.16750 0.000000081414 
0.16800 0.000000078300 
0.16850 0.000000075426 
0.16900 0.000000072552 
0.16950 0.000000069678 
0.17000 0.000000067017 
0.17050 0.000000064560 
0.17100 0.000000062102 
0.17150 0.000000059645 
0.17200 0.000000057366 
0.17250 0.000000055263 
0.17300 0.000000053161 
0.17350 0.000000051059 
0.17400 0.000000049101 
0.17450 0.000000047303 
0.17500 0.000000045505 
0.17550 0.000000043707 
0.17600 0.000000042022 
0.17650 0.000000040484 
0.17700 0.000000038947 
0.17750 0.000000037410 
0.17800 0.000000035956 
0.17850 0.000000034641 
0.17900 0.000000033326 
0.17950 0.000000032011 
0.18000 0.000000030755 
0.18050 0.000000029629 
0.18100 0.000000028504 
0.18150 0.000000027379 
0.18200 0.000000026290 
0.18250 0.000000025327 
0.18300 0.000000024364 
0.18350 0.000000023402 
0.18400 0.000000022457 
0.18450 0.000000021634 
0.18500 0.000000020811 
0.18550 0.000000019989 
0.18600 0.000000019168 
0.18650 0.000000018464 
0.18700 0.000000017760 
0.18750 0.000000017056 
0.18800 0.000000016351 
0.18850 0.000000015739 
0.18900 0.000000015137 
0.18950 0.000000014536 
0.19000 0.000000013934 
0.19050 0.000000013399 
0.19100 0.000000012884 
0.19150 0.000000012369 
0.19200 0.000000011855 
0.19250 0.000000011386 
0.19300 0.000000010946 
0.19350 0.000000010506 
0.19400 0.000000010066 
0.19450 0.000000009656 
0.19500 0.000000009280 
0.19550 0.000000008905 
0.19600 0.000000008529 
0.19650 0.000000008170 
0.19700 0.000000007849 
0.19750 0.000000007528 
0.19800 0.000000007207 
0.19850 0.000000006893 
0.19900 0.000000006619 
0.19950 0.000000006345 
0.20000 0.000000006071 
0.20050 0.000000005797 
0.20100 0.000000005562 
0.20150 0.000000005328 
0.20200 0.000000005094 
0.20250 0.000000004860 
0.20300 0.000000004654 
0.20350 0.000000004455 
0.20400 0.000000004256 
0.20450 0.000000004056 
0.20500 0.000000003876 
0.20550 0.000000003706 
0.20600 0.000000003536 
0.20650 0.000000003366 
0.20700 0.000000003209 
0.20750 0.000000003065 
0.20800 0.000000002921 
0.20850 0.000000002776 
0.20900 0.000000002640 
0.20950 0.000000002517 
0.21000 0.000000002394 
0.21050 0.000000002271 
0.21100 0.000000002153 
0.21150 0.000000002049 
0.21200 0.000000001944 
0.21250 0.000000001840 
0.21300 0.000000001738 
0.21350 0.000000001650 
0.21400 0.000000001562 
0.21450 0.000000001474 
0.21500 0.000000001386 
0.21550 0.000000001312 
0.21600 0.000000001238 
0.21650 0.000000001163 
0.21700 0.000000001089 
0.21750 0.000000001026 
0.21800 0.000000000964 
0.21850 0.000000000902 
0.21900 0.000000000840 
0.21950 0.000000000787 
0.22000 0.000000000735 
0.22050 0.000000000683 
0.22100 0.000000000631 
0.22150 0.000000000588 
0.22200 0.000000000544 
0.22250 0.000000000501 
0.22300 0.000000000459 
0.22350 0.000000000423 
0.22400 0.000000000388 
0.22450 0.000000000353 
0.22500 0.000000000319 
0.22550 0.000000000290 
0.22600 0.000000000262 
0.22650 0.000000000233 
0.22700 0.000000000208 
0.22750 0.000000000185 
0.22800 0.000000000162 
0.22850 0.000000000140 
0.22900 0.000000000122 
0.22950 0.000000000105 
0.23000 0.000000000088 
0.23050 0.000000000072 
0.23100 0.000000000060 
0.23150 0.000000000048 
0.23200 0.000000000036 
0.23250 0.000000000027 
0.23300 0.000000000020 
0.23350 0.000000000013 
