0.00000 425.070000000000 
0.00050 366.780000000000 
0.00100 308.490000000000 
0.00150 250.200000000000 
0.00200 191.909200000000 
0.00250 154.598400000000 
0.00300 123.546800000000 
0.00350 99.618600000000 
0.00400 82.278000000000 
0.00450 66.307400000000 
0.00500 56.222200000000 
0.00550 46.137200000000 
0.00600 39.205600000000 
0.00650 33.136800000000 
0.00700 27.795800000000 
0.00750 24.036800000000 
0.00800 20.278000000000 
0.00850 17.595440000000 
0.00900 15.208780000000 
0.00950 12.988600000000 
0.01000 11.440220000000 
0.01050 9.891840000000 
0.01100 8.638660000000 
0.01150 7.614960000000 
0.01200 6.591260000000 
0.01250 5.863060000000 
0.01300 5.174800000000 
0.01350 4.520980000000 
0.01400 4.051320000000 
0.01450 3.581640000000 
0.01500 3.169320000000 
0.01550 2.844480000000 
0.01600 2.519620000000 
0.01650 2.253220000000 
0.01700 2.025820000000 
0.01750 1.798406000000 
0.01800 1.622284000000 
0.01850 1.461326000000 
0.01900 1.300368000000 
0.01950 1.181378000000 
0.02000 1.066312000000 
0.02050 0.952214000000 
0.02100 0.869200000000 
0.02150 0.786186000000 
0.02200 0.705908000000 
0.02250 0.645514000000 
0.02300 0.585120000000 
0.02350 0.527768000000 
0.02400 0.483490000000 
0.02450 0.439214000000 
0.02500 0.397656000000 
0.02550 0.364964000000 
0.02600 0.332272000000 
0.02650 0.301766000000 
0.02700 0.277468000000 
0.02750 0.253170000000 
0.02800 0.230508000000 
0.02850 0.212340000000 
0.02900 0.194170200000 
0.02950 0.177152800000 
0.03000 0.163489400000 
0.03050 0.149825800000 
0.03100 0.136918400000 
0.03150 0.126589000000 
0.03200 0.116259600000 
0.03250 0.106380200000 
0.03300 0.098533000000 
0.03350 0.090685600000 
0.03400 0.083060600000 
0.03450 0.077071400000 
0.03500 0.071082200000 
0.03550 0.065152000000 
0.03600 0.060561400000 
0.03650 0.055970600000 
0.03700 0.051379800000 
0.03750 0.047793400000 
0.03800 0.044260200000 
0.03850 0.040727000000 
0.03900 0.037870400000 
0.03950 0.035140800000 
0.04000 0.032411200000 
0.04050 0.030122600000 
0.04100 0.028006400000 
0.04150 0.025890000000 
0.04200 0.024046800000 
0.04250 0.022400400000 
0.04300 0.020754000000 
0.04350 0.019262540000 
0.04400 0.017977500000 
0.04450 0.016692460000 
0.04500 0.015480480000 
0.04550 0.014474440000 
0.04600 0.013468420000 
0.04650 0.012479660000 
0.04700 0.011689760000 
0.04750 0.010899860000 
0.04800 0.010109960000 
0.04850 0.009468420000 
0.04900 0.008846480000 
0.04950 0.008224560000 
0.05000 0.007690560000 
0.05050 0.007199580000 
0.05100 0.006708600000 
0.05150 0.006263180000 
0.05200 0.005874600000 
0.05250 0.005486000000 
0.05300 0.005113720000 
0.05350 0.004805420000 
0.05400 0.004497100000 
0.05450 0.004188800000 
0.05500 0.003940220000 
0.05550 0.003695040000 
0.05600 0.003449840000 
0.05650 0.003238200000 
0.05700 0.003042760000 
0.05750 0.002847320000 
0.05800 0.002667100000 
0.05850 0.002510980000 
0.05900 0.002354840000 
0.05950 0.002201360000 
0.06000 0.002076360000 
0.06050 0.001951376000 
0.06100 0.001826388000 
0.06150 0.001720348000 
0.06200 0.001620080000 
0.06250 0.001519812000 
0.06300 0.001428060000 
0.06350 0.001347462000 
0.06400 0.001266862000 
0.06450 0.001187582000 
0.06500 0.001122666000 
0.06550 0.001057750000 
0.06600 0.000992834000 
0.06650 0.000936938000 
0.06700 0.000884554000 
0.06750 0.000832168000 
0.06800 0.000783196000 
0.06850 0.000740844000 
0.06900 0.000698492000 
0.06950 0.000656138000 
0.07000 0.000621394000 
0.07050 0.000587090000 
0.07100 0.000552786000 
0.07150 0.000521944000 
0.07200 0.000494108000 
0.07250 0.000466274000 
0.07300 0.000439012000 
0.07350 0.000416386000 
0.07400 0.000393758000 
0.07450 0.000371132000 
0.07500 0.000351322000 
0.07550 0.000332898000 
0.07600 0.000314474000 
0.07650 0.000296780000 
0.07700 0.000281752000 
0.07750 0.000266724000 
0.07800 0.000251696000 
0.07850 0.000238720000 
0.07900 0.000226442000 
0.07950 0.000214164000 
0.08000 0.000202470000 
0.08050 0.000192421400 
0.08100 0.000182373000 
0.08150 0.000172324800 
0.08200 0.000163661400 
0.08250 0.000155424800 
0.08300 0.000147188200 
0.08350 0.000139324200 
0.08400 0.000132561800 
0.08450 0.000125799400 
0.08500 0.000119037000 
0.08550 0.000113149000 
0.08600 0.000107588200 
0.08650 0.000102027600 
0.08700 0.000096652200 
0.08750 0.000092072600 
0.08800 0.000087492800 
0.08850 0.000082913200 
0.08900 0.000078845000 
0.08950 0.000075067600 
0.09000 0.000071290000 
0.09050 0.000067560800 
0.09100 0.000064440400 
0.09150 0.000061320000 
0.09200 0.000058199600 
0.09250 0.000055347000 
0.09300 0.000052765600 
0.09350 0.000050184000 
0.09400 0.000047602600 
0.09450 0.000045423400 
0.09500 0.000043284800 
0.09550 0.000041146000 
0.09600 0.000039119800 
0.09650 0.000037345400 
0.09700 0.000035571000 
0.09750 0.000033796600 
0.09800 0.000032231400 
0.09850 0.000030757200 
0.09900 0.000029283000 
0.09950 0.000027827400 
0.10000 0.000026600800 
0.10050 0.000025374400 
0.10100 0.000024148000 
0.10150 0.000023012000 
0.10200 0.000021990200 
0.10250 0.000020968400 
0.10300 0.000019946620 
0.10350 0.000019060180 
0.10400 0.000018207840 
0.10450 0.000017355500 
0.10500 0.000016523580 
0.10550 0.000015811680 
0.10600 0.000015099760 
0.10650 0.000014387840 
0.10700 0.000013732140 
0.10750 0.000013136760 
0.10800 0.000012541380 
0.10850 0.000011945980 
0.10900 0.000011429060 
0.10950 0.000010930520 
0.11000 0.000010431980 
0.11050 0.000009943780 
0.11100 0.000009525840 
0.11150 0.000009107880 
0.11200 0.000008689940 
0.11250 0.000008301400 
0.11300 0.000007950600 
0.11350 0.000007599800 
0.11400 0.000007249000 
0.11450 0.000006939600 
0.11500 0.000006644820 
0.11550 0.000006350060 
0.11600 0.000006056740 
0.11650 0.000005808780 
0.11700 0.000005560800 
0.11750 0.000005312840 
0.11800 0.000005077200 
0.11850 0.000004868380 
0.11900 0.000004659560 
0.11950 0.000004450740 
0.12000 0.000004261300 
0.12050 0.000004085260 
0.12100 0.000003909220 
0.12150 0.000003733200 
0.12200 0.000003580760 
0.12250 0.000003432220 
0.12300 0.000003283660 
0.12350 0.000003137840 
0.12400 0.000003012380 
0.12450 0.000002886900 
0.12500 0.000002761420 
0.12550 0.000002643120 
0.12600 0.000002537040 
0.12650 0.000002430960 
0.12700 0.000002324880 
0.12750 0.000002228800 
0.12800 0.000002139020 
0.12850 0.000002049260 
0.12900 0.000001959490 
0.12950 0.000001881386 
0.13000 0.000001805356 
0.13050 0.000001729324 
0.13100 0.000001654180 
0.13150 0.000001589734 
0.13200 0.000001525286 
0.13250 0.000001460840 
0.13300 0.000001399284 
0.13350 0.000001344612 
0.13400 0.000001289940 
0.13450 0.000001235266 
0.13500 0.000001184778 
0.13550 0.000001138362 
0.13600 0.000001091948 
0.13650 0.000001045532 
0.13700 0.000001004066 
0.13750 0.000000964636 
0.13800 0.000000925204 
0.13850 0.000000885774 
0.13900 0.000000851672 
0.13950 0.000000818150 
0.14000 0.000000784628 
0.14050 0.000000751536 
0.14100 0.000000723020 
0.14150 0.000000694506 
0.14200 0.000000665990 
0.14250 0.000000638582 
0.14300 0.000000614310 
0.14350 0.000000590038 
0.14400 0.000000565766 
0.14450 0.000000543028 
0.14500 0.000000522356 
0.14550 0.000000501684 
0.14600 0.000000481012 
0.14650 0.000000462116 
0.14700 0.000000444502 
0.14750 0.000000426888 
0.14800 0.000000409272 
0.14850 0.000000393544 
0.14900 0.000000378528 
0.14950 0.000000363512 
0.15000 0.000000348496 
0.15050 0.000000335378 
0.15100 0.000000322572 
0.15150 0.000000309764 
0.15200 0.000000296956 
0.15250 0.000000285994 
0.15300 0.000000275066 
0.15350 0.000000264138 
0.15400 0.000000253360 
0.15450 0.000000244032 
0.15500 0.000000234706 
0.15550 0.000000225378 
0.15600 0.000000216312 
0.15650 0.000000208348 
0.15700 0.000000200384 
0.15750 0.000000192421 
0.15800 0.000000184779 
0.15850 0.000000177976 
0.15900 0.000000171173 
0.15950 0.000000164369 
0.16000 0.000000157914 
0.16050 0.000000152102 
0.16100 0.000000146290 
0.16150 0.000000140479 
0.16200 0.000000135014 
0.16250 0.000000130048 
0.16300 0.000000125081 
0.16350 0.000000120114 
0.16400 0.000000115478 
0.16450 0.000000111232 
0.16500 0.000000106987 
0.16550 0.000000102742 
0.16600 0.000000098798 
0.16650 0.000000095169 
0.16700 0.000000091541 
0.16750 0.000000087912 
0.16800 0.000000084550 
0.16850 0.000000081447 
0.16900 0.000000078343 
0.16950 0.000000075240 
0.17000 0.000000072366 
0.17050 0.000000069713 
0.17100 0.000000067060 
0.17150 0.000000064406 
0.17200 0.000000061945 
0.17250 0.000000059675 
0.17300 0.000000057405 
0.17350 0.000000055135 
0.17400 0.000000053020 
0.17450 0.000000051079 
0.17500 0.000000049137 
0.17550 0.000000047196 
0.17600 0.000000045376 
0.17650 0.000000043716 
0.17700 0.000000042056 
0.17750 0.000000040396 
0.17800 0.000000038826 
0.17850 0.000000037406 
0.17900 0.000000035986 
0.17950 0.000000034566 
0.18000 0.000000033209 
0.18050 0.000000031994 
0.18100 0.000000030779 
0.18150 0.000000029564 
0.18200 0.000000028388 
0.18250 0.000000027349 
0.18300 0.000000026309 
0.18350 0.000000025270 
0.18400 0.000000024249 
0.18450 0.000000023361 
0.18500 0.000000022473 
0.18550 0.000000021584 
0.18600 0.000000020698 
0.18650 0.000000019937 
0.18700 0.000000019177 
0.18750 0.000000018417 
0.18800 0.000000017657 
0.18850 0.000000016995 
0.18900 0.000000016346 
0.18950 0.000000015696 
0.19000 0.000000015047 
0.19050 0.000000014468 
0.19100 0.000000013912 
0.19150 0.000000013357 
0.19200 0.000000012801 
0.19250 0.000000012295 
0.19300 0.000000011820 
0.19350 0.000000011345 
0.19400 0.000000010870 
0.19450 0.000000010427 
0.19500 0.000000010021 
0.19550 0.000000009615 
0.19600 0.000000009210 
0.19650 0.000000008822 
0.19700 0.000000008475 
0.19750 0.000000008129 
0.19800 0.000000007782 
0.19850 0.000000007443 
0.19900 0.000000007147 
0.19950 0.000000006851 
0.20000 0.000000006555 
0.20050 0.000000006259 
0.20100 0.000000006006 
0.20150 0.000000005753 
0.20200 0.000000005500 
0.20250 0.000000005248 
0.20300 0.000000005026 
0.20350 0.000000004810 
0.20400 0.000000004595 
0.20450 0.000000004380 
0.20500 0.000000004186 
0.20550 0.000000004002 
0.20600 0.000000003819 
0.20650 0.000000003635 
0.20700 0.000000003466 
0.20750 0.000000003310 
0.20800 0.000000003154 
0.20850 0.000000002998 
0.20900 0.000000002851 
0.20950 0.000000002718 
0.21000 0.000000002585 
0.21050 0.000000002453 
0.21100 0.000000002325 
0.21150 0.000000002212 
0.21200 0.000000002100 
0.21250 0.000000001987 
0.21300 0.000000001877 
0.21350 0.000000001781 
0.21400 0.000000001686 
0.21450 0.000000001591 
0.21500 0.000000001497 
0.21550 0.000000001417 
0.21600 0.000000001336 
0.21650 0.000000001256 
0.21700 0.000000001176 
0.21750 0.000000001108 
0.21800 0.000000001041 
0.21850 0.000000000974 
0.21900 0.000000000907 
0.21950 0.000000000850 
0.22000 0.000000000794 
0.22050 0.000000000738 
0.22100 0.000000000682 
0.22150 0.000000000635 
0.22200 0.000000000588 
0.22250 0.000000000541 
0.22300 0.000000000495 
0.22350 0.000000000457 
0.22400 0.000000000419 
0.22450 0.000000000381 
0.22500 0.000000000345 
0.22550 0.000000000314 
0.22600 0.000000000283 
0.22650 0.000000000252 
0.22700 0.000000000224 
0.22750 0.000000000200 
0.22800 0.000000000175 
0.22850 0.000000000151 
0.22900 0.000000000131 
0.22950 0.000000000113 
0.23000 0.000000000095 
0.23050 0.000000000077 
0.23100 0.000000000064 
0.23150 0.000000000051 
0.23200 0.000000000038 
0.23250 0.000000000029 
0.23300 0.000000000021 
0.23350 0.000000000014 
