0.00000 466.654000000000 
0.00050 402.662000000000 
0.00100 338.670000000000 
0.00150 274.676000000000 
0.00200 210.684000000000 
0.00250 169.723000000000 
0.00300 135.633600000000 
0.00350 109.364200000000 
0.00400 90.327200000000 
0.00450 72.794200000000 
0.00500 61.722400000000 
0.00550 50.650800000000 
0.00600 43.041000000000 
0.00650 36.378600000000 
0.00700 30.515000000000 
0.00750 26.388400000000 
0.00800 22.261800000000 
0.00850 19.316800000000 
0.00900 16.696660000000 
0.00950 14.259280000000 
0.01000 12.559420000000 
0.01050 10.859580000000 
0.01100 9.483780000000 
0.01150 8.359940000000 
0.01200 7.236080000000 
0.01250 6.436640000000 
0.01300 5.681060000000 
0.01350 4.963280000000 
0.01400 4.447660000000 
0.01450 3.932020000000 
0.01500 3.479380000000 
0.01550 3.122740000000 
0.01600 2.766120000000 
0.01650 2.473660000000 
0.01700 2.224000000000 
0.01750 1.974344000000 
0.01800 1.780992000000 
0.01850 1.604288000000 
0.01900 1.427584000000 
0.01950 1.296954000000 
0.02000 1.170630000000 
0.02050 1.045370000000 
0.02100 0.954234000000 
0.02150 0.863098000000 
0.02200 0.774968000000 
0.02250 0.708666000000 
0.02300 0.642364000000 
0.02350 0.579400000000 
0.02400 0.530792000000 
0.02450 0.482182000000 
0.02500 0.436560000000 
0.02550 0.400668000000 
0.02600 0.364778000000 
0.02650 0.331288000000 
0.02700 0.304612000000 
0.02750 0.277938000000 
0.02800 0.253060000000 
0.02850 0.233112000000 
0.02900 0.213166000000 
0.02950 0.194483800000 
0.03000 0.179483600000 
0.03050 0.164483400000 
0.03100 0.150313400000 
0.03150 0.138973400000 
0.03200 0.127633400000 
0.03250 0.116787600000 
0.03300 0.108172400000 
0.03350 0.099557400000 
0.03400 0.091186400000 
0.03450 0.084611200000 
0.03500 0.078036200000 
0.03550 0.071526000000 
0.03600 0.066486000000 
0.03650 0.061446200000 
0.03700 0.056406400000 
0.03750 0.052469000000 
0.03800 0.048590200000 
0.03850 0.044711400000 
0.03900 0.041575200000 
0.03950 0.038578600000 
0.04000 0.035582000000 
0.04050 0.033069600000 
0.04100 0.030746200000 
0.04150 0.028422800000 
0.04200 0.026399400000 
0.04250 0.024591800000 
0.04300 0.022784400000 
0.04350 0.021147000000 
0.04400 0.019736240000 
0.04450 0.018325500000 
0.04500 0.016994960000 
0.04550 0.015890500000 
0.04600 0.014786040000 
0.04650 0.013700560000 
0.04700 0.012833380000 
0.04750 0.011966200000 
0.04800 0.011099020000 
0.04850 0.010394720000 
0.04900 0.009711940000 
0.04950 0.009029160000 
0.05000 0.008442940000 
0.05050 0.007903920000 
0.05100 0.007364920000 
0.05150 0.006875920000 
0.05200 0.006449300000 
0.05250 0.006022700000 
0.05300 0.005614000000 
0.05350 0.005275540000 
0.05400 0.004937060000 
0.05450 0.004598580000 
0.05500 0.004325700000 
0.05550 0.004056520000 
0.05600 0.003787340000 
0.05650 0.003555000000 
0.05700 0.003340440000 
0.05750 0.003125880000 
0.05800 0.002928020000 
0.05850 0.002756620000 
0.05900 0.002585220000 
0.05950 0.002416720000 
0.06000 0.002279500000 
0.06050 0.002142280000 
0.06100 0.002005060000 
0.06150 0.001888650000 
0.06200 0.001778574000 
0.06250 0.001668496000 
0.06300 0.001567768000 
0.06350 0.001479284000 
0.06400 0.001390800000 
0.06450 0.001303764000 
0.06500 0.001232498000 
0.06550 0.001161230000 
0.06600 0.001089964000 
0.06650 0.001028600000 
0.06700 0.000971090000 
0.06750 0.000913580000 
0.06800 0.000859818000 
0.06850 0.000813322000 
0.06900 0.000766824000 
0.06950 0.000720328000 
0.07000 0.000682186000 
0.07050 0.000644526000 
0.07100 0.000606866000 
0.07150 0.000573006000 
0.07200 0.000542448000 
0.07250 0.000511890000 
0.07300 0.000481960000 
0.07350 0.000457120000 
0.07400 0.000432280000 
0.07450 0.000407440000 
0.07500 0.000385692000 
0.07550 0.000365464000 
0.07600 0.000345238000 
0.07650 0.000325814000 
0.07700 0.000309316000 
0.07750 0.000292818000 
0.07800 0.000276320000 
0.07850 0.000262074000 
0.07900 0.000248594000 
0.07950 0.000235114000 
0.08000 0.000222278000 
0.08050 0.000211246000 
0.08100 0.000200214000 
0.08150 0.000189183400 
0.08200 0.000179672600 
0.08250 0.000170630200 
0.08300 0.000161587800 
0.08350 0.000152954400 
0.08400 0.000145530400 
0.08450 0.000138106600 
0.08500 0.000130682600 
0.08550 0.000124218400 
0.08600 0.000118113600 
0.08650 0.000112009000 
0.08700 0.000106107800 
0.08750 0.000101080000 
0.08800 0.000096052400 
0.08850 0.000091024600 
0.08900 0.000086558400 
0.08950 0.000082411400 
0.09000 0.000078264400 
0.09050 0.000074170400 
0.09100 0.000070744800 
0.09150 0.000067319000 
0.09200 0.000063893400 
0.09250 0.000060761800 
0.09300 0.000057927600 
0.09350 0.000055093600 
0.09400 0.000052259600 
0.09450 0.000049867200 
0.09500 0.000047519400 
0.09550 0.000045171400 
0.09600 0.000042946800 
0.09650 0.000040998800 
0.09700 0.000039050800 
0.09750 0.000037102800 
0.09800 0.000035384600 
0.09850 0.000033766200 
0.09900 0.000032147800 
0.09950 0.000030549800 
0.10000 0.000029203200 
0.10050 0.000027856800 
0.10100 0.000026510400 
0.10150 0.000025263200 
0.10200 0.000024141400 
0.10250 0.000023019800 
0.10300 0.000021898000 
0.10350 0.000020924800 
0.10400 0.000019989120 
0.10450 0.000019053400 
0.10500 0.000018140100 
0.10550 0.000017358540 
0.10600 0.000016576980 
0.10650 0.000015795400 
0.10700 0.000015075560 
0.10750 0.000014421940 
0.10800 0.000013768300 
0.10850 0.000013114680 
0.10900 0.000012547160 
0.10950 0.000011999860 
0.11000 0.000011452540 
0.11050 0.000010916600 
0.11100 0.000010457760 
0.11150 0.000009998920 
0.11200 0.000009540080 
0.11250 0.000009113520 
0.11300 0.000008728420 
0.11350 0.000008343300 
0.11400 0.000007958180 
0.11450 0.000007618500 
0.11500 0.000007294900 
0.11550 0.000006971280 
0.11600 0.000006649280 
0.11650 0.000006377040 
0.11700 0.000006104820 
0.11750 0.000005832600 
0.11800 0.000005573920 
0.11850 0.000005344660 
0.11900 0.000005115420 
0.11950 0.000004886160 
0.12000 0.000004678180 
0.12050 0.000004484920 
0.12100 0.000004291680 
0.12150 0.000004098420 
0.12200 0.000003931080 
0.12250 0.000003767980 
0.12300 0.000003604900 
0.12350 0.000003444820 
0.12400 0.000003307080 
0.12450 0.000003169320 
0.12500 0.000003031580 
0.12550 0.000002901700 
0.12600 0.000002785240 
0.12650 0.000002668780 
0.12700 0.000002552320 
0.12750 0.000002446840 
0.12800 0.000002348300 
0.12850 0.000002249740 
0.12900 0.000002151180 
0.12950 0.000002065440 
0.13000 0.000001981974 
0.13050 0.000001898506 
0.13100 0.000001816010 
0.13150 0.000001745258 
0.13200 0.000001674506 
0.13250 0.000001603754 
0.13300 0.000001536176 
0.13350 0.000001476156 
0.13400 0.000001416134 
0.13450 0.000001356114 
0.13500 0.000001300684 
0.13550 0.000001249730 
0.13600 0.000001198774 
0.13650 0.000001147818 
0.13700 0.000001102296 
0.13750 0.000001059006 
0.13800 0.000001015718 
0.13850 0.000000972430 
0.13900 0.000000934992 
0.13950 0.000000898190 
0.14000 0.000000861388 
0.14050 0.000000825060 
0.14100 0.000000793754 
0.14150 0.000000762450 
0.14200 0.000000731144 
0.14250 0.000000701054 
0.14300 0.000000674408 
0.14350 0.000000647762 
0.14400 0.000000621116 
0.14450 0.000000596152 
0.14500 0.000000573458 
0.14550 0.000000550764 
0.14600 0.000000528070 
0.14650 0.000000507326 
0.14700 0.000000487988 
0.14750 0.000000468650 
0.14800 0.000000449312 
0.14850 0.000000432044 
0.14900 0.000000415560 
0.14950 0.000000399074 
0.15000 0.000000382590 
0.15050 0.000000368188 
0.15100 0.000000354128 
0.15150 0.000000340068 
0.15200 0.000000326008 
0.15250 0.000000313974 
0.15300 0.000000301976 
0.15350 0.000000289980 
0.15400 0.000000278146 
0.15450 0.000000267906 
0.15500 0.000000257668 
0.15550 0.000000247428 
0.15600 0.000000237474 
0.15650 0.000000228732 
0.15700 0.000000219988 
0.15750 0.000000211246 
0.15800 0.000000202856 
0.15850 0.000000195387 
0.15900 0.000000187919 
0.15950 0.000000180450 
0.16000 0.000000173363 
0.16050 0.000000166983 
0.16100 0.000000160602 
0.16150 0.000000154222 
0.16200 0.000000148223 
0.16250 0.000000142770 
0.16300 0.000000137318 
0.16350 0.000000131865 
0.16400 0.000000126775 
0.16450 0.000000122114 
0.16500 0.000000117454 
0.16550 0.000000112793 
0.16600 0.000000108464 
0.16650 0.000000104480 
0.16700 0.000000100496 
0.16750 0.000000096513 
0.16800 0.000000092822 
0.16850 0.000000089415 
0.16900 0.000000086007 
0.16950 0.000000082600 
0.17000 0.000000079446 
0.17050 0.000000076533 
0.17100 0.000000073620 
0.17150 0.000000070707 
0.17200 0.000000068005 
0.17250 0.000000065513 
0.17300 0.000000063021 
0.17350 0.000000060529 
0.17400 0.000000058208 
0.17450 0.000000056076 
0.17500 0.000000053944 
0.17550 0.000000051813 
0.17600 0.000000049815 
0.17650 0.000000047993 
0.17700 0.000000046170 
0.17750 0.000000044348 
0.17800 0.000000042625 
0.17850 0.000000041066 
0.17900 0.000000039507 
0.17950 0.000000037948 
0.18000 0.000000036458 
0.18050 0.000000035124 
0.18100 0.000000033790 
0.18150 0.000000032456 
0.18200 0.000000031165 
0.18250 0.000000030024 
0.18300 0.000000028883 
0.18350 0.000000027742 
0.18400 0.000000026622 
0.18450 0.000000025646 
0.18500 0.000000024671 
0.18550 0.000000023696 
0.18600 0.000000022723 
0.18650 0.000000021888 
0.18700 0.000000021053 
0.18750 0.000000020219 
0.18800 0.000000019384 
0.18850 0.000000018658 
0.18900 0.000000017945 
0.18950 0.000000017232 
0.19000 0.000000016519 
0.19050 0.000000015884 
0.19100 0.000000015273 
0.19150 0.000000014663 
0.19200 0.000000014053 
0.19250 0.000000013498 
0.19300 0.000000012976 
0.19350 0.000000012455 
0.19400 0.000000011933 
0.19450 0.000000011447 
0.19500 0.000000011002 
0.19550 0.000000010556 
0.19600 0.000000010111 
0.19650 0.000000009685 
0.19700 0.000000009304 
0.19750 0.000000008924 
0.19800 0.000000008543 
0.19850 0.000000008171 
0.19900 0.000000007846 
0.19950 0.000000007521 
0.20000 0.000000007197 
0.20050 0.000000006872 
0.20100 0.000000006593 
0.20150 0.000000006316 
0.20200 0.000000006038 
0.20250 0.000000005761 
0.20300 0.000000005517 
0.20350 0.000000005281 
0.20400 0.000000005045 
0.20450 0.000000004809 
0.20500 0.000000004595 
0.20550 0.000000004394 
0.20600 0.000000004192 
0.20650 0.000000003991 
0.20700 0.000000003805 
0.20750 0.000000003634 
0.20800 0.000000003462 
0.20850 0.000000003291 
0.20900 0.000000003130 
0.20950 0.000000002984 
0.21000 0.000000002838 
0.21050 0.000000002693 
0.21100 0.000000002552 
0.21150 0.000000002429 
0.21200 0.000000002305 
0.21250 0.000000002181 
0.21300 0.000000002060 
0.21350 0.000000001956 
0.21400 0.000000001851 
0.21450 0.000000001747 
0.21500 0.000000001643 
0.21550 0.000000001555 
0.21600 0.000000001467 
0.21650 0.000000001379 
0.21700 0.000000001291 
0.21750 0.000000001217 
0.21800 0.000000001143 
0.21850 0.000000001069 
0.21900 0.000000000995 
0.21950 0.000000000933 
0.22000 0.000000000872 
0.22050 0.000000000810 
0.22100 0.000000000748 
0.22150 0.000000000697 
0.22200 0.000000000645 
0.22250 0.000000000594 
0.22300 0.000000000544 
0.22350 0.000000000502 
0.22400 0.000000000460 
0.22450 0.000000000418 
0.22500 0.000000000378 
0.22550 0.000000000344 
0.22600 0.000000000310 
0.22650 0.000000000276 
0.22700 0.000000000246 
0.22750 0.000000000219 
0.22800 0.000000000192 
0.22850 0.000000000166 
0.22900 0.000000000144 
0.22950 0.000000000124 
0.23000 0.000000000104 
0.23050 0.000000000085 
0.23100 0.000000000071 
0.23150 0.000000000056 
0.23200 0.000000000042 
0.23250 0.000000000032 
0.23300 0.000000000023 
0.23350 0.000000000015 
