0.00000 492.868000000000 
0.00050 425.166000000000 
0.00100 357.464000000000 
0.00150 289.760000000000 
0.00200 222.058000000000 
0.00250 178.772400000000 
0.00300 142.770800000000 
0.00350 115.044000000000 
0.00400 94.969800000000 
0.00450 76.484400000000 
0.00500 64.825400000000 
0.00550 53.166200000000 
0.00600 45.159600000000 
0.00650 38.152200000000 
0.00700 31.986800000000 
0.00750 27.651400000000 
0.00800 23.316200000000 
0.00850 20.224600000000 
0.00900 17.474840000000 
0.00950 14.917280000000 
0.01000 13.135140000000 
0.01050 11.353000000000 
0.01100 9.911240000000 
0.01150 8.734100000000 
0.01200 7.556960000000 
0.01250 6.720240000000 
0.01300 5.929540000000 
0.01350 5.178480000000 
0.01400 4.639360000000 
0.01450 4.100220000000 
0.01500 3.627080000000 
0.01550 3.254500000000 
0.01600 2.881940000000 
0.01650 2.576520000000 
0.01700 2.315900000000 
0.01750 2.055300000000 
0.01800 1.853568000000 
0.01850 1.669254000000 
0.01900 1.484940000000 
0.01950 1.348770000000 
0.02000 1.217104000000 
0.02050 1.086548000000 
0.02100 0.991626000000 
0.02150 0.896706000000 
0.02200 0.804920000000 
0.02250 0.735912000000 
0.02300 0.666904000000 
0.02350 0.601378000000 
0.02400 0.550820000000 
0.02450 0.500262000000 
0.02500 0.452814000000 
0.02550 0.415510000000 
0.02600 0.378206000000 
0.02650 0.343400000000 
0.02700 0.315692000000 
0.02750 0.287984000000 
0.02800 0.262146000000 
0.02850 0.241440000000 
0.02900 0.220734000000 
0.02950 0.201344000000 
0.03000 0.185781800000 
0.03050 0.170220200000 
0.03100 0.155521600000 
0.03150 0.143764400000 
0.03200 0.132007400000 
0.03250 0.120763400000 
0.03300 0.111836600000 
0.03350 0.102910000000 
0.03400 0.094236800000 
0.03450 0.087427800000 
0.03500 0.080618800000 
0.03550 0.073877400000 
0.03600 0.068661200000 
0.03650 0.063445200000 
0.03700 0.058229000000 
0.03750 0.054156200000 
0.03800 0.050144000000 
0.03850 0.046131800000 
0.03900 0.042889400000 
0.03950 0.039791400000 
0.04000 0.036693600000 
0.04050 0.034097000000 
0.04100 0.031696400000 
0.04150 0.029295800000 
0.04200 0.027205600000 
0.04250 0.025339000000 
0.04300 0.023472400000 
0.04350 0.021782000000 
0.04400 0.020325800000 
0.04450 0.018869760000 
0.04500 0.017496620000 
0.04550 0.016357260000 
0.04600 0.015217880000 
0.04650 0.014098140000 
0.04700 0.013204020000 
0.04750 0.012309880000 
0.04800 0.011415760000 
0.04850 0.010689880000 
0.04900 0.009986240000 
0.04950 0.009282600000 
0.05000 0.008678640000 
0.05050 0.008123440000 
0.05100 0.007568240000 
0.05150 0.007064640000 
0.05200 0.006625440000 
0.05250 0.006186220000 
0.05300 0.005765500000 
0.05350 0.005417200000 
0.05400 0.005068900000 
0.05450 0.004720600000 
0.05500 0.004439900000 
0.05550 0.004163040000 
0.05600 0.003886180000 
0.05650 0.003647280000 
0.05700 0.003426700000 
0.05750 0.003206120000 
0.05800 0.003002760000 
0.05850 0.002826620000 
0.05900 0.002650500000 
0.05950 0.002477340000 
0.06000 0.002336400000 
0.06050 0.002195460000 
0.06100 0.002054540000 
0.06150 0.001935002000 
0.06200 0.001821992000 
0.06250 0.001708982000 
0.06300 0.001605590000 
0.06350 0.001514790000 
0.06400 0.001423990000 
0.06450 0.001334678000 
0.06500 0.001261578000 
0.06550 0.001188478000 
0.06600 0.001115378000 
0.06650 0.001052456000 
0.06700 0.000993492000 
0.06750 0.000934528000 
0.06800 0.000879416000 
0.06850 0.000831766000 
0.06900 0.000784114000 
0.06950 0.000736464000 
0.07000 0.000697390000 
0.07050 0.000658812000 
0.07100 0.000620234000 
0.07150 0.000585556000 
0.07200 0.000554266000 
0.07250 0.000522976000 
0.07300 0.000492332000 
0.07350 0.000466908000 
0.07400 0.000441484000 
0.07450 0.000416060000 
0.07500 0.000393806000 
0.07550 0.000373112000 
0.07600 0.000352418000 
0.07650 0.000332548000 
0.07700 0.000315676000 
0.07750 0.000298804000 
0.07800 0.000281932000 
0.07850 0.000267366000 
0.07900 0.000253586000 
0.07950 0.000239808000 
0.08000 0.000226686000 
0.08050 0.000215414000 
0.08100 0.000204142000 
0.08150 0.000192869400 
0.08200 0.000183153600 
0.08250 0.000173917600 
0.08300 0.000164681600 
0.08350 0.000155864000 
0.08400 0.000148284000 
0.08450 0.000140704200 
0.08500 0.000133124200 
0.08550 0.000126526000 
0.08600 0.000120295400 
0.08650 0.000114064800 
0.08700 0.000108042400 
0.08750 0.000102913200 
0.08800 0.000097783800 
0.08850 0.000092654400 
0.08900 0.000088099000 
0.08950 0.000083869800 
0.09000 0.000079640600 
0.09050 0.000075465600 
0.09100 0.000071973400 
0.09150 0.000068481000 
0.09200 0.000064988800 
0.09250 0.000061797000 
0.09300 0.000058909000 
0.09350 0.000056021000 
0.09400 0.000053133000 
0.09450 0.000050696000 
0.09500 0.000048304200 
0.09550 0.000045912400 
0.09600 0.000043646600 
0.09650 0.000041663000 
0.09700 0.000039679400 
0.09750 0.000037695800 
0.09800 0.000035946800 
0.09850 0.000034299400 
0.09900 0.000032652000 
0.09950 0.000031025400 
0.10000 0.000029655200 
0.10050 0.000028285200 
0.10100 0.000026915200 
0.10150 0.000025646400 
0.10200 0.000024505400 
0.10250 0.000023364400 
0.10300 0.000022223400 
0.10350 0.000021233800 
0.10400 0.000020282400 
0.10450 0.000019331040 
0.10500 0.000018402460 
0.10550 0.000017608060 
0.10600 0.000016813680 
0.10650 0.000016019280 
0.10700 0.000015287740 
0.10750 0.000014623620 
0.10800 0.000013959500 
0.10850 0.000013295380 
0.10900 0.000012718920 
0.10950 0.000012163020 
0.11000 0.000011607140 
0.11050 0.000011062800 
0.11100 0.000010596920 
0.11150 0.000010131060 
0.11200 0.000009665180 
0.11250 0.000009232160 
0.11300 0.000008841280 
0.11350 0.000008450380 
0.11400 0.000008059500 
0.11450 0.000007714840 
0.11500 0.000007386500 
0.11550 0.000007058140 
0.11600 0.000006731440 
0.11650 0.000006455320 
0.11700 0.000006179220 
0.11750 0.000005903100 
0.11800 0.000005640760 
0.11850 0.000005408320 
0.11900 0.000005175860 
0.11950 0.000004943420 
0.12000 0.000004732600 
0.12050 0.000004536720 
0.12100 0.000004340840 
0.12150 0.000004144960 
0.12200 0.000003975380 
0.12250 0.000003810140 
0.12300 0.000003644900 
0.12350 0.000003482720 
0.12400 0.000003343180 
0.12450 0.000003203660 
0.12500 0.000003064140 
0.12550 0.000002932600 
0.12600 0.000002814680 
0.12650 0.000002696760 
0.12700 0.000002578820 
0.12750 0.000002472060 
0.12800 0.000002372300 
0.12850 0.000002272540 
0.12900 0.000002172780 
0.12950 0.000002086020 
0.13000 0.000002001560 
0.13050 0.000001917094 
0.13100 0.000001833620 
0.13150 0.000001762050 
0.13200 0.000001690482 
0.13250 0.000001618912 
0.13300 0.000001550560 
0.13350 0.000001489864 
0.13400 0.000001429170 
0.13450 0.000001368476 
0.13500 0.000001312434 
0.13550 0.000001260922 
0.13600 0.000001209412 
0.13650 0.000001157900 
0.13700 0.000001111892 
0.13750 0.000001068146 
0.13800 0.000001024398 
0.13850 0.000000980652 
0.13900 0.000000942830 
0.13950 0.000000905650 
0.14000 0.000000868472 
0.14050 0.000000831772 
0.14100 0.000000800156 
0.14150 0.000000768540 
0.14200 0.000000736924 
0.14250 0.000000706538 
0.14300 0.000000679636 
0.14350 0.000000652732 
0.14400 0.000000625830 
0.14450 0.000000600630 
0.14500 0.000000577726 
0.14550 0.000000554820 
0.14600 0.000000531916 
0.14650 0.000000510982 
0.14700 0.000000491470 
0.14750 0.000000471958 
0.14800 0.000000452446 
0.14850 0.000000435028 
0.14900 0.000000418400 
0.14950 0.000000401772 
0.15000 0.000000385144 
0.15050 0.000000370622 
0.15100 0.000000356444 
0.15150 0.000000342266 
0.15200 0.000000328088 
0.15250 0.000000315956 
0.15300 0.000000303862 
0.15350 0.000000291770 
0.15400 0.000000279840 
0.15450 0.000000269522 
0.15500 0.000000259202 
0.15550 0.000000248884 
0.15600 0.000000238854 
0.15650 0.000000230046 
0.15700 0.000000221238 
0.15750 0.000000212430 
0.15800 0.000000203978 
0.15850 0.000000196456 
0.15900 0.000000188934 
0.15950 0.000000181411 
0.16000 0.000000174274 
0.16050 0.000000167850 
0.16100 0.000000161426 
0.16150 0.000000155002 
0.16200 0.000000148962 
0.16250 0.000000143474 
0.16300 0.000000137986 
0.16350 0.000000132497 
0.16400 0.000000127374 
0.16450 0.000000122684 
0.16500 0.000000117994 
0.16550 0.000000113304 
0.16600 0.000000108948 
0.16650 0.000000104941 
0.16700 0.000000100933 
0.16750 0.000000096926 
0.16800 0.000000093213 
0.16850 0.000000089786 
0.16900 0.000000086360 
0.16950 0.000000082933 
0.17000 0.000000079761 
0.17050 0.000000076832 
0.17100 0.000000073904 
0.17150 0.000000070975 
0.17200 0.000000068258 
0.17250 0.000000065753 
0.17300 0.000000063248 
0.17350 0.000000060744 
0.17400 0.000000058411 
0.17450 0.000000056269 
0.17500 0.000000054127 
0.17550 0.000000051985 
0.17600 0.000000049978 
0.17650 0.000000048147 
0.17700 0.000000046316 
0.17750 0.000000044485 
0.17800 0.000000042754 
0.17850 0.000000041189 
0.17900 0.000000039623 
0.17950 0.000000038057 
0.18000 0.000000036561 
0.18050 0.000000035221 
0.18100 0.000000033882 
0.18150 0.000000032542 
0.18200 0.000000031246 
0.18250 0.000000030101 
0.18300 0.000000028955 
0.18350 0.000000027810 
0.18400 0.000000026685 
0.18450 0.000000025707 
0.18500 0.000000024728 
0.18550 0.000000023749 
0.18600 0.000000022772 
0.18650 0.000000021935 
0.18700 0.000000021097 
0.18750 0.000000020260 
0.18800 0.000000019423 
0.18850 0.000000018694 
0.18900 0.000000017979 
0.18950 0.000000017264 
0.19000 0.000000016548 
0.19050 0.000000015911 
0.19100 0.000000015300 
0.19150 0.000000014688 
0.19200 0.000000014076 
0.19250 0.000000013519 
0.19300 0.000000012996 
0.19350 0.000000012473 
0.19400 0.000000011951 
0.19450 0.000000011463 
0.19500 0.000000011016 
0.19550 0.000000010570 
0.19600 0.000000010123 
0.19650 0.000000009697 
0.19700 0.000000009315 
0.19750 0.000000008934 
0.19800 0.000000008553 
0.19850 0.000000008179 
0.19900 0.000000007854 
0.19950 0.000000007529 
0.20000 0.000000007203 
0.20050 0.000000006878 
0.20100 0.000000006599 
0.20150 0.000000006321 
0.20200 0.000000006043 
0.20250 0.000000005765 
0.20300 0.000000005521 
0.20350 0.000000005284 
0.20400 0.000000005048 
0.20450 0.000000004811 
0.20500 0.000000004598 
0.20550 0.000000004396 
0.20600 0.000000004194 
0.20650 0.000000003992 
0.20700 0.000000003806 
0.20750 0.000000003635 
0.20800 0.000000003463 
0.20850 0.000000003292 
0.20900 0.000000003130 
0.20950 0.000000002985 
0.21000 0.000000002839 
0.21050 0.000000002693 
0.21100 0.000000002553 
0.21150 0.000000002429 
0.21200 0.000000002305 
0.21250 0.000000002181 
0.21300 0.000000002060 
0.21350 0.000000001956 
0.21400 0.000000001851 
0.21450 0.000000001747 
0.21500 0.000000001643 
0.21550 0.000000001555 
0.21600 0.000000001467 
0.21650 0.000000001378 
0.21700 0.000000001290 
0.21750 0.000000001216 
0.21800 0.000000001143 
0.21850 0.000000001069 
0.21900 0.000000000995 
0.21950 0.000000000933 
0.22000 0.000000000871 
0.22050 0.000000000809 
0.22100 0.000000000748 
0.22150 0.000000000696 
0.22200 0.000000000645 
0.22250 0.000000000594 
0.22300 0.000000000544 
0.22350 0.000000000502 
0.22400 0.000000000460 
0.22450 0.000000000418 
0.22500 0.000000000378 
0.22550 0.000000000344 
0.22600 0.000000000310 
0.22650 0.000000000276 
0.22700 0.000000000246 
0.22750 0.000000000219 
0.22800 0.000000000192 
0.22850 0.000000000166 
0.22900 0.000000000144 
0.22950 0.000000000124 
0.23000 0.000000000104 
0.23050 0.000000000085 
0.23100 0.000000000071 
0.23150 0.000000000056 
0.23200 0.000000000042 
0.23250 0.000000000032 
0.23300 0.000000000023 
0.23350 0.000000000015 
