0.00000 515.460000000000 
0.00050 444.498000000000 
0.00100 373.536000000000 
0.00150 302.572000000000 
0.00200 231.610000000000 
0.00250 186.307800000000 
0.00300 148.660200000000 
0.00350 119.687400000000 
0.00400 98.737000000000 
0.00450 79.449000000000 
0.00500 67.302600000000 
0.00550 55.156200000000 
0.00600 46.824000000000 
0.00650 39.535600000000 
0.00700 33.124800000000 
0.00750 28.622200000000 
0.00800 24.119800000000 
0.00850 20.912000000000 
0.00900 18.060060000000 
0.00950 15.407940000000 
0.01000 13.562020000000 
0.01050 11.716080000000 
0.01100 10.223560000000 
0.01150 9.005780000000 
0.01200 7.788000000000 
0.01250 6.923240000000 
0.01300 6.106220000000 
0.01350 5.330220000000 
0.01400 4.773780000000 
0.01450 4.217320000000 
0.01500 3.729120000000 
0.01550 3.344980000000 
0.01600 2.960840000000 
0.01650 2.646120000000 
0.01700 2.377700000000 
0.01750 2.109280000000 
0.01800 1.901664000000 
0.01850 1.712018000000 
0.01900 1.522372000000 
0.01950 1.382384000000 
0.02000 1.247042000000 
0.02050 1.112842000000 
0.02100 1.015362000000 
0.02150 0.917882000000 
0.02200 0.823630000000 
0.02250 0.752828000000 
0.02300 0.682024000000 
0.02350 0.614802000000 
0.02400 0.562976000000 
0.02450 0.511148000000 
0.02500 0.462518000000 
0.02550 0.424310000000 
0.02600 0.386102000000 
0.02650 0.350462000000 
0.02700 0.322106000000 
0.02750 0.293752000000 
0.02800 0.267316000000 
0.02850 0.246144000000 
0.02900 0.224972000000 
0.02950 0.205150000000 
0.03000 0.189250600000 
0.03050 0.173352000000 
0.03100 0.158337200000 
0.03150 0.146335000000 
0.03200 0.134333000000 
0.03250 0.122855800000 
0.03300 0.113750200000 
0.03350 0.104644600000 
0.03400 0.095798200000 
0.03450 0.088858000000 
0.03500 0.081917800000 
0.03550 0.075046600000 
0.03600 0.069734000000 
0.03650 0.064421400000 
0.03700 0.059108600000 
0.03750 0.054963400000 
0.03800 0.050880000000 
0.03850 0.046796600000 
0.03900 0.043498400000 
0.03950 0.040347800000 
0.04000 0.037197200000 
0.04050 0.034557800000 
0.04100 0.032118000000 
0.04150 0.029678400000 
0.04200 0.027555000000 
0.04250 0.025659200000 
0.04300 0.023763600000 
0.04350 0.022047200000 
0.04400 0.020569400000 
0.04450 0.019091580000 
0.04500 0.017698200000 
0.04550 0.016542680000 
0.04600 0.015387140000 
0.04650 0.014251560000 
0.04700 0.013345340000 
0.04750 0.012439140000 
0.04800 0.011532920000 
0.04850 0.010797660000 
0.04900 0.010084980000 
0.04950 0.009372300000 
0.05000 0.008760840000 
0.05050 0.008198860000 
0.05100 0.007636900000 
0.05150 0.007127300000 
0.05200 0.006683020000 
0.05250 0.006238740000 
0.05300 0.005813200000 
0.05350 0.005461100000 
0.05400 0.005109020000 
0.05450 0.004756920000 
0.05500 0.004473340000 
0.05550 0.004193640000 
0.05600 0.003913920000 
0.05650 0.003672660000 
0.05700 0.003449960000 
0.05750 0.003227260000 
0.05800 0.003021960000 
0.05850 0.002844240000 
0.05900 0.002666520000 
0.05950 0.002491820000 
0.06000 0.002349700000 
0.06050 0.002207560000 
0.06100 0.002065440000 
0.06150 0.001944960000 
0.06200 0.001831068000 
0.06250 0.001717174000 
0.06300 0.001612996000 
0.06350 0.001521538000 
0.06400 0.001430082000 
0.06450 0.001340128000 
0.06500 0.001266542000 
0.06550 0.001192956000 
0.06600 0.001119370000 
0.06650 0.001056054000 
0.06700 0.000996734000 
0.06750 0.000937412000 
0.06800 0.000881974000 
0.06850 0.000834062000 
0.06900 0.000786150000 
0.06950 0.000738236000 
0.07000 0.000698968000 
0.07050 0.000660200000 
0.07100 0.000621432000 
0.07150 0.000586592000 
0.07200 0.000555166000 
0.07250 0.000523738000 
0.07300 0.000492962000 
0.07350 0.000467440000 
0.07400 0.000441918000 
0.07450 0.000416398000 
0.07500 0.000394066000 
0.07550 0.000373304000 
0.07600 0.000352542000 
0.07650 0.000332610000 
0.07700 0.000315690000 
0.07750 0.000298772000 
0.07800 0.000281854000 
0.07850 0.000267256000 
0.07900 0.000253446000 
0.07950 0.000239636000 
0.08000 0.000226486000 
0.08050 0.000215196000 
0.08100 0.000203906000 
0.08150 0.000192614000 
0.08200 0.000182885800 
0.08250 0.000173639200 
0.08300 0.000164392400 
0.08350 0.000155566000 
0.08400 0.000147981200 
0.08450 0.000140396600 
0.08500 0.000132811800 
0.08550 0.000126211800 
0.08600 0.000119980600 
0.08650 0.000113749400 
0.08700 0.000107726800 
0.08750 0.000102599400 
0.08800 0.000097472200 
0.08850 0.000092344800 
0.08900 0.000087792600 
0.08950 0.000083567200 
0.09000 0.000079341800 
0.09050 0.000075170800 
0.09100 0.000071683400 
0.09150 0.000068196000 
0.09200 0.000064708600 
0.09250 0.000061522000 
0.09300 0.000058639400 
0.09350 0.000055757000 
0.09400 0.000052874600 
0.09450 0.000050443200 
0.09500 0.000048057200 
0.09550 0.000045671200 
0.09600 0.000043411000 
0.09650 0.000041433200 
0.09700 0.000039455200 
0.09750 0.000037477400 
0.09800 0.000035733800 
0.09850 0.000034092000 
0.09900 0.000032450200 
0.09950 0.000030829000 
0.10000 0.000029464200 
0.10050 0.000028099400 
0.10100 0.000026734600 
0.10150 0.000025471000 
0.10200 0.000024334800 
0.10250 0.000023198800 
0.10300 0.000022062800 
0.10350 0.000021077800 
0.10400 0.000020131000 
0.10450 0.000019184140 
0.10500 0.000018260060 
0.10550 0.000017469860 
0.10600 0.000016679640 
0.10650 0.000015889420 
0.10700 0.000015161880 
0.10750 0.000014501560 
0.10800 0.000013841240 
0.10850 0.000013180920 
0.10900 0.000012607960 
0.10950 0.000012055500 
0.11000 0.000011503040 
0.11050 0.000010962100 
0.11100 0.000010499320 
0.11150 0.000010036540 
0.11200 0.000009573760 
0.11250 0.000009143680 
0.11300 0.000008755580 
0.11350 0.000008367460 
0.11400 0.000007979360 
0.11450 0.000007637240 
0.11500 0.000007311360 
0.11550 0.000006985500 
0.11600 0.000006661260 
0.11650 0.000006387360 
0.11700 0.000006113440 
0.11750 0.000005839540 
0.11800 0.000005579320 
0.11850 0.000005348840 
0.11900 0.000005118360 
0.11950 0.000004887880 
0.12000 0.000004678880 
0.12050 0.000004484740 
0.12100 0.000004290600 
0.12150 0.000004096440 
0.12200 0.000003928440 
0.12250 0.000003764740 
0.12300 0.000003601040 
0.12350 0.000003440380 
0.12400 0.000003302200 
0.12450 0.000003164040 
0.12500 0.000003025880 
0.12550 0.000002895640 
0.12600 0.000002778920 
0.12650 0.000002662200 
0.12700 0.000002545460 
0.12750 0.000002439800 
0.12800 0.000002341100 
0.12850 0.000002242420 
0.12900 0.000002143720 
0.12950 0.000002057900 
0.13000 0.000001974366 
0.13050 0.000001890836 
0.13100 0.000001808286 
0.13150 0.000001737536 
0.13200 0.000001666788 
0.13250 0.000001596038 
0.13300 0.000001528476 
0.13350 0.000001468502 
0.13400 0.000001408528 
0.13450 0.000001348554 
0.13500 0.000001293188 
0.13550 0.000001242310 
0.13600 0.000001191432 
0.13650 0.000001140556 
0.13700 0.000001095124 
0.13750 0.000001051934 
0.13800 0.000001008744 
0.13850 0.000000965552 
0.13900 0.000000928224 
0.13950 0.000000891534 
0.14000 0.000000854842 
0.14050 0.000000818624 
0.14100 0.000000787436 
0.14150 0.000000756248 
0.14200 0.000000725060 
0.14250 0.000000695088 
0.14300 0.000000668560 
0.14350 0.000000642032 
0.14400 0.000000615504 
0.14450 0.000000590658 
0.14500 0.000000568082 
0.14550 0.000000545506 
0.14600 0.000000522928 
0.14650 0.000000502300 
0.14700 0.000000483076 
0.14750 0.000000463850 
0.14800 0.000000444626 
0.14850 0.000000427468 
0.14900 0.000000411092 
0.14950 0.000000394716 
0.15000 0.000000378340 
0.15050 0.000000364042 
0.15100 0.000000350084 
0.15150 0.000000336126 
0.15200 0.000000322168 
0.15250 0.000000310230 
0.15300 0.000000298328 
0.15350 0.000000286428 
0.15400 0.000000274688 
0.15450 0.000000264538 
0.15500 0.000000254386 
0.15550 0.000000244236 
0.15600 0.000000234370 
0.15650 0.000000225710 
0.15700 0.000000217048 
0.15750 0.000000208386 
0.15800 0.000000200078 
0.15850 0.000000192683 
0.15900 0.000000185289 
0.15950 0.000000177895 
0.16000 0.000000170880 
0.16050 0.000000164568 
0.16100 0.000000158256 
0.16150 0.000000151944 
0.16200 0.000000146011 
0.16250 0.000000140620 
0.16300 0.000000135229 
0.16350 0.000000129839 
0.16400 0.000000124807 
0.16450 0.000000120203 
0.16500 0.000000115598 
0.16550 0.000000110993 
0.16600 0.000000106717 
0.16650 0.000000102784 
0.16700 0.000000098851 
0.16750 0.000000094917 
0.16800 0.000000091274 
0.16850 0.000000087912 
0.16900 0.000000084550 
0.16950 0.000000081189 
0.17000 0.000000078077 
0.17050 0.000000075205 
0.17100 0.000000072332 
0.17150 0.000000069460 
0.17200 0.000000066796 
0.17250 0.000000064340 
0.17300 0.000000061884 
0.17350 0.000000059429 
0.17400 0.000000057142 
0.17450 0.000000055043 
0.17500 0.000000052943 
0.17550 0.000000050844 
0.17600 0.000000048877 
0.17650 0.000000047084 
0.17700 0.000000045290 
0.17750 0.000000043496 
0.17800 0.000000041801 
0.17850 0.000000040267 
0.17900 0.000000038734 
0.17950 0.000000037200 
0.18000 0.000000035735 
0.18050 0.000000034424 
0.18100 0.000000033112 
0.18150 0.000000031801 
0.18200 0.000000030532 
0.18250 0.000000029411 
0.18300 0.000000028290 
0.18350 0.000000027169 
0.18400 0.000000026068 
0.18450 0.000000025111 
0.18500 0.000000024153 
0.18550 0.000000023195 
0.18600 0.000000022240 
0.18650 0.000000021421 
0.18700 0.000000020602 
0.18750 0.000000019783 
0.18800 0.000000018964 
0.18850 0.000000018251 
0.18900 0.000000017552 
0.18950 0.000000016853 
0.19000 0.000000016153 
0.19050 0.000000015531 
0.19100 0.000000014933 
0.19150 0.000000014335 
0.19200 0.000000013737 
0.19250 0.000000013192 
0.19300 0.000000012681 
0.19350 0.000000012170 
0.19400 0.000000011660 
0.19450 0.000000011183 
0.19500 0.000000010747 
0.19550 0.000000010311 
0.19600 0.000000009875 
0.19650 0.000000009458 
0.19700 0.000000009086 
0.19750 0.000000008713 
0.19800 0.000000008341 
0.19850 0.000000007976 
0.19900 0.000000007659 
0.19950 0.000000007341 
0.20000 0.000000007023 
0.20050 0.000000006706 
0.20100 0.000000006433 
0.20150 0.000000006162 
0.20200 0.000000005891 
0.20250 0.000000005620 
0.20300 0.000000005381 
0.20350 0.000000005150 
0.20400 0.000000004920 
0.20450 0.000000004689 
0.20500 0.000000004480 
0.20550 0.000000004284 
0.20600 0.000000004087 
0.20650 0.000000003890 
0.20700 0.000000003708 
0.20750 0.000000003541 
0.20800 0.000000003374 
0.20850 0.000000003207 
0.20900 0.000000003049 
0.20950 0.000000002907 
0.21000 0.000000002765 
0.21050 0.000000002623 
0.21100 0.000000002486 
0.21150 0.000000002365 
0.21200 0.000000002245 
0.21250 0.000000002124 
0.21300 0.000000002006 
0.21350 0.000000001904 
0.21400 0.000000001802 
0.21450 0.000000001701 
0.21500 0.000000001600 
0.21550 0.000000001514 
0.21600 0.000000001428 
0.21650 0.000000001342 
0.21700 0.000000001256 
0.21750 0.000000001184 
0.21800 0.000000001112 
0.21850 0.000000001040 
0.21900 0.000000000968 
0.21950 0.000000000908 
0.22000 0.000000000848 
0.22050 0.000000000788 
0.22100 0.000000000728 
0.22150 0.000000000678 
0.22200 0.000000000628 
0.22250 0.000000000578 
0.22300 0.000000000529 
0.22350 0.000000000488 
0.22400 0.000000000447 
0.22450 0.000000000406 
0.22500 0.000000000368 
0.22550 0.000000000335 
0.22600 0.000000000302 
0.22650 0.000000000268 
0.22700 0.000000000239 
0.22750 0.000000000213 
0.22800 0.000000000187 
0.22850 0.000000000161 
0.22900 0.000000000140 
0.22950 0.000000000121 
0.23000 0.000000000101 
0.23050 0.000000000083 
0.23100 0.000000000069 
0.23150 0.000000000055 
0.23200 0.000000000041 
0.23250 0.000000000031 
0.23300 0.000000000023 
0.23350 0.000000000014 
