0.00000 139.577000000000 
0.00050 120.436800000000 
0.00100 101.296400000000 
0.00150 82.156200000000 
0.00200 63.015800000000 
0.00250 50.764400000000 
0.00300 40.568200000000 
0.00350 32.711000000000 
0.00400 27.017000000000 
0.00450 21.772800000000 
0.00500 18.461280000000 
0.00550 15.149720000000 
0.00600 12.873640000000 
0.00650 10.880900000000 
0.00700 9.127100000000 
0.00750 7.892820000000 
0.00800 6.658540000000 
0.00850 5.777680000000 
0.00900 4.994000000000 
0.00950 4.264980000000 
0.01000 3.756540000000 
0.01050 3.248120000000 
0.01100 2.836620000000 
0.01150 2.500460000000 
0.01200 2.164320000000 
0.01250 1.925208000000 
0.01300 1.699214000000 
0.01350 1.484524000000 
0.01400 1.330300000000 
0.01450 1.176074000000 
0.01500 1.040686000000 
0.01550 0.934020000000 
0.01600 0.827352000000 
0.01650 0.739876000000 
0.01700 0.665202000000 
0.01750 0.590530000000 
0.01800 0.532698000000 
0.01850 0.479846000000 
0.01900 0.426992000000 
0.01950 0.387920000000 
0.02000 0.350138000000 
0.02050 0.312672000000 
0.02100 0.285412000000 
0.02150 0.258154000000 
0.02200 0.231794000000 
0.02250 0.211962000000 
0.02300 0.192132000000 
0.02350 0.173299200000 
0.02400 0.158760400000 
0.02450 0.144221600000 
0.02500 0.130575400000 
0.02550 0.119840400000 
0.02600 0.109105600000 
0.02650 0.099088600000 
0.02700 0.091110000000 
0.02750 0.083131400000 
0.02800 0.075690600000 
0.02850 0.069724400000 
0.02900 0.063758200000 
0.02950 0.058170400000 
0.03000 0.053683800000 
0.03050 0.049197200000 
0.03100 0.044959000000 
0.03150 0.041567200000 
0.03200 0.038175400000 
0.03250 0.034931400000 
0.03300 0.032354600000 
0.03350 0.029777800000 
0.03400 0.027274000000 
0.03450 0.025307400000 
0.03500 0.023340800000 
0.03550 0.021393600000 
0.03600 0.019886080000 
0.03650 0.018378640000 
0.03700 0.016871220000 
0.03750 0.015693560000 
0.03800 0.014533400000 
0.03850 0.013373260000 
0.03900 0.012435220000 
0.03950 0.011538940000 
0.04000 0.010642660000 
0.04050 0.009891160000 
0.04100 0.009196240000 
0.04150 0.008501300000 
0.04200 0.007896100000 
0.04250 0.007355460000 
0.04300 0.006814820000 
0.04350 0.006325100000 
0.04400 0.005903140000 
0.04450 0.005481180000 
0.04500 0.005083220000 
0.04550 0.004752880000 
0.04600 0.004422520000 
0.04650 0.004097860000 
0.04700 0.003838480000 
0.04750 0.003579100000 
0.04800 0.003319740000 
0.04850 0.003109080000 
0.04900 0.002904860000 
0.04950 0.002700640000 
0.05000 0.002525300000 
0.05050 0.002364080000 
0.05100 0.002202860000 
0.05150 0.002056600000 
0.05200 0.001928996000 
0.05250 0.001801398000 
0.05300 0.001679158000 
0.05350 0.001577920000 
0.05400 0.001476682000 
0.05450 0.001375444000 
0.05500 0.001293824000 
0.05550 0.001213312000 
0.05600 0.001132800000 
0.05650 0.001063306000 
0.05700 0.000999130000 
0.05750 0.000934956000 
0.05800 0.000875778000 
0.05850 0.000824512000 
0.05900 0.000773246000 
0.05950 0.000722842000 
0.06000 0.000681802000 
0.06050 0.000640760000 
0.06100 0.000599718000 
0.06150 0.000564898000 
0.06200 0.000531974000 
0.06250 0.000499050000 
0.06300 0.000468922000 
0.06350 0.000442456000 
0.06400 0.000415990000 
0.06450 0.000389958000 
0.06500 0.000368642000 
0.06550 0.000347326000 
0.06600 0.000326010000 
0.06650 0.000307656000 
0.06700 0.000290454000 
0.06750 0.000273252000 
0.06800 0.000257172000 
0.06850 0.000243266000 
0.06900 0.000229358000 
0.06950 0.000215452000 
0.07000 0.000204042000 
0.07050 0.000192778600 
0.07100 0.000181514200 
0.07150 0.000171387200 
0.07200 0.000162247000 
0.07250 0.000153106800 
0.07300 0.000144155200 
0.07350 0.000136725400 
0.07400 0.000129295600 
0.07450 0.000121866000 
0.07500 0.000115361000 
0.07550 0.000109311200 
0.07600 0.000103261200 
0.07650 0.000097451600 
0.07700 0.000092517000 
0.07750 0.000087582400 
0.07800 0.000082647800 
0.07850 0.000078386600 
0.07900 0.000074355000 
0.07950 0.000070323200 
0.08000 0.000066483400 
0.08050 0.000063184000 
0.08100 0.000059884600 
0.08150 0.000056585000 
0.08200 0.000053740400 
0.08250 0.000051035800 
0.08300 0.000048331200 
0.08350 0.000045748800 
0.08400 0.000043528400 
0.08450 0.000041307800 
0.08500 0.000039087400 
0.08550 0.000037154000 
0.08600 0.000035328000 
0.08650 0.000033502000 
0.08700 0.000031737000 
0.08750 0.000030233200 
0.08800 0.000028729400 
0.08850 0.000027225600 
0.08900 0.000025889800 
0.08950 0.000024649400 
0.09000 0.000023409000 
0.09050 0.000022184400 
0.09100 0.000021159800 
0.09150 0.000020135200 
0.09200 0.000019110580 
0.09250 0.000018173920 
0.09300 0.000017326260 
0.09350 0.000016478600 
0.09400 0.000015630920 
0.09450 0.000014915380 
0.09500 0.000014213100 
0.09550 0.000013510840 
0.09600 0.000012845480 
0.09650 0.000012262820 
0.09700 0.000011680180 
0.09750 0.000011097520 
0.09800 0.000010583620 
0.09850 0.000010099540 
0.09900 0.000009615460 
0.09950 0.000009137480 
0.10000 0.000008734740 
0.10050 0.000008332000 
0.10100 0.000007929280 
0.10150 0.000007556260 
0.10200 0.000007220740 
0.10250 0.000006885240 
0.10300 0.000006549720 
0.10350 0.000006258660 
0.10400 0.000005978780 
0.10450 0.000005698900 
0.10500 0.000005425740 
0.10550 0.000005191960 
0.10600 0.000004958200 
0.10650 0.000004724440 
0.10700 0.000004509120 
0.10750 0.000004313620 
0.10800 0.000004118120 
0.10850 0.000003922620 
0.10900 0.000003752880 
0.10950 0.000003589180 
0.11000 0.000003425480 
0.11050 0.000003265180 
0.11100 0.000003127940 
0.11150 0.000002990700 
0.11200 0.000002853460 
0.11250 0.000002725860 
0.11300 0.000002610680 
0.11350 0.000002495500 
0.11400 0.000002380300 
0.11450 0.000002278700 
0.11500 0.000002181920 
0.11550 0.000002085120 
0.11600 0.000001988808 
0.11650 0.000001907384 
0.11700 0.000001825962 
0.11750 0.000001744538 
0.11800 0.000001667166 
0.11850 0.000001598596 
0.11900 0.000001530028 
0.11950 0.000001461458 
0.12000 0.000001399252 
0.12050 0.000001341448 
0.12100 0.000001283644 
0.12150 0.000001225842 
0.12200 0.000001175788 
0.12250 0.000001127012 
0.12300 0.000001078234 
0.12350 0.000001030352 
0.12400 0.000000989152 
0.12450 0.000000947950 
0.12500 0.000000906748 
0.12550 0.000000867904 
0.12600 0.000000833070 
0.12650 0.000000798236 
0.12700 0.000000763402 
0.12750 0.000000731854 
0.12800 0.000000702378 
0.12850 0.000000672900 
0.12900 0.000000643424 
0.12950 0.000000617778 
0.13000 0.000000592812 
0.13050 0.000000567846 
0.13100 0.000000543172 
0.13150 0.000000522010 
0.13200 0.000000500848 
0.13250 0.000000479686 
0.13300 0.000000459472 
0.13350 0.000000441520 
0.13400 0.000000423568 
0.13450 0.000000405616 
0.13500 0.000000389036 
0.13550 0.000000373796 
0.13600 0.000000358554 
0.13650 0.000000343314 
0.13700 0.000000329698 
0.13750 0.000000316750 
0.13800 0.000000303802 
0.13850 0.000000290854 
0.13900 0.000000279658 
0.13950 0.000000268650 
0.14000 0.000000257642 
0.14050 0.000000246776 
0.14100 0.000000237414 
0.14150 0.000000228050 
0.14200 0.000000218686 
0.14250 0.000000209686 
0.14300 0.000000201716 
0.14350 0.000000193747 
0.14400 0.000000185776 
0.14450 0.000000178310 
0.14500 0.000000171522 
0.14550 0.000000164734 
0.14600 0.000000157947 
0.14650 0.000000151742 
0.14700 0.000000145958 
0.14750 0.000000140174 
0.14800 0.000000134390 
0.14850 0.000000129225 
0.14900 0.000000124294 
0.14950 0.000000119364 
0.15000 0.000000114433 
0.15050 0.000000110126 
0.15100 0.000000105920 
0.15150 0.000000101715 
0.15200 0.000000097510 
0.15250 0.000000093910 
0.15300 0.000000090322 
0.15350 0.000000086733 
0.15400 0.000000083194 
0.15450 0.000000080131 
0.15500 0.000000077069 
0.15550 0.000000074006 
0.15600 0.000000071029 
0.15650 0.000000068414 
0.15700 0.000000065799 
0.15750 0.000000063184 
0.15800 0.000000060675 
0.15850 0.000000058441 
0.15900 0.000000056207 
0.15950 0.000000053973 
0.16000 0.000000051853 
0.16050 0.000000049945 
0.16100 0.000000048036 
0.16150 0.000000046128 
0.16200 0.000000044334 
0.16250 0.000000042703 
0.16300 0.000000041072 
0.16350 0.000000039441 
0.16400 0.000000037919 
0.16450 0.000000036525 
0.16500 0.000000035131 
0.16550 0.000000033737 
0.16600 0.000000032442 
0.16650 0.000000031250 
0.16700 0.000000030059 
0.16750 0.000000028867 
0.16800 0.000000027763 
0.16850 0.000000026744 
0.16900 0.000000025725 
0.16950 0.000000024706 
0.17000 0.000000023762 
0.17050 0.000000022891 
0.17100 0.000000022020 
0.17150 0.000000021149 
0.17200 0.000000020340 
0.17250 0.000000019595 
0.17300 0.000000018850 
0.17350 0.000000018104 
0.17400 0.000000017410 
0.17450 0.000000016772 
0.17500 0.000000016135 
0.17550 0.000000015497 
0.17600 0.000000014900 
0.17650 0.000000014355 
0.17700 0.000000013810 
0.17750 0.000000013265 
0.17800 0.000000012749 
0.17850 0.000000012283 
0.17900 0.000000011817 
0.17950 0.000000011350 
0.18000 0.000000010905 
0.18050 0.000000010506 
0.18100 0.000000010107 
0.18150 0.000000009708 
0.18200 0.000000009322 
0.18250 0.000000008980 
0.18300 0.000000008639 
0.18350 0.000000008298 
0.18400 0.000000007963 
0.18450 0.000000007671 
0.18500 0.000000007379 
0.18550 0.000000007087 
0.18600 0.000000006796 
0.18650 0.000000006547 
0.18700 0.000000006297 
0.18750 0.000000006047 
0.18800 0.000000005798 
0.18850 0.000000005581 
0.18900 0.000000005367 
0.18950 0.000000005154 
0.19000 0.000000004941 
0.19050 0.000000004751 
0.19100 0.000000004568 
0.19150 0.000000004386 
0.19200 0.000000004203 
0.19250 0.000000004037 
0.19300 0.000000003881 
0.19350 0.000000003725 
0.19400 0.000000003569 
0.19450 0.000000003424 
0.19500 0.000000003291 
0.19550 0.000000003157 
0.19600 0.000000003024 
0.19650 0.000000002897 
0.19700 0.000000002783 
0.19750 0.000000002669 
0.19800 0.000000002555 
0.19850 0.000000002444 
0.19900 0.000000002347 
0.19950 0.000000002250 
0.20000 0.000000002153 
0.20050 0.000000002055 
0.20100 0.000000001972 
0.20150 0.000000001889 
0.20200 0.000000001806 
0.20250 0.000000001723 
0.20300 0.000000001650 
0.20350 0.000000001580 
0.20400 0.000000001509 
0.20450 0.000000001438 
0.20500 0.000000001374 
0.20550 0.000000001314 
0.20600 0.000000001254 
0.20650 0.000000001194 
0.20700 0.000000001138 
0.20750 0.000000001087 
0.20800 0.000000001036 
0.20850 0.000000000984 
0.20900 0.000000000936 
0.20950 0.000000000892 
0.21000 0.000000000849 
0.21050 0.000000000805 
0.21100 0.000000000763 
0.21150 0.000000000726 
0.21200 0.000000000689 
0.21250 0.000000000652 
0.21300 0.000000000616 
0.21350 0.000000000585 
0.21400 0.000000000554 
0.21450 0.000000000523 
0.21500 0.000000000492 
0.21550 0.000000000465 
0.21600 0.000000000439 
0.21650 0.000000000412 
0.21700 0.000000000386 
0.21750 0.000000000364 
0.21800 0.000000000342 
0.21850 0.000000000320 
0.21900 0.000000000298 
0.21950 0.000000000279 
0.22000 0.000000000261 
0.22050 0.000000000242 
0.22100 0.000000000224 
0.22150 0.000000000208 
0.22200 0.000000000193 
0.22250 0.000000000178 
0.22300 0.000000000163 
0.22350 0.000000000150 
0.22400 0.000000000138 
0.22450 0.000000000125 
0.22500 0.000000000113 
0.22550 0.000000000103 
0.22600 0.000000000093 
0.22650 0.000000000083 
0.22700 0.000000000074 
0.22750 0.000000000066 
0.22800 0.000000000058 
0.22850 0.000000000050 
0.22900 0.000000000043 
0.22950 0.000000000037 
0.23000 0.000000000031 
0.23050 0.000000000025 
0.23100 0.000000000021 
0.23150 0.000000000017 
0.23200 0.000000000013 
0.23250 0.000000000010 
0.23300 0.000000000007 
0.23350 0.000000000004 
