0.00000 538.780000000000 
0.00050 464.438000000000 
0.00100 390.096000000000 
0.00150 315.754000000000 
0.00200 241.412000000000 
0.00250 194.025400000000 
0.00300 154.679400000000 
0.00350 124.423200000000 
0.00400 102.573000000000 
0.00450 82.461000000000 
0.00500 69.816000000000 
0.00550 57.171000000000 
0.00600 48.506800000000 
0.00650 40.932000000000 
0.00700 34.271400000000 
0.00750 29.599000000000 
0.00800 24.926600000000 
0.00850 21.601200000000 
0.00900 18.646060000000 
0.00950 15.898400000000 
0.01000 13.988180000000 
0.01050 12.077940000000 
0.01100 10.534340000000 
0.01150 9.275760000000 
0.01200 8.017180000000 
0.01250 7.124360000000 
0.01300 6.280980000000 
0.01350 5.480080000000 
0.01400 4.906340000000 
0.01450 4.332620000000 
0.01500 3.829440000000 
0.01550 3.433820000000 
0.01600 3.038200000000 
0.01650 2.714260000000 
0.01700 2.438100000000 
0.01750 2.161960000000 
0.01800 1.948518000000 
0.01850 1.753616000000 
0.01900 1.558714000000 
0.01950 1.414976000000 
0.02000 1.276022000000 
0.02050 1.138246000000 
0.02100 1.038264000000 
0.02150 0.938282000000 
0.02200 0.841618000000 
0.02250 0.769066000000 
0.02300 0.696516000000 
0.02350 0.627642000000 
0.02400 0.574584000000 
0.02450 0.521528000000 
0.02500 0.471750000000 
0.02550 0.432670000000 
0.02600 0.393590000000 
0.02650 0.357142000000 
0.02700 0.328166000000 
0.02750 0.299190000000 
0.02800 0.272180000000 
0.02850 0.250562000000 
0.02900 0.228944000000 
0.02950 0.208708000000 
0.03000 0.192488000000 
0.03050 0.176268600000 
0.03100 0.160953000000 
0.03150 0.148718600000 
0.03200 0.136484200000 
0.03250 0.124786600000 
0.03300 0.115512200000 
0.03350 0.106238000000 
0.03400 0.097228400000 
0.03450 0.090165200000 
0.03500 0.083102200000 
0.03550 0.076109400000 
0.03600 0.070706800000 
0.03650 0.065304200000 
0.03700 0.059901800000 
0.03750 0.055689200000 
0.03800 0.051540000000 
0.03850 0.047390600000 
0.03900 0.044041200000 
0.03950 0.040842200000 
0.04000 0.037643200000 
0.04050 0.034964400000 
0.04100 0.032489000000 
0.04150 0.030013600000 
0.04200 0.027859800000 
0.04250 0.025937800000 
0.04300 0.024015800000 
0.04350 0.022276000000 
0.04400 0.020778800000 
0.04450 0.019281520000 
0.04500 0.017870020000 
0.04550 0.016700080000 
0.04600 0.015530160000 
0.04650 0.014380460000 
0.04700 0.013463600000 
0.04750 0.012546740000 
0.04800 0.011629880000 
0.04850 0.010886380000 
0.04900 0.010165820000 
0.04950 0.009445260000 
0.05000 0.008827300000 
0.05050 0.008259480000 
0.05100 0.007691680000 
0.05150 0.007176920000 
0.05200 0.006728320000 
0.05250 0.006279720000 
0.05300 0.005850100000 
0.05350 0.005494820000 
0.05400 0.005139540000 
0.05450 0.004784260000 
0.05500 0.004498280000 
0.05550 0.004216240000 
0.05600 0.003934180000 
0.05650 0.003690980000 
0.05700 0.003466540000 
0.05750 0.003242120000 
0.05800 0.003035280000 
0.05850 0.002856300000 
0.05900 0.002677300000 
0.05950 0.002501360000 
0.06000 0.002358320000 
0.06050 0.002215280000 
0.06100 0.002072220000 
0.06150 0.001951014000 
0.06200 0.001836452000 
0.06250 0.001721888000 
0.06300 0.001617124000 
0.06350 0.001525186000 
0.06400 0.001433248000 
0.06450 0.001342826000 
0.06500 0.001268896000 
0.06550 0.001194968000 
0.06600 0.001121040000 
0.06650 0.001057454000 
0.06700 0.000997892000 
0.06750 0.000938330000 
0.06800 0.000882676000 
0.06850 0.000834598000 
0.06900 0.000786520000 
0.06950 0.000738442000 
0.07000 0.000699060000 
0.07050 0.000660178000 
0.07100 0.000621298000 
0.07150 0.000586368000 
0.07200 0.000554868000 
0.07250 0.000523368000 
0.07300 0.000492524000 
0.07350 0.000466958000 
0.07400 0.000441392000 
0.07450 0.000415826000 
0.07500 0.000393464000 
0.07550 0.000372678000 
0.07600 0.000351892000 
0.07650 0.000331938000 
0.07700 0.000315010000 
0.07750 0.000298080000 
0.07800 0.000281152000 
0.07850 0.000266550000 
0.07900 0.000252740000 
0.07950 0.000238928000 
0.08000 0.000225780000 
0.08050 0.000214496000 
0.08100 0.000203210000 
0.08150 0.000191924400 
0.08200 0.000182204800 
0.08250 0.000172967800 
0.08300 0.000163730600 
0.08350 0.000154914200 
0.08400 0.000147341400 
0.08450 0.000139768600 
0.08500 0.000132196000 
0.08550 0.000125608600 
0.08600 0.000119390600 
0.08650 0.000113172400 
0.08700 0.000107163000 
0.08750 0.000102049200 
0.08800 0.000096935400 
0.08850 0.000091821600 
0.08900 0.000087282800 
0.08950 0.000083070800 
0.09000 0.000078858600 
0.09050 0.000074700800 
0.09100 0.000071226200 
0.09150 0.000067751600 
0.09200 0.000064277200 
0.09250 0.000061102800 
0.09300 0.000058232400 
0.09350 0.000055362000 
0.09400 0.000052491600 
0.09450 0.000050071400 
0.09500 0.000047696600 
0.09550 0.000045321800 
0.09600 0.000043072600 
0.09650 0.000041105000 
0.09700 0.000039137400 
0.09750 0.000037169800 
0.09800 0.000035436000 
0.09850 0.000033803400 
0.09900 0.000032171000 
0.09950 0.000030559200 
0.10000 0.000029202800 
0.10050 0.000027846400 
0.10100 0.000026490000 
0.10150 0.000025234400 
0.10200 0.000024106000 
0.10250 0.000022977600 
0.10300 0.000021849200 
0.10350 0.000020871200 
0.10400 0.000019931060 
0.10450 0.000018990980 
0.10500 0.000018073580 
0.10550 0.000017289420 
0.10600 0.000016505260 
0.10650 0.000015721080 
0.10700 0.000014999260 
0.10750 0.000014344300 
0.10800 0.000013689360 
0.10850 0.000013034420 
0.10900 0.000012466340 
0.10950 0.000011918640 
0.11000 0.000011370920 
0.11050 0.000010834680 
0.11100 0.000010376100 
0.11150 0.000009917520 
0.11200 0.000009458940 
0.11250 0.000009032860 
0.11300 0.000008648460 
0.11350 0.000008264060 
0.11400 0.000007879660 
0.11450 0.000007540920 
0.11500 0.000007218320 
0.11550 0.000006895720 
0.11600 0.000006574720 
0.11650 0.000006303680 
0.11700 0.000006032640 
0.11750 0.000005761620 
0.11800 0.000005504160 
0.11850 0.000005276200 
0.11900 0.000005048240 
0.11950 0.000004820280 
0.12000 0.000004613620 
0.12050 0.000004421680 
0.12100 0.000004229760 
0.12150 0.000004037820 
0.12200 0.000003871800 
0.12250 0.000003710040 
0.12300 0.000003548280 
0.12350 0.000003389520 
0.12400 0.000003253040 
0.12450 0.000003116580 
0.12500 0.000002980120 
0.12550 0.000002851500 
0.12600 0.000002736260 
0.12650 0.000002621020 
0.12700 0.000002505800 
0.12750 0.000002401500 
0.12800 0.000002304100 
0.12850 0.000002206700 
0.12900 0.000002109320 
0.12950 0.000002024660 
0.13000 0.000001942268 
0.13050 0.000001859876 
0.13100 0.000001778452 
0.13150 0.000001708698 
0.13200 0.000001638944 
0.13250 0.000001569190 
0.13300 0.000001502586 
0.13350 0.000001443480 
0.13400 0.000001384376 
0.13450 0.000001325272 
0.13500 0.000001270720 
0.13550 0.000001220602 
0.13600 0.000001170484 
0.13650 0.000001120366 
0.13700 0.000001075626 
0.13750 0.000001033098 
0.13800 0.000000990572 
0.13850 0.000000948044 
0.13900 0.000000911302 
0.13950 0.000000875190 
0.14000 0.000000839078 
0.14050 0.000000803434 
0.14100 0.000000772750 
0.14150 0.000000742068 
0.14200 0.000000711384 
0.14250 0.000000681902 
0.14300 0.000000655814 
0.14350 0.000000629728 
0.14400 0.000000603640 
0.14450 0.000000579212 
0.14500 0.000000557020 
0.14550 0.000000534828 
0.14600 0.000000512636 
0.14650 0.000000492362 
0.14700 0.000000473474 
0.14750 0.000000454586 
0.14800 0.000000435696 
0.14850 0.000000418842 
0.14900 0.000000402758 
0.14950 0.000000386674 
0.15000 0.000000370592 
0.15050 0.000000356554 
0.15100 0.000000342850 
0.15150 0.000000329148 
0.15200 0.000000315444 
0.15250 0.000000303728 
0.15300 0.000000292050 
0.15350 0.000000280370 
0.15400 0.000000268852 
0.15450 0.000000258894 
0.15500 0.000000248936 
0.15550 0.000000238980 
0.15600 0.000000229302 
0.15650 0.000000220810 
0.15700 0.000000212318 
0.15750 0.000000203824 
0.15800 0.000000195677 
0.15850 0.000000188430 
0.15900 0.000000181183 
0.15950 0.000000173936 
0.16000 0.000000167061 
0.16050 0.000000160877 
0.16100 0.000000154693 
0.16150 0.000000148508 
0.16200 0.000000142696 
0.16250 0.000000137416 
0.16300 0.000000132137 
0.16350 0.000000126857 
0.16400 0.000000121931 
0.16450 0.000000117423 
0.16500 0.000000112915 
0.16550 0.000000108407 
0.16600 0.000000104221 
0.16650 0.000000100372 
0.16700 0.000000096523 
0.16750 0.000000092674 
0.16800 0.000000089109 
0.16850 0.000000085820 
0.16900 0.000000082532 
0.16950 0.000000079243 
0.17000 0.000000076199 
0.17050 0.000000073391 
0.17100 0.000000070582 
0.17150 0.000000067773 
0.17200 0.000000065168 
0.17250 0.000000062768 
0.17300 0.000000060367 
0.17350 0.000000057967 
0.17400 0.000000055732 
0.17450 0.000000053680 
0.17500 0.000000051629 
0.17550 0.000000049578 
0.17600 0.000000047656 
0.17650 0.000000045904 
0.17700 0.000000044152 
0.17750 0.000000042400 
0.17800 0.000000040744 
0.17850 0.000000039247 
0.17900 0.000000037749 
0.17950 0.000000036252 
0.18000 0.000000034822 
0.18050 0.000000033541 
0.18100 0.000000032261 
0.18150 0.000000030981 
0.18200 0.000000029743 
0.18250 0.000000028649 
0.18300 0.000000027555 
0.18350 0.000000026461 
0.18400 0.000000025387 
0.18450 0.000000024453 
0.18500 0.000000023519 
0.18550 0.000000022585 
0.18600 0.000000021653 
0.18650 0.000000020854 
0.18700 0.000000020055 
0.18750 0.000000019257 
0.18800 0.000000018458 
0.18850 0.000000017764 
0.18900 0.000000017082 
0.18950 0.000000016400 
0.19000 0.000000015719 
0.19050 0.000000015112 
0.19100 0.000000014529 
0.19150 0.000000013946 
0.19200 0.000000013364 
0.19250 0.000000012833 
0.19300 0.000000012336 
0.19350 0.000000011838 
0.19400 0.000000011340 
0.19450 0.000000010876 
0.19500 0.000000010452 
0.19550 0.000000010027 
0.19600 0.000000009602 
0.19650 0.000000009196 
0.19700 0.000000008834 
0.19750 0.000000008471 
0.19800 0.000000008109 
0.19850 0.000000007754 
0.19900 0.000000007445 
0.19950 0.000000007135 
0.20000 0.000000006826 
0.20050 0.000000006517 
0.20100 0.000000006252 
0.20150 0.000000005988 
0.20200 0.000000005724 
0.20250 0.000000005460 
0.20300 0.000000005229 
0.20350 0.000000005004 
0.20400 0.000000004780 
0.20450 0.000000004555 
0.20500 0.000000004352 
0.20550 0.000000004161 
0.20600 0.000000003970 
0.20650 0.000000003778 
0.20700 0.000000003602 
0.20750 0.000000003439 
0.20800 0.000000003277 
0.20850 0.000000003114 
0.20900 0.000000002961 
0.20950 0.000000002823 
0.21000 0.000000002685 
0.21050 0.000000002547 
0.21100 0.000000002414 
0.21150 0.000000002296 
0.21200 0.000000002179 
0.21250 0.000000002062 
0.21300 0.000000001947 
0.21350 0.000000001848 
0.21400 0.000000001749 
0.21450 0.000000001651 
0.21500 0.000000001553 
0.21550 0.000000001469 
0.21600 0.000000001386 
0.21650 0.000000001302 
0.21700 0.000000001219 
0.21750 0.000000001149 
0.21800 0.000000001079 
0.21850 0.000000001009 
0.21900 0.000000000939 
0.21950 0.000000000881 
0.22000 0.000000000822 
0.22050 0.000000000764 
0.22100 0.000000000706 
0.22150 0.000000000657 
0.22200 0.000000000609 
0.22250 0.000000000560 
0.22300 0.000000000513 
0.22350 0.000000000473 
0.22400 0.000000000434 
0.22450 0.000000000394 
0.22500 0.000000000357 
0.22550 0.000000000324 
0.22600 0.000000000292 
0.22650 0.000000000260 
0.22700 0.000000000232 
0.22750 0.000000000207 
0.22800 0.000000000181 
0.22850 0.000000000156 
0.22900 0.000000000136 
0.22950 0.000000000117 
0.23000 0.000000000098 
0.23050 0.000000000080 
0.23100 0.000000000067 
0.23150 0.000000000053 
0.23200 0.000000000040 
0.23250 0.000000000030 
0.23300 0.000000000022 
0.23350 0.000000000014 
