0.00000 562.858000000000 
0.00050 485.012000000000 
0.00100 407.164000000000 
0.00150 329.318000000000 
0.00200 251.470000000000 
0.00250 201.928000000000 
0.00300 160.830200000000 
0.00350 129.251800000000 
0.00400 106.477400000000 
0.00450 85.519400000000 
0.00500 72.364600000000 
0.00550 59.209800000000 
0.00600 50.207000000000 
0.00650 42.340200000000 
0.00700 35.425400000000 
0.00750 30.580800000000 
0.00800 25.736200000000 
0.00850 22.291800000000 
0.00900 19.232140000000 
0.00950 16.387940000000 
0.01000 14.413000000000 
0.01050 12.438060000000 
0.01100 10.843100000000 
0.01150 9.543600000000 
0.01200 8.244100000000 
0.01250 7.323220000000 
0.01300 6.453520000000 
0.01350 5.627720000000 
0.01400 5.036800000000 
0.01450 4.445880000000 
0.01500 3.927800000000 
0.01550 3.520800000000 
0.01600 3.113800000000 
0.01650 2.780720000000 
0.01700 2.496960000000 
0.01750 2.213180000000 
0.01800 1.994008000000 
0.01850 1.793938000000 
0.01900 1.593868000000 
0.01950 1.446456000000 
0.02000 1.303966000000 
0.02050 1.162688000000 
0.02100 1.060266000000 
0.02150 0.957844000000 
0.02200 0.858830000000 
0.02250 0.784580000000 
0.02300 0.710332000000 
0.02350 0.639856000000 
0.02400 0.585610000000 
0.02450 0.531364000000 
0.02500 0.480480000000 
0.02550 0.440562000000 
0.02600 0.400642000000 
0.02650 0.363420000000 
0.02700 0.333848000000 
0.02750 0.304278000000 
0.02800 0.276718000000 
0.02850 0.254676000000 
0.02900 0.232636000000 
0.02950 0.212004000000 
0.03000 0.195481400000 
0.03050 0.178958400000 
0.03100 0.163358200000 
0.03150 0.150905600000 
0.03200 0.138452800000 
0.03250 0.126547600000 
0.03300 0.117115600000 
0.03350 0.107683600000 
0.03400 0.098521400000 
0.03450 0.091344200000 
0.03500 0.084166800000 
0.03550 0.077061200000 
0.03600 0.071575600000 
0.03650 0.066090200000 
0.03700 0.060604800000 
0.03750 0.056330800000 
0.03800 0.052121000000 
0.03850 0.047911400000 
0.03900 0.044515400000 
0.03950 0.041272200000 
0.04000 0.038029200000 
0.04050 0.035315000000 
0.04100 0.032807400000 
0.04150 0.030299800000 
0.04200 0.028119000000 
0.04250 0.026173600000 
0.04300 0.024228000000 
0.04350 0.022467400000 
0.04400 0.020953000000 
0.04450 0.019438620000 
0.04500 0.018011140000 
0.04550 0.016828640000 
0.04600 0.015646160000 
0.04650 0.014484180000 
0.04700 0.013558140000 
0.04750 0.012632100000 
0.04800 0.011706060000 
0.04850 0.010955580000 
0.04900 0.010228340000 
0.04950 0.009501080000 
0.05000 0.008877620000 
0.05050 0.008304940000 
0.05100 0.007732260000 
0.05150 0.007213220000 
0.05200 0.006761080000 
0.05250 0.006308940000 
0.05300 0.005875980000 
0.05350 0.005518140000 
0.05400 0.005160280000 
0.05450 0.004802440000 
0.05500 0.004514600000 
0.05550 0.004230700000 
0.05600 0.003946800000 
0.05650 0.003702120000 
0.05700 0.003476360000 
0.05750 0.003250620000 
0.05800 0.003042600000 
0.05850 0.002862680000 
0.05900 0.002682780000 
0.05950 0.002505920000 
0.06000 0.002362220000 
0.06050 0.002218520000 
0.06100 0.002074820000 
0.06150 0.001953114000 
0.06200 0.001838102000 
0.06250 0.001723090000 
0.06300 0.001617940000 
0.06350 0.001525698000 
0.06400 0.001433458000 
0.06450 0.001342744000 
0.06500 0.001268618000 
0.06550 0.001194492000 
0.06600 0.001120366000 
0.06650 0.001056638000 
0.06700 0.000996954000 
0.06750 0.000937272000 
0.06800 0.000881514000 
0.06850 0.000833366000 
0.06900 0.000785220000 
0.06950 0.000737072000 
0.07000 0.000697654000 
0.07050 0.000658742000 
0.07100 0.000619830000 
0.07150 0.000584880000 
0.07200 0.000553374000 
0.07250 0.000521866000 
0.07300 0.000491016000 
0.07350 0.000465458000 
0.07400 0.000439902000 
0.07450 0.000414346000 
0.07500 0.000392000000 
0.07550 0.000371234000 
0.07600 0.000350468000 
0.07650 0.000330534000 
0.07700 0.000313630000 
0.07750 0.000296728000 
0.07800 0.000279826000 
0.07850 0.000265250000 
0.07900 0.000251470000 
0.07950 0.000237688000 
0.08000 0.000224568000 
0.08050 0.000213314000 
0.08100 0.000202058000 
0.08150 0.000190802800 
0.08200 0.000181113000 
0.08250 0.000171905600 
0.08300 0.000162698400 
0.08350 0.000153911400 
0.08400 0.000146367200 
0.08450 0.000138823000 
0.08500 0.000131278800 
0.08550 0.000124719000 
0.08600 0.000118527800 
0.08650 0.000112336600 
0.08700 0.000106353600 
0.08750 0.000101264800 
0.08800 0.000096175800 
0.08850 0.000091087000 
0.08900 0.000086571600 
0.08950 0.000082382400 
0.09000 0.000078193200 
0.09050 0.000074058000 
0.09100 0.000070604000 
0.09150 0.000067150200 
0.09200 0.000063696200 
0.09250 0.000060541600 
0.09300 0.000057689800 
0.09350 0.000054838000 
0.09400 0.000051986000 
0.09450 0.000049582800 
0.09500 0.000047224600 
0.09550 0.000044866400 
0.09600 0.000042633400 
0.09650 0.000040680600 
0.09700 0.000038727800 
0.09750 0.000036775000 
0.09800 0.000035054600 
0.09850 0.000033435200 
0.09900 0.000031815800 
0.09950 0.000030217000 
0.10000 0.000028872400 
0.10050 0.000027527600 
0.10100 0.000026182800 
0.10150 0.000024938200 
0.10200 0.000023820000 
0.10250 0.000022701800 
0.10300 0.000021583600 
0.10350 0.000020614800 
0.10400 0.000019683700 
0.10450 0.000018752620 
0.10500 0.000017844040 
0.10550 0.000017067780 
0.10600 0.000016291500 
0.10650 0.000015515220 
0.10700 0.000014800820 
0.10750 0.000014152780 
0.10800 0.000013504760 
0.10850 0.000012856720 
0.10900 0.000012294860 
0.10950 0.000011753220 
0.11000 0.000011211560 
0.11050 0.000010681260 
0.11100 0.000010227980 
0.11150 0.000009774700 
0.11200 0.000009321420 
0.11250 0.000008900320 
0.11300 0.000008520540 
0.11350 0.000008140760 
0.11400 0.000007760980 
0.11450 0.000007426440 
0.11500 0.000007107880 
0.11550 0.000006789300 
0.11600 0.000006472340 
0.11650 0.000006204820 
0.11700 0.000005937300 
0.11750 0.000005669780 
0.11800 0.000005415700 
0.11850 0.000005190820 
0.11900 0.000004965920 
0.11950 0.000004741040 
0.12000 0.000004537200 
0.12050 0.000004347940 
0.12100 0.000004158680 
0.12150 0.000003969440 
0.12200 0.000003805780 
0.12250 0.000003646360 
0.12300 0.000003486920 
0.12350 0.000003330460 
0.12400 0.000003196020 
0.12450 0.000003061580 
0.12500 0.000002927140 
0.12550 0.000002800460 
0.12600 0.000002686980 
0.12650 0.000002573520 
0.12700 0.000002460040 
0.12750 0.000002357380 
0.12800 0.000002261520 
0.12850 0.000002165660 
0.12900 0.000002069800 
0.12950 0.000001986516 
0.13000 0.000001905464 
0.13050 0.000001824410 
0.13100 0.000001744312 
0.13150 0.000001675720 
0.13200 0.000001607130 
0.13250 0.000001538540 
0.13300 0.000001473054 
0.13350 0.000001414964 
0.13400 0.000001356872 
0.13450 0.000001298780 
0.13500 0.000001245174 
0.13550 0.000001195938 
0.13600 0.000001146700 
0.13650 0.000001097464 
0.13700 0.000001053524 
0.13750 0.000001011764 
0.13800 0.000000970002 
0.13850 0.000000928242 
0.13900 0.000000892176 
0.13950 0.000000856732 
0.14000 0.000000821286 
0.14050 0.000000786300 
0.14100 0.000000756198 
0.14150 0.000000726094 
0.14200 0.000000695992 
0.14250 0.000000667068 
0.14300 0.000000641484 
0.14350 0.000000615902 
0.14400 0.000000590320 
0.14450 0.000000566368 
0.14500 0.000000544614 
0.14550 0.000000522860 
0.14600 0.000000501106 
0.14650 0.000000481240 
0.14700 0.000000462732 
0.14750 0.000000444224 
0.14800 0.000000425716 
0.14850 0.000000409208 
0.14900 0.000000393456 
0.14950 0.000000377704 
0.15000 0.000000361950 
0.15050 0.000000348208 
0.15100 0.000000334792 
0.15150 0.000000321378 
0.15200 0.000000307964 
0.15250 0.000000296498 
0.15300 0.000000285070 
0.15350 0.000000273642 
0.15400 0.000000262370 
0.15450 0.000000252630 
0.15500 0.000000242890 
0.15550 0.000000233150 
0.15600 0.000000223686 
0.15650 0.000000215382 
0.15700 0.000000207078 
0.15750 0.000000198775 
0.15800 0.000000190810 
0.15850 0.000000183727 
0.15900 0.000000176644 
0.15950 0.000000169561 
0.16000 0.000000162844 
0.16050 0.000000156802 
0.16100 0.000000150760 
0.16150 0.000000144719 
0.16200 0.000000139041 
0.16250 0.000000133885 
0.16300 0.000000128730 
0.16350 0.000000123574 
0.16400 0.000000118764 
0.16450 0.000000114364 
0.16500 0.000000109963 
0.16550 0.000000105563 
0.16600 0.000000101478 
0.16650 0.000000097722 
0.16700 0.000000093966 
0.16750 0.000000090210 
0.16800 0.000000086733 
0.16850 0.000000083525 
0.16900 0.000000080317 
0.16950 0.000000077110 
0.17000 0.000000074142 
0.17050 0.000000071403 
0.17100 0.000000068665 
0.17150 0.000000065926 
0.17200 0.000000063387 
0.17250 0.000000061048 
0.17300 0.000000058708 
0.17350 0.000000056368 
0.17400 0.000000054190 
0.17450 0.000000052192 
0.17500 0.000000050194 
0.17550 0.000000048195 
0.17600 0.000000046323 
0.17650 0.000000044617 
0.17700 0.000000042911 
0.17750 0.000000041204 
0.17800 0.000000039592 
0.17850 0.000000038134 
0.17900 0.000000036677 
0.17950 0.000000035219 
0.18000 0.000000033827 
0.18050 0.000000032581 
0.18100 0.000000031335 
0.18150 0.000000030089 
0.18200 0.000000028884 
0.18250 0.000000027820 
0.18300 0.000000026756 
0.18350 0.000000025692 
0.18400 0.000000024647 
0.18450 0.000000023739 
0.18500 0.000000022830 
0.18550 0.000000021922 
0.18600 0.000000021015 
0.18650 0.000000020239 
0.18700 0.000000019463 
0.18750 0.000000018686 
0.18800 0.000000017910 
0.18850 0.000000017235 
0.18900 0.000000016573 
0.18950 0.000000015910 
0.19000 0.000000015248 
0.19050 0.000000014658 
0.19100 0.000000014092 
0.19150 0.000000013526 
0.19200 0.000000012960 
0.19250 0.000000012445 
0.19300 0.000000011961 
0.19350 0.000000011478 
0.19400 0.000000010995 
0.19450 0.000000010544 
0.19500 0.000000010132 
0.19550 0.000000009720 
0.19600 0.000000009307 
0.19650 0.000000008913 
0.19700 0.000000008561 
0.19750 0.000000008210 
0.19800 0.000000007858 
0.19850 0.000000007513 
0.19900 0.000000007213 
0.19950 0.000000006913 
0.20000 0.000000006613 
0.20050 0.000000006314 
0.20100 0.000000006057 
0.20150 0.000000005801 
0.20200 0.000000005545 
0.20250 0.000000005289 
0.20300 0.000000005064 
0.20350 0.000000004846 
0.20400 0.000000004629 
0.20450 0.000000004411 
0.20500 0.000000004214 
0.20550 0.000000004029 
0.20600 0.000000003843 
0.20650 0.000000003658 
0.20700 0.000000003487 
0.20750 0.000000003329 
0.20800 0.000000003172 
0.20850 0.000000003015 
0.20900 0.000000002866 
0.20950 0.000000002732 
0.21000 0.000000002598 
0.21050 0.000000002465 
0.21100 0.000000002336 
0.21150 0.000000002222 
0.21200 0.000000002109 
0.21250 0.000000001995 
0.21300 0.000000001884 
0.21350 0.000000001788 
0.21400 0.000000001692 
0.21450 0.000000001597 
0.21500 0.000000001502 
0.21550 0.000000001421 
0.21600 0.000000001340 
0.21650 0.000000001259 
0.21700 0.000000001179 
0.21750 0.000000001111 
0.21800 0.000000001044 
0.21850 0.000000000976 
0.21900 0.000000000908 
0.21950 0.000000000852 
0.22000 0.000000000795 
0.22050 0.000000000739 
0.22100 0.000000000682 
0.22150 0.000000000636 
0.22200 0.000000000589 
0.22250 0.000000000542 
0.22300 0.000000000496 
0.22350 0.000000000457 
0.22400 0.000000000419 
0.22450 0.000000000381 
0.22500 0.000000000345 
0.22550 0.000000000314 
0.22600 0.000000000283 
0.22650 0.000000000252 
0.22700 0.000000000224 
0.22750 0.000000000200 
0.22800 0.000000000175 
0.22850 0.000000000151 
0.22900 0.000000000131 
0.22950 0.000000000113 
0.23000 0.000000000094 
0.23050 0.000000000077 
0.23100 0.000000000064 
0.23150 0.000000000051 
0.23200 0.000000000038 
0.23250 0.000000000029 
0.23300 0.000000000021 
0.23350 0.000000000014 
