0.00000 587.708000000000 
0.00050 506.230000000000 
0.00100 424.752000000000 
0.00150 343.274000000000 
0.00200 261.796000000000 
0.00250 210.026000000000 
0.00300 167.120800000000 
0.00350 134.180800000000 
0.00400 110.457000000000 
0.00450 88.630200000000 
0.00500 74.953600000000 
0.00550 61.277000000000 
0.00600 51.928400000000 
0.00650 43.764200000000 
0.00700 36.590400000000 
0.00750 31.570800000000 
0.00800 26.551000000000 
0.00850 22.985800000000 
0.00900 19.820480000000 
0.00950 16.878540000000 
0.01000 14.838260000000 
0.01050 12.797980000000 
0.01100 11.151300000000 
0.01150 9.810620000000 
0.01200 8.469940000000 
0.01250 7.520900000000 
0.01300 6.624800000000 
0.01350 5.774060000000 
0.01400 5.165960000000 
0.01450 4.557840000000 
0.01500 4.024900000000 
0.01550 3.606560000000 
0.01600 3.188220000000 
0.01650 2.846060000000 
0.01700 2.554720000000 
0.01750 2.263380000000 
0.01800 2.038520000000 
0.01850 1.833344000000 
0.01900 1.628162000000 
0.01950 1.477124000000 
0.02000 1.331152000000 
0.02050 1.186420000000 
0.02100 1.081602000000 
0.02150 0.976784000000 
0.02200 0.875462000000 
0.02250 0.799554000000 
0.02300 0.723644000000 
0.02350 0.651602000000 
0.02400 0.596198000000 
0.02450 0.540792000000 
0.02500 0.488830000000 
0.02550 0.448098000000 
0.02600 0.407366000000 
0.02650 0.369390000000 
0.02700 0.339246000000 
0.02750 0.309100000000 
0.02800 0.281010000000 
0.02850 0.258560000000 
0.02900 0.236112000000 
0.02950 0.215102000000 
0.03000 0.198289000000 
0.03050 0.181475000000 
0.03100 0.165603200000 
0.03150 0.152942200000 
0.03200 0.140281400000 
0.03250 0.128178800000 
0.03300 0.118597600000 
0.03350 0.109016200000 
0.03400 0.099709600000 
0.03450 0.092424800000 
0.03500 0.085140000000 
0.03550 0.077928000000 
0.03600 0.072365000000 
0.03650 0.066801800000 
0.03700 0.061238800000 
0.03750 0.056907600000 
0.03800 0.052641800000 
0.03850 0.048376200000 
0.03900 0.044937000000 
0.03950 0.041653400000 
0.04000 0.038369600000 
0.04050 0.035622800000 
0.04100 0.033086000000 
0.04150 0.030549000000 
0.04200 0.028343400000 
0.04250 0.026376600000 
0.04300 0.024409800000 
0.04350 0.022630400000 
0.04400 0.021100600000 
0.04450 0.019570760000 
0.04500 0.018128980000 
0.04550 0.016935340000 
0.04600 0.015741700000 
0.04650 0.014568820000 
0.04700 0.013634720000 
0.04750 0.012700640000 
0.04800 0.011766540000 
0.04850 0.011010020000 
0.04900 0.010276980000 
0.04950 0.009543940000 
0.05000 0.008915800000 
0.05050 0.008338980000 
0.05100 0.007762140000 
0.05150 0.007239480000 
0.05200 0.006784400000 
0.05250 0.006329300000 
0.05300 0.005893560000 
0.05350 0.005533640000 
0.05400 0.005173700000 
0.05450 0.004813780000 
0.05500 0.004524420000 
0.05550 0.004239060000 
0.05600 0.003953720000 
0.05650 0.003707880000 
0.05700 0.003481120000 
0.05750 0.003254360000 
0.05800 0.003045480000 
0.05850 0.002864880000 
0.05900 0.002684280000 
0.05950 0.002506760000 
0.06000 0.002362620000 
0.06050 0.002218460000 
0.06100 0.002074320000 
0.06150 0.001952286000 
0.06200 0.001836990000 
0.06250 0.001721694000 
0.06300 0.001616308000 
0.06350 0.001523900000 
0.06400 0.001431490000 
0.06450 0.001340614000 
0.06500 0.001266400000 
0.06550 0.001192188000 
0.06600 0.001117974000 
0.06650 0.001054196000 
0.06700 0.000994480000 
0.06750 0.000934764000 
0.06800 0.000878984000 
0.06850 0.000830840000 
0.06900 0.000782696000 
0.06950 0.000734552000 
0.07000 0.000695162000 
0.07050 0.000656276000 
0.07100 0.000617388000 
0.07150 0.000582474000 
0.07200 0.000551008000 
0.07250 0.000519542000 
0.07300 0.000488732000 
0.07350 0.000463224000 
0.07400 0.000437716000 
0.07450 0.000412208000 
0.07500 0.000389914000 
0.07550 0.000369198000 
0.07600 0.000348484000 
0.07650 0.000328602000 
0.07700 0.000311752000 
0.07750 0.000294902000 
0.07800 0.000278050000 
0.07850 0.000263528000 
0.07900 0.000249796000 
0.07950 0.000236066000 
0.08000 0.000222996000 
0.08050 0.000211788000 
0.08100 0.000200582000 
0.08150 0.000189373600 
0.08200 0.000179729000 
0.08250 0.000170566000 
0.08300 0.000161403000 
0.08350 0.000152659600 
0.08400 0.000145156000 
0.08450 0.000137652600 
0.08500 0.000130149000 
0.08550 0.000123627000 
0.08600 0.000117472600 
0.08650 0.000111318200 
0.08700 0.000105371400 
0.08750 0.000100315600 
0.08800 0.000095260000 
0.08850 0.000090204200 
0.08900 0.000085719600 
0.08950 0.000081560000 
0.09000 0.000077400200 
0.09050 0.000073294400 
0.09100 0.000069866800 
0.09150 0.000066439200 
0.09200 0.000063011400 
0.09250 0.000059881600 
0.09300 0.000057053000 
0.09350 0.000054224400 
0.09400 0.000051395800 
0.09450 0.000049013200 
0.09500 0.000046675400 
0.09550 0.000044337800 
0.09600 0.000042124400 
0.09650 0.000040189600 
0.09700 0.000038254800 
0.09750 0.000036320000 
0.09800 0.000034616000 
0.09850 0.000033012400 
0.09900 0.000031408800 
0.09950 0.000029825600 
0.10000 0.000028494800 
0.10050 0.000027163800 
0.10100 0.000025832800 
0.10150 0.000024601200 
0.10200 0.000023495000 
0.10250 0.000022389000 
0.10300 0.000021282800 
0.10350 0.000020324800 
0.10400 0.000019404280 
0.10450 0.000018483720 
0.10500 0.000017585480 
0.10550 0.000016818360 
0.10600 0.000016051260 
0.10650 0.000015284140 
0.10700 0.000014578340 
0.10750 0.000013938280 
0.10800 0.000013298240 
0.10850 0.000012658180 
0.10900 0.000012103460 
0.10950 0.000011568760 
0.11000 0.000011034040 
0.11050 0.000010510580 
0.11100 0.000010063320 
0.11150 0.000009616080 
0.11200 0.000009168840 
0.11250 0.000008753440 
0.11300 0.000008378900 
0.11350 0.000008004360 
0.11400 0.000007629820 
0.11450 0.000007300020 
0.11500 0.000006986000 
0.11550 0.000006672000 
0.11600 0.000006359560 
0.11650 0.000006096000 
0.11700 0.000005832440 
0.11750 0.000005568880 
0.11800 0.000005318600 
0.11850 0.000005097140 
0.11900 0.000004875680 
0.11950 0.000004654220 
0.12000 0.000004453560 
0.12050 0.000004267280 
0.12100 0.000004081020 
0.12150 0.000003894740 
0.12200 0.000003733740 
0.12250 0.000003576900 
0.12300 0.000003420060 
0.12350 0.000003266120 
0.12400 0.000003133940 
0.12450 0.000003001740 
0.12500 0.000002869540 
0.12550 0.000002745000 
0.12600 0.000002633480 
0.12650 0.000002521960 
0.12700 0.000002410440 
0.12750 0.000002309560 
0.12800 0.000002215400 
0.12850 0.000002121240 
0.12900 0.000002027060 
0.12950 0.000001945280 
0.13000 0.000001865694 
0.13050 0.000001786108 
0.13100 0.000001707462 
0.13150 0.000001640146 
0.13200 0.000001572830 
0.13250 0.000001505512 
0.13300 0.000001441252 
0.13350 0.000001384266 
0.13400 0.000001327280 
0.13450 0.000001270294 
0.13500 0.000001217718 
0.13550 0.000001169440 
0.13600 0.000001121162 
0.13650 0.000001072884 
0.13700 0.000001029816 
0.13750 0.000000988886 
0.13800 0.000000947958 
0.13850 0.000000907030 
0.13900 0.000000871698 
0.13950 0.000000836976 
0.14000 0.000000802252 
0.14050 0.000000767982 
0.14100 0.000000738506 
0.14150 0.000000709028 
0.14200 0.000000679552 
0.14250 0.000000651234 
0.14300 0.000000626196 
0.14350 0.000000601158 
0.14400 0.000000576118 
0.14450 0.000000552680 
0.14500 0.000000531398 
0.14550 0.000000510118 
0.14600 0.000000488836 
0.14650 0.000000469404 
0.14700 0.000000451306 
0.14750 0.000000433210 
0.14800 0.000000415112 
0.14850 0.000000398974 
0.14900 0.000000383576 
0.14950 0.000000368180 
0.15000 0.000000352782 
0.15050 0.000000339354 
0.15100 0.000000326248 
0.15150 0.000000313142 
0.15200 0.000000300036 
0.15250 0.000000288840 
0.15300 0.000000277678 
0.15350 0.000000266518 
0.15400 0.000000255510 
0.15450 0.000000246002 
0.15500 0.000000236496 
0.15550 0.000000226988 
0.15600 0.000000217750 
0.15650 0.000000209648 
0.15700 0.000000201546 
0.15750 0.000000193443 
0.15800 0.000000185673 
0.15850 0.000000178764 
0.15900 0.000000171856 
0.15950 0.000000164948 
0.16000 0.000000158397 
0.16050 0.000000152507 
0.16100 0.000000146617 
0.16150 0.000000140727 
0.16200 0.000000135193 
0.16250 0.000000130169 
0.16300 0.000000125144 
0.16350 0.000000120120 
0.16400 0.000000115434 
0.16450 0.000000111147 
0.16500 0.000000106861 
0.16550 0.000000102574 
0.16600 0.000000098596 
0.16650 0.000000094939 
0.16700 0.000000091281 
0.16750 0.000000087624 
0.16800 0.000000084239 
0.16850 0.000000081117 
0.16900 0.000000077995 
0.16950 0.000000074873 
0.17000 0.000000071984 
0.17050 0.000000069320 
0.17100 0.000000066656 
0.17150 0.000000063991 
0.17200 0.000000061521 
0.17250 0.000000059246 
0.17300 0.000000056971 
0.17350 0.000000054695 
0.17400 0.000000052578 
0.17450 0.000000050635 
0.17500 0.000000048692 
0.17550 0.000000046749 
0.17600 0.000000044930 
0.17650 0.000000043272 
0.17700 0.000000041613 
0.17750 0.000000039955 
0.17800 0.000000038388 
0.17850 0.000000036972 
0.17900 0.000000035556 
0.17950 0.000000034140 
0.18000 0.000000032788 
0.18050 0.000000031578 
0.18100 0.000000030369 
0.18150 0.000000029159 
0.18200 0.000000027989 
0.18250 0.000000026956 
0.18300 0.000000025923 
0.18350 0.000000024890 
0.18400 0.000000023876 
0.18450 0.000000022994 
0.18500 0.000000022113 
0.18550 0.000000021231 
0.18600 0.000000020352 
0.18650 0.000000019599 
0.18700 0.000000018846 
0.18750 0.000000018093 
0.18800 0.000000017340 
0.18850 0.000000016685 
0.18900 0.000000016043 
0.18950 0.000000015400 
0.19000 0.000000014758 
0.19050 0.000000014187 
0.19100 0.000000013638 
0.19150 0.000000013089 
0.19200 0.000000012540 
0.19250 0.000000012041 
0.19300 0.000000011573 
0.19350 0.000000011104 
0.19400 0.000000010636 
0.19450 0.000000010200 
0.19500 0.000000009800 
0.19550 0.000000009401 
0.19600 0.000000009001 
0.19650 0.000000008620 
0.19700 0.000000008279 
0.19750 0.000000007938 
0.19800 0.000000007598 
0.19850 0.000000007264 
0.19900 0.000000006974 
0.19950 0.000000006683 
0.20000 0.000000006393 
0.20050 0.000000006103 
0.20100 0.000000005854 
0.20150 0.000000005606 
0.20200 0.000000005359 
0.20250 0.000000005111 
0.20300 0.000000004893 
0.20350 0.000000004683 
0.20400 0.000000004472 
0.20450 0.000000004262 
0.20500 0.000000004072 
0.20550 0.000000003892 
0.20600 0.000000003713 
0.20650 0.000000003533 
0.20700 0.000000003368 
0.20750 0.000000003216 
0.20800 0.000000003064 
0.20850 0.000000002911 
0.20900 0.000000002768 
0.20950 0.000000002638 
0.21000 0.000000002509 
0.21050 0.000000002380 
0.21100 0.000000002255 
0.21150 0.000000002145 
0.21200 0.000000002036 
0.21250 0.000000001926 
0.21300 0.000000001819 
0.21350 0.000000001726 
0.21400 0.000000001634 
0.21450 0.000000001541 
0.21500 0.000000001449 
0.21550 0.000000001371 
0.21600 0.000000001293 
0.21650 0.000000001215 
0.21700 0.000000001137 
0.21750 0.000000001072 
0.21800 0.000000001007 
0.21850 0.000000000942 
0.21900 0.000000000876 
0.21950 0.000000000822 
0.22000 0.000000000767 
0.22050 0.000000000713 
0.22100 0.000000000658 
0.22150 0.000000000613 
0.22200 0.000000000568 
0.22250 0.000000000522 
0.22300 0.000000000478 
0.22350 0.000000000441 
0.22400 0.000000000404 
0.22450 0.000000000367 
0.22500 0.000000000332 
0.22550 0.000000000302 
0.22600 0.000000000272 
0.22650 0.000000000243 
0.22700 0.000000000216 
0.22750 0.000000000192 
0.22800 0.000000000169 
0.22850 0.000000000145 
0.22900 0.000000000127 
0.22950 0.000000000109 
0.23000 0.000000000091 
0.23050 0.000000000074 
0.23100 0.000000000062 
0.23150 0.000000000049 
0.23200 0.000000000037 
0.23250 0.000000000028 
0.23300 0.000000000021 
0.23350 0.000000000013 
