0.00000 612.520000000000 
0.00050 527.708000000000 
0.00100 442.896000000000 
0.00150 358.084000000000 
0.00200 273.272000000000 
0.00250 219.338000000000 
0.00300 174.617200000000 
0.00350 140.268800000000 
0.00400 115.512800000000 
0.00450 92.733800000000 
0.00500 78.447600000000 
0.00550 64.161600000000 
0.00600 54.390000000000 
0.00650 45.854000000000 
0.00700 38.352200000000 
0.00750 33.099400000000 
0.00800 27.846600000000 
0.00850 24.113800000000 
0.00900 20.799000000000 
0.00950 17.717700000000 
0.01000 15.579380000000 
0.01050 13.441080000000 
0.01100 11.714720000000 
0.01150 10.308620000000 
0.01200 8.902540000000 
0.01250 7.906640000000 
0.01300 6.966180000000 
0.01350 6.073280000000 
0.01400 5.434660000000 
0.01450 4.796040000000 
0.01500 4.236240000000 
0.01550 3.796640000000 
0.01600 3.357040000000 
0.01650 2.997380000000 
0.01700 2.691040000000 
0.01750 2.384700000000 
0.01800 2.148200000000 
0.01850 1.932328000000 
0.01900 1.716464000000 
0.01950 1.557484000000 
0.02000 1.403826000000 
0.02050 1.251472000000 
0.02100 1.141076000000 
0.02150 1.030678000000 
0.02200 0.923960000000 
0.02250 0.843968000000 
0.02300 0.763976000000 
0.02350 0.688056000000 
0.02400 0.629640000000 
0.02450 0.571226000000 
0.02500 0.516436000000 
0.02550 0.473470000000 
0.02600 0.430504000000 
0.02650 0.390442000000 
0.02700 0.358628000000 
0.02750 0.326812000000 
0.02800 0.297166000000 
0.02850 0.273462000000 
0.02900 0.249758000000 
0.02950 0.227574000000 
0.03000 0.209812000000 
0.03050 0.192051400000 
0.03100 0.175283400000 
0.03150 0.161903000000 
0.03200 0.148522400000 
0.03250 0.135731200000 
0.03300 0.125600600000 
0.03350 0.115470200000 
0.03400 0.105629800000 
0.03450 0.097924200000 
0.03500 0.090218400000 
0.03550 0.082589600000 
0.03600 0.076702600000 
0.03650 0.070815400000 
0.03700 0.064928400000 
0.03750 0.060343200000 
0.03800 0.055827200000 
0.03850 0.051311000000 
0.03900 0.047669000000 
0.03950 0.044191200000 
0.04000 0.040713200000 
0.04050 0.037803400000 
0.04100 0.035115200000 
0.04150 0.032427200000 
0.04200 0.030089800000 
0.04250 0.028005000000 
0.04300 0.025920200000 
0.04350 0.024033800000 
0.04400 0.022411600000 
0.04450 0.020789400000 
0.04500 0.019260380000 
0.04550 0.017994140000 
0.04600 0.016727900000 
0.04650 0.015483660000 
0.04700 0.014492380000 
0.04750 0.013501100000 
0.04800 0.012509820000 
0.04850 0.011706720000 
0.04900 0.010928500000 
0.04950 0.010150280000 
0.05000 0.009483280000 
0.05050 0.008870660000 
0.05100 0.008258060000 
0.05150 0.007702900000 
0.05200 0.007219420000 
0.05250 0.006735920000 
0.05300 0.006272960000 
0.05350 0.005890420000 
0.05400 0.005507880000 
0.05450 0.005125340000 
0.05500 0.004817720000 
0.05550 0.004514340000 
0.05600 0.004210940000 
0.05650 0.003949520000 
0.05700 0.003708360000 
0.05750 0.003467180000 
0.05800 0.003245000000 
0.05850 0.003052840000 
0.05900 0.002860700000 
0.05950 0.002671840000 
0.06000 0.002518420000 
0.06050 0.002365000000 
0.06100 0.002211580000 
0.06150 0.002081680000 
0.06200 0.001958922000 
0.06250 0.001836170000 
0.06300 0.001723956000 
0.06350 0.001625538000 
0.06400 0.001527120000 
0.06450 0.001430332000 
0.06500 0.001351268000 
0.06550 0.001272202000 
0.06600 0.001193136000 
0.06650 0.001125176000 
0.06700 0.001061532000 
0.06750 0.000997890000 
0.06800 0.000938440000 
0.06850 0.000887116000 
0.06900 0.000835790000 
0.06950 0.000784464000 
0.07000 0.000742458000 
0.07050 0.000700988000 
0.07100 0.000659520000 
0.07150 0.000622280000 
0.07200 0.000588714000 
0.07250 0.000555146000 
0.07300 0.000522280000 
0.07350 0.000495060000 
0.07400 0.000467840000 
0.07450 0.000440620000 
0.07500 0.000416824000 
0.07550 0.000394714000 
0.07600 0.000372602000 
0.07650 0.000351378000 
0.07700 0.000333386000 
0.07750 0.000315394000 
0.07800 0.000297400000 
0.07850 0.000281890000 
0.07900 0.000267224000 
0.07950 0.000252558000 
0.08000 0.000238598000 
0.08050 0.000226624000 
0.08100 0.000214650000 
0.08150 0.000202676000 
0.08200 0.000192368400 
0.08250 0.000182575600 
0.08300 0.000172782800 
0.08350 0.000163437600 
0.08400 0.000155415800 
0.08450 0.000147394200 
0.08500 0.000139372600 
0.08550 0.000132398800 
0.08600 0.000125817400 
0.08650 0.000119236000 
0.08700 0.000112876400 
0.08750 0.000107468400 
0.08800 0.000102060200 
0.08850 0.000096652200 
0.08900 0.000091854400 
0.08950 0.000087403600 
0.09000 0.000082952600 
0.09050 0.000078559400 
0.09100 0.000074890800 
0.09150 0.000071222200 
0.09200 0.000067553600 
0.09250 0.000064203200 
0.09300 0.000061174800 
0.09350 0.000058146400 
0.09400 0.000055118200 
0.09450 0.000052566600 
0.09500 0.000050063200 
0.09550 0.000047559600 
0.09600 0.000045189200 
0.09650 0.000043116600 
0.09700 0.000041044000 
0.09750 0.000038971400 
0.09800 0.000037145800 
0.09850 0.000035427600 
0.09900 0.000033709200 
0.09950 0.000032012800 
0.10000 0.000030586400 
0.10050 0.000029159800 
0.10100 0.000027733400 
0.10150 0.000026413200 
0.10200 0.000025227200 
0.10250 0.000024041400 
0.10300 0.000022855400 
0.10350 0.000021828200 
0.10400 0.000020841000 
0.10450 0.000019853780 
0.10500 0.000018890460 
0.10550 0.000018067600 
0.10600 0.000017244740 
0.10650 0.000016421880 
0.10700 0.000015664680 
0.10750 0.000014977920 
0.10800 0.000014291160 
0.10850 0.000013604400 
0.10900 0.000013009080 
0.10950 0.000012435200 
0.11000 0.000011861320 
0.11050 0.000011299480 
0.11100 0.000010819340 
0.11150 0.000010339220 
0.11200 0.000009859080 
0.11250 0.000009413080 
0.11300 0.000009010900 
0.11350 0.000008608700 
0.11400 0.000008206520 
0.11450 0.000007852300 
0.11500 0.000007515020 
0.11550 0.000007177740 
0.11600 0.000006842160 
0.11650 0.000006559000 
0.11700 0.000006275820 
0.11750 0.000005992660 
0.11800 0.000005723740 
0.11850 0.000005485760 
0.11900 0.000005247760 
0.11950 0.000005009780 
0.12000 0.000004794100 
0.12050 0.000004593860 
0.12100 0.000004393640 
0.12150 0.000004193400 
0.12200 0.000004020300 
0.12250 0.000003851660 
0.12300 0.000003683020 
0.12350 0.000003517520 
0.12400 0.000003375340 
0.12450 0.000003233180 
0.12500 0.000003091000 
0.12550 0.000002957060 
0.12600 0.000002837080 
0.12650 0.000002717120 
0.12700 0.000002597140 
0.12750 0.000002488620 
0.12800 0.000002387300 
0.12850 0.000002285960 
0.12900 0.000002184640 
0.12950 0.000002096620 
0.13000 0.000002010960 
0.13050 0.000001925308 
0.13100 0.000001840662 
0.13150 0.000001768194 
0.13200 0.000001695724 
0.13250 0.000001623256 
0.13300 0.000001554070 
0.13350 0.000001492708 
0.13400 0.000001431344 
0.13450 0.000001369982 
0.13500 0.000001313362 
0.13550 0.000001261364 
0.13600 0.000001209366 
0.13650 0.000001157368 
0.13700 0.000001110970 
0.13750 0.000001066878 
0.13800 0.000001022784 
0.13850 0.000000978692 
0.13900 0.000000940620 
0.13950 0.000000903202 
0.14000 0.000000865786 
0.14050 0.000000828856 
0.14100 0.000000797084 
0.14150 0.000000765314 
0.14200 0.000000733544 
0.14250 0.000000703018 
0.14300 0.000000676024 
0.14350 0.000000649030 
0.14400 0.000000622036 
0.14450 0.000000596766 
0.14500 0.000000573818 
0.14550 0.000000550868 
0.14600 0.000000527920 
0.14650 0.000000506964 
0.14700 0.000000487442 
0.14750 0.000000467922 
0.14800 0.000000448402 
0.14850 0.000000430994 
0.14900 0.000000414382 
0.14950 0.000000397772 
0.15000 0.000000381160 
0.15050 0.000000366670 
0.15100 0.000000352528 
0.15150 0.000000338386 
0.15200 0.000000324242 
0.15250 0.000000312158 
0.15300 0.000000300112 
0.15350 0.000000288066 
0.15400 0.000000276184 
0.15450 0.000000265920 
0.15500 0.000000255656 
0.15550 0.000000245392 
0.15600 0.000000235418 
0.15650 0.000000226670 
0.15700 0.000000217920 
0.15750 0.000000209172 
0.15800 0.000000200780 
0.15850 0.000000193319 
0.15900 0.000000185858 
0.15950 0.000000178396 
0.16000 0.000000171321 
0.16050 0.000000164957 
0.16100 0.000000158594 
0.16150 0.000000152231 
0.16200 0.000000146252 
0.16250 0.000000140823 
0.16300 0.000000135395 
0.16350 0.000000129966 
0.16400 0.000000124901 
0.16450 0.000000120268 
0.16500 0.000000115636 
0.16550 0.000000111003 
0.16600 0.000000106703 
0.16650 0.000000102750 
0.16700 0.000000098796 
0.16750 0.000000094843 
0.16800 0.000000091183 
0.16850 0.000000087807 
0.16900 0.000000084431 
0.16950 0.000000081056 
0.17000 0.000000077933 
0.17050 0.000000075051 
0.17100 0.000000072170 
0.17150 0.000000069288 
0.17200 0.000000066617 
0.17250 0.000000064156 
0.17300 0.000000061695 
0.17350 0.000000059234 
0.17400 0.000000056943 
0.17450 0.000000054841 
0.17500 0.000000052739 
0.17550 0.000000050637 
0.17600 0.000000048668 
0.17650 0.000000046874 
0.17700 0.000000045080 
0.17750 0.000000043285 
0.17800 0.000000041590 
0.17850 0.000000040057 
0.17900 0.000000038524 
0.17950 0.000000036992 
0.18000 0.000000035528 
0.18050 0.000000034218 
0.18100 0.000000032909 
0.18150 0.000000031599 
0.18200 0.000000030333 
0.18250 0.000000029214 
0.18300 0.000000028096 
0.18350 0.000000026977 
0.18400 0.000000025879 
0.18450 0.000000024925 
0.18500 0.000000023970 
0.18550 0.000000023016 
0.18600 0.000000022063 
0.18650 0.000000021247 
0.18700 0.000000020432 
0.18750 0.000000019616 
0.18800 0.000000018800 
0.18850 0.000000018091 
0.18900 0.000000017395 
0.18950 0.000000016699 
0.19000 0.000000016003 
0.19050 0.000000015384 
0.19100 0.000000014790 
0.19150 0.000000014195 
0.19200 0.000000013601 
0.19250 0.000000013059 
0.19300 0.000000012552 
0.19350 0.000000012044 
0.19400 0.000000011537 
0.19450 0.000000011064 
0.19500 0.000000010631 
0.19550 0.000000010198 
0.19600 0.000000009765 
0.19650 0.000000009351 
0.19700 0.000000008982 
0.19750 0.000000008613 
0.19800 0.000000008243 
0.19850 0.000000007882 
0.19900 0.000000007567 
0.19950 0.000000007252 
0.20000 0.000000006937 
0.20050 0.000000006622 
0.20100 0.000000006353 
0.20150 0.000000006084 
0.20200 0.000000005815 
0.20250 0.000000005547 
0.20300 0.000000005311 
0.20350 0.000000005082 
0.20400 0.000000004854 
0.20450 0.000000004626 
0.20500 0.000000004419 
0.20550 0.000000004225 
0.20600 0.000000004030 
0.20650 0.000000003836 
0.20700 0.000000003656 
0.20750 0.000000003491 
0.20800 0.000000003326 
0.20850 0.000000003161 
0.20900 0.000000003005 
0.20950 0.000000002864 
0.21000 0.000000002724 
0.21050 0.000000002584 
0.21100 0.000000002449 
0.21150 0.000000002329 
0.21200 0.000000002210 
0.21250 0.000000002091 
0.21300 0.000000001975 
0.21350 0.000000001874 
0.21400 0.000000001774 
0.21450 0.000000001674 
0.21500 0.000000001574 
0.21550 0.000000001489 
0.21600 0.000000001405 
0.21650 0.000000001320 
0.21700 0.000000001235 
0.21750 0.000000001165 
0.21800 0.000000001094 
0.21850 0.000000001023 
0.21900 0.000000000952 
0.21950 0.000000000893 
0.22000 0.000000000833 
0.22050 0.000000000774 
0.22100 0.000000000715 
0.22150 0.000000000666 
0.22200 0.000000000617 
0.22250 0.000000000567 
0.22300 0.000000000519 
0.22350 0.000000000479 
0.22400 0.000000000439 
0.22450 0.000000000399 
0.22500 0.000000000361 
0.22550 0.000000000329 
0.22600 0.000000000296 
0.22650 0.000000000264 
0.22700 0.000000000235 
0.22750 0.000000000209 
0.22800 0.000000000184 
0.22850 0.000000000158 
0.22900 0.000000000138 
0.22950 0.000000000118 
0.23000 0.000000000099 
0.23050 0.000000000081 
0.23100 0.000000000067 
0.23150 0.000000000054 
0.23200 0.000000000040 
0.23250 0.000000000030 
0.23300 0.000000000022 
0.23350 0.000000000014 
