0.00000 638.070000000000 
0.00050 549.834000000000 
0.00100 461.598000000000 
0.00150 373.362000000000 
0.00200 285.126000000000 
0.00250 228.964000000000 
0.00300 182.374600000000 
0.00350 146.574400000000 
0.00400 120.753000000000 
0.00450 96.990800000000 
0.00500 82.074200000000 
0.00550 67.157800000000 
0.00600 56.948600000000 
0.00650 48.027400000000 
0.00700 40.185600000000 
0.00750 34.691000000000 
0.00800 29.196400000000 
0.00850 25.289600000000 
0.00900 21.819200000000 
0.00950 18.593200000000 
0.01000 16.352900000000 
0.01050 14.112600000000 
0.01100 12.303300000000 
0.01150 10.829080000000 
0.01200 9.354880000000 
0.01250 8.310100000000 
0.01300 7.323400000000 
0.01350 6.386500000000 
0.01400 5.716020000000 
0.01450 5.045560000000 
0.01500 4.457720000000 
0.01550 3.995900000000 
0.01600 3.534080000000 
0.01650 3.156120000000 
0.01700 2.834100000000 
0.01750 2.512060000000 
0.01800 2.263340000000 
0.01850 2.036300000000 
0.01900 1.809246000000 
0.01950 1.641942000000 
0.02000 1.480228000000 
0.02050 1.319886000000 
0.02100 1.203636000000 
0.02150 1.087388000000 
0.02200 0.975006000000 
0.02250 0.890728000000 
0.02300 0.806450000000 
0.02350 0.726456000000 
0.02400 0.664878000000 
0.02450 0.603302000000 
0.02500 0.545540000000 
0.02550 0.500224000000 
0.02600 0.454908000000 
0.02650 0.412652000000 
0.02700 0.379082000000 
0.02750 0.345510000000 
0.02800 0.314222000000 
0.02850 0.289198000000 
0.02900 0.264174000000 
0.02950 0.240752000000 
0.03000 0.221990000000 
0.03050 0.203230000000 
0.03100 0.185518400000 
0.03150 0.171378800000 
0.03200 0.157239200000 
0.03250 0.143721400000 
0.03300 0.133011200000 
0.03350 0.122301200000 
0.03400 0.111897400000 
0.03450 0.103747000000 
0.03500 0.095596800000 
0.03550 0.087527600000 
0.03600 0.081298200000 
0.03650 0.075068800000 
0.03700 0.068839400000 
0.03750 0.063985600000 
0.03800 0.059204800000 
0.03850 0.054423800000 
0.03900 0.050567000000 
0.03950 0.046883600000 
0.04000 0.043200400000 
0.04050 0.040117600000 
0.04100 0.037269600000 
0.04150 0.034421400000 
0.04200 0.031944600000 
0.04250 0.029734600000 
0.04300 0.027524800000 
0.04350 0.025525200000 
0.04400 0.023805000000 
0.04450 0.022084600000 
0.04500 0.020463200000 
0.04550 0.019119980000 
0.04600 0.017776740000 
0.04650 0.016456780000 
0.04700 0.015404800000 
0.04750 0.014352820000 
0.04800 0.013300840000 
0.04850 0.012448280000 
0.04900 0.011622080000 
0.04950 0.010795900000 
0.05000 0.010087600000 
0.05050 0.009436980000 
0.05100 0.008786360000 
0.05150 0.008196660000 
0.05200 0.007682980000 
0.05250 0.007169280000 
0.05300 0.006677380000 
0.05350 0.006270800000 
0.05400 0.005864220000 
0.05450 0.005457640000 
0.05500 0.005130560000 
0.05550 0.004807980000 
0.05600 0.004485420000 
0.05650 0.004207400000 
0.05700 0.003950880000 
0.05750 0.003694360000 
0.05800 0.003458000000 
0.05850 0.003253560000 
0.05900 0.003049100000 
0.05950 0.002848140000 
0.06000 0.002684840000 
0.06050 0.002521560000 
0.06100 0.002358260000 
0.06150 0.002219940000 
0.06200 0.002089240000 
0.06250 0.001958544000 
0.06300 0.001839046000 
0.06350 0.001734218000 
0.06400 0.001629390000 
0.06450 0.001526296000 
0.06500 0.001442052000 
0.06550 0.001357808000 
0.06600 0.001273564000 
0.06650 0.001201134000 
0.06700 0.001133300000 
0.06750 0.001065466000 
0.06800 0.001002094000 
0.06850 0.000947370000 
0.06900 0.000892646000 
0.06950 0.000837922000 
0.07000 0.000793120000 
0.07050 0.000748890000 
0.07100 0.000704660000 
0.07150 0.000664936000 
0.07200 0.000629122000 
0.07250 0.000593308000 
0.07300 0.000558240000 
0.07350 0.000529190000 
0.07400 0.000500140000 
0.07450 0.000471088000 
0.07500 0.000445686000 
0.07550 0.000422080000 
0.07600 0.000398474000 
0.07650 0.000375814000 
0.07700 0.000356600000 
0.07750 0.000337384000 
0.07800 0.000318170000 
0.07850 0.000301600000 
0.07900 0.000285934000 
0.07950 0.000270266000 
0.08000 0.000255352000 
0.08050 0.000242556000 
0.08100 0.000229760000 
0.08150 0.000216964000 
0.08200 0.000205946000 
0.08250 0.000195478800 
0.08300 0.000185010800 
0.08350 0.000175020600 
0.08400 0.000166443200 
0.08450 0.000157865800 
0.08500 0.000149288400 
0.08550 0.000141829800 
0.08600 0.000134790400 
0.08650 0.000127751000 
0.08700 0.000120948400 
0.08750 0.000115162200 
0.08800 0.000109375800 
0.08850 0.000103589600 
0.08900 0.000098455400 
0.08950 0.000093692000 
0.09000 0.000088928400 
0.09050 0.000084226400 
0.09100 0.000080298800 
0.09150 0.000076371400 
0.09200 0.000072444000 
0.09250 0.000068856600 
0.09300 0.000065613600 
0.09350 0.000062370800 
0.09400 0.000059127800 
0.09450 0.000056394800 
0.09500 0.000053713000 
0.09550 0.000051031400 
0.09600 0.000048491800 
0.09650 0.000046271000 
0.09700 0.000044050200 
0.09750 0.000041829600 
0.09800 0.000039873000 
0.09850 0.000038031400 
0.09900 0.000036189800 
0.09950 0.000034371600 
0.10000 0.000032842200 
0.10050 0.000031312800 
0.10100 0.000029783400 
0.10150 0.000028367800 
0.10200 0.000027096000 
0.10250 0.000025824200 
0.10300 0.000024552400 
0.10350 0.000023450600 
0.10400 0.000022391600 
0.10450 0.000021332600 
0.10500 0.000020299200 
0.10550 0.000019416340 
0.10600 0.000018533400 
0.10650 0.000017650460 
0.10700 0.000016837880 
0.10750 0.000016100780 
0.10800 0.000015363680 
0.10850 0.000014626580 
0.10900 0.000013987480 
0.10950 0.000013371380 
0.11000 0.000012755260 
0.11050 0.000012152060 
0.11100 0.000011636440 
0.11150 0.000011120820 
0.11200 0.000010605200 
0.11250 0.000010126220 
0.11300 0.000009694200 
0.11350 0.000009262180 
0.11400 0.000008830160 
0.11450 0.000008449580 
0.11500 0.000008087200 
0.11550 0.000007724800 
0.11600 0.000007364220 
0.11650 0.000007059880 
0.11700 0.000006755560 
0.11750 0.000006451220 
0.11800 0.000006162180 
0.11850 0.000005906340 
0.11900 0.000005650480 
0.11950 0.000005394640 
0.12000 0.000005162740 
0.12050 0.000004947440 
0.12100 0.000004732120 
0.12150 0.000004516800 
0.12200 0.000004330620 
0.12250 0.000004149240 
0.12300 0.000003967840 
0.12350 0.000003789820 
0.12400 0.000003636860 
0.12450 0.000003483920 
0.12500 0.000003330960 
0.12550 0.000003186820 
0.12600 0.000003057720 
0.12650 0.000002928620 
0.12700 0.000002799500 
0.12750 0.000002682700 
0.12800 0.000002573620 
0.12850 0.000002464560 
0.12900 0.000002355480 
0.12950 0.000002260720 
0.13000 0.000002168500 
0.13050 0.000002076260 
0.13100 0.000001985128 
0.13150 0.000001907080 
0.13200 0.000001829034 
0.13250 0.000001750986 
0.13300 0.000001676470 
0.13350 0.000001610368 
0.13400 0.000001544266 
0.13450 0.000001478162 
0.13500 0.000001417162 
0.13550 0.000001361134 
0.13600 0.000001305104 
0.13650 0.000001249076 
0.13700 0.000001199074 
0.13750 0.000001151552 
0.13800 0.000001104028 
0.13850 0.000001056506 
0.13900 0.000001015464 
0.13950 0.000000975128 
0.14000 0.000000934790 
0.14050 0.000000894976 
0.14100 0.000000860718 
0.14150 0.000000826460 
0.14200 0.000000792200 
0.14250 0.000000759284 
0.14300 0.000000730170 
0.14350 0.000000701054 
0.14400 0.000000671940 
0.14450 0.000000644680 
0.14500 0.000000619924 
0.14550 0.000000595166 
0.14600 0.000000570408 
0.14650 0.000000547796 
0.14700 0.000000526732 
0.14750 0.000000505668 
0.14800 0.000000484604 
0.14850 0.000000465814 
0.14900 0.000000447886 
0.14950 0.000000429958 
0.15000 0.000000412028 
0.15050 0.000000396386 
0.15100 0.000000381118 
0.15150 0.000000365848 
0.15200 0.000000350580 
0.15250 0.000000337532 
0.15300 0.000000324522 
0.15350 0.000000311514 
0.15400 0.000000298684 
0.15450 0.000000287598 
0.15500 0.000000276512 
0.15550 0.000000265426 
0.15600 0.000000254654 
0.15650 0.000000245202 
0.15700 0.000000235750 
0.15750 0.000000226298 
0.15800 0.000000217230 
0.15850 0.000000209168 
0.15900 0.000000201106 
0.15950 0.000000193043 
0.16000 0.000000185397 
0.16050 0.000000178519 
0.16100 0.000000171642 
0.16150 0.000000164764 
0.16200 0.000000158301 
0.16250 0.000000152432 
0.16300 0.000000146563 
0.16350 0.000000140694 
0.16400 0.000000135218 
0.16450 0.000000130209 
0.16500 0.000000125200 
0.16550 0.000000120190 
0.16600 0.000000115540 
0.16650 0.000000111264 
0.16700 0.000000106988 
0.16750 0.000000102713 
0.16800 0.000000098754 
0.16850 0.000000095102 
0.16900 0.000000091450 
0.16950 0.000000087798 
0.17000 0.000000084419 
0.17050 0.000000081302 
0.17100 0.000000078184 
0.17150 0.000000075066 
0.17200 0.000000072176 
0.17250 0.000000069512 
0.17300 0.000000066848 
0.17350 0.000000064185 
0.17400 0.000000061705 
0.17450 0.000000059430 
0.17500 0.000000057155 
0.17550 0.000000054879 
0.17600 0.000000052748 
0.17650 0.000000050805 
0.17700 0.000000048862 
0.17750 0.000000046920 
0.17800 0.000000045084 
0.17850 0.000000043424 
0.17900 0.000000041765 
0.17950 0.000000040105 
0.18000 0.000000038519 
0.18050 0.000000037101 
0.18100 0.000000035683 
0.18150 0.000000034264 
0.18200 0.000000032892 
0.18250 0.000000031680 
0.18300 0.000000030469 
0.18350 0.000000029257 
0.18400 0.000000028068 
0.18450 0.000000027033 
0.18500 0.000000025999 
0.18550 0.000000024965 
0.18600 0.000000023932 
0.18650 0.000000023048 
0.18700 0.000000022164 
0.18750 0.000000021280 
0.18800 0.000000020396 
0.18850 0.000000019628 
0.18900 0.000000018873 
0.18950 0.000000018119 
0.19000 0.000000017365 
0.19050 0.000000016693 
0.19100 0.000000016049 
0.19150 0.000000015404 
0.19200 0.000000014759 
0.19250 0.000000014173 
0.19300 0.000000013622 
0.19350 0.000000013072 
0.19400 0.000000012522 
0.19450 0.000000012009 
0.19500 0.000000011539 
0.19550 0.000000011070 
0.19600 0.000000010600 
0.19650 0.000000010151 
0.19700 0.000000009751 
0.19750 0.000000009350 
0.19800 0.000000008949 
0.19850 0.000000008557 
0.19900 0.000000008215 
0.19950 0.000000007874 
0.20000 0.000000007532 
0.20050 0.000000007191 
0.20100 0.000000006898 
0.20150 0.000000006607 
0.20200 0.000000006315 
0.20250 0.000000006024 
0.20300 0.000000005768 
0.20350 0.000000005520 
0.20400 0.000000005272 
0.20450 0.000000005024 
0.20500 0.000000004800 
0.20550 0.000000004589 
0.20600 0.000000004378 
0.20650 0.000000004166 
0.20700 0.000000003971 
0.20750 0.000000003792 
0.20800 0.000000003613 
0.20850 0.000000003434 
0.20900 0.000000003264 
0.20950 0.000000003112 
0.21000 0.000000002959 
0.21050 0.000000002807 
0.21100 0.000000002660 
0.21150 0.000000002531 
0.21200 0.000000002402 
0.21250 0.000000002272 
0.21300 0.000000002146 
0.21350 0.000000002037 
0.21400 0.000000001928 
0.21450 0.000000001819 
0.21500 0.000000001711 
0.21550 0.000000001619 
0.21600 0.000000001527 
0.21650 0.000000001435 
0.21700 0.000000001343 
0.21750 0.000000001266 
0.21800 0.000000001189 
0.21850 0.000000001112 
0.21900 0.000000001035 
0.21950 0.000000000970 
0.22000 0.000000000906 
0.22050 0.000000000841 
0.22100 0.000000000777 
0.22150 0.000000000724 
0.22200 0.000000000670 
0.22250 0.000000000617 
0.22300 0.000000000565 
0.22350 0.000000000521 
0.22400 0.000000000477 
0.22450 0.000000000434 
0.22500 0.000000000393 
0.22550 0.000000000357 
0.22600 0.000000000322 
0.22650 0.000000000287 
0.22700 0.000000000255 
0.22750 0.000000000227 
0.22800 0.000000000200 
0.22850 0.000000000172 
0.22900 0.000000000150 
0.22950 0.000000000129 
0.23000 0.000000000108 
0.23050 0.000000000088 
0.23100 0.000000000073 
0.23150 0.000000000058 
0.23200 0.000000000044 
0.23250 0.000000000033 
0.23300 0.000000000024 
0.23350 0.000000000015 
