0.00000 664.382000000000 
0.00050 572.628000000000 
0.00100 480.876000000000 
0.00150 389.122000000000 
0.00200 297.370000000000 
0.00250 238.918000000000 
0.00300 190.402400000000 
0.00350 153.106000000000 
0.00400 126.185000000000 
0.00450 101.407600000000 
0.00500 85.839400000000 
0.00550 70.271000000000 
0.00600 59.608200000000 
0.00650 50.288000000000 
0.00700 42.094000000000 
0.00750 36.348600000000 
0.00800 30.603000000000 
0.00850 26.515400000000 
0.00900 22.883600000000 
0.00950 19.506940000000 
0.01000 17.160520000000 
0.01050 14.814100000000 
0.01100 12.918440000000 
0.01150 11.373240000000 
0.01200 9.828020000000 
0.01250 8.732300000000 
0.01300 7.697340000000 
0.01350 6.714540000000 
0.01400 6.010800000000 
0.01450 5.307060000000 
0.01500 4.689920000000 
0.01550 4.204880000000 
0.01600 3.719820000000 
0.01650 3.322720000000 
0.01700 2.984280000000 
0.01750 2.645840000000 
0.01800 2.384320000000 
0.01850 2.145560000000 
0.01900 1.906788000000 
0.01950 1.730758000000 
0.02000 1.560596000000 
0.02050 1.391876000000 
0.02100 1.269484000000 
0.02150 1.147094000000 
0.02200 1.028768000000 
0.02250 0.939988000000 
0.02300 0.851208000000 
0.02350 0.766932000000 
0.02400 0.702030000000 
0.02450 0.637128000000 
0.02500 0.576242000000 
0.02550 0.528454000000 
0.02600 0.480666000000 
0.02650 0.436100000000 
0.02700 0.400680000000 
0.02750 0.365258000000 
0.02800 0.332244000000 
0.02850 0.305828000000 
0.02900 0.279412000000 
0.02950 0.254682000000 
0.03000 0.234870000000 
0.03050 0.215056000000 
0.03100 0.196347200000 
0.03150 0.181406400000 
0.03200 0.166465800000 
0.03250 0.152181000000 
0.03300 0.140858800000 
0.03350 0.129536400000 
0.03400 0.118537400000 
0.03450 0.109917400000 
0.03500 0.101297200000 
0.03550 0.092762800000 
0.03600 0.086171200000 
0.03650 0.079579600000 
0.03700 0.072988200000 
0.03750 0.067850000000 
0.03800 0.062789000000 
0.03850 0.057728000000 
0.03900 0.053643400000 
0.03950 0.049742600000 
0.04000 0.045841800000 
0.04050 0.042576000000 
0.04100 0.039558400000 
0.04150 0.036540800000 
0.04200 0.033915800000 
0.04250 0.031573400000 
0.04300 0.029231000000 
0.04350 0.027111000000 
0.04400 0.025286800000 
0.04450 0.023462800000 
0.04500 0.021743200000 
0.04550 0.020318200000 
0.04600 0.018893120000 
0.04650 0.017492820000 
0.04700 0.016376360000 
0.04750 0.015259900000 
0.04800 0.014143440000 
0.04850 0.013238320000 
0.04900 0.012361140000 
0.04950 0.011483940000 
0.05000 0.010731760000 
0.05050 0.010040720000 
0.05100 0.009349660000 
0.05150 0.008723240000 
0.05200 0.008177420000 
0.05250 0.007631600000 
0.05300 0.007108880000 
0.05350 0.006676700000 
0.05400 0.006244520000 
0.05450 0.005812340000 
0.05500 0.005464560000 
0.05550 0.005121560000 
0.05600 0.004778540000 
0.05650 0.004482840000 
0.05700 0.004209960000 
0.05750 0.003937080000 
0.05800 0.003685620000 
0.05850 0.003468060000 
0.05900 0.003250500000 
0.05950 0.003036640000 
0.06000 0.002862820000 
0.06050 0.002688980000 
0.06100 0.002515140000 
0.06150 0.002367860000 
0.06200 0.002228680000 
0.06250 0.002089500000 
0.06300 0.001962218000 
0.06350 0.001850544000 
0.06400 0.001738872000 
0.06450 0.001629040000 
0.06500 0.001539264000 
0.06550 0.001449486000 
0.06600 0.001359710000 
0.06650 0.001282504000 
0.06700 0.001210190000 
0.06750 0.001137876000 
0.06800 0.001070312000 
0.06850 0.001011954000 
0.06900 0.000953594000 
0.06950 0.000895236000 
0.07000 0.000847444000 
0.07050 0.000800260000 
0.07100 0.000753076000 
0.07150 0.000710692000 
0.07200 0.000672474000 
0.07250 0.000634256000 
0.07300 0.000596832000 
0.07350 0.000565820000 
0.07400 0.000534810000 
0.07450 0.000503798000 
0.07500 0.000476676000 
0.07550 0.000451468000 
0.07600 0.000426260000 
0.07650 0.000402060000 
0.07700 0.000381536000 
0.07750 0.000361010000 
0.07800 0.000340484000 
0.07850 0.000322782000 
0.07900 0.000306040000 
0.07950 0.000289300000 
0.08000 0.000273362000 
0.08050 0.000259684000 
0.08100 0.000246006000 
0.08150 0.000232328000 
0.08200 0.000220550000 
0.08250 0.000209358000 
0.08300 0.000198165200 
0.08350 0.000187482800 
0.08400 0.000178308600 
0.08450 0.000169134600 
0.08500 0.000159960400 
0.08550 0.000151981400 
0.08600 0.000144449800 
0.08650 0.000136918400 
0.08700 0.000129640000 
0.08750 0.000123447400 
0.08800 0.000117254800 
0.08850 0.000111062000 
0.08900 0.000105566400 
0.08950 0.000100466800 
0.09000 0.000095367200 
0.09050 0.000090333200 
0.09100 0.000086127400 
0.09150 0.000081921400 
0.09200 0.000077715600 
0.09250 0.000073873600 
0.09300 0.000070399600 
0.09350 0.000066925800 
0.09400 0.000063451800 
0.09450 0.000060523400 
0.09500 0.000057650000 
0.09550 0.000054776400 
0.09600 0.000052055000 
0.09650 0.000049674800 
0.09700 0.000047294400 
0.09750 0.000044914200 
0.09800 0.000042816800 
0.09850 0.000040842200 
0.09900 0.000038867600 
0.09950 0.000036918000 
0.10000 0.000035277800 
0.10050 0.000033637600 
0.10100 0.000031997400 
0.10150 0.000030479200 
0.10200 0.000029114800 
0.10250 0.000027750400 
0.10300 0.000026386000 
0.10350 0.000025203800 
0.10400 0.000024067400 
0.10450 0.000022931000 
0.10500 0.000021822000 
0.10550 0.000020874400 
0.10600 0.000019926580 
0.10650 0.000018978820 
0.10700 0.000018106500 
0.10750 0.000017315060 
0.10800 0.000016523640 
0.10850 0.000015732220 
0.10900 0.000015045860 
0.10950 0.000014384160 
0.11000 0.000013722440 
0.11050 0.000013074580 
0.11100 0.000012520660 
0.11150 0.000011966720 
0.11200 0.000011412800 
0.11250 0.000010898160 
0.11300 0.000010433900 
0.11350 0.000009969660 
0.11400 0.000009505420 
0.11450 0.000009096360 
0.11500 0.000008706820 
0.11550 0.000008317300 
0.11600 0.000007929700 
0.11650 0.000007602480 
0.11700 0.000007275280 
0.11750 0.000006948060 
0.11800 0.000006637260 
0.11850 0.000006362100 
0.11900 0.000006086940 
0.11950 0.000005811780 
0.12000 0.000005562340 
0.12050 0.000005330720 
0.12100 0.000005099080 
0.12150 0.000004867460 
0.12200 0.000004667120 
0.12250 0.000004471940 
0.12300 0.000004276760 
0.12350 0.000004085180 
0.12400 0.000003920540 
0.12450 0.000003755920 
0.12500 0.000003591280 
0.12550 0.000003436120 
0.12600 0.000003297120 
0.12650 0.000003158120 
0.12700 0.000003019140 
0.12750 0.000002893340 
0.12800 0.000002775900 
0.12850 0.000002658440 
0.12900 0.000002540980 
0.12950 0.000002438900 
0.13000 0.000002339540 
0.13050 0.000002240200 
0.13100 0.000002142020 
0.13150 0.000002057920 
0.13200 0.000001973834 
0.13250 0.000001889740 
0.13300 0.000001809446 
0.13350 0.000001738204 
0.13400 0.000001666960 
0.13450 0.000001595718 
0.13500 0.000001529966 
0.13550 0.000001469566 
0.13600 0.000001409164 
0.13650 0.000001348764 
0.13700 0.000001294852 
0.13750 0.000001243608 
0.13800 0.000001192364 
0.13850 0.000001141120 
0.13900 0.000001096854 
0.13950 0.000001053346 
0.14000 0.000001009840 
0.14050 0.000000966896 
0.14100 0.000000929938 
0.14150 0.000000892978 
0.14200 0.000000856018 
0.14250 0.000000820504 
0.14300 0.000000789086 
0.14350 0.000000757666 
0.14400 0.000000726248 
0.14450 0.000000696830 
0.14500 0.000000670106 
0.14550 0.000000643384 
0.14600 0.000000616660 
0.14650 0.000000592250 
0.14700 0.000000569508 
0.14750 0.000000546768 
0.14800 0.000000524026 
0.14850 0.000000503736 
0.14900 0.000000484374 
0.14950 0.000000465014 
0.15000 0.000000445652 
0.15050 0.000000428756 
0.15100 0.000000412262 
0.15150 0.000000395770 
0.15200 0.000000379278 
0.15250 0.000000365178 
0.15300 0.000000351124 
0.15350 0.000000337070 
0.15400 0.000000323206 
0.15450 0.000000311226 
0.15500 0.000000299246 
0.15550 0.000000287266 
0.15600 0.000000275622 
0.15650 0.000000265406 
0.15700 0.000000255188 
0.15750 0.000000244970 
0.15800 0.000000235170 
0.15850 0.000000226452 
0.15900 0.000000217736 
0.15950 0.000000209018 
0.16000 0.000000200750 
0.16050 0.000000193312 
0.16100 0.000000185875 
0.16150 0.000000178437 
0.16200 0.000000171447 
0.16250 0.000000165099 
0.16300 0.000000158750 
0.16350 0.000000152402 
0.16400 0.000000146478 
0.16450 0.000000141058 
0.16500 0.000000135638 
0.16550 0.000000130218 
0.16600 0.000000125186 
0.16650 0.000000120559 
0.16700 0.000000115932 
0.16750 0.000000111305 
0.16800 0.000000107020 
0.16850 0.000000103067 
0.16900 0.000000099114 
0.16950 0.000000095162 
0.17000 0.000000091504 
0.17050 0.000000088128 
0.17100 0.000000084753 
0.17150 0.000000081377 
0.17200 0.000000078247 
0.17250 0.000000075363 
0.17300 0.000000072478 
0.17350 0.000000069594 
0.17400 0.000000066909 
0.17450 0.000000064444 
0.17500 0.000000061980 
0.17550 0.000000059515 
0.17600 0.000000057207 
0.17650 0.000000055102 
0.17700 0.000000052997 
0.17750 0.000000050892 
0.17800 0.000000048903 
0.17850 0.000000047105 
0.17900 0.000000045307 
0.17950 0.000000043508 
0.18000 0.000000041790 
0.18050 0.000000040253 
0.18100 0.000000038716 
0.18150 0.000000037178 
0.18200 0.000000035691 
0.18250 0.000000034378 
0.18300 0.000000033064 
0.18350 0.000000031751 
0.18400 0.000000030461 
0.18450 0.000000029340 
0.18500 0.000000028218 
0.18550 0.000000027097 
0.18600 0.000000025977 
0.18650 0.000000025019 
0.18700 0.000000024060 
0.18750 0.000000023101 
0.18800 0.000000022143 
0.18850 0.000000021309 
0.18900 0.000000020491 
0.18950 0.000000019672 
0.19000 0.000000018854 
0.19050 0.000000018126 
0.19100 0.000000017427 
0.19150 0.000000016727 
0.19200 0.000000016028 
0.19250 0.000000015391 
0.19300 0.000000014794 
0.19350 0.000000014197 
0.19400 0.000000013600 
0.19450 0.000000013043 
0.19500 0.000000012534 
0.19550 0.000000012024 
0.19600 0.000000011514 
0.19650 0.000000011027 
0.19700 0.000000010592 
0.19750 0.000000010157 
0.19800 0.000000009723 
0.19850 0.000000009297 
0.19900 0.000000008926 
0.19950 0.000000008555 
0.20000 0.000000008184 
0.20050 0.000000007813 
0.20100 0.000000007495 
0.20150 0.000000007179 
0.20200 0.000000006862 
0.20250 0.000000006546 
0.20300 0.000000006268 
0.20350 0.000000005999 
0.20400 0.000000005729 
0.20450 0.000000005460 
0.20500 0.000000005217 
0.20550 0.000000004988 
0.20600 0.000000004758 
0.20650 0.000000004529 
0.20700 0.000000004317 
0.20750 0.000000004122 
0.20800 0.000000003927 
0.20850 0.000000003733 
0.20900 0.000000003549 
0.20950 0.000000003383 
0.21000 0.000000003218 
0.21050 0.000000003052 
0.21100 0.000000002892 
0.21150 0.000000002752 
0.21200 0.000000002611 
0.21250 0.000000002471 
0.21300 0.000000002333 
0.21350 0.000000002215 
0.21400 0.000000002096 
0.21450 0.000000001978 
0.21500 0.000000001860 
0.21550 0.000000001760 
0.21600 0.000000001660 
0.21650 0.000000001560 
0.21700 0.000000001460 
0.21750 0.000000001377 
0.21800 0.000000001293 
0.21850 0.000000001209 
0.21900 0.000000001125 
0.21950 0.000000001055 
0.22000 0.000000000985 
0.22050 0.000000000915 
0.22100 0.000000000846 
0.22150 0.000000000788 
0.22200 0.000000000729 
0.22250 0.000000000671 
0.22300 0.000000000614 
0.22350 0.000000000567 
0.22400 0.000000000519 
0.22450 0.000000000472 
0.22500 0.000000000427 
0.22550 0.000000000389 
0.22600 0.000000000350 
0.22650 0.000000000312 
0.22700 0.000000000278 
0.22750 0.000000000247 
0.22800 0.000000000217 
0.22850 0.000000000187 
0.22900 0.000000000163 
0.22950 0.000000000140 
0.23000 0.000000000117 
0.23050 0.000000000096 
0.23100 0.000000000080 
0.23150 0.000000000064 
0.23200 0.000000000047 
0.23250 0.000000000036 
0.23300 0.000000000026 
0.23350 0.000000000017 
