0.00000 691.472000000000 
0.00050 596.108000000000 
0.00100 500.744000000000 
0.00150 405.380000000000 
0.00200 310.016000000000 
0.00250 249.208000000000 
0.00300 198.710600000000 
0.00350 159.872000000000 
0.00400 131.816200000000 
0.00450 105.991000000000 
0.00500 89.748400000000 
0.00550 73.505800000000 
0.00600 62.373800000000 
0.00650 52.640200000000 
0.00700 44.080800000000 
0.00750 38.075000000000 
0.00800 32.069200000000 
0.00850 27.793600000000 
0.00900 23.994000000000 
0.00950 20.460800000000 
0.01000 18.003960000000 
0.01050 15.547080000000 
0.01100 13.561480000000 
0.01150 11.942280000000 
0.01200 10.323100000000 
0.01250 9.174200000000 
0.01300 8.088880000000 
0.01350 7.058200000000 
0.01400 6.319700000000 
0.01450 5.581200000000 
0.01500 4.933460000000 
0.01550 4.424120000000 
0.01600 3.914760000000 
0.01650 3.497620000000 
0.01700 3.142000000000 
0.01750 2.786380000000 
0.01800 2.511480000000 
0.01850 2.260420000000 
0.01900 2.009380000000 
0.01950 1.824190000000 
0.02000 1.645168000000 
0.02050 1.467660000000 
0.02100 1.338820000000 
0.02150 1.209980000000 
0.02200 1.085414000000 
0.02250 0.991902000000 
0.02300 0.898390000000 
0.02350 0.809616000000 
0.02400 0.741216000000 
0.02450 0.672818000000 
0.02500 0.608646000000 
0.02550 0.558256000000 
0.02600 0.507866000000 
0.02650 0.460866000000 
0.02700 0.423498000000 
0.02750 0.386128000000 
0.02800 0.351292000000 
0.02850 0.323408000000 
0.02900 0.295524000000 
0.02950 0.269420000000 
0.03000 0.248494000000 
0.03050 0.227570000000 
0.03100 0.207810000000 
0.03150 0.192023600000 
0.03200 0.176237000000 
0.03250 0.161142400000 
0.03300 0.149173200000 
0.03350 0.137204000000 
0.03400 0.125576200000 
0.03450 0.116459200000 
0.03500 0.107342200000 
0.03550 0.098315800000 
0.03600 0.091341000000 
0.03650 0.084366200000 
0.03700 0.077391600000 
0.03750 0.071952400000 
0.03800 0.066594600000 
0.03850 0.061237000000 
0.03900 0.056911600000 
0.03950 0.052780200000 
0.04000 0.048648800000 
0.04050 0.045189000000 
0.04100 0.041991600000 
0.04150 0.038794200000 
0.04200 0.036012200000 
0.04250 0.033529200000 
0.04300 0.031046200000 
0.04350 0.028798600000 
0.04400 0.026864200000 
0.04450 0.024929600000 
0.04500 0.023105800000 
0.04550 0.021594000000 
0.04600 0.020082200000 
0.04650 0.018596500000 
0.04700 0.017411500000 
0.04750 0.016226520000 
0.04800 0.015041540000 
0.04850 0.014080520000 
0.04900 0.013149100000 
0.04950 0.012217680000 
0.05000 0.011418820000 
0.05050 0.010684740000 
0.05100 0.009950680000 
0.05150 0.009285160000 
0.05200 0.008705120000 
0.05250 0.008125100000 
0.05300 0.007569580000 
0.05350 0.007110140000 
0.05400 0.006650700000 
0.05450 0.006191260000 
0.05500 0.005821400000 
0.05550 0.005456600000 
0.05600 0.005091800000 
0.05650 0.004777240000 
0.05700 0.004486920000 
0.05750 0.004196620000 
0.05800 0.003929040000 
0.05850 0.003697500000 
0.05900 0.003465940000 
0.05950 0.003238320000 
0.06000 0.003053240000 
0.06050 0.002868140000 
0.06100 0.002683060000 
0.06150 0.002526220000 
0.06200 0.002377960000 
0.06250 0.002229720000 
0.06300 0.002094140000 
0.06350 0.001975144000 
0.06400 0.001856156000 
0.06450 0.001739128000 
0.06500 0.001643436000 
0.06550 0.001547744000 
0.06600 0.001452050000 
0.06650 0.001369738000 
0.06700 0.001292632000 
0.06750 0.001215526000 
0.06800 0.001143476000 
0.06850 0.001081228000 
0.06900 0.001018980000 
0.06950 0.000956732000 
0.07000 0.000905736000 
0.07050 0.000855390000 
0.07100 0.000805044000 
0.07150 0.000759812000 
0.07200 0.000719018000 
0.07250 0.000678224000 
0.07300 0.000638278000 
0.07350 0.000605166000 
0.07400 0.000572052000 
0.07450 0.000538940000 
0.07500 0.000509974000 
0.07550 0.000483048000 
0.07600 0.000456124000 
0.07650 0.000430274000 
0.07700 0.000408344000 
0.07750 0.000386412000 
0.07800 0.000364480000 
0.07850 0.000345562000 
0.07900 0.000327668000 
0.07950 0.000309774000 
0.08000 0.000292738000 
0.08050 0.000278114000 
0.08100 0.000263490000 
0.08150 0.000248866000 
0.08200 0.000236270000 
0.08250 0.000224298000 
0.08300 0.000212328000 
0.08350 0.000200902000 
0.08400 0.000191086600 
0.08450 0.000181271200 
0.08500 0.000171456000 
0.08550 0.000162917400 
0.08600 0.000154857000 
0.08650 0.000146796600 
0.08700 0.000139006600 
0.08750 0.000132377000 
0.08800 0.000125747400 
0.08850 0.000119117600 
0.08900 0.000113233000 
0.08950 0.000107771800 
0.09000 0.000102310600 
0.09050 0.000096919600 
0.09100 0.000092414200 
0.09150 0.000087908600 
0.09200 0.000083403200 
0.09250 0.000079286800 
0.09300 0.000075564200 
0.09350 0.000071841600 
0.09400 0.000068119200 
0.09450 0.000064980400 
0.09500 0.000061900200 
0.09550 0.000058820000 
0.09600 0.000055902800 
0.09650 0.000053350600 
0.09700 0.000050798200 
0.09750 0.000048246000 
0.09800 0.000045996600 
0.09850 0.000043878800 
0.09900 0.000041761000 
0.09950 0.000039670000 
0.10000 0.000037910400 
0.10050 0.000036150600 
0.10100 0.000034390800 
0.10150 0.000032761600 
0.10200 0.000031297400 
0.10250 0.000029833200 
0.10300 0.000028369000 
0.10350 0.000027099800 
0.10400 0.000025880000 
0.10450 0.000024660000 
0.10500 0.000023469600 
0.10550 0.000022451800 
0.10600 0.000021434000 
0.10650 0.000020416400 
0.10700 0.000019479520 
0.10750 0.000018629400 
0.10800 0.000017779300 
0.10850 0.000016929200 
0.10900 0.000016191800 
0.10950 0.000015480820 
0.11000 0.000014769840 
0.11050 0.000014073740 
0.11100 0.000013478400 
0.11150 0.000012883040 
0.11200 0.000012287700 
0.11250 0.000011734520 
0.11300 0.000011235420 
0.11350 0.000010736340 
0.11400 0.000010237240 
0.11450 0.000009797400 
0.11500 0.000009378500 
0.11550 0.000008959600 
0.11600 0.000008542800 
0.11650 0.000008190820 
0.11700 0.000007838840 
0.11750 0.000007486880 
0.11800 0.000007152520 
0.11850 0.000006856460 
0.11900 0.000006560380 
0.11950 0.000006264320 
0.12000 0.000005995900 
0.12050 0.000005746600 
0.12100 0.000005497320 
0.12150 0.000005248020 
0.12200 0.000005032360 
0.12250 0.000004822220 
0.12300 0.000004612100 
0.12350 0.000004405860 
0.12400 0.000004228560 
0.12450 0.000004051280 
0.12500 0.000003873980 
0.12550 0.000003706880 
0.12600 0.000003557160 
0.12650 0.000003407440 
0.12700 0.000003257720 
0.12750 0.000003122220 
0.12800 0.000002995660 
0.12850 0.000002869100 
0.12900 0.000002742540 
0.12950 0.000002632540 
0.13000 0.000002525460 
0.13050 0.000002418400 
0.13100 0.000002312580 
0.13150 0.000002221940 
0.13200 0.000002131280 
0.13250 0.000002040620 
0.13300 0.000001954054 
0.13350 0.000001877232 
0.13400 0.000001800410 
0.13450 0.000001723588 
0.13500 0.000001652680 
0.13550 0.000001587532 
0.13600 0.000001522384 
0.13650 0.000001457236 
0.13700 0.000001399076 
0.13750 0.000001343790 
0.13800 0.000001288504 
0.13850 0.000001233218 
0.13900 0.000001185450 
0.13950 0.000001138500 
0.14000 0.000001091548 
0.14050 0.000001045206 
0.14100 0.000001005310 
0.14150 0.000000965414 
0.14200 0.000000925518 
0.14250 0.000000887182 
0.14300 0.000000853258 
0.14350 0.000000819336 
0.14400 0.000000785412 
0.14450 0.000000753646 
0.14500 0.000000724786 
0.14550 0.000000695924 
0.14600 0.000000667064 
0.14650 0.000000640698 
0.14700 0.000000616132 
0.14750 0.000000591564 
0.14800 0.000000566998 
0.14850 0.000000545076 
0.14900 0.000000524156 
0.14950 0.000000503234 
0.15000 0.000000482314 
0.15050 0.000000464054 
0.15100 0.000000446228 
0.15150 0.000000428404 
0.15200 0.000000410578 
0.15250 0.000000395336 
0.15300 0.000000380142 
0.15350 0.000000364948 
0.15400 0.000000349962 
0.15450 0.000000337006 
0.15500 0.000000324052 
0.15550 0.000000311096 
0.15600 0.000000298506 
0.15650 0.000000287456 
0.15700 0.000000276406 
0.15750 0.000000265354 
0.15800 0.000000254754 
0.15850 0.000000245322 
0.15900 0.000000235892 
0.15950 0.000000226460 
0.16000 0.000000217516 
0.16050 0.000000209466 
0.16100 0.000000201418 
0.16150 0.000000193370 
0.16200 0.000000185806 
0.16250 0.000000178934 
0.16300 0.000000172063 
0.16350 0.000000165192 
0.16400 0.000000158779 
0.16450 0.000000152912 
0.16500 0.000000147044 
0.16550 0.000000141176 
0.16600 0.000000135728 
0.16650 0.000000130717 
0.16700 0.000000125707 
0.16750 0.000000120696 
0.16800 0.000000116056 
0.16850 0.000000111774 
0.16900 0.000000107493 
0.16950 0.000000103212 
0.17000 0.000000099249 
0.17050 0.000000095593 
0.17100 0.000000091936 
0.17150 0.000000088279 
0.17200 0.000000084888 
0.17250 0.000000081762 
0.17300 0.000000078636 
0.17350 0.000000075511 
0.17400 0.000000072600 
0.17450 0.000000069929 
0.17500 0.000000067258 
0.17550 0.000000064587 
0.17600 0.000000062085 
0.17650 0.000000059803 
0.17700 0.000000057521 
0.17750 0.000000055240 
0.17800 0.000000053083 
0.17850 0.000000051133 
0.17900 0.000000049183 
0.17950 0.000000047233 
0.18000 0.000000045370 
0.18050 0.000000043703 
0.18100 0.000000042036 
0.18150 0.000000040368 
0.18200 0.000000038755 
0.18250 0.000000037330 
0.18300 0.000000035906 
0.18350 0.000000034481 
0.18400 0.000000033082 
0.18450 0.000000031865 
0.18500 0.000000030648 
0.18550 0.000000029431 
0.18600 0.000000028217 
0.18650 0.000000027177 
0.18700 0.000000026136 
0.18750 0.000000025096 
0.18800 0.000000024056 
0.18850 0.000000023151 
0.18900 0.000000022263 
0.18950 0.000000021375 
0.19000 0.000000020486 
0.19050 0.000000019696 
0.19100 0.000000018937 
0.19150 0.000000018177 
0.19200 0.000000017418 
0.19250 0.000000016727 
0.19300 0.000000016078 
0.19350 0.000000015430 
0.19400 0.000000014782 
0.19450 0.000000014177 
0.19500 0.000000013623 
0.19550 0.000000013070 
0.19600 0.000000012516 
0.19650 0.000000011988 
0.19700 0.000000011515 
0.19750 0.000000011043 
0.19800 0.000000010570 
0.19850 0.000000010108 
0.19900 0.000000009705 
0.19950 0.000000009302 
0.20000 0.000000008899 
0.20050 0.000000008496 
0.20100 0.000000008151 
0.20150 0.000000007807 
0.20200 0.000000007463 
0.20250 0.000000007119 
0.20300 0.000000006817 
0.20350 0.000000006524 
0.20400 0.000000006231 
0.20450 0.000000005939 
0.20500 0.000000005675 
0.20550 0.000000005425 
0.20600 0.000000005176 
0.20650 0.000000004926 
0.20700 0.000000004696 
0.20750 0.000000004484 
0.20800 0.000000004273 
0.20850 0.000000004061 
0.20900 0.000000003861 
0.20950 0.000000003681 
0.21000 0.000000003501 
0.21050 0.000000003321 
0.21100 0.000000003147 
0.21150 0.000000002994 
0.21200 0.000000002842 
0.21250 0.000000002689 
0.21300 0.000000002539 
0.21350 0.000000002410 
0.21400 0.000000002281 
0.21450 0.000000002152 
0.21500 0.000000002025 
0.21550 0.000000001916 
0.21600 0.000000001807 
0.21650 0.000000001698 
0.21700 0.000000001589 
0.21750 0.000000001498 
0.21800 0.000000001407 
0.21850 0.000000001316 
0.21900 0.000000001225 
0.21950 0.000000001149 
0.22000 0.000000001073 
0.22050 0.000000000996 
0.22100 0.000000000921 
0.22150 0.000000000857 
0.22200 0.000000000794 
0.22250 0.000000000731 
0.22300 0.000000000669 
0.22350 0.000000000617 
0.22400 0.000000000566 
0.22450 0.000000000514 
0.22500 0.000000000465 
0.22550 0.000000000423 
0.22600 0.000000000381 
0.22650 0.000000000340 
0.22700 0.000000000302 
0.22750 0.000000000269 
0.22800 0.000000000237 
0.22850 0.000000000204 
0.22900 0.000000000177 
0.22950 0.000000000152 
0.23000 0.000000000128 
0.23050 0.000000000104 
0.23100 0.000000000087 
0.23150 0.000000000069 
0.23200 0.000000000052 
0.23250 0.000000000039 
0.23300 0.000000000029 
0.23350 0.000000000018 
