0.00000 713.480000000000 
0.00050 615.220000000000 
0.00100 516.960000000000 
0.00150 418.698000000000 
0.00200 320.438000000000 
0.00250 257.724000000000 
0.00300 205.614000000000 
0.00350 165.516800000000 
0.00400 136.528600000000 
0.00450 109.841600000000 
0.00500 93.040200000000 
0.00550 76.238800000000 
0.00600 64.715800000000 
0.00650 54.637000000000 
0.00700 45.772200000000 
0.00750 39.547400000000 
0.00800 33.322600000000 
0.00850 28.888600000000 
0.00900 24.946800000000 
0.00950 21.281200000000 
0.01000 18.730480000000 
0.01050 16.179660000000 
0.01100 14.117400000000 
0.01150 12.434960000000 
0.01200 10.752520000000 
0.01250 9.558000000000 
0.01300 8.429460000000 
0.01350 7.357620000000 
0.01400 6.589160000000 
0.01450 5.820680000000 
0.01500 5.146500000000 
0.01550 4.616100000000 
0.01600 4.085720000000 
0.01650 3.651200000000 
0.01700 3.280640000000 
0.01750 2.910080000000 
0.01800 2.623500000000 
0.01850 2.361740000000 
0.01900 2.099980000000 
0.01950 1.906780000000 
0.02000 1.720002000000 
0.02050 1.534802000000 
0.02100 1.400298000000 
0.02150 1.265794000000 
0.02200 1.135746000000 
0.02250 1.038066000000 
0.02300 0.940388000000 
0.02350 0.847648000000 
0.02400 0.776160000000 
0.02450 0.704672000000 
0.02500 0.637594000000 
0.02550 0.584900000000 
0.02600 0.532204000000 
0.02650 0.483050000000 
0.02700 0.443950000000 
0.02750 0.404850000000 
0.02800 0.368396000000 
0.02850 0.339206000000 
0.02900 0.310014000000 
0.02950 0.282682000000 
0.03000 0.260766000000 
0.03050 0.238848000000 
0.03100 0.218150000000 
0.03150 0.201606000000 
0.03200 0.185062000000 
0.03250 0.169242600000 
0.03300 0.156693200000 
0.03350 0.144143800000 
0.03400 0.131951600000 
0.03450 0.122388000000 
0.03500 0.112824200000 
0.03550 0.103355600000 
0.03600 0.096035600000 
0.03650 0.088715600000 
0.03700 0.081395600000 
0.03750 0.075684600000 
0.03800 0.070059200000 
0.03850 0.064433600000 
0.03900 0.059890200000 
0.03950 0.055550400000 
0.04000 0.051210400000 
0.04050 0.047574800000 
0.04100 0.044214600000 
0.04150 0.040854200000 
0.04200 0.037929800000 
0.04250 0.035319200000 
0.04300 0.032708400000 
0.04350 0.030344800000 
0.04400 0.028310000000 
0.04450 0.026275000000 
0.04500 0.024356400000 
0.04550 0.022765400000 
0.04600 0.021174400000 
0.04650 0.019610960000 
0.04700 0.018363420000 
0.04750 0.017115860000 
0.04800 0.015868300000 
0.04850 0.014856160000 
0.04900 0.013875160000 
0.04950 0.012894140000 
0.05000 0.012052520000 
0.05050 0.011279040000 
0.05100 0.010505560000 
0.05150 0.009804200000 
0.05200 0.009192780000 
0.05250 0.008581360000 
0.05300 0.007995740000 
0.05350 0.007511240000 
0.05400 0.007026720000 
0.05450 0.006542220000 
0.05500 0.006152040000 
0.05550 0.005767200000 
0.05600 0.005382340000 
0.05650 0.005050400000 
0.05700 0.004744020000 
0.05750 0.004437620000 
0.05800 0.004155200000 
0.05850 0.003910720000 
0.05900 0.003666260000 
0.05950 0.003425920000 
0.06000 0.003230440000 
0.06050 0.003034940000 
0.06100 0.002839460000 
0.06150 0.002673740000 
0.06200 0.002517100000 
0.06250 0.002360460000 
0.06300 0.002217200000 
0.06350 0.002091420000 
0.06400 0.001965648000 
0.06450 0.001841946000 
0.06500 0.001740762000 
0.06550 0.001639576000 
0.06600 0.001538392000 
0.06650 0.001451334000 
0.06700 0.001369770000 
0.06750 0.001288208000 
0.06800 0.001211988000 
0.06850 0.001146118000 
0.06900 0.001080250000 
0.06950 0.001014380000 
0.07000 0.000960400000 
0.07050 0.000907106000 
0.07100 0.000853812000 
0.07150 0.000805924000 
0.07200 0.000762726000 
0.07250 0.000719528000 
0.07300 0.000677226000 
0.07350 0.000642150000 
0.07400 0.000607072000 
0.07450 0.000571996000 
0.07500 0.000541306000 
0.07550 0.000512774000 
0.07600 0.000484242000 
0.07650 0.000456848000 
0.07700 0.000433602000 
0.07750 0.000410354000 
0.07800 0.000387106000 
0.07850 0.000367046000 
0.07900 0.000348070000 
0.07950 0.000329096000 
0.08000 0.000311030000 
0.08050 0.000295518000 
0.08100 0.000280004000 
0.08150 0.000264492000 
0.08200 0.000251128000 
0.08250 0.000238426000 
0.08300 0.000225722000 
0.08350 0.000213598000 
0.08400 0.000203178000 
0.08450 0.000192760000 
0.08500 0.000182341400 
0.08550 0.000173276000 
0.08600 0.000164717200 
0.08650 0.000156158400 
0.08700 0.000147886600 
0.08750 0.000140844800 
0.08800 0.000133803000 
0.08850 0.000126761200 
0.08900 0.000120509600 
0.08950 0.000114707000 
0.09000 0.000108904400 
0.09050 0.000103176200 
0.09100 0.000098387600 
0.09150 0.000093599000 
0.09200 0.000088810200 
0.09250 0.000084434600 
0.09300 0.000080476800 
0.09350 0.000076519000 
0.09400 0.000072561200 
0.09450 0.000069223200 
0.09500 0.000065947400 
0.09550 0.000062671600 
0.09600 0.000059568800 
0.09650 0.000056853600 
0.09700 0.000054138200 
0.09750 0.000051423000 
0.09800 0.000049029600 
0.09850 0.000046775800 
0.09900 0.000044522000 
0.09950 0.000042296800 
0.10000 0.000040423600 
0.10050 0.000038550200 
0.10100 0.000036677000 
0.10150 0.000034942600 
0.10200 0.000033383400 
0.10250 0.000031824200 
0.10300 0.000030265000 
0.10350 0.000028913400 
0.10400 0.000027614000 
0.10450 0.000026314400 
0.10500 0.000025046400 
0.10550 0.000023962000 
0.10600 0.000022877600 
0.10650 0.000021793200 
0.10700 0.000020795000 
0.10750 0.000019888880 
0.10800 0.000018982820 
0.10850 0.000018076780 
0.10900 0.000017290680 
0.10950 0.000016532700 
0.11000 0.000015774700 
0.11050 0.000015032540 
0.11100 0.000014397640 
0.11150 0.000013762760 
0.11200 0.000013127860 
0.11250 0.000012537860 
0.11300 0.000012005460 
0.11350 0.000011473040 
0.11400 0.000010940640 
0.11450 0.000010471340 
0.11500 0.000010024360 
0.11550 0.000009577360 
0.11600 0.000009132600 
0.11650 0.000008756920 
0.11700 0.000008381240 
0.11750 0.000008005560 
0.11800 0.000007648640 
0.11850 0.000007332540 
0.11900 0.000007016440 
0.11950 0.000006700340 
0.12000 0.000006413720 
0.12050 0.000006147480 
0.12100 0.000005881240 
0.12150 0.000005615000 
0.12200 0.000005384620 
0.12250 0.000005160140 
0.12300 0.000004935660 
0.12350 0.000004715340 
0.12400 0.000004525880 
0.12450 0.000004336440 
0.12500 0.000004146980 
0.12550 0.000003968420 
0.12600 0.000003808380 
0.12650 0.000003648340 
0.12700 0.000003488320 
0.12750 0.000003343440 
0.12800 0.000003208140 
0.12850 0.000003072820 
0.12900 0.000002937520 
0.12950 0.000002819880 
0.13000 0.000002705360 
0.13050 0.000002590860 
0.13100 0.000002477700 
0.13150 0.000002380720 
0.13200 0.000002283740 
0.13250 0.000002186760 
0.13300 0.000002094140 
0.13350 0.000002011940 
0.13400 0.000001929738 
0.13450 0.000001847536 
0.13500 0.000001771650 
0.13550 0.000001701920 
0.13600 0.000001632188 
0.13650 0.000001562458 
0.13700 0.000001500196 
0.13750 0.000001441006 
0.13800 0.000001381814 
0.13850 0.000001322624 
0.13900 0.000001271470 
0.13950 0.000001221190 
0.14000 0.000001170910 
0.14050 0.000001121280 
0.14100 0.000001078544 
0.14150 0.000001035808 
0.14200 0.000000993072 
0.14250 0.000000952002 
0.14300 0.000000915654 
0.14350 0.000000879306 
0.14400 0.000000842960 
0.14450 0.000000808918 
0.14500 0.000000777988 
0.14550 0.000000747056 
0.14600 0.000000716124 
0.14650 0.000000687862 
0.14700 0.000000661526 
0.14750 0.000000635188 
0.14800 0.000000608852 
0.14850 0.000000585348 
0.14900 0.000000562914 
0.14950 0.000000540480 
0.15000 0.000000518046 
0.15050 0.000000498462 
0.15100 0.000000479342 
0.15150 0.000000460224 
0.15200 0.000000441104 
0.15250 0.000000424752 
0.15300 0.000000408450 
0.15350 0.000000392150 
0.15400 0.000000376072 
0.15450 0.000000362168 
0.15500 0.000000348266 
0.15550 0.000000334364 
0.15600 0.000000320852 
0.15650 0.000000308992 
0.15700 0.000000297130 
0.15750 0.000000285268 
0.15800 0.000000273888 
0.15850 0.000000263762 
0.15900 0.000000253636 
0.15950 0.000000243512 
0.16000 0.000000233906 
0.16050 0.000000225262 
0.16100 0.000000216620 
0.16150 0.000000207976 
0.16200 0.000000199851 
0.16250 0.000000192470 
0.16300 0.000000185089 
0.16350 0.000000177708 
0.16400 0.000000170820 
0.16450 0.000000164515 
0.16500 0.000000158210 
0.16550 0.000000151906 
0.16600 0.000000146052 
0.16650 0.000000140667 
0.16700 0.000000135282 
0.16750 0.000000129897 
0.16800 0.000000124909 
0.16850 0.000000120307 
0.16900 0.000000115705 
0.16950 0.000000111103 
0.17000 0.000000106843 
0.17050 0.000000102911 
0.17100 0.000000098979 
0.17150 0.000000095047 
0.17200 0.000000091401 
0.17250 0.000000088039 
0.17300 0.000000084678 
0.17350 0.000000081316 
0.17400 0.000000078186 
0.17450 0.000000075313 
0.17500 0.000000072440 
0.17550 0.000000069567 
0.17600 0.000000066875 
0.17650 0.000000064420 
0.17700 0.000000061965 
0.17750 0.000000059510 
0.17800 0.000000057189 
0.17850 0.000000055091 
0.17900 0.000000052992 
0.17950 0.000000050894 
0.18000 0.000000048889 
0.18050 0.000000047094 
0.18100 0.000000045299 
0.18150 0.000000043505 
0.18200 0.000000041768 
0.18250 0.000000040234 
0.18300 0.000000038700 
0.18350 0.000000037166 
0.18400 0.000000035660 
0.18450 0.000000034350 
0.18500 0.000000033039 
0.18550 0.000000031729 
0.18600 0.000000030421 
0.18650 0.000000029301 
0.18700 0.000000028180 
0.18750 0.000000027060 
0.18800 0.000000025939 
0.18850 0.000000024964 
0.18900 0.000000024007 
0.18950 0.000000023051 
0.19000 0.000000022094 
0.19050 0.000000021242 
0.19100 0.000000020424 
0.19150 0.000000019606 
0.19200 0.000000018788 
0.19250 0.000000018043 
0.19300 0.000000017344 
0.19350 0.000000016645 
0.19400 0.000000015946 
0.19450 0.000000015295 
0.19500 0.000000014698 
0.19550 0.000000014101 
0.19600 0.000000013505 
0.19650 0.000000012934 
0.19700 0.000000012425 
0.19750 0.000000011916 
0.19800 0.000000011406 
0.19850 0.000000010908 
0.19900 0.000000010473 
0.19950 0.000000010039 
0.20000 0.000000009604 
0.20050 0.000000009170 
0.20100 0.000000008797 
0.20150 0.000000008426 
0.20200 0.000000008055 
0.20250 0.000000007684 
0.20300 0.000000007358 
0.20350 0.000000007043 
0.20400 0.000000006727 
0.20450 0.000000006411 
0.20500 0.000000006126 
0.20550 0.000000005857 
0.20600 0.000000005588 
0.20650 0.000000005319 
0.20700 0.000000005070 
0.20750 0.000000004842 
0.20800 0.000000004614 
0.20850 0.000000004385 
0.20900 0.000000004169 
0.20950 0.000000003975 
0.21000 0.000000003781 
0.21050 0.000000003586 
0.21100 0.000000003399 
0.21150 0.000000003234 
0.21200 0.000000003069 
0.21250 0.000000002904 
0.21300 0.000000002743 
0.21350 0.000000002603 
0.21400 0.000000002464 
0.21450 0.000000002325 
0.21500 0.000000002187 
0.21550 0.000000002070 
0.21600 0.000000001952 
0.21650 0.000000001835 
0.21700 0.000000001717 
0.21750 0.000000001619 
0.21800 0.000000001520 
0.21850 0.000000001422 
0.21900 0.000000001324 
0.21950 0.000000001241 
0.22000 0.000000001159 
0.22050 0.000000001077 
0.22100 0.000000000995 
0.22150 0.000000000926 
0.22200 0.000000000858 
0.22250 0.000000000790 
0.22300 0.000000000723 
0.22350 0.000000000667 
0.22400 0.000000000611 
0.22450 0.000000000555 
0.22500 0.000000000503 
0.22550 0.000000000457 
0.22600 0.000000000412 
0.22650 0.000000000367 
0.22700 0.000000000327 
0.22750 0.000000000291 
0.22800 0.000000000256 
0.22850 0.000000000220 
0.22900 0.000000000192 
0.22950 0.000000000165 
0.23000 0.000000000138 
0.23050 0.000000000113 
0.23100 0.000000000094 
0.23150 0.000000000075 
0.23200 0.000000000056 
0.23250 0.000000000042 
0.23300 0.000000000031 
0.23350 0.000000000020 
