0.00000 734.950000000000 
0.00050 633.878000000000 
0.00100 532.808000000000 
0.00150 431.738000000000 
0.00200 330.668000000000 
0.00250 266.096000000000 
0.00300 212.414000000000 
0.00350 171.087600000000 
0.00400 141.185800000000 
0.00450 113.653800000000 
0.00500 96.302800000000 
0.00550 78.951600000000 
0.00600 67.042600000000 
0.00650 56.623000000000 
0.00700 47.456600000000 
0.00750 41.015000000000 
0.00800 34.573400000000 
0.00850 29.982000000000 
0.00900 25.899400000000 
0.00950 22.102200000000 
0.01000 19.457880000000 
0.01050 16.813560000000 
0.01100 14.674900000000 
0.01150 12.929380000000 
0.01200 11.183840000000 
0.01250 9.943740000000 
0.01300 8.771960000000 
0.01350 7.658980000000 
0.01400 6.860480000000 
0.01450 6.061980000000 
0.01500 5.361320000000 
0.01550 4.809800000000 
0.01600 4.258300000000 
0.01650 3.806320000000 
0.01700 3.420740000000 
0.01750 3.035180000000 
0.01800 2.736840000000 
0.01850 2.464280000000 
0.01900 2.191740000000 
0.01950 1.990464000000 
0.02000 1.795862000000 
0.02050 1.602904000000 
0.02100 1.462680000000 
0.02150 1.322456000000 
0.02200 1.186870000000 
0.02250 1.084976000000 
0.02300 0.983080000000 
0.02350 0.886332000000 
0.02400 0.811714000000 
0.02450 0.737096000000 
0.02500 0.667074000000 
0.02550 0.612042000000 
0.02600 0.557008000000 
0.02650 0.505666000000 
0.02700 0.464808000000 
0.02750 0.423952000000 
0.02800 0.385854000000 
0.02850 0.355334000000 
0.02900 0.324814000000 
0.02950 0.296236000000 
0.03000 0.273308000000 
0.03050 0.250382000000 
0.03100 0.228726000000 
0.03150 0.211412000000 
0.03200 0.194096200000 
0.03250 0.177537600000 
0.03300 0.164396200000 
0.03350 0.151255000000 
0.03400 0.138487000000 
0.03450 0.128467200000 
0.03500 0.118447400000 
0.03550 0.108526800000 
0.03600 0.100853800000 
0.03650 0.093181000000 
0.03700 0.085508000000 
0.03750 0.079519000000 
0.03800 0.073619400000 
0.03850 0.067719600000 
0.03900 0.062953200000 
0.03950 0.058399600000 
0.04000 0.053846000000 
0.04050 0.050030200000 
0.04100 0.046503000000 
0.04150 0.042975600000 
0.04200 0.039905000000 
0.04250 0.037163200000 
0.04300 0.034421400000 
0.04350 0.031938800000 
0.04400 0.029800800000 
0.04450 0.027662800000 
0.04500 0.025646600000 
0.04550 0.023974400000 
0.04600 0.022302000000 
0.04650 0.020658400000 
0.04700 0.019346500000 
0.04750 0.018034560000 
0.04800 0.016722620000 
0.04850 0.015657840000 
0.04900 0.014625760000 
0.04950 0.013593660000 
0.05000 0.012707960000 
0.05050 0.011893860000 
0.05100 0.011079760000 
0.05150 0.010341440000 
0.05200 0.009697640000 
0.05250 0.009053840000 
0.05300 0.008437160000 
0.05350 0.007926780000 
0.05400 0.007416400000 
0.05450 0.006906020000 
0.05500 0.006494840000 
0.05550 0.006089260000 
0.05600 0.005683700000 
0.05650 0.005333800000 
0.05700 0.005010780000 
0.05750 0.004687760000 
0.05800 0.004389980000 
0.05850 0.004132140000 
0.05900 0.003874300000 
0.05950 0.003620800000 
0.06000 0.003414540000 
0.06050 0.003208300000 
0.06100 0.003002040000 
0.06150 0.002827140000 
0.06200 0.002661800000 
0.06250 0.002496460000 
0.06300 0.002345200000 
0.06350 0.002212400000 
0.06400 0.002079600000 
0.06450 0.001948974000 
0.06500 0.001842088000 
0.06550 0.001735204000 
0.06600 0.001628318000 
0.06650 0.001536332000 
0.06700 0.001450144000 
0.06750 0.001363954000 
0.06800 0.001283400000 
0.06850 0.001213768000 
0.06900 0.001144136000 
0.06950 0.001074504000 
0.07000 0.001017420000 
0.07050 0.000961060000 
0.07100 0.000904702000 
0.07150 0.000854048000 
0.07200 0.000808350000 
0.07250 0.000762650000 
0.07300 0.000717898000 
0.07350 0.000680776000 
0.07400 0.000643656000 
0.07450 0.000606534000 
0.07500 0.000574048000 
0.07550 0.000543842000 
0.07600 0.000513636000 
0.07650 0.000484634000 
0.07700 0.000460014000 
0.07750 0.000435394000 
0.07800 0.000410772000 
0.07850 0.000389522000 
0.07900 0.000369420000 
0.07950 0.000349318000 
0.08000 0.000330178000 
0.08050 0.000313738000 
0.08100 0.000297298000 
0.08150 0.000280858000 
0.08200 0.000266690000 
0.08250 0.000253224000 
0.08300 0.000239758000 
0.08350 0.000226902000 
0.08400 0.000215852000 
0.08450 0.000204804000 
0.08500 0.000193754400 
0.08550 0.000184138200 
0.08600 0.000175058400 
0.08650 0.000165978800 
0.08700 0.000157202800 
0.08750 0.000149729800 
0.08800 0.000142256800 
0.08850 0.000134784000 
0.08900 0.000128148200 
0.08950 0.000121988200 
0.09000 0.000115828200 
0.09050 0.000109747400 
0.09100 0.000104662000 
0.09150 0.000099576800 
0.09200 0.000094491600 
0.09250 0.000089844200 
0.09300 0.000085640000 
0.09350 0.000081435800 
0.09400 0.000077231400 
0.09450 0.000073684400 
0.09500 0.000070203400 
0.09550 0.000066722600 
0.09600 0.000063425200 
0.09650 0.000060539000 
0.09700 0.000057652800 
0.09750 0.000054766600 
0.09800 0.000052221800 
0.09850 0.000049825400 
0.09900 0.000047429000 
0.09950 0.000045062800 
0.10000 0.000043070200 
0.10050 0.000041077800 
0.10100 0.000039085200 
0.10150 0.000037240200 
0.10200 0.000035581200 
0.10250 0.000033922400 
0.10300 0.000032263400 
0.10350 0.000030824800 
0.10400 0.000029442000 
0.10450 0.000028059000 
0.10500 0.000026709200 
0.10550 0.000025554800 
0.10600 0.000024400200 
0.10650 0.000023245800 
0.10700 0.000022182800 
0.10750 0.000021217800 
0.10800 0.000020253000 
0.10850 0.000019288080 
0.10900 0.000018450700 
0.10950 0.000017643220 
0.11000 0.000016835740 
0.11050 0.000016045100 
0.11100 0.000015368540 
0.11150 0.000014692000 
0.11200 0.000014015440 
0.11250 0.000013386660 
0.11300 0.000012819140 
0.11350 0.000012251620 
0.11400 0.000011684100 
0.11450 0.000011183760 
0.11500 0.000010707160 
0.11550 0.000010230560 
0.11600 0.000009756340 
0.11650 0.000009355640 
0.11700 0.000008954940 
0.11750 0.000008554240 
0.11800 0.000008173560 
0.11850 0.000007836320 
0.11900 0.000007499060 
0.11950 0.000007161820 
0.12000 0.000006855980 
0.12050 0.000006571840 
0.12100 0.000006287720 
0.12150 0.000006003580 
0.12200 0.000005757660 
0.12250 0.000005518040 
0.12300 0.000005278400 
0.12350 0.000005043180 
0.12400 0.000004840900 
0.12450 0.000004638600 
0.12500 0.000004436300 
0.12550 0.000004245600 
0.12600 0.000004074660 
0.12650 0.000003903740 
0.12700 0.000003732800 
0.12750 0.000003578040 
0.12800 0.000003433460 
0.12850 0.000003288900 
0.12900 0.000003144320 
0.12950 0.000003018600 
0.13000 0.000002896220 
0.13050 0.000002773840 
0.13100 0.000002652900 
0.13150 0.000002549240 
0.13200 0.000002445560 
0.13250 0.000002341880 
0.13300 0.000002242880 
0.13350 0.000002154960 
0.13400 0.000002067060 
0.13450 0.000001979164 
0.13500 0.000001898006 
0.13550 0.000001823420 
0.13600 0.000001748834 
0.13650 0.000001674248 
0.13700 0.000001607640 
0.13750 0.000001544310 
0.13800 0.000001480980 
0.13850 0.000001417650 
0.13900 0.000001362906 
0.13950 0.000001309096 
0.14000 0.000001255286 
0.14050 0.000001202170 
0.14100 0.000001156420 
0.14150 0.000001110670 
0.14200 0.000001064922 
0.14250 0.000001020954 
0.14300 0.000000982032 
0.14350 0.000000943112 
0.14400 0.000000904190 
0.14450 0.000000867736 
0.14500 0.000000834606 
0.14550 0.000000801476 
0.14600 0.000000768346 
0.14650 0.000000738070 
0.14700 0.000000709854 
0.14750 0.000000681638 
0.14800 0.000000653422 
0.14850 0.000000628234 
0.14900 0.000000604194 
0.14950 0.000000580152 
0.15000 0.000000556112 
0.15050 0.000000535118 
0.15100 0.000000514624 
0.15150 0.000000494130 
0.15200 0.000000473636 
0.15250 0.000000456102 
0.15300 0.000000438624 
0.15350 0.000000421146 
0.15400 0.000000403906 
0.15450 0.000000388996 
0.15500 0.000000374086 
0.15550 0.000000359176 
0.15600 0.000000344684 
0.15650 0.000000331958 
0.15700 0.000000319234 
0.15750 0.000000306508 
0.15800 0.000000294300 
0.15850 0.000000283436 
0.15900 0.000000272570 
0.15950 0.000000261706 
0.16000 0.000000251398 
0.16050 0.000000242120 
0.16100 0.000000232844 
0.16150 0.000000223566 
0.16200 0.000000214846 
0.16250 0.000000206922 
0.16300 0.000000198998 
0.16350 0.000000191073 
0.16400 0.000000183677 
0.16450 0.000000176907 
0.16500 0.000000170137 
0.16550 0.000000163367 
0.16600 0.000000157080 
0.16650 0.000000151296 
0.16700 0.000000145512 
0.16750 0.000000139728 
0.16800 0.000000134370 
0.16850 0.000000129425 
0.16900 0.000000124481 
0.16950 0.000000119536 
0.17000 0.000000114960 
0.17050 0.000000110734 
0.17100 0.000000106509 
0.17150 0.000000102284 
0.17200 0.000000098365 
0.17250 0.000000094751 
0.17300 0.000000091138 
0.17350 0.000000087525 
0.17400 0.000000084160 
0.17450 0.000000081071 
0.17500 0.000000077982 
0.17550 0.000000074893 
0.17600 0.000000071999 
0.17650 0.000000069359 
0.17700 0.000000066719 
0.17750 0.000000064078 
0.17800 0.000000061583 
0.17850 0.000000059326 
0.17900 0.000000057069 
0.17950 0.000000054811 
0.18000 0.000000052655 
0.18050 0.000000050724 
0.18100 0.000000048793 
0.18150 0.000000046862 
0.18200 0.000000044994 
0.18250 0.000000043343 
0.18300 0.000000041692 
0.18350 0.000000040042 
0.18400 0.000000038421 
0.18450 0.000000037011 
0.18500 0.000000035600 
0.18550 0.000000034190 
0.18600 0.000000032782 
0.18650 0.000000031576 
0.18700 0.000000030370 
0.18750 0.000000029163 
0.18800 0.000000027957 
0.18850 0.000000026907 
0.18900 0.000000025877 
0.18950 0.000000024847 
0.19000 0.000000023816 
0.19050 0.000000022899 
0.19100 0.000000022018 
0.19150 0.000000021137 
0.19200 0.000000020256 
0.19250 0.000000019453 
0.19300 0.000000018701 
0.19350 0.000000017948 
0.19400 0.000000017195 
0.19450 0.000000016493 
0.19500 0.000000015850 
0.19550 0.000000015207 
0.19600 0.000000014564 
0.19650 0.000000013950 
0.19700 0.000000013401 
0.19750 0.000000012852 
0.19800 0.000000012303 
0.19850 0.000000011766 
0.19900 0.000000011298 
0.19950 0.000000010829 
0.20000 0.000000010361 
0.20050 0.000000009892 
0.20100 0.000000009491 
0.20150 0.000000009091 
0.20200 0.000000008691 
0.20250 0.000000008291 
0.20300 0.000000007940 
0.20350 0.000000007599 
0.20400 0.000000007259 
0.20450 0.000000006919 
0.20500 0.000000006611 
0.20550 0.000000006321 
0.20600 0.000000006031 
0.20650 0.000000005741 
0.20700 0.000000005472 
0.20750 0.000000005226 
0.20800 0.000000004980 
0.20850 0.000000004733 
0.20900 0.000000004500 
0.20950 0.000000004291 
0.21000 0.000000004081 
0.21050 0.000000003872 
0.21100 0.000000003669 
0.21150 0.000000003491 
0.21200 0.000000003313 
0.21250 0.000000003135 
0.21300 0.000000002961 
0.21350 0.000000002811 
0.21400 0.000000002661 
0.21450 0.000000002511 
0.21500 0.000000002362 
0.21550 0.000000002235 
0.21600 0.000000002108 
0.21650 0.000000001981 
0.21700 0.000000001854 
0.21750 0.000000001748 
0.21800 0.000000001642 
0.21850 0.000000001536 
0.21900 0.000000001430 
0.21950 0.000000001341 
0.22000 0.000000001252 
0.22050 0.000000001163 
0.22100 0.000000001075 
0.22150 0.000000001001 
0.22200 0.000000000927 
0.22250 0.000000000853 
0.22300 0.000000000781 
0.22350 0.000000000721 
0.22400 0.000000000660 
0.22450 0.000000000600 
0.22500 0.000000000543 
0.22550 0.000000000494 
0.22600 0.000000000445 
0.22650 0.000000000397 
0.22700 0.000000000353 
0.22750 0.000000000315 
0.22800 0.000000000276 
0.22850 0.000000000238 
0.22900 0.000000000207 
0.22950 0.000000000178 
0.23000 0.000000000149 
0.23050 0.000000000122 
0.23100 0.000000000101 
0.23150 0.000000000081 
0.23200 0.000000000060 
0.23250 0.000000000046 
0.23300 0.000000000034 
0.23350 0.000000000021 
