0.00000 739.062000000000 
0.00050 637.578000000000 
0.00100 536.094000000000 
0.00150 434.610000000000 
0.00200 333.126000000000 
0.00250 268.224000000000 
0.00300 214.240000000000 
0.00350 172.656800000000 
0.00400 142.545000000000 
0.00450 114.815800000000 
0.00500 97.321800000000 
0.00550 79.827800000000 
0.00600 67.812000000000 
0.00650 57.295200000000 
0.00700 48.041200000000 
0.00750 41.533000000000 
0.00800 35.025000000000 
0.00850 30.383000000000 
0.00900 26.254200000000 
0.00950 22.413800000000 
0.01000 19.737340000000 
0.01050 17.060820000000 
0.01100 14.895300000000 
0.01150 13.127040000000 
0.01200 11.358800000000 
0.01250 10.101720000000 
0.01300 8.913740000000 
0.01350 7.785280000000 
0.01400 6.975140000000 
0.01450 6.164980000000 
0.01500 5.453920000000 
0.01550 4.893960000000 
0.01600 4.333980000000 
0.01650 3.874920000000 
0.01700 3.483160000000 
0.01750 3.091400000000 
0.01800 2.788120000000 
0.01850 2.511000000000 
0.01900 2.233880000000 
0.01950 2.029140000000 
0.02000 1.831146000000 
0.02050 1.634824000000 
0.02100 1.492068000000 
0.02150 1.349312000000 
0.02200 1.211268000000 
0.02250 1.107470000000 
0.02300 1.003670000000 
0.02350 0.905104000000 
0.02400 0.829046000000 
0.02450 0.752988000000 
0.02500 0.681606000000 
0.02550 0.625478000000 
0.02600 0.569348000000 
0.02650 0.516980000000 
0.02700 0.475284000000 
0.02750 0.433588000000 
0.02800 0.394706000000 
0.02850 0.363544000000 
0.02900 0.332382000000 
0.02950 0.303196000000 
0.03000 0.279774000000 
0.03050 0.256350000000 
0.03100 0.234224000000 
0.03150 0.216526000000 
0.03200 0.198826600000 
0.03250 0.181899600000 
0.03300 0.168459600000 
0.03350 0.155019800000 
0.03400 0.141961200000 
0.03450 0.131708400000 
0.03500 0.121455600000 
0.03550 0.111304200000 
0.03600 0.103449000000 
0.03650 0.095593600000 
0.03700 0.087738400000 
0.03750 0.081604200000 
0.03800 0.075561400000 
0.03850 0.069518400000 
0.03900 0.064634200000 
0.03950 0.059967800000 
0.04000 0.055301400000 
0.04050 0.051389800000 
0.04100 0.047773400000 
0.04150 0.044156800000 
0.04200 0.041008000000 
0.04250 0.038195600000 
0.04300 0.035383200000 
0.04350 0.032836000000 
0.04400 0.030642000000 
0.04450 0.028447800000 
0.04500 0.026378800000 
0.04550 0.024661600000 
0.04600 0.022944600000 
0.04650 0.021257200000 
0.04700 0.019909600000 
0.04750 0.018562000000 
0.04800 0.017214400000 
0.04850 0.016120280000 
0.04900 0.015059660000 
0.04950 0.013999060000 
0.05000 0.013088640000 
0.05050 0.012251680000 
0.05100 0.011414720000 
0.05150 0.010655520000 
0.05200 0.009993360000 
0.05250 0.009331180000 
0.05300 0.008696860000 
0.05350 0.008171700000 
0.05400 0.007646540000 
0.05450 0.007121360000 
0.05500 0.006698120000 
0.05550 0.006280620000 
0.05600 0.005863120000 
0.05650 0.005502840000 
0.05700 0.005170180000 
0.05750 0.004837520000 
0.05800 0.004530820000 
0.05850 0.004265180000 
0.05900 0.003999520000 
0.05950 0.003738360000 
0.06000 0.003525780000 
0.06050 0.003313200000 
0.06100 0.003100600000 
0.06150 0.002920300000 
0.06200 0.002749820000 
0.06250 0.002579340000 
0.06300 0.002423360000 
0.06350 0.002286360000 
0.06400 0.002149380000 
0.06450 0.002014640000 
0.06500 0.001904338000 
0.06550 0.001794044000 
0.06600 0.001683748000 
0.06650 0.001588802000 
0.06700 0.001499828000 
0.06750 0.001410854000 
0.06800 0.001327688000 
0.06850 0.001255778000 
0.06900 0.001183870000 
0.06950 0.001111960000 
0.07000 0.001052988000 
0.07050 0.000994764000 
0.07100 0.000936540000 
0.07150 0.000884202000 
0.07200 0.000836972000 
0.07250 0.000789742000 
0.07300 0.000743488000 
0.07350 0.000705110000 
0.07400 0.000666732000 
0.07450 0.000628354000 
0.07500 0.000594760000 
0.07550 0.000563520000 
0.07600 0.000532280000 
0.07650 0.000502282000 
0.07700 0.000476808000 
0.07750 0.000451334000 
0.07800 0.000425862000 
0.07850 0.000403870000 
0.07900 0.000383066000 
0.07950 0.000362260000 
0.08000 0.000342446000 
0.08050 0.000325426000 
0.08100 0.000308404000 
0.08150 0.000291382000 
0.08200 0.000276710000 
0.08250 0.000262762000 
0.08300 0.000248814000 
0.08350 0.000235498000 
0.08400 0.000224050000 
0.08450 0.000212602000 
0.08500 0.000201154000 
0.08550 0.000191188400 
0.08600 0.000181777600 
0.08650 0.000172366800 
0.08700 0.000163270400 
0.08750 0.000155522200 
0.08800 0.000147774000 
0.08850 0.000140026000 
0.08900 0.000133144400 
0.08950 0.000126755600 
0.09000 0.000120366600 
0.09050 0.000114059400 
0.09100 0.000108783400 
0.09150 0.000103507400 
0.09200 0.000098231200 
0.09250 0.000093408800 
0.09300 0.000089045200 
0.09350 0.000084681800 
0.09400 0.000080318200 
0.09450 0.000076635800 
0.09500 0.000073021800 
0.09550 0.000069407800 
0.09600 0.000065984000 
0.09650 0.000062986600 
0.09700 0.000059989000 
0.09750 0.000056991600 
0.09800 0.000054348000 
0.09850 0.000051858400 
0.09900 0.000049368800 
0.09950 0.000046910400 
0.10000 0.000044839800 
0.10050 0.000042769000 
0.10100 0.000040698400 
0.10150 0.000038780600 
0.10200 0.000037056000 
0.10250 0.000035331600 
0.10300 0.000033607000 
0.10350 0.000032111200 
0.10400 0.000030673000 
0.10450 0.000029234800 
0.10500 0.000027831000 
0.10550 0.000026630200 
0.10600 0.000025429200 
0.10650 0.000024228200 
0.10700 0.000023122400 
0.10750 0.000022118400 
0.10800 0.000021114200 
0.10850 0.000020110200 
0.10900 0.000019238640 
0.10950 0.000018398140 
0.11000 0.000017557640 
0.11050 0.000016734620 
0.11100 0.000016030180 
0.11150 0.000015325740 
0.11200 0.000014621300 
0.11250 0.000013966500 
0.11300 0.000013375420 
0.11350 0.000012784320 
0.11400 0.000012193240 
0.11450 0.000011672000 
0.11500 0.000011175440 
0.11550 0.000010678880 
0.11600 0.000010184800 
0.11650 0.000009767200 
0.11700 0.000009349600 
0.11750 0.000008932020 
0.11800 0.000008535220 
0.11850 0.000008183660 
0.11900 0.000007832080 
0.11950 0.000007480500 
0.12000 0.000007161600 
0.12050 0.000006865300 
0.12100 0.000006569000 
0.12150 0.000006272720 
0.12200 0.000006016200 
0.12250 0.000005766240 
0.12300 0.000005516280 
0.12350 0.000005270920 
0.12400 0.000005059820 
0.12450 0.000004848740 
0.12500 0.000004637660 
0.12550 0.000004438660 
0.12600 0.000004260260 
0.12650 0.000004081840 
0.12700 0.000003903420 
0.12750 0.000003741880 
0.12800 0.000003590940 
0.12850 0.000003440000 
0.12900 0.000003289060 
0.12950 0.000003157760 
0.13000 0.000003029960 
0.13050 0.000002902160 
0.13100 0.000002775840 
0.13150 0.000002667540 
0.13200 0.000002559240 
0.13250 0.000002450940 
0.13300 0.000002347500 
0.13350 0.000002255640 
0.13400 0.000002163800 
0.13450 0.000002071940 
0.13500 0.000001987120 
0.13550 0.000001909160 
0.13600 0.000001831198 
0.13650 0.000001753238 
0.13700 0.000001683602 
0.13750 0.000001617388 
0.13800 0.000001551174 
0.13850 0.000001484960 
0.13900 0.000001427708 
0.13950 0.000001371430 
0.14000 0.000001315154 
0.14050 0.000001259602 
0.14100 0.000001211742 
0.14150 0.000001163882 
0.14200 0.000001116022 
0.14250 0.000001070022 
0.14300 0.000001029296 
0.14350 0.000000988568 
0.14400 0.000000947840 
0.14450 0.000000909690 
0.14500 0.000000875012 
0.14550 0.000000840334 
0.14600 0.000000805656 
0.14650 0.000000773960 
0.14700 0.000000744418 
0.14750 0.000000714876 
0.14800 0.000000685334 
0.14850 0.000000658958 
0.14900 0.000000633780 
0.14950 0.000000608602 
0.15000 0.000000583424 
0.15050 0.000000561434 
0.15100 0.000000539964 
0.15150 0.000000518496 
0.15200 0.000000497026 
0.15250 0.000000478654 
0.15300 0.000000460340 
0.15350 0.000000442026 
0.15400 0.000000423960 
0.15450 0.000000408332 
0.15500 0.000000392706 
0.15550 0.000000377078 
0.15600 0.000000361888 
0.15650 0.000000348548 
0.15700 0.000000335206 
0.15750 0.000000321866 
0.15800 0.000000309066 
0.15850 0.000000297672 
0.15900 0.000000286278 
0.15950 0.000000274884 
0.16000 0.000000264074 
0.16050 0.000000254342 
0.16100 0.000000244612 
0.16150 0.000000234880 
0.16200 0.000000225732 
0.16250 0.000000217418 
0.16300 0.000000209104 
0.16350 0.000000200790 
0.16400 0.000000193028 
0.16450 0.000000185923 
0.16500 0.000000178818 
0.16550 0.000000171713 
0.16600 0.000000165114 
0.16650 0.000000159043 
0.16700 0.000000152971 
0.16750 0.000000146899 
0.16800 0.000000141274 
0.16850 0.000000136083 
0.16900 0.000000130891 
0.16950 0.000000125699 
0.17000 0.000000120893 
0.17050 0.000000116455 
0.17100 0.000000112018 
0.17150 0.000000107580 
0.17200 0.000000103463 
0.17250 0.000000099668 
0.17300 0.000000095872 
0.17350 0.000000092076 
0.17400 0.000000088541 
0.17450 0.000000085295 
0.17500 0.000000082050 
0.17550 0.000000078804 
0.17600 0.000000075762 
0.17650 0.000000072987 
0.17700 0.000000070212 
0.17750 0.000000067438 
0.17800 0.000000064815 
0.17850 0.000000062442 
0.17900 0.000000060069 
0.17950 0.000000057696 
0.18000 0.000000055429 
0.18050 0.000000053398 
0.18100 0.000000051368 
0.18150 0.000000049338 
0.18200 0.000000047373 
0.18250 0.000000045637 
0.18300 0.000000043901 
0.18350 0.000000042165 
0.18400 0.000000040460 
0.18450 0.000000038977 
0.18500 0.000000037493 
0.18550 0.000000036009 
0.18600 0.000000034529 
0.18650 0.000000033259 
0.18700 0.000000031990 
0.18750 0.000000030720 
0.18800 0.000000029451 
0.18850 0.000000028347 
0.18900 0.000000027262 
0.18950 0.000000026178 
0.19000 0.000000025093 
0.19050 0.000000024128 
0.19100 0.000000023200 
0.19150 0.000000022273 
0.19200 0.000000021345 
0.19250 0.000000020501 
0.19300 0.000000019708 
0.19350 0.000000018916 
0.19400 0.000000018123 
0.19450 0.000000017384 
0.19500 0.000000016707 
0.19550 0.000000016030 
0.19600 0.000000015353 
0.19650 0.000000014706 
0.19700 0.000000014128 
0.19750 0.000000013549 
0.19800 0.000000012971 
0.19850 0.000000012405 
0.19900 0.000000011912 
0.19950 0.000000011418 
0.20000 0.000000010925 
0.20050 0.000000010431 
0.20100 0.000000010008 
0.20150 0.000000009587 
0.20200 0.000000009166 
0.20250 0.000000008744 
0.20300 0.000000008374 
0.20350 0.000000008015 
0.20400 0.000000007656 
0.20450 0.000000007298 
0.20500 0.000000006974 
0.20550 0.000000006668 
0.20600 0.000000006362 
0.20650 0.000000006056 
0.20700 0.000000005773 
0.20750 0.000000005513 
0.20800 0.000000005254 
0.20850 0.000000004994 
0.20900 0.000000004748 
0.20950 0.000000004527 
0.21000 0.000000004306 
0.21050 0.000000004085 
0.21100 0.000000003872 
0.21150 0.000000003684 
0.21200 0.000000003497 
0.21250 0.000000003309 
0.21300 0.000000003125 
0.21350 0.000000002967 
0.21400 0.000000002808 
0.21450 0.000000002650 
0.21500 0.000000002493 
0.21550 0.000000002359 
0.21600 0.000000002225 
0.21650 0.000000002091 
0.21700 0.000000001958 
0.21750 0.000000001845 
0.21800 0.000000001733 
0.21850 0.000000001621 
0.21900 0.000000001509 
0.21950 0.000000001415 
0.22000 0.000000001322 
0.22050 0.000000001228 
0.22100 0.000000001135 
0.22150 0.000000001057 
0.22200 0.000000000979 
0.22250 0.000000000901 
0.22300 0.000000000825 
0.22350 0.000000000761 
0.22400 0.000000000697 
0.22450 0.000000000634 
0.22500 0.000000000573 
0.22550 0.000000000522 
0.22600 0.000000000470 
0.22650 0.000000000419 
0.22700 0.000000000373 
0.22750 0.000000000332 
0.22800 0.000000000292 
0.22850 0.000000000251 
0.22900 0.000000000219 
0.22950 0.000000000188 
0.23000 0.000000000157 
0.23050 0.000000000129 
0.23100 0.000000000107 
0.23150 0.000000000085 
0.23200 0.000000000064 
0.23250 0.000000000048 
0.23300 0.000000000036 
0.23350 0.000000000023 
