0 207.394
0.0005 187.893
0.001 168.39
0.0015 148.888
0.002 129.386
0.0025 115.183
0.003 102.561
0.0035 91.9938
0.004 83.3264
0.0045 75.126
0.005 68.931
0.0055 62.7362
0.006 57.8225
0.0065 53.2593
0.007 49.0489
0.0075 45.6058
0.008 42.1628
0.0085 39.3417
0.009 36.6918
0.0095 34.1563
0.01 32.0825
0.0105 30.0085
0.011 28.1749
0.0115 26.5282
0.012 24.8815
0.0125 23.5191
0.013 22.1952
0.0135 20.9101
0.014 19.8338
0.0145 18.7575
0.015 17.7575
0.0155 16.874
0.016 15.9904
0.0165 15.1979
0.017 14.4662
0.0175 13.7345
0.018 13.0962
0.0185 12.4855
0.019 11.8748
0.0195 11.3532
0.02 10.8399
0.0205 10.329
0.021 9.89478
0.0215 9.46059
0.022 9.03425
0.0225 8.66484
0.023 8.29545
0.0235 7.93615
0.024 7.62024
0.0245 7.30431
0.025 6.99883
0.0255 6.72735
0.026 6.45586
0.0265 6.19407
0.027 5.95976
0.0275 5.72545
0.028 5.49949
0.0285 5.29647
0.029 5.09344
0.0295 4.89715
0.03 4.72058
0.0305 4.54401
0.031 4.37253
0.0315 4.21846
0.032 4.06437
0.0325 3.91378
0.033 3.77891
0.0335 3.64405
0.034 3.51115
0.0345 3.39278
0.035 3.2744
0.0355 3.15662
0.036 3.05246
0.0365 2.94828
0.037 2.8441
0.0375 2.75159
0.038 2.65969
0.0385 2.5678
0.039 2.48487
0.0395 2.40362
0.04 2.32239
0.0405 2.2478
0.041 2.17584
0.0415 2.10386
0.042 2.03659
0.0425 1.97272
0.043 1.90883
0.0435 1.848
0.044 1.7912
0.0445 1.73441
0.045 1.67924
0.0455 1.62866
0.046 1.57808
0.0465 1.52793
0.047 1.48282
0.0475 1.43771
0.048 1.39259
0.0485 1.35173
0.049 1.31144
0.0495 1.27114
0.05 1.23371
0.0505 1.19767
0.051 1.16163
0.0515 1.12726
0.052 1.09499
0.0525 1.06272
0.053 1.03113
0.0535 1.00219
0.054 0.973255
0.0545 0.94432
0.055 0.918191
0.0555 0.89222
0.056 0.866249
0.0565 0.842055
0.057 0.818719
0.0575 0.795384
0.058 0.772956
0.0585 0.751968
0.059 0.730979
0.0595 0.710169
0.06 0.691272
0.0605 0.672376
0.061 0.653477
0.0615 0.636013
0.062 0.618982
0.0625 0.601953
0.063 0.585645
0.0635 0.570286
0.064 0.554927
0.0645 0.539692
0.065 0.525825
0.0655 0.511958
0.066 0.498091
0.0665 0.485186
0.067 0.472658
0.0675 0.460129
0.068 0.448007
0.0685 0.436677
0.069 0.425345
0.0695 0.414015
0.07 0.403701
0.0705 0.393445
0.071 0.38319
0.0715 0.373453
0.072 0.364164
0.0725 0.354876
0.073 0.345683
0.0735 0.337263
0.074 0.328843
0.0745 0.320423
0.075 0.312528
0.0755 0.304889
0.076 0.29725
0.0765 0.289763
0.077 0.282829
0.0775 0.275893
0.078 0.268957
0.0785 0.262497
0.079 0.256196
0.0795 0.249894
0.08 0.243743
0.0805 0.238016
0.081 0.232286
0.0815 0.226557
0.082 0.221221
0.0825 0.216009
0.083 0.210795
0.0835 0.205699
0.084 0.200953
0.0845 0.196205
0.085 0.191457
0.0855 0.187016
0.086 0.18269
0.0865 0.178363
0.087 0.174109
0.0875 0.170165
0.088 0.166221
0.0885 0.162276
0.089 0.158551
0.0895 0.154951
0.09 0.15135
0.0905 0.147773
0.091 0.144485
0.0915 0.141197
0.092 0.13791
0.0925 0.134763
0.093 0.131758
0.0935 0.128753
0.094 0.125749
0.0945 0.122978
0.095 0.120231
0.0955 0.117483
0.096 0.114808
0.0965 0.112293
0.097 0.109778
0.0975 0.107264
0.098 0.104897
0.0985 0.102595
0.099 0.100292
0.0995 0.0980045
0.1 0.0958948
0.1005 0.0937851
0.101 0.0916755
0.1015 0.0896433
0.102 0.0877088
0.1025 0.0857745
0.103 0.0838401
0.1035 0.0820332
0.104 0.0802586
0.1045 0.0784837
0.105 0.0767302
0.1055 0.075101
0.106 0.0734718
0.1065 0.0718426
0.107 0.0702773
0.1075 0.0687809
0.108 0.0672843
0.1085 0.0657879
0.109 0.0643894
0.1095 0.0630141
0.11 0.0616388
0.1105 0.0602776
0.111 0.0590124
0.1115 0.0577472
0.112 0.0564821
0.1125 0.0552614
0.113 0.0540981
0.1135 0.0529345
0.114 0.0517711
0.1145 0.0506757
0.115 0.0496044
0.1155 0.048533
0.116 0.0474643
0.1165 0.0464778
0.117 0.0454912
0.1175 0.0445048
0.118 0.0435427
0.1185 0.0426334
0.119 0.0417242
0.1195 0.0408149
0.12 0.039948
0.1205 0.0391105
0.121 0.038273
0.1215 0.0374355
0.122 0.0366539
0.1225 0.0358813
0.123 0.0351089
0.1235 0.0343433
0.124 0.0336306
0.1245 0.0329178
0.125 0.0322051
0.1255 0.0315126
0.126 0.0308551
0.1265 0.0301978
0.127 0.0295403
0.1275 0.0289139
0.128 0.0283073
0.1285 0.0277008
0.129 0.027094
0.1295 0.0265268
0.13 0.0259667
0.1305 0.0254065
0.131 0.0248497
0.1315 0.0243326
0.132 0.0238157
0.1325 0.0232987
0.133 0.0227934
0.1335 0.0223157
0.134 0.0218382
0.1345 0.0213606
0.135 0.0209015
0.1355 0.0204604
0.136 0.0200192
0.1365 0.0195781
0.137 0.019161
0.1375 0.0187538
0.138 0.0183465
0.1385 0.0179393
0.139 0.0175601
0.1395 0.0171839
0.14 0.0168077
0.1405 0.016434
0.141 0.0160869
0.1415 0.0157397
0.142 0.0153925
0.1425 0.0150522
0.143 0.0147316
0.1435 0.0144109
0.144 0.0140902
0.1445 0.01378
0.145 0.0134839
0.1455 0.0131878
0.146 0.0128917
0.1465 0.0126087
0.147 0.0123354
0.1475 0.012062
0.148 0.0117886
0.1485 0.0115307
0.149 0.0112786
0.1495 0.0110265
0.15 0.0107744
0.1505 0.0105391
0.151 0.0103065
0.1515 0.0100739
0.152 0.00984137
0.1525 0.00962653
0.153 0.00941202
0.1535 0.00919751
0.154 0.00898456
0.1545 0.00878703
0.155 0.00858952
0.1555 0.008392
0.156 0.00819742
0.1565 0.00801542
0.157 0.00783342
0.1575 0.00765141
0.158 0.00747334
0.1585 0.00730551
0.159 0.00713769
0.1595 0.00696985
0.16 0.00680679
0.1605 0.00665253
0.161 0.00649826
0.1615 0.00634401
0.162 0.00619483
0.1625 0.00605295
0.163 0.00591106
0.1635 0.00576918
0.164 0.00563255
0.1645 0.00550213
0.165 0.00537172
0.1655 0.00524132
0.166 0.0051162
0.1665 0.00499661
0.167 0.00487701
0.1675 0.00475742
0.168 0.00464275
0.1685 0.00453281
0.169 0.0044229
0.1695 0.00431298
0.17 0.00420782
0.1705 0.00410719
0.171 0.00400655
0.1715 0.00390592
0.172 0.00380946
0.1725 0.0037171
0.173 0.00362477
0.1735 0.00353243
0.174 0.0034438
0.1745 0.00335928
0.175 0.00327477
0.1755 0.00319026
0.176 0.00310893
0.1765 0.0030318
0.177 0.00295465
0.1775 0.00287753
0.178 0.00280291
0.1785 0.00273244
0.179 0.00266199
0.1795 0.00259153
0.18 0.00252292
0.1805 0.00245849
0.181 0.00239407
0.1815 0.00232965
0.182 0.00226649
0.1825 0.00220777
0.183 0.00214906
0.1835 0.00209033
0.184 0.00203229
0.1845 0.00197893
0.185 0.00192558
0.1855 0.00187223
0.186 0.00181895
0.1865 0.00177032
0.187 0.00172169
0.1875 0.00167307
0.188 0.00162444
0.1885 0.00157988
0.189 0.00153581
0.1895 0.00149174
0.19 0.00144768
0.1905 0.00140664
0.191 0.00136656
0.1915 0.00132649
0.192 0.00128641
0.1925 0.00124866
0.193 0.00121235
0.1935 0.00117604
0.194 0.00113973
0.1945 0.00110502
0.195 0.00107217
0.1955 0.00103932
0.196 0.00100647
0.1965 0.000974584
0.197 0.000944901
0.1975 0.000915227
0.198 0.000885544
0.1985 0.00085628
0.199 0.000829505
0.1995 0.000802729
0.2 0.000775954
0.2005 0.000749177
0.201 0.000724938
0.2015 0.00070075
0.202 0.000676562
0.2025 0.000652383
0.203 0.000630243
0.2035 0.000608563
0.204 0.000586884
0.2045 0.000565212
0.205 0.00054495
0.2055 0.000525438
0.206 0.000505925
0.2065 0.000486412
0.207 0.000467949
0.2075 0.000450544
0.208 0.000433129
0.2085 0.000415715
0.209 0.000398951
0.2095 0.000383344
0.21 0.000367738
0.2105 0.000352131
0.211 0.000336915
0.2115 0.000322967
0.212 0.000309009
0.2125 0.000295062
0.213 0.000281324
0.2135 0.000268985
0.214 0.000256655
0.2145 0.000244317
0.215 0.000232057
0.2155 0.000221107
0.216 0.000210157
0.2165 0.000199215
0.217 0.000188276
0.2175 0.000178685
0.218 0.000169094
0.2185 0.000159502
0.219 0.00014992
0.2195 0.000141497
0.22 0.000133084
0.2205 0.000124662
0.221 0.000116289
0.2215 0.000108975
0.222 0.000101651
0.2225 9.43276e-05
0.223 8.7145e-05
0.2235 8.09099e-05
0.224 7.46648e-05
0.2245 6.8421e-05
0.225 6.24571e-05
0.2255 5.71808e-05
0.226 5.19045e-05
0.2265 4.66207e-05
0.227 4.18331e-05
0.2275 3.7498e-05
0.228 3.31705e-05
0.2285 2.88354e-05
0.229 2.52591e-05
0.2295 2.18503e-05
0.23 1.8434e-05
0.2305 1.52265e-05
0.231 1.27189e-05
0.2315 1.02114e-05
0.232 7.70262e-06
0.2325 5.88508e-06
0.233 4.32631e-06
0.2335 2.76754e-06
